<?xml version="1.0" encoding="UTF-8"?>
<testsuite name="com.bridgelab.jubituservalidationtesting.JunitTestingUserRegistrationValidation" tests="1" skipped="0" failures="1" errors="0" timestamp="2021-07-12T20:21:15" hostname="NARUTO" time="0.301">
  <properties/>
  <testcase name="givenEmailId_whenGivenTdlLengthGraterThanFour_shouldReturnFalse()" classname="com.bridgelab.jubituservalidationtesting.JunitTestingUserRegistrationValidation" time="0.301">
    <failure message="java.lang.StackOverflowError" type="java.lang.StackOverflowError">java.lang.StackOverflowError
	at java.base/java.util.concurrent.locks.AbstractQueuedSynchronizer.cancelAcquire(AbstractQueuedSynchronizer.java:771)
	at java.base/java.util.concurrent.locks.AbstractQueuedSynchronizer.acquire(AbstractQueuedSynchronizer.java:673)
	at java.base/java.util.concurrent.locks.AbstractQueuedSynchronizer.acquire(AbstractQueuedSynchronizer.java:937)
	at java.base/java.util.concurrent.locks.ReentrantLock$Sync.lock(ReentrantLock.java:153)
	at java.base/java.util.concurrent.locks.ReentrantLock.lock(ReentrantLock.java:322)
	at org.gradle.internal.remote.internal.hub.MessageHub$ChannelDispatch.dispatch(MessageHub.java:370)
	at org.gradle.internal.dispatch.ProxyDispatchAdapter$DispatchingInvocationHandler.invoke(ProxyDispatchAdapter.java:94)
	at jdk.proxy1/jdk.proxy1.$Proxy3.output(Unknown Source)
	at org.gradle.api.internal.tasks.testing.processors.TestOutputRedirector$Forwarder.onOutput(TestOutputRedirector.java:75)
	at org.gradle.api.internal.tasks.testing.processors.DefaultStandardOutputRedirector$WriteAction.text(DefaultStandardOutputRedirector.java:89)
	at org.gradle.internal.io.LineBufferingOutputStream.flush(LineBufferingOutputStream.java:96)
	at org.gradle.internal.io.LineBufferingOutputStream.write(LineBufferingOutputStream.java:80)
	at java.base/java.io.OutputStream.write(OutputStream.java:162)
	at java.base/java.io.PrintStream.write(PrintStream.java:568)
	at java.base/sun.nio.cs.StreamEncoder.writeBytes(StreamEncoder.java:242)
	at java.base/sun.nio.cs.StreamEncoder.implFlushBuffer(StreamEncoder.java:321)
	at java.base/sun.nio.cs.StreamEncoder.flushBuffer(StreamEncoder.java:110)
	at java.base/java.io.OutputStreamWriter.flushBuffer(OutputStreamWriter.java:178)
	at java.base/java.io.PrintStream.write(PrintStream.java:699)
	at java.base/java.io.PrintStream.print(PrintStream.java:863)
	at org.gradle.internal.io.LinePerThreadBufferingOutputStream.println(LinePerThreadBufferingOutputStream.java:160)
	at com.bridgelab.junituservalidation.UserValidation.enterEmailId(UserValidation.java:99)
	at com.bridgelab.junituservalidation.UserValidation.enterEmailId(UserValidation.java:100)
	at com.bridgelab.junituservalidation.UserValidation.enterEmailId(UserValidation.java:100)
	at com.bridgelab.junituservalidation.UserValidation.enterEmailId(UserValidation.java:100)
	at com.bridgelab.junituservalidation.UserValidation.enterEmailId(UserValidation.java:100)
	at com.bridgelab.junituservalidation.UserValidation.enterEmailId(UserValidation.java:100)
	at com.bridgelab.junituservalidation.UserValidation.enterEmailId(UserValidation.java:100)
	at com.bridgelab.junituservalidation.UserValidation.enterEmailId(UserValidation.java:100)
	at com.bridgelab.junituservalidation.UserValidation.enterEmailId(UserValidation.java:100)
	at com.bridgelab.junituservalidation.UserValidation.enterEmailId(UserValidation.java:100)
	at com.bridgelab.junituservalidation.UserValidation.enterEmailId(UserValidation.java:100)
	at com.bridgelab.junituservalidation.UserValidation.enterEmailId(UserValidation.java:100)
	at com.bridgelab.junituservalidation.UserValidation.enterEmailId(UserValidation.java:100)
	at com.bridgelab.junituservalidation.UserValidation.enterEmailId(UserValidation.java:100)
	at com.bridgelab.junituservalidation.UserValidation.enterEmailId(UserValidation.java:100)
	at com.bridgelab.junituservalidation.UserValidation.enterEmailId(UserValidation.java:100)
	at com.bridgelab.junituservalidation.UserValidation.enterEmailId(UserValidation.java:100)
	at com.bridgelab.junituservalidation.UserValidation.enterEmailId(UserValidation.java:100)
	at com.bridgelab.junituservalidation.UserValidation.enterEmailId(UserValidation.java:100)
	at com.bridgelab.junituservalidation.UserValidation.enterEmailId(UserValidation.java:100)
	at com.bridgelab.junituservalidation.UserValidation.enterEmailId(UserValidation.java:100)
	at com.bridgelab.junituservalidation.UserValidation.enterEmailId(UserValidation.java:100)
	at com.bridgelab.junituservalidation.UserValidation.enterEmailId(UserValidation.java:100)
	at com.bridgelab.junituservalidation.UserValidation.enterEmailId(UserValidation.java:100)
	at com.bridgelab.junituservalidation.UserValidation.enterEmailId(UserValidation.java:100)
	at com.bridgelab.junituservalidation.UserValidation.enterEmailId(UserValidation.java:100)
	at com.bridgelab.junituservalidation.UserValidation.enterEmailId(UserValidation.java:100)
	at com.bridgelab.junituservalidation.UserValidation.enterEmailId(UserValidation.java:100)
	at com.bridgelab.junituservalidation.UserValidation.enterEmailId(UserValidation.java:100)
	at com.bridgelab.junituservalidation.UserValidation.enterEmailId(UserValidation.java:100)
	at com.bridgelab.junituservalidation.UserValidation.enterEmailId(UserValidation.java:100)
	at com.bridgelab.junituservalidation.UserValidation.enterEmailId(UserValidation.java:100)
	at com.bridgelab.junituservalidation.UserValidation.enterEmailId(UserValidation.java:100)
	at com.bridgelab.junituservalidation.UserValidation.enterEmailId(UserValidation.java:100)
	at com.bridgelab.junituservalidation.UserValidation.enterEmailId(UserValidation.java:100)
	at com.bridgelab.junituservalidation.UserValidation.enterEmailId(UserValidation.java:100)
	at com.bridgelab.junituservalidation.UserValidation.enterEmailId(UserValidation.java:100)
	at com.bridgelab.junituservalidation.UserValidation.enterEmailId(UserValidation.java:100)
	at com.bridgelab.junituservalidation.UserValidation.enterEmailId(UserValidation.java:100)
	at com.bridgelab.junituservalidation.UserValidation.enterEmailId(UserValidation.java:100)
	at com.bridgelab.junituservalidation.UserValidation.enterEmailId(UserValidation.java:100)
	at com.bridgelab.junituservalidation.UserValidation.enterEmailId(UserValidation.java:100)
	at com.bridgelab.junituservalidation.UserValidation.enterEmailId(UserValidation.java:100)
	at com.bridgelab.junituservalidation.UserValidation.enterEmailId(UserValidation.java:100)
	at com.bridgelab.junituservalidation.UserValidation.enterEmailId(UserValidation.java:100)
	at com.bridgelab.junituservalidation.UserValidation.enterEmailId(UserValidation.java:100)
	at com.bridgelab.junituservalidation.UserValidation.enterEmailId(UserValidation.java:100)
	at com.bridgelab.junituservalidation.UserValidation.enterEmailId(UserValidation.java:100)
	at com.bridgelab.junituservalidation.UserValidation.enterEmailId(UserValidation.java:100)
	at com.bridgelab.junituservalidation.UserValidation.enterEmailId(UserValidation.java:100)
	at com.bridgelab.junituservalidation.UserValidation.enterEmailId(UserValidation.java:100)
	at com.bridgelab.junituservalidation.UserValidation.enterEmailId(UserValidation.java:100)
	at com.bridgelab.junituservalidation.UserValidation.enterEmailId(UserValidation.java:100)
	at com.bridgelab.junituservalidation.UserValidation.enterEmailId(UserValidation.java:100)
	at com.bridgelab.junituservalidation.UserValidation.enterEmailId(UserValidation.java:100)
	at com.bridgelab.junituservalidation.UserValidation.enterEmailId(UserValidation.java:100)
	at com.bridgelab.junituservalidation.UserValidation.enterEmailId(UserValidation.java:100)
	at com.bridgelab.junituservalidation.UserValidation.enterEmailId(UserValidation.java:100)
	at com.bridgelab.junituservalidation.UserValidation.enterEmailId(UserValidation.java:100)
	at com.bridgelab.junituservalidation.UserValidation.enterEmailId(UserValidation.java:100)
	at com.bridgelab.junituservalidation.UserValidation.enterEmailId(UserValidation.java:100)
	at com.bridgelab.junituservalidation.UserValidation.enterEmailId(UserValidation.java:100)
	at com.bridgelab.junituservalidation.UserValidation.enterEmailId(UserValidation.java:100)
	at com.bridgelab.junituservalidation.UserValidation.enterEmailId(UserValidation.java:100)
	at com.bridgelab.junituservalidation.UserValidation.enterEmailId(UserValidation.java:100)
	at com.bridgelab.junituservalidation.UserValidation.enterEmailId(UserValidation.java:100)
	at com.bridgelab.junituservalidation.UserValidation.enterEmailId(UserValidation.java:100)
	at com.bridgelab.junituservalidation.UserValidation.enterEmailId(UserValidation.java:100)
	at com.bridgelab.junituservalidation.UserValidation.enterEmailId(UserValidation.java:100)
	at com.bridgelab.junituservalidation.UserValidation.enterEmailId(UserValidation.java:100)
	at com.bridgelab.junituservalidation.UserValidation.enterEmailId(UserValidation.java:100)
	at com.bridgelab.junituservalidation.UserValidation.enterEmailId(UserValidation.java:100)
	at com.bridgelab.junituservalidation.UserValidation.enterEmailId(UserValidation.java:100)
	at com.bridgelab.junituservalidation.UserValidation.enterEmailId(UserValidation.java:100)
	at com.bridgelab.junituservalidation.UserValidation.enterEmailId(UserValidation.java:100)
	at com.bridgelab.junituservalidation.UserValidation.enterEmailId(UserValidation.java:100)
	at com.bridgelab.junituservalidation.UserValidation.enterEmailId(UserValidation.java:100)
	at com.bridgelab.junituservalidation.UserValidation.enterEmailId(UserValidation.java:100)
	at com.bridgelab.junituservalidation.UserValidation.enterEmailId(UserValidation.java:100)
	at com.bridgelab.junituservalidation.UserValidation.enterEmailId(UserValidation.java:100)
	at com.bridgelab.junituservalidation.UserValidation.enterEmailId(UserValidation.java:100)
	at com.bridgelab.junituservalidation.UserValidation.enterEmailId(UserValidation.java:100)
	at com.bridgelab.junituservalidation.UserValidation.enterEmailId(UserValidation.java:100)
	at com.bridgelab.junituservalidation.UserValidation.enterEmailId(UserValidation.java:100)
	at com.bridgelab.junituservalidation.UserValidation.enterEmailId(UserValidation.java:100)
	at com.bridgelab.junituservalidation.UserValidation.enterEmailId(UserValidation.java:100)
	at com.bridgelab.junituservalidation.UserValidation.enterEmailId(UserValidation.java:100)
	at com.bridgelab.junituservalidation.UserValidation.enterEmailId(UserValidation.java:100)
	at com.bridgelab.junituservalidation.UserValidation.enterEmailId(UserValidation.java:100)
	at com.bridgelab.junituservalidation.UserValidation.enterEmailId(UserValidation.java:100)
	at com.bridgelab.junituservalidation.UserValidation.enterEmailId(UserValidation.java:100)
	at com.bridgelab.junituservalidation.UserValidation.enterEmailId(UserValidation.java:100)
	at com.bridgelab.junituservalidation.UserValidation.enterEmailId(UserValidation.java:100)
	at com.bridgelab.junituservalidation.UserValidation.enterEmailId(UserValidation.java:100)
	at com.bridgelab.junituservalidation.UserValidation.enterEmailId(UserValidation.java:100)
	at com.bridgelab.junituservalidation.UserValidation.enterEmailId(UserValidation.java:100)
	at com.bridgelab.junituservalidation.UserValidation.enterEmailId(UserValidation.java:100)
	at com.bridgelab.junituservalidation.UserValidation.enterEmailId(UserValidation.java:100)
	at com.bridgelab.junituservalidation.UserValidation.enterEmailId(UserValidation.java:100)
	at com.bridgelab.junituservalidation.UserValidation.enterEmailId(UserValidation.java:100)
	at com.bridgelab.junituservalidation.UserValidation.enterEmailId(UserValidation.java:100)
	at com.bridgelab.junituservalidation.UserValidation.enterEmailId(UserValidation.java:100)
	at com.bridgelab.junituservalidation.UserValidation.enterEmailId(UserValidation.java:100)
	at com.bridgelab.junituservalidation.UserValidation.enterEmailId(UserValidation.java:100)
	at com.bridgelab.junituservalidation.UserValidation.enterEmailId(UserValidation.java:100)
	at com.bridgelab.junituservalidation.UserValidation.enterEmailId(UserValidation.java:100)
	at com.bridgelab.junituservalidation.UserValidation.enterEmailId(UserValidation.java:100)
	at com.bridgelab.junituservalidation.UserValidation.enterEmailId(UserValidation.java:100)
	at com.bridgelab.junituservalidation.UserValidation.enterEmailId(UserValidation.java:100)
	at com.bridgelab.junituservalidation.UserValidation.enterEmailId(UserValidation.java:100)
	at com.bridgelab.junituservalidation.UserValidation.enterEmailId(UserValidation.java:100)
	at com.bridgelab.junituservalidation.UserValidation.enterEmailId(UserValidation.java:100)
	at com.bridgelab.junituservalidation.UserValidation.enterEmailId(UserValidation.java:100)
	at com.bridgelab.junituservalidation.UserValidation.enterEmailId(UserValidation.java:100)
	at com.bridgelab.junituservalidation.UserValidation.enterEmailId(UserValidation.java:100)
	at com.bridgelab.junituservalidation.UserValidation.enterEmailId(UserValidation.java:100)
	at com.bridgelab.junituservalidation.UserValidation.enterEmailId(UserValidation.java:100)
	at com.bridgelab.junituservalidation.UserValidation.enterEmailId(UserValidation.java:100)
	at com.bridgelab.junituservalidation.UserValidation.enterEmailId(UserValidation.java:100)
	at com.bridgelab.junituservalidation.UserValidation.enterEmailId(UserValidation.java:100)
	at com.bridgelab.junituservalidation.UserValidation.enterEmailId(UserValidation.java:100)
	at com.bridgelab.junituservalidation.UserValidation.enterEmailId(UserValidation.java:100)
	at com.bridgelab.junituservalidation.UserValidation.enterEmailId(UserValidation.java:100)
	at com.bridgelab.junituservalidation.UserValidation.enterEmailId(UserValidation.java:100)
	at com.bridgelab.junituservalidation.UserValidation.enterEmailId(UserValidation.java:100)
	at com.bridgelab.junituservalidation.UserValidation.enterEmailId(UserValidation.java:100)
	at com.bridgelab.junituservalidation.UserValidation.enterEmailId(UserValidation.java:100)
	at com.bridgelab.junituservalidation.UserValidation.enterEmailId(UserValidation.java:100)
	at com.bridgelab.junituservalidation.UserValidation.enterEmailId(UserValidation.java:100)
	at com.bridgelab.junituservalidation.UserValidation.enterEmailId(UserValidation.java:100)
	at com.bridgelab.junituservalidation.UserValidation.enterEmailId(UserValidation.java:100)
	at com.bridgelab.junituservalidation.UserValidation.enterEmailId(UserValidation.java:100)
	at com.bridgelab.junituservalidation.UserValidation.enterEmailId(UserValidation.java:100)
	at com.bridgelab.junituservalidation.UserValidation.enterEmailId(UserValidation.java:100)
	at com.bridgelab.junituservalidation.UserValidation.enterEmailId(UserValidation.java:100)
	at com.bridgelab.junituservalidation.UserValidation.enterEmailId(UserValidation.java:100)
	at com.bridgelab.junituservalidation.UserValidation.enterEmailId(UserValidation.java:100)
	at com.bridgelab.junituservalidation.UserValidation.enterEmailId(UserValidation.java:100)
	at com.bridgelab.junituservalidation.UserValidation.enterEmailId(UserValidation.java:100)
	at com.bridgelab.junituservalidation.UserValidation.enterEmailId(UserValidation.java:100)
	at com.bridgelab.junituservalidation.UserValidation.enterEmailId(UserValidation.java:100)
	at com.bridgelab.junituservalidation.UserValidation.enterEmailId(UserValidation.java:100)
	at com.bridgelab.junituservalidation.UserValidation.enterEmailId(UserValidation.java:100)
	at com.bridgelab.junituservalidation.UserValidation.enterEmailId(UserValidation.java:100)
	at com.bridgelab.junituservalidation.UserValidation.enterEmailId(UserValidation.java:100)
	at com.bridgelab.junituservalidation.UserValidation.enterEmailId(UserValidation.java:100)
	at com.bridgelab.junituservalidation.UserValidation.enterEmailId(UserValidation.java:100)
	at com.bridgelab.junituservalidation.UserValidation.enterEmailId(UserValidation.java:100)
	at com.bridgelab.junituservalidation.UserValidation.enterEmailId(UserValidation.java:100)
	at com.bridgelab.junituservalidation.UserValidation.enterEmailId(UserValidation.java:100)
	at com.bridgelab.junituservalidation.UserValidation.enterEmailId(UserValidation.java:100)
	at com.bridgelab.junituservalidation.UserValidation.enterEmailId(UserValidation.java:100)
	at com.bridgelab.junituservalidation.UserValidation.enterEmailId(UserValidation.java:100)
	at com.bridgelab.junituservalidation.UserValidation.enterEmailId(UserValidation.java:100)
	at com.bridgelab.junituservalidation.UserValidation.enterEmailId(UserValidation.java:100)
	at com.bridgelab.junituservalidation.UserValidation.enterEmailId(UserValidation.java:100)
	at com.bridgelab.junituservalidation.UserValidation.enterEmailId(UserValidation.java:100)
	at com.bridgelab.junituservalidation.UserValidation.enterEmailId(UserValidation.java:100)
	at com.bridgelab.junituservalidation.UserValidation.enterEmailId(UserValidation.java:100)
	at com.bridgelab.junituservalidation.UserValidation.enterEmailId(UserValidation.java:100)
	at com.bridgelab.junituservalidation.UserValidation.enterEmailId(UserValidation.java:100)
	at com.bridgelab.junituservalidation.UserValidation.enterEmailId(UserValidation.java:100)
	at com.bridgelab.junituservalidation.UserValidation.enterEmailId(UserValidation.java:100)
	at com.bridgelab.junituservalidation.UserValidation.enterEmailId(UserValidation.java:100)
	at com.bridgelab.junituservalidation.UserValidation.enterEmailId(UserValidation.java:100)
	at com.bridgelab.junituservalidation.UserValidation.enterEmailId(UserValidation.java:100)
	at com.bridgelab.junituservalidation.UserValidation.enterEmailId(UserValidation.java:100)
	at com.bridgelab.junituservalidation.UserValidation.enterEmailId(UserValidation.java:100)
	at com.bridgelab.junituservalidation.UserValidation.enterEmailId(UserValidation.java:100)
	at com.bridgelab.junituservalidation.UserValidation.enterEmailId(UserValidation.java:100)
	at com.bridgelab.junituservalidation.UserValidation.enterEmailId(UserValidation.java:100)
	at com.bridgelab.junituservalidation.UserValidation.enterEmailId(UserValidation.java:100)
	at com.bridgelab.junituservalidation.UserValidation.enterEmailId(UserValidation.java:100)
	at com.bridgelab.junituservalidation.UserValidation.enterEmailId(UserValidation.java:100)
	at com.bridgelab.junituservalidation.UserValidation.enterEmailId(UserValidation.java:100)
	at com.bridgelab.junituservalidation.UserValidation.enterEmailId(UserValidation.java:100)
	at com.bridgelab.junituservalidation.UserValidation.enterEmailId(UserValidation.java:100)
	at com.bridgelab.junituservalidation.UserValidation.enterEmailId(UserValidation.java:100)
	at com.bridgelab.junituservalidation.UserValidation.enterEmailId(UserValidation.java:100)
	at com.bridgelab.junituservalidation.UserValidation.enterEmailId(UserValidation.java:100)
	at com.bridgelab.junituservalidation.UserValidation.enterEmailId(UserValidation.java:100)
	at com.bridgelab.junituservalidation.UserValidation.enterEmailId(UserValidation.java:100)
	at com.bridgelab.junituservalidation.UserValidation.enterEmailId(UserValidation.java:100)
	at com.bridgelab.junituservalidation.UserValidation.enterEmailId(UserValidation.java:100)
	at com.bridgelab.junituservalidation.UserValidation.enterEmailId(UserValidation.java:100)
	at com.bridgelab.junituservalidation.UserValidation.enterEmailId(UserValidation.java:100)
	at com.bridgelab.junituservalidation.UserValidation.enterEmailId(UserValidation.java:100)
	at com.bridgelab.junituservalidation.UserValidation.enterEmailId(UserValidation.java:100)
	at com.bridgelab.junituservalidation.UserValidation.enterEmailId(UserValidation.java:100)
	at com.bridgelab.junituservalidation.UserValidation.enterEmailId(UserValidation.java:100)
	at com.bridgelab.junituservalidation.UserValidation.enterEmailId(UserValidation.java:100)
	at com.bridgelab.junituservalidation.UserValidation.enterEmailId(UserValidation.java:100)
	at com.bridgelab.junituservalidation.UserValidation.enterEmailId(UserValidation.java:100)
	at com.bridgelab.junituservalidation.UserValidation.enterEmailId(UserValidation.java:100)
	at com.bridgelab.junituservalidation.UserValidation.enterEmailId(UserValidation.java:100)
	at com.bridgelab.junituservalidation.UserValidation.enterEmailId(UserValidation.java:100)
	at com.bridgelab.junituservalidation.UserValidation.enterEmailId(UserValidation.java:100)
	at com.bridgelab.junituservalidation.UserValidation.enterEmailId(UserValidation.java:100)
	at com.bridgelab.junituservalidation.UserValidation.enterEmailId(UserValidation.java:100)
	at com.bridgelab.junituservalidation.UserValidation.enterEmailId(UserValidation.java:100)
	at com.bridgelab.junituservalidation.UserValidation.enterEmailId(UserValidation.java:100)
	at com.bridgelab.junituservalidation.UserValidation.enterEmailId(UserValidation.java:100)
	at com.bridgelab.junituservalidation.UserValidation.enterEmailId(UserValidation.java:100)
	at com.bridgelab.junituservalidation.UserValidation.enterEmailId(UserValidation.java:100)
	at com.bridgelab.junituservalidation.UserValidation.enterEmailId(UserValidation.java:100)
	at com.bridgelab.junituservalidation.UserValidation.enterEmailId(UserValidation.java:100)
	at com.bridgelab.junituservalidation.UserValidation.enterEmailId(UserValidation.java:100)
	at com.bridgelab.junituservalidation.UserValidation.enterEmailId(UserValidation.java:100)
	at com.bridgelab.junituservalidation.UserValidation.enterEmailId(UserValidation.java:100)
	at com.bridgelab.junituservalidation.UserValidation.enterEmailId(UserValidation.java:100)
	at com.bridgelab.junituservalidation.UserValidation.enterEmailId(UserValidation.java:100)
	at com.bridgelab.junituservalidation.UserValidation.enterEmailId(UserValidation.java:100)
	at com.bridgelab.junituservalidation.UserValidation.enterEmailId(UserValidation.java:100)
	at com.bridgelab.junituservalidation.UserValidation.enterEmailId(UserValidation.java:100)
	at com.bridgelab.junituservalidation.UserValidation.enterEmailId(UserValidation.java:100)
	at com.bridgelab.junituservalidation.UserValidation.enterEmailId(UserValidation.java:100)
	at com.bridgelab.junituservalidation.UserValidation.enterEmailId(UserValidation.java:100)
	at com.bridgelab.junituservalidation.UserValidation.enterEmailId(UserValidation.java:100)
	at com.bridgelab.junituservalidation.UserValidation.enterEmailId(UserValidation.java:100)
	at com.bridgelab.junituservalidation.UserValidation.enterEmailId(UserValidation.java:100)
	at com.bridgelab.junituservalidation.UserValidation.enterEmailId(UserValidation.java:100)
	at com.bridgelab.junituservalidation.UserValidation.enterEmailId(UserValidation.java:100)
	at com.bridgelab.junituservalidation.UserValidation.enterEmailId(UserValidation.java:100)
	at com.bridgelab.junituservalidation.UserValidation.enterEmailId(UserValidation.java:100)
	at com.bridgelab.junituservalidation.UserValidation.enterEmailId(UserValidation.java:100)
	at com.bridgelab.junituservalidation.UserValidation.enterEmailId(UserValidation.java:100)
	at com.bridgelab.junituservalidation.UserValidation.enterEmailId(UserValidation.java:100)
	at com.bridgelab.junituservalidation.UserValidation.enterEmailId(UserValidation.java:100)
	at com.bridgelab.junituservalidation.UserValidation.enterEmailId(UserValidation.java:100)
	at com.bridgelab.junituservalidation.UserValidation.enterEmailId(UserValidation.java:100)
	at com.bridgelab.junituservalidation.UserValidation.enterEmailId(UserValidation.java:100)
	at com.bridgelab.junituservalidation.UserValidation.enterEmailId(UserValidation.java:100)
	at com.bridgelab.junituservalidation.UserValidation.enterEmailId(UserValidation.java:100)
	at com.bridgelab.junituservalidation.UserValidation.enterEmailId(UserValidation.java:100)
	at com.bridgelab.junituservalidation.UserValidation.enterEmailId(UserValidation.java:100)
	at com.bridgelab.junituservalidation.UserValidation.enterEmailId(UserValidation.java:100)
	at com.bridgelab.junituservalidation.UserValidation.enterEmailId(UserValidation.java:100)
	at com.bridgelab.junituservalidation.UserValidation.enterEmailId(UserValidation.java:100)
	at com.bridgelab.junituservalidation.UserValidation.enterEmailId(UserValidation.java:100)
	at com.bridgelab.junituservalidation.UserValidation.enterEmailId(UserValidation.java:100)
	at com.bridgelab.junituservalidation.UserValidation.enterEmailId(UserValidation.java:100)
	at com.bridgelab.junituservalidation.UserValidation.enterEmailId(UserValidation.java:100)
	at com.bridgelab.junituservalidation.UserValidation.enterEmailId(UserValidation.java:100)
	at com.bridgelab.junituservalidation.UserValidation.enterEmailId(UserValidation.java:100)
	at com.bridgelab.junituservalidation.UserValidation.enterEmailId(UserValidation.java:100)
	at com.bridgelab.junituservalidation.UserValidation.enterEmailId(UserValidation.java:100)
	at com.bridgelab.junituservalidation.UserValidation.enterEmailId(UserValidation.java:100)
	at com.bridgelab.junituservalidation.UserValidation.enterEmailId(UserValidation.java:100)
	at com.bridgelab.junituservalidation.UserValidation.enterEmailId(UserValidation.java:100)
	at com.bridgelab.junituservalidation.UserValidation.enterEmailId(UserValidation.java:100)
	at com.bridgelab.junituservalidation.UserValidation.enterEmailId(UserValidation.java:100)
	at com.bridgelab.junituservalidation.UserValidation.enterEmailId(UserValidation.java:100)
	at com.bridgelab.junituservalidation.UserValidation.enterEmailId(UserValidation.java:100)
	at com.bridgelab.junituservalidation.UserValidation.enterEmailId(UserValidation.java:100)
	at com.bridgelab.junituservalidation.UserValidation.enterEmailId(UserValidation.java:100)
	at com.bridgelab.junituservalidation.UserValidation.enterEmailId(UserValidation.java:100)
	at com.bridgelab.junituservalidation.UserValidation.enterEmailId(UserValidation.java:100)
	at com.bridgelab.junituservalidation.UserValidation.enterEmailId(UserValidation.java:100)
	at com.bridgelab.junituservalidation.UserValidation.enterEmailId(UserValidation.java:100)
	at com.bridgelab.junituservalidation.UserValidation.enterEmailId(UserValidation.java:100)
	at com.bridgelab.junituservalidation.UserValidation.enterEmailId(UserValidation.java:100)
	at com.bridgelab.junituservalidation.UserValidation.enterEmailId(UserValidation.java:100)
	at com.bridgelab.junituservalidation.UserValidation.enterEmailId(UserValidation.java:100)
	at com.bridgelab.junituservalidation.UserValidation.enterEmailId(UserValidation.java:100)
	at com.bridgelab.junituservalidation.UserValidation.enterEmailId(UserValidation.java:100)
	at com.bridgelab.junituservalidation.UserValidation.enterEmailId(UserValidation.java:100)
	at com.bridgelab.junituservalidation.UserValidation.enterEmailId(UserValidation.java:100)
	at com.bridgelab.junituservalidation.UserValidation.enterEmailId(UserValidation.java:100)
	at com.bridgelab.junituservalidation.UserValidation.enterEmailId(UserValidation.java:100)
	at com.bridgelab.junituservalidation.UserValidation.enterEmailId(UserValidation.java:100)
	at com.bridgelab.junituservalidation.UserValidation.enterEmailId(UserValidation.java:100)
	at com.bridgelab.junituservalidation.UserValidation.enterEmailId(UserValidation.java:100)
	at com.bridgelab.junituservalidation.UserValidation.enterEmailId(UserValidation.java:100)
	at com.bridgelab.junituservalidation.UserValidation.enterEmailId(UserValidation.java:100)
	at com.bridgelab.junituservalidation.UserValidation.enterEmailId(UserValidation.java:100)
	at com.bridgelab.junituservalidation.UserValidation.enterEmailId(UserValidation.java:100)
	at com.bridgelab.junituservalidation.UserValidation.enterEmailId(UserValidation.java:100)
	at com.bridgelab.junituservalidation.UserValidation.enterEmailId(UserValidation.java:100)
	at com.bridgelab.junituservalidation.UserValidation.enterEmailId(UserValidation.java:100)
	at com.bridgelab.junituservalidation.UserValidation.enterEmailId(UserValidation.java:100)
	at com.bridgelab.junituservalidation.UserValidation.enterEmailId(UserValidation.java:100)
	at com.bridgelab.junituservalidation.UserValidation.enterEmailId(UserValidation.java:100)
	at com.bridgelab.junituservalidation.UserValidation.enterEmailId(UserValidation.java:100)
	at com.bridgelab.junituservalidation.UserValidation.enterEmailId(UserValidation.java:100)
	at com.bridgelab.junituservalidation.UserValidation.enterEmailId(UserValidation.java:100)
	at com.bridgelab.junituservalidation.UserValidation.enterEmailId(UserValidation.java:100)
	at com.bridgelab.junituservalidation.UserValidation.enterEmailId(UserValidation.java:100)
	at com.bridgelab.junituservalidation.UserValidation.enterEmailId(UserValidation.java:100)
	at com.bridgelab.junituservalidation.UserValidation.enterEmailId(UserValidation.java:100)
	at com.bridgelab.junituservalidation.UserValidation.enterEmailId(UserValidation.java:100)
	at com.bridgelab.junituservalidation.UserValidation.enterEmailId(UserValidation.java:100)
	at com.bridgelab.junituservalidation.UserValidation.enterEmailId(UserValidation.java:100)
	at com.bridgelab.junituservalidation.UserValidation.enterEmailId(UserValidation.java:100)
	at com.bridgelab.junituservalidation.UserValidation.enterEmailId(UserValidation.java:100)
	at com.bridgelab.junituservalidation.UserValidation.enterEmailId(UserValidation.java:100)
	at com.bridgelab.junituservalidation.UserValidation.enterEmailId(UserValidation.java:100)
	at com.bridgelab.junituservalidation.UserValidation.enterEmailId(UserValidation.java:100)
	at com.bridgelab.junituservalidation.UserValidation.enterEmailId(UserValidation.java:100)
	at com.bridgelab.junituservalidation.UserValidation.enterEmailId(UserValidation.java:100)
	at com.bridgelab.junituservalidation.UserValidation.enterEmailId(UserValidation.java:100)
	at com.bridgelab.junituservalidation.UserValidation.enterEmailId(UserValidation.java:100)
	at com.bridgelab.junituservalidation.UserValidation.enterEmailId(UserValidation.java:100)
	at com.bridgelab.junituservalidation.UserValidation.enterEmailId(UserValidation.java:100)
	at com.bridgelab.junituservalidation.UserValidation.enterEmailId(UserValidation.java:100)
	at com.bridgelab.junituservalidation.UserValidation.enterEmailId(UserValidation.java:100)
	at com.bridgelab.junituservalidation.UserValidation.enterEmailId(UserValidation.java:100)
	at com.bridgelab.junituservalidation.UserValidation.enterEmailId(UserValidation.java:100)
	at com.bridgelab.junituservalidation.UserValidation.enterEmailId(UserValidation.java:100)
	at com.bridgelab.junituservalidation.UserValidation.enterEmailId(UserValidation.java:100)
	at com.bridgelab.junituservalidation.UserValidation.enterEmailId(UserValidation.java:100)
	at com.bridgelab.junituservalidation.UserValidation.enterEmailId(UserValidation.java:100)
	at com.bridgelab.junituservalidation.UserValidation.enterEmailId(UserValidation.java:100)
	at com.bridgelab.junituservalidation.UserValidation.enterEmailId(UserValidation.java:100)
	at com.bridgelab.junituservalidation.UserValidation.enterEmailId(UserValidation.java:100)
	at com.bridgelab.junituservalidation.UserValidation.enterEmailId(UserValidation.java:100)
	at com.bridgelab.junituservalidation.UserValidation.enterEmailId(UserValidation.java:100)
	at com.bridgelab.junituservalidation.UserValidation.enterEmailId(UserValidation.java:100)
	at com.bridgelab.junituservalidation.UserValidation.enterEmailId(UserValidation.java:100)
	at com.bridgelab.junituservalidation.UserValidation.enterEmailId(UserValidation.java:100)
	at com.bridgelab.junituservalidation.UserValidation.enterEmailId(UserValidation.java:100)
	at com.bridgelab.junituservalidation.UserValidation.enterEmailId(UserValidation.java:100)
	at com.bridgelab.junituservalidation.UserValidation.enterEmailId(UserValidation.java:100)
	at com.bridgelab.junituservalidation.UserValidation.enterEmailId(UserValidation.java:100)
	at com.bridgelab.junituservalidation.UserValidation.enterEmailId(UserValidation.java:100)
	at com.bridgelab.junituservalidation.UserValidation.enterEmailId(UserValidation.java:100)
	at com.bridgelab.junituservalidation.UserValidation.enterEmailId(UserValidation.java:100)
	at com.bridgelab.junituservalidation.UserValidation.enterEmailId(UserValidation.java:100)
	at com.bridgelab.junituservalidation.UserValidation.enterEmailId(UserValidation.java:100)
	at com.bridgelab.junituservalidation.UserValidation.enterEmailId(UserValidation.java:100)
	at com.bridgelab.junituservalidation.UserValidation.enterEmailId(UserValidation.java:100)
	at com.bridgelab.junituservalidation.UserValidation.enterEmailId(UserValidation.java:100)
	at com.bridgelab.junituservalidation.UserValidation.enterEmailId(UserValidation.java:100)
	at com.bridgelab.junituservalidation.UserValidation.enterEmailId(UserValidation.java:100)
	at com.bridgelab.junituservalidation.UserValidation.enterEmailId(UserValidation.java:100)
	at com.bridgelab.junituservalidation.UserValidation.enterEmailId(UserValidation.java:100)
	at com.bridgelab.junituservalidation.UserValidation.enterEmailId(UserValidation.java:100)
	at com.bridgelab.junituservalidation.UserValidation.enterEmailId(UserValidation.java:100)
	at com.bridgelab.junituservalidation.UserValidation.enterEmailId(UserValidation.java:100)
	at com.bridgelab.junituservalidation.UserValidation.enterEmailId(UserValidation.java:100)
	at com.bridgelab.junituservalidation.UserValidation.enterEmailId(UserValidation.java:100)
	at com.bridgelab.junituservalidation.UserValidation.enterEmailId(UserValidation.java:100)
	at com.bridgelab.junituservalidation.UserValidation.enterEmailId(UserValidation.java:100)
	at com.bridgelab.junituservalidation.UserValidation.enterEmailId(UserValidation.java:100)
	at com.bridgelab.junituservalidation.UserValidation.enterEmailId(UserValidation.java:100)
	at com.bridgelab.junituservalidation.UserValidation.enterEmailId(UserValidation.java:100)
	at com.bridgelab.junituservalidation.UserValidation.enterEmailId(UserValidation.java:100)
	at com.bridgelab.junituservalidation.UserValidation.enterEmailId(UserValidation.java:100)
	at com.bridgelab.junituservalidation.UserValidation.enterEmailId(UserValidation.java:100)
	at com.bridgelab.junituservalidation.UserValidation.enterEmailId(UserValidation.java:100)
	at com.bridgelab.junituservalidation.UserValidation.enterEmailId(UserValidation.java:100)
	at com.bridgelab.junituservalidation.UserValidation.enterEmailId(UserValidation.java:100)
	at com.bridgelab.junituservalidation.UserValidation.enterEmailId(UserValidation.java:100)
	at com.bridgelab.junituservalidation.UserValidation.enterEmailId(UserValidation.java:100)
	at com.bridgelab.junituservalidation.UserValidation.enterEmailId(UserValidation.java:100)
	at com.bridgelab.junituservalidation.UserValidation.enterEmailId(UserValidation.java:100)
	at com.bridgelab.junituservalidation.UserValidation.enterEmailId(UserValidation.java:100)
	at com.bridgelab.junituservalidation.UserValidation.enterEmailId(UserValidation.java:100)
	at com.bridgelab.junituservalidation.UserValidation.enterEmailId(UserValidation.java:100)
	at com.bridgelab.junituservalidation.UserValidation.enterEmailId(UserValidation.java:100)
	at com.bridgelab.junituservalidation.UserValidation.enterEmailId(UserValidation.java:100)
	at com.bridgelab.junituservalidation.UserValidation.enterEmailId(UserValidation.java:100)
	at com.bridgelab.junituservalidation.UserValidation.enterEmailId(UserValidation.java:100)
	at com.bridgelab.junituservalidation.UserValidation.enterEmailId(UserValidation.java:100)
	at com.bridgelab.junituservalidation.UserValidation.enterEmailId(UserValidation.java:100)
	at com.bridgelab.junituservalidation.UserValidation.enterEmailId(UserValidation.java:100)
	at com.bridgelab.junituservalidation.UserValidation.enterEmailId(UserValidation.java:100)
	at com.bridgelab.junituservalidation.UserValidation.enterEmailId(UserValidation.java:100)
	at com.bridgelab.junituservalidation.UserValidation.enterEmailId(UserValidation.java:100)
	at com.bridgelab.junituservalidation.UserValidation.enterEmailId(UserValidation.java:100)
	at com.bridgelab.junituservalidation.UserValidation.enterEmailId(UserValidation.java:100)
	at com.bridgelab.junituservalidation.UserValidation.enterEmailId(UserValidation.java:100)
	at com.bridgelab.junituservalidation.UserValidation.enterEmailId(UserValidation.java:100)
	at com.bridgelab.junituservalidation.UserValidation.enterEmailId(UserValidation.java:100)
	at com.bridgelab.junituservalidation.UserValidation.enterEmailId(UserValidation.java:100)
	at com.bridgelab.junituservalidation.UserValidation.enterEmailId(UserValidation.java:100)
	at com.bridgelab.junituservalidation.UserValidation.enterEmailId(UserValidation.java:100)
	at com.bridgelab.junituservalidation.UserValidation.enterEmailId(UserValidation.java:100)
	at com.bridgelab.junituservalidation.UserValidation.enterEmailId(UserValidation.java:100)
	at com.bridgelab.junituservalidation.UserValidation.enterEmailId(UserValidation.java:100)
	at com.bridgelab.junituservalidation.UserValidation.enterEmailId(UserValidation.java:100)
	at com.bridgelab.junituservalidation.UserValidation.enterEmailId(UserValidation.java:100)
	at com.bridgelab.junituservalidation.UserValidation.enterEmailId(UserValidation.java:100)
	at com.bridgelab.junituservalidation.UserValidation.enterEmailId(UserValidation.java:100)
	at com.bridgelab.junituservalidation.UserValidation.enterEmailId(UserValidation.java:100)
	at com.bridgelab.junituservalidation.UserValidation.enterEmailId(UserValidation.java:100)
	at com.bridgelab.junituservalidation.UserValidation.enterEmailId(UserValidation.java:100)
	at com.bridgelab.junituservalidation.UserValidation.enterEmailId(UserValidation.java:100)
	at com.bridgelab.junituservalidation.UserValidation.enterEmailId(UserValidation.java:100)
	at com.bridgelab.junituservalidation.UserValidation.enterEmailId(UserValidation.java:100)
	at com.bridgelab.junituservalidation.UserValidation.enterEmailId(UserValidation.java:100)
	at com.bridgelab.junituservalidation.UserValidation.enterEmailId(UserValidation.java:100)
	at com.bridgelab.junituservalidation.UserValidation.enterEmailId(UserValidation.java:100)
	at com.bridgelab.junituservalidation.UserValidation.enterEmailId(UserValidation.java:100)
	at com.bridgelab.junituservalidation.UserValidation.enterEmailId(UserValidation.java:100)
	at com.bridgelab.junituservalidation.UserValidation.enterEmailId(UserValidation.java:100)
	at com.bridgelab.junituservalidation.UserValidation.enterEmailId(UserValidation.java:100)
	at com.bridgelab.junituservalidation.UserValidation.enterEmailId(UserValidation.java:100)
	at com.bridgelab.junituservalidation.UserValidation.enterEmailId(UserValidation.java:100)
	at com.bridgelab.junituservalidation.UserValidation.enterEmailId(UserValidation.java:100)
	at com.bridgelab.junituservalidation.UserValidation.enterEmailId(UserValidation.java:100)
	at com.bridgelab.junituservalidation.UserValidation.enterEmailId(UserValidation.java:100)
	at com.bridgelab.junituservalidation.UserValidation.enterEmailId(UserValidation.java:100)
	at com.bridgelab.junituservalidation.UserValidation.enterEmailId(UserValidation.java:100)
	at com.bridgelab.junituservalidation.UserValidation.enterEmailId(UserValidation.java:100)
	at com.bridgelab.junituservalidation.UserValidation.enterEmailId(UserValidation.java:100)
	at com.bridgelab.junituservalidation.UserValidation.enterEmailId(UserValidation.java:100)
	at com.bridgelab.junituservalidation.UserValidation.enterEmailId(UserValidation.java:100)
	at com.bridgelab.junituservalidation.UserValidation.enterEmailId(UserValidation.java:100)
	at com.bridgelab.junituservalidation.UserValidation.enterEmailId(UserValidation.java:100)
	at com.bridgelab.junituservalidation.UserValidation.enterEmailId(UserValidation.java:100)
	at com.bridgelab.junituservalidation.UserValidation.enterEmailId(UserValidation.java:100)
	at com.bridgelab.junituservalidation.UserValidation.enterEmailId(UserValidation.java:100)
	at com.bridgelab.junituservalidation.UserValidation.enterEmailId(UserValidation.java:100)
	at com.bridgelab.junituservalidation.UserValidation.enterEmailId(UserValidation.java:100)
	at com.bridgelab.junituservalidation.UserValidation.enterEmailId(UserValidation.java:100)
	at com.bridgelab.junituservalidation.UserValidation.enterEmailId(UserValidation.java:100)
	at com.bridgelab.junituservalidation.UserValidation.enterEmailId(UserValidation.java:100)
	at com.bridgelab.junituservalidation.UserValidation.enterEmailId(UserValidation.java:100)
	at com.bridgelab.junituservalidation.UserValidation.enterEmailId(UserValidation.java:100)
	at com.bridgelab.junituservalidation.UserValidation.enterEmailId(UserValidation.java:100)
	at com.bridgelab.junituservalidation.UserValidation.enterEmailId(UserValidation.java:100)
	at com.bridgelab.junituservalidation.UserValidation.enterEmailId(UserValidation.java:100)
	at com.bridgelab.junituservalidation.UserValidation.enterEmailId(UserValidation.java:100)
	at com.bridgelab.junituservalidation.UserValidation.enterEmailId(UserValidation.java:100)
	at com.bridgelab.junituservalidation.UserValidation.enterEmailId(UserValidation.java:100)
	at com.bridgelab.junituservalidation.UserValidation.enterEmailId(UserValidation.java:100)
	at com.bridgelab.junituservalidation.UserValidation.enterEmailId(UserValidation.java:100)
	at com.bridgelab.junituservalidation.UserValidation.enterEmailId(UserValidation.java:100)
	at com.bridgelab.junituservalidation.UserValidation.enterEmailId(UserValidation.java:100)
	at com.bridgelab.junituservalidation.UserValidation.enterEmailId(UserValidation.java:100)
	at com.bridgelab.junituservalidation.UserValidation.enterEmailId(UserValidation.java:100)
	at com.bridgelab.junituservalidation.UserValidation.enterEmailId(UserValidation.java:100)
	at com.bridgelab.junituservalidation.UserValidation.enterEmailId(UserValidation.java:100)
	at com.bridgelab.junituservalidation.UserValidation.enterEmailId(UserValidation.java:100)
	at com.bridgelab.junituservalidation.UserValidation.enterEmailId(UserValidation.java:100)
	at com.bridgelab.junituservalidation.UserValidation.enterEmailId(UserValidation.java:100)
	at com.bridgelab.junituservalidation.UserValidation.enterEmailId(UserValidation.java:100)
	at com.bridgelab.junituservalidation.UserValidation.enterEmailId(UserValidation.java:100)
	at com.bridgelab.junituservalidation.UserValidation.enterEmailId(UserValidation.java:100)
	at com.bridgelab.junituservalidation.UserValidation.enterEmailId(UserValidation.java:100)
	at com.bridgelab.junituservalidation.UserValidation.enterEmailId(UserValidation.java:100)
	at com.bridgelab.junituservalidation.UserValidation.enterEmailId(UserValidation.java:100)
	at com.bridgelab.junituservalidation.UserValidation.enterEmailId(UserValidation.java:100)
	at com.bridgelab.junituservalidation.UserValidation.enterEmailId(UserValidation.java:100)
	at com.bridgelab.junituservalidation.UserValidation.enterEmailId(UserValidation.java:100)
	at com.bridgelab.junituservalidation.UserValidation.enterEmailId(UserValidation.java:100)
	at com.bridgelab.junituservalidation.UserValidation.enterEmailId(UserValidation.java:100)
	at com.bridgelab.junituservalidation.UserValidation.enterEmailId(UserValidation.java:100)
	at com.bridgelab.junituservalidation.UserValidation.enterEmailId(UserValidation.java:100)
	at com.bridgelab.junituservalidation.UserValidation.enterEmailId(UserValidation.java:100)
	at com.bridgelab.junituservalidation.UserValidation.enterEmailId(UserValidation.java:100)
	at com.bridgelab.junituservalidation.UserValidation.enterEmailId(UserValidation.java:100)
	at com.bridgelab.junituservalidation.UserValidation.enterEmailId(UserValidation.java:100)
	at com.bridgelab.junituservalidation.UserValidation.enterEmailId(UserValidation.java:100)
	at com.bridgelab.junituservalidation.UserValidation.enterEmailId(UserValidation.java:100)
	at com.bridgelab.junituservalidation.UserValidation.enterEmailId(UserValidation.java:100)
	at com.bridgelab.junituservalidation.UserValidation.enterEmailId(UserValidation.java:100)
	at com.bridgelab.junituservalidation.UserValidation.enterEmailId(UserValidation.java:100)
	at com.bridgelab.junituservalidation.UserValidation.enterEmailId(UserValidation.java:100)
	at com.bridgelab.junituservalidation.UserValidation.enterEmailId(UserValidation.java:100)
	at com.bridgelab.junituservalidation.UserValidation.enterEmailId(UserValidation.java:100)
	at com.bridgelab.junituservalidation.UserValidation.enterEmailId(UserValidation.java:100)
	at com.bridgelab.junituservalidation.UserValidation.enterEmailId(UserValidation.java:100)
	at com.bridgelab.junituservalidation.UserValidation.enterEmailId(UserValidation.java:100)
	at com.bridgelab.junituservalidation.UserValidation.enterEmailId(UserValidation.java:100)
	at com.bridgelab.junituservalidation.UserValidation.enterEmailId(UserValidation.java:100)
	at com.bridgelab.junituservalidation.UserValidation.enterEmailId(UserValidation.java:100)
	at com.bridgelab.junituservalidation.UserValidation.enterEmailId(UserValidation.java:100)
	at com.bridgelab.junituservalidation.UserValidation.enterEmailId(UserValidation.java:100)
	at com.bridgelab.junituservalidation.UserValidation.enterEmailId(UserValidation.java:100)
	at com.bridgelab.junituservalidation.UserValidation.enterEmailId(UserValidation.java:100)
	at com.bridgelab.junituservalidation.UserValidation.enterEmailId(UserValidation.java:100)
	at com.bridgelab.junituservalidation.UserValidation.enterEmailId(UserValidation.java:100)
	at com.bridgelab.junituservalidation.UserValidation.enterEmailId(UserValidation.java:100)
	at com.bridgelab.junituservalidation.UserValidation.enterEmailId(UserValidation.java:100)
	at com.bridgelab.junituservalidation.UserValidation.enterEmailId(UserValidation.java:100)
	at com.bridgelab.junituservalidation.UserValidation.enterEmailId(UserValidation.java:100)
	at com.bridgelab.junituservalidation.UserValidation.enterEmailId(UserValidation.java:100)
	at com.bridgelab.junituservalidation.UserValidation.enterEmailId(UserValidation.java:100)
	at com.bridgelab.junituservalidation.UserValidation.enterEmailId(UserValidation.java:100)
	at com.bridgelab.junituservalidation.UserValidation.enterEmailId(UserValidation.java:100)
	at com.bridgelab.junituservalidation.UserValidation.enterEmailId(UserValidation.java:100)
	at com.bridgelab.junituservalidation.UserValidation.enterEmailId(UserValidation.java:100)
	at com.bridgelab.junituservalidation.UserValidation.enterEmailId(UserValidation.java:100)
	at com.bridgelab.junituservalidation.UserValidation.enterEmailId(UserValidation.java:100)
	at com.bridgelab.junituservalidation.UserValidation.enterEmailId(UserValidation.java:100)
	at com.bridgelab.junituservalidation.UserValidation.enterEmailId(UserValidation.java:100)
	at com.bridgelab.junituservalidation.UserValidation.enterEmailId(UserValidation.java:100)
	at com.bridgelab.junituservalidation.UserValidation.enterEmailId(UserValidation.java:100)
	at com.bridgelab.junituservalidation.UserValidation.enterEmailId(UserValidation.java:100)
	at com.bridgelab.junituservalidation.UserValidation.enterEmailId(UserValidation.java:100)
	at com.bridgelab.junituservalidation.UserValidation.enterEmailId(UserValidation.java:100)
	at com.bridgelab.junituservalidation.UserValidation.enterEmailId(UserValidation.java:100)
	at com.bridgelab.junituservalidation.UserValidation.enterEmailId(UserValidation.java:100)
	at com.bridgelab.junituservalidation.UserValidation.enterEmailId(UserValidation.java:100)
	at com.bridgelab.junituservalidation.UserValidation.enterEmailId(UserValidation.java:100)
	at com.bridgelab.junituservalidation.UserValidation.enterEmailId(UserValidation.java:100)
	at com.bridgelab.junituservalidation.UserValidation.enterEmailId(UserValidation.java:100)
	at com.bridgelab.junituservalidation.UserValidation.enterEmailId(UserValidation.java:100)
	at com.bridgelab.junituservalidation.UserValidation.enterEmailId(UserValidation.java:100)
	at com.bridgelab.junituservalidation.UserValidation.enterEmailId(UserValidation.java:100)
	at com.bridgelab.junituservalidation.UserValidation.enterEmailId(UserValidation.java:100)
	at com.bridgelab.junituservalidation.UserValidation.enterEmailId(UserValidation.java:100)
	at com.bridgelab.junituservalidation.UserValidation.enterEmailId(UserValidation.java:100)
	at com.bridgelab.junituservalidation.UserValidation.enterEmailId(UserValidation.java:100)
	at com.bridgelab.junituservalidation.UserValidation.enterEmailId(UserValidation.java:100)
	at com.bridgelab.junituservalidation.UserValidation.enterEmailId(UserValidation.java:100)
	at com.bridgelab.junituservalidation.UserValidation.enterEmailId(UserValidation.java:100)
	at com.bridgelab.junituservalidation.UserValidation.enterEmailId(UserValidation.java:100)
	at com.bridgelab.junituservalidation.UserValidation.enterEmailId(UserValidation.java:100)
	at com.bridgelab.junituservalidation.UserValidation.enterEmailId(UserValidation.java:100)
	at com.bridgelab.junituservalidation.UserValidation.enterEmailId(UserValidation.java:100)
	at com.bridgelab.junituservalidation.UserValidation.enterEmailId(UserValidation.java:100)
	at com.bridgelab.junituservalidation.UserValidation.enterEmailId(UserValidation.java:100)
	at com.bridgelab.junituservalidation.UserValidation.enterEmailId(UserValidation.java:100)
	at com.bridgelab.junituservalidation.UserValidation.enterEmailId(UserValidation.java:100)
	at com.bridgelab.junituservalidation.UserValidation.enterEmailId(UserValidation.java:100)
	at com.bridgelab.junituservalidation.UserValidation.enterEmailId(UserValidation.java:100)
	at com.bridgelab.junituservalidation.UserValidation.enterEmailId(UserValidation.java:100)
	at com.bridgelab.junituservalidation.UserValidation.enterEmailId(UserValidation.java:100)
	at com.bridgelab.junituservalidation.UserValidation.enterEmailId(UserValidation.java:100)
	at com.bridgelab.junituservalidation.UserValidation.enterEmailId(UserValidation.java:100)
	at com.bridgelab.junituservalidation.UserValidation.enterEmailId(UserValidation.java:100)
	at com.bridgelab.junituservalidation.UserValidation.enterEmailId(UserValidation.java:100)
	at com.bridgelab.junituservalidation.UserValidation.enterEmailId(UserValidation.java:100)
	at com.bridgelab.junituservalidation.UserValidation.enterEmailId(UserValidation.java:100)
	at com.bridgelab.junituservalidation.UserValidation.enterEmailId(UserValidation.java:100)
	at com.bridgelab.junituservalidation.UserValidation.enterEmailId(UserValidation.java:100)
	at com.bridgelab.junituservalidation.UserValidation.enterEmailId(UserValidation.java:100)
	at com.bridgelab.junituservalidation.UserValidation.enterEmailId(UserValidation.java:100)
	at com.bridgelab.junituservalidation.UserValidation.enterEmailId(UserValidation.java:100)
	at com.bridgelab.junituservalidation.UserValidation.enterEmailId(UserValidation.java:100)
	at com.bridgelab.junituservalidation.UserValidation.enterEmailId(UserValidation.java:100)
	at com.bridgelab.junituservalidation.UserValidation.enterEmailId(UserValidation.java:100)
	at com.bridgelab.junituservalidation.UserValidation.enterEmailId(UserValidation.java:100)
	at com.bridgelab.junituservalidation.UserValidation.enterEmailId(UserValidation.java:100)
	at com.bridgelab.junituservalidation.UserValidation.enterEmailId(UserValidation.java:100)
	at com.bridgelab.junituservalidation.UserValidation.enterEmailId(UserValidation.java:100)
	at com.bridgelab.junituservalidation.UserValidation.enterEmailId(UserValidation.java:100)
	at com.bridgelab.junituservalidation.UserValidation.enterEmailId(UserValidation.java:100)
	at com.bridgelab.junituservalidation.UserValidation.enterEmailId(UserValidation.java:100)
	at com.bridgelab.junituservalidation.UserValidation.enterEmailId(UserValidation.java:100)
	at com.bridgelab.junituservalidation.UserValidation.enterEmailId(UserValidation.java:100)
	at com.bridgelab.junituservalidation.UserValidation.enterEmailId(UserValidation.java:100)
	at com.bridgelab.junituservalidation.UserValidation.enterEmailId(UserValidation.java:100)
	at com.bridgelab.junituservalidation.UserValidation.enterEmailId(UserValidation.java:100)
	at com.bridgelab.junituservalidation.UserValidation.enterEmailId(UserValidation.java:100)
	at com.bridgelab.junituservalidation.UserValidation.enterEmailId(UserValidation.java:100)
	at com.bridgelab.junituservalidation.UserValidation.enterEmailId(UserValidation.java:100)
	at com.bridgelab.junituservalidation.UserValidation.enterEmailId(UserValidation.java:100)
	at com.bridgelab.junituservalidation.UserValidation.enterEmailId(UserValidation.java:100)
	at com.bridgelab.junituservalidation.UserValidation.enterEmailId(UserValidation.java:100)
	at com.bridgelab.junituservalidation.UserValidation.enterEmailId(UserValidation.java:100)
	at com.bridgelab.junituservalidation.UserValidation.enterEmailId(UserValidation.java:100)
	at com.bridgelab.junituservalidation.UserValidation.enterEmailId(UserValidation.java:100)
	at com.bridgelab.junituservalidation.UserValidation.enterEmailId(UserValidation.java:100)
	at com.bridgelab.junituservalidation.UserValidation.enterEmailId(UserValidation.java:100)
	at com.bridgelab.junituservalidation.UserValidation.enterEmailId(UserValidation.java:100)
	at com.bridgelab.junituservalidation.UserValidation.enterEmailId(UserValidation.java:100)
	at com.bridgelab.junituservalidation.UserValidation.enterEmailId(UserValidation.java:100)
	at com.bridgelab.junituservalidation.UserValidation.enterEmailId(UserValidation.java:100)
	at com.bridgelab.junituservalidation.UserValidation.enterEmailId(UserValidation.java:100)
	at com.bridgelab.junituservalidation.UserValidation.enterEmailId(UserValidation.java:100)
	at com.bridgelab.junituservalidation.UserValidation.enterEmailId(UserValidation.java:100)
	at com.bridgelab.junituservalidation.UserValidation.enterEmailId(UserValidation.java:100)
	at com.bridgelab.junituservalidation.UserValidation.enterEmailId(UserValidation.java:100)
	at com.bridgelab.junituservalidation.UserValidation.enterEmailId(UserValidation.java:100)
	at com.bridgelab.junituservalidation.UserValidation.enterEmailId(UserValidation.java:100)
	at com.bridgelab.junituservalidation.UserValidation.enterEmailId(UserValidation.java:100)
	at com.bridgelab.junituservalidation.UserValidation.enterEmailId(UserValidation.java:100)
	at com.bridgelab.junituservalidation.UserValidation.enterEmailId(UserValidation.java:100)
	at com.bridgelab.junituservalidation.UserValidation.enterEmailId(UserValidation.java:100)
	at com.bridgelab.junituservalidation.UserValidation.enterEmailId(UserValidation.java:100)
	at com.bridgelab.junituservalidation.UserValidation.enterEmailId(UserValidation.java:100)
	at com.bridgelab.junituservalidation.UserValidation.enterEmailId(UserValidation.java:100)
	at com.bridgelab.junituservalidation.UserValidation.enterEmailId(UserValidation.java:100)
	at com.bridgelab.junituservalidation.UserValidation.enterEmailId(UserValidation.java:100)
	at com.bridgelab.junituservalidation.UserValidation.enterEmailId(UserValidation.java:100)
	at com.bridgelab.junituservalidation.UserValidation.enterEmailId(UserValidation.java:100)
	at com.bridgelab.junituservalidation.UserValidation.enterEmailId(UserValidation.java:100)
	at com.bridgelab.junituservalidation.UserValidation.enterEmailId(UserValidation.java:100)
	at com.bridgelab.junituservalidation.UserValidation.enterEmailId(UserValidation.java:100)
	at com.bridgelab.junituservalidation.UserValidation.enterEmailId(UserValidation.java:100)
	at com.bridgelab.junituservalidation.UserValidation.enterEmailId(UserValidation.java:100)
	at com.bridgelab.junituservalidation.UserValidation.enterEmailId(UserValidation.java:100)
	at com.bridgelab.junituservalidation.UserValidation.enterEmailId(UserValidation.java:100)
	at com.bridgelab.junituservalidation.UserValidation.enterEmailId(UserValidation.java:100)
	at com.bridgelab.junituservalidation.UserValidation.enterEmailId(UserValidation.java:100)
	at com.bridgelab.junituservalidation.UserValidation.enterEmailId(UserValidation.java:100)
	at com.bridgelab.junituservalidation.UserValidation.enterEmailId(UserValidation.java:100)
	at com.bridgelab.junituservalidation.UserValidation.enterEmailId(UserValidation.java:100)
	at com.bridgelab.junituservalidation.UserValidation.enterEmailId(UserValidation.java:100)
	at com.bridgelab.junituservalidation.UserValidation.enterEmailId(UserValidation.java:100)
	at com.bridgelab.junituservalidation.UserValidation.enterEmailId(UserValidation.java:100)
	at com.bridgelab.junituservalidation.UserValidation.enterEmailId(UserValidation.java:100)
	at com.bridgelab.junituservalidation.UserValidation.enterEmailId(UserValidation.java:100)
	at com.bridgelab.junituservalidation.UserValidation.enterEmailId(UserValidation.java:100)
	at com.bridgelab.junituservalidation.UserValidation.enterEmailId(UserValidation.java:100)
	at com.bridgelab.junituservalidation.UserValidation.enterEmailId(UserValidation.java:100)
	at com.bridgelab.junituservalidation.UserValidation.enterEmailId(UserValidation.java:100)
	at com.bridgelab.junituservalidation.UserValidation.enterEmailId(UserValidation.java:100)
	at com.bridgelab.junituservalidation.UserValidation.enterEmailId(UserValidation.java:100)
	at com.bridgelab.junituservalidation.UserValidation.enterEmailId(UserValidation.java:100)
	at com.bridgelab.junituservalidation.UserValidation.enterEmailId(UserValidation.java:100)
	at com.bridgelab.junituservalidation.UserValidation.enterEmailId(UserValidation.java:100)
	at com.bridgelab.junituservalidation.UserValidation.enterEmailId(UserValidation.java:100)
	at com.bridgelab.junituservalidation.UserValidation.enterEmailId(UserValidation.java:100)
	at com.bridgelab.junituservalidation.UserValidation.enterEmailId(UserValidation.java:100)
	at com.bridgelab.junituservalidation.UserValidation.enterEmailId(UserValidation.java:100)
	at com.bridgelab.junituservalidation.UserValidation.enterEmailId(UserValidation.java:100)
	at com.bridgelab.junituservalidation.UserValidation.enterEmailId(UserValidation.java:100)
	at com.bridgelab.junituservalidation.UserValidation.enterEmailId(UserValidation.java:100)
	at com.bridgelab.junituservalidation.UserValidation.enterEmailId(UserValidation.java:100)
	at com.bridgelab.junituservalidation.UserValidation.enterEmailId(UserValidation.java:100)
	at com.bridgelab.junituservalidation.UserValidation.enterEmailId(UserValidation.java:100)
	at com.bridgelab.junituservalidation.UserValidation.enterEmailId(UserValidation.java:100)
	at com.bridgelab.junituservalidation.UserValidation.enterEmailId(UserValidation.java:100)
	at com.bridgelab.junituservalidation.UserValidation.enterEmailId(UserValidation.java:100)
	at com.bridgelab.junituservalidation.UserValidation.enterEmailId(UserValidation.java:100)
	at com.bridgelab.junituservalidation.UserValidation.enterEmailId(UserValidation.java:100)
	at com.bridgelab.junituservalidation.UserValidation.enterEmailId(UserValidation.java:100)
	at com.bridgelab.junituservalidation.UserValidation.enterEmailId(UserValidation.java:100)
	at com.bridgelab.junituservalidation.UserValidation.enterEmailId(UserValidation.java:100)
	at com.bridgelab.junituservalidation.UserValidation.enterEmailId(UserValidation.java:100)
	at com.bridgelab.junituservalidation.UserValidation.enterEmailId(UserValidation.java:100)
	at com.bridgelab.junituservalidation.UserValidation.enterEmailId(UserValidation.java:100)
	at com.bridgelab.junituservalidation.UserValidation.enterEmailId(UserValidation.java:100)
	at com.bridgelab.junituservalidation.UserValidation.enterEmailId(UserValidation.java:100)
	at com.bridgelab.junituservalidation.UserValidation.enterEmailId(UserValidation.java:100)
	at com.bridgelab.junituservalidation.UserValidation.enterEmailId(UserValidation.java:100)
	at com.bridgelab.junituservalidation.UserValidation.enterEmailId(UserValidation.java:100)
	at com.bridgelab.junituservalidation.UserValidation.enterEmailId(UserValidation.java:100)
	at com.bridgelab.junituservalidation.UserValidation.enterEmailId(UserValidation.java:100)
	at com.bridgelab.junituservalidation.UserValidation.enterEmailId(UserValidation.java:100)
	at com.bridgelab.junituservalidation.UserValidation.enterEmailId(UserValidation.java:100)
	at com.bridgelab.junituservalidation.UserValidation.enterEmailId(UserValidation.java:100)
	at com.bridgelab.junituservalidation.UserValidation.enterEmailId(UserValidation.java:100)
	at com.bridgelab.junituservalidation.UserValidation.enterEmailId(UserValidation.java:100)
	at com.bridgelab.junituservalidation.UserValidation.enterEmailId(UserValidation.java:100)
	at com.bridgelab.junituservalidation.UserValidation.enterEmailId(UserValidation.java:100)
	at com.bridgelab.junituservalidation.UserValidation.enterEmailId(UserValidation.java:100)
	at com.bridgelab.junituservalidation.UserValidation.enterEmailId(UserValidation.java:100)
	at com.bridgelab.junituservalidation.UserValidation.enterEmailId(UserValidation.java:100)
	at com.bridgelab.junituservalidation.UserValidation.enterEmailId(UserValidation.java:100)
	at com.bridgelab.junituservalidation.UserValidation.enterEmailId(UserValidation.java:100)
	at com.bridgelab.junituservalidation.UserValidation.enterEmailId(UserValidation.java:100)
	at com.bridgelab.junituservalidation.UserValidation.enterEmailId(UserValidation.java:100)
	at com.bridgelab.junituservalidation.UserValidation.enterEmailId(UserValidation.java:100)
	at com.bridgelab.junituservalidation.UserValidation.enterEmailId(UserValidation.java:100)
	at com.bridgelab.junituservalidation.UserValidation.enterEmailId(UserValidation.java:100)
	at com.bridgelab.junituservalidation.UserValidation.enterEmailId(UserValidation.java:100)
	at com.bridgelab.junituservalidation.UserValidation.enterEmailId(UserValidation.java:100)
	at com.bridgelab.junituservalidation.UserValidation.enterEmailId(UserValidation.java:100)
	at com.bridgelab.junituservalidation.UserValidation.enterEmailId(UserValidation.java:100)
	at com.bridgelab.junituservalidation.UserValidation.enterEmailId(UserValidation.java:100)
	at com.bridgelab.junituservalidation.UserValidation.enterEmailId(UserValidation.java:100)
	at com.bridgelab.junituservalidation.UserValidation.enterEmailId(UserValidation.java:100)
	at com.bridgelab.junituservalidation.UserValidation.enterEmailId(UserValidation.java:100)
	at com.bridgelab.junituservalidation.UserValidation.enterEmailId(UserValidation.java:100)
	at com.bridgelab.junituservalidation.UserValidation.enterEmailId(UserValidation.java:100)
	at com.bridgelab.junituservalidation.UserValidation.enterEmailId(UserValidation.java:100)
	at com.bridgelab.junituservalidation.UserValidation.enterEmailId(UserValidation.java:100)
	at com.bridgelab.junituservalidation.UserValidation.enterEmailId(UserValidation.java:100)
	at com.bridgelab.junituservalidation.UserValidation.enterEmailId(UserValidation.java:100)
	at com.bridgelab.junituservalidation.UserValidation.enterEmailId(UserValidation.java:100)
	at com.bridgelab.junituservalidation.UserValidation.enterEmailId(UserValidation.java:100)
	at com.bridgelab.junituservalidation.UserValidation.enterEmailId(UserValidation.java:100)
	at com.bridgelab.junituservalidation.UserValidation.enterEmailId(UserValidation.java:100)
	at com.bridgelab.junituservalidation.UserValidation.enterEmailId(UserValidation.java:100)
	at com.bridgelab.junituservalidation.UserValidation.enterEmailId(UserValidation.java:100)
	at com.bridgelab.junituservalidation.UserValidation.enterEmailId(UserValidation.java:100)
	at com.bridgelab.junituservalidation.UserValidation.enterEmailId(UserValidation.java:100)
	at com.bridgelab.junituservalidation.UserValidation.enterEmailId(UserValidation.java:100)
	at com.bridgelab.junituservalidation.UserValidation.enterEmailId(UserValidation.java:100)
	at com.bridgelab.junituservalidation.UserValidation.enterEmailId(UserValidation.java:100)
	at com.bridgelab.junituservalidation.UserValidation.enterEmailId(UserValidation.java:100)
	at com.bridgelab.junituservalidation.UserValidation.enterEmailId(UserValidation.java:100)
	at com.bridgelab.junituservalidation.UserValidation.enterEmailId(UserValidation.java:100)
	at com.bridgelab.junituservalidation.UserValidation.enterEmailId(UserValidation.java:100)
	at com.bridgelab.junituservalidation.UserValidation.enterEmailId(UserValidation.java:100)
	at com.bridgelab.junituservalidation.UserValidation.enterEmailId(UserValidation.java:100)
	at com.bridgelab.junituservalidation.UserValidation.enterEmailId(UserValidation.java:100)
	at com.bridgelab.junituservalidation.UserValidation.enterEmailId(UserValidation.java:100)
	at com.bridgelab.junituservalidation.UserValidation.enterEmailId(UserValidation.java:100)
	at com.bridgelab.junituservalidation.UserValidation.enterEmailId(UserValidation.java:100)
	at com.bridgelab.junituservalidation.UserValidation.enterEmailId(UserValidation.java:100)
	at com.bridgelab.junituservalidation.UserValidation.enterEmailId(UserValidation.java:100)
	at com.bridgelab.junituservalidation.UserValidation.enterEmailId(UserValidation.java:100)
	at com.bridgelab.junituservalidation.UserValidation.enterEmailId(UserValidation.java:100)
	at com.bridgelab.junituservalidation.UserValidation.enterEmailId(UserValidation.java:100)
	at com.bridgelab.junituservalidation.UserValidation.enterEmailId(UserValidation.java:100)
	at com.bridgelab.junituservalidation.UserValidation.enterEmailId(UserValidation.java:100)
	at com.bridgelab.junituservalidation.UserValidation.enterEmailId(UserValidation.java:100)
	at com.bridgelab.junituservalidation.UserValidation.enterEmailId(UserValidation.java:100)
	at com.bridgelab.junituservalidation.UserValidation.enterEmailId(UserValidation.java:100)
	at com.bridgelab.junituservalidation.UserValidation.enterEmailId(UserValidation.java:100)
	at com.bridgelab.junituservalidation.UserValidation.enterEmailId(UserValidation.java:100)
	at com.bridgelab.junituservalidation.UserValidation.enterEmailId(UserValidation.java:100)
	at com.bridgelab.junituservalidation.UserValidation.enterEmailId(UserValidation.java:100)
	at com.bridgelab.junituservalidation.UserValidation.enterEmailId(UserValidation.java:100)
	at com.bridgelab.junituservalidation.UserValidation.enterEmailId(UserValidation.java:100)
	at com.bridgelab.junituservalidation.UserValidation.enterEmailId(UserValidation.java:100)
	at com.bridgelab.junituservalidation.UserValidation.enterEmailId(UserValidation.java:100)
	at com.bridgelab.junituservalidation.UserValidation.enterEmailId(UserValidation.java:100)
	at com.bridgelab.junituservalidation.UserValidation.enterEmailId(UserValidation.java:100)
	at com.bridgelab.junituservalidation.UserValidation.enterEmailId(UserValidation.java:100)
	at com.bridgelab.junituservalidation.UserValidation.enterEmailId(UserValidation.java:100)
	at com.bridgelab.junituservalidation.UserValidation.enterEmailId(UserValidation.java:100)
	at com.bridgelab.junituservalidation.UserValidation.enterEmailId(UserValidation.java:100)
	at com.bridgelab.junituservalidation.UserValidation.enterEmailId(UserValidation.java:100)
	at com.bridgelab.junituservalidation.UserValidation.enterEmailId(UserValidation.java:100)
	at com.bridgelab.junituservalidation.UserValidation.enterEmailId(UserValidation.java:100)
	at com.bridgelab.junituservalidation.UserValidation.enterEmailId(UserValidation.java:100)
	at com.bridgelab.junituservalidation.UserValidation.enterEmailId(UserValidation.java:100)
	at com.bridgelab.junituservalidation.UserValidation.enterEmailId(UserValidation.java:100)
	at com.bridgelab.junituservalidation.UserValidation.enterEmailId(UserValidation.java:100)
	at com.bridgelab.junituservalidation.UserValidation.enterEmailId(UserValidation.java:100)
	at com.bridgelab.junituservalidation.UserValidation.enterEmailId(UserValidation.java:100)
	at com.bridgelab.junituservalidation.UserValidation.enterEmailId(UserValidation.java:100)
	at com.bridgelab.junituservalidation.UserValidation.enterEmailId(UserValidation.java:100)
	at com.bridgelab.junituservalidation.UserValidation.enterEmailId(UserValidation.java:100)
	at com.bridgelab.junituservalidation.UserValidation.enterEmailId(UserValidation.java:100)
	at com.bridgelab.junituservalidation.UserValidation.enterEmailId(UserValidation.java:100)
	at com.bridgelab.junituservalidation.UserValidation.enterEmailId(UserValidation.java:100)
	at com.bridgelab.junituservalidation.UserValidation.enterEmailId(UserValidation.java:100)
	at com.bridgelab.junituservalidation.UserValidation.enterEmailId(UserValidation.java:100)
	at com.bridgelab.junituservalidation.UserValidation.enterEmailId(UserValidation.java:100)
	at com.bridgelab.junituservalidation.UserValidation.enterEmailId(UserValidation.java:100)
	at com.bridgelab.junituservalidation.UserValidation.enterEmailId(UserValidation.java:100)
	at com.bridgelab.junituservalidation.UserValidation.enterEmailId(UserValidation.java:100)
	at com.bridgelab.junituservalidation.UserValidation.enterEmailId(UserValidation.java:100)
	at com.bridgelab.junituservalidation.UserValidation.enterEmailId(UserValidation.java:100)
	at com.bridgelab.junituservalidation.UserValidation.enterEmailId(UserValidation.java:100)
	at com.bridgelab.junituservalidation.UserValidation.enterEmailId(UserValidation.java:100)
	at com.bridgelab.junituservalidation.UserValidation.enterEmailId(UserValidation.java:100)
	at com.bridgelab.junituservalidation.UserValidation.enterEmailId(UserValidation.java:100)
	at com.bridgelab.junituservalidation.UserValidation.enterEmailId(UserValidation.java:100)
	at com.bridgelab.junituservalidation.UserValidation.enterEmailId(UserValidation.java:100)
	at com.bridgelab.junituservalidation.UserValidation.enterEmailId(UserValidation.java:100)
	at com.bridgelab.junituservalidation.UserValidation.enterEmailId(UserValidation.java:100)
	at com.bridgelab.junituservalidation.UserValidation.enterEmailId(UserValidation.java:100)
	at com.bridgelab.junituservalidation.UserValidation.enterEmailId(UserValidation.java:100)
	at com.bridgelab.junituservalidation.UserValidation.enterEmailId(UserValidation.java:100)
	at com.bridgelab.junituservalidation.UserValidation.enterEmailId(UserValidation.java:100)
	at com.bridgelab.junituservalidation.UserValidation.enterEmailId(UserValidation.java:100)
	at com.bridgelab.junituservalidation.UserValidation.enterEmailId(UserValidation.java:100)
	at com.bridgelab.junituservalidation.UserValidation.enterEmailId(UserValidation.java:100)
	at com.bridgelab.junituservalidation.UserValidation.enterEmailId(UserValidation.java:100)
	at com.bridgelab.junituservalidation.UserValidation.enterEmailId(UserValidation.java:100)
	at com.bridgelab.junituservalidation.UserValidation.enterEmailId(UserValidation.java:100)
	at com.bridgelab.junituservalidation.UserValidation.enterEmailId(UserValidation.java:100)
	at com.bridgelab.junituservalidation.UserValidation.enterEmailId(UserValidation.java:100)
	at com.bridgelab.junituservalidation.UserValidation.enterEmailId(UserValidation.java:100)
	at com.bridgelab.junituservalidation.UserValidation.enterEmailId(UserValidation.java:100)
	at com.bridgelab.junituservalidation.UserValidation.enterEmailId(UserValidation.java:100)
	at com.bridgelab.junituservalidation.UserValidation.enterEmailId(UserValidation.java:100)
	at com.bridgelab.junituservalidation.UserValidation.enterEmailId(UserValidation.java:100)
	at com.bridgelab.junituservalidation.UserValidation.enterEmailId(UserValidation.java:100)
	at com.bridgelab.junituservalidation.UserValidation.enterEmailId(UserValidation.java:100)
	at com.bridgelab.junituservalidation.UserValidation.enterEmailId(UserValidation.java:100)
	at com.bridgelab.junituservalidation.UserValidation.enterEmailId(UserValidation.java:100)
	at com.bridgelab.junituservalidation.UserValidation.enterEmailId(UserValidation.java:100)
	at com.bridgelab.junituservalidation.UserValidation.enterEmailId(UserValidation.java:100)
	at com.bridgelab.junituservalidation.UserValidation.enterEmailId(UserValidation.java:100)
	at com.bridgelab.junituservalidation.UserValidation.enterEmailId(UserValidation.java:100)
	at com.bridgelab.junituservalidation.UserValidation.enterEmailId(UserValidation.java:100)
	at com.bridgelab.junituservalidation.UserValidation.enterEmailId(UserValidation.java:100)
	at com.bridgelab.junituservalidation.UserValidation.enterEmailId(UserValidation.java:100)
	at com.bridgelab.junituservalidation.UserValidation.enterEmailId(UserValidation.java:100)
	at com.bridgelab.junituservalidation.UserValidation.enterEmailId(UserValidation.java:100)
	at com.bridgelab.junituservalidation.UserValidation.enterEmailId(UserValidation.java:100)
	at com.bridgelab.junituservalidation.UserValidation.enterEmailId(UserValidation.java:100)
	at com.bridgelab.junituservalidation.UserValidation.enterEmailId(UserValidation.java:100)
	at com.bridgelab.junituservalidation.UserValidation.enterEmailId(UserValidation.java:100)
	at com.bridgelab.junituservalidation.UserValidation.enterEmailId(UserValidation.java:100)
	at com.bridgelab.junituservalidation.UserValidation.enterEmailId(UserValidation.java:100)
	at com.bridgelab.junituservalidation.UserValidation.enterEmailId(UserValidation.java:100)
	at com.bridgelab.junituservalidation.UserValidation.enterEmailId(UserValidation.java:100)
	at com.bridgelab.junituservalidation.UserValidation.enterEmailId(UserValidation.java:100)
	at com.bridgelab.junituservalidation.UserValidation.enterEmailId(UserValidation.java:100)
	at com.bridgelab.junituservalidation.UserValidation.enterEmailId(UserValidation.java:100)
	at com.bridgelab.junituservalidation.UserValidation.enterEmailId(UserValidation.java:100)
	at com.bridgelab.junituservalidation.UserValidation.enterEmailId(UserValidation.java:100)
	at com.bridgelab.junituservalidation.UserValidation.enterEmailId(UserValidation.java:100)
	at com.bridgelab.junituservalidation.UserValidation.enterEmailId(UserValidation.java:100)
	at com.bridgelab.junituservalidation.UserValidation.enterEmailId(UserValidation.java:100)
	at com.bridgelab.junituservalidation.UserValidation.enterEmailId(UserValidation.java:100)
	at com.bridgelab.junituservalidation.UserValidation.enterEmailId(UserValidation.java:100)
	at com.bridgelab.junituservalidation.UserValidation.enterEmailId(UserValidation.java:100)
	at com.bridgelab.junituservalidation.UserValidation.enterEmailId(UserValidation.java:100)
	at com.bridgelab.junituservalidation.UserValidation.enterEmailId(UserValidation.java:100)
	at com.bridgelab.junituservalidation.UserValidation.enterEmailId(UserValidation.java:100)
	at com.bridgelab.junituservalidation.UserValidation.enterEmailId(UserValidation.java:100)
	at com.bridgelab.junituservalidation.UserValidation.enterEmailId(UserValidation.java:100)
	at com.bridgelab.junituservalidation.UserValidation.enterEmailId(UserValidation.java:100)
	at com.bridgelab.junituservalidation.UserValidation.enterEmailId(UserValidation.java:100)
	at com.bridgelab.junituservalidation.UserValidation.enterEmailId(UserValidation.java:100)
	at com.bridgelab.junituservalidation.UserValidation.enterEmailId(UserValidation.java:100)
	at com.bridgelab.junituservalidation.UserValidation.enterEmailId(UserValidation.java:100)
	at com.bridgelab.junituservalidation.UserValidation.enterEmailId(UserValidation.java:100)
	at com.bridgelab.junituservalidation.UserValidation.enterEmailId(UserValidation.java:100)
	at com.bridgelab.junituservalidation.UserValidation.enterEmailId(UserValidation.java:100)
	at com.bridgelab.junituservalidation.UserValidation.enterEmailId(UserValidation.java:100)
	at com.bridgelab.junituservalidation.UserValidation.enterEmailId(UserValidation.java:100)
	at com.bridgelab.junituservalidation.UserValidation.enterEmailId(UserValidation.java:100)
	at com.bridgelab.junituservalidation.UserValidation.enterEmailId(UserValidation.java:100)
	at com.bridgelab.junituservalidation.UserValidation.enterEmailId(UserValidation.java:100)
	at com.bridgelab.junituservalidation.UserValidation.enterEmailId(UserValidation.java:100)
	at com.bridgelab.junituservalidation.UserValidation.enterEmailId(UserValidation.java:100)
	at com.bridgelab.junituservalidation.UserValidation.enterEmailId(UserValidation.java:100)
	at com.bridgelab.junituservalidation.UserValidation.enterEmailId(UserValidation.java:100)
	at com.bridgelab.junituservalidation.UserValidation.enterEmailId(UserValidation.java:100)
	at com.bridgelab.junituservalidation.UserValidation.enterEmailId(UserValidation.java:100)
	at com.bridgelab.junituservalidation.UserValidation.enterEmailId(UserValidation.java:100)
	at com.bridgelab.junituservalidation.UserValidation.enterEmailId(UserValidation.java:100)
	at com.bridgelab.junituservalidation.UserValidation.enterEmailId(UserValidation.java:100)
	at com.bridgelab.junituservalidation.UserValidation.enterEmailId(UserValidation.java:100)
	at com.bridgelab.junituservalidation.UserValidation.enterEmailId(UserValidation.java:100)
	at com.bridgelab.junituservalidation.UserValidation.enterEmailId(UserValidation.java:100)
	at com.bridgelab.junituservalidation.UserValidation.enterEmailId(UserValidation.java:100)
	at com.bridgelab.junituservalidation.UserValidation.enterEmailId(UserValidation.java:100)
	at com.bridgelab.junituservalidation.UserValidation.enterEmailId(UserValidation.java:100)
	at com.bridgelab.junituservalidation.UserValidation.enterEmailId(UserValidation.java:100)
	at com.bridgelab.junituservalidation.UserValidation.enterEmailId(UserValidation.java:100)
	at com.bridgelab.junituservalidation.UserValidation.enterEmailId(UserValidation.java:100)
	at com.bridgelab.junituservalidation.UserValidation.enterEmailId(UserValidation.java:100)
	at com.bridgelab.junituservalidation.UserValidation.enterEmailId(UserValidation.java:100)
	at com.bridgelab.junituservalidation.UserValidation.enterEmailId(UserValidation.java:100)
	at com.bridgelab.junituservalidation.UserValidation.enterEmailId(UserValidation.java:100)
	at com.bridgelab.junituservalidation.UserValidation.enterEmailId(UserValidation.java:100)
	at com.bridgelab.junituservalidation.UserValidation.enterEmailId(UserValidation.java:100)
	at com.bridgelab.junituservalidation.UserValidation.enterEmailId(UserValidation.java:100)
	at com.bridgelab.junituservalidation.UserValidation.enterEmailId(UserValidation.java:100)
	at com.bridgelab.junituservalidation.UserValidation.enterEmailId(UserValidation.java:100)
	at com.bridgelab.junituservalidation.UserValidation.enterEmailId(UserValidation.java:100)
	at com.bridgelab.junituservalidation.UserValidation.enterEmailId(UserValidation.java:100)
	at com.bridgelab.junituservalidation.UserValidation.enterEmailId(UserValidation.java:100)
	at com.bridgelab.junituservalidation.UserValidation.enterEmailId(UserValidation.java:100)
	at com.bridgelab.junituservalidation.UserValidation.enterEmailId(UserValidation.java:100)
	at com.bridgelab.junituservalidation.UserValidation.enterEmailId(UserValidation.java:100)
	at com.bridgelab.junituservalidation.UserValidation.enterEmailId(UserValidation.java:100)
	at com.bridgelab.junituservalidation.UserValidation.enterEmailId(UserValidation.java:100)
	at com.bridgelab.junituservalidation.UserValidation.enterEmailId(UserValidation.java:100)
	at com.bridgelab.junituservalidation.UserValidation.enterEmailId(UserValidation.java:100)
	at com.bridgelab.junituservalidation.UserValidation.enterEmailId(UserValidation.java:100)
	at com.bridgelab.junituservalidation.UserValidation.enterEmailId(UserValidation.java:100)
	at com.bridgelab.junituservalidation.UserValidation.enterEmailId(UserValidation.java:100)
	at com.bridgelab.junituservalidation.UserValidation.enterEmailId(UserValidation.java:100)
	at com.bridgelab.junituservalidation.UserValidation.enterEmailId(UserValidation.java:100)
	at com.bridgelab.junituservalidation.UserValidation.enterEmailId(UserValidation.java:100)
	at com.bridgelab.junituservalidation.UserValidation.enterEmailId(UserValidation.java:100)
	at com.bridgelab.junituservalidation.UserValidation.enterEmailId(UserValidation.java:100)
	at com.bridgelab.junituservalidation.UserValidation.enterEmailId(UserValidation.java:100)
	at com.bridgelab.junituservalidation.UserValidation.enterEmailId(UserValidation.java:100)
	at com.bridgelab.junituservalidation.UserValidation.enterEmailId(UserValidation.java:100)
	at com.bridgelab.junituservalidation.UserValidation.enterEmailId(UserValidation.java:100)
	at com.bridgelab.junituservalidation.UserValidation.enterEmailId(UserValidation.java:100)
	at com.bridgelab.junituservalidation.UserValidation.enterEmailId(UserValidation.java:100)
	at com.bridgelab.junituservalidation.UserValidation.enterEmailId(UserValidation.java:100)
	at com.bridgelab.junituservalidation.UserValidation.enterEmailId(UserValidation.java:100)
	at com.bridgelab.junituservalidation.UserValidation.enterEmailId(UserValidation.java:100)
	at com.bridgelab.junituservalidation.UserValidation.enterEmailId(UserValidation.java:100)
	at com.bridgelab.junituservalidation.UserValidation.enterEmailId(UserValidation.java:100)
	at com.bridgelab.junituservalidation.UserValidation.enterEmailId(UserValidation.java:100)
	at com.bridgelab.junituservalidation.UserValidation.enterEmailId(UserValidation.java:100)
	at com.bridgelab.junituservalidation.UserValidation.enterEmailId(UserValidation.java:100)
	at com.bridgelab.junituservalidation.UserValidation.enterEmailId(UserValidation.java:100)
	at com.bridgelab.junituservalidation.UserValidation.enterEmailId(UserValidation.java:100)
	at com.bridgelab.junituservalidation.UserValidation.enterEmailId(UserValidation.java:100)
	at com.bridgelab.junituservalidation.UserValidation.enterEmailId(UserValidation.java:100)
	at com.bridgelab.junituservalidation.UserValidation.enterEmailId(UserValidation.java:100)
	at com.bridgelab.junituservalidation.UserValidation.enterEmailId(UserValidation.java:100)
	at com.bridgelab.junituservalidation.UserValidation.enterEmailId(UserValidation.java:100)
	at com.bridgelab.junituservalidation.UserValidation.enterEmailId(UserValidation.java:100)
	at com.bridgelab.junituservalidation.UserValidation.enterEmailId(UserValidation.java:100)
	at com.bridgelab.junituservalidation.UserValidation.enterEmailId(UserValidation.java:100)
	at com.bridgelab.junituservalidation.UserValidation.enterEmailId(UserValidation.java:100)
	at com.bridgelab.junituservalidation.UserValidation.enterEmailId(UserValidation.java:100)
	at com.bridgelab.junituservalidation.UserValidation.enterEmailId(UserValidation.java:100)
	at com.bridgelab.junituservalidation.UserValidation.enterEmailId(UserValidation.java:100)
	at com.bridgelab.junituservalidation.UserValidation.enterEmailId(UserValidation.java:100)
	at com.bridgelab.junituservalidation.UserValidation.enterEmailId(UserValidation.java:100)
	at com.bridgelab.junituservalidation.UserValidation.enterEmailId(UserValidation.java:100)
	at com.bridgelab.junituservalidation.UserValidation.enterEmailId(UserValidation.java:100)
	at com.bridgelab.junituservalidation.UserValidation.enterEmailId(UserValidation.java:100)
	at com.bridgelab.junituservalidation.UserValidation.enterEmailId(UserValidation.java:100)
	at com.bridgelab.junituservalidation.UserValidation.enterEmailId(UserValidation.java:100)
	at com.bridgelab.junituservalidation.UserValidation.enterEmailId(UserValidation.java:100)
	at com.bridgelab.junituservalidation.UserValidation.enterEmailId(UserValidation.java:100)
	at com.bridgelab.junituservalidation.UserValidation.enterEmailId(UserValidation.java:100)
	at com.bridgelab.junituservalidation.UserValidation.enterEmailId(UserValidation.java:100)
	at com.bridgelab.junituservalidation.UserValidation.enterEmailId(UserValidation.java:100)
	at com.bridgelab.junituservalidation.UserValidation.enterEmailId(UserValidation.java:100)
	at com.bridgelab.junituservalidation.UserValidation.enterEmailId(UserValidation.java:100)
	at com.bridgelab.junituservalidation.UserValidation.enterEmailId(UserValidation.java:100)
	at com.bridgelab.junituservalidation.UserValidation.enterEmailId(UserValidation.java:100)
	at com.bridgelab.junituservalidation.UserValidation.enterEmailId(UserValidation.java:100)
	at com.bridgelab.junituservalidation.UserValidation.enterEmailId(UserValidation.java:100)
	at com.bridgelab.junituservalidation.UserValidation.enterEmailId(UserValidation.java:100)
	at com.bridgelab.junituservalidation.UserValidation.enterEmailId(UserValidation.java:100)
	at com.bridgelab.junituservalidation.UserValidation.enterEmailId(UserValidation.java:100)
	at com.bridgelab.junituservalidation.UserValidation.enterEmailId(UserValidation.java:100)
	at com.bridgelab.junituservalidation.UserValidation.enterEmailId(UserValidation.java:100)
	at com.bridgelab.junituservalidation.UserValidation.enterEmailId(UserValidation.java:100)
	at com.bridgelab.junituservalidation.UserValidation.enterEmailId(UserValidation.java:100)
	at com.bridgelab.junituservalidation.UserValidation.enterEmailId(UserValidation.java:100)
	at com.bridgelab.junituservalidation.UserValidation.enterEmailId(UserValidation.java:100)
	at com.bridgelab.junituservalidation.UserValidation.enterEmailId(UserValidation.java:100)
	at com.bridgelab.junituservalidation.UserValidation.enterEmailId(UserValidation.java:100)
	at com.bridgelab.junituservalidation.UserValidation.enterEmailId(UserValidation.java:100)
	at com.bridgelab.junituservalidation.UserValidation.enterEmailId(UserValidation.java:100)
	at com.bridgelab.junituservalidation.UserValidation.enterEmailId(UserValidation.java:100)
	at com.bridgelab.junituservalidation.UserValidation.enterEmailId(UserValidation.java:100)
	at com.bridgelab.junituservalidation.UserValidation.enterEmailId(UserValidation.java:100)
	at com.bridgelab.junituservalidation.UserValidation.enterEmailId(UserValidation.java:100)
	at com.bridgelab.junituservalidation.UserValidation.enterEmailId(UserValidation.java:100)
	at com.bridgelab.junituservalidation.UserValidation.enterEmailId(UserValidation.java:100)
	at com.bridgelab.junituservalidation.UserValidation.enterEmailId(UserValidation.java:100)
	at com.bridgelab.junituservalidation.UserValidation.enterEmailId(UserValidation.java:100)
	at com.bridgelab.junituservalidation.UserValidation.enterEmailId(UserValidation.java:100)
	at com.bridgelab.junituservalidation.UserValidation.enterEmailId(UserValidation.java:100)
	at com.bridgelab.junituservalidation.UserValidation.enterEmailId(UserValidation.java:100)
	at com.bridgelab.junituservalidation.UserValidation.enterEmailId(UserValidation.java:100)
	at com.bridgelab.junituservalidation.UserValidation.enterEmailId(UserValidation.java:100)
	at com.bridgelab.junituservalidation.UserValidation.enterEmailId(UserValidation.java:100)
	at com.bridgelab.junituservalidation.UserValidation.enterEmailId(UserValidation.java:100)
	at com.bridgelab.junituservalidation.UserValidation.enterEmailId(UserValidation.java:100)
	at com.bridgelab.junituservalidation.UserValidation.enterEmailId(UserValidation.java:100)
	at com.bridgelab.junituservalidation.UserValidation.enterEmailId(UserValidation.java:100)
	at com.bridgelab.junituservalidation.UserValidation.enterEmailId(UserValidation.java:100)
	at com.bridgelab.junituservalidation.UserValidation.enterEmailId(UserValidation.java:100)
	at com.bridgelab.junituservalidation.UserValidation.enterEmailId(UserValidation.java:100)
	at com.bridgelab.junituservalidation.UserValidation.enterEmailId(UserValidation.java:100)
	at com.bridgelab.junituservalidation.UserValidation.enterEmailId(UserValidation.java:100)
	at com.bridgelab.junituservalidation.UserValidation.enterEmailId(UserValidation.java:100)
	at com.bridgelab.junituservalidation.UserValidation.enterEmailId(UserValidation.java:100)
	at com.bridgelab.junituservalidation.UserValidation.enterEmailId(UserValidation.java:100)
	at com.bridgelab.junituservalidation.UserValidation.enterEmailId(UserValidation.java:100)
	at com.bridgelab.junituservalidation.UserValidation.enterEmailId(UserValidation.java:100)
	at com.bridgelab.junituservalidation.UserValidation.enterEmailId(UserValidation.java:100)
	at com.bridgelab.junituservalidation.UserValidation.enterEmailId(UserValidation.java:100)
	at com.bridgelab.junituservalidation.UserValidation.enterEmailId(UserValidation.java:100)
	at com.bridgelab.junituservalidation.UserValidation.enterEmailId(UserValidation.java:100)
	at com.bridgelab.junituservalidation.UserValidation.enterEmailId(UserValidation.java:100)
	at com.bridgelab.junituservalidation.UserValidation.enterEmailId(UserValidation.java:100)
	at com.bridgelab.junituservalidation.UserValidation.enterEmailId(UserValidation.java:100)
	at com.bridgelab.junituservalidation.UserValidation.enterEmailId(UserValidation.java:100)
	at com.bridgelab.junituservalidation.UserValidation.enterEmailId(UserValidation.java:100)
	at com.bridgelab.junituservalidation.UserValidation.enterEmailId(UserValidation.java:100)
	at com.bridgelab.junituservalidation.UserValidation.enterEmailId(UserValidation.java:100)
	at com.bridgelab.junituservalidation.UserValidation.enterEmailId(UserValidation.java:100)
	at com.bridgelab.junituservalidation.UserValidation.enterEmailId(UserValidation.java:100)
	at com.bridgelab.junituservalidation.UserValidation.enterEmailId(UserValidation.java:100)
	at com.bridgelab.junituservalidation.UserValidation.enterEmailId(UserValidation.java:100)
	at com.bridgelab.junituservalidation.UserValidation.enterEmailId(UserValidation.java:100)
	at com.bridgelab.junituservalidation.UserValidation.enterEmailId(UserValidation.java:100)
	at com.bridgelab.junituservalidation.UserValidation.enterEmailId(UserValidation.java:100)
	at com.bridgelab.junituservalidation.UserValidation.enterEmailId(UserValidation.java:100)
	at com.bridgelab.junituservalidation.UserValidation.enterEmailId(UserValidation.java:100)
	at com.bridgelab.junituservalidation.UserValidation.enterEmailId(UserValidation.java:100)
	at com.bridgelab.junituservalidation.UserValidation.enterEmailId(UserValidation.java:100)
	at com.bridgelab.junituservalidation.UserValidation.enterEmailId(UserValidation.java:100)
	at com.bridgelab.junituservalidation.UserValidation.enterEmailId(UserValidation.java:100)
	at com.bridgelab.junituservalidation.UserValidation.enterEmailId(UserValidation.java:100)
	at com.bridgelab.junituservalidation.UserValidation.enterEmailId(UserValidation.java:100)
	at com.bridgelab.junituservalidation.UserValidation.enterEmailId(UserValidation.java:100)
	at com.bridgelab.junituservalidation.UserValidation.enterEmailId(UserValidation.java:100)
	at com.bridgelab.junituservalidation.UserValidation.enterEmailId(UserValidation.java:100)
	at com.bridgelab.junituservalidation.UserValidation.enterEmailId(UserValidation.java:100)
	at com.bridgelab.junituservalidation.UserValidation.enterEmailId(UserValidation.java:100)
	at com.bridgelab.junituservalidation.UserValidation.enterEmailId(UserValidation.java:100)
	at com.bridgelab.junituservalidation.UserValidation.enterEmailId(UserValidation.java:100)
	at com.bridgelab.junituservalidation.UserValidation.enterEmailId(UserValidation.java:100)
	at com.bridgelab.junituservalidation.UserValidation.enterEmailId(UserValidation.java:100)
	at com.bridgelab.junituservalidation.UserValidation.enterEmailId(UserValidation.java:100)
	at com.bridgelab.junituservalidation.UserValidation.enterEmailId(UserValidation.java:100)
	at com.bridgelab.junituservalidation.UserValidation.enterEmailId(UserValidation.java:100)
	at com.bridgelab.junituservalidation.UserValidation.enterEmailId(UserValidation.java:100)
	at com.bridgelab.junituservalidation.UserValidation.enterEmailId(UserValidation.java:100)
	at com.bridgelab.junituservalidation.UserValidation.enterEmailId(UserValidation.java:100)
	at com.bridgelab.junituservalidation.UserValidation.enterEmailId(UserValidation.java:100)
	at com.bridgelab.junituservalidation.UserValidation.enterEmailId(UserValidation.java:100)
	at com.bridgelab.junituservalidation.UserValidation.enterEmailId(UserValidation.java:100)
	at com.bridgelab.junituservalidation.UserValidation.enterEmailId(UserValidation.java:100)
	at com.bridgelab.junituservalidation.UserValidation.enterEmailId(UserValidation.java:100)
	at com.bridgelab.junituservalidation.UserValidation.enterEmailId(UserValidation.java:100)
	at com.bridgelab.junituservalidation.UserValidation.enterEmailId(UserValidation.java:100)
	at com.bridgelab.junituservalidation.UserValidation.enterEmailId(UserValidation.java:100)
	at com.bridgelab.junituservalidation.UserValidation.enterEmailId(UserValidation.java:100)
	at com.bridgelab.junituservalidation.UserValidation.enterEmailId(UserValidation.java:100)
	at com.bridgelab.junituservalidation.UserValidation.enterEmailId(UserValidation.java:100)
	at com.bridgelab.junituservalidation.UserValidation.enterEmailId(UserValidation.java:100)
	at com.bridgelab.junituservalidation.UserValidation.enterEmailId(UserValidation.java:100)
	at com.bridgelab.junituservalidation.UserValidation.enterEmailId(UserValidation.java:100)
	at com.bridgelab.junituservalidation.UserValidation.enterEmailId(UserValidation.java:100)
	at com.bridgelab.junituservalidation.UserValidation.enterEmailId(UserValidation.java:100)
	at com.bridgelab.junituservalidation.UserValidation.enterEmailId(UserValidation.java:100)
	at com.bridgelab.junituservalidation.UserValidation.enterEmailId(UserValidation.java:100)
	at com.bridgelab.junituservalidation.UserValidation.enterEmailId(UserValidation.java:100)
	at com.bridgelab.junituservalidation.UserValidation.enterEmailId(UserValidation.java:100)
	at com.bridgelab.junituservalidation.UserValidation.enterEmailId(UserValidation.java:100)
	at com.bridgelab.junituservalidation.UserValidation.enterEmailId(UserValidation.java:100)
	at com.bridgelab.junituservalidation.UserValidation.enterEmailId(UserValidation.java:100)
</failure>
  </testcase>
  <system-out><![CDATA[


































































































































































































































































































































































































































































































































































































































































































































































































































































































































































































































































































































































































































































































































































































































































































































































































































































































































































































































































































































































































































































































































































































































































































































































































































































































































































































































































































































































































































































































































































































































































































































































































































































































































































































































































































































































































































































































































































































































































































































































































































































































































































































































































































































































































































































































































































































































































































































































































































































































































































































































































































































































































































































































































































































































































































































































































































































































































































































































































































































































































































































































































































































































































































































































































































































































































































































































































































































































































































































































































































































































































































































































































































































































































































































































































































































































































































































































































































































































































































































































































































































































































]]></system-out>
  <system-err><![CDATA[
Wrong Input : E.g. abc.xyz@bl.co.in Email has 3 mandatory parts (abc, bl & co) and 2 optional (xyz & in) with precise @ and . positions 
Wrong Input : E.g. abc.xyz@bl.co.in Email has 3 mandatory parts (abc, bl & co) and 2 optional (xyz & in) with precise @ and . positions 
Wrong Input : E.g. abc.xyz@bl.co.in Email has 3 mandatory parts (abc, bl & co) and 2 optional (xyz & in) with precise @ and . positions 
Wrong Input : E.g. abc.xyz@bl.co.in Email has 3 mandatory parts (abc, bl & co) and 2 optional (xyz & in) with precise @ and . positions 
Wrong Input : E.g. abc.xyz@bl.co.in Email has 3 mandatory parts (abc, bl & co) and 2 optional (xyz & in) with precise @ and . positions 
Wrong Input : E.g. abc.xyz@bl.co.in Email has 3 mandatory parts (abc, bl & co) and 2 optional (xyz & in) with precise @ and . positions 
Wrong Input : E.g. abc.xyz@bl.co.in Email has 3 mandatory parts (abc, bl & co) and 2 optional (xyz & in) with precise @ and . positions 
Wrong Input : E.g. abc.xyz@bl.co.in Email has 3 mandatory parts (abc, bl & co) and 2 optional (xyz & in) with precise @ and . positions 
Wrong Input : E.g. abc.xyz@bl.co.in Email has 3 mandatory parts (abc, bl & co) and 2 optional (xyz & in) with precise @ and . positions 
Wrong Input : E.g. abc.xyz@bl.co.in Email has 3 mandatory parts (abc, bl & co) and 2 optional (xyz & in) with precise @ and . positions 
Wrong Input : E.g. abc.xyz@bl.co.in Email has 3 mandatory parts (abc, bl & co) and 2 optional (xyz & in) with precise @ and . positions 
Wrong Input : E.g. abc.xyz@bl.co.in Email has 3 mandatory parts (abc, bl & co) and 2 optional (xyz & in) with precise @ and . positions 
Wrong Input : E.g. abc.xyz@bl.co.in Email has 3 mandatory parts (abc, bl & co) and 2 optional (xyz & in) with precise @ and . positions 
Wrong Input : E.g. abc.xyz@bl.co.in Email has 3 mandatory parts (abc, bl & co) and 2 optional (xyz & in) with precise @ and . positions 
Wrong Input : E.g. abc.xyz@bl.co.in Email has 3 mandatory parts (abc, bl & co) and 2 optional (xyz & in) with precise @ and . positions 
Wrong Input : E.g. abc.xyz@bl.co.in Email has 3 mandatory parts (abc, bl & co) and 2 optional (xyz & in) with precise @ and . positions 
Wrong Input : E.g. abc.xyz@bl.co.in Email has 3 mandatory parts (abc, bl & co) and 2 optional (xyz & in) with precise @ and . positions 
Wrong Input : E.g. abc.xyz@bl.co.in Email has 3 mandatory parts (abc, bl & co) and 2 optional (xyz & in) with precise @ and . positions 
Wrong Input : E.g. abc.xyz@bl.co.in Email has 3 mandatory parts (abc, bl & co) and 2 optional (xyz & in) with precise @ and . positions 
Wrong Input : E.g. abc.xyz@bl.co.in Email has 3 mandatory parts (abc, bl & co) and 2 optional (xyz & in) with precise @ and . positions 
Wrong Input : E.g. abc.xyz@bl.co.in Email has 3 mandatory parts (abc, bl & co) and 2 optional (xyz & in) with precise @ and . positions 
Wrong Input : E.g. abc.xyz@bl.co.in Email has 3 mandatory parts (abc, bl & co) and 2 optional (xyz & in) with precise @ and . positions 
Wrong Input : E.g. abc.xyz@bl.co.in Email has 3 mandatory parts (abc, bl & co) and 2 optional (xyz & in) with precise @ and . positions 
Wrong Input : E.g. abc.xyz@bl.co.in Email has 3 mandatory parts (abc, bl & co) and 2 optional (xyz & in) with precise @ and . positions 
Wrong Input : E.g. abc.xyz@bl.co.in Email has 3 mandatory parts (abc, bl & co) and 2 optional (xyz & in) with precise @ and . positions 
Wrong Input : E.g. abc.xyz@bl.co.in Email has 3 mandatory parts (abc, bl & co) and 2 optional (xyz & in) with precise @ and . positions 
Wrong Input : E.g. abc.xyz@bl.co.in Email has 3 mandatory parts (abc, bl & co) and 2 optional (xyz & in) with precise @ and . positions 
Wrong Input : E.g. abc.xyz@bl.co.in Email has 3 mandatory parts (abc, bl & co) and 2 optional (xyz & in) with precise @ and . positions 
Wrong Input : E.g. abc.xyz@bl.co.in Email has 3 mandatory parts (abc, bl & co) and 2 optional (xyz & in) with precise @ and . positions 
Wrong Input : E.g. abc.xyz@bl.co.in Email has 3 mandatory parts (abc, bl & co) and 2 optional (xyz & in) with precise @ and . positions 
Wrong Input : E.g. abc.xyz@bl.co.in Email has 3 mandatory parts (abc, bl & co) and 2 optional (xyz & in) with precise @ and . positions 
Wrong Input : E.g. abc.xyz@bl.co.in Email has 3 mandatory parts (abc, bl & co) and 2 optional (xyz & in) with precise @ and . positions 
Wrong Input : E.g. abc.xyz@bl.co.in Email has 3 mandatory parts (abc, bl & co) and 2 optional (xyz & in) with precise @ and . positions 
Wrong Input : E.g. abc.xyz@bl.co.in Email has 3 mandatory parts (abc, bl & co) and 2 optional (xyz & in) with precise @ and . positions 
Wrong Input : E.g. abc.xyz@bl.co.in Email has 3 mandatory parts (abc, bl & co) and 2 optional (xyz & in) with precise @ and . positions 
Wrong Input : E.g. abc.xyz@bl.co.in Email has 3 mandatory parts (abc, bl & co) and 2 optional (xyz & in) with precise @ and . positions 
Wrong Input : E.g. abc.xyz@bl.co.in Email has 3 mandatory parts (abc, bl & co) and 2 optional (xyz & in) with precise @ and . positions 
Wrong Input : E.g. abc.xyz@bl.co.in Email has 3 mandatory parts (abc, bl & co) and 2 optional (xyz & in) with precise @ and . positions 
Wrong Input : E.g. abc.xyz@bl.co.in Email has 3 mandatory parts (abc, bl & co) and 2 optional (xyz & in) with precise @ and . positions 
Wrong Input : E.g. abc.xyz@bl.co.in Email has 3 mandatory parts (abc, bl & co) and 2 optional (xyz & in) with precise @ and . positions 
Wrong Input : E.g. abc.xyz@bl.co.in Email has 3 mandatory parts (abc, bl & co) and 2 optional (xyz & in) with precise @ and . positions 
Wrong Input : E.g. abc.xyz@bl.co.in Email has 3 mandatory parts (abc, bl & co) and 2 optional (xyz & in) with precise @ and . positions 
Wrong Input : E.g. abc.xyz@bl.co.in Email has 3 mandatory parts (abc, bl & co) and 2 optional (xyz & in) with precise @ and . positions 
Wrong Input : E.g. abc.xyz@bl.co.in Email has 3 mandatory parts (abc, bl & co) and 2 optional (xyz & in) with precise @ and . positions 
Wrong Input : E.g. abc.xyz@bl.co.in Email has 3 mandatory parts (abc, bl & co) and 2 optional (xyz & in) with precise @ and . positions 
Wrong Input : E.g. abc.xyz@bl.co.in Email has 3 mandatory parts (abc, bl & co) and 2 optional (xyz & in) with precise @ and . positions 
Wrong Input : E.g. abc.xyz@bl.co.in Email has 3 mandatory parts (abc, bl & co) and 2 optional (xyz & in) with precise @ and . positions 
Wrong Input : E.g. abc.xyz@bl.co.in Email has 3 mandatory parts (abc, bl & co) and 2 optional (xyz & in) with precise @ and . positions 
Wrong Input : E.g. abc.xyz@bl.co.in Email has 3 mandatory parts (abc, bl & co) and 2 optional (xyz & in) with precise @ and . positions 
Wrong Input : E.g. abc.xyz@bl.co.in Email has 3 mandatory parts (abc, bl & co) and 2 optional (xyz & in) with precise @ and . positions 
Wrong Input : E.g. abc.xyz@bl.co.in Email has 3 mandatory parts (abc, bl & co) and 2 optional (xyz & in) with precise @ and . positions 
Wrong Input : E.g. abc.xyz@bl.co.in Email has 3 mandatory parts (abc, bl & co) and 2 optional (xyz & in) with precise @ and . positions 
Wrong Input : E.g. abc.xyz@bl.co.in Email has 3 mandatory parts (abc, bl & co) and 2 optional (xyz & in) with precise @ and . positions 
Wrong Input : E.g. abc.xyz@bl.co.in Email has 3 mandatory parts (abc, bl & co) and 2 optional (xyz & in) with precise @ and . positions 
Wrong Input : E.g. abc.xyz@bl.co.in Email has 3 mandatory parts (abc, bl & co) and 2 optional (xyz & in) with precise @ and . positions 
Wrong Input : E.g. abc.xyz@bl.co.in Email has 3 mandatory parts (abc, bl & co) and 2 optional (xyz & in) with precise @ and . positions 
Wrong Input : E.g. abc.xyz@bl.co.in Email has 3 mandatory parts (abc, bl & co) and 2 optional (xyz & in) with precise @ and . positions 
Wrong Input : E.g. abc.xyz@bl.co.in Email has 3 mandatory parts (abc, bl & co) and 2 optional (xyz & in) with precise @ and . positions 
Wrong Input : E.g. abc.xyz@bl.co.in Email has 3 mandatory parts (abc, bl & co) and 2 optional (xyz & in) with precise @ and . positions 
Wrong Input : E.g. abc.xyz@bl.co.in Email has 3 mandatory parts (abc, bl & co) and 2 optional (xyz & in) with precise @ and . positions 
Wrong Input : E.g. abc.xyz@bl.co.in Email has 3 mandatory parts (abc, bl & co) and 2 optional (xyz & in) with precise @ and . positions 
Wrong Input : E.g. abc.xyz@bl.co.in Email has 3 mandatory parts (abc, bl & co) and 2 optional (xyz & in) with precise @ and . positions 
Wrong Input : E.g. abc.xyz@bl.co.in Email has 3 mandatory parts (abc, bl & co) and 2 optional (xyz & in) with precise @ and . positions 
Wrong Input : E.g. abc.xyz@bl.co.in Email has 3 mandatory parts (abc, bl & co) and 2 optional (xyz & in) with precise @ and . positions 
Wrong Input : E.g. abc.xyz@bl.co.in Email has 3 mandatory parts (abc, bl & co) and 2 optional (xyz & in) with precise @ and . positions 
Wrong Input : E.g. abc.xyz@bl.co.in Email has 3 mandatory parts (abc, bl & co) and 2 optional (xyz & in) with precise @ and . positions 
Wrong Input : E.g. abc.xyz@bl.co.in Email has 3 mandatory parts (abc, bl & co) and 2 optional (xyz & in) with precise @ and . positions 
Wrong Input : E.g. abc.xyz@bl.co.in Email has 3 mandatory parts (abc, bl & co) and 2 optional (xyz & in) with precise @ and . positions 
Wrong Input : E.g. abc.xyz@bl.co.in Email has 3 mandatory parts (abc, bl & co) and 2 optional (xyz & in) with precise @ and . positions 
Wrong Input : E.g. abc.xyz@bl.co.in Email has 3 mandatory parts (abc, bl & co) and 2 optional (xyz & in) with precise @ and . positions 
Wrong Input : E.g. abc.xyz@bl.co.in Email has 3 mandatory parts (abc, bl & co) and 2 optional (xyz & in) with precise @ and . positions 
Wrong Input : E.g. abc.xyz@bl.co.in Email has 3 mandatory parts (abc, bl & co) and 2 optional (xyz & in) with precise @ and . positions 
Wrong Input : E.g. abc.xyz@bl.co.in Email has 3 mandatory parts (abc, bl & co) and 2 optional (xyz & in) with precise @ and . positions 
Wrong Input : E.g. abc.xyz@bl.co.in Email has 3 mandatory parts (abc, bl & co) and 2 optional (xyz & in) with precise @ and . positions 
Wrong Input : E.g. abc.xyz@bl.co.in Email has 3 mandatory parts (abc, bl & co) and 2 optional (xyz & in) with precise @ and . positions 
Wrong Input : E.g. abc.xyz@bl.co.in Email has 3 mandatory parts (abc, bl & co) and 2 optional (xyz & in) with precise @ and . positions 
Wrong Input : E.g. abc.xyz@bl.co.in Email has 3 mandatory parts (abc, bl & co) and 2 optional (xyz & in) with precise @ and . positions 
Wrong Input : E.g. abc.xyz@bl.co.in Email has 3 mandatory parts (abc, bl & co) and 2 optional (xyz & in) with precise @ and . positions 
Wrong Input : E.g. abc.xyz@bl.co.in Email has 3 mandatory parts (abc, bl & co) and 2 optional (xyz & in) with precise @ and . positions 
Wrong Input : E.g. abc.xyz@bl.co.in Email has 3 mandatory parts (abc, bl & co) and 2 optional (xyz & in) with precise @ and . positions 
Wrong Input : E.g. abc.xyz@bl.co.in Email has 3 mandatory parts (abc, bl & co) and 2 optional (xyz & in) with precise @ and . positions 
Wrong Input : E.g. abc.xyz@bl.co.in Email has 3 mandatory parts (abc, bl & co) and 2 optional (xyz & in) with precise @ and . positions 
Wrong Input : E.g. abc.xyz@bl.co.in Email has 3 mandatory parts (abc, bl & co) and 2 optional (xyz & in) with precise @ and . positions 
Wrong Input : E.g. abc.xyz@bl.co.in Email has 3 mandatory parts (abc, bl & co) and 2 optional (xyz & in) with precise @ and . positions 
Wrong Input : E.g. abc.xyz@bl.co.in Email has 3 mandatory parts (abc, bl & co) and 2 optional (xyz & in) with precise @ and . positions 
Wrong Input : E.g. abc.xyz@bl.co.in Email has 3 mandatory parts (abc, bl & co) and 2 optional (xyz & in) with precise @ and . positions 
Wrong Input : E.g. abc.xyz@bl.co.in Email has 3 mandatory parts (abc, bl & co) and 2 optional (xyz & in) with precise @ and . positions 
Wrong Input : E.g. abc.xyz@bl.co.in Email has 3 mandatory parts (abc, bl & co) and 2 optional (xyz & in) with precise @ and . positions 
Wrong Input : E.g. abc.xyz@bl.co.in Email has 3 mandatory parts (abc, bl & co) and 2 optional (xyz & in) with precise @ and . positions 
Wrong Input : E.g. abc.xyz@bl.co.in Email has 3 mandatory parts (abc, bl & co) and 2 optional (xyz & in) with precise @ and . positions 
Wrong Input : E.g. abc.xyz@bl.co.in Email has 3 mandatory parts (abc, bl & co) and 2 optional (xyz & in) with precise @ and . positions 
Wrong Input : E.g. abc.xyz@bl.co.in Email has 3 mandatory parts (abc, bl & co) and 2 optional (xyz & in) with precise @ and . positions 
Wrong Input : E.g. abc.xyz@bl.co.in Email has 3 mandatory parts (abc, bl & co) and 2 optional (xyz & in) with precise @ and . positions 
Wrong Input : E.g. abc.xyz@bl.co.in Email has 3 mandatory parts (abc, bl & co) and 2 optional (xyz & in) with precise @ and . positions 
Wrong Input : E.g. abc.xyz@bl.co.in Email has 3 mandatory parts (abc, bl & co) and 2 optional (xyz & in) with precise @ and . positions 
Wrong Input : E.g. abc.xyz@bl.co.in Email has 3 mandatory parts (abc, bl & co) and 2 optional (xyz & in) with precise @ and . positions 
Wrong Input : E.g. abc.xyz@bl.co.in Email has 3 mandatory parts (abc, bl & co) and 2 optional (xyz & in) with precise @ and . positions 
Wrong Input : E.g. abc.xyz@bl.co.in Email has 3 mandatory parts (abc, bl & co) and 2 optional (xyz & in) with precise @ and . positions 
Wrong Input : E.g. abc.xyz@bl.co.in Email has 3 mandatory parts (abc, bl & co) and 2 optional (xyz & in) with precise @ and . positions 
Wrong Input : E.g. abc.xyz@bl.co.in Email has 3 mandatory parts (abc, bl & co) and 2 optional (xyz & in) with precise @ and . positions 
Wrong Input : E.g. abc.xyz@bl.co.in Email has 3 mandatory parts (abc, bl & co) and 2 optional (xyz & in) with precise @ and . positions 
Wrong Input : E.g. abc.xyz@bl.co.in Email has 3 mandatory parts (abc, bl & co) and 2 optional (xyz & in) with precise @ and . positions 
Wrong Input : E.g. abc.xyz@bl.co.in Email has 3 mandatory parts (abc, bl & co) and 2 optional (xyz & in) with precise @ and . positions 
Wrong Input : E.g. abc.xyz@bl.co.in Email has 3 mandatory parts (abc, bl & co) and 2 optional (xyz & in) with precise @ and . positions 
Wrong Input : E.g. abc.xyz@bl.co.in Email has 3 mandatory parts (abc, bl & co) and 2 optional (xyz & in) with precise @ and . positions 
Wrong Input : E.g. abc.xyz@bl.co.in Email has 3 mandatory parts (abc, bl & co) and 2 optional (xyz & in) with precise @ and . positions 
Wrong Input : E.g. abc.xyz@bl.co.in Email has 3 mandatory parts (abc, bl & co) and 2 optional (xyz & in) with precise @ and . positions 
Wrong Input : E.g. abc.xyz@bl.co.in Email has 3 mandatory parts (abc, bl & co) and 2 optional (xyz & in) with precise @ and . positions 
Wrong Input : E.g. abc.xyz@bl.co.in Email has 3 mandatory parts (abc, bl & co) and 2 optional (xyz & in) with precise @ and . positions 
Wrong Input : E.g. abc.xyz@bl.co.in Email has 3 mandatory parts (abc, bl & co) and 2 optional (xyz & in) with precise @ and . positions 
Wrong Input : E.g. abc.xyz@bl.co.in Email has 3 mandatory parts (abc, bl & co) and 2 optional (xyz & in) with precise @ and . positions 
Wrong Input : E.g. abc.xyz@bl.co.in Email has 3 mandatory parts (abc, bl & co) and 2 optional (xyz & in) with precise @ and . positions 
Wrong Input : E.g. abc.xyz@bl.co.in Email has 3 mandatory parts (abc, bl & co) and 2 optional (xyz & in) with precise @ and . positions 
Wrong Input : E.g. abc.xyz@bl.co.in Email has 3 mandatory parts (abc, bl & co) and 2 optional (xyz & in) with precise @ and . positions 
Wrong Input : E.g. abc.xyz@bl.co.in Email has 3 mandatory parts (abc, bl & co) and 2 optional (xyz & in) with precise @ and . positions 
Wrong Input : E.g. abc.xyz@bl.co.in Email has 3 mandatory parts (abc, bl & co) and 2 optional (xyz & in) with precise @ and . positions 
Wrong Input : E.g. abc.xyz@bl.co.in Email has 3 mandatory parts (abc, bl & co) and 2 optional (xyz & in) with precise @ and . positions 
Wrong Input : E.g. abc.xyz@bl.co.in Email has 3 mandatory parts (abc, bl & co) and 2 optional (xyz & in) with precise @ and . positions 
Wrong Input : E.g. abc.xyz@bl.co.in Email has 3 mandatory parts (abc, bl & co) and 2 optional (xyz & in) with precise @ and . positions 
Wrong Input : E.g. abc.xyz@bl.co.in Email has 3 mandatory parts (abc, bl & co) and 2 optional (xyz & in) with precise @ and . positions 
Wrong Input : E.g. abc.xyz@bl.co.in Email has 3 mandatory parts (abc, bl & co) and 2 optional (xyz & in) with precise @ and . positions 
Wrong Input : E.g. abc.xyz@bl.co.in Email has 3 mandatory parts (abc, bl & co) and 2 optional (xyz & in) with precise @ and . positions 
Wrong Input : E.g. abc.xyz@bl.co.in Email has 3 mandatory parts (abc, bl & co) and 2 optional (xyz & in) with precise @ and . positions 
Wrong Input : E.g. abc.xyz@bl.co.in Email has 3 mandatory parts (abc, bl & co) and 2 optional (xyz & in) with precise @ and . positions 
Wrong Input : E.g. abc.xyz@bl.co.in Email has 3 mandatory parts (abc, bl & co) and 2 optional (xyz & in) with precise @ and . positions 
Wrong Input : E.g. abc.xyz@bl.co.in Email has 3 mandatory parts (abc, bl & co) and 2 optional (xyz & in) with precise @ and . positions 
Wrong Input : E.g. abc.xyz@bl.co.in Email has 3 mandatory parts (abc, bl & co) and 2 optional (xyz & in) with precise @ and . positions 
Wrong Input : E.g. abc.xyz@bl.co.in Email has 3 mandatory parts (abc, bl & co) and 2 optional (xyz & in) with precise @ and . positions 
Wrong Input : E.g. abc.xyz@bl.co.in Email has 3 mandatory parts (abc, bl & co) and 2 optional (xyz & in) with precise @ and . positions 
Wrong Input : E.g. abc.xyz@bl.co.in Email has 3 mandatory parts (abc, bl & co) and 2 optional (xyz & in) with precise @ and . positions 
Wrong Input : E.g. abc.xyz@bl.co.in Email has 3 mandatory parts (abc, bl & co) and 2 optional (xyz & in) with precise @ and . positions 
Wrong Input : E.g. abc.xyz@bl.co.in Email has 3 mandatory parts (abc, bl & co) and 2 optional (xyz & in) with precise @ and . positions 
Wrong Input : E.g. abc.xyz@bl.co.in Email has 3 mandatory parts (abc, bl & co) and 2 optional (xyz & in) with precise @ and . positions 
Wrong Input : E.g. abc.xyz@bl.co.in Email has 3 mandatory parts (abc, bl & co) and 2 optional (xyz & in) with precise @ and . positions 
Wrong Input : E.g. abc.xyz@bl.co.in Email has 3 mandatory parts (abc, bl & co) and 2 optional (xyz & in) with precise @ and . positions 
Wrong Input : E.g. abc.xyz@bl.co.in Email has 3 mandatory parts (abc, bl & co) and 2 optional (xyz & in) with precise @ and . positions 
Wrong Input : E.g. abc.xyz@bl.co.in Email has 3 mandatory parts (abc, bl & co) and 2 optional (xyz & in) with precise @ and . positions 
Wrong Input : E.g. abc.xyz@bl.co.in Email has 3 mandatory parts (abc, bl & co) and 2 optional (xyz & in) with precise @ and . positions 
Wrong Input : E.g. abc.xyz@bl.co.in Email has 3 mandatory parts (abc, bl & co) and 2 optional (xyz & in) with precise @ and . positions 
Wrong Input : E.g. abc.xyz@bl.co.in Email has 3 mandatory parts (abc, bl & co) and 2 optional (xyz & in) with precise @ and . positions 
Wrong Input : E.g. abc.xyz@bl.co.in Email has 3 mandatory parts (abc, bl & co) and 2 optional (xyz & in) with precise @ and . positions 
Wrong Input : E.g. abc.xyz@bl.co.in Email has 3 mandatory parts (abc, bl & co) and 2 optional (xyz & in) with precise @ and . positions 
Wrong Input : E.g. abc.xyz@bl.co.in Email has 3 mandatory parts (abc, bl & co) and 2 optional (xyz & in) with precise @ and . positions 
Wrong Input : E.g. abc.xyz@bl.co.in Email has 3 mandatory parts (abc, bl & co) and 2 optional (xyz & in) with precise @ and . positions 
Wrong Input : E.g. abc.xyz@bl.co.in Email has 3 mandatory parts (abc, bl & co) and 2 optional (xyz & in) with precise @ and . positions 
Wrong Input : E.g. abc.xyz@bl.co.in Email has 3 mandatory parts (abc, bl & co) and 2 optional (xyz & in) with precise @ and . positions 
Wrong Input : E.g. abc.xyz@bl.co.in Email has 3 mandatory parts (abc, bl & co) and 2 optional (xyz & in) with precise @ and . positions 
Wrong Input : E.g. abc.xyz@bl.co.in Email has 3 mandatory parts (abc, bl & co) and 2 optional (xyz & in) with precise @ and . positions 
Wrong Input : E.g. abc.xyz@bl.co.in Email has 3 mandatory parts (abc, bl & co) and 2 optional (xyz & in) with precise @ and . positions 
Wrong Input : E.g. abc.xyz@bl.co.in Email has 3 mandatory parts (abc, bl & co) and 2 optional (xyz & in) with precise @ and . positions 
Wrong Input : E.g. abc.xyz@bl.co.in Email has 3 mandatory parts (abc, bl & co) and 2 optional (xyz & in) with precise @ and . positions 
Wrong Input : E.g. abc.xyz@bl.co.in Email has 3 mandatory parts (abc, bl & co) and 2 optional (xyz & in) with precise @ and . positions 
Wrong Input : E.g. abc.xyz@bl.co.in Email has 3 mandatory parts (abc, bl & co) and 2 optional (xyz & in) with precise @ and . positions 
Wrong Input : E.g. abc.xyz@bl.co.in Email has 3 mandatory parts (abc, bl & co) and 2 optional (xyz & in) with precise @ and . positions 
Wrong Input : E.g. abc.xyz@bl.co.in Email has 3 mandatory parts (abc, bl & co) and 2 optional (xyz & in) with precise @ and . positions 
Wrong Input : E.g. abc.xyz@bl.co.in Email has 3 mandatory parts (abc, bl & co) and 2 optional (xyz & in) with precise @ and . positions 
Wrong Input : E.g. abc.xyz@bl.co.in Email has 3 mandatory parts (abc, bl & co) and 2 optional (xyz & in) with precise @ and . positions 
Wrong Input : E.g. abc.xyz@bl.co.in Email has 3 mandatory parts (abc, bl & co) and 2 optional (xyz & in) with precise @ and . positions 
Wrong Input : E.g. abc.xyz@bl.co.in Email has 3 mandatory parts (abc, bl & co) and 2 optional (xyz & in) with precise @ and . positions 
Wrong Input : E.g. abc.xyz@bl.co.in Email has 3 mandatory parts (abc, bl & co) and 2 optional (xyz & in) with precise @ and . positions 
Wrong Input : E.g. abc.xyz@bl.co.in Email has 3 mandatory parts (abc, bl & co) and 2 optional (xyz & in) with precise @ and . positions 
Wrong Input : E.g. abc.xyz@bl.co.in Email has 3 mandatory parts (abc, bl & co) and 2 optional (xyz & in) with precise @ and . positions 
Wrong Input : E.g. abc.xyz@bl.co.in Email has 3 mandatory parts (abc, bl & co) and 2 optional (xyz & in) with precise @ and . positions 
Wrong Input : E.g. abc.xyz@bl.co.in Email has 3 mandatory parts (abc, bl & co) and 2 optional (xyz & in) with precise @ and . positions 
Wrong Input : E.g. abc.xyz@bl.co.in Email has 3 mandatory parts (abc, bl & co) and 2 optional (xyz & in) with precise @ and . positions 
Wrong Input : E.g. abc.xyz@bl.co.in Email has 3 mandatory parts (abc, bl & co) and 2 optional (xyz & in) with precise @ and . positions 
Wrong Input : E.g. abc.xyz@bl.co.in Email has 3 mandatory parts (abc, bl & co) and 2 optional (xyz & in) with precise @ and . positions 
Wrong Input : E.g. abc.xyz@bl.co.in Email has 3 mandatory parts (abc, bl & co) and 2 optional (xyz & in) with precise @ and . positions 
Wrong Input : E.g. abc.xyz@bl.co.in Email has 3 mandatory parts (abc, bl & co) and 2 optional (xyz & in) with precise @ and . positions 
Wrong Input : E.g. abc.xyz@bl.co.in Email has 3 mandatory parts (abc, bl & co) and 2 optional (xyz & in) with precise @ and . positions 
Wrong Input : E.g. abc.xyz@bl.co.in Email has 3 mandatory parts (abc, bl & co) and 2 optional (xyz & in) with precise @ and . positions 
Wrong Input : E.g. abc.xyz@bl.co.in Email has 3 mandatory parts (abc, bl & co) and 2 optional (xyz & in) with precise @ and . positions 
Wrong Input : E.g. abc.xyz@bl.co.in Email has 3 mandatory parts (abc, bl & co) and 2 optional (xyz & in) with precise @ and . positions 
Wrong Input : E.g. abc.xyz@bl.co.in Email has 3 mandatory parts (abc, bl & co) and 2 optional (xyz & in) with precise @ and . positions 
Wrong Input : E.g. abc.xyz@bl.co.in Email has 3 mandatory parts (abc, bl & co) and 2 optional (xyz & in) with precise @ and . positions 
Wrong Input : E.g. abc.xyz@bl.co.in Email has 3 mandatory parts (abc, bl & co) and 2 optional (xyz & in) with precise @ and . positions 
Wrong Input : E.g. abc.xyz@bl.co.in Email has 3 mandatory parts (abc, bl & co) and 2 optional (xyz & in) with precise @ and . positions 
Wrong Input : E.g. abc.xyz@bl.co.in Email has 3 mandatory parts (abc, bl & co) and 2 optional (xyz & in) with precise @ and . positions 
Wrong Input : E.g. abc.xyz@bl.co.in Email has 3 mandatory parts (abc, bl & co) and 2 optional (xyz & in) with precise @ and . positions 
Wrong Input : E.g. abc.xyz@bl.co.in Email has 3 mandatory parts (abc, bl & co) and 2 optional (xyz & in) with precise @ and . positions 
Wrong Input : E.g. abc.xyz@bl.co.in Email has 3 mandatory parts (abc, bl & co) and 2 optional (xyz & in) with precise @ and . positions 
Wrong Input : E.g. abc.xyz@bl.co.in Email has 3 mandatory parts (abc, bl & co) and 2 optional (xyz & in) with precise @ and . positions 
Wrong Input : E.g. abc.xyz@bl.co.in Email has 3 mandatory parts (abc, bl & co) and 2 optional (xyz & in) with precise @ and . positions 
Wrong Input : E.g. abc.xyz@bl.co.in Email has 3 mandatory parts (abc, bl & co) and 2 optional (xyz & in) with precise @ and . positions 
Wrong Input : E.g. abc.xyz@bl.co.in Email has 3 mandatory parts (abc, bl & co) and 2 optional (xyz & in) with precise @ and . positions 
Wrong Input : E.g. abc.xyz@bl.co.in Email has 3 mandatory parts (abc, bl & co) and 2 optional (xyz & in) with precise @ and . positions 
Wrong Input : E.g. abc.xyz@bl.co.in Email has 3 mandatory parts (abc, bl & co) and 2 optional (xyz & in) with precise @ and . positions 
Wrong Input : E.g. abc.xyz@bl.co.in Email has 3 mandatory parts (abc, bl & co) and 2 optional (xyz & in) with precise @ and . positions 
Wrong Input : E.g. abc.xyz@bl.co.in Email has 3 mandatory parts (abc, bl & co) and 2 optional (xyz & in) with precise @ and . positions 
Wrong Input : E.g. abc.xyz@bl.co.in Email has 3 mandatory parts (abc, bl & co) and 2 optional (xyz & in) with precise @ and . positions 
Wrong Input : E.g. abc.xyz@bl.co.in Email has 3 mandatory parts (abc, bl & co) and 2 optional (xyz & in) with precise @ and . positions 
Wrong Input : E.g. abc.xyz@bl.co.in Email has 3 mandatory parts (abc, bl & co) and 2 optional (xyz & in) with precise @ and . positions 
Wrong Input : E.g. abc.xyz@bl.co.in Email has 3 mandatory parts (abc, bl & co) and 2 optional (xyz & in) with precise @ and . positions 
Wrong Input : E.g. abc.xyz@bl.co.in Email has 3 mandatory parts (abc, bl & co) and 2 optional (xyz & in) with precise @ and . positions 
Wrong Input : E.g. abc.xyz@bl.co.in Email has 3 mandatory parts (abc, bl & co) and 2 optional (xyz & in) with precise @ and . positions 
Wrong Input : E.g. abc.xyz@bl.co.in Email has 3 mandatory parts (abc, bl & co) and 2 optional (xyz & in) with precise @ and . positions 
Wrong Input : E.g. abc.xyz@bl.co.in Email has 3 mandatory parts (abc, bl & co) and 2 optional (xyz & in) with precise @ and . positions 
Wrong Input : E.g. abc.xyz@bl.co.in Email has 3 mandatory parts (abc, bl & co) and 2 optional (xyz & in) with precise @ and . positions 
Wrong Input : E.g. abc.xyz@bl.co.in Email has 3 mandatory parts (abc, bl & co) and 2 optional (xyz & in) with precise @ and . positions 
Wrong Input : E.g. abc.xyz@bl.co.in Email has 3 mandatory parts (abc, bl & co) and 2 optional (xyz & in) with precise @ and . positions 
Wrong Input : E.g. abc.xyz@bl.co.in Email has 3 mandatory parts (abc, bl & co) and 2 optional (xyz & in) with precise @ and . positions 
Wrong Input : E.g. abc.xyz@bl.co.in Email has 3 mandatory parts (abc, bl & co) and 2 optional (xyz & in) with precise @ and . positions 
Wrong Input : E.g. abc.xyz@bl.co.in Email has 3 mandatory parts (abc, bl & co) and 2 optional (xyz & in) with precise @ and . positions 
Wrong Input : E.g. abc.xyz@bl.co.in Email has 3 mandatory parts (abc, bl & co) and 2 optional (xyz & in) with precise @ and . positions 
Wrong Input : E.g. abc.xyz@bl.co.in Email has 3 mandatory parts (abc, bl & co) and 2 optional (xyz & in) with precise @ and . positions 
Wrong Input : E.g. abc.xyz@bl.co.in Email has 3 mandatory parts (abc, bl & co) and 2 optional (xyz & in) with precise @ and . positions 
Wrong Input : E.g. abc.xyz@bl.co.in Email has 3 mandatory parts (abc, bl & co) and 2 optional (xyz & in) with precise @ and . positions 
Wrong Input : E.g. abc.xyz@bl.co.in Email has 3 mandatory parts (abc, bl & co) and 2 optional (xyz & in) with precise @ and . positions 
Wrong Input : E.g. abc.xyz@bl.co.in Email has 3 mandatory parts (abc, bl & co) and 2 optional (xyz & in) with precise @ and . positions 
Wrong Input : E.g. abc.xyz@bl.co.in Email has 3 mandatory parts (abc, bl & co) and 2 optional (xyz & in) with precise @ and . positions 
Wrong Input : E.g. abc.xyz@bl.co.in Email has 3 mandatory parts (abc, bl & co) and 2 optional (xyz & in) with precise @ and . positions 
Wrong Input : E.g. abc.xyz@bl.co.in Email has 3 mandatory parts (abc, bl & co) and 2 optional (xyz & in) with precise @ and . positions 
Wrong Input : E.g. abc.xyz@bl.co.in Email has 3 mandatory parts (abc, bl & co) and 2 optional (xyz & in) with precise @ and . positions 
Wrong Input : E.g. abc.xyz@bl.co.in Email has 3 mandatory parts (abc, bl & co) and 2 optional (xyz & in) with precise @ and . positions 
Wrong Input : E.g. abc.xyz@bl.co.in Email has 3 mandatory parts (abc, bl & co) and 2 optional (xyz & in) with precise @ and . positions 
Wrong Input : E.g. abc.xyz@bl.co.in Email has 3 mandatory parts (abc, bl & co) and 2 optional (xyz & in) with precise @ and . positions 
Wrong Input : E.g. abc.xyz@bl.co.in Email has 3 mandatory parts (abc, bl & co) and 2 optional (xyz & in) with precise @ and . positions 
Wrong Input : E.g. abc.xyz@bl.co.in Email has 3 mandatory parts (abc, bl & co) and 2 optional (xyz & in) with precise @ and . positions 
Wrong Input : E.g. abc.xyz@bl.co.in Email has 3 mandatory parts (abc, bl & co) and 2 optional (xyz & in) with precise @ and . positions 
Wrong Input : E.g. abc.xyz@bl.co.in Email has 3 mandatory parts (abc, bl & co) and 2 optional (xyz & in) with precise @ and . positions 
Wrong Input : E.g. abc.xyz@bl.co.in Email has 3 mandatory parts (abc, bl & co) and 2 optional (xyz & in) with precise @ and . positions 
Wrong Input : E.g. abc.xyz@bl.co.in Email has 3 mandatory parts (abc, bl & co) and 2 optional (xyz & in) with precise @ and . positions 
Wrong Input : E.g. abc.xyz@bl.co.in Email has 3 mandatory parts (abc, bl & co) and 2 optional (xyz & in) with precise @ and . positions 
Wrong Input : E.g. abc.xyz@bl.co.in Email has 3 mandatory parts (abc, bl & co) and 2 optional (xyz & in) with precise @ and . positions 
Wrong Input : E.g. abc.xyz@bl.co.in Email has 3 mandatory parts (abc, bl & co) and 2 optional (xyz & in) with precise @ and . positions 
Wrong Input : E.g. abc.xyz@bl.co.in Email has 3 mandatory parts (abc, bl & co) and 2 optional (xyz & in) with precise @ and . positions 
Wrong Input : E.g. abc.xyz@bl.co.in Email has 3 mandatory parts (abc, bl & co) and 2 optional (xyz & in) with precise @ and . positions 
Wrong Input : E.g. abc.xyz@bl.co.in Email has 3 mandatory parts (abc, bl & co) and 2 optional (xyz & in) with precise @ and . positions 
Wrong Input : E.g. abc.xyz@bl.co.in Email has 3 mandatory parts (abc, bl & co) and 2 optional (xyz & in) with precise @ and . positions 
Wrong Input : E.g. abc.xyz@bl.co.in Email has 3 mandatory parts (abc, bl & co) and 2 optional (xyz & in) with precise @ and . positions 
Wrong Input : E.g. abc.xyz@bl.co.in Email has 3 mandatory parts (abc, bl & co) and 2 optional (xyz & in) with precise @ and . positions 
Wrong Input : E.g. abc.xyz@bl.co.in Email has 3 mandatory parts (abc, bl & co) and 2 optional (xyz & in) with precise @ and . positions 
Wrong Input : E.g. abc.xyz@bl.co.in Email has 3 mandatory parts (abc, bl & co) and 2 optional (xyz & in) with precise @ and . positions 
Wrong Input : E.g. abc.xyz@bl.co.in Email has 3 mandatory parts (abc, bl & co) and 2 optional (xyz & in) with precise @ and . positions 
Wrong Input : E.g. abc.xyz@bl.co.in Email has 3 mandatory parts (abc, bl & co) and 2 optional (xyz & in) with precise @ and . positions 
Wrong Input : E.g. abc.xyz@bl.co.in Email has 3 mandatory parts (abc, bl & co) and 2 optional (xyz & in) with precise @ and . positions 
Wrong Input : E.g. abc.xyz@bl.co.in Email has 3 mandatory parts (abc, bl & co) and 2 optional (xyz & in) with precise @ and . positions 
Wrong Input : E.g. abc.xyz@bl.co.in Email has 3 mandatory parts (abc, bl & co) and 2 optional (xyz & in) with precise @ and . positions 
Wrong Input : E.g. abc.xyz@bl.co.in Email has 3 mandatory parts (abc, bl & co) and 2 optional (xyz & in) with precise @ and . positions 
Wrong Input : E.g. abc.xyz@bl.co.in Email has 3 mandatory parts (abc, bl & co) and 2 optional (xyz & in) with precise @ and . positions 
Wrong Input : E.g. abc.xyz@bl.co.in Email has 3 mandatory parts (abc, bl & co) and 2 optional (xyz & in) with precise @ and . positions 
Wrong Input : E.g. abc.xyz@bl.co.in Email has 3 mandatory parts (abc, bl & co) and 2 optional (xyz & in) with precise @ and . positions 
Wrong Input : E.g. abc.xyz@bl.co.in Email has 3 mandatory parts (abc, bl & co) and 2 optional (xyz & in) with precise @ and . positions 
Wrong Input : E.g. abc.xyz@bl.co.in Email has 3 mandatory parts (abc, bl & co) and 2 optional (xyz & in) with precise @ and . positions 
Wrong Input : E.g. abc.xyz@bl.co.in Email has 3 mandatory parts (abc, bl & co) and 2 optional (xyz & in) with precise @ and . positions 
Wrong Input : E.g. abc.xyz@bl.co.in Email has 3 mandatory parts (abc, bl & co) and 2 optional (xyz & in) with precise @ and . positions 
Wrong Input : E.g. abc.xyz@bl.co.in Email has 3 mandatory parts (abc, bl & co) and 2 optional (xyz & in) with precise @ and . positions 
Wrong Input : E.g. abc.xyz@bl.co.in Email has 3 mandatory parts (abc, bl & co) and 2 optional (xyz & in) with precise @ and . positions 
Wrong Input : E.g. abc.xyz@bl.co.in Email has 3 mandatory parts (abc, bl & co) and 2 optional (xyz & in) with precise @ and . positions 
Wrong Input : E.g. abc.xyz@bl.co.in Email has 3 mandatory parts (abc, bl & co) and 2 optional (xyz & in) with precise @ and . positions 
Wrong Input : E.g. abc.xyz@bl.co.in Email has 3 mandatory parts (abc, bl & co) and 2 optional (xyz & in) with precise @ and . positions 
Wrong Input : E.g. abc.xyz@bl.co.in Email has 3 mandatory parts (abc, bl & co) and 2 optional (xyz & in) with precise @ and . positions 
Wrong Input : E.g. abc.xyz@bl.co.in Email has 3 mandatory parts (abc, bl & co) and 2 optional (xyz & in) with precise @ and . positions 
Wrong Input : E.g. abc.xyz@bl.co.in Email has 3 mandatory parts (abc, bl & co) and 2 optional (xyz & in) with precise @ and . positions 
Wrong Input : E.g. abc.xyz@bl.co.in Email has 3 mandatory parts (abc, bl & co) and 2 optional (xyz & in) with precise @ and . positions 
Wrong Input : E.g. abc.xyz@bl.co.in Email has 3 mandatory parts (abc, bl & co) and 2 optional (xyz & in) with precise @ and . positions 
Wrong Input : E.g. abc.xyz@bl.co.in Email has 3 mandatory parts (abc, bl & co) and 2 optional (xyz & in) with precise @ and . positions 
Wrong Input : E.g. abc.xyz@bl.co.in Email has 3 mandatory parts (abc, bl & co) and 2 optional (xyz & in) with precise @ and . positions 
Wrong Input : E.g. abc.xyz@bl.co.in Email has 3 mandatory parts (abc, bl & co) and 2 optional (xyz & in) with precise @ and . positions 
Wrong Input : E.g. abc.xyz@bl.co.in Email has 3 mandatory parts (abc, bl & co) and 2 optional (xyz & in) with precise @ and . positions 
Wrong Input : E.g. abc.xyz@bl.co.in Email has 3 mandatory parts (abc, bl & co) and 2 optional (xyz & in) with precise @ and . positions 
Wrong Input : E.g. abc.xyz@bl.co.in Email has 3 mandatory parts (abc, bl & co) and 2 optional (xyz & in) with precise @ and . positions 
Wrong Input : E.g. abc.xyz@bl.co.in Email has 3 mandatory parts (abc, bl & co) and 2 optional (xyz & in) with precise @ and . positions 
Wrong Input : E.g. abc.xyz@bl.co.in Email has 3 mandatory parts (abc, bl & co) and 2 optional (xyz & in) with precise @ and . positions 
Wrong Input : E.g. abc.xyz@bl.co.in Email has 3 mandatory parts (abc, bl & co) and 2 optional (xyz & in) with precise @ and . positions 
Wrong Input : E.g. abc.xyz@bl.co.in Email has 3 mandatory parts (abc, bl & co) and 2 optional (xyz & in) with precise @ and . positions 
Wrong Input : E.g. abc.xyz@bl.co.in Email has 3 mandatory parts (abc, bl & co) and 2 optional (xyz & in) with precise @ and . positions 
Wrong Input : E.g. abc.xyz@bl.co.in Email has 3 mandatory parts (abc, bl & co) and 2 optional (xyz & in) with precise @ and . positions 
Wrong Input : E.g. abc.xyz@bl.co.in Email has 3 mandatory parts (abc, bl & co) and 2 optional (xyz & in) with precise @ and . positions 
Wrong Input : E.g. abc.xyz@bl.co.in Email has 3 mandatory parts (abc, bl & co) and 2 optional (xyz & in) with precise @ and . positions 
Wrong Input : E.g. abc.xyz@bl.co.in Email has 3 mandatory parts (abc, bl & co) and 2 optional (xyz & in) with precise @ and . positions 
Wrong Input : E.g. abc.xyz@bl.co.in Email has 3 mandatory parts (abc, bl & co) and 2 optional (xyz & in) with precise @ and . positions 
Wrong Input : E.g. abc.xyz@bl.co.in Email has 3 mandatory parts (abc, bl & co) and 2 optional (xyz & in) with precise @ and . positions 
Wrong Input : E.g. abc.xyz@bl.co.in Email has 3 mandatory parts (abc, bl & co) and 2 optional (xyz & in) with precise @ and . positions 
Wrong Input : E.g. abc.xyz@bl.co.in Email has 3 mandatory parts (abc, bl & co) and 2 optional (xyz & in) with precise @ and . positions 
Wrong Input : E.g. abc.xyz@bl.co.in Email has 3 mandatory parts (abc, bl & co) and 2 optional (xyz & in) with precise @ and . positions 
Wrong Input : E.g. abc.xyz@bl.co.in Email has 3 mandatory parts (abc, bl & co) and 2 optional (xyz & in) with precise @ and . positions 
Wrong Input : E.g. abc.xyz@bl.co.in Email has 3 mandatory parts (abc, bl & co) and 2 optional (xyz & in) with precise @ and . positions 
Wrong Input : E.g. abc.xyz@bl.co.in Email has 3 mandatory parts (abc, bl & co) and 2 optional (xyz & in) with precise @ and . positions 
Wrong Input : E.g. abc.xyz@bl.co.in Email has 3 mandatory parts (abc, bl & co) and 2 optional (xyz & in) with precise @ and . positions 
Wrong Input : E.g. abc.xyz@bl.co.in Email has 3 mandatory parts (abc, bl & co) and 2 optional (xyz & in) with precise @ and . positions 
Wrong Input : E.g. abc.xyz@bl.co.in Email has 3 mandatory parts (abc, bl & co) and 2 optional (xyz & in) with precise @ and . positions 
Wrong Input : E.g. abc.xyz@bl.co.in Email has 3 mandatory parts (abc, bl & co) and 2 optional (xyz & in) with precise @ and . positions 
Wrong Input : E.g. abc.xyz@bl.co.in Email has 3 mandatory parts (abc, bl & co) and 2 optional (xyz & in) with precise @ and . positions 
Wrong Input : E.g. abc.xyz@bl.co.in Email has 3 mandatory parts (abc, bl & co) and 2 optional (xyz & in) with precise @ and . positions 
Wrong Input : E.g. abc.xyz@bl.co.in Email has 3 mandatory parts (abc, bl & co) and 2 optional (xyz & in) with precise @ and . positions 
Wrong Input : E.g. abc.xyz@bl.co.in Email has 3 mandatory parts (abc, bl & co) and 2 optional (xyz & in) with precise @ and . positions 
Wrong Input : E.g. abc.xyz@bl.co.in Email has 3 mandatory parts (abc, bl & co) and 2 optional (xyz & in) with precise @ and . positions 
Wrong Input : E.g. abc.xyz@bl.co.in Email has 3 mandatory parts (abc, bl & co) and 2 optional (xyz & in) with precise @ and . positions 
Wrong Input : E.g. abc.xyz@bl.co.in Email has 3 mandatory parts (abc, bl & co) and 2 optional (xyz & in) with precise @ and . positions 
Wrong Input : E.g. abc.xyz@bl.co.in Email has 3 mandatory parts (abc, bl & co) and 2 optional (xyz & in) with precise @ and . positions 
Wrong Input : E.g. abc.xyz@bl.co.in Email has 3 mandatory parts (abc, bl & co) and 2 optional (xyz & in) with precise @ and . positions 
Wrong Input : E.g. abc.xyz@bl.co.in Email has 3 mandatory parts (abc, bl & co) and 2 optional (xyz & in) with precise @ and . positions 
Wrong Input : E.g. abc.xyz@bl.co.in Email has 3 mandatory parts (abc, bl & co) and 2 optional (xyz & in) with precise @ and . positions 
Wrong Input : E.g. abc.xyz@bl.co.in Email has 3 mandatory parts (abc, bl & co) and 2 optional (xyz & in) with precise @ and . positions 
Wrong Input : E.g. abc.xyz@bl.co.in Email has 3 mandatory parts (abc, bl & co) and 2 optional (xyz & in) with precise @ and . positions 
Wrong Input : E.g. abc.xyz@bl.co.in Email has 3 mandatory parts (abc, bl & co) and 2 optional (xyz & in) with precise @ and . positions 
Wrong Input : E.g. abc.xyz@bl.co.in Email has 3 mandatory parts (abc, bl & co) and 2 optional (xyz & in) with precise @ and . positions 
Wrong Input : E.g. abc.xyz@bl.co.in Email has 3 mandatory parts (abc, bl & co) and 2 optional (xyz & in) with precise @ and . positions 
Wrong Input : E.g. abc.xyz@bl.co.in Email has 3 mandatory parts (abc, bl & co) and 2 optional (xyz & in) with precise @ and . positions 
Wrong Input : E.g. abc.xyz@bl.co.in Email has 3 mandatory parts (abc, bl & co) and 2 optional (xyz & in) with precise @ and . positions 
Wrong Input : E.g. abc.xyz@bl.co.in Email has 3 mandatory parts (abc, bl & co) and 2 optional (xyz & in) with precise @ and . positions 
Wrong Input : E.g. abc.xyz@bl.co.in Email has 3 mandatory parts (abc, bl & co) and 2 optional (xyz & in) with precise @ and . positions 
Wrong Input : E.g. abc.xyz@bl.co.in Email has 3 mandatory parts (abc, bl & co) and 2 optional (xyz & in) with precise @ and . positions 
Wrong Input : E.g. abc.xyz@bl.co.in Email has 3 mandatory parts (abc, bl & co) and 2 optional (xyz & in) with precise @ and . positions 
Wrong Input : E.g. abc.xyz@bl.co.in Email has 3 mandatory parts (abc, bl & co) and 2 optional (xyz & in) with precise @ and . positions 
Wrong Input : E.g. abc.xyz@bl.co.in Email has 3 mandatory parts (abc, bl & co) and 2 optional (xyz & in) with precise @ and . positions 
Wrong Input : E.g. abc.xyz@bl.co.in Email has 3 mandatory parts (abc, bl & co) and 2 optional (xyz & in) with precise @ and . positions 
Wrong Input : E.g. abc.xyz@bl.co.in Email has 3 mandatory parts (abc, bl & co) and 2 optional (xyz & in) with precise @ and . positions 
Wrong Input : E.g. abc.xyz@bl.co.in Email has 3 mandatory parts (abc, bl & co) and 2 optional (xyz & in) with precise @ and . positions 
Wrong Input : E.g. abc.xyz@bl.co.in Email has 3 mandatory parts (abc, bl & co) and 2 optional (xyz & in) with precise @ and . positions 
Wrong Input : E.g. abc.xyz@bl.co.in Email has 3 mandatory parts (abc, bl & co) and 2 optional (xyz & in) with precise @ and . positions 
Wrong Input : E.g. abc.xyz@bl.co.in Email has 3 mandatory parts (abc, bl & co) and 2 optional (xyz & in) with precise @ and . positions 
Wrong Input : E.g. abc.xyz@bl.co.in Email has 3 mandatory parts (abc, bl & co) and 2 optional (xyz & in) with precise @ and . positions 
Wrong Input : E.g. abc.xyz@bl.co.in Email has 3 mandatory parts (abc, bl & co) and 2 optional (xyz & in) with precise @ and . positions 
Wrong Input : E.g. abc.xyz@bl.co.in Email has 3 mandatory parts (abc, bl & co) and 2 optional (xyz & in) with precise @ and . positions 
Wrong Input : E.g. abc.xyz@bl.co.in Email has 3 mandatory parts (abc, bl & co) and 2 optional (xyz & in) with precise @ and . positions 
Wrong Input : E.g. abc.xyz@bl.co.in Email has 3 mandatory parts (abc, bl & co) and 2 optional (xyz & in) with precise @ and . positions 
Wrong Input : E.g. abc.xyz@bl.co.in Email has 3 mandatory parts (abc, bl & co) and 2 optional (xyz & in) with precise @ and . positions 
Wrong Input : E.g. abc.xyz@bl.co.in Email has 3 mandatory parts (abc, bl & co) and 2 optional (xyz & in) with precise @ and . positions 
Wrong Input : E.g. abc.xyz@bl.co.in Email has 3 mandatory parts (abc, bl & co) and 2 optional (xyz & in) with precise @ and . positions 
Wrong Input : E.g. abc.xyz@bl.co.in Email has 3 mandatory parts (abc, bl & co) and 2 optional (xyz & in) with precise @ and . positions 
Wrong Input : E.g. abc.xyz@bl.co.in Email has 3 mandatory parts (abc, bl & co) and 2 optional (xyz & in) with precise @ and . positions 
Wrong Input : E.g. abc.xyz@bl.co.in Email has 3 mandatory parts (abc, bl & co) and 2 optional (xyz & in) with precise @ and . positions 
Wrong Input : E.g. abc.xyz@bl.co.in Email has 3 mandatory parts (abc, bl & co) and 2 optional (xyz & in) with precise @ and . positions 
Wrong Input : E.g. abc.xyz@bl.co.in Email has 3 mandatory parts (abc, bl & co) and 2 optional (xyz & in) with precise @ and . positions 
Wrong Input : E.g. abc.xyz@bl.co.in Email has 3 mandatory parts (abc, bl & co) and 2 optional (xyz & in) with precise @ and . positions 
Wrong Input : E.g. abc.xyz@bl.co.in Email has 3 mandatory parts (abc, bl & co) and 2 optional (xyz & in) with precise @ and . positions 
Wrong Input : E.g. abc.xyz@bl.co.in Email has 3 mandatory parts (abc, bl & co) and 2 optional (xyz & in) with precise @ and . positions 
Wrong Input : E.g. abc.xyz@bl.co.in Email has 3 mandatory parts (abc, bl & co) and 2 optional (xyz & in) with precise @ and . positions 
Wrong Input : E.g. abc.xyz@bl.co.in Email has 3 mandatory parts (abc, bl & co) and 2 optional (xyz & in) with precise @ and . positions 
Wrong Input : E.g. abc.xyz@bl.co.in Email has 3 mandatory parts (abc, bl & co) and 2 optional (xyz & in) with precise @ and . positions 
Wrong Input : E.g. abc.xyz@bl.co.in Email has 3 mandatory parts (abc, bl & co) and 2 optional (xyz & in) with precise @ and . positions 
Wrong Input : E.g. abc.xyz@bl.co.in Email has 3 mandatory parts (abc, bl & co) and 2 optional (xyz & in) with precise @ and . positions 
Wrong Input : E.g. abc.xyz@bl.co.in Email has 3 mandatory parts (abc, bl & co) and 2 optional (xyz & in) with precise @ and . positions 
Wrong Input : E.g. abc.xyz@bl.co.in Email has 3 mandatory parts (abc, bl & co) and 2 optional (xyz & in) with precise @ and . positions 
Wrong Input : E.g. abc.xyz@bl.co.in Email has 3 mandatory parts (abc, bl & co) and 2 optional (xyz & in) with precise @ and . positions 
Wrong Input : E.g. abc.xyz@bl.co.in Email has 3 mandatory parts (abc, bl & co) and 2 optional (xyz & in) with precise @ and . positions 
Wrong Input : E.g. abc.xyz@bl.co.in Email has 3 mandatory parts (abc, bl & co) and 2 optional (xyz & in) with precise @ and . positions 
Wrong Input : E.g. abc.xyz@bl.co.in Email has 3 mandatory parts (abc, bl & co) and 2 optional (xyz & in) with precise @ and . positions 
Wrong Input : E.g. abc.xyz@bl.co.in Email has 3 mandatory parts (abc, bl & co) and 2 optional (xyz & in) with precise @ and . positions 
Wrong Input : E.g. abc.xyz@bl.co.in Email has 3 mandatory parts (abc, bl & co) and 2 optional (xyz & in) with precise @ and . positions 
Wrong Input : E.g. abc.xyz@bl.co.in Email has 3 mandatory parts (abc, bl & co) and 2 optional (xyz & in) with precise @ and . positions 
Wrong Input : E.g. abc.xyz@bl.co.in Email has 3 mandatory parts (abc, bl & co) and 2 optional (xyz & in) with precise @ and . positions 
Wrong Input : E.g. abc.xyz@bl.co.in Email has 3 mandatory parts (abc, bl & co) and 2 optional (xyz & in) with precise @ and . positions 
Wrong Input : E.g. abc.xyz@bl.co.in Email has 3 mandatory parts (abc, bl & co) and 2 optional (xyz & in) with precise @ and . positions 
Wrong Input : E.g. abc.xyz@bl.co.in Email has 3 mandatory parts (abc, bl & co) and 2 optional (xyz & in) with precise @ and . positions 
Wrong Input : E.g. abc.xyz@bl.co.in Email has 3 mandatory parts (abc, bl & co) and 2 optional (xyz & in) with precise @ and . positions 
Wrong Input : E.g. abc.xyz@bl.co.in Email has 3 mandatory parts (abc, bl & co) and 2 optional (xyz & in) with precise @ and . positions 
Wrong Input : E.g. abc.xyz@bl.co.in Email has 3 mandatory parts (abc, bl & co) and 2 optional (xyz & in) with precise @ and . positions 
Wrong Input : E.g. abc.xyz@bl.co.in Email has 3 mandatory parts (abc, bl & co) and 2 optional (xyz & in) with precise @ and . positions 
Wrong Input : E.g. abc.xyz@bl.co.in Email has 3 mandatory parts (abc, bl & co) and 2 optional (xyz & in) with precise @ and . positions 
Wrong Input : E.g. abc.xyz@bl.co.in Email has 3 mandatory parts (abc, bl & co) and 2 optional (xyz & in) with precise @ and . positions 
Wrong Input : E.g. abc.xyz@bl.co.in Email has 3 mandatory parts (abc, bl & co) and 2 optional (xyz & in) with precise @ and . positions 
Wrong Input : E.g. abc.xyz@bl.co.in Email has 3 mandatory parts (abc, bl & co) and 2 optional (xyz & in) with precise @ and . positions 
Wrong Input : E.g. abc.xyz@bl.co.in Email has 3 mandatory parts (abc, bl & co) and 2 optional (xyz & in) with precise @ and . positions 
Wrong Input : E.g. abc.xyz@bl.co.in Email has 3 mandatory parts (abc, bl & co) and 2 optional (xyz & in) with precise @ and . positions 
Wrong Input : E.g. abc.xyz@bl.co.in Email has 3 mandatory parts (abc, bl & co) and 2 optional (xyz & in) with precise @ and . positions 
Wrong Input : E.g. abc.xyz@bl.co.in Email has 3 mandatory parts (abc, bl & co) and 2 optional (xyz & in) with precise @ and . positions 
Wrong Input : E.g. abc.xyz@bl.co.in Email has 3 mandatory parts (abc, bl & co) and 2 optional (xyz & in) with precise @ and . positions 
Wrong Input : E.g. abc.xyz@bl.co.in Email has 3 mandatory parts (abc, bl & co) and 2 optional (xyz & in) with precise @ and . positions 
Wrong Input : E.g. abc.xyz@bl.co.in Email has 3 mandatory parts (abc, bl & co) and 2 optional (xyz & in) with precise @ and . positions 
Wrong Input : E.g. abc.xyz@bl.co.in Email has 3 mandatory parts (abc, bl & co) and 2 optional (xyz & in) with precise @ and . positions 
Wrong Input : E.g. abc.xyz@bl.co.in Email has 3 mandatory parts (abc, bl & co) and 2 optional (xyz & in) with precise @ and . positions 
Wrong Input : E.g. abc.xyz@bl.co.in Email has 3 mandatory parts (abc, bl & co) and 2 optional (xyz & in) with precise @ and . positions 
Wrong Input : E.g. abc.xyz@bl.co.in Email has 3 mandatory parts (abc, bl & co) and 2 optional (xyz & in) with precise @ and . positions 
Wrong Input : E.g. abc.xyz@bl.co.in Email has 3 mandatory parts (abc, bl & co) and 2 optional (xyz & in) with precise @ and . positions 
Wrong Input : E.g. abc.xyz@bl.co.in Email has 3 mandatory parts (abc, bl & co) and 2 optional (xyz & in) with precise @ and . positions 
Wrong Input : E.g. abc.xyz@bl.co.in Email has 3 mandatory parts (abc, bl & co) and 2 optional (xyz & in) with precise @ and . positions 
Wrong Input : E.g. abc.xyz@bl.co.in Email has 3 mandatory parts (abc, bl & co) and 2 optional (xyz & in) with precise @ and . positions 
Wrong Input : E.g. abc.xyz@bl.co.in Email has 3 mandatory parts (abc, bl & co) and 2 optional (xyz & in) with precise @ and . positions 
Wrong Input : E.g. abc.xyz@bl.co.in Email has 3 mandatory parts (abc, bl & co) and 2 optional (xyz & in) with precise @ and . positions 
Wrong Input : E.g. abc.xyz@bl.co.in Email has 3 mandatory parts (abc, bl & co) and 2 optional (xyz & in) with precise @ and . positions 
Wrong Input : E.g. abc.xyz@bl.co.in Email has 3 mandatory parts (abc, bl & co) and 2 optional (xyz & in) with precise @ and . positions 
Wrong Input : E.g. abc.xyz@bl.co.in Email has 3 mandatory parts (abc, bl & co) and 2 optional (xyz & in) with precise @ and . positions 
Wrong Input : E.g. abc.xyz@bl.co.in Email has 3 mandatory parts (abc, bl & co) and 2 optional (xyz & in) with precise @ and . positions 
Wrong Input : E.g. abc.xyz@bl.co.in Email has 3 mandatory parts (abc, bl & co) and 2 optional (xyz & in) with precise @ and . positions 
Wrong Input : E.g. abc.xyz@bl.co.in Email has 3 mandatory parts (abc, bl & co) and 2 optional (xyz & in) with precise @ and . positions 
Wrong Input : E.g. abc.xyz@bl.co.in Email has 3 mandatory parts (abc, bl & co) and 2 optional (xyz & in) with precise @ and . positions 
Wrong Input : E.g. abc.xyz@bl.co.in Email has 3 mandatory parts (abc, bl & co) and 2 optional (xyz & in) with precise @ and . positions 
Wrong Input : E.g. abc.xyz@bl.co.in Email has 3 mandatory parts (abc, bl & co) and 2 optional (xyz & in) with precise @ and . positions 
Wrong Input : E.g. abc.xyz@bl.co.in Email has 3 mandatory parts (abc, bl & co) and 2 optional (xyz & in) with precise @ and . positions 
Wrong Input : E.g. abc.xyz@bl.co.in Email has 3 mandatory parts (abc, bl & co) and 2 optional (xyz & in) with precise @ and . positions 
Wrong Input : E.g. abc.xyz@bl.co.in Email has 3 mandatory parts (abc, bl & co) and 2 optional (xyz & in) with precise @ and . positions 
Wrong Input : E.g. abc.xyz@bl.co.in Email has 3 mandatory parts (abc, bl & co) and 2 optional (xyz & in) with precise @ and . positions 
Wrong Input : E.g. abc.xyz@bl.co.in Email has 3 mandatory parts (abc, bl & co) and 2 optional (xyz & in) with precise @ and . positions 
Wrong Input : E.g. abc.xyz@bl.co.in Email has 3 mandatory parts (abc, bl & co) and 2 optional (xyz & in) with precise @ and . positions 
Wrong Input : E.g. abc.xyz@bl.co.in Email has 3 mandatory parts (abc, bl & co) and 2 optional (xyz & in) with precise @ and . positions 
Wrong Input : E.g. abc.xyz@bl.co.in Email has 3 mandatory parts (abc, bl & co) and 2 optional (xyz & in) with precise @ and . positions 
Wrong Input : E.g. abc.xyz@bl.co.in Email has 3 mandatory parts (abc, bl & co) and 2 optional (xyz & in) with precise @ and . positions 
Wrong Input : E.g. abc.xyz@bl.co.in Email has 3 mandatory parts (abc, bl & co) and 2 optional (xyz & in) with precise @ and . positions 
Wrong Input : E.g. abc.xyz@bl.co.in Email has 3 mandatory parts (abc, bl & co) and 2 optional (xyz & in) with precise @ and . positions 
Wrong Input : E.g. abc.xyz@bl.co.in Email has 3 mandatory parts (abc, bl & co) and 2 optional (xyz & in) with precise @ and . positions 
Wrong Input : E.g. abc.xyz@bl.co.in Email has 3 mandatory parts (abc, bl & co) and 2 optional (xyz & in) with precise @ and . positions 
Wrong Input : E.g. abc.xyz@bl.co.in Email has 3 mandatory parts (abc, bl & co) and 2 optional (xyz & in) with precise @ and . positions 
Wrong Input : E.g. abc.xyz@bl.co.in Email has 3 mandatory parts (abc, bl & co) and 2 optional (xyz & in) with precise @ and . positions 
Wrong Input : E.g. abc.xyz@bl.co.in Email has 3 mandatory parts (abc, bl & co) and 2 optional (xyz & in) with precise @ and . positions 
Wrong Input : E.g. abc.xyz@bl.co.in Email has 3 mandatory parts (abc, bl & co) and 2 optional (xyz & in) with precise @ and . positions 
Wrong Input : E.g. abc.xyz@bl.co.in Email has 3 mandatory parts (abc, bl & co) and 2 optional (xyz & in) with precise @ and . positions 
Wrong Input : E.g. abc.xyz@bl.co.in Email has 3 mandatory parts (abc, bl & co) and 2 optional (xyz & in) with precise @ and . positions 
Wrong Input : E.g. abc.xyz@bl.co.in Email has 3 mandatory parts (abc, bl & co) and 2 optional (xyz & in) with precise @ and . positions 
Wrong Input : E.g. abc.xyz@bl.co.in Email has 3 mandatory parts (abc, bl & co) and 2 optional (xyz & in) with precise @ and . positions 
Wrong Input : E.g. abc.xyz@bl.co.in Email has 3 mandatory parts (abc, bl & co) and 2 optional (xyz & in) with precise @ and . positions 
Wrong Input : E.g. abc.xyz@bl.co.in Email has 3 mandatory parts (abc, bl & co) and 2 optional (xyz & in) with precise @ and . positions 
Wrong Input : E.g. abc.xyz@bl.co.in Email has 3 mandatory parts (abc, bl & co) and 2 optional (xyz & in) with precise @ and . positions 
Wrong Input : E.g. abc.xyz@bl.co.in Email has 3 mandatory parts (abc, bl & co) and 2 optional (xyz & in) with precise @ and . positions 
Wrong Input : E.g. abc.xyz@bl.co.in Email has 3 mandatory parts (abc, bl & co) and 2 optional (xyz & in) with precise @ and . positions 
Wrong Input : E.g. abc.xyz@bl.co.in Email has 3 mandatory parts (abc, bl & co) and 2 optional (xyz & in) with precise @ and . positions 
Wrong Input : E.g. abc.xyz@bl.co.in Email has 3 mandatory parts (abc, bl & co) and 2 optional (xyz & in) with precise @ and . positions 
Wrong Input : E.g. abc.xyz@bl.co.in Email has 3 mandatory parts (abc, bl & co) and 2 optional (xyz & in) with precise @ and . positions 
Wrong Input : E.g. abc.xyz@bl.co.in Email has 3 mandatory parts (abc, bl & co) and 2 optional (xyz & in) with precise @ and . positions 
Wrong Input : E.g. abc.xyz@bl.co.in Email has 3 mandatory parts (abc, bl & co) and 2 optional (xyz & in) with precise @ and . positions 
Wrong Input : E.g. abc.xyz@bl.co.in Email has 3 mandatory parts (abc, bl & co) and 2 optional (xyz & in) with precise @ and . positions 
Wrong Input : E.g. abc.xyz@bl.co.in Email has 3 mandatory parts (abc, bl & co) and 2 optional (xyz & in) with precise @ and . positions 
Wrong Input : E.g. abc.xyz@bl.co.in Email has 3 mandatory parts (abc, bl & co) and 2 optional (xyz & in) with precise @ and . positions 
Wrong Input : E.g. abc.xyz@bl.co.in Email has 3 mandatory parts (abc, bl & co) and 2 optional (xyz & in) with precise @ and . positions 
Wrong Input : E.g. abc.xyz@bl.co.in Email has 3 mandatory parts (abc, bl & co) and 2 optional (xyz & in) with precise @ and . positions 
Wrong Input : E.g. abc.xyz@bl.co.in Email has 3 mandatory parts (abc, bl & co) and 2 optional (xyz & in) with precise @ and . positions 
Wrong Input : E.g. abc.xyz@bl.co.in Email has 3 mandatory parts (abc, bl & co) and 2 optional (xyz & in) with precise @ and . positions 
Wrong Input : E.g. abc.xyz@bl.co.in Email has 3 mandatory parts (abc, bl & co) and 2 optional (xyz & in) with precise @ and . positions 
Wrong Input : E.g. abc.xyz@bl.co.in Email has 3 mandatory parts (abc, bl & co) and 2 optional (xyz & in) with precise @ and . positions 
Wrong Input : E.g. abc.xyz@bl.co.in Email has 3 mandatory parts (abc, bl & co) and 2 optional (xyz & in) with precise @ and . positions 
Wrong Input : E.g. abc.xyz@bl.co.in Email has 3 mandatory parts (abc, bl & co) and 2 optional (xyz & in) with precise @ and . positions 
Wrong Input : E.g. abc.xyz@bl.co.in Email has 3 mandatory parts (abc, bl & co) and 2 optional (xyz & in) with precise @ and . positions 
Wrong Input : E.g. abc.xyz@bl.co.in Email has 3 mandatory parts (abc, bl & co) and 2 optional (xyz & in) with precise @ and . positions 
Wrong Input : E.g. abc.xyz@bl.co.in Email has 3 mandatory parts (abc, bl & co) and 2 optional (xyz & in) with precise @ and . positions 
Wrong Input : E.g. abc.xyz@bl.co.in Email has 3 mandatory parts (abc, bl & co) and 2 optional (xyz & in) with precise @ and . positions 
Wrong Input : E.g. abc.xyz@bl.co.in Email has 3 mandatory parts (abc, bl & co) and 2 optional (xyz & in) with precise @ and . positions 
Wrong Input : E.g. abc.xyz@bl.co.in Email has 3 mandatory parts (abc, bl & co) and 2 optional (xyz & in) with precise @ and . positions 
Wrong Input : E.g. abc.xyz@bl.co.in Email has 3 mandatory parts (abc, bl & co) and 2 optional (xyz & in) with precise @ and . positions 
Wrong Input : E.g. abc.xyz@bl.co.in Email has 3 mandatory parts (abc, bl & co) and 2 optional (xyz & in) with precise @ and . positions 
Wrong Input : E.g. abc.xyz@bl.co.in Email has 3 mandatory parts (abc, bl & co) and 2 optional (xyz & in) with precise @ and . positions 
Wrong Input : E.g. abc.xyz@bl.co.in Email has 3 mandatory parts (abc, bl & co) and 2 optional (xyz & in) with precise @ and . positions 
Wrong Input : E.g. abc.xyz@bl.co.in Email has 3 mandatory parts (abc, bl & co) and 2 optional (xyz & in) with precise @ and . positions 
Wrong Input : E.g. abc.xyz@bl.co.in Email has 3 mandatory parts (abc, bl & co) and 2 optional (xyz & in) with precise @ and . positions 
Wrong Input : E.g. abc.xyz@bl.co.in Email has 3 mandatory parts (abc, bl & co) and 2 optional (xyz & in) with precise @ and . positions 
Wrong Input : E.g. abc.xyz@bl.co.in Email has 3 mandatory parts (abc, bl & co) and 2 optional (xyz & in) with precise @ and . positions 
Wrong Input : E.g. abc.xyz@bl.co.in Email has 3 mandatory parts (abc, bl & co) and 2 optional (xyz & in) with precise @ and . positions 
Wrong Input : E.g. abc.xyz@bl.co.in Email has 3 mandatory parts (abc, bl & co) and 2 optional (xyz & in) with precise @ and . positions 
Wrong Input : E.g. abc.xyz@bl.co.in Email has 3 mandatory parts (abc, bl & co) and 2 optional (xyz & in) with precise @ and . positions 
Wrong Input : E.g. abc.xyz@bl.co.in Email has 3 mandatory parts (abc, bl & co) and 2 optional (xyz & in) with precise @ and . positions 
Wrong Input : E.g. abc.xyz@bl.co.in Email has 3 mandatory parts (abc, bl & co) and 2 optional (xyz & in) with precise @ and . positions 
Wrong Input : E.g. abc.xyz@bl.co.in Email has 3 mandatory parts (abc, bl & co) and 2 optional (xyz & in) with precise @ and . positions 
Wrong Input : E.g. abc.xyz@bl.co.in Email has 3 mandatory parts (abc, bl & co) and 2 optional (xyz & in) with precise @ and . positions 
Wrong Input : E.g. abc.xyz@bl.co.in Email has 3 mandatory parts (abc, bl & co) and 2 optional (xyz & in) with precise @ and . positions 
Wrong Input : E.g. abc.xyz@bl.co.in Email has 3 mandatory parts (abc, bl & co) and 2 optional (xyz & in) with precise @ and . positions 
Wrong Input : E.g. abc.xyz@bl.co.in Email has 3 mandatory parts (abc, bl & co) and 2 optional (xyz & in) with precise @ and . positions 
Wrong Input : E.g. abc.xyz@bl.co.in Email has 3 mandatory parts (abc, bl & co) and 2 optional (xyz & in) with precise @ and . positions 
Wrong Input : E.g. abc.xyz@bl.co.in Email has 3 mandatory parts (abc, bl & co) and 2 optional (xyz & in) with precise @ and . positions 
Wrong Input : E.g. abc.xyz@bl.co.in Email has 3 mandatory parts (abc, bl & co) and 2 optional (xyz & in) with precise @ and . positions 
Wrong Input : E.g. abc.xyz@bl.co.in Email has 3 mandatory parts (abc, bl & co) and 2 optional (xyz & in) with precise @ and . positions 
Wrong Input : E.g. abc.xyz@bl.co.in Email has 3 mandatory parts (abc, bl & co) and 2 optional (xyz & in) with precise @ and . positions 
Wrong Input : E.g. abc.xyz@bl.co.in Email has 3 mandatory parts (abc, bl & co) and 2 optional (xyz & in) with precise @ and . positions 
Wrong Input : E.g. abc.xyz@bl.co.in Email has 3 mandatory parts (abc, bl & co) and 2 optional (xyz & in) with precise @ and . positions 
Wrong Input : E.g. abc.xyz@bl.co.in Email has 3 mandatory parts (abc, bl & co) and 2 optional (xyz & in) with precise @ and . positions 
Wrong Input : E.g. abc.xyz@bl.co.in Email has 3 mandatory parts (abc, bl & co) and 2 optional (xyz & in) with precise @ and . positions 
Wrong Input : E.g. abc.xyz@bl.co.in Email has 3 mandatory parts (abc, bl & co) and 2 optional (xyz & in) with precise @ and . positions 
Wrong Input : E.g. abc.xyz@bl.co.in Email has 3 mandatory parts (abc, bl & co) and 2 optional (xyz & in) with precise @ and . positions 
Wrong Input : E.g. abc.xyz@bl.co.in Email has 3 mandatory parts (abc, bl & co) and 2 optional (xyz & in) with precise @ and . positions 
Wrong Input : E.g. abc.xyz@bl.co.in Email has 3 mandatory parts (abc, bl & co) and 2 optional (xyz & in) with precise @ and . positions 
Wrong Input : E.g. abc.xyz@bl.co.in Email has 3 mandatory parts (abc, bl & co) and 2 optional (xyz & in) with precise @ and . positions 
Wrong Input : E.g. abc.xyz@bl.co.in Email has 3 mandatory parts (abc, bl & co) and 2 optional (xyz & in) with precise @ and . positions 
Wrong Input : E.g. abc.xyz@bl.co.in Email has 3 mandatory parts (abc, bl & co) and 2 optional (xyz & in) with precise @ and . positions 
Wrong Input : E.g. abc.xyz@bl.co.in Email has 3 mandatory parts (abc, bl & co) and 2 optional (xyz & in) with precise @ and . positions 
Wrong Input : E.g. abc.xyz@bl.co.in Email has 3 mandatory parts (abc, bl & co) and 2 optional (xyz & in) with precise @ and . positions 
Wrong Input : E.g. abc.xyz@bl.co.in Email has 3 mandatory parts (abc, bl & co) and 2 optional (xyz & in) with precise @ and . positions 
Wrong Input : E.g. abc.xyz@bl.co.in Email has 3 mandatory parts (abc, bl & co) and 2 optional (xyz & in) with precise @ and . positions 
Wrong Input : E.g. abc.xyz@bl.co.in Email has 3 mandatory parts (abc, bl & co) and 2 optional (xyz & in) with precise @ and . positions 
Wrong Input : E.g. abc.xyz@bl.co.in Email has 3 mandatory parts (abc, bl & co) and 2 optional (xyz & in) with precise @ and . positions 
Wrong Input : E.g. abc.xyz@bl.co.in Email has 3 mandatory parts (abc, bl & co) and 2 optional (xyz & in) with precise @ and . positions 
Wrong Input : E.g. abc.xyz@bl.co.in Email has 3 mandatory parts (abc, bl & co) and 2 optional (xyz & in) with precise @ and . positions 
Wrong Input : E.g. abc.xyz@bl.co.in Email has 3 mandatory parts (abc, bl & co) and 2 optional (xyz & in) with precise @ and . positions 
Wrong Input : E.g. abc.xyz@bl.co.in Email has 3 mandatory parts (abc, bl & co) and 2 optional (xyz & in) with precise @ and . positions 
Wrong Input : E.g. abc.xyz@bl.co.in Email has 3 mandatory parts (abc, bl & co) and 2 optional (xyz & in) with precise @ and . positions 
Wrong Input : E.g. abc.xyz@bl.co.in Email has 3 mandatory parts (abc, bl & co) and 2 optional (xyz & in) with precise @ and . positions 
Wrong Input : E.g. abc.xyz@bl.co.in Email has 3 mandatory parts (abc, bl & co) and 2 optional (xyz & in) with precise @ and . positions 
Wrong Input : E.g. abc.xyz@bl.co.in Email has 3 mandatory parts (abc, bl & co) and 2 optional (xyz & in) with precise @ and . positions 
Wrong Input : E.g. abc.xyz@bl.co.in Email has 3 mandatory parts (abc, bl & co) and 2 optional (xyz & in) with precise @ and . positions 
Wrong Input : E.g. abc.xyz@bl.co.in Email has 3 mandatory parts (abc, bl & co) and 2 optional (xyz & in) with precise @ and . positions 
Wrong Input : E.g. abc.xyz@bl.co.in Email has 3 mandatory parts (abc, bl & co) and 2 optional (xyz & in) with precise @ and . positions 
Wrong Input : E.g. abc.xyz@bl.co.in Email has 3 mandatory parts (abc, bl & co) and 2 optional (xyz & in) with precise @ and . positions 
Wrong Input : E.g. abc.xyz@bl.co.in Email has 3 mandatory parts (abc, bl & co) and 2 optional (xyz & in) with precise @ and . positions 
Wrong Input : E.g. abc.xyz@bl.co.in Email has 3 mandatory parts (abc, bl & co) and 2 optional (xyz & in) with precise @ and . positions 
Wrong Input : E.g. abc.xyz@bl.co.in Email has 3 mandatory parts (abc, bl & co) and 2 optional (xyz & in) with precise @ and . positions 
Wrong Input : E.g. abc.xyz@bl.co.in Email has 3 mandatory parts (abc, bl & co) and 2 optional (xyz & in) with precise @ and . positions 
Wrong Input : E.g. abc.xyz@bl.co.in Email has 3 mandatory parts (abc, bl & co) and 2 optional (xyz & in) with precise @ and . positions 
Wrong Input : E.g. abc.xyz@bl.co.in Email has 3 mandatory parts (abc, bl & co) and 2 optional (xyz & in) with precise @ and . positions 
Wrong Input : E.g. abc.xyz@bl.co.in Email has 3 mandatory parts (abc, bl & co) and 2 optional (xyz & in) with precise @ and . positions 
Wrong Input : E.g. abc.xyz@bl.co.in Email has 3 mandatory parts (abc, bl & co) and 2 optional (xyz & in) with precise @ and . positions 
Wrong Input : E.g. abc.xyz@bl.co.in Email has 3 mandatory parts (abc, bl & co) and 2 optional (xyz & in) with precise @ and . positions 
Wrong Input : E.g. abc.xyz@bl.co.in Email has 3 mandatory parts (abc, bl & co) and 2 optional (xyz & in) with precise @ and . positions 
Wrong Input : E.g. abc.xyz@bl.co.in Email has 3 mandatory parts (abc, bl & co) and 2 optional (xyz & in) with precise @ and . positions 
Wrong Input : E.g. abc.xyz@bl.co.in Email has 3 mandatory parts (abc, bl & co) and 2 optional (xyz & in) with precise @ and . positions 
Wrong Input : E.g. abc.xyz@bl.co.in Email has 3 mandatory parts (abc, bl & co) and 2 optional (xyz & in) with precise @ and . positions 
Wrong Input : E.g. abc.xyz@bl.co.in Email has 3 mandatory parts (abc, bl & co) and 2 optional (xyz & in) with precise @ and . positions 
Wrong Input : E.g. abc.xyz@bl.co.in Email has 3 mandatory parts (abc, bl & co) and 2 optional (xyz & in) with precise @ and . positions 
Wrong Input : E.g. abc.xyz@bl.co.in Email has 3 mandatory parts (abc, bl & co) and 2 optional (xyz & in) with precise @ and . positions 
Wrong Input : E.g. abc.xyz@bl.co.in Email has 3 mandatory parts (abc, bl & co) and 2 optional (xyz & in) with precise @ and . positions 
Wrong Input : E.g. abc.xyz@bl.co.in Email has 3 mandatory parts (abc, bl & co) and 2 optional (xyz & in) with precise @ and . positions 
Wrong Input : E.g. abc.xyz@bl.co.in Email has 3 mandatory parts (abc, bl & co) and 2 optional (xyz & in) with precise @ and . positions 
Wrong Input : E.g. abc.xyz@bl.co.in Email has 3 mandatory parts (abc, bl & co) and 2 optional (xyz & in) with precise @ and . positions 
Wrong Input : E.g. abc.xyz@bl.co.in Email has 3 mandatory parts (abc, bl & co) and 2 optional (xyz & in) with precise @ and . positions 
Wrong Input : E.g. abc.xyz@bl.co.in Email has 3 mandatory parts (abc, bl & co) and 2 optional (xyz & in) with precise @ and . positions 
Wrong Input : E.g. abc.xyz@bl.co.in Email has 3 mandatory parts (abc, bl & co) and 2 optional (xyz & in) with precise @ and . positions 
Wrong Input : E.g. abc.xyz@bl.co.in Email has 3 mandatory parts (abc, bl & co) and 2 optional (xyz & in) with precise @ and . positions 
Wrong Input : E.g. abc.xyz@bl.co.in Email has 3 mandatory parts (abc, bl & co) and 2 optional (xyz & in) with precise @ and . positions 
Wrong Input : E.g. abc.xyz@bl.co.in Email has 3 mandatory parts (abc, bl & co) and 2 optional (xyz & in) with precise @ and . positions 
Wrong Input : E.g. abc.xyz@bl.co.in Email has 3 mandatory parts (abc, bl & co) and 2 optional (xyz & in) with precise @ and . positions 
Wrong Input : E.g. abc.xyz@bl.co.in Email has 3 mandatory parts (abc, bl & co) and 2 optional (xyz & in) with precise @ and . positions 
Wrong Input : E.g. abc.xyz@bl.co.in Email has 3 mandatory parts (abc, bl & co) and 2 optional (xyz & in) with precise @ and . positions 
Wrong Input : E.g. abc.xyz@bl.co.in Email has 3 mandatory parts (abc, bl & co) and 2 optional (xyz & in) with precise @ and . positions 
Wrong Input : E.g. abc.xyz@bl.co.in Email has 3 mandatory parts (abc, bl & co) and 2 optional (xyz & in) with precise @ and . positions 
Wrong Input : E.g. abc.xyz@bl.co.in Email has 3 mandatory parts (abc, bl & co) and 2 optional (xyz & in) with precise @ and . positions 
Wrong Input : E.g. abc.xyz@bl.co.in Email has 3 mandatory parts (abc, bl & co) and 2 optional (xyz & in) with precise @ and . positions 
Wrong Input : E.g. abc.xyz@bl.co.in Email has 3 mandatory parts (abc, bl & co) and 2 optional (xyz & in) with precise @ and . positions 
Wrong Input : E.g. abc.xyz@bl.co.in Email has 3 mandatory parts (abc, bl & co) and 2 optional (xyz & in) with precise @ and . positions 
Wrong Input : E.g. abc.xyz@bl.co.in Email has 3 mandatory parts (abc, bl & co) and 2 optional (xyz & in) with precise @ and . positions 
Wrong Input : E.g. abc.xyz@bl.co.in Email has 3 mandatory parts (abc, bl & co) and 2 optional (xyz & in) with precise @ and . positions 
Wrong Input : E.g. abc.xyz@bl.co.in Email has 3 mandatory parts (abc, bl & co) and 2 optional (xyz & in) with precise @ and . positions 
Wrong Input : E.g. abc.xyz@bl.co.in Email has 3 mandatory parts (abc, bl & co) and 2 optional (xyz & in) with precise @ and . positions 
Wrong Input : E.g. abc.xyz@bl.co.in Email has 3 mandatory parts (abc, bl & co) and 2 optional (xyz & in) with precise @ and . positions 
Wrong Input : E.g. abc.xyz@bl.co.in Email has 3 mandatory parts (abc, bl & co) and 2 optional (xyz & in) with precise @ and . positions 
Wrong Input : E.g. abc.xyz@bl.co.in Email has 3 mandatory parts (abc, bl & co) and 2 optional (xyz & in) with precise @ and . positions 
Wrong Input : E.g. abc.xyz@bl.co.in Email has 3 mandatory parts (abc, bl & co) and 2 optional (xyz & in) with precise @ and . positions 
Wrong Input : E.g. abc.xyz@bl.co.in Email has 3 mandatory parts (abc, bl & co) and 2 optional (xyz & in) with precise @ and . positions 
Wrong Input : E.g. abc.xyz@bl.co.in Email has 3 mandatory parts (abc, bl & co) and 2 optional (xyz & in) with precise @ and . positions 
Wrong Input : E.g. abc.xyz@bl.co.in Email has 3 mandatory parts (abc, bl & co) and 2 optional (xyz & in) with precise @ and . positions 
Wrong Input : E.g. abc.xyz@bl.co.in Email has 3 mandatory parts (abc, bl & co) and 2 optional (xyz & in) with precise @ and . positions 
Wrong Input : E.g. abc.xyz@bl.co.in Email has 3 mandatory parts (abc, bl & co) and 2 optional (xyz & in) with precise @ and . positions 
Wrong Input : E.g. abc.xyz@bl.co.in Email has 3 mandatory parts (abc, bl & co) and 2 optional (xyz & in) with precise @ and . positions 
Wrong Input : E.g. abc.xyz@bl.co.in Email has 3 mandatory parts (abc, bl & co) and 2 optional (xyz & in) with precise @ and . positions 
Wrong Input : E.g. abc.xyz@bl.co.in Email has 3 mandatory parts (abc, bl & co) and 2 optional (xyz & in) with precise @ and . positions 
Wrong Input : E.g. abc.xyz@bl.co.in Email has 3 mandatory parts (abc, bl & co) and 2 optional (xyz & in) with precise @ and . positions 
Wrong Input : E.g. abc.xyz@bl.co.in Email has 3 mandatory parts (abc, bl & co) and 2 optional (xyz & in) with precise @ and . positions 
Wrong Input : E.g. abc.xyz@bl.co.in Email has 3 mandatory parts (abc, bl & co) and 2 optional (xyz & in) with precise @ and . positions 
Wrong Input : E.g. abc.xyz@bl.co.in Email has 3 mandatory parts (abc, bl & co) and 2 optional (xyz & in) with precise @ and . positions 
Wrong Input : E.g. abc.xyz@bl.co.in Email has 3 mandatory parts (abc, bl & co) and 2 optional (xyz & in) with precise @ and . positions 
Wrong Input : E.g. abc.xyz@bl.co.in Email has 3 mandatory parts (abc, bl & co) and 2 optional (xyz & in) with precise @ and . positions 
Wrong Input : E.g. abc.xyz@bl.co.in Email has 3 mandatory parts (abc, bl & co) and 2 optional (xyz & in) with precise @ and . positions 
Wrong Input : E.g. abc.xyz@bl.co.in Email has 3 mandatory parts (abc, bl & co) and 2 optional (xyz & in) with precise @ and . positions 
Wrong Input : E.g. abc.xyz@bl.co.in Email has 3 mandatory parts (abc, bl & co) and 2 optional (xyz & in) with precise @ and . positions 
Wrong Input : E.g. abc.xyz@bl.co.in Email has 3 mandatory parts (abc, bl & co) and 2 optional (xyz & in) with precise @ and . positions 
Wrong Input : E.g. abc.xyz@bl.co.in Email has 3 mandatory parts (abc, bl & co) and 2 optional (xyz & in) with precise @ and . positions 
Wrong Input : E.g. abc.xyz@bl.co.in Email has 3 mandatory parts (abc, bl & co) and 2 optional (xyz & in) with precise @ and . positions 
Wrong Input : E.g. abc.xyz@bl.co.in Email has 3 mandatory parts (abc, bl & co) and 2 optional (xyz & in) with precise @ and . positions 
Wrong Input : E.g. abc.xyz@bl.co.in Email has 3 mandatory parts (abc, bl & co) and 2 optional (xyz & in) with precise @ and . positions 
Wrong Input : E.g. abc.xyz@bl.co.in Email has 3 mandatory parts (abc, bl & co) and 2 optional (xyz & in) with precise @ and . positions 
Wrong Input : E.g. abc.xyz@bl.co.in Email has 3 mandatory parts (abc, bl & co) and 2 optional (xyz & in) with precise @ and . positions 
Wrong Input : E.g. abc.xyz@bl.co.in Email has 3 mandatory parts (abc, bl & co) and 2 optional (xyz & in) with precise @ and . positions 
Wrong Input : E.g. abc.xyz@bl.co.in Email has 3 mandatory parts (abc, bl & co) and 2 optional (xyz & in) with precise @ and . positions 
Wrong Input : E.g. abc.xyz@bl.co.in Email has 3 mandatory parts (abc, bl & co) and 2 optional (xyz & in) with precise @ and . positions 
Wrong Input : E.g. abc.xyz@bl.co.in Email has 3 mandatory parts (abc, bl & co) and 2 optional (xyz & in) with precise @ and . positions 
Wrong Input : E.g. abc.xyz@bl.co.in Email has 3 mandatory parts (abc, bl & co) and 2 optional (xyz & in) with precise @ and . positions 
Wrong Input : E.g. abc.xyz@bl.co.in Email has 3 mandatory parts (abc, bl & co) and 2 optional (xyz & in) with precise @ and . positions 
Wrong Input : E.g. abc.xyz@bl.co.in Email has 3 mandatory parts (abc, bl & co) and 2 optional (xyz & in) with precise @ and . positions 
Wrong Input : E.g. abc.xyz@bl.co.in Email has 3 mandatory parts (abc, bl & co) and 2 optional (xyz & in) with precise @ and . positions 
Wrong Input : E.g. abc.xyz@bl.co.in Email has 3 mandatory parts (abc, bl & co) and 2 optional (xyz & in) with precise @ and . positions 
Wrong Input : E.g. abc.xyz@bl.co.in Email has 3 mandatory parts (abc, bl & co) and 2 optional (xyz & in) with precise @ and . positions 
Wrong Input : E.g. abc.xyz@bl.co.in Email has 3 mandatory parts (abc, bl & co) and 2 optional (xyz & in) with precise @ and . positions 
Wrong Input : E.g. abc.xyz@bl.co.in Email has 3 mandatory parts (abc, bl & co) and 2 optional (xyz & in) with precise @ and . positions 
Wrong Input : E.g. abc.xyz@bl.co.in Email has 3 mandatory parts (abc, bl & co) and 2 optional (xyz & in) with precise @ and . positions 
Wrong Input : E.g. abc.xyz@bl.co.in Email has 3 mandatory parts (abc, bl & co) and 2 optional (xyz & in) with precise @ and . positions 
Wrong Input : E.g. abc.xyz@bl.co.in Email has 3 mandatory parts (abc, bl & co) and 2 optional (xyz & in) with precise @ and . positions 
Wrong Input : E.g. abc.xyz@bl.co.in Email has 3 mandatory parts (abc, bl & co) and 2 optional (xyz & in) with precise @ and . positions 
Wrong Input : E.g. abc.xyz@bl.co.in Email has 3 mandatory parts (abc, bl & co) and 2 optional (xyz & in) with precise @ and . positions 
Wrong Input : E.g. abc.xyz@bl.co.in Email has 3 mandatory parts (abc, bl & co) and 2 optional (xyz & in) with precise @ and . positions 
Wrong Input : E.g. abc.xyz@bl.co.in Email has 3 mandatory parts (abc, bl & co) and 2 optional (xyz & in) with precise @ and . positions 
Wrong Input : E.g. abc.xyz@bl.co.in Email has 3 mandatory parts (abc, bl & co) and 2 optional (xyz & in) with precise @ and . positions 
Wrong Input : E.g. abc.xyz@bl.co.in Email has 3 mandatory parts (abc, bl & co) and 2 optional (xyz & in) with precise @ and . positions 
Wrong Input : E.g. abc.xyz@bl.co.in Email has 3 mandatory parts (abc, bl & co) and 2 optional (xyz & in) with precise @ and . positions 
Wrong Input : E.g. abc.xyz@bl.co.in Email has 3 mandatory parts (abc, bl & co) and 2 optional (xyz & in) with precise @ and . positions 
Wrong Input : E.g. abc.xyz@bl.co.in Email has 3 mandatory parts (abc, bl & co) and 2 optional (xyz & in) with precise @ and . positions 
Wrong Input : E.g. abc.xyz@bl.co.in Email has 3 mandatory parts (abc, bl & co) and 2 optional (xyz & in) with precise @ and . positions 
Wrong Input : E.g. abc.xyz@bl.co.in Email has 3 mandatory parts (abc, bl & co) and 2 optional (xyz & in) with precise @ and . positions 
Wrong Input : E.g. abc.xyz@bl.co.in Email has 3 mandatory parts (abc, bl & co) and 2 optional (xyz & in) with precise @ and . positions 
Wrong Input : E.g. abc.xyz@bl.co.in Email has 3 mandatory parts (abc, bl & co) and 2 optional (xyz & in) with precise @ and . positions 
Wrong Input : E.g. abc.xyz@bl.co.in Email has 3 mandatory parts (abc, bl & co) and 2 optional (xyz & in) with precise @ and . positions 
Wrong Input : E.g. abc.xyz@bl.co.in Email has 3 mandatory parts (abc, bl & co) and 2 optional (xyz & in) with precise @ and . positions 
Wrong Input : E.g. abc.xyz@bl.co.in Email has 3 mandatory parts (abc, bl & co) and 2 optional (xyz & in) with precise @ and . positions 
Wrong Input : E.g. abc.xyz@bl.co.in Email has 3 mandatory parts (abc, bl & co) and 2 optional (xyz & in) with precise @ and . positions 
Wrong Input : E.g. abc.xyz@bl.co.in Email has 3 mandatory parts (abc, bl & co) and 2 optional (xyz & in) with precise @ and . positions 
Wrong Input : E.g. abc.xyz@bl.co.in Email has 3 mandatory parts (abc, bl & co) and 2 optional (xyz & in) with precise @ and . positions 
Wrong Input : E.g. abc.xyz@bl.co.in Email has 3 mandatory parts (abc, bl & co) and 2 optional (xyz & in) with precise @ and . positions 
Wrong Input : E.g. abc.xyz@bl.co.in Email has 3 mandatory parts (abc, bl & co) and 2 optional (xyz & in) with precise @ and . positions 
Wrong Input : E.g. abc.xyz@bl.co.in Email has 3 mandatory parts (abc, bl & co) and 2 optional (xyz & in) with precise @ and . positions 
Wrong Input : E.g. abc.xyz@bl.co.in Email has 3 mandatory parts (abc, bl & co) and 2 optional (xyz & in) with precise @ and . positions 
Wrong Input : E.g. abc.xyz@bl.co.in Email has 3 mandatory parts (abc, bl & co) and 2 optional (xyz & in) with precise @ and . positions 
Wrong Input : E.g. abc.xyz@bl.co.in Email has 3 mandatory parts (abc, bl & co) and 2 optional (xyz & in) with precise @ and . positions 
Wrong Input : E.g. abc.xyz@bl.co.in Email has 3 mandatory parts (abc, bl & co) and 2 optional (xyz & in) with precise @ and . positions 
Wrong Input : E.g. abc.xyz@bl.co.in Email has 3 mandatory parts (abc, bl & co) and 2 optional (xyz & in) with precise @ and . positions 
Wrong Input : E.g. abc.xyz@bl.co.in Email has 3 mandatory parts (abc, bl & co) and 2 optional (xyz & in) with precise @ and . positions 
Wrong Input : E.g. abc.xyz@bl.co.in Email has 3 mandatory parts (abc, bl & co) and 2 optional (xyz & in) with precise @ and . positions 
Wrong Input : E.g. abc.xyz@bl.co.in Email has 3 mandatory parts (abc, bl & co) and 2 optional (xyz & in) with precise @ and . positions 
Wrong Input : E.g. abc.xyz@bl.co.in Email has 3 mandatory parts (abc, bl & co) and 2 optional (xyz & in) with precise @ and . positions 
Wrong Input : E.g. abc.xyz@bl.co.in Email has 3 mandatory parts (abc, bl & co) and 2 optional (xyz & in) with precise @ and . positions 
Wrong Input : E.g. abc.xyz@bl.co.in Email has 3 mandatory parts (abc, bl & co) and 2 optional (xyz & in) with precise @ and . positions 
Wrong Input : E.g. abc.xyz@bl.co.in Email has 3 mandatory parts (abc, bl & co) and 2 optional (xyz & in) with precise @ and . positions 
Wrong Input : E.g. abc.xyz@bl.co.in Email has 3 mandatory parts (abc, bl & co) and 2 optional (xyz & in) with precise @ and . positions 
Wrong Input : E.g. abc.xyz@bl.co.in Email has 3 mandatory parts (abc, bl & co) and 2 optional (xyz & in) with precise @ and . positions 
Wrong Input : E.g. abc.xyz@bl.co.in Email has 3 mandatory parts (abc, bl & co) and 2 optional (xyz & in) with precise @ and . positions 
Wrong Input : E.g. abc.xyz@bl.co.in Email has 3 mandatory parts (abc, bl & co) and 2 optional (xyz & in) with precise @ and . positions 
Wrong Input : E.g. abc.xyz@bl.co.in Email has 3 mandatory parts (abc, bl & co) and 2 optional (xyz & in) with precise @ and . positions 
Wrong Input : E.g. abc.xyz@bl.co.in Email has 3 mandatory parts (abc, bl & co) and 2 optional (xyz & in) with precise @ and . positions 
Wrong Input : E.g. abc.xyz@bl.co.in Email has 3 mandatory parts (abc, bl & co) and 2 optional (xyz & in) with precise @ and . positions 
Wrong Input : E.g. abc.xyz@bl.co.in Email has 3 mandatory parts (abc, bl & co) and 2 optional (xyz & in) with precise @ and . positions 
Wrong Input : E.g. abc.xyz@bl.co.in Email has 3 mandatory parts (abc, bl & co) and 2 optional (xyz & in) with precise @ and . positions 
Wrong Input : E.g. abc.xyz@bl.co.in Email has 3 mandatory parts (abc, bl & co) and 2 optional (xyz & in) with precise @ and . positions 
Wrong Input : E.g. abc.xyz@bl.co.in Email has 3 mandatory parts (abc, bl & co) and 2 optional (xyz & in) with precise @ and . positions 
Wrong Input : E.g. abc.xyz@bl.co.in Email has 3 mandatory parts (abc, bl & co) and 2 optional (xyz & in) with precise @ and . positions 
Wrong Input : E.g. abc.xyz@bl.co.in Email has 3 mandatory parts (abc, bl & co) and 2 optional (xyz & in) with precise @ and . positions 
Wrong Input : E.g. abc.xyz@bl.co.in Email has 3 mandatory parts (abc, bl & co) and 2 optional (xyz & in) with precise @ and . positions 
Wrong Input : E.g. abc.xyz@bl.co.in Email has 3 mandatory parts (abc, bl & co) and 2 optional (xyz & in) with precise @ and . positions 
Wrong Input : E.g. abc.xyz@bl.co.in Email has 3 mandatory parts (abc, bl & co) and 2 optional (xyz & in) with precise @ and . positions 
Wrong Input : E.g. abc.xyz@bl.co.in Email has 3 mandatory parts (abc, bl & co) and 2 optional (xyz & in) with precise @ and . positions 
Wrong Input : E.g. abc.xyz@bl.co.in Email has 3 mandatory parts (abc, bl & co) and 2 optional (xyz & in) with precise @ and . positions 
Wrong Input : E.g. abc.xyz@bl.co.in Email has 3 mandatory parts (abc, bl & co) and 2 optional (xyz & in) with precise @ and . positions 
Wrong Input : E.g. abc.xyz@bl.co.in Email has 3 mandatory parts (abc, bl & co) and 2 optional (xyz & in) with precise @ and . positions 
Wrong Input : E.g. abc.xyz@bl.co.in Email has 3 mandatory parts (abc, bl & co) and 2 optional (xyz & in) with precise @ and . positions 
Wrong Input : E.g. abc.xyz@bl.co.in Email has 3 mandatory parts (abc, bl & co) and 2 optional (xyz & in) with precise @ and . positions 
Wrong Input : E.g. abc.xyz@bl.co.in Email has 3 mandatory parts (abc, bl & co) and 2 optional (xyz & in) with precise @ and . positions 
Wrong Input : E.g. abc.xyz@bl.co.in Email has 3 mandatory parts (abc, bl & co) and 2 optional (xyz & in) with precise @ and . positions 
Wrong Input : E.g. abc.xyz@bl.co.in Email has 3 mandatory parts (abc, bl & co) and 2 optional (xyz & in) with precise @ and . positions 
Wrong Input : E.g. abc.xyz@bl.co.in Email has 3 mandatory parts (abc, bl & co) and 2 optional (xyz & in) with precise @ and . positions 
Wrong Input : E.g. abc.xyz@bl.co.in Email has 3 mandatory parts (abc, bl & co) and 2 optional (xyz & in) with precise @ and . positions 
Wrong Input : E.g. abc.xyz@bl.co.in Email has 3 mandatory parts (abc, bl & co) and 2 optional (xyz & in) with precise @ and . positions 
Wrong Input : E.g. abc.xyz@bl.co.in Email has 3 mandatory parts (abc, bl & co) and 2 optional (xyz & in) with precise @ and . positions 
Wrong Input : E.g. abc.xyz@bl.co.in Email has 3 mandatory parts (abc, bl & co) and 2 optional (xyz & in) with precise @ and . positions 
Wrong Input : E.g. abc.xyz@bl.co.in Email has 3 mandatory parts (abc, bl & co) and 2 optional (xyz & in) with precise @ and . positions 
Wrong Input : E.g. abc.xyz@bl.co.in Email has 3 mandatory parts (abc, bl & co) and 2 optional (xyz & in) with precise @ and . positions 
Wrong Input : E.g. abc.xyz@bl.co.in Email has 3 mandatory parts (abc, bl & co) and 2 optional (xyz & in) with precise @ and . positions 
Wrong Input : E.g. abc.xyz@bl.co.in Email has 3 mandatory parts (abc, bl & co) and 2 optional (xyz & in) with precise @ and . positions 
Wrong Input : E.g. abc.xyz@bl.co.in Email has 3 mandatory parts (abc, bl & co) and 2 optional (xyz & in) with precise @ and . positions 
Wrong Input : E.g. abc.xyz@bl.co.in Email has 3 mandatory parts (abc, bl & co) and 2 optional (xyz & in) with precise @ and . positions 
Wrong Input : E.g. abc.xyz@bl.co.in Email has 3 mandatory parts (abc, bl & co) and 2 optional (xyz & in) with precise @ and . positions 
Wrong Input : E.g. abc.xyz@bl.co.in Email has 3 mandatory parts (abc, bl & co) and 2 optional (xyz & in) with precise @ and . positions 
Wrong Input : E.g. abc.xyz@bl.co.in Email has 3 mandatory parts (abc, bl & co) and 2 optional (xyz & in) with precise @ and . positions 
Wrong Input : E.g. abc.xyz@bl.co.in Email has 3 mandatory parts (abc, bl & co) and 2 optional (xyz & in) with precise @ and . positions 
Wrong Input : E.g. abc.xyz@bl.co.in Email has 3 mandatory parts (abc, bl & co) and 2 optional (xyz & in) with precise @ and . positions 
Wrong Input : E.g. abc.xyz@bl.co.in Email has 3 mandatory parts (abc, bl & co) and 2 optional (xyz & in) with precise @ and . positions 
Wrong Input : E.g. abc.xyz@bl.co.in Email has 3 mandatory parts (abc, bl & co) and 2 optional (xyz & in) with precise @ and . positions 
Wrong Input : E.g. abc.xyz@bl.co.in Email has 3 mandatory parts (abc, bl & co) and 2 optional (xyz & in) with precise @ and . positions 
Wrong Input : E.g. abc.xyz@bl.co.in Email has 3 mandatory parts (abc, bl & co) and 2 optional (xyz & in) with precise @ and . positions 
Wrong Input : E.g. abc.xyz@bl.co.in Email has 3 mandatory parts (abc, bl & co) and 2 optional (xyz & in) with precise @ and . positions 
Wrong Input : E.g. abc.xyz@bl.co.in Email has 3 mandatory parts (abc, bl & co) and 2 optional (xyz & in) with precise @ and . positions 
Wrong Input : E.g. abc.xyz@bl.co.in Email has 3 mandatory parts (abc, bl & co) and 2 optional (xyz & in) with precise @ and . positions 
Wrong Input : E.g. abc.xyz@bl.co.in Email has 3 mandatory parts (abc, bl & co) and 2 optional (xyz & in) with precise @ and . positions 
Wrong Input : E.g. abc.xyz@bl.co.in Email has 3 mandatory parts (abc, bl & co) and 2 optional (xyz & in) with precise @ and . positions 
Wrong Input : E.g. abc.xyz@bl.co.in Email has 3 mandatory parts (abc, bl & co) and 2 optional (xyz & in) with precise @ and . positions 
Wrong Input : E.g. abc.xyz@bl.co.in Email has 3 mandatory parts (abc, bl & co) and 2 optional (xyz & in) with precise @ and . positions 
Wrong Input : E.g. abc.xyz@bl.co.in Email has 3 mandatory parts (abc, bl & co) and 2 optional (xyz & in) with precise @ and . positions 
Wrong Input : E.g. abc.xyz@bl.co.in Email has 3 mandatory parts (abc, bl & co) and 2 optional (xyz & in) with precise @ and . positions 
Wrong Input : E.g. abc.xyz@bl.co.in Email has 3 mandatory parts (abc, bl & co) and 2 optional (xyz & in) with precise @ and . positions 
Wrong Input : E.g. abc.xyz@bl.co.in Email has 3 mandatory parts (abc, bl & co) and 2 optional (xyz & in) with precise @ and . positions 
Wrong Input : E.g. abc.xyz@bl.co.in Email has 3 mandatory parts (abc, bl & co) and 2 optional (xyz & in) with precise @ and . positions 
Wrong Input : E.g. abc.xyz@bl.co.in Email has 3 mandatory parts (abc, bl & co) and 2 optional (xyz & in) with precise @ and . positions 
Wrong Input : E.g. abc.xyz@bl.co.in Email has 3 mandatory parts (abc, bl & co) and 2 optional (xyz & in) with precise @ and . positions 
Wrong Input : E.g. abc.xyz@bl.co.in Email has 3 mandatory parts (abc, bl & co) and 2 optional (xyz & in) with precise @ and . positions 
Wrong Input : E.g. abc.xyz@bl.co.in Email has 3 mandatory parts (abc, bl & co) and 2 optional (xyz & in) with precise @ and . positions 
Wrong Input : E.g. abc.xyz@bl.co.in Email has 3 mandatory parts (abc, bl & co) and 2 optional (xyz & in) with precise @ and . positions 
Wrong Input : E.g. abc.xyz@bl.co.in Email has 3 mandatory parts (abc, bl & co) and 2 optional (xyz & in) with precise @ and . positions 
Wrong Input : E.g. abc.xyz@bl.co.in Email has 3 mandatory parts (abc, bl & co) and 2 optional (xyz & in) with precise @ and . positions 
Wrong Input : E.g. abc.xyz@bl.co.in Email has 3 mandatory parts (abc, bl & co) and 2 optional (xyz & in) with precise @ and . positions 
Wrong Input : E.g. abc.xyz@bl.co.in Email has 3 mandatory parts (abc, bl & co) and 2 optional (xyz & in) with precise @ and . positions 
Wrong Input : E.g. abc.xyz@bl.co.in Email has 3 mandatory parts (abc, bl & co) and 2 optional (xyz & in) with precise @ and . positions 
Wrong Input : E.g. abc.xyz@bl.co.in Email has 3 mandatory parts (abc, bl & co) and 2 optional (xyz & in) with precise @ and . positions 
Wrong Input : E.g. abc.xyz@bl.co.in Email has 3 mandatory parts (abc, bl & co) and 2 optional (xyz & in) with precise @ and . positions 
Wrong Input : E.g. abc.xyz@bl.co.in Email has 3 mandatory parts (abc, bl & co) and 2 optional (xyz & in) with precise @ and . positions 
Wrong Input : E.g. abc.xyz@bl.co.in Email has 3 mandatory parts (abc, bl & co) and 2 optional (xyz & in) with precise @ and . positions 
Wrong Input : E.g. abc.xyz@bl.co.in Email has 3 mandatory parts (abc, bl & co) and 2 optional (xyz & in) with precise @ and . positions 
Wrong Input : E.g. abc.xyz@bl.co.in Email has 3 mandatory parts (abc, bl & co) and 2 optional (xyz & in) with precise @ and . positions 
Wrong Input : E.g. abc.xyz@bl.co.in Email has 3 mandatory parts (abc, bl & co) and 2 optional (xyz & in) with precise @ and . positions 
Wrong Input : E.g. abc.xyz@bl.co.in Email has 3 mandatory parts (abc, bl & co) and 2 optional (xyz & in) with precise @ and . positions 
Wrong Input : E.g. abc.xyz@bl.co.in Email has 3 mandatory parts (abc, bl & co) and 2 optional (xyz & in) with precise @ and . positions 
Wrong Input : E.g. abc.xyz@bl.co.in Email has 3 mandatory parts (abc, bl & co) and 2 optional (xyz & in) with precise @ and . positions 
Wrong Input : E.g. abc.xyz@bl.co.in Email has 3 mandatory parts (abc, bl & co) and 2 optional (xyz & in) with precise @ and . positions 
Wrong Input : E.g. abc.xyz@bl.co.in Email has 3 mandatory parts (abc, bl & co) and 2 optional (xyz & in) with precise @ and . positions 
Wrong Input : E.g. abc.xyz@bl.co.in Email has 3 mandatory parts (abc, bl & co) and 2 optional (xyz & in) with precise @ and . positions 
Wrong Input : E.g. abc.xyz@bl.co.in Email has 3 mandatory parts (abc, bl & co) and 2 optional (xyz & in) with precise @ and . positions 
Wrong Input : E.g. abc.xyz@bl.co.in Email has 3 mandatory parts (abc, bl & co) and 2 optional (xyz & in) with precise @ and . positions 
Wrong Input : E.g. abc.xyz@bl.co.in Email has 3 mandatory parts (abc, bl & co) and 2 optional (xyz & in) with precise @ and . positions 
Wrong Input : E.g. abc.xyz@bl.co.in Email has 3 mandatory parts (abc, bl & co) and 2 optional (xyz & in) with precise @ and . positions 
Wrong Input : E.g. abc.xyz@bl.co.in Email has 3 mandatory parts (abc, bl & co) and 2 optional (xyz & in) with precise @ and . positions 
Wrong Input : E.g. abc.xyz@bl.co.in Email has 3 mandatory parts (abc, bl & co) and 2 optional (xyz & in) with precise @ and . positions 
Wrong Input : E.g. abc.xyz@bl.co.in Email has 3 mandatory parts (abc, bl & co) and 2 optional (xyz & in) with precise @ and . positions 
Wrong Input : E.g. abc.xyz@bl.co.in Email has 3 mandatory parts (abc, bl & co) and 2 optional (xyz & in) with precise @ and . positions 
Wrong Input : E.g. abc.xyz@bl.co.in Email has 3 mandatory parts (abc, bl & co) and 2 optional (xyz & in) with precise @ and . positions 
Wrong Input : E.g. abc.xyz@bl.co.in Email has 3 mandatory parts (abc, bl & co) and 2 optional (xyz & in) with precise @ and . positions 
Wrong Input : E.g. abc.xyz@bl.co.in Email has 3 mandatory parts (abc, bl & co) and 2 optional (xyz & in) with precise @ and . positions 
Wrong Input : E.g. abc.xyz@bl.co.in Email has 3 mandatory parts (abc, bl & co) and 2 optional (xyz & in) with precise @ and . positions 
Wrong Input : E.g. abc.xyz@bl.co.in Email has 3 mandatory parts (abc, bl & co) and 2 optional (xyz & in) with precise @ and . positions 
Wrong Input : E.g. abc.xyz@bl.co.in Email has 3 mandatory parts (abc, bl & co) and 2 optional (xyz & in) with precise @ and . positions 
Wrong Input : E.g. abc.xyz@bl.co.in Email has 3 mandatory parts (abc, bl & co) and 2 optional (xyz & in) with precise @ and . positions 
Wrong Input : E.g. abc.xyz@bl.co.in Email has 3 mandatory parts (abc, bl & co) and 2 optional (xyz & in) with precise @ and . positions 
Wrong Input : E.g. abc.xyz@bl.co.in Email has 3 mandatory parts (abc, bl & co) and 2 optional (xyz & in) with precise @ and . positions 
Wrong Input : E.g. abc.xyz@bl.co.in Email has 3 mandatory parts (abc, bl & co) and 2 optional (xyz & in) with precise @ and . positions 
Wrong Input : E.g. abc.xyz@bl.co.in Email has 3 mandatory parts (abc, bl & co) and 2 optional (xyz & in) with precise @ and . positions 
Wrong Input : E.g. abc.xyz@bl.co.in Email has 3 mandatory parts (abc, bl & co) and 2 optional (xyz & in) with precise @ and . positions 
Wrong Input : E.g. abc.xyz@bl.co.in Email has 3 mandatory parts (abc, bl & co) and 2 optional (xyz & in) with precise @ and . positions 
Wrong Input : E.g. abc.xyz@bl.co.in Email has 3 mandatory parts (abc, bl & co) and 2 optional (xyz & in) with precise @ and . positions 
Wrong Input : E.g. abc.xyz@bl.co.in Email has 3 mandatory parts (abc, bl & co) and 2 optional (xyz & in) with precise @ and . positions 
Wrong Input : E.g. abc.xyz@bl.co.in Email has 3 mandatory parts (abc, bl & co) and 2 optional (xyz & in) with precise @ and . positions 
Wrong Input : E.g. abc.xyz@bl.co.in Email has 3 mandatory parts (abc, bl & co) and 2 optional (xyz & in) with precise @ and . positions 
Wrong Input : E.g. abc.xyz@bl.co.in Email has 3 mandatory parts (abc, bl & co) and 2 optional (xyz & in) with precise @ and . positions 
Wrong Input : E.g. abc.xyz@bl.co.in Email has 3 mandatory parts (abc, bl & co) and 2 optional (xyz & in) with precise @ and . positions 
Wrong Input : E.g. abc.xyz@bl.co.in Email has 3 mandatory parts (abc, bl & co) and 2 optional (xyz & in) with precise @ and . positions 
Wrong Input : E.g. abc.xyz@bl.co.in Email has 3 mandatory parts (abc, bl & co) and 2 optional (xyz & in) with precise @ and . positions 
Wrong Input : E.g. abc.xyz@bl.co.in Email has 3 mandatory parts (abc, bl & co) and 2 optional (xyz & in) with precise @ and . positions 
Wrong Input : E.g. abc.xyz@bl.co.in Email has 3 mandatory parts (abc, bl & co) and 2 optional (xyz & in) with precise @ and . positions 
Wrong Input : E.g. abc.xyz@bl.co.in Email has 3 mandatory parts (abc, bl & co) and 2 optional (xyz & in) with precise @ and . positions 
Wrong Input : E.g. abc.xyz@bl.co.in Email has 3 mandatory parts (abc, bl & co) and 2 optional (xyz & in) with precise @ and . positions 
Wrong Input : E.g. abc.xyz@bl.co.in Email has 3 mandatory parts (abc, bl & co) and 2 optional (xyz & in) with precise @ and . positions 
Wrong Input : E.g. abc.xyz@bl.co.in Email has 3 mandatory parts (abc, bl & co) and 2 optional (xyz & in) with precise @ and . positions 
Wrong Input : E.g. abc.xyz@bl.co.in Email has 3 mandatory parts (abc, bl & co) and 2 optional (xyz & in) with precise @ and . positions 
Wrong Input : E.g. abc.xyz@bl.co.in Email has 3 mandatory parts (abc, bl & co) and 2 optional (xyz & in) with precise @ and . positions 
Wrong Input : E.g. abc.xyz@bl.co.in Email has 3 mandatory parts (abc, bl & co) and 2 optional (xyz & in) with precise @ and . positions 
Wrong Input : E.g. abc.xyz@bl.co.in Email has 3 mandatory parts (abc, bl & co) and 2 optional (xyz & in) with precise @ and . positions 
Wrong Input : E.g. abc.xyz@bl.co.in Email has 3 mandatory parts (abc, bl & co) and 2 optional (xyz & in) with precise @ and . positions 
Wrong Input : E.g. abc.xyz@bl.co.in Email has 3 mandatory parts (abc, bl & co) and 2 optional (xyz & in) with precise @ and . positions 
Wrong Input : E.g. abc.xyz@bl.co.in Email has 3 mandatory parts (abc, bl & co) and 2 optional (xyz & in) with precise @ and . positions 
Wrong Input : E.g. abc.xyz@bl.co.in Email has 3 mandatory parts (abc, bl & co) and 2 optional (xyz & in) with precise @ and . positions 
Wrong Input : E.g. abc.xyz@bl.co.in Email has 3 mandatory parts (abc, bl & co) and 2 optional (xyz & in) with precise @ and . positions 
Wrong Input : E.g. abc.xyz@bl.co.in Email has 3 mandatory parts (abc, bl & co) and 2 optional (xyz & in) with precise @ and . positions 
Wrong Input : E.g. abc.xyz@bl.co.in Email has 3 mandatory parts (abc, bl & co) and 2 optional (xyz & in) with precise @ and . positions 
Wrong Input : E.g. abc.xyz@bl.co.in Email has 3 mandatory parts (abc, bl & co) and 2 optional (xyz & in) with precise @ and . positions 
Wrong Input : E.g. abc.xyz@bl.co.in Email has 3 mandatory parts (abc, bl & co) and 2 optional (xyz & in) with precise @ and . positions 
Wrong Input : E.g. abc.xyz@bl.co.in Email has 3 mandatory parts (abc, bl & co) and 2 optional (xyz & in) with precise @ and . positions 
Wrong Input : E.g. abc.xyz@bl.co.in Email has 3 mandatory parts (abc, bl & co) and 2 optional (xyz & in) with precise @ and . positions 
Wrong Input : E.g. abc.xyz@bl.co.in Email has 3 mandatory parts (abc, bl & co) and 2 optional (xyz & in) with precise @ and . positions 
Wrong Input : E.g. abc.xyz@bl.co.in Email has 3 mandatory parts (abc, bl & co) and 2 optional (xyz & in) with precise @ and . positions 
Wrong Input : E.g. abc.xyz@bl.co.in Email has 3 mandatory parts (abc, bl & co) and 2 optional (xyz & in) with precise @ and . positions 
Wrong Input : E.g. abc.xyz@bl.co.in Email has 3 mandatory parts (abc, bl & co) and 2 optional (xyz & in) with precise @ and . positions 
Wrong Input : E.g. abc.xyz@bl.co.in Email has 3 mandatory parts (abc, bl & co) and 2 optional (xyz & in) with precise @ and . positions 
Wrong Input : E.g. abc.xyz@bl.co.in Email has 3 mandatory parts (abc, bl & co) and 2 optional (xyz & in) with precise @ and . positions 
Wrong Input : E.g. abc.xyz@bl.co.in Email has 3 mandatory parts (abc, bl & co) and 2 optional (xyz & in) with precise @ and . positions 
Wrong Input : E.g. abc.xyz@bl.co.in Email has 3 mandatory parts (abc, bl & co) and 2 optional (xyz & in) with precise @ and . positions 
Wrong Input : E.g. abc.xyz@bl.co.in Email has 3 mandatory parts (abc, bl & co) and 2 optional (xyz & in) with precise @ and . positions 
Wrong Input : E.g. abc.xyz@bl.co.in Email has 3 mandatory parts (abc, bl & co) and 2 optional (xyz & in) with precise @ and . positions 
Wrong Input : E.g. abc.xyz@bl.co.in Email has 3 mandatory parts (abc, bl & co) and 2 optional (xyz & in) with precise @ and . positions 
Wrong Input : E.g. abc.xyz@bl.co.in Email has 3 mandatory parts (abc, bl & co) and 2 optional (xyz & in) with precise @ and . positions 
Wrong Input : E.g. abc.xyz@bl.co.in Email has 3 mandatory parts (abc, bl & co) and 2 optional (xyz & in) with precise @ and . positions 
Wrong Input : E.g. abc.xyz@bl.co.in Email has 3 mandatory parts (abc, bl & co) and 2 optional (xyz & in) with precise @ and . positions 
Wrong Input : E.g. abc.xyz@bl.co.in Email has 3 mandatory parts (abc, bl & co) and 2 optional (xyz & in) with precise @ and . positions 
Wrong Input : E.g. abc.xyz@bl.co.in Email has 3 mandatory parts (abc, bl & co) and 2 optional (xyz & in) with precise @ and . positions 
Wrong Input : E.g. abc.xyz@bl.co.in Email has 3 mandatory parts (abc, bl & co) and 2 optional (xyz & in) with precise @ and . positions 
Wrong Input : E.g. abc.xyz@bl.co.in Email has 3 mandatory parts (abc, bl & co) and 2 optional (xyz & in) with precise @ and . positions 
Wrong Input : E.g. abc.xyz@bl.co.in Email has 3 mandatory parts (abc, bl & co) and 2 optional (xyz & in) with precise @ and . positions 
Wrong Input : E.g. abc.xyz@bl.co.in Email has 3 mandatory parts (abc, bl & co) and 2 optional (xyz & in) with precise @ and . positions 
Wrong Input : E.g. abc.xyz@bl.co.in Email has 3 mandatory parts (abc, bl & co) and 2 optional (xyz & in) with precise @ and . positions 
Wrong Input : E.g. abc.xyz@bl.co.in Email has 3 mandatory parts (abc, bl & co) and 2 optional (xyz & in) with precise @ and . positions 
Wrong Input : E.g. abc.xyz@bl.co.in Email has 3 mandatory parts (abc, bl & co) and 2 optional (xyz & in) with precise @ and . positions 
Wrong Input : E.g. abc.xyz@bl.co.in Email has 3 mandatory parts (abc, bl & co) and 2 optional (xyz & in) with precise @ and . positions 
Wrong Input : E.g. abc.xyz@bl.co.in Email has 3 mandatory parts (abc, bl & co) and 2 optional (xyz & in) with precise @ and . positions 
Wrong Input : E.g. abc.xyz@bl.co.in Email has 3 mandatory parts (abc, bl & co) and 2 optional (xyz & in) with precise @ and . positions 
Wrong Input : E.g. abc.xyz@bl.co.in Email has 3 mandatory parts (abc, bl & co) and 2 optional (xyz & in) with precise @ and . positions 
Wrong Input : E.g. abc.xyz@bl.co.in Email has 3 mandatory parts (abc, bl & co) and 2 optional (xyz & in) with precise @ and . positions 
Wrong Input : E.g. abc.xyz@bl.co.in Email has 3 mandatory parts (abc, bl & co) and 2 optional (xyz & in) with precise @ and . positions 
Wrong Input : E.g. abc.xyz@bl.co.in Email has 3 mandatory parts (abc, bl & co) and 2 optional (xyz & in) with precise @ and . positions 
Wrong Input : E.g. abc.xyz@bl.co.in Email has 3 mandatory parts (abc, bl & co) and 2 optional (xyz & in) with precise @ and . positions 
Wrong Input : E.g. abc.xyz@bl.co.in Email has 3 mandatory parts (abc, bl & co) and 2 optional (xyz & in) with precise @ and . positions 
Wrong Input : E.g. abc.xyz@bl.co.in Email has 3 mandatory parts (abc, bl & co) and 2 optional (xyz & in) with precise @ and . positions 
Wrong Input : E.g. abc.xyz@bl.co.in Email has 3 mandatory parts (abc, bl & co) and 2 optional (xyz & in) with precise @ and . positions 
Wrong Input : E.g. abc.xyz@bl.co.in Email has 3 mandatory parts (abc, bl & co) and 2 optional (xyz & in) with precise @ and . positions 
Wrong Input : E.g. abc.xyz@bl.co.in Email has 3 mandatory parts (abc, bl & co) and 2 optional (xyz & in) with precise @ and . positions 
Wrong Input : E.g. abc.xyz@bl.co.in Email has 3 mandatory parts (abc, bl & co) and 2 optional (xyz & in) with precise @ and . positions 
Wrong Input : E.g. abc.xyz@bl.co.in Email has 3 mandatory parts (abc, bl & co) and 2 optional (xyz & in) with precise @ and . positions 
Wrong Input : E.g. abc.xyz@bl.co.in Email has 3 mandatory parts (abc, bl & co) and 2 optional (xyz & in) with precise @ and . positions 
Wrong Input : E.g. abc.xyz@bl.co.in Email has 3 mandatory parts (abc, bl & co) and 2 optional (xyz & in) with precise @ and . positions 
Wrong Input : E.g. abc.xyz@bl.co.in Email has 3 mandatory parts (abc, bl & co) and 2 optional (xyz & in) with precise @ and . positions 
Wrong Input : E.g. abc.xyz@bl.co.in Email has 3 mandatory parts (abc, bl & co) and 2 optional (xyz & in) with precise @ and . positions 
Wrong Input : E.g. abc.xyz@bl.co.in Email has 3 mandatory parts (abc, bl & co) and 2 optional (xyz & in) with precise @ and . positions 
Wrong Input : E.g. abc.xyz@bl.co.in Email has 3 mandatory parts (abc, bl & co) and 2 optional (xyz & in) with precise @ and . positions 
Wrong Input : E.g. abc.xyz@bl.co.in Email has 3 mandatory parts (abc, bl & co) and 2 optional (xyz & in) with precise @ and . positions 
Wrong Input : E.g. abc.xyz@bl.co.in Email has 3 mandatory parts (abc, bl & co) and 2 optional (xyz & in) with precise @ and . positions 
Wrong Input : E.g. abc.xyz@bl.co.in Email has 3 mandatory parts (abc, bl & co) and 2 optional (xyz & in) with precise @ and . positions 
Wrong Input : E.g. abc.xyz@bl.co.in Email has 3 mandatory parts (abc, bl & co) and 2 optional (xyz & in) with precise @ and . positions 
Wrong Input : E.g. abc.xyz@bl.co.in Email has 3 mandatory parts (abc, bl & co) and 2 optional (xyz & in) with precise @ and . positions 
Wrong Input : E.g. abc.xyz@bl.co.in Email has 3 mandatory parts (abc, bl & co) and 2 optional (xyz & in) with precise @ and . positions 
Wrong Input : E.g. abc.xyz@bl.co.in Email has 3 mandatory parts (abc, bl & co) and 2 optional (xyz & in) with precise @ and . positions 
Wrong Input : E.g. abc.xyz@bl.co.in Email has 3 mandatory parts (abc, bl & co) and 2 optional (xyz & in) with precise @ and . positions 
Wrong Input : E.g. abc.xyz@bl.co.in Email has 3 mandatory parts (abc, bl & co) and 2 optional (xyz & in) with precise @ and . positions 
Wrong Input : E.g. abc.xyz@bl.co.in Email has 3 mandatory parts (abc, bl & co) and 2 optional (xyz & in) with precise @ and . positions 
Wrong Input : E.g. abc.xyz@bl.co.in Email has 3 mandatory parts (abc, bl & co) and 2 optional (xyz & in) with precise @ and . positions 
Wrong Input : E.g. abc.xyz@bl.co.in Email has 3 mandatory parts (abc, bl & co) and 2 optional (xyz & in) with precise @ and . positions 
Wrong Input : E.g. abc.xyz@bl.co.in Email has 3 mandatory parts (abc, bl & co) and 2 optional (xyz & in) with precise @ and . positions 
Wrong Input : E.g. abc.xyz@bl.co.in Email has 3 mandatory parts (abc, bl & co) and 2 optional (xyz & in) with precise @ and . positions 
Wrong Input : E.g. abc.xyz@bl.co.in Email has 3 mandatory parts (abc, bl & co) and 2 optional (xyz & in) with precise @ and . positions 
Wrong Input : E.g. abc.xyz@bl.co.in Email has 3 mandatory parts (abc, bl & co) and 2 optional (xyz & in) with precise @ and . positions 
Wrong Input : E.g. abc.xyz@bl.co.in Email has 3 mandatory parts (abc, bl & co) and 2 optional (xyz & in) with precise @ and . positions 
Wrong Input : E.g. abc.xyz@bl.co.in Email has 3 mandatory parts (abc, bl & co) and 2 optional (xyz & in) with precise @ and . positions 
Wrong Input : E.g. abc.xyz@bl.co.in Email has 3 mandatory parts (abc, bl & co) and 2 optional (xyz & in) with precise @ and . positions 
Wrong Input : E.g. abc.xyz@bl.co.in Email has 3 mandatory parts (abc, bl & co) and 2 optional (xyz & in) with precise @ and . positions 
Wrong Input : E.g. abc.xyz@bl.co.in Email has 3 mandatory parts (abc, bl & co) and 2 optional (xyz & in) with precise @ and . positions 
Wrong Input : E.g. abc.xyz@bl.co.in Email has 3 mandatory parts (abc, bl & co) and 2 optional (xyz & in) with precise @ and . positions 
Wrong Input : E.g. abc.xyz@bl.co.in Email has 3 mandatory parts (abc, bl & co) and 2 optional (xyz & in) with precise @ and . positions 
Wrong Input : E.g. abc.xyz@bl.co.in Email has 3 mandatory parts (abc, bl & co) and 2 optional (xyz & in) with precise @ and . positions 
Wrong Input : E.g. abc.xyz@bl.co.in Email has 3 mandatory parts (abc, bl & co) and 2 optional (xyz & in) with precise @ and . positions 
Wrong Input : E.g. abc.xyz@bl.co.in Email has 3 mandatory parts (abc, bl & co) and 2 optional (xyz & in) with precise @ and . positions 
Wrong Input : E.g. abc.xyz@bl.co.in Email has 3 mandatory parts (abc, bl & co) and 2 optional (xyz & in) with precise @ and . positions 
Wrong Input : E.g. abc.xyz@bl.co.in Email has 3 mandatory parts (abc, bl & co) and 2 optional (xyz & in) with precise @ and . positions 
Wrong Input : E.g. abc.xyz@bl.co.in Email has 3 mandatory parts (abc, bl & co) and 2 optional (xyz & in) with precise @ and . positions 
Wrong Input : E.g. abc.xyz@bl.co.in Email has 3 mandatory parts (abc, bl & co) and 2 optional (xyz & in) with precise @ and . positions 
Wrong Input : E.g. abc.xyz@bl.co.in Email has 3 mandatory parts (abc, bl & co) and 2 optional (xyz & in) with precise @ and . positions 
Wrong Input : E.g. abc.xyz@bl.co.in Email has 3 mandatory parts (abc, bl & co) and 2 optional (xyz & in) with precise @ and . positions 
Wrong Input : E.g. abc.xyz@bl.co.in Email has 3 mandatory parts (abc, bl & co) and 2 optional (xyz & in) with precise @ and . positions 
Wrong Input : E.g. abc.xyz@bl.co.in Email has 3 mandatory parts (abc, bl & co) and 2 optional (xyz & in) with precise @ and . positions 
Wrong Input : E.g. abc.xyz@bl.co.in Email has 3 mandatory parts (abc, bl & co) and 2 optional (xyz & in) with precise @ and . positions 
Wrong Input : E.g. abc.xyz@bl.co.in Email has 3 mandatory parts (abc, bl & co) and 2 optional (xyz & in) with precise @ and . positions 
Wrong Input : E.g. abc.xyz@bl.co.in Email has 3 mandatory parts (abc, bl & co) and 2 optional (xyz & in) with precise @ and . positions 
Wrong Input : E.g. abc.xyz@bl.co.in Email has 3 mandatory parts (abc, bl & co) and 2 optional (xyz & in) with precise @ and . positions 
Wrong Input : E.g. abc.xyz@bl.co.in Email has 3 mandatory parts (abc, bl & co) and 2 optional (xyz & in) with precise @ and . positions 
Wrong Input : E.g. abc.xyz@bl.co.in Email has 3 mandatory parts (abc, bl & co) and 2 optional (xyz & in) with precise @ and . positions 
Wrong Input : E.g. abc.xyz@bl.co.in Email has 3 mandatory parts (abc, bl & co) and 2 optional (xyz & in) with precise @ and . positions 
Wrong Input : E.g. abc.xyz@bl.co.in Email has 3 mandatory parts (abc, bl & co) and 2 optional (xyz & in) with precise @ and . positions 
Wrong Input : E.g. abc.xyz@bl.co.in Email has 3 mandatory parts (abc, bl & co) and 2 optional (xyz & in) with precise @ and . positions 
Wrong Input : E.g. abc.xyz@bl.co.in Email has 3 mandatory parts (abc, bl & co) and 2 optional (xyz & in) with precise @ and . positions 
Wrong Input : E.g. abc.xyz@bl.co.in Email has 3 mandatory parts (abc, bl & co) and 2 optional (xyz & in) with precise @ and . positions 
Wrong Input : E.g. abc.xyz@bl.co.in Email has 3 mandatory parts (abc, bl & co) and 2 optional (xyz & in) with precise @ and . positions 
Wrong Input : E.g. abc.xyz@bl.co.in Email has 3 mandatory parts (abc, bl & co) and 2 optional (xyz & in) with precise @ and . positions 
Wrong Input : E.g. abc.xyz@bl.co.in Email has 3 mandatory parts (abc, bl & co) and 2 optional (xyz & in) with precise @ and . positions 
Wrong Input : E.g. abc.xyz@bl.co.in Email has 3 mandatory parts (abc, bl & co) and 2 optional (xyz & in) with precise @ and . positions 
Wrong Input : E.g. abc.xyz@bl.co.in Email has 3 mandatory parts (abc, bl & co) and 2 optional (xyz & in) with precise @ and . positions 
Wrong Input : E.g. abc.xyz@bl.co.in Email has 3 mandatory parts (abc, bl & co) and 2 optional (xyz & in) with precise @ and . positions 
Wrong Input : E.g. abc.xyz@bl.co.in Email has 3 mandatory parts (abc, bl & co) and 2 optional (xyz & in) with precise @ and . positions 
Wrong Input : E.g. abc.xyz@bl.co.in Email has 3 mandatory parts (abc, bl & co) and 2 optional (xyz & in) with precise @ and . positions 
Wrong Input : E.g. abc.xyz@bl.co.in Email has 3 mandatory parts (abc, bl & co) and 2 optional (xyz & in) with precise @ and . positions 
Wrong Input : E.g. abc.xyz@bl.co.in Email has 3 mandatory parts (abc, bl & co) and 2 optional (xyz & in) with precise @ and . positions 
Wrong Input : E.g. abc.xyz@bl.co.in Email has 3 mandatory parts (abc, bl & co) and 2 optional (xyz & in) with precise @ and . positions 
Wrong Input : E.g. abc.xyz@bl.co.in Email has 3 mandatory parts (abc, bl & co) and 2 optional (xyz & in) with precise @ and . positions 
Wrong Input : E.g. abc.xyz@bl.co.in Email has 3 mandatory parts (abc, bl & co) and 2 optional (xyz & in) with precise @ and . positions 
Wrong Input : E.g. abc.xyz@bl.co.in Email has 3 mandatory parts (abc, bl & co) and 2 optional (xyz & in) with precise @ and . positions 
Wrong Input : E.g. abc.xyz@bl.co.in Email has 3 mandatory parts (abc, bl & co) and 2 optional (xyz & in) with precise @ and . positions 
Wrong Input : E.g. abc.xyz@bl.co.in Email has 3 mandatory parts (abc, bl & co) and 2 optional (xyz & in) with precise @ and . positions 
Wrong Input : E.g. abc.xyz@bl.co.in Email has 3 mandatory parts (abc, bl & co) and 2 optional (xyz & in) with precise @ and . positions 
Wrong Input : E.g. abc.xyz@bl.co.in Email has 3 mandatory parts (abc, bl & co) and 2 optional (xyz & in) with precise @ and . positions 
Wrong Input : E.g. abc.xyz@bl.co.in Email has 3 mandatory parts (abc, bl & co) and 2 optional (xyz & in) with precise @ and . positions 
Wrong Input : E.g. abc.xyz@bl.co.in Email has 3 mandatory parts (abc, bl & co) and 2 optional (xyz & in) with precise @ and . positions 
Wrong Input : E.g. abc.xyz@bl.co.in Email has 3 mandatory parts (abc, bl & co) and 2 optional (xyz & in) with precise @ and . positions 
Wrong Input : E.g. abc.xyz@bl.co.in Email has 3 mandatory parts (abc, bl & co) and 2 optional (xyz & in) with precise @ and . positions 
Wrong Input : E.g. abc.xyz@bl.co.in Email has 3 mandatory parts (abc, bl & co) and 2 optional (xyz & in) with precise @ and . positions 
Wrong Input : E.g. abc.xyz@bl.co.in Email has 3 mandatory parts (abc, bl & co) and 2 optional (xyz & in) with precise @ and . positions 
Wrong Input : E.g. abc.xyz@bl.co.in Email has 3 mandatory parts (abc, bl & co) and 2 optional (xyz & in) with precise @ and . positions 
Wrong Input : E.g. abc.xyz@bl.co.in Email has 3 mandatory parts (abc, bl & co) and 2 optional (xyz & in) with precise @ and . positions 
Wrong Input : E.g. abc.xyz@bl.co.in Email has 3 mandatory parts (abc, bl & co) and 2 optional (xyz & in) with precise @ and . positions 
Wrong Input : E.g. abc.xyz@bl.co.in Email has 3 mandatory parts (abc, bl & co) and 2 optional (xyz & in) with precise @ and . positions 
Wrong Input : E.g. abc.xyz@bl.co.in Email has 3 mandatory parts (abc, bl & co) and 2 optional (xyz & in) with precise @ and . positions 
Wrong Input : E.g. abc.xyz@bl.co.in Email has 3 mandatory parts (abc, bl & co) and 2 optional (xyz & in) with precise @ and . positions 
Wrong Input : E.g. abc.xyz@bl.co.in Email has 3 mandatory parts (abc, bl & co) and 2 optional (xyz & in) with precise @ and . positions 
Wrong Input : E.g. abc.xyz@bl.co.in Email has 3 mandatory parts (abc, bl & co) and 2 optional (xyz & in) with precise @ and . positions 
Wrong Input : E.g. abc.xyz@bl.co.in Email has 3 mandatory parts (abc, bl & co) and 2 optional (xyz & in) with precise @ and . positions 
Wrong Input : E.g. abc.xyz@bl.co.in Email has 3 mandatory parts (abc, bl & co) and 2 optional (xyz & in) with precise @ and . positions 
Wrong Input : E.g. abc.xyz@bl.co.in Email has 3 mandatory parts (abc, bl & co) and 2 optional (xyz & in) with precise @ and . positions 
Wrong Input : E.g. abc.xyz@bl.co.in Email has 3 mandatory parts (abc, bl & co) and 2 optional (xyz & in) with precise @ and . positions 
Wrong Input : E.g. abc.xyz@bl.co.in Email has 3 mandatory parts (abc, bl & co) and 2 optional (xyz & in) with precise @ and . positions 
Wrong Input : E.g. abc.xyz@bl.co.in Email has 3 mandatory parts (abc, bl & co) and 2 optional (xyz & in) with precise @ and . positions 
Wrong Input : E.g. abc.xyz@bl.co.in Email has 3 mandatory parts (abc, bl & co) and 2 optional (xyz & in) with precise @ and . positions 
Wrong Input : E.g. abc.xyz@bl.co.in Email has 3 mandatory parts (abc, bl & co) and 2 optional (xyz & in) with precise @ and . positions 
Wrong Input : E.g. abc.xyz@bl.co.in Email has 3 mandatory parts (abc, bl & co) and 2 optional (xyz & in) with precise @ and . positions 
Wrong Input : E.g. abc.xyz@bl.co.in Email has 3 mandatory parts (abc, bl & co) and 2 optional (xyz & in) with precise @ and . positions 
Wrong Input : E.g. abc.xyz@bl.co.in Email has 3 mandatory parts (abc, bl & co) and 2 optional (xyz & in) with precise @ and . positions 
Wrong Input : E.g. abc.xyz@bl.co.in Email has 3 mandatory parts (abc, bl & co) and 2 optional (xyz & in) with precise @ and . positions 
Wrong Input : E.g. abc.xyz@bl.co.in Email has 3 mandatory parts (abc, bl & co) and 2 optional (xyz & in) with precise @ and . positions 
Wrong Input : E.g. abc.xyz@bl.co.in Email has 3 mandatory parts (abc, bl & co) and 2 optional (xyz & in) with precise @ and . positions 
Wrong Input : E.g. abc.xyz@bl.co.in Email has 3 mandatory parts (abc, bl & co) and 2 optional (xyz & in) with precise @ and . positions 
Wrong Input : E.g. abc.xyz@bl.co.in Email has 3 mandatory parts (abc, bl & co) and 2 optional (xyz & in) with precise @ and . positions 
Wrong Input : E.g. abc.xyz@bl.co.in Email has 3 mandatory parts (abc, bl & co) and 2 optional (xyz & in) with precise @ and . positions 
Wrong Input : E.g. abc.xyz@bl.co.in Email has 3 mandatory parts (abc, bl & co) and 2 optional (xyz & in) with precise @ and . positions 
Wrong Input : E.g. abc.xyz@bl.co.in Email has 3 mandatory parts (abc, bl & co) and 2 optional (xyz & in) with precise @ and . positions 
Wrong Input : E.g. abc.xyz@bl.co.in Email has 3 mandatory parts (abc, bl & co) and 2 optional (xyz & in) with precise @ and . positions 
Wrong Input : E.g. abc.xyz@bl.co.in Email has 3 mandatory parts (abc, bl & co) and 2 optional (xyz & in) with precise @ and . positions 
Wrong Input : E.g. abc.xyz@bl.co.in Email has 3 mandatory parts (abc, bl & co) and 2 optional (xyz & in) with precise @ and . positions 
Wrong Input : E.g. abc.xyz@bl.co.in Email has 3 mandatory parts (abc, bl & co) and 2 optional (xyz & in) with precise @ and . positions 
Wrong Input : E.g. abc.xyz@bl.co.in Email has 3 mandatory parts (abc, bl & co) and 2 optional (xyz & in) with precise @ and . positions 
Wrong Input : E.g. abc.xyz@bl.co.in Email has 3 mandatory parts (abc, bl & co) and 2 optional (xyz & in) with precise @ and . positions 
Wrong Input : E.g. abc.xyz@bl.co.in Email has 3 mandatory parts (abc, bl & co) and 2 optional (xyz & in) with precise @ and . positions 
Wrong Input : E.g. abc.xyz@bl.co.in Email has 3 mandatory parts (abc, bl & co) and 2 optional (xyz & in) with precise @ and . positions 
Wrong Input : E.g. abc.xyz@bl.co.in Email has 3 mandatory parts (abc, bl & co) and 2 optional (xyz & in) with precise @ and . positions 
Wrong Input : E.g. abc.xyz@bl.co.in Email has 3 mandatory parts (abc, bl & co) and 2 optional (xyz & in) with precise @ and . positions 
Wrong Input : E.g. abc.xyz@bl.co.in Email has 3 mandatory parts (abc, bl & co) and 2 optional (xyz & in) with precise @ and . positions 
Wrong Input : E.g. abc.xyz@bl.co.in Email has 3 mandatory parts (abc, bl & co) and 2 optional (xyz & in) with precise @ and . positions 
Wrong Input : E.g. abc.xyz@bl.co.in Email has 3 mandatory parts (abc, bl & co) and 2 optional (xyz & in) with precise @ and . positions 
Wrong Input : E.g. abc.xyz@bl.co.in Email has 3 mandatory parts (abc, bl & co) and 2 optional (xyz & in) with precise @ and . positions 
Wrong Input : E.g. abc.xyz@bl.co.in Email has 3 mandatory parts (abc, bl & co) and 2 optional (xyz & in) with precise @ and . positions 
Wrong Input : E.g. abc.xyz@bl.co.in Email has 3 mandatory parts (abc, bl & co) and 2 optional (xyz & in) with precise @ and . positions 
Wrong Input : E.g. abc.xyz@bl.co.in Email has 3 mandatory parts (abc, bl & co) and 2 optional (xyz & in) with precise @ and . positions 
Wrong Input : E.g. abc.xyz@bl.co.in Email has 3 mandatory parts (abc, bl & co) and 2 optional (xyz & in) with precise @ and . positions 
Wrong Input : E.g. abc.xyz@bl.co.in Email has 3 mandatory parts (abc, bl & co) and 2 optional (xyz & in) with precise @ and . positions 
Wrong Input : E.g. abc.xyz@bl.co.in Email has 3 mandatory parts (abc, bl & co) and 2 optional (xyz & in) with precise @ and . positions 
Wrong Input : E.g. abc.xyz@bl.co.in Email has 3 mandatory parts (abc, bl & co) and 2 optional (xyz & in) with precise @ and . positions 
Wrong Input : E.g. abc.xyz@bl.co.in Email has 3 mandatory parts (abc, bl & co) and 2 optional (xyz & in) with precise @ and . positions 
Wrong Input : E.g. abc.xyz@bl.co.in Email has 3 mandatory parts (abc, bl & co) and 2 optional (xyz & in) with precise @ and . positions 
Wrong Input : E.g. abc.xyz@bl.co.in Email has 3 mandatory parts (abc, bl & co) and 2 optional (xyz & in) with precise @ and . positions 
Wrong Input : E.g. abc.xyz@bl.co.in Email has 3 mandatory parts (abc, bl & co) and 2 optional (xyz & in) with precise @ and . positions 
Wrong Input : E.g. abc.xyz@bl.co.in Email has 3 mandatory parts (abc, bl & co) and 2 optional (xyz & in) with precise @ and . positions 
Wrong Input : E.g. abc.xyz@bl.co.in Email has 3 mandatory parts (abc, bl & co) and 2 optional (xyz & in) with precise @ and . positions 
Wrong Input : E.g. abc.xyz@bl.co.in Email has 3 mandatory parts (abc, bl & co) and 2 optional (xyz & in) with precise @ and . positions 
Wrong Input : E.g. abc.xyz@bl.co.in Email has 3 mandatory parts (abc, bl & co) and 2 optional (xyz & in) with precise @ and . positions 
Wrong Input : E.g. abc.xyz@bl.co.in Email has 3 mandatory parts (abc, bl & co) and 2 optional (xyz & in) with precise @ and . positions 
Wrong Input : E.g. abc.xyz@bl.co.in Email has 3 mandatory parts (abc, bl & co) and 2 optional (xyz & in) with precise @ and . positions 
Wrong Input : E.g. abc.xyz@bl.co.in Email has 3 mandatory parts (abc, bl & co) and 2 optional (xyz & in) with precise @ and . positions 
Wrong Input : E.g. abc.xyz@bl.co.in Email has 3 mandatory parts (abc, bl & co) and 2 optional (xyz & in) with precise @ and . positions 
Wrong Input : E.g. abc.xyz@bl.co.in Email has 3 mandatory parts (abc, bl & co) and 2 optional (xyz & in) with precise @ and . positions 
Wrong Input : E.g. abc.xyz@bl.co.in Email has 3 mandatory parts (abc, bl & co) and 2 optional (xyz & in) with precise @ and . positions 
Wrong Input : E.g. abc.xyz@bl.co.in Email has 3 mandatory parts (abc, bl & co) and 2 optional (xyz & in) with precise @ and . positions 
Wrong Input : E.g. abc.xyz@bl.co.in Email has 3 mandatory parts (abc, bl & co) and 2 optional (xyz & in) with precise @ and . positions 
Wrong Input : E.g. abc.xyz@bl.co.in Email has 3 mandatory parts (abc, bl & co) and 2 optional (xyz & in) with precise @ and . positions 
Wrong Input : E.g. abc.xyz@bl.co.in Email has 3 mandatory parts (abc, bl & co) and 2 optional (xyz & in) with precise @ and . positions 
Wrong Input : E.g. abc.xyz@bl.co.in Email has 3 mandatory parts (abc, bl & co) and 2 optional (xyz & in) with precise @ and . positions 
Wrong Input : E.g. abc.xyz@bl.co.in Email has 3 mandatory parts (abc, bl & co) and 2 optional (xyz & in) with precise @ and . positions 
Wrong Input : E.g. abc.xyz@bl.co.in Email has 3 mandatory parts (abc, bl & co) and 2 optional (xyz & in) with precise @ and . positions 
Wrong Input : E.g. abc.xyz@bl.co.in Email has 3 mandatory parts (abc, bl & co) and 2 optional (xyz & in) with precise @ and . positions 
Wrong Input : E.g. abc.xyz@bl.co.in Email has 3 mandatory parts (abc, bl & co) and 2 optional (xyz & in) with precise @ and . positions 
Wrong Input : E.g. abc.xyz@bl.co.in Email has 3 mandatory parts (abc, bl & co) and 2 optional (xyz & in) with precise @ and . positions 
Wrong Input : E.g. abc.xyz@bl.co.in Email has 3 mandatory parts (abc, bl & co) and 2 optional (xyz & in) with precise @ and . positions 
Wrong Input : E.g. abc.xyz@bl.co.in Email has 3 mandatory parts (abc, bl & co) and 2 optional (xyz & in) with precise @ and . positions 
Wrong Input : E.g. abc.xyz@bl.co.in Email has 3 mandatory parts (abc, bl & co) and 2 optional (xyz & in) with precise @ and . positions 
Wrong Input : E.g. abc.xyz@bl.co.in Email has 3 mandatory parts (abc, bl & co) and 2 optional (xyz & in) with precise @ and . positions 
Wrong Input : E.g. abc.xyz@bl.co.in Email has 3 mandatory parts (abc, bl & co) and 2 optional (xyz & in) with precise @ and . positions 
Wrong Input : E.g. abc.xyz@bl.co.in Email has 3 mandatory parts (abc, bl & co) and 2 optional (xyz & in) with precise @ and . positions 
Wrong Input : E.g. abc.xyz@bl.co.in Email has 3 mandatory parts (abc, bl & co) and 2 optional (xyz & in) with precise @ and . positions 
Wrong Input : E.g. abc.xyz@bl.co.in Email has 3 mandatory parts (abc, bl & co) and 2 optional (xyz & in) with precise @ and . positions 
Wrong Input : E.g. abc.xyz@bl.co.in Email has 3 mandatory parts (abc, bl & co) and 2 optional (xyz & in) with precise @ and . positions 
Wrong Input : E.g. abc.xyz@bl.co.in Email has 3 mandatory parts (abc, bl & co) and 2 optional (xyz & in) with precise @ and . positions 
Wrong Input : E.g. abc.xyz@bl.co.in Email has 3 mandatory parts (abc, bl & co) and 2 optional (xyz & in) with precise @ and . positions 
Wrong Input : E.g. abc.xyz@bl.co.in Email has 3 mandatory parts (abc, bl & co) and 2 optional (xyz & in) with precise @ and . positions 
Wrong Input : E.g. abc.xyz@bl.co.in Email has 3 mandatory parts (abc, bl & co) and 2 optional (xyz & in) with precise @ and . positions 
Wrong Input : E.g. abc.xyz@bl.co.in Email has 3 mandatory parts (abc, bl & co) and 2 optional (xyz & in) with precise @ and . positions 
Wrong Input : E.g. abc.xyz@bl.co.in Email has 3 mandatory parts (abc, bl & co) and 2 optional (xyz & in) with precise @ and . positions 
Wrong Input : E.g. abc.xyz@bl.co.in Email has 3 mandatory parts (abc, bl & co) and 2 optional (xyz & in) with precise @ and . positions 
Wrong Input : E.g. abc.xyz@bl.co.in Email has 3 mandatory parts (abc, bl & co) and 2 optional (xyz & in) with precise @ and . positions 
Wrong Input : E.g. abc.xyz@bl.co.in Email has 3 mandatory parts (abc, bl & co) and 2 optional (xyz & in) with precise @ and . positions 
Wrong Input : E.g. abc.xyz@bl.co.in Email has 3 mandatory parts (abc, bl & co) and 2 optional (xyz & in) with precise @ and . positions 
Wrong Input : E.g. abc.xyz@bl.co.in Email has 3 mandatory parts (abc, bl & co) and 2 optional (xyz & in) with precise @ and . positions 
Wrong Input : E.g. abc.xyz@bl.co.in Email has 3 mandatory parts (abc, bl & co) and 2 optional (xyz & in) with precise @ and . positions 
Wrong Input : E.g. abc.xyz@bl.co.in Email has 3 mandatory parts (abc, bl & co) and 2 optional (xyz & in) with precise @ and . positions 
Wrong Input : E.g. abc.xyz@bl.co.in Email has 3 mandatory parts (abc, bl & co) and 2 optional (xyz & in) with precise @ and . positions 
Wrong Input : E.g. abc.xyz@bl.co.in Email has 3 mandatory parts (abc, bl & co) and 2 optional (xyz & in) with precise @ and . positions 
Wrong Input : E.g. abc.xyz@bl.co.in Email has 3 mandatory parts (abc, bl & co) and 2 optional (xyz & in) with precise @ and . positions 
Wrong Input : E.g. abc.xyz@bl.co.in Email has 3 mandatory parts (abc, bl & co) and 2 optional (xyz & in) with precise @ and . positions 
Wrong Input : E.g. abc.xyz@bl.co.in Email has 3 mandatory parts (abc, bl & co) and 2 optional (xyz & in) with precise @ and . positions 
Wrong Input : E.g. abc.xyz@bl.co.in Email has 3 mandatory parts (abc, bl & co) and 2 optional (xyz & in) with precise @ and . positions 
Wrong Input : E.g. abc.xyz@bl.co.in Email has 3 mandatory parts (abc, bl & co) and 2 optional (xyz & in) with precise @ and . positions 
Wrong Input : E.g. abc.xyz@bl.co.in Email has 3 mandatory parts (abc, bl & co) and 2 optional (xyz & in) with precise @ and . positions 
Wrong Input : E.g. abc.xyz@bl.co.in Email has 3 mandatory parts (abc, bl & co) and 2 optional (xyz & in) with precise @ and . positions 
Wrong Input : E.g. abc.xyz@bl.co.in Email has 3 mandatory parts (abc, bl & co) and 2 optional (xyz & in) with precise @ and . positions 
Wrong Input : E.g. abc.xyz@bl.co.in Email has 3 mandatory parts (abc, bl & co) and 2 optional (xyz & in) with precise @ and . positions 
Wrong Input : E.g. abc.xyz@bl.co.in Email has 3 mandatory parts (abc, bl & co) and 2 optional (xyz & in) with precise @ and . positions 
Wrong Input : E.g. abc.xyz@bl.co.in Email has 3 mandatory parts (abc, bl & co) and 2 optional (xyz & in) with precise @ and . positions 
Wrong Input : E.g. abc.xyz@bl.co.in Email has 3 mandatory parts (abc, bl & co) and 2 optional (xyz & in) with precise @ and . positions 
Wrong Input : E.g. abc.xyz@bl.co.in Email has 3 mandatory parts (abc, bl & co) and 2 optional (xyz & in) with precise @ and . positions 
Wrong Input : E.g. abc.xyz@bl.co.in Email has 3 mandatory parts (abc, bl & co) and 2 optional (xyz & in) with precise @ and . positions 
Wrong Input : E.g. abc.xyz@bl.co.in Email has 3 mandatory parts (abc, bl & co) and 2 optional (xyz & in) with precise @ and . positions 
Wrong Input : E.g. abc.xyz@bl.co.in Email has 3 mandatory parts (abc, bl & co) and 2 optional (xyz & in) with precise @ and . positions 
Wrong Input : E.g. abc.xyz@bl.co.in Email has 3 mandatory parts (abc, bl & co) and 2 optional (xyz & in) with precise @ and . positions 
Wrong Input : E.g. abc.xyz@bl.co.in Email has 3 mandatory parts (abc, bl & co) and 2 optional (xyz & in) with precise @ and . positions 
Wrong Input : E.g. abc.xyz@bl.co.in Email has 3 mandatory parts (abc, bl & co) and 2 optional (xyz & in) with precise @ and . positions 
Wrong Input : E.g. abc.xyz@bl.co.in Email has 3 mandatory parts (abc, bl & co) and 2 optional (xyz & in) with precise @ and . positions 
Wrong Input : E.g. abc.xyz@bl.co.in Email has 3 mandatory parts (abc, bl & co) and 2 optional (xyz & in) with precise @ and . positions 
Wrong Input : E.g. abc.xyz@bl.co.in Email has 3 mandatory parts (abc, bl & co) and 2 optional (xyz & in) with precise @ and . positions 
Wrong Input : E.g. abc.xyz@bl.co.in Email has 3 mandatory parts (abc, bl & co) and 2 optional (xyz & in) with precise @ and . positions 
Wrong Input : E.g. abc.xyz@bl.co.in Email has 3 mandatory parts (abc, bl & co) and 2 optional (xyz & in) with precise @ and . positions 
Wrong Input : E.g. abc.xyz@bl.co.in Email has 3 mandatory parts (abc, bl & co) and 2 optional (xyz & in) with precise @ and . positions 
Wrong Input : E.g. abc.xyz@bl.co.in Email has 3 mandatory parts (abc, bl & co) and 2 optional (xyz & in) with precise @ and . positions 
Wrong Input : E.g. abc.xyz@bl.co.in Email has 3 mandatory parts (abc, bl & co) and 2 optional (xyz & in) with precise @ and . positions 
Wrong Input : E.g. abc.xyz@bl.co.in Email has 3 mandatory parts (abc, bl & co) and 2 optional (xyz & in) with precise @ and . positions 
Wrong Input : E.g. abc.xyz@bl.co.in Email has 3 mandatory parts (abc, bl & co) and 2 optional (xyz & in) with precise @ and . positions 
Wrong Input : E.g. abc.xyz@bl.co.in Email has 3 mandatory parts (abc, bl & co) and 2 optional (xyz & in) with precise @ and . positions 
Wrong Input : E.g. abc.xyz@bl.co.in Email has 3 mandatory parts (abc, bl & co) and 2 optional (xyz & in) with precise @ and . positions 
Wrong Input : E.g. abc.xyz@bl.co.in Email has 3 mandatory parts (abc, bl & co) and 2 optional (xyz & in) with precise @ and . positions 
Wrong Input : E.g. abc.xyz@bl.co.in Email has 3 mandatory parts (abc, bl & co) and 2 optional (xyz & in) with precise @ and . positions 
Wrong Input : E.g. abc.xyz@bl.co.in Email has 3 mandatory parts (abc, bl & co) and 2 optional (xyz & in) with precise @ and . positions 
Wrong Input : E.g. abc.xyz@bl.co.in Email has 3 mandatory parts (abc, bl & co) and 2 optional (xyz & in) with precise @ and . positions 
Wrong Input : E.g. abc.xyz@bl.co.in Email has 3 mandatory parts (abc, bl & co) and 2 optional (xyz & in) with precise @ and . positions 
Wrong Input : E.g. abc.xyz@bl.co.in Email has 3 mandatory parts (abc, bl & co) and 2 optional (xyz & in) with precise @ and . positions 
Wrong Input : E.g. abc.xyz@bl.co.in Email has 3 mandatory parts (abc, bl & co) and 2 optional (xyz & in) with precise @ and . positions 
Wrong Input : E.g. abc.xyz@bl.co.in Email has 3 mandatory parts (abc, bl & co) and 2 optional (xyz & in) with precise @ and . positions 
Wrong Input : E.g. abc.xyz@bl.co.in Email has 3 mandatory parts (abc, bl & co) and 2 optional (xyz & in) with precise @ and . positions 
Wrong Input : E.g. abc.xyz@bl.co.in Email has 3 mandatory parts (abc, bl & co) and 2 optional (xyz & in) with precise @ and . positions 
Wrong Input : E.g. abc.xyz@bl.co.in Email has 3 mandatory parts (abc, bl & co) and 2 optional (xyz & in) with precise @ and . positions 
Wrong Input : E.g. abc.xyz@bl.co.in Email has 3 mandatory parts (abc, bl & co) and 2 optional (xyz & in) with precise @ and . positions 
Wrong Input : E.g. abc.xyz@bl.co.in Email has 3 mandatory parts (abc, bl & co) and 2 optional (xyz & in) with precise @ and . positions 
Wrong Input : E.g. abc.xyz@bl.co.in Email has 3 mandatory parts (abc, bl & co) and 2 optional (xyz & in) with precise @ and . positions 
Wrong Input : E.g. abc.xyz@bl.co.in Email has 3 mandatory parts (abc, bl & co) and 2 optional (xyz & in) with precise @ and . positions 
Wrong Input : E.g. abc.xyz@bl.co.in Email has 3 mandatory parts (abc, bl & co) and 2 optional (xyz & in) with precise @ and . positions 
Wrong Input : E.g. abc.xyz@bl.co.in Email has 3 mandatory parts (abc, bl & co) and 2 optional (xyz & in) with precise @ and . positions 
Wrong Input : E.g. abc.xyz@bl.co.in Email has 3 mandatory parts (abc, bl & co) and 2 optional (xyz & in) with precise @ and . positions 
Wrong Input : E.g. abc.xyz@bl.co.in Email has 3 mandatory parts (abc, bl & co) and 2 optional (xyz & in) with precise @ and . positions 
Wrong Input : E.g. abc.xyz@bl.co.in Email has 3 mandatory parts (abc, bl & co) and 2 optional (xyz & in) with precise @ and . positions 
Wrong Input : E.g. abc.xyz@bl.co.in Email has 3 mandatory parts (abc, bl & co) and 2 optional (xyz & in) with precise @ and . positions 
Wrong Input : E.g. abc.xyz@bl.co.in Email has 3 mandatory parts (abc, bl & co) and 2 optional (xyz & in) with precise @ and . positions 
Wrong Input : E.g. abc.xyz@bl.co.in Email has 3 mandatory parts (abc, bl & co) and 2 optional (xyz & in) with precise @ and . positions 
Wrong Input : E.g. abc.xyz@bl.co.in Email has 3 mandatory parts (abc, bl & co) and 2 optional (xyz & in) with precise @ and . positions 
Wrong Input : E.g. abc.xyz@bl.co.in Email has 3 mandatory parts (abc, bl & co) and 2 optional (xyz & in) with precise @ and . positions 
Wrong Input : E.g. abc.xyz@bl.co.in Email has 3 mandatory parts (abc, bl & co) and 2 optional (xyz & in) with precise @ and . positions 
Wrong Input : E.g. abc.xyz@bl.co.in Email has 3 mandatory parts (abc, bl & co) and 2 optional (xyz & in) with precise @ and . positions 
Wrong Input : E.g. abc.xyz@bl.co.in Email has 3 mandatory parts (abc, bl & co) and 2 optional (xyz & in) with precise @ and . positions 
Wrong Input : E.g. abc.xyz@bl.co.in Email has 3 mandatory parts (abc, bl & co) and 2 optional (xyz & in) with precise @ and . positions 
Wrong Input : E.g. abc.xyz@bl.co.in Email has 3 mandatory parts (abc, bl & co) and 2 optional (xyz & in) with precise @ and . positions 
Wrong Input : E.g. abc.xyz@bl.co.in Email has 3 mandatory parts (abc, bl & co) and 2 optional (xyz & in) with precise @ and . positions 
Wrong Input : E.g. abc.xyz@bl.co.in Email has 3 mandatory parts (abc, bl & co) and 2 optional (xyz & in) with precise @ and . positions 
Wrong Input : E.g. abc.xyz@bl.co.in Email has 3 mandatory parts (abc, bl & co) and 2 optional (xyz & in) with precise @ and . positions 
Wrong Input : E.g. abc.xyz@bl.co.in Email has 3 mandatory parts (abc, bl & co) and 2 optional (xyz & in) with precise @ and . positions 
Wrong Input : E.g. abc.xyz@bl.co.in Email has 3 mandatory parts (abc, bl & co) and 2 optional (xyz & in) with precise @ and . positions 
Wrong Input : E.g. abc.xyz@bl.co.in Email has 3 mandatory parts (abc, bl & co) and 2 optional (xyz & in) with precise @ and . positions 
Wrong Input : E.g. abc.xyz@bl.co.in Email has 3 mandatory parts (abc, bl & co) and 2 optional (xyz & in) with precise @ and . positions 
Wrong Input : E.g. abc.xyz@bl.co.in Email has 3 mandatory parts (abc, bl & co) and 2 optional (xyz & in) with precise @ and . positions 
Wrong Input : E.g. abc.xyz@bl.co.in Email has 3 mandatory parts (abc, bl & co) and 2 optional (xyz & in) with precise @ and . positions 
Wrong Input : E.g. abc.xyz@bl.co.in Email has 3 mandatory parts (abc, bl & co) and 2 optional (xyz & in) with precise @ and . positions 
Wrong Input : E.g. abc.xyz@bl.co.in Email has 3 mandatory parts (abc, bl & co) and 2 optional (xyz & in) with precise @ and . positions 
Wrong Input : E.g. abc.xyz@bl.co.in Email has 3 mandatory parts (abc, bl & co) and 2 optional (xyz & in) with precise @ and . positions 
Wrong Input : E.g. abc.xyz@bl.co.in Email has 3 mandatory parts (abc, bl & co) and 2 optional (xyz & in) with precise @ and . positions 
Wrong Input : E.g. abc.xyz@bl.co.in Email has 3 mandatory parts (abc, bl & co) and 2 optional (xyz & in) with precise @ and . positions 
Wrong Input : E.g. abc.xyz@bl.co.in Email has 3 mandatory parts (abc, bl & co) and 2 optional (xyz & in) with precise @ and . positions 
Wrong Input : E.g. abc.xyz@bl.co.in Email has 3 mandatory parts (abc, bl & co) and 2 optional (xyz & in) with precise @ and . positions 
Wrong Input : E.g. abc.xyz@bl.co.in Email has 3 mandatory parts (abc, bl & co) and 2 optional (xyz & in) with precise @ and . positions 
Wrong Input : E.g. abc.xyz@bl.co.in Email has 3 mandatory parts (abc, bl & co) and 2 optional (xyz & in) with precise @ and . positions 
Wrong Input : E.g. abc.xyz@bl.co.in Email has 3 mandatory parts (abc, bl & co) and 2 optional (xyz & in) with precise @ and . positions 
Wrong Input : E.g. abc.xyz@bl.co.in Email has 3 mandatory parts (abc, bl & co) and 2 optional (xyz & in) with precise @ and . positions 
Wrong Input : E.g. abc.xyz@bl.co.in Email has 3 mandatory parts (abc, bl & co) and 2 optional (xyz & in) with precise @ and . positions 
Wrong Input : E.g. abc.xyz@bl.co.in Email has 3 mandatory parts (abc, bl & co) and 2 optional (xyz & in) with precise @ and . positions 
Wrong Input : E.g. abc.xyz@bl.co.in Email has 3 mandatory parts (abc, bl & co) and 2 optional (xyz & in) with precise @ and . positions 
Wrong Input : E.g. abc.xyz@bl.co.in Email has 3 mandatory parts (abc, bl & co) and 2 optional (xyz & in) with precise @ and . positions 
Wrong Input : E.g. abc.xyz@bl.co.in Email has 3 mandatory parts (abc, bl & co) and 2 optional (xyz & in) with precise @ and . positions 
Wrong Input : E.g. abc.xyz@bl.co.in Email has 3 mandatory parts (abc, bl & co) and 2 optional (xyz & in) with precise @ and . positions 
Wrong Input : E.g. abc.xyz@bl.co.in Email has 3 mandatory parts (abc, bl & co) and 2 optional (xyz & in) with precise @ and . positions 
Wrong Input : E.g. abc.xyz@bl.co.in Email has 3 mandatory parts (abc, bl & co) and 2 optional (xyz & in) with precise @ and . positions 
Wrong Input : E.g. abc.xyz@bl.co.in Email has 3 mandatory parts (abc, bl & co) and 2 optional (xyz & in) with precise @ and . positions 
Wrong Input : E.g. abc.xyz@bl.co.in Email has 3 mandatory parts (abc, bl & co) and 2 optional (xyz & in) with precise @ and . positions 
Wrong Input : E.g. abc.xyz@bl.co.in Email has 3 mandatory parts (abc, bl & co) and 2 optional (xyz & in) with precise @ and . positions 
Wrong Input : E.g. abc.xyz@bl.co.in Email has 3 mandatory parts (abc, bl & co) and 2 optional (xyz & in) with precise @ and . positions 
Wrong Input : E.g. abc.xyz@bl.co.in Email has 3 mandatory parts (abc, bl & co) and 2 optional (xyz & in) with precise @ and . positions 
Wrong Input : E.g. abc.xyz@bl.co.in Email has 3 mandatory parts (abc, bl & co) and 2 optional (xyz & in) with precise @ and . positions 
Wrong Input : E.g. abc.xyz@bl.co.in Email has 3 mandatory parts (abc, bl & co) and 2 optional (xyz & in) with precise @ and . positions 
Wrong Input : E.g. abc.xyz@bl.co.in Email has 3 mandatory parts (abc, bl & co) and 2 optional (xyz & in) with precise @ and . positions 
Wrong Input : E.g. abc.xyz@bl.co.in Email has 3 mandatory parts (abc, bl & co) and 2 optional (xyz & in) with precise @ and . positions 
Wrong Input : E.g. abc.xyz@bl.co.in Email has 3 mandatory parts (abc, bl & co) and 2 optional (xyz & in) with precise @ and . positions 
Wrong Input : E.g. abc.xyz@bl.co.in Email has 3 mandatory parts (abc, bl & co) and 2 optional (xyz & in) with precise @ and . positions 
Wrong Input : E.g. abc.xyz@bl.co.in Email has 3 mandatory parts (abc, bl & co) and 2 optional (xyz & in) with precise @ and . positions 
Wrong Input : E.g. abc.xyz@bl.co.in Email has 3 mandatory parts (abc, bl & co) and 2 optional (xyz & in) with precise @ and . positions 
Wrong Input : E.g. abc.xyz@bl.co.in Email has 3 mandatory parts (abc, bl & co) and 2 optional (xyz & in) with precise @ and . positions 
Wrong Input : E.g. abc.xyz@bl.co.in Email has 3 mandatory parts (abc, bl & co) and 2 optional (xyz & in) with precise @ and . positions 
Wrong Input : E.g. abc.xyz@bl.co.in Email has 3 mandatory parts (abc, bl & co) and 2 optional (xyz & in) with precise @ and . positions 
Wrong Input : E.g. abc.xyz@bl.co.in Email has 3 mandatory parts (abc, bl & co) and 2 optional (xyz & in) with precise @ and . positions 
Wrong Input : E.g. abc.xyz@bl.co.in Email has 3 mandatory parts (abc, bl & co) and 2 optional (xyz & in) with precise @ and . positions 
Wrong Input : E.g. abc.xyz@bl.co.in Email has 3 mandatory parts (abc, bl & co) and 2 optional (xyz & in) with precise @ and . positions 
Wrong Input : E.g. abc.xyz@bl.co.in Email has 3 mandatory parts (abc, bl & co) and 2 optional (xyz & in) with precise @ and . positions 
Wrong Input : E.g. abc.xyz@bl.co.in Email has 3 mandatory parts (abc, bl & co) and 2 optional (xyz & in) with precise @ and . positions 
Wrong Input : E.g. abc.xyz@bl.co.in Email has 3 mandatory parts (abc, bl & co) and 2 optional (xyz & in) with precise @ and . positions 
Wrong Input : E.g. abc.xyz@bl.co.in Email has 3 mandatory parts (abc, bl & co) and 2 optional (xyz & in) with precise @ and . positions 
Wrong Input : E.g. abc.xyz@bl.co.in Email has 3 mandatory parts (abc, bl & co) and 2 optional (xyz & in) with precise @ and . positions 
Wrong Input : E.g. abc.xyz@bl.co.in Email has 3 mandatory parts (abc, bl & co) and 2 optional (xyz & in) with precise @ and . positions 
Wrong Input : E.g. abc.xyz@bl.co.in Email has 3 mandatory parts (abc, bl & co) and 2 optional (xyz & in) with precise @ and . positions 
Wrong Input : E.g. abc.xyz@bl.co.in Email has 3 mandatory parts (abc, bl & co) and 2 optional (xyz & in) with precise @ and . positions 
Wrong Input : E.g. abc.xyz@bl.co.in Email has 3 mandatory parts (abc, bl & co) and 2 optional (xyz & in) with precise @ and . positions 
Wrong Input : E.g. abc.xyz@bl.co.in Email has 3 mandatory parts (abc, bl & co) and 2 optional (xyz & in) with precise @ and . positions 
Wrong Input : E.g. abc.xyz@bl.co.in Email has 3 mandatory parts (abc, bl & co) and 2 optional (xyz & in) with precise @ and . positions 
Wrong Input : E.g. abc.xyz@bl.co.in Email has 3 mandatory parts (abc, bl & co) and 2 optional (xyz & in) with precise @ and . positions 
Wrong Input : E.g. abc.xyz@bl.co.in Email has 3 mandatory parts (abc, bl & co) and 2 optional (xyz & in) with precise @ and . positions 
Wrong Input : E.g. abc.xyz@bl.co.in Email has 3 mandatory parts (abc, bl & co) and 2 optional (xyz & in) with precise @ and . positions 
Wrong Input : E.g. abc.xyz@bl.co.in Email has 3 mandatory parts (abc, bl & co) and 2 optional (xyz & in) with precise @ and . positions 
Wrong Input : E.g. abc.xyz@bl.co.in Email has 3 mandatory parts (abc, bl & co) and 2 optional (xyz & in) with precise @ and . positions 
Wrong Input : E.g. abc.xyz@bl.co.in Email has 3 mandatory parts (abc, bl & co) and 2 optional (xyz & in) with precise @ and . positions 
Wrong Input : E.g. abc.xyz@bl.co.in Email has 3 mandatory parts (abc, bl & co) and 2 optional (xyz & in) with precise @ and . positions 
Wrong Input : E.g. abc.xyz@bl.co.in Email has 3 mandatory parts (abc, bl & co) and 2 optional (xyz & in) with precise @ and . positions 
Wrong Input : E.g. abc.xyz@bl.co.in Email has 3 mandatory parts (abc, bl & co) and 2 optional (xyz & in) with precise @ and . positions 
Wrong Input : E.g. abc.xyz@bl.co.in Email has 3 mandatory parts (abc, bl & co) and 2 optional (xyz & in) with precise @ and . positions 
Wrong Input : E.g. abc.xyz@bl.co.in Email has 3 mandatory parts (abc, bl & co) and 2 optional (xyz & in) with precise @ and . positions 
Wrong Input : E.g. abc.xyz@bl.co.in Email has 3 mandatory parts (abc, bl & co) and 2 optional (xyz & in) with precise @ and . positions 
Wrong Input : E.g. abc.xyz@bl.co.in Email has 3 mandatory parts (abc, bl & co) and 2 optional (xyz & in) with precise @ and . positions 
Wrong Input : E.g. abc.xyz@bl.co.in Email has 3 mandatory parts (abc, bl & co) and 2 optional (xyz & in) with precise @ and . positions 
Wrong Input : E.g. abc.xyz@bl.co.in Email has 3 mandatory parts (abc, bl & co) and 2 optional (xyz & in) with precise @ and . positions 
Wrong Input : E.g. abc.xyz@bl.co.in Email has 3 mandatory parts (abc, bl & co) and 2 optional (xyz & in) with precise @ and . positions 
Wrong Input : E.g. abc.xyz@bl.co.in Email has 3 mandatory parts (abc, bl & co) and 2 optional (xyz & in) with precise @ and . positions 
Wrong Input : E.g. abc.xyz@bl.co.in Email has 3 mandatory parts (abc, bl & co) and 2 optional (xyz & in) with precise @ and . positions 
Wrong Input : E.g. abc.xyz@bl.co.in Email has 3 mandatory parts (abc, bl & co) and 2 optional (xyz & in) with precise @ and . positions 
Wrong Input : E.g. abc.xyz@bl.co.in Email has 3 mandatory parts (abc, bl & co) and 2 optional (xyz & in) with precise @ and . positions 
Wrong Input : E.g. abc.xyz@bl.co.in Email has 3 mandatory parts (abc, bl & co) and 2 optional (xyz & in) with precise @ and . positions 
Wrong Input : E.g. abc.xyz@bl.co.in Email has 3 mandatory parts (abc, bl & co) and 2 optional (xyz & in) with precise @ and . positions 
Wrong Input : E.g. abc.xyz@bl.co.in Email has 3 mandatory parts (abc, bl & co) and 2 optional (xyz & in) with precise @ and . positions 
Wrong Input : E.g. abc.xyz@bl.co.in Email has 3 mandatory parts (abc, bl & co) and 2 optional (xyz & in) with precise @ and . positions 
Wrong Input : E.g. abc.xyz@bl.co.in Email has 3 mandatory parts (abc, bl & co) and 2 optional (xyz & in) with precise @ and . positions 
Wrong Input : E.g. abc.xyz@bl.co.in Email has 3 mandatory parts (abc, bl & co) and 2 optional (xyz & in) with precise @ and . positions 
Wrong Input : E.g. abc.xyz@bl.co.in Email has 3 mandatory parts (abc, bl & co) and 2 optional (xyz & in) with precise @ and . positions 
Wrong Input : E.g. abc.xyz@bl.co.in Email has 3 mandatory parts (abc, bl & co) and 2 optional (xyz & in) with precise @ and . positions 
Wrong Input : E.g. abc.xyz@bl.co.in Email has 3 mandatory parts (abc, bl & co) and 2 optional (xyz & in) with precise @ and . positions 
Wrong Input : E.g. abc.xyz@bl.co.in Email has 3 mandatory parts (abc, bl & co) and 2 optional (xyz & in) with precise @ and . positions 
Wrong Input : E.g. abc.xyz@bl.co.in Email has 3 mandatory parts (abc, bl & co) and 2 optional (xyz & in) with precise @ and . positions 
Wrong Input : E.g. abc.xyz@bl.co.in Email has 3 mandatory parts (abc, bl & co) and 2 optional (xyz & in) with precise @ and . positions 
Wrong Input : E.g. abc.xyz@bl.co.in Email has 3 mandatory parts (abc, bl & co) and 2 optional (xyz & in) with precise @ and . positions 
Wrong Input : E.g. abc.xyz@bl.co.in Email has 3 mandatory parts (abc, bl & co) and 2 optional (xyz & in) with precise @ and . positions 
Wrong Input : E.g. abc.xyz@bl.co.in Email has 3 mandatory parts (abc, bl & co) and 2 optional (xyz & in) with precise @ and . positions 
Wrong Input : E.g. abc.xyz@bl.co.in Email has 3 mandatory parts (abc, bl & co) and 2 optional (xyz & in) with precise @ and . positions 
Wrong Input : E.g. abc.xyz@bl.co.in Email has 3 mandatory parts (abc, bl & co) and 2 optional (xyz & in) with precise @ and . positions 
Wrong Input : E.g. abc.xyz@bl.co.in Email has 3 mandatory parts (abc, bl & co) and 2 optional (xyz & in) with precise @ and . positions 
Wrong Input : E.g. abc.xyz@bl.co.in Email has 3 mandatory parts (abc, bl & co) and 2 optional (xyz & in) with precise @ and . positions 
Wrong Input : E.g. abc.xyz@bl.co.in Email has 3 mandatory parts (abc, bl & co) and 2 optional (xyz & in) with precise @ and . positions 
Wrong Input : E.g. abc.xyz@bl.co.in Email has 3 mandatory parts (abc, bl & co) and 2 optional (xyz & in) with precise @ and . positions 
Wrong Input : E.g. abc.xyz@bl.co.in Email has 3 mandatory parts (abc, bl & co) and 2 optional (xyz & in) with precise @ and . positions 
Wrong Input : E.g. abc.xyz@bl.co.in Email has 3 mandatory parts (abc, bl & co) and 2 optional (xyz & in) with precise @ and . positions 
Wrong Input : E.g. abc.xyz@bl.co.in Email has 3 mandatory parts (abc, bl & co) and 2 optional (xyz & in) with precise @ and . positions 
Wrong Input : E.g. abc.xyz@bl.co.in Email has 3 mandatory parts (abc, bl & co) and 2 optional (xyz & in) with precise @ and . positions 
Wrong Input : E.g. abc.xyz@bl.co.in Email has 3 mandatory parts (abc, bl & co) and 2 optional (xyz & in) with precise @ and . positions 
Wrong Input : E.g. abc.xyz@bl.co.in Email has 3 mandatory parts (abc, bl & co) and 2 optional (xyz & in) with precise @ and . positions 
Wrong Input : E.g. abc.xyz@bl.co.in Email has 3 mandatory parts (abc, bl & co) and 2 optional (xyz & in) with precise @ and . positions 
Wrong Input : E.g. abc.xyz@bl.co.in Email has 3 mandatory parts (abc, bl & co) and 2 optional (xyz & in) with precise @ and . positions 
Wrong Input : E.g. abc.xyz@bl.co.in Email has 3 mandatory parts (abc, bl & co) and 2 optional (xyz & in) with precise @ and . positions 
Wrong Input : E.g. abc.xyz@bl.co.in Email has 3 mandatory parts (abc, bl & co) and 2 optional (xyz & in) with precise @ and . positions 
Wrong Input : E.g. abc.xyz@bl.co.in Email has 3 mandatory parts (abc, bl & co) and 2 optional (xyz & in) with precise @ and . positions 
Wrong Input : E.g. abc.xyz@bl.co.in Email has 3 mandatory parts (abc, bl & co) and 2 optional (xyz & in) with precise @ and . positions 
Wrong Input : E.g. abc.xyz@bl.co.in Email has 3 mandatory parts (abc, bl & co) and 2 optional (xyz & in) with precise @ and . positions 
Wrong Input : E.g. abc.xyz@bl.co.in Email has 3 mandatory parts (abc, bl & co) and 2 optional (xyz & in) with precise @ and . positions 
Wrong Input : E.g. abc.xyz@bl.co.in Email has 3 mandatory parts (abc, bl & co) and 2 optional (xyz & in) with precise @ and . positions 
Wrong Input : E.g. abc.xyz@bl.co.in Email has 3 mandatory parts (abc, bl & co) and 2 optional (xyz & in) with precise @ and . positions 
Wrong Input : E.g. abc.xyz@bl.co.in Email has 3 mandatory parts (abc, bl & co) and 2 optional (xyz & in) with precise @ and . positions 
Wrong Input : E.g. abc.xyz@bl.co.in Email has 3 mandatory parts (abc, bl & co) and 2 optional (xyz & in) with precise @ and . positions 
Wrong Input : E.g. abc.xyz@bl.co.in Email has 3 mandatory parts (abc, bl & co) and 2 optional (xyz & in) with precise @ and . positions 
Wrong Input : E.g. abc.xyz@bl.co.in Email has 3 mandatory parts (abc, bl & co) and 2 optional (xyz & in) with precise @ and . positions 
Wrong Input : E.g. abc.xyz@bl.co.in Email has 3 mandatory parts (abc, bl & co) and 2 optional (xyz & in) with precise @ and . positions 
Wrong Input : E.g. abc.xyz@bl.co.in Email has 3 mandatory parts (abc, bl & co) and 2 optional (xyz & in) with precise @ and . positions 
Wrong Input : E.g. abc.xyz@bl.co.in Email has 3 mandatory parts (abc, bl & co) and 2 optional (xyz & in) with precise @ and . positions 
Wrong Input : E.g. abc.xyz@bl.co.in Email has 3 mandatory parts (abc, bl & co) and 2 optional (xyz & in) with precise @ and . positions 
Wrong Input : E.g. abc.xyz@bl.co.in Email has 3 mandatory parts (abc, bl & co) and 2 optional (xyz & in) with precise @ and . positions 
Wrong Input : E.g. abc.xyz@bl.co.in Email has 3 mandatory parts (abc, bl & co) and 2 optional (xyz & in) with precise @ and . positions 
Wrong Input : E.g. abc.xyz@bl.co.in Email has 3 mandatory parts (abc, bl & co) and 2 optional (xyz & in) with precise @ and . positions 
Wrong Input : E.g. abc.xyz@bl.co.in Email has 3 mandatory parts (abc, bl & co) and 2 optional (xyz & in) with precise @ and . positions 
Wrong Input : E.g. abc.xyz@bl.co.in Email has 3 mandatory parts (abc, bl & co) and 2 optional (xyz & in) with precise @ and . positions 
Wrong Input : E.g. abc.xyz@bl.co.in Email has 3 mandatory parts (abc, bl & co) and 2 optional (xyz & in) with precise @ and . positions 
Wrong Input : E.g. abc.xyz@bl.co.in Email has 3 mandatory parts (abc, bl & co) and 2 optional (xyz & in) with precise @ and . positions 
Wrong Input : E.g. abc.xyz@bl.co.in Email has 3 mandatory parts (abc, bl & co) and 2 optional (xyz & in) with precise @ and . positions 
Wrong Input : E.g. abc.xyz@bl.co.in Email has 3 mandatory parts (abc, bl & co) and 2 optional (xyz & in) with precise @ and . positions 
Wrong Input : E.g. abc.xyz@bl.co.in Email has 3 mandatory parts (abc, bl & co) and 2 optional (xyz & in) with precise @ and . positions 
Wrong Input : E.g. abc.xyz@bl.co.in Email has 3 mandatory parts (abc, bl & co) and 2 optional (xyz & in) with precise @ and . positions 
Wrong Input : E.g. abc.xyz@bl.co.in Email has 3 mandatory parts (abc, bl & co) and 2 optional (xyz & in) with precise @ and . positions 
Wrong Input : E.g. abc.xyz@bl.co.in Email has 3 mandatory parts (abc, bl & co) and 2 optional (xyz & in) with precise @ and . positions 
Wrong Input : E.g. abc.xyz@bl.co.in Email has 3 mandatory parts (abc, bl & co) and 2 optional (xyz & in) with precise @ and . positions 
Wrong Input : E.g. abc.xyz@bl.co.in Email has 3 mandatory parts (abc, bl & co) and 2 optional (xyz & in) with precise @ and . positions 
Wrong Input : E.g. abc.xyz@bl.co.in Email has 3 mandatory parts (abc, bl & co) and 2 optional (xyz & in) with precise @ and . positions 
Wrong Input : E.g. abc.xyz@bl.co.in Email has 3 mandatory parts (abc, bl & co) and 2 optional (xyz & in) with precise @ and . positions 
Wrong Input : E.g. abc.xyz@bl.co.in Email has 3 mandatory parts (abc, bl & co) and 2 optional (xyz & in) with precise @ and . positions 
Wrong Input : E.g. abc.xyz@bl.co.in Email has 3 mandatory parts (abc, bl & co) and 2 optional (xyz & in) with precise @ and . positions 
Wrong Input : E.g. abc.xyz@bl.co.in Email has 3 mandatory parts (abc, bl & co) and 2 optional (xyz & in) with precise @ and . positions 
Wrong Input : E.g. abc.xyz@bl.co.in Email has 3 mandatory parts (abc, bl & co) and 2 optional (xyz & in) with precise @ and . positions 
Wrong Input : E.g. abc.xyz@bl.co.in Email has 3 mandatory parts (abc, bl & co) and 2 optional (xyz & in) with precise @ and . positions 
Wrong Input : E.g. abc.xyz@bl.co.in Email has 3 mandatory parts (abc, bl & co) and 2 optional (xyz & in) with precise @ and . positions 
Wrong Input : E.g. abc.xyz@bl.co.in Email has 3 mandatory parts (abc, bl & co) and 2 optional (xyz & in) with precise @ and . positions 
Wrong Input : E.g. abc.xyz@bl.co.in Email has 3 mandatory parts (abc, bl & co) and 2 optional (xyz & in) with precise @ and . positions 
Wrong Input : E.g. abc.xyz@bl.co.in Email has 3 mandatory parts (abc, bl & co) and 2 optional (xyz & in) with precise @ and . positions 
Wrong Input : E.g. abc.xyz@bl.co.in Email has 3 mandatory parts (abc, bl & co) and 2 optional (xyz & in) with precise @ and . positions 
Wrong Input : E.g. abc.xyz@bl.co.in Email has 3 mandatory parts (abc, bl & co) and 2 optional (xyz & in) with precise @ and . positions 
Wrong Input : E.g. abc.xyz@bl.co.in Email has 3 mandatory parts (abc, bl & co) and 2 optional (xyz & in) with precise @ and . positions 
Wrong Input : E.g. abc.xyz@bl.co.in Email has 3 mandatory parts (abc, bl & co) and 2 optional (xyz & in) with precise @ and . positions 
Wrong Input : E.g. abc.xyz@bl.co.in Email has 3 mandatory parts (abc, bl & co) and 2 optional (xyz & in) with precise @ and . positions 
Wrong Input : E.g. abc.xyz@bl.co.in Email has 3 mandatory parts (abc, bl & co) and 2 optional (xyz & in) with precise @ and . positions 
Wrong Input : E.g. abc.xyz@bl.co.in Email has 3 mandatory parts (abc, bl & co) and 2 optional (xyz & in) with precise @ and . positions 
Wrong Input : E.g. abc.xyz@bl.co.in Email has 3 mandatory parts (abc, bl & co) and 2 optional (xyz & in) with precise @ and . positions 
Wrong Input : E.g. abc.xyz@bl.co.in Email has 3 mandatory parts (abc, bl & co) and 2 optional (xyz & in) with precise @ and . positions 
Wrong Input : E.g. abc.xyz@bl.co.in Email has 3 mandatory parts (abc, bl & co) and 2 optional (xyz & in) with precise @ and . positions 
Wrong Input : E.g. abc.xyz@bl.co.in Email has 3 mandatory parts (abc, bl & co) and 2 optional (xyz & in) with precise @ and . positions 
Wrong Input : E.g. abc.xyz@bl.co.in Email has 3 mandatory parts (abc, bl & co) and 2 optional (xyz & in) with precise @ and . positions 
Wrong Input : E.g. abc.xyz@bl.co.in Email has 3 mandatory parts (abc, bl & co) and 2 optional (xyz & in) with precise @ and . positions 
Wrong Input : E.g. abc.xyz@bl.co.in Email has 3 mandatory parts (abc, bl & co) and 2 optional (xyz & in) with precise @ and . positions 
Wrong Input : E.g. abc.xyz@bl.co.in Email has 3 mandatory parts (abc, bl & co) and 2 optional (xyz & in) with precise @ and . positions 
Wrong Input : E.g. abc.xyz@bl.co.in Email has 3 mandatory parts (abc, bl & co) and 2 optional (xyz & in) with precise @ and . positions 
Wrong Input : E.g. abc.xyz@bl.co.in Email has 3 mandatory parts (abc, bl & co) and 2 optional (xyz & in) with precise @ and . positions 
Wrong Input : E.g. abc.xyz@bl.co.in Email has 3 mandatory parts (abc, bl & co) and 2 optional (xyz & in) with precise @ and . positions 
Wrong Input : E.g. abc.xyz@bl.co.in Email has 3 mandatory parts (abc, bl & co) and 2 optional (xyz & in) with precise @ and . positions 
Wrong Input : E.g. abc.xyz@bl.co.in Email has 3 mandatory parts (abc, bl & co) and 2 optional (xyz & in) with precise @ and . positions 
Wrong Input : E.g. abc.xyz@bl.co.in Email has 3 mandatory parts (abc, bl & co) and 2 optional (xyz & in) with precise @ and . positions 
Wrong Input : E.g. abc.xyz@bl.co.in Email has 3 mandatory parts (abc, bl & co) and 2 optional (xyz & in) with precise @ and . positions 
Wrong Input : E.g. abc.xyz@bl.co.in Email has 3 mandatory parts (abc, bl & co) and 2 optional (xyz & in) with precise @ and . positions 
Wrong Input : E.g. abc.xyz@bl.co.in Email has 3 mandatory parts (abc, bl & co) and 2 optional (xyz & in) with precise @ and . positions 
Wrong Input : E.g. abc.xyz@bl.co.in Email has 3 mandatory parts (abc, bl & co) and 2 optional (xyz & in) with precise @ and . positions 
Wrong Input : E.g. abc.xyz@bl.co.in Email has 3 mandatory parts (abc, bl & co) and 2 optional (xyz & in) with precise @ and . positions 
Wrong Input : E.g. abc.xyz@bl.co.in Email has 3 mandatory parts (abc, bl & co) and 2 optional (xyz & in) with precise @ and . positions 
Wrong Input : E.g. abc.xyz@bl.co.in Email has 3 mandatory parts (abc, bl & co) and 2 optional (xyz & in) with precise @ and . positions 
Wrong Input : E.g. abc.xyz@bl.co.in Email has 3 mandatory parts (abc, bl & co) and 2 optional (xyz & in) with precise @ and . positions 
Wrong Input : E.g. abc.xyz@bl.co.in Email has 3 mandatory parts (abc, bl & co) and 2 optional (xyz & in) with precise @ and . positions 
Wrong Input : E.g. abc.xyz@bl.co.in Email has 3 mandatory parts (abc, bl & co) and 2 optional (xyz & in) with precise @ and . positions 
Wrong Input : E.g. abc.xyz@bl.co.in Email has 3 mandatory parts (abc, bl & co) and 2 optional (xyz & in) with precise @ and . positions 
Wrong Input : E.g. abc.xyz@bl.co.in Email has 3 mandatory parts (abc, bl & co) and 2 optional (xyz & in) with precise @ and . positions 
Wrong Input : E.g. abc.xyz@bl.co.in Email has 3 mandatory parts (abc, bl & co) and 2 optional (xyz & in) with precise @ and . positions 
Wrong Input : E.g. abc.xyz@bl.co.in Email has 3 mandatory parts (abc, bl & co) and 2 optional (xyz & in) with precise @ and . positions 
Wrong Input : E.g. abc.xyz@bl.co.in Email has 3 mandatory parts (abc, bl & co) and 2 optional (xyz & in) with precise @ and . positions 
Wrong Input : E.g. abc.xyz@bl.co.in Email has 3 mandatory parts (abc, bl & co) and 2 optional (xyz & in) with precise @ and . positions 
Wrong Input : E.g. abc.xyz@bl.co.in Email has 3 mandatory parts (abc, bl & co) and 2 optional (xyz & in) with precise @ and . positions 
Wrong Input : E.g. abc.xyz@bl.co.in Email has 3 mandatory parts (abc, bl & co) and 2 optional (xyz & in) with precise @ and . positions 
Wrong Input : E.g. abc.xyz@bl.co.in Email has 3 mandatory parts (abc, bl & co) and 2 optional (xyz & in) with precise @ and . positions 
Wrong Input : E.g. abc.xyz@bl.co.in Email has 3 mandatory parts (abc, bl & co) and 2 optional (xyz & in) with precise @ and . positions 
Wrong Input : E.g. abc.xyz@bl.co.in Email has 3 mandatory parts (abc, bl & co) and 2 optional (xyz & in) with precise @ and . positions 
Wrong Input : E.g. abc.xyz@bl.co.in Email has 3 mandatory parts (abc, bl & co) and 2 optional (xyz & in) with precise @ and . positions 
Wrong Input : E.g. abc.xyz@bl.co.in Email has 3 mandatory parts (abc, bl & co) and 2 optional (xyz & in) with precise @ and . positions 
Wrong Input : E.g. abc.xyz@bl.co.in Email has 3 mandatory parts (abc, bl & co) and 2 optional (xyz & in) with precise @ and . positions 
Wrong Input : E.g. abc.xyz@bl.co.in Email has 3 mandatory parts (abc, bl & co) and 2 optional (xyz & in) with precise @ and . positions 
Wrong Input : E.g. abc.xyz@bl.co.in Email has 3 mandatory parts (abc, bl & co) and 2 optional (xyz & in) with precise @ and . positions 
Wrong Input : E.g. abc.xyz@bl.co.in Email has 3 mandatory parts (abc, bl & co) and 2 optional (xyz & in) with precise @ and . positions 
Wrong Input : E.g. abc.xyz@bl.co.in Email has 3 mandatory parts (abc, bl & co) and 2 optional (xyz & in) with precise @ and . positions 
Wrong Input : E.g. abc.xyz@bl.co.in Email has 3 mandatory parts (abc, bl & co) and 2 optional (xyz & in) with precise @ and . positions 
Wrong Input : E.g. abc.xyz@bl.co.in Email has 3 mandatory parts (abc, bl & co) and 2 optional (xyz & in) with precise @ and . positions 
Wrong Input : E.g. abc.xyz@bl.co.in Email has 3 mandatory parts (abc, bl & co) and 2 optional (xyz & in) with precise @ and . positions 
Wrong Input : E.g. abc.xyz@bl.co.in Email has 3 mandatory parts (abc, bl & co) and 2 optional (xyz & in) with precise @ and . positions 
Wrong Input : E.g. abc.xyz@bl.co.in Email has 3 mandatory parts (abc, bl & co) and 2 optional (xyz & in) with precise @ and . positions 
Wrong Input : E.g. abc.xyz@bl.co.in Email has 3 mandatory parts (abc, bl & co) and 2 optional (xyz & in) with precise @ and . positions 
Wrong Input : E.g. abc.xyz@bl.co.in Email has 3 mandatory parts (abc, bl & co) and 2 optional (xyz & in) with precise @ and . positions 
Wrong Input : E.g. abc.xyz@bl.co.in Email has 3 mandatory parts (abc, bl & co) and 2 optional (xyz & in) with precise @ and . positions 
Wrong Input : E.g. abc.xyz@bl.co.in Email has 3 mandatory parts (abc, bl & co) and 2 optional (xyz & in) with precise @ and . positions 
Wrong Input : E.g. abc.xyz@bl.co.in Email has 3 mandatory parts (abc, bl & co) and 2 optional (xyz & in) with precise @ and . positions 
Wrong Input : E.g. abc.xyz@bl.co.in Email has 3 mandatory parts (abc, bl & co) and 2 optional (xyz & in) with precise @ and . positions 
Wrong Input : E.g. abc.xyz@bl.co.in Email has 3 mandatory parts (abc, bl & co) and 2 optional (xyz & in) with precise @ and . positions 
Wrong Input : E.g. abc.xyz@bl.co.in Email has 3 mandatory parts (abc, bl & co) and 2 optional (xyz & in) with precise @ and . positions 
Wrong Input : E.g. abc.xyz@bl.co.in Email has 3 mandatory parts (abc, bl & co) and 2 optional (xyz & in) with precise @ and . positions 
Wrong Input : E.g. abc.xyz@bl.co.in Email has 3 mandatory parts (abc, bl & co) and 2 optional (xyz & in) with precise @ and . positions 
Wrong Input : E.g. abc.xyz@bl.co.in Email has 3 mandatory parts (abc, bl & co) and 2 optional (xyz & in) with precise @ and . positions 
Wrong Input : E.g. abc.xyz@bl.co.in Email has 3 mandatory parts (abc, bl & co) and 2 optional (xyz & in) with precise @ and . positions 
Wrong Input : E.g. abc.xyz@bl.co.in Email has 3 mandatory parts (abc, bl & co) and 2 optional (xyz & in) with precise @ and . positions 
Wrong Input : E.g. abc.xyz@bl.co.in Email has 3 mandatory parts (abc, bl & co) and 2 optional (xyz & in) with precise @ and . positions 
Wrong Input : E.g. abc.xyz@bl.co.in Email has 3 mandatory parts (abc, bl & co) and 2 optional (xyz & in) with precise @ and . positions 
Wrong Input : E.g. abc.xyz@bl.co.in Email has 3 mandatory parts (abc, bl & co) and 2 optional (xyz & in) with precise @ and . positions 
Wrong Input : E.g. abc.xyz@bl.co.in Email has 3 mandatory parts (abc, bl & co) and 2 optional (xyz & in) with precise @ and . positions 
Wrong Input : E.g. abc.xyz@bl.co.in Email has 3 mandatory parts (abc, bl & co) and 2 optional (xyz & in) with precise @ and . positions 
Wrong Input : E.g. abc.xyz@bl.co.in Email has 3 mandatory parts (abc, bl & co) and 2 optional (xyz & in) with precise @ and . positions 
Wrong Input : E.g. abc.xyz@bl.co.in Email has 3 mandatory parts (abc, bl & co) and 2 optional (xyz & in) with precise @ and . positions 
Wrong Input : E.g. abc.xyz@bl.co.in Email has 3 mandatory parts (abc, bl & co) and 2 optional (xyz & in) with precise @ and . positions 
Wrong Input : E.g. abc.xyz@bl.co.in Email has 3 mandatory parts (abc, bl & co) and 2 optional (xyz & in) with precise @ and . positions 
Wrong Input : E.g. abc.xyz@bl.co.in Email has 3 mandatory parts (abc, bl & co) and 2 optional (xyz & in) with precise @ and . positions 
Wrong Input : E.g. abc.xyz@bl.co.in Email has 3 mandatory parts (abc, bl & co) and 2 optional (xyz & in) with precise @ and . positions 
Wrong Input : E.g. abc.xyz@bl.co.in Email has 3 mandatory parts (abc, bl & co) and 2 optional (xyz & in) with precise @ and . positions 
Wrong Input : E.g. abc.xyz@bl.co.in Email has 3 mandatory parts (abc, bl & co) and 2 optional (xyz & in) with precise @ and . positions 
Wrong Input : E.g. abc.xyz@bl.co.in Email has 3 mandatory parts (abc, bl & co) and 2 optional (xyz & in) with precise @ and . positions 
Wrong Input : E.g. abc.xyz@bl.co.in Email has 3 mandatory parts (abc, bl & co) and 2 optional (xyz & in) with precise @ and . positions 
Wrong Input : E.g. abc.xyz@bl.co.in Email has 3 mandatory parts (abc, bl & co) and 2 optional (xyz & in) with precise @ and . positions 
Wrong Input : E.g. abc.xyz@bl.co.in Email has 3 mandatory parts (abc, bl & co) and 2 optional (xyz & in) with precise @ and . positions 
Wrong Input : E.g. abc.xyz@bl.co.in Email has 3 mandatory parts (abc, bl & co) and 2 optional (xyz & in) with precise @ and . positions 
Wrong Input : E.g. abc.xyz@bl.co.in Email has 3 mandatory parts (abc, bl & co) and 2 optional (xyz & in) with precise @ and . positions 
Wrong Input : E.g. abc.xyz@bl.co.in Email has 3 mandatory parts (abc, bl & co) and 2 optional (xyz & in) with precise @ and . positions 
Wrong Input : E.g. abc.xyz@bl.co.in Email has 3 mandatory parts (abc, bl & co) and 2 optional (xyz & in) with precise @ and . positions 
Wrong Input : E.g. abc.xyz@bl.co.in Email has 3 mandatory parts (abc, bl & co) and 2 optional (xyz & in) with precise @ and . positions 
Wrong Input : E.g. abc.xyz@bl.co.in Email has 3 mandatory parts (abc, bl & co) and 2 optional (xyz & in) with precise @ and . positions 
Wrong Input : E.g. abc.xyz@bl.co.in Email has 3 mandatory parts (abc, bl & co) and 2 optional (xyz & in) with precise @ and . positions 
Wrong Input : E.g. abc.xyz@bl.co.in Email has 3 mandatory parts (abc, bl & co) and 2 optional (xyz & in) with precise @ and . positions 
Wrong Input : E.g. abc.xyz@bl.co.in Email has 3 mandatory parts (abc, bl & co) and 2 optional (xyz & in) with precise @ and . positions 
Wrong Input : E.g. abc.xyz@bl.co.in Email has 3 mandatory parts (abc, bl & co) and 2 optional (xyz & in) with precise @ and . positions 
Wrong Input : E.g. abc.xyz@bl.co.in Email has 3 mandatory parts (abc, bl & co) and 2 optional (xyz & in) with precise @ and . positions 
Wrong Input : E.g. abc.xyz@bl.co.in Email has 3 mandatory parts (abc, bl & co) and 2 optional (xyz & in) with precise @ and . positions 
Wrong Input : E.g. abc.xyz@bl.co.in Email has 3 mandatory parts (abc, bl & co) and 2 optional (xyz & in) with precise @ and . positions 
Wrong Input : E.g. abc.xyz@bl.co.in Email has 3 mandatory parts (abc, bl & co) and 2 optional (xyz & in) with precise @ and . positions 
Wrong Input : E.g. abc.xyz@bl.co.in Email has 3 mandatory parts (abc, bl & co) and 2 optional (xyz & in) with precise @ and . positions 
Wrong Input : E.g. abc.xyz@bl.co.in Email has 3 mandatory parts (abc, bl & co) and 2 optional (xyz & in) with precise @ and . positions 
Wrong Input : E.g. abc.xyz@bl.co.in Email has 3 mandatory parts (abc, bl & co) and 2 optional (xyz & in) with precise @ and . positions 
Wrong Input : E.g. abc.xyz@bl.co.in Email has 3 mandatory parts (abc, bl & co) and 2 optional (xyz & in) with precise @ and . positions 
Wrong Input : E.g. abc.xyz@bl.co.in Email has 3 mandatory parts (abc, bl & co) and 2 optional (xyz & in) with precise @ and . positions 
Wrong Input : E.g. abc.xyz@bl.co.in Email has 3 mandatory parts (abc, bl & co) and 2 optional (xyz & in) with precise @ and . positions 
Wrong Input : E.g. abc.xyz@bl.co.in Email has 3 mandatory parts (abc, bl & co) and 2 optional (xyz & in) with precise @ and . positions 
Wrong Input : E.g. abc.xyz@bl.co.in Email has 3 mandatory parts (abc, bl & co) and 2 optional (xyz & in) with precise @ and . positions 
Wrong Input : E.g. abc.xyz@bl.co.in Email has 3 mandatory parts (abc, bl & co) and 2 optional (xyz & in) with precise @ and . positions 
Wrong Input : E.g. abc.xyz@bl.co.in Email has 3 mandatory parts (abc, bl & co) and 2 optional (xyz & in) with precise @ and . positions 
Wrong Input : E.g. abc.xyz@bl.co.in Email has 3 mandatory parts (abc, bl & co) and 2 optional (xyz & in) with precise @ and . positions 
Wrong Input : E.g. abc.xyz@bl.co.in Email has 3 mandatory parts (abc, bl & co) and 2 optional (xyz & in) with precise @ and . positions 
Wrong Input : E.g. abc.xyz@bl.co.in Email has 3 mandatory parts (abc, bl & co) and 2 optional (xyz & in) with precise @ and . positions 
Wrong Input : E.g. abc.xyz@bl.co.in Email has 3 mandatory parts (abc, bl & co) and 2 optional (xyz & in) with precise @ and . positions 
Wrong Input : E.g. abc.xyz@bl.co.in Email has 3 mandatory parts (abc, bl & co) and 2 optional (xyz & in) with precise @ and . positions 
Wrong Input : E.g. abc.xyz@bl.co.in Email has 3 mandatory parts (abc, bl & co) and 2 optional (xyz & in) with precise @ and . positions 
Wrong Input : E.g. abc.xyz@bl.co.in Email has 3 mandatory parts (abc, bl & co) and 2 optional (xyz & in) with precise @ and . positions 
Wrong Input : E.g. abc.xyz@bl.co.in Email has 3 mandatory parts (abc, bl & co) and 2 optional (xyz & in) with precise @ and . positions 
Wrong Input : E.g. abc.xyz@bl.co.in Email has 3 mandatory parts (abc, bl & co) and 2 optional (xyz & in) with precise @ and . positions 
Wrong Input : E.g. abc.xyz@bl.co.in Email has 3 mandatory parts (abc, bl & co) and 2 optional (xyz & in) with precise @ and . positions 
Wrong Input : E.g. abc.xyz@bl.co.in Email has 3 mandatory parts (abc, bl & co) and 2 optional (xyz & in) with precise @ and . positions 
Wrong Input : E.g. abc.xyz@bl.co.in Email has 3 mandatory parts (abc, bl & co) and 2 optional (xyz & in) with precise @ and . positions 
Wrong Input : E.g. abc.xyz@bl.co.in Email has 3 mandatory parts (abc, bl & co) and 2 optional (xyz & in) with precise @ and . positions 
Wrong Input : E.g. abc.xyz@bl.co.in Email has 3 mandatory parts (abc, bl & co) and 2 optional (xyz & in) with precise @ and . positions 
Wrong Input : E.g. abc.xyz@bl.co.in Email has 3 mandatory parts (abc, bl & co) and 2 optional (xyz & in) with precise @ and . positions 
Wrong Input : E.g. abc.xyz@bl.co.in Email has 3 mandatory parts (abc, bl & co) and 2 optional (xyz & in) with precise @ and . positions 
Wrong Input : E.g. abc.xyz@bl.co.in Email has 3 mandatory parts (abc, bl & co) and 2 optional (xyz & in) with precise @ and . positions 
Wrong Input : E.g. abc.xyz@bl.co.in Email has 3 mandatory parts (abc, bl & co) and 2 optional (xyz & in) with precise @ and . positions 
Wrong Input : E.g. abc.xyz@bl.co.in Email has 3 mandatory parts (abc, bl & co) and 2 optional (xyz & in) with precise @ and . positions 
Wrong Input : E.g. abc.xyz@bl.co.in Email has 3 mandatory parts (abc, bl & co) and 2 optional (xyz & in) with precise @ and . positions 
Wrong Input : E.g. abc.xyz@bl.co.in Email has 3 mandatory parts (abc, bl & co) and 2 optional (xyz & in) with precise @ and . positions 
Wrong Input : E.g. abc.xyz@bl.co.in Email has 3 mandatory parts (abc, bl & co) and 2 optional (xyz & in) with precise @ and . positions 
Wrong Input : E.g. abc.xyz@bl.co.in Email has 3 mandatory parts (abc, bl & co) and 2 optional (xyz & in) with precise @ and . positions 
Wrong Input : E.g. abc.xyz@bl.co.in Email has 3 mandatory parts (abc, bl & co) and 2 optional (xyz & in) with precise @ and . positions 
Wrong Input : E.g. abc.xyz@bl.co.in Email has 3 mandatory parts (abc, bl & co) and 2 optional (xyz & in) with precise @ and . positions 
Wrong Input : E.g. abc.xyz@bl.co.in Email has 3 mandatory parts (abc, bl & co) and 2 optional (xyz & in) with precise @ and . positions 
Wrong Input : E.g. abc.xyz@bl.co.in Email has 3 mandatory parts (abc, bl & co) and 2 optional (xyz & in) with precise @ and . positions 
Wrong Input : E.g. abc.xyz@bl.co.in Email has 3 mandatory parts (abc, bl & co) and 2 optional (xyz & in) with precise @ and . positions 
Wrong Input : E.g. abc.xyz@bl.co.in Email has 3 mandatory parts (abc, bl & co) and 2 optional (xyz & in) with precise @ and . positions 
Wrong Input : E.g. abc.xyz@bl.co.in Email has 3 mandatory parts (abc, bl & co) and 2 optional (xyz & in) with precise @ and . positions 
Wrong Input : E.g. abc.xyz@bl.co.in Email has 3 mandatory parts (abc, bl & co) and 2 optional (xyz & in) with precise @ and . positions 
Wrong Input : E.g. abc.xyz@bl.co.in Email has 3 mandatory parts (abc, bl & co) and 2 optional (xyz & in) with precise @ and . positions 
Wrong Input : E.g. abc.xyz@bl.co.in Email has 3 mandatory parts (abc, bl & co) and 2 optional (xyz & in) with precise @ and . positions 
Wrong Input : E.g. abc.xyz@bl.co.in Email has 3 mandatory parts (abc, bl & co) and 2 optional (xyz & in) with precise @ and . positions 
Wrong Input : E.g. abc.xyz@bl.co.in Email has 3 mandatory parts (abc, bl & co) and 2 optional (xyz & in) with precise @ and . positions 
Wrong Input : E.g. abc.xyz@bl.co.in Email has 3 mandatory parts (abc, bl & co) and 2 optional (xyz & in) with precise @ and . positions 
Wrong Input : E.g. abc.xyz@bl.co.in Email has 3 mandatory parts (abc, bl & co) and 2 optional (xyz & in) with precise @ and . positions 
Wrong Input : E.g. abc.xyz@bl.co.in Email has 3 mandatory parts (abc, bl & co) and 2 optional (xyz & in) with precise @ and . positions 
Wrong Input : E.g. abc.xyz@bl.co.in Email has 3 mandatory parts (abc, bl & co) and 2 optional (xyz & in) with precise @ and . positions 
Wrong Input : E.g. abc.xyz@bl.co.in Email has 3 mandatory parts (abc, bl & co) and 2 optional (xyz & in) with precise @ and . positions 
Wrong Input : E.g. abc.xyz@bl.co.in Email has 3 mandatory parts (abc, bl & co) and 2 optional (xyz & in) with precise @ and . positions 
Wrong Input : E.g. abc.xyz@bl.co.in Email has 3 mandatory parts (abc, bl & co) and 2 optional (xyz & in) with precise @ and . positions 
Wrong Input : E.g. abc.xyz@bl.co.in Email has 3 mandatory parts (abc, bl & co) and 2 optional (xyz & in) with precise @ and . positions 
Wrong Input : E.g. abc.xyz@bl.co.in Email has 3 mandatory parts (abc, bl & co) and 2 optional (xyz & in) with precise @ and . positions 
Wrong Input : E.g. abc.xyz@bl.co.in Email has 3 mandatory parts (abc, bl & co) and 2 optional (xyz & in) with precise @ and . positions 
Wrong Input : E.g. abc.xyz@bl.co.in Email has 3 mandatory parts (abc, bl & co) and 2 optional (xyz & in) with precise @ and . positions 
Wrong Input : E.g. abc.xyz@bl.co.in Email has 3 mandatory parts (abc, bl & co) and 2 optional (xyz & in) with precise @ and . positions 
Wrong Input : E.g. abc.xyz@bl.co.in Email has 3 mandatory parts (abc, bl & co) and 2 optional (xyz & in) with precise @ and . positions 
Wrong Input : E.g. abc.xyz@bl.co.in Email has 3 mandatory parts (abc, bl & co) and 2 optional (xyz & in) with precise @ and . positions 
Wrong Input : E.g. abc.xyz@bl.co.in Email has 3 mandatory parts (abc, bl & co) and 2 optional (xyz & in) with precise @ and . positions 
Wrong Input : E.g. abc.xyz@bl.co.in Email has 3 mandatory parts (abc, bl & co) and 2 optional (xyz & in) with precise @ and . positions 
Wrong Input : E.g. abc.xyz@bl.co.in Email has 3 mandatory parts (abc, bl & co) and 2 optional (xyz & in) with precise @ and . positions 
Wrong Input : E.g. abc.xyz@bl.co.in Email has 3 mandatory parts (abc, bl & co) and 2 optional (xyz & in) with precise @ and . positions 
Wrong Input : E.g. abc.xyz@bl.co.in Email has 3 mandatory parts (abc, bl & co) and 2 optional (xyz & in) with precise @ and . positions 
Wrong Input : E.g. abc.xyz@bl.co.in Email has 3 mandatory parts (abc, bl & co) and 2 optional (xyz & in) with precise @ and . positions 
Wrong Input : E.g. abc.xyz@bl.co.in Email has 3 mandatory parts (abc, bl & co) and 2 optional (xyz & in) with precise @ and . positions 
Wrong Input : E.g. abc.xyz@bl.co.in Email has 3 mandatory parts (abc, bl & co) and 2 optional (xyz & in) with precise @ and . positions 
Wrong Input : E.g. abc.xyz@bl.co.in Email has 3 mandatory parts (abc, bl & co) and 2 optional (xyz & in) with precise @ and . positions 
Wrong Input : E.g. abc.xyz@bl.co.in Email has 3 mandatory parts (abc, bl & co) and 2 optional (xyz & in) with precise @ and . positions 
Wrong Input : E.g. abc.xyz@bl.co.in Email has 3 mandatory parts (abc, bl & co) and 2 optional (xyz & in) with precise @ and . positions 
Wrong Input : E.g. abc.xyz@bl.co.in Email has 3 mandatory parts (abc, bl & co) and 2 optional (xyz & in) with precise @ and . positions 
Wrong Input : E.g. abc.xyz@bl.co.in Email has 3 mandatory parts (abc, bl & co) and 2 optional (xyz & in) with precise @ and . positions 
Wrong Input : E.g. abc.xyz@bl.co.in Email has 3 mandatory parts (abc, bl & co) and 2 optional (xyz & in) with precise @ and . positions 
Wrong Input : E.g. abc.xyz@bl.co.in Email has 3 mandatory parts (abc, bl & co) and 2 optional (xyz & in) with precise @ and . positions 
Wrong Input : E.g. abc.xyz@bl.co.in Email has 3 mandatory parts (abc, bl & co) and 2 optional (xyz & in) with precise @ and . positions 
Wrong Input : E.g. abc.xyz@bl.co.in Email has 3 mandatory parts (abc, bl & co) and 2 optional (xyz & in) with precise @ and . positions 
Wrong Input : E.g. abc.xyz@bl.co.in Email has 3 mandatory parts (abc, bl & co) and 2 optional (xyz & in) with precise @ and . positions 
Wrong Input : E.g. abc.xyz@bl.co.in Email has 3 mandatory parts (abc, bl & co) and 2 optional (xyz & in) with precise @ and . positions 
Wrong Input : E.g. abc.xyz@bl.co.in Email has 3 mandatory parts (abc, bl & co) and 2 optional (xyz & in) with precise @ and . positions 
Wrong Input : E.g. abc.xyz@bl.co.in Email has 3 mandatory parts (abc, bl & co) and 2 optional (xyz & in) with precise @ and . positions 
Wrong Input : E.g. abc.xyz@bl.co.in Email has 3 mandatory parts (abc, bl & co) and 2 optional (xyz & in) with precise @ and . positions 
Wrong Input : E.g. abc.xyz@bl.co.in Email has 3 mandatory parts (abc, bl & co) and 2 optional (xyz & in) with precise @ and . positions 
Wrong Input : E.g. abc.xyz@bl.co.in Email has 3 mandatory parts (abc, bl & co) and 2 optional (xyz & in) with precise @ and . positions 
Wrong Input : E.g. abc.xyz@bl.co.in Email has 3 mandatory parts (abc, bl & co) and 2 optional (xyz & in) with precise @ and . positions 
Wrong Input : E.g. abc.xyz@bl.co.in Email has 3 mandatory parts (abc, bl & co) and 2 optional (xyz & in) with precise @ and . positions 
Wrong Input : E.g. abc.xyz@bl.co.in Email has 3 mandatory parts (abc, bl & co) and 2 optional (xyz & in) with precise @ and . positions 
Wrong Input : E.g. abc.xyz@bl.co.in Email has 3 mandatory parts (abc, bl & co) and 2 optional (xyz & in) with precise @ and . positions 
Wrong Input : E.g. abc.xyz@bl.co.in Email has 3 mandatory parts (abc, bl & co) and 2 optional (xyz & in) with precise @ and . positions 
Wrong Input : E.g. abc.xyz@bl.co.in Email has 3 mandatory parts (abc, bl & co) and 2 optional (xyz & in) with precise @ and . positions 
Wrong Input : E.g. abc.xyz@bl.co.in Email has 3 mandatory parts (abc, bl & co) and 2 optional (xyz & in) with precise @ and . positions 
Wrong Input : E.g. abc.xyz@bl.co.in Email has 3 mandatory parts (abc, bl & co) and 2 optional (xyz & in) with precise @ and . positions 
Wrong Input : E.g. abc.xyz@bl.co.in Email has 3 mandatory parts (abc, bl & co) and 2 optional (xyz & in) with precise @ and . positions 
Wrong Input : E.g. abc.xyz@bl.co.in Email has 3 mandatory parts (abc, bl & co) and 2 optional (xyz & in) with precise @ and . positions 
Wrong Input : E.g. abc.xyz@bl.co.in Email has 3 mandatory parts (abc, bl & co) and 2 optional (xyz & in) with precise @ and . positions 
Wrong Input : E.g. abc.xyz@bl.co.in Email has 3 mandatory parts (abc, bl & co) and 2 optional (xyz & in) with precise @ and . positions 
Wrong Input : E.g. abc.xyz@bl.co.in Email has 3 mandatory parts (abc, bl & co) and 2 optional (xyz & in) with precise @ and . positions 
Wrong Input : E.g. abc.xyz@bl.co.in Email has 3 mandatory parts (abc, bl & co) and 2 optional (xyz & in) with precise @ and . positions 
Wrong Input : E.g. abc.xyz@bl.co.in Email has 3 mandatory parts (abc, bl & co) and 2 optional (xyz & in) with precise @ and . positions 
Wrong Input : E.g. abc.xyz@bl.co.in Email has 3 mandatory parts (abc, bl & co) and 2 optional (xyz & in) with precise @ and . positions 
Wrong Input : E.g. abc.xyz@bl.co.in Email has 3 mandatory parts (abc, bl & co) and 2 optional (xyz & in) with precise @ and . positions 
Wrong Input : E.g. abc.xyz@bl.co.in Email has 3 mandatory parts (abc, bl & co) and 2 optional (xyz & in) with precise @ and . positions 
Wrong Input : E.g. abc.xyz@bl.co.in Email has 3 mandatory parts (abc, bl & co) and 2 optional (xyz & in) with precise @ and . positions 
Wrong Input : E.g. abc.xyz@bl.co.in Email has 3 mandatory parts (abc, bl & co) and 2 optional (xyz & in) with precise @ and . positions 
Wrong Input : E.g. abc.xyz@bl.co.in Email has 3 mandatory parts (abc, bl & co) and 2 optional (xyz & in) with precise @ and . positions 
Wrong Input : E.g. abc.xyz@bl.co.in Email has 3 mandatory parts (abc, bl & co) and 2 optional (xyz & in) with precise @ and . positions 
Wrong Input : E.g. abc.xyz@bl.co.in Email has 3 mandatory parts (abc, bl & co) and 2 optional (xyz & in) with precise @ and . positions 
Wrong Input : E.g. abc.xyz@bl.co.in Email has 3 mandatory parts (abc, bl & co) and 2 optional (xyz & in) with precise @ and . positions 
Wrong Input : E.g. abc.xyz@bl.co.in Email has 3 mandatory parts (abc, bl & co) and 2 optional (xyz & in) with precise @ and . positions 
Wrong Input : E.g. abc.xyz@bl.co.in Email has 3 mandatory parts (abc, bl & co) and 2 optional (xyz & in) with precise @ and . positions 
Wrong Input : E.g. abc.xyz@bl.co.in Email has 3 mandatory parts (abc, bl & co) and 2 optional (xyz & in) with precise @ and . positions 
Wrong Input : E.g. abc.xyz@bl.co.in Email has 3 mandatory parts (abc, bl & co) and 2 optional (xyz & in) with precise @ and . positions 
Wrong Input : E.g. abc.xyz@bl.co.in Email has 3 mandatory parts (abc, bl & co) and 2 optional (xyz & in) with precise @ and . positions 
Wrong Input : E.g. abc.xyz@bl.co.in Email has 3 mandatory parts (abc, bl & co) and 2 optional (xyz & in) with precise @ and . positions 
Wrong Input : E.g. abc.xyz@bl.co.in Email has 3 mandatory parts (abc, bl & co) and 2 optional (xyz & in) with precise @ and . positions 
Wrong Input : E.g. abc.xyz@bl.co.in Email has 3 mandatory parts (abc, bl & co) and 2 optional (xyz & in) with precise @ and . positions 
Wrong Input : E.g. abc.xyz@bl.co.in Email has 3 mandatory parts (abc, bl & co) and 2 optional (xyz & in) with precise @ and . positions 
Wrong Input : E.g. abc.xyz@bl.co.in Email has 3 mandatory parts (abc, bl & co) and 2 optional (xyz & in) with precise @ and . positions 
Wrong Input : E.g. abc.xyz@bl.co.in Email has 3 mandatory parts (abc, bl & co) and 2 optional (xyz & in) with precise @ and . positions 
Wrong Input : E.g. abc.xyz@bl.co.in Email has 3 mandatory parts (abc, bl & co) and 2 optional (xyz & in) with precise @ and . positions 
Wrong Input : E.g. abc.xyz@bl.co.in Email has 3 mandatory parts (abc, bl & co) and 2 optional (xyz & in) with precise @ and . positions 
Wrong Input : E.g. abc.xyz@bl.co.in Email has 3 mandatory parts (abc, bl & co) and 2 optional (xyz & in) with precise @ and . positions 
Wrong Input : E.g. abc.xyz@bl.co.in Email has 3 mandatory parts (abc, bl & co) and 2 optional (xyz & in) with precise @ and . positions 
Wrong Input : E.g. abc.xyz@bl.co.in Email has 3 mandatory parts (abc, bl & co) and 2 optional (xyz & in) with precise @ and . positions 
Wrong Input : E.g. abc.xyz@bl.co.in Email has 3 mandatory parts (abc, bl & co) and 2 optional (xyz & in) with precise @ and . positions 
Wrong Input : E.g. abc.xyz@bl.co.in Email has 3 mandatory parts (abc, bl & co) and 2 optional (xyz & in) with precise @ and . positions 
Wrong Input : E.g. abc.xyz@bl.co.in Email has 3 mandatory parts (abc, bl & co) and 2 optional (xyz & in) with precise @ and . positions 
Wrong Input : E.g. abc.xyz@bl.co.in Email has 3 mandatory parts (abc, bl & co) and 2 optional (xyz & in) with precise @ and . positions 
Wrong Input : E.g. abc.xyz@bl.co.in Email has 3 mandatory parts (abc, bl & co) and 2 optional (xyz & in) with precise @ and . positions 
Wrong Input : E.g. abc.xyz@bl.co.in Email has 3 mandatory parts (abc, bl & co) and 2 optional (xyz & in) with precise @ and . positions 
Wrong Input : E.g. abc.xyz@bl.co.in Email has 3 mandatory parts (abc, bl & co) and 2 optional (xyz & in) with precise @ and . positions 
Wrong Input : E.g. abc.xyz@bl.co.in Email has 3 mandatory parts (abc, bl & co) and 2 optional (xyz & in) with precise @ and . positions 
Wrong Input : E.g. abc.xyz@bl.co.in Email has 3 mandatory parts (abc, bl & co) and 2 optional (xyz & in) with precise @ and . positions 
Wrong Input : E.g. abc.xyz@bl.co.in Email has 3 mandatory parts (abc, bl & co) and 2 optional (xyz & in) with precise @ and . positions 
Wrong Input : E.g. abc.xyz@bl.co.in Email has 3 mandatory parts (abc, bl & co) and 2 optional (xyz & in) with precise @ and . positions 
Wrong Input : E.g. abc.xyz@bl.co.in Email has 3 mandatory parts (abc, bl & co) and 2 optional (xyz & in) with precise @ and . positions 
Wrong Input : E.g. abc.xyz@bl.co.in Email has 3 mandatory parts (abc, bl & co) and 2 optional (xyz & in) with precise @ and . positions 
Wrong Input : E.g. abc.xyz@bl.co.in Email has 3 mandatory parts (abc, bl & co) and 2 optional (xyz & in) with precise @ and . positions 
Wrong Input : E.g. abc.xyz@bl.co.in Email has 3 mandatory parts (abc, bl & co) and 2 optional (xyz & in) with precise @ and . positions 
Wrong Input : E.g. abc.xyz@bl.co.in Email has 3 mandatory parts (abc, bl & co) and 2 optional (xyz & in) with precise @ and . positions 
Wrong Input : E.g. abc.xyz@bl.co.in Email has 3 mandatory parts (abc, bl & co) and 2 optional (xyz & in) with precise @ and . positions 
Wrong Input : E.g. abc.xyz@bl.co.in Email has 3 mandatory parts (abc, bl & co) and 2 optional (xyz & in) with precise @ and . positions 
Wrong Input : E.g. abc.xyz@bl.co.in Email has 3 mandatory parts (abc, bl & co) and 2 optional (xyz & in) with precise @ and . positions 
Wrong Input : E.g. abc.xyz@bl.co.in Email has 3 mandatory parts (abc, bl & co) and 2 optional (xyz & in) with precise @ and . positions 
Wrong Input : E.g. abc.xyz@bl.co.in Email has 3 mandatory parts (abc, bl & co) and 2 optional (xyz & in) with precise @ and . positions 
Wrong Input : E.g. abc.xyz@bl.co.in Email has 3 mandatory parts (abc, bl & co) and 2 optional (xyz & in) with precise @ and . positions 
Wrong Input : E.g. abc.xyz@bl.co.in Email has 3 mandatory parts (abc, bl & co) and 2 optional (xyz & in) with precise @ and . positions 
Wrong Input : E.g. abc.xyz@bl.co.in Email has 3 mandatory parts (abc, bl & co) and 2 optional (xyz & in) with precise @ and . positions 
Wrong Input : E.g. abc.xyz@bl.co.in Email has 3 mandatory parts (abc, bl & co) and 2 optional (xyz & in) with precise @ and . positions 
Wrong Input : E.g. abc.xyz@bl.co.in Email has 3 mandatory parts (abc, bl & co) and 2 optional (xyz & in) with precise @ and . positions 
Wrong Input : E.g. abc.xyz@bl.co.in Email has 3 mandatory parts (abc, bl & co) and 2 optional (xyz & in) with precise @ and . positions 
Wrong Input : E.g. abc.xyz@bl.co.in Email has 3 mandatory parts (abc, bl & co) and 2 optional (xyz & in) with precise @ and . positions 
Wrong Input : E.g. abc.xyz@bl.co.in Email has 3 mandatory parts (abc, bl & co) and 2 optional (xyz & in) with precise @ and . positions 
Wrong Input : E.g. abc.xyz@bl.co.in Email has 3 mandatory parts (abc, bl & co) and 2 optional (xyz & in) with precise @ and . positions 
Wrong Input : E.g. abc.xyz@bl.co.in Email has 3 mandatory parts (abc, bl & co) and 2 optional (xyz & in) with precise @ and . positions 
Wrong Input : E.g. abc.xyz@bl.co.in Email has 3 mandatory parts (abc, bl & co) and 2 optional (xyz & in) with precise @ and . positions 
Wrong Input : E.g. abc.xyz@bl.co.in Email has 3 mandatory parts (abc, bl & co) and 2 optional (xyz & in) with precise @ and . positions 
Wrong Input : E.g. abc.xyz@bl.co.in Email has 3 mandatory parts (abc, bl & co) and 2 optional (xyz & in) with precise @ and . positions 
Wrong Input : E.g. abc.xyz@bl.co.in Email has 3 mandatory parts (abc, bl & co) and 2 optional (xyz & in) with precise @ and . positions 
Wrong Input : E.g. abc.xyz@bl.co.in Email has 3 mandatory parts (abc, bl & co) and 2 optional (xyz & in) with precise @ and . positions 
Wrong Input : E.g. abc.xyz@bl.co.in Email has 3 mandatory parts (abc, bl & co) and 2 optional (xyz & in) with precise @ and . positions 
Wrong Input : E.g. abc.xyz@bl.co.in Email has 3 mandatory parts (abc, bl & co) and 2 optional (xyz & in) with precise @ and . positions 
Wrong Input : E.g. abc.xyz@bl.co.in Email has 3 mandatory parts (abc, bl & co) and 2 optional (xyz & in) with precise @ and . positions 
Wrong Input : E.g. abc.xyz@bl.co.in Email has 3 mandatory parts (abc, bl & co) and 2 optional (xyz & in) with precise @ and . positions 
Wrong Input : E.g. abc.xyz@bl.co.in Email has 3 mandatory parts (abc, bl & co) and 2 optional (xyz & in) with precise @ and . positions 
Wrong Input : E.g. abc.xyz@bl.co.in Email has 3 mandatory parts (abc, bl & co) and 2 optional (xyz & in) with precise @ and . positions 
Wrong Input : E.g. abc.xyz@bl.co.in Email has 3 mandatory parts (abc, bl & co) and 2 optional (xyz & in) with precise @ and . positions 
Wrong Input : E.g. abc.xyz@bl.co.in Email has 3 mandatory parts (abc, bl & co) and 2 optional (xyz & in) with precise @ and . positions 
Wrong Input : E.g. abc.xyz@bl.co.in Email has 3 mandatory parts (abc, bl & co) and 2 optional (xyz & in) with precise @ and . positions 
Wrong Input : E.g. abc.xyz@bl.co.in Email has 3 mandatory parts (abc, bl & co) and 2 optional (xyz & in) with precise @ and . positions 
Wrong Input : E.g. abc.xyz@bl.co.in Email has 3 mandatory parts (abc, bl & co) and 2 optional (xyz & in) with precise @ and . positions 
Wrong Input : E.g. abc.xyz@bl.co.in Email has 3 mandatory parts (abc, bl & co) and 2 optional (xyz & in) with precise @ and . positions 
Wrong Input : E.g. abc.xyz@bl.co.in Email has 3 mandatory parts (abc, bl & co) and 2 optional (xyz & in) with precise @ and . positions 
Wrong Input : E.g. abc.xyz@bl.co.in Email has 3 mandatory parts (abc, bl & co) and 2 optional (xyz & in) with precise @ and . positions 
Wrong Input : E.g. abc.xyz@bl.co.in Email has 3 mandatory parts (abc, bl & co) and 2 optional (xyz & in) with precise @ and . positions 
Wrong Input : E.g. abc.xyz@bl.co.in Email has 3 mandatory parts (abc, bl & co) and 2 optional (xyz & in) with precise @ and . positions 
Wrong Input : E.g. abc.xyz@bl.co.in Email has 3 mandatory parts (abc, bl & co) and 2 optional (xyz & in) with precise @ and . positions 
Wrong Input : E.g. abc.xyz@bl.co.in Email has 3 mandatory parts (abc, bl & co) and 2 optional (xyz & in) with precise @ and . positions 
Wrong Input : E.g. abc.xyz@bl.co.in Email has 3 mandatory parts (abc, bl & co) and 2 optional (xyz & in) with precise @ and . positions 
Wrong Input : E.g. abc.xyz@bl.co.in Email has 3 mandatory parts (abc, bl & co) and 2 optional (xyz & in) with precise @ and . positions 
Wrong Input : E.g. abc.xyz@bl.co.in Email has 3 mandatory parts (abc, bl & co) and 2 optional (xyz & in) with precise @ and . positions 
Wrong Input : E.g. abc.xyz@bl.co.in Email has 3 mandatory parts (abc, bl & co) and 2 optional (xyz & in) with precise @ and . positions 
Wrong Input : E.g. abc.xyz@bl.co.in Email has 3 mandatory parts (abc, bl & co) and 2 optional (xyz & in) with precise @ and . positions 
Wrong Input : E.g. abc.xyz@bl.co.in Email has 3 mandatory parts (abc, bl & co) and 2 optional (xyz & in) with precise @ and . positions 
Wrong Input : E.g. abc.xyz@bl.co.in Email has 3 mandatory parts (abc, bl & co) and 2 optional (xyz & in) with precise @ and . positions 
Wrong Input : E.g. abc.xyz@bl.co.in Email has 3 mandatory parts (abc, bl & co) and 2 optional (xyz & in) with precise @ and . positions 
Wrong Input : E.g. abc.xyz@bl.co.in Email has 3 mandatory parts (abc, bl & co) and 2 optional (xyz & in) with precise @ and . positions 
Wrong Input : E.g. abc.xyz@bl.co.in Email has 3 mandatory parts (abc, bl & co) and 2 optional (xyz & in) with precise @ and . positions 
Wrong Input : E.g. abc.xyz@bl.co.in Email has 3 mandatory parts (abc, bl & co) and 2 optional (xyz & in) with precise @ and . positions 
Wrong Input : E.g. abc.xyz@bl.co.in Email has 3 mandatory parts (abc, bl & co) and 2 optional (xyz & in) with precise @ and . positions 
Wrong Input : E.g. abc.xyz@bl.co.in Email has 3 mandatory parts (abc, bl & co) and 2 optional (xyz & in) with precise @ and . positions 
Wrong Input : E.g. abc.xyz@bl.co.in Email has 3 mandatory parts (abc, bl & co) and 2 optional (xyz & in) with precise @ and . positions 
Wrong Input : E.g. abc.xyz@bl.co.in Email has 3 mandatory parts (abc, bl & co) and 2 optional (xyz & in) with precise @ and . positions 
Wrong Input : E.g. abc.xyz@bl.co.in Email has 3 mandatory parts (abc, bl & co) and 2 optional (xyz & in) with precise @ and . positions 
Wrong Input : E.g. abc.xyz@bl.co.in Email has 3 mandatory parts (abc, bl & co) and 2 optional (xyz & in) with precise @ and . positions 
Wrong Input : E.g. abc.xyz@bl.co.in Email has 3 mandatory parts (abc, bl & co) and 2 optional (xyz & in) with precise @ and . positions 
Wrong Input : E.g. abc.xyz@bl.co.in Email has 3 mandatory parts (abc, bl & co) and 2 optional (xyz & in) with precise @ and . positions 
Wrong Input : E.g. abc.xyz@bl.co.in Email has 3 mandatory parts (abc, bl & co) and 2 optional (xyz & in) with precise @ and . positions 
Wrong Input : E.g. abc.xyz@bl.co.in Email has 3 mandatory parts (abc, bl & co) and 2 optional (xyz & in) with precise @ and . positions 
Wrong Input : E.g. abc.xyz@bl.co.in Email has 3 mandatory parts (abc, bl & co) and 2 optional (xyz & in) with precise @ and . positions 
Wrong Input : E.g. abc.xyz@bl.co.in Email has 3 mandatory parts (abc, bl & co) and 2 optional (xyz & in) with precise @ and . positions 
Wrong Input : E.g. abc.xyz@bl.co.in Email has 3 mandatory parts (abc, bl & co) and 2 optional (xyz & in) with precise @ and . positions 
Wrong Input : E.g. abc.xyz@bl.co.in Email has 3 mandatory parts (abc, bl & co) and 2 optional (xyz & in) with precise @ and . positions 
Wrong Input : E.g. abc.xyz@bl.co.in Email has 3 mandatory parts (abc, bl & co) and 2 optional (xyz & in) with precise @ and . positions 
Wrong Input : E.g. abc.xyz@bl.co.in Email has 3 mandatory parts (abc, bl & co) and 2 optional (xyz & in) with precise @ and . positions 
Wrong Input : E.g. abc.xyz@bl.co.in Email has 3 mandatory parts (abc, bl & co) and 2 optional (xyz & in) with precise @ and . positions 
Wrong Input : E.g. abc.xyz@bl.co.in Email has 3 mandatory parts (abc, bl & co) and 2 optional (xyz & in) with precise @ and . positions 
Wrong Input : E.g. abc.xyz@bl.co.in Email has 3 mandatory parts (abc, bl & co) and 2 optional (xyz & in) with precise @ and . positions 
Wrong Input : E.g. abc.xyz@bl.co.in Email has 3 mandatory parts (abc, bl & co) and 2 optional (xyz & in) with precise @ and . positions 
Wrong Input : E.g. abc.xyz@bl.co.in Email has 3 mandatory parts (abc, bl & co) and 2 optional (xyz & in) with precise @ and . positions 
Wrong Input : E.g. abc.xyz@bl.co.in Email has 3 mandatory parts (abc, bl & co) and 2 optional (xyz & in) with precise @ and . positions 
Wrong Input : E.g. abc.xyz@bl.co.in Email has 3 mandatory parts (abc, bl & co) and 2 optional (xyz & in) with precise @ and . positions 
Wrong Input : E.g. abc.xyz@bl.co.in Email has 3 mandatory parts (abc, bl & co) and 2 optional (xyz & in) with precise @ and . positions 
Wrong Input : E.g. abc.xyz@bl.co.in Email has 3 mandatory parts (abc, bl & co) and 2 optional (xyz & in) with precise @ and . positions 
Wrong Input : E.g. abc.xyz@bl.co.in Email has 3 mandatory parts (abc, bl & co) and 2 optional (xyz & in) with precise @ and . positions 
Wrong Input : E.g. abc.xyz@bl.co.in Email has 3 mandatory parts (abc, bl & co) and 2 optional (xyz & in) with precise @ and . positions 
Wrong Input : E.g. abc.xyz@bl.co.in Email has 3 mandatory parts (abc, bl & co) and 2 optional (xyz & in) with precise @ and . positions 
Wrong Input : E.g. abc.xyz@bl.co.in Email has 3 mandatory parts (abc, bl & co) and 2 optional (xyz & in) with precise @ and . positions 
Wrong Input : E.g. abc.xyz@bl.co.in Email has 3 mandatory parts (abc, bl & co) and 2 optional (xyz & in) with precise @ and . positions 
Wrong Input : E.g. abc.xyz@bl.co.in Email has 3 mandatory parts (abc, bl & co) and 2 optional (xyz & in) with precise @ and . positions 
Wrong Input : E.g. abc.xyz@bl.co.in Email has 3 mandatory parts (abc, bl & co) and 2 optional (xyz & in) with precise @ and . positions 
Wrong Input : E.g. abc.xyz@bl.co.in Email has 3 mandatory parts (abc, bl & co) and 2 optional (xyz & in) with precise @ and . positions 
Wrong Input : E.g. abc.xyz@bl.co.in Email has 3 mandatory parts (abc, bl & co) and 2 optional (xyz & in) with precise @ and . positions 
Wrong Input : E.g. abc.xyz@bl.co.in Email has 3 mandatory parts (abc, bl & co) and 2 optional (xyz & in) with precise @ and . positions 
Wrong Input : E.g. abc.xyz@bl.co.in Email has 3 mandatory parts (abc, bl & co) and 2 optional (xyz & in) with precise @ and . positions 
Wrong Input : E.g. abc.xyz@bl.co.in Email has 3 mandatory parts (abc, bl & co) and 2 optional (xyz & in) with precise @ and . positions 
Wrong Input : E.g. abc.xyz@bl.co.in Email has 3 mandatory parts (abc, bl & co) and 2 optional (xyz & in) with precise @ and . positions 
Wrong Input : E.g. abc.xyz@bl.co.in Email has 3 mandatory parts (abc, bl & co) and 2 optional (xyz & in) with precise @ and . positions 
Wrong Input : E.g. abc.xyz@bl.co.in Email has 3 mandatory parts (abc, bl & co) and 2 optional (xyz & in) with precise @ and . positions 
Wrong Input : E.g. abc.xyz@bl.co.in Email has 3 mandatory parts (abc, bl & co) and 2 optional (xyz & in) with precise @ and . positions 
Wrong Input : E.g. abc.xyz@bl.co.in Email has 3 mandatory parts (abc, bl & co) and 2 optional (xyz & in) with precise @ and . positions 
Wrong Input : E.g. abc.xyz@bl.co.in Email has 3 mandatory parts (abc, bl & co) and 2 optional (xyz & in) with precise @ and . positions 
Wrong Input : E.g. abc.xyz@bl.co.in Email has 3 mandatory parts (abc, bl & co) and 2 optional (xyz & in) with precise @ and . positions 
Wrong Input : E.g. abc.xyz@bl.co.in Email has 3 mandatory parts (abc, bl & co) and 2 optional (xyz & in) with precise @ and . positions 
Wrong Input : E.g. abc.xyz@bl.co.in Email has 3 mandatory parts (abc, bl & co) and 2 optional (xyz & in) with precise @ and . positions 
Wrong Input : E.g. abc.xyz@bl.co.in Email has 3 mandatory parts (abc, bl & co) and 2 optional (xyz & in) with precise @ and . positions 
Wrong Input : E.g. abc.xyz@bl.co.in Email has 3 mandatory parts (abc, bl & co) and 2 optional (xyz & in) with precise @ and . positions 
Wrong Input : E.g. abc.xyz@bl.co.in Email has 3 mandatory parts (abc, bl & co) and 2 optional (xyz & in) with precise @ and . positions 
Wrong Input : E.g. abc.xyz@bl.co.in Email has 3 mandatory parts (abc, bl & co) and 2 optional (xyz & in) with precise @ and . positions 
Wrong Input : E.g. abc.xyz@bl.co.in Email has 3 mandatory parts (abc, bl & co) and 2 optional (xyz & in) with precise @ and . positions 
Wrong Input : E.g. abc.xyz@bl.co.in Email has 3 mandatory parts (abc, bl & co) and 2 optional (xyz & in) with precise @ and . positions 
Wrong Input : E.g. abc.xyz@bl.co.in Email has 3 mandatory parts (abc, bl & co) and 2 optional (xyz & in) with precise @ and . positions 
Wrong Input : E.g. abc.xyz@bl.co.in Email has 3 mandatory parts (abc, bl & co) and 2 optional (xyz & in) with precise @ and . positions 
Wrong Input : E.g. abc.xyz@bl.co.in Email has 3 mandatory parts (abc, bl & co) and 2 optional (xyz & in) with precise @ and . positions 
Wrong Input : E.g. abc.xyz@bl.co.in Email has 3 mandatory parts (abc, bl & co) and 2 optional (xyz & in) with precise @ and . positions 
Wrong Input : E.g. abc.xyz@bl.co.in Email has 3 mandatory parts (abc, bl & co) and 2 optional (xyz & in) with precise @ and . positions 
Wrong Input : E.g. abc.xyz@bl.co.in Email has 3 mandatory parts (abc, bl & co) and 2 optional (xyz & in) with precise @ and . positions 
Wrong Input : E.g. abc.xyz@bl.co.in Email has 3 mandatory parts (abc, bl & co) and 2 optional (xyz & in) with precise @ and . positions 
Wrong Input : E.g. abc.xyz@bl.co.in Email has 3 mandatory parts (abc, bl & co) and 2 optional (xyz & in) with precise @ and . positions 
Wrong Input : E.g. abc.xyz@bl.co.in Email has 3 mandatory parts (abc, bl & co) and 2 optional (xyz & in) with precise @ and . positions 
Wrong Input : E.g. abc.xyz@bl.co.in Email has 3 mandatory parts (abc, bl & co) and 2 optional (xyz & in) with precise @ and . positions 
Wrong Input : E.g. abc.xyz@bl.co.in Email has 3 mandatory parts (abc, bl & co) and 2 optional (xyz & in) with precise @ and . positions 
Wrong Input : E.g. abc.xyz@bl.co.in Email has 3 mandatory parts (abc, bl & co) and 2 optional (xyz & in) with precise @ and . positions 
Wrong Input : E.g. abc.xyz@bl.co.in Email has 3 mandatory parts (abc, bl & co) and 2 optional (xyz & in) with precise @ and . positions 
Wrong Input : E.g. abc.xyz@bl.co.in Email has 3 mandatory parts (abc, bl & co) and 2 optional (xyz & in) with precise @ and . positions 
Wrong Input : E.g. abc.xyz@bl.co.in Email has 3 mandatory parts (abc, bl & co) and 2 optional (xyz & in) with precise @ and . positions 
Wrong Input : E.g. abc.xyz@bl.co.in Email has 3 mandatory parts (abc, bl & co) and 2 optional (xyz & in) with precise @ and . positions 
Wrong Input : E.g. abc.xyz@bl.co.in Email has 3 mandatory parts (abc, bl & co) and 2 optional (xyz & in) with precise @ and . positions 
Wrong Input : E.g. abc.xyz@bl.co.in Email has 3 mandatory parts (abc, bl & co) and 2 optional (xyz & in) with precise @ and . positions 
Wrong Input : E.g. abc.xyz@bl.co.in Email has 3 mandatory parts (abc, bl & co) and 2 optional (xyz & in) with precise @ and . positions 
Wrong Input : E.g. abc.xyz@bl.co.in Email has 3 mandatory parts (abc, bl & co) and 2 optional (xyz & in) with precise @ and . positions 
Wrong Input : E.g. abc.xyz@bl.co.in Email has 3 mandatory parts (abc, bl & co) and 2 optional (xyz & in) with precise @ and . positions 
Wrong Input : E.g. abc.xyz@bl.co.in Email has 3 mandatory parts (abc, bl & co) and 2 optional (xyz & in) with precise @ and . positions 
Wrong Input : E.g. abc.xyz@bl.co.in Email has 3 mandatory parts (abc, bl & co) and 2 optional (xyz & in) with precise @ and . positions 
Wrong Input : E.g. abc.xyz@bl.co.in Email has 3 mandatory parts (abc, bl & co) and 2 optional (xyz & in) with precise @ and . positions 
Wrong Input : E.g. abc.xyz@bl.co.in Email has 3 mandatory parts (abc, bl & co) and 2 optional (xyz & in) with precise @ and . positions 
Wrong Input : E.g. abc.xyz@bl.co.in Email has 3 mandatory parts (abc, bl & co) and 2 optional (xyz & in) with precise @ and . positions 
Wrong Input : E.g. abc.xyz@bl.co.in Email has 3 mandatory parts (abc, bl & co) and 2 optional (xyz & in) with precise @ and . positions 
Wrong Input : E.g. abc.xyz@bl.co.in Email has 3 mandatory parts (abc, bl & co) and 2 optional (xyz & in) with precise @ and . positions 
Wrong Input : E.g. abc.xyz@bl.co.in Email has 3 mandatory parts (abc, bl & co) and 2 optional (xyz & in) with precise @ and . positions 
Wrong Input : E.g. abc.xyz@bl.co.in Email has 3 mandatory parts (abc, bl & co) and 2 optional (xyz & in) with precise @ and . positions 
Wrong Input : E.g. abc.xyz@bl.co.in Email has 3 mandatory parts (abc, bl & co) and 2 optional (xyz & in) with precise @ and . positions 
Wrong Input : E.g. abc.xyz@bl.co.in Email has 3 mandatory parts (abc, bl & co) and 2 optional (xyz & in) with precise @ and . positions 
Wrong Input : E.g. abc.xyz@bl.co.in Email has 3 mandatory parts (abc, bl & co) and 2 optional (xyz & in) with precise @ and . positions 
Wrong Input : E.g. abc.xyz@bl.co.in Email has 3 mandatory parts (abc, bl & co) and 2 optional (xyz & in) with precise @ and . positions 
Wrong Input : E.g. abc.xyz@bl.co.in Email has 3 mandatory parts (abc, bl & co) and 2 optional (xyz & in) with precise @ and . positions 
Wrong Input : E.g. abc.xyz@bl.co.in Email has 3 mandatory parts (abc, bl & co) and 2 optional (xyz & in) with precise @ and . positions 
Wrong Input : E.g. abc.xyz@bl.co.in Email has 3 mandatory parts (abc, bl & co) and 2 optional (xyz & in) with precise @ and . positions 
Wrong Input : E.g. abc.xyz@bl.co.in Email has 3 mandatory parts (abc, bl & co) and 2 optional (xyz & in) with precise @ and . positions 
Wrong Input : E.g. abc.xyz@bl.co.in Email has 3 mandatory parts (abc, bl & co) and 2 optional (xyz & in) with precise @ and . positions 
Wrong Input : E.g. abc.xyz@bl.co.in Email has 3 mandatory parts (abc, bl & co) and 2 optional (xyz & in) with precise @ and . positions 
Wrong Input : E.g. abc.xyz@bl.co.in Email has 3 mandatory parts (abc, bl & co) and 2 optional (xyz & in) with precise @ and . positions 
Wrong Input : E.g. abc.xyz@bl.co.in Email has 3 mandatory parts (abc, bl & co) and 2 optional (xyz & in) with precise @ and . positions 
Wrong Input : E.g. abc.xyz@bl.co.in Email has 3 mandatory parts (abc, bl & co) and 2 optional (xyz & in) with precise @ and . positions 
Wrong Input : E.g. abc.xyz@bl.co.in Email has 3 mandatory parts (abc, bl & co) and 2 optional (xyz & in) with precise @ and . positions 
Wrong Input : E.g. abc.xyz@bl.co.in Email has 3 mandatory parts (abc, bl & co) and 2 optional (xyz & in) with precise @ and . positions 
Wrong Input : E.g. abc.xyz@bl.co.in Email has 3 mandatory parts (abc, bl & co) and 2 optional (xyz & in) with precise @ and . positions 
Wrong Input : E.g. abc.xyz@bl.co.in Email has 3 mandatory parts (abc, bl & co) and 2 optional (xyz & in) with precise @ and . positions 
Wrong Input : E.g. abc.xyz@bl.co.in Email has 3 mandatory parts (abc, bl & co) and 2 optional (xyz & in) with precise @ and . positions 
Wrong Input : E.g. abc.xyz@bl.co.in Email has 3 mandatory parts (abc, bl & co) and 2 optional (xyz & in) with precise @ and . positions 
Wrong Input : E.g. abc.xyz@bl.co.in Email has 3 mandatory parts (abc, bl & co) and 2 optional (xyz & in) with precise @ and . positions 
Wrong Input : E.g. abc.xyz@bl.co.in Email has 3 mandatory parts (abc, bl & co) and 2 optional (xyz & in) with precise @ and . positions 
Wrong Input : E.g. abc.xyz@bl.co.in Email has 3 mandatory parts (abc, bl & co) and 2 optional (xyz & in) with precise @ and . positions 
Wrong Input : E.g. abc.xyz@bl.co.in Email has 3 mandatory parts (abc, bl & co) and 2 optional (xyz & in) with precise @ and . positions 
Wrong Input : E.g. abc.xyz@bl.co.in Email has 3 mandatory parts (abc, bl & co) and 2 optional (xyz & in) with precise @ and . positions 
Wrong Input : E.g. abc.xyz@bl.co.in Email has 3 mandatory parts (abc, bl & co) and 2 optional (xyz & in) with precise @ and . positions 
Wrong Input : E.g. abc.xyz@bl.co.in Email has 3 mandatory parts (abc, bl & co) and 2 optional (xyz & in) with precise @ and . positions 
Wrong Input : E.g. abc.xyz@bl.co.in Email has 3 mandatory parts (abc, bl & co) and 2 optional (xyz & in) with precise @ and . positions 
Wrong Input : E.g. abc.xyz@bl.co.in Email has 3 mandatory parts (abc, bl & co) and 2 optional (xyz & in) with precise @ and . positions 
Wrong Input : E.g. abc.xyz@bl.co.in Email has 3 mandatory parts (abc, bl & co) and 2 optional (xyz & in) with precise @ and . positions 
Wrong Input : E.g. abc.xyz@bl.co.in Email has 3 mandatory parts (abc, bl & co) and 2 optional (xyz & in) with precise @ and . positions 
Wrong Input : E.g. abc.xyz@bl.co.in Email has 3 mandatory parts (abc, bl & co) and 2 optional (xyz & in) with precise @ and . positions 
Wrong Input : E.g. abc.xyz@bl.co.in Email has 3 mandatory parts (abc, bl & co) and 2 optional (xyz & in) with precise @ and . positions 
Wrong Input : E.g. abc.xyz@bl.co.in Email has 3 mandatory parts (abc, bl & co) and 2 optional (xyz & in) with precise @ and . positions 
Wrong Input : E.g. abc.xyz@bl.co.in Email has 3 mandatory parts (abc, bl & co) and 2 optional (xyz & in) with precise @ and . positions 
Wrong Input : E.g. abc.xyz@bl.co.in Email has 3 mandatory parts (abc, bl & co) and 2 optional (xyz & in) with precise @ and . positions 
Wrong Input : E.g. abc.xyz@bl.co.in Email has 3 mandatory parts (abc, bl & co) and 2 optional (xyz & in) with precise @ and . positions 
Wrong Input : E.g. abc.xyz@bl.co.in Email has 3 mandatory parts (abc, bl & co) and 2 optional (xyz & in) with precise @ and . positions 
Wrong Input : E.g. abc.xyz@bl.co.in Email has 3 mandatory parts (abc, bl & co) and 2 optional (xyz & in) with precise @ and . positions 
Wrong Input : E.g. abc.xyz@bl.co.in Email has 3 mandatory parts (abc, bl & co) and 2 optional (xyz & in) with precise @ and . positions 
Wrong Input : E.g. abc.xyz@bl.co.in Email has 3 mandatory parts (abc, bl & co) and 2 optional (xyz & in) with precise @ and . positions 
Wrong Input : E.g. abc.xyz@bl.co.in Email has 3 mandatory parts (abc, bl & co) and 2 optional (xyz & in) with precise @ and . positions 
Wrong Input : E.g. abc.xyz@bl.co.in Email has 3 mandatory parts (abc, bl & co) and 2 optional (xyz & in) with precise @ and . positions 
Wrong Input : E.g. abc.xyz@bl.co.in Email has 3 mandatory parts (abc, bl & co) and 2 optional (xyz & in) with precise @ and . positions 
Wrong Input : E.g. abc.xyz@bl.co.in Email has 3 mandatory parts (abc, bl & co) and 2 optional (xyz & in) with precise @ and . positions 
Wrong Input : E.g. abc.xyz@bl.co.in Email has 3 mandatory parts (abc, bl & co) and 2 optional (xyz & in) with precise @ and . positions 
Wrong Input : E.g. abc.xyz@bl.co.in Email has 3 mandatory parts (abc, bl & co) and 2 optional (xyz & in) with precise @ and . positions 
Wrong Input : E.g. abc.xyz@bl.co.in Email has 3 mandatory parts (abc, bl & co) and 2 optional (xyz & in) with precise @ and . positions 
Wrong Input : E.g. abc.xyz@bl.co.in Email has 3 mandatory parts (abc, bl & co) and 2 optional (xyz & in) with precise @ and . positions 
Wrong Input : E.g. abc.xyz@bl.co.in Email has 3 mandatory parts (abc, bl & co) and 2 optional (xyz & in) with precise @ and . positions 
Wrong Input : E.g. abc.xyz@bl.co.in Email has 3 mandatory parts (abc, bl & co) and 2 optional (xyz & in) with precise @ and . positions 
Wrong Input : E.g. abc.xyz@bl.co.in Email has 3 mandatory parts (abc, bl & co) and 2 optional (xyz & in) with precise @ and . positions 
Wrong Input : E.g. abc.xyz@bl.co.in Email has 3 mandatory parts (abc, bl & co) and 2 optional (xyz & in) with precise @ and . positions 
Wrong Input : E.g. abc.xyz@bl.co.in Email has 3 mandatory parts (abc, bl & co) and 2 optional (xyz & in) with precise @ and . positions 
Wrong Input : E.g. abc.xyz@bl.co.in Email has 3 mandatory parts (abc, bl & co) and 2 optional (xyz & in) with precise @ and . positions 
Wrong Input : E.g. abc.xyz@bl.co.in Email has 3 mandatory parts (abc, bl & co) and 2 optional (xyz & in) with precise @ and . positions 
Wrong Input : E.g. abc.xyz@bl.co.in Email has 3 mandatory parts (abc, bl & co) and 2 optional (xyz & in) with precise @ and . positions 
Wrong Input : E.g. abc.xyz@bl.co.in Email has 3 mandatory parts (abc, bl & co) and 2 optional (xyz & in) with precise @ and . positions 
Wrong Input : E.g. abc.xyz@bl.co.in Email has 3 mandatory parts (abc, bl & co) and 2 optional (xyz & in) with precise @ and . positions 
Wrong Input : E.g. abc.xyz@bl.co.in Email has 3 mandatory parts (abc, bl & co) and 2 optional (xyz & in) with precise @ and . positions 
Wrong Input : E.g. abc.xyz@bl.co.in Email has 3 mandatory parts (abc, bl & co) and 2 optional (xyz & in) with precise @ and . positions 
Wrong Input : E.g. abc.xyz@bl.co.in Email has 3 mandatory parts (abc, bl & co) and 2 optional (xyz & in) with precise @ and . positions 
Wrong Input : E.g. abc.xyz@bl.co.in Email has 3 mandatory parts (abc, bl & co) and 2 optional (xyz & in) with precise @ and . positions 
Wrong Input : E.g. abc.xyz@bl.co.in Email has 3 mandatory parts (abc, bl & co) and 2 optional (xyz & in) with precise @ and . positions 
Wrong Input : E.g. abc.xyz@bl.co.in Email has 3 mandatory parts (abc, bl & co) and 2 optional (xyz & in) with precise @ and . positions 
Wrong Input : E.g. abc.xyz@bl.co.in Email has 3 mandatory parts (abc, bl & co) and 2 optional (xyz & in) with precise @ and . positions 
Wrong Input : E.g. abc.xyz@bl.co.in Email has 3 mandatory parts (abc, bl & co) and 2 optional (xyz & in) with precise @ and . positions 
Wrong Input : E.g. abc.xyz@bl.co.in Email has 3 mandatory parts (abc, bl & co) and 2 optional (xyz & in) with precise @ and . positions 
Wrong Input : E.g. abc.xyz@bl.co.in Email has 3 mandatory parts (abc, bl & co) and 2 optional (xyz & in) with precise @ and . positions 
Wrong Input : E.g. abc.xyz@bl.co.in Email has 3 mandatory parts (abc, bl & co) and 2 optional (xyz & in) with precise @ and . positions 
Wrong Input : E.g. abc.xyz@bl.co.in Email has 3 mandatory parts (abc, bl & co) and 2 optional (xyz & in) with precise @ and . positions 
Wrong Input : E.g. abc.xyz@bl.co.in Email has 3 mandatory parts (abc, bl & co) and 2 optional (xyz & in) with precise @ and . positions 
Wrong Input : E.g. abc.xyz@bl.co.in Email has 3 mandatory parts (abc, bl & co) and 2 optional (xyz & in) with precise @ and . positions 
Wrong Input : E.g. abc.xyz@bl.co.in Email has 3 mandatory parts (abc, bl & co) and 2 optional (xyz & in) with precise @ and . positions 
Wrong Input : E.g. abc.xyz@bl.co.in Email has 3 mandatory parts (abc, bl & co) and 2 optional (xyz & in) with precise @ and . positions 
Wrong Input : E.g. abc.xyz@bl.co.in Email has 3 mandatory parts (abc, bl & co) and 2 optional (xyz & in) with precise @ and . positions 
Wrong Input : E.g. abc.xyz@bl.co.in Email has 3 mandatory parts (abc, bl & co) and 2 optional (xyz & in) with precise @ and . positions 
Wrong Input : E.g. abc.xyz@bl.co.in Email has 3 mandatory parts (abc, bl & co) and 2 optional (xyz & in) with precise @ and . positions 
Wrong Input : E.g. abc.xyz@bl.co.in Email has 3 mandatory parts (abc, bl & co) and 2 optional (xyz & in) with precise @ and . positions 
Wrong Input : E.g. abc.xyz@bl.co.in Email has 3 mandatory parts (abc, bl & co) and 2 optional (xyz & in) with precise @ and . positions 
Wrong Input : E.g. abc.xyz@bl.co.in Email has 3 mandatory parts (abc, bl & co) and 2 optional (xyz & in) with precise @ and . positions 
Wrong Input : E.g. abc.xyz@bl.co.in Email has 3 mandatory parts (abc, bl & co) and 2 optional (xyz & in) with precise @ and . positions 
Wrong Input : E.g. abc.xyz@bl.co.in Email has 3 mandatory parts (abc, bl & co) and 2 optional (xyz & in) with precise @ and . positions 
Wrong Input : E.g. abc.xyz@bl.co.in Email has 3 mandatory parts (abc, bl & co) and 2 optional (xyz & in) with precise @ and . positions 
Wrong Input : E.g. abc.xyz@bl.co.in Email has 3 mandatory parts (abc, bl & co) and 2 optional (xyz & in) with precise @ and . positions 
Wrong Input : E.g. abc.xyz@bl.co.in Email has 3 mandatory parts (abc, bl & co) and 2 optional (xyz & in) with precise @ and . positions 
Wrong Input : E.g. abc.xyz@bl.co.in Email has 3 mandatory parts (abc, bl & co) and 2 optional (xyz & in) with precise @ and . positions 
Wrong Input : E.g. abc.xyz@bl.co.in Email has 3 mandatory parts (abc, bl & co) and 2 optional (xyz & in) with precise @ and . positions 
Wrong Input : E.g. abc.xyz@bl.co.in Email has 3 mandatory parts (abc, bl & co) and 2 optional (xyz & in) with precise @ and . positions 
Wrong Input : E.g. abc.xyz@bl.co.in Email has 3 mandatory parts (abc, bl & co) and 2 optional (xyz & in) with precise @ and . positions 
Wrong Input : E.g. abc.xyz@bl.co.in Email has 3 mandatory parts (abc, bl & co) and 2 optional (xyz & in) with precise @ and . positions 
Wrong Input : E.g. abc.xyz@bl.co.in Email has 3 mandatory parts (abc, bl & co) and 2 optional (xyz & in) with precise @ and . positions 
Wrong Input : E.g. abc.xyz@bl.co.in Email has 3 mandatory parts (abc, bl & co) and 2 optional (xyz & in) with precise @ and . positions 
Wrong Input : E.g. abc.xyz@bl.co.in Email has 3 mandatory parts (abc, bl & co) and 2 optional (xyz & in) with precise @ and . positions 
Wrong Input : E.g. abc.xyz@bl.co.in Email has 3 mandatory parts (abc, bl & co) and 2 optional (xyz & in) with precise @ and . positions 
Wrong Input : E.g. abc.xyz@bl.co.in Email has 3 mandatory parts (abc, bl & co) and 2 optional (xyz & in) with precise @ and . positions 
Wrong Input : E.g. abc.xyz@bl.co.in Email has 3 mandatory parts (abc, bl & co) and 2 optional (xyz & in) with precise @ and . positions 
Wrong Input : E.g. abc.xyz@bl.co.in Email has 3 mandatory parts (abc, bl & co) and 2 optional (xyz & in) with precise @ and . positions 
Wrong Input : E.g. abc.xyz@bl.co.in Email has 3 mandatory parts (abc, bl & co) and 2 optional (xyz & in) with precise @ and . positions 
Wrong Input : E.g. abc.xyz@bl.co.in Email has 3 mandatory parts (abc, bl & co) and 2 optional (xyz & in) with precise @ and . positions 
Wrong Input : E.g. abc.xyz@bl.co.in Email has 3 mandatory parts (abc, bl & co) and 2 optional (xyz & in) with precise @ and . positions 
Wrong Input : E.g. abc.xyz@bl.co.in Email has 3 mandatory parts (abc, bl & co) and 2 optional (xyz & in) with precise @ and . positions 
Wrong Input : E.g. abc.xyz@bl.co.in Email has 3 mandatory parts (abc, bl & co) and 2 optional (xyz & in) with precise @ and . positions 
Wrong Input : E.g. abc.xyz@bl.co.in Email has 3 mandatory parts (abc, bl & co) and 2 optional (xyz & in) with precise @ and . positions 
Wrong Input : E.g. abc.xyz@bl.co.in Email has 3 mandatory parts (abc, bl & co) and 2 optional (xyz & in) with precise @ and . positions 
Wrong Input : E.g. abc.xyz@bl.co.in Email has 3 mandatory parts (abc, bl & co) and 2 optional (xyz & in) with precise @ and . positions 
Wrong Input : E.g. abc.xyz@bl.co.in Email has 3 mandatory parts (abc, bl & co) and 2 optional (xyz & in) with precise @ and . positions 
Wrong Input : E.g. abc.xyz@bl.co.in Email has 3 mandatory parts (abc, bl & co) and 2 optional (xyz & in) with precise @ and . positions 
Wrong Input : E.g. abc.xyz@bl.co.in Email has 3 mandatory parts (abc, bl & co) and 2 optional (xyz & in) with precise @ and . positions 
Wrong Input : E.g. abc.xyz@bl.co.in Email has 3 mandatory parts (abc, bl & co) and 2 optional (xyz & in) with precise @ and . positions 
Wrong Input : E.g. abc.xyz@bl.co.in Email has 3 mandatory parts (abc, bl & co) and 2 optional (xyz & in) with precise @ and . positions 
Wrong Input : E.g. abc.xyz@bl.co.in Email has 3 mandatory parts (abc, bl & co) and 2 optional (xyz & in) with precise @ and . positions 
Wrong Input : E.g. abc.xyz@bl.co.in Email has 3 mandatory parts (abc, bl & co) and 2 optional (xyz & in) with precise @ and . positions 
Wrong Input : E.g. abc.xyz@bl.co.in Email has 3 mandatory parts (abc, bl & co) and 2 optional (xyz & in) with precise @ and . positions 
Wrong Input : E.g. abc.xyz@bl.co.in Email has 3 mandatory parts (abc, bl & co) and 2 optional (xyz & in) with precise @ and . positions 
Wrong Input : E.g. abc.xyz@bl.co.in Email has 3 mandatory parts (abc, bl & co) and 2 optional (xyz & in) with precise @ and . positions 
Wrong Input : E.g. abc.xyz@bl.co.in Email has 3 mandatory parts (abc, bl & co) and 2 optional (xyz & in) with precise @ and . positions 
Wrong Input : E.g. abc.xyz@bl.co.in Email has 3 mandatory parts (abc, bl & co) and 2 optional (xyz & in) with precise @ and . positions 
Wrong Input : E.g. abc.xyz@bl.co.in Email has 3 mandatory parts (abc, bl & co) and 2 optional (xyz & in) with precise @ and . positions 
Wrong Input : E.g. abc.xyz@bl.co.in Email has 3 mandatory parts (abc, bl & co) and 2 optional (xyz & in) with precise @ and . positions 
Wrong Input : E.g. abc.xyz@bl.co.in Email has 3 mandatory parts (abc, bl & co) and 2 optional (xyz & in) with precise @ and . positions 
Wrong Input : E.g. abc.xyz@bl.co.in Email has 3 mandatory parts (abc, bl & co) and 2 optional (xyz & in) with precise @ and . positions 
Wrong Input : E.g. abc.xyz@bl.co.in Email has 3 mandatory parts (abc, bl & co) and 2 optional (xyz & in) with precise @ and . positions 
Wrong Input : E.g. abc.xyz@bl.co.in Email has 3 mandatory parts (abc, bl & co) and 2 optional (xyz & in) with precise @ and . positions 
Wrong Input : E.g. abc.xyz@bl.co.in Email has 3 mandatory parts (abc, bl & co) and 2 optional (xyz & in) with precise @ and . positions 
Wrong Input : E.g. abc.xyz@bl.co.in Email has 3 mandatory parts (abc, bl & co) and 2 optional (xyz & in) with precise @ and . positions 
Wrong Input : E.g. abc.xyz@bl.co.in Email has 3 mandatory parts (abc, bl & co) and 2 optional (xyz & in) with precise @ and . positions 
Wrong Input : E.g. abc.xyz@bl.co.in Email has 3 mandatory parts (abc, bl & co) and 2 optional (xyz & in) with precise @ and . positions 
Wrong Input : E.g. abc.xyz@bl.co.in Email has 3 mandatory parts (abc, bl & co) and 2 optional (xyz & in) with precise @ and . positions 
Wrong Input : E.g. abc.xyz@bl.co.in Email has 3 mandatory parts (abc, bl & co) and 2 optional (xyz & in) with precise @ and . positions 
Wrong Input : E.g. abc.xyz@bl.co.in Email has 3 mandatory parts (abc, bl & co) and 2 optional (xyz & in) with precise @ and . positions 
Wrong Input : E.g. abc.xyz@bl.co.in Email has 3 mandatory parts (abc, bl & co) and 2 optional (xyz & in) with precise @ and . positions 
Wrong Input : E.g. abc.xyz@bl.co.in Email has 3 mandatory parts (abc, bl & co) and 2 optional (xyz & in) with precise @ and . positions 
Wrong Input : E.g. abc.xyz@bl.co.in Email has 3 mandatory parts (abc, bl & co) and 2 optional (xyz & in) with precise @ and . positions 
Wrong Input : E.g. abc.xyz@bl.co.in Email has 3 mandatory parts (abc, bl & co) and 2 optional (xyz & in) with precise @ and . positions 
Wrong Input : E.g. abc.xyz@bl.co.in Email has 3 mandatory parts (abc, bl & co) and 2 optional (xyz & in) with precise @ and . positions 
Wrong Input : E.g. abc.xyz@bl.co.in Email has 3 mandatory parts (abc, bl & co) and 2 optional (xyz & in) with precise @ and . positions 
Wrong Input : E.g. abc.xyz@bl.co.in Email has 3 mandatory parts (abc, bl & co) and 2 optional (xyz & in) with precise @ and . positions 
Wrong Input : E.g. abc.xyz@bl.co.in Email has 3 mandatory parts (abc, bl & co) and 2 optional (xyz & in) with precise @ and . positions 
Wrong Input : E.g. abc.xyz@bl.co.in Email has 3 mandatory parts (abc, bl & co) and 2 optional (xyz & in) with precise @ and . positions 
Wrong Input : E.g. abc.xyz@bl.co.in Email has 3 mandatory parts (abc, bl & co) and 2 optional (xyz & in) with precise @ and . positions 
Wrong Input : E.g. abc.xyz@bl.co.in Email has 3 mandatory parts (abc, bl & co) and 2 optional (xyz & in) with precise @ and . positions 
Wrong Input : E.g. abc.xyz@bl.co.in Email has 3 mandatory parts (abc, bl & co) and 2 optional (xyz & in) with precise @ and . positions 
Wrong Input : E.g. abc.xyz@bl.co.in Email has 3 mandatory parts (abc, bl & co) and 2 optional (xyz & in) with precise @ and . positions 
Wrong Input : E.g. abc.xyz@bl.co.in Email has 3 mandatory parts (abc, bl & co) and 2 optional (xyz & in) with precise @ and . positions 
Wrong Input : E.g. abc.xyz@bl.co.in Email has 3 mandatory parts (abc, bl & co) and 2 optional (xyz & in) with precise @ and . positions 
Wrong Input : E.g. abc.xyz@bl.co.in Email has 3 mandatory parts (abc, bl & co) and 2 optional (xyz & in) with precise @ and . positions 
Wrong Input : E.g. abc.xyz@bl.co.in Email has 3 mandatory parts (abc, bl & co) and 2 optional (xyz & in) with precise @ and . positions 
Wrong Input : E.g. abc.xyz@bl.co.in Email has 3 mandatory parts (abc, bl & co) and 2 optional (xyz & in) with precise @ and . positions 
Wrong Input : E.g. abc.xyz@bl.co.in Email has 3 mandatory parts (abc, bl & co) and 2 optional (xyz & in) with precise @ and . positions 
Wrong Input : E.g. abc.xyz@bl.co.in Email has 3 mandatory parts (abc, bl & co) and 2 optional (xyz & in) with precise @ and . positions 
Wrong Input : E.g. abc.xyz@bl.co.in Email has 3 mandatory parts (abc, bl & co) and 2 optional (xyz & in) with precise @ and . positions 
Wrong Input : E.g. abc.xyz@bl.co.in Email has 3 mandatory parts (abc, bl & co) and 2 optional (xyz & in) with precise @ and . positions 
Wrong Input : E.g. abc.xyz@bl.co.in Email has 3 mandatory parts (abc, bl & co) and 2 optional (xyz & in) with precise @ and . positions 
Wrong Input : E.g. abc.xyz@bl.co.in Email has 3 mandatory parts (abc, bl & co) and 2 optional (xyz & in) with precise @ and . positions 
Wrong Input : E.g. abc.xyz@bl.co.in Email has 3 mandatory parts (abc, bl & co) and 2 optional (xyz & in) with precise @ and . positions 
Wrong Input : E.g. abc.xyz@bl.co.in Email has 3 mandatory parts (abc, bl & co) and 2 optional (xyz & in) with precise @ and . positions 
Wrong Input : E.g. abc.xyz@bl.co.in Email has 3 mandatory parts (abc, bl & co) and 2 optional (xyz & in) with precise @ and . positions 
Wrong Input : E.g. abc.xyz@bl.co.in Email has 3 mandatory parts (abc, bl & co) and 2 optional (xyz & in) with precise @ and . positions 
Wrong Input : E.g. abc.xyz@bl.co.in Email has 3 mandatory parts (abc, bl & co) and 2 optional (xyz & in) with precise @ and . positions 
Wrong Input : E.g. abc.xyz@bl.co.in Email has 3 mandatory parts (abc, bl & co) and 2 optional (xyz & in) with precise @ and . positions 
Wrong Input : E.g. abc.xyz@bl.co.in Email has 3 mandatory parts (abc, bl & co) and 2 optional (xyz & in) with precise @ and . positions 
Wrong Input : E.g. abc.xyz@bl.co.in Email has 3 mandatory parts (abc, bl & co) and 2 optional (xyz & in) with precise @ and . positions 
Wrong Input : E.g. abc.xyz@bl.co.in Email has 3 mandatory parts (abc, bl & co) and 2 optional (xyz & in) with precise @ and . positions 
Wrong Input : E.g. abc.xyz@bl.co.in Email has 3 mandatory parts (abc, bl & co) and 2 optional (xyz & in) with precise @ and . positions 
Wrong Input : E.g. abc.xyz@bl.co.in Email has 3 mandatory parts (abc, bl & co) and 2 optional (xyz & in) with precise @ and . positions 
Wrong Input : E.g. abc.xyz@bl.co.in Email has 3 mandatory parts (abc, bl & co) and 2 optional (xyz & in) with precise @ and . positions 
Wrong Input : E.g. abc.xyz@bl.co.in Email has 3 mandatory parts (abc, bl & co) and 2 optional (xyz & in) with precise @ and . positions 
Wrong Input : E.g. abc.xyz@bl.co.in Email has 3 mandatory parts (abc, bl & co) and 2 optional (xyz & in) with precise @ and . positions 
Wrong Input : E.g. abc.xyz@bl.co.in Email has 3 mandatory parts (abc, bl & co) and 2 optional (xyz & in) with precise @ and . positions 
Wrong Input : E.g. abc.xyz@bl.co.in Email has 3 mandatory parts (abc, bl & co) and 2 optional (xyz & in) with precise @ and . positions 
Wrong Input : E.g. abc.xyz@bl.co.in Email has 3 mandatory parts (abc, bl & co) and 2 optional (xyz & in) with precise @ and . positions 
Wrong Input : E.g. abc.xyz@bl.co.in Email has 3 mandatory parts (abc, bl & co) and 2 optional (xyz & in) with precise @ and . positions 
Wrong Input : E.g. abc.xyz@bl.co.in Email has 3 mandatory parts (abc, bl & co) and 2 optional (xyz & in) with precise @ and . positions 
Wrong Input : E.g. abc.xyz@bl.co.in Email has 3 mandatory parts (abc, bl & co) and 2 optional (xyz & in) with precise @ and . positions 
Wrong Input : E.g. abc.xyz@bl.co.in Email has 3 mandatory parts (abc, bl & co) and 2 optional (xyz & in) with precise @ and . positions 
Wrong Input : E.g. abc.xyz@bl.co.in Email has 3 mandatory parts (abc, bl & co) and 2 optional (xyz & in) with precise @ and . positions 
Wrong Input : E.g. abc.xyz@bl.co.in Email has 3 mandatory parts (abc, bl & co) and 2 optional (xyz & in) with precise @ and . positions 
Wrong Input : E.g. abc.xyz@bl.co.in Email has 3 mandatory parts (abc, bl & co) and 2 optional (xyz & in) with precise @ and . positions 
Wrong Input : E.g. abc.xyz@bl.co.in Email has 3 mandatory parts (abc, bl & co) and 2 optional (xyz & in) with precise @ and . positions 
Wrong Input : E.g. abc.xyz@bl.co.in Email has 3 mandatory parts (abc, bl & co) and 2 optional (xyz & in) with precise @ and . positions 
Wrong Input : E.g. abc.xyz@bl.co.in Email has 3 mandatory parts (abc, bl & co) and 2 optional (xyz & in) with precise @ and . positions 
Wrong Input : E.g. abc.xyz@bl.co.in Email has 3 mandatory parts (abc, bl & co) and 2 optional (xyz & in) with precise @ and . positions 
Wrong Input : E.g. abc.xyz@bl.co.in Email has 3 mandatory parts (abc, bl & co) and 2 optional (xyz & in) with precise @ and . positions 
Wrong Input : E.g. abc.xyz@bl.co.in Email has 3 mandatory parts (abc, bl & co) and 2 optional (xyz & in) with precise @ and . positions 
Wrong Input : E.g. abc.xyz@bl.co.in Email has 3 mandatory parts (abc, bl & co) and 2 optional (xyz & in) with precise @ and . positions 
Wrong Input : E.g. abc.xyz@bl.co.in Email has 3 mandatory parts (abc, bl & co) and 2 optional (xyz & in) with precise @ and . positions 
Wrong Input : E.g. abc.xyz@bl.co.in Email has 3 mandatory parts (abc, bl & co) and 2 optional (xyz & in) with precise @ and . positions 
Wrong Input : E.g. abc.xyz@bl.co.in Email has 3 mandatory parts (abc, bl & co) and 2 optional (xyz & in) with precise @ and . positions 
Wrong Input : E.g. abc.xyz@bl.co.in Email has 3 mandatory parts (abc, bl & co) and 2 optional (xyz & in) with precise @ and . positions 
Wrong Input : E.g. abc.xyz@bl.co.in Email has 3 mandatory parts (abc, bl & co) and 2 optional (xyz & in) with precise @ and . positions 
Wrong Input : E.g. abc.xyz@bl.co.in Email has 3 mandatory parts (abc, bl & co) and 2 optional (xyz & in) with precise @ and . positions 
Wrong Input : E.g. abc.xyz@bl.co.in Email has 3 mandatory parts (abc, bl & co) and 2 optional (xyz & in) with precise @ and . positions 
Wrong Input : E.g. abc.xyz@bl.co.in Email has 3 mandatory parts (abc, bl & co) and 2 optional (xyz & in) with precise @ and . positions 
Wrong Input : E.g. abc.xyz@bl.co.in Email has 3 mandatory parts (abc, bl & co) and 2 optional (xyz & in) with precise @ and . positions 
Wrong Input : E.g. abc.xyz@bl.co.in Email has 3 mandatory parts (abc, bl & co) and 2 optional (xyz & in) with precise @ and . positions 
Wrong Input : E.g. abc.xyz@bl.co.in Email has 3 mandatory parts (abc, bl & co) and 2 optional (xyz & in) with precise @ and . positions 
Wrong Input : E.g. abc.xyz@bl.co.in Email has 3 mandatory parts (abc, bl & co) and 2 optional (xyz & in) with precise @ and . positions 
Wrong Input : E.g. abc.xyz@bl.co.in Email has 3 mandatory parts (abc, bl & co) and 2 optional (xyz & in) with precise @ and . positions 
Wrong Input : E.g. abc.xyz@bl.co.in Email has 3 mandatory parts (abc, bl & co) and 2 optional (xyz & in) with precise @ and . positions 
Wrong Input : E.g. abc.xyz@bl.co.in Email has 3 mandatory parts (abc, bl & co) and 2 optional (xyz & in) with precise @ and . positions 
Wrong Input : E.g. abc.xyz@bl.co.in Email has 3 mandatory parts (abc, bl & co) and 2 optional (xyz & in) with precise @ and . positions 
Wrong Input : E.g. abc.xyz@bl.co.in Email has 3 mandatory parts (abc, bl & co) and 2 optional (xyz & in) with precise @ and . positions 
Wrong Input : E.g. abc.xyz@bl.co.in Email has 3 mandatory parts (abc, bl & co) and 2 optional (xyz & in) with precise @ and . positions 
Wrong Input : E.g. abc.xyz@bl.co.in Email has 3 mandatory parts (abc, bl & co) and 2 optional (xyz & in) with precise @ and . positions 
Wrong Input : E.g. abc.xyz@bl.co.in Email has 3 mandatory parts (abc, bl & co) and 2 optional (xyz & in) with precise @ and . positions 
Wrong Input : E.g. abc.xyz@bl.co.in Email has 3 mandatory parts (abc, bl & co) and 2 optional (xyz & in) with precise @ and . positions 
Wrong Input : E.g. abc.xyz@bl.co.in Email has 3 mandatory parts (abc, bl & co) and 2 optional (xyz & in) with precise @ and . positions 
Wrong Input : E.g. abc.xyz@bl.co.in Email has 3 mandatory parts (abc, bl & co) and 2 optional (xyz & in) with precise @ and . positions 
Wrong Input : E.g. abc.xyz@bl.co.in Email has 3 mandatory parts (abc, bl & co) and 2 optional (xyz & in) with precise @ and . positions 
Wrong Input : E.g. abc.xyz@bl.co.in Email has 3 mandatory parts (abc, bl & co) and 2 optional (xyz & in) with precise @ and . positions 
Wrong Input : E.g. abc.xyz@bl.co.in Email has 3 mandatory parts (abc, bl & co) and 2 optional (xyz & in) with precise @ and . positions 
Wrong Input : E.g. abc.xyz@bl.co.in Email has 3 mandatory parts (abc, bl & co) and 2 optional (xyz & in) with precise @ and . positions 
Wrong Input : E.g. abc.xyz@bl.co.in Email has 3 mandatory parts (abc, bl & co) and 2 optional (xyz & in) with precise @ and . positions 
Wrong Input : E.g. abc.xyz@bl.co.in Email has 3 mandatory parts (abc, bl & co) and 2 optional (xyz & in) with precise @ and . positions 
Wrong Input : E.g. abc.xyz@bl.co.in Email has 3 mandatory parts (abc, bl & co) and 2 optional (xyz & in) with precise @ and . positions 
Wrong Input : E.g. abc.xyz@bl.co.in Email has 3 mandatory parts (abc, bl & co) and 2 optional (xyz & in) with precise @ and . positions 
Wrong Input : E.g. abc.xyz@bl.co.in Email has 3 mandatory parts (abc, bl & co) and 2 optional (xyz & in) with precise @ and . positions 
Wrong Input : E.g. abc.xyz@bl.co.in Email has 3 mandatory parts (abc, bl & co) and 2 optional (xyz & in) with precise @ and . positions 
Wrong Input : E.g. abc.xyz@bl.co.in Email has 3 mandatory parts (abc, bl & co) and 2 optional (xyz & in) with precise @ and . positions 
Wrong Input : E.g. abc.xyz@bl.co.in Email has 3 mandatory parts (abc, bl & co) and 2 optional (xyz & in) with precise @ and . positions 
Wrong Input : E.g. abc.xyz@bl.co.in Email has 3 mandatory parts (abc, bl & co) and 2 optional (xyz & in) with precise @ and . positions 
Wrong Input : E.g. abc.xyz@bl.co.in Email has 3 mandatory parts (abc, bl & co) and 2 optional (xyz & in) with precise @ and . positions 
Wrong Input : E.g. abc.xyz@bl.co.in Email has 3 mandatory parts (abc, bl & co) and 2 optional (xyz & in) with precise @ and . positions 
Wrong Input : E.g. abc.xyz@bl.co.in Email has 3 mandatory parts (abc, bl & co) and 2 optional (xyz & in) with precise @ and . positions 
Wrong Input : E.g. abc.xyz@bl.co.in Email has 3 mandatory parts (abc, bl & co) and 2 optional (xyz & in) with precise @ and . positions 
Wrong Input : E.g. abc.xyz@bl.co.in Email has 3 mandatory parts (abc, bl & co) and 2 optional (xyz & in) with precise @ and . positions 
Wrong Input : E.g. abc.xyz@bl.co.in Email has 3 mandatory parts (abc, bl & co) and 2 optional (xyz & in) with precise @ and . positions 
Wrong Input : E.g. abc.xyz@bl.co.in Email has 3 mandatory parts (abc, bl & co) and 2 optional (xyz & in) with precise @ and . positions 
Wrong Input : E.g. abc.xyz@bl.co.in Email has 3 mandatory parts (abc, bl & co) and 2 optional (xyz & in) with precise @ and . positions 
Wrong Input : E.g. abc.xyz@bl.co.in Email has 3 mandatory parts (abc, bl & co) and 2 optional (xyz & in) with precise @ and . positions 
Wrong Input : E.g. abc.xyz@bl.co.in Email has 3 mandatory parts (abc, bl & co) and 2 optional (xyz & in) with precise @ and . positions 
Wrong Input : E.g. abc.xyz@bl.co.in Email has 3 mandatory parts (abc, bl & co) and 2 optional (xyz & in) with precise @ and . positions 
Wrong Input : E.g. abc.xyz@bl.co.in Email has 3 mandatory parts (abc, bl & co) and 2 optional (xyz & in) with precise @ and . positions 
Wrong Input : E.g. abc.xyz@bl.co.in Email has 3 mandatory parts (abc, bl & co) and 2 optional (xyz & in) with precise @ and . positions 
Wrong Input : E.g. abc.xyz@bl.co.in Email has 3 mandatory parts (abc, bl & co) and 2 optional (xyz & in) with precise @ and . positions 
Wrong Input : E.g. abc.xyz@bl.co.in Email has 3 mandatory parts (abc, bl & co) and 2 optional (xyz & in) with precise @ and . positions 
Wrong Input : E.g. abc.xyz@bl.co.in Email has 3 mandatory parts (abc, bl & co) and 2 optional (xyz & in) with precise @ and . positions 
Wrong Input : E.g. abc.xyz@bl.co.in Email has 3 mandatory parts (abc, bl & co) and 2 optional (xyz & in) with precise @ and . positions 
Wrong Input : E.g. abc.xyz@bl.co.in Email has 3 mandatory parts (abc, bl & co) and 2 optional (xyz & in) with precise @ and . positions 
Wrong Input : E.g. abc.xyz@bl.co.in Email has 3 mandatory parts (abc, bl & co) and 2 optional (xyz & in) with precise @ and . positions 
Wrong Input : E.g. abc.xyz@bl.co.in Email has 3 mandatory parts (abc, bl & co) and 2 optional (xyz & in) with precise @ and . positions 
Wrong Input : E.g. abc.xyz@bl.co.in Email has 3 mandatory parts (abc, bl & co) and 2 optional (xyz & in) with precise @ and . positions 
Wrong Input : E.g. abc.xyz@bl.co.in Email has 3 mandatory parts (abc, bl & co) and 2 optional (xyz & in) with precise @ and . positions 
Wrong Input : E.g. abc.xyz@bl.co.in Email has 3 mandatory parts (abc, bl & co) and 2 optional (xyz & in) with precise @ and . positions 
Wrong Input : E.g. abc.xyz@bl.co.in Email has 3 mandatory parts (abc, bl & co) and 2 optional (xyz & in) with precise @ and . positions 
Wrong Input : E.g. abc.xyz@bl.co.in Email has 3 mandatory parts (abc, bl & co) and 2 optional (xyz & in) with precise @ and . positions 
Wrong Input : E.g. abc.xyz@bl.co.in Email has 3 mandatory parts (abc, bl & co) and 2 optional (xyz & in) with precise @ and . positions 
Wrong Input : E.g. abc.xyz@bl.co.in Email has 3 mandatory parts (abc, bl & co) and 2 optional (xyz & in) with precise @ and . positions 
Wrong Input : E.g. abc.xyz@bl.co.in Email has 3 mandatory parts (abc, bl & co) and 2 optional (xyz & in) with precise @ and . positions 
Wrong Input : E.g. abc.xyz@bl.co.in Email has 3 mandatory parts (abc, bl & co) and 2 optional (xyz & in) with precise @ and . positions 
Wrong Input : E.g. abc.xyz@bl.co.in Email has 3 mandatory parts (abc, bl & co) and 2 optional (xyz & in) with precise @ and . positions 
Wrong Input : E.g. abc.xyz@bl.co.in Email has 3 mandatory parts (abc, bl & co) and 2 optional (xyz & in) with precise @ and . positions 
Wrong Input : E.g. abc.xyz@bl.co.in Email has 3 mandatory parts (abc, bl & co) and 2 optional (xyz & in) with precise @ and . positions 
Wrong Input : E.g. abc.xyz@bl.co.in Email has 3 mandatory parts (abc, bl & co) and 2 optional (xyz & in) with precise @ and . positions 
Wrong Input : E.g. abc.xyz@bl.co.in Email has 3 mandatory parts (abc, bl & co) and 2 optional (xyz & in) with precise @ and . positions 
Wrong Input : E.g. abc.xyz@bl.co.in Email has 3 mandatory parts (abc, bl & co) and 2 optional (xyz & in) with precise @ and . positions 
Wrong Input : E.g. abc.xyz@bl.co.in Email has 3 mandatory parts (abc, bl & co) and 2 optional (xyz & in) with precise @ and . positions 
Wrong Input : E.g. abc.xyz@bl.co.in Email has 3 mandatory parts (abc, bl & co) and 2 optional (xyz & in) with precise @ and . positions 
Wrong Input : E.g. abc.xyz@bl.co.in Email has 3 mandatory parts (abc, bl & co) and 2 optional (xyz & in) with precise @ and . positions 
Wrong Input : E.g. abc.xyz@bl.co.in Email has 3 mandatory parts (abc, bl & co) and 2 optional (xyz & in) with precise @ and . positions 
Wrong Input : E.g. abc.xyz@bl.co.in Email has 3 mandatory parts (abc, bl & co) and 2 optional (xyz & in) with precise @ and . positions 
Wrong Input : E.g. abc.xyz@bl.co.in Email has 3 mandatory parts (abc, bl & co) and 2 optional (xyz & in) with precise @ and . positions 
Wrong Input : E.g. abc.xyz@bl.co.in Email has 3 mandatory parts (abc, bl & co) and 2 optional (xyz & in) with precise @ and . positions 
Wrong Input : E.g. abc.xyz@bl.co.in Email has 3 mandatory parts (abc, bl & co) and 2 optional (xyz & in) with precise @ and . positions 
Wrong Input : E.g. abc.xyz@bl.co.in Email has 3 mandatory parts (abc, bl & co) and 2 optional (xyz & in) with precise @ and . positions 
Wrong Input : E.g. abc.xyz@bl.co.in Email has 3 mandatory parts (abc, bl & co) and 2 optional (xyz & in) with precise @ and . positions 
Wrong Input : E.g. abc.xyz@bl.co.in Email has 3 mandatory parts (abc, bl & co) and 2 optional (xyz & in) with precise @ and . positions 
Wrong Input : E.g. abc.xyz@bl.co.in Email has 3 mandatory parts (abc, bl & co) and 2 optional (xyz & in) with precise @ and . positions 
Wrong Input : E.g. abc.xyz@bl.co.in Email has 3 mandatory parts (abc, bl & co) and 2 optional (xyz & in) with precise @ and . positions 
Wrong Input : E.g. abc.xyz@bl.co.in Email has 3 mandatory parts (abc, bl & co) and 2 optional (xyz & in) with precise @ and . positions 
Wrong Input : E.g. abc.xyz@bl.co.in Email has 3 mandatory parts (abc, bl & co) and 2 optional (xyz & in) with precise @ and . positions 
Wrong Input : E.g. abc.xyz@bl.co.in Email has 3 mandatory parts (abc, bl & co) and 2 optional (xyz & in) with precise @ and . positions 
Wrong Input : E.g. abc.xyz@bl.co.in Email has 3 mandatory parts (abc, bl & co) and 2 optional (xyz & in) with precise @ and . positions 
Wrong Input : E.g. abc.xyz@bl.co.in Email has 3 mandatory parts (abc, bl & co) and 2 optional (xyz & in) with precise @ and . positions 
Wrong Input : E.g. abc.xyz@bl.co.in Email has 3 mandatory parts (abc, bl & co) and 2 optional (xyz & in) with precise @ and . positions 
Wrong Input : E.g. abc.xyz@bl.co.in Email has 3 mandatory parts (abc, bl & co) and 2 optional (xyz & in) with precise @ and . positions 
Wrong Input : E.g. abc.xyz@bl.co.in Email has 3 mandatory parts (abc, bl & co) and 2 optional (xyz & in) with precise @ and . positions 
Wrong Input : E.g. abc.xyz@bl.co.in Email has 3 mandatory parts (abc, bl & co) and 2 optional (xyz & in) with precise @ and . positions 
Wrong Input : E.g. abc.xyz@bl.co.in Email has 3 mandatory parts (abc, bl & co) and 2 optional (xyz & in) with precise @ and . positions 
Wrong Input : E.g. abc.xyz@bl.co.in Email has 3 mandatory parts (abc, bl & co) and 2 optional (xyz & in) with precise @ and . positions 
Wrong Input : E.g. abc.xyz@bl.co.in Email has 3 mandatory parts (abc, bl & co) and 2 optional (xyz & in) with precise @ and . positions 
Wrong Input : E.g. abc.xyz@bl.co.in Email has 3 mandatory parts (abc, bl & co) and 2 optional (xyz & in) with precise @ and . positions 
Wrong Input : E.g. abc.xyz@bl.co.in Email has 3 mandatory parts (abc, bl & co) and 2 optional (xyz & in) with precise @ and . positions 
Wrong Input : E.g. abc.xyz@bl.co.in Email has 3 mandatory parts (abc, bl & co) and 2 optional (xyz & in) with precise @ and . positions 
Wrong Input : E.g. abc.xyz@bl.co.in Email has 3 mandatory parts (abc, bl & co) and 2 optional (xyz & in) with precise @ and . positions 
Wrong Input : E.g. abc.xyz@bl.co.in Email has 3 mandatory parts (abc, bl & co) and 2 optional (xyz & in) with precise @ and . positions 
Wrong Input : E.g. abc.xyz@bl.co.in Email has 3 mandatory parts (abc, bl & co) and 2 optional (xyz & in) with precise @ and . positions 
Wrong Input : E.g. abc.xyz@bl.co.in Email has 3 mandatory parts (abc, bl & co) and 2 optional (xyz & in) with precise @ and . positions 
Wrong Input : E.g. abc.xyz@bl.co.in Email has 3 mandatory parts (abc, bl & co) and 2 optional (xyz & in) with precise @ and . positions 
Wrong Input : E.g. abc.xyz@bl.co.in Email has 3 mandatory parts (abc, bl & co) and 2 optional (xyz & in) with precise @ and . positions 
Wrong Input : E.g. abc.xyz@bl.co.in Email has 3 mandatory parts (abc, bl & co) and 2 optional (xyz & in) with precise @ and . positions 
Wrong Input : E.g. abc.xyz@bl.co.in Email has 3 mandatory parts (abc, bl & co) and 2 optional (xyz & in) with precise @ and . positions 
Wrong Input : E.g. abc.xyz@bl.co.in Email has 3 mandatory parts (abc, bl & co) and 2 optional (xyz & in) with precise @ and . positions 
Wrong Input : E.g. abc.xyz@bl.co.in Email has 3 mandatory parts (abc, bl & co) and 2 optional (xyz & in) with precise @ and . positions 
Wrong Input : E.g. abc.xyz@bl.co.in Email has 3 mandatory parts (abc, bl & co) and 2 optional (xyz & in) with precise @ and . positions 
Wrong Input : E.g. abc.xyz@bl.co.in Email has 3 mandatory parts (abc, bl & co) and 2 optional (xyz & in) with precise @ and . positions 
Wrong Input : E.g. abc.xyz@bl.co.in Email has 3 mandatory parts (abc, bl & co) and 2 optional (xyz & in) with precise @ and . positions 
Wrong Input : E.g. abc.xyz@bl.co.in Email has 3 mandatory parts (abc, bl & co) and 2 optional (xyz & in) with precise @ and . positions 
Wrong Input : E.g. abc.xyz@bl.co.in Email has 3 mandatory parts (abc, bl & co) and 2 optional (xyz & in) with precise @ and . positions 
Wrong Input : E.g. abc.xyz@bl.co.in Email has 3 mandatory parts (abc, bl & co) and 2 optional (xyz & in) with precise @ and . positions 
Wrong Input : E.g. abc.xyz@bl.co.in Email has 3 mandatory parts (abc, bl & co) and 2 optional (xyz & in) with precise @ and . positions 
Wrong Input : E.g. abc.xyz@bl.co.in Email has 3 mandatory parts (abc, bl & co) and 2 optional (xyz & in) with precise @ and . positions 
Wrong Input : E.g. abc.xyz@bl.co.in Email has 3 mandatory parts (abc, bl & co) and 2 optional (xyz & in) with precise @ and . positions 
Wrong Input : E.g. abc.xyz@bl.co.in Email has 3 mandatory parts (abc, bl & co) and 2 optional (xyz & in) with precise @ and . positions 
Wrong Input : E.g. abc.xyz@bl.co.in Email has 3 mandatory parts (abc, bl & co) and 2 optional (xyz & in) with precise @ and . positions 
Wrong Input : E.g. abc.xyz@bl.co.in Email has 3 mandatory parts (abc, bl & co) and 2 optional (xyz & in) with precise @ and . positions 
Wrong Input : E.g. abc.xyz@bl.co.in Email has 3 mandatory parts (abc, bl & co) and 2 optional (xyz & in) with precise @ and . positions 
Wrong Input : E.g. abc.xyz@bl.co.in Email has 3 mandatory parts (abc, bl & co) and 2 optional (xyz & in) with precise @ and . positions 
Wrong Input : E.g. abc.xyz@bl.co.in Email has 3 mandatory parts (abc, bl & co) and 2 optional (xyz & in) with precise @ and . positions 
Wrong Input : E.g. abc.xyz@bl.co.in Email has 3 mandatory parts (abc, bl & co) and 2 optional (xyz & in) with precise @ and . positions 
Wrong Input : E.g. abc.xyz@bl.co.in Email has 3 mandatory parts (abc, bl & co) and 2 optional (xyz & in) with precise @ and . positions 
Wrong Input : E.g. abc.xyz@bl.co.in Email has 3 mandatory parts (abc, bl & co) and 2 optional (xyz & in) with precise @ and . positions 
Wrong Input : E.g. abc.xyz@bl.co.in Email has 3 mandatory parts (abc, bl & co) and 2 optional (xyz & in) with precise @ and . positions 
Wrong Input : E.g. abc.xyz@bl.co.in Email has 3 mandatory parts (abc, bl & co) and 2 optional (xyz & in) with precise @ and . positions 
Wrong Input : E.g. abc.xyz@bl.co.in Email has 3 mandatory parts (abc, bl & co) and 2 optional (xyz & in) with precise @ and . positions 
Wrong Input : E.g. abc.xyz@bl.co.in Email has 3 mandatory parts (abc, bl & co) and 2 optional (xyz & in) with precise @ and . positions 
Wrong Input : E.g. abc.xyz@bl.co.in Email has 3 mandatory parts (abc, bl & co) and 2 optional (xyz & in) with precise @ and . positions 
Wrong Input : E.g. abc.xyz@bl.co.in Email has 3 mandatory parts (abc, bl & co) and 2 optional (xyz & in) with precise @ and . positions 
Wrong Input : E.g. abc.xyz@bl.co.in Email has 3 mandatory parts (abc, bl & co) and 2 optional (xyz & in) with precise @ and . positions 
Wrong Input : E.g. abc.xyz@bl.co.in Email has 3 mandatory parts (abc, bl & co) and 2 optional (xyz & in) with precise @ and . positions 
Wrong Input : E.g. abc.xyz@bl.co.in Email has 3 mandatory parts (abc, bl & co) and 2 optional (xyz & in) with precise @ and . positions 
Wrong Input : E.g. abc.xyz@bl.co.in Email has 3 mandatory parts (abc, bl & co) and 2 optional (xyz & in) with precise @ and . positions 
Wrong Input : E.g. abc.xyz@bl.co.in Email has 3 mandatory parts (abc, bl & co) and 2 optional (xyz & in) with precise @ and . positions 
Wrong Input : E.g. abc.xyz@bl.co.in Email has 3 mandatory parts (abc, bl & co) and 2 optional (xyz & in) with precise @ and . positions 
Wrong Input : E.g. abc.xyz@bl.co.in Email has 3 mandatory parts (abc, bl & co) and 2 optional (xyz & in) with precise @ and . positions 
Wrong Input : E.g. abc.xyz@bl.co.in Email has 3 mandatory parts (abc, bl & co) and 2 optional (xyz & in) with precise @ and . positions 
Wrong Input : E.g. abc.xyz@bl.co.in Email has 3 mandatory parts (abc, bl & co) and 2 optional (xyz & in) with precise @ and . positions 
Wrong Input : E.g. abc.xyz@bl.co.in Email has 3 mandatory parts (abc, bl & co) and 2 optional (xyz & in) with precise @ and . positions 
Wrong Input : E.g. abc.xyz@bl.co.in Email has 3 mandatory parts (abc, bl & co) and 2 optional (xyz & in) with precise @ and . positions 
Wrong Input : E.g. abc.xyz@bl.co.in Email has 3 mandatory parts (abc, bl & co) and 2 optional (xyz & in) with precise @ and . positions 
Wrong Input : E.g. abc.xyz@bl.co.in Email has 3 mandatory parts (abc, bl & co) and 2 optional (xyz & in) with precise @ and . positions 
Wrong Input : E.g. abc.xyz@bl.co.in Email has 3 mandatory parts (abc, bl & co) and 2 optional (xyz & in) with precise @ and . positions 
Wrong Input : E.g. abc.xyz@bl.co.in Email has 3 mandatory parts (abc, bl & co) and 2 optional (xyz & in) with precise @ and . positions 
Wrong Input : E.g. abc.xyz@bl.co.in Email has 3 mandatory parts (abc, bl & co) and 2 optional (xyz & in) with precise @ and . positions 
Wrong Input : E.g. abc.xyz@bl.co.in Email has 3 mandatory parts (abc, bl & co) and 2 optional (xyz & in) with precise @ and . positions 
Wrong Input : E.g. abc.xyz@bl.co.in Email has 3 mandatory parts (abc, bl & co) and 2 optional (xyz & in) with precise @ and . positions 
Wrong Input : E.g. abc.xyz@bl.co.in Email has 3 mandatory parts (abc, bl & co) and 2 optional (xyz & in) with precise @ and . positions 
Wrong Input : E.g. abc.xyz@bl.co.in Email has 3 mandatory parts (abc, bl & co) and 2 optional (xyz & in) with precise @ and . positions 
Wrong Input : E.g. abc.xyz@bl.co.in Email has 3 mandatory parts (abc, bl & co) and 2 optional (xyz & in) with precise @ and . positions 
Wrong Input : E.g. abc.xyz@bl.co.in Email has 3 mandatory parts (abc, bl & co) and 2 optional (xyz & in) with precise @ and . positions 
Wrong Input : E.g. abc.xyz@bl.co.in Email has 3 mandatory parts (abc, bl & co) and 2 optional (xyz & in) with precise @ and . positions 
Wrong Input : E.g. abc.xyz@bl.co.in Email has 3 mandatory parts (abc, bl & co) and 2 optional (xyz & in) with precise @ and . positions 
Wrong Input : E.g. abc.xyz@bl.co.in Email has 3 mandatory parts (abc, bl & co) and 2 optional (xyz & in) with precise @ and . positions 
Wrong Input : E.g. abc.xyz@bl.co.in Email has 3 mandatory parts (abc, bl & co) and 2 optional (xyz & in) with precise @ and . positions 
Wrong Input : E.g. abc.xyz@bl.co.in Email has 3 mandatory parts (abc, bl & co) and 2 optional (xyz & in) with precise @ and . positions 
Wrong Input : E.g. abc.xyz@bl.co.in Email has 3 mandatory parts (abc, bl & co) and 2 optional (xyz & in) with precise @ and . positions 
Wrong Input : E.g. abc.xyz@bl.co.in Email has 3 mandatory parts (abc, bl & co) and 2 optional (xyz & in) with precise @ and . positions 
Wrong Input : E.g. abc.xyz@bl.co.in Email has 3 mandatory parts (abc, bl & co) and 2 optional (xyz & in) with precise @ and . positions 
Wrong Input : E.g. abc.xyz@bl.co.in Email has 3 mandatory parts (abc, bl & co) and 2 optional (xyz & in) with precise @ and . positions 
Wrong Input : E.g. abc.xyz@bl.co.in Email has 3 mandatory parts (abc, bl & co) and 2 optional (xyz & in) with precise @ and . positions 
Wrong Input : E.g. abc.xyz@bl.co.in Email has 3 mandatory parts (abc, bl & co) and 2 optional (xyz & in) with precise @ and . positions 
Wrong Input : E.g. abc.xyz@bl.co.in Email has 3 mandatory parts (abc, bl & co) and 2 optional (xyz & in) with precise @ and . positions 
Wrong Input : E.g. abc.xyz@bl.co.in Email has 3 mandatory parts (abc, bl & co) and 2 optional (xyz & in) with precise @ and . positions 
Wrong Input : E.g. abc.xyz@bl.co.in Email has 3 mandatory parts (abc, bl & co) and 2 optional (xyz & in) with precise @ and . positions 
Wrong Input : E.g. abc.xyz@bl.co.in Email has 3 mandatory parts (abc, bl & co) and 2 optional (xyz & in) with precise @ and . positions 
Wrong Input : E.g. abc.xyz@bl.co.in Email has 3 mandatory parts (abc, bl & co) and 2 optional (xyz & in) with precise @ and . positions 
Wrong Input : E.g. abc.xyz@bl.co.in Email has 3 mandatory parts (abc, bl & co) and 2 optional (xyz & in) with precise @ and . positions 
Wrong Input : E.g. abc.xyz@bl.co.in Email has 3 mandatory parts (abc, bl & co) and 2 optional (xyz & in) with precise @ and . positions 
Wrong Input : E.g. abc.xyz@bl.co.in Email has 3 mandatory parts (abc, bl & co) and 2 optional (xyz & in) with precise @ and . positions 
Wrong Input : E.g. abc.xyz@bl.co.in Email has 3 mandatory parts (abc, bl & co) and 2 optional (xyz & in) with precise @ and . positions 
Wrong Input : E.g. abc.xyz@bl.co.in Email has 3 mandatory parts (abc, bl & co) and 2 optional (xyz & in) with precise @ and . positions 
Wrong Input : E.g. abc.xyz@bl.co.in Email has 3 mandatory parts (abc, bl & co) and 2 optional (xyz & in) with precise @ and . positions 
Wrong Input : E.g. abc.xyz@bl.co.in Email has 3 mandatory parts (abc, bl & co) and 2 optional (xyz & in) with precise @ and . positions 
Wrong Input : E.g. abc.xyz@bl.co.in Email has 3 mandatory parts (abc, bl & co) and 2 optional (xyz & in) with precise @ and . positions 
Wrong Input : E.g. abc.xyz@bl.co.in Email has 3 mandatory parts (abc, bl & co) and 2 optional (xyz & in) with precise @ and . positions 
Wrong Input : E.g. abc.xyz@bl.co.in Email has 3 mandatory parts (abc, bl & co) and 2 optional (xyz & in) with precise @ and . positions 
Wrong Input : E.g. abc.xyz@bl.co.in Email has 3 mandatory parts (abc, bl & co) and 2 optional (xyz & in) with precise @ and . positions 
Wrong Input : E.g. abc.xyz@bl.co.in Email has 3 mandatory parts (abc, bl & co) and 2 optional (xyz & in) with precise @ and . positions 
Wrong Input : E.g. abc.xyz@bl.co.in Email has 3 mandatory parts (abc, bl & co) and 2 optional (xyz & in) with precise @ and . positions 
Wrong Input : E.g. abc.xyz@bl.co.in Email has 3 mandatory parts (abc, bl & co) and 2 optional (xyz & in) with precise @ and . positions 
Wrong Input : E.g. abc.xyz@bl.co.in Email has 3 mandatory parts (abc, bl & co) and 2 optional (xyz & in) with precise @ and . positions 
Wrong Input : E.g. abc.xyz@bl.co.in Email has 3 mandatory parts (abc, bl & co) and 2 optional (xyz & in) with precise @ and . positions 
Wrong Input : E.g. abc.xyz@bl.co.in Email has 3 mandatory parts (abc, bl & co) and 2 optional (xyz & in) with precise @ and . positions 
Wrong Input : E.g. abc.xyz@bl.co.in Email has 3 mandatory parts (abc, bl & co) and 2 optional (xyz & in) with precise @ and . positions 
Wrong Input : E.g. abc.xyz@bl.co.in Email has 3 mandatory parts (abc, bl & co) and 2 optional (xyz & in) with precise @ and . positions 
Wrong Input : E.g. abc.xyz@bl.co.in Email has 3 mandatory parts (abc, bl & co) and 2 optional (xyz & in) with precise @ and . positions 
Wrong Input : E.g. abc.xyz@bl.co.in Email has 3 mandatory parts (abc, bl & co) and 2 optional (xyz & in) with precise @ and . positions 
Wrong Input : E.g. abc.xyz@bl.co.in Email has 3 mandatory parts (abc, bl & co) and 2 optional (xyz & in) with precise @ and . positions 
Wrong Input : E.g. abc.xyz@bl.co.in Email has 3 mandatory parts (abc, bl & co) and 2 optional (xyz & in) with precise @ and . positions 
Wrong Input : E.g. abc.xyz@bl.co.in Email has 3 mandatory parts (abc, bl & co) and 2 optional (xyz & in) with precise @ and . positions 
Wrong Input : E.g. abc.xyz@bl.co.in Email has 3 mandatory parts (abc, bl & co) and 2 optional (xyz & in) with precise @ and . positions 
Wrong Input : E.g. abc.xyz@bl.co.in Email has 3 mandatory parts (abc, bl & co) and 2 optional (xyz & in) with precise @ and . positions 
Wrong Input : E.g. abc.xyz@bl.co.in Email has 3 mandatory parts (abc, bl & co) and 2 optional (xyz & in) with precise @ and . positions 
Wrong Input : E.g. abc.xyz@bl.co.in Email has 3 mandatory parts (abc, bl & co) and 2 optional (xyz & in) with precise @ and . positions 
Wrong Input : E.g. abc.xyz@bl.co.in Email has 3 mandatory parts (abc, bl & co) and 2 optional (xyz & in) with precise @ and . positions 
Wrong Input : E.g. abc.xyz@bl.co.in Email has 3 mandatory parts (abc, bl & co) and 2 optional (xyz & in) with precise @ and . positions 
Wrong Input : E.g. abc.xyz@bl.co.in Email has 3 mandatory parts (abc, bl & co) and 2 optional (xyz & in) with precise @ and . positions 
Wrong Input : E.g. abc.xyz@bl.co.in Email has 3 mandatory parts (abc, bl & co) and 2 optional (xyz & in) with precise @ and . positions 
Wrong Input : E.g. abc.xyz@bl.co.in Email has 3 mandatory parts (abc, bl & co) and 2 optional (xyz & in) with precise @ and . positions 
Wrong Input : E.g. abc.xyz@bl.co.in Email has 3 mandatory parts (abc, bl & co) and 2 optional (xyz & in) with precise @ and . positions 
Wrong Input : E.g. abc.xyz@bl.co.in Email has 3 mandatory parts (abc, bl & co) and 2 optional (xyz & in) with precise @ and . positions 
Wrong Input : E.g. abc.xyz@bl.co.in Email has 3 mandatory parts (abc, bl & co) and 2 optional (xyz & in) with precise @ and . positions 
Wrong Input : E.g. abc.xyz@bl.co.in Email has 3 mandatory parts (abc, bl & co) and 2 optional (xyz & in) with precise @ and . positions 
Wrong Input : E.g. abc.xyz@bl.co.in Email has 3 mandatory parts (abc, bl & co) and 2 optional (xyz & in) with precise @ and . positions 
Wrong Input : E.g. abc.xyz@bl.co.in Email has 3 mandatory parts (abc, bl & co) and 2 optional (xyz & in) with precise @ and . positions 
Wrong Input : E.g. abc.xyz@bl.co.in Email has 3 mandatory parts (abc, bl & co) and 2 optional (xyz & in) with precise @ and . positions 
Wrong Input : E.g. abc.xyz@bl.co.in Email has 3 mandatory parts (abc, bl & co) and 2 optional (xyz & in) with precise @ and . positions 
Wrong Input : E.g. abc.xyz@bl.co.in Email has 3 mandatory parts (abc, bl & co) and 2 optional (xyz & in) with precise @ and . positions 
Wrong Input : E.g. abc.xyz@bl.co.in Email has 3 mandatory parts (abc, bl & co) and 2 optional (xyz & in) with precise @ and . positions 
Wrong Input : E.g. abc.xyz@bl.co.in Email has 3 mandatory parts (abc, bl & co) and 2 optional (xyz & in) with precise @ and . positions 
Wrong Input : E.g. abc.xyz@bl.co.in Email has 3 mandatory parts (abc, bl & co) and 2 optional (xyz & in) with precise @ and . positions 
Wrong Input : E.g. abc.xyz@bl.co.in Email has 3 mandatory parts (abc, bl & co) and 2 optional (xyz & in) with precise @ and . positions 
Wrong Input : E.g. abc.xyz@bl.co.in Email has 3 mandatory parts (abc, bl & co) and 2 optional (xyz & in) with precise @ and . positions 
Wrong Input : E.g. abc.xyz@bl.co.in Email has 3 mandatory parts (abc, bl & co) and 2 optional (xyz & in) with precise @ and . positions 
Wrong Input : E.g. abc.xyz@bl.co.in Email has 3 mandatory parts (abc, bl & co) and 2 optional (xyz & in) with precise @ and . positions 
Wrong Input : E.g. abc.xyz@bl.co.in Email has 3 mandatory parts (abc, bl & co) and 2 optional (xyz & in) with precise @ and . positions 
Wrong Input : E.g. abc.xyz@bl.co.in Email has 3 mandatory parts (abc, bl & co) and 2 optional (xyz & in) with precise @ and . positions 
Wrong Input : E.g. abc.xyz@bl.co.in Email has 3 mandatory parts (abc, bl & co) and 2 optional (xyz & in) with precise @ and . positions 
Wrong Input : E.g. abc.xyz@bl.co.in Email has 3 mandatory parts (abc, bl & co) and 2 optional (xyz & in) with precise @ and . positions 
Wrong Input : E.g. abc.xyz@bl.co.in Email has 3 mandatory parts (abc, bl & co) and 2 optional (xyz & in) with precise @ and . positions 
Wrong Input : E.g. abc.xyz@bl.co.in Email has 3 mandatory parts (abc, bl & co) and 2 optional (xyz & in) with precise @ and . positions 
Wrong Input : E.g. abc.xyz@bl.co.in Email has 3 mandatory parts (abc, bl & co) and 2 optional (xyz & in) with precise @ and . positions 
Wrong Input : E.g. abc.xyz@bl.co.in Email has 3 mandatory parts (abc, bl & co) and 2 optional (xyz & in) with precise @ and . positions 
Wrong Input : E.g. abc.xyz@bl.co.in Email has 3 mandatory parts (abc, bl & co) and 2 optional (xyz & in) with precise @ and . positions 
Wrong Input : E.g. abc.xyz@bl.co.in Email has 3 mandatory parts (abc, bl & co) and 2 optional (xyz & in) with precise @ and . positions 
Wrong Input : E.g. abc.xyz@bl.co.in Email has 3 mandatory parts (abc, bl & co) and 2 optional (xyz & in) with precise @ and . positions 
Wrong Input : E.g. abc.xyz@bl.co.in Email has 3 mandatory parts (abc, bl & co) and 2 optional (xyz & in) with precise @ and . positions 
Wrong Input : E.g. abc.xyz@bl.co.in Email has 3 mandatory parts (abc, bl & co) and 2 optional (xyz & in) with precise @ and . positions 
Wrong Input : E.g. abc.xyz@bl.co.in Email has 3 mandatory parts (abc, bl & co) and 2 optional (xyz & in) with precise @ and . positions 
Wrong Input : E.g. abc.xyz@bl.co.in Email has 3 mandatory parts (abc, bl & co) and 2 optional (xyz & in) with precise @ and . positions 
Wrong Input : E.g. abc.xyz@bl.co.in Email has 3 mandatory parts (abc, bl & co) and 2 optional (xyz & in) with precise @ and . positions 
Wrong Input : E.g. abc.xyz@bl.co.in Email has 3 mandatory parts (abc, bl & co) and 2 optional (xyz & in) with precise @ and . positions 
Wrong Input : E.g. abc.xyz@bl.co.in Email has 3 mandatory parts (abc, bl & co) and 2 optional (xyz & in) with precise @ and . positions 
Wrong Input : E.g. abc.xyz@bl.co.in Email has 3 mandatory parts (abc, bl & co) and 2 optional (xyz & in) with precise @ and . positions 
Wrong Input : E.g. abc.xyz@bl.co.in Email has 3 mandatory parts (abc, bl & co) and 2 optional (xyz & in) with precise @ and . positions 
Wrong Input : E.g. abc.xyz@bl.co.in Email has 3 mandatory parts (abc, bl & co) and 2 optional (xyz & in) with precise @ and . positions 
Wrong Input : E.g. abc.xyz@bl.co.in Email has 3 mandatory parts (abc, bl & co) and 2 optional (xyz & in) with precise @ and . positions 
Wrong Input : E.g. abc.xyz@bl.co.in Email has 3 mandatory parts (abc, bl & co) and 2 optional (xyz & in) with precise @ and . positions 
Wrong Input : E.g. abc.xyz@bl.co.in Email has 3 mandatory parts (abc, bl & co) and 2 optional (xyz & in) with precise @ and . positions 
Wrong Input : E.g. abc.xyz@bl.co.in Email has 3 mandatory parts (abc, bl & co) and 2 optional (xyz & in) with precise @ and . positions 
Wrong Input : E.g. abc.xyz@bl.co.in Email has 3 mandatory parts (abc, bl & co) and 2 optional (xyz & in) with precise @ and . positions 
Wrong Input : E.g. abc.xyz@bl.co.in Email has 3 mandatory parts (abc, bl & co) and 2 optional (xyz & in) with precise @ and . positions 
Wrong Input : E.g. abc.xyz@bl.co.in Email has 3 mandatory parts (abc, bl & co) and 2 optional (xyz & in) with precise @ and . positions 
Wrong Input : E.g. abc.xyz@bl.co.in Email has 3 mandatory parts (abc, bl & co) and 2 optional (xyz & in) with precise @ and . positions 
Wrong Input : E.g. abc.xyz@bl.co.in Email has 3 mandatory parts (abc, bl & co) and 2 optional (xyz & in) with precise @ and . positions 
Wrong Input : E.g. abc.xyz@bl.co.in Email has 3 mandatory parts (abc, bl & co) and 2 optional (xyz & in) with precise @ and . positions 
Wrong Input : E.g. abc.xyz@bl.co.in Email has 3 mandatory parts (abc, bl & co) and 2 optional (xyz & in) with precise @ and . positions 
Wrong Input : E.g. abc.xyz@bl.co.in Email has 3 mandatory parts (abc, bl & co) and 2 optional (xyz & in) with precise @ and . positions 
Wrong Input : E.g. abc.xyz@bl.co.in Email has 3 mandatory parts (abc, bl & co) and 2 optional (xyz & in) with precise @ and . positions 
Wrong Input : E.g. abc.xyz@bl.co.in Email has 3 mandatory parts (abc, bl & co) and 2 optional (xyz & in) with precise @ and . positions 
Wrong Input : E.g. abc.xyz@bl.co.in Email has 3 mandatory parts (abc, bl & co) and 2 optional (xyz & in) with precise @ and . positions 
Wrong Input : E.g. abc.xyz@bl.co.in Email has 3 mandatory parts (abc, bl & co) and 2 optional (xyz & in) with precise @ and . positions 
Wrong Input : E.g. abc.xyz@bl.co.in Email has 3 mandatory parts (abc, bl & co) and 2 optional (xyz & in) with precise @ and . positions 
Wrong Input : E.g. abc.xyz@bl.co.in Email has 3 mandatory parts (abc, bl & co) and 2 optional (xyz & in) with precise @ and . positions 
Wrong Input : E.g. abc.xyz@bl.co.in Email has 3 mandatory parts (abc, bl & co) and 2 optional (xyz & in) with precise @ and . positions 
Wrong Input : E.g. abc.xyz@bl.co.in Email has 3 mandatory parts (abc, bl & co) and 2 optional (xyz & in) with precise @ and . positions 
Wrong Input : E.g. abc.xyz@bl.co.in Email has 3 mandatory parts (abc, bl & co) and 2 optional (xyz & in) with precise @ and . positions 
Wrong Input : E.g. abc.xyz@bl.co.in Email has 3 mandatory parts (abc, bl & co) and 2 optional (xyz & in) with precise @ and . positions 
Wrong Input : E.g. abc.xyz@bl.co.in Email has 3 mandatory parts (abc, bl & co) and 2 optional (xyz & in) with precise @ and . positions 
Wrong Input : E.g. abc.xyz@bl.co.in Email has 3 mandatory parts (abc, bl & co) and 2 optional (xyz & in) with precise @ and . positions 
Wrong Input : E.g. abc.xyz@bl.co.in Email has 3 mandatory parts (abc, bl & co) and 2 optional (xyz & in) with precise @ and . positions 
Wrong Input : E.g. abc.xyz@bl.co.in Email has 3 mandatory parts (abc, bl & co) and 2 optional (xyz & in) with precise @ and . positions 
Wrong Input : E.g. abc.xyz@bl.co.in Email has 3 mandatory parts (abc, bl & co) and 2 optional (xyz & in) with precise @ and . positions 
Wrong Input : E.g. abc.xyz@bl.co.in Email has 3 mandatory parts (abc, bl & co) and 2 optional (xyz & in) with precise @ and . positions 
Wrong Input : E.g. abc.xyz@bl.co.in Email has 3 mandatory parts (abc, bl & co) and 2 optional (xyz & in) with precise @ and . positions 
Wrong Input : E.g. abc.xyz@bl.co.in Email has 3 mandatory parts (abc, bl & co) and 2 optional (xyz & in) with precise @ and . positions 
Wrong Input : E.g. abc.xyz@bl.co.in Email has 3 mandatory parts (abc, bl & co) and 2 optional (xyz & in) with precise @ and . positions 
Wrong Input : E.g. abc.xyz@bl.co.in Email has 3 mandatory parts (abc, bl & co) and 2 optional (xyz & in) with precise @ and . positions 
Wrong Input : E.g. abc.xyz@bl.co.in Email has 3 mandatory parts (abc, bl & co) and 2 optional (xyz & in) with precise @ and . positions 
Wrong Input : E.g. abc.xyz@bl.co.in Email has 3 mandatory parts (abc, bl & co) and 2 optional (xyz & in) with precise @ and . positions 
Wrong Input : E.g. abc.xyz@bl.co.in Email has 3 mandatory parts (abc, bl & co) and 2 optional (xyz & in) with precise @ and . positions 
Wrong Input : E.g. abc.xyz@bl.co.in Email has 3 mandatory parts (abc, bl & co) and 2 optional (xyz & in) with precise @ and . positions 
Wrong Input : E.g. abc.xyz@bl.co.in Email has 3 mandatory parts (abc, bl & co) and 2 optional (xyz & in) with precise @ and . positions 
Wrong Input : E.g. abc.xyz@bl.co.in Email has 3 mandatory parts (abc, bl & co) and 2 optional (xyz & in) with precise @ and . positions 
Wrong Input : E.g. abc.xyz@bl.co.in Email has 3 mandatory parts (abc, bl & co) and 2 optional (xyz & in) with precise @ and . positions 
Wrong Input : E.g. abc.xyz@bl.co.in Email has 3 mandatory parts (abc, bl & co) and 2 optional (xyz & in) with precise @ and . positions 
Wrong Input : E.g. abc.xyz@bl.co.in Email has 3 mandatory parts (abc, bl & co) and 2 optional (xyz & in) with precise @ and . positions 
Wrong Input : E.g. abc.xyz@bl.co.in Email has 3 mandatory parts (abc, bl & co) and 2 optional (xyz & in) with precise @ and . positions 
Wrong Input : E.g. abc.xyz@bl.co.in Email has 3 mandatory parts (abc, bl & co) and 2 optional (xyz & in) with precise @ and . positions 
Wrong Input : E.g. abc.xyz@bl.co.in Email has 3 mandatory parts (abc, bl & co) and 2 optional (xyz & in) with precise @ and . positions 
Wrong Input : E.g. abc.xyz@bl.co.in Email has 3 mandatory parts (abc, bl & co) and 2 optional (xyz & in) with precise @ and . positions 
Wrong Input : E.g. abc.xyz@bl.co.in Email has 3 mandatory parts (abc, bl & co) and 2 optional (xyz & in) with precise @ and . positions 
Wrong Input : E.g. abc.xyz@bl.co.in Email has 3 mandatory parts (abc, bl & co) and 2 optional (xyz & in) with precise @ and . positions 
Wrong Input : E.g. abc.xyz@bl.co.in Email has 3 mandatory parts (abc, bl & co) and 2 optional (xyz & in) with precise @ and . positions 
Wrong Input : E.g. abc.xyz@bl.co.in Email has 3 mandatory parts (abc, bl & co) and 2 optional (xyz & in) with precise @ and . positions 
Wrong Input : E.g. abc.xyz@bl.co.in Email has 3 mandatory parts (abc, bl & co) and 2 optional (xyz & in) with precise @ and . positions 
Wrong Input : E.g. abc.xyz@bl.co.in Email has 3 mandatory parts (abc, bl & co) and 2 optional (xyz & in) with precise @ and . positions 
Wrong Input : E.g. abc.xyz@bl.co.in Email has 3 mandatory parts (abc, bl & co) and 2 optional (xyz & in) with precise @ and . positions 
Wrong Input : E.g. abc.xyz@bl.co.in Email has 3 mandatory parts (abc, bl & co) and 2 optional (xyz & in) with precise @ and . positions 
Wrong Input : E.g. abc.xyz@bl.co.in Email has 3 mandatory parts (abc, bl & co) and 2 optional (xyz & in) with precise @ and . positions 
Wrong Input : E.g. abc.xyz@bl.co.in Email has 3 mandatory parts (abc, bl & co) and 2 optional (xyz & in) with precise @ and . positions 
Wrong Input : E.g. abc.xyz@bl.co.in Email has 3 mandatory parts (abc, bl & co) and 2 optional (xyz & in) with precise @ and . positions 
Wrong Input : E.g. abc.xyz@bl.co.in Email has 3 mandatory parts (abc, bl & co) and 2 optional (xyz & in) with precise @ and . positions 
Wrong Input : E.g. abc.xyz@bl.co.in Email has 3 mandatory parts (abc, bl & co) and 2 optional (xyz & in) with precise @ and . positions 
Wrong Input : E.g. abc.xyz@bl.co.in Email has 3 mandatory parts (abc, bl & co) and 2 optional (xyz & in) with precise @ and . positions 
Wrong Input : E.g. abc.xyz@bl.co.in Email has 3 mandatory parts (abc, bl & co) and 2 optional (xyz & in) with precise @ and . positions 
Wrong Input : E.g. abc.xyz@bl.co.in Email has 3 mandatory parts (abc, bl & co) and 2 optional (xyz & in) with precise @ and . positions 
Wrong Input : E.g. abc.xyz@bl.co.in Email has 3 mandatory parts (abc, bl & co) and 2 optional (xyz & in) with precise @ and . positions 
Wrong Input : E.g. abc.xyz@bl.co.in Email has 3 mandatory parts (abc, bl & co) and 2 optional (xyz & in) with precise @ and . positions 
Wrong Input : E.g. abc.xyz@bl.co.in Email has 3 mandatory parts (abc, bl & co) and 2 optional (xyz & in) with precise @ and . positions 
Wrong Input : E.g. abc.xyz@bl.co.in Email has 3 mandatory parts (abc, bl & co) and 2 optional (xyz & in) with precise @ and . positions 
Wrong Input : E.g. abc.xyz@bl.co.in Email has 3 mandatory parts (abc, bl & co) and 2 optional (xyz & in) with precise @ and . positions 
Wrong Input : E.g. abc.xyz@bl.co.in Email has 3 mandatory parts (abc, bl & co) and 2 optional (xyz & in) with precise @ and . positions 
Wrong Input : E.g. abc.xyz@bl.co.in Email has 3 mandatory parts (abc, bl & co) and 2 optional (xyz & in) with precise @ and . positions 
Wrong Input : E.g. abc.xyz@bl.co.in Email has 3 mandatory parts (abc, bl & co) and 2 optional (xyz & in) with precise @ and . positions 
Wrong Input : E.g. abc.xyz@bl.co.in Email has 3 mandatory parts (abc, bl & co) and 2 optional (xyz & in) with precise @ and . positions 
Wrong Input : E.g. abc.xyz@bl.co.in Email has 3 mandatory parts (abc, bl & co) and 2 optional (xyz & in) with precise @ and . positions 
Wrong Input : E.g. abc.xyz@bl.co.in Email has 3 mandatory parts (abc, bl & co) and 2 optional (xyz & in) with precise @ and . positions 
Wrong Input : E.g. abc.xyz@bl.co.in Email has 3 mandatory parts (abc, bl & co) and 2 optional (xyz & in) with precise @ and . positions 
Wrong Input : E.g. abc.xyz@bl.co.in Email has 3 mandatory parts (abc, bl & co) and 2 optional (xyz & in) with precise @ and . positions 
Wrong Input : E.g. abc.xyz@bl.co.in Email has 3 mandatory parts (abc, bl & co) and 2 optional (xyz & in) with precise @ and . positions 
Wrong Input : E.g. abc.xyz@bl.co.in Email has 3 mandatory parts (abc, bl & co) and 2 optional (xyz & in) with precise @ and . positions 
Wrong Input : E.g. abc.xyz@bl.co.in Email has 3 mandatory parts (abc, bl & co) and 2 optional (xyz & in) with precise @ and . positions 
Wrong Input : E.g. abc.xyz@bl.co.in Email has 3 mandatory parts (abc, bl & co) and 2 optional (xyz & in) with precise @ and . positions 
Wrong Input : E.g. abc.xyz@bl.co.in Email has 3 mandatory parts (abc, bl & co) and 2 optional (xyz & in) with precise @ and . positions 
Wrong Input : E.g. abc.xyz@bl.co.in Email has 3 mandatory parts (abc, bl & co) and 2 optional (xyz & in) with precise @ and . positions 
Wrong Input : E.g. abc.xyz@bl.co.in Email has 3 mandatory parts (abc, bl & co) and 2 optional (xyz & in) with precise @ and . positions 
Wrong Input : E.g. abc.xyz@bl.co.in Email has 3 mandatory parts (abc, bl & co) and 2 optional (xyz & in) with precise @ and . positions 
Wrong Input : E.g. abc.xyz@bl.co.in Email has 3 mandatory parts (abc, bl & co) and 2 optional (xyz & in) with precise @ and . positions 
Wrong Input : E.g. abc.xyz@bl.co.in Email has 3 mandatory parts (abc, bl & co) and 2 optional (xyz & in) with precise @ and . positions 
Wrong Input : E.g. abc.xyz@bl.co.in Email has 3 mandatory parts (abc, bl & co) and 2 optional (xyz & in) with precise @ and . positions 
Wrong Input : E.g. abc.xyz@bl.co.in Email has 3 mandatory parts (abc, bl & co) and 2 optional (xyz & in) with precise @ and . positions 
Wrong Input : E.g. abc.xyz@bl.co.in Email has 3 mandatory parts (abc, bl & co) and 2 optional (xyz & in) with precise @ and . positions 
Wrong Input : E.g. abc.xyz@bl.co.in Email has 3 mandatory parts (abc, bl & co) and 2 optional (xyz & in) with precise @ and . positions 
Wrong Input : E.g. abc.xyz@bl.co.in Email has 3 mandatory parts (abc, bl & co) and 2 optional (xyz & in) with precise @ and . positions 
Wrong Input : E.g. abc.xyz@bl.co.in Email has 3 mandatory parts (abc, bl & co) and 2 optional (xyz & in) with precise @ and . positions 
Wrong Input : E.g. abc.xyz@bl.co.in Email has 3 mandatory parts (abc, bl & co) and 2 optional (xyz & in) with precise @ and . positions 
Wrong Input : E.g. abc.xyz@bl.co.in Email has 3 mandatory parts (abc, bl & co) and 2 optional (xyz & in) with precise @ and . positions 
Wrong Input : E.g. abc.xyz@bl.co.in Email has 3 mandatory parts (abc, bl & co) and 2 optional (xyz & in) with precise @ and . positions 
Wrong Input : E.g. abc.xyz@bl.co.in Email has 3 mandatory parts (abc, bl & co) and 2 optional (xyz & in) with precise @ and . positions 
Wrong Input : E.g. abc.xyz@bl.co.in Email has 3 mandatory parts (abc, bl & co) and 2 optional (xyz & in) with precise @ and . positions 
Wrong Input : E.g. abc.xyz@bl.co.in Email has 3 mandatory parts (abc, bl & co) and 2 optional (xyz & in) with precise @ and . positions 
Wrong Input : E.g. abc.xyz@bl.co.in Email has 3 mandatory parts (abc, bl & co) and 2 optional (xyz & in) with precise @ and . positions 
Wrong Input : E.g. abc.xyz@bl.co.in Email has 3 mandatory parts (abc, bl & co) and 2 optional (xyz & in) with precise @ and . positions 
Wrong Input : E.g. abc.xyz@bl.co.in Email has 3 mandatory parts (abc, bl & co) and 2 optional (xyz & in) with precise @ and . positions 
Wrong Input : E.g. abc.xyz@bl.co.in Email has 3 mandatory parts (abc, bl & co) and 2 optional (xyz & in) with precise @ and . positions 
Wrong Input : E.g. abc.xyz@bl.co.in Email has 3 mandatory parts (abc, bl & co) and 2 optional (xyz & in) with precise @ and . positions 
Wrong Input : E.g. abc.xyz@bl.co.in Email has 3 mandatory parts (abc, bl & co) and 2 optional (xyz & in) with precise @ and . positions 
Wrong Input : E.g. abc.xyz@bl.co.in Email has 3 mandatory parts (abc, bl & co) and 2 optional (xyz & in) with precise @ and . positions 
Wrong Input : E.g. abc.xyz@bl.co.in Email has 3 mandatory parts (abc, bl & co) and 2 optional (xyz & in) with precise @ and . positions 
Wrong Input : E.g. abc.xyz@bl.co.in Email has 3 mandatory parts (abc, bl & co) and 2 optional (xyz & in) with precise @ and . positions 
Wrong Input : E.g. abc.xyz@bl.co.in Email has 3 mandatory parts (abc, bl & co) and 2 optional (xyz & in) with precise @ and . positions 
Wrong Input : E.g. abc.xyz@bl.co.in Email has 3 mandatory parts (abc, bl & co) and 2 optional (xyz & in) with precise @ and . positions 
Wrong Input : E.g. abc.xyz@bl.co.in Email has 3 mandatory parts (abc, bl & co) and 2 optional (xyz & in) with precise @ and . positions 
Wrong Input : E.g. abc.xyz@bl.co.in Email has 3 mandatory parts (abc, bl & co) and 2 optional (xyz & in) with precise @ and . positions 
Wrong Input : E.g. abc.xyz@bl.co.in Email has 3 mandatory parts (abc, bl & co) and 2 optional (xyz & in) with precise @ and . positions 
Wrong Input : E.g. abc.xyz@bl.co.in Email has 3 mandatory parts (abc, bl & co) and 2 optional (xyz & in) with precise @ and . positions 
Wrong Input : E.g. abc.xyz@bl.co.in Email has 3 mandatory parts (abc, bl & co) and 2 optional (xyz & in) with precise @ and . positions 
Wrong Input : E.g. abc.xyz@bl.co.in Email has 3 mandatory parts (abc, bl & co) and 2 optional (xyz & in) with precise @ and . positions 
Wrong Input : E.g. abc.xyz@bl.co.in Email has 3 mandatory parts (abc, bl & co) and 2 optional (xyz & in) with precise @ and . positions 
Wrong Input : E.g. abc.xyz@bl.co.in Email has 3 mandatory parts (abc, bl & co) and 2 optional (xyz & in) with precise @ and . positions 
Wrong Input : E.g. abc.xyz@bl.co.in Email has 3 mandatory parts (abc, bl & co) and 2 optional (xyz & in) with precise @ and . positions 
Wrong Input : E.g. abc.xyz@bl.co.in Email has 3 mandatory parts (abc, bl & co) and 2 optional (xyz & in) with precise @ and . positions 
Wrong Input : E.g. abc.xyz@bl.co.in Email has 3 mandatory parts (abc, bl & co) and 2 optional (xyz & in) with precise @ and . positions 
Wrong Input : E.g. abc.xyz@bl.co.in Email has 3 mandatory parts (abc, bl & co) and 2 optional (xyz & in) with precise @ and . positions 
Wrong Input : E.g. abc.xyz@bl.co.in Email has 3 mandatory parts (abc, bl & co) and 2 optional (xyz & in) with precise @ and . positions 
Wrong Input : E.g. abc.xyz@bl.co.in Email has 3 mandatory parts (abc, bl & co) and 2 optional (xyz & in) with precise @ and . positions 
Wrong Input : E.g. abc.xyz@bl.co.in Email has 3 mandatory parts (abc, bl & co) and 2 optional (xyz & in) with precise @ and . positions 
Wrong Input : E.g. abc.xyz@bl.co.in Email has 3 mandatory parts (abc, bl & co) and 2 optional (xyz & in) with precise @ and . positions 
Wrong Input : E.g. abc.xyz@bl.co.in Email has 3 mandatory parts (abc, bl & co) and 2 optional (xyz & in) with precise @ and . positions 
Wrong Input : E.g. abc.xyz@bl.co.in Email has 3 mandatory parts (abc, bl & co) and 2 optional (xyz & in) with precise @ and . positions 
Wrong Input : E.g. abc.xyz@bl.co.in Email has 3 mandatory parts (abc, bl & co) and 2 optional (xyz & in) with precise @ and . positions 
Wrong Input : E.g. abc.xyz@bl.co.in Email has 3 mandatory parts (abc, bl & co) and 2 optional (xyz & in) with precise @ and . positions 
Wrong Input : E.g. abc.xyz@bl.co.in Email has 3 mandatory parts (abc, bl & co) and 2 optional (xyz & in) with precise @ and . positions 
Wrong Input : E.g. abc.xyz@bl.co.in Email has 3 mandatory parts (abc, bl & co) and 2 optional (xyz & in) with precise @ and . positions 
Wrong Input : E.g. abc.xyz@bl.co.in Email has 3 mandatory parts (abc, bl & co) and 2 optional (xyz & in) with precise @ and . positions 
Wrong Input : E.g. abc.xyz@bl.co.in Email has 3 mandatory parts (abc, bl & co) and 2 optional (xyz & in) with precise @ and . positions 
Wrong Input : E.g. abc.xyz@bl.co.in Email has 3 mandatory parts (abc, bl & co) and 2 optional (xyz & in) with precise @ and . positions 
Wrong Input : E.g. abc.xyz@bl.co.in Email has 3 mandatory parts (abc, bl & co) and 2 optional (xyz & in) with precise @ and . positions 
Wrong Input : E.g. abc.xyz@bl.co.in Email has 3 mandatory parts (abc, bl & co) and 2 optional (xyz & in) with precise @ and . positions 
Wrong Input : E.g. abc.xyz@bl.co.in Email has 3 mandatory parts (abc, bl & co) and 2 optional (xyz & in) with precise @ and . positions 
Wrong Input : E.g. abc.xyz@bl.co.in Email has 3 mandatory parts (abc, bl & co) and 2 optional (xyz & in) with precise @ and . positions 
Wrong Input : E.g. abc.xyz@bl.co.in Email has 3 mandatory parts (abc, bl & co) and 2 optional (xyz & in) with precise @ and . positions 
Wrong Input : E.g. abc.xyz@bl.co.in Email has 3 mandatory parts (abc, bl & co) and 2 optional (xyz & in) with precise @ and . positions 
Wrong Input : E.g. abc.xyz@bl.co.in Email has 3 mandatory parts (abc, bl & co) and 2 optional (xyz & in) with precise @ and . positions 
Wrong Input : E.g. abc.xyz@bl.co.in Email has 3 mandatory parts (abc, bl & co) and 2 optional (xyz & in) with precise @ and . positions 
Wrong Input : E.g. abc.xyz@bl.co.in Email has 3 mandatory parts (abc, bl & co) and 2 optional (xyz & in) with precise @ and . positions 
Wrong Input : E.g. abc.xyz@bl.co.in Email has 3 mandatory parts (abc, bl & co) and 2 optional (xyz & in) with precise @ and . positions 
Wrong Input : E.g. abc.xyz@bl.co.in Email has 3 mandatory parts (abc, bl & co) and 2 optional (xyz & in) with precise @ and . positions 
Wrong Input : E.g. abc.xyz@bl.co.in Email has 3 mandatory parts (abc, bl & co) and 2 optional (xyz & in) with precise @ and . positions 
Wrong Input : E.g. abc.xyz@bl.co.in Email has 3 mandatory parts (abc, bl & co) and 2 optional (xyz & in) with precise @ and . positions 
Wrong Input : E.g. abc.xyz@bl.co.in Email has 3 mandatory parts (abc, bl & co) and 2 optional (xyz & in) with precise @ and . positions 
Wrong Input : E.g. abc.xyz@bl.co.in Email has 3 mandatory parts (abc, bl & co) and 2 optional (xyz & in) with precise @ and . positions 
Wrong Input : E.g. abc.xyz@bl.co.in Email has 3 mandatory parts (abc, bl & co) and 2 optional (xyz & in) with precise @ and . positions 
Wrong Input : E.g. abc.xyz@bl.co.in Email has 3 mandatory parts (abc, bl & co) and 2 optional (xyz & in) with precise @ and . positions 
Wrong Input : E.g. abc.xyz@bl.co.in Email has 3 mandatory parts (abc, bl & co) and 2 optional (xyz & in) with precise @ and . positions 
Wrong Input : E.g. abc.xyz@bl.co.in Email has 3 mandatory parts (abc, bl & co) and 2 optional (xyz & in) with precise @ and . positions 
Wrong Input : E.g. abc.xyz@bl.co.in Email has 3 mandatory parts (abc, bl & co) and 2 optional (xyz & in) with precise @ and . positions 
Wrong Input : E.g. abc.xyz@bl.co.in Email has 3 mandatory parts (abc, bl & co) and 2 optional (xyz & in) with precise @ and . positions 
Wrong Input : E.g. abc.xyz@bl.co.in Email has 3 mandatory parts (abc, bl & co) and 2 optional (xyz & in) with precise @ and . positions 
Wrong Input : E.g. abc.xyz@bl.co.in Email has 3 mandatory parts (abc, bl & co) and 2 optional (xyz & in) with precise @ and . positions 
Wrong Input : E.g. abc.xyz@bl.co.in Email has 3 mandatory parts (abc, bl & co) and 2 optional (xyz & in) with precise @ and . positions 
Wrong Input : E.g. abc.xyz@bl.co.in Email has 3 mandatory parts (abc, bl & co) and 2 optional (xyz & in) with precise @ and . positions 
Wrong Input : E.g. abc.xyz@bl.co.in Email has 3 mandatory parts (abc, bl & co) and 2 optional (xyz & in) with precise @ and . positions 
Wrong Input : E.g. abc.xyz@bl.co.in Email has 3 mandatory parts (abc, bl & co) and 2 optional (xyz & in) with precise @ and . positions 
Wrong Input : E.g. abc.xyz@bl.co.in Email has 3 mandatory parts (abc, bl & co) and 2 optional (xyz & in) with precise @ and . positions 
Wrong Input : E.g. abc.xyz@bl.co.in Email has 3 mandatory parts (abc, bl & co) and 2 optional (xyz & in) with precise @ and . positions 
Wrong Input : E.g. abc.xyz@bl.co.in Email has 3 mandatory parts (abc, bl & co) and 2 optional (xyz & in) with precise @ and . positions 
Wrong Input : E.g. abc.xyz@bl.co.in Email has 3 mandatory parts (abc, bl & co) and 2 optional (xyz & in) with precise @ and . positions 
Wrong Input : E.g. abc.xyz@bl.co.in Email has 3 mandatory parts (abc, bl & co) and 2 optional (xyz & in) with precise @ and . positions 
Wrong Input : E.g. abc.xyz@bl.co.in Email has 3 mandatory parts (abc, bl & co) and 2 optional (xyz & in) with precise @ and . positions 
Wrong Input : E.g. abc.xyz@bl.co.in Email has 3 mandatory parts (abc, bl & co) and 2 optional (xyz & in) with precise @ and . positions 
Wrong Input : E.g. abc.xyz@bl.co.in Email has 3 mandatory parts (abc, bl & co) and 2 optional (xyz & in) with precise @ and . positions 
Wrong Input : E.g. abc.xyz@bl.co.in Email has 3 mandatory parts (abc, bl & co) and 2 optional (xyz & in) with precise @ and . positions 
Wrong Input : E.g. abc.xyz@bl.co.in Email has 3 mandatory parts (abc, bl & co) and 2 optional (xyz & in) with precise @ and . positions 
Wrong Input : E.g. abc.xyz@bl.co.in Email has 3 mandatory parts (abc, bl & co) and 2 optional (xyz & in) with precise @ and . positions 
Wrong Input : E.g. abc.xyz@bl.co.in Email has 3 mandatory parts (abc, bl & co) and 2 optional (xyz & in) with precise @ and . positions 
Wrong Input : E.g. abc.xyz@bl.co.in Email has 3 mandatory parts (abc, bl & co) and 2 optional (xyz & in) with precise @ and . positions 
Wrong Input : E.g. abc.xyz@bl.co.in Email has 3 mandatory parts (abc, bl & co) and 2 optional (xyz & in) with precise @ and . positions 
Wrong Input : E.g. abc.xyz@bl.co.in Email has 3 mandatory parts (abc, bl & co) and 2 optional (xyz & in) with precise @ and . positions 
Wrong Input : E.g. abc.xyz@bl.co.in Email has 3 mandatory parts (abc, bl & co) and 2 optional (xyz & in) with precise @ and . positions 
Wrong Input : E.g. abc.xyz@bl.co.in Email has 3 mandatory parts (abc, bl & co) and 2 optional (xyz & in) with precise @ and . positions 
Wrong Input : E.g. abc.xyz@bl.co.in Email has 3 mandatory parts (abc, bl & co) and 2 optional (xyz & in) with precise @ and . positions 
Wrong Input : E.g. abc.xyz@bl.co.in Email has 3 mandatory parts (abc, bl & co) and 2 optional (xyz & in) with precise @ and . positions 
Wrong Input : E.g. abc.xyz@bl.co.in Email has 3 mandatory parts (abc, bl & co) and 2 optional (xyz & in) with precise @ and . positions 
Wrong Input : E.g. abc.xyz@bl.co.in Email has 3 mandatory parts (abc, bl & co) and 2 optional (xyz & in) with precise @ and . positions 
Wrong Input : E.g. abc.xyz@bl.co.in Email has 3 mandatory parts (abc, bl & co) and 2 optional (xyz & in) with precise @ and . positions 
Wrong Input : E.g. abc.xyz@bl.co.in Email has 3 mandatory parts (abc, bl & co) and 2 optional (xyz & in) with precise @ and . positions 
Wrong Input : E.g. abc.xyz@bl.co.in Email has 3 mandatory parts (abc, bl & co) and 2 optional (xyz & in) with precise @ and . positions 
Wrong Input : E.g. abc.xyz@bl.co.in Email has 3 mandatory parts (abc, bl & co) and 2 optional (xyz & in) with precise @ and . positions 
Wrong Input : E.g. abc.xyz@bl.co.in Email has 3 mandatory parts (abc, bl & co) and 2 optional (xyz & in) with precise @ and . positions 
Wrong Input : E.g. abc.xyz@bl.co.in Email has 3 mandatory parts (abc, bl & co) and 2 optional (xyz & in) with precise @ and . positions 
Wrong Input : E.g. abc.xyz@bl.co.in Email has 3 mandatory parts (abc, bl & co) and 2 optional (xyz & in) with precise @ and . positions 
Wrong Input : E.g. abc.xyz@bl.co.in Email has 3 mandatory parts (abc, bl & co) and 2 optional (xyz & in) with precise @ and . positions 
Wrong Input : E.g. abc.xyz@bl.co.in Email has 3 mandatory parts (abc, bl & co) and 2 optional (xyz & in) with precise @ and . positions 
Wrong Input : E.g. abc.xyz@bl.co.in Email has 3 mandatory parts (abc, bl & co) and 2 optional (xyz & in) with precise @ and . positions 
Wrong Input : E.g. abc.xyz@bl.co.in Email has 3 mandatory parts (abc, bl & co) and 2 optional (xyz & in) with precise @ and . positions 
Wrong Input : E.g. abc.xyz@bl.co.in Email has 3 mandatory parts (abc, bl & co) and 2 optional (xyz & in) with precise @ and . positions 
Wrong Input : E.g. abc.xyz@bl.co.in Email has 3 mandatory parts (abc, bl & co) and 2 optional (xyz & in) with precise @ and . positions 
Wrong Input : E.g. abc.xyz@bl.co.in Email has 3 mandatory parts (abc, bl & co) and 2 optional (xyz & in) with precise @ and . positions 
Wrong Input : E.g. abc.xyz@bl.co.in Email has 3 mandatory parts (abc, bl & co) and 2 optional (xyz & in) with precise @ and . positions 
Wrong Input : E.g. abc.xyz@bl.co.in Email has 3 mandatory parts (abc, bl & co) and 2 optional (xyz & in) with precise @ and . positions 
Wrong Input : E.g. abc.xyz@bl.co.in Email has 3 mandatory parts (abc, bl & co) and 2 optional (xyz & in) with precise @ and . positions 
Wrong Input : E.g. abc.xyz@bl.co.in Email has 3 mandatory parts (abc, bl & co) and 2 optional (xyz & in) with precise @ and . positions 
Wrong Input : E.g. abc.xyz@bl.co.in Email has 3 mandatory parts (abc, bl & co) and 2 optional (xyz & in) with precise @ and . positions 
Wrong Input : E.g. abc.xyz@bl.co.in Email has 3 mandatory parts (abc, bl & co) and 2 optional (xyz & in) with precise @ and . positions 
Wrong Input : E.g. abc.xyz@bl.co.in Email has 3 mandatory parts (abc, bl & co) and 2 optional (xyz & in) with precise @ and . positions 
Wrong Input : E.g. abc.xyz@bl.co.in Email has 3 mandatory parts (abc, bl & co) and 2 optional (xyz & in) with precise @ and . positions 
Wrong Input : E.g. abc.xyz@bl.co.in Email has 3 mandatory parts (abc, bl & co) and 2 optional (xyz & in) with precise @ and . positions 
Wrong Input : E.g. abc.xyz@bl.co.in Email has 3 mandatory parts (abc, bl & co) and 2 optional (xyz & in) with precise @ and . positions 
Wrong Input : E.g. abc.xyz@bl.co.in Email has 3 mandatory parts (abc, bl & co) and 2 optional (xyz & in) with precise @ and . positions 
Wrong Input : E.g. abc.xyz@bl.co.in Email has 3 mandatory parts (abc, bl & co) and 2 optional (xyz & in) with precise @ and . positions 
Wrong Input : E.g. abc.xyz@bl.co.in Email has 3 mandatory parts (abc, bl & co) and 2 optional (xyz & in) with precise @ and . positions 
Wrong Input : E.g. abc.xyz@bl.co.in Email has 3 mandatory parts (abc, bl & co) and 2 optional (xyz & in) with precise @ and . positions 
Wrong Input : E.g. abc.xyz@bl.co.in Email has 3 mandatory parts (abc, bl & co) and 2 optional (xyz & in) with precise @ and . positions 
Wrong Input : E.g. abc.xyz@bl.co.in Email has 3 mandatory parts (abc, bl & co) and 2 optional (xyz & in) with precise @ and . positions 
Wrong Input : E.g. abc.xyz@bl.co.in Email has 3 mandatory parts (abc, bl & co) and 2 optional (xyz & in) with precise @ and . positions 
Wrong Input : E.g. abc.xyz@bl.co.in Email has 3 mandatory parts (abc, bl & co) and 2 optional (xyz & in) with precise @ and . positions 
Wrong Input : E.g. abc.xyz@bl.co.in Email has 3 mandatory parts (abc, bl & co) and 2 optional (xyz & in) with precise @ and . positions 
Wrong Input : E.g. abc.xyz@bl.co.in Email has 3 mandatory parts (abc, bl & co) and 2 optional (xyz & in) with precise @ and . positions 
Wrong Input : E.g. abc.xyz@bl.co.in Email has 3 mandatory parts (abc, bl & co) and 2 optional (xyz & in) with precise @ and . positions 
Wrong Input : E.g. abc.xyz@bl.co.in Email has 3 mandatory parts (abc, bl & co) and 2 optional (xyz & in) with precise @ and . positions 
Wrong Input : E.g. abc.xyz@bl.co.in Email has 3 mandatory parts (abc, bl & co) and 2 optional (xyz & in) with precise @ and . positions 
Wrong Input : E.g. abc.xyz@bl.co.in Email has 3 mandatory parts (abc, bl & co) and 2 optional (xyz & in) with precise @ and . positions 
Wrong Input : E.g. abc.xyz@bl.co.in Email has 3 mandatory parts (abc, bl & co) and 2 optional (xyz & in) with precise @ and . positions 
Wrong Input : E.g. abc.xyz@bl.co.in Email has 3 mandatory parts (abc, bl & co) and 2 optional (xyz & in) with precise @ and . positions 
Wrong Input : E.g. abc.xyz@bl.co.in Email has 3 mandatory parts (abc, bl & co) and 2 optional (xyz & in) with precise @ and . positions 
Wrong Input : E.g. abc.xyz@bl.co.in Email has 3 mandatory parts (abc, bl & co) and 2 optional (xyz & in) with precise @ and . positions 
Wrong Input : E.g. abc.xyz@bl.co.in Email has 3 mandatory parts (abc, bl & co) and 2 optional (xyz & in) with precise @ and . positions 
Wrong Input : E.g. abc.xyz@bl.co.in Email has 3 mandatory parts (abc, bl & co) and 2 optional (xyz & in) with precise @ and . positions 
Wrong Input : E.g. abc.xyz@bl.co.in Email has 3 mandatory parts (abc, bl & co) and 2 optional (xyz & in) with precise @ and . positions 
Wrong Input : E.g. abc.xyz@bl.co.in Email has 3 mandatory parts (abc, bl & co) and 2 optional (xyz & in) with precise @ and . positions 
Wrong Input : E.g. abc.xyz@bl.co.in Email has 3 mandatory parts (abc, bl & co) and 2 optional (xyz & in) with precise @ and . positions 
Wrong Input : E.g. abc.xyz@bl.co.in Email has 3 mandatory parts (abc, bl & co) and 2 optional (xyz & in) with precise @ and . positions 
Wrong Input : E.g. abc.xyz@bl.co.in Email has 3 mandatory parts (abc, bl & co) and 2 optional (xyz & in) with precise @ and . positions 
Wrong Input : E.g. abc.xyz@bl.co.in Email has 3 mandatory parts (abc, bl & co) and 2 optional (xyz & in) with precise @ and . positions 
Wrong Input : E.g. abc.xyz@bl.co.in Email has 3 mandatory parts (abc, bl & co) and 2 optional (xyz & in) with precise @ and . positions 
Wrong Input : E.g. abc.xyz@bl.co.in Email has 3 mandatory parts (abc, bl & co) and 2 optional (xyz & in) with precise @ and . positions 
Wrong Input : E.g. abc.xyz@bl.co.in Email has 3 mandatory parts (abc, bl & co) and 2 optional (xyz & in) with precise @ and . positions 
Wrong Input : E.g. abc.xyz@bl.co.in Email has 3 mandatory parts (abc, bl & co) and 2 optional (xyz & in) with precise @ and . positions 
Wrong Input : E.g. abc.xyz@bl.co.in Email has 3 mandatory parts (abc, bl & co) and 2 optional (xyz & in) with precise @ and . positions 
Wrong Input : E.g. abc.xyz@bl.co.in Email has 3 mandatory parts (abc, bl & co) and 2 optional (xyz & in) with precise @ and . positions 
Wrong Input : E.g. abc.xyz@bl.co.in Email has 3 mandatory parts (abc, bl & co) and 2 optional (xyz & in) with precise @ and . positions 
Wrong Input : E.g. abc.xyz@bl.co.in Email has 3 mandatory parts (abc, bl & co) and 2 optional (xyz & in) with precise @ and . positions 
Wrong Input : E.g. abc.xyz@bl.co.in Email has 3 mandatory parts (abc, bl & co) and 2 optional (xyz & in) with precise @ and . positions 
Wrong Input : E.g. abc.xyz@bl.co.in Email has 3 mandatory parts (abc, bl & co) and 2 optional (xyz & in) with precise @ and . positions 
Wrong Input : E.g. abc.xyz@bl.co.in Email has 3 mandatory parts (abc, bl & co) and 2 optional (xyz & in) with precise @ and . positions 
Wrong Input : E.g. abc.xyz@bl.co.in Email has 3 mandatory parts (abc, bl & co) and 2 optional (xyz & in) with precise @ and . positions 
Wrong Input : E.g. abc.xyz@bl.co.in Email has 3 mandatory parts (abc, bl & co) and 2 optional (xyz & in) with precise @ and . positions 
Wrong Input : E.g. abc.xyz@bl.co.in Email has 3 mandatory parts (abc, bl & co) and 2 optional (xyz & in) with precise @ and . positions 
Wrong Input : E.g. abc.xyz@bl.co.in Email has 3 mandatory parts (abc, bl & co) and 2 optional (xyz & in) with precise @ and . positions 
Wrong Input : E.g. abc.xyz@bl.co.in Email has 3 mandatory parts (abc, bl & co) and 2 optional (xyz & in) with precise @ and . positions 
Wrong Input : E.g. abc.xyz@bl.co.in Email has 3 mandatory parts (abc, bl & co) and 2 optional (xyz & in) with precise @ and . positions 
Wrong Input : E.g. abc.xyz@bl.co.in Email has 3 mandatory parts (abc, bl & co) and 2 optional (xyz & in) with precise @ and . positions 
Wrong Input : E.g. abc.xyz@bl.co.in Email has 3 mandatory parts (abc, bl & co) and 2 optional (xyz & in) with precise @ and . positions 
Wrong Input : E.g. abc.xyz@bl.co.in Email has 3 mandatory parts (abc, bl & co) and 2 optional (xyz & in) with precise @ and . positions 
Wrong Input : E.g. abc.xyz@bl.co.in Email has 3 mandatory parts (abc, bl & co) and 2 optional (xyz & in) with precise @ and . positions 
Wrong Input : E.g. abc.xyz@bl.co.in Email has 3 mandatory parts (abc, bl & co) and 2 optional (xyz & in) with precise @ and . positions 
Wrong Input : E.g. abc.xyz@bl.co.in Email has 3 mandatory parts (abc, bl & co) and 2 optional (xyz & in) with precise @ and . positions 
Wrong Input : E.g. abc.xyz@bl.co.in Email has 3 mandatory parts (abc, bl & co) and 2 optional (xyz & in) with precise @ and . positions 
Wrong Input : E.g. abc.xyz@bl.co.in Email has 3 mandatory parts (abc, bl & co) and 2 optional (xyz & in) with precise @ and . positions 
Wrong Input : E.g. abc.xyz@bl.co.in Email has 3 mandatory parts (abc, bl & co) and 2 optional (xyz & in) with precise @ and . positions 
Wrong Input : E.g. abc.xyz@bl.co.in Email has 3 mandatory parts (abc, bl & co) and 2 optional (xyz & in) with precise @ and . positions 
Wrong Input : E.g. abc.xyz@bl.co.in Email has 3 mandatory parts (abc, bl & co) and 2 optional (xyz & in) with precise @ and . positions 
Wrong Input : E.g. abc.xyz@bl.co.in Email has 3 mandatory parts (abc, bl & co) and 2 optional (xyz & in) with precise @ and . positions 
Wrong Input : E.g. abc.xyz@bl.co.in Email has 3 mandatory parts (abc, bl & co) and 2 optional (xyz & in) with precise @ and . positions 
Wrong Input : E.g. abc.xyz@bl.co.in Email has 3 mandatory parts (abc, bl & co) and 2 optional (xyz & in) with precise @ and . positions 
Wrong Input : E.g. abc.xyz@bl.co.in Email has 3 mandatory parts (abc, bl & co) and 2 optional (xyz & in) with precise @ and . positions 
Wrong Input : E.g. abc.xyz@bl.co.in Email has 3 mandatory parts (abc, bl & co) and 2 optional (xyz & in) with precise @ and . positions 
Wrong Input : E.g. abc.xyz@bl.co.in Email has 3 mandatory parts (abc, bl & co) and 2 optional (xyz & in) with precise @ and . positions 
Wrong Input : E.g. abc.xyz@bl.co.in Email has 3 mandatory parts (abc, bl & co) and 2 optional (xyz & in) with precise @ and . positions 
Wrong Input : E.g. abc.xyz@bl.co.in Email has 3 mandatory parts (abc, bl & co) and 2 optional (xyz & in) with precise @ and . positions 
Wrong Input : E.g. abc.xyz@bl.co.in Email has 3 mandatory parts (abc, bl & co) and 2 optional (xyz & in) with precise @ and . positions 
Wrong Input : E.g. abc.xyz@bl.co.in Email has 3 mandatory parts (abc, bl & co) and 2 optional (xyz & in) with precise @ and . positions 
Wrong Input : E.g. abc.xyz@bl.co.in Email has 3 mandatory parts (abc, bl & co) and 2 optional (xyz & in) with precise @ and . positions 
Wrong Input : E.g. abc.xyz@bl.co.in Email has 3 mandatory parts (abc, bl & co) and 2 optional (xyz & in) with precise @ and . positions 
Wrong Input : E.g. abc.xyz@bl.co.in Email has 3 mandatory parts (abc, bl & co) and 2 optional (xyz & in) with precise @ and . positions 
Wrong Input : E.g. abc.xyz@bl.co.in Email has 3 mandatory parts (abc, bl & co) and 2 optional (xyz & in) with precise @ and . positions 
Wrong Input : E.g. abc.xyz@bl.co.in Email has 3 mandatory parts (abc, bl & co) and 2 optional (xyz & in) with precise @ and . positions 
Wrong Input : E.g. abc.xyz@bl.co.in Email has 3 mandatory parts (abc, bl & co) and 2 optional (xyz & in) with precise @ and . positions 
Wrong Input : E.g. abc.xyz@bl.co.in Email has 3 mandatory parts (abc, bl & co) and 2 optional (xyz & in) with precise @ and . positions 
Wrong Input : E.g. abc.xyz@bl.co.in Email has 3 mandatory parts (abc, bl & co) and 2 optional (xyz & in) with precise @ and . positions 
Wrong Input : E.g. abc.xyz@bl.co.in Email has 3 mandatory parts (abc, bl & co) and 2 optional (xyz & in) with precise @ and . positions 
Wrong Input : E.g. abc.xyz@bl.co.in Email has 3 mandatory parts (abc, bl & co) and 2 optional (xyz & in) with precise @ and . positions 
Wrong Input : E.g. abc.xyz@bl.co.in Email has 3 mandatory parts (abc, bl & co) and 2 optional (xyz & in) with precise @ and . positions 
Wrong Input : E.g. abc.xyz@bl.co.in Email has 3 mandatory parts (abc, bl & co) and 2 optional (xyz & in) with precise @ and . positions 
Wrong Input : E.g. abc.xyz@bl.co.in Email has 3 mandatory parts (abc, bl & co) and 2 optional (xyz & in) with precise @ and . positions 
Wrong Input : E.g. abc.xyz@bl.co.in Email has 3 mandatory parts (abc, bl & co) and 2 optional (xyz & in) with precise @ and . positions 
Wrong Input : E.g. abc.xyz@bl.co.in Email has 3 mandatory parts (abc, bl & co) and 2 optional (xyz & in) with precise @ and . positions 
Wrong Input : E.g. abc.xyz@bl.co.in Email has 3 mandatory parts (abc, bl & co) and 2 optional (xyz & in) with precise @ and . positions 
Wrong Input : E.g. abc.xyz@bl.co.in Email has 3 mandatory parts (abc, bl & co) and 2 optional (xyz & in) with precise @ and . positions 
Wrong Input : E.g. abc.xyz@bl.co.in Email has 3 mandatory parts (abc, bl & co) and 2 optional (xyz & in) with precise @ and . positions 
Wrong Input : E.g. abc.xyz@bl.co.in Email has 3 mandatory parts (abc, bl & co) and 2 optional (xyz & in) with precise @ and . positions 
Wrong Input : E.g. abc.xyz@bl.co.in Email has 3 mandatory parts (abc, bl & co) and 2 optional (xyz & in) with precise @ and . positions 
Wrong Input : E.g. abc.xyz@bl.co.in Email has 3 mandatory parts (abc, bl & co) and 2 optional (xyz & in) with precise @ and . positions 
Wrong Input : E.g. abc.xyz@bl.co.in Email has 3 mandatory parts (abc, bl & co) and 2 optional (xyz & in) with precise @ and . positions 
Wrong Input : E.g. abc.xyz@bl.co.in Email has 3 mandatory parts (abc, bl & co) and 2 optional (xyz & in) with precise @ and . positions 
Wrong Input : E.g. abc.xyz@bl.co.in Email has 3 mandatory parts (abc, bl & co) and 2 optional (xyz & in) with precise @ and . positions 
Wrong Input : E.g. abc.xyz@bl.co.in Email has 3 mandatory parts (abc, bl & co) and 2 optional (xyz & in) with precise @ and . positions 
Wrong Input : E.g. abc.xyz@bl.co.in Email has 3 mandatory parts (abc, bl & co) and 2 optional (xyz & in) with precise @ and . positions 
Wrong Input : E.g. abc.xyz@bl.co.in Email has 3 mandatory parts (abc, bl & co) and 2 optional (xyz & in) with precise @ and . positions 
Wrong Input : E.g. abc.xyz@bl.co.in Email has 3 mandatory parts (abc, bl & co) and 2 optional (xyz & in) with precise @ and . positions 
Wrong Input : E.g. abc.xyz@bl.co.in Email has 3 mandatory parts (abc, bl & co) and 2 optional (xyz & in) with precise @ and . positions 
Wrong Input : E.g. abc.xyz@bl.co.in Email has 3 mandatory parts (abc, bl & co) and 2 optional (xyz & in) with precise @ and . positions 
Wrong Input : E.g. abc.xyz@bl.co.in Email has 3 mandatory parts (abc, bl & co) and 2 optional (xyz & in) with precise @ and . positions 
Wrong Input : E.g. abc.xyz@bl.co.in Email has 3 mandatory parts (abc, bl & co) and 2 optional (xyz & in) with precise @ and . positions 
Wrong Input : E.g. abc.xyz@bl.co.in Email has 3 mandatory parts (abc, bl & co) and 2 optional (xyz & in) with precise @ and . positions 
Wrong Input : E.g. abc.xyz@bl.co.in Email has 3 mandatory parts (abc, bl & co) and 2 optional (xyz & in) with precise @ and . positions 
Wrong Input : E.g. abc.xyz@bl.co.in Email has 3 mandatory parts (abc, bl & co) and 2 optional (xyz & in) with precise @ and . positions 
Wrong Input : E.g. abc.xyz@bl.co.in Email has 3 mandatory parts (abc, bl & co) and 2 optional (xyz & in) with precise @ and . positions 
Wrong Input : E.g. abc.xyz@bl.co.in Email has 3 mandatory parts (abc, bl & co) and 2 optional (xyz & in) with precise @ and . positions 
Wrong Input : E.g. abc.xyz@bl.co.in Email has 3 mandatory parts (abc, bl & co) and 2 optional (xyz & in) with precise @ and . positions 
Wrong Input : E.g. abc.xyz@bl.co.in Email has 3 mandatory parts (abc, bl & co) and 2 optional (xyz & in) with precise @ and . positions 
Wrong Input : E.g. abc.xyz@bl.co.in Email has 3 mandatory parts (abc, bl & co) and 2 optional (xyz & in) with precise @ and . positions 
Wrong Input : E.g. abc.xyz@bl.co.in Email has 3 mandatory parts (abc, bl & co) and 2 optional (xyz & in) with precise @ and . positions 
Wrong Input : E.g. abc.xyz@bl.co.in Email has 3 mandatory parts (abc, bl & co) and 2 optional (xyz & in) with precise @ and . positions 
Wrong Input : E.g. abc.xyz@bl.co.in Email has 3 mandatory parts (abc, bl & co) and 2 optional (xyz & in) with precise @ and . positions 
Wrong Input : E.g. abc.xyz@bl.co.in Email has 3 mandatory parts (abc, bl & co) and 2 optional (xyz & in) with precise @ and . positions 
Wrong Input : E.g. abc.xyz@bl.co.in Email has 3 mandatory parts (abc, bl & co) and 2 optional (xyz & in) with precise @ and . positions 
Wrong Input : E.g. abc.xyz@bl.co.in Email has 3 mandatory parts (abc, bl & co) and 2 optional (xyz & in) with precise @ and . positions 
Wrong Input : E.g. abc.xyz@bl.co.in Email has 3 mandatory parts (abc, bl & co) and 2 optional (xyz & in) with precise @ and . positions 
Wrong Input : E.g. abc.xyz@bl.co.in Email has 3 mandatory parts (abc, bl & co) and 2 optional (xyz & in) with precise @ and . positions 
Wrong Input : E.g. abc.xyz@bl.co.in Email has 3 mandatory parts (abc, bl & co) and 2 optional (xyz & in) with precise @ and . positions 
Wrong Input : E.g. abc.xyz@bl.co.in Email has 3 mandatory parts (abc, bl & co) and 2 optional (xyz & in) with precise @ and . positions 
Wrong Input : E.g. abc.xyz@bl.co.in Email has 3 mandatory parts (abc, bl & co) and 2 optional (xyz & in) with precise @ and . positions 
Wrong Input : E.g. abc.xyz@bl.co.in Email has 3 mandatory parts (abc, bl & co) and 2 optional (xyz & in) with precise @ and . positions 
Wrong Input : E.g. abc.xyz@bl.co.in Email has 3 mandatory parts (abc, bl & co) and 2 optional (xyz & in) with precise @ and . positions 
Wrong Input : E.g. abc.xyz@bl.co.in Email has 3 mandatory parts (abc, bl & co) and 2 optional (xyz & in) with precise @ and . positions 
Wrong Input : E.g. abc.xyz@bl.co.in Email has 3 mandatory parts (abc, bl & co) and 2 optional (xyz & in) with precise @ and . positions 
Wrong Input : E.g. abc.xyz@bl.co.in Email has 3 mandatory parts (abc, bl & co) and 2 optional (xyz & in) with precise @ and . positions 
Wrong Input : E.g. abc.xyz@bl.co.in Email has 3 mandatory parts (abc, bl & co) and 2 optional (xyz & in) with precise @ and . positions 
Wrong Input : E.g. abc.xyz@bl.co.in Email has 3 mandatory parts (abc, bl & co) and 2 optional (xyz & in) with precise @ and . positions 
Wrong Input : E.g. abc.xyz@bl.co.in Email has 3 mandatory parts (abc, bl & co) and 2 optional (xyz & in) with precise @ and . positions 
Wrong Input : E.g. abc.xyz@bl.co.in Email has 3 mandatory parts (abc, bl & co) and 2 optional (xyz & in) with precise @ and . positions 
Wrong Input : E.g. abc.xyz@bl.co.in Email has 3 mandatory parts (abc, bl & co) and 2 optional (xyz & in) with precise @ and . positions 
Wrong Input : E.g. abc.xyz@bl.co.in Email has 3 mandatory parts (abc, bl & co) and 2 optional (xyz & in) with precise @ and . positions 
Wrong Input : E.g. abc.xyz@bl.co.in Email has 3 mandatory parts (abc, bl & co) and 2 optional (xyz & in) with precise @ and . positions 
Wrong Input : E.g. abc.xyz@bl.co.in Email has 3 mandatory parts (abc, bl & co) and 2 optional (xyz & in) with precise @ and . positions 
Wrong Input : E.g. abc.xyz@bl.co.in Email has 3 mandatory parts (abc, bl & co) and 2 optional (xyz & in) with precise @ and . positions 
Wrong Input : E.g. abc.xyz@bl.co.in Email has 3 mandatory parts (abc, bl & co) and 2 optional (xyz & in) with precise @ and . positions 
Wrong Input : E.g. abc.xyz@bl.co.in Email has 3 mandatory parts (abc, bl & co) and 2 optional (xyz & in) with precise @ and . positions 
Wrong Input : E.g. abc.xyz@bl.co.in Email has 3 mandatory parts (abc, bl & co) and 2 optional (xyz & in) with precise @ and . positions 
Wrong Input : E.g. abc.xyz@bl.co.in Email has 3 mandatory parts (abc, bl & co) and 2 optional (xyz & in) with precise @ and . positions 
Wrong Input : E.g. abc.xyz@bl.co.in Email has 3 mandatory parts (abc, bl & co) and 2 optional (xyz & in) with precise @ and . positions 
Wrong Input : E.g. abc.xyz@bl.co.in Email has 3 mandatory parts (abc, bl & co) and 2 optional (xyz & in) with precise @ and . positions 
Wrong Input : E.g. abc.xyz@bl.co.in Email has 3 mandatory parts (abc, bl & co) and 2 optional (xyz & in) with precise @ and . positions 
Wrong Input : E.g. abc.xyz@bl.co.in Email has 3 mandatory parts (abc, bl & co) and 2 optional (xyz & in) with precise @ and . positions 
Wrong Input : E.g. abc.xyz@bl.co.in Email has 3 mandatory parts (abc, bl & co) and 2 optional (xyz & in) with precise @ and . positions 
Wrong Input : E.g. abc.xyz@bl.co.in Email has 3 mandatory parts (abc, bl & co) and 2 optional (xyz & in) with precise @ and . positions 
Wrong Input : E.g. abc.xyz@bl.co.in Email has 3 mandatory parts (abc, bl & co) and 2 optional (xyz & in) with precise @ and . positions 
Wrong Input : E.g. abc.xyz@bl.co.in Email has 3 mandatory parts (abc, bl & co) and 2 optional (xyz & in) with precise @ and . positions 
Wrong Input : E.g. abc.xyz@bl.co.in Email has 3 mandatory parts (abc, bl & co) and 2 optional (xyz & in) with precise @ and . positions 
Wrong Input : E.g. abc.xyz@bl.co.in Email has 3 mandatory parts (abc, bl & co) and 2 optional (xyz & in) with precise @ and . positions 
Wrong Input : E.g. abc.xyz@bl.co.in Email has 3 mandatory parts (abc, bl & co) and 2 optional (xyz & in) with precise @ and . positions 
Wrong Input : E.g. abc.xyz@bl.co.in Email has 3 mandatory parts (abc, bl & co) and 2 optional (xyz & in) with precise @ and . positions 
Wrong Input : E.g. abc.xyz@bl.co.in Email has 3 mandatory parts (abc, bl & co) and 2 optional (xyz & in) with precise @ and . positions 
Wrong Input : E.g. abc.xyz@bl.co.in Email has 3 mandatory parts (abc, bl & co) and 2 optional (xyz & in) with precise @ and . positions 
Wrong Input : E.g. abc.xyz@bl.co.in Email has 3 mandatory parts (abc, bl & co) and 2 optional (xyz & in) with precise @ and . positions 
Wrong Input : E.g. abc.xyz@bl.co.in Email has 3 mandatory parts (abc, bl & co) and 2 optional (xyz & in) with precise @ and . positions 
Wrong Input : E.g. abc.xyz@bl.co.in Email has 3 mandatory parts (abc, bl & co) and 2 optional (xyz & in) with precise @ and . positions 
Wrong Input : E.g. abc.xyz@bl.co.in Email has 3 mandatory parts (abc, bl & co) and 2 optional (xyz & in) with precise @ and . positions 
Wrong Input : E.g. abc.xyz@bl.co.in Email has 3 mandatory parts (abc, bl & co) and 2 optional (xyz & in) with precise @ and . positions 
Wrong Input : E.g. abc.xyz@bl.co.in Email has 3 mandatory parts (abc, bl & co) and 2 optional (xyz & in) with precise @ and . positions 
Wrong Input : E.g. abc.xyz@bl.co.in Email has 3 mandatory parts (abc, bl & co) and 2 optional (xyz & in) with precise @ and . positions 
Wrong Input : E.g. abc.xyz@bl.co.in Email has 3 mandatory parts (abc, bl & co) and 2 optional (xyz & in) with precise @ and . positions 
Wrong Input : E.g. abc.xyz@bl.co.in Email has 3 mandatory parts (abc, bl & co) and 2 optional (xyz & in) with precise @ and . positions 
Wrong Input : E.g. abc.xyz@bl.co.in Email has 3 mandatory parts (abc, bl & co) and 2 optional (xyz & in) with precise @ and . positions 
Wrong Input : E.g. abc.xyz@bl.co.in Email has 3 mandatory parts (abc, bl & co) and 2 optional (xyz & in) with precise @ and . positions 
Wrong Input : E.g. abc.xyz@bl.co.in Email has 3 mandatory parts (abc, bl & co) and 2 optional (xyz & in) with precise @ and . positions 
Wrong Input : E.g. abc.xyz@bl.co.in Email has 3 mandatory parts (abc, bl & co) and 2 optional (xyz & in) with precise @ and . positions 
Wrong Input : E.g. abc.xyz@bl.co.in Email has 3 mandatory parts (abc, bl & co) and 2 optional (xyz & in) with precise @ and . positions 
Wrong Input : E.g. abc.xyz@bl.co.in Email has 3 mandatory parts (abc, bl & co) and 2 optional (xyz & in) with precise @ and . positions 
Wrong Input : E.g. abc.xyz@bl.co.in Email has 3 mandatory parts (abc, bl & co) and 2 optional (xyz & in) with precise @ and . positions 
Wrong Input : E.g. abc.xyz@bl.co.in Email has 3 mandatory parts (abc, bl & co) and 2 optional (xyz & in) with precise @ and . positions 
Wrong Input : E.g. abc.xyz@bl.co.in Email has 3 mandatory parts (abc, bl & co) and 2 optional (xyz & in) with precise @ and . positions 
Wrong Input : E.g. abc.xyz@bl.co.in Email has 3 mandatory parts (abc, bl & co) and 2 optional (xyz & in) with precise @ and . positions 
Wrong Input : E.g. abc.xyz@bl.co.in Email has 3 mandatory parts (abc, bl & co) and 2 optional (xyz & in) with precise @ and . positions 
Wrong Input : E.g. abc.xyz@bl.co.in Email has 3 mandatory parts (abc, bl & co) and 2 optional (xyz & in) with precise @ and . positions 
Wrong Input : E.g. abc.xyz@bl.co.in Email has 3 mandatory parts (abc, bl & co) and 2 optional (xyz & in) with precise @ and . positions 
Wrong Input : E.g. abc.xyz@bl.co.in Email has 3 mandatory parts (abc, bl & co) and 2 optional (xyz & in) with precise @ and . positions 
Wrong Input : E.g. abc.xyz@bl.co.in Email has 3 mandatory parts (abc, bl & co) and 2 optional (xyz & in) with precise @ and . positions 
Wrong Input : E.g. abc.xyz@bl.co.in Email has 3 mandatory parts (abc, bl & co) and 2 optional (xyz & in) with precise @ and . positions 
Wrong Input : E.g. abc.xyz@bl.co.in Email has 3 mandatory parts (abc, bl & co) and 2 optional (xyz & in) with precise @ and . positions 
Wrong Input : E.g. abc.xyz@bl.co.in Email has 3 mandatory parts (abc, bl & co) and 2 optional (xyz & in) with precise @ and . positions 
Wrong Input : E.g. abc.xyz@bl.co.in Email has 3 mandatory parts (abc, bl & co) and 2 optional (xyz & in) with precise @ and . positions 
Wrong Input : E.g. abc.xyz@bl.co.in Email has 3 mandatory parts (abc, bl & co) and 2 optional (xyz & in) with precise @ and . positions 
Wrong Input : E.g. abc.xyz@bl.co.in Email has 3 mandatory parts (abc, bl & co) and 2 optional (xyz & in) with precise @ and . positions 
Wrong Input : E.g. abc.xyz@bl.co.in Email has 3 mandatory parts (abc, bl & co) and 2 optional (xyz & in) with precise @ and . positions 
Wrong Input : E.g. abc.xyz@bl.co.in Email has 3 mandatory parts (abc, bl & co) and 2 optional (xyz & in) with precise @ and . positions 
Wrong Input : E.g. abc.xyz@bl.co.in Email has 3 mandatory parts (abc, bl & co) and 2 optional (xyz & in) with precise @ and . positions 
Wrong Input : E.g. abc.xyz@bl.co.in Email has 3 mandatory parts (abc, bl & co) and 2 optional (xyz & in) with precise @ and . positions 
Wrong Input : E.g. abc.xyz@bl.co.in Email has 3 mandatory parts (abc, bl & co) and 2 optional (xyz & in) with precise @ and . positions 
Wrong Input : E.g. abc.xyz@bl.co.in Email has 3 mandatory parts (abc, bl & co) and 2 optional (xyz & in) with precise @ and . positions 
Wrong Input : E.g. abc.xyz@bl.co.in Email has 3 mandatory parts (abc, bl & co) and 2 optional (xyz & in) with precise @ and . positions 
Wrong Input : E.g. abc.xyz@bl.co.in Email has 3 mandatory parts (abc, bl & co) and 2 optional (xyz & in) with precise @ and . positions 
Wrong Input : E.g. abc.xyz@bl.co.in Email has 3 mandatory parts (abc, bl & co) and 2 optional (xyz & in) with precise @ and . positions 
Wrong Input : E.g. abc.xyz@bl.co.in Email has 3 mandatory parts (abc, bl & co) and 2 optional (xyz & in) with precise @ and . positions 
Wrong Input : E.g. abc.xyz@bl.co.in Email has 3 mandatory parts (abc, bl & co) and 2 optional (xyz & in) with precise @ and . positions 
Wrong Input : E.g. abc.xyz@bl.co.in Email has 3 mandatory parts (abc, bl & co) and 2 optional (xyz & in) with precise @ and . positions 
Wrong Input : E.g. abc.xyz@bl.co.in Email has 3 mandatory parts (abc, bl & co) and 2 optional (xyz & in) with precise @ and . positions 
Wrong Input : E.g. abc.xyz@bl.co.in Email has 3 mandatory parts (abc, bl & co) and 2 optional (xyz & in) with precise @ and . positions 
Wrong Input : E.g. abc.xyz@bl.co.in Email has 3 mandatory parts (abc, bl & co) and 2 optional (xyz & in) with precise @ and . positions 
Wrong Input : E.g. abc.xyz@bl.co.in Email has 3 mandatory parts (abc, bl & co) and 2 optional (xyz & in) with precise @ and . positions 
Wrong Input : E.g. abc.xyz@bl.co.in Email has 3 mandatory parts (abc, bl & co) and 2 optional (xyz & in) with precise @ and . positions 
Wrong Input : E.g. abc.xyz@bl.co.in Email has 3 mandatory parts (abc, bl & co) and 2 optional (xyz & in) with precise @ and . positions 
Wrong Input : E.g. abc.xyz@bl.co.in Email has 3 mandatory parts (abc, bl & co) and 2 optional (xyz & in) with precise @ and . positions 
Wrong Input : E.g. abc.xyz@bl.co.in Email has 3 mandatory parts (abc, bl & co) and 2 optional (xyz & in) with precise @ and . positions 
Wrong Input : E.g. abc.xyz@bl.co.in Email has 3 mandatory parts (abc, bl & co) and 2 optional (xyz & in) with precise @ and . positions 
Wrong Input : E.g. abc.xyz@bl.co.in Email has 3 mandatory parts (abc, bl & co) and 2 optional (xyz & in) with precise @ and . positions 
Wrong Input : E.g. abc.xyz@bl.co.in Email has 3 mandatory parts (abc, bl & co) and 2 optional (xyz & in) with precise @ and . positions 
Wrong Input : E.g. abc.xyz@bl.co.in Email has 3 mandatory parts (abc, bl & co) and 2 optional (xyz & in) with precise @ and . positions 
Wrong Input : E.g. abc.xyz@bl.co.in Email has 3 mandatory parts (abc, bl & co) and 2 optional (xyz & in) with precise @ and . positions 
Wrong Input : E.g. abc.xyz@bl.co.in Email has 3 mandatory parts (abc, bl & co) and 2 optional (xyz & in) with precise @ and . positions 
Wrong Input : E.g. abc.xyz@bl.co.in Email has 3 mandatory parts (abc, bl & co) and 2 optional (xyz & in) with precise @ and . positions 
Wrong Input : E.g. abc.xyz@bl.co.in Email has 3 mandatory parts (abc, bl & co) and 2 optional (xyz & in) with precise @ and . positions 
Wrong Input : E.g. abc.xyz@bl.co.in Email has 3 mandatory parts (abc, bl & co) and 2 optional (xyz & in) with precise @ and . positions 
Wrong Input : E.g. abc.xyz@bl.co.in Email has 3 mandatory parts (abc, bl & co) and 2 optional (xyz & in) with precise @ and . positions 
Wrong Input : E.g. abc.xyz@bl.co.in Email has 3 mandatory parts (abc, bl & co) and 2 optional (xyz & in) with precise @ and . positions 
Wrong Input : E.g. abc.xyz@bl.co.in Email has 3 mandatory parts (abc, bl & co) and 2 optional (xyz & in) with precise @ and . positions 
Wrong Input : E.g. abc.xyz@bl.co.in Email has 3 mandatory parts (abc, bl & co) and 2 optional (xyz & in) with precise @ and . positions 
Wrong Input : E.g. abc.xyz@bl.co.in Email has 3 mandatory parts (abc, bl & co) and 2 optional (xyz & in) with precise @ and . positions 
Wrong Input : E.g. abc.xyz@bl.co.in Email has 3 mandatory parts (abc, bl & co) and 2 optional (xyz & in) with precise @ and . positions 
Wrong Input : E.g. abc.xyz@bl.co.in Email has 3 mandatory parts (abc, bl & co) and 2 optional (xyz & in) with precise @ and . positions 
Wrong Input : E.g. abc.xyz@bl.co.in Email has 3 mandatory parts (abc, bl & co) and 2 optional (xyz & in) with precise @ and . positions 
Wrong Input : E.g. abc.xyz@bl.co.in Email has 3 mandatory parts (abc, bl & co) and 2 optional (xyz & in) with precise @ and . positions 
Wrong Input : E.g. abc.xyz@bl.co.in Email has 3 mandatory parts (abc, bl & co) and 2 optional (xyz & in) with precise @ and . positions 
Wrong Input : E.g. abc.xyz@bl.co.in Email has 3 mandatory parts (abc, bl & co) and 2 optional (xyz & in) with precise @ and . positions 
Wrong Input : E.g. abc.xyz@bl.co.in Email has 3 mandatory parts (abc, bl & co) and 2 optional (xyz & in) with precise @ and . positions 
Wrong Input : E.g. abc.xyz@bl.co.in Email has 3 mandatory parts (abc, bl & co) and 2 optional (xyz & in) with precise @ and . positions 
Wrong Input : E.g. abc.xyz@bl.co.in Email has 3 mandatory parts (abc, bl & co) and 2 optional (xyz & in) with precise @ and . positions 
Wrong Input : E.g. abc.xyz@bl.co.in Email has 3 mandatory parts (abc, bl & co) and 2 optional (xyz & in) with precise @ and . positions 
Wrong Input : E.g. abc.xyz@bl.co.in Email has 3 mandatory parts (abc, bl & co) and 2 optional (xyz & in) with precise @ and . positions 
Wrong Input : E.g. abc.xyz@bl.co.in Email has 3 mandatory parts (abc, bl & co) and 2 optional (xyz & in) with precise @ and . positions 
Wrong Input : E.g. abc.xyz@bl.co.in Email has 3 mandatory parts (abc, bl & co) and 2 optional (xyz & in) with precise @ and . positions 
Wrong Input : E.g. abc.xyz@bl.co.in Email has 3 mandatory parts (abc, bl & co) and 2 optional (xyz & in) with precise @ and . positions 
Wrong Input : E.g. abc.xyz@bl.co.in Email has 3 mandatory parts (abc, bl & co) and 2 optional (xyz & in) with precise @ and . positions 
Wrong Input : E.g. abc.xyz@bl.co.in Email has 3 mandatory parts (abc, bl & co) and 2 optional (xyz & in) with precise @ and . positions 
Wrong Input : E.g. abc.xyz@bl.co.in Email has 3 mandatory parts (abc, bl & co) and 2 optional (xyz & in) with precise @ and . positions 
Wrong Input : E.g. abc.xyz@bl.co.in Email has 3 mandatory parts (abc, bl & co) and 2 optional (xyz & in) with precise @ and . positions 
Wrong Input : E.g. abc.xyz@bl.co.in Email has 3 mandatory parts (abc, bl & co) and 2 optional (xyz & in) with precise @ and . positions 
Wrong Input : E.g. abc.xyz@bl.co.in Email has 3 mandatory parts (abc, bl & co) and 2 optional (xyz & in) with precise @ and . positions 
Wrong Input : E.g. abc.xyz@bl.co.in Email has 3 mandatory parts (abc, bl & co) and 2 optional (xyz & in) with precise @ and . positions 
Wrong Input : E.g. abc.xyz@bl.co.in Email has 3 mandatory parts (abc, bl & co) and 2 optional (xyz & in) with precise @ and . positions 
Wrong Input : E.g. abc.xyz@bl.co.in Email has 3 mandatory parts (abc, bl & co) and 2 optional (xyz & in) with precise @ and . positions 
Wrong Input : E.g. abc.xyz@bl.co.in Email has 3 mandatory parts (abc, bl & co) and 2 optional (xyz & in) with precise @ and . positions 
Wrong Input : E.g. abc.xyz@bl.co.in Email has 3 mandatory parts (abc, bl & co) and 2 optional (xyz & in) with precise @ and . positions 
Wrong Input : E.g. abc.xyz@bl.co.in Email has 3 mandatory parts (abc, bl & co) and 2 optional (xyz & in) with precise @ and . positions 
Wrong Input : E.g. abc.xyz@bl.co.in Email has 3 mandatory parts (abc, bl & co) and 2 optional (xyz & in) with precise @ and . positions 
Wrong Input : E.g. abc.xyz@bl.co.in Email has 3 mandatory parts (abc, bl & co) and 2 optional (xyz & in) with precise @ and . positions 
Wrong Input : E.g. abc.xyz@bl.co.in Email has 3 mandatory parts (abc, bl & co) and 2 optional (xyz & in) with precise @ and . positions 
Wrong Input : E.g. abc.xyz@bl.co.in Email has 3 mandatory parts (abc, bl & co) and 2 optional (xyz & in) with precise @ and . positions 
Wrong Input : E.g. abc.xyz@bl.co.in Email has 3 mandatory parts (abc, bl & co) and 2 optional (xyz & in) with precise @ and . positions 
Wrong Input : E.g. abc.xyz@bl.co.in Email has 3 mandatory parts (abc, bl & co) and 2 optional (xyz & in) with precise @ and . positions 
Wrong Input : E.g. abc.xyz@bl.co.in Email has 3 mandatory parts (abc, bl & co) and 2 optional (xyz & in) with precise @ and . positions 
Wrong Input : E.g. abc.xyz@bl.co.in Email has 3 mandatory parts (abc, bl & co) and 2 optional (xyz & in) with precise @ and . positions 
Wrong Input : E.g. abc.xyz@bl.co.in Email has 3 mandatory parts (abc, bl & co) and 2 optional (xyz & in) with precise @ and . positions 
Wrong Input : E.g. abc.xyz@bl.co.in Email has 3 mandatory parts (abc, bl & co) and 2 optional (xyz & in) with precise @ and . positions 
Wrong Input : E.g. abc.xyz@bl.co.in Email has 3 mandatory parts (abc, bl & co) and 2 optional (xyz & in) with precise @ and . positions 
Wrong Input : E.g. abc.xyz@bl.co.in Email has 3 mandatory parts (abc, bl & co) and 2 optional (xyz & in) with precise @ and . positions 
Wrong Input : E.g. abc.xyz@bl.co.in Email has 3 mandatory parts (abc, bl & co) and 2 optional (xyz & in) with precise @ and . positions 
Wrong Input : E.g. abc.xyz@bl.co.in Email has 3 mandatory parts (abc, bl & co) and 2 optional (xyz & in) with precise @ and . positions 
Wrong Input : E.g. abc.xyz@bl.co.in Email has 3 mandatory parts (abc, bl & co) and 2 optional (xyz & in) with precise @ and . positions 
Wrong Input : E.g. abc.xyz@bl.co.in Email has 3 mandatory parts (abc, bl & co) and 2 optional (xyz & in) with precise @ and . positions 
Wrong Input : E.g. abc.xyz@bl.co.in Email has 3 mandatory parts (abc, bl & co) and 2 optional (xyz & in) with precise @ and . positions 
Wrong Input : E.g. abc.xyz@bl.co.in Email has 3 mandatory parts (abc, bl & co) and 2 optional (xyz & in) with precise @ and . positions 
Wrong Input : E.g. abc.xyz@bl.co.in Email has 3 mandatory parts (abc, bl & co) and 2 optional (xyz & in) with precise @ and . positions 
Wrong Input : E.g. abc.xyz@bl.co.in Email has 3 mandatory parts (abc, bl & co) and 2 optional (xyz & in) with precise @ and . positions 
Wrong Input : E.g. abc.xyz@bl.co.in Email has 3 mandatory parts (abc, bl & co) and 2 optional (xyz & in) with precise @ and . positions 
Wrong Input : E.g. abc.xyz@bl.co.in Email has 3 mandatory parts (abc, bl & co) and 2 optional (xyz & in) with precise @ and . positions 
Wrong Input : E.g. abc.xyz@bl.co.in Email has 3 mandatory parts (abc, bl & co) and 2 optional (xyz & in) with precise @ and . positions 
Wrong Input : E.g. abc.xyz@bl.co.in Email has 3 mandatory parts (abc, bl & co) and 2 optional (xyz & in) with precise @ and . positions 
Wrong Input : E.g. abc.xyz@bl.co.in Email has 3 mandatory parts (abc, bl & co) and 2 optional (xyz & in) with precise @ and . positions 
Wrong Input : E.g. abc.xyz@bl.co.in Email has 3 mandatory parts (abc, bl & co) and 2 optional (xyz & in) with precise @ and . positions 
Wrong Input : E.g. abc.xyz@bl.co.in Email has 3 mandatory parts (abc, bl & co) and 2 optional (xyz & in) with precise @ and . positions 
Wrong Input : E.g. abc.xyz@bl.co.in Email has 3 mandatory parts (abc, bl & co) and 2 optional (xyz & in) with precise @ and . positions 
Wrong Input : E.g. abc.xyz@bl.co.in Email has 3 mandatory parts (abc, bl & co) and 2 optional (xyz & in) with precise @ and . positions 
Wrong Input : E.g. abc.xyz@bl.co.in Email has 3 mandatory parts (abc, bl & co) and 2 optional (xyz & in) with precise @ and . positions 
Wrong Input : E.g. abc.xyz@bl.co.in Email has 3 mandatory parts (abc, bl & co) and 2 optional (xyz & in) with precise @ and . positions 
Wrong Input : E.g. abc.xyz@bl.co.in Email has 3 mandatory parts (abc, bl & co) and 2 optional (xyz & in) with precise @ and . positions 
Wrong Input : E.g. abc.xyz@bl.co.in Email has 3 mandatory parts (abc, bl & co) and 2 optional (xyz & in) with precise @ and . positions 
Wrong Input : E.g. abc.xyz@bl.co.in Email has 3 mandatory parts (abc, bl & co) and 2 optional (xyz & in) with precise @ and . positions 
Wrong Input : E.g. abc.xyz@bl.co.in Email has 3 mandatory parts (abc, bl & co) and 2 optional (xyz & in) with precise @ and . positions 
Wrong Input : E.g. abc.xyz@bl.co.in Email has 3 mandatory parts (abc, bl & co) and 2 optional (xyz & in) with precise @ and . positions 
Wrong Input : E.g. abc.xyz@bl.co.in Email has 3 mandatory parts (abc, bl & co) and 2 optional (xyz & in) with precise @ and . positions 
Wrong Input : E.g. abc.xyz@bl.co.in Email has 3 mandatory parts (abc, bl & co) and 2 optional (xyz & in) with precise @ and . positions 
Wrong Input : E.g. abc.xyz@bl.co.in Email has 3 mandatory parts (abc, bl & co) and 2 optional (xyz & in) with precise @ and . positions 
Wrong Input : E.g. abc.xyz@bl.co.in Email has 3 mandatory parts (abc, bl & co) and 2 optional (xyz & in) with precise @ and . positions 
Wrong Input : E.g. abc.xyz@bl.co.in Email has 3 mandatory parts (abc, bl & co) and 2 optional (xyz & in) with precise @ and . positions 
Wrong Input : E.g. abc.xyz@bl.co.in Email has 3 mandatory parts (abc, bl & co) and 2 optional (xyz & in) with precise @ and . positions 
Wrong Input : E.g. abc.xyz@bl.co.in Email has 3 mandatory parts (abc, bl & co) and 2 optional (xyz & in) with precise @ and . positions 
Wrong Input : E.g. abc.xyz@bl.co.in Email has 3 mandatory parts (abc, bl & co) and 2 optional (xyz & in) with precise @ and . positions 
Wrong Input : E.g. abc.xyz@bl.co.in Email has 3 mandatory parts (abc, bl & co) and 2 optional (xyz & in) with precise @ and . positions 
Wrong Input : E.g. abc.xyz@bl.co.in Email has 3 mandatory parts (abc, bl & co) and 2 optional (xyz & in) with precise @ and . positions 
Wrong Input : E.g. abc.xyz@bl.co.in Email has 3 mandatory parts (abc, bl & co) and 2 optional (xyz & in) with precise @ and . positions 
Wrong Input : E.g. abc.xyz@bl.co.in Email has 3 mandatory parts (abc, bl & co) and 2 optional (xyz & in) with precise @ and . positions 
Wrong Input : E.g. abc.xyz@bl.co.in Email has 3 mandatory parts (abc, bl & co) and 2 optional (xyz & in) with precise @ and . positions 
Wrong Input : E.g. abc.xyz@bl.co.in Email has 3 mandatory parts (abc, bl & co) and 2 optional (xyz & in) with precise @ and . positions 
Wrong Input : E.g. abc.xyz@bl.co.in Email has 3 mandatory parts (abc, bl & co) and 2 optional (xyz & in) with precise @ and . positions 
Wrong Input : E.g. abc.xyz@bl.co.in Email has 3 mandatory parts (abc, bl & co) and 2 optional (xyz & in) with precise @ and . positions 
Wrong Input : E.g. abc.xyz@bl.co.in Email has 3 mandatory parts (abc, bl & co) and 2 optional (xyz & in) with precise @ and . positions 
Wrong Input : E.g. abc.xyz@bl.co.in Email has 3 mandatory parts (abc, bl & co) and 2 optional (xyz & in) with precise @ and . positions 
Wrong Input : E.g. abc.xyz@bl.co.in Email has 3 mandatory parts (abc, bl & co) and 2 optional (xyz & in) with precise @ and . positions 
Wrong Input : E.g. abc.xyz@bl.co.in Email has 3 mandatory parts (abc, bl & co) and 2 optional (xyz & in) with precise @ and . positions 
Wrong Input : E.g. abc.xyz@bl.co.in Email has 3 mandatory parts (abc, bl & co) and 2 optional (xyz & in) with precise @ and . positions 
Wrong Input : E.g. abc.xyz@bl.co.in Email has 3 mandatory parts (abc, bl & co) and 2 optional (xyz & in) with precise @ and . positions 
Wrong Input : E.g. abc.xyz@bl.co.in Email has 3 mandatory parts (abc, bl & co) and 2 optional (xyz & in) with precise @ and . positions 
Wrong Input : E.g. abc.xyz@bl.co.in Email has 3 mandatory parts (abc, bl & co) and 2 optional (xyz & in) with precise @ and . positions 
Wrong Input : E.g. abc.xyz@bl.co.in Email has 3 mandatory parts (abc, bl & co) and 2 optional (xyz & in) with precise @ and . positions 
Wrong Input : E.g. abc.xyz@bl.co.in Email has 3 mandatory parts (abc, bl & co) and 2 optional (xyz & in) with precise @ and . positions 
Wrong Input : E.g. abc.xyz@bl.co.in Email has 3 mandatory parts (abc, bl & co) and 2 optional (xyz & in) with precise @ and . positions 
Wrong Input : E.g. abc.xyz@bl.co.in Email has 3 mandatory parts (abc, bl & co) and 2 optional (xyz & in) with precise @ and . positions 
Wrong Input : E.g. abc.xyz@bl.co.in Email has 3 mandatory parts (abc, bl & co) and 2 optional (xyz & in) with precise @ and . positions 
Wrong Input : E.g. abc.xyz@bl.co.in Email has 3 mandatory parts (abc, bl & co) and 2 optional (xyz & in) with precise @ and . positions 
Wrong Input : E.g. abc.xyz@bl.co.in Email has 3 mandatory parts (abc, bl & co) and 2 optional (xyz & in) with precise @ and . positions 
Wrong Input : E.g. abc.xyz@bl.co.in Email has 3 mandatory parts (abc, bl & co) and 2 optional (xyz & in) with precise @ and . positions 
Wrong Input : E.g. abc.xyz@bl.co.in Email has 3 mandatory parts (abc, bl & co) and 2 optional (xyz & in) with precise @ and . positions 
Wrong Input : E.g. abc.xyz@bl.co.in Email has 3 mandatory parts (abc, bl & co) and 2 optional (xyz & in) with precise @ and . positions 
Wrong Input : E.g. abc.xyz@bl.co.in Email has 3 mandatory parts (abc, bl & co) and 2 optional (xyz & in) with precise @ and . positions 
Wrong Input : E.g. abc.xyz@bl.co.in Email has 3 mandatory parts (abc, bl & co) and 2 optional (xyz & in) with precise @ and . positions 
Wrong Input : E.g. abc.xyz@bl.co.in Email has 3 mandatory parts (abc, bl & co) and 2 optional (xyz & in) with precise @ and . positions 
Wrong Input : E.g. abc.xyz@bl.co.in Email has 3 mandatory parts (abc, bl & co) and 2 optional (xyz & in) with precise @ and . positions 
Wrong Input : E.g. abc.xyz@bl.co.in Email has 3 mandatory parts (abc, bl & co) and 2 optional (xyz & in) with precise @ and . positions 
Wrong Input : E.g. abc.xyz@bl.co.in Email has 3 mandatory parts (abc, bl & co) and 2 optional (xyz & in) with precise @ and . positions 
Wrong Input : E.g. abc.xyz@bl.co.in Email has 3 mandatory parts (abc, bl & co) and 2 optional (xyz & in) with precise @ and . positions 
Wrong Input : E.g. abc.xyz@bl.co.in Email has 3 mandatory parts (abc, bl & co) and 2 optional (xyz & in) with precise @ and . positions 
Wrong Input : E.g. abc.xyz@bl.co.in Email has 3 mandatory parts (abc, bl & co) and 2 optional (xyz & in) with precise @ and . positions 
Wrong Input : E.g. abc.xyz@bl.co.in Email has 3 mandatory parts (abc, bl & co) and 2 optional (xyz & in) with precise @ and . positions 
Wrong Input : E.g. abc.xyz@bl.co.in Email has 3 mandatory parts (abc, bl & co) and 2 optional (xyz & in) with precise @ and . positions 
Wrong Input : E.g. abc.xyz@bl.co.in Email has 3 mandatory parts (abc, bl & co) and 2 optional (xyz & in) with precise @ and . positions 
Wrong Input : E.g. abc.xyz@bl.co.in Email has 3 mandatory parts (abc, bl & co) and 2 optional (xyz & in) with precise @ and . positions 
Wrong Input : E.g. abc.xyz@bl.co.in Email has 3 mandatory parts (abc, bl & co) and 2 optional (xyz & in) with precise @ and . positions 
Wrong Input : E.g. abc.xyz@bl.co.in Email has 3 mandatory parts (abc, bl & co) and 2 optional (xyz & in) with precise @ and . positions 
Wrong Input : E.g. abc.xyz@bl.co.in Email has 3 mandatory parts (abc, bl & co) and 2 optional (xyz & in) with precise @ and . positions 
Wrong Input : E.g. abc.xyz@bl.co.in Email has 3 mandatory parts (abc, bl & co) and 2 optional (xyz & in) with precise @ and . positions 
Wrong Input : E.g. abc.xyz@bl.co.in Email has 3 mandatory parts (abc, bl & co) and 2 optional (xyz & in) with precise @ and . positions 
Wrong Input : E.g. abc.xyz@bl.co.in Email has 3 mandatory parts (abc, bl & co) and 2 optional (xyz & in) with precise @ and . positions 
Wrong Input : E.g. abc.xyz@bl.co.in Email has 3 mandatory parts (abc, bl & co) and 2 optional (xyz & in) with precise @ and . positions 
Wrong Input : E.g. abc.xyz@bl.co.in Email has 3 mandatory parts (abc, bl & co) and 2 optional (xyz & in) with precise @ and . positions 
Wrong Input : E.g. abc.xyz@bl.co.in Email has 3 mandatory parts (abc, bl & co) and 2 optional (xyz & in) with precise @ and . positions 
Wrong Input : E.g. abc.xyz@bl.co.in Email has 3 mandatory parts (abc, bl & co) and 2 optional (xyz & in) with precise @ and . positions 
Wrong Input : E.g. abc.xyz@bl.co.in Email has 3 mandatory parts (abc, bl & co) and 2 optional (xyz & in) with precise @ and . positions 
Wrong Input : E.g. abc.xyz@bl.co.in Email has 3 mandatory parts (abc, bl & co) and 2 optional (xyz & in) with precise @ and . positions 
Wrong Input : E.g. abc.xyz@bl.co.in Email has 3 mandatory parts (abc, bl & co) and 2 optional (xyz & in) with precise @ and . positions 
Wrong Input : E.g. abc.xyz@bl.co.in Email has 3 mandatory parts (abc, bl & co) and 2 optional (xyz & in) with precise @ and . positions 
Wrong Input : E.g. abc.xyz@bl.co.in Email has 3 mandatory parts (abc, bl & co) and 2 optional (xyz & in) with precise @ and . positions 
Wrong Input : E.g. abc.xyz@bl.co.in Email has 3 mandatory parts (abc, bl & co) and 2 optional (xyz & in) with precise @ and . positions 
Wrong Input : E.g. abc.xyz@bl.co.in Email has 3 mandatory parts (abc, bl & co) and 2 optional (xyz & in) with precise @ and . positions 
Wrong Input : E.g. abc.xyz@bl.co.in Email has 3 mandatory parts (abc, bl & co) and 2 optional (xyz & in) with precise @ and . positions 
Wrong Input : E.g. abc.xyz@bl.co.in Email has 3 mandatory parts (abc, bl & co) and 2 optional (xyz & in) with precise @ and . positions 
Wrong Input : E.g. abc.xyz@bl.co.in Email has 3 mandatory parts (abc, bl & co) and 2 optional (xyz & in) with precise @ and . positions 
Wrong Input : E.g. abc.xyz@bl.co.in Email has 3 mandatory parts (abc, bl & co) and 2 optional (xyz & in) with precise @ and . positions 
Wrong Input : E.g. abc.xyz@bl.co.in Email has 3 mandatory parts (abc, bl & co) and 2 optional (xyz & in) with precise @ and . positions 
Wrong Input : E.g. abc.xyz@bl.co.in Email has 3 mandatory parts (abc, bl & co) and 2 optional (xyz & in) with precise @ and . positions 
Wrong Input : E.g. abc.xyz@bl.co.in Email has 3 mandatory parts (abc, bl & co) and 2 optional (xyz & in) with precise @ and . positions 
Wrong Input : E.g. abc.xyz@bl.co.in Email has 3 mandatory parts (abc, bl & co) and 2 optional (xyz & in) with precise @ and . positions 
Wrong Input : E.g. abc.xyz@bl.co.in Email has 3 mandatory parts (abc, bl & co) and 2 optional (xyz & in) with precise @ and . positions 
Wrong Input : E.g. abc.xyz@bl.co.in Email has 3 mandatory parts (abc, bl & co) and 2 optional (xyz & in) with precise @ and . positions 
Wrong Input : E.g. abc.xyz@bl.co.in Email has 3 mandatory parts (abc, bl & co) and 2 optional (xyz & in) with precise @ and . positions 
Wrong Input : E.g. abc.xyz@bl.co.in Email has 3 mandatory parts (abc, bl & co) and 2 optional (xyz & in) with precise @ and . positions 
Wrong Input : E.g. abc.xyz@bl.co.in Email has 3 mandatory parts (abc, bl & co) and 2 optional (xyz & in) with precise @ and . positions 
Wrong Input : E.g. abc.xyz@bl.co.in Email has 3 mandatory parts (abc, bl & co) and 2 optional (xyz & in) with precise @ and . positions 
Wrong Input : E.g. abc.xyz@bl.co.in Email has 3 mandatory parts (abc, bl & co) and 2 optional (xyz & in) with precise @ and . positions 
Wrong Input : E.g. abc.xyz@bl.co.in Email has 3 mandatory parts (abc, bl & co) and 2 optional (xyz & in) with precise @ and . positions 
Wrong Input : E.g. abc.xyz@bl.co.in Email has 3 mandatory parts (abc, bl & co) and 2 optional (xyz & in) with precise @ and . positions 
Wrong Input : E.g. abc.xyz@bl.co.in Email has 3 mandatory parts (abc, bl & co) and 2 optional (xyz & in) with precise @ and . positions 
Wrong Input : E.g. abc.xyz@bl.co.in Email has 3 mandatory parts (abc, bl & co) and 2 optional (xyz & in) with precise @ and . positions 
Wrong Input : E.g. abc.xyz@bl.co.in Email has 3 mandatory parts (abc, bl & co) and 2 optional (xyz & in) with precise @ and . positions 
Wrong Input : E.g. abc.xyz@bl.co.in Email has 3 mandatory parts (abc, bl & co) and 2 optional (xyz & in) with precise @ and . positions 
Wrong Input : E.g. abc.xyz@bl.co.in Email has 3 mandatory parts (abc, bl & co) and 2 optional (xyz & in) with precise @ and . positions 
Wrong Input : E.g. abc.xyz@bl.co.in Email has 3 mandatory parts (abc, bl & co) and 2 optional (xyz & in) with precise @ and . positions 
Wrong Input : E.g. abc.xyz@bl.co.in Email has 3 mandatory parts (abc, bl & co) and 2 optional (xyz & in) with precise @ and . positions 
Wrong Input : E.g. abc.xyz@bl.co.in Email has 3 mandatory parts (abc, bl & co) and 2 optional (xyz & in) with precise @ and . positions 
Wrong Input : E.g. abc.xyz@bl.co.in Email has 3 mandatory parts (abc, bl & co) and 2 optional (xyz & in) with precise @ and . positions 
Wrong Input : E.g. abc.xyz@bl.co.in Email has 3 mandatory parts (abc, bl & co) and 2 optional (xyz & in) with precise @ and . positions 
Wrong Input : E.g. abc.xyz@bl.co.in Email has 3 mandatory parts (abc, bl & co) and 2 optional (xyz & in) with precise @ and . positions 
Wrong Input : E.g. abc.xyz@bl.co.in Email has 3 mandatory parts (abc, bl & co) and 2 optional (xyz & in) with precise @ and . positions 
Wrong Input : E.g. abc.xyz@bl.co.in Email has 3 mandatory parts (abc, bl & co) and 2 optional (xyz & in) with precise @ and . positions 
Wrong Input : E.g. abc.xyz@bl.co.in Email has 3 mandatory parts (abc, bl & co) and 2 optional (xyz & in) with precise @ and . positions 
Wrong Input : E.g. abc.xyz@bl.co.in Email has 3 mandatory parts (abc, bl & co) and 2 optional (xyz & in) with precise @ and . positions 
Wrong Input : E.g. abc.xyz@bl.co.in Email has 3 mandatory parts (abc, bl & co) and 2 optional (xyz & in) with precise @ and . positions 
Wrong Input : E.g. abc.xyz@bl.co.in Email has 3 mandatory parts (abc, bl & co) and 2 optional (xyz & in) with precise @ and . positions 
Wrong Input : E.g. abc.xyz@bl.co.in Email has 3 mandatory parts (abc, bl & co) and 2 optional (xyz & in) with precise @ and . positions 
Wrong Input : E.g. abc.xyz@bl.co.in Email has 3 mandatory parts (abc, bl & co) and 2 optional (xyz & in) with precise @ and . positions 
Wrong Input : E.g. abc.xyz@bl.co.in Email has 3 mandatory parts (abc, bl & co) and 2 optional (xyz & in) with precise @ and . positions 
Wrong Input : E.g. abc.xyz@bl.co.in Email has 3 mandatory parts (abc, bl & co) and 2 optional (xyz & in) with precise @ and . positions 
Wrong Input : E.g. abc.xyz@bl.co.in Email has 3 mandatory parts (abc, bl & co) and 2 optional (xyz & in) with precise @ and . positions 
Wrong Input : E.g. abc.xyz@bl.co.in Email has 3 mandatory parts (abc, bl & co) and 2 optional (xyz & in) with precise @ and . positions 
Wrong Input : E.g. abc.xyz@bl.co.in Email has 3 mandatory parts (abc, bl & co) and 2 optional (xyz & in) with precise @ and . positions 
Wrong Input : E.g. abc.xyz@bl.co.in Email has 3 mandatory parts (abc, bl & co) and 2 optional (xyz & in) with precise @ and . positions 
Wrong Input : E.g. abc.xyz@bl.co.in Email has 3 mandatory parts (abc, bl & co) and 2 optional (xyz & in) with precise @ and . positions 
Wrong Input : E.g. abc.xyz@bl.co.in Email has 3 mandatory parts (abc, bl & co) and 2 optional (xyz & in) with precise @ and . positions 
Wrong Input : E.g. abc.xyz@bl.co.in Email has 3 mandatory parts (abc, bl & co) and 2 optional (xyz & in) with precise @ and . positions 
Wrong Input : E.g. abc.xyz@bl.co.in Email has 3 mandatory parts (abc, bl & co) and 2 optional (xyz & in) with precise @ and . positions 
Wrong Input : E.g. abc.xyz@bl.co.in Email has 3 mandatory parts (abc, bl & co) and 2 optional (xyz & in) with precise @ and . positions 
Wrong Input : E.g. abc.xyz@bl.co.in Email has 3 mandatory parts (abc, bl & co) and 2 optional (xyz & in) with precise @ and . positions 
Wrong Input : E.g. abc.xyz@bl.co.in Email has 3 mandatory parts (abc, bl & co) and 2 optional (xyz & in) with precise @ and . positions 
Wrong Input : E.g. abc.xyz@bl.co.in Email has 3 mandatory parts (abc, bl & co) and 2 optional (xyz & in) with precise @ and . positions 
Wrong Input : E.g. abc.xyz@bl.co.in Email has 3 mandatory parts (abc, bl & co) and 2 optional (xyz & in) with precise @ and . positions 
Wrong Input : E.g. abc.xyz@bl.co.in Email has 3 mandatory parts (abc, bl & co) and 2 optional (xyz & in) with precise @ and . positions 
Wrong Input : E.g. abc.xyz@bl.co.in Email has 3 mandatory parts (abc, bl & co) and 2 optional (xyz & in) with precise @ and . positions 
Wrong Input : E.g. abc.xyz@bl.co.in Email has 3 mandatory parts (abc, bl & co) and 2 optional (xyz & in) with precise @ and . positions 
Wrong Input : E.g. abc.xyz@bl.co.in Email has 3 mandatory parts (abc, bl & co) and 2 optional (xyz & in) with precise @ and . positions 
Wrong Input : E.g. abc.xyz@bl.co.in Email has 3 mandatory parts (abc, bl & co) and 2 optional (xyz & in) with precise @ and . positions 
Wrong Input : E.g. abc.xyz@bl.co.in Email has 3 mandatory parts (abc, bl & co) and 2 optional (xyz & in) with precise @ and . positions 
Wrong Input : E.g. abc.xyz@bl.co.in Email has 3 mandatory parts (abc, bl & co) and 2 optional (xyz & in) with precise @ and . positions 
Wrong Input : E.g. abc.xyz@bl.co.in Email has 3 mandatory parts (abc, bl & co) and 2 optional (xyz & in) with precise @ and . positions 
Wrong Input : E.g. abc.xyz@bl.co.in Email has 3 mandatory parts (abc, bl & co) and 2 optional (xyz & in) with precise @ and . positions 
Wrong Input : E.g. abc.xyz@bl.co.in Email has 3 mandatory parts (abc, bl & co) and 2 optional (xyz & in) with precise @ and . positions 
Wrong Input : E.g. abc.xyz@bl.co.in Email has 3 mandatory parts (abc, bl & co) and 2 optional (xyz & in) with precise @ and . positions 
Wrong Input : E.g. abc.xyz@bl.co.in Email has 3 mandatory parts (abc, bl & co) and 2 optional (xyz & in) with precise @ and . positions 
Wrong Input : E.g. abc.xyz@bl.co.in Email has 3 mandatory parts (abc, bl & co) and 2 optional (xyz & in) with precise @ and . positions 
Wrong Input : E.g. abc.xyz@bl.co.in Email has 3 mandatory parts (abc, bl & co) and 2 optional (xyz & in) with precise @ and . positions 
Wrong Input : E.g. abc.xyz@bl.co.in Email has 3 mandatory parts (abc, bl & co) and 2 optional (xyz & in) with precise @ and . positions 
Wrong Input : E.g. abc.xyz@bl.co.in Email has 3 mandatory parts (abc, bl & co) and 2 optional (xyz & in) with precise @ and . positions 
Wrong Input : E.g. abc.xyz@bl.co.in Email has 3 mandatory parts (abc, bl & co) and 2 optional (xyz & in) with precise @ and . positions 
Wrong Input : E.g. abc.xyz@bl.co.in Email has 3 mandatory parts (abc, bl & co) and 2 optional (xyz & in) with precise @ and . positions 
Wrong Input : E.g. abc.xyz@bl.co.in Email has 3 mandatory parts (abc, bl & co) and 2 optional (xyz & in) with precise @ and . positions 
Wrong Input : E.g. abc.xyz@bl.co.in Email has 3 mandatory parts (abc, bl & co) and 2 optional (xyz & in) with precise @ and . positions 
Wrong Input : E.g. abc.xyz@bl.co.in Email has 3 mandatory parts (abc, bl & co) and 2 optional (xyz & in) with precise @ and . positions 
Wrong Input : E.g. abc.xyz@bl.co.in Email has 3 mandatory parts (abc, bl & co) and 2 optional (xyz & in) with precise @ and . positions 
Wrong Input : E.g. abc.xyz@bl.co.in Email has 3 mandatory parts (abc, bl & co) and 2 optional (xyz & in) with precise @ and . positions 
Wrong Input : E.g. abc.xyz@bl.co.in Email has 3 mandatory parts (abc, bl & co) and 2 optional (xyz & in) with precise @ and . positions 
Wrong Input : E.g. abc.xyz@bl.co.in Email has 3 mandatory parts (abc, bl & co) and 2 optional (xyz & in) with precise @ and . positions 
Wrong Input : E.g. abc.xyz@bl.co.in Email has 3 mandatory parts (abc, bl & co) and 2 optional (xyz & in) with precise @ and . positions 
Wrong Input : E.g. abc.xyz@bl.co.in Email has 3 mandatory parts (abc, bl & co) and 2 optional (xyz & in) with precise @ and . positions 
Wrong Input : E.g. abc.xyz@bl.co.in Email has 3 mandatory parts (abc, bl & co) and 2 optional (xyz & in) with precise @ and . positions 
Wrong Input : E.g. abc.xyz@bl.co.in Email has 3 mandatory parts (abc, bl & co) and 2 optional (xyz & in) with precise @ and . positions 
Wrong Input : E.g. abc.xyz@bl.co.in Email has 3 mandatory parts (abc, bl & co) and 2 optional (xyz & in) with precise @ and . positions 
Wrong Input : E.g. abc.xyz@bl.co.in Email has 3 mandatory parts (abc, bl & co) and 2 optional (xyz & in) with precise @ and . positions 
Wrong Input : E.g. abc.xyz@bl.co.in Email has 3 mandatory parts (abc, bl & co) and 2 optional (xyz & in) with precise @ and . positions 
Wrong Input : E.g. abc.xyz@bl.co.in Email has 3 mandatory parts (abc, bl & co) and 2 optional (xyz & in) with precise @ and . positions 
Wrong Input : E.g. abc.xyz@bl.co.in Email has 3 mandatory parts (abc, bl & co) and 2 optional (xyz & in) with precise @ and . positions 
Wrong Input : E.g. abc.xyz@bl.co.in Email has 3 mandatory parts (abc, bl & co) and 2 optional (xyz & in) with precise @ and . positions 
Wrong Input : E.g. abc.xyz@bl.co.in Email has 3 mandatory parts (abc, bl & co) and 2 optional (xyz & in) with precise @ and . positions 
Wrong Input : E.g. abc.xyz@bl.co.in Email has 3 mandatory parts (abc, bl & co) and 2 optional (xyz & in) with precise @ and . positions 
Wrong Input : E.g. abc.xyz@bl.co.in Email has 3 mandatory parts (abc, bl & co) and 2 optional (xyz & in) with precise @ and . positions 
Wrong Input : E.g. abc.xyz@bl.co.in Email has 3 mandatory parts (abc, bl & co) and 2 optional (xyz & in) with precise @ and . positions 
Wrong Input : E.g. abc.xyz@bl.co.in Email has 3 mandatory parts (abc, bl & co) and 2 optional (xyz & in) with precise @ and . positions 
Wrong Input : E.g. abc.xyz@bl.co.in Email has 3 mandatory parts (abc, bl & co) and 2 optional (xyz & in) with precise @ and . positions 
Wrong Input : E.g. abc.xyz@bl.co.in Email has 3 mandatory parts (abc, bl & co) and 2 optional (xyz & in) with precise @ and . positions 
Wrong Input : E.g. abc.xyz@bl.co.in Email has 3 mandatory parts (abc, bl & co) and 2 optional (xyz & in) with precise @ and . positions 
Wrong Input : E.g. abc.xyz@bl.co.in Email has 3 mandatory parts (abc, bl & co) and 2 optional (xyz & in) with precise @ and . positions 
Wrong Input : E.g. abc.xyz@bl.co.in Email has 3 mandatory parts (abc, bl & co) and 2 optional (xyz & in) with precise @ and . positions 
Wrong Input : E.g. abc.xyz@bl.co.in Email has 3 mandatory parts (abc, bl & co) and 2 optional (xyz & in) with precise @ and . positions 
Wrong Input : E.g. abc.xyz@bl.co.in Email has 3 mandatory parts (abc, bl & co) and 2 optional (xyz & in) with precise @ and . positions 
Wrong Input : E.g. abc.xyz@bl.co.in Email has 3 mandatory parts (abc, bl & co) and 2 optional (xyz & in) with precise @ and . positions 
Wrong Input : E.g. abc.xyz@bl.co.in Email has 3 mandatory parts (abc, bl & co) and 2 optional (xyz & in) with precise @ and . positions 
Wrong Input : E.g. abc.xyz@bl.co.in Email has 3 mandatory parts (abc, bl & co) and 2 optional (xyz & in) with precise @ and . positions 
Wrong Input : E.g. abc.xyz@bl.co.in Email has 3 mandatory parts (abc, bl & co) and 2 optional (xyz & in) with precise @ and . positions 
Wrong Input : E.g. abc.xyz@bl.co.in Email has 3 mandatory parts (abc, bl & co) and 2 optional (xyz & in) with precise @ and . positions 
Wrong Input : E.g. abc.xyz@bl.co.in Email has 3 mandatory parts (abc, bl & co) and 2 optional (xyz & in) with precise @ and . positions 
Wrong Input : E.g. abc.xyz@bl.co.in Email has 3 mandatory parts (abc, bl & co) and 2 optional (xyz & in) with precise @ and . positions 
Wrong Input : E.g. abc.xyz@bl.co.in Email has 3 mandatory parts (abc, bl & co) and 2 optional (xyz & in) with precise @ and . positions 
Wrong Input : E.g. abc.xyz@bl.co.in Email has 3 mandatory parts (abc, bl & co) and 2 optional (xyz & in) with precise @ and . positions 
Wrong Input : E.g. abc.xyz@bl.co.in Email has 3 mandatory parts (abc, bl & co) and 2 optional (xyz & in) with precise @ and . positions 
Wrong Input : E.g. abc.xyz@bl.co.in Email has 3 mandatory parts (abc, bl & co) and 2 optional (xyz & in) with precise @ and . positions 
Wrong Input : E.g. abc.xyz@bl.co.in Email has 3 mandatory parts (abc, bl & co) and 2 optional (xyz & in) with precise @ and . positions 
Wrong Input : E.g. abc.xyz@bl.co.in Email has 3 mandatory parts (abc, bl & co) and 2 optional (xyz & in) with precise @ and . positions 
Wrong Input : E.g. abc.xyz@bl.co.in Email has 3 mandatory parts (abc, bl & co) and 2 optional (xyz & in) with precise @ and . positions 
Wrong Input : E.g. abc.xyz@bl.co.in Email has 3 mandatory parts (abc, bl & co) and 2 optional (xyz & in) with precise @ and . positions 
Wrong Input : E.g. abc.xyz@bl.co.in Email has 3 mandatory parts (abc, bl & co) and 2 optional (xyz & in) with precise @ and . positions 
Wrong Input : E.g. abc.xyz@bl.co.in Email has 3 mandatory parts (abc, bl & co) and 2 optional (xyz & in) with precise @ and . positions 
Wrong Input : E.g. abc.xyz@bl.co.in Email has 3 mandatory parts (abc, bl & co) and 2 optional (xyz & in) with precise @ and . positions 
Wrong Input : E.g. abc.xyz@bl.co.in Email has 3 mandatory parts (abc, bl & co) and 2 optional (xyz & in) with precise @ and . positions 
Wrong Input : E.g. abc.xyz@bl.co.in Email has 3 mandatory parts (abc, bl & co) and 2 optional (xyz & in) with precise @ and . positions 
Wrong Input : E.g. abc.xyz@bl.co.in Email has 3 mandatory parts (abc, bl & co) and 2 optional (xyz & in) with precise @ and . positions 
Wrong Input : E.g. abc.xyz@bl.co.in Email has 3 mandatory parts (abc, bl & co) and 2 optional (xyz & in) with precise @ and . positions 
Wrong Input : E.g. abc.xyz@bl.co.in Email has 3 mandatory parts (abc, bl & co) and 2 optional (xyz & in) with precise @ and . positions 
Wrong Input : E.g. abc.xyz@bl.co.in Email has 3 mandatory parts (abc, bl & co) and 2 optional (xyz & in) with precise @ and . positions 
Wrong Input : E.g. abc.xyz@bl.co.in Email has 3 mandatory parts (abc, bl & co) and 2 optional (xyz & in) with precise @ and . positions 
Wrong Input : E.g. abc.xyz@bl.co.in Email has 3 mandatory parts (abc, bl & co) and 2 optional (xyz & in) with precise @ and . positions 
Wrong Input : E.g. abc.xyz@bl.co.in Email has 3 mandatory parts (abc, bl & co) and 2 optional (xyz & in) with precise @ and . positions 
Wrong Input : E.g. abc.xyz@bl.co.in Email has 3 mandatory parts (abc, bl & co) and 2 optional (xyz & in) with precise @ and . positions 
Wrong Input : E.g. abc.xyz@bl.co.in Email has 3 mandatory parts (abc, bl & co) and 2 optional (xyz & in) with precise @ and . positions 
Wrong Input : E.g. abc.xyz@bl.co.in Email has 3 mandatory parts (abc, bl & co) and 2 optional (xyz & in) with precise @ and . positions 
Wrong Input : E.g. abc.xyz@bl.co.in Email has 3 mandatory parts (abc, bl & co) and 2 optional (xyz & in) with precise @ and . positions 
Wrong Input : E.g. abc.xyz@bl.co.in Email has 3 mandatory parts (abc, bl & co) and 2 optional (xyz & in) with precise @ and . positions 
Wrong Input : E.g. abc.xyz@bl.co.in Email has 3 mandatory parts (abc, bl & co) and 2 optional (xyz & in) with precise @ and . positions 
Wrong Input : E.g. abc.xyz@bl.co.in Email has 3 mandatory parts (abc, bl & co) and 2 optional (xyz & in) with precise @ and . positions 
Wrong Input : E.g. abc.xyz@bl.co.in Email has 3 mandatory parts (abc, bl & co) and 2 optional (xyz & in) with precise @ and . positions 
Wrong Input : E.g. abc.xyz@bl.co.in Email has 3 mandatory parts (abc, bl & co) and 2 optional (xyz & in) with precise @ and . positions 
Wrong Input : E.g. abc.xyz@bl.co.in Email has 3 mandatory parts (abc, bl & co) and 2 optional (xyz & in) with precise @ and . positions 
Wrong Input : E.g. abc.xyz@bl.co.in Email has 3 mandatory parts (abc, bl & co) and 2 optional (xyz & in) with precise @ and . positions 
Wrong Input : E.g. abc.xyz@bl.co.in Email has 3 mandatory parts (abc, bl & co) and 2 optional (xyz & in) with precise @ and . positions 
Wrong Input : E.g. abc.xyz@bl.co.in Email has 3 mandatory parts (abc, bl & co) and 2 optional (xyz & in) with precise @ and . positions 
Wrong Input : E.g. abc.xyz@bl.co.in Email has 3 mandatory parts (abc, bl & co) and 2 optional (xyz & in) with precise @ and . positions 
Wrong Input : E.g. abc.xyz@bl.co.in Email has 3 mandatory parts (abc, bl & co) and 2 optional (xyz & in) with precise @ and . positions 
Wrong Input : E.g. abc.xyz@bl.co.in Email has 3 mandatory parts (abc, bl & co) and 2 optional (xyz & in) with precise @ and . positions 
Wrong Input : E.g. abc.xyz@bl.co.in Email has 3 mandatory parts (abc, bl & co) and 2 optional (xyz & in) with precise @ and . positions 
Wrong Input : E.g. abc.xyz@bl.co.in Email has 3 mandatory parts (abc, bl & co) and 2 optional (xyz & in) with precise @ and . positions 
Wrong Input : E.g. abc.xyz@bl.co.in Email has 3 mandatory parts (abc, bl & co) and 2 optional (xyz & in) with precise @ and . positions 
Wrong Input : E.g. abc.xyz@bl.co.in Email has 3 mandatory parts (abc, bl & co) and 2 optional (xyz & in) with precise @ and . positions 
Wrong Input : E.g. abc.xyz@bl.co.in Email has 3 mandatory parts (abc, bl & co) and 2 optional (xyz & in) with precise @ and . positions 
Wrong Input : E.g. abc.xyz@bl.co.in Email has 3 mandatory parts (abc, bl & co) and 2 optional (xyz & in) with precise @ and . positions 
Wrong Input : E.g. abc.xyz@bl.co.in Email has 3 mandatory parts (abc, bl & co) and 2 optional (xyz & in) with precise @ and . positions 
Wrong Input : E.g. abc.xyz@bl.co.in Email has 3 mandatory parts (abc, bl & co) and 2 optional (xyz & in) with precise @ and . positions 
Wrong Input : E.g. abc.xyz@bl.co.in Email has 3 mandatory parts (abc, bl & co) and 2 optional (xyz & in) with precise @ and . positions 
Wrong Input : E.g. abc.xyz@bl.co.in Email has 3 mandatory parts (abc, bl & co) and 2 optional (xyz & in) with precise @ and . positions 
Wrong Input : E.g. abc.xyz@bl.co.in Email has 3 mandatory parts (abc, bl & co) and 2 optional (xyz & in) with precise @ and . positions 
Wrong Input : E.g. abc.xyz@bl.co.in Email has 3 mandatory parts (abc, bl & co) and 2 optional (xyz & in) with precise @ and . positions 
Wrong Input : E.g. abc.xyz@bl.co.in Email has 3 mandatory parts (abc, bl & co) and 2 optional (xyz & in) with precise @ and . positions 
Wrong Input : E.g. abc.xyz@bl.co.in Email has 3 mandatory parts (abc, bl & co) and 2 optional (xyz & in) with precise @ and . positions 
Wrong Input : E.g. abc.xyz@bl.co.in Email has 3 mandatory parts (abc, bl & co) and 2 optional (xyz & in) with precise @ and . positions 
Wrong Input : E.g. abc.xyz@bl.co.in Email has 3 mandatory parts (abc, bl & co) and 2 optional (xyz & in) with precise @ and . positions 
Wrong Input : E.g. abc.xyz@bl.co.in Email has 3 mandatory parts (abc, bl & co) and 2 optional (xyz & in) with precise @ and . positions 
Wrong Input : E.g. abc.xyz@bl.co.in Email has 3 mandatory parts (abc, bl & co) and 2 optional (xyz & in) with precise @ and . positions 
Wrong Input : E.g. abc.xyz@bl.co.in Email has 3 mandatory parts (abc, bl & co) and 2 optional (xyz & in) with precise @ and . positions 
Wrong Input : E.g. abc.xyz@bl.co.in Email has 3 mandatory parts (abc, bl & co) and 2 optional (xyz & in) with precise @ and . positions 
Wrong Input : E.g. abc.xyz@bl.co.in Email has 3 mandatory parts (abc, bl & co) and 2 optional (xyz & in) with precise @ and . positions 
Wrong Input : E.g. abc.xyz@bl.co.in Email has 3 mandatory parts (abc, bl & co) and 2 optional (xyz & in) with precise @ and . positions 
Wrong Input : E.g. abc.xyz@bl.co.in Email has 3 mandatory parts (abc, bl & co) and 2 optional (xyz & in) with precise @ and . positions 
Wrong Input : E.g. abc.xyz@bl.co.in Email has 3 mandatory parts (abc, bl & co) and 2 optional (xyz & in) with precise @ and . positions 
Wrong Input : E.g. abc.xyz@bl.co.in Email has 3 mandatory parts (abc, bl & co) and 2 optional (xyz & in) with precise @ and . positions 
Wrong Input : E.g. abc.xyz@bl.co.in Email has 3 mandatory parts (abc, bl & co) and 2 optional (xyz & in) with precise @ and . positions 
Wrong Input : E.g. abc.xyz@bl.co.in Email has 3 mandatory parts (abc, bl & co) and 2 optional (xyz & in) with precise @ and . positions 
Wrong Input : E.g. abc.xyz@bl.co.in Email has 3 mandatory parts (abc, bl & co) and 2 optional (xyz & in) with precise @ and . positions 
Wrong Input : E.g. abc.xyz@bl.co.in Email has 3 mandatory parts (abc, bl & co) and 2 optional (xyz & in) with precise @ and . positions 
Wrong Input : E.g. abc.xyz@bl.co.in Email has 3 mandatory parts (abc, bl & co) and 2 optional (xyz & in) with precise @ and . positions 
Wrong Input : E.g. abc.xyz@bl.co.in Email has 3 mandatory parts (abc, bl & co) and 2 optional (xyz & in) with precise @ and . positions 
Wrong Input : E.g. abc.xyz@bl.co.in Email has 3 mandatory parts (abc, bl & co) and 2 optional (xyz & in) with precise @ and . positions 
Wrong Input : E.g. abc.xyz@bl.co.in Email has 3 mandatory parts (abc, bl & co) and 2 optional (xyz & in) with precise @ and . positions 
Wrong Input : E.g. abc.xyz@bl.co.in Email has 3 mandatory parts (abc, bl & co) and 2 optional (xyz & in) with precise @ and . positions 
Wrong Input : E.g. abc.xyz@bl.co.in Email has 3 mandatory parts (abc, bl & co) and 2 optional (xyz & in) with precise @ and . positions 
Wrong Input : E.g. abc.xyz@bl.co.in Email has 3 mandatory parts (abc, bl & co) and 2 optional (xyz & in) with precise @ and . positions 
Wrong Input : E.g. abc.xyz@bl.co.in Email has 3 mandatory parts (abc, bl & co) and 2 optional (xyz & in) with precise @ and . positions 
Wrong Input : E.g. abc.xyz@bl.co.in Email has 3 mandatory parts (abc, bl & co) and 2 optional (xyz & in) with precise @ and . positions 
Wrong Input : E.g. abc.xyz@bl.co.in Email has 3 mandatory parts (abc, bl & co) and 2 optional (xyz & in) with precise @ and . positions 
Wrong Input : E.g. abc.xyz@bl.co.in Email has 3 mandatory parts (abc, bl & co) and 2 optional (xyz & in) with precise @ and . positions 
Wrong Input : E.g. abc.xyz@bl.co.in Email has 3 mandatory parts (abc, bl & co) and 2 optional (xyz & in) with precise @ and . positions 
Wrong Input : E.g. abc.xyz@bl.co.in Email has 3 mandatory parts (abc, bl & co) and 2 optional (xyz & in) with precise @ and . positions 
Wrong Input : E.g. abc.xyz@bl.co.in Email has 3 mandatory parts (abc, bl & co) and 2 optional (xyz & in) with precise @ and . positions 
Wrong Input : E.g. abc.xyz@bl.co.in Email has 3 mandatory parts (abc, bl & co) and 2 optional (xyz & in) with precise @ and . positions 
Wrong Input : E.g. abc.xyz@bl.co.in Email has 3 mandatory parts (abc, bl & co) and 2 optional (xyz & in) with precise @ and . positions 
Wrong Input : E.g. abc.xyz@bl.co.in Email has 3 mandatory parts (abc, bl & co) and 2 optional (xyz & in) with precise @ and . positions 
Wrong Input : E.g. abc.xyz@bl.co.in Email has 3 mandatory parts (abc, bl & co) and 2 optional (xyz & in) with precise @ and . positions 
Wrong Input : E.g. abc.xyz@bl.co.in Email has 3 mandatory parts (abc, bl & co) and 2 optional (xyz & in) with precise @ and . positions 
Wrong Input : E.g. abc.xyz@bl.co.in Email has 3 mandatory parts (abc, bl & co) and 2 optional (xyz & in) with precise @ and . positions 
Wrong Input : E.g. abc.xyz@bl.co.in Email has 3 mandatory parts (abc, bl & co) and 2 optional (xyz & in) with precise @ and . positions 
Wrong Input : E.g. abc.xyz@bl.co.in Email has 3 mandatory parts (abc, bl & co) and 2 optional (xyz & in) with precise @ and . positions 
Wrong Input : E.g. abc.xyz@bl.co.in Email has 3 mandatory parts (abc, bl & co) and 2 optional (xyz & in) with precise @ and . positions 
Wrong Input : E.g. abc.xyz@bl.co.in Email has 3 mandatory parts (abc, bl & co) and 2 optional (xyz & in) with precise @ and . positions 
Wrong Input : E.g. abc.xyz@bl.co.in Email has 3 mandatory parts (abc, bl & co) and 2 optional (xyz & in) with precise @ and . positions 
Wrong Input : E.g. abc.xyz@bl.co.in Email has 3 mandatory parts (abc, bl & co) and 2 optional (xyz & in) with precise @ and . positions 
Wrong Input : E.g. abc.xyz@bl.co.in Email has 3 mandatory parts (abc, bl & co) and 2 optional (xyz & in) with precise @ and . positions 
Wrong Input : E.g. abc.xyz@bl.co.in Email has 3 mandatory parts (abc, bl & co) and 2 optional (xyz & in) with precise @ and . positions 
Wrong Input : E.g. abc.xyz@bl.co.in Email has 3 mandatory parts (abc, bl & co) and 2 optional (xyz & in) with precise @ and . positions 
Wrong Input : E.g. abc.xyz@bl.co.in Email has 3 mandatory parts (abc, bl & co) and 2 optional (xyz & in) with precise @ and . positions 
Wrong Input : E.g. abc.xyz@bl.co.in Email has 3 mandatory parts (abc, bl & co) and 2 optional (xyz & in) with precise @ and . positions 
Wrong Input : E.g. abc.xyz@bl.co.in Email has 3 mandatory parts (abc, bl & co) and 2 optional (xyz & in) with precise @ and . positions 
Wrong Input : E.g. abc.xyz@bl.co.in Email has 3 mandatory parts (abc, bl & co) and 2 optional (xyz & in) with precise @ and . positions 
Wrong Input : E.g. abc.xyz@bl.co.in Email has 3 mandatory parts (abc, bl & co) and 2 optional (xyz & in) with precise @ and . positions 
Wrong Input : E.g. abc.xyz@bl.co.in Email has 3 mandatory parts (abc, bl & co) and 2 optional (xyz & in) with precise @ and . positions 
Wrong Input : E.g. abc.xyz@bl.co.in Email has 3 mandatory parts (abc, bl & co) and 2 optional (xyz & in) with precise @ and . positions 
Wrong Input : E.g. abc.xyz@bl.co.in Email has 3 mandatory parts (abc, bl & co) and 2 optional (xyz & in) with precise @ and . positions 
Wrong Input : E.g. abc.xyz@bl.co.in Email has 3 mandatory parts (abc, bl & co) and 2 optional (xyz & in) with precise @ and . positions 
Wrong Input : E.g. abc.xyz@bl.co.in Email has 3 mandatory parts (abc, bl & co) and 2 optional (xyz & in) with precise @ and . positions 
Wrong Input : E.g. abc.xyz@bl.co.in Email has 3 mandatory parts (abc, bl & co) and 2 optional (xyz & in) with precise @ and . positions 
Wrong Input : E.g. abc.xyz@bl.co.in Email has 3 mandatory parts (abc, bl & co) and 2 optional (xyz & in) with precise @ and . positions 
Wrong Input : E.g. abc.xyz@bl.co.in Email has 3 mandatory parts (abc, bl & co) and 2 optional (xyz & in) with precise @ and . positions 
Wrong Input : E.g. abc.xyz@bl.co.in Email has 3 mandatory parts (abc, bl & co) and 2 optional (xyz & in) with precise @ and . positions 
Wrong Input : E.g. abc.xyz@bl.co.in Email has 3 mandatory parts (abc, bl & co) and 2 optional (xyz & in) with precise @ and . positions 
Wrong Input : E.g. abc.xyz@bl.co.in Email has 3 mandatory parts (abc, bl & co) and 2 optional (xyz & in) with precise @ and . positions 
Wrong Input : E.g. abc.xyz@bl.co.in Email has 3 mandatory parts (abc, bl & co) and 2 optional (xyz & in) with precise @ and . positions 
Wrong Input : E.g. abc.xyz@bl.co.in Email has 3 mandatory parts (abc, bl & co) and 2 optional (xyz & in) with precise @ and . positions 
Wrong Input : E.g. abc.xyz@bl.co.in Email has 3 mandatory parts (abc, bl & co) and 2 optional (xyz & in) with precise @ and . positions 
Wrong Input : E.g. abc.xyz@bl.co.in Email has 3 mandatory parts (abc, bl & co) and 2 optional (xyz & in) with precise @ and . positions 
Wrong Input : E.g. abc.xyz@bl.co.in Email has 3 mandatory parts (abc, bl & co) and 2 optional (xyz & in) with precise @ and . positions 
Wrong Input : E.g. abc.xyz@bl.co.in Email has 3 mandatory parts (abc, bl & co) and 2 optional (xyz & in) with precise @ and . positions 
Wrong Input : E.g. abc.xyz@bl.co.in Email has 3 mandatory parts (abc, bl & co) and 2 optional (xyz & in) with precise @ and . positions 
Wrong Input : E.g. abc.xyz@bl.co.in Email has 3 mandatory parts (abc, bl & co) and 2 optional (xyz & in) with precise @ and . positions 
Wrong Input : E.g. abc.xyz@bl.co.in Email has 3 mandatory parts (abc, bl & co) and 2 optional (xyz & in) with precise @ and . positions 
Wrong Input : E.g. abc.xyz@bl.co.in Email has 3 mandatory parts (abc, bl & co) and 2 optional (xyz & in) with precise @ and . positions 
Wrong Input : E.g. abc.xyz@bl.co.in Email has 3 mandatory parts (abc, bl & co) and 2 optional (xyz & in) with precise @ and . positions 
Wrong Input : E.g. abc.xyz@bl.co.in Email has 3 mandatory parts (abc, bl & co) and 2 optional (xyz & in) with precise @ and . positions 
Wrong Input : E.g. abc.xyz@bl.co.in Email has 3 mandatory parts (abc, bl & co) and 2 optional (xyz & in) with precise @ and . positions 
Wrong Input : E.g. abc.xyz@bl.co.in Email has 3 mandatory parts (abc, bl & co) and 2 optional (xyz & in) with precise @ and . positions 
Wrong Input : E.g. abc.xyz@bl.co.in Email has 3 mandatory parts (abc, bl & co) and 2 optional (xyz & in) with precise @ and . positions 
Wrong Input : E.g. abc.xyz@bl.co.in Email has 3 mandatory parts (abc, bl & co) and 2 optional (xyz & in) with precise @ and . positions 
Wrong Input : E.g. abc.xyz@bl.co.in Email has 3 mandatory parts (abc, bl & co) and 2 optional (xyz & in) with precise @ and . positions 
Wrong Input : E.g. abc.xyz@bl.co.in Email has 3 mandatory parts (abc, bl & co) and 2 optional (xyz & in) with precise @ and . positions 
Wrong Input : E.g. abc.xyz@bl.co.in Email has 3 mandatory parts (abc, bl & co) and 2 optional (xyz & in) with precise @ and . positions 
Wrong Input : E.g. abc.xyz@bl.co.in Email has 3 mandatory parts (abc, bl & co) and 2 optional (xyz & in) with precise @ and . positions 
Wrong Input : E.g. abc.xyz@bl.co.in Email has 3 mandatory parts (abc, bl & co) and 2 optional (xyz & in) with precise @ and . positions 
Wrong Input : E.g. abc.xyz@bl.co.in Email has 3 mandatory parts (abc, bl & co) and 2 optional (xyz & in) with precise @ and . positions 
Wrong Input : E.g. abc.xyz@bl.co.in Email has 3 mandatory parts (abc, bl & co) and 2 optional (xyz & in) with precise @ and . positions 
Wrong Input : E.g. abc.xyz@bl.co.in Email has 3 mandatory parts (abc, bl & co) and 2 optional (xyz & in) with precise @ and . positions 
Wrong Input : E.g. abc.xyz@bl.co.in Email has 3 mandatory parts (abc, bl & co) and 2 optional (xyz & in) with precise @ and . positions 
Wrong Input : E.g. abc.xyz@bl.co.in Email has 3 mandatory parts (abc, bl & co) and 2 optional (xyz & in) with precise @ and . positions 
Wrong Input : E.g. abc.xyz@bl.co.in Email has 3 mandatory parts (abc, bl & co) and 2 optional (xyz & in) with precise @ and . positions 
Wrong Input : E.g. abc.xyz@bl.co.in Email has 3 mandatory parts (abc, bl & co) and 2 optional (xyz & in) with precise @ and . positions 
Wrong Input : E.g. abc.xyz@bl.co.in Email has 3 mandatory parts (abc, bl & co) and 2 optional (xyz & in) with precise @ and . positions 
Wrong Input : E.g. abc.xyz@bl.co.in Email has 3 mandatory parts (abc, bl & co) and 2 optional (xyz & in) with precise @ and . positions 
Wrong Input : E.g. abc.xyz@bl.co.in Email has 3 mandatory parts (abc, bl & co) and 2 optional (xyz & in) with precise @ and . positions 
Wrong Input : E.g. abc.xyz@bl.co.in Email has 3 mandatory parts (abc, bl & co) and 2 optional (xyz & in) with precise @ and . positions 
Wrong Input : E.g. abc.xyz@bl.co.in Email has 3 mandatory parts (abc, bl & co) and 2 optional (xyz & in) with precise @ and . positions 
Wrong Input : E.g. abc.xyz@bl.co.in Email has 3 mandatory parts (abc, bl & co) and 2 optional (xyz & in) with precise @ and . positions 
Wrong Input : E.g. abc.xyz@bl.co.in Email has 3 mandatory parts (abc, bl & co) and 2 optional (xyz & in) with precise @ and . positions 
Wrong Input : E.g. abc.xyz@bl.co.in Email has 3 mandatory parts (abc, bl & co) and 2 optional (xyz & in) with precise @ and . positions 
Wrong Input : E.g. abc.xyz@bl.co.in Email has 3 mandatory parts (abc, bl & co) and 2 optional (xyz & in) with precise @ and . positions 
Wrong Input : E.g. abc.xyz@bl.co.in Email has 3 mandatory parts (abc, bl & co) and 2 optional (xyz & in) with precise @ and . positions 
Wrong Input : E.g. abc.xyz@bl.co.in Email has 3 mandatory parts (abc, bl & co) and 2 optional (xyz & in) with precise @ and . positions 
Wrong Input : E.g. abc.xyz@bl.co.in Email has 3 mandatory parts (abc, bl & co) and 2 optional (xyz & in) with precise @ and . positions 
Wrong Input : E.g. abc.xyz@bl.co.in Email has 3 mandatory parts (abc, bl & co) and 2 optional (xyz & in) with precise @ and . positions 
Wrong Input : E.g. abc.xyz@bl.co.in Email has 3 mandatory parts (abc, bl & co) and 2 optional (xyz & in) with precise @ and . positions 
Wrong Input : E.g. abc.xyz@bl.co.in Email has 3 mandatory parts (abc, bl & co) and 2 optional (xyz & in) with precise @ and . positions 
Wrong Input : E.g. abc.xyz@bl.co.in Email has 3 mandatory parts (abc, bl & co) and 2 optional (xyz & in) with precise @ and . positions 
Wrong Input : E.g. abc.xyz@bl.co.in Email has 3 mandatory parts (abc, bl & co) and 2 optional (xyz & in) with precise @ and . positions 
Wrong Input : E.g. abc.xyz@bl.co.in Email has 3 mandatory parts (abc, bl & co) and 2 optional (xyz & in) with precise @ and . positions 
Wrong Input : E.g. abc.xyz@bl.co.in Email has 3 mandatory parts (abc, bl & co) and 2 optional (xyz & in) with precise @ and . positions 
Wrong Input : E.g. abc.xyz@bl.co.in Email has 3 mandatory parts (abc, bl & co) and 2 optional (xyz & in) with precise @ and . positions 
Wrong Input : E.g. abc.xyz@bl.co.in Email has 3 mandatory parts (abc, bl & co) and 2 optional (xyz & in) with precise @ and . positions 
Wrong Input : E.g. abc.xyz@bl.co.in Email has 3 mandatory parts (abc, bl & co) and 2 optional (xyz & in) with precise @ and . positions 
Wrong Input : E.g. abc.xyz@bl.co.in Email has 3 mandatory parts (abc, bl & co) and 2 optional (xyz & in) with precise @ and . positions 
Wrong Input : E.g. abc.xyz@bl.co.in Email has 3 mandatory parts (abc, bl & co) and 2 optional (xyz & in) with precise @ and . positions 
Wrong Input : E.g. abc.xyz@bl.co.in Email has 3 mandatory parts (abc, bl & co) and 2 optional (xyz & in) with precise @ and . positions 
Wrong Input : E.g. abc.xyz@bl.co.in Email has 3 mandatory parts (abc, bl & co) and 2 optional (xyz & in) with precise @ and . positions 
Wrong Input : E.g. abc.xyz@bl.co.in Email has 3 mandatory parts (abc, bl & co) and 2 optional (xyz & in) with precise @ and . positions 
Wrong Input : E.g. abc.xyz@bl.co.in Email has 3 mandatory parts (abc, bl & co) and 2 optional (xyz & in) with precise @ and . positions 
Wrong Input : E.g. abc.xyz@bl.co.in Email has 3 mandatory parts (abc, bl & co) and 2 optional (xyz & in) with precise @ and . positions 
Wrong Input : E.g. abc.xyz@bl.co.in Email has 3 mandatory parts (abc, bl & co) and 2 optional (xyz & in) with precise @ and . positions 
Wrong Input : E.g. abc.xyz@bl.co.in Email has 3 mandatory parts (abc, bl & co) and 2 optional (xyz & in) with precise @ and . positions 
Wrong Input : E.g. abc.xyz@bl.co.in Email has 3 mandatory parts (abc, bl & co) and 2 optional (xyz & in) with precise @ and . positions 
Wrong Input : E.g. abc.xyz@bl.co.in Email has 3 mandatory parts (abc, bl & co) and 2 optional (xyz & in) with precise @ and . positions 
Wrong Input : E.g. abc.xyz@bl.co.in Email has 3 mandatory parts (abc, bl & co) and 2 optional (xyz & in) with precise @ and . positions 
Wrong Input : E.g. abc.xyz@bl.co.in Email has 3 mandatory parts (abc, bl & co) and 2 optional (xyz & in) with precise @ and . positions 
Wrong Input : E.g. abc.xyz@bl.co.in Email has 3 mandatory parts (abc, bl & co) and 2 optional (xyz & in) with precise @ and . positions 
Wrong Input : E.g. abc.xyz@bl.co.in Email has 3 mandatory parts (abc, bl & co) and 2 optional (xyz & in) with precise @ and . positions 
Wrong Input : E.g. abc.xyz@bl.co.in Email has 3 mandatory parts (abc, bl & co) and 2 optional (xyz & in) with precise @ and . positions 
Wrong Input : E.g. abc.xyz@bl.co.in Email has 3 mandatory parts (abc, bl & co) and 2 optional (xyz & in) with precise @ and . positions 
Wrong Input : E.g. abc.xyz@bl.co.in Email has 3 mandatory parts (abc, bl & co) and 2 optional (xyz & in) with precise @ and . positions 
Wrong Input : E.g. abc.xyz@bl.co.in Email has 3 mandatory parts (abc, bl & co) and 2 optional (xyz & in) with precise @ and . positions 
Wrong Input : E.g. abc.xyz@bl.co.in Email has 3 mandatory parts (abc, bl & co) and 2 optional (xyz & in) with precise @ and . positions 
Wrong Input : E.g. abc.xyz@bl.co.in Email has 3 mandatory parts (abc, bl & co) and 2 optional (xyz & in) with precise @ and . positions 
Wrong Input : E.g. abc.xyz@bl.co.in Email has 3 mandatory parts (abc, bl & co) and 2 optional (xyz & in) with precise @ and . positions 
Wrong Input : E.g. abc.xyz@bl.co.in Email has 3 mandatory parts (abc, bl & co) and 2 optional (xyz & in) with precise @ and . positions 
Wrong Input : E.g. abc.xyz@bl.co.in Email has 3 mandatory parts (abc, bl & co) and 2 optional (xyz & in) with precise @ and . positions 
Wrong Input : E.g. abc.xyz@bl.co.in Email has 3 mandatory parts (abc, bl & co) and 2 optional (xyz & in) with precise @ and . positions 
Wrong Input : E.g. abc.xyz@bl.co.in Email has 3 mandatory parts (abc, bl & co) and 2 optional (xyz & in) with precise @ and . positions 
Wrong Input : E.g. abc.xyz@bl.co.in Email has 3 mandatory parts (abc, bl & co) and 2 optional (xyz & in) with precise @ and . positions 
Wrong Input : E.g. abc.xyz@bl.co.in Email has 3 mandatory parts (abc, bl & co) and 2 optional (xyz & in) with precise @ and . positions 
Wrong Input : E.g. abc.xyz@bl.co.in Email has 3 mandatory parts (abc, bl & co) and 2 optional (xyz & in) with precise @ and . positions 
Wrong Input : E.g. abc.xyz@bl.co.in Email has 3 mandatory parts (abc, bl & co) and 2 optional (xyz & in) with precise @ and . positions 
Wrong Input : E.g. abc.xyz@bl.co.in Email has 3 mandatory parts (abc, bl & co) and 2 optional (xyz & in) with precise @ and . positions 
Wrong Input : E.g. abc.xyz@bl.co.in Email has 3 mandatory parts (abc, bl & co) and 2 optional (xyz & in) with precise @ and . positions 
Wrong Input : E.g. abc.xyz@bl.co.in Email has 3 mandatory parts (abc, bl & co) and 2 optional (xyz & in) with precise @ and . positions 
Wrong Input : E.g. abc.xyz@bl.co.in Email has 3 mandatory parts (abc, bl & co) and 2 optional (xyz & in) with precise @ and . positions 
Wrong Input : E.g. abc.xyz@bl.co.in Email has 3 mandatory parts (abc, bl & co) and 2 optional (xyz & in) with precise @ and . positions 
Wrong Input : E.g. abc.xyz@bl.co.in Email has 3 mandatory parts (abc, bl & co) and 2 optional (xyz & in) with precise @ and . positions 
Wrong Input : E.g. abc.xyz@bl.co.in Email has 3 mandatory parts (abc, bl & co) and 2 optional (xyz & in) with precise @ and . positions 
Wrong Input : E.g. abc.xyz@bl.co.in Email has 3 mandatory parts (abc, bl & co) and 2 optional (xyz & in) with precise @ and . positions 
Wrong Input : E.g. abc.xyz@bl.co.in Email has 3 mandatory parts (abc, bl & co) and 2 optional (xyz & in) with precise @ and . positions 
Wrong Input : E.g. abc.xyz@bl.co.in Email has 3 mandatory parts (abc, bl & co) and 2 optional (xyz & in) with precise @ and . positions 
Wrong Input : E.g. abc.xyz@bl.co.in Email has 3 mandatory parts (abc, bl & co) and 2 optional (xyz & in) with precise @ and . positions 
Wrong Input : E.g. abc.xyz@bl.co.in Email has 3 mandatory parts (abc, bl & co) and 2 optional (xyz & in) with precise @ and . positions 
Wrong Input : E.g. abc.xyz@bl.co.in Email has 3 mandatory parts (abc, bl & co) and 2 optional (xyz & in) with precise @ and . positions 
Wrong Input : E.g. abc.xyz@bl.co.in Email has 3 mandatory parts (abc, bl & co) and 2 optional (xyz & in) with precise @ and . positions 
Wrong Input : E.g. abc.xyz@bl.co.in Email has 3 mandatory parts (abc, bl & co) and 2 optional (xyz & in) with precise @ and . positions 
Wrong Input : E.g. abc.xyz@bl.co.in Email has 3 mandatory parts (abc, bl & co) and 2 optional (xyz & in) with precise @ and . positions 
Wrong Input : E.g. abc.xyz@bl.co.in Email has 3 mandatory parts (abc, bl & co) and 2 optional (xyz & in) with precise @ and . positions 
Wrong Input : E.g. abc.xyz@bl.co.in Email has 3 mandatory parts (abc, bl & co) and 2 optional (xyz & in) with precise @ and . positions 
Wrong Input : E.g. abc.xyz@bl.co.in Email has 3 mandatory parts (abc, bl & co) and 2 optional (xyz & in) with precise @ and . positions 
Wrong Input : E.g. abc.xyz@bl.co.in Email has 3 mandatory parts (abc, bl & co) and 2 optional (xyz & in) with precise @ and . positions 
Wrong Input : E.g. abc.xyz@bl.co.in Email has 3 mandatory parts (abc, bl & co) and 2 optional (xyz & in) with precise @ and . positions 
Wrong Input : E.g. abc.xyz@bl.co.in Email has 3 mandatory parts (abc, bl & co) and 2 optional (xyz & in) with precise @ and . positions 
Wrong Input : E.g. abc.xyz@bl.co.in Email has 3 mandatory parts (abc, bl & co) and 2 optional (xyz & in) with precise @ and . positions 
Wrong Input : E.g. abc.xyz@bl.co.in Email has 3 mandatory parts (abc, bl & co) and 2 optional (xyz & in) with precise @ and . positions 
Wrong Input : E.g. abc.xyz@bl.co.in Email has 3 mandatory parts (abc, bl & co) and 2 optional (xyz & in) with precise @ and . positions 
Wrong Input : E.g. abc.xyz@bl.co.in Email has 3 mandatory parts (abc, bl & co) and 2 optional (xyz & in) with precise @ and . positions 
Wrong Input : E.g. abc.xyz@bl.co.in Email has 3 mandatory parts (abc, bl & co) and 2 optional (xyz & in) with precise @ and . positions 
Wrong Input : E.g. abc.xyz@bl.co.in Email has 3 mandatory parts (abc, bl & co) and 2 optional (xyz & in) with precise @ and . positions 
Wrong Input : E.g. abc.xyz@bl.co.in Email has 3 mandatory parts (abc, bl & co) and 2 optional (xyz & in) with precise @ and . positions 
Wrong Input : E.g. abc.xyz@bl.co.in Email has 3 mandatory parts (abc, bl & co) and 2 optional (xyz & in) with precise @ and . positions 
Wrong Input : E.g. abc.xyz@bl.co.in Email has 3 mandatory parts (abc, bl & co) and 2 optional (xyz & in) with precise @ and . positions 
Wrong Input : E.g. abc.xyz@bl.co.in Email has 3 mandatory parts (abc, bl & co) and 2 optional (xyz & in) with precise @ and . positions 
Wrong Input : E.g. abc.xyz@bl.co.in Email has 3 mandatory parts (abc, bl & co) and 2 optional (xyz & in) with precise @ and . positions 
Wrong Input : E.g. abc.xyz@bl.co.in Email has 3 mandatory parts (abc, bl & co) and 2 optional (xyz & in) with precise @ and . positions 
Wrong Input : E.g. abc.xyz@bl.co.in Email has 3 mandatory parts (abc, bl & co) and 2 optional (xyz & in) with precise @ and . positions 
Wrong Input : E.g. abc.xyz@bl.co.in Email has 3 mandatory parts (abc, bl & co) and 2 optional (xyz & in) with precise @ and . positions 
Wrong Input : E.g. abc.xyz@bl.co.in Email has 3 mandatory parts (abc, bl & co) and 2 optional (xyz & in) with precise @ and . positions 
Wrong Input : E.g. abc.xyz@bl.co.in Email has 3 mandatory parts (abc, bl & co) and 2 optional (xyz & in) with precise @ and . positions 
Wrong Input : E.g. abc.xyz@bl.co.in Email has 3 mandatory parts (abc, bl & co) and 2 optional (xyz & in) with precise @ and . positions 
Wrong Input : E.g. abc.xyz@bl.co.in Email has 3 mandatory parts (abc, bl & co) and 2 optional (xyz & in) with precise @ and . positions 
Wrong Input : E.g. abc.xyz@bl.co.in Email has 3 mandatory parts (abc, bl & co) and 2 optional (xyz & in) with precise @ and . positions 
Wrong Input : E.g. abc.xyz@bl.co.in Email has 3 mandatory parts (abc, bl & co) and 2 optional (xyz & in) with precise @ and . positions 
Wrong Input : E.g. abc.xyz@bl.co.in Email has 3 mandatory parts (abc, bl & co) and 2 optional (xyz & in) with precise @ and . positions 
Wrong Input : E.g. abc.xyz@bl.co.in Email has 3 mandatory parts (abc, bl & co) and 2 optional (xyz & in) with precise @ and . positions 
Wrong Input : E.g. abc.xyz@bl.co.in Email has 3 mandatory parts (abc, bl & co) and 2 optional (xyz & in) with precise @ and . positions 
Wrong Input : E.g. abc.xyz@bl.co.in Email has 3 mandatory parts (abc, bl & co) and 2 optional (xyz & in) with precise @ and . positions 
Wrong Input : E.g. abc.xyz@bl.co.in Email has 3 mandatory parts (abc, bl & co) and 2 optional (xyz & in) with precise @ and . positions 
Wrong Input : E.g. abc.xyz@bl.co.in Email has 3 mandatory parts (abc, bl & co) and 2 optional (xyz & in) with precise @ and . positions 
Wrong Input : E.g. abc.xyz@bl.co.in Email has 3 mandatory parts (abc, bl & co) and 2 optional (xyz & in) with precise @ and . positions 
Wrong Input : E.g. abc.xyz@bl.co.in Email has 3 mandatory parts (abc, bl & co) and 2 optional (xyz & in) with precise @ and . positions 
Wrong Input : E.g. abc.xyz@bl.co.in Email has 3 mandatory parts (abc, bl & co) and 2 optional (xyz & in) with precise @ and . positions 
Wrong Input : E.g. abc.xyz@bl.co.in Email has 3 mandatory parts (abc, bl & co) and 2 optional (xyz & in) with precise @ and . positions 
Wrong Input : E.g. abc.xyz@bl.co.in Email has 3 mandatory parts (abc, bl & co) and 2 optional (xyz & in) with precise @ and . positions 
Wrong Input : E.g. abc.xyz@bl.co.in Email has 3 mandatory parts (abc, bl & co) and 2 optional (xyz & in) with precise @ and . positions 
Wrong Input : E.g. abc.xyz@bl.co.in Email has 3 mandatory parts (abc, bl & co) and 2 optional (xyz & in) with precise @ and . positions 
Wrong Input : E.g. abc.xyz@bl.co.in Email has 3 mandatory parts (abc, bl & co) and 2 optional (xyz & in) with precise @ and . positions 
Wrong Input : E.g. abc.xyz@bl.co.in Email has 3 mandatory parts (abc, bl & co) and 2 optional (xyz & in) with precise @ and . positions 
Wrong Input : E.g. abc.xyz@bl.co.in Email has 3 mandatory parts (abc, bl & co) and 2 optional (xyz & in) with precise @ and . positions 
Wrong Input : E.g. abc.xyz@bl.co.in Email has 3 mandatory parts (abc, bl & co) and 2 optional (xyz & in) with precise @ and . positions 
Wrong Input : E.g. abc.xyz@bl.co.in Email has 3 mandatory parts (abc, bl & co) and 2 optional (xyz & in) with precise @ and . positions 
Wrong Input : E.g. abc.xyz@bl.co.in Email has 3 mandatory parts (abc, bl & co) and 2 optional (xyz & in) with precise @ and . positions 
Wrong Input : E.g. abc.xyz@bl.co.in Email has 3 mandatory parts (abc, bl & co) and 2 optional (xyz & in) with precise @ and . positions 
Wrong Input : E.g. abc.xyz@bl.co.in Email has 3 mandatory parts (abc, bl & co) and 2 optional (xyz & in) with precise @ and . positions 
Wrong Input : E.g. abc.xyz@bl.co.in Email has 3 mandatory parts (abc, bl & co) and 2 optional (xyz & in) with precise @ and . positions 
Wrong Input : E.g. abc.xyz@bl.co.in Email has 3 mandatory parts (abc, bl & co) and 2 optional (xyz & in) with precise @ and . positions 
Wrong Input : E.g. abc.xyz@bl.co.in Email has 3 mandatory parts (abc, bl & co) and 2 optional (xyz & in) with precise @ and . positions 
Wrong Input : E.g. abc.xyz@bl.co.in Email has 3 mandatory parts (abc, bl & co) and 2 optional (xyz & in) with precise @ and . positions 
Wrong Input : E.g. abc.xyz@bl.co.in Email has 3 mandatory parts (abc, bl & co) and 2 optional (xyz & in) with precise @ and . positions 
Wrong Input : E.g. abc.xyz@bl.co.in Email has 3 mandatory parts (abc, bl & co) and 2 optional (xyz & in) with precise @ and . positions 
Wrong Input : E.g. abc.xyz@bl.co.in Email has 3 mandatory parts (abc, bl & co) and 2 optional (xyz & in) with precise @ and . positions 
Wrong Input : E.g. abc.xyz@bl.co.in Email has 3 mandatory parts (abc, bl & co) and 2 optional (xyz & in) with precise @ and . positions 
Wrong Input : E.g. abc.xyz@bl.co.in Email has 3 mandatory parts (abc, bl & co) and 2 optional (xyz & in) with precise @ and . positions 
Wrong Input : E.g. abc.xyz@bl.co.in Email has 3 mandatory parts (abc, bl & co) and 2 optional (xyz & in) with precise @ and . positions 
Wrong Input : E.g. abc.xyz@bl.co.in Email has 3 mandatory parts (abc, bl & co) and 2 optional (xyz & in) with precise @ and . positions 
Wrong Input : E.g. abc.xyz@bl.co.in Email has 3 mandatory parts (abc, bl & co) and 2 optional (xyz & in) with precise @ and . positions 
Wrong Input : E.g. abc.xyz@bl.co.in Email has 3 mandatory parts (abc, bl & co) and 2 optional (xyz & in) with precise @ and . positions 
Wrong Input : E.g. abc.xyz@bl.co.in Email has 3 mandatory parts (abc, bl & co) and 2 optional (xyz & in) with precise @ and . positions 
Wrong Input : E.g. abc.xyz@bl.co.in Email has 3 mandatory parts (abc, bl & co) and 2 optional (xyz & in) with precise @ and . positions 
Wrong Input : E.g. abc.xyz@bl.co.in Email has 3 mandatory parts (abc, bl & co) and 2 optional (xyz & in) with precise @ and . positions 
Wrong Input : E.g. abc.xyz@bl.co.in Email has 3 mandatory parts (abc, bl & co) and 2 optional (xyz & in) with precise @ and . positions 
Wrong Input : E.g. abc.xyz@bl.co.in Email has 3 mandatory parts (abc, bl & co) and 2 optional (xyz & in) with precise @ and . positions 
Wrong Input : E.g. abc.xyz@bl.co.in Email has 3 mandatory parts (abc, bl & co) and 2 optional (xyz & in) with precise @ and . positions 
Wrong Input : E.g. abc.xyz@bl.co.in Email has 3 mandatory parts (abc, bl & co) and 2 optional (xyz & in) with precise @ and . positions 
Wrong Input : E.g. abc.xyz@bl.co.in Email has 3 mandatory parts (abc, bl & co) and 2 optional (xyz & in) with precise @ and . positions 
Wrong Input : E.g. abc.xyz@bl.co.in Email has 3 mandatory parts (abc, bl & co) and 2 optional (xyz & in) with precise @ and . positions 
Wrong Input : E.g. abc.xyz@bl.co.in Email has 3 mandatory parts (abc, bl & co) and 2 optional (xyz & in) with precise @ and . positions 
Wrong Input : E.g. abc.xyz@bl.co.in Email has 3 mandatory parts (abc, bl & co) and 2 optional (xyz & in) with precise @ and . positions 
Wrong Input : E.g. abc.xyz@bl.co.in Email has 3 mandatory parts (abc, bl & co) and 2 optional (xyz & in) with precise @ and . positions 
Wrong Input : E.g. abc.xyz@bl.co.in Email has 3 mandatory parts (abc, bl & co) and 2 optional (xyz & in) with precise @ and . positions 
Wrong Input : E.g. abc.xyz@bl.co.in Email has 3 mandatory parts (abc, bl & co) and 2 optional (xyz & in) with precise @ and . positions 
Wrong Input : E.g. abc.xyz@bl.co.in Email has 3 mandatory parts (abc, bl & co) and 2 optional (xyz & in) with precise @ and . positions 
Wrong Input : E.g. abc.xyz@bl.co.in Email has 3 mandatory parts (abc, bl & co) and 2 optional (xyz & in) with precise @ and . positions 
Wrong Input : E.g. abc.xyz@bl.co.in Email has 3 mandatory parts (abc, bl & co) and 2 optional (xyz & in) with precise @ and . positions 
Wrong Input : E.g. abc.xyz@bl.co.in Email has 3 mandatory parts (abc, bl & co) and 2 optional (xyz & in) with precise @ and . positions 
Wrong Input : E.g. abc.xyz@bl.co.in Email has 3 mandatory parts (abc, bl & co) and 2 optional (xyz & in) with precise @ and . positions 
Wrong Input : E.g. abc.xyz@bl.co.in Email has 3 mandatory parts (abc, bl & co) and 2 optional (xyz & in) with precise @ and . positions 
Wrong Input : E.g. abc.xyz@bl.co.in Email has 3 mandatory parts (abc, bl & co) and 2 optional (xyz & in) with precise @ and . positions 
Wrong Input : E.g. abc.xyz@bl.co.in Email has 3 mandatory parts (abc, bl & co) and 2 optional (xyz & in) with precise @ and . positions 
Wrong Input : E.g. abc.xyz@bl.co.in Email has 3 mandatory parts (abc, bl & co) and 2 optional (xyz & in) with precise @ and . positions 
Wrong Input : E.g. abc.xyz@bl.co.in Email has 3 mandatory parts (abc, bl & co) and 2 optional (xyz & in) with precise @ and . positions 
Wrong Input : E.g. abc.xyz@bl.co.in Email has 3 mandatory parts (abc, bl & co) and 2 optional (xyz & in) with precise @ and . positions 
Wrong Input : E.g. abc.xyz@bl.co.in Email has 3 mandatory parts (abc, bl & co) and 2 optional (xyz & in) with precise @ and . positions 
Wrong Input : E.g. abc.xyz@bl.co.in Email has 3 mandatory parts (abc, bl & co) and 2 optional (xyz & in) with precise @ and . positions 
Wrong Input : E.g. abc.xyz@bl.co.in Email has 3 mandatory parts (abc, bl & co) and 2 optional (xyz & in) with precise @ and . positions 
Wrong Input : E.g. abc.xyz@bl.co.in Email has 3 mandatory parts (abc, bl & co) and 2 optional (xyz & in) with precise @ and . positions 
Wrong Input : E.g. abc.xyz@bl.co.in Email has 3 mandatory parts (abc, bl & co) and 2 optional (xyz & in) with precise @ and . positions 
Wrong Input : E.g. abc.xyz@bl.co.in Email has 3 mandatory parts (abc, bl & co) and 2 optional (xyz & in) with precise @ and . positions 
Wrong Input : E.g. abc.xyz@bl.co.in Email has 3 mandatory parts (abc, bl & co) and 2 optional (xyz & in) with precise @ and . positions 
Wrong Input : E.g. abc.xyz@bl.co.in Email has 3 mandatory parts (abc, bl & co) and 2 optional (xyz & in) with precise @ and . positions 
Wrong Input : E.g. abc.xyz@bl.co.in Email has 3 mandatory parts (abc, bl & co) and 2 optional (xyz & in) with precise @ and . positions 
Wrong Input : E.g. abc.xyz@bl.co.in Email has 3 mandatory parts (abc, bl & co) and 2 optional (xyz & in) with precise @ and . positions 
Wrong Input : E.g. abc.xyz@bl.co.in Email has 3 mandatory parts (abc, bl & co) and 2 optional (xyz & in) with precise @ and . positions 
Wrong Input : E.g. abc.xyz@bl.co.in Email has 3 mandatory parts (abc, bl & co) and 2 optional (xyz & in) with precise @ and . positions 
Wrong Input : E.g. abc.xyz@bl.co.in Email has 3 mandatory parts (abc, bl & co) and 2 optional (xyz & in) with precise @ and . positions 
Wrong Input : E.g. abc.xyz@bl.co.in Email has 3 mandatory parts (abc, bl & co) and 2 optional (xyz & in) with precise @ and . positions 
Wrong Input : E.g. abc.xyz@bl.co.in Email has 3 mandatory parts (abc, bl & co) and 2 optional (xyz & in) with precise @ and . positions 
Wrong Input : E.g. abc.xyz@bl.co.in Email has 3 mandatory parts (abc, bl & co) and 2 optional (xyz & in) with precise @ and . positions 
Wrong Input : E.g. abc.xyz@bl.co.in Email has 3 mandatory parts (abc, bl & co) and 2 optional (xyz & in) with precise @ and . positions 
Wrong Input : E.g. abc.xyz@bl.co.in Email has 3 mandatory parts (abc, bl & co) and 2 optional (xyz & in) with precise @ and . positions 
Wrong Input : E.g. abc.xyz@bl.co.in Email has 3 mandatory parts (abc, bl & co) and 2 optional (xyz & in) with precise @ and . positions 
Wrong Input : E.g. abc.xyz@bl.co.in Email has 3 mandatory parts (abc, bl & co) and 2 optional (xyz & in) with precise @ and . positions 
Wrong Input : E.g. abc.xyz@bl.co.in Email has 3 mandatory parts (abc, bl & co) and 2 optional (xyz & in) with precise @ and . positions 
Wrong Input : E.g. abc.xyz@bl.co.in Email has 3 mandatory parts (abc, bl & co) and 2 optional (xyz & in) with precise @ and . positions 
Wrong Input : E.g. abc.xyz@bl.co.in Email has 3 mandatory parts (abc, bl & co) and 2 optional (xyz & in) with precise @ and . positions 
Wrong Input : E.g. abc.xyz@bl.co.in Email has 3 mandatory parts (abc, bl & co) and 2 optional (xyz & in) with precise @ and . positions 
Wrong Input : E.g. abc.xyz@bl.co.in Email has 3 mandatory parts (abc, bl & co) and 2 optional (xyz & in) with precise @ and . positions 
Wrong Input : E.g. abc.xyz@bl.co.in Email has 3 mandatory parts (abc, bl & co) and 2 optional (xyz & in) with precise @ and . positions 
Wrong Input : E.g. abc.xyz@bl.co.in Email has 3 mandatory parts (abc, bl & co) and 2 optional (xyz & in) with precise @ and . positions 
Wrong Input : E.g. abc.xyz@bl.co.in Email has 3 mandatory parts (abc, bl & co) and 2 optional (xyz & in) with precise @ and . positions 
Wrong Input : E.g. abc.xyz@bl.co.in Email has 3 mandatory parts (abc, bl & co) and 2 optional (xyz & in) with precise @ and . positions 
Wrong Input : E.g. abc.xyz@bl.co.in Email has 3 mandatory parts (abc, bl & co) and 2 optional (xyz & in) with precise @ and . positions 
Wrong Input : E.g. abc.xyz@bl.co.in Email has 3 mandatory parts (abc, bl & co) and 2 optional (xyz & in) with precise @ and . positions 
Wrong Input : E.g. abc.xyz@bl.co.in Email has 3 mandatory parts (abc, bl & co) and 2 optional (xyz & in) with precise @ and . positions 
Wrong Input : E.g. abc.xyz@bl.co.in Email has 3 mandatory parts (abc, bl & co) and 2 optional (xyz & in) with precise @ and . positions 
Wrong Input : E.g. abc.xyz@bl.co.in Email has 3 mandatory parts (abc, bl & co) and 2 optional (xyz & in) with precise @ and . positions 
Wrong Input : E.g. abc.xyz@bl.co.in Email has 3 mandatory parts (abc, bl & co) and 2 optional (xyz & in) with precise @ and . positions 
Wrong Input : E.g. abc.xyz@bl.co.in Email has 3 mandatory parts (abc, bl & co) and 2 optional (xyz & in) with precise @ and . positions 
Wrong Input : E.g. abc.xyz@bl.co.in Email has 3 mandatory parts (abc, bl & co) and 2 optional (xyz & in) with precise @ and . positions 
Wrong Input : E.g. abc.xyz@bl.co.in Email has 3 mandatory parts (abc, bl & co) and 2 optional (xyz & in) with precise @ and . positions 
Wrong Input : E.g. abc.xyz@bl.co.in Email has 3 mandatory parts (abc, bl & co) and 2 optional (xyz & in) with precise @ and . positions 
Wrong Input : E.g. abc.xyz@bl.co.in Email has 3 mandatory parts (abc, bl & co) and 2 optional (xyz & in) with precise @ and . positions 
Wrong Input : E.g. abc.xyz@bl.co.in Email has 3 mandatory parts (abc, bl & co) and 2 optional (xyz & in) with precise @ and . positions 
Wrong Input : E.g. abc.xyz@bl.co.in Email has 3 mandatory parts (abc, bl & co) and 2 optional (xyz & in) with precise @ and . positions 
Wrong Input : E.g. abc.xyz@bl.co.in Email has 3 mandatory parts (abc, bl & co) and 2 optional (xyz & in) with precise @ and . positions 
Wrong Input : E.g. abc.xyz@bl.co.in Email has 3 mandatory parts (abc, bl & co) and 2 optional (xyz & in) with precise @ and . positions 
Wrong Input : E.g. abc.xyz@bl.co.in Email has 3 mandatory parts (abc, bl & co) and 2 optional (xyz & in) with precise @ and . positions 
Wrong Input : E.g. abc.xyz@bl.co.in Email has 3 mandatory parts (abc, bl & co) and 2 optional (xyz & in) with precise @ and . positions 
Wrong Input : E.g. abc.xyz@bl.co.in Email has 3 mandatory parts (abc, bl & co) and 2 optional (xyz & in) with precise @ and . positions 
Wrong Input : E.g. abc.xyz@bl.co.in Email has 3 mandatory parts (abc, bl & co) and 2 optional (xyz & in) with precise @ and . positions 
Wrong Input : E.g. abc.xyz@bl.co.in Email has 3 mandatory parts (abc, bl & co) and 2 optional (xyz & in) with precise @ and . positions 
Wrong Input : E.g. abc.xyz@bl.co.in Email has 3 mandatory parts (abc, bl & co) and 2 optional (xyz & in) with precise @ and . positions 
Wrong Input : E.g. abc.xyz@bl.co.in Email has 3 mandatory parts (abc, bl & co) and 2 optional (xyz & in) with precise @ and . positions 
Wrong Input : E.g. abc.xyz@bl.co.in Email has 3 mandatory parts (abc, bl & co) and 2 optional (xyz & in) with precise @ and . positions 
Wrong Input : E.g. abc.xyz@bl.co.in Email has 3 mandatory parts (abc, bl & co) and 2 optional (xyz & in) with precise @ and . positions 
Wrong Input : E.g. abc.xyz@bl.co.in Email has 3 mandatory parts (abc, bl & co) and 2 optional (xyz & in) with precise @ and . positions 
Wrong Input : E.g. abc.xyz@bl.co.in Email has 3 mandatory parts (abc, bl & co) and 2 optional (xyz & in) with precise @ and . positions 
Wrong Input : E.g. abc.xyz@bl.co.in Email has 3 mandatory parts (abc, bl & co) and 2 optional (xyz & in) with precise @ and . positions 
Wrong Input : E.g. abc.xyz@bl.co.in Email has 3 mandatory parts (abc, bl & co) and 2 optional (xyz & in) with precise @ and . positions 
Wrong Input : E.g. abc.xyz@bl.co.in Email has 3 mandatory parts (abc, bl & co) and 2 optional (xyz & in) with precise @ and . positions 
Wrong Input : E.g. abc.xyz@bl.co.in Email has 3 mandatory parts (abc, bl & co) and 2 optional (xyz & in) with precise @ and . positions 
Wrong Input : E.g. abc.xyz@bl.co.in Email has 3 mandatory parts (abc, bl & co) and 2 optional (xyz & in) with precise @ and . positions 
Wrong Input : E.g. abc.xyz@bl.co.in Email has 3 mandatory parts (abc, bl & co) and 2 optional (xyz & in) with precise @ and . positions 
Wrong Input : E.g. abc.xyz@bl.co.in Email has 3 mandatory parts (abc, bl & co) and 2 optional (xyz & in) with precise @ and . positions 
Wrong Input : E.g. abc.xyz@bl.co.in Email has 3 mandatory parts (abc, bl & co) and 2 optional (xyz & in) with precise @ and . positions 
Wrong Input : E.g. abc.xyz@bl.co.in Email has 3 mandatory parts (abc, bl & co) and 2 optional (xyz & in) with precise @ and . positions 
Wrong Input : E.g. abc.xyz@bl.co.in Email has 3 mandatory parts (abc, bl & co) and 2 optional (xyz & in) with precise @ and . positions 
Wrong Input : E.g. abc.xyz@bl.co.in Email has 3 mandatory parts (abc, bl & co) and 2 optional (xyz & in) with precise @ and . positions 
Wrong Input : E.g. abc.xyz@bl.co.in Email has 3 mandatory parts (abc, bl & co) and 2 optional (xyz & in) with precise @ and . positions 
Wrong Input : E.g. abc.xyz@bl.co.in Email has 3 mandatory parts (abc, bl & co) and 2 optional (xyz & in) with precise @ and . positions 
Wrong Input : E.g. abc.xyz@bl.co.in Email has 3 mandatory parts (abc, bl & co) and 2 optional (xyz & in) with precise @ and . positions 
Wrong Input : E.g. abc.xyz@bl.co.in Email has 3 mandatory parts (abc, bl & co) and 2 optional (xyz & in) with precise @ and . positions 
Wrong Input : E.g. abc.xyz@bl.co.in Email has 3 mandatory parts (abc, bl & co) and 2 optional (xyz & in) with precise @ and . positions 
Wrong Input : E.g. abc.xyz@bl.co.in Email has 3 mandatory parts (abc, bl & co) and 2 optional (xyz & in) with precise @ and . positions 
Wrong Input : E.g. abc.xyz@bl.co.in Email has 3 mandatory parts (abc, bl & co) and 2 optional (xyz & in) with precise @ and . positions 
Wrong Input : E.g. abc.xyz@bl.co.in Email has 3 mandatory parts (abc, bl & co) and 2 optional (xyz & in) with precise @ and . positions 
Wrong Input : E.g. abc.xyz@bl.co.in Email has 3 mandatory parts (abc, bl & co) and 2 optional (xyz & in) with precise @ and . positions 
Wrong Input : E.g. abc.xyz@bl.co.in Email has 3 mandatory parts (abc, bl & co) and 2 optional (xyz & in) with precise @ and . positions 
Wrong Input : E.g. abc.xyz@bl.co.in Email has 3 mandatory parts (abc, bl & co) and 2 optional (xyz & in) with precise @ and . positions 
Wrong Input : E.g. abc.xyz@bl.co.in Email has 3 mandatory parts (abc, bl & co) and 2 optional (xyz & in) with precise @ and . positions 
Wrong Input : E.g. abc.xyz@bl.co.in Email has 3 mandatory parts (abc, bl & co) and 2 optional (xyz & in) with precise @ and . positions 
Wrong Input : E.g. abc.xyz@bl.co.in Email has 3 mandatory parts (abc, bl & co) and 2 optional (xyz & in) with precise @ and . positions 
Wrong Input : E.g. abc.xyz@bl.co.in Email has 3 mandatory parts (abc, bl & co) and 2 optional (xyz & in) with precise @ and . positions 
Wrong Input : E.g. abc.xyz@bl.co.in Email has 3 mandatory parts (abc, bl & co) and 2 optional (xyz & in) with precise @ and . positions 
Wrong Input : E.g. abc.xyz@bl.co.in Email has 3 mandatory parts (abc, bl & co) and 2 optional (xyz & in) with precise @ and . positions 
Wrong Input : E.g. abc.xyz@bl.co.in Email has 3 mandatory parts (abc, bl & co) and 2 optional (xyz & in) with precise @ and . positions 
Wrong Input : E.g. abc.xyz@bl.co.in Email has 3 mandatory parts (abc, bl & co) and 2 optional (xyz & in) with precise @ and . positions 
Wrong Input : E.g. abc.xyz@bl.co.in Email has 3 mandatory parts (abc, bl & co) and 2 optional (xyz & in) with precise @ and . positions 
Wrong Input : E.g. abc.xyz@bl.co.in Email has 3 mandatory parts (abc, bl & co) and 2 optional (xyz & in) with precise @ and . positions 
Wrong Input : E.g. abc.xyz@bl.co.in Email has 3 mandatory parts (abc, bl & co) and 2 optional (xyz & in) with precise @ and . positions 
Wrong Input : E.g. abc.xyz@bl.co.in Email has 3 mandatory parts (abc, bl & co) and 2 optional (xyz & in) with precise @ and . positions 
Wrong Input : E.g. abc.xyz@bl.co.in Email has 3 mandatory parts (abc, bl & co) and 2 optional (xyz & in) with precise @ and . positions 
Wrong Input : E.g. abc.xyz@bl.co.in Email has 3 mandatory parts (abc, bl & co) and 2 optional (xyz & in) with precise @ and . positions 
Wrong Input : E.g. abc.xyz@bl.co.in Email has 3 mandatory parts (abc, bl & co) and 2 optional (xyz & in) with precise @ and . positions 
Wrong Input : E.g. abc.xyz@bl.co.in Email has 3 mandatory parts (abc, bl & co) and 2 optional (xyz & in) with precise @ and . positions 
Wrong Input : E.g. abc.xyz@bl.co.in Email has 3 mandatory parts (abc, bl & co) and 2 optional (xyz & in) with precise @ and . positions 
Wrong Input : E.g. abc.xyz@bl.co.in Email has 3 mandatory parts (abc, bl & co) and 2 optional (xyz & in) with precise @ and . positions 
Wrong Input : E.g. abc.xyz@bl.co.in Email has 3 mandatory parts (abc, bl & co) and 2 optional (xyz & in) with precise @ and . positions 
Wrong Input : E.g. abc.xyz@bl.co.in Email has 3 mandatory parts (abc, bl & co) and 2 optional (xyz & in) with precise @ and . positions 
Wrong Input : E.g. abc.xyz@bl.co.in Email has 3 mandatory parts (abc, bl & co) and 2 optional (xyz & in) with precise @ and . positions 
Wrong Input : E.g. abc.xyz@bl.co.in Email has 3 mandatory parts (abc, bl & co) and 2 optional (xyz & in) with precise @ and . positions 
Wrong Input : E.g. abc.xyz@bl.co.in Email has 3 mandatory parts (abc, bl & co) and 2 optional (xyz & in) with precise @ and . positions 
Wrong Input : E.g. abc.xyz@bl.co.in Email has 3 mandatory parts (abc, bl & co) and 2 optional (xyz & in) with precise @ and . positions 
Wrong Input : E.g. abc.xyz@bl.co.in Email has 3 mandatory parts (abc, bl & co) and 2 optional (xyz & in) with precise @ and . positions 
Wrong Input : E.g. abc.xyz@bl.co.in Email has 3 mandatory parts (abc, bl & co) and 2 optional (xyz & in) with precise @ and . positions 
Wrong Input : E.g. abc.xyz@bl.co.in Email has 3 mandatory parts (abc, bl & co) and 2 optional (xyz & in) with precise @ and . positions 
Wrong Input : E.g. abc.xyz@bl.co.in Email has 3 mandatory parts (abc, bl & co) and 2 optional (xyz & in) with precise @ and . positions 
Wrong Input : E.g. abc.xyz@bl.co.in Email has 3 mandatory parts (abc, bl & co) and 2 optional (xyz & in) with precise @ and . positions 
Wrong Input : E.g. abc.xyz@bl.co.in Email has 3 mandatory parts (abc, bl & co) and 2 optional (xyz & in) with precise @ and . positions 
Wrong Input : E.g. abc.xyz@bl.co.in Email has 3 mandatory parts (abc, bl & co) and 2 optional (xyz & in) with precise @ and . positions 
Wrong Input : E.g. abc.xyz@bl.co.in Email has 3 mandatory parts (abc, bl & co) and 2 optional (xyz & in) with precise @ and . positions 
Wrong Input : E.g. abc.xyz@bl.co.in Email has 3 mandatory parts (abc, bl & co) and 2 optional (xyz & in) with precise @ and . positions 
Wrong Input : E.g. abc.xyz@bl.co.in Email has 3 mandatory parts (abc, bl & co) and 2 optional (xyz & in) with precise @ and . positions 
Wrong Input : E.g. abc.xyz@bl.co.in Email has 3 mandatory parts (abc, bl & co) and 2 optional (xyz & in) with precise @ and . positions 
Wrong Input : E.g. abc.xyz@bl.co.in Email has 3 mandatory parts (abc, bl & co) and 2 optional (xyz & in) with precise @ and . positions 
Wrong Input : E.g. abc.xyz@bl.co.in Email has 3 mandatory parts (abc, bl & co) and 2 optional (xyz & in) with precise @ and . positions 
Wrong Input : E.g. abc.xyz@bl.co.in Email has 3 mandatory parts (abc, bl & co) and 2 optional (xyz & in) with precise @ and . positions 
Wrong Input : E.g. abc.xyz@bl.co.in Email has 3 mandatory parts (abc, bl & co) and 2 optional (xyz & in) with precise @ and . positions 
Wrong Input : E.g. abc.xyz@bl.co.in Email has 3 mandatory parts (abc, bl & co) and 2 optional (xyz & in) with precise @ and . positions 
Wrong Input : E.g. abc.xyz@bl.co.in Email has 3 mandatory parts (abc, bl & co) and 2 optional (xyz & in) with precise @ and . positions 
Wrong Input : E.g. abc.xyz@bl.co.in Email has 3 mandatory parts (abc, bl & co) and 2 optional (xyz & in) with precise @ and . positions 
Wrong Input : E.g. abc.xyz@bl.co.in Email has 3 mandatory parts (abc, bl & co) and 2 optional (xyz & in) with precise @ and . positions 
Wrong Input : E.g. abc.xyz@bl.co.in Email has 3 mandatory parts (abc, bl & co) and 2 optional (xyz & in) with precise @ and . positions 
Wrong Input : E.g. abc.xyz@bl.co.in Email has 3 mandatory parts (abc, bl & co) and 2 optional (xyz & in) with precise @ and . positions 
Wrong Input : E.g. abc.xyz@bl.co.in Email has 3 mandatory parts (abc, bl & co) and 2 optional (xyz & in) with precise @ and . positions 
Wrong Input : E.g. abc.xyz@bl.co.in Email has 3 mandatory parts (abc, bl & co) and 2 optional (xyz & in) with precise @ and . positions 
Wrong Input : E.g. abc.xyz@bl.co.in Email has 3 mandatory parts (abc, bl & co) and 2 optional (xyz & in) with precise @ and . positions 
Wrong Input : E.g. abc.xyz@bl.co.in Email has 3 mandatory parts (abc, bl & co) and 2 optional (xyz & in) with precise @ and . positions 
Wrong Input : E.g. abc.xyz@bl.co.in Email has 3 mandatory parts (abc, bl & co) and 2 optional (xyz & in) with precise @ and . positions 
Wrong Input : E.g. abc.xyz@bl.co.in Email has 3 mandatory parts (abc, bl & co) and 2 optional (xyz & in) with precise @ and . positions 
Wrong Input : E.g. abc.xyz@bl.co.in Email has 3 mandatory parts (abc, bl & co) and 2 optional (xyz & in) with precise @ and . positions 
Wrong Input : E.g. abc.xyz@bl.co.in Email has 3 mandatory parts (abc, bl & co) and 2 optional (xyz & in) with precise @ and . positions 
Wrong Input : E.g. abc.xyz@bl.co.in Email has 3 mandatory parts (abc, bl & co) and 2 optional (xyz & in) with precise @ and . positions 
Wrong Input : E.g. abc.xyz@bl.co.in Email has 3 mandatory parts (abc, bl & co) and 2 optional (xyz & in) with precise @ and . positions 
Wrong Input : E.g. abc.xyz@bl.co.in Email has 3 mandatory parts (abc, bl & co) and 2 optional (xyz & in) with precise @ and . positions 
Wrong Input : E.g. abc.xyz@bl.co.in Email has 3 mandatory parts (abc, bl & co) and 2 optional (xyz & in) with precise @ and . positions 
Wrong Input : E.g. abc.xyz@bl.co.in Email has 3 mandatory parts (abc, bl & co) and 2 optional (xyz & in) with precise @ and . positions 
Wrong Input : E.g. abc.xyz@bl.co.in Email has 3 mandatory parts (abc, bl & co) and 2 optional (xyz & in) with precise @ and . positions 
Wrong Input : E.g. abc.xyz@bl.co.in Email has 3 mandatory parts (abc, bl & co) and 2 optional (xyz & in) with precise @ and . positions 
Wrong Input : E.g. abc.xyz@bl.co.in Email has 3 mandatory parts (abc, bl & co) and 2 optional (xyz & in) with precise @ and . positions 
Wrong Input : E.g. abc.xyz@bl.co.in Email has 3 mandatory parts (abc, bl & co) and 2 optional (xyz & in) with precise @ and . positions 
Wrong Input : E.g. abc.xyz@bl.co.in Email has 3 mandatory parts (abc, bl & co) and 2 optional (xyz & in) with precise @ and . positions 
Wrong Input : E.g. abc.xyz@bl.co.in Email has 3 mandatory parts (abc, bl & co) and 2 optional (xyz & in) with precise @ and . positions 
Wrong Input : E.g. abc.xyz@bl.co.in Email has 3 mandatory parts (abc, bl & co) and 2 optional (xyz & in) with precise @ and . positions 
Wrong Input : E.g. abc.xyz@bl.co.in Email has 3 mandatory parts (abc, bl & co) and 2 optional (xyz & in) with precise @ and . positions 
Wrong Input : E.g. abc.xyz@bl.co.in Email has 3 mandatory parts (abc, bl & co) and 2 optional (xyz & in) with precise @ and . positions 
Wrong Input : E.g. abc.xyz@bl.co.in Email has 3 mandatory parts (abc, bl & co) and 2 optional (xyz & in) with precise @ and . positions 
Wrong Input : E.g. abc.xyz@bl.co.in Email has 3 mandatory parts (abc, bl & co) and 2 optional (xyz & in) with precise @ and . positions 
Wrong Input : E.g. abc.xyz@bl.co.in Email has 3 mandatory parts (abc, bl & co) and 2 optional (xyz & in) with precise @ and . positions 
Wrong Input : E.g. abc.xyz@bl.co.in Email has 3 mandatory parts (abc, bl & co) and 2 optional (xyz & in) with precise @ and . positions 
Wrong Input : E.g. abc.xyz@bl.co.in Email has 3 mandatory parts (abc, bl & co) and 2 optional (xyz & in) with precise @ and . positions 
Wrong Input : E.g. abc.xyz@bl.co.in Email has 3 mandatory parts (abc, bl & co) and 2 optional (xyz & in) with precise @ and . positions 
Wrong Input : E.g. abc.xyz@bl.co.in Email has 3 mandatory parts (abc, bl & co) and 2 optional (xyz & in) with precise @ and . positions 
Wrong Input : E.g. abc.xyz@bl.co.in Email has 3 mandatory parts (abc, bl & co) and 2 optional (xyz & in) with precise @ and . positions 
Wrong Input : E.g. abc.xyz@bl.co.in Email has 3 mandatory parts (abc, bl & co) and 2 optional (xyz & in) with precise @ and . positions 
Wrong Input : E.g. abc.xyz@bl.co.in Email has 3 mandatory parts (abc, bl & co) and 2 optional (xyz & in) with precise @ and . positions 
Wrong Input : E.g. abc.xyz@bl.co.in Email has 3 mandatory parts (abc, bl & co) and 2 optional (xyz & in) with precise @ and . positions 
Wrong Input : E.g. abc.xyz@bl.co.in Email has 3 mandatory parts (abc, bl & co) and 2 optional (xyz & in) with precise @ and . positions 
Wrong Input : E.g. abc.xyz@bl.co.in Email has 3 mandatory parts (abc, bl & co) and 2 optional (xyz & in) with precise @ and . positions 
Wrong Input : E.g. abc.xyz@bl.co.in Email has 3 mandatory parts (abc, bl & co) and 2 optional (xyz & in) with precise @ and . positions 
Wrong Input : E.g. abc.xyz@bl.co.in Email has 3 mandatory parts (abc, bl & co) and 2 optional (xyz & in) with precise @ and . positions 
Wrong Input : E.g. abc.xyz@bl.co.in Email has 3 mandatory parts (abc, bl & co) and 2 optional (xyz & in) with precise @ and . positions 
Wrong Input : E.g. abc.xyz@bl.co.in Email has 3 mandatory parts (abc, bl & co) and 2 optional (xyz & in) with precise @ and . positions 
Wrong Input : E.g. abc.xyz@bl.co.in Email has 3 mandatory parts (abc, bl & co) and 2 optional (xyz & in) with precise @ and . positions 
Wrong Input : E.g. abc.xyz@bl.co.in Email has 3 mandatory parts (abc, bl & co) and 2 optional (xyz & in) with precise @ and . positions 
Wrong Input : E.g. abc.xyz@bl.co.in Email has 3 mandatory parts (abc, bl & co) and 2 optional (xyz & in) with precise @ and . positions 
Wrong Input : E.g. abc.xyz@bl.co.in Email has 3 mandatory parts (abc, bl & co) and 2 optional (xyz & in) with precise @ and . positions 
Wrong Input : E.g. abc.xyz@bl.co.in Email has 3 mandatory parts (abc, bl & co) and 2 optional (xyz & in) with precise @ and . positions 
Wrong Input : E.g. abc.xyz@bl.co.in Email has 3 mandatory parts (abc, bl & co) and 2 optional (xyz & in) with precise @ and . positions 
Wrong Input : E.g. abc.xyz@bl.co.in Email has 3 mandatory parts (abc, bl & co) and 2 optional (xyz & in) with precise @ and . positions 
Wrong Input : E.g. abc.xyz@bl.co.in Email has 3 mandatory parts (abc, bl & co) and 2 optional (xyz & in) with precise @ and . positions 
Wrong Input : E.g. abc.xyz@bl.co.in Email has 3 mandatory parts (abc, bl & co) and 2 optional (xyz & in) with precise @ and . positions 
Wrong Input : E.g. abc.xyz@bl.co.in Email has 3 mandatory parts (abc, bl & co) and 2 optional (xyz & in) with precise @ and . positions 
Wrong Input : E.g. abc.xyz@bl.co.in Email has 3 mandatory parts (abc, bl & co) and 2 optional (xyz & in) with precise @ and . positions 
Wrong Input : E.g. abc.xyz@bl.co.in Email has 3 mandatory parts (abc, bl & co) and 2 optional (xyz & in) with precise @ and . positions 
Wrong Input : E.g. abc.xyz@bl.co.in Email has 3 mandatory parts (abc, bl & co) and 2 optional (xyz & in) with precise @ and . positions 
Wrong Input : E.g. abc.xyz@bl.co.in Email has 3 mandatory parts (abc, bl & co) and 2 optional (xyz & in) with precise @ and . positions 
Wrong Input : E.g. abc.xyz@bl.co.in Email has 3 mandatory parts (abc, bl & co) and 2 optional (xyz & in) with precise @ and . positions 
Wrong Input : E.g. abc.xyz@bl.co.in Email has 3 mandatory parts (abc, bl & co) and 2 optional (xyz & in) with precise @ and . positions 
Wrong Input : E.g. abc.xyz@bl.co.in Email has 3 mandatory parts (abc, bl & co) and 2 optional (xyz & in) with precise @ and . positions 
Wrong Input : E.g. abc.xyz@bl.co.in Email has 3 mandatory parts (abc, bl & co) and 2 optional (xyz & in) with precise @ and . positions 
Wrong Input : E.g. abc.xyz@bl.co.in Email has 3 mandatory parts (abc, bl & co) and 2 optional (xyz & in) with precise @ and . positions 
Wrong Input : E.g. abc.xyz@bl.co.in Email has 3 mandatory parts (abc, bl & co) and 2 optional (xyz & in) with precise @ and . positions 
Wrong Input : E.g. abc.xyz@bl.co.in Email has 3 mandatory parts (abc, bl & co) and 2 optional (xyz & in) with precise @ and . positions 
Wrong Input : E.g. abc.xyz@bl.co.in Email has 3 mandatory parts (abc, bl & co) and 2 optional (xyz & in) with precise @ and . positions 
Wrong Input : E.g. abc.xyz@bl.co.in Email has 3 mandatory parts (abc, bl & co) and 2 optional (xyz & in) with precise @ and . positions 
Wrong Input : E.g. abc.xyz@bl.co.in Email has 3 mandatory parts (abc, bl & co) and 2 optional (xyz & in) with precise @ and . positions 
Wrong Input : E.g. abc.xyz@bl.co.in Email has 3 mandatory parts (abc, bl & co) and 2 optional (xyz & in) with precise @ and . positions 
Wrong Input : E.g. abc.xyz@bl.co.in Email has 3 mandatory parts (abc, bl & co) and 2 optional (xyz & in) with precise @ and . positions 
Wrong Input : E.g. abc.xyz@bl.co.in Email has 3 mandatory parts (abc, bl & co) and 2 optional (xyz & in) with precise @ and . positions 
Wrong Input : E.g. abc.xyz@bl.co.in Email has 3 mandatory parts (abc, bl & co) and 2 optional (xyz & in) with precise @ and . positions 
Wrong Input : E.g. abc.xyz@bl.co.in Email has 3 mandatory parts (abc, bl & co) and 2 optional (xyz & in) with precise @ and . positions 
Wrong Input : E.g. abc.xyz@bl.co.in Email has 3 mandatory parts (abc, bl & co) and 2 optional (xyz & in) with precise @ and . positions 
Wrong Input : E.g. abc.xyz@bl.co.in Email has 3 mandatory parts (abc, bl & co) and 2 optional (xyz & in) with precise @ and . positions 
Wrong Input : E.g. abc.xyz@bl.co.in Email has 3 mandatory parts (abc, bl & co) and 2 optional (xyz & in) with precise @ and . positions 
Wrong Input : E.g. abc.xyz@bl.co.in Email has 3 mandatory parts (abc, bl & co) and 2 optional (xyz & in) with precise @ and . positions 
Wrong Input : E.g. abc.xyz@bl.co.in Email has 3 mandatory parts (abc, bl & co) and 2 optional (xyz & in) with precise @ and . positions 
Wrong Input : E.g. abc.xyz@bl.co.in Email has 3 mandatory parts (abc, bl & co) and 2 optional (xyz & in) with precise @ and . positions 
Wrong Input : E.g. abc.xyz@bl.co.in Email has 3 mandatory parts (abc, bl & co) and 2 optional (xyz & in) with precise @ and . positions 
Wrong Input : E.g. abc.xyz@bl.co.in Email has 3 mandatory parts (abc, bl & co) and 2 optional (xyz & in) with precise @ and . positions 
Wrong Input : E.g. abc.xyz@bl.co.in Email has 3 mandatory parts (abc, bl & co) and 2 optional (xyz & in) with precise @ and . positions 
Wrong Input : E.g. abc.xyz@bl.co.in Email has 3 mandatory parts (abc, bl & co) and 2 optional (xyz & in) with precise @ and . positions 
Wrong Input : E.g. abc.xyz@bl.co.in Email has 3 mandatory parts (abc, bl & co) and 2 optional (xyz & in) with precise @ and . positions 
Wrong Input : E.g. abc.xyz@bl.co.in Email has 3 mandatory parts (abc, bl & co) and 2 optional (xyz & in) with precise @ and . positions 
Wrong Input : E.g. abc.xyz@bl.co.in Email has 3 mandatory parts (abc, bl & co) and 2 optional (xyz & in) with precise @ and . positions 
Wrong Input : E.g. abc.xyz@bl.co.in Email has 3 mandatory parts (abc, bl & co) and 2 optional (xyz & in) with precise @ and . positions 
Wrong Input : E.g. abc.xyz@bl.co.in Email has 3 mandatory parts (abc, bl & co) and 2 optional (xyz & in) with precise @ and . positions 
Wrong Input : E.g. abc.xyz@bl.co.in Email has 3 mandatory parts (abc, bl & co) and 2 optional (xyz & in) with precise @ and . positions 
Wrong Input : E.g. abc.xyz@bl.co.in Email has 3 mandatory parts (abc, bl & co) and 2 optional (xyz & in) with precise @ and . positions 
Wrong Input : E.g. abc.xyz@bl.co.in Email has 3 mandatory parts (abc, bl & co) and 2 optional (xyz & in) with precise @ and . positions 
Wrong Input : E.g. abc.xyz@bl.co.in Email has 3 mandatory parts (abc, bl & co) and 2 optional (xyz & in) with precise @ and . positions 
Wrong Input : E.g. abc.xyz@bl.co.in Email has 3 mandatory parts (abc, bl & co) and 2 optional (xyz & in) with precise @ and . positions 
Wrong Input : E.g. abc.xyz@bl.co.in Email has 3 mandatory parts (abc, bl & co) and 2 optional (xyz & in) with precise @ and . positions 
Wrong Input : E.g. abc.xyz@bl.co.in Email has 3 mandatory parts (abc, bl & co) and 2 optional (xyz & in) with precise @ and . positions 
Wrong Input : E.g. abc.xyz@bl.co.in Email has 3 mandatory parts (abc, bl & co) and 2 optional (xyz & in) with precise @ and . positions 
Wrong Input : E.g. abc.xyz@bl.co.in Email has 3 mandatory parts (abc, bl & co) and 2 optional (xyz & in) with precise @ and . positions 
Wrong Input : E.g. abc.xyz@bl.co.in Email has 3 mandatory parts (abc, bl & co) and 2 optional (xyz & in) with precise @ and . positions 
Wrong Input : E.g. abc.xyz@bl.co.in Email has 3 mandatory parts (abc, bl & co) and 2 optional (xyz & in) with precise @ and . positions 
Wrong Input : E.g. abc.xyz@bl.co.in Email has 3 mandatory parts (abc, bl & co) and 2 optional (xyz & in) with precise @ and . positions 
Wrong Input : E.g. abc.xyz@bl.co.in Email has 3 mandatory parts (abc, bl & co) and 2 optional (xyz & in) with precise @ and . positions 
Wrong Input : E.g. abc.xyz@bl.co.in Email has 3 mandatory parts (abc, bl & co) and 2 optional (xyz & in) with precise @ and . positions 
Wrong Input : E.g. abc.xyz@bl.co.in Email has 3 mandatory parts (abc, bl & co) and 2 optional (xyz & in) with precise @ and . positions 
Wrong Input : E.g. abc.xyz@bl.co.in Email has 3 mandatory parts (abc, bl & co) and 2 optional (xyz & in) with precise @ and . positions 
Wrong Input : E.g. abc.xyz@bl.co.in Email has 3 mandatory parts (abc, bl & co) and 2 optional (xyz & in) with precise @ and . positions 
Wrong Input : E.g. abc.xyz@bl.co.in Email has 3 mandatory parts (abc, bl & co) and 2 optional (xyz & in) with precise @ and . positions 
Wrong Input : E.g. abc.xyz@bl.co.in Email has 3 mandatory parts (abc, bl & co) and 2 optional (xyz & in) with precise @ and . positions 
Wrong Input : E.g. abc.xyz@bl.co.in Email has 3 mandatory parts (abc, bl & co) and 2 optional (xyz & in) with precise @ and . positions 
Wrong Input : E.g. abc.xyz@bl.co.in Email has 3 mandatory parts (abc, bl & co) and 2 optional (xyz & in) with precise @ and . positions 
Wrong Input : E.g. abc.xyz@bl.co.in Email has 3 mandatory parts (abc, bl & co) and 2 optional (xyz & in) with precise @ and . positions 
Wrong Input : E.g. abc.xyz@bl.co.in Email has 3 mandatory parts (abc, bl & co) and 2 optional (xyz & in) with precise @ and . positions 
Wrong Input : E.g. abc.xyz@bl.co.in Email has 3 mandatory parts (abc, bl & co) and 2 optional (xyz & in) with precise @ and . positions 
Wrong Input : E.g. abc.xyz@bl.co.in Email has 3 mandatory parts (abc, bl & co) and 2 optional (xyz & in) with precise @ and . positions 
Wrong Input : E.g. abc.xyz@bl.co.in Email has 3 mandatory parts (abc, bl & co) and 2 optional (xyz & in) with precise @ and . positions 
Wrong Input : E.g. abc.xyz@bl.co.in Email has 3 mandatory parts (abc, bl & co) and 2 optional (xyz & in) with precise @ and . positions 
Wrong Input : E.g. abc.xyz@bl.co.in Email has 3 mandatory parts (abc, bl & co) and 2 optional (xyz & in) with precise @ and . positions 
Wrong Input : E.g. abc.xyz@bl.co.in Email has 3 mandatory parts (abc, bl & co) and 2 optional (xyz & in) with precise @ and . positions 
Wrong Input : E.g. abc.xyz@bl.co.in Email has 3 mandatory parts (abc, bl & co) and 2 optional (xyz & in) with precise @ and . positions 
Wrong Input : E.g. abc.xyz@bl.co.in Email has 3 mandatory parts (abc, bl & co) and 2 optional (xyz & in) with precise @ and . positions 
Wrong Input : E.g. abc.xyz@bl.co.in Email has 3 mandatory parts (abc, bl & co) and 2 optional (xyz & in) with precise @ and . positions 
Wrong Input : E.g. abc.xyz@bl.co.in Email has 3 mandatory parts (abc, bl & co) and 2 optional (xyz & in) with precise @ and . positions 
Wrong Input : E.g. abc.xyz@bl.co.in Email has 3 mandatory parts (abc, bl & co) and 2 optional (xyz & in) with precise @ and . positions 
Wrong Input : E.g. abc.xyz@bl.co.in Email has 3 mandatory parts (abc, bl & co) and 2 optional (xyz & in) with precise @ and . positions 
Wrong Input : E.g. abc.xyz@bl.co.in Email has 3 mandatory parts (abc, bl & co) and 2 optional (xyz & in) with precise @ and . positions 
Wrong Input : E.g. abc.xyz@bl.co.in Email has 3 mandatory parts (abc, bl & co) and 2 optional (xyz & in) with precise @ and . positions 
Wrong Input : E.g. abc.xyz@bl.co.in Email has 3 mandatory parts (abc, bl & co) and 2 optional (xyz & in) with precise @ and . positions 
Wrong Input : E.g. abc.xyz@bl.co.in Email has 3 mandatory parts (abc, bl & co) and 2 optional (xyz & in) with precise @ and . positions 
Wrong Input : E.g. abc.xyz@bl.co.in Email has 3 mandatory parts (abc, bl & co) and 2 optional (xyz & in) with precise @ and . positions 
Wrong Input : E.g. abc.xyz@bl.co.in Email has 3 mandatory parts (abc, bl & co) and 2 optional (xyz & in) with precise @ and . positions 
Wrong Input : E.g. abc.xyz@bl.co.in Email has 3 mandatory parts (abc, bl & co) and 2 optional (xyz & in) with precise @ and . positions 
Wrong Input : E.g. abc.xyz@bl.co.in Email has 3 mandatory parts (abc, bl & co) and 2 optional (xyz & in) with precise @ and . positions 
Wrong Input : E.g. abc.xyz@bl.co.in Email has 3 mandatory parts (abc, bl & co) and 2 optional (xyz & in) with precise @ and . positions 
Wrong Input : E.g. abc.xyz@bl.co.in Email has 3 mandatory parts (abc, bl & co) and 2 optional (xyz & in) with precise @ and . positions 
Wrong Input : E.g. abc.xyz@bl.co.in Email has 3 mandatory parts (abc, bl & co) and 2 optional (xyz & in) with precise @ and . positions 
Wrong Input : E.g. abc.xyz@bl.co.in Email has 3 mandatory parts (abc, bl & co) and 2 optional (xyz & in) with precise @ and . positions 
Wrong Input : E.g. abc.xyz@bl.co.in Email has 3 mandatory parts (abc, bl & co) and 2 optional (xyz & in) with precise @ and . positions 
Wrong Input : E.g. abc.xyz@bl.co.in Email has 3 mandatory parts (abc, bl & co) and 2 optional (xyz & in) with precise @ and . positions 
Wrong Input : E.g. abc.xyz@bl.co.in Email has 3 mandatory parts (abc, bl & co) and 2 optional (xyz & in) with precise @ and . positions 
Wrong Input : E.g. abc.xyz@bl.co.in Email has 3 mandatory parts (abc, bl & co) and 2 optional (xyz & in) with precise @ and . positions 
Wrong Input : E.g. abc.xyz@bl.co.in Email has 3 mandatory parts (abc, bl & co) and 2 optional (xyz & in) with precise @ and . positions 
Wrong Input : E.g. abc.xyz@bl.co.in Email has 3 mandatory parts (abc, bl & co) and 2 optional (xyz & in) with precise @ and . positions 
Wrong Input : E.g. abc.xyz@bl.co.in Email has 3 mandatory parts (abc, bl & co) and 2 optional (xyz & in) with precise @ and . positions 
Wrong Input : E.g. abc.xyz@bl.co.in Email has 3 mandatory parts (abc, bl & co) and 2 optional (xyz & in) with precise @ and . positions 
Wrong Input : E.g. abc.xyz@bl.co.in Email has 3 mandatory parts (abc, bl & co) and 2 optional (xyz & in) with precise @ and . positions 
Wrong Input : E.g. abc.xyz@bl.co.in Email has 3 mandatory parts (abc, bl & co) and 2 optional (xyz & in) with precise @ and . positions 
Wrong Input : E.g. abc.xyz@bl.co.in Email has 3 mandatory parts (abc, bl & co) and 2 optional (xyz & in) with precise @ and . positions 
Wrong Input : E.g. abc.xyz@bl.co.in Email has 3 mandatory parts (abc, bl & co) and 2 optional (xyz & in) with precise @ and . positions 
Wrong Input : E.g. abc.xyz@bl.co.in Email has 3 mandatory parts (abc, bl & co) and 2 optional (xyz & in) with precise @ and . positions 
Wrong Input : E.g. abc.xyz@bl.co.in Email has 3 mandatory parts (abc, bl & co) and 2 optional (xyz & in) with precise @ and . positions 
Wrong Input : E.g. abc.xyz@bl.co.in Email has 3 mandatory parts (abc, bl & co) and 2 optional (xyz & in) with precise @ and . positions 
Wrong Input : E.g. abc.xyz@bl.co.in Email has 3 mandatory parts (abc, bl & co) and 2 optional (xyz & in) with precise @ and . positions 
Wrong Input : E.g. abc.xyz@bl.co.in Email has 3 mandatory parts (abc, bl & co) and 2 optional (xyz & in) with precise @ and . positions 
Wrong Input : E.g. abc.xyz@bl.co.in Email has 3 mandatory parts (abc, bl & co) and 2 optional (xyz & in) with precise @ and . positions 
Wrong Input : E.g. abc.xyz@bl.co.in Email has 3 mandatory parts (abc, bl & co) and 2 optional (xyz & in) with precise @ and . positions 
Wrong Input : E.g. abc.xyz@bl.co.in Email has 3 mandatory parts (abc, bl & co) and 2 optional (xyz & in) with precise @ and . positions 
Wrong Input : E.g. abc.xyz@bl.co.in Email has 3 mandatory parts (abc, bl & co) and 2 optional (xyz & in) with precise @ and . positions 
Wrong Input : E.g. abc.xyz@bl.co.in Email has 3 mandatory parts (abc, bl & co) and 2 optional (xyz & in) with precise @ and . positions 
Wrong Input : E.g. abc.xyz@bl.co.in Email has 3 mandatory parts (abc, bl & co) and 2 optional (xyz & in) with precise @ and . positions 
Wrong Input : E.g. abc.xyz@bl.co.in Email has 3 mandatory parts (abc, bl & co) and 2 optional (xyz & in) with precise @ and . positions 
Wrong Input : E.g. abc.xyz@bl.co.in Email has 3 mandatory parts (abc, bl & co) and 2 optional (xyz & in) with precise @ and . positions 
Wrong Input : E.g. abc.xyz@bl.co.in Email has 3 mandatory parts (abc, bl & co) and 2 optional (xyz & in) with precise @ and . positions 
Wrong Input : E.g. abc.xyz@bl.co.in Email has 3 mandatory parts (abc, bl & co) and 2 optional (xyz & in) with precise @ and . positions 
Wrong Input : E.g. abc.xyz@bl.co.in Email has 3 mandatory parts (abc, bl & co) and 2 optional (xyz & in) with precise @ and . positions 
Wrong Input : E.g. abc.xyz@bl.co.in Email has 3 mandatory parts (abc, bl & co) and 2 optional (xyz & in) with precise @ and . positions 
Wrong Input : E.g. abc.xyz@bl.co.in Email has 3 mandatory parts (abc, bl & co) and 2 optional (xyz & in) with precise @ and . positions 
Wrong Input : E.g. abc.xyz@bl.co.in Email has 3 mandatory parts (abc, bl & co) and 2 optional (xyz & in) with precise @ and . positions 
Wrong Input : E.g. abc.xyz@bl.co.in Email has 3 mandatory parts (abc, bl & co) and 2 optional (xyz & in) with precise @ and . positions 
Wrong Input : E.g. abc.xyz@bl.co.in Email has 3 mandatory parts (abc, bl & co) and 2 optional (xyz & in) with precise @ and . positions 
Wrong Input : E.g. abc.xyz@bl.co.in Email has 3 mandatory parts (abc, bl & co) and 2 optional (xyz & in) with precise @ and . positions 
Wrong Input : E.g. abc.xyz@bl.co.in Email has 3 mandatory parts (abc, bl & co) and 2 optional (xyz & in) with precise @ and . positions 
Wrong Input : E.g. abc.xyz@bl.co.in Email has 3 mandatory parts (abc, bl & co) and 2 optional (xyz & in) with precise @ and . positions 
Wrong Input : E.g. abc.xyz@bl.co.in Email has 3 mandatory parts (abc, bl & co) and 2 optional (xyz & in) with precise @ and . positions 
Wrong Input : E.g. abc.xyz@bl.co.in Email has 3 mandatory parts (abc, bl & co) and 2 optional (xyz & in) with precise @ and . positions 
Wrong Input : E.g. abc.xyz@bl.co.in Email has 3 mandatory parts (abc, bl & co) and 2 optional (xyz & in) with precise @ and . positions 
Wrong Input : E.g. abc.xyz@bl.co.in Email has 3 mandatory parts (abc, bl & co) and 2 optional (xyz & in) with precise @ and . positions 
Wrong Input : E.g. abc.xyz@bl.co.in Email has 3 mandatory parts (abc, bl & co) and 2 optional (xyz & in) with precise @ and . positions 
Wrong Input : E.g. abc.xyz@bl.co.in Email has 3 mandatory parts (abc, bl & co) and 2 optional (xyz & in) with precise @ and . positions 
Wrong Input : E.g. abc.xyz@bl.co.in Email has 3 mandatory parts (abc, bl & co) and 2 optional (xyz & in) with precise @ and . positions 
Wrong Input : E.g. abc.xyz@bl.co.in Email has 3 mandatory parts (abc, bl & co) and 2 optional (xyz & in) with precise @ and . positions 
Wrong Input : E.g. abc.xyz@bl.co.in Email has 3 mandatory parts (abc, bl & co) and 2 optional (xyz & in) with precise @ and . positions 
Wrong Input : E.g. abc.xyz@bl.co.in Email has 3 mandatory parts (abc, bl & co) and 2 optional (xyz & in) with precise @ and . positions 
Wrong Input : E.g. abc.xyz@bl.co.in Email has 3 mandatory parts (abc, bl & co) and 2 optional (xyz & in) with precise @ and . positions 
Wrong Input : E.g. abc.xyz@bl.co.in Email has 3 mandatory parts (abc, bl & co) and 2 optional (xyz & in) with precise @ and . positions 
Wrong Input : E.g. abc.xyz@bl.co.in Email has 3 mandatory parts (abc, bl & co) and 2 optional (xyz & in) with precise @ and . positions 
Wrong Input : E.g. abc.xyz@bl.co.in Email has 3 mandatory parts (abc, bl & co) and 2 optional (xyz & in) with precise @ and . positions 
Wrong Input : E.g. abc.xyz@bl.co.in Email has 3 mandatory parts (abc, bl & co) and 2 optional (xyz & in) with precise @ and . positions 
Wrong Input : E.g. abc.xyz@bl.co.in Email has 3 mandatory parts (abc, bl & co) and 2 optional (xyz & in) with precise @ and . positions 
Wrong Input : E.g. abc.xyz@bl.co.in Email has 3 mandatory parts (abc, bl & co) and 2 optional (xyz & in) with precise @ and . positions 
Wrong Input : E.g. abc.xyz@bl.co.in Email has 3 mandatory parts (abc, bl & co) and 2 optional (xyz & in) with precise @ and . positions 
Wrong Input : E.g. abc.xyz@bl.co.in Email has 3 mandatory parts (abc, bl & co) and 2 optional (xyz & in) with precise @ and . positions 
Wrong Input : E.g. abc.xyz@bl.co.in Email has 3 mandatory parts (abc, bl & co) and 2 optional (xyz & in) with precise @ and . positions 
Wrong Input : E.g. abc.xyz@bl.co.in Email has 3 mandatory parts (abc, bl & co) and 2 optional (xyz & in) with precise @ and . positions 
Wrong Input : E.g. abc.xyz@bl.co.in Email has 3 mandatory parts (abc, bl & co) and 2 optional (xyz & in) with precise @ and . positions 
Wrong Input : E.g. abc.xyz@bl.co.in Email has 3 mandatory parts (abc, bl & co) and 2 optional (xyz & in) with precise @ and . positions 
Wrong Input : E.g. abc.xyz@bl.co.in Email has 3 mandatory parts (abc, bl & co) and 2 optional (xyz & in) with precise @ and . positions 
Wrong Input : E.g. abc.xyz@bl.co.in Email has 3 mandatory parts (abc, bl & co) and 2 optional (xyz & in) with precise @ and . positions 
Wrong Input : E.g. abc.xyz@bl.co.in Email has 3 mandatory parts (abc, bl & co) and 2 optional (xyz & in) with precise @ and . positions 
Wrong Input : E.g. abc.xyz@bl.co.in Email has 3 mandatory parts (abc, bl & co) and 2 optional (xyz & in) with precise @ and . positions 
Wrong Input : E.g. abc.xyz@bl.co.in Email has 3 mandatory parts (abc, bl & co) and 2 optional (xyz & in) with precise @ and . positions 
Wrong Input : E.g. abc.xyz@bl.co.in Email has 3 mandatory parts (abc, bl & co) and 2 optional (xyz & in) with precise @ and . positions 
Wrong Input : E.g. abc.xyz@bl.co.in Email has 3 mandatory parts (abc, bl & co) and 2 optional (xyz & in) with precise @ and . positions 
Wrong Input : E.g. abc.xyz@bl.co.in Email has 3 mandatory parts (abc, bl & co) and 2 optional (xyz & in) with precise @ and . positions 
Wrong Input : E.g. abc.xyz@bl.co.in Email has 3 mandatory parts (abc, bl & co) and 2 optional (xyz & in) with precise @ and . positions 
Wrong Input : E.g. abc.xyz@bl.co.in Email has 3 mandatory parts (abc, bl & co) and 2 optional (xyz & in) with precise @ and . positions 
Wrong Input : E.g. abc.xyz@bl.co.in Email has 3 mandatory parts (abc, bl & co) and 2 optional (xyz & in) with precise @ and . positions 
Wrong Input : E.g. abc.xyz@bl.co.in Email has 3 mandatory parts (abc, bl & co) and 2 optional (xyz & in) with precise @ and . positions 
Wrong Input : E.g. abc.xyz@bl.co.in Email has 3 mandatory parts (abc, bl & co) and 2 optional (xyz & in) with precise @ and . positions 
Wrong Input : E.g. abc.xyz@bl.co.in Email has 3 mandatory parts (abc, bl & co) and 2 optional (xyz & in) with precise @ and . positions 
Wrong Input : E.g. abc.xyz@bl.co.in Email has 3 mandatory parts (abc, bl & co) and 2 optional (xyz & in) with precise @ and . positions 
Wrong Input : E.g. abc.xyz@bl.co.in Email has 3 mandatory parts (abc, bl & co) and 2 optional (xyz & in) with precise @ and . positions 
Wrong Input : E.g. abc.xyz@bl.co.in Email has 3 mandatory parts (abc, bl & co) and 2 optional (xyz & in) with precise @ and . positions 
Wrong Input : E.g. abc.xyz@bl.co.in Email has 3 mandatory parts (abc, bl & co) and 2 optional (xyz & in) with precise @ and . positions 
Wrong Input : E.g. abc.xyz@bl.co.in Email has 3 mandatory parts (abc, bl & co) and 2 optional (xyz & in) with precise @ and . positions 
Wrong Input : E.g. abc.xyz@bl.co.in Email has 3 mandatory parts (abc, bl & co) and 2 optional (xyz & in) with precise @ and . positions 
Wrong Input : E.g. abc.xyz@bl.co.in Email has 3 mandatory parts (abc, bl & co) and 2 optional (xyz & in) with precise @ and . positions 
Wrong Input : E.g. abc.xyz@bl.co.in Email has 3 mandatory parts (abc, bl & co) and 2 optional (xyz & in) with precise @ and . positions 
Wrong Input : E.g. abc.xyz@bl.co.in Email has 3 mandatory parts (abc, bl & co) and 2 optional (xyz & in) with precise @ and . positions 
Wrong Input : E.g. abc.xyz@bl.co.in Email has 3 mandatory parts (abc, bl & co) and 2 optional (xyz & in) with precise @ and . positions 
Wrong Input : E.g. abc.xyz@bl.co.in Email has 3 mandatory parts (abc, bl & co) and 2 optional (xyz & in) with precise @ and . positions 
Wrong Input : E.g. abc.xyz@bl.co.in Email has 3 mandatory parts (abc, bl & co) and 2 optional (xyz & in) with precise @ and . positions 
Wrong Input : E.g. abc.xyz@bl.co.in Email has 3 mandatory parts (abc, bl & co) and 2 optional (xyz & in) with precise @ and . positions 
Wrong Input : E.g. abc.xyz@bl.co.in Email has 3 mandatory parts (abc, bl & co) and 2 optional (xyz & in) with precise @ and . positions 
Wrong Input : E.g. abc.xyz@bl.co.in Email has 3 mandatory parts (abc, bl & co) and 2 optional (xyz & in) with precise @ and . positions 
Wrong Input : E.g. abc.xyz@bl.co.in Email has 3 mandatory parts (abc, bl & co) and 2 optional (xyz & in) with precise @ and . positions 
Wrong Input : E.g. abc.xyz@bl.co.in Email has 3 mandatory parts (abc, bl & co) and 2 optional (xyz & in) with precise @ and . positions 
Wrong Input : E.g. abc.xyz@bl.co.in Email has 3 mandatory parts (abc, bl & co) and 2 optional (xyz & in) with precise @ and . positions 
Wrong Input : E.g. abc.xyz@bl.co.in Email has 3 mandatory parts (abc, bl & co) and 2 optional (xyz & in) with precise @ and . positions 
Wrong Input : E.g. abc.xyz@bl.co.in Email has 3 mandatory parts (abc, bl & co) and 2 optional (xyz & in) with precise @ and . positions 
Wrong Input : E.g. abc.xyz@bl.co.in Email has 3 mandatory parts (abc, bl & co) and 2 optional (xyz & in) with precise @ and . positions 
Wrong Input : E.g. abc.xyz@bl.co.in Email has 3 mandatory parts (abc, bl & co) and 2 optional (xyz & in) with precise @ and . positions 
Wrong Input : E.g. abc.xyz@bl.co.in Email has 3 mandatory parts (abc, bl & co) and 2 optional (xyz & in) with precise @ and . positions 
Wrong Input : E.g. abc.xyz@bl.co.in Email has 3 mandatory parts (abc, bl & co) and 2 optional (xyz & in) with precise @ and . positions 
Wrong Input : E.g. abc.xyz@bl.co.in Email has 3 mandatory parts (abc, bl & co) and 2 optional (xyz & in) with precise @ and . positions 
Wrong Input : E.g. abc.xyz@bl.co.in Email has 3 mandatory parts (abc, bl & co) and 2 optional (xyz & in) with precise @ and . positions 
Wrong Input : E.g. abc.xyz@bl.co.in Email has 3 mandatory parts (abc, bl & co) and 2 optional (xyz & in) with precise @ and . positions 
Wrong Input : E.g. abc.xyz@bl.co.in Email has 3 mandatory parts (abc, bl & co) and 2 optional (xyz & in) with precise @ and . positions 
Wrong Input : E.g. abc.xyz@bl.co.in Email has 3 mandatory parts (abc, bl & co) and 2 optional (xyz & in) with precise @ and . positions 
Wrong Input : E.g. abc.xyz@bl.co.in Email has 3 mandatory parts (abc, bl & co) and 2 optional (xyz & in) with precise @ and . positions 
Wrong Input : E.g. abc.xyz@bl.co.in Email has 3 mandatory parts (abc, bl & co) and 2 optional (xyz & in) with precise @ and . positions 
Wrong Input : E.g. abc.xyz@bl.co.in Email has 3 mandatory parts (abc, bl & co) and 2 optional (xyz & in) with precise @ and . positions 
Wrong Input : E.g. abc.xyz@bl.co.in Email has 3 mandatory parts (abc, bl & co) and 2 optional (xyz & in) with precise @ and . positions 
Wrong Input : E.g. abc.xyz@bl.co.in Email has 3 mandatory parts (abc, bl & co) and 2 optional (xyz & in) with precise @ and . positions 
Wrong Input : E.g. abc.xyz@bl.co.in Email has 3 mandatory parts (abc, bl & co) and 2 optional (xyz & in) with precise @ and . positions 
Wrong Input : E.g. abc.xyz@bl.co.in Email has 3 mandatory parts (abc, bl & co) and 2 optional (xyz & in) with precise @ and . positions 
Wrong Input : E.g. abc.xyz@bl.co.in Email has 3 mandatory parts (abc, bl & co) and 2 optional (xyz & in) with precise @ and . positions 
Wrong Input : E.g. abc.xyz@bl.co.in Email has 3 mandatory parts (abc, bl & co) and 2 optional (xyz & in) with precise @ and . positions 
Wrong Input : E.g. abc.xyz@bl.co.in Email has 3 mandatory parts (abc, bl & co) and 2 optional (xyz & in) with precise @ and . positions 
Wrong Input : E.g. abc.xyz@bl.co.in Email has 3 mandatory parts (abc, bl & co) and 2 optional (xyz & in) with precise @ and . positions 
Wrong Input : E.g. abc.xyz@bl.co.in Email has 3 mandatory parts (abc, bl & co) and 2 optional (xyz & in) with precise @ and . positions 
Wrong Input : E.g. abc.xyz@bl.co.in Email has 3 mandatory parts (abc, bl & co) and 2 optional (xyz & in) with precise @ and . positions 
Wrong Input : E.g. abc.xyz@bl.co.in Email has 3 mandatory parts (abc, bl & co) and 2 optional (xyz & in) with precise @ and . positions 
Wrong Input : E.g. abc.xyz@bl.co.in Email has 3 mandatory parts (abc, bl & co) and 2 optional (xyz & in) with precise @ and . positions 
Wrong Input : E.g. abc.xyz@bl.co.in Email has 3 mandatory parts (abc, bl & co) and 2 optional (xyz & in) with precise @ and . positions 
Wrong Input : E.g. abc.xyz@bl.co.in Email has 3 mandatory parts (abc, bl & co) and 2 optional (xyz & in) with precise @ and . positions 
Wrong Input : E.g. abc.xyz@bl.co.in Email has 3 mandatory parts (abc, bl & co) and 2 optional (xyz & in) with precise @ and . positions 
Wrong Input : E.g. abc.xyz@bl.co.in Email has 3 mandatory parts (abc, bl & co) and 2 optional (xyz & in) with precise @ and . positions 
Wrong Input : E.g. abc.xyz@bl.co.in Email has 3 mandatory parts (abc, bl & co) and 2 optional (xyz & in) with precise @ and . positions 
Wrong Input : E.g. abc.xyz@bl.co.in Email has 3 mandatory parts (abc, bl & co) and 2 optional (xyz & in) with precise @ and . positions 
Wrong Input : E.g. abc.xyz@bl.co.in Email has 3 mandatory parts (abc, bl & co) and 2 optional (xyz & in) with precise @ and . positions 
Wrong Input : E.g. abc.xyz@bl.co.in Email has 3 mandatory parts (abc, bl & co) and 2 optional (xyz & in) with precise @ and . positions 
Wrong Input : E.g. abc.xyz@bl.co.in Email has 3 mandatory parts (abc, bl & co) and 2 optional (xyz & in) with precise @ and . positions 
Wrong Input : E.g. abc.xyz@bl.co.in Email has 3 mandatory parts (abc, bl & co) and 2 optional (xyz & in) with precise @ and . positions 
Wrong Input : E.g. abc.xyz@bl.co.in Email has 3 mandatory parts (abc, bl & co) and 2 optional (xyz & in) with precise @ and . positions 
Wrong Input : E.g. abc.xyz@bl.co.in Email has 3 mandatory parts (abc, bl & co) and 2 optional (xyz & in) with precise @ and . positions 
Wrong Input : E.g. abc.xyz@bl.co.in Email has 3 mandatory parts (abc, bl & co) and 2 optional (xyz & in) with precise @ and . positions 
Wrong Input : E.g. abc.xyz@bl.co.in Email has 3 mandatory parts (abc, bl & co) and 2 optional (xyz & in) with precise @ and . positions 
Wrong Input : E.g. abc.xyz@bl.co.in Email has 3 mandatory parts (abc, bl & co) and 2 optional (xyz & in) with precise @ and . positions 
Wrong Input : E.g. abc.xyz@bl.co.in Email has 3 mandatory parts (abc, bl & co) and 2 optional (xyz & in) with precise @ and . positions 
Wrong Input : E.g. abc.xyz@bl.co.in Email has 3 mandatory parts (abc, bl & co) and 2 optional (xyz & in) with precise @ and . positions 
Wrong Input : E.g. abc.xyz@bl.co.in Email has 3 mandatory parts (abc, bl & co) and 2 optional (xyz & in) with precise @ and . positions 
Wrong Input : E.g. abc.xyz@bl.co.in Email has 3 mandatory parts (abc, bl & co) and 2 optional (xyz & in) with precise @ and . positions 
Wrong Input : E.g. abc.xyz@bl.co.in Email has 3 mandatory parts (abc, bl & co) and 2 optional (xyz & in) with precise @ and . positions 
Wrong Input : E.g. abc.xyz@bl.co.in Email has 3 mandatory parts (abc, bl & co) and 2 optional (xyz & in) with precise @ and . positions 
Wrong Input : E.g. abc.xyz@bl.co.in Email has 3 mandatory parts (abc, bl & co) and 2 optional (xyz & in) with precise @ and . positions 
Wrong Input : E.g. abc.xyz@bl.co.in Email has 3 mandatory parts (abc, bl & co) and 2 optional (xyz & in) with precise @ and . positions 
Wrong Input : E.g. abc.xyz@bl.co.in Email has 3 mandatory parts (abc, bl & co) and 2 optional (xyz & in) with precise @ and . positions 
Wrong Input : E.g. abc.xyz@bl.co.in Email has 3 mandatory parts (abc, bl & co) and 2 optional (xyz & in) with precise @ and . positions 
Wrong Input : E.g. abc.xyz@bl.co.in Email has 3 mandatory parts (abc, bl & co) and 2 optional (xyz & in) with precise @ and . positions 
Wrong Input : E.g. abc.xyz@bl.co.in Email has 3 mandatory parts (abc, bl & co) and 2 optional (xyz & in) with precise @ and . positions 
Wrong Input : E.g. abc.xyz@bl.co.in Email has 3 mandatory parts (abc, bl & co) and 2 optional (xyz & in) with precise @ and . positions 
Wrong Input : E.g. abc.xyz@bl.co.in Email has 3 mandatory parts (abc, bl & co) and 2 optional (xyz & in) with precise @ and . positions 
Wrong Input : E.g. abc.xyz@bl.co.in Email has 3 mandatory parts (abc, bl & co) and 2 optional (xyz & in) with precise @ and . positions 
Wrong Input : E.g. abc.xyz@bl.co.in Email has 3 mandatory parts (abc, bl & co) and 2 optional (xyz & in) with precise @ and . positions 
Wrong Input : E.g. abc.xyz@bl.co.in Email has 3 mandatory parts (abc, bl & co) and 2 optional (xyz & in) with precise @ and . positions 
Wrong Input : E.g. abc.xyz@bl.co.in Email has 3 mandatory parts (abc, bl & co) and 2 optional (xyz & in) with precise @ and . positions 
Wrong Input : E.g. abc.xyz@bl.co.in Email has 3 mandatory parts (abc, bl & co) and 2 optional (xyz & in) with precise @ and . positions 
Wrong Input : E.g. abc.xyz@bl.co.in Email has 3 mandatory parts (abc, bl & co) and 2 optional (xyz & in) with precise @ and . positions 
Wrong Input : E.g. abc.xyz@bl.co.in Email has 3 mandatory parts (abc, bl & co) and 2 optional (xyz & in) with precise @ and . positions 
Wrong Input : E.g. abc.xyz@bl.co.in Email has 3 mandatory parts (abc, bl & co) and 2 optional (xyz & in) with precise @ and . positions 
Wrong Input : E.g. abc.xyz@bl.co.in Email has 3 mandatory parts (abc, bl & co) and 2 optional (xyz & in) with precise @ and . positions 
Wrong Input : E.g. abc.xyz@bl.co.in Email has 3 mandatory parts (abc, bl & co) and 2 optional (xyz & in) with precise @ and . positions 
Wrong Input : E.g. abc.xyz@bl.co.in Email has 3 mandatory parts (abc, bl & co) and 2 optional (xyz & in) with precise @ and . positions 
Wrong Input : E.g. abc.xyz@bl.co.in Email has 3 mandatory parts (abc, bl & co) and 2 optional (xyz & in) with precise @ and . positions 
Wrong Input : E.g. abc.xyz@bl.co.in Email has 3 mandatory parts (abc, bl & co) and 2 optional (xyz & in) with precise @ and . positions 
Wrong Input : E.g. abc.xyz@bl.co.in Email has 3 mandatory parts (abc, bl & co) and 2 optional (xyz & in) with precise @ and . positions 
Wrong Input : E.g. abc.xyz@bl.co.in Email has 3 mandatory parts (abc, bl & co) and 2 optional (xyz & in) with precise @ and . positions 
Wrong Input : E.g. abc.xyz@bl.co.in Email has 3 mandatory parts (abc, bl & co) and 2 optional (xyz & in) with precise @ and . positions 
Wrong Input : E.g. abc.xyz@bl.co.in Email has 3 mandatory parts (abc, bl & co) and 2 optional (xyz & in) with precise @ and . positions 
Wrong Input : E.g. abc.xyz@bl.co.in Email has 3 mandatory parts (abc, bl & co) and 2 optional (xyz & in) with precise @ and . positions 
Wrong Input : E.g. abc.xyz@bl.co.in Email has 3 mandatory parts (abc, bl & co) and 2 optional (xyz & in) with precise @ and . positions 
Wrong Input : E.g. abc.xyz@bl.co.in Email has 3 mandatory parts (abc, bl & co) and 2 optional (xyz & in) with precise @ and . positions 
Wrong Input : E.g. abc.xyz@bl.co.in Email has 3 mandatory parts (abc, bl & co) and 2 optional (xyz & in) with precise @ and . positions 
Wrong Input : E.g. abc.xyz@bl.co.in Email has 3 mandatory parts (abc, bl & co) and 2 optional (xyz & in) with precise @ and . positions 
Wrong Input : E.g. abc.xyz@bl.co.in Email has 3 mandatory parts (abc, bl & co) and 2 optional (xyz & in) with precise @ and . positions 
Wrong Input : E.g. abc.xyz@bl.co.in Email has 3 mandatory parts (abc, bl & co) and 2 optional (xyz & in) with precise @ and . positions 
Wrong Input : E.g. abc.xyz@bl.co.in Email has 3 mandatory parts (abc, bl & co) and 2 optional (xyz & in) with precise @ and . positions 
Wrong Input : E.g. abc.xyz@bl.co.in Email has 3 mandatory parts (abc, bl & co) and 2 optional (xyz & in) with precise @ and . positions 
Wrong Input : E.g. abc.xyz@bl.co.in Email has 3 mandatory parts (abc, bl & co) and 2 optional (xyz & in) with precise @ and . positions 
Wrong Input : E.g. abc.xyz@bl.co.in Email has 3 mandatory parts (abc, bl & co) and 2 optional (xyz & in) with precise @ and . positions 
Wrong Input : E.g. abc.xyz@bl.co.in Email has 3 mandatory parts (abc, bl & co) and 2 optional (xyz & in) with precise @ and . positions 
Wrong Input : E.g. abc.xyz@bl.co.in Email has 3 mandatory parts (abc, bl & co) and 2 optional (xyz & in) with precise @ and . positions 
Wrong Input : E.g. abc.xyz@bl.co.in Email has 3 mandatory parts (abc, bl & co) and 2 optional (xyz & in) with precise @ and . positions 
Wrong Input : E.g. abc.xyz@bl.co.in Email has 3 mandatory parts (abc, bl & co) and 2 optional (xyz & in) with precise @ and . positions 
Wrong Input : E.g. abc.xyz@bl.co.in Email has 3 mandatory parts (abc, bl & co) and 2 optional (xyz & in) with precise @ and . positions 
Wrong Input : E.g. abc.xyz@bl.co.in Email has 3 mandatory parts (abc, bl & co) and 2 optional (xyz & in) with precise @ and . positions 
Wrong Input : E.g. abc.xyz@bl.co.in Email has 3 mandatory parts (abc, bl & co) and 2 optional (xyz & in) with precise @ and . positions 
Wrong Input : E.g. abc.xyz@bl.co.in Email has 3 mandatory parts (abc, bl & co) and 2 optional (xyz & in) with precise @ and . positions 
Wrong Input : E.g. abc.xyz@bl.co.in Email has 3 mandatory parts (abc, bl & co) and 2 optional (xyz & in) with precise @ and . positions 
Wrong Input : E.g. abc.xyz@bl.co.in Email has 3 mandatory parts (abc, bl & co) and 2 optional (xyz & in) with precise @ and . positions 
Wrong Input : E.g. abc.xyz@bl.co.in Email has 3 mandatory parts (abc, bl & co) and 2 optional (xyz & in) with precise @ and . positions 
Wrong Input : E.g. abc.xyz@bl.co.in Email has 3 mandatory parts (abc, bl & co) and 2 optional (xyz & in) with precise @ and . positions 
Wrong Input : E.g. abc.xyz@bl.co.in Email has 3 mandatory parts (abc, bl & co) and 2 optional (xyz & in) with precise @ and . positions 
Wrong Input : E.g. abc.xyz@bl.co.in Email has 3 mandatory parts (abc, bl & co) and 2 optional (xyz & in) with precise @ and . positions 
Wrong Input : E.g. abc.xyz@bl.co.in Email has 3 mandatory parts (abc, bl & co) and 2 optional (xyz & in) with precise @ and . positions 
Wrong Input : E.g. abc.xyz@bl.co.in Email has 3 mandatory parts (abc, bl & co) and 2 optional (xyz & in) with precise @ and . positions 
Wrong Input : E.g. abc.xyz@bl.co.in Email has 3 mandatory parts (abc, bl & co) and 2 optional (xyz & in) with precise @ and . positions 
Wrong Input : E.g. abc.xyz@bl.co.in Email has 3 mandatory parts (abc, bl & co) and 2 optional (xyz & in) with precise @ and . positions 
Wrong Input : E.g. abc.xyz@bl.co.in Email has 3 mandatory parts (abc, bl & co) and 2 optional (xyz & in) with precise @ and . positions 
Wrong Input : E.g. abc.xyz@bl.co.in Email has 3 mandatory parts (abc, bl & co) and 2 optional (xyz & in) with precise @ and . positions 
Wrong Input : E.g. abc.xyz@bl.co.in Email has 3 mandatory parts (abc, bl & co) and 2 optional (xyz & in) with precise @ and . positions 
Wrong Input : E.g. abc.xyz@bl.co.in Email has 3 mandatory parts (abc, bl & co) and 2 optional (xyz & in) with precise @ and . positions 
Wrong Input : E.g. abc.xyz@bl.co.in Email has 3 mandatory parts (abc, bl & co) and 2 optional (xyz & in) with precise @ and . positions 
Wrong Input : E.g. abc.xyz@bl.co.in Email has 3 mandatory parts (abc, bl & co) and 2 optional (xyz & in) with precise @ and . positions 
Wrong Input : E.g. abc.xyz@bl.co.in Email has 3 mandatory parts (abc, bl & co) and 2 optional (xyz & in) with precise @ and . positions 
Wrong Input : E.g. abc.xyz@bl.co.in Email has 3 mandatory parts (abc, bl & co) and 2 optional (xyz & in) with precise @ and . positions 
Wrong Input : E.g. abc.xyz@bl.co.in Email has 3 mandatory parts (abc, bl & co) and 2 optional (xyz & in) with precise @ and . positions 
Wrong Input : E.g. abc.xyz@bl.co.in Email has 3 mandatory parts (abc, bl & co) and 2 optional (xyz & in) with precise @ and . positions 
Wrong Input : E.g. abc.xyz@bl.co.in Email has 3 mandatory parts (abc, bl & co) and 2 optional (xyz & in) with precise @ and . positions 
Wrong Input : E.g. abc.xyz@bl.co.in Email has 3 mandatory parts (abc, bl & co) and 2 optional (xyz & in) with precise @ and . positions 
Wrong Input : E.g. abc.xyz@bl.co.in Email has 3 mandatory parts (abc, bl & co) and 2 optional (xyz & in) with precise @ and . positions 
Wrong Input : E.g. abc.xyz@bl.co.in Email has 3 mandatory parts (abc, bl & co) and 2 optional (xyz & in) with precise @ and . positions 
Wrong Input : E.g. abc.xyz@bl.co.in Email has 3 mandatory parts (abc, bl & co) and 2 optional (xyz & in) with precise @ and . positions 
Wrong Input : E.g. abc.xyz@bl.co.in Email has 3 mandatory parts (abc, bl & co) and 2 optional (xyz & in) with precise @ and . positions 
Wrong Input : E.g. abc.xyz@bl.co.in Email has 3 mandatory parts (abc, bl & co) and 2 optional (xyz & in) with precise @ and . positions 
Wrong Input : E.g. abc.xyz@bl.co.in Email has 3 mandatory parts (abc, bl & co) and 2 optional (xyz & in) with precise @ and . positions 
Wrong Input : E.g. abc.xyz@bl.co.in Email has 3 mandatory parts (abc, bl & co) and 2 optional (xyz & in) with precise @ and . positions 
Wrong Input : E.g. abc.xyz@bl.co.in Email has 3 mandatory parts (abc, bl & co) and 2 optional (xyz & in) with precise @ and . positions 
Wrong Input : E.g. abc.xyz@bl.co.in Email has 3 mandatory parts (abc, bl & co) and 2 optional (xyz & in) with precise @ and . positions 
Wrong Input : E.g. abc.xyz@bl.co.in Email has 3 mandatory parts (abc, bl & co) and 2 optional (xyz & in) with precise @ and . positions 
Wrong Input : E.g. abc.xyz@bl.co.in Email has 3 mandatory parts (abc, bl & co) and 2 optional (xyz & in) with precise @ and . positions 
Wrong Input : E.g. abc.xyz@bl.co.in Email has 3 mandatory parts (abc, bl & co) and 2 optional (xyz & in) with precise @ and . positions 
Wrong Input : E.g. abc.xyz@bl.co.in Email has 3 mandatory parts (abc, bl & co) and 2 optional (xyz & in) with precise @ and . positions 
Wrong Input : E.g. abc.xyz@bl.co.in Email has 3 mandatory parts (abc, bl & co) and 2 optional (xyz & in) with precise @ and . positions 
Wrong Input : E.g. abc.xyz@bl.co.in Email has 3 mandatory parts (abc, bl & co) and 2 optional (xyz & in) with precise @ and . positions 
Wrong Input : E.g. abc.xyz@bl.co.in Email has 3 mandatory parts (abc, bl & co) and 2 optional (xyz & in) with precise @ and . positions 
Wrong Input : E.g. abc.xyz@bl.co.in Email has 3 mandatory parts (abc, bl & co) and 2 optional (xyz & in) with precise @ and . positions 
Wrong Input : E.g. abc.xyz@bl.co.in Email has 3 mandatory parts (abc, bl & co) and 2 optional (xyz & in) with precise @ and . positions 
Wrong Input : E.g. abc.xyz@bl.co.in Email has 3 mandatory parts (abc, bl & co) and 2 optional (xyz & in) with precise @ and . positions 
Wrong Input : E.g. abc.xyz@bl.co.in Email has 3 mandatory parts (abc, bl & co) and 2 optional (xyz & in) with precise @ and . positions 
Wrong Input : E.g. abc.xyz@bl.co.in Email has 3 mandatory parts (abc, bl & co) and 2 optional (xyz & in) with precise @ and . positions 
Wrong Input : E.g. abc.xyz@bl.co.in Email has 3 mandatory parts (abc, bl & co) and 2 optional (xyz & in) with precise @ and . positions 
Wrong Input : E.g. abc.xyz@bl.co.in Email has 3 mandatory parts (abc, bl & co) and 2 optional (xyz & in) with precise @ and . positions 
Wrong Input : E.g. abc.xyz@bl.co.in Email has 3 mandatory parts (abc, bl & co) and 2 optional (xyz & in) with precise @ and . positions 
Wrong Input : E.g. abc.xyz@bl.co.in Email has 3 mandatory parts (abc, bl & co) and 2 optional (xyz & in) with precise @ and . positions 
Wrong Input : E.g. abc.xyz@bl.co.in Email has 3 mandatory parts (abc, bl & co) and 2 optional (xyz & in) with precise @ and . positions 
Wrong Input : E.g. abc.xyz@bl.co.in Email has 3 mandatory parts (abc, bl & co) and 2 optional (xyz & in) with precise @ and . positions 
Wrong Input : E.g. abc.xyz@bl.co.in Email has 3 mandatory parts (abc, bl & co) and 2 optional (xyz & in) with precise @ and . positions 
Wrong Input : E.g. abc.xyz@bl.co.in Email has 3 mandatory parts (abc, bl & co) and 2 optional (xyz & in) with precise @ and . positions 
Wrong Input : E.g. abc.xyz@bl.co.in Email has 3 mandatory parts (abc, bl & co) and 2 optional (xyz & in) with precise @ and . positions 
Wrong Input : E.g. abc.xyz@bl.co.in Email has 3 mandatory parts (abc, bl & co) and 2 optional (xyz & in) with precise @ and . positions 
Wrong Input : E.g. abc.xyz@bl.co.in Email has 3 mandatory parts (abc, bl & co) and 2 optional (xyz & in) with precise @ and . positions 
Wrong Input : E.g. abc.xyz@bl.co.in Email has 3 mandatory parts (abc, bl & co) and 2 optional (xyz & in) with precise @ and . positions 
Wrong Input : E.g. abc.xyz@bl.co.in Email has 3 mandatory parts (abc, bl & co) and 2 optional (xyz & in) with precise @ and . positions 
Wrong Input : E.g. abc.xyz@bl.co.in Email has 3 mandatory parts (abc, bl & co) and 2 optional (xyz & in) with precise @ and . positions 
Wrong Input : E.g. abc.xyz@bl.co.in Email has 3 mandatory parts (abc, bl & co) and 2 optional (xyz & in) with precise @ and . positions 
Wrong Input : E.g. abc.xyz@bl.co.in Email has 3 mandatory parts (abc, bl & co) and 2 optional (xyz & in) with precise @ and . positions 
Wrong Input : E.g. abc.xyz@bl.co.in Email has 3 mandatory parts (abc, bl & co) and 2 optional (xyz & in) with precise @ and . positions 
Wrong Input : E.g. abc.xyz@bl.co.in Email has 3 mandatory parts (abc, bl & co) and 2 optional (xyz & in) with precise @ and . positions 
Wrong Input : E.g. abc.xyz@bl.co.in Email has 3 mandatory parts (abc, bl & co) and 2 optional (xyz & in) with precise @ and . positions 
Wrong Input : E.g. abc.xyz@bl.co.in Email has 3 mandatory parts (abc, bl & co) and 2 optional (xyz & in) with precise @ and . positions 
Wrong Input : E.g. abc.xyz@bl.co.in Email has 3 mandatory parts (abc, bl & co) and 2 optional (xyz & in) with precise @ and . positions 
Wrong Input : E.g. abc.xyz@bl.co.in Email has 3 mandatory parts (abc, bl & co) and 2 optional (xyz & in) with precise @ and . positions 
Wrong Input : E.g. abc.xyz@bl.co.in Email has 3 mandatory parts (abc, bl & co) and 2 optional (xyz & in) with precise @ and . positions 
Wrong Input : E.g. abc.xyz@bl.co.in Email has 3 mandatory parts (abc, bl & co) and 2 optional (xyz & in) with precise @ and . positions 
Wrong Input : E.g. abc.xyz@bl.co.in Email has 3 mandatory parts (abc, bl & co) and 2 optional (xyz & in) with precise @ and . positions 
Wrong Input : E.g. abc.xyz@bl.co.in Email has 3 mandatory parts (abc, bl & co) and 2 optional (xyz & in) with precise @ and . positions 
Wrong Input : E.g. abc.xyz@bl.co.in Email has 3 mandatory parts (abc, bl & co) and 2 optional (xyz & in) with precise @ and . positions 
Wrong Input : E.g. abc.xyz@bl.co.in Email has 3 mandatory parts (abc, bl & co) and 2 optional (xyz & in) with precise @ and . positions 
Wrong Input : E.g. abc.xyz@bl.co.in Email has 3 mandatory parts (abc, bl & co) and 2 optional (xyz & in) with precise @ and . positions 
Wrong Input : E.g. abc.xyz@bl.co.in Email has 3 mandatory parts (abc, bl & co) and 2 optional (xyz & in) with precise @ and . positions 
Wrong Input : E.g. abc.xyz@bl.co.in Email has 3 mandatory parts (abc, bl & co) and 2 optional (xyz & in) with precise @ and . positions 
Wrong Input : E.g. abc.xyz@bl.co.in Email has 3 mandatory parts (abc, bl & co) and 2 optional (xyz & in) with precise @ and . positions 
Wrong Input : E.g. abc.xyz@bl.co.in Email has 3 mandatory parts (abc, bl & co) and 2 optional (xyz & in) with precise @ and . positions 
Wrong Input : E.g. abc.xyz@bl.co.in Email has 3 mandatory parts (abc, bl & co) and 2 optional (xyz & in) with precise @ and . positions 
Wrong Input : E.g. abc.xyz@bl.co.in Email has 3 mandatory parts (abc, bl & co) and 2 optional (xyz & in) with precise @ and . positions 
Wrong Input : E.g. abc.xyz@bl.co.in Email has 3 mandatory parts (abc, bl & co) and 2 optional (xyz & in) with precise @ and . positions 
Wrong Input : E.g. abc.xyz@bl.co.in Email has 3 mandatory parts (abc, bl & co) and 2 optional (xyz & in) with precise @ and . positions 
Wrong Input : E.g. abc.xyz@bl.co.in Email has 3 mandatory parts (abc, bl & co) and 2 optional (xyz & in) with precise @ and . positions 
Wrong Input : E.g. abc.xyz@bl.co.in Email has 3 mandatory parts (abc, bl & co) and 2 optional (xyz & in) with precise @ and . positions 
Wrong Input : E.g. abc.xyz@bl.co.in Email has 3 mandatory parts (abc, bl & co) and 2 optional (xyz & in) with precise @ and . positions 
Wrong Input : E.g. abc.xyz@bl.co.in Email has 3 mandatory parts (abc, bl & co) and 2 optional (xyz & in) with precise @ and . positions 
Wrong Input : E.g. abc.xyz@bl.co.in Email has 3 mandatory parts (abc, bl & co) and 2 optional (xyz & in) with precise @ and . positions 
Wrong Input : E.g. abc.xyz@bl.co.in Email has 3 mandatory parts (abc, bl & co) and 2 optional (xyz & in) with precise @ and . positions 
Wrong Input : E.g. abc.xyz@bl.co.in Email has 3 mandatory parts (abc, bl & co) and 2 optional (xyz & in) with precise @ and . positions 
Wrong Input : E.g. abc.xyz@bl.co.in Email has 3 mandatory parts (abc, bl & co) and 2 optional (xyz & in) with precise @ and . positions 
Wrong Input : E.g. abc.xyz@bl.co.in Email has 3 mandatory parts (abc, bl & co) and 2 optional (xyz & in) with precise @ and . positions 
Wrong Input : E.g. abc.xyz@bl.co.in Email has 3 mandatory parts (abc, bl & co) and 2 optional (xyz & in) with precise @ and . positions 
Wrong Input : E.g. abc.xyz@bl.co.in Email has 3 mandatory parts (abc, bl & co) and 2 optional (xyz & in) with precise @ and . positions 
Wrong Input : E.g. abc.xyz@bl.co.in Email has 3 mandatory parts (abc, bl & co) and 2 optional (xyz & in) with precise @ and . positions 
Wrong Input : E.g. abc.xyz@bl.co.in Email has 3 mandatory parts (abc, bl & co) and 2 optional (xyz & in) with precise @ and . positions 
Wrong Input : E.g. abc.xyz@bl.co.in Email has 3 mandatory parts (abc, bl & co) and 2 optional (xyz & in) with precise @ and . positions 
Wrong Input : E.g. abc.xyz@bl.co.in Email has 3 mandatory parts (abc, bl & co) and 2 optional (xyz & in) with precise @ and . positions 
Wrong Input : E.g. abc.xyz@bl.co.in Email has 3 mandatory parts (abc, bl & co) and 2 optional (xyz & in) with precise @ and . positions 
Wrong Input : E.g. abc.xyz@bl.co.in Email has 3 mandatory parts (abc, bl & co) and 2 optional (xyz & in) with precise @ and . positions 
Wrong Input : E.g. abc.xyz@bl.co.in Email has 3 mandatory parts (abc, bl & co) and 2 optional (xyz & in) with precise @ and . positions 
Wrong Input : E.g. abc.xyz@bl.co.in Email has 3 mandatory parts (abc, bl & co) and 2 optional (xyz & in) with precise @ and . positions 
Wrong Input : E.g. abc.xyz@bl.co.in Email has 3 mandatory parts (abc, bl & co) and 2 optional (xyz & in) with precise @ and . positions 
Wrong Input : E.g. abc.xyz@bl.co.in Email has 3 mandatory parts (abc, bl & co) and 2 optional (xyz & in) with precise @ and . positions 
Wrong Input : E.g. abc.xyz@bl.co.in Email has 3 mandatory parts (abc, bl & co) and 2 optional (xyz & in) with precise @ and . positions 
Wrong Input : E.g. abc.xyz@bl.co.in Email has 3 mandatory parts (abc, bl & co) and 2 optional (xyz & in) with precise @ and . positions 
Wrong Input : E.g. abc.xyz@bl.co.in Email has 3 mandatory parts (abc, bl & co) and 2 optional (xyz & in) with precise @ and . positions 
Wrong Input : E.g. abc.xyz@bl.co.in Email has 3 mandatory parts (abc, bl & co) and 2 optional (xyz & in) with precise @ and . positions 
Wrong Input : E.g. abc.xyz@bl.co.in Email has 3 mandatory parts (abc, bl & co) and 2 optional (xyz & in) with precise @ and . positions 
Wrong Input : E.g. abc.xyz@bl.co.in Email has 3 mandatory parts (abc, bl & co) and 2 optional (xyz & in) with precise @ and . positions 
Wrong Input : E.g. abc.xyz@bl.co.in Email has 3 mandatory parts (abc, bl & co) and 2 optional (xyz & in) with precise @ and . positions 
Wrong Input : E.g. abc.xyz@bl.co.in Email has 3 mandatory parts (abc, bl & co) and 2 optional (xyz & in) with precise @ and . positions 
Wrong Input : E.g. abc.xyz@bl.co.in Email has 3 mandatory parts (abc, bl & co) and 2 optional (xyz & in) with precise @ and . positions 
Wrong Input : E.g. abc.xyz@bl.co.in Email has 3 mandatory parts (abc, bl & co) and 2 optional (xyz & in) with precise @ and . positions 
Wrong Input : E.g. abc.xyz@bl.co.in Email has 3 mandatory parts (abc, bl & co) and 2 optional (xyz & in) with precise @ and . positions 
Wrong Input : E.g. abc.xyz@bl.co.in Email has 3 mandatory parts (abc, bl & co) and 2 optional (xyz & in) with precise @ and . positions 
Wrong Input : E.g. abc.xyz@bl.co.in Email has 3 mandatory parts (abc, bl & co) and 2 optional (xyz & in) with precise @ and . positions 
Wrong Input : E.g. abc.xyz@bl.co.in Email has 3 mandatory parts (abc, bl & co) and 2 optional (xyz & in) with precise @ and . positions 
Wrong Input : E.g. abc.xyz@bl.co.in Email has 3 mandatory parts (abc, bl & co) and 2 optional (xyz & in) with precise @ and . positions 
Wrong Input : E.g. abc.xyz@bl.co.in Email has 3 mandatory parts (abc, bl & co) and 2 optional (xyz & in) with precise @ and . positions 
Wrong Input : E.g. abc.xyz@bl.co.in Email has 3 mandatory parts (abc, bl & co) and 2 optional (xyz & in) with precise @ and . positions 
Wrong Input : E.g. abc.xyz@bl.co.in Email has 3 mandatory parts (abc, bl & co) and 2 optional (xyz & in) with precise @ and . positions 
Wrong Input : E.g. abc.xyz@bl.co.in Email has 3 mandatory parts (abc, bl & co) and 2 optional (xyz & in) with precise @ and . positions 
Wrong Input : E.g. abc.xyz@bl.co.in Email has 3 mandatory parts (abc, bl & co) and 2 optional (xyz & in) with precise @ and . positions 
Wrong Input : E.g. abc.xyz@bl.co.in Email has 3 mandatory parts (abc, bl & co) and 2 optional (xyz & in) with precise @ and . positions 
Wrong Input : E.g. abc.xyz@bl.co.in Email has 3 mandatory parts (abc, bl & co) and 2 optional (xyz & in) with precise @ and . positions 
Wrong Input : E.g. abc.xyz@bl.co.in Email has 3 mandatory parts (abc, bl & co) and 2 optional (xyz & in) with precise @ and . positions 
Wrong Input : E.g. abc.xyz@bl.co.in Email has 3 mandatory parts (abc, bl & co) and 2 optional (xyz & in) with precise @ and . positions 
Wrong Input : E.g. abc.xyz@bl.co.in Email has 3 mandatory parts (abc, bl & co) and 2 optional (xyz & in) with precise @ and . positions 
Wrong Input : E.g. abc.xyz@bl.co.in Email has 3 mandatory parts (abc, bl & co) and 2 optional (xyz & in) with precise @ and . positions 
Wrong Input : E.g. abc.xyz@bl.co.in Email has 3 mandatory parts (abc, bl & co) and 2 optional (xyz & in) with precise @ and . positions 
Wrong Input : E.g. abc.xyz@bl.co.in Email has 3 mandatory parts (abc, bl & co) and 2 optional (xyz & in) with precise @ and . positions 
Wrong Input : E.g. abc.xyz@bl.co.in Email has 3 mandatory parts (abc, bl & co) and 2 optional (xyz & in) with precise @ and . positions 
Wrong Input : E.g. abc.xyz@bl.co.in Email has 3 mandatory parts (abc, bl & co) and 2 optional (xyz & in) with precise @ and . positions 
Wrong Input : E.g. abc.xyz@bl.co.in Email has 3 mandatory parts (abc, bl & co) and 2 optional (xyz & in) with precise @ and . positions 
Wrong Input : E.g. abc.xyz@bl.co.in Email has 3 mandatory parts (abc, bl & co) and 2 optional (xyz & in) with precise @ and . positions 
Wrong Input : E.g. abc.xyz@bl.co.in Email has 3 mandatory parts (abc, bl & co) and 2 optional (xyz & in) with precise @ and . positions 
Wrong Input : E.g. abc.xyz@bl.co.in Email has 3 mandatory parts (abc, bl & co) and 2 optional (xyz & in) with precise @ and . positions 
Wrong Input : E.g. abc.xyz@bl.co.in Email has 3 mandatory parts (abc, bl & co) and 2 optional (xyz & in) with precise @ and . positions 
Wrong Input : E.g. abc.xyz@bl.co.in Email has 3 mandatory parts (abc, bl & co) and 2 optional (xyz & in) with precise @ and . positions 
Wrong Input : E.g. abc.xyz@bl.co.in Email has 3 mandatory parts (abc, bl & co) and 2 optional (xyz & in) with precise @ and . positions 
Wrong Input : E.g. abc.xyz@bl.co.in Email has 3 mandatory parts (abc, bl & co) and 2 optional (xyz & in) with precise @ and . positions 
Wrong Input : E.g. abc.xyz@bl.co.in Email has 3 mandatory parts (abc, bl & co) and 2 optional (xyz & in) with precise @ and . positions 
Wrong Input : E.g. abc.xyz@bl.co.in Email has 3 mandatory parts (abc, bl & co) and 2 optional (xyz & in) with precise @ and . positions 
Wrong Input : E.g. abc.xyz@bl.co.in Email has 3 mandatory parts (abc, bl & co) and 2 optional (xyz & in) with precise @ and . positions 
Wrong Input : E.g. abc.xyz@bl.co.in Email has 3 mandatory parts (abc, bl & co) and 2 optional (xyz & in) with precise @ and . positions 
Wrong Input : E.g. abc.xyz@bl.co.in Email has 3 mandatory parts (abc, bl & co) and 2 optional (xyz & in) with precise @ and . positions 
Wrong Input : E.g. abc.xyz@bl.co.in Email has 3 mandatory parts (abc, bl & co) and 2 optional (xyz & in) with precise @ and . positions 
Wrong Input : E.g. abc.xyz@bl.co.in Email has 3 mandatory parts (abc, bl & co) and 2 optional (xyz & in) with precise @ and . positions 
Wrong Input : E.g. abc.xyz@bl.co.in Email has 3 mandatory parts (abc, bl & co) and 2 optional (xyz & in) with precise @ and . positions 
Wrong Input : E.g. abc.xyz@bl.co.in Email has 3 mandatory parts (abc, bl & co) and 2 optional (xyz & in) with precise @ and . positions 
Wrong Input : E.g. abc.xyz@bl.co.in Email has 3 mandatory parts (abc, bl & co) and 2 optional (xyz & in) with precise @ and . positions 
Wrong Input : E.g. abc.xyz@bl.co.in Email has 3 mandatory parts (abc, bl & co) and 2 optional (xyz & in) with precise @ and . positions 
Wrong Input : E.g. abc.xyz@bl.co.in Email has 3 mandatory parts (abc, bl & co) and 2 optional (xyz & in) with precise @ and . positions 
Wrong Input : E.g. abc.xyz@bl.co.in Email has 3 mandatory parts (abc, bl & co) and 2 optional (xyz & in) with precise @ and . positions 
Wrong Input : E.g. abc.xyz@bl.co.in Email has 3 mandatory parts (abc, bl & co) and 2 optional (xyz & in) with precise @ and . positions 
Wrong Input : E.g. abc.xyz@bl.co.in Email has 3 mandatory parts (abc, bl & co) and 2 optional (xyz & in) with precise @ and . positions 
Wrong Input : E.g. abc.xyz@bl.co.in Email has 3 mandatory parts (abc, bl & co) and 2 optional (xyz & in) with precise @ and . positions 
Wrong Input : E.g. abc.xyz@bl.co.in Email has 3 mandatory parts (abc, bl & co) and 2 optional (xyz & in) with precise @ and . positions 
Wrong Input : E.g. abc.xyz@bl.co.in Email has 3 mandatory parts (abc, bl & co) and 2 optional (xyz & in) with precise @ and . positions 
Wrong Input : E.g. abc.xyz@bl.co.in Email has 3 mandatory parts (abc, bl & co) and 2 optional (xyz & in) with precise @ and . positions 
Wrong Input : E.g. abc.xyz@bl.co.in Email has 3 mandatory parts (abc, bl & co) and 2 optional (xyz & in) with precise @ and . positions 
Wrong Input : E.g. abc.xyz@bl.co.in Email has 3 mandatory parts (abc, bl & co) and 2 optional (xyz & in) with precise @ and . positions 
Wrong Input : E.g. abc.xyz@bl.co.in Email has 3 mandatory parts (abc, bl & co) and 2 optional (xyz & in) with precise @ and . positions 
Wrong Input : E.g. abc.xyz@bl.co.in Email has 3 mandatory parts (abc, bl & co) and 2 optional (xyz & in) with precise @ and . positions 
Wrong Input : E.g. abc.xyz@bl.co.in Email has 3 mandatory parts (abc, bl & co) and 2 optional (xyz & in) with precise @ and . positions 
Wrong Input : E.g. abc.xyz@bl.co.in Email has 3 mandatory parts (abc, bl & co) and 2 optional (xyz & in) with precise @ and . positions 
Wrong Input : E.g. abc.xyz@bl.co.in Email has 3 mandatory parts (abc, bl & co) and 2 optional (xyz & in) with precise @ and . positions 
Wrong Input : E.g. abc.xyz@bl.co.in Email has 3 mandatory parts (abc, bl & co) and 2 optional (xyz & in) with precise @ and . positions 
Wrong Input : E.g. abc.xyz@bl.co.in Email has 3 mandatory parts (abc, bl & co) and 2 optional (xyz & in) with precise @ and . positions 
Wrong Input : E.g. abc.xyz@bl.co.in Email has 3 mandatory parts (abc, bl & co) and 2 optional (xyz & in) with precise @ and . positions 
Wrong Input : E.g. abc.xyz@bl.co.in Email has 3 mandatory parts (abc, bl & co) and 2 optional (xyz & in) with precise @ and . positions 
Wrong Input : E.g. abc.xyz@bl.co.in Email has 3 mandatory parts (abc, bl & co) and 2 optional (xyz & in) with precise @ and . positions 
Wrong Input : E.g. abc.xyz@bl.co.in Email has 3 mandatory parts (abc, bl & co) and 2 optional (xyz & in) with precise @ and . positions 
Wrong Input : E.g. abc.xyz@bl.co.in Email has 3 mandatory parts (abc, bl & co) and 2 optional (xyz & in) with precise @ and . positions 
Wrong Input : E.g. abc.xyz@bl.co.in Email has 3 mandatory parts (abc, bl & co) and 2 optional (xyz & in) with precise @ and . positions 
Wrong Input : E.g. abc.xyz@bl.co.in Email has 3 mandatory parts (abc, bl & co) and 2 optional (xyz & in) with precise @ and . positions 
Wrong Input : E.g. abc.xyz@bl.co.in Email has 3 mandatory parts (abc, bl & co) and 2 optional (xyz & in) with precise @ and . positions 
Wrong Input : E.g. abc.xyz@bl.co.in Email has 3 mandatory parts (abc, bl & co) and 2 optional (xyz & in) with precise @ and . positions 
Wrong Input : E.g. abc.xyz@bl.co.in Email has 3 mandatory parts (abc, bl & co) and 2 optional (xyz & in) with precise @ and . positions 
Wrong Input : E.g. abc.xyz@bl.co.in Email has 3 mandatory parts (abc, bl & co) and 2 optional (xyz & in) with precise @ and . positions 
Wrong Input : E.g. abc.xyz@bl.co.in Email has 3 mandatory parts (abc, bl & co) and 2 optional (xyz & in) with precise @ and . positions 
Wrong Input : E.g. abc.xyz@bl.co.in Email has 3 mandatory parts (abc, bl & co) and 2 optional (xyz & in) with precise @ and . positions 
Wrong Input : E.g. abc.xyz@bl.co.in Email has 3 mandatory parts (abc, bl & co) and 2 optional (xyz & in) with precise @ and . positions 
Wrong Input : E.g. abc.xyz@bl.co.in Email has 3 mandatory parts (abc, bl & co) and 2 optional (xyz & in) with precise @ and . positions 
Wrong Input : E.g. abc.xyz@bl.co.in Email has 3 mandatory parts (abc, bl & co) and 2 optional (xyz & in) with precise @ and . positions 
Wrong Input : E.g. abc.xyz@bl.co.in Email has 3 mandatory parts (abc, bl & co) and 2 optional (xyz & in) with precise @ and . positions 
Wrong Input : E.g. abc.xyz@bl.co.in Email has 3 mandatory parts (abc, bl & co) and 2 optional (xyz & in) with precise @ and . positions 
Wrong Input : E.g. abc.xyz@bl.co.in Email has 3 mandatory parts (abc, bl & co) and 2 optional (xyz & in) with precise @ and . positions 
Wrong Input : E.g. abc.xyz@bl.co.in Email has 3 mandatory parts (abc, bl & co) and 2 optional (xyz & in) with precise @ and . positions 
Wrong Input : E.g. abc.xyz@bl.co.in Email has 3 mandatory parts (abc, bl & co) and 2 optional (xyz & in) with precise @ and . positions 
Wrong Input : E.g. abc.xyz@bl.co.in Email has 3 mandatory parts (abc, bl & co) and 2 optional (xyz & in) with precise @ and . positions 
Wrong Input : E.g. abc.xyz@bl.co.in Email has 3 mandatory parts (abc, bl & co) and 2 optional (xyz & in) with precise @ and . positions 
Wrong Input : E.g. abc.xyz@bl.co.in Email has 3 mandatory parts (abc, bl & co) and 2 optional (xyz & in) with precise @ and . positions 
Wrong Input : E.g. abc.xyz@bl.co.in Email has 3 mandatory parts (abc, bl & co) and 2 optional (xyz & in) with precise @ and . positions 
Wrong Input : E.g. abc.xyz@bl.co.in Email has 3 mandatory parts (abc, bl & co) and 2 optional (xyz & in) with precise @ and . positions 
Wrong Input : E.g. abc.xyz@bl.co.in Email has 3 mandatory parts (abc, bl & co) and 2 optional (xyz & in) with precise @ and . positions 
Wrong Input : E.g. abc.xyz@bl.co.in Email has 3 mandatory parts (abc, bl & co) and 2 optional (xyz & in) with precise @ and . positions 
Wrong Input : E.g. abc.xyz@bl.co.in Email has 3 mandatory parts (abc, bl & co) and 2 optional (xyz & in) with precise @ and . positions 
Wrong Input : E.g. abc.xyz@bl.co.in Email has 3 mandatory parts (abc, bl & co) and 2 optional (xyz & in) with precise @ and . positions 
Wrong Input : E.g. abc.xyz@bl.co.in Email has 3 mandatory parts (abc, bl & co) and 2 optional (xyz & in) with precise @ and . positions 
Wrong Input : E.g. abc.xyz@bl.co.in Email has 3 mandatory parts (abc, bl & co) and 2 optional (xyz & in) with precise @ and . positions 
Wrong Input : E.g. abc.xyz@bl.co.in Email has 3 mandatory parts (abc, bl & co) and 2 optional (xyz & in) with precise @ and . positions 
Wrong Input : E.g. abc.xyz@bl.co.in Email has 3 mandatory parts (abc, bl & co) and 2 optional (xyz & in) with precise @ and . positions 
Wrong Input : E.g. abc.xyz@bl.co.in Email has 3 mandatory parts (abc, bl & co) and 2 optional (xyz & in) with precise @ and . positions 
Wrong Input : E.g. abc.xyz@bl.co.in Email has 3 mandatory parts (abc, bl & co) and 2 optional (xyz & in) with precise @ and . positions 
Wrong Input : E.g. abc.xyz@bl.co.in Email has 3 mandatory parts (abc, bl & co) and 2 optional (xyz & in) with precise @ and . positions 
Wrong Input : E.g. abc.xyz@bl.co.in Email has 3 mandatory parts (abc, bl & co) and 2 optional (xyz & in) with precise @ and . positions 
Wrong Input : E.g. abc.xyz@bl.co.in Email has 3 mandatory parts (abc, bl & co) and 2 optional (xyz & in) with precise @ and . positions 
Wrong Input : E.g. abc.xyz@bl.co.in Email has 3 mandatory parts (abc, bl & co) and 2 optional (xyz & in) with precise @ and . positions 
Wrong Input : E.g. abc.xyz@bl.co.in Email has 3 mandatory parts (abc, bl & co) and 2 optional (xyz & in) with precise @ and . positions 
Wrong Input : E.g. abc.xyz@bl.co.in Email has 3 mandatory parts (abc, bl & co) and 2 optional (xyz & in) with precise @ and . positions 
Wrong Input : E.g. abc.xyz@bl.co.in Email has 3 mandatory parts (abc, bl & co) and 2 optional (xyz & in) with precise @ and . positions 
Wrong Input : E.g. abc.xyz@bl.co.in Email has 3 mandatory parts (abc, bl & co) and 2 optional (xyz & in) with precise @ and . positions 
Wrong Input : E.g. abc.xyz@bl.co.in Email has 3 mandatory parts (abc, bl & co) and 2 optional (xyz & in) with precise @ and . positions 
Wrong Input : E.g. abc.xyz@bl.co.in Email has 3 mandatory parts (abc, bl & co) and 2 optional (xyz & in) with precise @ and . positions 
Wrong Input : E.g. abc.xyz@bl.co.in Email has 3 mandatory parts (abc, bl & co) and 2 optional (xyz & in) with precise @ and . positions 
Wrong Input : E.g. abc.xyz@bl.co.in Email has 3 mandatory parts (abc, bl & co) and 2 optional (xyz & in) with precise @ and . positions 
Wrong Input : E.g. abc.xyz@bl.co.in Email has 3 mandatory parts (abc, bl & co) and 2 optional (xyz & in) with precise @ and . positions 
Wrong Input : E.g. abc.xyz@bl.co.in Email has 3 mandatory parts (abc, bl & co) and 2 optional (xyz & in) with precise @ and . positions 
Wrong Input : E.g. abc.xyz@bl.co.in Email has 3 mandatory parts (abc, bl & co) and 2 optional (xyz & in) with precise @ and . positions 
Wrong Input : E.g. abc.xyz@bl.co.in Email has 3 mandatory parts (abc, bl & co) and 2 optional (xyz & in) with precise @ and . positions 
Wrong Input : E.g. abc.xyz@bl.co.in Email has 3 mandatory parts (abc, bl & co) and 2 optional (xyz & in) with precise @ and . positions 
Wrong Input : E.g. abc.xyz@bl.co.in Email has 3 mandatory parts (abc, bl & co) and 2 optional (xyz & in) with precise @ and . positions 
Wrong Input : E.g. abc.xyz@bl.co.in Email has 3 mandatory parts (abc, bl & co) and 2 optional (xyz & in) with precise @ and . positions 
Wrong Input : E.g. abc.xyz@bl.co.in Email has 3 mandatory parts (abc, bl & co) and 2 optional (xyz & in) with precise @ and . positions 
Wrong Input : E.g. abc.xyz@bl.co.in Email has 3 mandatory parts (abc, bl & co) and 2 optional (xyz & in) with precise @ and . positions 
Wrong Input : E.g. abc.xyz@bl.co.in Email has 3 mandatory parts (abc, bl & co) and 2 optional (xyz & in) with precise @ and . positions 
Wrong Input : E.g. abc.xyz@bl.co.in Email has 3 mandatory parts (abc, bl & co) and 2 optional (xyz & in) with precise @ and . positions 
Wrong Input : E.g. abc.xyz@bl.co.in Email has 3 mandatory parts (abc, bl & co) and 2 optional (xyz & in) with precise @ and . positions 
Wrong Input : E.g. abc.xyz@bl.co.in Email has 3 mandatory parts (abc, bl & co) and 2 optional (xyz & in) with precise @ and . positions 
Wrong Input : E.g. abc.xyz@bl.co.in Email has 3 mandatory parts (abc, bl & co) and 2 optional (xyz & in) with precise @ and . positions 
Wrong Input : E.g. abc.xyz@bl.co.in Email has 3 mandatory parts (abc, bl & co) and 2 optional (xyz & in) with precise @ and . positions 
Wrong Input : E.g. abc.xyz@bl.co.in Email has 3 mandatory parts (abc, bl & co) and 2 optional (xyz & in) with precise @ and . positions 
Wrong Input : E.g. abc.xyz@bl.co.in Email has 3 mandatory parts (abc, bl & co) and 2 optional (xyz & in) with precise @ and . positions 
Wrong Input : E.g. abc.xyz@bl.co.in Email has 3 mandatory parts (abc, bl & co) and 2 optional (xyz & in) with precise @ and . positions 
Wrong Input : E.g. abc.xyz@bl.co.in Email has 3 mandatory parts (abc, bl & co) and 2 optional (xyz & in) with precise @ and . positions 
Wrong Input : E.g. abc.xyz@bl.co.in Email has 3 mandatory parts (abc, bl & co) and 2 optional (xyz & in) with precise @ and . positions 
Wrong Input : E.g. abc.xyz@bl.co.in Email has 3 mandatory parts (abc, bl & co) and 2 optional (xyz & in) with precise @ and . positions 
Wrong Input : E.g. abc.xyz@bl.co.in Email has 3 mandatory parts (abc, bl & co) and 2 optional (xyz & in) with precise @ and . positions 
Wrong Input : E.g. abc.xyz@bl.co.in Email has 3 mandatory parts (abc, bl & co) and 2 optional (xyz & in) with precise @ and . positions 
Wrong Input : E.g. abc.xyz@bl.co.in Email has 3 mandatory parts (abc, bl & co) and 2 optional (xyz & in) with precise @ and . positions 
Wrong Input : E.g. abc.xyz@bl.co.in Email has 3 mandatory parts (abc, bl & co) and 2 optional (xyz & in) with precise @ and . positions 
Wrong Input : E.g. abc.xyz@bl.co.in Email has 3 mandatory parts (abc, bl & co) and 2 optional (xyz & in) with precise @ and . positions 
Wrong Input : E.g. abc.xyz@bl.co.in Email has 3 mandatory parts (abc, bl & co) and 2 optional (xyz & in) with precise @ and . positions 
Wrong Input : E.g. abc.xyz@bl.co.in Email has 3 mandatory parts (abc, bl & co) and 2 optional (xyz & in) with precise @ and . positions 
Wrong Input : E.g. abc.xyz@bl.co.in Email has 3 mandatory parts (abc, bl & co) and 2 optional (xyz & in) with precise @ and . positions 
Wrong Input : E.g. abc.xyz@bl.co.in Email has 3 mandatory parts (abc, bl & co) and 2 optional (xyz & in) with precise @ and . positions 
Wrong Input : E.g. abc.xyz@bl.co.in Email has 3 mandatory parts (abc, bl & co) and 2 optional (xyz & in) with precise @ and . positions 
Wrong Input : E.g. abc.xyz@bl.co.in Email has 3 mandatory parts (abc, bl & co) and 2 optional (xyz & in) with precise @ and . positions 
Wrong Input : E.g. abc.xyz@bl.co.in Email has 3 mandatory parts (abc, bl & co) and 2 optional (xyz & in) with precise @ and . positions 
Wrong Input : E.g. abc.xyz@bl.co.in Email has 3 mandatory parts (abc, bl & co) and 2 optional (xyz & in) with precise @ and . positions 
Wrong Input : E.g. abc.xyz@bl.co.in Email has 3 mandatory parts (abc, bl & co) and 2 optional (xyz & in) with precise @ and . positions 
Wrong Input : E.g. abc.xyz@bl.co.in Email has 3 mandatory parts (abc, bl & co) and 2 optional (xyz & in) with precise @ and . positions 
Wrong Input : E.g. abc.xyz@bl.co.in Email has 3 mandatory parts (abc, bl & co) and 2 optional (xyz & in) with precise @ and . positions 
Wrong Input : E.g. abc.xyz@bl.co.in Email has 3 mandatory parts (abc, bl & co) and 2 optional (xyz & in) with precise @ and . positions 
Wrong Input : E.g. abc.xyz@bl.co.in Email has 3 mandatory parts (abc, bl & co) and 2 optional (xyz & in) with precise @ and . positions 
Wrong Input : E.g. abc.xyz@bl.co.in Email has 3 mandatory parts (abc, bl & co) and 2 optional (xyz & in) with precise @ and . positions 
Wrong Input : E.g. abc.xyz@bl.co.in Email has 3 mandatory parts (abc, bl & co) and 2 optional (xyz & in) with precise @ and . positions 
Wrong Input : E.g. abc.xyz@bl.co.in Email has 3 mandatory parts (abc, bl & co) and 2 optional (xyz & in) with precise @ and . positions 
Wrong Input : E.g. abc.xyz@bl.co.in Email has 3 mandatory parts (abc, bl & co) and 2 optional (xyz & in) with precise @ and . positions 
Wrong Input : E.g. abc.xyz@bl.co.in Email has 3 mandatory parts (abc, bl & co) and 2 optional (xyz & in) with precise @ and . positions 
Wrong Input : E.g. abc.xyz@bl.co.in Email has 3 mandatory parts (abc, bl & co) and 2 optional (xyz & in) with precise @ and . positions 
Wrong Input : E.g. abc.xyz@bl.co.in Email has 3 mandatory parts (abc, bl & co) and 2 optional (xyz & in) with precise @ and . positions 
Wrong Input : E.g. abc.xyz@bl.co.in Email has 3 mandatory parts (abc, bl & co) and 2 optional (xyz & in) with precise @ and . positions 
Wrong Input : E.g. abc.xyz@bl.co.in Email has 3 mandatory parts (abc, bl & co) and 2 optional (xyz & in) with precise @ and . positions 
Wrong Input : E.g. abc.xyz@bl.co.in Email has 3 mandatory parts (abc, bl & co) and 2 optional (xyz & in) with precise @ and . positions 
Wrong Input : E.g. abc.xyz@bl.co.in Email has 3 mandatory parts (abc, bl & co) and 2 optional (xyz & in) with precise @ and . positions 
Wrong Input : E.g. abc.xyz@bl.co.in Email has 3 mandatory parts (abc, bl & co) and 2 optional (xyz & in) with precise @ and . positions 
Wrong Input : E.g. abc.xyz@bl.co.in Email has 3 mandatory parts (abc, bl & co) and 2 optional (xyz & in) with precise @ and . positions 
Wrong Input : E.g. abc.xyz@bl.co.in Email has 3 mandatory parts (abc, bl & co) and 2 optional (xyz & in) with precise @ and . positions 
Wrong Input : E.g. abc.xyz@bl.co.in Email has 3 mandatory parts (abc, bl & co) and 2 optional (xyz & in) with precise @ and . positions 
Wrong Input : E.g. abc.xyz@bl.co.in Email has 3 mandatory parts (abc, bl & co) and 2 optional (xyz & in) with precise @ and . positions 
Wrong Input : E.g. abc.xyz@bl.co.in Email has 3 mandatory parts (abc, bl & co) and 2 optional (xyz & in) with precise @ and . positions 
Wrong Input : E.g. abc.xyz@bl.co.in Email has 3 mandatory parts (abc, bl & co) and 2 optional (xyz & in) with precise @ and . positions 
Wrong Input : E.g. abc.xyz@bl.co.in Email has 3 mandatory parts (abc, bl & co) and 2 optional (xyz & in) with precise @ and . positions 
Wrong Input : E.g. abc.xyz@bl.co.in Email has 3 mandatory parts (abc, bl & co) and 2 optional (xyz & in) with precise @ and . positions 
Wrong Input : E.g. abc.xyz@bl.co.in Email has 3 mandatory parts (abc, bl & co) and 2 optional (xyz & in) with precise @ and . positions 
Wrong Input : E.g. abc.xyz@bl.co.in Email has 3 mandatory parts (abc, bl & co) and 2 optional (xyz & in) with precise @ and . positions 
Wrong Input : E.g. abc.xyz@bl.co.in Email has 3 mandatory parts (abc, bl & co) and 2 optional (xyz & in) with precise @ and . positions 
Wrong Input : E.g. abc.xyz@bl.co.in Email has 3 mandatory parts (abc, bl & co) and 2 optional (xyz & in) with precise @ and . positions 
Wrong Input : E.g. abc.xyz@bl.co.in Email has 3 mandatory parts (abc, bl & co) and 2 optional (xyz & in) with precise @ and . positions 
Wrong Input : E.g. abc.xyz@bl.co.in Email has 3 mandatory parts (abc, bl & co) and 2 optional (xyz & in) with precise @ and . positions 
Wrong Input : E.g. abc.xyz@bl.co.in Email has 3 mandatory parts (abc, bl & co) and 2 optional (xyz & in) with precise @ and . positions 
Wrong Input : E.g. abc.xyz@bl.co.in Email has 3 mandatory parts (abc, bl & co) and 2 optional (xyz & in) with precise @ and . positions 
Wrong Input : E.g. abc.xyz@bl.co.in Email has 3 mandatory parts (abc, bl & co) and 2 optional (xyz & in) with precise @ and . positions 
Wrong Input : E.g. abc.xyz@bl.co.in Email has 3 mandatory parts (abc, bl & co) and 2 optional (xyz & in) with precise @ and . positions 
Wrong Input : E.g. abc.xyz@bl.co.in Email has 3 mandatory parts (abc, bl & co) and 2 optional (xyz & in) with precise @ and . positions 
Wrong Input : E.g. abc.xyz@bl.co.in Email has 3 mandatory parts (abc, bl & co) and 2 optional (xyz & in) with precise @ and . positions 
Wrong Input : E.g. abc.xyz@bl.co.in Email has 3 mandatory parts (abc, bl & co) and 2 optional (xyz & in) with precise @ and . positions 
Wrong Input : E.g. abc.xyz@bl.co.in Email has 3 mandatory parts (abc, bl & co) and 2 optional (xyz & in) with precise @ and . positions 
Wrong Input : E.g. abc.xyz@bl.co.in Email has 3 mandatory parts (abc, bl & co) and 2 optional (xyz & in) with precise @ and . positions 
Wrong Input : E.g. abc.xyz@bl.co.in Email has 3 mandatory parts (abc, bl & co) and 2 optional (xyz & in) with precise @ and . positions 
Wrong Input : E.g. abc.xyz@bl.co.in Email has 3 mandatory parts (abc, bl & co) and 2 optional (xyz & in) with precise @ and . positions 
Wrong Input : E.g. abc.xyz@bl.co.in Email has 3 mandatory parts (abc, bl & co) and 2 optional (xyz & in) with precise @ and . positions 
Wrong Input : E.g. abc.xyz@bl.co.in Email has 3 mandatory parts (abc, bl & co) and 2 optional (xyz & in) with precise @ and . positions 
Wrong Input : E.g. abc.xyz@bl.co.in Email has 3 mandatory parts (abc, bl & co) and 2 optional (xyz & in) with precise @ and . positions 
Wrong Input : E.g. abc.xyz@bl.co.in Email has 3 mandatory parts (abc, bl & co) and 2 optional (xyz & in) with precise @ and . positions 
Wrong Input : E.g. abc.xyz@bl.co.in Email has 3 mandatory parts (abc, bl & co) and 2 optional (xyz & in) with precise @ and . positions 
Wrong Input : E.g. abc.xyz@bl.co.in Email has 3 mandatory parts (abc, bl & co) and 2 optional (xyz & in) with precise @ and . positions 
Wrong Input : E.g. abc.xyz@bl.co.in Email has 3 mandatory parts (abc, bl & co) and 2 optional (xyz & in) with precise @ and . positions 
Wrong Input : E.g. abc.xyz@bl.co.in Email has 3 mandatory parts (abc, bl & co) and 2 optional (xyz & in) with precise @ and . positions 
Wrong Input : E.g. abc.xyz@bl.co.in Email has 3 mandatory parts (abc, bl & co) and 2 optional (xyz & in) with precise @ and . positions 
Wrong Input : E.g. abc.xyz@bl.co.in Email has 3 mandatory parts (abc, bl & co) and 2 optional (xyz & in) with precise @ and . positions 
Wrong Input : E.g. abc.xyz@bl.co.in Email has 3 mandatory parts (abc, bl & co) and 2 optional (xyz & in) with precise @ and . positions 
Wrong Input : E.g. abc.xyz@bl.co.in Email has 3 mandatory parts (abc, bl & co) and 2 optional (xyz & in) with precise @ and . positions 
Wrong Input : E.g. abc.xyz@bl.co.in Email has 3 mandatory parts (abc, bl & co) and 2 optional (xyz & in) with precise @ and . positions 
Wrong Input : E.g. abc.xyz@bl.co.in Email has 3 mandatory parts (abc, bl & co) and 2 optional (xyz & in) with precise @ and . positions 
Wrong Input : E.g. abc.xyz@bl.co.in Email has 3 mandatory parts (abc, bl & co) and 2 optional (xyz & in) with precise @ and . positions 
Wrong Input : E.g. abc.xyz@bl.co.in Email has 3 mandatory parts (abc, bl & co) and 2 optional (xyz & in) with precise @ and . positions 
Wrong Input : E.g. abc.xyz@bl.co.in Email has 3 mandatory parts (abc, bl & co) and 2 optional (xyz & in) with precise @ and . positions 
Wrong Input : E.g. abc.xyz@bl.co.in Email has 3 mandatory parts (abc, bl & co) and 2 optional (xyz & in) with precise @ and . positions 
Wrong Input : E.g. abc.xyz@bl.co.in Email has 3 mandatory parts (abc, bl & co) and 2 optional (xyz & in) with precise @ and . positions 
Wrong Input : E.g. abc.xyz@bl.co.in Email has 3 mandatory parts (abc, bl & co) and 2 optional (xyz & in) with precise @ and . positions 
Wrong Input : E.g. abc.xyz@bl.co.in Email has 3 mandatory parts (abc, bl & co) and 2 optional (xyz & in) with precise @ and . positions 
Wrong Input : E.g. abc.xyz@bl.co.in Email has 3 mandatory parts (abc, bl & co) and 2 optional (xyz & in) with precise @ and . positions 
Wrong Input : E.g. abc.xyz@bl.co.in Email has 3 mandatory parts (abc, bl & co) and 2 optional (xyz & in) with precise @ and . positions 
Wrong Input : E.g. abc.xyz@bl.co.in Email has 3 mandatory parts (abc, bl & co) and 2 optional (xyz & in) with precise @ and . positions 
Wrong Input : E.g. abc.xyz@bl.co.in Email has 3 mandatory parts (abc, bl & co) and 2 optional (xyz & in) with precise @ and . positions 
Wrong Input : E.g. abc.xyz@bl.co.in Email has 3 mandatory parts (abc, bl & co) and 2 optional (xyz & in) with precise @ and . positions 
Wrong Input : E.g. abc.xyz@bl.co.in Email has 3 mandatory parts (abc, bl & co) and 2 optional (xyz & in) with precise @ and . positions 
Wrong Input : E.g. abc.xyz@bl.co.in Email has 3 mandatory parts (abc, bl & co) and 2 optional (xyz & in) with precise @ and . positions 
Wrong Input : E.g. abc.xyz@bl.co.in Email has 3 mandatory parts (abc, bl & co) and 2 optional (xyz & in) with precise @ and . positions 
Wrong Input : E.g. abc.xyz@bl.co.in Email has 3 mandatory parts (abc, bl & co) and 2 optional (xyz & in) with precise @ and . positions 
Wrong Input : E.g. abc.xyz@bl.co.in Email has 3 mandatory parts (abc, bl & co) and 2 optional (xyz & in) with precise @ and . positions 
Wrong Input : E.g. abc.xyz@bl.co.in Email has 3 mandatory parts (abc, bl & co) and 2 optional (xyz & in) with precise @ and . positions 
Wrong Input : E.g. abc.xyz@bl.co.in Email has 3 mandatory parts (abc, bl & co) and 2 optional (xyz & in) with precise @ and . positions 
Wrong Input : E.g. abc.xyz@bl.co.in Email has 3 mandatory parts (abc, bl & co) and 2 optional (xyz & in) with precise @ and . positions 
Wrong Input : E.g. abc.xyz@bl.co.in Email has 3 mandatory parts (abc, bl & co) and 2 optional (xyz & in) with precise @ and . positions 
Wrong Input : E.g. abc.xyz@bl.co.in Email has 3 mandatory parts (abc, bl & co) and 2 optional (xyz & in) with precise @ and . positions 
Wrong Input : E.g. abc.xyz@bl.co.in Email has 3 mandatory parts (abc, bl & co) and 2 optional (xyz & in) with precise @ and . positions 
Wrong Input : E.g. abc.xyz@bl.co.in Email has 3 mandatory parts (abc, bl & co) and 2 optional (xyz & in) with precise @ and . positions 
Wrong Input : E.g. abc.xyz@bl.co.in Email has 3 mandatory parts (abc, bl & co) and 2 optional (xyz & in) with precise @ and . positions 
Wrong Input : E.g. abc.xyz@bl.co.in Email has 3 mandatory parts (abc, bl & co) and 2 optional (xyz & in) with precise @ and . positions 
Wrong Input : E.g. abc.xyz@bl.co.in Email has 3 mandatory parts (abc, bl & co) and 2 optional (xyz & in) with precise @ and . positions 
Wrong Input : E.g. abc.xyz@bl.co.in Email has 3 mandatory parts (abc, bl & co) and 2 optional (xyz & in) with precise @ and . positions 
Wrong Input : E.g. abc.xyz@bl.co.in Email has 3 mandatory parts (abc, bl & co) and 2 optional (xyz & in) with precise @ and . positions 
Wrong Input : E.g. abc.xyz@bl.co.in Email has 3 mandatory parts (abc, bl & co) and 2 optional (xyz & in) with precise @ and . positions 
Wrong Input : E.g. abc.xyz@bl.co.in Email has 3 mandatory parts (abc, bl & co) and 2 optional (xyz & in) with precise @ and . positions 
Wrong Input : E.g. abc.xyz@bl.co.in Email has 3 mandatory parts (abc, bl & co) and 2 optional (xyz & in) with precise @ and . positions 
Wrong Input : E.g. abc.xyz@bl.co.in Email has 3 mandatory parts (abc, bl & co) and 2 optional (xyz & in) with precise @ and . positions 
Wrong Input : E.g. abc.xyz@bl.co.in Email has 3 mandatory parts (abc, bl & co) and 2 optional (xyz & in) with precise @ and . positions 
Wrong Input : E.g. abc.xyz@bl.co.in Email has 3 mandatory parts (abc, bl & co) and 2 optional (xyz & in) with precise @ and . positions 
Wrong Input : E.g. abc.xyz@bl.co.in Email has 3 mandatory parts (abc, bl & co) and 2 optional (xyz & in) with precise @ and . positions 
Wrong Input : E.g. abc.xyz@bl.co.in Email has 3 mandatory parts (abc, bl & co) and 2 optional (xyz & in) with precise @ and . positions 
Wrong Input : E.g. abc.xyz@bl.co.in Email has 3 mandatory parts (abc, bl & co) and 2 optional (xyz & in) with precise @ and . positions 
Wrong Input : E.g. abc.xyz@bl.co.in Email has 3 mandatory parts (abc, bl & co) and 2 optional (xyz & in) with precise @ and . positions 
Wrong Input : E.g. abc.xyz@bl.co.in Email has 3 mandatory parts (abc, bl & co) and 2 optional (xyz & in) with precise @ and . positions 
Wrong Input : E.g. abc.xyz@bl.co.in Email has 3 mandatory parts (abc, bl & co) and 2 optional (xyz & in) with precise @ and . positions 
Wrong Input : E.g. abc.xyz@bl.co.in Email has 3 mandatory parts (abc, bl & co) and 2 optional (xyz & in) with precise @ and . positions 
Wrong Input : E.g. abc.xyz@bl.co.in Email has 3 mandatory parts (abc, bl & co) and 2 optional (xyz & in) with precise @ and . positions 
Wrong Input : E.g. abc.xyz@bl.co.in Email has 3 mandatory parts (abc, bl & co) and 2 optional (xyz & in) with precise @ and . positions 
Wrong Input : E.g. abc.xyz@bl.co.in Email has 3 mandatory parts (abc, bl & co) and 2 optional (xyz & in) with precise @ and . positions 
Wrong Input : E.g. abc.xyz@bl.co.in Email has 3 mandatory parts (abc, bl & co) and 2 optional (xyz & in) with precise @ and . positions 
Wrong Input : E.g. abc.xyz@bl.co.in Email has 3 mandatory parts (abc, bl & co) and 2 optional (xyz & in) with precise @ and . positions 
Wrong Input : E.g. abc.xyz@bl.co.in Email has 3 mandatory parts (abc, bl & co) and 2 optional (xyz & in) with precise @ and . positions 
Wrong Input : E.g. abc.xyz@bl.co.in Email has 3 mandatory parts (abc, bl & co) and 2 optional (xyz & in) with precise @ and . positions 
Wrong Input : E.g. abc.xyz@bl.co.in Email has 3 mandatory parts (abc, bl & co) and 2 optional (xyz & in) with precise @ and . positions 
Wrong Input : E.g. abc.xyz@bl.co.in Email has 3 mandatory parts (abc, bl & co) and 2 optional (xyz & in) with precise @ and . positions 
Wrong Input : E.g. abc.xyz@bl.co.in Email has 3 mandatory parts (abc, bl & co) and 2 optional (xyz & in) with precise @ and . positions 
Wrong Input : E.g. abc.xyz@bl.co.in Email has 3 mandatory parts (abc, bl & co) and 2 optional (xyz & in) with precise @ and . positions 
Wrong Input : E.g. abc.xyz@bl.co.in Email has 3 mandatory parts (abc, bl & co) and 2 optional (xyz & in) with precise @ and . positions 
Wrong Input : E.g. abc.xyz@bl.co.in Email has 3 mandatory parts (abc, bl & co) and 2 optional (xyz & in) with precise @ and . positions 
Wrong Input : E.g. abc.xyz@bl.co.in Email has 3 mandatory parts (abc, bl & co) and 2 optional (xyz & in) with precise @ and . positions 
Wrong Input : E.g. abc.xyz@bl.co.in Email has 3 mandatory parts (abc, bl & co) and 2 optional (xyz & in) with precise @ and . positions 
Wrong Input : E.g. abc.xyz@bl.co.in Email has 3 mandatory parts (abc, bl & co) and 2 optional (xyz & in) with precise @ and . positions 
Wrong Input : E.g. abc.xyz@bl.co.in Email has 3 mandatory parts (abc, bl & co) and 2 optional (xyz & in) with precise @ and . positions 
Wrong Input : E.g. abc.xyz@bl.co.in Email has 3 mandatory parts (abc, bl & co) and 2 optional (xyz & in) with precise @ and . positions 
Wrong Input : E.g. abc.xyz@bl.co.in Email has 3 mandatory parts (abc, bl & co) and 2 optional (xyz & in) with precise @ and . positions 
Wrong Input : E.g. abc.xyz@bl.co.in Email has 3 mandatory parts (abc, bl & co) and 2 optional (xyz & in) with precise @ and . positions 
Wrong Input : E.g. abc.xyz@bl.co.in Email has 3 mandatory parts (abc, bl & co) and 2 optional (xyz & in) with precise @ and . positions 
Wrong Input : E.g. abc.xyz@bl.co.in Email has 3 mandatory parts (abc, bl & co) and 2 optional (xyz & in) with precise @ and . positions 
Wrong Input : E.g. abc.xyz@bl.co.in Email has 3 mandatory parts (abc, bl & co) and 2 optional (xyz & in) with precise @ and . positions 
Wrong Input : E.g. abc.xyz@bl.co.in Email has 3 mandatory parts (abc, bl & co) and 2 optional (xyz & in) with precise @ and . positions 
Wrong Input : E.g. abc.xyz@bl.co.in Email has 3 mandatory parts (abc, bl & co) and 2 optional (xyz & in) with precise @ and . positions 
Wrong Input : E.g. abc.xyz@bl.co.in Email has 3 mandatory parts (abc, bl & co) and 2 optional (xyz & in) with precise @ and . positions 
Wrong Input : E.g. abc.xyz@bl.co.in Email has 3 mandatory parts (abc, bl & co) and 2 optional (xyz & in) with precise @ and . positions 
Wrong Input : E.g. abc.xyz@bl.co.in Email has 3 mandatory parts (abc, bl & co) and 2 optional (xyz & in) with precise @ and . positions 
Wrong Input : E.g. abc.xyz@bl.co.in Email has 3 mandatory parts (abc, bl & co) and 2 optional (xyz & in) with precise @ and . positions 
Wrong Input : E.g. abc.xyz@bl.co.in Email has 3 mandatory parts (abc, bl & co) and 2 optional (xyz & in) with precise @ and . positions 
Wrong Input : E.g. abc.xyz@bl.co.in Email has 3 mandatory parts (abc, bl & co) and 2 optional (xyz & in) with precise @ and . positions 
Wrong Input : E.g. abc.xyz@bl.co.in Email has 3 mandatory parts (abc, bl & co) and 2 optional (xyz & in) with precise @ and . positions 
Wrong Input : E.g. abc.xyz@bl.co.in Email has 3 mandatory parts (abc, bl & co) and 2 optional (xyz & in) with precise @ and . positions 
Wrong Input : E.g. abc.xyz@bl.co.in Email has 3 mandatory parts (abc, bl & co) and 2 optional (xyz & in) with precise @ and . positions 
Wrong Input : E.g. abc.xyz@bl.co.in Email has 3 mandatory parts (abc, bl & co) and 2 optional (xyz & in) with precise @ and . positions 
Wrong Input : E.g. abc.xyz@bl.co.in Email has 3 mandatory parts (abc, bl & co) and 2 optional (xyz & in) with precise @ and . positions 
Wrong Input : E.g. abc.xyz@bl.co.in Email has 3 mandatory parts (abc, bl & co) and 2 optional (xyz & in) with precise @ and . positions 
Wrong Input : E.g. abc.xyz@bl.co.in Email has 3 mandatory parts (abc, bl & co) and 2 optional (xyz & in) with precise @ and . positions 
Wrong Input : E.g. abc.xyz@bl.co.in Email has 3 mandatory parts (abc, bl & co) and 2 optional (xyz & in) with precise @ and . positions 
Wrong Input : E.g. abc.xyz@bl.co.in Email has 3 mandatory parts (abc, bl & co) and 2 optional (xyz & in) with precise @ and . positions 
Wrong Input : E.g. abc.xyz@bl.co.in Email has 3 mandatory parts (abc, bl & co) and 2 optional (xyz & in) with precise @ and . positions 
Wrong Input : E.g. abc.xyz@bl.co.in Email has 3 mandatory parts (abc, bl & co) and 2 optional (xyz & in) with precise @ and . positions 
Wrong Input : E.g. abc.xyz@bl.co.in Email has 3 mandatory parts (abc, bl & co) and 2 optional (xyz & in) with precise @ and . positions 
Wrong Input : E.g. abc.xyz@bl.co.in Email has 3 mandatory parts (abc, bl & co) and 2 optional (xyz & in) with precise @ and . positions 
Wrong Input : E.g. abc.xyz@bl.co.in Email has 3 mandatory parts (abc, bl & co) and 2 optional (xyz & in) with precise @ and . positions 
Wrong Input : E.g. abc.xyz@bl.co.in Email has 3 mandatory parts (abc, bl & co) and 2 optional (xyz & in) with precise @ and . positions 
Wrong Input : E.g. abc.xyz@bl.co.in Email has 3 mandatory parts (abc, bl & co) and 2 optional (xyz & in) with precise @ and . positions 
Wrong Input : E.g. abc.xyz@bl.co.in Email has 3 mandatory parts (abc, bl & co) and 2 optional (xyz & in) with precise @ and . positions 
Wrong Input : E.g. abc.xyz@bl.co.in Email has 3 mandatory parts (abc, bl & co) and 2 optional (xyz & in) with precise @ and . positions 
Wrong Input : E.g. abc.xyz@bl.co.in Email has 3 mandatory parts (abc, bl & co) and 2 optional (xyz & in) with precise @ and . positions 
Wrong Input : E.g. abc.xyz@bl.co.in Email has 3 mandatory parts (abc, bl & co) and 2 optional (xyz & in) with precise @ and . positions 
Wrong Input : E.g. abc.xyz@bl.co.in Email has 3 mandatory parts (abc, bl & co) and 2 optional (xyz & in) with precise @ and . positions 
Wrong Input : E.g. abc.xyz@bl.co.in Email has 3 mandatory parts (abc, bl & co) and 2 optional (xyz & in) with precise @ and . positions 
Wrong Input : E.g. abc.xyz@bl.co.in Email has 3 mandatory parts (abc, bl & co) and 2 optional (xyz & in) with precise @ and . positions 
Wrong Input : E.g. abc.xyz@bl.co.in Email has 3 mandatory parts (abc, bl & co) and 2 optional (xyz & in) with precise @ and . positions 
Wrong Input : E.g. abc.xyz@bl.co.in Email has 3 mandatory parts (abc, bl & co) and 2 optional (xyz & in) with precise @ and . positions 
Wrong Input : E.g. abc.xyz@bl.co.in Email has 3 mandatory parts (abc, bl & co) and 2 optional (xyz & in) with precise @ and . positions 
Wrong Input : E.g. abc.xyz@bl.co.in Email has 3 mandatory parts (abc, bl & co) and 2 optional (xyz & in) with precise @ and . positions 
Wrong Input : E.g. abc.xyz@bl.co.in Email has 3 mandatory parts (abc, bl & co) and 2 optional (xyz & in) with precise @ and . positions 
Wrong Input : E.g. abc.xyz@bl.co.in Email has 3 mandatory parts (abc, bl & co) and 2 optional (xyz & in) with precise @ and . positions 
Wrong Input : E.g. abc.xyz@bl.co.in Email has 3 mandatory parts (abc, bl & co) and 2 optional (xyz & in) with precise @ and . positions 
Wrong Input : E.g. abc.xyz@bl.co.in Email has 3 mandatory parts (abc, bl & co) and 2 optional (xyz & in) with precise @ and . positions 
Wrong Input : E.g. abc.xyz@bl.co.in Email has 3 mandatory parts (abc, bl & co) and 2 optional (xyz & in) with precise @ and . positions 
Wrong Input : E.g. abc.xyz@bl.co.in Email has 3 mandatory parts (abc, bl & co) and 2 optional (xyz & in) with precise @ and . positions 
Wrong Input : E.g. abc.xyz@bl.co.in Email has 3 mandatory parts (abc, bl & co) and 2 optional (xyz & in) with precise @ and . positions 
Wrong Input : E.g. abc.xyz@bl.co.in Email has 3 mandatory parts (abc, bl & co) and 2 optional (xyz & in) with precise @ and . positions 
Wrong Input : E.g. abc.xyz@bl.co.in Email has 3 mandatory parts (abc, bl & co) and 2 optional (xyz & in) with precise @ and . positions 
Wrong Input : E.g. abc.xyz@bl.co.in Email has 3 mandatory parts (abc, bl & co) and 2 optional (xyz & in) with precise @ and . positions 
Wrong Input : E.g. abc.xyz@bl.co.in Email has 3 mandatory parts (abc, bl & co) and 2 optional (xyz & in) with precise @ and . positions 
Wrong Input : E.g. abc.xyz@bl.co.in Email has 3 mandatory parts (abc, bl & co) and 2 optional (xyz & in) with precise @ and . positions 
Wrong Input : E.g. abc.xyz@bl.co.in Email has 3 mandatory parts (abc, bl & co) and 2 optional (xyz & in) with precise @ and . positions 
Wrong Input : E.g. abc.xyz@bl.co.in Email has 3 mandatory parts (abc, bl & co) and 2 optional (xyz & in) with precise @ and . positions 
Wrong Input : E.g. abc.xyz@bl.co.in Email has 3 mandatory parts (abc, bl & co) and 2 optional (xyz & in) with precise @ and . positions 
Wrong Input : E.g. abc.xyz@bl.co.in Email has 3 mandatory parts (abc, bl & co) and 2 optional (xyz & in) with precise @ and . positions 
Wrong Input : E.g. abc.xyz@bl.co.in Email has 3 mandatory parts (abc, bl & co) and 2 optional (xyz & in) with precise @ and . positions 
Wrong Input : E.g. abc.xyz@bl.co.in Email has 3 mandatory parts (abc, bl & co) and 2 optional (xyz & in) with precise @ and . positions 
Wrong Input : E.g. abc.xyz@bl.co.in Email has 3 mandatory parts (abc, bl & co) and 2 optional (xyz & in) with precise @ and . positions 
Wrong Input : E.g. abc.xyz@bl.co.in Email has 3 mandatory parts (abc, bl & co) and 2 optional (xyz & in) with precise @ and . positions 
Wrong Input : E.g. abc.xyz@bl.co.in Email has 3 mandatory parts (abc, bl & co) and 2 optional (xyz & in) with precise @ and . positions 
Wrong Input : E.g. abc.xyz@bl.co.in Email has 3 mandatory parts (abc, bl & co) and 2 optional (xyz & in) with precise @ and . positions 
Wrong Input : E.g. abc.xyz@bl.co.in Email has 3 mandatory parts (abc, bl & co) and 2 optional (xyz & in) with precise @ and . positions 
Wrong Input : E.g. abc.xyz@bl.co.in Email has 3 mandatory parts (abc, bl & co) and 2 optional (xyz & in) with precise @ and . positions 
Wrong Input : E.g. abc.xyz@bl.co.in Email has 3 mandatory parts (abc, bl & co) and 2 optional (xyz & in) with precise @ and . positions 
Wrong Input : E.g. abc.xyz@bl.co.in Email has 3 mandatory parts (abc, bl & co) and 2 optional (xyz & in) with precise @ and . positions 
Wrong Input : E.g. abc.xyz@bl.co.in Email has 3 mandatory parts (abc, bl & co) and 2 optional (xyz & in) with precise @ and . positions 
Wrong Input : E.g. abc.xyz@bl.co.in Email has 3 mandatory parts (abc, bl & co) and 2 optional (xyz & in) with precise @ and . positions 
Wrong Input : E.g. abc.xyz@bl.co.in Email has 3 mandatory parts (abc, bl & co) and 2 optional (xyz & in) with precise @ and . positions 
Wrong Input : E.g. abc.xyz@bl.co.in Email has 3 mandatory parts (abc, bl & co) and 2 optional (xyz & in) with precise @ and . positions 
Wrong Input : E.g. abc.xyz@bl.co.in Email has 3 mandatory parts (abc, bl & co) and 2 optional (xyz & in) with precise @ and . positions 
Wrong Input : E.g. abc.xyz@bl.co.in Email has 3 mandatory parts (abc, bl & co) and 2 optional (xyz & in) with precise @ and . positions 
Wrong Input : E.g. abc.xyz@bl.co.in Email has 3 mandatory parts (abc, bl & co) and 2 optional (xyz & in) with precise @ and . positions 
Wrong Input : E.g. abc.xyz@bl.co.in Email has 3 mandatory parts (abc, bl & co) and 2 optional (xyz & in) with precise @ and . positions 
Wrong Input : E.g. abc.xyz@bl.co.in Email has 3 mandatory parts (abc, bl & co) and 2 optional (xyz & in) with precise @ and . positions 
Wrong Input : E.g. abc.xyz@bl.co.in Email has 3 mandatory parts (abc, bl & co) and 2 optional (xyz & in) with precise @ and . positions 
Wrong Input : E.g. abc.xyz@bl.co.in Email has 3 mandatory parts (abc, bl & co) and 2 optional (xyz & in) with precise @ and . positions 
Wrong Input : E.g. abc.xyz@bl.co.in Email has 3 mandatory parts (abc, bl & co) and 2 optional (xyz & in) with precise @ and . positions 
Wrong Input : E.g. abc.xyz@bl.co.in Email has 3 mandatory parts (abc, bl & co) and 2 optional (xyz & in) with precise @ and . positions 
Wrong Input : E.g. abc.xyz@bl.co.in Email has 3 mandatory parts (abc, bl & co) and 2 optional (xyz & in) with precise @ and . positions 
Wrong Input : E.g. abc.xyz@bl.co.in Email has 3 mandatory parts (abc, bl & co) and 2 optional (xyz & in) with precise @ and . positions 
Wrong Input : E.g. abc.xyz@bl.co.in Email has 3 mandatory parts (abc, bl & co) and 2 optional (xyz & in) with precise @ and . positions 
Wrong Input : E.g. abc.xyz@bl.co.in Email has 3 mandatory parts (abc, bl & co) and 2 optional (xyz & in) with precise @ and . positions 
Wrong Input : E.g. abc.xyz@bl.co.in Email has 3 mandatory parts (abc, bl & co) and 2 optional (xyz & in) with precise @ and . positions 
Wrong Input : E.g. abc.xyz@bl.co.in Email has 3 mandatory parts (abc, bl & co) and 2 optional (xyz & in) with precise @ and . positions 
Wrong Input : E.g. abc.xyz@bl.co.in Email has 3 mandatory parts (abc, bl & co) and 2 optional (xyz & in) with precise @ and . positions 
Wrong Input : E.g. abc.xyz@bl.co.in Email has 3 mandatory parts (abc, bl & co) and 2 optional (xyz & in) with precise @ and . positions 
Wrong Input : E.g. abc.xyz@bl.co.in Email has 3 mandatory parts (abc, bl & co) and 2 optional (xyz & in) with precise @ and . positions 
Wrong Input : E.g. abc.xyz@bl.co.in Email has 3 mandatory parts (abc, bl & co) and 2 optional (xyz & in) with precise @ and . positions 
Wrong Input : E.g. abc.xyz@bl.co.in Email has 3 mandatory parts (abc, bl & co) and 2 optional (xyz & in) with precise @ and . positions 
Wrong Input : E.g. abc.xyz@bl.co.in Email has 3 mandatory parts (abc, bl & co) and 2 optional (xyz & in) with precise @ and . positions 
Wrong Input : E.g. abc.xyz@bl.co.in Email has 3 mandatory parts (abc, bl & co) and 2 optional (xyz & in) with precise @ and . positions 
Wrong Input : E.g. abc.xyz@bl.co.in Email has 3 mandatory parts (abc, bl & co) and 2 optional (xyz & in) with precise @ and . positions 
Wrong Input : E.g. abc.xyz@bl.co.in Email has 3 mandatory parts (abc, bl & co) and 2 optional (xyz & in) with precise @ and . positions 
Wrong Input : E.g. abc.xyz@bl.co.in Email has 3 mandatory parts (abc, bl & co) and 2 optional (xyz & in) with precise @ and . positions 
Wrong Input : E.g. abc.xyz@bl.co.in Email has 3 mandatory parts (abc, bl & co) and 2 optional (xyz & in) with precise @ and . positions 
Wrong Input : E.g. abc.xyz@bl.co.in Email has 3 mandatory parts (abc, bl & co) and 2 optional (xyz & in) with precise @ and . positions 
Wrong Input : E.g. abc.xyz@bl.co.in Email has 3 mandatory parts (abc, bl & co) and 2 optional (xyz & in) with precise @ and . positions 
Wrong Input : E.g. abc.xyz@bl.co.in Email has 3 mandatory parts (abc, bl & co) and 2 optional (xyz & in) with precise @ and . positions 
Wrong Input : E.g. abc.xyz@bl.co.in Email has 3 mandatory parts (abc, bl & co) and 2 optional (xyz & in) with precise @ and . positions 
Wrong Input : E.g. abc.xyz@bl.co.in Email has 3 mandatory parts (abc, bl & co) and 2 optional (xyz & in) with precise @ and . positions 
Wrong Input : E.g. abc.xyz@bl.co.in Email has 3 mandatory parts (abc, bl & co) and 2 optional (xyz & in) with precise @ and . positions 
Wrong Input : E.g. abc.xyz@bl.co.in Email has 3 mandatory parts (abc, bl & co) and 2 optional (xyz & in) with precise @ and . positions 
Wrong Input : E.g. abc.xyz@bl.co.in Email has 3 mandatory parts (abc, bl & co) and 2 optional (xyz & in) with precise @ and . positions 
Wrong Input : E.g. abc.xyz@bl.co.in Email has 3 mandatory parts (abc, bl & co) and 2 optional (xyz & in) with precise @ and . positions 
Wrong Input : E.g. abc.xyz@bl.co.in Email has 3 mandatory parts (abc, bl & co) and 2 optional (xyz & in) with precise @ and . positions 
Wrong Input : E.g. abc.xyz@bl.co.in Email has 3 mandatory parts (abc, bl & co) and 2 optional (xyz & in) with precise @ and . positions 
Wrong Input : E.g. abc.xyz@bl.co.in Email has 3 mandatory parts (abc, bl & co) and 2 optional (xyz & in) with precise @ and . positions 
Wrong Input : E.g. abc.xyz@bl.co.in Email has 3 mandatory parts (abc, bl & co) and 2 optional (xyz & in) with precise @ and . positions 
Wrong Input : E.g. abc.xyz@bl.co.in Email has 3 mandatory parts (abc, bl & co) and 2 optional (xyz & in) with precise @ and . positions 
Wrong Input : E.g. abc.xyz@bl.co.in Email has 3 mandatory parts (abc, bl & co) and 2 optional (xyz & in) with precise @ and . positions 
Wrong Input : E.g. abc.xyz@bl.co.in Email has 3 mandatory parts (abc, bl & co) and 2 optional (xyz & in) with precise @ and . positions 
Wrong Input : E.g. abc.xyz@bl.co.in Email has 3 mandatory parts (abc, bl & co) and 2 optional (xyz & in) with precise @ and . positions 
Wrong Input : E.g. abc.xyz@bl.co.in Email has 3 mandatory parts (abc, bl & co) and 2 optional (xyz & in) with precise @ and . positions 
Wrong Input : E.g. abc.xyz@bl.co.in Email has 3 mandatory parts (abc, bl & co) and 2 optional (xyz & in) with precise @ and . positions 
Wrong Input : E.g. abc.xyz@bl.co.in Email has 3 mandatory parts (abc, bl & co) and 2 optional (xyz & in) with precise @ and . positions 
Wrong Input : E.g. abc.xyz@bl.co.in Email has 3 mandatory parts (abc, bl & co) and 2 optional (xyz & in) with precise @ and . positions 
Wrong Input : E.g. abc.xyz@bl.co.in Email has 3 mandatory parts (abc, bl & co) and 2 optional (xyz & in) with precise @ and . positions 
Wrong Input : E.g. abc.xyz@bl.co.in Email has 3 mandatory parts (abc, bl & co) and 2 optional (xyz & in) with precise @ and . positions 
Wrong Input : E.g. abc.xyz@bl.co.in Email has 3 mandatory parts (abc, bl & co) and 2 optional (xyz & in) with precise @ and . positions 
Wrong Input : E.g. abc.xyz@bl.co.in Email has 3 mandatory parts (abc, bl & co) and 2 optional (xyz & in) with precise @ and . positions 
Wrong Input : E.g. abc.xyz@bl.co.in Email has 3 mandatory parts (abc, bl & co) and 2 optional (xyz & in) with precise @ and . positions 
Wrong Input : E.g. abc.xyz@bl.co.in Email has 3 mandatory parts (abc, bl & co) and 2 optional (xyz & in) with precise @ and . positions 
Wrong Input : E.g. abc.xyz@bl.co.in Email has 3 mandatory parts (abc, bl & co) and 2 optional (xyz & in) with precise @ and . positions 
Wrong Input : E.g. abc.xyz@bl.co.in Email has 3 mandatory parts (abc, bl & co) and 2 optional (xyz & in) with precise @ and . positions 
Wrong Input : E.g. abc.xyz@bl.co.in Email has 3 mandatory parts (abc, bl & co) and 2 optional (xyz & in) with precise @ and . positions 
Wrong Input : E.g. abc.xyz@bl.co.in Email has 3 mandatory parts (abc, bl & co) and 2 optional (xyz & in) with precise @ and . positions 
Wrong Input : E.g. abc.xyz@bl.co.in Email has 3 mandatory parts (abc, bl & co) and 2 optional (xyz & in) with precise @ and . positions 
Wrong Input : E.g. abc.xyz@bl.co.in Email has 3 mandatory parts (abc, bl & co) and 2 optional (xyz & in) with precise @ and . positions 
Wrong Input : E.g. abc.xyz@bl.co.in Email has 3 mandatory parts (abc, bl & co) and 2 optional (xyz & in) with precise @ and . positions 
Wrong Input : E.g. abc.xyz@bl.co.in Email has 3 mandatory parts (abc, bl & co) and 2 optional (xyz & in) with precise @ and . positions 
Wrong Input : E.g. abc.xyz@bl.co.in Email has 3 mandatory parts (abc, bl & co) and 2 optional (xyz & in) with precise @ and . positions 
Wrong Input : E.g. abc.xyz@bl.co.in Email has 3 mandatory parts (abc, bl & co) and 2 optional (xyz & in) with precise @ and . positions 
Wrong Input : E.g. abc.xyz@bl.co.in Email has 3 mandatory parts (abc, bl & co) and 2 optional (xyz & in) with precise @ and . positions 
Wrong Input : E.g. abc.xyz@bl.co.in Email has 3 mandatory parts (abc, bl & co) and 2 optional (xyz & in) with precise @ and . positions 
Wrong Input : E.g. abc.xyz@bl.co.in Email has 3 mandatory parts (abc, bl & co) and 2 optional (xyz & in) with precise @ and . positions 
Wrong Input : E.g. abc.xyz@bl.co.in Email has 3 mandatory parts (abc, bl & co) and 2 optional (xyz & in) with precise @ and . positions 
Wrong Input : E.g. abc.xyz@bl.co.in Email has 3 mandatory parts (abc, bl & co) and 2 optional (xyz & in) with precise @ and . positions 
Wrong Input : E.g. abc.xyz@bl.co.in Email has 3 mandatory parts (abc, bl & co) and 2 optional (xyz & in) with precise @ and . positions 
Wrong Input : E.g. abc.xyz@bl.co.in Email has 3 mandatory parts (abc, bl & co) and 2 optional (xyz & in) with precise @ and . positions 
Wrong Input : E.g. abc.xyz@bl.co.in Email has 3 mandatory parts (abc, bl & co) and 2 optional (xyz & in) with precise @ and . positions 
Wrong Input : E.g. abc.xyz@bl.co.in Email has 3 mandatory parts (abc, bl & co) and 2 optional (xyz & in) with precise @ and . positions 
Wrong Input : E.g. abc.xyz@bl.co.in Email has 3 mandatory parts (abc, bl & co) and 2 optional (xyz & in) with precise @ and . positions 
Wrong Input : E.g. abc.xyz@bl.co.in Email has 3 mandatory parts (abc, bl & co) and 2 optional (xyz & in) with precise @ and . positions 
Wrong Input : E.g. abc.xyz@bl.co.in Email has 3 mandatory parts (abc, bl & co) and 2 optional (xyz & in) with precise @ and . positions 
Wrong Input : E.g. abc.xyz@bl.co.in Email has 3 mandatory parts (abc, bl & co) and 2 optional (xyz & in) with precise @ and . positions 
Wrong Input : E.g. abc.xyz@bl.co.in Email has 3 mandatory parts (abc, bl & co) and 2 optional (xyz & in) with precise @ and . positions 
Wrong Input : E.g. abc.xyz@bl.co.in Email has 3 mandatory parts (abc, bl & co) and 2 optional (xyz & in) with precise @ and . positions 
Wrong Input : E.g. abc.xyz@bl.co.in Email has 3 mandatory parts (abc, bl & co) and 2 optional (xyz & in) with precise @ and . positions 
Wrong Input : E.g. abc.xyz@bl.co.in Email has 3 mandatory parts (abc, bl & co) and 2 optional (xyz & in) with precise @ and . positions 
Wrong Input : E.g. abc.xyz@bl.co.in Email has 3 mandatory parts (abc, bl & co) and 2 optional (xyz & in) with precise @ and . positions 
Wrong Input : E.g. abc.xyz@bl.co.in Email has 3 mandatory parts (abc, bl & co) and 2 optional (xyz & in) with precise @ and . positions 
Wrong Input : E.g. abc.xyz@bl.co.in Email has 3 mandatory parts (abc, bl & co) and 2 optional (xyz & in) with precise @ and . positions 
Wrong Input : E.g. abc.xyz@bl.co.in Email has 3 mandatory parts (abc, bl & co) and 2 optional (xyz & in) with precise @ and . positions 
Wrong Input : E.g. abc.xyz@bl.co.in Email has 3 mandatory parts (abc, bl & co) and 2 optional (xyz & in) with precise @ and . positions 
Wrong Input : E.g. abc.xyz@bl.co.in Email has 3 mandatory parts (abc, bl & co) and 2 optional (xyz & in) with precise @ and . positions 
Wrong Input : E.g. abc.xyz@bl.co.in Email has 3 mandatory parts (abc, bl & co) and 2 optional (xyz & in) with precise @ and . positions 
Wrong Input : E.g. abc.xyz@bl.co.in Email has 3 mandatory parts (abc, bl & co) and 2 optional (xyz & in) with precise @ and . positions 
Wrong Input : E.g. abc.xyz@bl.co.in Email has 3 mandatory parts (abc, bl & co) and 2 optional (xyz & in) with precise @ and . positions 
Wrong Input : E.g. abc.xyz@bl.co.in Email has 3 mandatory parts (abc, bl & co) and 2 optional (xyz & in) with precise @ and . positions 
Wrong Input : E.g. abc.xyz@bl.co.in Email has 3 mandatory parts (abc, bl & co) and 2 optional (xyz & in) with precise @ and . positions 
Wrong Input : E.g. abc.xyz@bl.co.in Email has 3 mandatory parts (abc, bl & co) and 2 optional (xyz & in) with precise @ and . positions 
Wrong Input : E.g. abc.xyz@bl.co.in Email has 3 mandatory parts (abc, bl & co) and 2 optional (xyz & in) with precise @ and . positions 
Wrong Input : E.g. abc.xyz@bl.co.in Email has 3 mandatory parts (abc, bl & co) and 2 optional (xyz & in) with precise @ and . positions 
Wrong Input : E.g. abc.xyz@bl.co.in Email has 3 mandatory parts (abc, bl & co) and 2 optional (xyz & in) with precise @ and . positions 
Wrong Input : E.g. abc.xyz@bl.co.in Email has 3 mandatory parts (abc, bl & co) and 2 optional (xyz & in) with precise @ and . positions 
Wrong Input : E.g. abc.xyz@bl.co.in Email has 3 mandatory parts (abc, bl & co) and 2 optional (xyz & in) with precise @ and . positions 
Wrong Input : E.g. abc.xyz@bl.co.in Email has 3 mandatory parts (abc, bl & co) and 2 optional (xyz & in) with precise @ and . positions 
Wrong Input : E.g. abc.xyz@bl.co.in Email has 3 mandatory parts (abc, bl & co) and 2 optional (xyz & in) with precise @ and . positions 
Wrong Input : E.g. abc.xyz@bl.co.in Email has 3 mandatory parts (abc, bl & co) and 2 optional (xyz & in) with precise @ and . positions 
Wrong Input : E.g. abc.xyz@bl.co.in Email has 3 mandatory parts (abc, bl & co) and 2 optional (xyz & in) with precise @ and . positions 
Wrong Input : E.g. abc.xyz@bl.co.in Email has 3 mandatory parts (abc, bl & co) and 2 optional (xyz & in) with precise @ and . positions 
Wrong Input : E.g. abc.xyz@bl.co.in Email has 3 mandatory parts (abc, bl & co) and 2 optional (xyz & in) with precise @ and . positions 
Wrong Input : E.g. abc.xyz@bl.co.in Email has 3 mandatory parts (abc, bl & co) and 2 optional (xyz & in) with precise @ and . positions 
Wrong Input : E.g. abc.xyz@bl.co.in Email has 3 mandatory parts (abc, bl & co) and 2 optional (xyz & in) with precise @ and . positions 
Wrong Input : E.g. abc.xyz@bl.co.in Email has 3 mandatory parts (abc, bl & co) and 2 optional (xyz & in) with precise @ and . positions 
Wrong Input : E.g. abc.xyz@bl.co.in Email has 3 mandatory parts (abc, bl & co) and 2 optional (xyz & in) with precise @ and . positions 
Wrong Input : E.g. abc.xyz@bl.co.in Email has 3 mandatory parts (abc, bl & co) and 2 optional (xyz & in) with precise @ and . positions 
Wrong Input : E.g. abc.xyz@bl.co.in Email has 3 mandatory parts (abc, bl & co) and 2 optional (xyz & in) with precise @ and . positions 
Wrong Input : E.g. abc.xyz@bl.co.in Email has 3 mandatory parts (abc, bl & co) and 2 optional (xyz & in) with precise @ and . positions 
Wrong Input : E.g. abc.xyz@bl.co.in Email has 3 mandatory parts (abc, bl & co) and 2 optional (xyz & in) with precise @ and . positions 
Wrong Input : E.g. abc.xyz@bl.co.in Email has 3 mandatory parts (abc, bl & co) and 2 optional (xyz & in) with precise @ and . positions 
Wrong Input : E.g. abc.xyz@bl.co.in Email has 3 mandatory parts (abc, bl & co) and 2 optional (xyz & in) with precise @ and . positions 
Wrong Input : E.g. abc.xyz@bl.co.in Email has 3 mandatory parts (abc, bl & co) and 2 optional (xyz & in) with precise @ and . positions 
Wrong Input : E.g. abc.xyz@bl.co.in Email has 3 mandatory parts (abc, bl & co) and 2 optional (xyz & in) with precise @ and . positions 
Wrong Input : E.g. abc.xyz@bl.co.in Email has 3 mandatory parts (abc, bl & co) and 2 optional (xyz & in) with precise @ and . positions 
Wrong Input : E.g. abc.xyz@bl.co.in Email has 3 mandatory parts (abc, bl & co) and 2 optional (xyz & in) with precise @ and . positions 
Wrong Input : E.g. abc.xyz@bl.co.in Email has 3 mandatory parts (abc, bl & co) and 2 optional (xyz & in) with precise @ and . positions 
Wrong Input : E.g. abc.xyz@bl.co.in Email has 3 mandatory parts (abc, bl & co) and 2 optional (xyz & in) with precise @ and . positions 
Wrong Input : E.g. abc.xyz@bl.co.in Email has 3 mandatory parts (abc, bl & co) and 2 optional (xyz & in) with precise @ and . positions 
Wrong Input : E.g. abc.xyz@bl.co.in Email has 3 mandatory parts (abc, bl & co) and 2 optional (xyz & in) with precise @ and . positions 
Wrong Input : E.g. abc.xyz@bl.co.in Email has 3 mandatory parts (abc, bl & co) and 2 optional (xyz & in) with precise @ and . positions 
Wrong Input : E.g. abc.xyz@bl.co.in Email has 3 mandatory parts (abc, bl & co) and 2 optional (xyz & in) with precise @ and . positions 
Wrong Input : E.g. abc.xyz@bl.co.in Email has 3 mandatory parts (abc, bl & co) and 2 optional (xyz & in) with precise @ and . positions 
Wrong Input : E.g. abc.xyz@bl.co.in Email has 3 mandatory parts (abc, bl & co) and 2 optional (xyz & in) with precise @ and . positions 
Wrong Input : E.g. abc.xyz@bl.co.in Email has 3 mandatory parts (abc, bl & co) and 2 optional (xyz & in) with precise @ and . positions 
Wrong Input : E.g. abc.xyz@bl.co.in Email has 3 mandatory parts (abc, bl & co) and 2 optional (xyz & in) with precise @ and . positions 
Wrong Input : E.g. abc.xyz@bl.co.in Email has 3 mandatory parts (abc, bl & co) and 2 optional (xyz & in) with precise @ and . positions 
Wrong Input : E.g. abc.xyz@bl.co.in Email has 3 mandatory parts (abc, bl & co) and 2 optional (xyz & in) with precise @ and . positions 
Wrong Input : E.g. abc.xyz@bl.co.in Email has 3 mandatory parts (abc, bl & co) and 2 optional (xyz & in) with precise @ and . positions 
Wrong Input : E.g. abc.xyz@bl.co.in Email has 3 mandatory parts (abc, bl & co) and 2 optional (xyz & in) with precise @ and . positions 
Wrong Input : E.g. abc.xyz@bl.co.in Email has 3 mandatory parts (abc, bl & co) and 2 optional (xyz & in) with precise @ and . positions 
Wrong Input : E.g. abc.xyz@bl.co.in Email has 3 mandatory parts (abc, bl & co) and 2 optional (xyz & in) with precise @ and . positions 
Wrong Input : E.g. abc.xyz@bl.co.in Email has 3 mandatory parts (abc, bl & co) and 2 optional (xyz & in) with precise @ and . positions 
Wrong Input : E.g. abc.xyz@bl.co.in Email has 3 mandatory parts (abc, bl & co) and 2 optional (xyz & in) with precise @ and . positions 
Wrong Input : E.g. abc.xyz@bl.co.in Email has 3 mandatory parts (abc, bl & co) and 2 optional (xyz & in) with precise @ and . positions 
Wrong Input : E.g. abc.xyz@bl.co.in Email has 3 mandatory parts (abc, bl & co) and 2 optional (xyz & in) with precise @ and . positions 
Wrong Input : E.g. abc.xyz@bl.co.in Email has 3 mandatory parts (abc, bl & co) and 2 optional (xyz & in) with precise @ and . positions 
Wrong Input : E.g. abc.xyz@bl.co.in Email has 3 mandatory parts (abc, bl & co) and 2 optional (xyz & in) with precise @ and . positions 
Wrong Input : E.g. abc.xyz@bl.co.in Email has 3 mandatory parts (abc, bl & co) and 2 optional (xyz & in) with precise @ and . positions 
Wrong Input : E.g. abc.xyz@bl.co.in Email has 3 mandatory parts (abc, bl & co) and 2 optional (xyz & in) with precise @ and . positions 
Wrong Input : E.g. abc.xyz@bl.co.in Email has 3 mandatory parts (abc, bl & co) and 2 optional (xyz & in) with precise @ and . positions 
Wrong Input : E.g. abc.xyz@bl.co.in Email has 3 mandatory parts (abc, bl & co) and 2 optional (xyz & in) with precise @ and . positions 
Wrong Input : E.g. abc.xyz@bl.co.in Email has 3 mandatory parts (abc, bl & co) and 2 optional (xyz & in) with precise @ and . positions 
Wrong Input : E.g. abc.xyz@bl.co.in Email has 3 mandatory parts (abc, bl & co) and 2 optional (xyz & in) with precise @ and . positions 
Wrong Input : E.g. abc.xyz@bl.co.in Email has 3 mandatory parts (abc, bl & co) and 2 optional (xyz & in) with precise @ and . positions 
Wrong Input : E.g. abc.xyz@bl.co.in Email has 3 mandatory parts (abc, bl & co) and 2 optional (xyz & in) with precise @ and . positions 
Wrong Input : E.g. abc.xyz@bl.co.in Email has 3 mandatory parts (abc, bl & co) and 2 optional (xyz & in) with precise @ and . positions 
Wrong Input : E.g. abc.xyz@bl.co.in Email has 3 mandatory parts (abc, bl & co) and 2 optional (xyz & in) with precise @ and . positions 
Wrong Input : E.g. abc.xyz@bl.co.in Email has 3 mandatory parts (abc, bl & co) and 2 optional (xyz & in) with precise @ and . positions 
Wrong Input : E.g. abc.xyz@bl.co.in Email has 3 mandatory parts (abc, bl & co) and 2 optional (xyz & in) with precise @ and . positions 
Wrong Input : E.g. abc.xyz@bl.co.in Email has 3 mandatory parts (abc, bl & co) and 2 optional (xyz & in) with precise @ and . positions 
Wrong Input : E.g. abc.xyz@bl.co.in Email has 3 mandatory parts (abc, bl & co) and 2 optional (xyz & in) with precise @ and . positions 
Wrong Input : E.g. abc.xyz@bl.co.in Email has 3 mandatory parts (abc, bl & co) and 2 optional (xyz & in) with precise @ and . positions 
Wrong Input : E.g. abc.xyz@bl.co.in Email has 3 mandatory parts (abc, bl & co) and 2 optional (xyz & in) with precise @ and . positions 
Wrong Input : E.g. abc.xyz@bl.co.in Email has 3 mandatory parts (abc, bl & co) and 2 optional (xyz & in) with precise @ and . positions 
Wrong Input : E.g. abc.xyz@bl.co.in Email has 3 mandatory parts (abc, bl & co) and 2 optional (xyz & in) with precise @ and . positions 
Wrong Input : E.g. abc.xyz@bl.co.in Email has 3 mandatory parts (abc, bl & co) and 2 optional (xyz & in) with precise @ and . positions 
Wrong Input : E.g. abc.xyz@bl.co.in Email has 3 mandatory parts (abc, bl & co) and 2 optional (xyz & in) with precise @ and . positions 
Wrong Input : E.g. abc.xyz@bl.co.in Email has 3 mandatory parts (abc, bl & co) and 2 optional (xyz & in) with precise @ and . positions 
Wrong Input : E.g. abc.xyz@bl.co.in Email has 3 mandatory parts (abc, bl & co) and 2 optional (xyz & in) with precise @ and . positions 
Wrong Input : E.g. abc.xyz@bl.co.in Email has 3 mandatory parts (abc, bl & co) and 2 optional (xyz & in) with precise @ and . positions 
Wrong Input : E.g. abc.xyz@bl.co.in Email has 3 mandatory parts (abc, bl & co) and 2 optional (xyz & in) with precise @ and . positions 
Wrong Input : E.g. abc.xyz@bl.co.in Email has 3 mandatory parts (abc, bl & co) and 2 optional (xyz & in) with precise @ and . positions 
Wrong Input : E.g. abc.xyz@bl.co.in Email has 3 mandatory parts (abc, bl & co) and 2 optional (xyz & in) with precise @ and . positions 
Wrong Input : E.g. abc.xyz@bl.co.in Email has 3 mandatory parts (abc, bl & co) and 2 optional (xyz & in) with precise @ and . positions 
Wrong Input : E.g. abc.xyz@bl.co.in Email has 3 mandatory parts (abc, bl & co) and 2 optional (xyz & in) with precise @ and . positions 
Wrong Input : E.g. abc.xyz@bl.co.in Email has 3 mandatory parts (abc, bl & co) and 2 optional (xyz & in) with precise @ and . positions 
Wrong Input : E.g. abc.xyz@bl.co.in Email has 3 mandatory parts (abc, bl & co) and 2 optional (xyz & in) with precise @ and . positions 
Wrong Input : E.g. abc.xyz@bl.co.in Email has 3 mandatory parts (abc, bl & co) and 2 optional (xyz & in) with precise @ and . positions 
Wrong Input : E.g. abc.xyz@bl.co.in Email has 3 mandatory parts (abc, bl & co) and 2 optional (xyz & in) with precise @ and . positions 
Wrong Input : E.g. abc.xyz@bl.co.in Email has 3 mandatory parts (abc, bl & co) and 2 optional (xyz & in) with precise @ and . positions 
Wrong Input : E.g. abc.xyz@bl.co.in Email has 3 mandatory parts (abc, bl & co) and 2 optional (xyz & in) with precise @ and . positions 
Wrong Input : E.g. abc.xyz@bl.co.in Email has 3 mandatory parts (abc, bl & co) and 2 optional (xyz & in) with precise @ and . positions 
Wrong Input : E.g. abc.xyz@bl.co.in Email has 3 mandatory parts (abc, bl & co) and 2 optional (xyz & in) with precise @ and . positions 
Wrong Input : E.g. abc.xyz@bl.co.in Email has 3 mandatory parts (abc, bl & co) and 2 optional (xyz & in) with precise @ and . positions 
Wrong Input : E.g. abc.xyz@bl.co.in Email has 3 mandatory parts (abc, bl & co) and 2 optional (xyz & in) with precise @ and . positions 
Wrong Input : E.g. abc.xyz@bl.co.in Email has 3 mandatory parts (abc, bl & co) and 2 optional (xyz & in) with precise @ and . positions 
Wrong Input : E.g. abc.xyz@bl.co.in Email has 3 mandatory parts (abc, bl & co) and 2 optional (xyz & in) with precise @ and . positions 
Wrong Input : E.g. abc.xyz@bl.co.in Email has 3 mandatory parts (abc, bl & co) and 2 optional (xyz & in) with precise @ and . positions 
Wrong Input : E.g. abc.xyz@bl.co.in Email has 3 mandatory parts (abc, bl & co) and 2 optional (xyz & in) with precise @ and . positions 
Wrong Input : E.g. abc.xyz@bl.co.in Email has 3 mandatory parts (abc, bl & co) and 2 optional (xyz & in) with precise @ and . positions 
Wrong Input : E.g. abc.xyz@bl.co.in Email has 3 mandatory parts (abc, bl & co) and 2 optional (xyz & in) with precise @ and . positions 
Wrong Input : E.g. abc.xyz@bl.co.in Email has 3 mandatory parts (abc, bl & co) and 2 optional (xyz & in) with precise @ and . positions 
Wrong Input : E.g. abc.xyz@bl.co.in Email has 3 mandatory parts (abc, bl & co) and 2 optional (xyz & in) with precise @ and . positions 
Wrong Input : E.g. abc.xyz@bl.co.in Email has 3 mandatory parts (abc, bl & co) and 2 optional (xyz & in) with precise @ and . positions 
Wrong Input : E.g. abc.xyz@bl.co.in Email has 3 mandatory parts (abc, bl & co) and 2 optional (xyz & in) with precise @ and . positions 
Wrong Input : E.g. abc.xyz@bl.co.in Email has 3 mandatory parts (abc, bl & co) and 2 optional (xyz & in) with precise @ and . positions 
Wrong Input : E.g. abc.xyz@bl.co.in Email has 3 mandatory parts (abc, bl & co) and 2 optional (xyz & in) with precise @ and . positions 
Wrong Input : E.g. abc.xyz@bl.co.in Email has 3 mandatory parts (abc, bl & co) and 2 optional (xyz & in) with precise @ and . positions 
Wrong Input : E.g. abc.xyz@bl.co.in Email has 3 mandatory parts (abc, bl & co) and 2 optional (xyz & in) with precise @ and . positions 
Wrong Input : E.g. abc.xyz@bl.co.in Email has 3 mandatory parts (abc, bl & co) and 2 optional (xyz & in) with precise @ and . positions 
Wrong Input : E.g. abc.xyz@bl.co.in Email has 3 mandatory parts (abc, bl & co) and 2 optional (xyz & in) with precise @ and . positions 
Wrong Input : E.g. abc.xyz@bl.co.in Email has 3 mandatory parts (abc, bl & co) and 2 optional (xyz & in) with precise @ and . positions 
Wrong Input : E.g. abc.xyz@bl.co.in Email has 3 mandatory parts (abc, bl & co) and 2 optional (xyz & in) with precise @ and . positions 
Wrong Input : E.g. abc.xyz@bl.co.in Email has 3 mandatory parts (abc, bl & co) and 2 optional (xyz & in) with precise @ and . positions 
Wrong Input : E.g. abc.xyz@bl.co.in Email has 3 mandatory parts (abc, bl & co) and 2 optional (xyz & in) with precise @ and . positions 
Wrong Input : E.g. abc.xyz@bl.co.in Email has 3 mandatory parts (abc, bl & co) and 2 optional (xyz & in) with precise @ and . positions 
Wrong Input : E.g. abc.xyz@bl.co.in Email has 3 mandatory parts (abc, bl & co) and 2 optional (xyz & in) with precise @ and . positions 
Wrong Input : E.g. abc.xyz@bl.co.in Email has 3 mandatory parts (abc, bl & co) and 2 optional (xyz & in) with precise @ and . positions 
Wrong Input : E.g. abc.xyz@bl.co.in Email has 3 mandatory parts (abc, bl & co) and 2 optional (xyz & in) with precise @ and . positions 
Wrong Input : E.g. abc.xyz@bl.co.in Email has 3 mandatory parts (abc, bl & co) and 2 optional (xyz & in) with precise @ and . positions 
Wrong Input : E.g. abc.xyz@bl.co.in Email has 3 mandatory parts (abc, bl & co) and 2 optional (xyz & in) with precise @ and . positions 
Wrong Input : E.g. abc.xyz@bl.co.in Email has 3 mandatory parts (abc, bl & co) and 2 optional (xyz & in) with precise @ and . positions 
Wrong Input : E.g. abc.xyz@bl.co.in Email has 3 mandatory parts (abc, bl & co) and 2 optional (xyz & in) with precise @ and . positions 
Wrong Input : E.g. abc.xyz@bl.co.in Email has 3 mandatory parts (abc, bl & co) and 2 optional (xyz & in) with precise @ and . positions 
Wrong Input : E.g. abc.xyz@bl.co.in Email has 3 mandatory parts (abc, bl & co) and 2 optional (xyz & in) with precise @ and . positions 
Wrong Input : E.g. abc.xyz@bl.co.in Email has 3 mandatory parts (abc, bl & co) and 2 optional (xyz & in) with precise @ and . positions 
Wrong Input : E.g. abc.xyz@bl.co.in Email has 3 mandatory parts (abc, bl & co) and 2 optional (xyz & in) with precise @ and . positions 
Wrong Input : E.g. abc.xyz@bl.co.in Email has 3 mandatory parts (abc, bl & co) and 2 optional (xyz & in) with precise @ and . positions 
Wrong Input : E.g. abc.xyz@bl.co.in Email has 3 mandatory parts (abc, bl & co) and 2 optional (xyz & in) with precise @ and . positions 
Wrong Input : E.g. abc.xyz@bl.co.in Email has 3 mandatory parts (abc, bl & co) and 2 optional (xyz & in) with precise @ and . positions 
Wrong Input : E.g. abc.xyz@bl.co.in Email has 3 mandatory parts (abc, bl & co) and 2 optional (xyz & in) with precise @ and . positions 
Wrong Input : E.g. abc.xyz@bl.co.in Email has 3 mandatory parts (abc, bl & co) and 2 optional (xyz & in) with precise @ and . positions 
Wrong Input : E.g. abc.xyz@bl.co.in Email has 3 mandatory parts (abc, bl & co) and 2 optional (xyz & in) with precise @ and . positions 
Wrong Input : E.g. abc.xyz@bl.co.in Email has 3 mandatory parts (abc, bl & co) and 2 optional (xyz & in) with precise @ and . positions 
Wrong Input : E.g. abc.xyz@bl.co.in Email has 3 mandatory parts (abc, bl & co) and 2 optional (xyz & in) with precise @ and . positions 
Wrong Input : E.g. abc.xyz@bl.co.in Email has 3 mandatory parts (abc, bl & co) and 2 optional (xyz & in) with precise @ and . positions 
Wrong Input : E.g. abc.xyz@bl.co.in Email has 3 mandatory parts (abc, bl & co) and 2 optional (xyz & in) with precise @ and . positions 
Wrong Input : E.g. abc.xyz@bl.co.in Email has 3 mandatory parts (abc, bl & co) and 2 optional (xyz & in) with precise @ and . positions 
Wrong Input : E.g. abc.xyz@bl.co.in Email has 3 mandatory parts (abc, bl & co) and 2 optional (xyz & in) with precise @ and . positions 
Wrong Input : E.g. abc.xyz@bl.co.in Email has 3 mandatory parts (abc, bl & co) and 2 optional (xyz & in) with precise @ and . positions 
Wrong Input : E.g. abc.xyz@bl.co.in Email has 3 mandatory parts (abc, bl & co) and 2 optional (xyz & in) with precise @ and . positions 
Wrong Input : E.g. abc.xyz@bl.co.in Email has 3 mandatory parts (abc, bl & co) and 2 optional (xyz & in) with precise @ and . positions 
Wrong Input : E.g. abc.xyz@bl.co.in Email has 3 mandatory parts (abc, bl & co) and 2 optional (xyz & in) with precise @ and . positions 
Wrong Input : E.g. abc.xyz@bl.co.in Email has 3 mandatory parts (abc, bl & co) and 2 optional (xyz & in) with precise @ and . positions 
Wrong Input : E.g. abc.xyz@bl.co.in Email has 3 mandatory parts (abc, bl & co) and 2 optional (xyz & in) with precise @ and . positions 
Wrong Input : E.g. abc.xyz@bl.co.in Email has 3 mandatory parts (abc, bl & co) and 2 optional (xyz & in) with precise @ and . positions 
Wrong Input : E.g. abc.xyz@bl.co.in Email has 3 mandatory parts (abc, bl & co) and 2 optional (xyz & in) with precise @ and . positions 
Wrong Input : E.g. abc.xyz@bl.co.in Email has 3 mandatory parts (abc, bl & co) and 2 optional (xyz & in) with precise @ and . positions 
Wrong Input : E.g. abc.xyz@bl.co.in Email has 3 mandatory parts (abc, bl & co) and 2 optional (xyz & in) with precise @ and . positions 
Wrong Input : E.g. abc.xyz@bl.co.in Email has 3 mandatory parts (abc, bl & co) and 2 optional (xyz & in) with precise @ and . positions 
Wrong Input : E.g. abc.xyz@bl.co.in Email has 3 mandatory parts (abc, bl & co) and 2 optional (xyz & in) with precise @ and . positions 
Wrong Input : E.g. abc.xyz@bl.co.in Email has 3 mandatory parts (abc, bl & co) and 2 optional (xyz & in) with precise @ and . positions 
Wrong Input : E.g. abc.xyz@bl.co.in Email has 3 mandatory parts (abc, bl & co) and 2 optional (xyz & in) with precise @ and . positions 
Wrong Input : E.g. abc.xyz@bl.co.in Email has 3 mandatory parts (abc, bl & co) and 2 optional (xyz & in) with precise @ and . positions 
Wrong Input : E.g. abc.xyz@bl.co.in Email has 3 mandatory parts (abc, bl & co) and 2 optional (xyz & in) with precise @ and . positions 
Wrong Input : E.g. abc.xyz@bl.co.in Email has 3 mandatory parts (abc, bl & co) and 2 optional (xyz & in) with precise @ and . positions 
Wrong Input : E.g. abc.xyz@bl.co.in Email has 3 mandatory parts (abc, bl & co) and 2 optional (xyz & in) with precise @ and . positions 
Wrong Input : E.g. abc.xyz@bl.co.in Email has 3 mandatory parts (abc, bl & co) and 2 optional (xyz & in) with precise @ and . positions 
Wrong Input : E.g. abc.xyz@bl.co.in Email has 3 mandatory parts (abc, bl & co) and 2 optional (xyz & in) with precise @ and . positions 
Wrong Input : E.g. abc.xyz@bl.co.in Email has 3 mandatory parts (abc, bl & co) and 2 optional (xyz & in) with precise @ and . positions 
Wrong Input : E.g. abc.xyz@bl.co.in Email has 3 mandatory parts (abc, bl & co) and 2 optional (xyz & in) with precise @ and . positions 
Wrong Input : E.g. abc.xyz@bl.co.in Email has 3 mandatory parts (abc, bl & co) and 2 optional (xyz & in) with precise @ and . positions 
Wrong Input : E.g. abc.xyz@bl.co.in Email has 3 mandatory parts (abc, bl & co) and 2 optional (xyz & in) with precise @ and . positions 
Wrong Input : E.g. abc.xyz@bl.co.in Email has 3 mandatory parts (abc, bl & co) and 2 optional (xyz & in) with precise @ and . positions 
Wrong Input : E.g. abc.xyz@bl.co.in Email has 3 mandatory parts (abc, bl & co) and 2 optional (xyz & in) with precise @ and . positions 
Wrong Input : E.g. abc.xyz@bl.co.in Email has 3 mandatory parts (abc, bl & co) and 2 optional (xyz & in) with precise @ and . positions 
Wrong Input : E.g. abc.xyz@bl.co.in Email has 3 mandatory parts (abc, bl & co) and 2 optional (xyz & in) with precise @ and . positions 
Wrong Input : E.g. abc.xyz@bl.co.in Email has 3 mandatory parts (abc, bl & co) and 2 optional (xyz & in) with precise @ and . positions 
Wrong Input : E.g. abc.xyz@bl.co.in Email has 3 mandatory parts (abc, bl & co) and 2 optional (xyz & in) with precise @ and . positions 
Wrong Input : E.g. abc.xyz@bl.co.in Email has 3 mandatory parts (abc, bl & co) and 2 optional (xyz & in) with precise @ and . positions 
Wrong Input : E.g. abc.xyz@bl.co.in Email has 3 mandatory parts (abc, bl & co) and 2 optional (xyz & in) with precise @ and . positions 
Wrong Input : E.g. abc.xyz@bl.co.in Email has 3 mandatory parts (abc, bl & co) and 2 optional (xyz & in) with precise @ and . positions 
Wrong Input : E.g. abc.xyz@bl.co.in Email has 3 mandatory parts (abc, bl & co) and 2 optional (xyz & in) with precise @ and . positions 
Wrong Input : E.g. abc.xyz@bl.co.in Email has 3 mandatory parts (abc, bl & co) and 2 optional (xyz & in) with precise @ and . positions 
Wrong Input : E.g. abc.xyz@bl.co.in Email has 3 mandatory parts (abc, bl & co) and 2 optional (xyz & in) with precise @ and . positions 
Wrong Input : E.g. abc.xyz@bl.co.in Email has 3 mandatory parts (abc, bl & co) and 2 optional (xyz & in) with precise @ and . positions 
Wrong Input : E.g. abc.xyz@bl.co.in Email has 3 mandatory parts (abc, bl & co) and 2 optional (xyz & in) with precise @ and . positions 
Wrong Input : E.g. abc.xyz@bl.co.in Email has 3 mandatory parts (abc, bl & co) and 2 optional (xyz & in) with precise @ and . positions 
Wrong Input : E.g. abc.xyz@bl.co.in Email has 3 mandatory parts (abc, bl & co) and 2 optional (xyz & in) with precise @ and . positions 
Wrong Input : E.g. abc.xyz@bl.co.in Email has 3 mandatory parts (abc, bl & co) and 2 optional (xyz & in) with precise @ and . positions 
Wrong Input : E.g. abc.xyz@bl.co.in Email has 3 mandatory parts (abc, bl & co) and 2 optional (xyz & in) with precise @ and . positions 
Wrong Input : E.g. abc.xyz@bl.co.in Email has 3 mandatory parts (abc, bl & co) and 2 optional (xyz & in) with precise @ and . positions 
Wrong Input : E.g. abc.xyz@bl.co.in Email has 3 mandatory parts (abc, bl & co) and 2 optional (xyz & in) with precise @ and . positions 
Wrong Input : E.g. abc.xyz@bl.co.in Email has 3 mandatory parts (abc, bl & co) and 2 optional (xyz & in) with precise @ and . positions 
Wrong Input : E.g. abc.xyz@bl.co.in Email has 3 mandatory parts (abc, bl & co) and 2 optional (xyz & in) with precise @ and . positions 
Wrong Input : E.g. abc.xyz@bl.co.in Email has 3 mandatory parts (abc, bl & co) and 2 optional (xyz & in) with precise @ and . positions 
Wrong Input : E.g. abc.xyz@bl.co.in Email has 3 mandatory parts (abc, bl & co) and 2 optional (xyz & in) with precise @ and . positions 
Wrong Input : E.g. abc.xyz@bl.co.in Email has 3 mandatory parts (abc, bl & co) and 2 optional (xyz & in) with precise @ and . positions 
Wrong Input : E.g. abc.xyz@bl.co.in Email has 3 mandatory parts (abc, bl & co) and 2 optional (xyz & in) with precise @ and . positions 
Wrong Input : E.g. abc.xyz@bl.co.in Email has 3 mandatory parts (abc, bl & co) and 2 optional (xyz & in) with precise @ and . positions 
Wrong Input : E.g. abc.xyz@bl.co.in Email has 3 mandatory parts (abc, bl & co) and 2 optional (xyz & in) with precise @ and . positions 
Wrong Input : E.g. abc.xyz@bl.co.in Email has 3 mandatory parts (abc, bl & co) and 2 optional (xyz & in) with precise @ and . positions 
Wrong Input : E.g. abc.xyz@bl.co.in Email has 3 mandatory parts (abc, bl & co) and 2 optional (xyz & in) with precise @ and . positions 
Wrong Input : E.g. abc.xyz@bl.co.in Email has 3 mandatory parts (abc, bl & co) and 2 optional (xyz & in) with precise @ and . positions 
Wrong Input : E.g. abc.xyz@bl.co.in Email has 3 mandatory parts (abc, bl & co) and 2 optional (xyz & in) with precise @ and . positions 
Wrong Input : E.g. abc.xyz@bl.co.in Email has 3 mandatory parts (abc, bl & co) and 2 optional (xyz & in) with precise @ and . positions 
Wrong Input : E.g. abc.xyz@bl.co.in Email has 3 mandatory parts (abc, bl & co) and 2 optional (xyz & in) with precise @ and . positions 
Wrong Input : E.g. abc.xyz@bl.co.in Email has 3 mandatory parts (abc, bl & co) and 2 optional (xyz & in) with precise @ and . positions 
Wrong Input : E.g. abc.xyz@bl.co.in Email has 3 mandatory parts (abc, bl & co) and 2 optional (xyz & in) with precise @ and . positions 
Wrong Input : E.g. abc.xyz@bl.co.in Email has 3 mandatory parts (abc, bl & co) and 2 optional (xyz & in) with precise @ and . positions 
Wrong Input : E.g. abc.xyz@bl.co.in Email has 3 mandatory parts (abc, bl & co) and 2 optional (xyz & in) with precise @ and . positions 
Wrong Input : E.g. abc.xyz@bl.co.in Email has 3 mandatory parts (abc, bl & co) and 2 optional (xyz & in) with precise @ and . positions 
Wrong Input : E.g. abc.xyz@bl.co.in Email has 3 mandatory parts (abc, bl & co) and 2 optional (xyz & in) with precise @ and . positions 
Wrong Input : E.g. abc.xyz@bl.co.in Email has 3 mandatory parts (abc, bl & co) and 2 optional (xyz & in) with precise @ and . positions 
Wrong Input : E.g. abc.xyz@bl.co.in Email has 3 mandatory parts (abc, bl & co) and 2 optional (xyz & in) with precise @ and . positions 
Wrong Input : E.g. abc.xyz@bl.co.in Email has 3 mandatory parts (abc, bl & co) and 2 optional (xyz & in) with precise @ and . positions 
Wrong Input : E.g. abc.xyz@bl.co.in Email has 3 mandatory parts (abc, bl & co) and 2 optional (xyz & in) with precise @ and . positions 
Wrong Input : E.g. abc.xyz@bl.co.in Email has 3 mandatory parts (abc, bl & co) and 2 optional (xyz & in) with precise @ and . positions 
Wrong Input : E.g. abc.xyz@bl.co.in Email has 3 mandatory parts (abc, bl & co) and 2 optional (xyz & in) with precise @ and . positions 
Wrong Input : E.g. abc.xyz@bl.co.in Email has 3 mandatory parts (abc, bl & co) and 2 optional (xyz & in) with precise @ and . positions 
Wrong Input : E.g. abc.xyz@bl.co.in Email has 3 mandatory parts (abc, bl & co) and 2 optional (xyz & in) with precise @ and . positions 
Wrong Input : E.g. abc.xyz@bl.co.in Email has 3 mandatory parts (abc, bl & co) and 2 optional (xyz & in) with precise @ and . positions 
Wrong Input : E.g. abc.xyz@bl.co.in Email has 3 mandatory parts (abc, bl & co) and 2 optional (xyz & in) with precise @ and . positions 
Wrong Input : E.g. abc.xyz@bl.co.in Email has 3 mandatory parts (abc, bl & co) and 2 optional (xyz & in) with precise @ and . positions 
Wrong Input : E.g. abc.xyz@bl.co.in Email has 3 mandatory parts (abc, bl & co) and 2 optional (xyz & in) with precise @ and . positions 
Wrong Input : E.g. abc.xyz@bl.co.in Email has 3 mandatory parts (abc, bl & co) and 2 optional (xyz & in) with precise @ and . positions 
Wrong Input : E.g. abc.xyz@bl.co.in Email has 3 mandatory parts (abc, bl & co) and 2 optional (xyz & in) with precise @ and . positions 
Wrong Input : E.g. abc.xyz@bl.co.in Email has 3 mandatory parts (abc, bl & co) and 2 optional (xyz & in) with precise @ and . positions 
Wrong Input : E.g. abc.xyz@bl.co.in Email has 3 mandatory parts (abc, bl & co) and 2 optional (xyz & in) with precise @ and . positions 
Wrong Input : E.g. abc.xyz@bl.co.in Email has 3 mandatory parts (abc, bl & co) and 2 optional (xyz & in) with precise @ and . positions 
Wrong Input : E.g. abc.xyz@bl.co.in Email has 3 mandatory parts (abc, bl & co) and 2 optional (xyz & in) with precise @ and . positions 
Wrong Input : E.g. abc.xyz@bl.co.in Email has 3 mandatory parts (abc, bl & co) and 2 optional (xyz & in) with precise @ and . positions 
Wrong Input : E.g. abc.xyz@bl.co.in Email has 3 mandatory parts (abc, bl & co) and 2 optional (xyz & in) with precise @ and . positions 
Wrong Input : E.g. abc.xyz@bl.co.in Email has 3 mandatory parts (abc, bl & co) and 2 optional (xyz & in) with precise @ and . positions 
Wrong Input : E.g. abc.xyz@bl.co.in Email has 3 mandatory parts (abc, bl & co) and 2 optional (xyz & in) with precise @ and . positions 
Wrong Input : E.g. abc.xyz@bl.co.in Email has 3 mandatory parts (abc, bl & co) and 2 optional (xyz & in) with precise @ and . positions 
Wrong Input : E.g. abc.xyz@bl.co.in Email has 3 mandatory parts (abc, bl & co) and 2 optional (xyz & in) with precise @ and . positions 
Wrong Input : E.g. abc.xyz@bl.co.in Email has 3 mandatory parts (abc, bl & co) and 2 optional (xyz & in) with precise @ and . positions 
Wrong Input : E.g. abc.xyz@bl.co.in Email has 3 mandatory parts (abc, bl & co) and 2 optional (xyz & in) with precise @ and . positions 
Wrong Input : E.g. abc.xyz@bl.co.in Email has 3 mandatory parts (abc, bl & co) and 2 optional (xyz & in) with precise @ and . positions 
Wrong Input : E.g. abc.xyz@bl.co.in Email has 3 mandatory parts (abc, bl & co) and 2 optional (xyz & in) with precise @ and . positions 
Wrong Input : E.g. abc.xyz@bl.co.in Email has 3 mandatory parts (abc, bl & co) and 2 optional (xyz & in) with precise @ and . positions 
Wrong Input : E.g. abc.xyz@bl.co.in Email has 3 mandatory parts (abc, bl & co) and 2 optional (xyz & in) with precise @ and . positions 
Wrong Input : E.g. abc.xyz@bl.co.in Email has 3 mandatory parts (abc, bl & co) and 2 optional (xyz & in) with precise @ and . positions 
Wrong Input : E.g. abc.xyz@bl.co.in Email has 3 mandatory parts (abc, bl & co) and 2 optional (xyz & in) with precise @ and . positions 
Wrong Input : E.g. abc.xyz@bl.co.in Email has 3 mandatory parts (abc, bl & co) and 2 optional (xyz & in) with precise @ and . positions 
Wrong Input : E.g. abc.xyz@bl.co.in Email has 3 mandatory parts (abc, bl & co) and 2 optional (xyz & in) with precise @ and . positions 
Wrong Input : E.g. abc.xyz@bl.co.in Email has 3 mandatory parts (abc, bl & co) and 2 optional (xyz & in) with precise @ and . positions 
Wrong Input : E.g. abc.xyz@bl.co.in Email has 3 mandatory parts (abc, bl & co) and 2 optional (xyz & in) with precise @ and . positions 
Wrong Input : E.g. abc.xyz@bl.co.in Email has 3 mandatory parts (abc, bl & co) and 2 optional (xyz & in) with precise @ and . positions 
Wrong Input : E.g. abc.xyz@bl.co.in Email has 3 mandatory parts (abc, bl & co) and 2 optional (xyz & in) with precise @ and . positions 
Wrong Input : E.g. abc.xyz@bl.co.in Email has 3 mandatory parts (abc, bl & co) and 2 optional (xyz & in) with precise @ and . positions 
Wrong Input : E.g. abc.xyz@bl.co.in Email has 3 mandatory parts (abc, bl & co) and 2 optional (xyz & in) with precise @ and . positions 
Wrong Input : E.g. abc.xyz@bl.co.in Email has 3 mandatory parts (abc, bl & co) and 2 optional (xyz & in) with precise @ and . positions 
Wrong Input : E.g. abc.xyz@bl.co.in Email has 3 mandatory parts (abc, bl & co) and 2 optional (xyz & in) with precise @ and . positions 
Wrong Input : E.g. abc.xyz@bl.co.in Email has 3 mandatory parts (abc, bl & co) and 2 optional (xyz & in) with precise @ and . positions 
Wrong Input : E.g. abc.xyz@bl.co.in Email has 3 mandatory parts (abc, bl & co) and 2 optional (xyz & in) with precise @ and . positions 
Wrong Input : E.g. abc.xyz@bl.co.in Email has 3 mandatory parts (abc, bl & co) and 2 optional (xyz & in) with precise @ and . positions 
Wrong Input : E.g. abc.xyz@bl.co.in Email has 3 mandatory parts (abc, bl & co) and 2 optional (xyz & in) with precise @ and . positions 
Wrong Input : E.g. abc.xyz@bl.co.in Email has 3 mandatory parts (abc, bl & co) and 2 optional (xyz & in) with precise @ and . positions 
Wrong Input : E.g. abc.xyz@bl.co.in Email has 3 mandatory parts (abc, bl & co) and 2 optional (xyz & in) with precise @ and . positions 
Wrong Input : E.g. abc.xyz@bl.co.in Email has 3 mandatory parts (abc, bl & co) and 2 optional (xyz & in) with precise @ and . positions 
Wrong Input : E.g. abc.xyz@bl.co.in Email has 3 mandatory parts (abc, bl & co) and 2 optional (xyz & in) with precise @ and . positions 
Wrong Input : E.g. abc.xyz@bl.co.in Email has 3 mandatory parts (abc, bl & co) and 2 optional (xyz & in) with precise @ and . positions 
Wrong Input : E.g. abc.xyz@bl.co.in Email has 3 mandatory parts (abc, bl & co) and 2 optional (xyz & in) with precise @ and . positions 
Wrong Input : E.g. abc.xyz@bl.co.in Email has 3 mandatory parts (abc, bl & co) and 2 optional (xyz & in) with precise @ and . positions 
Wrong Input : E.g. abc.xyz@bl.co.in Email has 3 mandatory parts (abc, bl & co) and 2 optional (xyz & in) with precise @ and . positions 
Wrong Input : E.g. abc.xyz@bl.co.in Email has 3 mandatory parts (abc, bl & co) and 2 optional (xyz & in) with precise @ and . positions 
Wrong Input : E.g. abc.xyz@bl.co.in Email has 3 mandatory parts (abc, bl & co) and 2 optional (xyz & in) with precise @ and . positions 
Wrong Input : E.g. abc.xyz@bl.co.in Email has 3 mandatory parts (abc, bl & co) and 2 optional (xyz & in) with precise @ and . positions 
Wrong Input : E.g. abc.xyz@bl.co.in Email has 3 mandatory parts (abc, bl & co) and 2 optional (xyz & in) with precise @ and . positions 
Wrong Input : E.g. abc.xyz@bl.co.in Email has 3 mandatory parts (abc, bl & co) and 2 optional (xyz & in) with precise @ and . positions 
Wrong Input : E.g. abc.xyz@bl.co.in Email has 3 mandatory parts (abc, bl & co) and 2 optional (xyz & in) with precise @ and . positions 
Wrong Input : E.g. abc.xyz@bl.co.in Email has 3 mandatory parts (abc, bl & co) and 2 optional (xyz & in) with precise @ and . positions 
Wrong Input : E.g. abc.xyz@bl.co.in Email has 3 mandatory parts (abc, bl & co) and 2 optional (xyz & in) with precise @ and . positions 
Wrong Input : E.g. abc.xyz@bl.co.in Email has 3 mandatory parts (abc, bl & co) and 2 optional (xyz & in) with precise @ and . positions 
Wrong Input : E.g. abc.xyz@bl.co.in Email has 3 mandatory parts (abc, bl & co) and 2 optional (xyz & in) with precise @ and . positions 
Wrong Input : E.g. abc.xyz@bl.co.in Email has 3 mandatory parts (abc, bl & co) and 2 optional (xyz & in) with precise @ and . positions 
Wrong Input : E.g. abc.xyz@bl.co.in Email has 3 mandatory parts (abc, bl & co) and 2 optional (xyz & in) with precise @ and . positions 
Wrong Input : E.g. abc.xyz@bl.co.in Email has 3 mandatory parts (abc, bl & co) and 2 optional (xyz & in) with precise @ and . positions 
Wrong Input : E.g. abc.xyz@bl.co.in Email has 3 mandatory parts (abc, bl & co) and 2 optional (xyz & in) with precise @ and . positions 
Wrong Input : E.g. abc.xyz@bl.co.in Email has 3 mandatory parts (abc, bl & co) and 2 optional (xyz & in) with precise @ and . positions 
Wrong Input : E.g. abc.xyz@bl.co.in Email has 3 mandatory parts (abc, bl & co) and 2 optional (xyz & in) with precise @ and . positions 
Wrong Input : E.g. abc.xyz@bl.co.in Email has 3 mandatory parts (abc, bl & co) and 2 optional (xyz & in) with precise @ and . positions 
Wrong Input : E.g. abc.xyz@bl.co.in Email has 3 mandatory parts (abc, bl & co) and 2 optional (xyz & in) with precise @ and . positions 
Wrong Input : E.g. abc.xyz@bl.co.in Email has 3 mandatory parts (abc, bl & co) and 2 optional (xyz & in) with precise @ and . positions 
Wrong Input : E.g. abc.xyz@bl.co.in Email has 3 mandatory parts (abc, bl & co) and 2 optional (xyz & in) with precise @ and . positions 
Wrong Input : E.g. abc.xyz@bl.co.in Email has 3 mandatory parts (abc, bl & co) and 2 optional (xyz & in) with precise @ and . positions 
Wrong Input : E.g. abc.xyz@bl.co.in Email has 3 mandatory parts (abc, bl & co) and 2 optional (xyz & in) with precise @ and . positions 
Wrong Input : E.g. abc.xyz@bl.co.in Email has 3 mandatory parts (abc, bl & co) and 2 optional (xyz & in) with precise @ and . positions 
Wrong Input : E.g. abc.xyz@bl.co.in Email has 3 mandatory parts (abc, bl & co) and 2 optional (xyz & in) with precise @ and . positions 
Wrong Input : E.g. abc.xyz@bl.co.in Email has 3 mandatory parts (abc, bl & co) and 2 optional (xyz & in) with precise @ and . positions 
Wrong Input : E.g. abc.xyz@bl.co.in Email has 3 mandatory parts (abc, bl & co) and 2 optional (xyz & in) with precise @ and . positions 
Wrong Input : E.g. abc.xyz@bl.co.in Email has 3 mandatory parts (abc, bl & co) and 2 optional (xyz & in) with precise @ and . positions 
Wrong Input : E.g. abc.xyz@bl.co.in Email has 3 mandatory parts (abc, bl & co) and 2 optional (xyz & in) with precise @ and . positions 
Wrong Input : E.g. abc.xyz@bl.co.in Email has 3 mandatory parts (abc, bl & co) and 2 optional (xyz & in) with precise @ and . positions 
Wrong Input : E.g. abc.xyz@bl.co.in Email has 3 mandatory parts (abc, bl & co) and 2 optional (xyz & in) with precise @ and . positions 
Wrong Input : E.g. abc.xyz@bl.co.in Email has 3 mandatory parts (abc, bl & co) and 2 optional (xyz & in) with precise @ and . positions 
Wrong Input : E.g. abc.xyz@bl.co.in Email has 3 mandatory parts (abc, bl & co) and 2 optional (xyz & in) with precise @ and . positions 
Wrong Input : E.g. abc.xyz@bl.co.in Email has 3 mandatory parts (abc, bl & co) and 2 optional (xyz & in) with precise @ and . positions 
Wrong Input : E.g. abc.xyz@bl.co.in Email has 3 mandatory parts (abc, bl & co) and 2 optional (xyz & in) with precise @ and . positions 
Wrong Input : E.g. abc.xyz@bl.co.in Email has 3 mandatory parts (abc, bl & co) and 2 optional (xyz & in) with precise @ and . positions 
Wrong Input : E.g. abc.xyz@bl.co.in Email has 3 mandatory parts (abc, bl & co) and 2 optional (xyz & in) with precise @ and . positions 
Wrong Input : E.g. abc.xyz@bl.co.in Email has 3 mandatory parts (abc, bl & co) and 2 optional (xyz & in) with precise @ and . positions 
Wrong Input : E.g. abc.xyz@bl.co.in Email has 3 mandatory parts (abc, bl & co) and 2 optional (xyz & in) with precise @ and . positions 
Wrong Input : E.g. abc.xyz@bl.co.in Email has 3 mandatory parts (abc, bl & co) and 2 optional (xyz & in) with precise @ and . positions 
Wrong Input : E.g. abc.xyz@bl.co.in Email has 3 mandatory parts (abc, bl & co) and 2 optional (xyz & in) with precise @ and . positions 
Wrong Input : E.g. abc.xyz@bl.co.in Email has 3 mandatory parts (abc, bl & co) and 2 optional (xyz & in) with precise @ and . positions 
Wrong Input : E.g. abc.xyz@bl.co.in Email has 3 mandatory parts (abc, bl & co) and 2 optional (xyz & in) with precise @ and . positions 
Wrong Input : E.g. abc.xyz@bl.co.in Email has 3 mandatory parts (abc, bl & co) and 2 optional (xyz & in) with precise @ and . positions 
Wrong Input : E.g. abc.xyz@bl.co.in Email has 3 mandatory parts (abc, bl & co) and 2 optional (xyz & in) with precise @ and . positions 
Wrong Input : E.g. abc.xyz@bl.co.in Email has 3 mandatory parts (abc, bl & co) and 2 optional (xyz & in) with precise @ and . positions 
Wrong Input : E.g. abc.xyz@bl.co.in Email has 3 mandatory parts (abc, bl & co) and 2 optional (xyz & in) with precise @ and . positions 
Wrong Input : E.g. abc.xyz@bl.co.in Email has 3 mandatory parts (abc, bl & co) and 2 optional (xyz & in) with precise @ and . positions 
Wrong Input : E.g. abc.xyz@bl.co.in Email has 3 mandatory parts (abc, bl & co) and 2 optional (xyz & in) with precise @ and . positions 
Wrong Input : E.g. abc.xyz@bl.co.in Email has 3 mandatory parts (abc, bl & co) and 2 optional (xyz & in) with precise @ and . positions 
Wrong Input : E.g. abc.xyz@bl.co.in Email has 3 mandatory parts (abc, bl & co) and 2 optional (xyz & in) with precise @ and . positions 
Wrong Input : E.g. abc.xyz@bl.co.in Email has 3 mandatory parts (abc, bl & co) and 2 optional (xyz & in) with precise @ and . positions 
Wrong Input : E.g. abc.xyz@bl.co.in Email has 3 mandatory parts (abc, bl & co) and 2 optional (xyz & in) with precise @ and . positions 
Wrong Input : E.g. abc.xyz@bl.co.in Email has 3 mandatory parts (abc, bl & co) and 2 optional (xyz & in) with precise @ and . positions 
Wrong Input : E.g. abc.xyz@bl.co.in Email has 3 mandatory parts (abc, bl & co) and 2 optional (xyz & in) with precise @ and . positions 
Wrong Input : E.g. abc.xyz@bl.co.in Email has 3 mandatory parts (abc, bl & co) and 2 optional (xyz & in) with precise @ and . positions 
Wrong Input : E.g. abc.xyz@bl.co.in Email has 3 mandatory parts (abc, bl & co) and 2 optional (xyz & in) with precise @ and . positions 
Wrong Input : E.g. abc.xyz@bl.co.in Email has 3 mandatory parts (abc, bl & co) and 2 optional (xyz & in) with precise @ and . positions 
Wrong Input : E.g. abc.xyz@bl.co.in Email has 3 mandatory parts (abc, bl & co) and 2 optional (xyz & in) with precise @ and . positions 
Wrong Input : E.g. abc.xyz@bl.co.in Email has 3 mandatory parts (abc, bl & co) and 2 optional (xyz & in) with precise @ and . positions 
Wrong Input : E.g. abc.xyz@bl.co.in Email has 3 mandatory parts (abc, bl & co) and 2 optional (xyz & in) with precise @ and . positions 
Wrong Input : E.g. abc.xyz@bl.co.in Email has 3 mandatory parts (abc, bl & co) and 2 optional (xyz & in) with precise @ and . positions 
Wrong Input : E.g. abc.xyz@bl.co.in Email has 3 mandatory parts (abc, bl & co) and 2 optional (xyz & in) with precise @ and . positions 
Wrong Input : E.g. abc.xyz@bl.co.in Email has 3 mandatory parts (abc, bl & co) and 2 optional (xyz & in) with precise @ and . positions 
Wrong Input : E.g. abc.xyz@bl.co.in Email has 3 mandatory parts (abc, bl & co) and 2 optional (xyz & in) with precise @ and . positions 
Wrong Input : E.g. abc.xyz@bl.co.in Email has 3 mandatory parts (abc, bl & co) and 2 optional (xyz & in) with precise @ and . positions 
Wrong Input : E.g. abc.xyz@bl.co.in Email has 3 mandatory parts (abc, bl & co) and 2 optional (xyz & in) with precise @ and . positions 
Wrong Input : E.g. abc.xyz@bl.co.in Email has 3 mandatory parts (abc, bl & co) and 2 optional (xyz & in) with precise @ and . positions 
Wrong Input : E.g. abc.xyz@bl.co.in Email has 3 mandatory parts (abc, bl & co) and 2 optional (xyz & in) with precise @ and . positions 
Wrong Input : E.g. abc.xyz@bl.co.in Email has 3 mandatory parts (abc, bl & co) and 2 optional (xyz & in) with precise @ and . positions 
Wrong Input : E.g. abc.xyz@bl.co.in Email has 3 mandatory parts (abc, bl & co) and 2 optional (xyz & in) with precise @ and . positions 
Wrong Input : E.g. abc.xyz@bl.co.in Email has 3 mandatory parts (abc, bl & co) and 2 optional (xyz & in) with precise @ and . positions 
Wrong Input : E.g. abc.xyz@bl.co.in Email has 3 mandatory parts (abc, bl & co) and 2 optional (xyz & in) with precise @ and . positions 
Wrong Input : E.g. abc.xyz@bl.co.in Email has 3 mandatory parts (abc, bl & co) and 2 optional (xyz & in) with precise @ and . positions 
Wrong Input : E.g. abc.xyz@bl.co.in Email has 3 mandatory parts (abc, bl & co) and 2 optional (xyz & in) with precise @ and . positions 
Wrong Input : E.g. abc.xyz@bl.co.in Email has 3 mandatory parts (abc, bl & co) and 2 optional (xyz & in) with precise @ and . positions 
Wrong Input : E.g. abc.xyz@bl.co.in Email has 3 mandatory parts (abc, bl & co) and 2 optional (xyz & in) with precise @ and . positions 
Wrong Input : E.g. abc.xyz@bl.co.in Email has 3 mandatory parts (abc, bl & co) and 2 optional (xyz & in) with precise @ and . positions 
Wrong Input : E.g. abc.xyz@bl.co.in Email has 3 mandatory parts (abc, bl & co) and 2 optional (xyz & in) with precise @ and . positions 
Wrong Input : E.g. abc.xyz@bl.co.in Email has 3 mandatory parts (abc, bl & co) and 2 optional (xyz & in) with precise @ and . positions 
Wrong Input : E.g. abc.xyz@bl.co.in Email has 3 mandatory parts (abc, bl & co) and 2 optional (xyz & in) with precise @ and . positions 
Wrong Input : E.g. abc.xyz@bl.co.in Email has 3 mandatory parts (abc, bl & co) and 2 optional (xyz & in) with precise @ and . positions 
Wrong Input : E.g. abc.xyz@bl.co.in Email has 3 mandatory parts (abc, bl & co) and 2 optional (xyz & in) with precise @ and . positions 
Wrong Input : E.g. abc.xyz@bl.co.in Email has 3 mandatory parts (abc, bl & co) and 2 optional (xyz & in) with precise @ and . positions 
Wrong Input : E.g. abc.xyz@bl.co.in Email has 3 mandatory parts (abc, bl & co) and 2 optional (xyz & in) with precise @ and . positions 
Wrong Input : E.g. abc.xyz@bl.co.in Email has 3 mandatory parts (abc, bl & co) and 2 optional (xyz & in) with precise @ and . positions 
Wrong Input : E.g. abc.xyz@bl.co.in Email has 3 mandatory parts (abc, bl & co) and 2 optional (xyz & in) with precise @ and . positions 
Wrong Input : E.g. abc.xyz@bl.co.in Email has 3 mandatory parts (abc, bl & co) and 2 optional (xyz & in) with precise @ and . positions 
Wrong Input : E.g. abc.xyz@bl.co.in Email has 3 mandatory parts (abc, bl & co) and 2 optional (xyz & in) with precise @ and . positions 
Wrong Input : E.g. abc.xyz@bl.co.in Email has 3 mandatory parts (abc, bl & co) and 2 optional (xyz & in) with precise @ and . positions 
Wrong Input : E.g. abc.xyz@bl.co.in Email has 3 mandatory parts (abc, bl & co) and 2 optional (xyz & in) with precise @ and . positions 
Wrong Input : E.g. abc.xyz@bl.co.in Email has 3 mandatory parts (abc, bl & co) and 2 optional (xyz & in) with precise @ and . positions 
Wrong Input : E.g. abc.xyz@bl.co.in Email has 3 mandatory parts (abc, bl & co) and 2 optional (xyz & in) with precise @ and . positions 
Wrong Input : E.g. abc.xyz@bl.co.in Email has 3 mandatory parts (abc, bl & co) and 2 optional (xyz & in) with precise @ and . positions 
Wrong Input : E.g. abc.xyz@bl.co.in Email has 3 mandatory parts (abc, bl & co) and 2 optional (xyz & in) with precise @ and . positions 
Wrong Input : E.g. abc.xyz@bl.co.in Email has 3 mandatory parts (abc, bl & co) and 2 optional (xyz & in) with precise @ and . positions 
Wrong Input : E.g. abc.xyz@bl.co.in Email has 3 mandatory parts (abc, bl & co) and 2 optional (xyz & in) with precise @ and . positions 
Wrong Input : E.g. abc.xyz@bl.co.in Email has 3 mandatory parts (abc, bl & co) and 2 optional (xyz & in) with precise @ and . positions 
Wrong Input : E.g. abc.xyz@bl.co.in Email has 3 mandatory parts (abc, bl & co) and 2 optional (xyz & in) with precise @ and . positions 
Wrong Input : E.g. abc.xyz@bl.co.in Email has 3 mandatory parts (abc, bl & co) and 2 optional (xyz & in) with precise @ and . positions 
Wrong Input : E.g. abc.xyz@bl.co.in Email has 3 mandatory parts (abc, bl & co) and 2 optional (xyz & in) with precise @ and . positions 
Wrong Input : E.g. abc.xyz@bl.co.in Email has 3 mandatory parts (abc, bl & co) and 2 optional (xyz & in) with precise @ and . positions 
Wrong Input : E.g. abc.xyz@bl.co.in Email has 3 mandatory parts (abc, bl & co) and 2 optional (xyz & in) with precise @ and . positions 
Wrong Input : E.g. abc.xyz@bl.co.in Email has 3 mandatory parts (abc, bl & co) and 2 optional (xyz & in) with precise @ and . positions 
Wrong Input : E.g. abc.xyz@bl.co.in Email has 3 mandatory parts (abc, bl & co) and 2 optional (xyz & in) with precise @ and . positions 
Wrong Input : E.g. abc.xyz@bl.co.in Email has 3 mandatory parts (abc, bl & co) and 2 optional (xyz & in) with precise @ and . positions 
Wrong Input : E.g. abc.xyz@bl.co.in Email has 3 mandatory parts (abc, bl & co) and 2 optional (xyz & in) with precise @ and . positions 
Wrong Input : E.g. abc.xyz@bl.co.in Email has 3 mandatory parts (abc, bl & co) and 2 optional (xyz & in) with precise @ and . positions 
Wrong Input : E.g. abc.xyz@bl.co.in Email has 3 mandatory parts (abc, bl & co) and 2 optional (xyz & in) with precise @ and . positions 
Wrong Input : E.g. abc.xyz@bl.co.in Email has 3 mandatory parts (abc, bl & co) and 2 optional (xyz & in) with precise @ and . positions 
Wrong Input : E.g. abc.xyz@bl.co.in Email has 3 mandatory parts (abc, bl & co) and 2 optional (xyz & in) with precise @ and . positions 
Wrong Input : E.g. abc.xyz@bl.co.in Email has 3 mandatory parts (abc, bl & co) and 2 optional (xyz & in) with precise @ and . positions 
Wrong Input : E.g. abc.xyz@bl.co.in Email has 3 mandatory parts (abc, bl & co) and 2 optional (xyz & in) with precise @ and . positions 
Wrong Input : E.g. abc.xyz@bl.co.in Email has 3 mandatory parts (abc, bl & co) and 2 optional (xyz & in) with precise @ and . positions 
Wrong Input : E.g. abc.xyz@bl.co.in Email has 3 mandatory parts (abc, bl & co) and 2 optional (xyz & in) with precise @ and . positions 
Wrong Input : E.g. abc.xyz@bl.co.in Email has 3 mandatory parts (abc, bl & co) and 2 optional (xyz & in) with precise @ and . positions 
Wrong Input : E.g. abc.xyz@bl.co.in Email has 3 mandatory parts (abc, bl & co) and 2 optional (xyz & in) with precise @ and . positions 
Wrong Input : E.g. abc.xyz@bl.co.in Email has 3 mandatory parts (abc, bl & co) and 2 optional (xyz & in) with precise @ and . positions 
Wrong Input : E.g. abc.xyz@bl.co.in Email has 3 mandatory parts (abc, bl & co) and 2 optional (xyz & in) with precise @ and . positions 
Wrong Input : E.g. abc.xyz@bl.co.in Email has 3 mandatory parts (abc, bl & co) and 2 optional (xyz & in) with precise @ and . positions 
Wrong Input : E.g. abc.xyz@bl.co.in Email has 3 mandatory parts (abc, bl & co) and 2 optional (xyz & in) with precise @ and . positions 
Wrong Input : E.g. abc.xyz@bl.co.in Email has 3 mandatory parts (abc, bl & co) and 2 optional (xyz & in) with precise @ and . positions 
Wrong Input : E.g. abc.xyz@bl.co.in Email has 3 mandatory parts (abc, bl & co) and 2 optional (xyz & in) with precise @ and . positions 
Wrong Input : E.g. abc.xyz@bl.co.in Email has 3 mandatory parts (abc, bl & co) and 2 optional (xyz & in) with precise @ and . positions 
Wrong Input : E.g. abc.xyz@bl.co.in Email has 3 mandatory parts (abc, bl & co) and 2 optional (xyz & in) with precise @ and . positions 
Wrong Input : E.g. abc.xyz@bl.co.in Email has 3 mandatory parts (abc, bl & co) and 2 optional (xyz & in) with precise @ and . positions 
Wrong Input : E.g. abc.xyz@bl.co.in Email has 3 mandatory parts (abc, bl & co) and 2 optional (xyz & in) with precise @ and . positions 
Wrong Input : E.g. abc.xyz@bl.co.in Email has 3 mandatory parts (abc, bl & co) and 2 optional (xyz & in) with precise @ and . positions 
Wrong Input : E.g. abc.xyz@bl.co.in Email has 3 mandatory parts (abc, bl & co) and 2 optional (xyz & in) with precise @ and . positions 
Wrong Input : E.g. abc.xyz@bl.co.in Email has 3 mandatory parts (abc, bl & co) and 2 optional (xyz & in) with precise @ and . positions 
Wrong Input : E.g. abc.xyz@bl.co.in Email has 3 mandatory parts (abc, bl & co) and 2 optional (xyz & in) with precise @ and . positions 
Wrong Input : E.g. abc.xyz@bl.co.in Email has 3 mandatory parts (abc, bl & co) and 2 optional (xyz & in) with precise @ and . positions 
Wrong Input : E.g. abc.xyz@bl.co.in Email has 3 mandatory parts (abc, bl & co) and 2 optional (xyz & in) with precise @ and . positions 
Wrong Input : E.g. abc.xyz@bl.co.in Email has 3 mandatory parts (abc, bl & co) and 2 optional (xyz & in) with precise @ and . positions 
Wrong Input : E.g. abc.xyz@bl.co.in Email has 3 mandatory parts (abc, bl & co) and 2 optional (xyz & in) with precise @ and . positions 
Wrong Input : E.g. abc.xyz@bl.co.in Email has 3 mandatory parts (abc, bl & co) and 2 optional (xyz & in) with precise @ and . positions 
Wrong Input : E.g. abc.xyz@bl.co.in Email has 3 mandatory parts (abc, bl & co) and 2 optional (xyz & in) with precise @ and . positions 
Wrong Input : E.g. abc.xyz@bl.co.in Email has 3 mandatory parts (abc, bl & co) and 2 optional (xyz & in) with precise @ and . positions 
Wrong Input : E.g. abc.xyz@bl.co.in Email has 3 mandatory parts (abc, bl & co) and 2 optional (xyz & in) with precise @ and . positions 
Wrong Input : E.g. abc.xyz@bl.co.in Email has 3 mandatory parts (abc, bl & co) and 2 optional (xyz & in) with precise @ and . positions 
Wrong Input : E.g. abc.xyz@bl.co.in Email has 3 mandatory parts (abc, bl & co) and 2 optional (xyz & in) with precise @ and . positions 
Wrong Input : E.g. abc.xyz@bl.co.in Email has 3 mandatory parts (abc, bl & co) and 2 optional (xyz & in) with precise @ and . positions 
Wrong Input : E.g. abc.xyz@bl.co.in Email has 3 mandatory parts (abc, bl & co) and 2 optional (xyz & in) with precise @ and . positions 
Wrong Input : E.g. abc.xyz@bl.co.in Email has 3 mandatory parts (abc, bl & co) and 2 optional (xyz & in) with precise @ and . positions 
Wrong Input : E.g. abc.xyz@bl.co.in Email has 3 mandatory parts (abc, bl & co) and 2 optional (xyz & in) with precise @ and . positions 
Wrong Input : E.g. abc.xyz@bl.co.in Email has 3 mandatory parts (abc, bl & co) and 2 optional (xyz & in) with precise @ and . positions 
Wrong Input : E.g. abc.xyz@bl.co.in Email has 3 mandatory parts (abc, bl & co) and 2 optional (xyz & in) with precise @ and . positions 
Wrong Input : E.g. abc.xyz@bl.co.in Email has 3 mandatory parts (abc, bl & co) and 2 optional (xyz & in) with precise @ and . positions 
Wrong Input : E.g. abc.xyz@bl.co.in Email has 3 mandatory parts (abc, bl & co) and 2 optional (xyz & in) with precise @ and . positions 
Wrong Input : E.g. abc.xyz@bl.co.in Email has 3 mandatory parts (abc, bl & co) and 2 optional (xyz & in) with precise @ and . positions 
Wrong Input : E.g. abc.xyz@bl.co.in Email has 3 mandatory parts (abc, bl & co) and 2 optional (xyz & in) with precise @ and . positions 
Wrong Input : E.g. abc.xyz@bl.co.in Email has 3 mandatory parts (abc, bl & co) and 2 optional (xyz & in) with precise @ and . positions 
Wrong Input : E.g. abc.xyz@bl.co.in Email has 3 mandatory parts (abc, bl & co) and 2 optional (xyz & in) with precise @ and . positions 
Wrong Input : E.g. abc.xyz@bl.co.in Email has 3 mandatory parts (abc, bl & co) and 2 optional (xyz & in) with precise @ and . positions 
Wrong Input : E.g. abc.xyz@bl.co.in Email has 3 mandatory parts (abc, bl & co) and 2 optional (xyz & in) with precise @ and . positions 
Wrong Input : E.g. abc.xyz@bl.co.in Email has 3 mandatory parts (abc, bl & co) and 2 optional (xyz & in) with precise @ and . positions 
Wrong Input : E.g. abc.xyz@bl.co.in Email has 3 mandatory parts (abc, bl & co) and 2 optional (xyz & in) with precise @ and . positions 
Wrong Input : E.g. abc.xyz@bl.co.in Email has 3 mandatory parts (abc, bl & co) and 2 optional (xyz & in) with precise @ and . positions 
Wrong Input : E.g. abc.xyz@bl.co.in Email has 3 mandatory parts (abc, bl & co) and 2 optional (xyz & in) with precise @ and . positions 
Wrong Input : E.g. abc.xyz@bl.co.in Email has 3 mandatory parts (abc, bl & co) and 2 optional (xyz & in) with precise @ and . positions 
Wrong Input : E.g. abc.xyz@bl.co.in Email has 3 mandatory parts (abc, bl & co) and 2 optional (xyz & in) with precise @ and . positions 
Wrong Input : E.g. abc.xyz@bl.co.in Email has 3 mandatory parts (abc, bl & co) and 2 optional (xyz & in) with precise @ and . positions 
Wrong Input : E.g. abc.xyz@bl.co.in Email has 3 mandatory parts (abc, bl & co) and 2 optional (xyz & in) with precise @ and . positions 
Wrong Input : E.g. abc.xyz@bl.co.in Email has 3 mandatory parts (abc, bl & co) and 2 optional (xyz & in) with precise @ and . positions 
Wrong Input : E.g. abc.xyz@bl.co.in Email has 3 mandatory parts (abc, bl & co) and 2 optional (xyz & in) with precise @ and . positions 
Wrong Input : E.g. abc.xyz@bl.co.in Email has 3 mandatory parts (abc, bl & co) and 2 optional (xyz & in) with precise @ and . positions 
Wrong Input : E.g. abc.xyz@bl.co.in Email has 3 mandatory parts (abc, bl & co) and 2 optional (xyz & in) with precise @ and . positions 
Wrong Input : E.g. abc.xyz@bl.co.in Email has 3 mandatory parts (abc, bl & co) and 2 optional (xyz & in) with precise @ and . positions 
Wrong Input : E.g. abc.xyz@bl.co.in Email has 3 mandatory parts (abc, bl & co) and 2 optional (xyz & in) with precise @ and . positions 
Wrong Input : E.g. abc.xyz@bl.co.in Email has 3 mandatory parts (abc, bl & co) and 2 optional (xyz & in) with precise @ and . positions 
Wrong Input : E.g. abc.xyz@bl.co.in Email has 3 mandatory parts (abc, bl & co) and 2 optional (xyz & in) with precise @ and . positions 
Wrong Input : E.g. abc.xyz@bl.co.in Email has 3 mandatory parts (abc, bl & co) and 2 optional (xyz & in) with precise @ and . positions 
Wrong Input : E.g. abc.xyz@bl.co.in Email has 3 mandatory parts (abc, bl & co) and 2 optional (xyz & in) with precise @ and . positions 
Wrong Input : E.g. abc.xyz@bl.co.in Email has 3 mandatory parts (abc, bl & co) and 2 optional (xyz & in) with precise @ and . positions 
Wrong Input : E.g. abc.xyz@bl.co.in Email has 3 mandatory parts (abc, bl & co) and 2 optional (xyz & in) with precise @ and . positions 
Wrong Input : E.g. abc.xyz@bl.co.in Email has 3 mandatory parts (abc, bl & co) and 2 optional (xyz & in) with precise @ and . positions 
Wrong Input : E.g. abc.xyz@bl.co.in Email has 3 mandatory parts (abc, bl & co) and 2 optional (xyz & in) with precise @ and . positions 
Wrong Input : E.g. abc.xyz@bl.co.in Email has 3 mandatory parts (abc, bl & co) and 2 optional (xyz & in) with precise @ and . positions 
Wrong Input : E.g. abc.xyz@bl.co.in Email has 3 mandatory parts (abc, bl & co) and 2 optional (xyz & in) with precise @ and . positions 
Wrong Input : E.g. abc.xyz@bl.co.in Email has 3 mandatory parts (abc, bl & co) and 2 optional (xyz & in) with precise @ and . positions 
Wrong Input : E.g. abc.xyz@bl.co.in Email has 3 mandatory parts (abc, bl & co) and 2 optional (xyz & in) with precise @ and . positions 
Wrong Input : E.g. abc.xyz@bl.co.in Email has 3 mandatory parts (abc, bl & co) and 2 optional (xyz & in) with precise @ and . positions 
Wrong Input : E.g. abc.xyz@bl.co.in Email has 3 mandatory parts (abc, bl & co) and 2 optional (xyz & in) with precise @ and . positions 
Wrong Input : E.g. abc.xyz@bl.co.in Email has 3 mandatory parts (abc, bl & co) and 2 optional (xyz & in) with precise @ and . positions 
Wrong Input : E.g. abc.xyz@bl.co.in Email has 3 mandatory parts (abc, bl & co) and 2 optional (xyz & in) with precise @ and . positions 
Wrong Input : E.g. abc.xyz@bl.co.in Email has 3 mandatory parts (abc, bl & co) and 2 optional (xyz & in) with precise @ and . positions 
Wrong Input : E.g. abc.xyz@bl.co.in Email has 3 mandatory parts (abc, bl & co) and 2 optional (xyz & in) with precise @ and . positions 
Wrong Input : E.g. abc.xyz@bl.co.in Email has 3 mandatory parts (abc, bl & co) and 2 optional (xyz & in) with precise @ and . positions 
Wrong Input : E.g. abc.xyz@bl.co.in Email has 3 mandatory parts (abc, bl & co) and 2 optional (xyz & in) with precise @ and . positions 
Wrong Input : E.g. abc.xyz@bl.co.in Email has 3 mandatory parts (abc, bl & co) and 2 optional (xyz & in) with precise @ and . positions 
Wrong Input : E.g. abc.xyz@bl.co.in Email has 3 mandatory parts (abc, bl & co) and 2 optional (xyz & in) with precise @ and . positions 
Wrong Input : E.g. abc.xyz@bl.co.in Email has 3 mandatory parts (abc, bl & co) and 2 optional (xyz & in) with precise @ and . positions 
Wrong Input : E.g. abc.xyz@bl.co.in Email has 3 mandatory parts (abc, bl & co) and 2 optional (xyz & in) with precise @ and . positions 
Wrong Input : E.g. abc.xyz@bl.co.in Email has 3 mandatory parts (abc, bl & co) and 2 optional (xyz & in) with precise @ and . positions 
Wrong Input : E.g. abc.xyz@bl.co.in Email has 3 mandatory parts (abc, bl & co) and 2 optional (xyz & in) with precise @ and . positions 
Wrong Input : E.g. abc.xyz@bl.co.in Email has 3 mandatory parts (abc, bl & co) and 2 optional (xyz & in) with precise @ and . positions 
Wrong Input : E.g. abc.xyz@bl.co.in Email has 3 mandatory parts (abc, bl & co) and 2 optional (xyz & in) with precise @ and . positions 
Wrong Input : E.g. abc.xyz@bl.co.in Email has 3 mandatory parts (abc, bl & co) and 2 optional (xyz & in) with precise @ and . positions 
Wrong Input : E.g. abc.xyz@bl.co.in Email has 3 mandatory parts (abc, bl & co) and 2 optional (xyz & in) with precise @ and . positions 
Wrong Input : E.g. abc.xyz@bl.co.in Email has 3 mandatory parts (abc, bl & co) and 2 optional (xyz & in) with precise @ and . positions 
Wrong Input : E.g. abc.xyz@bl.co.in Email has 3 mandatory parts (abc, bl & co) and 2 optional (xyz & in) with precise @ and . positions 
Wrong Input : E.g. abc.xyz@bl.co.in Email has 3 mandatory parts (abc, bl & co) and 2 optional (xyz & in) with precise @ and . positions 
Wrong Input : E.g. abc.xyz@bl.co.in Email has 3 mandatory parts (abc, bl & co) and 2 optional (xyz & in) with precise @ and . positions 
Wrong Input : E.g. abc.xyz@bl.co.in Email has 3 mandatory parts (abc, bl & co) and 2 optional (xyz & in) with precise @ and . positions 
Wrong Input : E.g. abc.xyz@bl.co.in Email has 3 mandatory parts (abc, bl & co) and 2 optional (xyz & in) with precise @ and . positions 
Wrong Input : E.g. abc.xyz@bl.co.in Email has 3 mandatory parts (abc, bl & co) and 2 optional (xyz & in) with precise @ and . positions 
Wrong Input : E.g. abc.xyz@bl.co.in Email has 3 mandatory parts (abc, bl & co) and 2 optional (xyz & in) with precise @ and . positions 
Wrong Input : E.g. abc.xyz@bl.co.in Email has 3 mandatory parts (abc, bl & co) and 2 optional (xyz & in) with precise @ and . positions 
Wrong Input : E.g. abc.xyz@bl.co.in Email has 3 mandatory parts (abc, bl & co) and 2 optional (xyz & in) with precise @ and . positions 
Wrong Input : E.g. abc.xyz@bl.co.in Email has 3 mandatory parts (abc, bl & co) and 2 optional (xyz & in) with precise @ and . positions 
Wrong Input : E.g. abc.xyz@bl.co.in Email has 3 mandatory parts (abc, bl & co) and 2 optional (xyz & in) with precise @ and . positions 
Wrong Input : E.g. abc.xyz@bl.co.in Email has 3 mandatory parts (abc, bl & co) and 2 optional (xyz & in) with precise @ and . positions 
Wrong Input : E.g. abc.xyz@bl.co.in Email has 3 mandatory parts (abc, bl & co) and 2 optional (xyz & in) with precise @ and . positions 
Wrong Input : E.g. abc.xyz@bl.co.in Email has 3 mandatory parts (abc, bl & co) and 2 optional (xyz & in) with precise @ and . positions 
Wrong Input : E.g. abc.xyz@bl.co.in Email has 3 mandatory parts (abc, bl & co) and 2 optional (xyz & in) with precise @ and . positions 
Wrong Input : E.g. abc.xyz@bl.co.in Email has 3 mandatory parts (abc, bl & co) and 2 optional (xyz & in) with precise @ and . positions 
Wrong Input : E.g. abc.xyz@bl.co.in Email has 3 mandatory parts (abc, bl & co) and 2 optional (xyz & in) with precise @ and . positions 
Wrong Input : E.g. abc.xyz@bl.co.in Email has 3 mandatory parts (abc, bl & co) and 2 optional (xyz & in) with precise @ and . positions 
Wrong Input : E.g. abc.xyz@bl.co.in Email has 3 mandatory parts (abc, bl & co) and 2 optional (xyz & in) with precise @ and . positions 
Wrong Input : E.g. abc.xyz@bl.co.in Email has 3 mandatory parts (abc, bl & co) and 2 optional (xyz & in) with precise @ and . positions 
Wrong Input : E.g. abc.xyz@bl.co.in Email has 3 mandatory parts (abc, bl & co) and 2 optional (xyz & in) with precise @ and . positions 
Wrong Input : E.g. abc.xyz@bl.co.in Email has 3 mandatory parts (abc, bl & co) and 2 optional (xyz & in) with precise @ and . positions 
Wrong Input : E.g. abc.xyz@bl.co.in Email has 3 mandatory parts (abc, bl & co) and 2 optional (xyz & in) with precise @ and . positions 
Wrong Input : E.g. abc.xyz@bl.co.in Email has 3 mandatory parts (abc, bl & co) and 2 optional (xyz & in) with precise @ and . positions 
Wrong Input : E.g. abc.xyz@bl.co.in Email has 3 mandatory parts (abc, bl & co) and 2 optional (xyz & in) with precise @ and . positions 
Wrong Input : E.g. abc.xyz@bl.co.in Email has 3 mandatory parts (abc, bl & co) and 2 optional (xyz & in) with precise @ and . positions 
Wrong Input : E.g. abc.xyz@bl.co.in Email has 3 mandatory parts (abc, bl & co) and 2 optional (xyz & in) with precise @ and . positions 
Wrong Input : E.g. abc.xyz@bl.co.in Email has 3 mandatory parts (abc, bl & co) and 2 optional (xyz & in) with precise @ and . positions 
Wrong Input : E.g. abc.xyz@bl.co.in Email has 3 mandatory parts (abc, bl & co) and 2 optional (xyz & in) with precise @ and . positions 
Wrong Input : E.g. abc.xyz@bl.co.in Email has 3 mandatory parts (abc, bl & co) and 2 optional (xyz & in) with precise @ and . positions 
Wrong Input : E.g. abc.xyz@bl.co.in Email has 3 mandatory parts (abc, bl & co) and 2 optional (xyz & in) with precise @ and . positions 
Wrong Input : E.g. abc.xyz@bl.co.in Email has 3 mandatory parts (abc, bl & co) and 2 optional (xyz & in) with precise @ and . positions 
Wrong Input : E.g. abc.xyz@bl.co.in Email has 3 mandatory parts (abc, bl & co) and 2 optional (xyz & in) with precise @ and . positions 
Wrong Input : E.g. abc.xyz@bl.co.in Email has 3 mandatory parts (abc, bl & co) and 2 optional (xyz & in) with precise @ and . positions 
Wrong Input : E.g. abc.xyz@bl.co.in Email has 3 mandatory parts (abc, bl & co) and 2 optional (xyz & in) with precise @ and . positions 
Wrong Input : E.g. abc.xyz@bl.co.in Email has 3 mandatory parts (abc, bl & co) and 2 optional (xyz & in) with precise @ and . positions 
Wrong Input : E.g. abc.xyz@bl.co.in Email has 3 mandatory parts (abc, bl & co) and 2 optional (xyz & in) with precise @ and . positions 
Wrong Input : E.g. abc.xyz@bl.co.in Email has 3 mandatory parts (abc, bl & co) and 2 optional (xyz & in) with precise @ and . positions 
Wrong Input : E.g. abc.xyz@bl.co.in Email has 3 mandatory parts (abc, bl & co) and 2 optional (xyz & in) with precise @ and . positions 
Wrong Input : E.g. abc.xyz@bl.co.in Email has 3 mandatory parts (abc, bl & co) and 2 optional (xyz & in) with precise @ and . positions 
Wrong Input : E.g. abc.xyz@bl.co.in Email has 3 mandatory parts (abc, bl & co) and 2 optional (xyz & in) with precise @ and . positions 
Wrong Input : E.g. abc.xyz@bl.co.in Email has 3 mandatory parts (abc, bl & co) and 2 optional (xyz & in) with precise @ and . positions 
Wrong Input : E.g. abc.xyz@bl.co.in Email has 3 mandatory parts (abc, bl & co) and 2 optional (xyz & in) with precise @ and . positions 
Wrong Input : E.g. abc.xyz@bl.co.in Email has 3 mandatory parts (abc, bl & co) and 2 optional (xyz & in) with precise @ and . positions 
Wrong Input : E.g. abc.xyz@bl.co.in Email has 3 mandatory parts (abc, bl & co) and 2 optional (xyz & in) with precise @ and . positions 
Wrong Input : E.g. abc.xyz@bl.co.in Email has 3 mandatory parts (abc, bl & co) and 2 optional (xyz & in) with precise @ and . positions 
Wrong Input : E.g. abc.xyz@bl.co.in Email has 3 mandatory parts (abc, bl & co) and 2 optional (xyz & in) with precise @ and . positions 
Wrong Input : E.g. abc.xyz@bl.co.in Email has 3 mandatory parts (abc, bl & co) and 2 optional (xyz & in) with precise @ and . positions 
Wrong Input : E.g. abc.xyz@bl.co.in Email has 3 mandatory parts (abc, bl & co) and 2 optional (xyz & in) with precise @ and . positions 
Wrong Input : E.g. abc.xyz@bl.co.in Email has 3 mandatory parts (abc, bl & co) and 2 optional (xyz & in) with precise @ and . positions 
Wrong Input : E.g. abc.xyz@bl.co.in Email has 3 mandatory parts (abc, bl & co) and 2 optional (xyz & in) with precise @ and . positions 
Wrong Input : E.g. abc.xyz@bl.co.in Email has 3 mandatory parts (abc, bl & co) and 2 optional (xyz & in) with precise @ and . positions 
Wrong Input : E.g. abc.xyz@bl.co.in Email has 3 mandatory parts (abc, bl & co) and 2 optional (xyz & in) with precise @ and . positions 
Wrong Input : E.g. abc.xyz@bl.co.in Email has 3 mandatory parts (abc, bl & co) and 2 optional (xyz & in) with precise @ and . positions 
Wrong Input : E.g. abc.xyz@bl.co.in Email has 3 mandatory parts (abc, bl & co) and 2 optional (xyz & in) with precise @ and . positions 
Wrong Input : E.g. abc.xyz@bl.co.in Email has 3 mandatory parts (abc, bl & co) and 2 optional (xyz & in) with precise @ and . positions 
Wrong Input : E.g. abc.xyz@bl.co.in Email has 3 mandatory parts (abc, bl & co) and 2 optional (xyz & in) with precise @ and . positions 
Wrong Input : E.g. abc.xyz@bl.co.in Email has 3 mandatory parts (abc, bl & co) and 2 optional (xyz & in) with precise @ and . positions 
Wrong Input : E.g. abc.xyz@bl.co.in Email has 3 mandatory parts (abc, bl & co) and 2 optional (xyz & in) with precise @ and . positions 
Wrong Input : E.g. abc.xyz@bl.co.in Email has 3 mandatory parts (abc, bl & co) and 2 optional (xyz & in) with precise @ and . positions 
Wrong Input : E.g. abc.xyz@bl.co.in Email has 3 mandatory parts (abc, bl & co) and 2 optional (xyz & in) with precise @ and . positions 
Wrong Input : E.g. abc.xyz@bl.co.in Email has 3 mandatory parts (abc, bl & co) and 2 optional (xyz & in) with precise @ and . positions 
Wrong Input : E.g. abc.xyz@bl.co.in Email has 3 mandatory parts (abc, bl & co) and 2 optional (xyz & in) with precise @ and . positions 
Wrong Input : E.g. abc.xyz@bl.co.in Email has 3 mandatory parts (abc, bl & co) and 2 optional (xyz & in) with precise @ and . positions 
Wrong Input : E.g. abc.xyz@bl.co.in Email has 3 mandatory parts (abc, bl & co) and 2 optional (xyz & in) with precise @ and . positions 
Wrong Input : E.g. abc.xyz@bl.co.in Email has 3 mandatory parts (abc, bl & co) and 2 optional (xyz & in) with precise @ and . positions 
Wrong Input : E.g. abc.xyz@bl.co.in Email has 3 mandatory parts (abc, bl & co) and 2 optional (xyz & in) with precise @ and . positions 
Wrong Input : E.g. abc.xyz@bl.co.in Email has 3 mandatory parts (abc, bl & co) and 2 optional (xyz & in) with precise @ and . positions 
Wrong Input : E.g. abc.xyz@bl.co.in Email has 3 mandatory parts (abc, bl & co) and 2 optional (xyz & in) with precise @ and . positions 
Wrong Input : E.g. abc.xyz@bl.co.in Email has 3 mandatory parts (abc, bl & co) and 2 optional (xyz & in) with precise @ and . positions 
Wrong Input : E.g. abc.xyz@bl.co.in Email has 3 mandatory parts (abc, bl & co) and 2 optional (xyz & in) with precise @ and . positions 
Wrong Input : E.g. abc.xyz@bl.co.in Email has 3 mandatory parts (abc, bl & co) and 2 optional (xyz & in) with precise @ and . positions 
Wrong Input : E.g. abc.xyz@bl.co.in Email has 3 mandatory parts (abc, bl & co) and 2 optional (xyz & in) with precise @ and . positions 
Wrong Input : E.g. abc.xyz@bl.co.in Email has 3 mandatory parts (abc, bl & co) and 2 optional (xyz & in) with precise @ and . positions 
Wrong Input : E.g. abc.xyz@bl.co.in Email has 3 mandatory parts (abc, bl & co) and 2 optional (xyz & in) with precise @ and . positions 
Wrong Input : E.g. abc.xyz@bl.co.in Email has 3 mandatory parts (abc, bl & co) and 2 optional (xyz & in) with precise @ and . positions 
Wrong Input : E.g. abc.xyz@bl.co.in Email has 3 mandatory parts (abc, bl & co) and 2 optional (xyz & in) with precise @ and . positions 
Wrong Input : E.g. abc.xyz@bl.co.in Email has 3 mandatory parts (abc, bl & co) and 2 optional (xyz & in) with precise @ and . positions 
Wrong Input : E.g. abc.xyz@bl.co.in Email has 3 mandatory parts (abc, bl & co) and 2 optional (xyz & in) with precise @ and . positions 
Wrong Input : E.g. abc.xyz@bl.co.in Email has 3 mandatory parts (abc, bl & co) and 2 optional (xyz & in) with precise @ and . positions 
Wrong Input : E.g. abc.xyz@bl.co.in Email has 3 mandatory parts (abc, bl & co) and 2 optional (xyz & in) with precise @ and . positions 
Wrong Input : E.g. abc.xyz@bl.co.in Email has 3 mandatory parts (abc, bl & co) and 2 optional (xyz & in) with precise @ and . positions 
Wrong Input : E.g. abc.xyz@bl.co.in Email has 3 mandatory parts (abc, bl & co) and 2 optional (xyz & in) with precise @ and . positions 
Wrong Input : E.g. abc.xyz@bl.co.in Email has 3 mandatory parts (abc, bl & co) and 2 optional (xyz & in) with precise @ and . positions 
Wrong Input : E.g. abc.xyz@bl.co.in Email has 3 mandatory parts (abc, bl & co) and 2 optional (xyz & in) with precise @ and . positions 
Wrong Input : E.g. abc.xyz@bl.co.in Email has 3 mandatory parts (abc, bl & co) and 2 optional (xyz & in) with precise @ and . positions 
Wrong Input : E.g. abc.xyz@bl.co.in Email has 3 mandatory parts (abc, bl & co) and 2 optional (xyz & in) with precise @ and . positions 
Wrong Input : E.g. abc.xyz@bl.co.in Email has 3 mandatory parts (abc, bl & co) and 2 optional (xyz & in) with precise @ and . positions 
Wrong Input : E.g. abc.xyz@bl.co.in Email has 3 mandatory parts (abc, bl & co) and 2 optional (xyz & in) with precise @ and . positions 
Wrong Input : E.g. abc.xyz@bl.co.in Email has 3 mandatory parts (abc, bl & co) and 2 optional (xyz & in) with precise @ and . positions 
Wrong Input : E.g. abc.xyz@bl.co.in Email has 3 mandatory parts (abc, bl & co) and 2 optional (xyz & in) with precise @ and . positions 
Wrong Input : E.g. abc.xyz@bl.co.in Email has 3 mandatory parts (abc, bl & co) and 2 optional (xyz & in) with precise @ and . positions 
Wrong Input : E.g. abc.xyz@bl.co.in Email has 3 mandatory parts (abc, bl & co) and 2 optional (xyz & in) with precise @ and . positions 
Wrong Input : E.g. abc.xyz@bl.co.in Email has 3 mandatory parts (abc, bl & co) and 2 optional (xyz & in) with precise @ and . positions 
Wrong Input : E.g. abc.xyz@bl.co.in Email has 3 mandatory parts (abc, bl & co) and 2 optional (xyz & in) with precise @ and . positions 
Wrong Input : E.g. abc.xyz@bl.co.in Email has 3 mandatory parts (abc, bl & co) and 2 optional (xyz & in) with precise @ and . positions 
Wrong Input : E.g. abc.xyz@bl.co.in Email has 3 mandatory parts (abc, bl & co) and 2 optional (xyz & in) with precise @ and . positions 
Wrong Input : E.g. abc.xyz@bl.co.in Email has 3 mandatory parts (abc, bl & co) and 2 optional (xyz & in) with precise @ and . positions 
Wrong Input : E.g. abc.xyz@bl.co.in Email has 3 mandatory parts (abc, bl & co) and 2 optional (xyz & in) with precise @ and . positions 
Wrong Input : E.g. abc.xyz@bl.co.in Email has 3 mandatory parts (abc, bl & co) and 2 optional (xyz & in) with precise @ and . positions 
Wrong Input : E.g. abc.xyz@bl.co.in Email has 3 mandatory parts (abc, bl & co) and 2 optional (xyz & in) with precise @ and . positions 
Wrong Input : E.g. abc.xyz@bl.co.in Email has 3 mandatory parts (abc, bl & co) and 2 optional (xyz & in) with precise @ and . positions 
Wrong Input : E.g. abc.xyz@bl.co.in Email has 3 mandatory parts (abc, bl & co) and 2 optional (xyz & in) with precise @ and . positions 
Wrong Input : E.g. abc.xyz@bl.co.in Email has 3 mandatory parts (abc, bl & co) and 2 optional (xyz & in) with precise @ and . positions 
Wrong Input : E.g. abc.xyz@bl.co.in Email has 3 mandatory parts (abc, bl & co) and 2 optional (xyz & in) with precise @ and . positions 
Wrong Input : E.g. abc.xyz@bl.co.in Email has 3 mandatory parts (abc, bl & co) and 2 optional (xyz & in) with precise @ and . positions 
Wrong Input : E.g. abc.xyz@bl.co.in Email has 3 mandatory parts (abc, bl & co) and 2 optional (xyz & in) with precise @ and . positions 
Wrong Input : E.g. abc.xyz@bl.co.in Email has 3 mandatory parts (abc, bl & co) and 2 optional (xyz & in) with precise @ and . positions 
Wrong Input : E.g. abc.xyz@bl.co.in Email has 3 mandatory parts (abc, bl & co) and 2 optional (xyz & in) with precise @ and . positions 
Wrong Input : E.g. abc.xyz@bl.co.in Email has 3 mandatory parts (abc, bl & co) and 2 optional (xyz & in) with precise @ and . positions 
Wrong Input : E.g. abc.xyz@bl.co.in Email has 3 mandatory parts (abc, bl & co) and 2 optional (xyz & in) with precise @ and . positions 
Wrong Input : E.g. abc.xyz@bl.co.in Email has 3 mandatory parts (abc, bl & co) and 2 optional (xyz & in) with precise @ and . positions 
Wrong Input : E.g. abc.xyz@bl.co.in Email has 3 mandatory parts (abc, bl & co) and 2 optional (xyz & in) with precise @ and . positions 
Wrong Input : E.g. abc.xyz@bl.co.in Email has 3 mandatory parts (abc, bl & co) and 2 optional (xyz & in) with precise @ and . positions 
Wrong Input : E.g. abc.xyz@bl.co.in Email has 3 mandatory parts (abc, bl & co) and 2 optional (xyz & in) with precise @ and . positions 
Wrong Input : E.g. abc.xyz@bl.co.in Email has 3 mandatory parts (abc, bl & co) and 2 optional (xyz & in) with precise @ and . positions 
Wrong Input : E.g. abc.xyz@bl.co.in Email has 3 mandatory parts (abc, bl & co) and 2 optional (xyz & in) with precise @ and . positions 
Wrong Input : E.g. abc.xyz@bl.co.in Email has 3 mandatory parts (abc, bl & co) and 2 optional (xyz & in) with precise @ and . positions 
Wrong Input : E.g. abc.xyz@bl.co.in Email has 3 mandatory parts (abc, bl & co) and 2 optional (xyz & in) with precise @ and . positions 
Wrong Input : E.g. abc.xyz@bl.co.in Email has 3 mandatory parts (abc, bl & co) and 2 optional (xyz & in) with precise @ and . positions 
Wrong Input : E.g. abc.xyz@bl.co.in Email has 3 mandatory parts (abc, bl & co) and 2 optional (xyz & in) with precise @ and . positions 
Wrong Input : E.g. abc.xyz@bl.co.in Email has 3 mandatory parts (abc, bl & co) and 2 optional (xyz & in) with precise @ and . positions 
Wrong Input : E.g. abc.xyz@bl.co.in Email has 3 mandatory parts (abc, bl & co) and 2 optional (xyz & in) with precise @ and . positions 
Wrong Input : E.g. abc.xyz@bl.co.in Email has 3 mandatory parts (abc, bl & co) and 2 optional (xyz & in) with precise @ and . positions 
Wrong Input : E.g. abc.xyz@bl.co.in Email has 3 mandatory parts (abc, bl & co) and 2 optional (xyz & in) with precise @ and . positions 
Wrong Input : E.g. abc.xyz@bl.co.in Email has 3 mandatory parts (abc, bl & co) and 2 optional (xyz & in) with precise @ and . positions 
Wrong Input : E.g. abc.xyz@bl.co.in Email has 3 mandatory parts (abc, bl & co) and 2 optional (xyz & in) with precise @ and . positions 
Wrong Input : E.g. abc.xyz@bl.co.in Email has 3 mandatory parts (abc, bl & co) and 2 optional (xyz & in) with precise @ and . positions 
Wrong Input : E.g. abc.xyz@bl.co.in Email has 3 mandatory parts (abc, bl & co) and 2 optional (xyz & in) with precise @ and . positions 
Wrong Input : E.g. abc.xyz@bl.co.in Email has 3 mandatory parts (abc, bl & co) and 2 optional (xyz & in) with precise @ and . positions 
Wrong Input : E.g. abc.xyz@bl.co.in Email has 3 mandatory parts (abc, bl & co) and 2 optional (xyz & in) with precise @ and . positions 
Wrong Input : E.g. abc.xyz@bl.co.in Email has 3 mandatory parts (abc, bl & co) and 2 optional (xyz & in) with precise @ and . positions 
Wrong Input : E.g. abc.xyz@bl.co.in Email has 3 mandatory parts (abc, bl & co) and 2 optional (xyz & in) with precise @ and . positions 
Wrong Input : E.g. abc.xyz@bl.co.in Email has 3 mandatory parts (abc, bl & co) and 2 optional (xyz & in) with precise @ and . positions 
Wrong Input : E.g. abc.xyz@bl.co.in Email has 3 mandatory parts (abc, bl & co) and 2 optional (xyz & in) with precise @ and . positions 
Wrong Input : E.g. abc.xyz@bl.co.in Email has 3 mandatory parts (abc, bl & co) and 2 optional (xyz & in) with precise @ and . positions 
Wrong Input : E.g. abc.xyz@bl.co.in Email has 3 mandatory parts (abc, bl & co) and 2 optional (xyz & in) with precise @ and . positions 
Wrong Input : E.g. abc.xyz@bl.co.in Email has 3 mandatory parts (abc, bl & co) and 2 optional (xyz & in) with precise @ and . positions 
Wrong Input : E.g. abc.xyz@bl.co.in Email has 3 mandatory parts (abc, bl & co) and 2 optional (xyz & in) with precise @ and . positions 
Wrong Input : E.g. abc.xyz@bl.co.in Email has 3 mandatory parts (abc, bl & co) and 2 optional (xyz & in) with precise @ and . positions 
Wrong Input : E.g. abc.xyz@bl.co.in Email has 3 mandatory parts (abc, bl & co) and 2 optional (xyz & in) with precise @ and . positions 
Wrong Input : E.g. abc.xyz@bl.co.in Email has 3 mandatory parts (abc, bl & co) and 2 optional (xyz & in) with precise @ and . positions 
Wrong Input : E.g. abc.xyz@bl.co.in Email has 3 mandatory parts (abc, bl & co) and 2 optional (xyz & in) with precise @ and . positions 
Wrong Input : E.g. abc.xyz@bl.co.in Email has 3 mandatory parts (abc, bl & co) and 2 optional (xyz & in) with precise @ and . positions 
Wrong Input : E.g. abc.xyz@bl.co.in Email has 3 mandatory parts (abc, bl & co) and 2 optional (xyz & in) with precise @ and . positions 
Wrong Input : E.g. abc.xyz@bl.co.in Email has 3 mandatory parts (abc, bl & co) and 2 optional (xyz & in) with precise @ and . positions 
Wrong Input : E.g. abc.xyz@bl.co.in Email has 3 mandatory parts (abc, bl & co) and 2 optional (xyz & in) with precise @ and . positions 
Wrong Input : E.g. abc.xyz@bl.co.in Email has 3 mandatory parts (abc, bl & co) and 2 optional (xyz & in) with precise @ and . positions 
Wrong Input : E.g. abc.xyz@bl.co.in Email has 3 mandatory parts (abc, bl & co) and 2 optional (xyz & in) with precise @ and . positions 
Wrong Input : E.g. abc.xyz@bl.co.in Email has 3 mandatory parts (abc, bl & co) and 2 optional (xyz & in) with precise @ and . positions 
Wrong Input : E.g. abc.xyz@bl.co.in Email has 3 mandatory parts (abc, bl & co) and 2 optional (xyz & in) with precise @ and . positions 
Wrong Input : E.g. abc.xyz@bl.co.in Email has 3 mandatory parts (abc, bl & co) and 2 optional (xyz & in) with precise @ and . positions 
Wrong Input : E.g. abc.xyz@bl.co.in Email has 3 mandatory parts (abc, bl & co) and 2 optional (xyz & in) with precise @ and . positions 
Wrong Input : E.g. abc.xyz@bl.co.in Email has 3 mandatory parts (abc, bl & co) and 2 optional (xyz & in) with precise @ and . positions 
Wrong Input : E.g. abc.xyz@bl.co.in Email has 3 mandatory parts (abc, bl & co) and 2 optional (xyz & in) with precise @ and . positions 
Wrong Input : E.g. abc.xyz@bl.co.in Email has 3 mandatory parts (abc, bl & co) and 2 optional (xyz & in) with precise @ and . positions 
Wrong Input : E.g. abc.xyz@bl.co.in Email has 3 mandatory parts (abc, bl & co) and 2 optional (xyz & in) with precise @ and . positions 
Wrong Input : E.g. abc.xyz@bl.co.in Email has 3 mandatory parts (abc, bl & co) and 2 optional (xyz & in) with precise @ and . positions 
Wrong Input : E.g. abc.xyz@bl.co.in Email has 3 mandatory parts (abc, bl & co) and 2 optional (xyz & in) with precise @ and . positions 
Wrong Input : E.g. abc.xyz@bl.co.in Email has 3 mandatory parts (abc, bl & co) and 2 optional (xyz & in) with precise @ and . positions 
Wrong Input : E.g. abc.xyz@bl.co.in Email has 3 mandatory parts (abc, bl & co) and 2 optional (xyz & in) with precise @ and . positions 
Wrong Input : E.g. abc.xyz@bl.co.in Email has 3 mandatory parts (abc, bl & co) and 2 optional (xyz & in) with precise @ and . positions 
Wrong Input : E.g. abc.xyz@bl.co.in Email has 3 mandatory parts (abc, bl & co) and 2 optional (xyz & in) with precise @ and . positions 
Wrong Input : E.g. abc.xyz@bl.co.in Email has 3 mandatory parts (abc, bl & co) and 2 optional (xyz & in) with precise @ and . positions 
Wrong Input : E.g. abc.xyz@bl.co.in Email has 3 mandatory parts (abc, bl & co) and 2 optional (xyz & in) with precise @ and . positions 
Wrong Input : E.g. abc.xyz@bl.co.in Email has 3 mandatory parts (abc, bl & co) and 2 optional (xyz & in) with precise @ and . positions 
Wrong Input : E.g. abc.xyz@bl.co.in Email has 3 mandatory parts (abc, bl & co) and 2 optional (xyz & in) with precise @ and . positions 
Wrong Input : E.g. abc.xyz@bl.co.in Email has 3 mandatory parts (abc, bl & co) and 2 optional (xyz & in) with precise @ and . positions 
Wrong Input : E.g. abc.xyz@bl.co.in Email has 3 mandatory parts (abc, bl & co) and 2 optional (xyz & in) with precise @ and . positions 
Wrong Input : E.g. abc.xyz@bl.co.in Email has 3 mandatory parts (abc, bl & co) and 2 optional (xyz & in) with precise @ and . positions 
Wrong Input : E.g. abc.xyz@bl.co.in Email has 3 mandatory parts (abc, bl & co) and 2 optional (xyz & in) with precise @ and . positions 
Wrong Input : E.g. abc.xyz@bl.co.in Email has 3 mandatory parts (abc, bl & co) and 2 optional (xyz & in) with precise @ and . positions 
Wrong Input : E.g. abc.xyz@bl.co.in Email has 3 mandatory parts (abc, bl & co) and 2 optional (xyz & in) with precise @ and . positions 
Wrong Input : E.g. abc.xyz@bl.co.in Email has 3 mandatory parts (abc, bl & co) and 2 optional (xyz & in) with precise @ and . positions 
Wrong Input : E.g. abc.xyz@bl.co.in Email has 3 mandatory parts (abc, bl & co) and 2 optional (xyz & in) with precise @ and . positions 
Wrong Input : E.g. abc.xyz@bl.co.in Email has 3 mandatory parts (abc, bl & co) and 2 optional (xyz & in) with precise @ and . positions 
Wrong Input : E.g. abc.xyz@bl.co.in Email has 3 mandatory parts (abc, bl & co) and 2 optional (xyz & in) with precise @ and . positions 
Wrong Input : E.g. abc.xyz@bl.co.in Email has 3 mandatory parts (abc, bl & co) and 2 optional (xyz & in) with precise @ and . positions 
Wrong Input : E.g. abc.xyz@bl.co.in Email has 3 mandatory parts (abc, bl & co) and 2 optional (xyz & in) with precise @ and . positions 
Wrong Input : E.g. abc.xyz@bl.co.in Email has 3 mandatory parts (abc, bl & co) and 2 optional (xyz & in) with precise @ and . positions 
Wrong Input : E.g. abc.xyz@bl.co.in Email has 3 mandatory parts (abc, bl & co) and 2 optional (xyz & in) with precise @ and . positions 
Wrong Input : E.g. abc.xyz@bl.co.in Email has 3 mandatory parts (abc, bl & co) and 2 optional (xyz & in) with precise @ and . positions 
Wrong Input : E.g. abc.xyz@bl.co.in Email has 3 mandatory parts (abc, bl & co) and 2 optional (xyz & in) with precise @ and . positions 
Wrong Input : E.g. abc.xyz@bl.co.in Email has 3 mandatory parts (abc, bl & co) and 2 optional (xyz & in) with precise @ and . positions 
Wrong Input : E.g. abc.xyz@bl.co.in Email has 3 mandatory parts (abc, bl & co) and 2 optional (xyz & in) with precise @ and . positions 
Wrong Input : E.g. abc.xyz@bl.co.in Email has 3 mandatory parts (abc, bl & co) and 2 optional (xyz & in) with precise @ and . positions 
Wrong Input : E.g. abc.xyz@bl.co.in Email has 3 mandatory parts (abc, bl & co) and 2 optional (xyz & in) with precise @ and . positions 
Wrong Input : E.g. abc.xyz@bl.co.in Email has 3 mandatory parts (abc, bl & co) and 2 optional (xyz & in) with precise @ and . positions 
Wrong Input : E.g. abc.xyz@bl.co.in Email has 3 mandatory parts (abc, bl & co) and 2 optional (xyz & in) with precise @ and . positions 
Wrong Input : E.g. abc.xyz@bl.co.in Email has 3 mandatory parts (abc, bl & co) and 2 optional (xyz & in) with precise @ and . positions 
Wrong Input : E.g. abc.xyz@bl.co.in Email has 3 mandatory parts (abc, bl & co) and 2 optional (xyz & in) with precise @ and . positions 
Wrong Input : E.g. abc.xyz@bl.co.in Email has 3 mandatory parts (abc, bl & co) and 2 optional (xyz & in) with precise @ and . positions 
Wrong Input : E.g. abc.xyz@bl.co.in Email has 3 mandatory parts (abc, bl & co) and 2 optional (xyz & in) with precise @ and . positions 
Wrong Input : E.g. abc.xyz@bl.co.in Email has 3 mandatory parts (abc, bl & co) and 2 optional (xyz & in) with precise @ and . positions 
Wrong Input : E.g. abc.xyz@bl.co.in Email has 3 mandatory parts (abc, bl & co) and 2 optional (xyz & in) with precise @ and . positions 
Wrong Input : E.g. abc.xyz@bl.co.in Email has 3 mandatory parts (abc, bl & co) and 2 optional (xyz & in) with precise @ and . positions 
Wrong Input : E.g. abc.xyz@bl.co.in Email has 3 mandatory parts (abc, bl & co) and 2 optional (xyz & in) with precise @ and . positions 
Wrong Input : E.g. abc.xyz@bl.co.in Email has 3 mandatory parts (abc, bl & co) and 2 optional (xyz & in) with precise @ and . positions 
Wrong Input : E.g. abc.xyz@bl.co.in Email has 3 mandatory parts (abc, bl & co) and 2 optional (xyz & in) with precise @ and . positions 
Wrong Input : E.g. abc.xyz@bl.co.in Email has 3 mandatory parts (abc, bl & co) and 2 optional (xyz & in) with precise @ and . positions 
Wrong Input : E.g. abc.xyz@bl.co.in Email has 3 mandatory parts (abc, bl & co) and 2 optional (xyz & in) with precise @ and . positions 
Wrong Input : E.g. abc.xyz@bl.co.in Email has 3 mandatory parts (abc, bl & co) and 2 optional (xyz & in) with precise @ and . positions 
Wrong Input : E.g. abc.xyz@bl.co.in Email has 3 mandatory parts (abc, bl & co) and 2 optional (xyz & in) with precise @ and . positions 
Wrong Input : E.g. abc.xyz@bl.co.in Email has 3 mandatory parts (abc, bl & co) and 2 optional (xyz & in) with precise @ and . positions 
Wrong Input : E.g. abc.xyz@bl.co.in Email has 3 mandatory parts (abc, bl & co) and 2 optional (xyz & in) with precise @ and . positions 
Wrong Input : E.g. abc.xyz@bl.co.in Email has 3 mandatory parts (abc, bl & co) and 2 optional (xyz & in) with precise @ and . positions 
Wrong Input : E.g. abc.xyz@bl.co.in Email has 3 mandatory parts (abc, bl & co) and 2 optional (xyz & in) with precise @ and . positions 
Wrong Input : E.g. abc.xyz@bl.co.in Email has 3 mandatory parts (abc, bl & co) and 2 optional (xyz & in) with precise @ and . positions 
Wrong Input : E.g. abc.xyz@bl.co.in Email has 3 mandatory parts (abc, bl & co) and 2 optional (xyz & in) with precise @ and . positions 
Wrong Input : E.g. abc.xyz@bl.co.in Email has 3 mandatory parts (abc, bl & co) and 2 optional (xyz & in) with precise @ and . positions 
Wrong Input : E.g. abc.xyz@bl.co.in Email has 3 mandatory parts (abc, bl & co) and 2 optional (xyz & in) with precise @ and . positions 
Wrong Input : E.g. abc.xyz@bl.co.in Email has 3 mandatory parts (abc, bl & co) and 2 optional (xyz & in) with precise @ and . positions 
Wrong Input : E.g. abc.xyz@bl.co.in Email has 3 mandatory parts (abc, bl & co) and 2 optional (xyz & in) with precise @ and . positions 
Wrong Input : E.g. abc.xyz@bl.co.in Email has 3 mandatory parts (abc, bl & co) and 2 optional (xyz & in) with precise @ and . positions 
Wrong Input : E.g. abc.xyz@bl.co.in Email has 3 mandatory parts (abc, bl & co) and 2 optional (xyz & in) with precise @ and . positions 
Wrong Input : E.g. abc.xyz@bl.co.in Email has 3 mandatory parts (abc, bl & co) and 2 optional (xyz & in) with precise @ and . positions 
Wrong Input : E.g. abc.xyz@bl.co.in Email has 3 mandatory parts (abc, bl & co) and 2 optional (xyz & in) with precise @ and . positions 
Wrong Input : E.g. abc.xyz@bl.co.in Email has 3 mandatory parts (abc, bl & co) and 2 optional (xyz & in) with precise @ and . positions 
Wrong Input : E.g. abc.xyz@bl.co.in Email has 3 mandatory parts (abc, bl & co) and 2 optional (xyz & in) with precise @ and . positions 
Wrong Input : E.g. abc.xyz@bl.co.in Email has 3 mandatory parts (abc, bl & co) and 2 optional (xyz & in) with precise @ and . positions 
Wrong Input : E.g. abc.xyz@bl.co.in Email has 3 mandatory parts (abc, bl & co) and 2 optional (xyz & in) with precise @ and . positions 
Wrong Input : E.g. abc.xyz@bl.co.in Email has 3 mandatory parts (abc, bl & co) and 2 optional (xyz & in) with precise @ and . positions 
Wrong Input : E.g. abc.xyz@bl.co.in Email has 3 mandatory parts (abc, bl & co) and 2 optional (xyz & in) with precise @ and . positions 
Wrong Input : E.g. abc.xyz@bl.co.in Email has 3 mandatory parts (abc, bl & co) and 2 optional (xyz & in) with precise @ and . positions 
Wrong Input : E.g. abc.xyz@bl.co.in Email has 3 mandatory parts (abc, bl & co) and 2 optional (xyz & in) with precise @ and . positions 
Wrong Input : E.g. abc.xyz@bl.co.in Email has 3 mandatory parts (abc, bl & co) and 2 optional (xyz & in) with precise @ and . positions 
Wrong Input : E.g. abc.xyz@bl.co.in Email has 3 mandatory parts (abc, bl & co) and 2 optional (xyz & in) with precise @ and . positions 
Wrong Input : E.g. abc.xyz@bl.co.in Email has 3 mandatory parts (abc, bl & co) and 2 optional (xyz & in) with precise @ and . positions 
Wrong Input : E.g. abc.xyz@bl.co.in Email has 3 mandatory parts (abc, bl & co) and 2 optional (xyz & in) with precise @ and . positions 
Wrong Input : E.g. abc.xyz@bl.co.in Email has 3 mandatory parts (abc, bl & co) and 2 optional (xyz & in) with precise @ and . positions 
Wrong Input : E.g. abc.xyz@bl.co.in Email has 3 mandatory parts (abc, bl & co) and 2 optional (xyz & in) with precise @ and . positions 
Wrong Input : E.g. abc.xyz@bl.co.in Email has 3 mandatory parts (abc, bl & co) and 2 optional (xyz & in) with precise @ and . positions 
Wrong Input : E.g. abc.xyz@bl.co.in Email has 3 mandatory parts (abc, bl & co) and 2 optional (xyz & in) with precise @ and . positions 
Wrong Input : E.g. abc.xyz@bl.co.in Email has 3 mandatory parts (abc, bl & co) and 2 optional (xyz & in) with precise @ and . positions 
Wrong Input : E.g. abc.xyz@bl.co.in Email has 3 mandatory parts (abc, bl & co) and 2 optional (xyz & in) with precise @ and . positions 
Wrong Input : E.g. abc.xyz@bl.co.in Email has 3 mandatory parts (abc, bl & co) and 2 optional (xyz & in) with precise @ and . positions 
Wrong Input : E.g. abc.xyz@bl.co.in Email has 3 mandatory parts (abc, bl & co) and 2 optional (xyz & in) with precise @ and . positions 
Wrong Input : E.g. abc.xyz@bl.co.in Email has 3 mandatory parts (abc, bl & co) and 2 optional (xyz & in) with precise @ and . positions 
Wrong Input : E.g. abc.xyz@bl.co.in Email has 3 mandatory parts (abc, bl & co) and 2 optional (xyz & in) with precise @ and . positions 
Wrong Input : E.g. abc.xyz@bl.co.in Email has 3 mandatory parts (abc, bl & co) and 2 optional (xyz & in) with precise @ and . positions 
Wrong Input : E.g. abc.xyz@bl.co.in Email has 3 mandatory parts (abc, bl & co) and 2 optional (xyz & in) with precise @ and . positions 
Wrong Input : E.g. abc.xyz@bl.co.in Email has 3 mandatory parts (abc, bl & co) and 2 optional (xyz & in) with precise @ and . positions 
Wrong Input : E.g. abc.xyz@bl.co.in Email has 3 mandatory parts (abc, bl & co) and 2 optional (xyz & in) with precise @ and . positions 
Wrong Input : E.g. abc.xyz@bl.co.in Email has 3 mandatory parts (abc, bl & co) and 2 optional (xyz & in) with precise @ and . positions 
Wrong Input : E.g. abc.xyz@bl.co.in Email has 3 mandatory parts (abc, bl & co) and 2 optional (xyz & in) with precise @ and . positions 
Wrong Input : E.g. abc.xyz@bl.co.in Email has 3 mandatory parts (abc, bl & co) and 2 optional (xyz & in) with precise @ and . positions 
Wrong Input : E.g. abc.xyz@bl.co.in Email has 3 mandatory parts (abc, bl & co) and 2 optional (xyz & in) with precise @ and . positions 
Wrong Input : E.g. abc.xyz@bl.co.in Email has 3 mandatory parts (abc, bl & co) and 2 optional (xyz & in) with precise @ and . positions 
Wrong Input : E.g. abc.xyz@bl.co.in Email has 3 mandatory parts (abc, bl & co) and 2 optional (xyz & in) with precise @ and . positions 
Wrong Input : E.g. abc.xyz@bl.co.in Email has 3 mandatory parts (abc, bl & co) and 2 optional (xyz & in) with precise @ and . positions 
Wrong Input : E.g. abc.xyz@bl.co.in Email has 3 mandatory parts (abc, bl & co) and 2 optional (xyz & in) with precise @ and . positions 
Wrong Input : E.g. abc.xyz@bl.co.in Email has 3 mandatory parts (abc, bl & co) and 2 optional (xyz & in) with precise @ and . positions 
Wrong Input : E.g. abc.xyz@bl.co.in Email has 3 mandatory parts (abc, bl & co) and 2 optional (xyz & in) with precise @ and . positions 
Wrong Input : E.g. abc.xyz@bl.co.in Email has 3 mandatory parts (abc, bl & co) and 2 optional (xyz & in) with precise @ and . positions 
Wrong Input : E.g. abc.xyz@bl.co.in Email has 3 mandatory parts (abc, bl & co) and 2 optional (xyz & in) with precise @ and . positions 
Wrong Input : E.g. abc.xyz@bl.co.in Email has 3 mandatory parts (abc, bl & co) and 2 optional (xyz & in) with precise @ and . positions 
Wrong Input : E.g. abc.xyz@bl.co.in Email has 3 mandatory parts (abc, bl & co) and 2 optional (xyz & in) with precise @ and . positions 
Wrong Input : E.g. abc.xyz@bl.co.in Email has 3 mandatory parts (abc, bl & co) and 2 optional (xyz & in) with precise @ and . positions 
Wrong Input : E.g. abc.xyz@bl.co.in Email has 3 mandatory parts (abc, bl & co) and 2 optional (xyz & in) with precise @ and . positions 
Wrong Input : E.g. abc.xyz@bl.co.in Email has 3 mandatory parts (abc, bl & co) and 2 optional (xyz & in) with precise @ and . positions 
Wrong Input : E.g. abc.xyz@bl.co.in Email has 3 mandatory parts (abc, bl & co) and 2 optional (xyz & in) with precise @ and . positions 
Wrong Input : E.g. abc.xyz@bl.co.in Email has 3 mandatory parts (abc, bl & co) and 2 optional (xyz & in) with precise @ and . positions 
Wrong Input : E.g. abc.xyz@bl.co.in Email has 3 mandatory parts (abc, bl & co) and 2 optional (xyz & in) with precise @ and . positions 
Wrong Input : E.g. abc.xyz@bl.co.in Email has 3 mandatory parts (abc, bl & co) and 2 optional (xyz & in) with precise @ and . positions 
Wrong Input : E.g. abc.xyz@bl.co.in Email has 3 mandatory parts (abc, bl & co) and 2 optional (xyz & in) with precise @ and . positions 
Wrong Input : E.g. abc.xyz@bl.co.in Email has 3 mandatory parts (abc, bl & co) and 2 optional (xyz & in) with precise @ and . positions 
Wrong Input : E.g. abc.xyz@bl.co.in Email has 3 mandatory parts (abc, bl & co) and 2 optional (xyz & in) with precise @ and . positions 
Wrong Input : E.g. abc.xyz@bl.co.in Email has 3 mandatory parts (abc, bl & co) and 2 optional (xyz & in) with precise @ and . positions 
Wrong Input : E.g. abc.xyz@bl.co.in Email has 3 mandatory parts (abc, bl & co) and 2 optional (xyz & in) with precise @ and . positions 
Wrong Input : E.g. abc.xyz@bl.co.in Email has 3 mandatory parts (abc, bl & co) and 2 optional (xyz & in) with precise @ and . positions 
Wrong Input : E.g. abc.xyz@bl.co.in Email has 3 mandatory parts (abc, bl & co) and 2 optional (xyz & in) with precise @ and . positions 
Wrong Input : E.g. abc.xyz@bl.co.in Email has 3 mandatory parts (abc, bl & co) and 2 optional (xyz & in) with precise @ and . positions 
Wrong Input : E.g. abc.xyz@bl.co.in Email has 3 mandatory parts (abc, bl & co) and 2 optional (xyz & in) with precise @ and . positions 
Wrong Input : E.g. abc.xyz@bl.co.in Email has 3 mandatory parts (abc, bl & co) and 2 optional (xyz & in) with precise @ and . positions 
Wrong Input : E.g. abc.xyz@bl.co.in Email has 3 mandatory parts (abc, bl & co) and 2 optional (xyz & in) with precise @ and . positions 
Wrong Input : E.g. abc.xyz@bl.co.in Email has 3 mandatory parts (abc, bl & co) and 2 optional (xyz & in) with precise @ and . positions 
Wrong Input : E.g. abc.xyz@bl.co.in Email has 3 mandatory parts (abc, bl & co) and 2 optional (xyz & in) with precise @ and . positions 
Wrong Input : E.g. abc.xyz@bl.co.in Email has 3 mandatory parts (abc, bl & co) and 2 optional (xyz & in) with precise @ and . positions 
Wrong Input : E.g. abc.xyz@bl.co.in Email has 3 mandatory parts (abc, bl & co) and 2 optional (xyz & in) with precise @ and . positions 
Wrong Input : E.g. abc.xyz@bl.co.in Email has 3 mandatory parts (abc, bl & co) and 2 optional (xyz & in) with precise @ and . positions 
Wrong Input : E.g. abc.xyz@bl.co.in Email has 3 mandatory parts (abc, bl & co) and 2 optional (xyz & in) with precise @ and . positions 
Wrong Input : E.g. abc.xyz@bl.co.in Email has 3 mandatory parts (abc, bl & co) and 2 optional (xyz & in) with precise @ and . positions 
Wrong Input : E.g. abc.xyz@bl.co.in Email has 3 mandatory parts (abc, bl & co) and 2 optional (xyz & in) with precise @ and . positions 
Wrong Input : E.g. abc.xyz@bl.co.in Email has 3 mandatory parts (abc, bl & co) and 2 optional (xyz & in) with precise @ and . positions 
Wrong Input : E.g. abc.xyz@bl.co.in Email has 3 mandatory parts (abc, bl & co) and 2 optional (xyz & in) with precise @ and . positions 
Wrong Input : E.g. abc.xyz@bl.co.in Email has 3 mandatory parts (abc, bl & co) and 2 optional (xyz & in) with precise @ and . positions 
Wrong Input : E.g. abc.xyz@bl.co.in Email has 3 mandatory parts (abc, bl & co) and 2 optional (xyz & in) with precise @ and . positions 
Wrong Input : E.g. abc.xyz@bl.co.in Email has 3 mandatory parts (abc, bl & co) and 2 optional (xyz & in) with precise @ and . positions 
Wrong Input : E.g. abc.xyz@bl.co.in Email has 3 mandatory parts (abc, bl & co) and 2 optional (xyz & in) with precise @ and . positions 
Wrong Input : E.g. abc.xyz@bl.co.in Email has 3 mandatory parts (abc, bl & co) and 2 optional (xyz & in) with precise @ and . positions 
Wrong Input : E.g. abc.xyz@bl.co.in Email has 3 mandatory parts (abc, bl & co) and 2 optional (xyz & in) with precise @ and . positions 
Wrong Input : E.g. abc.xyz@bl.co.in Email has 3 mandatory parts (abc, bl & co) and 2 optional (xyz & in) with precise @ and . positions 
Wrong Input : E.g. abc.xyz@bl.co.in Email has 3 mandatory parts (abc, bl & co) and 2 optional (xyz & in) with precise @ and . positions 
Wrong Input : E.g. abc.xyz@bl.co.in Email has 3 mandatory parts (abc, bl & co) and 2 optional (xyz & in) with precise @ and . positions 
Wrong Input : E.g. abc.xyz@bl.co.in Email has 3 mandatory parts (abc, bl & co) and 2 optional (xyz & in) with precise @ and . positions 
Wrong Input : E.g. abc.xyz@bl.co.in Email has 3 mandatory parts (abc, bl & co) and 2 optional (xyz & in) with precise @ and . positions 
Wrong Input : E.g. abc.xyz@bl.co.in Email has 3 mandatory parts (abc, bl & co) and 2 optional (xyz & in) with precise @ and . positions 
Wrong Input : E.g. abc.xyz@bl.co.in Email has 3 mandatory parts (abc, bl & co) and 2 optional (xyz & in) with precise @ and . positions 
Wrong Input : E.g. abc.xyz@bl.co.in Email has 3 mandatory parts (abc, bl & co) and 2 optional (xyz & in) with precise @ and . positions 
Wrong Input : E.g. abc.xyz@bl.co.in Email has 3 mandatory parts (abc, bl & co) and 2 optional (xyz & in) with precise @ and . positions 
Wrong Input : E.g. abc.xyz@bl.co.in Email has 3 mandatory parts (abc, bl & co) and 2 optional (xyz & in) with precise @ and . positions 
Wrong Input : E.g. abc.xyz@bl.co.in Email has 3 mandatory parts (abc, bl & co) and 2 optional (xyz & in) with precise @ and . positions 
Wrong Input : E.g. abc.xyz@bl.co.in Email has 3 mandatory parts (abc, bl & co) and 2 optional (xyz & in) with precise @ and . positions 
Wrong Input : E.g. abc.xyz@bl.co.in Email has 3 mandatory parts (abc, bl & co) and 2 optional (xyz & in) with precise @ and . positions 
Wrong Input : E.g. abc.xyz@bl.co.in Email has 3 mandatory parts (abc, bl & co) and 2 optional (xyz & in) with precise @ and . positions 
Wrong Input : E.g. abc.xyz@bl.co.in Email has 3 mandatory parts (abc, bl & co) and 2 optional (xyz & in) with precise @ and . positions 
Wrong Input : E.g. abc.xyz@bl.co.in Email has 3 mandatory parts (abc, bl & co) and 2 optional (xyz & in) with precise @ and . positions 
Wrong Input : E.g. abc.xyz@bl.co.in Email has 3 mandatory parts (abc, bl & co) and 2 optional (xyz & in) with precise @ and . positions 
Wrong Input : E.g. abc.xyz@bl.co.in Email has 3 mandatory parts (abc, bl & co) and 2 optional (xyz & in) with precise @ and . positions 
Wrong Input : E.g. abc.xyz@bl.co.in Email has 3 mandatory parts (abc, bl & co) and 2 optional (xyz & in) with precise @ and . positions 
Wrong Input : E.g. abc.xyz@bl.co.in Email has 3 mandatory parts (abc, bl & co) and 2 optional (xyz & in) with precise @ and . positions 
Wrong Input : E.g. abc.xyz@bl.co.in Email has 3 mandatory parts (abc, bl & co) and 2 optional (xyz & in) with precise @ and . positions 
Wrong Input : E.g. abc.xyz@bl.co.in Email has 3 mandatory parts (abc, bl & co) and 2 optional (xyz & in) with precise @ and . positions 
Wrong Input : E.g. abc.xyz@bl.co.in Email has 3 mandatory parts (abc, bl & co) and 2 optional (xyz & in) with precise @ and . positions 
Wrong Input : E.g. abc.xyz@bl.co.in Email has 3 mandatory parts (abc, bl & co) and 2 optional (xyz & in) with precise @ and . positions 
Wrong Input : E.g. abc.xyz@bl.co.in Email has 3 mandatory parts (abc, bl & co) and 2 optional (xyz & in) with precise @ and . positions 
Wrong Input : E.g. abc.xyz@bl.co.in Email has 3 mandatory parts (abc, bl & co) and 2 optional (xyz & in) with precise @ and . positions 
Wrong Input : E.g. abc.xyz@bl.co.in Email has 3 mandatory parts (abc, bl & co) and 2 optional (xyz & in) with precise @ and . positions 
Wrong Input : E.g. abc.xyz@bl.co.in Email has 3 mandatory parts (abc, bl & co) and 2 optional (xyz & in) with precise @ and . positions 
Wrong Input : E.g. abc.xyz@bl.co.in Email has 3 mandatory parts (abc, bl & co) and 2 optional (xyz & in) with precise @ and . positions 
Wrong Input : E.g. abc.xyz@bl.co.in Email has 3 mandatory parts (abc, bl & co) and 2 optional (xyz & in) with precise @ and . positions 
Wrong Input : E.g. abc.xyz@bl.co.in Email has 3 mandatory parts (abc, bl & co) and 2 optional (xyz & in) with precise @ and . positions 
Wrong Input : E.g. abc.xyz@bl.co.in Email has 3 mandatory parts (abc, bl & co) and 2 optional (xyz & in) with precise @ and . positions 
Wrong Input : E.g. abc.xyz@bl.co.in Email has 3 mandatory parts (abc, bl & co) and 2 optional (xyz & in) with precise @ and . positions 
Wrong Input : E.g. abc.xyz@bl.co.in Email has 3 mandatory parts (abc, bl & co) and 2 optional (xyz & in) with precise @ and . positions 
Wrong Input : E.g. abc.xyz@bl.co.in Email has 3 mandatory parts (abc, bl & co) and 2 optional (xyz & in) with precise @ and . positions 
Wrong Input : E.g. abc.xyz@bl.co.in Email has 3 mandatory parts (abc, bl & co) and 2 optional (xyz & in) with precise @ and . positions 
Wrong Input : E.g. abc.xyz@bl.co.in Email has 3 mandatory parts (abc, bl & co) and 2 optional (xyz & in) with precise @ and . positions 
Wrong Input : E.g. abc.xyz@bl.co.in Email has 3 mandatory parts (abc, bl & co) and 2 optional (xyz & in) with precise @ and . positions 
Wrong Input : E.g. abc.xyz@bl.co.in Email has 3 mandatory parts (abc, bl & co) and 2 optional (xyz & in) with precise @ and . positions 
Wrong Input : E.g. abc.xyz@bl.co.in Email has 3 mandatory parts (abc, bl & co) and 2 optional (xyz & in) with precise @ and . positions 
Wrong Input : E.g. abc.xyz@bl.co.in Email has 3 mandatory parts (abc, bl & co) and 2 optional (xyz & in) with precise @ and . positions 
Wrong Input : E.g. abc.xyz@bl.co.in Email has 3 mandatory parts (abc, bl & co) and 2 optional (xyz & in) with precise @ and . positions 
Wrong Input : E.g. abc.xyz@bl.co.in Email has 3 mandatory parts (abc, bl & co) and 2 optional (xyz & in) with precise @ and . positions 
Wrong Input : E.g. abc.xyz@bl.co.in Email has 3 mandatory parts (abc, bl & co) and 2 optional (xyz & in) with precise @ and . positions 
Wrong Input : E.g. abc.xyz@bl.co.in Email has 3 mandatory parts (abc, bl & co) and 2 optional (xyz & in) with precise @ and . positions 
Wrong Input : E.g. abc.xyz@bl.co.in Email has 3 mandatory parts (abc, bl & co) and 2 optional (xyz & in) with precise @ and . positions 
Wrong Input : E.g. abc.xyz@bl.co.in Email has 3 mandatory parts (abc, bl & co) and 2 optional (xyz & in) with precise @ and . positions 
Wrong Input : E.g. abc.xyz@bl.co.in Email has 3 mandatory parts (abc, bl & co) and 2 optional (xyz & in) with precise @ and . positions 
Wrong Input : E.g. abc.xyz@bl.co.in Email has 3 mandatory parts (abc, bl & co) and 2 optional (xyz & in) with precise @ and . positions 
Wrong Input : E.g. abc.xyz@bl.co.in Email has 3 mandatory parts (abc, bl & co) and 2 optional (xyz & in) with precise @ and . positions 
Wrong Input : E.g. abc.xyz@bl.co.in Email has 3 mandatory parts (abc, bl & co) and 2 optional (xyz & in) with precise @ and . positions 
Wrong Input : E.g. abc.xyz@bl.co.in Email has 3 mandatory parts (abc, bl & co) and 2 optional (xyz & in) with precise @ and . positions 
Wrong Input : E.g. abc.xyz@bl.co.in Email has 3 mandatory parts (abc, bl & co) and 2 optional (xyz & in) with precise @ and . positions 
Wrong Input : E.g. abc.xyz@bl.co.in Email has 3 mandatory parts (abc, bl & co) and 2 optional (xyz & in) with precise @ and . positions 
Wrong Input : E.g. abc.xyz@bl.co.in Email has 3 mandatory parts (abc, bl & co) and 2 optional (xyz & in) with precise @ and . positions 
Wrong Input : E.g. abc.xyz@bl.co.in Email has 3 mandatory parts (abc, bl & co) and 2 optional (xyz & in) with precise @ and . positions 
Wrong Input : E.g. abc.xyz@bl.co.in Email has 3 mandatory parts (abc, bl & co) and 2 optional (xyz & in) with precise @ and . positions 
Wrong Input : E.g. abc.xyz@bl.co.in Email has 3 mandatory parts (abc, bl & co) and 2 optional (xyz & in) with precise @ and . positions 
Wrong Input : E.g. abc.xyz@bl.co.in Email has 3 mandatory parts (abc, bl & co) and 2 optional (xyz & in) with precise @ and . positions 
Wrong Input : E.g. abc.xyz@bl.co.in Email has 3 mandatory parts (abc, bl & co) and 2 optional (xyz & in) with precise @ and . positions 
Wrong Input : E.g. abc.xyz@bl.co.in Email has 3 mandatory parts (abc, bl & co) and 2 optional (xyz & in) with precise @ and . positions 
Wrong Input : E.g. abc.xyz@bl.co.in Email has 3 mandatory parts (abc, bl & co) and 2 optional (xyz & in) with precise @ and . positions 
Wrong Input : E.g. abc.xyz@bl.co.in Email has 3 mandatory parts (abc, bl & co) and 2 optional (xyz & in) with precise @ and . positions 
Wrong Input : E.g. abc.xyz@bl.co.in Email has 3 mandatory parts (abc, bl & co) and 2 optional (xyz & in) with precise @ and . positions 
Wrong Input : E.g. abc.xyz@bl.co.in Email has 3 mandatory parts (abc, bl & co) and 2 optional (xyz & in) with precise @ and . positions 
Wrong Input : E.g. abc.xyz@bl.co.in Email has 3 mandatory parts (abc, bl & co) and 2 optional (xyz & in) with precise @ and . positions 
Wrong Input : E.g. abc.xyz@bl.co.in Email has 3 mandatory parts (abc, bl & co) and 2 optional (xyz & in) with precise @ and . positions 
Wrong Input : E.g. abc.xyz@bl.co.in Email has 3 mandatory parts (abc, bl & co) and 2 optional (xyz & in) with precise @ and . positions 
Wrong Input : E.g. abc.xyz@bl.co.in Email has 3 mandatory parts (abc, bl & co) and 2 optional (xyz & in) with precise @ and . positions 
Wrong Input : E.g. abc.xyz@bl.co.in Email has 3 mandatory parts (abc, bl & co) and 2 optional (xyz & in) with precise @ and . positions 
Wrong Input : E.g. abc.xyz@bl.co.in Email has 3 mandatory parts (abc, bl & co) and 2 optional (xyz & in) with precise @ and . positions 
Wrong Input : E.g. abc.xyz@bl.co.in Email has 3 mandatory parts (abc, bl & co) and 2 optional (xyz & in) with precise @ and . positions 
Wrong Input : E.g. abc.xyz@bl.co.in Email has 3 mandatory parts (abc, bl & co) and 2 optional (xyz & in) with precise @ and . positions 
Wrong Input : E.g. abc.xyz@bl.co.in Email has 3 mandatory parts (abc, bl & co) and 2 optional (xyz & in) with precise @ and . positions 
Wrong Input : E.g. abc.xyz@bl.co.in Email has 3 mandatory parts (abc, bl & co) and 2 optional (xyz & in) with precise @ and . positions 
Wrong Input : E.g. abc.xyz@bl.co.in Email has 3 mandatory parts (abc, bl & co) and 2 optional (xyz & in) with precise @ and . positions 
Wrong Input : E.g. abc.xyz@bl.co.in Email has 3 mandatory parts (abc, bl & co) and 2 optional (xyz & in) with precise @ and . positions 
Wrong Input : E.g. abc.xyz@bl.co.in Email has 3 mandatory parts (abc, bl & co) and 2 optional (xyz & in) with precise @ and . positions 
Wrong Input : E.g. abc.xyz@bl.co.in Email has 3 mandatory parts (abc, bl & co) and 2 optional (xyz & in) with precise @ and . positions 
Wrong Input : E.g. abc.xyz@bl.co.in Email has 3 mandatory parts (abc, bl & co) and 2 optional (xyz & in) with precise @ and . positions 
Wrong Input : E.g. abc.xyz@bl.co.in Email has 3 mandatory parts (abc, bl & co) and 2 optional (xyz & in) with precise @ and . positions 
Wrong Input : E.g. abc.xyz@bl.co.in Email has 3 mandatory parts (abc, bl & co) and 2 optional (xyz & in) with precise @ and . positions 
Wrong Input : E.g. abc.xyz@bl.co.in Email has 3 mandatory parts (abc, bl & co) and 2 optional (xyz & in) with precise @ and . positions 
Wrong Input : E.g. abc.xyz@bl.co.in Email has 3 mandatory parts (abc, bl & co) and 2 optional (xyz & in) with precise @ and . positions 
Wrong Input : E.g. abc.xyz@bl.co.in Email has 3 mandatory parts (abc, bl & co) and 2 optional (xyz & in) with precise @ and . positions 
Wrong Input : E.g. abc.xyz@bl.co.in Email has 3 mandatory parts (abc, bl & co) and 2 optional (xyz & in) with precise @ and . positions 
Wrong Input : E.g. abc.xyz@bl.co.in Email has 3 mandatory parts (abc, bl & co) and 2 optional (xyz & in) with precise @ and . positions 
Wrong Input : E.g. abc.xyz@bl.co.in Email has 3 mandatory parts (abc, bl & co) and 2 optional (xyz & in) with precise @ and . positions 
Wrong Input : E.g. abc.xyz@bl.co.in Email has 3 mandatory parts (abc, bl & co) and 2 optional (xyz & in) with precise @ and . positions 
Wrong Input : E.g. abc.xyz@bl.co.in Email has 3 mandatory parts (abc, bl & co) and 2 optional (xyz & in) with precise @ and . positions 
Wrong Input : E.g. abc.xyz@bl.co.in Email has 3 mandatory parts (abc, bl & co) and 2 optional (xyz & in) with precise @ and . positions 
Wrong Input : E.g. abc.xyz@bl.co.in Email has 3 mandatory parts (abc, bl & co) and 2 optional (xyz & in) with precise @ and . positions 
Wrong Input : E.g. abc.xyz@bl.co.in Email has 3 mandatory parts (abc, bl & co) and 2 optional (xyz & in) with precise @ and . positions 
Wrong Input : E.g. abc.xyz@bl.co.in Email has 3 mandatory parts (abc, bl & co) and 2 optional (xyz & in) with precise @ and . positions 
Wrong Input : E.g. abc.xyz@bl.co.in Email has 3 mandatory parts (abc, bl & co) and 2 optional (xyz & in) with precise @ and . positions 
Wrong Input : E.g. abc.xyz@bl.co.in Email has 3 mandatory parts (abc, bl & co) and 2 optional (xyz & in) with precise @ and . positions 
Wrong Input : E.g. abc.xyz@bl.co.in Email has 3 mandatory parts (abc, bl & co) and 2 optional (xyz & in) with precise @ and . positions 
Wrong Input : E.g. abc.xyz@bl.co.in Email has 3 mandatory parts (abc, bl & co) and 2 optional (xyz & in) with precise @ and . positions 
Wrong Input : E.g. abc.xyz@bl.co.in Email has 3 mandatory parts (abc, bl & co) and 2 optional (xyz & in) with precise @ and . positions 
Wrong Input : E.g. abc.xyz@bl.co.in Email has 3 mandatory parts (abc, bl & co) and 2 optional (xyz & in) with precise @ and . positions 
Wrong Input : E.g. abc.xyz@bl.co.in Email has 3 mandatory parts (abc, bl & co) and 2 optional (xyz & in) with precise @ and . positions 
Wrong Input : E.g. abc.xyz@bl.co.in Email has 3 mandatory parts (abc, bl & co) and 2 optional (xyz & in) with precise @ and . positions 
Wrong Input : E.g. abc.xyz@bl.co.in Email has 3 mandatory parts (abc, bl & co) and 2 optional (xyz & in) with precise @ and . positions 
Wrong Input : E.g. abc.xyz@bl.co.in Email has 3 mandatory parts (abc, bl & co) and 2 optional (xyz & in) with precise @ and . positions 
Wrong Input : E.g. abc.xyz@bl.co.in Email has 3 mandatory parts (abc, bl & co) and 2 optional (xyz & in) with precise @ and . positions 
Wrong Input : E.g. abc.xyz@bl.co.in Email has 3 mandatory parts (abc, bl & co) and 2 optional (xyz & in) with precise @ and . positions 
Wrong Input : E.g. abc.xyz@bl.co.in Email has 3 mandatory parts (abc, bl & co) and 2 optional (xyz & in) with precise @ and . positions 
Wrong Input : E.g. abc.xyz@bl.co.in Email has 3 mandatory parts (abc, bl & co) and 2 optional (xyz & in) with precise @ and . positions 
Wrong Input : E.g. abc.xyz@bl.co.in Email has 3 mandatory parts (abc, bl & co) and 2 optional (xyz & in) with precise @ and . positions 
Wrong Input : E.g. abc.xyz@bl.co.in Email has 3 mandatory parts (abc, bl & co) and 2 optional (xyz & in) with precise @ and . positions 
Wrong Input : E.g. abc.xyz@bl.co.in Email has 3 mandatory parts (abc, bl & co) and 2 optional (xyz & in) with precise @ and . positions 
Wrong Input : E.g. abc.xyz@bl.co.in Email has 3 mandatory parts (abc, bl & co) and 2 optional (xyz & in) with precise @ and . positions 
Wrong Input : E.g. abc.xyz@bl.co.in Email has 3 mandatory parts (abc, bl & co) and 2 optional (xyz & in) with precise @ and . positions 
Wrong Input : E.g. abc.xyz@bl.co.in Email has 3 mandatory parts (abc, bl & co) and 2 optional (xyz & in) with precise @ and . positions 
Wrong Input : E.g. abc.xyz@bl.co.in Email has 3 mandatory parts (abc, bl & co) and 2 optional (xyz & in) with precise @ and . positions 
Wrong Input : E.g. abc.xyz@bl.co.in Email has 3 mandatory parts (abc, bl & co) and 2 optional (xyz & in) with precise @ and . positions 
Wrong Input : E.g. abc.xyz@bl.co.in Email has 3 mandatory parts (abc, bl & co) and 2 optional (xyz & in) with precise @ and . positions 
Wrong Input : E.g. abc.xyz@bl.co.in Email has 3 mandatory parts (abc, bl & co) and 2 optional (xyz & in) with precise @ and . positions 
Wrong Input : E.g. abc.xyz@bl.co.in Email has 3 mandatory parts (abc, bl & co) and 2 optional (xyz & in) with precise @ and . positions 
Wrong Input : E.g. abc.xyz@bl.co.in Email has 3 mandatory parts (abc, bl & co) and 2 optional (xyz & in) with precise @ and . positions 
Wrong Input : E.g. abc.xyz@bl.co.in Email has 3 mandatory parts (abc, bl & co) and 2 optional (xyz & in) with precise @ and . positions 
Wrong Input : E.g. abc.xyz@bl.co.in Email has 3 mandatory parts (abc, bl & co) and 2 optional (xyz & in) with precise @ and . positions 
Wrong Input : E.g. abc.xyz@bl.co.in Email has 3 mandatory parts (abc, bl & co) and 2 optional (xyz & in) with precise @ and . positions 
Wrong Input : E.g. abc.xyz@bl.co.in Email has 3 mandatory parts (abc, bl & co) and 2 optional (xyz & in) with precise @ and . positions 
Wrong Input : E.g. abc.xyz@bl.co.in Email has 3 mandatory parts (abc, bl & co) and 2 optional (xyz & in) with precise @ and . positions 
Wrong Input : E.g. abc.xyz@bl.co.in Email has 3 mandatory parts (abc, bl & co) and 2 optional (xyz & in) with precise @ and . positions 
Wrong Input : E.g. abc.xyz@bl.co.in Email has 3 mandatory parts (abc, bl & co) and 2 optional (xyz & in) with precise @ and . positions 
Wrong Input : E.g. abc.xyz@bl.co.in Email has 3 mandatory parts (abc, bl & co) and 2 optional (xyz & in) with precise @ and . positions 
Wrong Input : E.g. abc.xyz@bl.co.in Email has 3 mandatory parts (abc, bl & co) and 2 optional (xyz & in) with precise @ and . positions 
Wrong Input : E.g. abc.xyz@bl.co.in Email has 3 mandatory parts (abc, bl & co) and 2 optional (xyz & in) with precise @ and . positions 
Wrong Input : E.g. abc.xyz@bl.co.in Email has 3 mandatory parts (abc, bl & co) and 2 optional (xyz & in) with precise @ and . positions 
Wrong Input : E.g. abc.xyz@bl.co.in Email has 3 mandatory parts (abc, bl & co) and 2 optional (xyz & in) with precise @ and . positions 
Wrong Input : E.g. abc.xyz@bl.co.in Email has 3 mandatory parts (abc, bl & co) and 2 optional (xyz & in) with precise @ and . positions 
Wrong Input : E.g. abc.xyz@bl.co.in Email has 3 mandatory parts (abc, bl & co) and 2 optional (xyz & in) with precise @ and . positions 
Wrong Input : E.g. abc.xyz@bl.co.in Email has 3 mandatory parts (abc, bl & co) and 2 optional (xyz & in) with precise @ and . positions 
Wrong Input : E.g. abc.xyz@bl.co.in Email has 3 mandatory parts (abc, bl & co) and 2 optional (xyz & in) with precise @ and . positions 
Wrong Input : E.g. abc.xyz@bl.co.in Email has 3 mandatory parts (abc, bl & co) and 2 optional (xyz & in) with precise @ and . positions 
Wrong Input : E.g. abc.xyz@bl.co.in Email has 3 mandatory parts (abc, bl & co) and 2 optional (xyz & in) with precise @ and . positions 
Wrong Input : E.g. abc.xyz@bl.co.in Email has 3 mandatory parts (abc, bl & co) and 2 optional (xyz & in) with precise @ and . positions 
Wrong Input : E.g. abc.xyz@bl.co.in Email has 3 mandatory parts (abc, bl & co) and 2 optional (xyz & in) with precise @ and . positions 
Wrong Input : E.g. abc.xyz@bl.co.in Email has 3 mandatory parts (abc, bl & co) and 2 optional (xyz & in) with precise @ and . positions 
Wrong Input : E.g. abc.xyz@bl.co.in Email has 3 mandatory parts (abc, bl & co) and 2 optional (xyz & in) with precise @ and . positions 
Wrong Input : E.g. abc.xyz@bl.co.in Email has 3 mandatory parts (abc, bl & co) and 2 optional (xyz & in) with precise @ and . positions 
Wrong Input : E.g. abc.xyz@bl.co.in Email has 3 mandatory parts (abc, bl & co) and 2 optional (xyz & in) with precise @ and . positions 
Wrong Input : E.g. abc.xyz@bl.co.in Email has 3 mandatory parts (abc, bl & co) and 2 optional (xyz & in) with precise @ and . positions 
Wrong Input : E.g. abc.xyz@bl.co.in Email has 3 mandatory parts (abc, bl & co) and 2 optional (xyz & in) with precise @ and . positions 
Wrong Input : E.g. abc.xyz@bl.co.in Email has 3 mandatory parts (abc, bl & co) and 2 optional (xyz & in) with precise @ and . positions 
Wrong Input : E.g. abc.xyz@bl.co.in Email has 3 mandatory parts (abc, bl & co) and 2 optional (xyz & in) with precise @ and . positions 
Wrong Input : E.g. abc.xyz@bl.co.in Email has 3 mandatory parts (abc, bl & co) and 2 optional (xyz & in) with precise @ and . positions 
Wrong Input : E.g. abc.xyz@bl.co.in Email has 3 mandatory parts (abc, bl & co) and 2 optional (xyz & in) with precise @ and . positions 
Wrong Input : E.g. abc.xyz@bl.co.in Email has 3 mandatory parts (abc, bl & co) and 2 optional (xyz & in) with precise @ and . positions 
Wrong Input : E.g. abc.xyz@bl.co.in Email has 3 mandatory parts (abc, bl & co) and 2 optional (xyz & in) with precise @ and . positions 
Wrong Input : E.g. abc.xyz@bl.co.in Email has 3 mandatory parts (abc, bl & co) and 2 optional (xyz & in) with precise @ and . positions 
Wrong Input : E.g. abc.xyz@bl.co.in Email has 3 mandatory parts (abc, bl & co) and 2 optional (xyz & in) with precise @ and . positions 
Wrong Input : E.g. abc.xyz@bl.co.in Email has 3 mandatory parts (abc, bl & co) and 2 optional (xyz & in) with precise @ and . positions 
Wrong Input : E.g. abc.xyz@bl.co.in Email has 3 mandatory parts (abc, bl & co) and 2 optional (xyz & in) with precise @ and . positions 
Wrong Input : E.g. abc.xyz@bl.co.in Email has 3 mandatory parts (abc, bl & co) and 2 optional (xyz & in) with precise @ and . positions 
Wrong Input : E.g. abc.xyz@bl.co.in Email has 3 mandatory parts (abc, bl & co) and 2 optional (xyz & in) with precise @ and . positions 
Wrong Input : E.g. abc.xyz@bl.co.in Email has 3 mandatory parts (abc, bl & co) and 2 optional (xyz & in) with precise @ and . positions 
Wrong Input : E.g. abc.xyz@bl.co.in Email has 3 mandatory parts (abc, bl & co) and 2 optional (xyz & in) with precise @ and . positions 
Wrong Input : E.g. abc.xyz@bl.co.in Email has 3 mandatory parts (abc, bl & co) and 2 optional (xyz & in) with precise @ and . positions 
Wrong Input : E.g. abc.xyz@bl.co.in Email has 3 mandatory parts (abc, bl & co) and 2 optional (xyz & in) with precise @ and . positions 
Wrong Input : E.g. abc.xyz@bl.co.in Email has 3 mandatory parts (abc, bl & co) and 2 optional (xyz & in) with precise @ and . positions 
Wrong Input : E.g. abc.xyz@bl.co.in Email has 3 mandatory parts (abc, bl & co) and 2 optional (xyz & in) with precise @ and . positions 
Wrong Input : E.g. abc.xyz@bl.co.in Email has 3 mandatory parts (abc, bl & co) and 2 optional (xyz & in) with precise @ and . positions 
Wrong Input : E.g. abc.xyz@bl.co.in Email has 3 mandatory parts (abc, bl & co) and 2 optional (xyz & in) with precise @ and . positions 
Wrong Input : E.g. abc.xyz@bl.co.in Email has 3 mandatory parts (abc, bl & co) and 2 optional (xyz & in) with precise @ and . positions 
Wrong Input : E.g. abc.xyz@bl.co.in Email has 3 mandatory parts (abc, bl & co) and 2 optional (xyz & in) with precise @ and . positions 
Wrong Input : E.g. abc.xyz@bl.co.in Email has 3 mandatory parts (abc, bl & co) and 2 optional (xyz & in) with precise @ and . positions 
Wrong Input : E.g. abc.xyz@bl.co.in Email has 3 mandatory parts (abc, bl & co) and 2 optional (xyz & in) with precise @ and . positions 
Wrong Input : E.g. abc.xyz@bl.co.in Email has 3 mandatory parts (abc, bl & co) and 2 optional (xyz & in) with precise @ and . positions 
Wrong Input : E.g. abc.xyz@bl.co.in Email has 3 mandatory parts (abc, bl & co) and 2 optional (xyz & in) with precise @ and . positions 
Wrong Input : E.g. abc.xyz@bl.co.in Email has 3 mandatory parts (abc, bl & co) and 2 optional (xyz & in) with precise @ and . positions 
Wrong Input : E.g. abc.xyz@bl.co.in Email has 3 mandatory parts (abc, bl & co) and 2 optional (xyz & in) with precise @ and . positions 
Wrong Input : E.g. abc.xyz@bl.co.in Email has 3 mandatory parts (abc, bl & co) and 2 optional (xyz & in) with precise @ and . positions 
Wrong Input : E.g. abc.xyz@bl.co.in Email has 3 mandatory parts (abc, bl & co) and 2 optional (xyz & in) with precise @ and . positions 
Wrong Input : E.g. abc.xyz@bl.co.in Email has 3 mandatory parts (abc, bl & co) and 2 optional (xyz & in) with precise @ and . positions 
Wrong Input : E.g. abc.xyz@bl.co.in Email has 3 mandatory parts (abc, bl & co) and 2 optional (xyz & in) with precise @ and . positions 
Wrong Input : E.g. abc.xyz@bl.co.in Email has 3 mandatory parts (abc, bl & co) and 2 optional (xyz & in) with precise @ and . positions 
Wrong Input : E.g. abc.xyz@bl.co.in Email has 3 mandatory parts (abc, bl & co) and 2 optional (xyz & in) with precise @ and . positions 
Wrong Input : E.g. abc.xyz@bl.co.in Email has 3 mandatory parts (abc, bl & co) and 2 optional (xyz & in) with precise @ and . positions 
Wrong Input : E.g. abc.xyz@bl.co.in Email has 3 mandatory parts (abc, bl & co) and 2 optional (xyz & in) with precise @ and . positions 
Wrong Input : E.g. abc.xyz@bl.co.in Email has 3 mandatory parts (abc, bl & co) and 2 optional (xyz & in) with precise @ and . positions 
Wrong Input : E.g. abc.xyz@bl.co.in Email has 3 mandatory parts (abc, bl & co) and 2 optional (xyz & in) with precise @ and . positions 
Wrong Input : E.g. abc.xyz@bl.co.in Email has 3 mandatory parts (abc, bl & co) and 2 optional (xyz & in) with precise @ and . positions 
Wrong Input : E.g. abc.xyz@bl.co.in Email has 3 mandatory parts (abc, bl & co) and 2 optional (xyz & in) with precise @ and . positions 
Wrong Input : E.g. abc.xyz@bl.co.in Email has 3 mandatory parts (abc, bl & co) and 2 optional (xyz & in) with precise @ and . positions 
Wrong Input : E.g. abc.xyz@bl.co.in Email has 3 mandatory parts (abc, bl & co) and 2 optional (xyz & in) with precise @ and . positions 
Wrong Input : E.g. abc.xyz@bl.co.in Email has 3 mandatory parts (abc, bl & co) and 2 optional (xyz & in) with precise @ and . positions 
Wrong Input : E.g. abc.xyz@bl.co.in Email has 3 mandatory parts (abc, bl & co) and 2 optional (xyz & in) with precise @ and . positions 
Wrong Input : E.g. abc.xyz@bl.co.in Email has 3 mandatory parts (abc, bl & co) and 2 optional (xyz & in) with precise @ and . positions 
Wrong Input : E.g. abc.xyz@bl.co.in Email has 3 mandatory parts (abc, bl & co) and 2 optional (xyz & in) with precise @ and . positions 
Wrong Input : E.g. abc.xyz@bl.co.in Email has 3 mandatory parts (abc, bl & co) and 2 optional (xyz & in) with precise @ and . positions 
Wrong Input : E.g. abc.xyz@bl.co.in Email has 3 mandatory parts (abc, bl & co) and 2 optional (xyz & in) with precise @ and . positions 
Wrong Input : E.g. abc.xyz@bl.co.in Email has 3 mandatory parts (abc, bl & co) and 2 optional (xyz & in) with precise @ and . positions 
Wrong Input : E.g. abc.xyz@bl.co.in Email has 3 mandatory parts (abc, bl & co) and 2 optional (xyz & in) with precise @ and . positions 
Wrong Input : E.g. abc.xyz@bl.co.in Email has 3 mandatory parts (abc, bl & co) and 2 optional (xyz & in) with precise @ and . positions 
Wrong Input : E.g. abc.xyz@bl.co.in Email has 3 mandatory parts (abc, bl & co) and 2 optional (xyz & in) with precise @ and . positions 
Wrong Input : E.g. abc.xyz@bl.co.in Email has 3 mandatory parts (abc, bl & co) and 2 optional (xyz & in) with precise @ and . positions 
Wrong Input : E.g. abc.xyz@bl.co.in Email has 3 mandatory parts (abc, bl & co) and 2 optional (xyz & in) with precise @ and . positions 
Wrong Input : E.g. abc.xyz@bl.co.in Email has 3 mandatory parts (abc, bl & co) and 2 optional (xyz & in) with precise @ and . positions 
Wrong Input : E.g. abc.xyz@bl.co.in Email has 3 mandatory parts (abc, bl & co) and 2 optional (xyz & in) with precise @ and . positions 
Wrong Input : E.g. abc.xyz@bl.co.in Email has 3 mandatory parts (abc, bl & co) and 2 optional (xyz & in) with precise @ and . positions 
Wrong Input : E.g. abc.xyz@bl.co.in Email has 3 mandatory parts (abc, bl & co) and 2 optional (xyz & in) with precise @ and . positions 
Wrong Input : E.g. abc.xyz@bl.co.in Email has 3 mandatory parts (abc, bl & co) and 2 optional (xyz & in) with precise @ and . positions 
Wrong Input : E.g. abc.xyz@bl.co.in Email has 3 mandatory parts (abc, bl & co) and 2 optional (xyz & in) with precise @ and . positions 
Wrong Input : E.g. abc.xyz@bl.co.in Email has 3 mandatory parts (abc, bl & co) and 2 optional (xyz & in) with precise @ and . positions 
Wrong Input : E.g. abc.xyz@bl.co.in Email has 3 mandatory parts (abc, bl & co) and 2 optional (xyz & in) with precise @ and . positions 
Wrong Input : E.g. abc.xyz@bl.co.in Email has 3 mandatory parts (abc, bl & co) and 2 optional (xyz & in) with precise @ and . positions 
Wrong Input : E.g. abc.xyz@bl.co.in Email has 3 mandatory parts (abc, bl & co) and 2 optional (xyz & in) with precise @ and . positions 
Wrong Input : E.g. abc.xyz@bl.co.in Email has 3 mandatory parts (abc, bl & co) and 2 optional (xyz & in) with precise @ and . positions 
Wrong Input : E.g. abc.xyz@bl.co.in Email has 3 mandatory parts (abc, bl & co) and 2 optional (xyz & in) with precise @ and . positions 
Wrong Input : E.g. abc.xyz@bl.co.in Email has 3 mandatory parts (abc, bl & co) and 2 optional (xyz & in) with precise @ and . positions 
Wrong Input : E.g. abc.xyz@bl.co.in Email has 3 mandatory parts (abc, bl & co) and 2 optional (xyz & in) with precise @ and . positions 
Wrong Input : E.g. abc.xyz@bl.co.in Email has 3 mandatory parts (abc, bl & co) and 2 optional (xyz & in) with precise @ and . positions 
Wrong Input : E.g. abc.xyz@bl.co.in Email has 3 mandatory parts (abc, bl & co) and 2 optional (xyz & in) with precise @ and . positions 
Wrong Input : E.g. abc.xyz@bl.co.in Email has 3 mandatory parts (abc, bl & co) and 2 optional (xyz & in) with precise @ and . positions 
Wrong Input : E.g. abc.xyz@bl.co.in Email has 3 mandatory parts (abc, bl & co) and 2 optional (xyz & in) with precise @ and . positions 
Wrong Input : E.g. abc.xyz@bl.co.in Email has 3 mandatory parts (abc, bl & co) and 2 optional (xyz & in) with precise @ and . positions 
Wrong Input : E.g. abc.xyz@bl.co.in Email has 3 mandatory parts (abc, bl & co) and 2 optional (xyz & in) with precise @ and . positions 
Wrong Input : E.g. abc.xyz@bl.co.in Email has 3 mandatory parts (abc, bl & co) and 2 optional (xyz & in) with precise @ and . positions 
Wrong Input : E.g. abc.xyz@bl.co.in Email has 3 mandatory parts (abc, bl & co) and 2 optional (xyz & in) with precise @ and . positions 
Wrong Input : E.g. abc.xyz@bl.co.in Email has 3 mandatory parts (abc, bl & co) and 2 optional (xyz & in) with precise @ and . positions 
Wrong Input : E.g. abc.xyz@bl.co.in Email has 3 mandatory parts (abc, bl & co) and 2 optional (xyz & in) with precise @ and . positions 
Wrong Input : E.g. abc.xyz@bl.co.in Email has 3 mandatory parts (abc, bl & co) and 2 optional (xyz & in) with precise @ and . positions 
Wrong Input : E.g. abc.xyz@bl.co.in Email has 3 mandatory parts (abc, bl & co) and 2 optional (xyz & in) with precise @ and . positions 
Wrong Input : E.g. abc.xyz@bl.co.in Email has 3 mandatory parts (abc, bl & co) and 2 optional (xyz & in) with precise @ and . positions 
Wrong Input : E.g. abc.xyz@bl.co.in Email has 3 mandatory parts (abc, bl & co) and 2 optional (xyz & in) with precise @ and . positions 
Wrong Input : E.g. abc.xyz@bl.co.in Email has 3 mandatory parts (abc, bl & co) and 2 optional (xyz & in) with precise @ and . positions 
Wrong Input : E.g. abc.xyz@bl.co.in Email has 3 mandatory parts (abc, bl & co) and 2 optional (xyz & in) with precise @ and . positions 
Wrong Input : E.g. abc.xyz@bl.co.in Email has 3 mandatory parts (abc, bl & co) and 2 optional (xyz & in) with precise @ and . positions 
Wrong Input : E.g. abc.xyz@bl.co.in Email has 3 mandatory parts (abc, bl & co) and 2 optional (xyz & in) with precise @ and . positions 
Wrong Input : E.g. abc.xyz@bl.co.in Email has 3 mandatory parts (abc, bl & co) and 2 optional (xyz & in) with precise @ and . positions 
Wrong Input : E.g. abc.xyz@bl.co.in Email has 3 mandatory parts (abc, bl & co) and 2 optional (xyz & in) with precise @ and . positions 
Wrong Input : E.g. abc.xyz@bl.co.in Email has 3 mandatory parts (abc, bl & co) and 2 optional (xyz & in) with precise @ and . positions 
Wrong Input : E.g. abc.xyz@bl.co.in Email has 3 mandatory parts (abc, bl & co) and 2 optional (xyz & in) with precise @ and . positions 
Wrong Input : E.g. abc.xyz@bl.co.in Email has 3 mandatory parts (abc, bl & co) and 2 optional (xyz & in) with precise @ and . positions 
Wrong Input : E.g. abc.xyz@bl.co.in Email has 3 mandatory parts (abc, bl & co) and 2 optional (xyz & in) with precise @ and . positions 
Wrong Input : E.g. abc.xyz@bl.co.in Email has 3 mandatory parts (abc, bl & co) and 2 optional (xyz & in) with precise @ and . positions 
Wrong Input : E.g. abc.xyz@bl.co.in Email has 3 mandatory parts (abc, bl & co) and 2 optional (xyz & in) with precise @ and . positions 
Wrong Input : E.g. abc.xyz@bl.co.in Email has 3 mandatory parts (abc, bl & co) and 2 optional (xyz & in) with precise @ and . positions 
Wrong Input : E.g. abc.xyz@bl.co.in Email has 3 mandatory parts (abc, bl & co) and 2 optional (xyz & in) with precise @ and . positions 
Wrong Input : E.g. abc.xyz@bl.co.in Email has 3 mandatory parts (abc, bl & co) and 2 optional (xyz & in) with precise @ and . positions 
Wrong Input : E.g. abc.xyz@bl.co.in Email has 3 mandatory parts (abc, bl & co) and 2 optional (xyz & in) with precise @ and . positions 
Wrong Input : E.g. abc.xyz@bl.co.in Email has 3 mandatory parts (abc, bl & co) and 2 optional (xyz & in) with precise @ and . positions 
Wrong Input : E.g. abc.xyz@bl.co.in Email has 3 mandatory parts (abc, bl & co) and 2 optional (xyz & in) with precise @ and . positions 
Wrong Input : E.g. abc.xyz@bl.co.in Email has 3 mandatory parts (abc, bl & co) and 2 optional (xyz & in) with precise @ and . positions 
Wrong Input : E.g. abc.xyz@bl.co.in Email has 3 mandatory parts (abc, bl & co) and 2 optional (xyz & in) with precise @ and . positions 
Wrong Input : E.g. abc.xyz@bl.co.in Email has 3 mandatory parts (abc, bl & co) and 2 optional (xyz & in) with precise @ and . positions 
Wrong Input : E.g. abc.xyz@bl.co.in Email has 3 mandatory parts (abc, bl & co) and 2 optional (xyz & in) with precise @ and . positions 
Wrong Input : E.g. abc.xyz@bl.co.in Email has 3 mandatory parts (abc, bl & co) and 2 optional (xyz & in) with precise @ and . positions 
Wrong Input : E.g. abc.xyz@bl.co.in Email has 3 mandatory parts (abc, bl & co) and 2 optional (xyz & in) with precise @ and . positions 
Wrong Input : E.g. abc.xyz@bl.co.in Email has 3 mandatory parts (abc, bl & co) and 2 optional (xyz & in) with precise @ and . positions 
Wrong Input : E.g. abc.xyz@bl.co.in Email has 3 mandatory parts (abc, bl & co) and 2 optional (xyz & in) with precise @ and . positions 
Wrong Input : E.g. abc.xyz@bl.co.in Email has 3 mandatory parts (abc, bl & co) and 2 optional (xyz & in) with precise @ and . positions 
Wrong Input : E.g. abc.xyz@bl.co.in Email has 3 mandatory parts (abc, bl & co) and 2 optional (xyz & in) with precise @ and . positions 
Wrong Input : E.g. abc.xyz@bl.co.in Email has 3 mandatory parts (abc, bl & co) and 2 optional (xyz & in) with precise @ and . positions 
Wrong Input : E.g. abc.xyz@bl.co.in Email has 3 mandatory parts (abc, bl & co) and 2 optional (xyz & in) with precise @ and . positions 
Wrong Input : E.g. abc.xyz@bl.co.in Email has 3 mandatory parts (abc, bl & co) and 2 optional (xyz & in) with precise @ and . positions 
Wrong Input : E.g. abc.xyz@bl.co.in Email has 3 mandatory parts (abc, bl & co) and 2 optional (xyz & in) with precise @ and . positions 
Wrong Input : E.g. abc.xyz@bl.co.in Email has 3 mandatory parts (abc, bl & co) and 2 optional (xyz & in) with precise @ and . positions 
Wrong Input : E.g. abc.xyz@bl.co.in Email has 3 mandatory parts (abc, bl & co) and 2 optional (xyz & in) with precise @ and . positions 
Wrong Input : E.g. abc.xyz@bl.co.in Email has 3 mandatory parts (abc, bl & co) and 2 optional (xyz & in) with precise @ and . positions 
Wrong Input : E.g. abc.xyz@bl.co.in Email has 3 mandatory parts (abc, bl & co) and 2 optional (xyz & in) with precise @ and . positions 
Wrong Input : E.g. abc.xyz@bl.co.in Email has 3 mandatory parts (abc, bl & co) and 2 optional (xyz & in) with precise @ and . positions 
Wrong Input : E.g. abc.xyz@bl.co.in Email has 3 mandatory parts (abc, bl & co) and 2 optional (xyz & in) with precise @ and . positions 
Wrong Input : E.g. abc.xyz@bl.co.in Email has 3 mandatory parts (abc, bl & co) and 2 optional (xyz & in) with precise @ and . positions 
Wrong Input : E.g. abc.xyz@bl.co.in Email has 3 mandatory parts (abc, bl & co) and 2 optional (xyz & in) with precise @ and . positions 
Wrong Input : E.g. abc.xyz@bl.co.in Email has 3 mandatory parts (abc, bl & co) and 2 optional (xyz & in) with precise @ and . positions 
Wrong Input : E.g. abc.xyz@bl.co.in Email has 3 mandatory parts (abc, bl & co) and 2 optional (xyz & in) with precise @ and . positions 
Wrong Input : E.g. abc.xyz@bl.co.in Email has 3 mandatory parts (abc, bl & co) and 2 optional (xyz & in) with precise @ and . positions 
Wrong Input : E.g. abc.xyz@bl.co.in Email has 3 mandatory parts (abc, bl & co) and 2 optional (xyz & in) with precise @ and . positions 
Wrong Input : E.g. abc.xyz@bl.co.in Email has 3 mandatory parts (abc, bl & co) and 2 optional (xyz & in) with precise @ and . positions 
Wrong Input : E.g. abc.xyz@bl.co.in Email has 3 mandatory parts (abc, bl & co) and 2 optional (xyz & in) with precise @ and . positions 
Wrong Input : E.g. abc.xyz@bl.co.in Email has 3 mandatory parts (abc, bl & co) and 2 optional (xyz & in) with precise @ and . positions 
Wrong Input : E.g. abc.xyz@bl.co.in Email has 3 mandatory parts (abc, bl & co) and 2 optional (xyz & in) with precise @ and . positions 
Wrong Input : E.g. abc.xyz@bl.co.in Email has 3 mandatory parts (abc, bl & co) and 2 optional (xyz & in) with precise @ and . positions 
Wrong Input : E.g. abc.xyz@bl.co.in Email has 3 mandatory parts (abc, bl & co) and 2 optional (xyz & in) with precise @ and . positions 
Wrong Input : E.g. abc.xyz@bl.co.in Email has 3 mandatory parts (abc, bl & co) and 2 optional (xyz & in) with precise @ and . positions 
Wrong Input : E.g. abc.xyz@bl.co.in Email has 3 mandatory parts (abc, bl & co) and 2 optional (xyz & in) with precise @ and . positions 
Wrong Input : E.g. abc.xyz@bl.co.in Email has 3 mandatory parts (abc, bl & co) and 2 optional (xyz & in) with precise @ and . positions 
Wrong Input : E.g. abc.xyz@bl.co.in Email has 3 mandatory parts (abc, bl & co) and 2 optional (xyz & in) with precise @ and . positions 
Wrong Input : E.g. abc.xyz@bl.co.in Email has 3 mandatory parts (abc, bl & co) and 2 optional (xyz & in) with precise @ and . positions 
Wrong Input : E.g. abc.xyz@bl.co.in Email has 3 mandatory parts (abc, bl & co) and 2 optional (xyz & in) with precise @ and . positions 
Wrong Input : E.g. abc.xyz@bl.co.in Email has 3 mandatory parts (abc, bl & co) and 2 optional (xyz & in) with precise @ and . positions 
Wrong Input : E.g. abc.xyz@bl.co.in Email has 3 mandatory parts (abc, bl & co) and 2 optional (xyz & in) with precise @ and . positions 
Wrong Input : E.g. abc.xyz@bl.co.in Email has 3 mandatory parts (abc, bl & co) and 2 optional (xyz & in) with precise @ and . positions 
Wrong Input : E.g. abc.xyz@bl.co.in Email has 3 mandatory parts (abc, bl & co) and 2 optional (xyz & in) with precise @ and . positions 
Wrong Input : E.g. abc.xyz@bl.co.in Email has 3 mandatory parts (abc, bl & co) and 2 optional (xyz & in) with precise @ and . positions 
Wrong Input : E.g. abc.xyz@bl.co.in Email has 3 mandatory parts (abc, bl & co) and 2 optional (xyz & in) with precise @ and . positions 
Wrong Input : E.g. abc.xyz@bl.co.in Email has 3 mandatory parts (abc, bl & co) and 2 optional (xyz & in) with precise @ and . positions 
Wrong Input : E.g. abc.xyz@bl.co.in Email has 3 mandatory parts (abc, bl & co) and 2 optional (xyz & in) with precise @ and . positions 
Wrong Input : E.g. abc.xyz@bl.co.in Email has 3 mandatory parts (abc, bl & co) and 2 optional (xyz & in) with precise @ and . positions 
Wrong Input : E.g. abc.xyz@bl.co.in Email has 3 mandatory parts (abc, bl & co) and 2 optional (xyz & in) with precise @ and . positions 
Wrong Input : E.g. abc.xyz@bl.co.in Email has 3 mandatory parts (abc, bl & co) and 2 optional (xyz & in) with precise @ and . positions 
Wrong Input : E.g. abc.xyz@bl.co.in Email has 3 mandatory parts (abc, bl & co) and 2 optional (xyz & in) with precise @ and . positions 
Wrong Input : E.g. abc.xyz@bl.co.in Email has 3 mandatory parts (abc, bl & co) and 2 optional (xyz & in) with precise @ and . positions 
Wrong Input : E.g. abc.xyz@bl.co.in Email has 3 mandatory parts (abc, bl & co) and 2 optional (xyz & in) with precise @ and . positions 
Wrong Input : E.g. abc.xyz@bl.co.in Email has 3 mandatory parts (abc, bl & co) and 2 optional (xyz & in) with precise @ and . positions 
Wrong Input : E.g. abc.xyz@bl.co.in Email has 3 mandatory parts (abc, bl & co) and 2 optional (xyz & in) with precise @ and . positions 
Wrong Input : E.g. abc.xyz@bl.co.in Email has 3 mandatory parts (abc, bl & co) and 2 optional (xyz & in) with precise @ and . positions 
Wrong Input : E.g. abc.xyz@bl.co.in Email has 3 mandatory parts (abc, bl & co) and 2 optional (xyz & in) with precise @ and . positions 
Wrong Input : E.g. abc.xyz@bl.co.in Email has 3 mandatory parts (abc, bl & co) and 2 optional (xyz & in) with precise @ and . positions 
Wrong Input : E.g. abc.xyz@bl.co.in Email has 3 mandatory parts (abc, bl & co) and 2 optional (xyz & in) with precise @ and . positions 
Wrong Input : E.g. abc.xyz@bl.co.in Email has 3 mandatory parts (abc, bl & co) and 2 optional (xyz & in) with precise @ and . positions 
Wrong Input : E.g. abc.xyz@bl.co.in Email has 3 mandatory parts (abc, bl & co) and 2 optional (xyz & in) with precise @ and . positions 
Wrong Input : E.g. abc.xyz@bl.co.in Email has 3 mandatory parts (abc, bl & co) and 2 optional (xyz & in) with precise @ and . positions 
Wrong Input : E.g. abc.xyz@bl.co.in Email has 3 mandatory parts (abc, bl & co) and 2 optional (xyz & in) with precise @ and . positions 
Wrong Input : E.g. abc.xyz@bl.co.in Email has 3 mandatory parts (abc, bl & co) and 2 optional (xyz & in) with precise @ and . positions 
Wrong Input : E.g. abc.xyz@bl.co.in Email has 3 mandatory parts (abc, bl & co) and 2 optional (xyz & in) with precise @ and . positions 
Wrong Input : E.g. abc.xyz@bl.co.in Email has 3 mandatory parts (abc, bl & co) and 2 optional (xyz & in) with precise @ and . positions 
Wrong Input : E.g. abc.xyz@bl.co.in Email has 3 mandatory parts (abc, bl & co) and 2 optional (xyz & in) with precise @ and . positions 
Wrong Input : E.g. abc.xyz@bl.co.in Email has 3 mandatory parts (abc, bl & co) and 2 optional (xyz & in) with precise @ and . positions 
Wrong Input : E.g. abc.xyz@bl.co.in Email has 3 mandatory parts (abc, bl & co) and 2 optional (xyz & in) with precise @ and . positions 
Wrong Input : E.g. abc.xyz@bl.co.in Email has 3 mandatory parts (abc, bl & co) and 2 optional (xyz & in) with precise @ and . positions 
Wrong Input : E.g. abc.xyz@bl.co.in Email has 3 mandatory parts (abc, bl & co) and 2 optional (xyz & in) with precise @ and . positions 
Wrong Input : E.g. abc.xyz@bl.co.in Email has 3 mandatory parts (abc, bl & co) and 2 optional (xyz & in) with precise @ and . positions 
Wrong Input : E.g. abc.xyz@bl.co.in Email has 3 mandatory parts (abc, bl & co) and 2 optional (xyz & in) with precise @ and . positions 
Wrong Input : E.g. abc.xyz@bl.co.in Email has 3 mandatory parts (abc, bl & co) and 2 optional (xyz & in) with precise @ and . positions 
Wrong Input : E.g. abc.xyz@bl.co.in Email has 3 mandatory parts (abc, bl & co) and 2 optional (xyz & in) with precise @ and . positions 
Wrong Input : E.g. abc.xyz@bl.co.in Email has 3 mandatory parts (abc, bl & co) and 2 optional (xyz & in) with precise @ and . positions 
Wrong Input : E.g. abc.xyz@bl.co.in Email has 3 mandatory parts (abc, bl & co) and 2 optional (xyz & in) with precise @ and . positions 
Wrong Input : E.g. abc.xyz@bl.co.in Email has 3 mandatory parts (abc, bl & co) and 2 optional (xyz & in) with precise @ and . positions 
Wrong Input : E.g. abc.xyz@bl.co.in Email has 3 mandatory parts (abc, bl & co) and 2 optional (xyz & in) with precise @ and . positions 
Wrong Input : E.g. abc.xyz@bl.co.in Email has 3 mandatory parts (abc, bl & co) and 2 optional (xyz & in) with precise @ and . positions 
Wrong Input : E.g. abc.xyz@bl.co.in Email has 3 mandatory parts (abc, bl & co) and 2 optional (xyz & in) with precise @ and . positions 
Wrong Input : E.g. abc.xyz@bl.co.in Email has 3 mandatory parts (abc, bl & co) and 2 optional (xyz & in) with precise @ and . positions 
Wrong Input : E.g. abc.xyz@bl.co.in Email has 3 mandatory parts (abc, bl & co) and 2 optional (xyz & in) with precise @ and . positions 
Wrong Input : E.g. abc.xyz@bl.co.in Email has 3 mandatory parts (abc, bl & co) and 2 optional (xyz & in) with precise @ and . positions 
Wrong Input : E.g. abc.xyz@bl.co.in Email has 3 mandatory parts (abc, bl & co) and 2 optional (xyz & in) with precise @ and . positions 
Wrong Input : E.g. abc.xyz@bl.co.in Email has 3 mandatory parts (abc, bl & co) and 2 optional (xyz & in) with precise @ and . positions 
Wrong Input : E.g. abc.xyz@bl.co.in Email has 3 mandatory parts (abc, bl & co) and 2 optional (xyz & in) with precise @ and . positions 
Wrong Input : E.g. abc.xyz@bl.co.in Email has 3 mandatory parts (abc, bl & co) and 2 optional (xyz & in) with precise @ and . positions 
Wrong Input : E.g. abc.xyz@bl.co.in Email has 3 mandatory parts (abc, bl & co) and 2 optional (xyz & in) with precise @ and . positions 
Wrong Input : E.g. abc.xyz@bl.co.in Email has 3 mandatory parts (abc, bl & co) and 2 optional (xyz & in) with precise @ and . positions 
Wrong Input : E.g. abc.xyz@bl.co.in Email has 3 mandatory parts (abc, bl & co) and 2 optional (xyz & in) with precise @ and . positions 
Wrong Input : E.g. abc.xyz@bl.co.in Email has 3 mandatory parts (abc, bl & co) and 2 optional (xyz & in) with precise @ and . positions 
Wrong Input : E.g. abc.xyz@bl.co.in Email has 3 mandatory parts (abc, bl & co) and 2 optional (xyz & in) with precise @ and . positions 
Wrong Input : E.g. abc.xyz@bl.co.in Email has 3 mandatory parts (abc, bl & co) and 2 optional (xyz & in) with precise @ and . positions 
Wrong Input : E.g. abc.xyz@bl.co.in Email has 3 mandatory parts (abc, bl & co) and 2 optional (xyz & in) with precise @ and . positions 
Wrong Input : E.g. abc.xyz@bl.co.in Email has 3 mandatory parts (abc, bl & co) and 2 optional (xyz & in) with precise @ and . positions 
Wrong Input : E.g. abc.xyz@bl.co.in Email has 3 mandatory parts (abc, bl & co) and 2 optional (xyz & in) with precise @ and . positions 
Wrong Input : E.g. abc.xyz@bl.co.in Email has 3 mandatory parts (abc, bl & co) and 2 optional (xyz & in) with precise @ and . positions 
Wrong Input : E.g. abc.xyz@bl.co.in Email has 3 mandatory parts (abc, bl & co) and 2 optional (xyz & in) with precise @ and . positions 
Wrong Input : E.g. abc.xyz@bl.co.in Email has 3 mandatory parts (abc, bl & co) and 2 optional (xyz & in) with precise @ and . positions 
Wrong Input : E.g. abc.xyz@bl.co.in Email has 3 mandatory parts (abc, bl & co) and 2 optional (xyz & in) with precise @ and . positions 
Wrong Input : E.g. abc.xyz@bl.co.in Email has 3 mandatory parts (abc, bl & co) and 2 optional (xyz & in) with precise @ and . positions 
Wrong Input : E.g. abc.xyz@bl.co.in Email has 3 mandatory parts (abc, bl & co) and 2 optional (xyz & in) with precise @ and . positions 
Wrong Input : E.g. abc.xyz@bl.co.in Email has 3 mandatory parts (abc, bl & co) and 2 optional (xyz & in) with precise @ and . positions 
Wrong Input : E.g. abc.xyz@bl.co.in Email has 3 mandatory parts (abc, bl & co) and 2 optional (xyz & in) with precise @ and . positions 
Wrong Input : E.g. abc.xyz@bl.co.in Email has 3 mandatory parts (abc, bl & co) and 2 optional (xyz & in) with precise @ and . positions 
Wrong Input : E.g. abc.xyz@bl.co.in Email has 3 mandatory parts (abc, bl & co) and 2 optional (xyz & in) with precise @ and . positions 
Wrong Input : E.g. abc.xyz@bl.co.in Email has 3 mandatory parts (abc, bl & co) and 2 optional (xyz & in) with precise @ and . positions 
Wrong Input : E.g. abc.xyz@bl.co.in Email has 3 mandatory parts (abc, bl & co) and 2 optional (xyz & in) with precise @ and . positions 
Wrong Input : E.g. abc.xyz@bl.co.in Email has 3 mandatory parts (abc, bl & co) and 2 optional (xyz & in) with precise @ and . positions 
Wrong Input : E.g. abc.xyz@bl.co.in Email has 3 mandatory parts (abc, bl & co) and 2 optional (xyz & in) with precise @ and . positions 
Wrong Input : E.g. abc.xyz@bl.co.in Email has 3 mandatory parts (abc, bl & co) and 2 optional (xyz & in) with precise @ and . positions 
Wrong Input : E.g. abc.xyz@bl.co.in Email has 3 mandatory parts (abc, bl & co) and 2 optional (xyz & in) with precise @ and . positions 
Wrong Input : E.g. abc.xyz@bl.co.in Email has 3 mandatory parts (abc, bl & co) and 2 optional (xyz & in) with precise @ and . positions 
Wrong Input : E.g. abc.xyz@bl.co.in Email has 3 mandatory parts (abc, bl & co) and 2 optional (xyz & in) with precise @ and . positions 
Wrong Input : E.g. abc.xyz@bl.co.in Email has 3 mandatory parts (abc, bl & co) and 2 optional (xyz & in) with precise @ and . positions 
Wrong Input : E.g. abc.xyz@bl.co.in Email has 3 mandatory parts (abc, bl & co) and 2 optional (xyz & in) with precise @ and . positions 
Wrong Input : E.g. abc.xyz@bl.co.in Email has 3 mandatory parts (abc, bl & co) and 2 optional (xyz & in) with precise @ and . positions 
Wrong Input : E.g. abc.xyz@bl.co.in Email has 3 mandatory parts (abc, bl & co) and 2 optional (xyz & in) with precise @ and . positions 
Wrong Input : E.g. abc.xyz@bl.co.in Email has 3 mandatory parts (abc, bl & co) and 2 optional (xyz & in) with precise @ and . positions 
Wrong Input : E.g. abc.xyz@bl.co.in Email has 3 mandatory parts (abc, bl & co) and 2 optional (xyz & in) with precise @ and . positions 
Wrong Input : E.g. abc.xyz@bl.co.in Email has 3 mandatory parts (abc, bl & co) and 2 optional (xyz & in) with precise @ and . positions 
Wrong Input : E.g. abc.xyz@bl.co.in Email has 3 mandatory parts (abc, bl & co) and 2 optional (xyz & in) with precise @ and . positions 
Wrong Input : E.g. abc.xyz@bl.co.in Email has 3 mandatory parts (abc, bl & co) and 2 optional (xyz & in) with precise @ and . positions 
Wrong Input : E.g. abc.xyz@bl.co.in Email has 3 mandatory parts (abc, bl & co) and 2 optional (xyz & in) with precise @ and . positions 
Wrong Input : E.g. abc.xyz@bl.co.in Email has 3 mandatory parts (abc, bl & co) and 2 optional (xyz & in) with precise @ and . positions 
Wrong Input : E.g. abc.xyz@bl.co.in Email has 3 mandatory parts (abc, bl & co) and 2 optional (xyz & in) with precise @ and . positions 
Wrong Input : E.g. abc.xyz@bl.co.in Email has 3 mandatory parts (abc, bl & co) and 2 optional (xyz & in) with precise @ and . positions 
Wrong Input : E.g. abc.xyz@bl.co.in Email has 3 mandatory parts (abc, bl & co) and 2 optional (xyz & in) with precise @ and . positions 
Wrong Input : E.g. abc.xyz@bl.co.in Email has 3 mandatory parts (abc, bl & co) and 2 optional (xyz & in) with precise @ and . positions 
Wrong Input : E.g. abc.xyz@bl.co.in Email has 3 mandatory parts (abc, bl & co) and 2 optional (xyz & in) with precise @ and . positions 
Wrong Input : E.g. abc.xyz@bl.co.in Email has 3 mandatory parts (abc, bl & co) and 2 optional (xyz & in) with precise @ and . positions 
Wrong Input : E.g. abc.xyz@bl.co.in Email has 3 mandatory parts (abc, bl & co) and 2 optional (xyz & in) with precise @ and . positions 
Wrong Input : E.g. abc.xyz@bl.co.in Email has 3 mandatory parts (abc, bl & co) and 2 optional (xyz & in) with precise @ and . positions 
Wrong Input : E.g. abc.xyz@bl.co.in Email has 3 mandatory parts (abc, bl & co) and 2 optional (xyz & in) with precise @ and . positions 
Wrong Input : E.g. abc.xyz@bl.co.in Email has 3 mandatory parts (abc, bl & co) and 2 optional (xyz & in) with precise @ and . positions 
Wrong Input : E.g. abc.xyz@bl.co.in Email has 3 mandatory parts (abc, bl & co) and 2 optional (xyz & in) with precise @ and . positions 
Wrong Input : E.g. abc.xyz@bl.co.in Email has 3 mandatory parts (abc, bl & co) and 2 optional (xyz & in) with precise @ and . positions 
Wrong Input : E.g. abc.xyz@bl.co.in Email has 3 mandatory parts (abc, bl & co) and 2 optional (xyz & in) with precise @ and . positions 
Wrong Input : E.g. abc.xyz@bl.co.in Email has 3 mandatory parts (abc, bl & co) and 2 optional (xyz & in) with precise @ and . positions 
Wrong Input : E.g. abc.xyz@bl.co.in Email has 3 mandatory parts (abc, bl & co) and 2 optional (xyz & in) with precise @ and . positions 
Wrong Input : E.g. abc.xyz@bl.co.in Email has 3 mandatory parts (abc, bl & co) and 2 optional (xyz & in) with precise @ and . positions 
Wrong Input : E.g. abc.xyz@bl.co.in Email has 3 mandatory parts (abc, bl & co) and 2 optional (xyz & in) with precise @ and . positions 
Wrong Input : E.g. abc.xyz@bl.co.in Email has 3 mandatory parts (abc, bl & co) and 2 optional (xyz & in) with precise @ and . positions 
Wrong Input : E.g. abc.xyz@bl.co.in Email has 3 mandatory parts (abc, bl & co) and 2 optional (xyz & in) with precise @ and . positions 
Wrong Input : E.g. abc.xyz@bl.co.in Email has 3 mandatory parts (abc, bl & co) and 2 optional (xyz & in) with precise @ and . positions 
Wrong Input : E.g. abc.xyz@bl.co.in Email has 3 mandatory parts (abc, bl & co) and 2 optional (xyz & in) with precise @ and . positions 
Wrong Input : E.g. abc.xyz@bl.co.in Email has 3 mandatory parts (abc, bl & co) and 2 optional (xyz & in) with precise @ and . positions 
Wrong Input : E.g. abc.xyz@bl.co.in Email has 3 mandatory parts (abc, bl & co) and 2 optional (xyz & in) with precise @ and . positions 
Wrong Input : E.g. abc.xyz@bl.co.in Email has 3 mandatory parts (abc, bl & co) and 2 optional (xyz & in) with precise @ and . positions 
Wrong Input : E.g. abc.xyz@bl.co.in Email has 3 mandatory parts (abc, bl & co) and 2 optional (xyz & in) with precise @ and . positions 
Wrong Input : E.g. abc.xyz@bl.co.in Email has 3 mandatory parts (abc, bl & co) and 2 optional (xyz & in) with precise @ and . positions 
Wrong Input : E.g. abc.xyz@bl.co.in Email has 3 mandatory parts (abc, bl & co) and 2 optional (xyz & in) with precise @ and . positions 
Wrong Input : E.g. abc.xyz@bl.co.in Email has 3 mandatory parts (abc, bl & co) and 2 optional (xyz & in) with precise @ and . positions 
Wrong Input : E.g. abc.xyz@bl.co.in Email has 3 mandatory parts (abc, bl & co) and 2 optional (xyz & in) with precise @ and . positions 
Wrong Input : E.g. abc.xyz@bl.co.in Email has 3 mandatory parts (abc, bl & co) and 2 optional (xyz & in) with precise @ and . positions 
Wrong Input : E.g. abc.xyz@bl.co.in Email has 3 mandatory parts (abc, bl & co) and 2 optional (xyz & in) with precise @ and . positions 
Wrong Input : E.g. abc.xyz@bl.co.in Email has 3 mandatory parts (abc, bl & co) and 2 optional (xyz & in) with precise @ and . positions 
Wrong Input : E.g. abc.xyz@bl.co.in Email has 3 mandatory parts (abc, bl & co) and 2 optional (xyz & in) with precise @ and . positions 
Wrong Input : E.g. abc.xyz@bl.co.in Email has 3 mandatory parts (abc, bl & co) and 2 optional (xyz & in) with precise @ and . positions 
Wrong Input : E.g. abc.xyz@bl.co.in Email has 3 mandatory parts (abc, bl & co) and 2 optional (xyz & in) with precise @ and . positions 
Wrong Input : E.g. abc.xyz@bl.co.in Email has 3 mandatory parts (abc, bl & co) and 2 optional (xyz & in) with precise @ and . positions 
Wrong Input : E.g. abc.xyz@bl.co.in Email has 3 mandatory parts (abc, bl & co) and 2 optional (xyz & in) with precise @ and . positions 
Wrong Input : E.g. abc.xyz@bl.co.in Email has 3 mandatory parts (abc, bl & co) and 2 optional (xyz & in) with precise @ and . positions 
Wrong Input : E.g. abc.xyz@bl.co.in Email has 3 mandatory parts (abc, bl & co) and 2 optional (xyz & in) with precise @ and . positions 
Wrong Input : E.g. abc.xyz@bl.co.in Email has 3 mandatory parts (abc, bl & co) and 2 optional (xyz & in) with precise @ and . positions 
Wrong Input : E.g. abc.xyz@bl.co.in Email has 3 mandatory parts (abc, bl & co) and 2 optional (xyz & in) with precise @ and . positions 
Wrong Input : E.g. abc.xyz@bl.co.in Email has 3 mandatory parts (abc, bl & co) and 2 optional (xyz & in) with precise @ and . positions 
Wrong Input : E.g. abc.xyz@bl.co.in Email has 3 mandatory parts (abc, bl & co) and 2 optional (xyz & in) with precise @ and . positions 
Wrong Input : E.g. abc.xyz@bl.co.in Email has 3 mandatory parts (abc, bl & co) and 2 optional (xyz & in) with precise @ and . positions 
Wrong Input : E.g. abc.xyz@bl.co.in Email has 3 mandatory parts (abc, bl & co) and 2 optional (xyz & in) with precise @ and . positions 
Wrong Input : E.g. abc.xyz@bl.co.in Email has 3 mandatory parts (abc, bl & co) and 2 optional (xyz & in) with precise @ and . positions 
Wrong Input : E.g. abc.xyz@bl.co.in Email has 3 mandatory parts (abc, bl & co) and 2 optional (xyz & in) with precise @ and . positions 
Wrong Input : E.g. abc.xyz@bl.co.in Email has 3 mandatory parts (abc, bl & co) and 2 optional (xyz & in) with precise @ and . positions 
Wrong Input : E.g. abc.xyz@bl.co.in Email has 3 mandatory parts (abc, bl & co) and 2 optional (xyz & in) with precise @ and . positions 
Wrong Input : E.g. abc.xyz@bl.co.in Email has 3 mandatory parts (abc, bl & co) and 2 optional (xyz & in) with precise @ and . positions 
Wrong Input : E.g. abc.xyz@bl.co.in Email has 3 mandatory parts (abc, bl & co) and 2 optional (xyz & in) with precise @ and . positions 
Wrong Input : E.g. abc.xyz@bl.co.in Email has 3 mandatory parts (abc, bl & co) and 2 optional (xyz & in) with precise @ and . positions 
Wrong Input : E.g. abc.xyz@bl.co.in Email has 3 mandatory parts (abc, bl & co) and 2 optional (xyz & in) with precise @ and . positions 
Wrong Input : E.g. abc.xyz@bl.co.in Email has 3 mandatory parts (abc, bl & co) and 2 optional (xyz & in) with precise @ and . positions 
Wrong Input : E.g. abc.xyz@bl.co.in Email has 3 mandatory parts (abc, bl & co) and 2 optional (xyz & in) with precise @ and . positions 
Wrong Input : E.g. abc.xyz@bl.co.in Email has 3 mandatory parts (abc, bl & co) and 2 optional (xyz & in) with precise @ and . positions 
Wrong Input : E.g. abc.xyz@bl.co.in Email has 3 mandatory parts (abc, bl & co) and 2 optional (xyz & in) with precise @ and . positions 
Wrong Input : E.g. abc.xyz@bl.co.in Email has 3 mandatory parts (abc, bl & co) and 2 optional (xyz & in) with precise @ and . positions 
Wrong Input : E.g. abc.xyz@bl.co.in Email has 3 mandatory parts (abc, bl & co) and 2 optional (xyz & in) with precise @ and . positions 
Wrong Input : E.g. abc.xyz@bl.co.in Email has 3 mandatory parts (abc, bl & co) and 2 optional (xyz & in) with precise @ and . positions 
Wrong Input : E.g. abc.xyz@bl.co.in Email has 3 mandatory parts (abc, bl & co) and 2 optional (xyz & in) with precise @ and . positions 
Wrong Input : E.g. abc.xyz@bl.co.in Email has 3 mandatory parts (abc, bl & co) and 2 optional (xyz & in) with precise @ and . positions 
Wrong Input : E.g. abc.xyz@bl.co.in Email has 3 mandatory parts (abc, bl & co) and 2 optional (xyz & in) with precise @ and . positions 
Wrong Input : E.g. abc.xyz@bl.co.in Email has 3 mandatory parts (abc, bl & co) and 2 optional (xyz & in) with precise @ and . positions 
Wrong Input : E.g. abc.xyz@bl.co.in Email has 3 mandatory parts (abc, bl & co) and 2 optional (xyz & in) with precise @ and . positions 
Wrong Input : E.g. abc.xyz@bl.co.in Email has 3 mandatory parts (abc, bl & co) and 2 optional (xyz & in) with precise @ and . positions 
Wrong Input : E.g. abc.xyz@bl.co.in Email has 3 mandatory parts (abc, bl & co) and 2 optional (xyz & in) with precise @ and . positions 
Wrong Input : E.g. abc.xyz@bl.co.in Email has 3 mandatory parts (abc, bl & co) and 2 optional (xyz & in) with precise @ and . positions 
Wrong Input : E.g. abc.xyz@bl.co.in Email has 3 mandatory parts (abc, bl & co) and 2 optional (xyz & in) with precise @ and . positions 
Wrong Input : E.g. abc.xyz@bl.co.in Email has 3 mandatory parts (abc, bl & co) and 2 optional (xyz & in) with precise @ and . positions 
Wrong Input : E.g. abc.xyz@bl.co.in Email has 3 mandatory parts (abc, bl & co) and 2 optional (xyz & in) with precise @ and . positions 
Wrong Input : E.g. abc.xyz@bl.co.in Email has 3 mandatory parts (abc, bl & co) and 2 optional (xyz & in) with precise @ and . positions 
Wrong Input : E.g. abc.xyz@bl.co.in Email has 3 mandatory parts (abc, bl & co) and 2 optional (xyz & in) with precise @ and . positions 
Wrong Input : E.g. abc.xyz@bl.co.in Email has 3 mandatory parts (abc, bl & co) and 2 optional (xyz & in) with precise @ and . positions 
Wrong Input : E.g. abc.xyz@bl.co.in Email has 3 mandatory parts (abc, bl & co) and 2 optional (xyz & in) with precise @ and . positions 
Wrong Input : E.g. abc.xyz@bl.co.in Email has 3 mandatory parts (abc, bl & co) and 2 optional (xyz & in) with precise @ and . positions 
Wrong Input : E.g. abc.xyz@bl.co.in Email has 3 mandatory parts (abc, bl & co) and 2 optional (xyz & in) with precise @ and . positions 
Wrong Input : E.g. abc.xyz@bl.co.in Email has 3 mandatory parts (abc, bl & co) and 2 optional (xyz & in) with precise @ and . positions 
Wrong Input : E.g. abc.xyz@bl.co.in Email has 3 mandatory parts (abc, bl & co) and 2 optional (xyz & in) with precise @ and . positions 
Wrong Input : E.g. abc.xyz@bl.co.in Email has 3 mandatory parts (abc, bl & co) and 2 optional (xyz & in) with precise @ and . positions 
Wrong Input : E.g. abc.xyz@bl.co.in Email has 3 mandatory parts (abc, bl & co) and 2 optional (xyz & in) with precise @ and . positions 
Wrong Input : E.g. abc.xyz@bl.co.in Email has 3 mandatory parts (abc, bl & co) and 2 optional (xyz & in) with precise @ and . positions 
Wrong Input : E.g. abc.xyz@bl.co.in Email has 3 mandatory parts (abc, bl & co) and 2 optional (xyz & in) with precise @ and . positions 
Wrong Input : E.g. abc.xyz@bl.co.in Email has 3 mandatory parts (abc, bl & co) and 2 optional (xyz & in) with precise @ and . positions 
Wrong Input : E.g. abc.xyz@bl.co.in Email has 3 mandatory parts (abc, bl & co) and 2 optional (xyz & in) with precise @ and . positions 
Wrong Input : E.g. abc.xyz@bl.co.in Email has 3 mandatory parts (abc, bl & co) and 2 optional (xyz & in) with precise @ and . positions 
Wrong Input : E.g. abc.xyz@bl.co.in Email has 3 mandatory parts (abc, bl & co) and 2 optional (xyz & in) with precise @ and . positions 
Wrong Input : E.g. abc.xyz@bl.co.in Email has 3 mandatory parts (abc, bl & co) and 2 optional (xyz & in) with precise @ and . positions 
Wrong Input : E.g. abc.xyz@bl.co.in Email has 3 mandatory parts (abc, bl & co) and 2 optional (xyz & in) with precise @ and . positions 
Wrong Input : E.g. abc.xyz@bl.co.in Email has 3 mandatory parts (abc, bl & co) and 2 optional (xyz & in) with precise @ and . positions 
Wrong Input : E.g. abc.xyz@bl.co.in Email has 3 mandatory parts (abc, bl & co) and 2 optional (xyz & in) with precise @ and . positions 
Wrong Input : E.g. abc.xyz@bl.co.in Email has 3 mandatory parts (abc, bl & co) and 2 optional (xyz & in) with precise @ and . positions 
Wrong Input : E.g. abc.xyz@bl.co.in Email has 3 mandatory parts (abc, bl & co) and 2 optional (xyz & in) with precise @ and . positions 
Wrong Input : E.g. abc.xyz@bl.co.in Email has 3 mandatory parts (abc, bl & co) and 2 optional (xyz & in) with precise @ and . positions 
Wrong Input : E.g. abc.xyz@bl.co.in Email has 3 mandatory parts (abc, bl & co) and 2 optional (xyz & in) with precise @ and . positions 
Wrong Input : E.g. abc.xyz@bl.co.in Email has 3 mandatory parts (abc, bl & co) and 2 optional (xyz & in) with precise @ and . positions 
Wrong Input : E.g. abc.xyz@bl.co.in Email has 3 mandatory parts (abc, bl & co) and 2 optional (xyz & in) with precise @ and . positions 
Wrong Input : E.g. abc.xyz@bl.co.in Email has 3 mandatory parts (abc, bl & co) and 2 optional (xyz & in) with precise @ and . positions 
Wrong Input : E.g. abc.xyz@bl.co.in Email has 3 mandatory parts (abc, bl & co) and 2 optional (xyz & in) with precise @ and . positions 
Wrong Input : E.g. abc.xyz@bl.co.in Email has 3 mandatory parts (abc, bl & co) and 2 optional (xyz & in) with precise @ and . positions 
Wrong Input : E.g. abc.xyz@bl.co.in Email has 3 mandatory parts (abc, bl & co) and 2 optional (xyz & in) with precise @ and . positions 
Wrong Input : E.g. abc.xyz@bl.co.in Email has 3 mandatory parts (abc, bl & co) and 2 optional (xyz & in) with precise @ and . positions 
Wrong Input : E.g. abc.xyz@bl.co.in Email has 3 mandatory parts (abc, bl & co) and 2 optional (xyz & in) with precise @ and . positions 
Wrong Input : E.g. abc.xyz@bl.co.in Email has 3 mandatory parts (abc, bl & co) and 2 optional (xyz & in) with precise @ and . positions 
Wrong Input : E.g. abc.xyz@bl.co.in Email has 3 mandatory parts (abc, bl & co) and 2 optional (xyz & in) with precise @ and . positions 
Wrong Input : E.g. abc.xyz@bl.co.in Email has 3 mandatory parts (abc, bl & co) and 2 optional (xyz & in) with precise @ and . positions 
Wrong Input : E.g. abc.xyz@bl.co.in Email has 3 mandatory parts (abc, bl & co) and 2 optional (xyz & in) with precise @ and . positions 
Wrong Input : E.g. abc.xyz@bl.co.in Email has 3 mandatory parts (abc, bl & co) and 2 optional (xyz & in) with precise @ and . positions 
Wrong Input : E.g. abc.xyz@bl.co.in Email has 3 mandatory parts (abc, bl & co) and 2 optional (xyz & in) with precise @ and . positions 
Wrong Input : E.g. abc.xyz@bl.co.in Email has 3 mandatory parts (abc, bl & co) and 2 optional (xyz & in) with precise @ and . positions 
Wrong Input : E.g. abc.xyz@bl.co.in Email has 3 mandatory parts (abc, bl & co) and 2 optional (xyz & in) with precise @ and . positions 
Wrong Input : E.g. abc.xyz@bl.co.in Email has 3 mandatory parts (abc, bl & co) and 2 optional (xyz & in) with precise @ and . positions 
Wrong Input : E.g. abc.xyz@bl.co.in Email has 3 mandatory parts (abc, bl & co) and 2 optional (xyz & in) with precise @ and . positions 
Wrong Input : E.g. abc.xyz@bl.co.in Email has 3 mandatory parts (abc, bl & co) and 2 optional (xyz & in) with precise @ and . positions 
Wrong Input : E.g. abc.xyz@bl.co.in Email has 3 mandatory parts (abc, bl & co) and 2 optional (xyz & in) with precise @ and . positions 
Wrong Input : E.g. abc.xyz@bl.co.in Email has 3 mandatory parts (abc, bl & co) and 2 optional (xyz & in) with precise @ and . positions 
Wrong Input : E.g. abc.xyz@bl.co.in Email has 3 mandatory parts (abc, bl & co) and 2 optional (xyz & in) with precise @ and . positions 
Wrong Input : E.g. abc.xyz@bl.co.in Email has 3 mandatory parts (abc, bl & co) and 2 optional (xyz & in) with precise @ and . positions 
Wrong Input : E.g. abc.xyz@bl.co.in Email has 3 mandatory parts (abc, bl & co) and 2 optional (xyz & in) with precise @ and . positions 
Wrong Input : E.g. abc.xyz@bl.co.in Email has 3 mandatory parts (abc, bl & co) and 2 optional (xyz & in) with precise @ and . positions 
Wrong Input : E.g. abc.xyz@bl.co.in Email has 3 mandatory parts (abc, bl & co) and 2 optional (xyz & in) with precise @ and . positions 
Wrong Input : E.g. abc.xyz@bl.co.in Email has 3 mandatory parts (abc, bl & co) and 2 optional (xyz & in) with precise @ and . positions 
Wrong Input : E.g. abc.xyz@bl.co.in Email has 3 mandatory parts (abc, bl & co) and 2 optional (xyz & in) with precise @ and . positions 
Wrong Input : E.g. abc.xyz@bl.co.in Email has 3 mandatory parts (abc, bl & co) and 2 optional (xyz & in) with precise @ and . positions 
Wrong Input : E.g. abc.xyz@bl.co.in Email has 3 mandatory parts (abc, bl & co) and 2 optional (xyz & in) with precise @ and . positions 
Wrong Input : E.g. abc.xyz@bl.co.in Email has 3 mandatory parts (abc, bl & co) and 2 optional (xyz & in) with precise @ and . positions 
Wrong Input : E.g. abc.xyz@bl.co.in Email has 3 mandatory parts (abc, bl & co) and 2 optional (xyz & in) with precise @ and . positions 
Wrong Input : E.g. abc.xyz@bl.co.in Email has 3 mandatory parts (abc, bl & co) and 2 optional (xyz & in) with precise @ and . positions 
Wrong Input : E.g. abc.xyz@bl.co.in Email has 3 mandatory parts (abc, bl & co) and 2 optional (xyz & in) with precise @ and . positions 
Wrong Input : E.g. abc.xyz@bl.co.in Email has 3 mandatory parts (abc, bl & co) and 2 optional (xyz & in) with precise @ and . positions 
Wrong Input : E.g. abc.xyz@bl.co.in Email has 3 mandatory parts (abc, bl & co) and 2 optional (xyz & in) with precise @ and . positions 
Wrong Input : E.g. abc.xyz@bl.co.in Email has 3 mandatory parts (abc, bl & co) and 2 optional (xyz & in) with precise @ and . positions 
Wrong Input : E.g. abc.xyz@bl.co.in Email has 3 mandatory parts (abc, bl & co) and 2 optional (xyz & in) with precise @ and . positions 
Wrong Input : E.g. abc.xyz@bl.co.in Email has 3 mandatory parts (abc, bl & co) and 2 optional (xyz & in) with precise @ and . positions 
Wrong Input : E.g. abc.xyz@bl.co.in Email has 3 mandatory parts (abc, bl & co) and 2 optional (xyz & in) with precise @ and . positions 
Wrong Input : E.g. abc.xyz@bl.co.in Email has 3 mandatory parts (abc, bl & co) and 2 optional (xyz & in) with precise @ and . positions 
Wrong Input : E.g. abc.xyz@bl.co.in Email has 3 mandatory parts (abc, bl & co) and 2 optional (xyz & in) with precise @ and . positions 
Wrong Input : E.g. abc.xyz@bl.co.in Email has 3 mandatory parts (abc, bl & co) and 2 optional (xyz & in) with precise @ and . positions 
Wrong Input : E.g. abc.xyz@bl.co.in Email has 3 mandatory parts (abc, bl & co) and 2 optional (xyz & in) with precise @ and . positions 
Wrong Input : E.g. abc.xyz@bl.co.in Email has 3 mandatory parts (abc, bl & co) and 2 optional (xyz & in) with precise @ and . positions 
Wrong Input : E.g. abc.xyz@bl.co.in Email has 3 mandatory parts (abc, bl & co) and 2 optional (xyz & in) with precise @ and . positions 
Wrong Input : E.g. abc.xyz@bl.co.in Email has 3 mandatory parts (abc, bl & co) and 2 optional (xyz & in) with precise @ and . positions 
Wrong Input : E.g. abc.xyz@bl.co.in Email has 3 mandatory parts (abc, bl & co) and 2 optional (xyz & in) with precise @ and . positions 
Wrong Input : E.g. abc.xyz@bl.co.in Email has 3 mandatory parts (abc, bl & co) and 2 optional (xyz & in) with precise @ and . positions 
Wrong Input : E.g. abc.xyz@bl.co.in Email has 3 mandatory parts (abc, bl & co) and 2 optional (xyz & in) with precise @ and . positions 
Wrong Input : E.g. abc.xyz@bl.co.in Email has 3 mandatory parts (abc, bl & co) and 2 optional (xyz & in) with precise @ and . positions 
Wrong Input : E.g. abc.xyz@bl.co.in Email has 3 mandatory parts (abc, bl & co) and 2 optional (xyz & in) with precise @ and . positions 
Wrong Input : E.g. abc.xyz@bl.co.in Email has 3 mandatory parts (abc, bl & co) and 2 optional (xyz & in) with precise @ and . positions 
Wrong Input : E.g. abc.xyz@bl.co.in Email has 3 mandatory parts (abc, bl & co) and 2 optional (xyz & in) with precise @ and . positions 
Wrong Input : E.g. abc.xyz@bl.co.in Email has 3 mandatory parts (abc, bl & co) and 2 optional (xyz & in) with precise @ and . positions 
Wrong Input : E.g. abc.xyz@bl.co.in Email has 3 mandatory parts (abc, bl & co) and 2 optional (xyz & in) with precise @ and . positions 
Wrong Input : E.g. abc.xyz@bl.co.in Email has 3 mandatory parts (abc, bl & co) and 2 optional (xyz & in) with precise @ and . positions 
Wrong Input : E.g. abc.xyz@bl.co.in Email has 3 mandatory parts (abc, bl & co) and 2 optional (xyz & in) with precise @ and . positions 
Wrong Input : E.g. abc.xyz@bl.co.in Email has 3 mandatory parts (abc, bl & co) and 2 optional (xyz & in) with precise @ and . positions 
Wrong Input : E.g. abc.xyz@bl.co.in Email has 3 mandatory parts (abc, bl & co) and 2 optional (xyz & in) with precise @ and . positions 
Wrong Input : E.g. abc.xyz@bl.co.in Email has 3 mandatory parts (abc, bl & co) and 2 optional (xyz & in) with precise @ and . positions 
Wrong Input : E.g. abc.xyz@bl.co.in Email has 3 mandatory parts (abc, bl & co) and 2 optional (xyz & in) with precise @ and . positions 
Wrong Input : E.g. abc.xyz@bl.co.in Email has 3 mandatory parts (abc, bl & co) and 2 optional (xyz & in) with precise @ and . positions 
Wrong Input : E.g. abc.xyz@bl.co.in Email has 3 mandatory parts (abc, bl & co) and 2 optional (xyz & in) with precise @ and . positions 
Wrong Input : E.g. abc.xyz@bl.co.in Email has 3 mandatory parts (abc, bl & co) and 2 optional (xyz & in) with precise @ and . positions 
Wrong Input : E.g. abc.xyz@bl.co.in Email has 3 mandatory parts (abc, bl & co) and 2 optional (xyz & in) with precise @ and . positions 
Wrong Input : E.g. abc.xyz@bl.co.in Email has 3 mandatory parts (abc, bl & co) and 2 optional (xyz & in) with precise @ and . positions 
Wrong Input : E.g. abc.xyz@bl.co.in Email has 3 mandatory parts (abc, bl & co) and 2 optional (xyz & in) with precise @ and . positions 
Wrong Input : E.g. abc.xyz@bl.co.in Email has 3 mandatory parts (abc, bl & co) and 2 optional (xyz & in) with precise @ and . positions 
Wrong Input : E.g. abc.xyz@bl.co.in Email has 3 mandatory parts (abc, bl & co) and 2 optional (xyz & in) with precise @ and . positions 
Wrong Input : E.g. abc.xyz@bl.co.in Email has 3 mandatory parts (abc, bl & co) and 2 optional (xyz & in) with precise @ and . positions 
Wrong Input : E.g. abc.xyz@bl.co.in Email has 3 mandatory parts (abc, bl & co) and 2 optional (xyz & in) with precise @ and . positions 
Wrong Input : E.g. abc.xyz@bl.co.in Email has 3 mandatory parts (abc, bl & co) and 2 optional (xyz & in) with precise @ and . positions 
Wrong Input : E.g. abc.xyz@bl.co.in Email has 3 mandatory parts (abc, bl & co) and 2 optional (xyz & in) with precise @ and . positions 
Wrong Input : E.g. abc.xyz@bl.co.in Email has 3 mandatory parts (abc, bl & co) and 2 optional (xyz & in) with precise @ and . positions 
Wrong Input : E.g. abc.xyz@bl.co.in Email has 3 mandatory parts (abc, bl & co) and 2 optional (xyz & in) with precise @ and . positions 
Wrong Input : E.g. abc.xyz@bl.co.in Email has 3 mandatory parts (abc, bl & co) and 2 optional (xyz & in) with precise @ and . positions 
Wrong Input : E.g. abc.xyz@bl.co.in Email has 3 mandatory parts (abc, bl & co) and 2 optional (xyz & in) with precise @ and . positions 
Wrong Input : E.g. abc.xyz@bl.co.in Email has 3 mandatory parts (abc, bl & co) and 2 optional (xyz & in) with precise @ and . positions 
Wrong Input : E.g. abc.xyz@bl.co.in Email has 3 mandatory parts (abc, bl & co) and 2 optional (xyz & in) with precise @ and . positions 
Wrong Input : E.g. abc.xyz@bl.co.in Email has 3 mandatory parts (abc, bl & co) and 2 optional (xyz & in) with precise @ and . positions 
Wrong Input : E.g. abc.xyz@bl.co.in Email has 3 mandatory parts (abc, bl & co) and 2 optional (xyz & in) with precise @ and . positions 
Wrong Input : E.g. abc.xyz@bl.co.in Email has 3 mandatory parts (abc, bl & co) and 2 optional (xyz & in) with precise @ and . positions 
Wrong Input : E.g. abc.xyz@bl.co.in Email has 3 mandatory parts (abc, bl & co) and 2 optional (xyz & in) with precise @ and . positions 
Wrong Input : E.g. abc.xyz@bl.co.in Email has 3 mandatory parts (abc, bl & co) and 2 optional (xyz & in) with precise @ and . positions 
Wrong Input : E.g. abc.xyz@bl.co.in Email has 3 mandatory parts (abc, bl & co) and 2 optional (xyz & in) with precise @ and . positions 
Wrong Input : E.g. abc.xyz@bl.co.in Email has 3 mandatory parts (abc, bl & co) and 2 optional (xyz & in) with precise @ and . positions 
Wrong Input : E.g. abc.xyz@bl.co.in Email has 3 mandatory parts (abc, bl & co) and 2 optional (xyz & in) with precise @ and . positions 
Wrong Input : E.g. abc.xyz@bl.co.in Email has 3 mandatory parts (abc, bl & co) and 2 optional (xyz & in) with precise @ and . positions 
Wrong Input : E.g. abc.xyz@bl.co.in Email has 3 mandatory parts (abc, bl & co) and 2 optional (xyz & in) with precise @ and . positions 
Wrong Input : E.g. abc.xyz@bl.co.in Email has 3 mandatory parts (abc, bl & co) and 2 optional (xyz & in) with precise @ and . positions 
Wrong Input : E.g. abc.xyz@bl.co.in Email has 3 mandatory parts (abc, bl & co) and 2 optional (xyz & in) with precise @ and . positions 
Wrong Input : E.g. abc.xyz@bl.co.in Email has 3 mandatory parts (abc, bl & co) and 2 optional (xyz & in) with precise @ and . positions 
Wrong Input : E.g. abc.xyz@bl.co.in Email has 3 mandatory parts (abc, bl & co) and 2 optional (xyz & in) with precise @ and . positions 
Wrong Input : E.g. abc.xyz@bl.co.in Email has 3 mandatory parts (abc, bl & co) and 2 optional (xyz & in) with precise @ and . positions 
Wrong Input : E.g. abc.xyz@bl.co.in Email has 3 mandatory parts (abc, bl & co) and 2 optional (xyz & in) with precise @ and . positions 
Wrong Input : E.g. abc.xyz@bl.co.in Email has 3 mandatory parts (abc, bl & co) and 2 optional (xyz & in) with precise @ and . positions 
Wrong Input : E.g. abc.xyz@bl.co.in Email has 3 mandatory parts (abc, bl & co) and 2 optional (xyz & in) with precise @ and . positions 
Wrong Input : E.g. abc.xyz@bl.co.in Email has 3 mandatory parts (abc, bl & co) and 2 optional (xyz & in) with precise @ and . positions 
Wrong Input : E.g. abc.xyz@bl.co.in Email has 3 mandatory parts (abc, bl & co) and 2 optional (xyz & in) with precise @ and . positions 
Wrong Input : E.g. abc.xyz@bl.co.in Email has 3 mandatory parts (abc, bl & co) and 2 optional (xyz & in) with precise @ and . positions 
Wrong Input : E.g. abc.xyz@bl.co.in Email has 3 mandatory parts (abc, bl & co) and 2 optional (xyz & in) with precise @ and . positions 
Wrong Input : E.g. abc.xyz@bl.co.in Email has 3 mandatory parts (abc, bl & co) and 2 optional (xyz & in) with precise @ and . positions 
Wrong Input : E.g. abc.xyz@bl.co.in Email has 3 mandatory parts (abc, bl & co) and 2 optional (xyz & in) with precise @ and . positions 
Wrong Input : E.g. abc.xyz@bl.co.in Email has 3 mandatory parts (abc, bl & co) and 2 optional (xyz & in) with precise @ and . positions 
Wrong Input : E.g. abc.xyz@bl.co.in Email has 3 mandatory parts (abc, bl & co) and 2 optional (xyz & in) with precise @ and . positions 
Wrong Input : E.g. abc.xyz@bl.co.in Email has 3 mandatory parts (abc, bl & co) and 2 optional (xyz & in) with precise @ and . positions 
Wrong Input : E.g. abc.xyz@bl.co.in Email has 3 mandatory parts (abc, bl & co) and 2 optional (xyz & in) with precise @ and . positions 
Wrong Input : E.g. abc.xyz@bl.co.in Email has 3 mandatory parts (abc, bl & co) and 2 optional (xyz & in) with precise @ and . positions 
Wrong Input : E.g. abc.xyz@bl.co.in Email has 3 mandatory parts (abc, bl & co) and 2 optional (xyz & in) with precise @ and . positions 
Wrong Input : E.g. abc.xyz@bl.co.in Email has 3 mandatory parts (abc, bl & co) and 2 optional (xyz & in) with precise @ and . positions 
Wrong Input : E.g. abc.xyz@bl.co.in Email has 3 mandatory parts (abc, bl & co) and 2 optional (xyz & in) with precise @ and . positions 
Wrong Input : E.g. abc.xyz@bl.co.in Email has 3 mandatory parts (abc, bl & co) and 2 optional (xyz & in) with precise @ and . positions 
Wrong Input : E.g. abc.xyz@bl.co.in Email has 3 mandatory parts (abc, bl & co) and 2 optional (xyz & in) with precise @ and . positions 
Wrong Input : E.g. abc.xyz@bl.co.in Email has 3 mandatory parts (abc, bl & co) and 2 optional (xyz & in) with precise @ and . positions 
Wrong Input : E.g. abc.xyz@bl.co.in Email has 3 mandatory parts (abc, bl & co) and 2 optional (xyz & in) with precise @ and . positions 
Wrong Input : E.g. abc.xyz@bl.co.in Email has 3 mandatory parts (abc, bl & co) and 2 optional (xyz & in) with precise @ and . positions 
Wrong Input : E.g. abc.xyz@bl.co.in Email has 3 mandatory parts (abc, bl & co) and 2 optional (xyz & in) with precise @ and . positions 
Wrong Input : E.g. abc.xyz@bl.co.in Email has 3 mandatory parts (abc, bl & co) and 2 optional (xyz & in) with precise @ and . positions 
Wrong Input : E.g. abc.xyz@bl.co.in Email has 3 mandatory parts (abc, bl & co) and 2 optional (xyz & in) with precise @ and . positions 
Wrong Input : E.g. abc.xyz@bl.co.in Email has 3 mandatory parts (abc, bl & co) and 2 optional (xyz & in) with precise @ and . positions 
Wrong Input : E.g. abc.xyz@bl.co.in Email has 3 mandatory parts (abc, bl & co) and 2 optional (xyz & in) with precise @ and . positions 
Wrong Input : E.g. abc.xyz@bl.co.in Email has 3 mandatory parts (abc, bl & co) and 2 optional (xyz & in) with precise @ and . positions 
Wrong Input : E.g. abc.xyz@bl.co.in Email has 3 mandatory parts (abc, bl & co) and 2 optional (xyz & in) with precise @ and . positions 
Wrong Input : E.g. abc.xyz@bl.co.in Email has 3 mandatory parts (abc, bl & co) and 2 optional (xyz & in) with precise @ and . positions 
Wrong Input : E.g. abc.xyz@bl.co.in Email has 3 mandatory parts (abc, bl & co) and 2 optional (xyz & in) with precise @ and . positions 
Wrong Input : E.g. abc.xyz@bl.co.in Email has 3 mandatory parts (abc, bl & co) and 2 optional (xyz & in) with precise @ and . positions 
Wrong Input : E.g. abc.xyz@bl.co.in Email has 3 mandatory parts (abc, bl & co) and 2 optional (xyz & in) with precise @ and . positions 
Wrong Input : E.g. abc.xyz@bl.co.in Email has 3 mandatory parts (abc, bl & co) and 2 optional (xyz & in) with precise @ and . positions 
Wrong Input : E.g. abc.xyz@bl.co.in Email has 3 mandatory parts (abc, bl & co) and 2 optional (xyz & in) with precise @ and . positions 
Wrong Input : E.g. abc.xyz@bl.co.in Email has 3 mandatory parts (abc, bl & co) and 2 optional (xyz & in) with precise @ and . positions 
Wrong Input : E.g. abc.xyz@bl.co.in Email has 3 mandatory parts (abc, bl & co) and 2 optional (xyz & in) with precise @ and . positions 
Wrong Input : E.g. abc.xyz@bl.co.in Email has 3 mandatory parts (abc, bl & co) and 2 optional (xyz & in) with precise @ and . positions 
Wrong Input : E.g. abc.xyz@bl.co.in Email has 3 mandatory parts (abc, bl & co) and 2 optional (xyz & in) with precise @ and . positions 
Wrong Input : E.g. abc.xyz@bl.co.in Email has 3 mandatory parts (abc, bl & co) and 2 optional (xyz & in) with precise @ and . positions 
Wrong Input : E.g. abc.xyz@bl.co.in Email has 3 mandatory parts (abc, bl & co) and 2 optional (xyz & in) with precise @ and . positions 
Wrong Input : E.g. abc.xyz@bl.co.in Email has 3 mandatory parts (abc, bl & co) and 2 optional (xyz & in) with precise @ and . positions 
Wrong Input : E.g. abc.xyz@bl.co.in Email has 3 mandatory parts (abc, bl & co) and 2 optional (xyz & in) with precise @ and . positions 
Wrong Input : E.g. abc.xyz@bl.co.in Email has 3 mandatory parts (abc, bl & co) and 2 optional (xyz & in) with precise @ and . positions 
Wrong Input : E.g. abc.xyz@bl.co.in Email has 3 mandatory parts (abc, bl & co) and 2 optional (xyz & in) with precise @ and . positions 
Wrong Input : E.g. abc.xyz@bl.co.in Email has 3 mandatory parts (abc, bl & co) and 2 optional (xyz & in) with precise @ and . positions 
Wrong Input : E.g. abc.xyz@bl.co.in Email has 3 mandatory parts (abc, bl & co) and 2 optional (xyz & in) with precise @ and . positions 
Wrong Input : E.g. abc.xyz@bl.co.in Email has 3 mandatory parts (abc, bl & co) and 2 optional (xyz & in) with precise @ and . positions 
Wrong Input : E.g. abc.xyz@bl.co.in Email has 3 mandatory parts (abc, bl & co) and 2 optional (xyz & in) with precise @ and . positions 
Wrong Input : E.g. abc.xyz@bl.co.in Email has 3 mandatory parts (abc, bl & co) and 2 optional (xyz & in) with precise @ and . positions 
Wrong Input : E.g. abc.xyz@bl.co.in Email has 3 mandatory parts (abc, bl & co) and 2 optional (xyz & in) with precise @ and . positions 
Wrong Input : E.g. abc.xyz@bl.co.in Email has 3 mandatory parts (abc, bl & co) and 2 optional (xyz & in) with precise @ and . positions 
Wrong Input : E.g. abc.xyz@bl.co.in Email has 3 mandatory parts (abc, bl & co) and 2 optional (xyz & in) with precise @ and . positions 
Wrong Input : E.g. abc.xyz@bl.co.in Email has 3 mandatory parts (abc, bl & co) and 2 optional (xyz & in) with precise @ and . positions 
Wrong Input : E.g. abc.xyz@bl.co.in Email has 3 mandatory parts (abc, bl & co) and 2 optional (xyz & in) with precise @ and . positions 
Wrong Input : E.g. abc.xyz@bl.co.in Email has 3 mandatory parts (abc, bl & co) and 2 optional (xyz & in) with precise @ and . positions 
Wrong Input : E.g. abc.xyz@bl.co.in Email has 3 mandatory parts (abc, bl & co) and 2 optional (xyz & in) with precise @ and . positions 
Wrong Input : E.g. abc.xyz@bl.co.in Email has 3 mandatory parts (abc, bl & co) and 2 optional (xyz & in) with precise @ and . positions 
Wrong Input : E.g. abc.xyz@bl.co.in Email has 3 mandatory parts (abc, bl & co) and 2 optional (xyz & in) with precise @ and . positions 
Wrong Input : E.g. abc.xyz@bl.co.in Email has 3 mandatory parts (abc, bl & co) and 2 optional (xyz & in) with precise @ and . positions 
Wrong Input : E.g. abc.xyz@bl.co.in Email has 3 mandatory parts (abc, bl & co) and 2 optional (xyz & in) with precise @ and . positions 
Wrong Input : E.g. abc.xyz@bl.co.in Email has 3 mandatory parts (abc, bl & co) and 2 optional (xyz & in) with precise @ and . positions 
Wrong Input : E.g. abc.xyz@bl.co.in Email has 3 mandatory parts (abc, bl & co) and 2 optional (xyz & in) with precise @ and . positions 
Wrong Input : E.g. abc.xyz@bl.co.in Email has 3 mandatory parts (abc, bl & co) and 2 optional (xyz & in) with precise @ and . positions 
Wrong Input : E.g. abc.xyz@bl.co.in Email has 3 mandatory parts (abc, bl & co) and 2 optional (xyz & in) with precise @ and . positions 
Wrong Input : E.g. abc.xyz@bl.co.in Email has 3 mandatory parts (abc, bl & co) and 2 optional (xyz & in) with precise @ and . positions 
Wrong Input : E.g. abc.xyz@bl.co.in Email has 3 mandatory parts (abc, bl & co) and 2 optional (xyz & in) with precise @ and . positions 
Wrong Input : E.g. abc.xyz@bl.co.in Email has 3 mandatory parts (abc, bl & co) and 2 optional (xyz & in) with precise @ and . positions 
Wrong Input : E.g. abc.xyz@bl.co.in Email has 3 mandatory parts (abc, bl & co) and 2 optional (xyz & in) with precise @ and . positions 
Wrong Input : E.g. abc.xyz@bl.co.in Email has 3 mandatory parts (abc, bl & co) and 2 optional (xyz & in) with precise @ and . positions 
Wrong Input : E.g. abc.xyz@bl.co.in Email has 3 mandatory parts (abc, bl & co) and 2 optional (xyz & in) with precise @ and . positions 
Wrong Input : E.g. abc.xyz@bl.co.in Email has 3 mandatory parts (abc, bl & co) and 2 optional (xyz & in) with precise @ and . positions 
Wrong Input : E.g. abc.xyz@bl.co.in Email has 3 mandatory parts (abc, bl & co) and 2 optional (xyz & in) with precise @ and . positions 
Wrong Input : E.g. abc.xyz@bl.co.in Email has 3 mandatory parts (abc, bl & co) and 2 optional (xyz & in) with precise @ and . positions 
Wrong Input : E.g. abc.xyz@bl.co.in Email has 3 mandatory parts (abc, bl & co) and 2 optional (xyz & in) with precise @ and . positions 
Wrong Input : E.g. abc.xyz@bl.co.in Email has 3 mandatory parts (abc, bl & co) and 2 optional (xyz & in) with precise @ and . positions 
Wrong Input : E.g. abc.xyz@bl.co.in Email has 3 mandatory parts (abc, bl & co) and 2 optional (xyz & in) with precise @ and . positions 
Wrong Input : E.g. abc.xyz@bl.co.in Email has 3 mandatory parts (abc, bl & co) and 2 optional (xyz & in) with precise @ and . positions 
Wrong Input : E.g. abc.xyz@bl.co.in Email has 3 mandatory parts (abc, bl & co) and 2 optional (xyz & in) with precise @ and . positions 
Wrong Input : E.g. abc.xyz@bl.co.in Email has 3 mandatory parts (abc, bl & co) and 2 optional (xyz & in) with precise @ and . positions 
Wrong Input : E.g. abc.xyz@bl.co.in Email has 3 mandatory parts (abc, bl & co) and 2 optional (xyz & in) with precise @ and . positions 
Wrong Input : E.g. abc.xyz@bl.co.in Email has 3 mandatory parts (abc, bl & co) and 2 optional (xyz & in) with precise @ and . positions 
Wrong Input : E.g. abc.xyz@bl.co.in Email has 3 mandatory parts (abc, bl & co) and 2 optional (xyz & in) with precise @ and . positions 
Wrong Input : E.g. abc.xyz@bl.co.in Email has 3 mandatory parts (abc, bl & co) and 2 optional (xyz & in) with precise @ and . positions 
Wrong Input : E.g. abc.xyz@bl.co.in Email has 3 mandatory parts (abc, bl & co) and 2 optional (xyz & in) with precise @ and . positions 
Wrong Input : E.g. abc.xyz@bl.co.in Email has 3 mandatory parts (abc, bl & co) and 2 optional (xyz & in) with precise @ and . positions 
Wrong Input : E.g. abc.xyz@bl.co.in Email has 3 mandatory parts (abc, bl & co) and 2 optional (xyz & in) with precise @ and . positions 
Wrong Input : E.g. abc.xyz@bl.co.in Email has 3 mandatory parts (abc, bl & co) and 2 optional (xyz & in) with precise @ and . positions 
Wrong Input : E.g. abc.xyz@bl.co.in Email has 3 mandatory parts (abc, bl & co) and 2 optional (xyz & in) with precise @ and . positions 
Wrong Input : E.g. abc.xyz@bl.co.in Email has 3 mandatory parts (abc, bl & co) and 2 optional (xyz & in) with precise @ and . positions 
Wrong Input : E.g. abc.xyz@bl.co.in Email has 3 mandatory parts (abc, bl & co) and 2 optional (xyz & in) with precise @ and . positions 
Wrong Input : E.g. abc.xyz@bl.co.in Email has 3 mandatory parts (abc, bl & co) and 2 optional (xyz & in) with precise @ and . positions 
Wrong Input : E.g. abc.xyz@bl.co.in Email has 3 mandatory parts (abc, bl & co) and 2 optional (xyz & in) with precise @ and . positions 
Wrong Input : E.g. abc.xyz@bl.co.in Email has 3 mandatory parts (abc, bl & co) and 2 optional (xyz & in) with precise @ and . positions 
Wrong Input : E.g. abc.xyz@bl.co.in Email has 3 mandatory parts (abc, bl & co) and 2 optional (xyz & in) with precise @ and . positions 
Wrong Input : E.g. abc.xyz@bl.co.in Email has 3 mandatory parts (abc, bl & co) and 2 optional (xyz & in) with precise @ and . positions 
Wrong Input : E.g. abc.xyz@bl.co.in Email has 3 mandatory parts (abc, bl & co) and 2 optional (xyz & in) with precise @ and . positions 
Wrong Input : E.g. abc.xyz@bl.co.in Email has 3 mandatory parts (abc, bl & co) and 2 optional (xyz & in) with precise @ and . positions 
Wrong Input : E.g. abc.xyz@bl.co.in Email has 3 mandatory parts (abc, bl & co) and 2 optional (xyz & in) with precise @ and . positions 
Wrong Input : E.g. abc.xyz@bl.co.in Email has 3 mandatory parts (abc, bl & co) and 2 optional (xyz & in) with precise @ and . positions 
Wrong Input : E.g. abc.xyz@bl.co.in Email has 3 mandatory parts (abc, bl & co) and 2 optional (xyz & in) with precise @ and . positions 
Wrong Input : E.g. abc.xyz@bl.co.in Email has 3 mandatory parts (abc, bl & co) and 2 optional (xyz & in) with precise @ and . positions 
Wrong Input : E.g. abc.xyz@bl.co.in Email has 3 mandatory parts (abc, bl & co) and 2 optional (xyz & in) with precise @ and . positions 
Wrong Input : E.g. abc.xyz@bl.co.in Email has 3 mandatory parts (abc, bl & co) and 2 optional (xyz & in) with precise @ and . positions 
Wrong Input : E.g. abc.xyz@bl.co.in Email has 3 mandatory parts (abc, bl & co) and 2 optional (xyz & in) with precise @ and . positions 
Wrong Input : E.g. abc.xyz@bl.co.in Email has 3 mandatory parts (abc, bl & co) and 2 optional (xyz & in) with precise @ and . positions 
Wrong Input : E.g. abc.xyz@bl.co.in Email has 3 mandatory parts (abc, bl & co) and 2 optional (xyz & in) with precise @ and . positions 
Wrong Input : E.g. abc.xyz@bl.co.in Email has 3 mandatory parts (abc, bl & co) and 2 optional (xyz & in) with precise @ and . positions 
Wrong Input : E.g. abc.xyz@bl.co.in Email has 3 mandatory parts (abc, bl & co) and 2 optional (xyz & in) with precise @ and . positions 
Wrong Input : E.g. abc.xyz@bl.co.in Email has 3 mandatory parts (abc, bl & co) and 2 optional (xyz & in) with precise @ and . positions 
Wrong Input : E.g. abc.xyz@bl.co.in Email has 3 mandatory parts (abc, bl & co) and 2 optional (xyz & in) with precise @ and . positions 
Wrong Input : E.g. abc.xyz@bl.co.in Email has 3 mandatory parts (abc, bl & co) and 2 optional (xyz & in) with precise @ and . positions 
Wrong Input : E.g. abc.xyz@bl.co.in Email has 3 mandatory parts (abc, bl & co) and 2 optional (xyz & in) with precise @ and . positions 
Wrong Input : E.g. abc.xyz@bl.co.in Email has 3 mandatory parts (abc, bl & co) and 2 optional (xyz & in) with precise @ and . positions 
Wrong Input : E.g. abc.xyz@bl.co.in Email has 3 mandatory parts (abc, bl & co) and 2 optional (xyz & in) with precise @ and . positions 
Wrong Input : E.g. abc.xyz@bl.co.in Email has 3 mandatory parts (abc, bl & co) and 2 optional (xyz & in) with precise @ and . positions 
Wrong Input : E.g. abc.xyz@bl.co.in Email has 3 mandatory parts (abc, bl & co) and 2 optional (xyz & in) with precise @ and . positions 
Wrong Input : E.g. abc.xyz@bl.co.in Email has 3 mandatory parts (abc, bl & co) and 2 optional (xyz & in) with precise @ and . positions 
Wrong Input : E.g. abc.xyz@bl.co.in Email has 3 mandatory parts (abc, bl & co) and 2 optional (xyz & in) with precise @ and . positions 
Wrong Input : E.g. abc.xyz@bl.co.in Email has 3 mandatory parts (abc, bl & co) and 2 optional (xyz & in) with precise @ and . positions 
Wrong Input : E.g. abc.xyz@bl.co.in Email has 3 mandatory parts (abc, bl & co) and 2 optional (xyz & in) with precise @ and . positions 
Wrong Input : E.g. abc.xyz@bl.co.in Email has 3 mandatory parts (abc, bl & co) and 2 optional (xyz & in) with precise @ and . positions 
Wrong Input : E.g. abc.xyz@bl.co.in Email has 3 mandatory parts (abc, bl & co) and 2 optional (xyz & in) with precise @ and . positions 
Wrong Input : E.g. abc.xyz@bl.co.in Email has 3 mandatory parts (abc, bl & co) and 2 optional (xyz & in) with precise @ and . positions 
Wrong Input : E.g. abc.xyz@bl.co.in Email has 3 mandatory parts (abc, bl & co) and 2 optional (xyz & in) with precise @ and . positions 
Wrong Input : E.g. abc.xyz@bl.co.in Email has 3 mandatory parts (abc, bl & co) and 2 optional (xyz & in) with precise @ and . positions 
Wrong Input : E.g. abc.xyz@bl.co.in Email has 3 mandatory parts (abc, bl & co) and 2 optional (xyz & in) with precise @ and . positions 
Wrong Input : E.g. abc.xyz@bl.co.in Email has 3 mandatory parts (abc, bl & co) and 2 optional (xyz & in) with precise @ and . positions 
Wrong Input : E.g. abc.xyz@bl.co.in Email has 3 mandatory parts (abc, bl & co) and 2 optional (xyz & in) with precise @ and . positions 
Wrong Input : E.g. abc.xyz@bl.co.in Email has 3 mandatory parts (abc, bl & co) and 2 optional (xyz & in) with precise @ and . positions 
Wrong Input : E.g. abc.xyz@bl.co.in Email has 3 mandatory parts (abc, bl & co) and 2 optional (xyz & in) with precise @ and . positions 
Wrong Input : E.g. abc.xyz@bl.co.in Email has 3 mandatory parts (abc, bl & co) and 2 optional (xyz & in) with precise @ and . positions 
Wrong Input : E.g. abc.xyz@bl.co.in Email has 3 mandatory parts (abc, bl & co) and 2 optional (xyz & in) with precise @ and . positions 
Wrong Input : E.g. abc.xyz@bl.co.in Email has 3 mandatory parts (abc, bl & co) and 2 optional (xyz & in) with precise @ and . positions 
Wrong Input : E.g. abc.xyz@bl.co.in Email has 3 mandatory parts (abc, bl & co) and 2 optional (xyz & in) with precise @ and . positions 
Wrong Input : E.g. abc.xyz@bl.co.in Email has 3 mandatory parts (abc, bl & co) and 2 optional (xyz & in) with precise @ and . positions 
Wrong Input : E.g. abc.xyz@bl.co.in Email has 3 mandatory parts (abc, bl & co) and 2 optional (xyz & in) with precise @ and . positions 
Wrong Input : E.g. abc.xyz@bl.co.in Email has 3 mandatory parts (abc, bl & co) and 2 optional (xyz & in) with precise @ and . positions 
Wrong Input : E.g. abc.xyz@bl.co.in Email has 3 mandatory parts (abc, bl & co) and 2 optional (xyz & in) with precise @ and . positions 
Wrong Input : E.g. abc.xyz@bl.co.in Email has 3 mandatory parts (abc, bl & co) and 2 optional (xyz & in) with precise @ and . positions 
Wrong Input : E.g. abc.xyz@bl.co.in Email has 3 mandatory parts (abc, bl & co) and 2 optional (xyz & in) with precise @ and . positions 
Wrong Input : E.g. abc.xyz@bl.co.in Email has 3 mandatory parts (abc, bl & co) and 2 optional (xyz & in) with precise @ and . positions 
Wrong Input : E.g. abc.xyz@bl.co.in Email has 3 mandatory parts (abc, bl & co) and 2 optional (xyz & in) with precise @ and . positions 
Wrong Input : E.g. abc.xyz@bl.co.in Email has 3 mandatory parts (abc, bl & co) and 2 optional (xyz & in) with precise @ and . positions 
Wrong Input : E.g. abc.xyz@bl.co.in Email has 3 mandatory parts (abc, bl & co) and 2 optional (xyz & in) with precise @ and . positions 
Wrong Input : E.g. abc.xyz@bl.co.in Email has 3 mandatory parts (abc, bl & co) and 2 optional (xyz & in) with precise @ and . positions 
Wrong Input : E.g. abc.xyz@bl.co.in Email has 3 mandatory parts (abc, bl & co) and 2 optional (xyz & in) with precise @ and . positions 
Wrong Input : E.g. abc.xyz@bl.co.in Email has 3 mandatory parts (abc, bl & co) and 2 optional (xyz & in) with precise @ and . positions 
Wrong Input : E.g. abc.xyz@bl.co.in Email has 3 mandatory parts (abc, bl & co) and 2 optional (xyz & in) with precise @ and . positions 
Wrong Input : E.g. abc.xyz@bl.co.in Email has 3 mandatory parts (abc, bl & co) and 2 optional (xyz & in) with precise @ and . positions 
Wrong Input : E.g. abc.xyz@bl.co.in Email has 3 mandatory parts (abc, bl & co) and 2 optional (xyz & in) with precise @ and . positions 
Wrong Input : E.g. abc.xyz@bl.co.in Email has 3 mandatory parts (abc, bl & co) and 2 optional (xyz & in) with precise @ and . positions 
Wrong Input : E.g. abc.xyz@bl.co.in Email has 3 mandatory parts (abc, bl & co) and 2 optional (xyz & in) with precise @ and . positions 
Wrong Input : E.g. abc.xyz@bl.co.in Email has 3 mandatory parts (abc, bl & co) and 2 optional (xyz & in) with precise @ and . positions 
Wrong Input : E.g. abc.xyz@bl.co.in Email has 3 mandatory parts (abc, bl & co) and 2 optional (xyz & in) with precise @ and . positions 
Wrong Input : E.g. abc.xyz@bl.co.in Email has 3 mandatory parts (abc, bl & co) and 2 optional (xyz & in) with precise @ and . positions 
Wrong Input : E.g. abc.xyz@bl.co.in Email has 3 mandatory parts (abc, bl & co) and 2 optional (xyz & in) with precise @ and . positions 
Wrong Input : E.g. abc.xyz@bl.co.in Email has 3 mandatory parts (abc, bl & co) and 2 optional (xyz & in) with precise @ and . positions 
Wrong Input : E.g. abc.xyz@bl.co.in Email has 3 mandatory parts (abc, bl & co) and 2 optional (xyz & in) with precise @ and . positions 
Wrong Input : E.g. abc.xyz@bl.co.in Email has 3 mandatory parts (abc, bl & co) and 2 optional (xyz & in) with precise @ and . positions 
Wrong Input : E.g. abc.xyz@bl.co.in Email has 3 mandatory parts (abc, bl & co) and 2 optional (xyz & in) with precise @ and . positions 
Wrong Input : E.g. abc.xyz@bl.co.in Email has 3 mandatory parts (abc, bl & co) and 2 optional (xyz & in) with precise @ and . positions 
Wrong Input : E.g. abc.xyz@bl.co.in Email has 3 mandatory parts (abc, bl & co) and 2 optional (xyz & in) with precise @ and . positions 
Wrong Input : E.g. abc.xyz@bl.co.in Email has 3 mandatory parts (abc, bl & co) and 2 optional (xyz & in) with precise @ and . positions 
Wrong Input : E.g. abc.xyz@bl.co.in Email has 3 mandatory parts (abc, bl & co) and 2 optional (xyz & in) with precise @ and . positions 
Wrong Input : E.g. abc.xyz@bl.co.in Email has 3 mandatory parts (abc, bl & co) and 2 optional (xyz & in) with precise @ and . positions 
Wrong Input : E.g. abc.xyz@bl.co.in Email has 3 mandatory parts (abc, bl & co) and 2 optional (xyz & in) with precise @ and . positions 
Wrong Input : E.g. abc.xyz@bl.co.in Email has 3 mandatory parts (abc, bl & co) and 2 optional (xyz & in) with precise @ and . positions 
Wrong Input : E.g. abc.xyz@bl.co.in Email has 3 mandatory parts (abc, bl & co) and 2 optional (xyz & in) with precise @ and . positions 
Wrong Input : E.g. abc.xyz@bl.co.in Email has 3 mandatory parts (abc, bl & co) and 2 optional (xyz & in) with precise @ and . positions 
Wrong Input : E.g. abc.xyz@bl.co.in Email has 3 mandatory parts (abc, bl & co) and 2 optional (xyz & in) with precise @ and . positions 
Wrong Input : E.g. abc.xyz@bl.co.in Email has 3 mandatory parts (abc, bl & co) and 2 optional (xyz & in) with precise @ and . positions 
Wrong Input : E.g. abc.xyz@bl.co.in Email has 3 mandatory parts (abc, bl & co) and 2 optional (xyz & in) with precise @ and . positions 
Wrong Input : E.g. abc.xyz@bl.co.in Email has 3 mandatory parts (abc, bl & co) and 2 optional (xyz & in) with precise @ and . positions 
Wrong Input : E.g. abc.xyz@bl.co.in Email has 3 mandatory parts (abc, bl & co) and 2 optional (xyz & in) with precise @ and . positions 
Wrong Input : E.g. abc.xyz@bl.co.in Email has 3 mandatory parts (abc, bl & co) and 2 optional (xyz & in) with precise @ and . positions 
Wrong Input : E.g. abc.xyz@bl.co.in Email has 3 mandatory parts (abc, bl & co) and 2 optional (xyz & in) with precise @ and . positions 
Wrong Input : E.g. abc.xyz@bl.co.in Email has 3 mandatory parts (abc, bl & co) and 2 optional (xyz & in) with precise @ and . positions 
Wrong Input : E.g. abc.xyz@bl.co.in Email has 3 mandatory parts (abc, bl & co) and 2 optional (xyz & in) with precise @ and . positions 
Wrong Input : E.g. abc.xyz@bl.co.in Email has 3 mandatory parts (abc, bl & co) and 2 optional (xyz & in) with precise @ and . positions 
Wrong Input : E.g. abc.xyz@bl.co.in Email has 3 mandatory parts (abc, bl & co) and 2 optional (xyz & in) with precise @ and . positions 
Wrong Input : E.g. abc.xyz@bl.co.in Email has 3 mandatory parts (abc, bl & co) and 2 optional (xyz & in) with precise @ and . positions 
Wrong Input : E.g. abc.xyz@bl.co.in Email has 3 mandatory parts (abc, bl & co) and 2 optional (xyz & in) with precise @ and . positions 
Wrong Input : E.g. abc.xyz@bl.co.in Email has 3 mandatory parts (abc, bl & co) and 2 optional (xyz & in) with precise @ and . positions 
Wrong Input : E.g. abc.xyz@bl.co.in Email has 3 mandatory parts (abc, bl & co) and 2 optional (xyz & in) with precise @ and . positions 
Wrong Input : E.g. abc.xyz@bl.co.in Email has 3 mandatory parts (abc, bl & co) and 2 optional (xyz & in) with precise @ and . positions 
Wrong Input : E.g. abc.xyz@bl.co.in Email has 3 mandatory parts (abc, bl & co) and 2 optional (xyz & in) with precise @ and . positions 
Wrong Input : E.g. abc.xyz@bl.co.in Email has 3 mandatory parts (abc, bl & co) and 2 optional (xyz & in) with precise @ and . positions 
Wrong Input : E.g. abc.xyz@bl.co.in Email has 3 mandatory parts (abc, bl & co) and 2 optional (xyz & in) with precise @ and . positions 
Wrong Input : E.g. abc.xyz@bl.co.in Email has 3 mandatory parts (abc, bl & co) and 2 optional (xyz & in) with precise @ and . positions 
Wrong Input : E.g. abc.xyz@bl.co.in Email has 3 mandatory parts (abc, bl & co) and 2 optional (xyz & in) with precise @ and . positions 
Wrong Input : E.g. abc.xyz@bl.co.in Email has 3 mandatory parts (abc, bl & co) and 2 optional (xyz & in) with precise @ and . positions 
Wrong Input : E.g. abc.xyz@bl.co.in Email has 3 mandatory parts (abc, bl & co) and 2 optional (xyz & in) with precise @ and . positions 
Wrong Input : E.g. abc.xyz@bl.co.in Email has 3 mandatory parts (abc, bl & co) and 2 optional (xyz & in) with precise @ and . positions 
Wrong Input : E.g. abc.xyz@bl.co.in Email has 3 mandatory parts (abc, bl & co) and 2 optional (xyz & in) with precise @ and . positions 
Wrong Input : E.g. abc.xyz@bl.co.in Email has 3 mandatory parts (abc, bl & co) and 2 optional (xyz & in) with precise @ and . positions 
Wrong Input : E.g. abc.xyz@bl.co.in Email has 3 mandatory parts (abc, bl & co) and 2 optional (xyz & in) with precise @ and . positions 
Wrong Input : E.g. abc.xyz@bl.co.in Email has 3 mandatory parts (abc, bl & co) and 2 optional (xyz & in) with precise @ and . positions 
Wrong Input : E.g. abc.xyz@bl.co.in Email has 3 mandatory parts (abc, bl & co) and 2 optional (xyz & in) with precise @ and . positions 
Wrong Input : E.g. abc.xyz@bl.co.in Email has 3 mandatory parts (abc, bl & co) and 2 optional (xyz & in) with precise @ and . positions 
Wrong Input : E.g. abc.xyz@bl.co.in Email has 3 mandatory parts (abc, bl & co) and 2 optional (xyz & in) with precise @ and . positions 
Wrong Input : E.g. abc.xyz@bl.co.in Email has 3 mandatory parts (abc, bl & co) and 2 optional (xyz & in) with precise @ and . positions 
Wrong Input : E.g. abc.xyz@bl.co.in Email has 3 mandatory parts (abc, bl & co) and 2 optional (xyz & in) with precise @ and . positions 
Wrong Input : E.g. abc.xyz@bl.co.in Email has 3 mandatory parts (abc, bl & co) and 2 optional (xyz & in) with precise @ and . positions 
Wrong Input : E.g. abc.xyz@bl.co.in Email has 3 mandatory parts (abc, bl & co) and 2 optional (xyz & in) with precise @ and . positions 
Wrong Input : E.g. abc.xyz@bl.co.in Email has 3 mandatory parts (abc, bl & co) and 2 optional (xyz & in) with precise @ and . positions 
Wrong Input : E.g. abc.xyz@bl.co.in Email has 3 mandatory parts (abc, bl & co) and 2 optional (xyz & in) with precise @ and . positions 
Wrong Input : E.g. abc.xyz@bl.co.in Email has 3 mandatory parts (abc, bl & co) and 2 optional (xyz & in) with precise @ and . positions 
Wrong Input : E.g. abc.xyz@bl.co.in Email has 3 mandatory parts (abc, bl & co) and 2 optional (xyz & in) with precise @ and . positions 
Wrong Input : E.g. abc.xyz@bl.co.in Email has 3 mandatory parts (abc, bl & co) and 2 optional (xyz & in) with precise @ and . positions 
Wrong Input : E.g. abc.xyz@bl.co.in Email has 3 mandatory parts (abc, bl & co) and 2 optional (xyz & in) with precise @ and . positions 
Wrong Input : E.g. abc.xyz@bl.co.in Email has 3 mandatory parts (abc, bl & co) and 2 optional (xyz & in) with precise @ and . positions 
Wrong Input : E.g. abc.xyz@bl.co.in Email has 3 mandatory parts (abc, bl & co) and 2 optional (xyz & in) with precise @ and . positions 
Wrong Input : E.g. abc.xyz@bl.co.in Email has 3 mandatory parts (abc, bl & co) and 2 optional (xyz & in) with precise @ and . positions 
Wrong Input : E.g. abc.xyz@bl.co.in Email has 3 mandatory parts (abc, bl & co) and 2 optional (xyz & in) with precise @ and . positions 
Wrong Input : E.g. abc.xyz@bl.co.in Email has 3 mandatory parts (abc, bl & co) and 2 optional (xyz & in) with precise @ and . positions 
Wrong Input : E.g. abc.xyz@bl.co.in Email has 3 mandatory parts (abc, bl & co) and 2 optional (xyz & in) with precise @ and . positions 
Wrong Input : E.g. abc.xyz@bl.co.in Email has 3 mandatory parts (abc, bl & co) and 2 optional (xyz & in) with precise @ and . positions 
Wrong Input : E.g. abc.xyz@bl.co.in Email has 3 mandatory parts (abc, bl & co) and 2 optional (xyz & in) with precise @ and . positions 
Wrong Input : E.g. abc.xyz@bl.co.in Email has 3 mandatory parts (abc, bl & co) and 2 optional (xyz & in) with precise @ and . positions 
Wrong Input : E.g. abc.xyz@bl.co.in Email has 3 mandatory parts (abc, bl & co) and 2 optional (xyz & in) with precise @ and . positions 
Wrong Input : E.g. abc.xyz@bl.co.in Email has 3 mandatory parts (abc, bl & co) and 2 optional (xyz & in) with precise @ and . positions 
Wrong Input : E.g. abc.xyz@bl.co.in Email has 3 mandatory parts (abc, bl & co) and 2 optional (xyz & in) with precise @ and . positions 
Wrong Input : E.g. abc.xyz@bl.co.in Email has 3 mandatory parts (abc, bl & co) and 2 optional (xyz & in) with precise @ and . positions 
Wrong Input : E.g. abc.xyz@bl.co.in Email has 3 mandatory parts (abc, bl & co) and 2 optional (xyz & in) with precise @ and . positions 
Wrong Input : E.g. abc.xyz@bl.co.in Email has 3 mandatory parts (abc, bl & co) and 2 optional (xyz & in) with precise @ and . positions 
Wrong Input : E.g. abc.xyz@bl.co.in Email has 3 mandatory parts (abc, bl & co) and 2 optional (xyz & in) with precise @ and . positions 
Wrong Input : E.g. abc.xyz@bl.co.in Email has 3 mandatory parts (abc, bl & co) and 2 optional (xyz & in) with precise @ and . positions 
Wrong Input : E.g. abc.xyz@bl.co.in Email has 3 mandatory parts (abc, bl & co) and 2 optional (xyz & in) with precise @ and . positions 
Wrong Input : E.g. abc.xyz@bl.co.in Email has 3 mandatory parts (abc, bl & co) and 2 optional (xyz & in) with precise @ and . positions 
Wrong Input : E.g. abc.xyz@bl.co.in Email has 3 mandatory parts (abc, bl & co) and 2 optional (xyz & in) with precise @ and . positions 
Wrong Input : E.g. abc.xyz@bl.co.in Email has 3 mandatory parts (abc, bl & co) and 2 optional (xyz & in) with precise @ and . positions 
Wrong Input : E.g. abc.xyz@bl.co.in Email has 3 mandatory parts (abc, bl & co) and 2 optional (xyz & in) with precise @ and . positions 
Wrong Input : E.g. abc.xyz@bl.co.in Email has 3 mandatory parts (abc, bl & co) and 2 optional (xyz & in) with precise @ and . positions 
Wrong Input : E.g. abc.xyz@bl.co.in Email has 3 mandatory parts (abc, bl & co) and 2 optional (xyz & in) with precise @ and . positions 
Wrong Input : E.g. abc.xyz@bl.co.in Email has 3 mandatory parts (abc, bl & co) and 2 optional (xyz & in) with precise @ and . positions 
Wrong Input : E.g. abc.xyz@bl.co.in Email has 3 mandatory parts (abc, bl & co) and 2 optional (xyz & in) with precise @ and . positions 
Wrong Input : E.g. abc.xyz@bl.co.in Email has 3 mandatory parts (abc, bl & co) and 2 optional (xyz & in) with precise @ and . positions 
Wrong Input : E.g. abc.xyz@bl.co.in Email has 3 mandatory parts (abc, bl & co) and 2 optional (xyz & in) with precise @ and . positions 
Wrong Input : E.g. abc.xyz@bl.co.in Email has 3 mandatory parts (abc, bl & co) and 2 optional (xyz & in) with precise @ and . positions 
Wrong Input : E.g. abc.xyz@bl.co.in Email has 3 mandatory parts (abc, bl & co) and 2 optional (xyz & in) with precise @ and . positions 
Wrong Input : E.g. abc.xyz@bl.co.in Email has 3 mandatory parts (abc, bl & co) and 2 optional (xyz & in) with precise @ and . positions 
Wrong Input : E.g. abc.xyz@bl.co.in Email has 3 mandatory parts (abc, bl & co) and 2 optional (xyz & in) with precise @ and . positions 
Wrong Input : E.g. abc.xyz@bl.co.in Email has 3 mandatory parts (abc, bl & co) and 2 optional (xyz & in) with precise @ and . positions 
Wrong Input : E.g. abc.xyz@bl.co.in Email has 3 mandatory parts (abc, bl & co) and 2 optional (xyz & in) with precise @ and . positions 
Wrong Input : E.g. abc.xyz@bl.co.in Email has 3 mandatory parts (abc, bl & co) and 2 optional (xyz & in) with precise @ and . positions 
Wrong Input : E.g. abc.xyz@bl.co.in Email has 3 mandatory parts (abc, bl & co) and 2 optional (xyz & in) with precise @ and . positions 
Wrong Input : E.g. abc.xyz@bl.co.in Email has 3 mandatory parts (abc, bl & co) and 2 optional (xyz & in) with precise @ and . positions 
Wrong Input : E.g. abc.xyz@bl.co.in Email has 3 mandatory parts (abc, bl & co) and 2 optional (xyz & in) with precise @ and . positions 
Wrong Input : E.g. abc.xyz@bl.co.in Email has 3 mandatory parts (abc, bl & co) and 2 optional (xyz & in) with precise @ and . positions 
Wrong Input : E.g. abc.xyz@bl.co.in Email has 3 mandatory parts (abc, bl & co) and 2 optional (xyz & in) with precise @ and . positions 
Wrong Input : E.g. abc.xyz@bl.co.in Email has 3 mandatory parts (abc, bl & co) and 2 optional (xyz & in) with precise @ and . positions 
Wrong Input : E.g. abc.xyz@bl.co.in Email has 3 mandatory parts (abc, bl & co) and 2 optional (xyz & in) with precise @ and . positions 
Wrong Input : E.g. abc.xyz@bl.co.in Email has 3 mandatory parts (abc, bl & co) and 2 optional (xyz & in) with precise @ and . positions 
Wrong Input : E.g. abc.xyz@bl.co.in Email has 3 mandatory parts (abc, bl & co) and 2 optional (xyz & in) with precise @ and . positions 
Wrong Input : E.g. abc.xyz@bl.co.in Email has 3 mandatory parts (abc, bl & co) and 2 optional (xyz & in) with precise @ and . positions 
Wrong Input : E.g. abc.xyz@bl.co.in Email has 3 mandatory parts (abc, bl & co) and 2 optional (xyz & in) with precise @ and . positions 
Wrong Input : E.g. abc.xyz@bl.co.in Email has 3 mandatory parts (abc, bl & co) and 2 optional (xyz & in) with precise @ and . positions 
Wrong Input : E.g. abc.xyz@bl.co.in Email has 3 mandatory parts (abc, bl & co) and 2 optional (xyz & in) with precise @ and . positions 
Wrong Input : E.g. abc.xyz@bl.co.in Email has 3 mandatory parts (abc, bl & co) and 2 optional (xyz & in) with precise @ and . positions 
Wrong Input : E.g. abc.xyz@bl.co.in Email has 3 mandatory parts (abc, bl & co) and 2 optional (xyz & in) with precise @ and . positions 
Wrong Input : E.g. abc.xyz@bl.co.in Email has 3 mandatory parts (abc, bl & co) and 2 optional (xyz & in) with precise @ and . positions 
Wrong Input : E.g. abc.xyz@bl.co.in Email has 3 mandatory parts (abc, bl & co) and 2 optional (xyz & in) with precise @ and . positions 
Wrong Input : E.g. abc.xyz@bl.co.in Email has 3 mandatory parts (abc, bl & co) and 2 optional (xyz & in) with precise @ and . positions 
Wrong Input : E.g. abc.xyz@bl.co.in Email has 3 mandatory parts (abc, bl & co) and 2 optional (xyz & in) with precise @ and . positions 
Wrong Input : E.g. abc.xyz@bl.co.in Email has 3 mandatory parts (abc, bl & co) and 2 optional (xyz & in) with precise @ and . positions 
Wrong Input : E.g. abc.xyz@bl.co.in Email has 3 mandatory parts (abc, bl & co) and 2 optional (xyz & in) with precise @ and . positions 
Wrong Input : E.g. abc.xyz@bl.co.in Email has 3 mandatory parts (abc, bl & co) and 2 optional (xyz & in) with precise @ and . positions 
Wrong Input : E.g. abc.xyz@bl.co.in Email has 3 mandatory parts (abc, bl & co) and 2 optional (xyz & in) with precise @ and . positions 
Wrong Input : E.g. abc.xyz@bl.co.in Email has 3 mandatory parts (abc, bl & co) and 2 optional (xyz & in) with precise @ and . positions 
Wrong Input : E.g. abc.xyz@bl.co.in Email has 3 mandatory parts (abc, bl & co) and 2 optional (xyz & in) with precise @ and . positions 
Wrong Input : E.g. abc.xyz@bl.co.in Email has 3 mandatory parts (abc, bl & co) and 2 optional (xyz & in) with precise @ and . positions 
Wrong Input : E.g. abc.xyz@bl.co.in Email has 3 mandatory parts (abc, bl & co) and 2 optional (xyz & in) with precise @ and . positions 
Wrong Input : E.g. abc.xyz@bl.co.in Email has 3 mandatory parts (abc, bl & co) and 2 optional (xyz & in) with precise @ and . positions 
Wrong Input : E.g. abc.xyz@bl.co.in Email has 3 mandatory parts (abc, bl & co) and 2 optional (xyz & in) with precise @ and . positions 
Wrong Input : E.g. abc.xyz@bl.co.in Email has 3 mandatory parts (abc, bl & co) and 2 optional (xyz & in) with precise @ and . positions 
Wrong Input : E.g. abc.xyz@bl.co.in Email has 3 mandatory parts (abc, bl & co) and 2 optional (xyz & in) with precise @ and . positions 
Wrong Input : E.g. abc.xyz@bl.co.in Email has 3 mandatory parts (abc, bl & co) and 2 optional (xyz & in) with precise @ and . positions 
Wrong Input : E.g. abc.xyz@bl.co.in Email has 3 mandatory parts (abc, bl & co) and 2 optional (xyz & in) with precise @ and . positions 
Wrong Input : E.g. abc.xyz@bl.co.in Email has 3 mandatory parts (abc, bl & co) and 2 optional (xyz & in) with precise @ and . positions 
Wrong Input : E.g. abc.xyz@bl.co.in Email has 3 mandatory parts (abc, bl & co) and 2 optional (xyz & in) with precise @ and . positions 
Wrong Input : E.g. abc.xyz@bl.co.in Email has 3 mandatory parts (abc, bl & co) and 2 optional (xyz & in) with precise @ and . positions 
Wrong Input : E.g. abc.xyz@bl.co.in Email has 3 mandatory parts (abc, bl & co) and 2 optional (xyz & in) with precise @ and . positions 
Wrong Input : E.g. abc.xyz@bl.co.in Email has 3 mandatory parts (abc, bl & co) and 2 optional (xyz & in) with precise @ and . positions 
Wrong Input : E.g. abc.xyz@bl.co.in Email has 3 mandatory parts (abc, bl & co) and 2 optional (xyz & in) with precise @ and . positions 
Wrong Input : E.g. abc.xyz@bl.co.in Email has 3 mandatory parts (abc, bl & co) and 2 optional (xyz & in) with precise @ and . positions 
Wrong Input : E.g. abc.xyz@bl.co.in Email has 3 mandatory parts (abc, bl & co) and 2 optional (xyz & in) with precise @ and . positions 
Wrong Input : E.g. abc.xyz@bl.co.in Email has 3 mandatory parts (abc, bl & co) and 2 optional (xyz & in) with precise @ and . positions 
Wrong Input : E.g. abc.xyz@bl.co.in Email has 3 mandatory parts (abc, bl & co) and 2 optional (xyz & in) with precise @ and . positions 
Wrong Input : E.g. abc.xyz@bl.co.in Email has 3 mandatory parts (abc, bl & co) and 2 optional (xyz & in) with precise @ and . positions 
Wrong Input : E.g. abc.xyz@bl.co.in Email has 3 mandatory parts (abc, bl & co) and 2 optional (xyz & in) with precise @ and . positions 
Wrong Input : E.g. abc.xyz@bl.co.in Email has 3 mandatory parts (abc, bl & co) and 2 optional (xyz & in) with precise @ and . positions 
Wrong Input : E.g. abc.xyz@bl.co.in Email has 3 mandatory parts (abc, bl & co) and 2 optional (xyz & in) with precise @ and . positions 
Wrong Input : E.g. abc.xyz@bl.co.in Email has 3 mandatory parts (abc, bl & co) and 2 optional (xyz & in) with precise @ and . positions 
Wrong Input : E.g. abc.xyz@bl.co.in Email has 3 mandatory parts (abc, bl & co) and 2 optional (xyz & in) with precise @ and . positions 
Wrong Input : E.g. abc.xyz@bl.co.in Email has 3 mandatory parts (abc, bl & co) and 2 optional (xyz & in) with precise @ and . positions 
Wrong Input : E.g. abc.xyz@bl.co.in Email has 3 mandatory parts (abc, bl & co) and 2 optional (xyz & in) with precise @ and . positions 
Wrong Input : E.g. abc.xyz@bl.co.in Email has 3 mandatory parts (abc, bl & co) and 2 optional (xyz & in) with precise @ and . positions 
Wrong Input : E.g. abc.xyz@bl.co.in Email has 3 mandatory parts (abc, bl & co) and 2 optional (xyz & in) with precise @ and . positions 
Wrong Input : E.g. abc.xyz@bl.co.in Email has 3 mandatory parts (abc, bl & co) and 2 optional (xyz & in) with precise @ and . positions 
Wrong Input : E.g. abc.xyz@bl.co.in Email has 3 mandatory parts (abc, bl & co) and 2 optional (xyz & in) with precise @ and . positions 
Wrong Input : E.g. abc.xyz@bl.co.in Email has 3 mandatory parts (abc, bl & co) and 2 optional (xyz & in) with precise @ and . positions 
Wrong Input : E.g. abc.xyz@bl.co.in Email has 3 mandatory parts (abc, bl & co) and 2 optional (xyz & in) with precise @ and . positions 
Wrong Input : E.g. abc.xyz@bl.co.in Email has 3 mandatory parts (abc, bl & co) and 2 optional (xyz & in) with precise @ and . positions 
Wrong Input : E.g. abc.xyz@bl.co.in Email has 3 mandatory parts (abc, bl & co) and 2 optional (xyz & in) with precise @ and . positions 
Wrong Input : E.g. abc.xyz@bl.co.in Email has 3 mandatory parts (abc, bl & co) and 2 optional (xyz & in) with precise @ and . positions 
Wrong Input : E.g. abc.xyz@bl.co.in Email has 3 mandatory parts (abc, bl & co) and 2 optional (xyz & in) with precise @ and . positions 
Wrong Input : E.g. abc.xyz@bl.co.in Email has 3 mandatory parts (abc, bl & co) and 2 optional (xyz & in) with precise @ and . positions 
Wrong Input : E.g. abc.xyz@bl.co.in Email has 3 mandatory parts (abc, bl & co) and 2 optional (xyz & in) with precise @ and . positions 
Wrong Input : E.g. abc.xyz@bl.co.in Email has 3 mandatory parts (abc, bl & co) and 2 optional (xyz & in) with precise @ and . positions 
Wrong Input : E.g. abc.xyz@bl.co.in Email has 3 mandatory parts (abc, bl & co) and 2 optional (xyz & in) with precise @ and . positions 
Wrong Input : E.g. abc.xyz@bl.co.in Email has 3 mandatory parts (abc, bl & co) and 2 optional (xyz & in) with precise @ and . positions 
Wrong Input : E.g. abc.xyz@bl.co.in Email has 3 mandatory parts (abc, bl & co) and 2 optional (xyz & in) with precise @ and . positions 
Wrong Input : E.g. abc.xyz@bl.co.in Email has 3 mandatory parts (abc, bl & co) and 2 optional (xyz & in) with precise @ and . positions 
Wrong Input : E.g. abc.xyz@bl.co.in Email has 3 mandatory parts (abc, bl & co) and 2 optional (xyz & in) with precise @ and . positions 
Wrong Input : E.g. abc.xyz@bl.co.in Email has 3 mandatory parts (abc, bl & co) and 2 optional (xyz & in) with precise @ and . positions 
Wrong Input : E.g. abc.xyz@bl.co.in Email has 3 mandatory parts (abc, bl & co) and 2 optional (xyz & in) with precise @ and . positions 
Wrong Input : E.g. abc.xyz@bl.co.in Email has 3 mandatory parts (abc, bl & co) and 2 optional (xyz & in) with precise @ and . positions 
Wrong Input : E.g. abc.xyz@bl.co.in Email has 3 mandatory parts (abc, bl & co) and 2 optional (xyz & in) with precise @ and . positions 
Wrong Input : E.g. abc.xyz@bl.co.in Email has 3 mandatory parts (abc, bl & co) and 2 optional (xyz & in) with precise @ and . positions 
Wrong Input : E.g. abc.xyz@bl.co.in Email has 3 mandatory parts (abc, bl & co) and 2 optional (xyz & in) with precise @ and . positions 
Wrong Input : E.g. abc.xyz@bl.co.in Email has 3 mandatory parts (abc, bl & co) and 2 optional (xyz & in) with precise @ and . positions 
Wrong Input : E.g. abc.xyz@bl.co.in Email has 3 mandatory parts (abc, bl & co) and 2 optional (xyz & in) with precise @ and . positions 
Wrong Input : E.g. abc.xyz@bl.co.in Email has 3 mandatory parts (abc, bl & co) and 2 optional (xyz & in) with precise @ and . positions 
Wrong Input : E.g. abc.xyz@bl.co.in Email has 3 mandatory parts (abc, bl & co) and 2 optional (xyz & in) with precise @ and . positions 
Wrong Input : E.g. abc.xyz@bl.co.in Email has 3 mandatory parts (abc, bl & co) and 2 optional (xyz & in) with precise @ and . positions 
Wrong Input : E.g. abc.xyz@bl.co.in Email has 3 mandatory parts (abc, bl & co) and 2 optional (xyz & in) with precise @ and . positions 
Wrong Input : E.g. abc.xyz@bl.co.in Email has 3 mandatory parts (abc, bl & co) and 2 optional (xyz & in) with precise @ and . positions 
Wrong Input : E.g. abc.xyz@bl.co.in Email has 3 mandatory parts (abc, bl & co) and 2 optional (xyz & in) with precise @ and . positions 
Wrong Input : E.g. abc.xyz@bl.co.in Email has 3 mandatory parts (abc, bl & co) and 2 optional (xyz & in) with precise @ and . positions 
Wrong Input : E.g. abc.xyz@bl.co.in Email has 3 mandatory parts (abc, bl & co) and 2 optional (xyz & in) with precise @ and . positions 
Wrong Input : E.g. abc.xyz@bl.co.in Email has 3 mandatory parts (abc, bl & co) and 2 optional (xyz & in) with precise @ and . positions 
Wrong Input : E.g. abc.xyz@bl.co.in Email has 3 mandatory parts (abc, bl & co) and 2 optional (xyz & in) with precise @ and . positions 
Wrong Input : E.g. abc.xyz@bl.co.in Email has 3 mandatory parts (abc, bl & co) and 2 optional (xyz & in) with precise @ and . positions 
Wrong Input : E.g. abc.xyz@bl.co.in Email has 3 mandatory parts (abc, bl & co) and 2 optional (xyz & in) with precise @ and . positions 
Wrong Input : E.g. abc.xyz@bl.co.in Email has 3 mandatory parts (abc, bl & co) and 2 optional (xyz & in) with precise @ and . positions 
Wrong Input : E.g. abc.xyz@bl.co.in Email has 3 mandatory parts (abc, bl & co) and 2 optional (xyz & in) with precise @ and . positions 
Wrong Input : E.g. abc.xyz@bl.co.in Email has 3 mandatory parts (abc, bl & co) and 2 optional (xyz & in) with precise @ and . positions 
Wrong Input : E.g. abc.xyz@bl.co.in Email has 3 mandatory parts (abc, bl & co) and 2 optional (xyz & in) with precise @ and . positions 
Wrong Input : E.g. abc.xyz@bl.co.in Email has 3 mandatory parts (abc, bl & co) and 2 optional (xyz & in) with precise @ and . positions 
Wrong Input : E.g. abc.xyz@bl.co.in Email has 3 mandatory parts (abc, bl & co) and 2 optional (xyz & in) with precise @ and . positions 
Wrong Input : E.g. abc.xyz@bl.co.in Email has 3 mandatory parts (abc, bl & co) and 2 optional (xyz & in) with precise @ and . positions 
Wrong Input : E.g. abc.xyz@bl.co.in Email has 3 mandatory parts (abc, bl & co) and 2 optional (xyz & in) with precise @ and . positions 
Wrong Input : E.g. abc.xyz@bl.co.in Email has 3 mandatory parts (abc, bl & co) and 2 optional (xyz & in) with precise @ and . positions 
Wrong Input : E.g. abc.xyz@bl.co.in Email has 3 mandatory parts (abc, bl & co) and 2 optional (xyz & in) with precise @ and . positions 
Wrong Input : E.g. abc.xyz@bl.co.in Email has 3 mandatory parts (abc, bl & co) and 2 optional (xyz & in) with precise @ and . positions 
Wrong Input : E.g. abc.xyz@bl.co.in Email has 3 mandatory parts (abc, bl & co) and 2 optional (xyz & in) with precise @ and . positions 
Wrong Input : E.g. abc.xyz@bl.co.in Email has 3 mandatory parts (abc, bl & co) and 2 optional (xyz & in) with precise @ and . positions 
Wrong Input : E.g. abc.xyz@bl.co.in Email has 3 mandatory parts (abc, bl & co) and 2 optional (xyz & in) with precise @ and . positions 
Wrong Input : E.g. abc.xyz@bl.co.in Email has 3 mandatory parts (abc, bl & co) and 2 optional (xyz & in) with precise @ and . positions 
Wrong Input : E.g. abc.xyz@bl.co.in Email has 3 mandatory parts (abc, bl & co) and 2 optional (xyz & in) with precise @ and . positions 
Wrong Input : E.g. abc.xyz@bl.co.in Email has 3 mandatory parts (abc, bl & co) and 2 optional (xyz & in) with precise @ and . positions 
Wrong Input : E.g. abc.xyz@bl.co.in Email has 3 mandatory parts (abc, bl & co) and 2 optional (xyz & in) with precise @ and . positions 
Wrong Input : E.g. abc.xyz@bl.co.in Email has 3 mandatory parts (abc, bl & co) and 2 optional (xyz & in) with precise @ and . positions 
Wrong Input : E.g. abc.xyz@bl.co.in Email has 3 mandatory parts (abc, bl & co) and 2 optional (xyz & in) with precise @ and . positions 
Wrong Input : E.g. abc.xyz@bl.co.in Email has 3 mandatory parts (abc, bl & co) and 2 optional (xyz & in) with precise @ and . positions 
Wrong Input : E.g. abc.xyz@bl.co.in Email has 3 mandatory parts (abc, bl & co) and 2 optional (xyz & in) with precise @ and . positions 
Wrong Input : E.g. abc.xyz@bl.co.in Email has 3 mandatory parts (abc, bl & co) and 2 optional (xyz & in) with precise @ and . positions 
Wrong Input : E.g. abc.xyz@bl.co.in Email has 3 mandatory parts (abc, bl & co) and 2 optional (xyz & in) with precise @ and . positions 
Wrong Input : E.g. abc.xyz@bl.co.in Email has 3 mandatory parts (abc, bl & co) and 2 optional (xyz & in) with precise @ and . positions 
Wrong Input : E.g. abc.xyz@bl.co.in Email has 3 mandatory parts (abc, bl & co) and 2 optional (xyz & in) with precise @ and . positions 
Wrong Input : E.g. abc.xyz@bl.co.in Email has 3 mandatory parts (abc, bl & co) and 2 optional (xyz & in) with precise @ and . positions 
Wrong Input : E.g. abc.xyz@bl.co.in Email has 3 mandatory parts (abc, bl & co) and 2 optional (xyz & in) with precise @ and . positions 
Wrong Input : E.g. abc.xyz@bl.co.in Email has 3 mandatory parts (abc, bl & co) and 2 optional (xyz & in) with precise @ and . positions 
Wrong Input : E.g. abc.xyz@bl.co.in Email has 3 mandatory parts (abc, bl & co) and 2 optional (xyz & in) with precise @ and . positions 
Wrong Input : E.g. abc.xyz@bl.co.in Email has 3 mandatory parts (abc, bl & co) and 2 optional (xyz & in) with precise @ and . positions 
Wrong Input : E.g. abc.xyz@bl.co.in Email has 3 mandatory parts (abc, bl & co) and 2 optional (xyz & in) with precise @ and . positions 
Wrong Input : E.g. abc.xyz@bl.co.in Email has 3 mandatory parts (abc, bl & co) and 2 optional (xyz & in) with precise @ and . positions 
Wrong Input : E.g. abc.xyz@bl.co.in Email has 3 mandatory parts (abc, bl & co) and 2 optional (xyz & in) with precise @ and . positions 
Wrong Input : E.g. abc.xyz@bl.co.in Email has 3 mandatory parts (abc, bl & co) and 2 optional (xyz & in) with precise @ and . positions 
Wrong Input : E.g. abc.xyz@bl.co.in Email has 3 mandatory parts (abc, bl & co) and 2 optional (xyz & in) with precise @ and . positions 
Wrong Input : E.g. abc.xyz@bl.co.in Email has 3 mandatory parts (abc, bl & co) and 2 optional (xyz & in) with precise @ and . positions 
Wrong Input : E.g. abc.xyz@bl.co.in Email has 3 mandatory parts (abc, bl & co) and 2 optional (xyz & in) with precise @ and . positions 
Wrong Input : E.g. abc.xyz@bl.co.in Email has 3 mandatory parts (abc, bl & co) and 2 optional (xyz & in) with precise @ and . positions 
Wrong Input : E.g. abc.xyz@bl.co.in Email has 3 mandatory parts (abc, bl & co) and 2 optional (xyz & in) with precise @ and . positions 
Wrong Input : E.g. abc.xyz@bl.co.in Email has 3 mandatory parts (abc, bl & co) and 2 optional (xyz & in) with precise @ and . positions 
Wrong Input : E.g. abc.xyz@bl.co.in Email has 3 mandatory parts (abc, bl & co) and 2 optional (xyz & in) with precise @ and . positions 
Wrong Input : E.g. abc.xyz@bl.co.in Email has 3 mandatory parts (abc, bl & co) and 2 optional (xyz & in) with precise @ and . positions 
Wrong Input : E.g. abc.xyz@bl.co.in Email has 3 mandatory parts (abc, bl & co) and 2 optional (xyz & in) with precise @ and . positions 
Wrong Input : E.g. abc.xyz@bl.co.in Email has 3 mandatory parts (abc, bl & co) and 2 optional (xyz & in) with precise @ and . positions 
Wrong Input : E.g. abc.xyz@bl.co.in Email has 3 mandatory parts (abc, bl & co) and 2 optional (xyz & in) with precise @ and . positions 
Wrong Input : E.g. abc.xyz@bl.co.in Email has 3 mandatory parts (abc, bl & co) and 2 optional (xyz & in) with precise @ and . positions 
Wrong Input : E.g. abc.xyz@bl.co.in Email has 3 mandatory parts (abc, bl & co) and 2 optional (xyz & in) with precise @ and . positions 
Wrong Input : E.g. abc.xyz@bl.co.in Email has 3 mandatory parts (abc, bl & co) and 2 optional (xyz & in) with precise @ and . positions 
Wrong Input : E.g. abc.xyz@bl.co.in Email has 3 mandatory parts (abc, bl & co) and 2 optional (xyz & in) with precise @ and . positions 
Wrong Input : E.g. abc.xyz@bl.co.in Email has 3 mandatory parts (abc, bl & co) and 2 optional (xyz & in) with precise @ and . positions 
Wrong Input : E.g. abc.xyz@bl.co.in Email has 3 mandatory parts (abc, bl & co) and 2 optional (xyz & in) with precise @ and . positions 
Wrong Input : E.g. abc.xyz@bl.co.in Email has 3 mandatory parts (abc, bl & co) and 2 optional (xyz & in) with precise @ and . positions 
Wrong Input : E.g. abc.xyz@bl.co.in Email has 3 mandatory parts (abc, bl & co) and 2 optional (xyz & in) with precise @ and . positions 
Wrong Input : E.g. abc.xyz@bl.co.in Email has 3 mandatory parts (abc, bl & co) and 2 optional (xyz & in) with precise @ and . positions 
Wrong Input : E.g. abc.xyz@bl.co.in Email has 3 mandatory parts (abc, bl & co) and 2 optional (xyz & in) with precise @ and . positions 
Wrong Input : E.g. abc.xyz@bl.co.in Email has 3 mandatory parts (abc, bl & co) and 2 optional (xyz & in) with precise @ and . positions 
Wrong Input : E.g. abc.xyz@bl.co.in Email has 3 mandatory parts (abc, bl & co) and 2 optional (xyz & in) with precise @ and . positions 
Wrong Input : E.g. abc.xyz@bl.co.in Email has 3 mandatory parts (abc, bl & co) and 2 optional (xyz & in) with precise @ and . positions 
Wrong Input : E.g. abc.xyz@bl.co.in Email has 3 mandatory parts (abc, bl & co) and 2 optional (xyz & in) with precise @ and . positions 
Wrong Input : E.g. abc.xyz@bl.co.in Email has 3 mandatory parts (abc, bl & co) and 2 optional (xyz & in) with precise @ and . positions 
Wrong Input : E.g. abc.xyz@bl.co.in Email has 3 mandatory parts (abc, bl & co) and 2 optional (xyz & in) with precise @ and . positions 
Wrong Input : E.g. abc.xyz@bl.co.in Email has 3 mandatory parts (abc, bl & co) and 2 optional (xyz & in) with precise @ and . positions 
Wrong Input : E.g. abc.xyz@bl.co.in Email has 3 mandatory parts (abc, bl & co) and 2 optional (xyz & in) with precise @ and . positions 
Wrong Input : E.g. abc.xyz@bl.co.in Email has 3 mandatory parts (abc, bl & co) and 2 optional (xyz & in) with precise @ and . positions 
Wrong Input : E.g. abc.xyz@bl.co.in Email has 3 mandatory parts (abc, bl & co) and 2 optional (xyz & in) with precise @ and . positions 
Wrong Input : E.g. abc.xyz@bl.co.in Email has 3 mandatory parts (abc, bl & co) and 2 optional (xyz & in) with precise @ and . positions 
Wrong Input : E.g. abc.xyz@bl.co.in Email has 3 mandatory parts (abc, bl & co) and 2 optional (xyz & in) with precise @ and . positions 
Wrong Input : E.g. abc.xyz@bl.co.in Email has 3 mandatory parts (abc, bl & co) and 2 optional (xyz & in) with precise @ and . positions 
Wrong Input : E.g. abc.xyz@bl.co.in Email has 3 mandatory parts (abc, bl & co) and 2 optional (xyz & in) with precise @ and . positions 
Wrong Input : E.g. abc.xyz@bl.co.in Email has 3 mandatory parts (abc, bl & co) and 2 optional (xyz & in) with precise @ and . positions 
Wrong Input : E.g. abc.xyz@bl.co.in Email has 3 mandatory parts (abc, bl & co) and 2 optional (xyz & in) with precise @ and . positions 
Wrong Input : E.g. abc.xyz@bl.co.in Email has 3 mandatory parts (abc, bl & co) and 2 optional (xyz & in) with precise @ and . positions 
Wrong Input : E.g. abc.xyz@bl.co.in Email has 3 mandatory parts (abc, bl & co) and 2 optional (xyz & in) with precise @ and . positions 
Wrong Input : E.g. abc.xyz@bl.co.in Email has 3 mandatory parts (abc, bl & co) and 2 optional (xyz & in) with precise @ and . positions 
Wrong Input : E.g. abc.xyz@bl.co.in Email has 3 mandatory parts (abc, bl & co) and 2 optional (xyz & in) with precise @ and . positions 
Wrong Input : E.g. abc.xyz@bl.co.in Email has 3 mandatory parts (abc, bl & co) and 2 optional (xyz & in) with precise @ and . positions 
Wrong Input : E.g. abc.xyz@bl.co.in Email has 3 mandatory parts (abc, bl & co) and 2 optional (xyz & in) with precise @ and . positions 
Wrong Input : E.g. abc.xyz@bl.co.in Email has 3 mandatory parts (abc, bl & co) and 2 optional (xyz & in) with precise @ and . positions 
Wrong Input : E.g. abc.xyz@bl.co.in Email has 3 mandatory parts (abc, bl & co) and 2 optional (xyz & in) with precise @ and . positions 
Wrong Input : E.g. abc.xyz@bl.co.in Email has 3 mandatory parts (abc, bl & co) and 2 optional (xyz & in) with precise @ and . positions 
Wrong Input : E.g. abc.xyz@bl.co.in Email has 3 mandatory parts (abc, bl & co) and 2 optional (xyz & in) with precise @ and . positions 
Wrong Input : E.g. abc.xyz@bl.co.in Email has 3 mandatory parts (abc, bl & co) and 2 optional (xyz & in) with precise @ and . positions 
Wrong Input : E.g. abc.xyz@bl.co.in Email has 3 mandatory parts (abc, bl & co) and 2 optional (xyz & in) with precise @ and . positions 
Wrong Input : E.g. abc.xyz@bl.co.in Email has 3 mandatory parts (abc, bl & co) and 2 optional (xyz & in) with precise @ and . positions 
Wrong Input : E.g. abc.xyz@bl.co.in Email has 3 mandatory parts (abc, bl & co) and 2 optional (xyz & in) with precise @ and . positions 
Wrong Input : E.g. abc.xyz@bl.co.in Email has 3 mandatory parts (abc, bl & co) and 2 optional (xyz & in) with precise @ and . positions 
Wrong Input : E.g. abc.xyz@bl.co.in Email has 3 mandatory parts (abc, bl & co) and 2 optional (xyz & in) with precise @ and . positions 
Wrong Input : E.g. abc.xyz@bl.co.in Email has 3 mandatory parts (abc, bl & co) and 2 optional (xyz & in) with precise @ and . positions 
Wrong Input : E.g. abc.xyz@bl.co.in Email has 3 mandatory parts (abc, bl & co) and 2 optional (xyz & in) with precise @ and . positions 
Wrong Input : E.g. abc.xyz@bl.co.in Email has 3 mandatory parts (abc, bl & co) and 2 optional (xyz & in) with precise @ and . positions 
Wrong Input : E.g. abc.xyz@bl.co.in Email has 3 mandatory parts (abc, bl & co) and 2 optional (xyz & in) with precise @ and . positions 
Wrong Input : E.g. abc.xyz@bl.co.in Email has 3 mandatory parts (abc, bl & co) and 2 optional (xyz & in) with precise @ and . positions 
Wrong Input : E.g. abc.xyz@bl.co.in Email has 3 mandatory parts (abc, bl & co) and 2 optional (xyz & in) with precise @ and . positions 
Wrong Input : E.g. abc.xyz@bl.co.in Email has 3 mandatory parts (abc, bl & co) and 2 optional (xyz & in) with precise @ and . positions 
Wrong Input : E.g. abc.xyz@bl.co.in Email has 3 mandatory parts (abc, bl & co) and 2 optional (xyz & in) with precise @ and . positions 
Wrong Input : E.g. abc.xyz@bl.co.in Email has 3 mandatory parts (abc, bl & co) and 2 optional (xyz & in) with precise @ and . positions 
Wrong Input : E.g. abc.xyz@bl.co.in Email has 3 mandatory parts (abc, bl & co) and 2 optional (xyz & in) with precise @ and . positions 
Wrong Input : E.g. abc.xyz@bl.co.in Email has 3 mandatory parts (abc, bl & co) and 2 optional (xyz & in) with precise @ and . positions 
Wrong Input : E.g. abc.xyz@bl.co.in Email has 3 mandatory parts (abc, bl & co) and 2 optional (xyz & in) with precise @ and . positions 
Wrong Input : E.g. abc.xyz@bl.co.in Email has 3 mandatory parts (abc, bl & co) and 2 optional (xyz & in) with precise @ and . positions 
Wrong Input : E.g. abc.xyz@bl.co.in Email has 3 mandatory parts (abc, bl & co) and 2 optional (xyz & in) with precise @ and . positions 
Wrong Input : E.g. abc.xyz@bl.co.in Email has 3 mandatory parts (abc, bl & co) and 2 optional (xyz & in) with precise @ and . positions 
Wrong Input : E.g. abc.xyz@bl.co.in Email has 3 mandatory parts (abc, bl & co) and 2 optional (xyz & in) with precise @ and . positions 
Wrong Input : E.g. abc.xyz@bl.co.in Email has 3 mandatory parts (abc, bl & co) and 2 optional (xyz & in) with precise @ and . positions 
Wrong Input : E.g. abc.xyz@bl.co.in Email has 3 mandatory parts (abc, bl & co) and 2 optional (xyz & in) with precise @ and . positions 
Wrong Input : E.g. abc.xyz@bl.co.in Email has 3 mandatory parts (abc, bl & co) and 2 optional (xyz & in) with precise @ and . positions 
Wrong Input : E.g. abc.xyz@bl.co.in Email has 3 mandatory parts (abc, bl & co) and 2 optional (xyz & in) with precise @ and . positions 
Wrong Input : E.g. abc.xyz@bl.co.in Email has 3 mandatory parts (abc, bl & co) and 2 optional (xyz & in) with precise @ and . positions 
Wrong Input : E.g. abc.xyz@bl.co.in Email has 3 mandatory parts (abc, bl & co) and 2 optional (xyz & in) with precise @ and . positions 
Wrong Input : E.g. abc.xyz@bl.co.in Email has 3 mandatory parts (abc, bl & co) and 2 optional (xyz & in) with precise @ and . positions 
Wrong Input : E.g. abc.xyz@bl.co.in Email has 3 mandatory parts (abc, bl & co) and 2 optional (xyz & in) with precise @ and . positions 
Wrong Input : E.g. abc.xyz@bl.co.in Email has 3 mandatory parts (abc, bl & co) and 2 optional (xyz & in) with precise @ and . positions 
Wrong Input : E.g. abc.xyz@bl.co.in Email has 3 mandatory parts (abc, bl & co) and 2 optional (xyz & in) with precise @ and . positions 
Wrong Input : E.g. abc.xyz@bl.co.in Email has 3 mandatory parts (abc, bl & co) and 2 optional (xyz & in) with precise @ and . positions 
Wrong Input : E.g. abc.xyz@bl.co.in Email has 3 mandatory parts (abc, bl & co) and 2 optional (xyz & in) with precise @ and . positions 
Wrong Input : E.g. abc.xyz@bl.co.in Email has 3 mandatory parts (abc, bl & co) and 2 optional (xyz & in) with precise @ and . positions 
Wrong Input : E.g. abc.xyz@bl.co.in Email has 3 mandatory parts (abc, bl & co) and 2 optional (xyz & in) with precise @ and . positions 
Wrong Input : E.g. abc.xyz@bl.co.in Email has 3 mandatory parts (abc, bl & co) and 2 optional (xyz & in) with precise @ and . positions 
Wrong Input : E.g. abc.xyz@bl.co.in Email has 3 mandatory parts (abc, bl & co) and 2 optional (xyz & in) with precise @ and . positions 
Wrong Input : E.g. abc.xyz@bl.co.in Email has 3 mandatory parts (abc, bl & co) and 2 optional (xyz & in) with precise @ and . positions 
Wrong Input : E.g. abc.xyz@bl.co.in Email has 3 mandatory parts (abc, bl & co) and 2 optional (xyz & in) with precise @ and . positions 
Wrong Input : E.g. abc.xyz@bl.co.in Email has 3 mandatory parts (abc, bl & co) and 2 optional (xyz & in) with precise @ and . positions 
Wrong Input : E.g. abc.xyz@bl.co.in Email has 3 mandatory parts (abc, bl & co) and 2 optional (xyz & in) with precise @ and . positions 
Wrong Input : E.g. abc.xyz@bl.co.in Email has 3 mandatory parts (abc, bl & co) and 2 optional (xyz & in) with precise @ and . positions 
Wrong Input : E.g. abc.xyz@bl.co.in Email has 3 mandatory parts (abc, bl & co) and 2 optional (xyz & in) with precise @ and . positions 
Wrong Input : E.g. abc.xyz@bl.co.in Email has 3 mandatory parts (abc, bl & co) and 2 optional (xyz & in) with precise @ and . positions 
Wrong Input : E.g. abc.xyz@bl.co.in Email has 3 mandatory parts (abc, bl & co) and 2 optional (xyz & in) with precise @ and . positions 
Wrong Input : E.g. abc.xyz@bl.co.in Email has 3 mandatory parts (abc, bl & co) and 2 optional (xyz & in) with precise @ and . positions 
Wrong Input : E.g. abc.xyz@bl.co.in Email has 3 mandatory parts (abc, bl & co) and 2 optional (xyz & in) with precise @ and . positions 
Wrong Input : E.g. abc.xyz@bl.co.in Email has 3 mandatory parts (abc, bl & co) and 2 optional (xyz & in) with precise @ and . positions 
Wrong Input : E.g. abc.xyz@bl.co.in Email has 3 mandatory parts (abc, bl & co) and 2 optional (xyz & in) with precise @ and . positions 
Wrong Input : E.g. abc.xyz@bl.co.in Email has 3 mandatory parts (abc, bl & co) and 2 optional (xyz & in) with precise @ and . positions 
Wrong Input : E.g. abc.xyz@bl.co.in Email has 3 mandatory parts (abc, bl & co) and 2 optional (xyz & in) with precise @ and . positions 
Wrong Input : E.g. abc.xyz@bl.co.in Email has 3 mandatory parts (abc, bl & co) and 2 optional (xyz & in) with precise @ and . positions 
Wrong Input : E.g. abc.xyz@bl.co.in Email has 3 mandatory parts (abc, bl & co) and 2 optional (xyz & in) with precise @ and . positions 
Wrong Input : E.g. abc.xyz@bl.co.in Email has 3 mandatory parts (abc, bl & co) and 2 optional (xyz & in) with precise @ and . positions 
Wrong Input : E.g. abc.xyz@bl.co.in Email has 3 mandatory parts (abc, bl & co) and 2 optional (xyz & in) with precise @ and . positions 
Wrong Input : E.g. abc.xyz@bl.co.in Email has 3 mandatory parts (abc, bl & co) and 2 optional (xyz & in) with precise @ and . positions 
Wrong Input : E.g. abc.xyz@bl.co.in Email has 3 mandatory parts (abc, bl & co) and 2 optional (xyz & in) with precise @ and . positions 
Wrong Input : E.g. abc.xyz@bl.co.in Email has 3 mandatory parts (abc, bl & co) and 2 optional (xyz & in) with precise @ and . positions 
Wrong Input : E.g. abc.xyz@bl.co.in Email has 3 mandatory parts (abc, bl & co) and 2 optional (xyz & in) with precise @ and . positions 
Wrong Input : E.g. abc.xyz@bl.co.in Email has 3 mandatory parts (abc, bl & co) and 2 optional (xyz & in) with precise @ and . positions 
Wrong Input : E.g. abc.xyz@bl.co.in Email has 3 mandatory parts (abc, bl & co) and 2 optional (xyz & in) with precise @ and . positions 
Wrong Input : E.g. abc.xyz@bl.co.in Email has 3 mandatory parts (abc, bl & co) and 2 optional (xyz & in) with precise @ and . positions 
Wrong Input : E.g. abc.xyz@bl.co.in Email has 3 mandatory parts (abc, bl & co) and 2 optional (xyz & in) with precise @ and . positions 
Wrong Input : E.g. abc.xyz@bl.co.in Email has 3 mandatory parts (abc, bl & co) and 2 optional (xyz & in) with precise @ and . positions 
Wrong Input : E.g. abc.xyz@bl.co.in Email has 3 mandatory parts (abc, bl & co) and 2 optional (xyz & in) with precise @ and . positions 
Wrong Input : E.g. abc.xyz@bl.co.in Email has 3 mandatory parts (abc, bl & co) and 2 optional (xyz & in) with precise @ and . positions 
Wrong Input : E.g. abc.xyz@bl.co.in Email has 3 mandatory parts (abc, bl & co) and 2 optional (xyz & in) with precise @ and . positions 
Wrong Input : E.g. abc.xyz@bl.co.in Email has 3 mandatory parts (abc, bl & co) and 2 optional (xyz & in) with precise @ and . positions 
Wrong Input : E.g. abc.xyz@bl.co.in Email has 3 mandatory parts (abc, bl & co) and 2 optional (xyz & in) with precise @ and . positions 
Wrong Input : E.g. abc.xyz@bl.co.in Email has 3 mandatory parts (abc, bl & co) and 2 optional (xyz & in) with precise @ and . positions 
Wrong Input : E.g. abc.xyz@bl.co.in Email has 3 mandatory parts (abc, bl & co) and 2 optional (xyz & in) with precise @ and . positions 
Wrong Input : E.g. abc.xyz@bl.co.in Email has 3 mandatory parts (abc, bl & co) and 2 optional (xyz & in) with precise @ and . positions 
Wrong Input : E.g. abc.xyz@bl.co.in Email has 3 mandatory parts (abc, bl & co) and 2 optional (xyz & in) with precise @ and . positions 
Wrong Input : E.g. abc.xyz@bl.co.in Email has 3 mandatory parts (abc, bl & co) and 2 optional (xyz & in) with precise @ and . positions 
Wrong Input : E.g. abc.xyz@bl.co.in Email has 3 mandatory parts (abc, bl & co) and 2 optional (xyz & in) with precise @ and . positions 
Wrong Input : E.g. abc.xyz@bl.co.in Email has 3 mandatory parts (abc, bl & co) and 2 optional (xyz & in) with precise @ and . positions 
Wrong Input : E.g. abc.xyz@bl.co.in Email has 3 mandatory parts (abc, bl & co) and 2 optional (xyz & in) with precise @ and . positions 
Wrong Input : E.g. abc.xyz@bl.co.in Email has 3 mandatory parts (abc, bl & co) and 2 optional (xyz & in) with precise @ and . positions 
Wrong Input : E.g. abc.xyz@bl.co.in Email has 3 mandatory parts (abc, bl & co) and 2 optional (xyz & in) with precise @ and . positions 
Wrong Input : E.g. abc.xyz@bl.co.in Email has 3 mandatory parts (abc, bl & co) and 2 optional (xyz & in) with precise @ and . positions 
Wrong Input : E.g. abc.xyz@bl.co.in Email has 3 mandatory parts (abc, bl & co) and 2 optional (xyz & in) with precise @ and . positions 
Wrong Input : E.g. abc.xyz@bl.co.in Email has 3 mandatory parts (abc, bl & co) and 2 optional (xyz & in) with precise @ and . positions 
Wrong Input : E.g. abc.xyz@bl.co.in Email has 3 mandatory parts (abc, bl & co) and 2 optional (xyz & in) with precise @ and . positions 
Wrong Input : E.g. abc.xyz@bl.co.in Email has 3 mandatory parts (abc, bl & co) and 2 optional (xyz & in) with precise @ and . positions 
Wrong Input : E.g. abc.xyz@bl.co.in Email has 3 mandatory parts (abc, bl & co) and 2 optional (xyz & in) with precise @ and . positions 
Wrong Input : E.g. abc.xyz@bl.co.in Email has 3 mandatory parts (abc, bl & co) and 2 optional (xyz & in) with precise @ and . positions 
Wrong Input : E.g. abc.xyz@bl.co.in Email has 3 mandatory parts (abc, bl & co) and 2 optional (xyz & in) with precise @ and . positions 
Wrong Input : E.g. abc.xyz@bl.co.in Email has 3 mandatory parts (abc, bl & co) and 2 optional (xyz & in) with precise @ and . positions 
Wrong Input : E.g. abc.xyz@bl.co.in Email has 3 mandatory parts (abc, bl & co) and 2 optional (xyz & in) with precise @ and . positions 
Wrong Input : E.g. abc.xyz@bl.co.in Email has 3 mandatory parts (abc, bl & co) and 2 optional (xyz & in) with precise @ and . positions 
Wrong Input : E.g. abc.xyz@bl.co.in Email has 3 mandatory parts (abc, bl & co) and 2 optional (xyz & in) with precise @ and . positions 
Wrong Input : E.g. abc.xyz@bl.co.in Email has 3 mandatory parts (abc, bl & co) and 2 optional (xyz & in) with precise @ and . positions 
Wrong Input : E.g. abc.xyz@bl.co.in Email has 3 mandatory parts (abc, bl & co) and 2 optional (xyz & in) with precise @ and . positions 
Wrong Input : E.g. abc.xyz@bl.co.in Email has 3 mandatory parts (abc, bl & co) and 2 optional (xyz & in) with precise @ and . positions 
Wrong Input : E.g. abc.xyz@bl.co.in Email has 3 mandatory parts (abc, bl & co) and 2 optional (xyz & in) with precise @ and . positions 
Wrong Input : E.g. abc.xyz@bl.co.in Email has 3 mandatory parts (abc, bl & co) and 2 optional (xyz & in) with precise @ and . positions 
Wrong Input : E.g. abc.xyz@bl.co.in Email has 3 mandatory parts (abc, bl & co) and 2 optional (xyz & in) with precise @ and . positions 
Wrong Input : E.g. abc.xyz@bl.co.in Email has 3 mandatory parts (abc, bl & co) and 2 optional (xyz & in) with precise @ and . positions 
Wrong Input : E.g. abc.xyz@bl.co.in Email has 3 mandatory parts (abc, bl & co) and 2 optional (xyz & in) with precise @ and . positions 
Wrong Input : E.g. abc.xyz@bl.co.in Email has 3 mandatory parts (abc, bl & co) and 2 optional (xyz & in) with precise @ and . positions 
Wrong Input : E.g. abc.xyz@bl.co.in Email has 3 mandatory parts (abc, bl & co) and 2 optional (xyz & in) with precise @ and . positions 
Wrong Input : E.g. abc.xyz@bl.co.in Email has 3 mandatory parts (abc, bl & co) and 2 optional (xyz & in) with precise @ and . positions 
Wrong Input : E.g. abc.xyz@bl.co.in Email has 3 mandatory parts (abc, bl & co) and 2 optional (xyz & in) with precise @ and . positions 
Wrong Input : E.g. abc.xyz@bl.co.in Email has 3 mandatory parts (abc, bl & co) and 2 optional (xyz & in) with precise @ and . positions 
Wrong Input : E.g. abc.xyz@bl.co.in Email has 3 mandatory parts (abc, bl & co) and 2 optional (xyz & in) with precise @ and . positions 
Wrong Input : E.g. abc.xyz@bl.co.in Email has 3 mandatory parts (abc, bl & co) and 2 optional (xyz & in) with precise @ and . positions 
Wrong Input : E.g. abc.xyz@bl.co.in Email has 3 mandatory parts (abc, bl & co) and 2 optional (xyz & in) with precise @ and . positions 
Wrong Input : E.g. abc.xyz@bl.co.in Email has 3 mandatory parts (abc, bl & co) and 2 optional (xyz & in) with precise @ and . positions 
Wrong Input : E.g. abc.xyz@bl.co.in Email has 3 mandatory parts (abc, bl & co) and 2 optional (xyz & in) with precise @ and . positions 
Wrong Input : E.g. abc.xyz@bl.co.in Email has 3 mandatory parts (abc, bl & co) and 2 optional (xyz & in) with precise @ and . positions 
Wrong Input : E.g. abc.xyz@bl.co.in Email has 3 mandatory parts (abc, bl & co) and 2 optional (xyz & in) with precise @ and . positions 
Wrong Input : E.g. abc.xyz@bl.co.in Email has 3 mandatory parts (abc, bl & co) and 2 optional (xyz & in) with precise @ and . positions 
Wrong Input : E.g. abc.xyz@bl.co.in Email has 3 mandatory parts (abc, bl & co) and 2 optional (xyz & in) with precise @ and . positions 
Wrong Input : E.g. abc.xyz@bl.co.in Email has 3 mandatory parts (abc, bl & co) and 2 optional (xyz & in) with precise @ and . positions 
Wrong Input : E.g. abc.xyz@bl.co.in Email has 3 mandatory parts (abc, bl & co) and 2 optional (xyz & in) with precise @ and . positions 
Wrong Input : E.g. abc.xyz@bl.co.in Email has 3 mandatory parts (abc, bl & co) and 2 optional (xyz & in) with precise @ and . positions 
Wrong Input : E.g. abc.xyz@bl.co.in Email has 3 mandatory parts (abc, bl & co) and 2 optional (xyz & in) with precise @ and . positions 
Wrong Input : E.g. abc.xyz@bl.co.in Email has 3 mandatory parts (abc, bl & co) and 2 optional (xyz & in) with precise @ and . positions 
Wrong Input : E.g. abc.xyz@bl.co.in Email has 3 mandatory parts (abc, bl & co) and 2 optional (xyz & in) with precise @ and . positions 
Wrong Input : E.g. abc.xyz@bl.co.in Email has 3 mandatory parts (abc, bl & co) and 2 optional (xyz & in) with precise @ and . positions 
Wrong Input : E.g. abc.xyz@bl.co.in Email has 3 mandatory parts (abc, bl & co) and 2 optional (xyz & in) with precise @ and . positions 
Wrong Input : E.g. abc.xyz@bl.co.in Email has 3 mandatory parts (abc, bl & co) and 2 optional (xyz & in) with precise @ and . positions 
Wrong Input : E.g. abc.xyz@bl.co.in Email has 3 mandatory parts (abc, bl & co) and 2 optional (xyz & in) with precise @ and . positions 
Wrong Input : E.g. abc.xyz@bl.co.in Email has 3 mandatory parts (abc, bl & co) and 2 optional (xyz & in) with precise @ and . positions 
Wrong Input : E.g. abc.xyz@bl.co.in Email has 3 mandatory parts (abc, bl & co) and 2 optional (xyz & in) with precise @ and . positions 
Wrong Input : E.g. abc.xyz@bl.co.in Email has 3 mandatory parts (abc, bl & co) and 2 optional (xyz & in) with precise @ and . positions 
Wrong Input : E.g. abc.xyz@bl.co.in Email has 3 mandatory parts (abc, bl & co) and 2 optional (xyz & in) with precise @ and . positions 
Wrong Input : E.g. abc.xyz@bl.co.in Email has 3 mandatory parts (abc, bl & co) and 2 optional (xyz & in) with precise @ and . positions 
Wrong Input : E.g. abc.xyz@bl.co.in Email has 3 mandatory parts (abc, bl & co) and 2 optional (xyz & in) with precise @ and . positions 
Wrong Input : E.g. abc.xyz@bl.co.in Email has 3 mandatory parts (abc, bl & co) and 2 optional (xyz & in) with precise @ and . positions 
Wrong Input : E.g. abc.xyz@bl.co.in Email has 3 mandatory parts (abc, bl & co) and 2 optional (xyz & in) with precise @ and . positions 
Wrong Input : E.g. abc.xyz@bl.co.in Email has 3 mandatory parts (abc, bl & co) and 2 optional (xyz & in) with precise @ and . positions 
Wrong Input : E.g. abc.xyz@bl.co.in Email has 3 mandatory parts (abc, bl & co) and 2 optional (xyz & in) with precise @ and . positions 
Wrong Input : E.g. abc.xyz@bl.co.in Email has 3 mandatory parts (abc, bl & co) and 2 optional (xyz & in) with precise @ and . positions 
Wrong Input : E.g. abc.xyz@bl.co.in Email has 3 mandatory parts (abc, bl & co) and 2 optional (xyz & in) with precise @ and . positions 
Wrong Input : E.g. abc.xyz@bl.co.in Email has 3 mandatory parts (abc, bl & co) and 2 optional (xyz & in) with precise @ and . positions 
Wrong Input : E.g. abc.xyz@bl.co.in Email has 3 mandatory parts (abc, bl & co) and 2 optional (xyz & in) with precise @ and . positions 
Wrong Input : E.g. abc.xyz@bl.co.in Email has 3 mandatory parts (abc, bl & co) and 2 optional (xyz & in) with precise @ and . positions 
Wrong Input : E.g. abc.xyz@bl.co.in Email has 3 mandatory parts (abc, bl & co) and 2 optional (xyz & in) with precise @ and . positions 
Wrong Input : E.g. abc.xyz@bl.co.in Email has 3 mandatory parts (abc, bl & co) and 2 optional (xyz & in) with precise @ and . positions 
Wrong Input : E.g. abc.xyz@bl.co.in Email has 3 mandatory parts (abc, bl & co) and 2 optional (xyz & in) with precise @ and . positions 
Wrong Input : E.g. abc.xyz@bl.co.in Email has 3 mandatory parts (abc, bl & co) and 2 optional (xyz & in) with precise @ and . positions 
Wrong Input : E.g. abc.xyz@bl.co.in Email has 3 mandatory parts (abc, bl & co) and 2 optional (xyz & in) with precise @ and . positions 
Wrong Input : E.g. abc.xyz@bl.co.in Email has 3 mandatory parts (abc, bl & co) and 2 optional (xyz & in) with precise @ and . positions 
Wrong Input : E.g. abc.xyz@bl.co.in Email has 3 mandatory parts (abc, bl & co) and 2 optional (xyz & in) with precise @ and . positions 
Wrong Input : E.g. abc.xyz@bl.co.in Email has 3 mandatory parts (abc, bl & co) and 2 optional (xyz & in) with precise @ and . positions 
Wrong Input : E.g. abc.xyz@bl.co.in Email has 3 mandatory parts (abc, bl & co) and 2 optional (xyz & in) with precise @ and . positions 
Wrong Input : E.g. abc.xyz@bl.co.in Email has 3 mandatory parts (abc, bl & co) and 2 optional (xyz & in) with precise @ and . positions 
Wrong Input : E.g. abc.xyz@bl.co.in Email has 3 mandatory parts (abc, bl & co) and 2 optional (xyz & in) with precise @ and . positions 
Wrong Input : E.g. abc.xyz@bl.co.in Email has 3 mandatory parts (abc, bl & co) and 2 optional (xyz & in) with precise @ and . positions 
Wrong Input : E.g. abc.xyz@bl.co.in Email has 3 mandatory parts (abc, bl & co) and 2 optional (xyz & in) with precise @ and . positions 
Wrong Input : E.g. abc.xyz@bl.co.in Email has 3 mandatory parts (abc, bl & co) and 2 optional (xyz & in) with precise @ and . positions 
Wrong Input : E.g. abc.xyz@bl.co.in Email has 3 mandatory parts (abc, bl & co) and 2 optional (xyz & in) with precise @ and . positions 
Wrong Input : E.g. abc.xyz@bl.co.in Email has 3 mandatory parts (abc, bl & co) and 2 optional (xyz & in) with precise @ and . positions 
Wrong Input : E.g. abc.xyz@bl.co.in Email has 3 mandatory parts (abc, bl & co) and 2 optional (xyz & in) with precise @ and . positions 
Wrong Input : E.g. abc.xyz@bl.co.in Email has 3 mandatory parts (abc, bl & co) and 2 optional (xyz & in) with precise @ and . positions 
Wrong Input : E.g. abc.xyz@bl.co.in Email has 3 mandatory parts (abc, bl & co) and 2 optional (xyz & in) with precise @ and . positions 
Wrong Input : E.g. abc.xyz@bl.co.in Email has 3 mandatory parts (abc, bl & co) and 2 optional (xyz & in) with precise @ and . positions 
Wrong Input : E.g. abc.xyz@bl.co.in Email has 3 mandatory parts (abc, bl & co) and 2 optional (xyz & in) with precise @ and . positions 
Wrong Input : E.g. abc.xyz@bl.co.in Email has 3 mandatory parts (abc, bl & co) and 2 optional (xyz & in) with precise @ and . positions 
Wrong Input : E.g. abc.xyz@bl.co.in Email has 3 mandatory parts (abc, bl & co) and 2 optional (xyz & in) with precise @ and . positions 
Wrong Input : E.g. abc.xyz@bl.co.in Email has 3 mandatory parts (abc, bl & co) and 2 optional (xyz & in) with precise @ and . positions 
Wrong Input : E.g. abc.xyz@bl.co.in Email has 3 mandatory parts (abc, bl & co) and 2 optional (xyz & in) with precise @ and . positions 
Wrong Input : E.g. abc.xyz@bl.co.in Email has 3 mandatory parts (abc, bl & co) and 2 optional (xyz & in) with precise @ and . positions 
Wrong Input : E.g. abc.xyz@bl.co.in Email has 3 mandatory parts (abc, bl & co) and 2 optional (xyz & in) with precise @ and . positions 
Wrong Input : E.g. abc.xyz@bl.co.in Email has 3 mandatory parts (abc, bl & co) and 2 optional (xyz & in) with precise @ and . positions 
Wrong Input : E.g. abc.xyz@bl.co.in Email has 3 mandatory parts (abc, bl & co) and 2 optional (xyz & in) with precise @ and . positions 
Wrong Input : E.g. abc.xyz@bl.co.in Email has 3 mandatory parts (abc, bl & co) and 2 optional (xyz & in) with precise @ and . positions 
Wrong Input : E.g. abc.xyz@bl.co.in Email has 3 mandatory parts (abc, bl & co) and 2 optional (xyz & in) with precise @ and . positions 
Wrong Input : E.g. abc.xyz@bl.co.in Email has 3 mandatory parts (abc, bl & co) and 2 optional (xyz & in) with precise @ and . positions 
Wrong Input : E.g. abc.xyz@bl.co.in Email has 3 mandatory parts (abc, bl & co) and 2 optional (xyz & in) with precise @ and . positions 
Wrong Input : E.g. abc.xyz@bl.co.in Email has 3 mandatory parts (abc, bl & co) and 2 optional (xyz & in) with precise @ and . positions 
Wrong Input : E.g. abc.xyz@bl.co.in Email has 3 mandatory parts (abc, bl & co) and 2 optional (xyz & in) with precise @ and . positions 
Wrong Input : E.g. abc.xyz@bl.co.in Email has 3 mandatory parts (abc, bl & co) and 2 optional (xyz & in) with precise @ and . positions 
Wrong Input : E.g. abc.xyz@bl.co.in Email has 3 mandatory parts (abc, bl & co) and 2 optional (xyz & in) with precise @ and . positions 
Wrong Input : E.g. abc.xyz@bl.co.in Email has 3 mandatory parts (abc, bl & co) and 2 optional (xyz & in) with precise @ and . positions 
Wrong Input : E.g. abc.xyz@bl.co.in Email has 3 mandatory parts (abc, bl & co) and 2 optional (xyz & in) with precise @ and . positions 
Wrong Input : E.g. abc.xyz@bl.co.in Email has 3 mandatory parts (abc, bl & co) and 2 optional (xyz & in) with precise @ and . positions 
Wrong Input : E.g. abc.xyz@bl.co.in Email has 3 mandatory parts (abc, bl & co) and 2 optional (xyz & in) with precise @ and . positions 
Wrong Input : E.g. abc.xyz@bl.co.in Email has 3 mandatory parts (abc, bl & co) and 2 optional (xyz & in) with precise @ and . positions 
Wrong Input : E.g. abc.xyz@bl.co.in Email has 3 mandatory parts (abc, bl & co) and 2 optional (xyz & in) with precise @ and . positions 
Wrong Input : E.g. abc.xyz@bl.co.in Email has 3 mandatory parts (abc, bl & co) and 2 optional (xyz & in) with precise @ and . positions 
Wrong Input : E.g. abc.xyz@bl.co.in Email has 3 mandatory parts (abc, bl & co) and 2 optional (xyz & in) with precise @ and . positions 
Wrong Input : E.g. abc.xyz@bl.co.in Email has 3 mandatory parts (abc, bl & co) and 2 optional (xyz & in) with precise @ and . positions 
Wrong Input : E.g. abc.xyz@bl.co.in Email has 3 mandatory parts (abc, bl & co) and 2 optional (xyz & in) with precise @ and . positions 
Wrong Input : E.g. abc.xyz@bl.co.in Email has 3 mandatory parts (abc, bl & co) and 2 optional (xyz & in) with precise @ and . positions 
Wrong Input : E.g. abc.xyz@bl.co.in Email has 3 mandatory parts (abc, bl & co) and 2 optional (xyz & in) with precise @ and . positions 
Wrong Input : E.g. abc.xyz@bl.co.in Email has 3 mandatory parts (abc, bl & co) and 2 optional (xyz & in) with precise @ and . positions 
Wrong Input : E.g. abc.xyz@bl.co.in Email has 3 mandatory parts (abc, bl & co) and 2 optional (xyz & in) with precise @ and . positions 
Wrong Input : E.g. abc.xyz@bl.co.in Email has 3 mandatory parts (abc, bl & co) and 2 optional (xyz & in) with precise @ and . positions 
Wrong Input : E.g. abc.xyz@bl.co.in Email has 3 mandatory parts (abc, bl & co) and 2 optional (xyz & in) with precise @ and . positions 
Wrong Input : E.g. abc.xyz@bl.co.in Email has 3 mandatory parts (abc, bl & co) and 2 optional (xyz & in) with precise @ and . positions 
Wrong Input : E.g. abc.xyz@bl.co.in Email has 3 mandatory parts (abc, bl & co) and 2 optional (xyz & in) with precise @ and . positions 
Wrong Input : E.g. abc.xyz@bl.co.in Email has 3 mandatory parts (abc, bl & co) and 2 optional (xyz & in) with precise @ and . positions 
Wrong Input : E.g. abc.xyz@bl.co.in Email has 3 mandatory parts (abc, bl & co) and 2 optional (xyz & in) with precise @ and . positions 
Wrong Input : E.g. abc.xyz@bl.co.in Email has 3 mandatory parts (abc, bl & co) and 2 optional (xyz & in) with precise @ and . positions 
Wrong Input : E.g. abc.xyz@bl.co.in Email has 3 mandatory parts (abc, bl & co) and 2 optional (xyz & in) with precise @ and . positions 
Wrong Input : E.g. abc.xyz@bl.co.in Email has 3 mandatory parts (abc, bl & co) and 2 optional (xyz & in) with precise @ and . positions 
Wrong Input : E.g. abc.xyz@bl.co.in Email has 3 mandatory parts (abc, bl & co) and 2 optional (xyz & in) with precise @ and . positions 
Wrong Input : E.g. abc.xyz@bl.co.in Email has 3 mandatory parts (abc, bl & co) and 2 optional (xyz & in) with precise @ and . positions 
Wrong Input : E.g. abc.xyz@bl.co.in Email has 3 mandatory parts (abc, bl & co) and 2 optional (xyz & in) with precise @ and . positions 
Wrong Input : E.g. abc.xyz@bl.co.in Email has 3 mandatory parts (abc, bl & co) and 2 optional (xyz & in) with precise @ and . positions 
Wrong Input : E.g. abc.xyz@bl.co.in Email has 3 mandatory parts (abc, bl & co) and 2 optional (xyz & in) with precise @ and . positions 
Wrong Input : E.g. abc.xyz@bl.co.in Email has 3 mandatory parts (abc, bl & co) and 2 optional (xyz & in) with precise @ and . positions 
Wrong Input : E.g. abc.xyz@bl.co.in Email has 3 mandatory parts (abc, bl & co) and 2 optional (xyz & in) with precise @ and . positions 
Wrong Input : E.g. abc.xyz@bl.co.in Email has 3 mandatory parts (abc, bl & co) and 2 optional (xyz & in) with precise @ and . positions 
Wrong Input : E.g. abc.xyz@bl.co.in Email has 3 mandatory parts (abc, bl & co) and 2 optional (xyz & in) with precise @ and . positions 
Wrong Input : E.g. abc.xyz@bl.co.in Email has 3 mandatory parts (abc, bl & co) and 2 optional (xyz & in) with precise @ and . positions 
Wrong Input : E.g. abc.xyz@bl.co.in Email has 3 mandatory parts (abc, bl & co) and 2 optional (xyz & in) with precise @ and . positions 
Wrong Input : E.g. abc.xyz@bl.co.in Email has 3 mandatory parts (abc, bl & co) and 2 optional (xyz & in) with precise @ and . positions 
Wrong Input : E.g. abc.xyz@bl.co.in Email has 3 mandatory parts (abc, bl & co) and 2 optional (xyz & in) with precise @ and . positions 
Wrong Input : E.g. abc.xyz@bl.co.in Email has 3 mandatory parts (abc, bl & co) and 2 optional (xyz & in) with precise @ and . positions 
Wrong Input : E.g. abc.xyz@bl.co.in Email has 3 mandatory parts (abc, bl & co) and 2 optional (xyz & in) with precise @ and . positions 
Wrong Input : E.g. abc.xyz@bl.co.in Email has 3 mandatory parts (abc, bl & co) and 2 optional (xyz & in) with precise @ and . positions 
Wrong Input : E.g. abc.xyz@bl.co.in Email has 3 mandatory parts (abc, bl & co) and 2 optional (xyz & in) with precise @ and . positions 
Wrong Input : E.g. abc.xyz@bl.co.in Email has 3 mandatory parts (abc, bl & co) and 2 optional (xyz & in) with precise @ and . positions 
Wrong Input : E.g. abc.xyz@bl.co.in Email has 3 mandatory parts (abc, bl & co) and 2 optional (xyz & in) with precise @ and . positions 
Wrong Input : E.g. abc.xyz@bl.co.in Email has 3 mandatory parts (abc, bl & co) and 2 optional (xyz & in) with precise @ and . positions 
Wrong Input : E.g. abc.xyz@bl.co.in Email has 3 mandatory parts (abc, bl & co) and 2 optional (xyz & in) with precise @ and . positions 
Wrong Input : E.g. abc.xyz@bl.co.in Email has 3 mandatory parts (abc, bl & co) and 2 optional (xyz & in) with precise @ and . positions 
Wrong Input : E.g. abc.xyz@bl.co.in Email has 3 mandatory parts (abc, bl & co) and 2 optional (xyz & in) with precise @ and . positions 
Wrong Input : E.g. abc.xyz@bl.co.in Email has 3 mandatory parts (abc, bl & co) and 2 optional (xyz & in) with precise @ and . positions 
Wrong Input : E.g. abc.xyz@bl.co.in Email has 3 mandatory parts (abc, bl & co) and 2 optional (xyz & in) with precise @ and . positions 
Wrong Input : E.g. abc.xyz@bl.co.in Email has 3 mandatory parts (abc, bl & co) and 2 optional (xyz & in) with precise @ and . positions 
Wrong Input : E.g. abc.xyz@bl.co.in Email has 3 mandatory parts (abc, bl & co) and 2 optional (xyz & in) with precise @ and . positions 
Wrong Input : E.g. abc.xyz@bl.co.in Email has 3 mandatory parts (abc, bl & co) and 2 optional (xyz & in) with precise @ and . positions 
Wrong Input : E.g. abc.xyz@bl.co.in Email has 3 mandatory parts (abc, bl & co) and 2 optional (xyz & in) with precise @ and . positions 
Wrong Input : E.g. abc.xyz@bl.co.in Email has 3 mandatory parts (abc, bl & co) and 2 optional (xyz & in) with precise @ and . positions 
Wrong Input : E.g. abc.xyz@bl.co.in Email has 3 mandatory parts (abc, bl & co) and 2 optional (xyz & in) with precise @ and . positions 
Wrong Input : E.g. abc.xyz@bl.co.in Email has 3 mandatory parts (abc, bl & co) and 2 optional (xyz & in) with precise @ and . positions 
Wrong Input : E.g. abc.xyz@bl.co.in Email has 3 mandatory parts (abc, bl & co) and 2 optional (xyz & in) with precise @ and . positions 
Wrong Input : E.g. abc.xyz@bl.co.in Email has 3 mandatory parts (abc, bl & co) and 2 optional (xyz & in) with precise @ and . positions 
Wrong Input : E.g. abc.xyz@bl.co.in Email has 3 mandatory parts (abc, bl & co) and 2 optional (xyz & in) with precise @ and . positions 
Wrong Input : E.g. abc.xyz@bl.co.in Email has 3 mandatory parts (abc, bl & co) and 2 optional (xyz & in) with precise @ and . positions 
Wrong Input : E.g. abc.xyz@bl.co.in Email has 3 mandatory parts (abc, bl & co) and 2 optional (xyz & in) with precise @ and . positions 
Wrong Input : E.g. abc.xyz@bl.co.in Email has 3 mandatory parts (abc, bl & co) and 2 optional (xyz & in) with precise @ and . positions 
Wrong Input : E.g. abc.xyz@bl.co.in Email has 3 mandatory parts (abc, bl & co) and 2 optional (xyz & in) with precise @ and . positions 
Wrong Input : E.g. abc.xyz@bl.co.in Email has 3 mandatory parts (abc, bl & co) and 2 optional (xyz & in) with precise @ and . positions 
Wrong Input : E.g. abc.xyz@bl.co.in Email has 3 mandatory parts (abc, bl & co) and 2 optional (xyz & in) with precise @ and . positions 
Wrong Input : E.g. abc.xyz@bl.co.in Email has 3 mandatory parts (abc, bl & co) and 2 optional (xyz & in) with precise @ and . positions 
Wrong Input : E.g. abc.xyz@bl.co.in Email has 3 mandatory parts (abc, bl & co) and 2 optional (xyz & in) with precise @ and . positions 
Wrong Input : E.g. abc.xyz@bl.co.in Email has 3 mandatory parts (abc, bl & co) and 2 optional (xyz & in) with precise @ and . positions 
Wrong Input : E.g. abc.xyz@bl.co.in Email has 3 mandatory parts (abc, bl & co) and 2 optional (xyz & in) with precise @ and . positions 
Wrong Input : E.g. abc.xyz@bl.co.in Email has 3 mandatory parts (abc, bl & co) and 2 optional (xyz & in) with precise @ and . positions 
Wrong Input : E.g. abc.xyz@bl.co.in Email has 3 mandatory parts (abc, bl & co) and 2 optional (xyz & in) with precise @ and . positions 
Wrong Input : E.g. abc.xyz@bl.co.in Email has 3 mandatory parts (abc, bl & co) and 2 optional (xyz & in) with precise @ and . positions 
Wrong Input : E.g. abc.xyz@bl.co.in Email has 3 mandatory parts (abc, bl & co) and 2 optional (xyz & in) with precise @ and . positions 
Wrong Input : E.g. abc.xyz@bl.co.in Email has 3 mandatory parts (abc, bl & co) and 2 optional (xyz & in) with precise @ and . positions 
Wrong Input : E.g. abc.xyz@bl.co.in Email has 3 mandatory parts (abc, bl & co) and 2 optional (xyz & in) with precise @ and . positions 
Wrong Input : E.g. abc.xyz@bl.co.in Email has 3 mandatory parts (abc, bl & co) and 2 optional (xyz & in) with precise @ and . positions 
Wrong Input : E.g. abc.xyz@bl.co.in Email has 3 mandatory parts (abc, bl & co) and 2 optional (xyz & in) with precise @ and . positions 
Wrong Input : E.g. abc.xyz@bl.co.in Email has 3 mandatory parts (abc, bl & co) and 2 optional (xyz & in) with precise @ and . positions 
Wrong Input : E.g. abc.xyz@bl.co.in Email has 3 mandatory parts (abc, bl & co) and 2 optional (xyz & in) with precise @ and . positions 
Wrong Input : E.g. abc.xyz@bl.co.in Email has 3 mandatory parts (abc, bl & co) and 2 optional (xyz & in) with precise @ and . positions 
Wrong Input : E.g. abc.xyz@bl.co.in Email has 3 mandatory parts (abc, bl & co) and 2 optional (xyz & in) with precise @ and . positions 
Wrong Input : E.g. abc.xyz@bl.co.in Email has 3 mandatory parts (abc, bl & co) and 2 optional (xyz & in) with precise @ and . positions 
Wrong Input : E.g. abc.xyz@bl.co.in Email has 3 mandatory parts (abc, bl & co) and 2 optional (xyz & in) with precise @ and . positions 
Wrong Input : E.g. abc.xyz@bl.co.in Email has 3 mandatory parts (abc, bl & co) and 2 optional (xyz & in) with precise @ and . positions 
Wrong Input : E.g. abc.xyz@bl.co.in Email has 3 mandatory parts (abc, bl & co) and 2 optional (xyz & in) with precise @ and . positions 
Wrong Input : E.g. abc.xyz@bl.co.in Email has 3 mandatory parts (abc, bl & co) and 2 optional (xyz & in) with precise @ and . positions 
Wrong Input : E.g. abc.xyz@bl.co.in Email has 3 mandatory parts (abc, bl & co) and 2 optional (xyz & in) with precise @ and . positions 
Wrong Input : E.g. abc.xyz@bl.co.in Email has 3 mandatory parts (abc, bl & co) and 2 optional (xyz & in) with precise @ and . positions 
Wrong Input : E.g. abc.xyz@bl.co.in Email has 3 mandatory parts (abc, bl & co) and 2 optional (xyz & in) with precise @ and . positions 
Wrong Input : E.g. abc.xyz@bl.co.in Email has 3 mandatory parts (abc, bl & co) and 2 optional (xyz & in) with precise @ and . positions 
Wrong Input : E.g. abc.xyz@bl.co.in Email has 3 mandatory parts (abc, bl & co) and 2 optional (xyz & in) with precise @ and . positions 
Wrong Input : E.g. abc.xyz@bl.co.in Email has 3 mandatory parts (abc, bl & co) and 2 optional (xyz & in) with precise @ and . positions 
Wrong Input : E.g. abc.xyz@bl.co.in Email has 3 mandatory parts (abc, bl & co) and 2 optional (xyz & in) with precise @ and . positions 
Wrong Input : E.g. abc.xyz@bl.co.in Email has 3 mandatory parts (abc, bl & co) and 2 optional (xyz & in) with precise @ and . positions 
Wrong Input : E.g. abc.xyz@bl.co.in Email has 3 mandatory parts (abc, bl & co) and 2 optional (xyz & in) with precise @ and . positions 
Wrong Input : E.g. abc.xyz@bl.co.in Email has 3 mandatory parts (abc, bl & co) and 2 optional (xyz & in) with precise @ and . positions 
Wrong Input : E.g. abc.xyz@bl.co.in Email has 3 mandatory parts (abc, bl & co) and 2 optional (xyz & in) with precise @ and . positions 
Wrong Input : E.g. abc.xyz@bl.co.in Email has 3 mandatory parts (abc, bl & co) and 2 optional (xyz & in) with precise @ and . positions 
Wrong Input : E.g. abc.xyz@bl.co.in Email has 3 mandatory parts (abc, bl & co) and 2 optional (xyz & in) with precise @ and . positions 
Wrong Input : E.g. abc.xyz@bl.co.in Email has 3 mandatory parts (abc, bl & co) and 2 optional (xyz & in) with precise @ and . positions 
Wrong Input : E.g. abc.xyz@bl.co.in Email has 3 mandatory parts (abc, bl & co) and 2 optional (xyz & in) with precise @ and . positions 
Wrong Input : E.g. abc.xyz@bl.co.in Email has 3 mandatory parts (abc, bl & co) and 2 optional (xyz & in) with precise @ and . positions 
Wrong Input : E.g. abc.xyz@bl.co.in Email has 3 mandatory parts (abc, bl & co) and 2 optional (xyz & in) with precise @ and . positions 
Wrong Input : E.g. abc.xyz@bl.co.in Email has 3 mandatory parts (abc, bl & co) and 2 optional (xyz & in) with precise @ and . positions 
Wrong Input : E.g. abc.xyz@bl.co.in Email has 3 mandatory parts (abc, bl & co) and 2 optional (xyz & in) with precise @ and . positions 
Wrong Input : E.g. abc.xyz@bl.co.in Email has 3 mandatory parts (abc, bl & co) and 2 optional (xyz & in) with precise @ and . positions 
Wrong Input : E.g. abc.xyz@bl.co.in Email has 3 mandatory parts (abc, bl & co) and 2 optional (xyz & in) with precise @ and . positions 
Wrong Input : E.g. abc.xyz@bl.co.in Email has 3 mandatory parts (abc, bl & co) and 2 optional (xyz & in) with precise @ and . positions 
Wrong Input : E.g. abc.xyz@bl.co.in Email has 3 mandatory parts (abc, bl & co) and 2 optional (xyz & in) with precise @ and . positions 
Wrong Input : E.g. abc.xyz@bl.co.in Email has 3 mandatory parts (abc, bl & co) and 2 optional (xyz & in) with precise @ and . positions 
Wrong Input : E.g. abc.xyz@bl.co.in Email has 3 mandatory parts (abc, bl & co) and 2 optional (xyz & in) with precise @ and . positions 
Wrong Input : E.g. abc.xyz@bl.co.in Email has 3 mandatory parts (abc, bl & co) and 2 optional (xyz & in) with precise @ and . positions 
Wrong Input : E.g. abc.xyz@bl.co.in Email has 3 mandatory parts (abc, bl & co) and 2 optional (xyz & in) with precise @ and . positions 
Wrong Input : E.g. abc.xyz@bl.co.in Email has 3 mandatory parts (abc, bl & co) and 2 optional (xyz & in) with precise @ and . positions 
Wrong Input : E.g. abc.xyz@bl.co.in Email has 3 mandatory parts (abc, bl & co) and 2 optional (xyz & in) with precise @ and . positions 
Wrong Input : E.g. abc.xyz@bl.co.in Email has 3 mandatory parts (abc, bl & co) and 2 optional (xyz & in) with precise @ and . positions 
Wrong Input : E.g. abc.xyz@bl.co.in Email has 3 mandatory parts (abc, bl & co) and 2 optional (xyz & in) with precise @ and . positions 
Wrong Input : E.g. abc.xyz@bl.co.in Email has 3 mandatory parts (abc, bl & co) and 2 optional (xyz & in) with precise @ and . positions 
Wrong Input : E.g. abc.xyz@bl.co.in Email has 3 mandatory parts (abc, bl & co) and 2 optional (xyz & in) with precise @ and . positions 
Wrong Input : E.g. abc.xyz@bl.co.in Email has 3 mandatory parts (abc, bl & co) and 2 optional (xyz & in) with precise @ and . positions 
Wrong Input : E.g. abc.xyz@bl.co.in Email has 3 mandatory parts (abc, bl & co) and 2 optional (xyz & in) with precise @ and . positions 
Wrong Input : E.g. abc.xyz@bl.co.in Email has 3 mandatory parts (abc, bl & co) and 2 optional (xyz & in) with precise @ and . positions 
Wrong Input : E.g. abc.xyz@bl.co.in Email has 3 mandatory parts (abc, bl & co) and 2 optional (xyz & in) with precise @ and . positions 
Wrong Input : E.g. abc.xyz@bl.co.in Email has 3 mandatory parts (abc, bl & co) and 2 optional (xyz & in) with precise @ and . positions 
Wrong Input : E.g. abc.xyz@bl.co.in Email has 3 mandatory parts (abc, bl & co) and 2 optional (xyz & in) with precise @ and . positions 
Wrong Input : E.g. abc.xyz@bl.co.in Email has 3 mandatory parts (abc, bl & co) and 2 optional (xyz & in) with precise @ and . positions 
Wrong Input : E.g. abc.xyz@bl.co.in Email has 3 mandatory parts (abc, bl & co) and 2 optional (xyz & in) with precise @ and . positions 
Wrong Input : E.g. abc.xyz@bl.co.in Email has 3 mandatory parts (abc, bl & co) and 2 optional (xyz & in) with precise @ and . positions 
Wrong Input : E.g. abc.xyz@bl.co.in Email has 3 mandatory parts (abc, bl & co) and 2 optional (xyz & in) with precise @ and . positions 
Wrong Input : E.g. abc.xyz@bl.co.in Email has 3 mandatory parts (abc, bl & co) and 2 optional (xyz & in) with precise @ and . positions 
Wrong Input : E.g. abc.xyz@bl.co.in Email has 3 mandatory parts (abc, bl & co) and 2 optional (xyz & in) with precise @ and . positions 
Wrong Input : E.g. abc.xyz@bl.co.in Email has 3 mandatory parts (abc, bl & co) and 2 optional (xyz & in) with precise @ and . positions 
Wrong Input : E.g. abc.xyz@bl.co.in Email has 3 mandatory parts (abc, bl & co) and 2 optional (xyz & in) with precise @ and . positions 
Wrong Input : E.g. abc.xyz@bl.co.in Email has 3 mandatory parts (abc, bl & co) and 2 optional (xyz & in) with precise @ and . positions 
Wrong Input : E.g. abc.xyz@bl.co.in Email has 3 mandatory parts (abc, bl & co) and 2 optional (xyz & in) with precise @ and . positions 
Wrong Input : E.g. abc.xyz@bl.co.in Email has 3 mandatory parts (abc, bl & co) and 2 optional (xyz & in) with precise @ and . positions 
Wrong Input : E.g. abc.xyz@bl.co.in Email has 3 mandatory parts (abc, bl & co) and 2 optional (xyz & in) with precise @ and . positions 
Wrong Input : E.g. abc.xyz@bl.co.in Email has 3 mandatory parts (abc, bl & co) and 2 optional (xyz & in) with precise @ and . positions 
Wrong Input : E.g. abc.xyz@bl.co.in Email has 3 mandatory parts (abc, bl & co) and 2 optional (xyz & in) with precise @ and . positions 
Wrong Input : E.g. abc.xyz@bl.co.in Email has 3 mandatory parts (abc, bl & co) and 2 optional (xyz & in) with precise @ and . positions 
Wrong Input : E.g. abc.xyz@bl.co.in Email has 3 mandatory parts (abc, bl & co) and 2 optional (xyz & in) with precise @ and . positions 
Wrong Input : E.g. abc.xyz@bl.co.in Email has 3 mandatory parts (abc, bl & co) and 2 optional (xyz & in) with precise @ and . positions 
Wrong Input : E.g. abc.xyz@bl.co.in Email has 3 mandatory parts (abc, bl & co) and 2 optional (xyz & in) with precise @ and . positions 
Wrong Input : E.g. abc.xyz@bl.co.in Email has 3 mandatory parts (abc, bl & co) and 2 optional (xyz & in) with precise @ and . positions 
Wrong Input : E.g. abc.xyz@bl.co.in Email has 3 mandatory parts (abc, bl & co) and 2 optional (xyz & in) with precise @ and . positions 
Wrong Input : E.g. abc.xyz@bl.co.in Email has 3 mandatory parts (abc, bl & co) and 2 optional (xyz & in) with precise @ and . positions 
Wrong Input : E.g. abc.xyz@bl.co.in Email has 3 mandatory parts (abc, bl & co) and 2 optional (xyz & in) with precise @ and . positions 
Wrong Input : E.g. abc.xyz@bl.co.in Email has 3 mandatory parts (abc, bl & co) and 2 optional (xyz & in) with precise @ and . positions 
Wrong Input : E.g. abc.xyz@bl.co.in Email has 3 mandatory parts (abc, bl & co) and 2 optional (xyz & in) with precise @ and . positions 
Wrong Input : E.g. abc.xyz@bl.co.in Email has 3 mandatory parts (abc, bl & co) and 2 optional (xyz & in) with precise @ and . positions 
Wrong Input : E.g. abc.xyz@bl.co.in Email has 3 mandatory parts (abc, bl & co) and 2 optional (xyz & in) with precise @ and . positions 
Wrong Input : E.g. abc.xyz@bl.co.in Email has 3 mandatory parts (abc, bl & co) and 2 optional (xyz & in) with precise @ and . positions 
Wrong Input : E.g. abc.xyz@bl.co.in Email has 3 mandatory parts (abc, bl & co) and 2 optional (xyz & in) with precise @ and . positions 
Wrong Input : E.g. abc.xyz@bl.co.in Email has 3 mandatory parts (abc, bl & co) and 2 optional (xyz & in) with precise @ and . positions 
Wrong Input : E.g. abc.xyz@bl.co.in Email has 3 mandatory parts (abc, bl & co) and 2 optional (xyz & in) with precise @ and . positions 
Wrong Input : E.g. abc.xyz@bl.co.in Email has 3 mandatory parts (abc, bl & co) and 2 optional (xyz & in) with precise @ and . positions 
Wrong Input : E.g. abc.xyz@bl.co.in Email has 3 mandatory parts (abc, bl & co) and 2 optional (xyz & in) with precise @ and . positions 
Wrong Input : E.g. abc.xyz@bl.co.in Email has 3 mandatory parts (abc, bl & co) and 2 optional (xyz & in) with precise @ and . positions 
Wrong Input : E.g. abc.xyz@bl.co.in Email has 3 mandatory parts (abc, bl & co) and 2 optional (xyz & in) with precise @ and . positions 
Wrong Input : E.g. abc.xyz@bl.co.in Email has 3 mandatory parts (abc, bl & co) and 2 optional (xyz & in) with precise @ and . positions 
Wrong Input : E.g. abc.xyz@bl.co.in Email has 3 mandatory parts (abc, bl & co) and 2 optional (xyz & in) with precise @ and . positions 
Wrong Input : E.g. abc.xyz@bl.co.in Email has 3 mandatory parts (abc, bl & co) and 2 optional (xyz & in) with precise @ and . positions 
Wrong Input : E.g. abc.xyz@bl.co.in Email has 3 mandatory parts (abc, bl & co) and 2 optional (xyz & in) with precise @ and . positions 
Wrong Input : E.g. abc.xyz@bl.co.in Email has 3 mandatory parts (abc, bl & co) and 2 optional (xyz & in) with precise @ and . positions 
Wrong Input : E.g. abc.xyz@bl.co.in Email has 3 mandatory parts (abc, bl & co) and 2 optional (xyz & in) with precise @ and . positions 
Wrong Input : E.g. abc.xyz@bl.co.in Email has 3 mandatory parts (abc, bl & co) and 2 optional (xyz & in) with precise @ and . positions 
Wrong Input : E.g. abc.xyz@bl.co.in Email has 3 mandatory parts (abc, bl & co) and 2 optional (xyz & in) with precise @ and . positions 
Wrong Input : E.g. abc.xyz@bl.co.in Email has 3 mandatory parts (abc, bl & co) and 2 optional (xyz & in) with precise @ and . positions 
Wrong Input : E.g. abc.xyz@bl.co.in Email has 3 mandatory parts (abc, bl & co) and 2 optional (xyz & in) with precise @ and . positions 
Wrong Input : E.g. abc.xyz@bl.co.in Email has 3 mandatory parts (abc, bl & co) and 2 optional (xyz & in) with precise @ and . positions 
Wrong Input : E.g. abc.xyz@bl.co.in Email has 3 mandatory parts (abc, bl & co) and 2 optional (xyz & in) with precise @ and . positions 
Wrong Input : E.g. abc.xyz@bl.co.in Email has 3 mandatory parts (abc, bl & co) and 2 optional (xyz & in) with precise @ and . positions 
Wrong Input : E.g. abc.xyz@bl.co.in Email has 3 mandatory parts (abc, bl & co) and 2 optional (xyz & in) with precise @ and . positions 
Wrong Input : E.g. abc.xyz@bl.co.in Email has 3 mandatory parts (abc, bl & co) and 2 optional (xyz & in) with precise @ and . positions 
Wrong Input : E.g. abc.xyz@bl.co.in Email has 3 mandatory parts (abc, bl & co) and 2 optional (xyz & in) with precise @ and . positions 
Wrong Input : E.g. abc.xyz@bl.co.in Email has 3 mandatory parts (abc, bl & co) and 2 optional (xyz & in) with precise @ and . positions 
Wrong Input : E.g. abc.xyz@bl.co.in Email has 3 mandatory parts (abc, bl & co) and 2 optional (xyz & in) with precise @ and . positions 
Wrong Input : E.g. abc.xyz@bl.co.in Email has 3 mandatory parts (abc, bl & co) and 2 optional (xyz & in) with precise @ and . positions 
Wrong Input : E.g. abc.xyz@bl.co.in Email has 3 mandatory parts (abc, bl & co) and 2 optional (xyz & in) with precise @ and . positions 
Wrong Input : E.g. abc.xyz@bl.co.in Email has 3 mandatory parts (abc, bl & co) and 2 optional (xyz & in) with precise @ and . positions 
Wrong Input : E.g. abc.xyz@bl.co.in Email has 3 mandatory parts (abc, bl & co) and 2 optional (xyz & in) with precise @ and . positions 
Wrong Input : E.g. abc.xyz@bl.co.in Email has 3 mandatory parts (abc, bl & co) and 2 optional (xyz & in) with precise @ and . positions 
Wrong Input : E.g. abc.xyz@bl.co.in Email has 3 mandatory parts (abc, bl & co) and 2 optional (xyz & in) with precise @ and . positions 
Wrong Input : E.g. abc.xyz@bl.co.in Email has 3 mandatory parts (abc, bl & co) and 2 optional (xyz & in) with precise @ and . positions 
Wrong Input : E.g. abc.xyz@bl.co.in Email has 3 mandatory parts (abc, bl & co) and 2 optional (xyz & in) with precise @ and . positions 
Wrong Input : E.g. abc.xyz@bl.co.in Email has 3 mandatory parts (abc, bl & co) and 2 optional (xyz & in) with precise @ and . positions 
Wrong Input : E.g. abc.xyz@bl.co.in Email has 3 mandatory parts (abc, bl & co) and 2 optional (xyz & in) with precise @ and . positions 
Wrong Input : E.g. abc.xyz@bl.co.in Email has 3 mandatory parts (abc, bl & co) and 2 optional (xyz & in) with precise @ and . positions 
Wrong Input : E.g. abc.xyz@bl.co.in Email has 3 mandatory parts (abc, bl & co) and 2 optional (xyz & in) with precise @ and . positions 
Wrong Input : E.g. abc.xyz@bl.co.in Email has 3 mandatory parts (abc, bl & co) and 2 optional (xyz & in) with precise @ and . positions 
Wrong Input : E.g. abc.xyz@bl.co.in Email has 3 mandatory parts (abc, bl & co) and 2 optional (xyz & in) with precise @ and . positions 
Wrong Input : E.g. abc.xyz@bl.co.in Email has 3 mandatory parts (abc, bl & co) and 2 optional (xyz & in) with precise @ and . positions 
Wrong Input : E.g. abc.xyz@bl.co.in Email has 3 mandatory parts (abc, bl & co) and 2 optional (xyz & in) with precise @ and . positions 
Wrong Input : E.g. abc.xyz@bl.co.in Email has 3 mandatory parts (abc, bl & co) and 2 optional (xyz & in) with precise @ and . positions 
Wrong Input : E.g. abc.xyz@bl.co.in Email has 3 mandatory parts (abc, bl & co) and 2 optional (xyz & in) with precise @ and . positions 
Wrong Input : E.g. abc.xyz@bl.co.in Email has 3 mandatory parts (abc, bl & co) and 2 optional (xyz & in) with precise @ and . positions 
Wrong Input : E.g. abc.xyz@bl.co.in Email has 3 mandatory parts (abc, bl & co) and 2 optional (xyz & in) with precise @ and . positions 
Wrong Input : E.g. abc.xyz@bl.co.in Email has 3 mandatory parts (abc, bl & co) and 2 optional (xyz & in) with precise @ and . positions 
Wrong Input : E.g. abc.xyz@bl.co.in Email has 3 mandatory parts (abc, bl & co) and 2 optional (xyz & in) with precise @ and . positions 
Wrong Input : E.g. abc.xyz@bl.co.in Email has 3 mandatory parts (abc, bl & co) and 2 optional (xyz & in) with precise @ and . positions 
Wrong Input : E.g. abc.xyz@bl.co.in Email has 3 mandatory parts (abc, bl & co) and 2 optional (xyz & in) with precise @ and . positions 
Wrong Input : E.g. abc.xyz@bl.co.in Email has 3 mandatory parts (abc, bl & co) and 2 optional (xyz & in) with precise @ and . positions 
Wrong Input : E.g. abc.xyz@bl.co.in Email has 3 mandatory parts (abc, bl & co) and 2 optional (xyz & in) with precise @ and . positions 
Wrong Input : E.g. abc.xyz@bl.co.in Email has 3 mandatory parts (abc, bl & co) and 2 optional (xyz & in) with precise @ and . positions 
Wrong Input : E.g. abc.xyz@bl.co.in Email has 3 mandatory parts (abc, bl & co) and 2 optional (xyz & in) with precise @ and . positions 
Wrong Input : E.g. abc.xyz@bl.co.in Email has 3 mandatory parts (abc, bl & co) and 2 optional (xyz & in) with precise @ and . positions 
Wrong Input : E.g. abc.xyz@bl.co.in Email has 3 mandatory parts (abc, bl & co) and 2 optional (xyz & in) with precise @ and . positions 
Wrong Input : E.g. abc.xyz@bl.co.in Email has 3 mandatory parts (abc, bl & co) and 2 optional (xyz & in) with precise @ and . positions 
Wrong Input : E.g. abc.xyz@bl.co.in Email has 3 mandatory parts (abc, bl & co) and 2 optional (xyz & in) with precise @ and . positions 
Wrong Input : E.g. abc.xyz@bl.co.in Email has 3 mandatory parts (abc, bl & co) and 2 optional (xyz & in) with precise @ and . positions 
Wrong Input : E.g. abc.xyz@bl.co.in Email has 3 mandatory parts (abc, bl & co) and 2 optional (xyz & in) with precise @ and . positions 
Wrong Input : E.g. abc.xyz@bl.co.in Email has 3 mandatory parts (abc, bl & co) and 2 optional (xyz & in) with precise @ and . positions 
Wrong Input : E.g. abc.xyz@bl.co.in Email has 3 mandatory parts (abc, bl & co) and 2 optional (xyz & in) with precise @ and . positions 
Wrong Input : E.g. abc.xyz@bl.co.in Email has 3 mandatory parts (abc, bl & co) and 2 optional (xyz & in) with precise @ and . positions 
Wrong Input : E.g. abc.xyz@bl.co.in Email has 3 mandatory parts (abc, bl & co) and 2 optional (xyz & in) with precise @ and . positions 
Wrong Input : E.g. abc.xyz@bl.co.in Email has 3 mandatory parts (abc, bl & co) and 2 optional (xyz & in) with precise @ and . positions 
Wrong Input : E.g. abc.xyz@bl.co.in Email has 3 mandatory parts (abc, bl & co) and 2 optional (xyz & in) with precise @ and . positions 
Wrong Input : E.g. abc.xyz@bl.co.in Email has 3 mandatory parts (abc, bl & co) and 2 optional (xyz & in) with precise @ and . positions 
Wrong Input : E.g. abc.xyz@bl.co.in Email has 3 mandatory parts (abc, bl & co) and 2 optional (xyz & in) with precise @ and . positions 
Wrong Input : E.g. abc.xyz@bl.co.in Email has 3 mandatory parts (abc, bl & co) and 2 optional (xyz & in) with precise @ and . positions 
Wrong Input : E.g. abc.xyz@bl.co.in Email has 3 mandatory parts (abc, bl & co) and 2 optional (xyz & in) with precise @ and . positions 
Wrong Input : E.g. abc.xyz@bl.co.in Email has 3 mandatory parts (abc, bl & co) and 2 optional (xyz & in) with precise @ and . positions 
Wrong Input : E.g. abc.xyz@bl.co.in Email has 3 mandatory parts (abc, bl & co) and 2 optional (xyz & in) with precise @ and . positions 
Wrong Input : E.g. abc.xyz@bl.co.in Email has 3 mandatory parts (abc, bl & co) and 2 optional (xyz & in) with precise @ and . positions 
Wrong Input : E.g. abc.xyz@bl.co.in Email has 3 mandatory parts (abc, bl & co) and 2 optional (xyz & in) with precise @ and . positions 
Wrong Input : E.g. abc.xyz@bl.co.in Email has 3 mandatory parts (abc, bl & co) and 2 optional (xyz & in) with precise @ and . positions 
Wrong Input : E.g. abc.xyz@bl.co.in Email has 3 mandatory parts (abc, bl & co) and 2 optional (xyz & in) with precise @ and . positions 
Wrong Input : E.g. abc.xyz@bl.co.in Email has 3 mandatory parts (abc, bl & co) and 2 optional (xyz & in) with precise @ and . positions 
Wrong Input : E.g. abc.xyz@bl.co.in Email has 3 mandatory parts (abc, bl & co) and 2 optional (xyz & in) with precise @ and . positions 
Wrong Input : E.g. abc.xyz@bl.co.in Email has 3 mandatory parts (abc, bl & co) and 2 optional (xyz & in) with precise @ and . positions 
Wrong Input : E.g. abc.xyz@bl.co.in Email has 3 mandatory parts (abc, bl & co) and 2 optional (xyz & in) with precise @ and . positions 
Wrong Input : E.g. abc.xyz@bl.co.in Email has 3 mandatory parts (abc, bl & co) and 2 optional (xyz & in) with precise @ and . positions 
Wrong Input : E.g. abc.xyz@bl.co.in Email has 3 mandatory parts (abc, bl & co) and 2 optional (xyz & in) with precise @ and . positions 
Wrong Input : E.g. abc.xyz@bl.co.in Email has 3 mandatory parts (abc, bl & co) and 2 optional (xyz & in) with precise @ and . positions 
Wrong Input : E.g. abc.xyz@bl.co.in Email has 3 mandatory parts (abc, bl & co) and 2 optional (xyz & in) with precise @ and . positions 
Wrong Input : E.g. abc.xyz@bl.co.in Email has 3 mandatory parts (abc, bl & co) and 2 optional (xyz & in) with precise @ and . positions 
Wrong Input : E.g. abc.xyz@bl.co.in Email has 3 mandatory parts (abc, bl & co) and 2 optional (xyz & in) with precise @ and . positions 
Wrong Input : E.g. abc.xyz@bl.co.in Email has 3 mandatory parts (abc, bl & co) and 2 optional (xyz & in) with precise @ and . positions 
Wrong Input : E.g. abc.xyz@bl.co.in Email has 3 mandatory parts (abc, bl & co) and 2 optional (xyz & in) with precise @ and . positions 
Wrong Input : E.g. abc.xyz@bl.co.in Email has 3 mandatory parts (abc, bl & co) and 2 optional (xyz & in) with precise @ and . positions 
Wrong Input : E.g. abc.xyz@bl.co.in Email has 3 mandatory parts (abc, bl & co) and 2 optional (xyz & in) with precise @ and . positions 
Wrong Input : E.g. abc.xyz@bl.co.in Email has 3 mandatory parts (abc, bl & co) and 2 optional (xyz & in) with precise @ and . positions 
Wrong Input : E.g. abc.xyz@bl.co.in Email has 3 mandatory parts (abc, bl & co) and 2 optional (xyz & in) with precise @ and . positions 
Wrong Input : E.g. abc.xyz@bl.co.in Email has 3 mandatory parts (abc, bl & co) and 2 optional (xyz & in) with precise @ and . positions 
Wrong Input : E.g. abc.xyz@bl.co.in Email has 3 mandatory parts (abc, bl & co) and 2 optional (xyz & in) with precise @ and . positions 
Wrong Input : E.g. abc.xyz@bl.co.in Email has 3 mandatory parts (abc, bl & co) and 2 optional (xyz & in) with precise @ and . positions 
Wrong Input : E.g. abc.xyz@bl.co.in Email has 3 mandatory parts (abc, bl & co) and 2 optional (xyz & in) with precise @ and . positions 
Wrong Input : E.g. abc.xyz@bl.co.in Email has 3 mandatory parts (abc, bl & co) and 2 optional (xyz & in) with precise @ and . positions 
Wrong Input : E.g. abc.xyz@bl.co.in Email has 3 mandatory parts (abc, bl & co) and 2 optional (xyz & in) with precise @ and . positions 
Wrong Input : E.g. abc.xyz@bl.co.in Email has 3 mandatory parts (abc, bl & co) and 2 optional (xyz & in) with precise @ and . positions 
Wrong Input : E.g. abc.xyz@bl.co.in Email has 3 mandatory parts (abc, bl & co) and 2 optional (xyz & in) with precise @ and . positions 
Wrong Input : E.g. abc.xyz@bl.co.in Email has 3 mandatory parts (abc, bl & co) and 2 optional (xyz & in) with precise @ and . positions 
Wrong Input : E.g. abc.xyz@bl.co.in Email has 3 mandatory parts (abc, bl & co) and 2 optional (xyz & in) with precise @ and . positions 
Wrong Input : E.g. abc.xyz@bl.co.in Email has 3 mandatory parts (abc, bl & co) and 2 optional (xyz & in) with precise @ and . positions 
Wrong Input : E.g. abc.xyz@bl.co.in Email has 3 mandatory parts (abc, bl & co) and 2 optional (xyz & in) with precise @ and . positions 
Wrong Input : E.g. abc.xyz@bl.co.in Email has 3 mandatory parts (abc, bl & co) and 2 optional (xyz & in) with precise @ and . positions 
Wrong Input : E.g. abc.xyz@bl.co.in Email has 3 mandatory parts (abc, bl & co) and 2 optional (xyz & in) with precise @ and . positions 
Wrong Input : E.g. abc.xyz@bl.co.in Email has 3 mandatory parts (abc, bl & co) and 2 optional (xyz & in) with precise @ and . positions 
Wrong Input : E.g. abc.xyz@bl.co.in Email has 3 mandatory parts (abc, bl & co) and 2 optional (xyz & in) with precise @ and . positions 
Wrong Input : E.g. abc.xyz@bl.co.in Email has 3 mandatory parts (abc, bl & co) and 2 optional (xyz & in) with precise @ and . positions 
Wrong Input : E.g. abc.xyz@bl.co.in Email has 3 mandatory parts (abc, bl & co) and 2 optional (xyz & in) with precise @ and . positions 
Wrong Input : E.g. abc.xyz@bl.co.in Email has 3 mandatory parts (abc, bl & co) and 2 optional (xyz & in) with precise @ and . positions 
Wrong Input : E.g. abc.xyz@bl.co.in Email has 3 mandatory parts (abc, bl & co) and 2 optional (xyz & in) with precise @ and . positions 
Wrong Input : E.g. abc.xyz@bl.co.in Email has 3 mandatory parts (abc, bl & co) and 2 optional (xyz & in) with precise @ and . positions 
Wrong Input : E.g. abc.xyz@bl.co.in Email has 3 mandatory parts (abc, bl & co) and 2 optional (xyz & in) with precise @ and . positions 
Wrong Input : E.g. abc.xyz@bl.co.in Email has 3 mandatory parts (abc, bl & co) and 2 optional (xyz & in) with precise @ and . positions 
Wrong Input : E.g. abc.xyz@bl.co.in Email has 3 mandatory parts (abc, bl & co) and 2 optional (xyz & in) with precise @ and . positions 
Wrong Input : E.g. abc.xyz@bl.co.in Email has 3 mandatory parts (abc, bl & co) and 2 optional (xyz & in) with precise @ and . positions 
Wrong Input : E.g. abc.xyz@bl.co.in Email has 3 mandatory parts (abc, bl & co) and 2 optional (xyz & in) with precise @ and . positions 
Wrong Input : E.g. abc.xyz@bl.co.in Email has 3 mandatory parts (abc, bl & co) and 2 optional (xyz & in) with precise @ and . positions 
Wrong Input : E.g. abc.xyz@bl.co.in Email has 3 mandatory parts (abc, bl & co) and 2 optional (xyz & in) with precise @ and . positions 
Wrong Input : E.g. abc.xyz@bl.co.in Email has 3 mandatory parts (abc, bl & co) and 2 optional (xyz & in) with precise @ and . positions 
Wrong Input : E.g. abc.xyz@bl.co.in Email has 3 mandatory parts (abc, bl & co) and 2 optional (xyz & in) with precise @ and . positions 
Wrong Input : E.g. abc.xyz@bl.co.in Email has 3 mandatory parts (abc, bl & co) and 2 optional (xyz & in) with precise @ and . positions 
Wrong Input : E.g. abc.xyz@bl.co.in Email has 3 mandatory parts (abc, bl & co) and 2 optional (xyz & in) with precise @ and . positions 
Wrong Input : E.g. abc.xyz@bl.co.in Email has 3 mandatory parts (abc, bl & co) and 2 optional (xyz & in) with precise @ and . positions 
Wrong Input : E.g. abc.xyz@bl.co.in Email has 3 mandatory parts (abc, bl & co) and 2 optional (xyz & in) with precise @ and . positions 
Wrong Input : E.g. abc.xyz@bl.co.in Email has 3 mandatory parts (abc, bl & co) and 2 optional (xyz & in) with precise @ and . positions 
Wrong Input : E.g. abc.xyz@bl.co.in Email has 3 mandatory parts (abc, bl & co) and 2 optional (xyz & in) with precise @ and . positions 
Wrong Input : E.g. abc.xyz@bl.co.in Email has 3 mandatory parts (abc, bl & co) and 2 optional (xyz & in) with precise @ and . positions 
Wrong Input : E.g. abc.xyz@bl.co.in Email has 3 mandatory parts (abc, bl & co) and 2 optional (xyz & in) with precise @ and . positions 
Wrong Input : E.g. abc.xyz@bl.co.in Email has 3 mandatory parts (abc, bl & co) and 2 optional (xyz & in) with precise @ and . positions 
Wrong Input : E.g. abc.xyz@bl.co.in Email has 3 mandatory parts (abc, bl & co) and 2 optional (xyz & in) with precise @ and . positions 
Wrong Input : E.g. abc.xyz@bl.co.in Email has 3 mandatory parts (abc, bl & co) and 2 optional (xyz & in) with precise @ and . positions 
Wrong Input : E.g. abc.xyz@bl.co.in Email has 3 mandatory parts (abc, bl & co) and 2 optional (xyz & in) with precise @ and . positions 
Wrong Input : E.g. abc.xyz@bl.co.in Email has 3 mandatory parts (abc, bl & co) and 2 optional (xyz & in) with precise @ and . positions 
Wrong Input : E.g. abc.xyz@bl.co.in Email has 3 mandatory parts (abc, bl & co) and 2 optional (xyz & in) with precise @ and . positions 
Wrong Input : E.g. abc.xyz@bl.co.in Email has 3 mandatory parts (abc, bl & co) and 2 optional (xyz & in) with precise @ and . positions 
Wrong Input : E.g. abc.xyz@bl.co.in Email has 3 mandatory parts (abc, bl & co) and 2 optional (xyz & in) with precise @ and . positions 
Wrong Input : E.g. abc.xyz@bl.co.in Email has 3 mandatory parts (abc, bl & co) and 2 optional (xyz & in) with precise @ and . positions 
Wrong Input : E.g. abc.xyz@bl.co.in Email has 3 mandatory parts (abc, bl & co) and 2 optional (xyz & in) with precise @ and . positions 
Wrong Input : E.g. abc.xyz@bl.co.in Email has 3 mandatory parts (abc, bl & co) and 2 optional (xyz & in) with precise @ and . positions 
Wrong Input : E.g. abc.xyz@bl.co.in Email has 3 mandatory parts (abc, bl & co) and 2 optional (xyz & in) with precise @ and . positions 
Wrong Input : E.g. abc.xyz@bl.co.in Email has 3 mandatory parts (abc, bl & co) and 2 optional (xyz & in) with precise @ and . positions 
Wrong Input : E.g. abc.xyz@bl.co.in Email has 3 mandatory parts (abc, bl & co) and 2 optional (xyz & in) with precise @ and . positions 
Wrong Input : E.g. abc.xyz@bl.co.in Email has 3 mandatory parts (abc, bl & co) and 2 optional (xyz & in) with precise @ and . positions 
Wrong Input : E.g. abc.xyz@bl.co.in Email has 3 mandatory parts (abc, bl & co) and 2 optional (xyz & in) with precise @ and . positions 
Wrong Input : E.g. abc.xyz@bl.co.in Email has 3 mandatory parts (abc, bl & co) and 2 optional (xyz & in) with precise @ and . positions 
Wrong Input : E.g. abc.xyz@bl.co.in Email has 3 mandatory parts (abc, bl & co) and 2 optional (xyz & in) with precise @ and . positions 
Wrong Input : E.g. abc.xyz@bl.co.in Email has 3 mandatory parts (abc, bl & co) and 2 optional (xyz & in) with precise @ and . positions 
Wrong Input : E.g. abc.xyz@bl.co.in Email has 3 mandatory parts (abc, bl & co) and 2 optional (xyz & in) with precise @ and . positions 
Wrong Input : E.g. abc.xyz@bl.co.in Email has 3 mandatory parts (abc, bl & co) and 2 optional (xyz & in) with precise @ and . positions 
Wrong Input : E.g. abc.xyz@bl.co.in Email has 3 mandatory parts (abc, bl & co) and 2 optional (xyz & in) with precise @ and . positions 
Wrong Input : E.g. abc.xyz@bl.co.in Email has 3 mandatory parts (abc, bl & co) and 2 optional (xyz & in) with precise @ and . positions 
Wrong Input : E.g. abc.xyz@bl.co.in Email has 3 mandatory parts (abc, bl & co) and 2 optional (xyz & in) with precise @ and . positions 
Wrong Input : E.g. abc.xyz@bl.co.in Email has 3 mandatory parts (abc, bl & co) and 2 optional (xyz & in) with precise @ and . positions 
Wrong Input : E.g. abc.xyz@bl.co.in Email has 3 mandatory parts (abc, bl & co) and 2 optional (xyz & in) with precise @ and . positions 
Wrong Input : E.g. abc.xyz@bl.co.in Email has 3 mandatory parts (abc, bl & co) and 2 optional (xyz & in) with precise @ and . positions 
Wrong Input : E.g. abc.xyz@bl.co.in Email has 3 mandatory parts (abc, bl & co) and 2 optional (xyz & in) with precise @ and . positions 
Wrong Input : E.g. abc.xyz@bl.co.in Email has 3 mandatory parts (abc, bl & co) and 2 optional (xyz & in) with precise @ and . positions 
Wrong Input : E.g. abc.xyz@bl.co.in Email has 3 mandatory parts (abc, bl & co) and 2 optional (xyz & in) with precise @ and . positions 
Wrong Input : E.g. abc.xyz@bl.co.in Email has 3 mandatory parts (abc, bl & co) and 2 optional (xyz & in) with precise @ and . positions 
Wrong Input : E.g. abc.xyz@bl.co.in Email has 3 mandatory parts (abc, bl & co) and 2 optional (xyz & in) with precise @ and . positions 
Wrong Input : E.g. abc.xyz@bl.co.in Email has 3 mandatory parts (abc, bl & co) and 2 optional (xyz & in) with precise @ and . positions 
Wrong Input : E.g. abc.xyz@bl.co.in Email has 3 mandatory parts (abc, bl & co) and 2 optional (xyz & in) with precise @ and . positions 
Wrong Input : E.g. abc.xyz@bl.co.in Email has 3 mandatory parts (abc, bl & co) and 2 optional (xyz & in) with precise @ and . positions 
Wrong Input : E.g. abc.xyz@bl.co.in Email has 3 mandatory parts (abc, bl & co) and 2 optional (xyz & in) with precise @ and . positions 
Wrong Input : E.g. abc.xyz@bl.co.in Email has 3 mandatory parts (abc, bl & co) and 2 optional (xyz & in) with precise @ and . positions 
Wrong Input : E.g. abc.xyz@bl.co.in Email has 3 mandatory parts (abc, bl & co) and 2 optional (xyz & in) with precise @ and . positions 
Wrong Input : E.g. abc.xyz@bl.co.in Email has 3 mandatory parts (abc, bl & co) and 2 optional (xyz & in) with precise @ and . positions 
Wrong Input : E.g. abc.xyz@bl.co.in Email has 3 mandatory parts (abc, bl & co) and 2 optional (xyz & in) with precise @ and . positions 
Wrong Input : E.g. abc.xyz@bl.co.in Email has 3 mandatory parts (abc, bl & co) and 2 optional (xyz & in) with precise @ and . positions 
Wrong Input : E.g. abc.xyz@bl.co.in Email has 3 mandatory parts (abc, bl & co) and 2 optional (xyz & in) with precise @ and . positions 
Wrong Input : E.g. abc.xyz@bl.co.in Email has 3 mandatory parts (abc, bl & co) and 2 optional (xyz & in) with precise @ and . positions 
Wrong Input : E.g. abc.xyz@bl.co.in Email has 3 mandatory parts (abc, bl & co) and 2 optional (xyz & in) with precise @ and . positions 
Wrong Input : E.g. abc.xyz@bl.co.in Email has 3 mandatory parts (abc, bl & co) and 2 optional (xyz & in) with precise @ and . positions 
Wrong Input : E.g. abc.xyz@bl.co.in Email has 3 mandatory parts (abc, bl & co) and 2 optional (xyz & in) with precise @ and . positions 
Wrong Input : E.g. abc.xyz@bl.co.in Email has 3 mandatory parts (abc, bl & co) and 2 optional (xyz & in) with precise @ and . positions 
Wrong Input : E.g. abc.xyz@bl.co.in Email has 3 mandatory parts (abc, bl & co) and 2 optional (xyz & in) with precise @ and . positions 
Wrong Input : E.g. abc.xyz@bl.co.in Email has 3 mandatory parts (abc, bl & co) and 2 optional (xyz & in) with precise @ and . positions 
Wrong Input : E.g. abc.xyz@bl.co.in Email has 3 mandatory parts (abc, bl & co) and 2 optional (xyz & in) with precise @ and . positions 
Wrong Input : E.g. abc.xyz@bl.co.in Email has 3 mandatory parts (abc, bl & co) and 2 optional (xyz & in) with precise @ and . positions 
Wrong Input : E.g. abc.xyz@bl.co.in Email has 3 mandatory parts (abc, bl & co) and 2 optional (xyz & in) with precise @ and . positions 
Wrong Input : E.g. abc.xyz@bl.co.in Email has 3 mandatory parts (abc, bl & co) and 2 optional (xyz & in) with precise @ and . positions 
Wrong Input : E.g. abc.xyz@bl.co.in Email has 3 mandatory parts (abc, bl & co) and 2 optional (xyz & in) with precise @ and . positions 
Wrong Input : E.g. abc.xyz@bl.co.in Email has 3 mandatory parts (abc, bl & co) and 2 optional (xyz & in) with precise @ and . positions 
Wrong Input : E.g. abc.xyz@bl.co.in Email has 3 mandatory parts (abc, bl & co) and 2 optional (xyz & in) with precise @ and . positions 
Wrong Input : E.g. abc.xyz@bl.co.in Email has 3 mandatory parts (abc, bl & co) and 2 optional (xyz & in) with precise @ and . positions 
Wrong Input : E.g. abc.xyz@bl.co.in Email has 3 mandatory parts (abc, bl & co) and 2 optional (xyz & in) with precise @ and . positions 
Wrong Input : E.g. abc.xyz@bl.co.in Email has 3 mandatory parts (abc, bl & co) and 2 optional (xyz & in) with precise @ and . positions 
Wrong Input : E.g. abc.xyz@bl.co.in Email has 3 mandatory parts (abc, bl & co) and 2 optional (xyz & in) with precise @ and . positions 
Wrong Input : E.g. abc.xyz@bl.co.in Email has 3 mandatory parts (abc, bl & co) and 2 optional (xyz & in) with precise @ and . positions 
Wrong Input : E.g. abc.xyz@bl.co.in Email has 3 mandatory parts (abc, bl & co) and 2 optional (xyz & in) with precise @ and . positions 
Wrong Input : E.g. abc.xyz@bl.co.in Email has 3 mandatory parts (abc, bl & co) and 2 optional (xyz & in) with precise @ and . positions 
Wrong Input : E.g. abc.xyz@bl.co.in Email has 3 mandatory parts (abc, bl & co) and 2 optional (xyz & in) with precise @ and . positions 
Wrong Input : E.g. abc.xyz@bl.co.in Email has 3 mandatory parts (abc, bl & co) and 2 optional (xyz & in) with precise @ and . positions 
Wrong Input : E.g. abc.xyz@bl.co.in Email has 3 mandatory parts (abc, bl & co) and 2 optional (xyz & in) with precise @ and . positions 
Wrong Input : E.g. abc.xyz@bl.co.in Email has 3 mandatory parts (abc, bl & co) and 2 optional (xyz & in) with precise @ and . positions 
Wrong Input : E.g. abc.xyz@bl.co.in Email has 3 mandatory parts (abc, bl & co) and 2 optional (xyz & in) with precise @ and . positions 
Wrong Input : E.g. abc.xyz@bl.co.in Email has 3 mandatory parts (abc, bl & co) and 2 optional (xyz & in) with precise @ and . positions 
Wrong Input : E.g. abc.xyz@bl.co.in Email has 3 mandatory parts (abc, bl & co) and 2 optional (xyz & in) with precise @ and . positions 
Wrong Input : E.g. abc.xyz@bl.co.in Email has 3 mandatory parts (abc, bl & co) and 2 optional (xyz & in) with precise @ and . positions 
Wrong Input : E.g. abc.xyz@bl.co.in Email has 3 mandatory parts (abc, bl & co) and 2 optional (xyz & in) with precise @ and . positions 
Wrong Input : E.g. abc.xyz@bl.co.in Email has 3 mandatory parts (abc, bl & co) and 2 optional (xyz & in) with precise @ and . positions 
Wrong Input : E.g. abc.xyz@bl.co.in Email has 3 mandatory parts (abc, bl & co) and 2 optional (xyz & in) with precise @ and . positions 
Wrong Input : E.g. abc.xyz@bl.co.in Email has 3 mandatory parts (abc, bl & co) and 2 optional (xyz & in) with precise @ and . positions 
Wrong Input : E.g. abc.xyz@bl.co.in Email has 3 mandatory parts (abc, bl & co) and 2 optional (xyz & in) with precise @ and . positions 
Wrong Input : E.g. abc.xyz@bl.co.in Email has 3 mandatory parts (abc, bl & co) and 2 optional (xyz & in) with precise @ and . positions 
Wrong Input : E.g. abc.xyz@bl.co.in Email has 3 mandatory parts (abc, bl & co) and 2 optional (xyz & in) with precise @ and . positions 
Wrong Input : E.g. abc.xyz@bl.co.in Email has 3 mandatory parts (abc, bl & co) and 2 optional (xyz & in) with precise @ and . positions 
Wrong Input : E.g. abc.xyz@bl.co.in Email has 3 mandatory parts (abc, bl & co) and 2 optional (xyz & in) with precise @ and . positions 
Wrong Input : E.g. abc.xyz@bl.co.in Email has 3 mandatory parts (abc, bl & co) and 2 optional (xyz & in) with precise @ and . positions 
Wrong Input : E.g. abc.xyz@bl.co.in Email has 3 mandatory parts (abc, bl & co) and 2 optional (xyz & in) with precise @ and . positions 
Wrong Input : E.g. abc.xyz@bl.co.in Email has 3 mandatory parts (abc, bl & co) and 2 optional (xyz & in) with precise @ and . positions 
Wrong Input : E.g. abc.xyz@bl.co.in Email has 3 mandatory parts (abc, bl & co) and 2 optional (xyz & in) with precise @ and . positions 
Wrong Input : E.g. abc.xyz@bl.co.in Email has 3 mandatory parts (abc, bl & co) and 2 optional (xyz & in) with precise @ and . positions 
Wrong Input : E.g. abc.xyz@bl.co.in Email has 3 mandatory parts (abc, bl & co) and 2 optional (xyz & in) with precise @ and . positions 
Wrong Input : E.g. abc.xyz@bl.co.in Email has 3 mandatory parts (abc, bl & co) and 2 optional (xyz & in) with precise @ and . positions 
Wrong Input : E.g. abc.xyz@bl.co.in Email has 3 mandatory parts (abc, bl & co) and 2 optional (xyz & in) with precise @ and . positions 
Wrong Input : E.g. abc.xyz@bl.co.in Email has 3 mandatory parts (abc, bl & co) and 2 optional (xyz & in) with precise @ and . positions 
Wrong Input : E.g. abc.xyz@bl.co.in Email has 3 mandatory parts (abc, bl & co) and 2 optional (xyz & in) with precise @ and . positions 
Wrong Input : E.g. abc.xyz@bl.co.in Email has 3 mandatory parts (abc, bl & co) and 2 optional (xyz & in) with precise @ and . positions 
Wrong Input : E.g. abc.xyz@bl.co.in Email has 3 mandatory parts (abc, bl & co) and 2 optional (xyz & in) with precise @ and . positions 
Wrong Input : E.g. abc.xyz@bl.co.in Email has 3 mandatory parts (abc, bl & co) and 2 optional (xyz & in) with precise @ and . positions 
Wrong Input : E.g. abc.xyz@bl.co.in Email has 3 mandatory parts (abc, bl & co) and 2 optional (xyz & in) with precise @ and . positions 
Wrong Input : E.g. abc.xyz@bl.co.in Email has 3 mandatory parts (abc, bl & co) and 2 optional (xyz & in) with precise @ and . positions 
Wrong Input : E.g. abc.xyz@bl.co.in Email has 3 mandatory parts (abc, bl & co) and 2 optional (xyz & in) with precise @ and . positions 
Wrong Input : E.g. abc.xyz@bl.co.in Email has 3 mandatory parts (abc, bl & co) and 2 optional (xyz & in) with precise @ and . positions 
Wrong Input : E.g. abc.xyz@bl.co.in Email has 3 mandatory parts (abc, bl & co) and 2 optional (xyz & in) with precise @ and . positions 
Wrong Input : E.g. abc.xyz@bl.co.in Email has 3 mandatory parts (abc, bl & co) and 2 optional (xyz & in) with precise @ and . positions 
Wrong Input : E.g. abc.xyz@bl.co.in Email has 3 mandatory parts (abc, bl & co) and 2 optional (xyz & in) with precise @ and . positions 
Wrong Input : E.g. abc.xyz@bl.co.in Email has 3 mandatory parts (abc, bl & co) and 2 optional (xyz & in) with precise @ and . positions 
Wrong Input : E.g. abc.xyz@bl.co.in Email has 3 mandatory parts (abc, bl & co) and 2 optional (xyz & in) with precise @ and . positions 
Wrong Input : E.g. abc.xyz@bl.co.in Email has 3 mandatory parts (abc, bl & co) and 2 optional (xyz & in) with precise @ and . positions 
Wrong Input : E.g. abc.xyz@bl.co.in Email has 3 mandatory parts (abc, bl & co) and 2 optional (xyz & in) with precise @ and . positions 
Wrong Input : E.g. abc.xyz@bl.co.in Email has 3 mandatory parts (abc, bl & co) and 2 optional (xyz & in) with precise @ and . positions 
Wrong Input : E.g. abc.xyz@bl.co.in Email has 3 mandatory parts (abc, bl & co) and 2 optional (xyz & in) with precise @ and . positions 
Wrong Input : E.g. abc.xyz@bl.co.in Email has 3 mandatory parts (abc, bl & co) and 2 optional (xyz & in) with precise @ and . positions 
Wrong Input : E.g. abc.xyz@bl.co.in Email has 3 mandatory parts (abc, bl & co) and 2 optional (xyz & in) with precise @ and . positions 
Wrong Input : E.g. abc.xyz@bl.co.in Email has 3 mandatory parts (abc, bl & co) and 2 optional (xyz & in) with precise @ and . positions 
Wrong Input : E.g. abc.xyz@bl.co.in Email has 3 mandatory parts (abc, bl & co) and 2 optional (xyz & in) with precise @ and . positions 
Wrong Input : E.g. abc.xyz@bl.co.in Email has 3 mandatory parts (abc, bl & co) and 2 optional (xyz & in) with precise @ and . positions 
Wrong Input : E.g. abc.xyz@bl.co.in Email has 3 mandatory parts (abc, bl & co) and 2 optional (xyz & in) with precise @ and . positions 
Wrong Input : E.g. abc.xyz@bl.co.in Email has 3 mandatory parts (abc, bl & co) and 2 optional (xyz & in) with precise @ and . positions 
Wrong Input : E.g. abc.xyz@bl.co.in Email has 3 mandatory parts (abc, bl & co) and 2 optional (xyz & in) with precise @ and . positions 
Wrong Input : E.g. abc.xyz@bl.co.in Email has 3 mandatory parts (abc, bl & co) and 2 optional (xyz & in) with precise @ and . positions 
Wrong Input : E.g. abc.xyz@bl.co.in Email has 3 mandatory parts (abc, bl & co) and 2 optional (xyz & in) with precise @ and . positions 
Wrong Input : E.g. abc.xyz@bl.co.in Email has 3 mandatory parts (abc, bl & co) and 2 optional (xyz & in) with precise @ and . positions 
Wrong Input : E.g. abc.xyz@bl.co.in Email has 3 mandatory parts (abc, bl & co) and 2 optional (xyz & in) with precise @ and . positions 
Wrong Input : E.g. abc.xyz@bl.co.in Email has 3 mandatory parts (abc, bl & co) and 2 optional (xyz & in) with precise @ and . positions 
Wrong Input : E.g. abc.xyz@bl.co.in Email has 3 mandatory parts (abc, bl & co) and 2 optional (xyz & in) with precise @ and . positions 
Wrong Input : E.g. abc.xyz@bl.co.in Email has 3 mandatory parts (abc, bl & co) and 2 optional (xyz & in) with precise @ and . positions 
Wrong Input : E.g. abc.xyz@bl.co.in Email has 3 mandatory parts (abc, bl & co) and 2 optional (xyz & in) with precise @ and . positions 
Wrong Input : E.g. abc.xyz@bl.co.in Email has 3 mandatory parts (abc, bl & co) and 2 optional (xyz & in) with precise @ and . positions 
Wrong Input : E.g. abc.xyz@bl.co.in Email has 3 mandatory parts (abc, bl & co) and 2 optional (xyz & in) with precise @ and . positions 
Wrong Input : E.g. abc.xyz@bl.co.in Email has 3 mandatory parts (abc, bl & co) and 2 optional (xyz & in) with precise @ and . positions 
Wrong Input : E.g. abc.xyz@bl.co.in Email has 3 mandatory parts (abc, bl & co) and 2 optional (xyz & in) with precise @ and . positions 
Wrong Input : E.g. abc.xyz@bl.co.in Email has 3 mandatory parts (abc, bl & co) and 2 optional (xyz & in) with precise @ and . positions 
Wrong Input : E.g. abc.xyz@bl.co.in Email has 3 mandatory parts (abc, bl & co) and 2 optional (xyz & in) with precise @ and . positions 
Wrong Input : E.g. abc.xyz@bl.co.in Email has 3 mandatory parts (abc, bl & co) and 2 optional (xyz & in) with precise @ and . positions 
Wrong Input : E.g. abc.xyz@bl.co.in Email has 3 mandatory parts (abc, bl & co) and 2 optional (xyz & in) with precise @ and . positions 
Wrong Input : E.g. abc.xyz@bl.co.in Email has 3 mandatory parts (abc, bl & co) and 2 optional (xyz & in) with precise @ and . positions 
Wrong Input : E.g. abc.xyz@bl.co.in Email has 3 mandatory parts (abc, bl & co) and 2 optional (xyz & in) with precise @ and . positions 
Wrong Input : E.g. abc.xyz@bl.co.in Email has 3 mandatory parts (abc, bl & co) and 2 optional (xyz & in) with precise @ and . positions 
Wrong Input : E.g. abc.xyz@bl.co.in Email has 3 mandatory parts (abc, bl & co) and 2 optional (xyz & in) with precise @ and . positions 
Wrong Input : E.g. abc.xyz@bl.co.in Email has 3 mandatory parts (abc, bl & co) and 2 optional (xyz & in) with precise @ and . positions 
Wrong Input : E.g. abc.xyz@bl.co.in Email has 3 mandatory parts (abc, bl & co) and 2 optional (xyz & in) with precise @ and . positions 
Wrong Input : E.g. abc.xyz@bl.co.in Email has 3 mandatory parts (abc, bl & co) and 2 optional (xyz & in) with precise @ and . positions 
Wrong Input : E.g. abc.xyz@bl.co.in Email has 3 mandatory parts (abc, bl & co) and 2 optional (xyz & in) with precise @ and . positions 
Wrong Input : E.g. abc.xyz@bl.co.in Email has 3 mandatory parts (abc, bl & co) and 2 optional (xyz & in) with precise @ and . positions 
Wrong Input : E.g. abc.xyz@bl.co.in Email has 3 mandatory parts (abc, bl & co) and 2 optional (xyz & in) with precise @ and . positions 
Wrong Input : E.g. abc.xyz@bl.co.in Email has 3 mandatory parts (abc, bl & co) and 2 optional (xyz & in) with precise @ and . positions 
Wrong Input : E.g. abc.xyz@bl.co.in Email has 3 mandatory parts (abc, bl & co) and 2 optional (xyz & in) with precise @ and . positions 
Wrong Input : E.g. abc.xyz@bl.co.in Email has 3 mandatory parts (abc, bl & co) and 2 optional (xyz & in) with precise @ and . positions 
Wrong Input : E.g. abc.xyz@bl.co.in Email has 3 mandatory parts (abc, bl & co) and 2 optional (xyz & in) with precise @ and . positions 
Wrong Input : E.g. abc.xyz@bl.co.in Email has 3 mandatory parts (abc, bl & co) and 2 optional (xyz & in) with precise @ and . positions 
Wrong Input : E.g. abc.xyz@bl.co.in Email has 3 mandatory parts (abc, bl & co) and 2 optional (xyz & in) with precise @ and . positions 
Wrong Input : E.g. abc.xyz@bl.co.in Email has 3 mandatory parts (abc, bl & co) and 2 optional (xyz & in) with precise @ and . positions 
Wrong Input : E.g. abc.xyz@bl.co.in Email has 3 mandatory parts (abc, bl & co) and 2 optional (xyz & in) with precise @ and . positions 
Wrong Input : E.g. abc.xyz@bl.co.in Email has 3 mandatory parts (abc, bl & co) and 2 optional (xyz & in) with precise @ and . positions 
Wrong Input : E.g. abc.xyz@bl.co.in Email has 3 mandatory parts (abc, bl & co) and 2 optional (xyz & in) with precise @ and . positions 
Wrong Input : E.g. abc.xyz@bl.co.in Email has 3 mandatory parts (abc, bl & co) and 2 optional (xyz & in) with precise @ and . positions 
Wrong Input : E.g. abc.xyz@bl.co.in Email has 3 mandatory parts (abc, bl & co) and 2 optional (xyz & in) with precise @ and . positions 
Wrong Input : E.g. abc.xyz@bl.co.in Email has 3 mandatory parts (abc, bl & co) and 2 optional (xyz & in) with precise @ and . positions 
Wrong Input : E.g. abc.xyz@bl.co.in Email has 3 mandatory parts (abc, bl & co) and 2 optional (xyz & in) with precise @ and . positions 
Wrong Input : E.g. abc.xyz@bl.co.in Email has 3 mandatory parts (abc, bl & co) and 2 optional (xyz & in) with precise @ and . positions 
Wrong Input : E.g. abc.xyz@bl.co.in Email has 3 mandatory parts (abc, bl & co) and 2 optional (xyz & in) with precise @ and . positions 
Wrong Input : E.g. abc.xyz@bl.co.in Email has 3 mandatory parts (abc, bl & co) and 2 optional (xyz & in) with precise @ and . positions 
Wrong Input : E.g. abc.xyz@bl.co.in Email has 3 mandatory parts (abc, bl & co) and 2 optional (xyz & in) with precise @ and . positions 
Wrong Input : E.g. abc.xyz@bl.co.in Email has 3 mandatory parts (abc, bl & co) and 2 optional (xyz & in) with precise @ and . positions 
Wrong Input : E.g. abc.xyz@bl.co.in Email has 3 mandatory parts (abc, bl & co) and 2 optional (xyz & in) with precise @ and . positions 
Wrong Input : E.g. abc.xyz@bl.co.in Email has 3 mandatory parts (abc, bl & co) and 2 optional (xyz & in) with precise @ and . positions 
Wrong Input : E.g. abc.xyz@bl.co.in Email has 3 mandatory parts (abc, bl & co) and 2 optional (xyz & in) with precise @ and . positions 
Wrong Input : E.g. abc.xyz@bl.co.in Email has 3 mandatory parts (abc, bl & co) and 2 optional (xyz & in) with precise @ and . positions 
Wrong Input : E.g. abc.xyz@bl.co.in Email has 3 mandatory parts (abc, bl & co) and 2 optional (xyz & in) with precise @ and . positions 
Wrong Input : E.g. abc.xyz@bl.co.in Email has 3 mandatory parts (abc, bl & co) and 2 optional (xyz & in) with precise @ and . positions 
Wrong Input : E.g. abc.xyz@bl.co.in Email has 3 mandatory parts (abc, bl & co) and 2 optional (xyz & in) with precise @ and . positions 
Wrong Input : E.g. abc.xyz@bl.co.in Email has 3 mandatory parts (abc, bl & co) and 2 optional (xyz & in) with precise @ and . positions 
Wrong Input : E.g. abc.xyz@bl.co.in Email has 3 mandatory parts (abc, bl & co) and 2 optional (xyz & in) with precise @ and . positions 
Wrong Input : E.g. abc.xyz@bl.co.in Email has 3 mandatory parts (abc, bl & co) and 2 optional (xyz & in) with precise @ and . positions 
Wrong Input : E.g. abc.xyz@bl.co.in Email has 3 mandatory parts (abc, bl & co) and 2 optional (xyz & in) with precise @ and . positions 
Wrong Input : E.g. abc.xyz@bl.co.in Email has 3 mandatory parts (abc, bl & co) and 2 optional (xyz & in) with precise @ and . positions 
Wrong Input : E.g. abc.xyz@bl.co.in Email has 3 mandatory parts (abc, bl & co) and 2 optional (xyz & in) with precise @ and . positions 
Wrong Input : E.g. abc.xyz@bl.co.in Email has 3 mandatory parts (abc, bl & co) and 2 optional (xyz & in) with precise @ and . positions 
Wrong Input : E.g. abc.xyz@bl.co.in Email has 3 mandatory parts (abc, bl & co) and 2 optional (xyz & in) with precise @ and . positions 
Wrong Input : E.g. abc.xyz@bl.co.in Email has 3 mandatory parts (abc, bl & co) and 2 optional (xyz & in) with precise @ and . positions 
Wrong Input : E.g. abc.xyz@bl.co.in Email has 3 mandatory parts (abc, bl & co) and 2 optional (xyz & in) with precise @ and . positions 
Wrong Input : E.g. abc.xyz@bl.co.in Email has 3 mandatory parts (abc, bl & co) and 2 optional (xyz & in) with precise @ and . positions 
Wrong Input : E.g. abc.xyz@bl.co.in Email has 3 mandatory parts (abc, bl & co) and 2 optional (xyz & in) with precise @ and . positions 
Wrong Input : E.g. abc.xyz@bl.co.in Email has 3 mandatory parts (abc, bl & co) and 2 optional (xyz & in) with precise @ and . positions 
Wrong Input : E.g. abc.xyz@bl.co.in Email has 3 mandatory parts (abc, bl & co) and 2 optional (xyz & in) with precise @ and . positions 
Wrong Input : E.g. abc.xyz@bl.co.in Email has 3 mandatory parts (abc, bl & co) and 2 optional (xyz & in) with precise @ and . positions 
Wrong Input : E.g. abc.xyz@bl.co.in Email has 3 mandatory parts (abc, bl & co) and 2 optional (xyz & in) with precise @ and . positions 
Wrong Input : E.g. abc.xyz@bl.co.in Email has 3 mandatory parts (abc, bl & co) and 2 optional (xyz & in) with precise @ and . positions 
Wrong Input : E.g. abc.xyz@bl.co.in Email has 3 mandatory parts (abc, bl & co) and 2 optional (xyz & in) with precise @ and . positions 
Wrong Input : E.g. abc.xyz@bl.co.in Email has 3 mandatory parts (abc, bl & co) and 2 optional (xyz & in) with precise @ and . positions 
Wrong Input : E.g. abc.xyz@bl.co.in Email has 3 mandatory parts (abc, bl & co) and 2 optional (xyz & in) with precise @ and . positions 
Wrong Input : E.g. abc.xyz@bl.co.in Email has 3 mandatory parts (abc, bl & co) and 2 optional (xyz & in) with precise @ and . positions 
Wrong Input : E.g. abc.xyz@bl.co.in Email has 3 mandatory parts (abc, bl & co) and 2 optional (xyz & in) with precise @ and . positions 
Wrong Input : E.g. abc.xyz@bl.co.in Email has 3 mandatory parts (abc, bl & co) and 2 optional (xyz & in) with precise @ and . positions 
Wrong Input : E.g. abc.xyz@bl.co.in Email has 3 mandatory parts (abc, bl & co) and 2 optional (xyz & in) with precise @ and . positions 
Wrong Input : E.g. abc.xyz@bl.co.in Email has 3 mandatory parts (abc, bl & co) and 2 optional (xyz & in) with precise @ and . positions 
Wrong Input : E.g. abc.xyz@bl.co.in Email has 3 mandatory parts (abc, bl & co) and 2 optional (xyz & in) with precise @ and . positions 
Wrong Input : E.g. abc.xyz@bl.co.in Email has 3 mandatory parts (abc, bl & co) and 2 optional (xyz & in) with precise @ and . positions 
Wrong Input : E.g. abc.xyz@bl.co.in Email has 3 mandatory parts (abc, bl & co) and 2 optional (xyz & in) with precise @ and . positions 
Wrong Input : E.g. abc.xyz@bl.co.in Email has 3 mandatory parts (abc, bl & co) and 2 optional (xyz & in) with precise @ and . positions 
Wrong Input : E.g. abc.xyz@bl.co.in Email has 3 mandatory parts (abc, bl & co) and 2 optional (xyz & in) with precise @ and . positions 
Wrong Input : E.g. abc.xyz@bl.co.in Email has 3 mandatory parts (abc, bl & co) and 2 optional (xyz & in) with precise @ and . positions 
Wrong Input : E.g. abc.xyz@bl.co.in Email has 3 mandatory parts (abc, bl & co) and 2 optional (xyz & in) with precise @ and . positions 
Wrong Input : E.g. abc.xyz@bl.co.in Email has 3 mandatory parts (abc, bl & co) and 2 optional (xyz & in) with precise @ and . positions 
Wrong Input : E.g. abc.xyz@bl.co.in Email has 3 mandatory parts (abc, bl & co) and 2 optional (xyz & in) with precise @ and . positions 
Wrong Input : E.g. abc.xyz@bl.co.in Email has 3 mandatory parts (abc, bl & co) and 2 optional (xyz & in) with precise @ and . positions 
Wrong Input : E.g. abc.xyz@bl.co.in Email has 3 mandatory parts (abc, bl & co) and 2 optional (xyz & in) with precise @ and . positions 
Wrong Input : E.g. abc.xyz@bl.co.in Email has 3 mandatory parts (abc, bl & co) and 2 optional (xyz & in) with precise @ and . positions 
Wrong Input : E.g. abc.xyz@bl.co.in Email has 3 mandatory parts (abc, bl & co) and 2 optional (xyz & in) with precise @ and . positions 
Wrong Input : E.g. abc.xyz@bl.co.in Email has 3 mandatory parts (abc, bl & co) and 2 optional (xyz & in) with precise @ and . positions 
Wrong Input : E.g. abc.xyz@bl.co.in Email has 3 mandatory parts (abc, bl & co) and 2 optional (xyz & in) with precise @ and . positions 
Wrong Input : E.g. abc.xyz@bl.co.in Email has 3 mandatory parts (abc, bl & co) and 2 optional (xyz & in) with precise @ and . positions 
Wrong Input : E.g. abc.xyz@bl.co.in Email has 3 mandatory parts (abc, bl & co) and 2 optional (xyz & in) with precise @ and . positions 
Wrong Input : E.g. abc.xyz@bl.co.in Email has 3 mandatory parts (abc, bl & co) and 2 optional (xyz & in) with precise @ and . positions 
Wrong Input : E.g. abc.xyz@bl.co.in Email has 3 mandatory parts (abc, bl & co) and 2 optional (xyz & in) with precise @ and . positions 
Wrong Input : E.g. abc.xyz@bl.co.in Email has 3 mandatory parts (abc, bl & co) and 2 optional (xyz & in) with precise @ and . positions 
Wrong Input : E.g. abc.xyz@bl.co.in Email has 3 mandatory parts (abc, bl & co) and 2 optional (xyz & in) with precise @ and . positions 
Wrong Input : E.g. abc.xyz@bl.co.in Email has 3 mandatory parts (abc, bl & co) and 2 optional (xyz & in) with precise @ and . positions 
Wrong Input : E.g. abc.xyz@bl.co.in Email has 3 mandatory parts (abc, bl & co) and 2 optional (xyz & in) with precise @ and . positions 
Wrong Input : E.g. abc.xyz@bl.co.in Email has 3 mandatory parts (abc, bl & co) and 2 optional (xyz & in) with precise @ and . positions 
Wrong Input : E.g. abc.xyz@bl.co.in Email has 3 mandatory parts (abc, bl & co) and 2 optional (xyz & in) with precise @ and . positions 
Wrong Input : E.g. abc.xyz@bl.co.in Email has 3 mandatory parts (abc, bl & co) and 2 optional (xyz & in) with precise @ and . positions 
Wrong Input : E.g. abc.xyz@bl.co.in Email has 3 mandatory parts (abc, bl & co) and 2 optional (xyz & in) with precise @ and . positions 
Wrong Input : E.g. abc.xyz@bl.co.in Email has 3 mandatory parts (abc, bl & co) and 2 optional (xyz & in) with precise @ and . positions 
Wrong Input : E.g. abc.xyz@bl.co.in Email has 3 mandatory parts (abc, bl & co) and 2 optional (xyz & in) with precise @ and . positions 
Wrong Input : E.g. abc.xyz@bl.co.in Email has 3 mandatory parts (abc, bl & co) and 2 optional (xyz & in) with precise @ and . positions 
Wrong Input : E.g. abc.xyz@bl.co.in Email has 3 mandatory parts (abc, bl & co) and 2 optional (xyz & in) with precise @ and . positions 
Wrong Input : E.g. abc.xyz@bl.co.in Email has 3 mandatory parts (abc, bl & co) and 2 optional (xyz & in) with precise @ and . positions 
Wrong Input : E.g. abc.xyz@bl.co.in Email has 3 mandatory parts (abc, bl & co) and 2 optional (xyz & in) with precise @ and . positions 
Wrong Input : E.g. abc.xyz@bl.co.in Email has 3 mandatory parts (abc, bl & co) and 2 optional (xyz & in) with precise @ and . positions 
Wrong Input : E.g. abc.xyz@bl.co.in Email has 3 mandatory parts (abc, bl & co) and 2 optional (xyz & in) with precise @ and . positions 
Wrong Input : E.g. abc.xyz@bl.co.in Email has 3 mandatory parts (abc, bl & co) and 2 optional (xyz & in) with precise @ and . positions 
Wrong Input : E.g. abc.xyz@bl.co.in Email has 3 mandatory parts (abc, bl & co) and 2 optional (xyz & in) with precise @ and . positions 
Wrong Input : E.g. abc.xyz@bl.co.in Email has 3 mandatory parts (abc, bl & co) and 2 optional (xyz & in) with precise @ and . positions 
Wrong Input : E.g. abc.xyz@bl.co.in Email has 3 mandatory parts (abc, bl & co) and 2 optional (xyz & in) with precise @ and . positions 
Wrong Input : E.g. abc.xyz@bl.co.in Email has 3 mandatory parts (abc, bl & co) and 2 optional (xyz & in) with precise @ and . positions 
Wrong Input : E.g. abc.xyz@bl.co.in Email has 3 mandatory parts (abc, bl & co) and 2 optional (xyz & in) with precise @ and . positions 
Wrong Input : E.g. abc.xyz@bl.co.in Email has 3 mandatory parts (abc, bl & co) and 2 optional (xyz & in) with precise @ and . positions 
Wrong Input : E.g. abc.xyz@bl.co.in Email has 3 mandatory parts (abc, bl & co) and 2 optional (xyz & in) with precise @ and . positions 
Wrong Input : E.g. abc.xyz@bl.co.in Email has 3 mandatory parts (abc, bl & co) and 2 optional (xyz & in) with precise @ and . positions 
Wrong Input : E.g. abc.xyz@bl.co.in Email has 3 mandatory parts (abc, bl & co) and 2 optional (xyz & in) with precise @ and . positions 
Wrong Input : E.g. abc.xyz@bl.co.in Email has 3 mandatory parts (abc, bl & co) and 2 optional (xyz & in) with precise @ and . positions 
Wrong Input : E.g. abc.xyz@bl.co.in Email has 3 mandatory parts (abc, bl & co) and 2 optional (xyz & in) with precise @ and . positions 
Wrong Input : E.g. abc.xyz@bl.co.in Email has 3 mandatory parts (abc, bl & co) and 2 optional (xyz & in) with precise @ and . positions 
Wrong Input : E.g. abc.xyz@bl.co.in Email has 3 mandatory parts (abc, bl & co) and 2 optional (xyz & in) with precise @ and . positions 
Wrong Input : E.g. abc.xyz@bl.co.in Email has 3 mandatory parts (abc, bl & co) and 2 optional (xyz & in) with precise @ and . positions 
Wrong Input : E.g. abc.xyz@bl.co.in Email has 3 mandatory parts (abc, bl & co) and 2 optional (xyz & in) with precise @ and . positions 
Wrong Input : E.g. abc.xyz@bl.co.in Email has 3 mandatory parts (abc, bl & co) and 2 optional (xyz & in) with precise @ and . positions 
Wrong Input : E.g. abc.xyz@bl.co.in Email has 3 mandatory parts (abc, bl & co) and 2 optional (xyz & in) with precise @ and . positions 
Wrong Input : E.g. abc.xyz@bl.co.in Email has 3 mandatory parts (abc, bl & co) and 2 optional (xyz & in) with precise @ and . positions 
Wrong Input : E.g. abc.xyz@bl.co.in Email has 3 mandatory parts (abc, bl & co) and 2 optional (xyz & in) with precise @ and . positions 
Wrong Input : E.g. abc.xyz@bl.co.in Email has 3 mandatory parts (abc, bl & co) and 2 optional (xyz & in) with precise @ and . positions 
Wrong Input : E.g. abc.xyz@bl.co.in Email has 3 mandatory parts (abc, bl & co) and 2 optional (xyz & in) with precise @ and . positions 
Wrong Input : E.g. abc.xyz@bl.co.in Email has 3 mandatory parts (abc, bl & co) and 2 optional (xyz & in) with precise @ and . positions 
Wrong Input : E.g. abc.xyz@bl.co.in Email has 3 mandatory parts (abc, bl & co) and 2 optional (xyz & in) with precise @ and . positions 
Wrong Input : E.g. abc.xyz@bl.co.in Email has 3 mandatory parts (abc, bl & co) and 2 optional (xyz & in) with precise @ and . positions 
Wrong Input : E.g. abc.xyz@bl.co.in Email has 3 mandatory parts (abc, bl & co) and 2 optional (xyz & in) with precise @ and . positions 
Wrong Input : E.g. abc.xyz@bl.co.in Email has 3 mandatory parts (abc, bl & co) and 2 optional (xyz & in) with precise @ and . positions 
Wrong Input : E.g. abc.xyz@bl.co.in Email has 3 mandatory parts (abc, bl & co) and 2 optional (xyz & in) with precise @ and . positions 
Wrong Input : E.g. abc.xyz@bl.co.in Email has 3 mandatory parts (abc, bl & co) and 2 optional (xyz & in) with precise @ and . positions 
Wrong Input : E.g. abc.xyz@bl.co.in Email has 3 mandatory parts (abc, bl & co) and 2 optional (xyz & in) with precise @ and . positions 
Wrong Input : E.g. abc.xyz@bl.co.in Email has 3 mandatory parts (abc, bl & co) and 2 optional (xyz & in) with precise @ and . positions 
Wrong Input : E.g. abc.xyz@bl.co.in Email has 3 mandatory parts (abc, bl & co) and 2 optional (xyz & in) with precise @ and . positions 
Wrong Input : E.g. abc.xyz@bl.co.in Email has 3 mandatory parts (abc, bl & co) and 2 optional (xyz & in) with precise @ and . positions 
Wrong Input : E.g. abc.xyz@bl.co.in Email has 3 mandatory parts (abc, bl & co) and 2 optional (xyz & in) with precise @ and . positions 
Wrong Input : E.g. abc.xyz@bl.co.in Email has 3 mandatory parts (abc, bl & co) and 2 optional (xyz & in) with precise @ and . positions 
Wrong Input : E.g. abc.xyz@bl.co.in Email has 3 mandatory parts (abc, bl & co) and 2 optional (xyz & in) with precise @ and . positions 
Wrong Input : E.g. abc.xyz@bl.co.in Email has 3 mandatory parts (abc, bl & co) and 2 optional (xyz & in) with precise @ and . positions 
Wrong Input : E.g. abc.xyz@bl.co.in Email has 3 mandatory parts (abc, bl & co) and 2 optional (xyz & in) with precise @ and . positions 
Wrong Input : E.g. abc.xyz@bl.co.in Email has 3 mandatory parts (abc, bl & co) and 2 optional (xyz & in) with precise @ and . positions 
Wrong Input : E.g. abc.xyz@bl.co.in Email has 3 mandatory parts (abc, bl & co) and 2 optional (xyz & in) with precise @ and . positions 
Wrong Input : E.g. abc.xyz@bl.co.in Email has 3 mandatory parts (abc, bl & co) and 2 optional (xyz & in) with precise @ and . positions 
Wrong Input : E.g. abc.xyz@bl.co.in Email has 3 mandatory parts (abc, bl & co) and 2 optional (xyz & in) with precise @ and . positions 
Wrong Input : E.g. abc.xyz@bl.co.in Email has 3 mandatory parts (abc, bl & co) and 2 optional (xyz & in) with precise @ and . positions 
Wrong Input : E.g. abc.xyz@bl.co.in Email has 3 mandatory parts (abc, bl & co) and 2 optional (xyz & in) with precise @ and . positions 
Wrong Input : E.g. abc.xyz@bl.co.in Email has 3 mandatory parts (abc, bl & co) and 2 optional (xyz & in) with precise @ and . positions 
Wrong Input : E.g. abc.xyz@bl.co.in Email has 3 mandatory parts (abc, bl & co) and 2 optional (xyz & in) with precise @ and . positions 
Wrong Input : E.g. abc.xyz@bl.co.in Email has 3 mandatory parts (abc, bl & co) and 2 optional (xyz & in) with precise @ and . positions 
Wrong Input : E.g. abc.xyz@bl.co.in Email has 3 mandatory parts (abc, bl & co) and 2 optional (xyz & in) with precise @ and . positions 
Wrong Input : E.g. abc.xyz@bl.co.in Email has 3 mandatory parts (abc, bl & co) and 2 optional (xyz & in) with precise @ and . positions 
Wrong Input : E.g. abc.xyz@bl.co.in Email has 3 mandatory parts (abc, bl & co) and 2 optional (xyz & in) with precise @ and . positions 
Wrong Input : E.g. abc.xyz@bl.co.in Email has 3 mandatory parts (abc, bl & co) and 2 optional (xyz & in) with precise @ and . positions 
Wrong Input : E.g. abc.xyz@bl.co.in Email has 3 mandatory parts (abc, bl & co) and 2 optional (xyz & in) with precise @ and . positions 
Wrong Input : E.g. abc.xyz@bl.co.in Email has 3 mandatory parts (abc, bl & co) and 2 optional (xyz & in) with precise @ and . positions 
Wrong Input : E.g. abc.xyz@bl.co.in Email has 3 mandatory parts (abc, bl & co) and 2 optional (xyz & in) with precise @ and . positions 
Wrong Input : E.g. abc.xyz@bl.co.in Email has 3 mandatory parts (abc, bl & co) and 2 optional (xyz & in) with precise @ and . positions 
Wrong Input : E.g. abc.xyz@bl.co.in Email has 3 mandatory parts (abc, bl & co) and 2 optional (xyz & in) with precise @ and . positions 
Wrong Input : E.g. abc.xyz@bl.co.in Email has 3 mandatory parts (abc, bl & co) and 2 optional (xyz & in) with precise @ and . positions 
Wrong Input : E.g. abc.xyz@bl.co.in Email has 3 mandatory parts (abc, bl & co) and 2 optional (xyz & in) with precise @ and . positions 
Wrong Input : E.g. abc.xyz@bl.co.in Email has 3 mandatory parts (abc, bl & co) and 2 optional (xyz & in) with precise @ and . positions 
Wrong Input : E.g. abc.xyz@bl.co.in Email has 3 mandatory parts (abc, bl & co) and 2 optional (xyz & in) with precise @ and . positions 
Wrong Input : E.g. abc.xyz@bl.co.in Email has 3 mandatory parts (abc, bl & co) and 2 optional (xyz & in) with precise @ and . positions 
Wrong Input : E.g. abc.xyz@bl.co.in Email has 3 mandatory parts (abc, bl & co) and 2 optional (xyz & in) with precise @ and . positions 
Wrong Input : E.g. abc.xyz@bl.co.in Email has 3 mandatory parts (abc, bl & co) and 2 optional (xyz & in) with precise @ and . positions 
Wrong Input : E.g. abc.xyz@bl.co.in Email has 3 mandatory parts (abc, bl & co) and 2 optional (xyz & in) with precise @ and . positions 
Wrong Input : E.g. abc.xyz@bl.co.in Email has 3 mandatory parts (abc, bl & co) and 2 optional (xyz & in) with precise @ and . positions 
Wrong Input : E.g. abc.xyz@bl.co.in Email has 3 mandatory parts (abc, bl & co) and 2 optional (xyz & in) with precise @ and . positions 
Wrong Input : E.g. abc.xyz@bl.co.in Email has 3 mandatory parts (abc, bl & co) and 2 optional (xyz & in) with precise @ and . positions 
Wrong Input : E.g. abc.xyz@bl.co.in Email has 3 mandatory parts (abc, bl & co) and 2 optional (xyz & in) with precise @ and . positions 
Wrong Input : E.g. abc.xyz@bl.co.in Email has 3 mandatory parts (abc, bl & co) and 2 optional (xyz & in) with precise @ and . positions 
Wrong Input : E.g. abc.xyz@bl.co.in Email has 3 mandatory parts (abc, bl & co) and 2 optional (xyz & in) with precise @ and . positions 
Wrong Input : E.g. abc.xyz@bl.co.in Email has 3 mandatory parts (abc, bl & co) and 2 optional (xyz & in) with precise @ and . positions 
Wrong Input : E.g. abc.xyz@bl.co.in Email has 3 mandatory parts (abc, bl & co) and 2 optional (xyz & in) with precise @ and . positions 
Wrong Input : E.g. abc.xyz@bl.co.in Email has 3 mandatory parts (abc, bl & co) and 2 optional (xyz & in) with precise @ and . positions 
Wrong Input : E.g. abc.xyz@bl.co.in Email has 3 mandatory parts (abc, bl & co) and 2 optional (xyz & in) with precise @ and . positions 
Wrong Input : E.g. abc.xyz@bl.co.in Email has 3 mandatory parts (abc, bl & co) and 2 optional (xyz & in) with precise @ and . positions 
Wrong Input : E.g. abc.xyz@bl.co.in Email has 3 mandatory parts (abc, bl & co) and 2 optional (xyz & in) with precise @ and . positions 
Wrong Input : E.g. abc.xyz@bl.co.in Email has 3 mandatory parts (abc, bl & co) and 2 optional (xyz & in) with precise @ and . positions 
Wrong Input : E.g. abc.xyz@bl.co.in Email has 3 mandatory parts (abc, bl & co) and 2 optional (xyz & in) with precise @ and . positions 
Wrong Input : E.g. abc.xyz@bl.co.in Email has 3 mandatory parts (abc, bl & co) and 2 optional (xyz & in) with precise @ and . positions 
Wrong Input : E.g. abc.xyz@bl.co.in Email has 3 mandatory parts (abc, bl & co) and 2 optional (xyz & in) with precise @ and . positions 
Wrong Input : E.g. abc.xyz@bl.co.in Email has 3 mandatory parts (abc, bl & co) and 2 optional (xyz & in) with precise @ and . positions 
Wrong Input : E.g. abc.xyz@bl.co.in Email has 3 mandatory parts (abc, bl & co) and 2 optional (xyz & in) with precise @ and . positions 
Wrong Input : E.g. abc.xyz@bl.co.in Email has 3 mandatory parts (abc, bl & co) and 2 optional (xyz & in) with precise @ and . positions 
Wrong Input : E.g. abc.xyz@bl.co.in Email has 3 mandatory parts (abc, bl & co) and 2 optional (xyz & in) with precise @ and . positions 
Wrong Input : E.g. abc.xyz@bl.co.in Email has 3 mandatory parts (abc, bl & co) and 2 optional (xyz & in) with precise @ and . positions 
Wrong Input : E.g. abc.xyz@bl.co.in Email has 3 mandatory parts (abc, bl & co) and 2 optional (xyz & in) with precise @ and . positions 
Wrong Input : E.g. abc.xyz@bl.co.in Email has 3 mandatory parts (abc, bl & co) and 2 optional (xyz & in) with precise @ and . positions 
Wrong Input : E.g. abc.xyz@bl.co.in Email has 3 mandatory parts (abc, bl & co) and 2 optional (xyz & in) with precise @ and . positions 
Wrong Input : E.g. abc.xyz@bl.co.in Email has 3 mandatory parts (abc, bl & co) and 2 optional (xyz & in) with precise @ and . positions 
Wrong Input : E.g. abc.xyz@bl.co.in Email has 3 mandatory parts (abc, bl & co) and 2 optional (xyz & in) with precise @ and . positions 
Wrong Input : E.g. abc.xyz@bl.co.in Email has 3 mandatory parts (abc, bl & co) and 2 optional (xyz & in) with precise @ and . positions 
Wrong Input : E.g. abc.xyz@bl.co.in Email has 3 mandatory parts (abc, bl & co) and 2 optional (xyz & in) with precise @ and . positions 
Wrong Input : E.g. abc.xyz@bl.co.in Email has 3 mandatory parts (abc, bl & co) and 2 optional (xyz & in) with precise @ and . positions 
Wrong Input : E.g. abc.xyz@bl.co.in Email has 3 mandatory parts (abc, bl & co) and 2 optional (xyz & in) with precise @ and . positions 
Wrong Input : E.g. abc.xyz@bl.co.in Email has 3 mandatory parts (abc, bl & co) and 2 optional (xyz & in) with precise @ and . positions 
Wrong Input : E.g. abc.xyz@bl.co.in Email has 3 mandatory parts (abc, bl & co) and 2 optional (xyz & in) with precise @ and . positions 
Wrong Input : E.g. abc.xyz@bl.co.in Email has 3 mandatory parts (abc, bl & co) and 2 optional (xyz & in) with precise @ and . positions 
Wrong Input : E.g. abc.xyz@bl.co.in Email has 3 mandatory parts (abc, bl & co) and 2 optional (xyz & in) with precise @ and . positions 
Wrong Input : E.g. abc.xyz@bl.co.in Email has 3 mandatory parts (abc, bl & co) and 2 optional (xyz & in) with precise @ and . positions 
Wrong Input : E.g. abc.xyz@bl.co.in Email has 3 mandatory parts (abc, bl & co) and 2 optional (xyz & in) with precise @ and . positions 
Wrong Input : E.g. abc.xyz@bl.co.in Email has 3 mandatory parts (abc, bl & co) and 2 optional (xyz & in) with precise @ and . positions 
Wrong Input : E.g. abc.xyz@bl.co.in Email has 3 mandatory parts (abc, bl & co) and 2 optional (xyz & in) with precise @ and . positions 
Wrong Input : E.g. abc.xyz@bl.co.in Email has 3 mandatory parts (abc, bl & co) and 2 optional (xyz & in) with precise @ and . positions 
Wrong Input : E.g. abc.xyz@bl.co.in Email has 3 mandatory parts (abc, bl & co) and 2 optional (xyz & in) with precise @ and . positions 
Wrong Input : E.g. abc.xyz@bl.co.in Email has 3 mandatory parts (abc, bl & co) and 2 optional (xyz & in) with precise @ and . positions 
Wrong Input : E.g. abc.xyz@bl.co.in Email has 3 mandatory parts (abc, bl & co) and 2 optional (xyz & in) with precise @ and . positions 
Wrong Input : E.g. abc.xyz@bl.co.in Email has 3 mandatory parts (abc, bl & co) and 2 optional (xyz & in) with precise @ and . positions 
Wrong Input : E.g. abc.xyz@bl.co.in Email has 3 mandatory parts (abc, bl & co) and 2 optional (xyz & in) with precise @ and . positions 
Wrong Input : E.g. abc.xyz@bl.co.in Email has 3 mandatory parts (abc, bl & co) and 2 optional (xyz & in) with precise @ and . positions 
Wrong Input : E.g. abc.xyz@bl.co.in Email has 3 mandatory parts (abc, bl & co) and 2 optional (xyz & in) with precise @ and . positions 
Wrong Input : E.g. abc.xyz@bl.co.in Email has 3 mandatory parts (abc, bl & co) and 2 optional (xyz & in) with precise @ and . positions 
Wrong Input : E.g. abc.xyz@bl.co.in Email has 3 mandatory parts (abc, bl & co) and 2 optional (xyz & in) with precise @ and . positions 
Wrong Input : E.g. abc.xyz@bl.co.in Email has 3 mandatory parts (abc, bl & co) and 2 optional (xyz & in) with precise @ and . positions 
Wrong Input : E.g. abc.xyz@bl.co.in Email has 3 mandatory parts (abc, bl & co) and 2 optional (xyz & in) with precise @ and . positions 
Wrong Input : E.g. abc.xyz@bl.co.in Email has 3 mandatory parts (abc, bl & co) and 2 optional (xyz & in) with precise @ and . positions 
Wrong Input : E.g. abc.xyz@bl.co.in Email has 3 mandatory parts (abc, bl & co) and 2 optional (xyz & in) with precise @ and . positions 
Wrong Input : E.g. abc.xyz@bl.co.in Email has 3 mandatory parts (abc, bl & co) and 2 optional (xyz & in) with precise @ and . positions 
Wrong Input : E.g. abc.xyz@bl.co.in Email has 3 mandatory parts (abc, bl & co) and 2 optional (xyz & in) with precise @ and . positions 
Wrong Input : E.g. abc.xyz@bl.co.in Email has 3 mandatory parts (abc, bl & co) and 2 optional (xyz & in) with precise @ and . positions 
Wrong Input : E.g. abc.xyz@bl.co.in Email has 3 mandatory parts (abc, bl & co) and 2 optional (xyz & in) with precise @ and . positions 
Wrong Input : E.g. abc.xyz@bl.co.in Email has 3 mandatory parts (abc, bl & co) and 2 optional (xyz & in) with precise @ and . positions 
Wrong Input : E.g. abc.xyz@bl.co.in Email has 3 mandatory parts (abc, bl & co) and 2 optional (xyz & in) with precise @ and . positions 
Wrong Input : E.g. abc.xyz@bl.co.in Email has 3 mandatory parts (abc, bl & co) and 2 optional (xyz & in) with precise @ and . positions 
Wrong Input : E.g. abc.xyz@bl.co.in Email has 3 mandatory parts (abc, bl & co) and 2 optional (xyz & in) with precise @ and . positions 
Wrong Input : E.g. abc.xyz@bl.co.in Email has 3 mandatory parts (abc, bl & co) and 2 optional (xyz & in) with precise @ and . positions 
Wrong Input : E.g. abc.xyz@bl.co.in Email has 3 mandatory parts (abc, bl & co) and 2 optional (xyz & in) with precise @ and . positions 
Wrong Input : E.g. abc.xyz@bl.co.in Email has 3 mandatory parts (abc, bl & co) and 2 optional (xyz & in) with precise @ and . positions 
Wrong Input : E.g. abc.xyz@bl.co.in Email has 3 mandatory parts (abc, bl & co) and 2 optional (xyz & in) with precise @ and . positions 
Wrong Input : E.g. abc.xyz@bl.co.in Email has 3 mandatory parts (abc, bl & co) and 2 optional (xyz & in) with precise @ and . positions 
Wrong Input : E.g. abc.xyz@bl.co.in Email has 3 mandatory parts (abc, bl & co) and 2 optional (xyz & in) with precise @ and . positions 
Wrong Input : E.g. abc.xyz@bl.co.in Email has 3 mandatory parts (abc, bl & co) and 2 optional (xyz & in) with precise @ and . positions 
Wrong Input : E.g. abc.xyz@bl.co.in Email has 3 mandatory parts (abc, bl & co) and 2 optional (xyz & in) with precise @ and . positions 
Wrong Input : E.g. abc.xyz@bl.co.in Email has 3 mandatory parts (abc, bl & co) and 2 optional (xyz & in) with precise @ and . positions 
Wrong Input : E.g. abc.xyz@bl.co.in Email has 3 mandatory parts (abc, bl & co) and 2 optional (xyz & in) with precise @ and . positions 
Wrong Input : E.g. abc.xyz@bl.co.in Email has 3 mandatory parts (abc, bl & co) and 2 optional (xyz & in) with precise @ and . positions 
Wrong Input : E.g. abc.xyz@bl.co.in Email has 3 mandatory parts (abc, bl & co) and 2 optional (xyz & in) with precise @ and . positions 
Wrong Input : E.g. abc.xyz@bl.co.in Email has 3 mandatory parts (abc, bl & co) and 2 optional (xyz & in) with precise @ and . positions 
Wrong Input : E.g. abc.xyz@bl.co.in Email has 3 mandatory parts (abc, bl & co) and 2 optional (xyz & in) with precise @ and . positions 
Wrong Input : E.g. abc.xyz@bl.co.in Email has 3 mandatory parts (abc, bl & co) and 2 optional (xyz & in) with precise @ and . positions 
Wrong Input : E.g. abc.xyz@bl.co.in Email has 3 mandatory parts (abc, bl & co) and 2 optional (xyz & in) with precise @ and . positions 
Wrong Input : E.g. abc.xyz@bl.co.in Email has 3 mandatory parts (abc, bl & co) and 2 optional (xyz & in) with precise @ and . positions 
Wrong Input : E.g. abc.xyz@bl.co.in Email has 3 mandatory parts (abc, bl & co) and 2 optional (xyz & in) with precise @ and . positions 
Wrong Input : E.g. abc.xyz@bl.co.in Email has 3 mandatory parts (abc, bl & co) and 2 optional (xyz & in) with precise @ and . positions 
Wrong Input : E.g. abc.xyz@bl.co.in Email has 3 mandatory parts (abc, bl & co) and 2 optional (xyz & in) with precise @ and . positions 
Wrong Input : E.g. abc.xyz@bl.co.in Email has 3 mandatory parts (abc, bl & co) and 2 optional (xyz & in) with precise @ and . positions 
Wrong Input : E.g. abc.xyz@bl.co.in Email has 3 mandatory parts (abc, bl & co) and 2 optional (xyz & in) with precise @ and . positions 
Wrong Input : E.g. abc.xyz@bl.co.in Email has 3 mandatory parts (abc, bl & co) and 2 optional (xyz & in) with precise @ and . positions 
Wrong Input : E.g. abc.xyz@bl.co.in Email has 3 mandatory parts (abc, bl & co) and 2 optional (xyz & in) with precise @ and . positions 
Wrong Input : E.g. abc.xyz@bl.co.in Email has 3 mandatory parts (abc, bl & co) and 2 optional (xyz & in) with precise @ and . positions 
Wrong Input : E.g. abc.xyz@bl.co.in Email has 3 mandatory parts (abc, bl & co) and 2 optional (xyz & in) with precise @ and . positions 
Wrong Input : E.g. abc.xyz@bl.co.in Email has 3 mandatory parts (abc, bl & co) and 2 optional (xyz & in) with precise @ and . positions 
Wrong Input : E.g. abc.xyz@bl.co.in Email has 3 mandatory parts (abc, bl & co) and 2 optional (xyz & in) with precise @ and . positions 
Wrong Input : E.g. abc.xyz@bl.co.in Email has 3 mandatory parts (abc, bl & co) and 2 optional (xyz & in) with precise @ and . positions 
Wrong Input : E.g. abc.xyz@bl.co.in Email has 3 mandatory parts (abc, bl & co) and 2 optional (xyz & in) with precise @ and . positions 
Wrong Input : E.g. abc.xyz@bl.co.in Email has 3 mandatory parts (abc, bl & co) and 2 optional (xyz & in) with precise @ and . positions 
Wrong Input : E.g. abc.xyz@bl.co.in Email has 3 mandatory parts (abc, bl & co) and 2 optional (xyz & in) with precise @ and . positions 
Wrong Input : E.g. abc.xyz@bl.co.in Email has 3 mandatory parts (abc, bl & co) and 2 optional (xyz & in) with precise @ and . positions 
Wrong Input : E.g. abc.xyz@bl.co.in Email has 3 mandatory parts (abc, bl & co) and 2 optional (xyz & in) with precise @ and . positions 
Wrong Input : E.g. abc.xyz@bl.co.in Email has 3 mandatory parts (abc, bl & co) and 2 optional (xyz & in) with precise @ and . positions 
Wrong Input : E.g. abc.xyz@bl.co.in Email has 3 mandatory parts (abc, bl & co) and 2 optional (xyz & in) with precise @ and . positions 
Wrong Input : E.g. abc.xyz@bl.co.in Email has 3 mandatory parts (abc, bl & co) and 2 optional (xyz & in) with precise @ and . positions 
Wrong Input : E.g. abc.xyz@bl.co.in Email has 3 mandatory parts (abc, bl & co) and 2 optional (xyz & in) with precise @ and . positions 
Wrong Input : E.g. abc.xyz@bl.co.in Email has 3 mandatory parts (abc, bl & co) and 2 optional (xyz & in) with precise @ and . positions 
Wrong Input : E.g. abc.xyz@bl.co.in Email has 3 mandatory parts (abc, bl & co) and 2 optional (xyz & in) with precise @ and . positions 
Wrong Input : E.g. abc.xyz@bl.co.in Email has 3 mandatory parts (abc, bl & co) and 2 optional (xyz & in) with precise @ and . positions 
Wrong Input : E.g. abc.xyz@bl.co.in Email has 3 mandatory parts (abc, bl & co) and 2 optional (xyz & in) with precise @ and . positions 
Wrong Input : E.g. abc.xyz@bl.co.in Email has 3 mandatory parts (abc, bl & co) and 2 optional (xyz & in) with precise @ and . positions 
Wrong Input : E.g. abc.xyz@bl.co.in Email has 3 mandatory parts (abc, bl & co) and 2 optional (xyz & in) with precise @ and . positions 
Wrong Input : E.g. abc.xyz@bl.co.in Email has 3 mandatory parts (abc, bl & co) and 2 optional (xyz & in) with precise @ and . positions 
Wrong Input : E.g. abc.xyz@bl.co.in Email has 3 mandatory parts (abc, bl & co) and 2 optional (xyz & in) with precise @ and . positions 
Wrong Input : E.g. abc.xyz@bl.co.in Email has 3 mandatory parts (abc, bl & co) and 2 optional (xyz & in) with precise @ and . positions 
Wrong Input : E.g. abc.xyz@bl.co.in Email has 3 mandatory parts (abc, bl & co) and 2 optional (xyz & in) with precise @ and . positions 
Wrong Input : E.g. abc.xyz@bl.co.in Email has 3 mandatory parts (abc, bl & co) and 2 optional (xyz & in) with precise @ and . positions 
Wrong Input : E.g. abc.xyz@bl.co.in Email has 3 mandatory parts (abc, bl & co) and 2 optional (xyz & in) with precise @ and . positions 
Wrong Input : E.g. abc.xyz@bl.co.in Email has 3 mandatory parts (abc, bl & co) and 2 optional (xyz & in) with precise @ and . positions 
Wrong Input : E.g. abc.xyz@bl.co.in Email has 3 mandatory parts (abc, bl & co) and 2 optional (xyz & in) with precise @ and . positions 
Wrong Input : E.g. abc.xyz@bl.co.in Email has 3 mandatory parts (abc, bl & co) and 2 optional (xyz & in) with precise @ and . positions 
Wrong Input : E.g. abc.xyz@bl.co.in Email has 3 mandatory parts (abc, bl & co) and 2 optional (xyz & in) with precise @ and . positions 
Wrong Input : E.g. abc.xyz@bl.co.in Email has 3 mandatory parts (abc, bl & co) and 2 optional (xyz & in) with precise @ and . positions 
Wrong Input : E.g. abc.xyz@bl.co.in Email has 3 mandatory parts (abc, bl & co) and 2 optional (xyz & in) with precise @ and . positions 
Wrong Input : E.g. abc.xyz@bl.co.in Email has 3 mandatory parts (abc, bl & co) and 2 optional (xyz & in) with precise @ and . positions 
Wrong Input : E.g. abc.xyz@bl.co.in Email has 3 mandatory parts (abc, bl & co) and 2 optional (xyz & in) with precise @ and . positions 
Wrong Input : E.g. abc.xyz@bl.co.in Email has 3 mandatory parts (abc, bl & co) and 2 optional (xyz & in) with precise @ and . positions 
Wrong Input : E.g. abc.xyz@bl.co.in Email has 3 mandatory parts (abc, bl & co) and 2 optional (xyz & in) with precise @ and . positions 
Wrong Input : E.g. abc.xyz@bl.co.in Email has 3 mandatory parts (abc, bl & co) and 2 optional (xyz & in) with precise @ and . positions 
Wrong Input : E.g. abc.xyz@bl.co.in Email has 3 mandatory parts (abc, bl & co) and 2 optional (xyz & in) with precise @ and . positions 
Wrong Input : E.g. abc.xyz@bl.co.in Email has 3 mandatory parts (abc, bl & co) and 2 optional (xyz & in) with precise @ and . positions 
Wrong Input : E.g. abc.xyz@bl.co.in Email has 3 mandatory parts (abc, bl & co) and 2 optional (xyz & in) with precise @ and . positions 
Wrong Input : E.g. abc.xyz@bl.co.in Email has 3 mandatory parts (abc, bl & co) and 2 optional (xyz & in) with precise @ and . positions 
Wrong Input : E.g. abc.xyz@bl.co.in Email has 3 mandatory parts (abc, bl & co) and 2 optional (xyz & in) with precise @ and . positions 
Wrong Input : E.g. abc.xyz@bl.co.in Email has 3 mandatory parts (abc, bl & co) and 2 optional (xyz & in) with precise @ and . positions 
Wrong Input : E.g. abc.xyz@bl.co.in Email has 3 mandatory parts (abc, bl & co) and 2 optional (xyz & in) with precise @ and . positions 
Wrong Input : E.g. abc.xyz@bl.co.in Email has 3 mandatory parts (abc, bl & co) and 2 optional (xyz & in) with precise @ and . positions 
Wrong Input : E.g. abc.xyz@bl.co.in Email has 3 mandatory parts (abc, bl & co) and 2 optional (xyz & in) with precise @ and . positions 
Wrong Input : E.g. abc.xyz@bl.co.in Email has 3 mandatory parts (abc, bl & co) and 2 optional (xyz & in) with precise @ and . positions 
Wrong Input : E.g. abc.xyz@bl.co.in Email has 3 mandatory parts (abc, bl & co) and 2 optional (xyz & in) with precise @ and . positions 
Wrong Input : E.g. abc.xyz@bl.co.in Email has 3 mandatory parts (abc, bl & co) and 2 optional (xyz & in) with precise @ and . positions 
Wrong Input : E.g. abc.xyz@bl.co.in Email has 3 mandatory parts (abc, bl & co) and 2 optional (xyz & in) with precise @ and . positions 
Wrong Input : E.g. abc.xyz@bl.co.in Email has 3 mandatory parts (abc, bl & co) and 2 optional (xyz & in) with precise @ and . positions 
Wrong Input : E.g. abc.xyz@bl.co.in Email has 3 mandatory parts (abc, bl & co) and 2 optional (xyz & in) with precise @ and . positions 
Wrong Input : E.g. abc.xyz@bl.co.in Email has 3 mandatory parts (abc, bl & co) and 2 optional (xyz & in) with precise @ and . positions 
Wrong Input : E.g. abc.xyz@bl.co.in Email has 3 mandatory parts (abc, bl & co) and 2 optional (xyz & in) with precise @ and . positions 
Wrong Input : E.g. abc.xyz@bl.co.in Email has 3 mandatory parts (abc, bl & co) and 2 optional (xyz & in) with precise @ and . positions 
Wrong Input : E.g. abc.xyz@bl.co.in Email has 3 mandatory parts (abc, bl & co) and 2 optional (xyz & in) with precise @ and . positions 
Wrong Input : E.g. abc.xyz@bl.co.in Email has 3 mandatory parts (abc, bl & co) and 2 optional (xyz & in) with precise @ and . positions 
Wrong Input : E.g. abc.xyz@bl.co.in Email has 3 mandatory parts (abc, bl & co) and 2 optional (xyz & in) with precise @ and . positions 
Wrong Input : E.g. abc.xyz@bl.co.in Email has 3 mandatory parts (abc, bl & co) and 2 optional (xyz & in) with precise @ and . positions 
Wrong Input : E.g. abc.xyz@bl.co.in Email has 3 mandatory parts (abc, bl & co) and 2 optional (xyz & in) with precise @ and . positions 
Wrong Input : E.g. abc.xyz@bl.co.in Email has 3 mandatory parts (abc, bl & co) and 2 optional (xyz & in) with precise @ and . positions 
Wrong Input : E.g. abc.xyz@bl.co.in Email has 3 mandatory parts (abc, bl & co) and 2 optional (xyz & in) with precise @ and . positions 
Wrong Input : E.g. abc.xyz@bl.co.in Email has 3 mandatory parts (abc, bl & co) and 2 optional (xyz & in) with precise @ and . positions 
Wrong Input : E.g. abc.xyz@bl.co.in Email has 3 mandatory parts (abc, bl & co) and 2 optional (xyz & in) with precise @ and . positions 
Wrong Input : E.g. abc.xyz@bl.co.in Email has 3 mandatory parts (abc, bl & co) and 2 optional (xyz & in) with precise @ and . positions 
Wrong Input : E.g. abc.xyz@bl.co.in Email has 3 mandatory parts (abc, bl & co) and 2 optional (xyz & in) with precise @ and . positions 
Wrong Input : E.g. abc.xyz@bl.co.in Email has 3 mandatory parts (abc, bl & co) and 2 optional (xyz & in) with precise @ and . positions 
Wrong Input : E.g. abc.xyz@bl.co.in Email has 3 mandatory parts (abc, bl & co) and 2 optional (xyz & in) with precise @ and . positions 
Wrong Input : E.g. abc.xyz@bl.co.in Email has 3 mandatory parts (abc, bl & co) and 2 optional (xyz & in) with precise @ and . positions 
Wrong Input : E.g. abc.xyz@bl.co.in Email has 3 mandatory parts (abc, bl & co) and 2 optional (xyz & in) with precise @ and . positions 
Wrong Input : E.g. abc.xyz@bl.co.in Email has 3 mandatory parts (abc, bl & co) and 2 optional (xyz & in) with precise @ and . positions 
Wrong Input : E.g. abc.xyz@bl.co.in Email has 3 mandatory parts (abc, bl & co) and 2 optional (xyz & in) with precise @ and . positions 
Wrong Input : E.g. abc.xyz@bl.co.in Email has 3 mandatory parts (abc, bl & co) and 2 optional (xyz & in) with precise @ and . positions 
Wrong Input : E.g. abc.xyz@bl.co.in Email has 3 mandatory parts (abc, bl & co) and 2 optional (xyz & in) with precise @ and . positions 
Wrong Input : E.g. abc.xyz@bl.co.in Email has 3 mandatory parts (abc, bl & co) and 2 optional (xyz & in) with precise @ and . positions 
Wrong Input : E.g. abc.xyz@bl.co.in Email has 3 mandatory parts (abc, bl & co) and 2 optional (xyz & in) with precise @ and . positions 
Wrong Input : E.g. abc.xyz@bl.co.in Email has 3 mandatory parts (abc, bl & co) and 2 optional (xyz & in) with precise @ and . positions 
Wrong Input : E.g. abc.xyz@bl.co.in Email has 3 mandatory parts (abc, bl & co) and 2 optional (xyz & in) with precise @ and . positions 
Wrong Input : E.g. abc.xyz@bl.co.in Email has 3 mandatory parts (abc, bl & co) and 2 optional (xyz & in) with precise @ and . positions 
Wrong Input : E.g. abc.xyz@bl.co.in Email has 3 mandatory parts (abc, bl & co) and 2 optional (xyz & in) with precise @ and . positions 
Wrong Input : E.g. abc.xyz@bl.co.in Email has 3 mandatory parts (abc, bl & co) and 2 optional (xyz & in) with precise @ and . positions 
Wrong Input : E.g. abc.xyz@bl.co.in Email has 3 mandatory parts (abc, bl & co) and 2 optional (xyz & in) with precise @ and . positions 
Wrong Input : E.g. abc.xyz@bl.co.in Email has 3 mandatory parts (abc, bl & co) and 2 optional (xyz & in) with precise @ and . positions 
Wrong Input : E.g. abc.xyz@bl.co.in Email has 3 mandatory parts (abc, bl & co) and 2 optional (xyz & in) with precise @ and . positions 
Wrong Input : E.g. abc.xyz@bl.co.in Email has 3 mandatory parts (abc, bl & co) and 2 optional (xyz & in) with precise @ and . positions 
Wrong Input : E.g. abc.xyz@bl.co.in Email has 3 mandatory parts (abc, bl & co) and 2 optional (xyz & in) with precise @ and . positions 
Wrong Input : E.g. abc.xyz@bl.co.in Email has 3 mandatory parts (abc, bl & co) and 2 optional (xyz & in) with precise @ and . positions 
Wrong Input : E.g. abc.xyz@bl.co.in Email has 3 mandatory parts (abc, bl & co) and 2 optional (xyz & in) with precise @ and . positions 
Wrong Input : E.g. abc.xyz@bl.co.in Email has 3 mandatory parts (abc, bl & co) and 2 optional (xyz & in) with precise @ and . positions 
Wrong Input : E.g. abc.xyz@bl.co.in Email has 3 mandatory parts (abc, bl & co) and 2 optional (xyz & in) with precise @ and . positions 
Wrong Input : E.g. abc.xyz@bl.co.in Email has 3 mandatory parts (abc, bl & co) and 2 optional (xyz & in) with precise @ and . positions 
Wrong Input : E.g. abc.xyz@bl.co.in Email has 3 mandatory parts (abc, bl & co) and 2 optional (xyz & in) with precise @ and . positions 
Wrong Input : E.g. abc.xyz@bl.co.in Email has 3 mandatory parts (abc, bl & co) and 2 optional (xyz & in) with precise @ and . positions 
Wrong Input : E.g. abc.xyz@bl.co.in Email has 3 mandatory parts (abc, bl & co) and 2 optional (xyz & in) with precise @ and . positions 
Wrong Input : E.g. abc.xyz@bl.co.in Email has 3 mandatory parts (abc, bl & co) and 2 optional (xyz & in) with precise @ and . positions 
Wrong Input : E.g. abc.xyz@bl.co.in Email has 3 mandatory parts (abc, bl & co) and 2 optional (xyz & in) with precise @ and . positions 
Wrong Input : E.g. abc.xyz@bl.co.in Email has 3 mandatory parts (abc, bl & co) and 2 optional (xyz & in) with precise @ and . positions 
Wrong Input : E.g. abc.xyz@bl.co.in Email has 3 mandatory parts (abc, bl & co) and 2 optional (xyz & in) with precise @ and . positions 
Wrong Input : E.g. abc.xyz@bl.co.in Email has 3 mandatory parts (abc, bl & co) and 2 optional (xyz & in) with precise @ and . positions 
Wrong Input : E.g. abc.xyz@bl.co.in Email has 3 mandatory parts (abc, bl & co) and 2 optional (xyz & in) with precise @ and . positions 
Wrong Input : E.g. abc.xyz@bl.co.in Email has 3 mandatory parts (abc, bl & co) and 2 optional (xyz & in) with precise @ and . positions 
Wrong Input : E.g. abc.xyz@bl.co.in Email has 3 mandatory parts (abc, bl & co) and 2 optional (xyz & in) with precise @ and . positions 
Wrong Input : E.g. abc.xyz@bl.co.in Email has 3 mandatory parts (abc, bl & co) and 2 optional (xyz & in) with precise @ and . positions 
Wrong Input : E.g. abc.xyz@bl.co.in Email has 3 mandatory parts (abc, bl & co) and 2 optional (xyz & in) with precise @ and . positions 
Wrong Input : E.g. abc.xyz@bl.co.in Email has 3 mandatory parts (abc, bl & co) and 2 optional (xyz & in) with precise @ and . positions 
Wrong Input : E.g. abc.xyz@bl.co.in Email has 3 mandatory parts (abc, bl & co) and 2 optional (xyz & in) with precise @ and . positions 
Wrong Input : E.g. abc.xyz@bl.co.in Email has 3 mandatory parts (abc, bl & co) and 2 optional (xyz & in) with precise @ and . positions 
Wrong Input : E.g. abc.xyz@bl.co.in Email has 3 mandatory parts (abc, bl & co) and 2 optional (xyz & in) with precise @ and . positions 
Wrong Input : E.g. abc.xyz@bl.co.in Email has 3 mandatory parts (abc, bl & co) and 2 optional (xyz & in) with precise @ and . positions 
Wrong Input : E.g. abc.xyz@bl.co.in Email has 3 mandatory parts (abc, bl & co) and 2 optional (xyz & in) with precise @ and . positions 
Wrong Input : E.g. abc.xyz@bl.co.in Email has 3 mandatory parts (abc, bl & co) and 2 optional (xyz & in) with precise @ and . positions 
Wrong Input : E.g. abc.xyz@bl.co.in Email has 3 mandatory parts (abc, bl & co) and 2 optional (xyz & in) with precise @ and . positions 
Wrong Input : E.g. abc.xyz@bl.co.in Email has 3 mandatory parts (abc, bl & co) and 2 optional (xyz & in) with precise @ and . positions 
Wrong Input : E.g. abc.xyz@bl.co.in Email has 3 mandatory parts (abc, bl & co) and 2 optional (xyz & in) with precise @ and . positions 
Wrong Input : E.g. abc.xyz@bl.co.in Email has 3 mandatory parts (abc, bl & co) and 2 optional (xyz & in) with precise @ and . positions 
Wrong Input : E.g. abc.xyz@bl.co.in Email has 3 mandatory parts (abc, bl & co) and 2 optional (xyz & in) with precise @ and . positions 
Wrong Input : E.g. abc.xyz@bl.co.in Email has 3 mandatory parts (abc, bl & co) and 2 optional (xyz & in) with precise @ and . positions 
Wrong Input : E.g. abc.xyz@bl.co.in Email has 3 mandatory parts (abc, bl & co) and 2 optional (xyz & in) with precise @ and . positions 
Wrong Input : E.g. abc.xyz@bl.co.in Email has 3 mandatory parts (abc, bl & co) and 2 optional (xyz & in) with precise @ and . positions 
Wrong Input : E.g. abc.xyz@bl.co.in Email has 3 mandatory parts (abc, bl & co) and 2 optional (xyz & in) with precise @ and . positions 
Wrong Input : E.g. abc.xyz@bl.co.in Email has 3 mandatory parts (abc, bl & co) and 2 optional (xyz & in) with precise @ and . positions 
Wrong Input : E.g. abc.xyz@bl.co.in Email has 3 mandatory parts (abc, bl & co) and 2 optional (xyz & in) with precise @ and . positions 
Wrong Input : E.g. abc.xyz@bl.co.in Email has 3 mandatory parts (abc, bl & co) and 2 optional (xyz & in) with precise @ and . positions 
Wrong Input : E.g. abc.xyz@bl.co.in Email has 3 mandatory parts (abc, bl & co) and 2 optional (xyz & in) with precise @ and . positions 
Wrong Input : E.g. abc.xyz@bl.co.in Email has 3 mandatory parts (abc, bl & co) and 2 optional (xyz & in) with precise @ and . positions 
Wrong Input : E.g. abc.xyz@bl.co.in Email has 3 mandatory parts (abc, bl & co) and 2 optional (xyz & in) with precise @ and . positions 
Wrong Input : E.g. abc.xyz@bl.co.in Email has 3 mandatory parts (abc, bl & co) and 2 optional (xyz & in) with precise @ and . positions 
Wrong Input : E.g. abc.xyz@bl.co.in Email has 3 mandatory parts (abc, bl & co) and 2 optional (xyz & in) with precise @ and . positions 
Wrong Input : E.g. abc.xyz@bl.co.in Email has 3 mandatory parts (abc, bl & co) and 2 optional (xyz & in) with precise @ and . positions 
Wrong Input : E.g. abc.xyz@bl.co.in Email has 3 mandatory parts (abc, bl & co) and 2 optional (xyz & in) with precise @ and . positions 
Wrong Input : E.g. abc.xyz@bl.co.in Email has 3 mandatory parts (abc, bl & co) and 2 optional (xyz & in) with precise @ and . positions 
Wrong Input : E.g. abc.xyz@bl.co.in Email has 3 mandatory parts (abc, bl & co) and 2 optional (xyz & in) with precise @ and . positions 
Wrong Input : E.g. abc.xyz@bl.co.in Email has 3 mandatory parts (abc, bl & co) and 2 optional (xyz & in) with precise @ and . positions 
Wrong Input : E.g. abc.xyz@bl.co.in Email has 3 mandatory parts (abc, bl & co) and 2 optional (xyz & in) with precise @ and . positions 
Wrong Input : E.g. abc.xyz@bl.co.in Email has 3 mandatory parts (abc, bl & co) and 2 optional (xyz & in) with precise @ and . positions 
Wrong Input : E.g. abc.xyz@bl.co.in Email has 3 mandatory parts (abc, bl & co) and 2 optional (xyz & in) with precise @ and . positions 
Wrong Input : E.g. abc.xyz@bl.co.in Email has 3 mandatory parts (abc, bl & co) and 2 optional (xyz & in) with precise @ and . positions 
Wrong Input : E.g. abc.xyz@bl.co.in Email has 3 mandatory parts (abc, bl & co) and 2 optional (xyz & in) with precise @ and . positions 
Wrong Input : E.g. abc.xyz@bl.co.in Email has 3 mandatory parts (abc, bl & co) and 2 optional (xyz & in) with precise @ and . positions 
Wrong Input : E.g. abc.xyz@bl.co.in Email has 3 mandatory parts (abc, bl & co) and 2 optional (xyz & in) with precise @ and . positions 
Wrong Input : E.g. abc.xyz@bl.co.in Email has 3 mandatory parts (abc, bl & co) and 2 optional (xyz & in) with precise @ and . positions 
Wrong Input : E.g. abc.xyz@bl.co.in Email has 3 mandatory parts (abc, bl & co) and 2 optional (xyz & in) with precise @ and . positions 
Wrong Input : E.g. abc.xyz@bl.co.in Email has 3 mandatory parts (abc, bl & co) and 2 optional (xyz & in) with precise @ and . positions 
Wrong Input : E.g. abc.xyz@bl.co.in Email has 3 mandatory parts (abc, bl & co) and 2 optional (xyz & in) with precise @ and . positions 
Wrong Input : E.g. abc.xyz@bl.co.in Email has 3 mandatory parts (abc, bl & co) and 2 optional (xyz & in) with precise @ and . positions 
Wrong Input : E.g. abc.xyz@bl.co.in Email has 3 mandatory parts (abc, bl & co) and 2 optional (xyz & in) with precise @ and . positions 
Wrong Input : E.g. abc.xyz@bl.co.in Email has 3 mandatory parts (abc, bl & co) and 2 optional (xyz & in) with precise @ and . positions 
Wrong Input : E.g. abc.xyz@bl.co.in Email has 3 mandatory parts (abc, bl & co) and 2 optional (xyz & in) with precise @ and . positions 
Wrong Input : E.g. abc.xyz@bl.co.in Email has 3 mandatory parts (abc, bl & co) and 2 optional (xyz & in) with precise @ and . positions 
Wrong Input : E.g. abc.xyz@bl.co.in Email has 3 mandatory parts (abc, bl & co) and 2 optional (xyz & in) with precise @ and . positions 
Wrong Input : E.g. abc.xyz@bl.co.in Email has 3 mandatory parts (abc, bl & co) and 2 optional (xyz & in) with precise @ and . positions 
Wrong Input : E.g. abc.xyz@bl.co.in Email has 3 mandatory parts (abc, bl & co) and 2 optional (xyz & in) with precise @ and . positions 
Wrong Input : E.g. abc.xyz@bl.co.in Email has 3 mandatory parts (abc, bl & co) and 2 optional (xyz & in) with precise @ and . positions 
Wrong Input : E.g. abc.xyz@bl.co.in Email has 3 mandatory parts (abc, bl & co) and 2 optional (xyz & in) with precise @ and . positions 
Wrong Input : E.g. abc.xyz@bl.co.in Email has 3 mandatory parts (abc, bl & co) and 2 optional (xyz & in) with precise @ and . positions 
Wrong Input : E.g. abc.xyz@bl.co.in Email has 3 mandatory parts (abc, bl & co) and 2 optional (xyz & in) with precise @ and . positions 
Wrong Input : E.g. abc.xyz@bl.co.in Email has 3 mandatory parts (abc, bl & co) and 2 optional (xyz & in) with precise @ and . positions 
Wrong Input : E.g. abc.xyz@bl.co.in Email has 3 mandatory parts (abc, bl & co) and 2 optional (xyz & in) with precise @ and . positions 
Wrong Input : E.g. abc.xyz@bl.co.in Email has 3 mandatory parts (abc, bl & co) and 2 optional (xyz & in) with precise @ and . positions 
Wrong Input : E.g. abc.xyz@bl.co.in Email has 3 mandatory parts (abc, bl & co) and 2 optional (xyz & in) with precise @ and . positions 
Wrong Input : E.g. abc.xyz@bl.co.in Email has 3 mandatory parts (abc, bl & co) and 2 optional (xyz & in) with precise @ and . positions 
Wrong Input : E.g. abc.xyz@bl.co.in Email has 3 mandatory parts (abc, bl & co) and 2 optional (xyz & in) with precise @ and . positions 
Wrong Input : E.g. abc.xyz@bl.co.in Email has 3 mandatory parts (abc, bl & co) and 2 optional (xyz & in) with precise @ and . positions 
Wrong Input : E.g. abc.xyz@bl.co.in Email has 3 mandatory parts (abc, bl & co) and 2 optional (xyz & in) with precise @ and . positions 
Wrong Input : E.g. abc.xyz@bl.co.in Email has 3 mandatory parts (abc, bl & co) and 2 optional (xyz & in) with precise @ and . positions 
Wrong Input : E.g. abc.xyz@bl.co.in Email has 3 mandatory parts (abc, bl & co) and 2 optional (xyz & in) with precise @ and . positions 
Wrong Input : E.g. abc.xyz@bl.co.in Email has 3 mandatory parts (abc, bl & co) and 2 optional (xyz & in) with precise @ and . positions 
Wrong Input : E.g. abc.xyz@bl.co.in Email has 3 mandatory parts (abc, bl & co) and 2 optional (xyz & in) with precise @ and . positions 
Wrong Input : E.g. abc.xyz@bl.co.in Email has 3 mandatory parts (abc, bl & co) and 2 optional (xyz & in) with precise @ and . positions 
Wrong Input : E.g. abc.xyz@bl.co.in Email has 3 mandatory parts (abc, bl & co) and 2 optional (xyz & in) with precise @ and . positions 
Wrong Input : E.g. abc.xyz@bl.co.in Email has 3 mandatory parts (abc, bl & co) and 2 optional (xyz & in) with precise @ and . positions 
Wrong Input : E.g. abc.xyz@bl.co.in Email has 3 mandatory parts (abc, bl & co) and 2 optional (xyz & in) with precise @ and . positions 
Wrong Input : E.g. abc.xyz@bl.co.in Email has 3 mandatory parts (abc, bl & co) and 2 optional (xyz & in) with precise @ and . positions 
Wrong Input : E.g. abc.xyz@bl.co.in Email has 3 mandatory parts (abc, bl & co) and 2 optional (xyz & in) with precise @ and . positions 
Wrong Input : E.g. abc.xyz@bl.co.in Email has 3 mandatory parts (abc, bl & co) and 2 optional (xyz & in) with precise @ and . positions 
Wrong Input : E.g. abc.xyz@bl.co.in Email has 3 mandatory parts (abc, bl & co) and 2 optional (xyz & in) with precise @ and . positions 
Wrong Input : E.g. abc.xyz@bl.co.in Email has 3 mandatory parts (abc, bl & co) and 2 optional (xyz & in) with precise @ and . positions 
Wrong Input : E.g. abc.xyz@bl.co.in Email has 3 mandatory parts (abc, bl & co) and 2 optional (xyz & in) with precise @ and . positions 
Wrong Input : E.g. abc.xyz@bl.co.in Email has 3 mandatory parts (abc, bl & co) and 2 optional (xyz & in) with precise @ and . positions 
Wrong Input : E.g. abc.xyz@bl.co.in Email has 3 mandatory parts (abc, bl & co) and 2 optional (xyz & in) with precise @ and . positions 
Wrong Input : E.g. abc.xyz@bl.co.in Email has 3 mandatory parts (abc, bl & co) and 2 optional (xyz & in) with precise @ and . positions 
Wrong Input : E.g. abc.xyz@bl.co.in Email has 3 mandatory parts (abc, bl & co) and 2 optional (xyz & in) with precise @ and . positions 
Wrong Input : E.g. abc.xyz@bl.co.in Email has 3 mandatory parts (abc, bl & co) and 2 optional (xyz & in) with precise @ and . positions 
Wrong Input : E.g. abc.xyz@bl.co.in Email has 3 mandatory parts (abc, bl & co) and 2 optional (xyz & in) with precise @ and . positions 
Wrong Input : E.g. abc.xyz@bl.co.in Email has 3 mandatory parts (abc, bl & co) and 2 optional (xyz & in) with precise @ and . positions 
Wrong Input : E.g. abc.xyz@bl.co.in Email has 3 mandatory parts (abc, bl & co) and 2 optional (xyz & in) with precise @ and . positions 
Wrong Input : E.g. abc.xyz@bl.co.in Email has 3 mandatory parts (abc, bl & co) and 2 optional (xyz & in) with precise @ and . positions 
Wrong Input : E.g. abc.xyz@bl.co.in Email has 3 mandatory parts (abc, bl & co) and 2 optional (xyz & in) with precise @ and . positions 
Wrong Input : E.g. abc.xyz@bl.co.in Email has 3 mandatory parts (abc, bl & co) and 2 optional (xyz & in) with precise @ and . positions 
Wrong Input : E.g. abc.xyz@bl.co.in Email has 3 mandatory parts (abc, bl & co) and 2 optional (xyz & in) with precise @ and . positions 
Wrong Input : E.g. abc.xyz@bl.co.in Email has 3 mandatory parts (abc, bl & co) and 2 optional (xyz & in) with precise @ and . positions 
Wrong Input : E.g. abc.xyz@bl.co.in Email has 3 mandatory parts (abc, bl & co) and 2 optional (xyz & in) with precise @ and . positions 
Wrong Input : E.g. abc.xyz@bl.co.in Email has 3 mandatory parts (abc, bl & co) and 2 optional (xyz & in) with precise @ and . positions 
Wrong Input : E.g. abc.xyz@bl.co.in Email has 3 mandatory parts (abc, bl & co) and 2 optional (xyz & in) with precise @ and . positions 
Wrong Input : E.g. abc.xyz@bl.co.in Email has 3 mandatory parts (abc, bl & co) and 2 optional (xyz & in) with precise @ and . positions 
Wrong Input : E.g. abc.xyz@bl.co.in Email has 3 mandatory parts (abc, bl & co) and 2 optional (xyz & in) with precise @ and . positions 
Wrong Input : E.g. abc.xyz@bl.co.in Email has 3 mandatory parts (abc, bl & co) and 2 optional (xyz & in) with precise @ and . positions 
Wrong Input : E.g. abc.xyz@bl.co.in Email has 3 mandatory parts (abc, bl & co) and 2 optional (xyz & in) with precise @ and . positions 
Wrong Input : E.g. abc.xyz@bl.co.in Email has 3 mandatory parts (abc, bl & co) and 2 optional (xyz & in) with precise @ and . positions 
Wrong Input : E.g. abc.xyz@bl.co.in Email has 3 mandatory parts (abc, bl & co) and 2 optional (xyz & in) with precise @ and . positions 
Wrong Input : E.g. abc.xyz@bl.co.in Email has 3 mandatory parts (abc, bl & co) and 2 optional (xyz & in) with precise @ and . positions 
Wrong Input : E.g. abc.xyz@bl.co.in Email has 3 mandatory parts (abc, bl & co) and 2 optional (xyz & in) with precise @ and . positions 
Wrong Input : E.g. abc.xyz@bl.co.in Email has 3 mandatory parts (abc, bl & co) and 2 optional (xyz & in) with precise @ and . positions 
Wrong Input : E.g. abc.xyz@bl.co.in Email has 3 mandatory parts (abc, bl & co) and 2 optional (xyz & in) with precise @ and . positions 
Wrong Input : E.g. abc.xyz@bl.co.in Email has 3 mandatory parts (abc, bl & co) and 2 optional (xyz & in) with precise @ and . positions 
Wrong Input : E.g. abc.xyz@bl.co.in Email has 3 mandatory parts (abc, bl & co) and 2 optional (xyz & in) with precise @ and . positions 
Wrong Input : E.g. abc.xyz@bl.co.in Email has 3 mandatory parts (abc, bl & co) and 2 optional (xyz & in) with precise @ and . positions 
Wrong Input : E.g. abc.xyz@bl.co.in Email has 3 mandatory parts (abc, bl & co) and 2 optional (xyz & in) with precise @ and . positions 
Wrong Input : E.g. abc.xyz@bl.co.in Email has 3 mandatory parts (abc, bl & co) and 2 optional (xyz & in) with precise @ and . positions 
Wrong Input : E.g. abc.xyz@bl.co.in Email has 3 mandatory parts (abc, bl & co) and 2 optional (xyz & in) with precise @ and . positions 
Wrong Input : E.g. abc.xyz@bl.co.in Email has 3 mandatory parts (abc, bl & co) and 2 optional (xyz & in) with precise @ and . positions 
Wrong Input : E.g. abc.xyz@bl.co.in Email has 3 mandatory parts (abc, bl & co) and 2 optional (xyz & in) with precise @ and . positions 
Wrong Input : E.g. abc.xyz@bl.co.in Email has 3 mandatory parts (abc, bl & co) and 2 optional (xyz & in) with precise @ and . positions 
Wrong Input : E.g. abc.xyz@bl.co.in Email has 3 mandatory parts (abc, bl & co) and 2 optional (xyz & in) with precise @ and . positions 
Wrong Input : E.g. abc.xyz@bl.co.in Email has 3 mandatory parts (abc, bl & co) and 2 optional (xyz & in) with precise @ and . positions 
Wrong Input : E.g. abc.xyz@bl.co.in Email has 3 mandatory parts (abc, bl & co) and 2 optional (xyz & in) with precise @ and . positions 
Wrong Input : E.g. abc.xyz@bl.co.in Email has 3 mandatory parts (abc, bl & co) and 2 optional (xyz & in) with precise @ and . positions 
Wrong Input : E.g. abc.xyz@bl.co.in Email has 3 mandatory parts (abc, bl & co) and 2 optional (xyz & in) with precise @ and . positions 
Wrong Input : E.g. abc.xyz@bl.co.in Email has 3 mandatory parts (abc, bl & co) and 2 optional (xyz & in) with precise @ and . positions 
Wrong Input : E.g. abc.xyz@bl.co.in Email has 3 mandatory parts (abc, bl & co) and 2 optional (xyz & in) with precise @ and . positions 
Wrong Input : E.g. abc.xyz@bl.co.in Email has 3 mandatory parts (abc, bl & co) and 2 optional (xyz & in) with precise @ and . positions 
Wrong Input : E.g. abc.xyz@bl.co.in Email has 3 mandatory parts (abc, bl & co) and 2 optional (xyz & in) with precise @ and . positions 
Wrong Input : E.g. abc.xyz@bl.co.in Email has 3 mandatory parts (abc, bl & co) and 2 optional (xyz & in) with precise @ and . positions 
Wrong Input : E.g. abc.xyz@bl.co.in Email has 3 mandatory parts (abc, bl & co) and 2 optional (xyz & in) with precise @ and . positions 
Wrong Input : E.g. abc.xyz@bl.co.in Email has 3 mandatory parts (abc, bl & co) and 2 optional (xyz & in) with precise @ and . positions 
Wrong Input : E.g. abc.xyz@bl.co.in Email has 3 mandatory parts (abc, bl & co) and 2 optional (xyz & in) with precise @ and . positions 
Wrong Input : E.g. abc.xyz@bl.co.in Email has 3 mandatory parts (abc, bl & co) and 2 optional (xyz & in) with precise @ and . positions 
Wrong Input : E.g. abc.xyz@bl.co.in Email has 3 mandatory parts (abc, bl & co) and 2 optional (xyz & in) with precise @ and . positions 
Wrong Input : E.g. abc.xyz@bl.co.in Email has 3 mandatory parts (abc, bl & co) and 2 optional (xyz & in) with precise @ and . positions 
Wrong Input : E.g. abc.xyz@bl.co.in Email has 3 mandatory parts (abc, bl & co) and 2 optional (xyz & in) with precise @ and . positions 
Wrong Input : E.g. abc.xyz@bl.co.in Email has 3 mandatory parts (abc, bl & co) and 2 optional (xyz & in) with precise @ and . positions 
Wrong Input : E.g. abc.xyz@bl.co.in Email has 3 mandatory parts (abc, bl & co) and 2 optional (xyz & in) with precise @ and . positions 
Wrong Input : E.g. abc.xyz@bl.co.in Email has 3 mandatory parts (abc, bl & co) and 2 optional (xyz & in) with precise @ and . positions 
Wrong Input : E.g. abc.xyz@bl.co.in Email has 3 mandatory parts (abc, bl & co) and 2 optional (xyz & in) with precise @ and . positions 
Wrong Input : E.g. abc.xyz@bl.co.in Email has 3 mandatory parts (abc, bl & co) and 2 optional (xyz & in) with precise @ and . positions 
Wrong Input : E.g. abc.xyz@bl.co.in Email has 3 mandatory parts (abc, bl & co) and 2 optional (xyz & in) with precise @ and . positions 
Wrong Input : E.g. abc.xyz@bl.co.in Email has 3 mandatory parts (abc, bl & co) and 2 optional (xyz & in) with precise @ and . positions 
Wrong Input : E.g. abc.xyz@bl.co.in Email has 3 mandatory parts (abc, bl & co) and 2 optional (xyz & in) with precise @ and . positions 
Wrong Input : E.g. abc.xyz@bl.co.in Email has 3 mandatory parts (abc, bl & co) and 2 optional (xyz & in) with precise @ and . positions 
Wrong Input : E.g. abc.xyz@bl.co.in Email has 3 mandatory parts (abc, bl & co) and 2 optional (xyz & in) with precise @ and . positions 
Wrong Input : E.g. abc.xyz@bl.co.in Email has 3 mandatory parts (abc, bl & co) and 2 optional (xyz & in) with precise @ and . positions 
Wrong Input : E.g. abc.xyz@bl.co.in Email has 3 mandatory parts (abc, bl & co) and 2 optional (xyz & in) with precise @ and . positions 
Wrong Input : E.g. abc.xyz@bl.co.in Email has 3 mandatory parts (abc, bl & co) and 2 optional (xyz & in) with precise @ and . positions 
Wrong Input : E.g. abc.xyz@bl.co.in Email has 3 mandatory parts (abc, bl & co) and 2 optional (xyz & in) with precise @ and . positions 
Wrong Input : E.g. abc.xyz@bl.co.in Email has 3 mandatory parts (abc, bl & co) and 2 optional (xyz & in) with precise @ and . positions 
Wrong Input : E.g. abc.xyz@bl.co.in Email has 3 mandatory parts (abc, bl & co) and 2 optional (xyz & in) with precise @ and . positions 
Wrong Input : E.g. abc.xyz@bl.co.in Email has 3 mandatory parts (abc, bl & co) and 2 optional (xyz & in) with precise @ and . positions 
Wrong Input : E.g. abc.xyz@bl.co.in Email has 3 mandatory parts (abc, bl & co) and 2 optional (xyz & in) with precise @ and . positions 
Wrong Input : E.g. abc.xyz@bl.co.in Email has 3 mandatory parts (abc, bl & co) and 2 optional (xyz & in) with precise @ and . positions 
Wrong Input : E.g. abc.xyz@bl.co.in Email has 3 mandatory parts (abc, bl & co) and 2 optional (xyz & in) with precise @ and . positions 
Wrong Input : E.g. abc.xyz@bl.co.in Email has 3 mandatory parts (abc, bl & co) and 2 optional (xyz & in) with precise @ and . positions 
Wrong Input : E.g. abc.xyz@bl.co.in Email has 3 mandatory parts (abc, bl & co) and 2 optional (xyz & in) with precise @ and . positions 
Wrong Input : E.g. abc.xyz@bl.co.in Email has 3 mandatory parts (abc, bl & co) and 2 optional (xyz & in) with precise @ and . positions 
Wrong Input : E.g. abc.xyz@bl.co.in Email has 3 mandatory parts (abc, bl & co) and 2 optional (xyz & in) with precise @ and . positions 
Wrong Input : E.g. abc.xyz@bl.co.in Email has 3 mandatory parts (abc, bl & co) and 2 optional (xyz & in) with precise @ and . positions 
Wrong Input : E.g. abc.xyz@bl.co.in Email has 3 mandatory parts (abc, bl & co) and 2 optional (xyz & in) with precise @ and . positions 
Wrong Input : E.g. abc.xyz@bl.co.in Email has 3 mandatory parts (abc, bl & co) and 2 optional (xyz & in) with precise @ and . positions 
Wrong Input : E.g. abc.xyz@bl.co.in Email has 3 mandatory parts (abc, bl & co) and 2 optional (xyz & in) with precise @ and . positions 
Wrong Input : E.g. abc.xyz@bl.co.in Email has 3 mandatory parts (abc, bl & co) and 2 optional (xyz & in) with precise @ and . positions 
Wrong Input : E.g. abc.xyz@bl.co.in Email has 3 mandatory parts (abc, bl & co) and 2 optional (xyz & in) with precise @ and . positions 
Wrong Input : E.g. abc.xyz@bl.co.in Email has 3 mandatory parts (abc, bl & co) and 2 optional (xyz & in) with precise @ and . positions 
Wrong Input : E.g. abc.xyz@bl.co.in Email has 3 mandatory parts (abc, bl & co) and 2 optional (xyz & in) with precise @ and . positions 
Wrong Input : E.g. abc.xyz@bl.co.in Email has 3 mandatory parts (abc, bl & co) and 2 optional (xyz & in) with precise @ and . positions 
Wrong Input : E.g. abc.xyz@bl.co.in Email has 3 mandatory parts (abc, bl & co) and 2 optional (xyz & in) with precise @ and . positions 
Wrong Input : E.g. abc.xyz@bl.co.in Email has 3 mandatory parts (abc, bl & co) and 2 optional (xyz & in) with precise @ and . positions 
Wrong Input : E.g. abc.xyz@bl.co.in Email has 3 mandatory parts (abc, bl & co) and 2 optional (xyz & in) with precise @ and . positions 
Wrong Input : E.g. abc.xyz@bl.co.in Email has 3 mandatory parts (abc, bl & co) and 2 optional (xyz & in) with precise @ and . positions 
Wrong Input : E.g. abc.xyz@bl.co.in Email has 3 mandatory parts (abc, bl & co) and 2 optional (xyz & in) with precise @ and . positions 
Wrong Input : E.g. abc.xyz@bl.co.in Email has 3 mandatory parts (abc, bl & co) and 2 optional (xyz & in) with precise @ and . positions 
Wrong Input : E.g. abc.xyz@bl.co.in Email has 3 mandatory parts (abc, bl & co) and 2 optional (xyz & in) with precise @ and . positions 
Wrong Input : E.g. abc.xyz@bl.co.in Email has 3 mandatory parts (abc, bl & co) and 2 optional (xyz & in) with precise @ and . positions 
Wrong Input : E.g. abc.xyz@bl.co.in Email has 3 mandatory parts (abc, bl & co) and 2 optional (xyz & in) with precise @ and . positions 
Wrong Input : E.g. abc.xyz@bl.co.in Email has 3 mandatory parts (abc, bl & co) and 2 optional (xyz & in) with precise @ and . positions 
Wrong Input : E.g. abc.xyz@bl.co.in Email has 3 mandatory parts (abc, bl & co) and 2 optional (xyz & in) with precise @ and . positions 
Wrong Input : E.g. abc.xyz@bl.co.in Email has 3 mandatory parts (abc, bl & co) and 2 optional (xyz & in) with precise @ and . positions 
Wrong Input : E.g. abc.xyz@bl.co.in Email has 3 mandatory parts (abc, bl & co) and 2 optional (xyz & in) with precise @ and . positions 
Wrong Input : E.g. abc.xyz@bl.co.in Email has 3 mandatory parts (abc, bl & co) and 2 optional (xyz & in) with precise @ and . positions 
Wrong Input : E.g. abc.xyz@bl.co.in Email has 3 mandatory parts (abc, bl & co) and 2 optional (xyz & in) with precise @ and . positions 
Wrong Input : E.g. abc.xyz@bl.co.in Email has 3 mandatory parts (abc, bl & co) and 2 optional (xyz & in) with precise @ and . positions 
Wrong Input : E.g. abc.xyz@bl.co.in Email has 3 mandatory parts (abc, bl & co) and 2 optional (xyz & in) with precise @ and . positions 
Wrong Input : E.g. abc.xyz@bl.co.in Email has 3 mandatory parts (abc, bl & co) and 2 optional (xyz & in) with precise @ and . positions 
Wrong Input : E.g. abc.xyz@bl.co.in Email has 3 mandatory parts (abc, bl & co) and 2 optional (xyz & in) with precise @ and . positions 
Wrong Input : E.g. abc.xyz@bl.co.in Email has 3 mandatory parts (abc, bl & co) and 2 optional (xyz & in) with precise @ and . positions 
Wrong Input : E.g. abc.xyz@bl.co.in Email has 3 mandatory parts (abc, bl & co) and 2 optional (xyz & in) with precise @ and . positions 
Wrong Input : E.g. abc.xyz@bl.co.in Email has 3 mandatory parts (abc, bl & co) and 2 optional (xyz & in) with precise @ and . positions 
Wrong Input : E.g. abc.xyz@bl.co.in Email has 3 mandatory parts (abc, bl & co) and 2 optional (xyz & in) with precise @ and . positions 
Wrong Input : E.g. abc.xyz@bl.co.in Email has 3 mandatory parts (abc, bl & co) and 2 optional (xyz & in) with precise @ and . positions 
Wrong Input : E.g. abc.xyz@bl.co.in Email has 3 mandatory parts (abc, bl & co) and 2 optional (xyz & in) with precise @ and . positions 
Wrong Input : E.g. abc.xyz@bl.co.in Email has 3 mandatory parts (abc, bl & co) and 2 optional (xyz & in) with precise @ and . positions 
Wrong Input : E.g. abc.xyz@bl.co.in Email has 3 mandatory parts (abc, bl & co) and 2 optional (xyz & in) with precise @ and . positions 
Wrong Input : E.g. abc.xyz@bl.co.in Email has 3 mandatory parts (abc, bl & co) and 2 optional (xyz & in) with precise @ and . positions 
Wrong Input : E.g. abc.xyz@bl.co.in Email has 3 mandatory parts (abc, bl & co) and 2 optional (xyz & in) with precise @ and . positions 
Wrong Input : E.g. abc.xyz@bl.co.in Email has 3 mandatory parts (abc, bl & co) and 2 optional (xyz & in) with precise @ and . positions 
Wrong Input : E.g. abc.xyz@bl.co.in Email has 3 mandatory parts (abc, bl & co) and 2 optional (xyz & in) with precise @ and . positions 
Wrong Input : E.g. abc.xyz@bl.co.in Email has 3 mandatory parts (abc, bl & co) and 2 optional (xyz & in) with precise @ and . positions 
Wrong Input : E.g. abc.xyz@bl.co.in Email has 3 mandatory parts (abc, bl & co) and 2 optional (xyz & in) with precise @ and . positions 
Wrong Input : E.g. abc.xyz@bl.co.in Email has 3 mandatory parts (abc, bl & co) and 2 optional (xyz & in) with precise @ and . positions 
Wrong Input : E.g. abc.xyz@bl.co.in Email has 3 mandatory parts (abc, bl & co) and 2 optional (xyz & in) with precise @ and . positions 
Wrong Input : E.g. abc.xyz@bl.co.in Email has 3 mandatory parts (abc, bl & co) and 2 optional (xyz & in) with precise @ and . positions 
Wrong Input : E.g. abc.xyz@bl.co.in Email has 3 mandatory parts (abc, bl & co) and 2 optional (xyz & in) with precise @ and . positions 
Wrong Input : E.g. abc.xyz@bl.co.in Email has 3 mandatory parts (abc, bl & co) and 2 optional (xyz & in) with precise @ and . positions 
Wrong Input : E.g. abc.xyz@bl.co.in Email has 3 mandatory parts (abc, bl & co) and 2 optional (xyz & in) with precise @ and . positions 
Wrong Input : E.g. abc.xyz@bl.co.in Email has 3 mandatory parts (abc, bl & co) and 2 optional (xyz & in) with precise @ and . positions 
Wrong Input : E.g. abc.xyz@bl.co.in Email has 3 mandatory parts (abc, bl & co) and 2 optional (xyz & in) with precise @ and . positions 
Wrong Input : E.g. abc.xyz@bl.co.in Email has 3 mandatory parts (abc, bl & co) and 2 optional (xyz & in) with precise @ and . positions 
Wrong Input : E.g. abc.xyz@bl.co.in Email has 3 mandatory parts (abc, bl & co) and 2 optional (xyz & in) with precise @ and . positions 
Wrong Input : E.g. abc.xyz@bl.co.in Email has 3 mandatory parts (abc, bl & co) and 2 optional (xyz & in) with precise @ and . positions 
Wrong Input : E.g. abc.xyz@bl.co.in Email has 3 mandatory parts (abc, bl & co) and 2 optional (xyz & in) with precise @ and . positions 
Wrong Input : E.g. abc.xyz@bl.co.in Email has 3 mandatory parts (abc, bl & co) and 2 optional (xyz & in) with precise @ and . positions 
Wrong Input : E.g. abc.xyz@bl.co.in Email has 3 mandatory parts (abc, bl & co) and 2 optional (xyz & in) with precise @ and . positions 
Wrong Input : E.g. abc.xyz@bl.co.in Email has 3 mandatory parts (abc, bl & co) and 2 optional (xyz & in) with precise @ and . positions 
Wrong Input : E.g. abc.xyz@bl.co.in Email has 3 mandatory parts (abc, bl & co) and 2 optional (xyz & in) with precise @ and . positions 
Wrong Input : E.g. abc.xyz@bl.co.in Email has 3 mandatory parts (abc, bl & co) and 2 optional (xyz & in) with precise @ and . positions 
Wrong Input : E.g. abc.xyz@bl.co.in Email has 3 mandatory parts (abc, bl & co) and 2 optional (xyz & in) with precise @ and . positions 
Wrong Input : E.g. abc.xyz@bl.co.in Email has 3 mandatory parts (abc, bl & co) and 2 optional (xyz & in) with precise @ and . positions 
Wrong Input : E.g. abc.xyz@bl.co.in Email has 3 mandatory parts (abc, bl & co) and 2 optional (xyz & in) with precise @ and . positions 
Wrong Input : E.g. abc.xyz@bl.co.in Email has 3 mandatory parts (abc, bl & co) and 2 optional (xyz & in) with precise @ and . positions 
Wrong Input : E.g. abc.xyz@bl.co.in Email has 3 mandatory parts (abc, bl & co) and 2 optional (xyz & in) with precise @ and . positions 
Wrong Input : E.g. abc.xyz@bl.co.in Email has 3 mandatory parts (abc, bl & co) and 2 optional (xyz & in) with precise @ and . positions 
Wrong Input : E.g. abc.xyz@bl.co.in Email has 3 mandatory parts (abc, bl & co) and 2 optional (xyz & in) with precise @ and . positions 
Wrong Input : E.g. abc.xyz@bl.co.in Email has 3 mandatory parts (abc, bl & co) and 2 optional (xyz & in) with precise @ and . positions 
Wrong Input : E.g. abc.xyz@bl.co.in Email has 3 mandatory parts (abc, bl & co) and 2 optional (xyz & in) with precise @ and . positions 
Wrong Input : E.g. abc.xyz@bl.co.in Email has 3 mandatory parts (abc, bl & co) and 2 optional (xyz & in) with precise @ and . positions 
Wrong Input : E.g. abc.xyz@bl.co.in Email has 3 mandatory parts (abc, bl & co) and 2 optional (xyz & in) with precise @ and . positions 
Wrong Input : E.g. abc.xyz@bl.co.in Email has 3 mandatory parts (abc, bl & co) and 2 optional (xyz & in) with precise @ and . positions 
Wrong Input : E.g. abc.xyz@bl.co.in Email has 3 mandatory parts (abc, bl & co) and 2 optional (xyz & in) with precise @ and . positions 
Wrong Input : E.g. abc.xyz@bl.co.in Email has 3 mandatory parts (abc, bl & co) and 2 optional (xyz & in) with precise @ and . positions 
Wrong Input : E.g. abc.xyz@bl.co.in Email has 3 mandatory parts (abc, bl & co) and 2 optional (xyz & in) with precise @ and . positions 
Wrong Input : E.g. abc.xyz@bl.co.in Email has 3 mandatory parts (abc, bl & co) and 2 optional (xyz & in) with precise @ and . positions 
Wrong Input : E.g. abc.xyz@bl.co.in Email has 3 mandatory parts (abc, bl & co) and 2 optional (xyz & in) with precise @ and . positions 
Wrong Input : E.g. abc.xyz@bl.co.in Email has 3 mandatory parts (abc, bl & co) and 2 optional (xyz & in) with precise @ and . positions 
Wrong Input : E.g. abc.xyz@bl.co.in Email has 3 mandatory parts (abc, bl & co) and 2 optional (xyz & in) with precise @ and . positions 
Wrong Input : E.g. abc.xyz@bl.co.in Email has 3 mandatory parts (abc, bl & co) and 2 optional (xyz & in) with precise @ and . positions 
Wrong Input : E.g. abc.xyz@bl.co.in Email has 3 mandatory parts (abc, bl & co) and 2 optional (xyz & in) with precise @ and . positions 
Wrong Input : E.g. abc.xyz@bl.co.in Email has 3 mandatory parts (abc, bl & co) and 2 optional (xyz & in) with precise @ and . positions 
Wrong Input : E.g. abc.xyz@bl.co.in Email has 3 mandatory parts (abc, bl & co) and 2 optional (xyz & in) with precise @ and . positions 
Wrong Input : E.g. abc.xyz@bl.co.in Email has 3 mandatory parts (abc, bl & co) and 2 optional (xyz & in) with precise @ and . positions 
Wrong Input : E.g. abc.xyz@bl.co.in Email has 3 mandatory parts (abc, bl & co) and 2 optional (xyz & in) with precise @ and . positions 
Wrong Input : E.g. abc.xyz@bl.co.in Email has 3 mandatory parts (abc, bl & co) and 2 optional (xyz & in) with precise @ and . positions 
Wrong Input : E.g. abc.xyz@bl.co.in Email has 3 mandatory parts (abc, bl & co) and 2 optional (xyz & in) with precise @ and . positions 
Wrong Input : E.g. abc.xyz@bl.co.in Email has 3 mandatory parts (abc, bl & co) and 2 optional (xyz & in) with precise @ and . positions 
Wrong Input : E.g. abc.xyz@bl.co.in Email has 3 mandatory parts (abc, bl & co) and 2 optional (xyz & in) with precise @ and . positions 
Wrong Input : E.g. abc.xyz@bl.co.in Email has 3 mandatory parts (abc, bl & co) and 2 optional (xyz & in) with precise @ and . positions 
Wrong Input : E.g. abc.xyz@bl.co.in Email has 3 mandatory parts (abc, bl & co) and 2 optional (xyz & in) with precise @ and . positions 
Wrong Input : E.g. abc.xyz@bl.co.in Email has 3 mandatory parts (abc, bl & co) and 2 optional (xyz & in) with precise @ and . positions 
Wrong Input : E.g. abc.xyz@bl.co.in Email has 3 mandatory parts (abc, bl & co) and 2 optional (xyz & in) with precise @ and . positions 
Wrong Input : E.g. abc.xyz@bl.co.in Email has 3 mandatory parts (abc, bl & co) and 2 optional (xyz & in) with precise @ and . positions 
Wrong Input : E.g. abc.xyz@bl.co.in Email has 3 mandatory parts (abc, bl & co) and 2 optional (xyz & in) with precise @ and . positions 
Wrong Input : E.g. abc.xyz@bl.co.in Email has 3 mandatory parts (abc, bl & co) and 2 optional (xyz & in) with precise @ and . positions 
Wrong Input : E.g. abc.xyz@bl.co.in Email has 3 mandatory parts (abc, bl & co) and 2 optional (xyz & in) with precise @ and . positions 
Wrong Input : E.g. abc.xyz@bl.co.in Email has 3 mandatory parts (abc, bl & co) and 2 optional (xyz & in) with precise @ and . positions 
Wrong Input : E.g. abc.xyz@bl.co.in Email has 3 mandatory parts (abc, bl & co) and 2 optional (xyz & in) with precise @ and . positions 
Wrong Input : E.g. abc.xyz@bl.co.in Email has 3 mandatory parts (abc, bl & co) and 2 optional (xyz & in) with precise @ and . positions 
Wrong Input : E.g. abc.xyz@bl.co.in Email has 3 mandatory parts (abc, bl & co) and 2 optional (xyz & in) with precise @ and . positions 
Wrong Input : E.g. abc.xyz@bl.co.in Email has 3 mandatory parts (abc, bl & co) and 2 optional (xyz & in) with precise @ and . positions 
Wrong Input : E.g. abc.xyz@bl.co.in Email has 3 mandatory parts (abc, bl & co) and 2 optional (xyz & in) with precise @ and . positions 
Wrong Input : E.g. abc.xyz@bl.co.in Email has 3 mandatory parts (abc, bl & co) and 2 optional (xyz & in) with precise @ and . positions 
Wrong Input : E.g. abc.xyz@bl.co.in Email has 3 mandatory parts (abc, bl & co) and 2 optional (xyz & in) with precise @ and . positions 
Wrong Input : E.g. abc.xyz@bl.co.in Email has 3 mandatory parts (abc, bl & co) and 2 optional (xyz & in) with precise @ and . positions 
Wrong Input : E.g. abc.xyz@bl.co.in Email has 3 mandatory parts (abc, bl & co) and 2 optional (xyz & in) with precise @ and . positions 
Wrong Input : E.g. abc.xyz@bl.co.in Email has 3 mandatory parts (abc, bl & co) and 2 optional (xyz & in) with precise @ and . positions 
Wrong Input : E.g. abc.xyz@bl.co.in Email has 3 mandatory parts (abc, bl & co) and 2 optional (xyz & in) with precise @ and . positions 
Wrong Input : E.g. abc.xyz@bl.co.in Email has 3 mandatory parts (abc, bl & co) and 2 optional (xyz & in) with precise @ and . positions 
Wrong Input : E.g. abc.xyz@bl.co.in Email has 3 mandatory parts (abc, bl & co) and 2 optional (xyz & in) with precise @ and . positions 
Wrong Input : E.g. abc.xyz@bl.co.in Email has 3 mandatory parts (abc, bl & co) and 2 optional (xyz & in) with precise @ and . positions 
Wrong Input : E.g. abc.xyz@bl.co.in Email has 3 mandatory parts (abc, bl & co) and 2 optional (xyz & in) with precise @ and . positions 
Wrong Input : E.g. abc.xyz@bl.co.in Email has 3 mandatory parts (abc, bl & co) and 2 optional (xyz & in) with precise @ and . positions 
Wrong Input : E.g. abc.xyz@bl.co.in Email has 3 mandatory parts (abc, bl & co) and 2 optional (xyz & in) with precise @ and . positions 
Wrong Input : E.g. abc.xyz@bl.co.in Email has 3 mandatory parts (abc, bl & co) and 2 optional (xyz & in) with precise @ and . positions 
Wrong Input : E.g. abc.xyz@bl.co.in Email has 3 mandatory parts (abc, bl & co) and 2 optional (xyz & in) with precise @ and . positions 
Wrong Input : E.g. abc.xyz@bl.co.in Email has 3 mandatory parts (abc, bl & co) and 2 optional (xyz & in) with precise @ and . positions 
Wrong Input : E.g. abc.xyz@bl.co.in Email has 3 mandatory parts (abc, bl & co) and 2 optional (xyz & in) with precise @ and . positions 
Wrong Input : E.g. abc.xyz@bl.co.in Email has 3 mandatory parts (abc, bl & co) and 2 optional (xyz & in) with precise @ and . positions 
Wrong Input : E.g. abc.xyz@bl.co.in Email has 3 mandatory parts (abc, bl & co) and 2 optional (xyz & in) with precise @ and . positions 
Wrong Input : E.g. abc.xyz@bl.co.in Email has 3 mandatory parts (abc, bl & co) and 2 optional (xyz & in) with precise @ and . positions 
Wrong Input : E.g. abc.xyz@bl.co.in Email has 3 mandatory parts (abc, bl & co) and 2 optional (xyz & in) with precise @ and . positions 
Wrong Input : E.g. abc.xyz@bl.co.in Email has 3 mandatory parts (abc, bl & co) and 2 optional (xyz & in) with precise @ and . positions 
Wrong Input : E.g. abc.xyz@bl.co.in Email has 3 mandatory parts (abc, bl & co) and 2 optional (xyz & in) with precise @ and . positions 
Wrong Input : E.g. abc.xyz@bl.co.in Email has 3 mandatory parts (abc, bl & co) and 2 optional (xyz & in) with precise @ and . positions 
Wrong Input : E.g. abc.xyz@bl.co.in Email has 3 mandatory parts (abc, bl & co) and 2 optional (xyz & in) with precise @ and . positions 
Wrong Input : E.g. abc.xyz@bl.co.in Email has 3 mandatory parts (abc, bl & co) and 2 optional (xyz & in) with precise @ and . positions 
Wrong Input : E.g. abc.xyz@bl.co.in Email has 3 mandatory parts (abc, bl & co) and 2 optional (xyz & in) with precise @ and . positions 
Wrong Input : E.g. abc.xyz@bl.co.in Email has 3 mandatory parts (abc, bl & co) and 2 optional (xyz & in) with precise @ and . positions 
Wrong Input : E.g. abc.xyz@bl.co.in Email has 3 mandatory parts (abc, bl & co) and 2 optional (xyz & in) with precise @ and . positions 
Wrong Input : E.g. abc.xyz@bl.co.in Email has 3 mandatory parts (abc, bl & co) and 2 optional (xyz & in) with precise @ and . positions 
Wrong Input : E.g. abc.xyz@bl.co.in Email has 3 mandatory parts (abc, bl & co) and 2 optional (xyz & in) with precise @ and . positions 
Wrong Input : E.g. abc.xyz@bl.co.in Email has 3 mandatory parts (abc, bl & co) and 2 optional (xyz & in) with precise @ and . positions 
Wrong Input : E.g. abc.xyz@bl.co.in Email has 3 mandatory parts (abc, bl & co) and 2 optional (xyz & in) with precise @ and . positions 
Wrong Input : E.g. abc.xyz@bl.co.in Email has 3 mandatory parts (abc, bl & co) and 2 optional (xyz & in) with precise @ and . positions 
Wrong Input : E.g. abc.xyz@bl.co.in Email has 3 mandatory parts (abc, bl & co) and 2 optional (xyz & in) with precise @ and . positions 
Wrong Input : E.g. abc.xyz@bl.co.in Email has 3 mandatory parts (abc, bl & co) and 2 optional (xyz & in) with precise @ and . positions 
Wrong Input : E.g. abc.xyz@bl.co.in Email has 3 mandatory parts (abc, bl & co) and 2 optional (xyz & in) with precise @ and . positions 
Wrong Input : E.g. abc.xyz@bl.co.in Email has 3 mandatory parts (abc, bl & co) and 2 optional (xyz & in) with precise @ and . positions 
Wrong Input : E.g. abc.xyz@bl.co.in Email has 3 mandatory parts (abc, bl & co) and 2 optional (xyz & in) with precise @ and . positions 
Wrong Input : E.g. abc.xyz@bl.co.in Email has 3 mandatory parts (abc, bl & co) and 2 optional (xyz & in) with precise @ and . positions 
Wrong Input : E.g. abc.xyz@bl.co.in Email has 3 mandatory parts (abc, bl & co) and 2 optional (xyz & in) with precise @ and . positions 
Wrong Input : E.g. abc.xyz@bl.co.in Email has 3 mandatory parts (abc, bl & co) and 2 optional (xyz & in) with precise @ and . positions 
Wrong Input : E.g. abc.xyz@bl.co.in Email has 3 mandatory parts (abc, bl & co) and 2 optional (xyz & in) with precise @ and . positions 
Wrong Input : E.g. abc.xyz@bl.co.in Email has 3 mandatory parts (abc, bl & co) and 2 optional (xyz & in) with precise @ and . positions 
Wrong Input : E.g. abc.xyz@bl.co.in Email has 3 mandatory parts (abc, bl & co) and 2 optional (xyz & in) with precise @ and . positions 
Wrong Input : E.g. abc.xyz@bl.co.in Email has 3 mandatory parts (abc, bl & co) and 2 optional (xyz & in) with precise @ and . positions 
Wrong Input : E.g. abc.xyz@bl.co.in Email has 3 mandatory parts (abc, bl & co) and 2 optional (xyz & in) with precise @ and . positions 
Wrong Input : E.g. abc.xyz@bl.co.in Email has 3 mandatory parts (abc, bl & co) and 2 optional (xyz & in) with precise @ and . positions 
Wrong Input : E.g. abc.xyz@bl.co.in Email has 3 mandatory parts (abc, bl & co) and 2 optional (xyz & in) with precise @ and . positions 
Wrong Input : E.g. abc.xyz@bl.co.in Email has 3 mandatory parts (abc, bl & co) and 2 optional (xyz & in) with precise @ and . positions 
Wrong Input : E.g. abc.xyz@bl.co.in Email has 3 mandatory parts (abc, bl & co) and 2 optional (xyz & in) with precise @ and . positions 
Wrong Input : E.g. abc.xyz@bl.co.in Email has 3 mandatory parts (abc, bl & co) and 2 optional (xyz & in) with precise @ and . positions 
Wrong Input : E.g. abc.xyz@bl.co.in Email has 3 mandatory parts (abc, bl & co) and 2 optional (xyz & in) with precise @ and . positions 
Wrong Input : E.g. abc.xyz@bl.co.in Email has 3 mandatory parts (abc, bl & co) and 2 optional (xyz & in) with precise @ and . positions 
Wrong Input : E.g. abc.xyz@bl.co.in Email has 3 mandatory parts (abc, bl & co) and 2 optional (xyz & in) with precise @ and . positions 
Wrong Input : E.g. abc.xyz@bl.co.in Email has 3 mandatory parts (abc, bl & co) and 2 optional (xyz & in) with precise @ and . positions 
Wrong Input : E.g. abc.xyz@bl.co.in Email has 3 mandatory parts (abc, bl & co) and 2 optional (xyz & in) with precise @ and . positions 
Wrong Input : E.g. abc.xyz@bl.co.in Email has 3 mandatory parts (abc, bl & co) and 2 optional (xyz & in) with precise @ and . positions 
Wrong Input : E.g. abc.xyz@bl.co.in Email has 3 mandatory parts (abc, bl & co) and 2 optional (xyz & in) with precise @ and . positions 
Wrong Input : E.g. abc.xyz@bl.co.in Email has 3 mandatory parts (abc, bl & co) and 2 optional (xyz & in) with precise @ and . positions 
Wrong Input : E.g. abc.xyz@bl.co.in Email has 3 mandatory parts (abc, bl & co) and 2 optional (xyz & in) with precise @ and . positions 
Wrong Input : E.g. abc.xyz@bl.co.in Email has 3 mandatory parts (abc, bl & co) and 2 optional (xyz & in) with precise @ and . positions 
Wrong Input : E.g. abc.xyz@bl.co.in Email has 3 mandatory parts (abc, bl & co) and 2 optional (xyz & in) with precise @ and . positions 
Wrong Input : E.g. abc.xyz@bl.co.in Email has 3 mandatory parts (abc, bl & co) and 2 optional (xyz & in) with precise @ and . positions 
Wrong Input : E.g. abc.xyz@bl.co.in Email has 3 mandatory parts (abc, bl & co) and 2 optional (xyz & in) with precise @ and . positions 
Wrong Input : E.g. abc.xyz@bl.co.in Email has 3 mandatory parts (abc, bl & co) and 2 optional (xyz & in) with precise @ and . positions 
Wrong Input : E.g. abc.xyz@bl.co.in Email has 3 mandatory parts (abc, bl & co) and 2 optional (xyz & in) with precise @ and . positions 
Wrong Input : E.g. abc.xyz@bl.co.in Email has 3 mandatory parts (abc, bl & co) and 2 optional (xyz & in) with precise @ and . positions 
Wrong Input : E.g. abc.xyz@bl.co.in Email has 3 mandatory parts (abc, bl & co) and 2 optional (xyz & in) with precise @ and . positions 
Wrong Input : E.g. abc.xyz@bl.co.in Email has 3 mandatory parts (abc, bl & co) and 2 optional (xyz & in) with precise @ and . positions 
Wrong Input : E.g. abc.xyz@bl.co.in Email has 3 mandatory parts (abc, bl & co) and 2 optional (xyz & in) with precise @ and . positions 
Wrong Input : E.g. abc.xyz@bl.co.in Email has 3 mandatory parts (abc, bl & co) and 2 optional (xyz & in) with precise @ and . positions 
Wrong Input : E.g. abc.xyz@bl.co.in Email has 3 mandatory parts (abc, bl & co) and 2 optional (xyz & in) with precise @ and . positions 
Wrong Input : E.g. abc.xyz@bl.co.in Email has 3 mandatory parts (abc, bl & co) and 2 optional (xyz & in) with precise @ and . positions 
Wrong Input : E.g. abc.xyz@bl.co.in Email has 3 mandatory parts (abc, bl & co) and 2 optional (xyz & in) with precise @ and . positions 
Wrong Input : E.g. abc.xyz@bl.co.in Email has 3 mandatory parts (abc, bl & co) and 2 optional (xyz & in) with precise @ and . positions 
Wrong Input : E.g. abc.xyz@bl.co.in Email has 3 mandatory parts (abc, bl & co) and 2 optional (xyz & in) with precise @ and . positions 
Wrong Input : E.g. abc.xyz@bl.co.in Email has 3 mandatory parts (abc, bl & co) and 2 optional (xyz & in) with precise @ and . positions 
Wrong Input : E.g. abc.xyz@bl.co.in Email has 3 mandatory parts (abc, bl & co) and 2 optional (xyz & in) with precise @ and . positions 
Wrong Input : E.g. abc.xyz@bl.co.in Email has 3 mandatory parts (abc, bl & co) and 2 optional (xyz & in) with precise @ and . positions 
Wrong Input : E.g. abc.xyz@bl.co.in Email has 3 mandatory parts (abc, bl & co) and 2 optional (xyz & in) with precise @ and . positions 
Wrong Input : E.g. abc.xyz@bl.co.in Email has 3 mandatory parts (abc, bl & co) and 2 optional (xyz & in) with precise @ and . positions 
Wrong Input : E.g. abc.xyz@bl.co.in Email has 3 mandatory parts (abc, bl & co) and 2 optional (xyz & in) with precise @ and . positions 
Wrong Input : E.g. abc.xyz@bl.co.in Email has 3 mandatory parts (abc, bl & co) and 2 optional (xyz & in) with precise @ and . positions 
Wrong Input : E.g. abc.xyz@bl.co.in Email has 3 mandatory parts (abc, bl & co) and 2 optional (xyz & in) with precise @ and . positions 
Wrong Input : E.g. abc.xyz@bl.co.in Email has 3 mandatory parts (abc, bl & co) and 2 optional (xyz & in) with precise @ and . positions 
Wrong Input : E.g. abc.xyz@bl.co.in Email has 3 mandatory parts (abc, bl & co) and 2 optional (xyz & in) with precise @ and . positions 
Wrong Input : E.g. abc.xyz@bl.co.in Email has 3 mandatory parts (abc, bl & co) and 2 optional (xyz & in) with precise @ and . positions 
Wrong Input : E.g. abc.xyz@bl.co.in Email has 3 mandatory parts (abc, bl & co) and 2 optional (xyz & in) with precise @ and . positions 
Wrong Input : E.g. abc.xyz@bl.co.in Email has 3 mandatory parts (abc, bl & co) and 2 optional (xyz & in) with precise @ and . positions 
Wrong Input : E.g. abc.xyz@bl.co.in Email has 3 mandatory parts (abc, bl & co) and 2 optional (xyz & in) with precise @ and . positions 
Wrong Input : E.g. abc.xyz@bl.co.in Email has 3 mandatory parts (abc, bl & co) and 2 optional (xyz & in) with precise @ and . positions 
Wrong Input : E.g. abc.xyz@bl.co.in Email has 3 mandatory parts (abc, bl & co) and 2 optional (xyz & in) with precise @ and . positions 
Wrong Input : E.g. abc.xyz@bl.co.in Email has 3 mandatory parts (abc, bl & co) and 2 optional (xyz & in) with precise @ and . positions 
Wrong Input : E.g. abc.xyz@bl.co.in Email has 3 mandatory parts (abc, bl & co) and 2 optional (xyz & in) with precise @ and . positions 
Wrong Input : E.g. abc.xyz@bl.co.in Email has 3 mandatory parts (abc, bl & co) and 2 optional (xyz & in) with precise @ and . positions 
Wrong Input : E.g. abc.xyz@bl.co.in Email has 3 mandatory parts (abc, bl & co) and 2 optional (xyz & in) with precise @ and . positions 
Wrong Input : E.g. abc.xyz@bl.co.in Email has 3 mandatory parts (abc, bl & co) and 2 optional (xyz & in) with precise @ and . positions 
Wrong Input : E.g. abc.xyz@bl.co.in Email has 3 mandatory parts (abc, bl & co) and 2 optional (xyz & in) with precise @ and . positions 
Wrong Input : E.g. abc.xyz@bl.co.in Email has 3 mandatory parts (abc, bl & co) and 2 optional (xyz & in) with precise @ and . positions 
Wrong Input : E.g. abc.xyz@bl.co.in Email has 3 mandatory parts (abc, bl & co) and 2 optional (xyz & in) with precise @ and . positions 
Wrong Input : E.g. abc.xyz@bl.co.in Email has 3 mandatory parts (abc, bl & co) and 2 optional (xyz & in) with precise @ and . positions 
Wrong Input : E.g. abc.xyz@bl.co.in Email has 3 mandatory parts (abc, bl & co) and 2 optional (xyz & in) with precise @ and . positions 
Wrong Input : E.g. abc.xyz@bl.co.in Email has 3 mandatory parts (abc, bl & co) and 2 optional (xyz & in) with precise @ and . positions 
Wrong Input : E.g. abc.xyz@bl.co.in Email has 3 mandatory parts (abc, bl & co) and 2 optional (xyz & in) with precise @ and . positions 
Wrong Input : E.g. abc.xyz@bl.co.in Email has 3 mandatory parts (abc, bl & co) and 2 optional (xyz & in) with precise @ and . positions 
Wrong Input : E.g. abc.xyz@bl.co.in Email has 3 mandatory parts (abc, bl & co) and 2 optional (xyz & in) with precise @ and . positions 
Wrong Input : E.g. abc.xyz@bl.co.in Email has 3 mandatory parts (abc, bl & co) and 2 optional (xyz & in) with precise @ and . positions 
Wrong Input : E.g. abc.xyz@bl.co.in Email has 3 mandatory parts (abc, bl & co) and 2 optional (xyz & in) with precise @ and . positions 
Wrong Input : E.g. abc.xyz@bl.co.in Email has 3 mandatory parts (abc, bl & co) and 2 optional (xyz & in) with precise @ and . positions 
Wrong Input : E.g. abc.xyz@bl.co.in Email has 3 mandatory parts (abc, bl & co) and 2 optional (xyz & in) with precise @ and . positions 
Wrong Input : E.g. abc.xyz@bl.co.in Email has 3 mandatory parts (abc, bl & co) and 2 optional (xyz & in) with precise @ and . positions 
Wrong Input : E.g. abc.xyz@bl.co.in Email has 3 mandatory parts (abc, bl & co) and 2 optional (xyz & in) with precise @ and . positions 
Wrong Input : E.g. abc.xyz@bl.co.in Email has 3 mandatory parts (abc, bl & co) and 2 optional (xyz & in) with precise @ and . positions 
Wrong Input : E.g. abc.xyz@bl.co.in Email has 3 mandatory parts (abc, bl & co) and 2 optional (xyz & in) with precise @ and . positions 
Wrong Input : E.g. abc.xyz@bl.co.in Email has 3 mandatory parts (abc, bl & co) and 2 optional (xyz & in) with precise @ and . positions 
Wrong Input : E.g. abc.xyz@bl.co.in Email has 3 mandatory parts (abc, bl & co) and 2 optional (xyz & in) with precise @ and . positions 
Wrong Input : E.g. abc.xyz@bl.co.in Email has 3 mandatory parts (abc, bl & co) and 2 optional (xyz & in) with precise @ and . positions 
Wrong Input : E.g. abc.xyz@bl.co.in Email has 3 mandatory parts (abc, bl & co) and 2 optional (xyz & in) with precise @ and . positions 
Wrong Input : E.g. abc.xyz@bl.co.in Email has 3 mandatory parts (abc, bl & co) and 2 optional (xyz & in) with precise @ and . positions 
Wrong Input : E.g. abc.xyz@bl.co.in Email has 3 mandatory parts (abc, bl & co) and 2 optional (xyz & in) with precise @ and . positions 
Wrong Input : E.g. abc.xyz@bl.co.in Email has 3 mandatory parts (abc, bl & co) and 2 optional (xyz & in) with precise @ and . positions 
Wrong Input : E.g. abc.xyz@bl.co.in Email has 3 mandatory parts (abc, bl & co) and 2 optional (xyz & in) with precise @ and . positions 
Wrong Input : E.g. abc.xyz@bl.co.in Email has 3 mandatory parts (abc, bl & co) and 2 optional (xyz & in) with precise @ and . positions 
Wrong Input : E.g. abc.xyz@bl.co.in Email has 3 mandatory parts (abc, bl & co) and 2 optional (xyz & in) with precise @ and . positions 
Wrong Input : E.g. abc.xyz@bl.co.in Email has 3 mandatory parts (abc, bl & co) and 2 optional (xyz & in) with precise @ and . positions 
Wrong Input : E.g. abc.xyz@bl.co.in Email has 3 mandatory parts (abc, bl & co) and 2 optional (xyz & in) with precise @ and . positions 
Wrong Input : E.g. abc.xyz@bl.co.in Email has 3 mandatory parts (abc, bl & co) and 2 optional (xyz & in) with precise @ and . positions 
Wrong Input : E.g. abc.xyz@bl.co.in Email has 3 mandatory parts (abc, bl & co) and 2 optional (xyz & in) with precise @ and . positions 
Wrong Input : E.g. abc.xyz@bl.co.in Email has 3 mandatory parts (abc, bl & co) and 2 optional (xyz & in) with precise @ and . positions 
Wrong Input : E.g. abc.xyz@bl.co.in Email has 3 mandatory parts (abc, bl & co) and 2 optional (xyz & in) with precise @ and . positions 
Wrong Input : E.g. abc.xyz@bl.co.in Email has 3 mandatory parts (abc, bl & co) and 2 optional (xyz & in) with precise @ and . positions 
Wrong Input : E.g. abc.xyz@bl.co.in Email has 3 mandatory parts (abc, bl & co) and 2 optional (xyz & in) with precise @ and . positions 
Wrong Input : E.g. abc.xyz@bl.co.in Email has 3 mandatory parts (abc, bl & co) and 2 optional (xyz & in) with precise @ and . positions 
Wrong Input : E.g. abc.xyz@bl.co.in Email has 3 mandatory parts (abc, bl & co) and 2 optional (xyz & in) with precise @ and . positions 
Wrong Input : E.g. abc.xyz@bl.co.in Email has 3 mandatory parts (abc, bl & co) and 2 optional (xyz & in) with precise @ and . positions 
Wrong Input : E.g. abc.xyz@bl.co.in Email has 3 mandatory parts (abc, bl & co) and 2 optional (xyz & in) with precise @ and . positions 
Wrong Input : E.g. abc.xyz@bl.co.in Email has 3 mandatory parts (abc, bl & co) and 2 optional (xyz & in) with precise @ and . positions 
Wrong Input : E.g. abc.xyz@bl.co.in Email has 3 mandatory parts (abc, bl & co) and 2 optional (xyz & in) with precise @ and . positions 
Wrong Input : E.g. abc.xyz@bl.co.in Email has 3 mandatory parts (abc, bl & co) and 2 optional (xyz & in) with precise @ and . positions 
Wrong Input : E.g. abc.xyz@bl.co.in Email has 3 mandatory parts (abc, bl & co) and 2 optional (xyz & in) with precise @ and . positions 
Wrong Input : E.g. abc.xyz@bl.co.in Email has 3 mandatory parts (abc, bl & co) and 2 optional (xyz & in) with precise @ and . positions 
Wrong Input : E.g. abc.xyz@bl.co.in Email has 3 mandatory parts (abc, bl & co) and 2 optional (xyz & in) with precise @ and . positions 
Wrong Input : E.g. abc.xyz@bl.co.in Email has 3 mandatory parts (abc, bl & co) and 2 optional (xyz & in) with precise @ and . positions 
Wrong Input : E.g. abc.xyz@bl.co.in Email has 3 mandatory parts (abc, bl & co) and 2 optional (xyz & in) with precise @ and . positions 
Wrong Input : E.g. abc.xyz@bl.co.in Email has 3 mandatory parts (abc, bl & co) and 2 optional (xyz & in) with precise @ and . positions 
Wrong Input : E.g. abc.xyz@bl.co.in Email has 3 mandatory parts (abc, bl & co) and 2 optional (xyz & in) with precise @ and . positions 
Wrong Input : E.g. abc.xyz@bl.co.in Email has 3 mandatory parts (abc, bl & co) and 2 optional (xyz & in) with precise @ and . positions 
Wrong Input : E.g. abc.xyz@bl.co.in Email has 3 mandatory parts (abc, bl & co) and 2 optional (xyz & in) with precise @ and . positions 
Wrong Input : E.g. abc.xyz@bl.co.in Email has 3 mandatory parts (abc, bl & co) and 2 optional (xyz & in) with precise @ and . positions 
Wrong Input : E.g. abc.xyz@bl.co.in Email has 3 mandatory parts (abc, bl & co) and 2 optional (xyz & in) with precise @ and . positions 
Wrong Input : E.g. abc.xyz@bl.co.in Email has 3 mandatory parts (abc, bl & co) and 2 optional (xyz & in) with precise @ and . positions 
Wrong Input : E.g. abc.xyz@bl.co.in Email has 3 mandatory parts (abc, bl & co) and 2 optional (xyz & in) with precise @ and . positions 
Wrong Input : E.g. abc.xyz@bl.co.in Email has 3 mandatory parts (abc, bl & co) and 2 optional (xyz & in) with precise @ and . positions 
Wrong Input : E.g. abc.xyz@bl.co.in Email has 3 mandatory parts (abc, bl & co) and 2 optional (xyz & in) with precise @ and . positions 
Wrong Input : E.g. abc.xyz@bl.co.in Email has 3 mandatory parts (abc, bl & co) and 2 optional (xyz & in) with precise @ and . positions 
Wrong Input : E.g. abc.xyz@bl.co.in Email has 3 mandatory parts (abc, bl & co) and 2 optional (xyz & in) with precise @ and . positions 
Wrong Input : E.g. abc.xyz@bl.co.in Email has 3 mandatory parts (abc, bl & co) and 2 optional (xyz & in) with precise @ and . positions 
Wrong Input : E.g. abc.xyz@bl.co.in Email has 3 mandatory parts (abc, bl & co) and 2 optional (xyz & in) with precise @ and . positions 
Wrong Input : E.g. abc.xyz@bl.co.in Email has 3 mandatory parts (abc, bl & co) and 2 optional (xyz & in) with precise @ and . positions 
Wrong Input : E.g. abc.xyz@bl.co.in Email has 3 mandatory parts (abc, bl & co) and 2 optional (xyz & in) with precise @ and . positions 
Wrong Input : E.g. abc.xyz@bl.co.in Email has 3 mandatory parts (abc, bl & co) and 2 optional (xyz & in) with precise @ and . positions 
Wrong Input : E.g. abc.xyz@bl.co.in Email has 3 mandatory parts (abc, bl & co) and 2 optional (xyz & in) with precise @ and . positions 
Wrong Input : E.g. abc.xyz@bl.co.in Email has 3 mandatory parts (abc, bl & co) and 2 optional (xyz & in) with precise @ and . positions 
Wrong Input : E.g. abc.xyz@bl.co.in Email has 3 mandatory parts (abc, bl & co) and 2 optional (xyz & in) with precise @ and . positions 
Wrong Input : E.g. abc.xyz@bl.co.in Email has 3 mandatory parts (abc, bl & co) and 2 optional (xyz & in) with precise @ and . positions 
Wrong Input : E.g. abc.xyz@bl.co.in Email has 3 mandatory parts (abc, bl & co) and 2 optional (xyz & in) with precise @ and . positions 
Wrong Input : E.g. abc.xyz@bl.co.in Email has 3 mandatory parts (abc, bl & co) and 2 optional (xyz & in) with precise @ and . positions 
Wrong Input : E.g. abc.xyz@bl.co.in Email has 3 mandatory parts (abc, bl & co) and 2 optional (xyz & in) with precise @ and . positions 
Wrong Input : E.g. abc.xyz@bl.co.in Email has 3 mandatory parts (abc, bl & co) and 2 optional (xyz & in) with precise @ and . positions 
Wrong Input : E.g. abc.xyz@bl.co.in Email has 3 mandatory parts (abc, bl & co) and 2 optional (xyz & in) with precise @ and . positions 
Wrong Input : E.g. abc.xyz@bl.co.in Email has 3 mandatory parts (abc, bl & co) and 2 optional (xyz & in) with precise @ and . positions 
Wrong Input : E.g. abc.xyz@bl.co.in Email has 3 mandatory parts (abc, bl & co) and 2 optional (xyz & in) with precise @ and . positions 
Wrong Input : E.g. abc.xyz@bl.co.in Email has 3 mandatory parts (abc, bl & co) and 2 optional (xyz & in) with precise @ and . positions 
Wrong Input : E.g. abc.xyz@bl.co.in Email has 3 mandatory parts (abc, bl & co) and 2 optional (xyz & in) with precise @ and . positions 
Wrong Input : E.g. abc.xyz@bl.co.in Email has 3 mandatory parts (abc, bl & co) and 2 optional (xyz & in) with precise @ and . positions 
Wrong Input : E.g. abc.xyz@bl.co.in Email has 3 mandatory parts (abc, bl & co) and 2 optional (xyz & in) with precise @ and . positions 
Wrong Input : E.g. abc.xyz@bl.co.in Email has 3 mandatory parts (abc, bl & co) and 2 optional (xyz & in) with precise @ and . positions 
Wrong Input : E.g. abc.xyz@bl.co.in Email has 3 mandatory parts (abc, bl & co) and 2 optional (xyz & in) with precise @ and . positions 
Wrong Input : E.g. abc.xyz@bl.co.in Email has 3 mandatory parts (abc, bl & co) and 2 optional (xyz & in) with precise @ and . positions 
Wrong Input : E.g. abc.xyz@bl.co.in Email has 3 mandatory parts (abc, bl & co) and 2 optional (xyz & in) with precise @ and . positions 
Wrong Input : E.g. abc.xyz@bl.co.in Email has 3 mandatory parts (abc, bl & co) and 2 optional (xyz & in) with precise @ and . positions 
Wrong Input : E.g. abc.xyz@bl.co.in Email has 3 mandatory parts (abc, bl & co) and 2 optional (xyz & in) with precise @ and . positions 
Wrong Input : E.g. abc.xyz@bl.co.in Email has 3 mandatory parts (abc, bl & co) and 2 optional (xyz & in) with precise @ and . positions 
Wrong Input : E.g. abc.xyz@bl.co.in Email has 3 mandatory parts (abc, bl & co) and 2 optional (xyz & in) with precise @ and . positions 
Wrong Input : E.g. abc.xyz@bl.co.in Email has 3 mandatory parts (abc, bl & co) and 2 optional (xyz & in) with precise @ and . positions 
Wrong Input : E.g. abc.xyz@bl.co.in Email has 3 mandatory parts (abc, bl & co) and 2 optional (xyz & in) with precise @ and . positions 
Wrong Input : E.g. abc.xyz@bl.co.in Email has 3 mandatory parts (abc, bl & co) and 2 optional (xyz & in) with precise @ and . positions 
Wrong Input : E.g. abc.xyz@bl.co.in Email has 3 mandatory parts (abc, bl & co) and 2 optional (xyz & in) with precise @ and . positions 
Wrong Input : E.g. abc.xyz@bl.co.in Email has 3 mandatory parts (abc, bl & co) and 2 optional (xyz & in) with precise @ and . positions 
Wrong Input : E.g. abc.xyz@bl.co.in Email has 3 mandatory parts (abc, bl & co) and 2 optional (xyz & in) with precise @ and . positions 
Wrong Input : E.g. abc.xyz@bl.co.in Email has 3 mandatory parts (abc, bl & co) and 2 optional (xyz & in) with precise @ and . positions 
Wrong Input : E.g. abc.xyz@bl.co.in Email has 3 mandatory parts (abc, bl & co) and 2 optional (xyz & in) with precise @ and . positions 
Wrong Input : E.g. abc.xyz@bl.co.in Email has 3 mandatory parts (abc, bl & co) and 2 optional (xyz & in) with precise @ and . positions 
Wrong Input : E.g. abc.xyz@bl.co.in Email has 3 mandatory parts (abc, bl & co) and 2 optional (xyz & in) with precise @ and . positions 
Wrong Input : E.g. abc.xyz@bl.co.in Email has 3 mandatory parts (abc, bl & co) and 2 optional (xyz & in) with precise @ and . positions 
Wrong Input : E.g. abc.xyz@bl.co.in Email has 3 mandatory parts (abc, bl & co) and 2 optional (xyz & in) with precise @ and . positions 
Wrong Input : E.g. abc.xyz@bl.co.in Email has 3 mandatory parts (abc, bl & co) and 2 optional (xyz & in) with precise @ and . positions 
Wrong Input : E.g. abc.xyz@bl.co.in Email has 3 mandatory parts (abc, bl & co) and 2 optional (xyz & in) with precise @ and . positions 
Wrong Input : E.g. abc.xyz@bl.co.in Email has 3 mandatory parts (abc, bl & co) and 2 optional (xyz & in) with precise @ and . positions 
Wrong Input : E.g. abc.xyz@bl.co.in Email has 3 mandatory parts (abc, bl & co) and 2 optional (xyz & in) with precise @ and . positions 
Wrong Input : E.g. abc.xyz@bl.co.in Email has 3 mandatory parts (abc, bl & co) and 2 optional (xyz & in) with precise @ and . positions 
Wrong Input : E.g. abc.xyz@bl.co.in Email has 3 mandatory parts (abc, bl & co) and 2 optional (xyz & in) with precise @ and . positions 
Wrong Input : E.g. abc.xyz@bl.co.in Email has 3 mandatory parts (abc, bl & co) and 2 optional (xyz & in) with precise @ and . positions 
Wrong Input : E.g. abc.xyz@bl.co.in Email has 3 mandatory parts (abc, bl & co) and 2 optional (xyz & in) with precise @ and . positions 
Wrong Input : E.g. abc.xyz@bl.co.in Email has 3 mandatory parts (abc, bl & co) and 2 optional (xyz & in) with precise @ and . positions 
Wrong Input : E.g. abc.xyz@bl.co.in Email has 3 mandatory parts (abc, bl & co) and 2 optional (xyz & in) with precise @ and . positions 
Wrong Input : E.g. abc.xyz@bl.co.in Email has 3 mandatory parts (abc, bl & co) and 2 optional (xyz & in) with precise @ and . positions 
Wrong Input : E.g. abc.xyz@bl.co.in Email has 3 mandatory parts (abc, bl & co) and 2 optional (xyz & in) with precise @ and . positions 
Wrong Input : E.g. abc.xyz@bl.co.in Email has 3 mandatory parts (abc, bl & co) and 2 optional (xyz & in) with precise @ and . positions 
Wrong Input : E.g. abc.xyz@bl.co.in Email has 3 mandatory parts (abc, bl & co) and 2 optional (xyz & in) with precise @ and . positions 
Wrong Input : E.g. abc.xyz@bl.co.in Email has 3 mandatory parts (abc, bl & co) and 2 optional (xyz & in) with precise @ and . positions 
Wrong Input : E.g. abc.xyz@bl.co.in Email has 3 mandatory parts (abc, bl & co) and 2 optional (xyz & in) with precise @ and . positions 
Wrong Input : E.g. abc.xyz@bl.co.in Email has 3 mandatory parts (abc, bl & co) and 2 optional (xyz & in) with precise @ and . positions 
Wrong Input : E.g. abc.xyz@bl.co.in Email has 3 mandatory parts (abc, bl & co) and 2 optional (xyz & in) with precise @ and . positions 
Wrong Input : E.g. abc.xyz@bl.co.in Email has 3 mandatory parts (abc, bl & co) and 2 optional (xyz & in) with precise @ and . positions 
Wrong Input : E.g. abc.xyz@bl.co.in Email has 3 mandatory parts (abc, bl & co) and 2 optional (xyz & in) with precise @ and . positions 
Wrong Input : E.g. abc.xyz@bl.co.in Email has 3 mandatory parts (abc, bl & co) and 2 optional (xyz & in) with precise @ and . positions 
Wrong Input : E.g. abc.xyz@bl.co.in Email has 3 mandatory parts (abc, bl & co) and 2 optional (xyz & in) with precise @ and . positions 
Wrong Input : E.g. abc.xyz@bl.co.in Email has 3 mandatory parts (abc, bl & co) and 2 optional (xyz & in) with precise @ and . positions 
Wrong Input : E.g. abc.xyz@bl.co.in Email has 3 mandatory parts (abc, bl & co) and 2 optional (xyz & in) with precise @ and . positions 
Wrong Input : E.g. abc.xyz@bl.co.in Email has 3 mandatory parts (abc, bl & co) and 2 optional (xyz & in) with precise @ and . positions 
Wrong Input : E.g. abc.xyz@bl.co.in Email has 3 mandatory parts (abc, bl & co) and 2 optional (xyz & in) with precise @ and . positions 
Wrong Input : E.g. abc.xyz@bl.co.in Email has 3 mandatory parts (abc, bl & co) and 2 optional (xyz & in) with precise @ and . positions 
Wrong Input : E.g. abc.xyz@bl.co.in Email has 3 mandatory parts (abc, bl & co) and 2 optional (xyz & in) with precise @ and . positions 
Wrong Input : E.g. abc.xyz@bl.co.in Email has 3 mandatory parts (abc, bl & co) and 2 optional (xyz & in) with precise @ and . positions 
Wrong Input : E.g. abc.xyz@bl.co.in Email has 3 mandatory parts (abc, bl & co) and 2 optional (xyz & in) with precise @ and . positions 
Wrong Input : E.g. abc.xyz@bl.co.in Email has 3 mandatory parts (abc, bl & co) and 2 optional (xyz & in) with precise @ and . positions 
Wrong Input : E.g. abc.xyz@bl.co.in Email has 3 mandatory parts (abc, bl & co) and 2 optional (xyz & in) with precise @ and . positions 
Wrong Input : E.g. abc.xyz@bl.co.in Email has 3 mandatory parts (abc, bl & co) and 2 optional (xyz & in) with precise @ and . positions 
Wrong Input : E.g. abc.xyz@bl.co.in Email has 3 mandatory parts (abc, bl & co) and 2 optional (xyz & in) with precise @ and . positions 
Wrong Input : E.g. abc.xyz@bl.co.in Email has 3 mandatory parts (abc, bl & co) and 2 optional (xyz & in) with precise @ and . positions 
Wrong Input : E.g. abc.xyz@bl.co.in Email has 3 mandatory parts (abc, bl & co) and 2 optional (xyz & in) with precise @ and . positions 
Wrong Input : E.g. abc.xyz@bl.co.in Email has 3 mandatory parts (abc, bl & co) and 2 optional (xyz & in) with precise @ and . positions 
Wrong Input : E.g. abc.xyz@bl.co.in Email has 3 mandatory parts (abc, bl & co) and 2 optional (xyz & in) with precise @ and . positions 
Wrong Input : E.g. abc.xyz@bl.co.in Email has 3 mandatory parts (abc, bl & co) and 2 optional (xyz & in) with precise @ and . positions 
Wrong Input : E.g. abc.xyz@bl.co.in Email has 3 mandatory parts (abc, bl & co) and 2 optional (xyz & in) with precise @ and . positions 
Wrong Input : E.g. abc.xyz@bl.co.in Email has 3 mandatory parts (abc, bl & co) and 2 optional (xyz & in) with precise @ and . positions 
Wrong Input : E.g. abc.xyz@bl.co.in Email has 3 mandatory parts (abc, bl & co) and 2 optional (xyz & in) with precise @ and . positions 
Wrong Input : E.g. abc.xyz@bl.co.in Email has 3 mandatory parts (abc, bl & co) and 2 optional (xyz & in) with precise @ and . positions 
Wrong Input : E.g. abc.xyz@bl.co.in Email has 3 mandatory parts (abc, bl & co) and 2 optional (xyz & in) with precise @ and . positions 
Wrong Input : E.g. abc.xyz@bl.co.in Email has 3 mandatory parts (abc, bl & co) and 2 optional (xyz & in) with precise @ and . positions 
Wrong Input : E.g. abc.xyz@bl.co.in Email has 3 mandatory parts (abc, bl & co) and 2 optional (xyz & in) with precise @ and . positions 
Wrong Input : E.g. abc.xyz@bl.co.in Email has 3 mandatory parts (abc, bl & co) and 2 optional (xyz & in) with precise @ and . positions 
Wrong Input : E.g. abc.xyz@bl.co.in Email has 3 mandatory parts (abc, bl & co) and 2 optional (xyz & in) with precise @ and . positions 
Wrong Input : E.g. abc.xyz@bl.co.in Email has 3 mandatory parts (abc, bl & co) and 2 optional (xyz & in) with precise @ and . positions 
Wrong Input : E.g. abc.xyz@bl.co.in Email has 3 mandatory parts (abc, bl & co) and 2 optional (xyz & in) with precise @ and . positions 
Wrong Input : E.g. abc.xyz@bl.co.in Email has 3 mandatory parts (abc, bl & co) and 2 optional (xyz & in) with precise @ and . positions 
Wrong Input : E.g. abc.xyz@bl.co.in Email has 3 mandatory parts (abc, bl & co) and 2 optional (xyz & in) with precise @ and . positions 
Wrong Input : E.g. abc.xyz@bl.co.in Email has 3 mandatory parts (abc, bl & co) and 2 optional (xyz & in) with precise @ and . positions 
Wrong Input : E.g. abc.xyz@bl.co.in Email has 3 mandatory parts (abc, bl & co) and 2 optional (xyz & in) with precise @ and . positions 
Wrong Input : E.g. abc.xyz@bl.co.in Email has 3 mandatory parts (abc, bl & co) and 2 optional (xyz & in) with precise @ and . positions 
Wrong Input : E.g. abc.xyz@bl.co.in Email has 3 mandatory parts (abc, bl & co) and 2 optional (xyz & in) with precise @ and . positions 
Wrong Input : E.g. abc.xyz@bl.co.in Email has 3 mandatory parts (abc, bl & co) and 2 optional (xyz & in) with precise @ and . positions 
Wrong Input : E.g. abc.xyz@bl.co.in Email has 3 mandatory parts (abc, bl & co) and 2 optional (xyz & in) with precise @ and . positions 
Wrong Input : E.g. abc.xyz@bl.co.in Email has 3 mandatory parts (abc, bl & co) and 2 optional (xyz & in) with precise @ and . positions 
Wrong Input : E.g. abc.xyz@bl.co.in Email has 3 mandatory parts (abc, bl & co) and 2 optional (xyz & in) with precise @ and . positions 
Wrong Input : E.g. abc.xyz@bl.co.in Email has 3 mandatory parts (abc, bl & co) and 2 optional (xyz & in) with precise @ and . positions 
Wrong Input : E.g. abc.xyz@bl.co.in Email has 3 mandatory parts (abc, bl & co) and 2 optional (xyz & in) with precise @ and . positions 
Wrong Input : E.g. abc.xyz@bl.co.in Email has 3 mandatory parts (abc, bl & co) and 2 optional (xyz & in) with precise @ and . positions 
Wrong Input : E.g. abc.xyz@bl.co.in Email has 3 mandatory parts (abc, bl & co) and 2 optional (xyz & in) with precise @ and . positions 
Wrong Input : E.g. abc.xyz@bl.co.in Email has 3 mandatory parts (abc, bl & co) and 2 optional (xyz & in) with precise @ and . positions 
Wrong Input : E.g. abc.xyz@bl.co.in Email has 3 mandatory parts (abc, bl & co) and 2 optional (xyz & in) with precise @ and . positions 
Wrong Input : E.g. abc.xyz@bl.co.in Email has 3 mandatory parts (abc, bl & co) and 2 optional (xyz & in) with precise @ and . positions 
Wrong Input : E.g. abc.xyz@bl.co.in Email has 3 mandatory parts (abc, bl & co) and 2 optional (xyz & in) with precise @ and . positions 
Wrong Input : E.g. abc.xyz@bl.co.in Email has 3 mandatory parts (abc, bl & co) and 2 optional (xyz & in) with precise @ and . positions 
Wrong Input : E.g. abc.xyz@bl.co.in Email has 3 mandatory parts (abc, bl & co) and 2 optional (xyz & in) with precise @ and . positions 
Wrong Input : E.g. abc.xyz@bl.co.in Email has 3 mandatory parts (abc, bl & co) and 2 optional (xyz & in) with precise @ and . positions 
Wrong Input : E.g. abc.xyz@bl.co.in Email has 3 mandatory parts (abc, bl & co) and 2 optional (xyz & in) with precise @ and . positions 
Wrong Input : E.g. abc.xyz@bl.co.in Email has 3 mandatory parts (abc, bl & co) and 2 optional (xyz & in) with precise @ and . positions 
Wrong Input : E.g. abc.xyz@bl.co.in Email has 3 mandatory parts (abc, bl & co) and 2 optional (xyz & in) with precise @ and . positions 
Wrong Input : E.g. abc.xyz@bl.co.in Email has 3 mandatory parts (abc, bl & co) and 2 optional (xyz & in) with precise @ and . positions 
Wrong Input : E.g. abc.xyz@bl.co.in Email has 3 mandatory parts (abc, bl & co) and 2 optional (xyz & in) with precise @ and . positions 
Wrong Input : E.g. abc.xyz@bl.co.in Email has 3 mandatory parts (abc, bl & co) and 2 optional (xyz & in) with precise @ and . positions 
Wrong Input : E.g. abc.xyz@bl.co.in Email has 3 mandatory parts (abc, bl & co) and 2 optional (xyz & in) with precise @ and . positions 
Wrong Input : E.g. abc.xyz@bl.co.in Email has 3 mandatory parts (abc, bl & co) and 2 optional (xyz & in) with precise @ and . positions 
Wrong Input : E.g. abc.xyz@bl.co.in Email has 3 mandatory parts (abc, bl & co) and 2 optional (xyz & in) with precise @ and . positions 
Wrong Input : E.g. abc.xyz@bl.co.in Email has 3 mandatory parts (abc, bl & co) and 2 optional (xyz & in) with precise @ and . positions 
Wrong Input : E.g. abc.xyz@bl.co.in Email has 3 mandatory parts (abc, bl & co) and 2 optional (xyz & in) with precise @ and . positions 
Wrong Input : E.g. abc.xyz@bl.co.in Email has 3 mandatory parts (abc, bl & co) and 2 optional (xyz & in) with precise @ and . positions 
Wrong Input : E.g. abc.xyz@bl.co.in Email has 3 mandatory parts (abc, bl & co) and 2 optional (xyz & in) with precise @ and . positions 
Wrong Input : E.g. abc.xyz@bl.co.in Email has 3 mandatory parts (abc, bl & co) and 2 optional (xyz & in) with precise @ and . positions 
Wrong Input : E.g. abc.xyz@bl.co.in Email has 3 mandatory parts (abc, bl & co) and 2 optional (xyz & in) with precise @ and . positions 
Wrong Input : E.g. abc.xyz@bl.co.in Email has 3 mandatory parts (abc, bl & co) and 2 optional (xyz & in) with precise @ and . positions 
Wrong Input : E.g. abc.xyz@bl.co.in Email has 3 mandatory parts (abc, bl & co) and 2 optional (xyz & in) with precise @ and . positions 
Wrong Input : E.g. abc.xyz@bl.co.in Email has 3 mandatory parts (abc, bl & co) and 2 optional (xyz & in) with precise @ and . positions 
Wrong Input : E.g. abc.xyz@bl.co.in Email has 3 mandatory parts (abc, bl & co) and 2 optional (xyz & in) with precise @ and . positions 
Wrong Input : E.g. abc.xyz@bl.co.in Email has 3 mandatory parts (abc, bl & co) and 2 optional (xyz & in) with precise @ and . positions 
Wrong Input : E.g. abc.xyz@bl.co.in Email has 3 mandatory parts (abc, bl & co) and 2 optional (xyz & in) with precise @ and . positions 
Wrong Input : E.g. abc.xyz@bl.co.in Email has 3 mandatory parts (abc, bl & co) and 2 optional (xyz & in) with precise @ and . positions 
Wrong Input : E.g. abc.xyz@bl.co.in Email has 3 mandatory parts (abc, bl & co) and 2 optional (xyz & in) with precise @ and . positions 
Wrong Input : E.g. abc.xyz@bl.co.in Email has 3 mandatory parts (abc, bl & co) and 2 optional (xyz & in) with precise @ and . positions 
Wrong Input : E.g. abc.xyz@bl.co.in Email has 3 mandatory parts (abc, bl & co) and 2 optional (xyz & in) with precise @ and . positions 
Wrong Input : E.g. abc.xyz@bl.co.in Email has 3 mandatory parts (abc, bl & co) and 2 optional (xyz & in) with precise @ and . positions 
Wrong Input : E.g. abc.xyz@bl.co.in Email has 3 mandatory parts (abc, bl & co) and 2 optional (xyz & in) with precise @ and . positions 
Wrong Input : E.g. abc.xyz@bl.co.in Email has 3 mandatory parts (abc, bl & co) and 2 optional (xyz & in) with precise @ and . positions 
Wrong Input : E.g. abc.xyz@bl.co.in Email has 3 mandatory parts (abc, bl & co) and 2 optional (xyz & in) with precise @ and . positions 
Wrong Input : E.g. abc.xyz@bl.co.in Email has 3 mandatory parts (abc, bl & co) and 2 optional (xyz & in) with precise @ and . positions 
Wrong Input : E.g. abc.xyz@bl.co.in Email has 3 mandatory parts (abc, bl & co) and 2 optional (xyz & in) with precise @ and . positions 
Wrong Input : E.g. abc.xyz@bl.co.in Email has 3 mandatory parts (abc, bl & co) and 2 optional (xyz & in) with precise @ and . positions 
Wrong Input : E.g. abc.xyz@bl.co.in Email has 3 mandatory parts (abc, bl & co) and 2 optional (xyz & in) with precise @ and . positions 
Wrong Input : E.g. abc.xyz@bl.co.in Email has 3 mandatory parts (abc, bl & co) and 2 optional (xyz & in) with precise @ and . positions 
Wrong Input : E.g. abc.xyz@bl.co.in Email has 3 mandatory parts (abc, bl & co) and 2 optional (xyz & in) with precise @ and . positions 
Wrong Input : E.g. abc.xyz@bl.co.in Email has 3 mandatory parts (abc, bl & co) and 2 optional (xyz & in) with precise @ and . positions 
Wrong Input : E.g. abc.xyz@bl.co.in Email has 3 mandatory parts (abc, bl & co) and 2 optional (xyz & in) with precise @ and . positions 
Wrong Input : E.g. abc.xyz@bl.co.in Email has 3 mandatory parts (abc, bl & co) and 2 optional (xyz & in) with precise @ and . positions 
Wrong Input : E.g. abc.xyz@bl.co.in Email has 3 mandatory parts (abc, bl & co) and 2 optional (xyz & in) with precise @ and . positions 
Wrong Input : E.g. abc.xyz@bl.co.in Email has 3 mandatory parts (abc, bl & co) and 2 optional (xyz & in) with precise @ and . positions 
Wrong Input : E.g. abc.xyz@bl.co.in Email has 3 mandatory parts (abc, bl & co) and 2 optional (xyz & in) with precise @ and . positions 
Wrong Input : E.g. abc.xyz@bl.co.in Email has 3 mandatory parts (abc, bl & co) and 2 optional (xyz & in) with precise @ and . positions 
Wrong Input : E.g. abc.xyz@bl.co.in Email has 3 mandatory parts (abc, bl & co) and 2 optional (xyz & in) with precise @ and . positions 
Wrong Input : E.g. abc.xyz@bl.co.in Email has 3 mandatory parts (abc, bl & co) and 2 optional (xyz & in) with precise @ and . positions 
Wrong Input : E.g. abc.xyz@bl.co.in Email has 3 mandatory parts (abc, bl & co) and 2 optional (xyz & in) with precise @ and . positions 
Wrong Input : E.g. abc.xyz@bl.co.in Email has 3 mandatory parts (abc, bl & co) and 2 optional (xyz & in) with precise @ and . positions 
Wrong Input : E.g. abc.xyz@bl.co.in Email has 3 mandatory parts (abc, bl & co) and 2 optional (xyz & in) with precise @ and . positions 
Wrong Input : E.g. abc.xyz@bl.co.in Email has 3 mandatory parts (abc, bl & co) and 2 optional (xyz & in) with precise @ and . positions 
Wrong Input : E.g. abc.xyz@bl.co.in Email has 3 mandatory parts (abc, bl & co) and 2 optional (xyz & in) with precise @ and . positions 
Wrong Input : E.g. abc.xyz@bl.co.in Email has 3 mandatory parts (abc, bl & co) and 2 optional (xyz & in) with precise @ and . positions 
Wrong Input : E.g. abc.xyz@bl.co.in Email has 3 mandatory parts (abc, bl & co) and 2 optional (xyz & in) with precise @ and . positions 
Wrong Input : E.g. abc.xyz@bl.co.in Email has 3 mandatory parts (abc, bl & co) and 2 optional (xyz & in) with precise @ and . positions 
Wrong Input : E.g. abc.xyz@bl.co.in Email has 3 mandatory parts (abc, bl & co) and 2 optional (xyz & in) with precise @ and . positions 
Wrong Input : E.g. abc.xyz@bl.co.in Email has 3 mandatory parts (abc, bl & co) and 2 optional (xyz & in) with precise @ and . positions 
Wrong Input : E.g. abc.xyz@bl.co.in Email has 3 mandatory parts (abc, bl & co) and 2 optional (xyz & in) with precise @ and . positions 
Wrong Input : E.g. abc.xyz@bl.co.in Email has 3 mandatory parts (abc, bl & co) and 2 optional (xyz & in) with precise @ and . positions 
Wrong Input : E.g. abc.xyz@bl.co.in Email has 3 mandatory parts (abc, bl & co) and 2 optional (xyz & in) with precise @ and . positions 
Wrong Input : E.g. abc.xyz@bl.co.in Email has 3 mandatory parts (abc, bl & co) and 2 optional (xyz & in) with precise @ and . positions 
Wrong Input : E.g. abc.xyz@bl.co.in Email has 3 mandatory parts (abc, bl & co) and 2 optional (xyz & in) with precise @ and . positions 
Wrong Input : E.g. abc.xyz@bl.co.in Email has 3 mandatory parts (abc, bl & co) and 2 optional (xyz & in) with precise @ and . positions 
Wrong Input : E.g. abc.xyz@bl.co.in Email has 3 mandatory parts (abc, bl & co) and 2 optional (xyz & in) with precise @ and . positions 
Wrong Input : E.g. abc.xyz@bl.co.in Email has 3 mandatory parts (abc, bl & co) and 2 optional (xyz & in) with precise @ and . positions 
Wrong Input : E.g. abc.xyz@bl.co.in Email has 3 mandatory parts (abc, bl & co) and 2 optional (xyz & in) with precise @ and . positions 
Wrong Input : E.g. abc.xyz@bl.co.in Email has 3 mandatory parts (abc, bl & co) and 2 optional (xyz & in) with precise @ and . positions 
Wrong Input : E.g. abc.xyz@bl.co.in Email has 3 mandatory parts (abc, bl & co) and 2 optional (xyz & in) with precise @ and . positions 
Wrong Input : E.g. abc.xyz@bl.co.in Email has 3 mandatory parts (abc, bl & co) and 2 optional (xyz & in) with precise @ and . positions 
Wrong Input : E.g. abc.xyz@bl.co.in Email has 3 mandatory parts (abc, bl & co) and 2 optional (xyz & in) with precise @ and . positions 
Wrong Input : E.g. abc.xyz@bl.co.in Email has 3 mandatory parts (abc, bl & co) and 2 optional (xyz & in) with precise @ and . positions 
Wrong Input : E.g. abc.xyz@bl.co.in Email has 3 mandatory parts (abc, bl & co) and 2 optional (xyz & in) with precise @ and . positions 
Wrong Input : E.g. abc.xyz@bl.co.in Email has 3 mandatory parts (abc, bl & co) and 2 optional (xyz & in) with precise @ and . positions 
Wrong Input : E.g. abc.xyz@bl.co.in Email has 3 mandatory parts (abc, bl & co) and 2 optional (xyz & in) with precise @ and . positions 
Wrong Input : E.g. abc.xyz@bl.co.in Email has 3 mandatory parts (abc, bl & co) and 2 optional (xyz & in) with precise @ and . positions 
Wrong Input : E.g. abc.xyz@bl.co.in Email has 3 mandatory parts (abc, bl & co) and 2 optional (xyz & in) with precise @ and . positions 
Wrong Input : E.g. abc.xyz@bl.co.in Email has 3 mandatory parts (abc, bl & co) and 2 optional (xyz & in) with precise @ and . positions 
Wrong Input : E.g. abc.xyz@bl.co.in Email has 3 mandatory parts (abc, bl & co) and 2 optional (xyz & in) with precise @ and . positions 
Wrong Input : E.g. abc.xyz@bl.co.in Email has 3 mandatory parts (abc, bl & co) and 2 optional (xyz & in) with precise @ and . positions 
Wrong Input : E.g. abc.xyz@bl.co.in Email has 3 mandatory parts (abc, bl & co) and 2 optional (xyz & in) with precise @ and . positions 
Wrong Input : E.g. abc.xyz@bl.co.in Email has 3 mandatory parts (abc, bl & co) and 2 optional (xyz & in) with precise @ and . positions 
Wrong Input : E.g. abc.xyz@bl.co.in Email has 3 mandatory parts (abc, bl & co) and 2 optional (xyz & in) with precise @ and . positions 
Wrong Input : E.g. abc.xyz@bl.co.in Email has 3 mandatory parts (abc, bl & co) and 2 optional (xyz & in) with precise @ and . positions 
Wrong Input : E.g. abc.xyz@bl.co.in Email has 3 mandatory parts (abc, bl & co) and 2 optional (xyz & in) with precise @ and . positions 
Wrong Input : E.g. abc.xyz@bl.co.in Email has 3 mandatory parts (abc, bl & co) and 2 optional (xyz & in) with precise @ and . positions 
Wrong Input : E.g. abc.xyz@bl.co.in Email has 3 mandatory parts (abc, bl & co) and 2 optional (xyz & in) with precise @ and . positions 
Wrong Input : E.g. abc.xyz@bl.co.in Email has 3 mandatory parts (abc, bl & co) and 2 optional (xyz & in) with precise @ and . positions 
Wrong Input : E.g. abc.xyz@bl.co.in Email has 3 mandatory parts (abc, bl & co) and 2 optional (xyz & in) with precise @ and . positions 
Wrong Input : E.g. abc.xyz@bl.co.in Email has 3 mandatory parts (abc, bl & co) and 2 optional (xyz & in) with precise @ and . positions 
Wrong Input : E.g. abc.xyz@bl.co.in Email has 3 mandatory parts (abc, bl & co) and 2 optional (xyz & in) with precise @ and . positions 
Wrong Input : E.g. abc.xyz@bl.co.in Email has 3 mandatory parts (abc, bl & co) and 2 optional (xyz & in) with precise @ and . positions 
Wrong Input : E.g. abc.xyz@bl.co.in Email has 3 mandatory parts (abc, bl & co) and 2 optional (xyz & in) with precise @ and . positions 
Wrong Input : E.g. abc.xyz@bl.co.in Email has 3 mandatory parts (abc, bl & co) and 2 optional (xyz & in) with precise @ and . positions 
Wrong Input : E.g. abc.xyz@bl.co.in Email has 3 mandatory parts (abc, bl & co) and 2 optional (xyz & in) with precise @ and . positions 
Wrong Input : E.g. abc.xyz@bl.co.in Email has 3 mandatory parts (abc, bl & co) and 2 optional (xyz & in) with precise @ and . positions 
Wrong Input : E.g. abc.xyz@bl.co.in Email has 3 mandatory parts (abc, bl & co) and 2 optional (xyz & in) with precise @ and . positions 
Wrong Input : E.g. abc.xyz@bl.co.in Email has 3 mandatory parts (abc, bl & co) and 2 optional (xyz & in) with precise @ and . positions 
Wrong Input : E.g. abc.xyz@bl.co.in Email has 3 mandatory parts (abc, bl & co) and 2 optional (xyz & in) with precise @ and . positions 
Wrong Input : E.g. abc.xyz@bl.co.in Email has 3 mandatory parts (abc, bl & co) and 2 optional (xyz & in) with precise @ and . positions 
Wrong Input : E.g. abc.xyz@bl.co.in Email has 3 mandatory parts (abc, bl & co) and 2 optional (xyz & in) with precise @ and . positions 
Wrong Input : E.g. abc.xyz@bl.co.in Email has 3 mandatory parts (abc, bl & co) and 2 optional (xyz & in) with precise @ and . positions 
Wrong Input : E.g. abc.xyz@bl.co.in Email has 3 mandatory parts (abc, bl & co) and 2 optional (xyz & in) with precise @ and . positions 
Wrong Input : E.g. abc.xyz@bl.co.in Email has 3 mandatory parts (abc, bl & co) and 2 optional (xyz & in) with precise @ and . positions 
Wrong Input : E.g. abc.xyz@bl.co.in Email has 3 mandatory parts (abc, bl & co) and 2 optional (xyz & in) with precise @ and . positions 
Wrong Input : E.g. abc.xyz@bl.co.in Email has 3 mandatory parts (abc, bl & co) and 2 optional (xyz & in) with precise @ and . positions 
Wrong Input : E.g. abc.xyz@bl.co.in Email has 3 mandatory parts (abc, bl & co) and 2 optional (xyz & in) with precise @ and . positions 
Wrong Input : E.g. abc.xyz@bl.co.in Email has 3 mandatory parts (abc, bl & co) and 2 optional (xyz & in) with precise @ and . positions 
Wrong Input : E.g. abc.xyz@bl.co.in Email has 3 mandatory parts (abc, bl & co) and 2 optional (xyz & in) with precise @ and . positions 
Wrong Input : E.g. abc.xyz@bl.co.in Email has 3 mandatory parts (abc, bl & co) and 2 optional (xyz & in) with precise @ and . positions 
Wrong Input : E.g. abc.xyz@bl.co.in Email has 3 mandatory parts (abc, bl & co) and 2 optional (xyz & in) with precise @ and . positions 
Wrong Input : E.g. abc.xyz@bl.co.in Email has 3 mandatory parts (abc, bl & co) and 2 optional (xyz & in) with precise @ and . positions 
Wrong Input : E.g. abc.xyz@bl.co.in Email has 3 mandatory parts (abc, bl & co) and 2 optional (xyz & in) with precise @ and . positions 
Wrong Input : E.g. abc.xyz@bl.co.in Email has 3 mandatory parts (abc, bl & co) and 2 optional (xyz & in) with precise @ and . positions 
Wrong Input : E.g. abc.xyz@bl.co.in Email has 3 mandatory parts (abc, bl & co) and 2 optional (xyz & in) with precise @ and . positions 
Wrong Input : E.g. abc.xyz@bl.co.in Email has 3 mandatory parts (abc, bl & co) and 2 optional (xyz & in) with precise @ and . positions 
Wrong Input : E.g. abc.xyz@bl.co.in Email has 3 mandatory parts (abc, bl & co) and 2 optional (xyz & in) with precise @ and . positions 
Wrong Input : E.g. abc.xyz@bl.co.in Email has 3 mandatory parts (abc, bl & co) and 2 optional (xyz & in) with precise @ and . positions 
Wrong Input : E.g. abc.xyz@bl.co.in Email has 3 mandatory parts (abc, bl & co) and 2 optional (xyz & in) with precise @ and . positions 
Wrong Input : E.g. abc.xyz@bl.co.in Email has 3 mandatory parts (abc, bl & co) and 2 optional (xyz & in) with precise @ and . positions 
Wrong Input : E.g. abc.xyz@bl.co.in Email has 3 mandatory parts (abc, bl & co) and 2 optional (xyz & in) with precise @ and . positions 
Wrong Input : E.g. abc.xyz@bl.co.in Email has 3 mandatory parts (abc, bl & co) and 2 optional (xyz & in) with precise @ and . positions 
Wrong Input : E.g. abc.xyz@bl.co.in Email has 3 mandatory parts (abc, bl & co) and 2 optional (xyz & in) with precise @ and . positions 
Wrong Input : E.g. abc.xyz@bl.co.in Email has 3 mandatory parts (abc, bl & co) and 2 optional (xyz & in) with precise @ and . positions 
Wrong Input : E.g. abc.xyz@bl.co.in Email has 3 mandatory parts (abc, bl & co) and 2 optional (xyz & in) with precise @ and . positions 
Wrong Input : E.g. abc.xyz@bl.co.in Email has 3 mandatory parts (abc, bl & co) and 2 optional (xyz & in) with precise @ and . positions 
Wrong Input : E.g. abc.xyz@bl.co.in Email has 3 mandatory parts (abc, bl & co) and 2 optional (xyz & in) with precise @ and . positions 
Wrong Input : E.g. abc.xyz@bl.co.in Email has 3 mandatory parts (abc, bl & co) and 2 optional (xyz & in) with precise @ and . positions 
Wrong Input : E.g. abc.xyz@bl.co.in Email has 3 mandatory parts (abc, bl & co) and 2 optional (xyz & in) with precise @ and . positions 
Wrong Input : E.g. abc.xyz@bl.co.in Email has 3 mandatory parts (abc, bl & co) and 2 optional (xyz & in) with precise @ and . positions 
Wrong Input : E.g. abc.xyz@bl.co.in Email has 3 mandatory parts (abc, bl & co) and 2 optional (xyz & in) with precise @ and . positions 
Wrong Input : E.g. abc.xyz@bl.co.in Email has 3 mandatory parts (abc, bl & co) and 2 optional (xyz & in) with precise @ and . positions 
Wrong Input : E.g. abc.xyz@bl.co.in Email has 3 mandatory parts (abc, bl & co) and 2 optional (xyz & in) with precise @ and . positions 
Wrong Input : E.g. abc.xyz@bl.co.in Email has 3 mandatory parts (abc, bl & co) and 2 optional (xyz & in) with precise @ and . positions 
Wrong Input : E.g. abc.xyz@bl.co.in Email has 3 mandatory parts (abc, bl & co) and 2 optional (xyz & in) with precise @ and . positions 
Wrong Input : E.g. abc.xyz@bl.co.in Email has 3 mandatory parts (abc, bl & co) and 2 optional (xyz & in) with precise @ and . positions 
Wrong Input : E.g. abc.xyz@bl.co.in Email has 3 mandatory parts (abc, bl & co) and 2 optional (xyz & in) with precise @ and . positions 
Wrong Input : E.g. abc.xyz@bl.co.in Email has 3 mandatory parts (abc, bl & co) and 2 optional (xyz & in) with precise @ and . positions 
Wrong Input : E.g. abc.xyz@bl.co.in Email has 3 mandatory parts (abc, bl & co) and 2 optional (xyz & in) with precise @ and . positions 
Wrong Input : E.g. abc.xyz@bl.co.in Email has 3 mandatory parts (abc, bl & co) and 2 optional (xyz & in) with precise @ and . positions 
Wrong Input : E.g. abc.xyz@bl.co.in Email has 3 mandatory parts (abc, bl & co) and 2 optional (xyz & in) with precise @ and . positions 
Wrong Input : E.g. abc.xyz@bl.co.in Email has 3 mandatory parts (abc, bl & co) and 2 optional (xyz & in) with precise @ and . positions 
Wrong Input : E.g. abc.xyz@bl.co.in Email has 3 mandatory parts (abc, bl & co) and 2 optional (xyz & in) with precise @ and . positions 
Wrong Input : E.g. abc.xyz@bl.co.in Email has 3 mandatory parts (abc, bl & co) and 2 optional (xyz & in) with precise @ and . positions 
Wrong Input : E.g. abc.xyz@bl.co.in Email has 3 mandatory parts (abc, bl & co) and 2 optional (xyz & in) with precise @ and . positions 
Wrong Input : E.g. abc.xyz@bl.co.in Email has 3 mandatory parts (abc, bl & co) and 2 optional (xyz & in) with precise @ and . positions 
Wrong Input : E.g. abc.xyz@bl.co.in Email has 3 mandatory parts (abc, bl & co) and 2 optional (xyz & in) with precise @ and . positions 
Wrong Input : E.g. abc.xyz@bl.co.in Email has 3 mandatory parts (abc, bl & co) and 2 optional (xyz & in) with precise @ and . positions 
Wrong Input : E.g. abc.xyz@bl.co.in Email has 3 mandatory parts (abc, bl & co) and 2 optional (xyz & in) with precise @ and . positions 
Wrong Input : E.g. abc.xyz@bl.co.in Email has 3 mandatory parts (abc, bl & co) and 2 optional (xyz & in) with precise @ and . positions 
Wrong Input : E.g. abc.xyz@bl.co.in Email has 3 mandatory parts (abc, bl & co) and 2 optional (xyz & in) with precise @ and . positions 
Wrong Input : E.g. abc.xyz@bl.co.in Email has 3 mandatory parts (abc, bl & co) and 2 optional (xyz & in) with precise @ and . positions 
Wrong Input : E.g. abc.xyz@bl.co.in Email has 3 mandatory parts (abc, bl & co) and 2 optional (xyz & in) with precise @ and . positions 
Wrong Input : E.g. abc.xyz@bl.co.in Email has 3 mandatory parts (abc, bl & co) and 2 optional (xyz & in) with precise @ and . positions 
Wrong Input : E.g. abc.xyz@bl.co.in Email has 3 mandatory parts (abc, bl & co) and 2 optional (xyz & in) with precise @ and . positions 
Wrong Input : E.g. abc.xyz@bl.co.in Email has 3 mandatory parts (abc, bl & co) and 2 optional (xyz & in) with precise @ and . positions 
Wrong Input : E.g. abc.xyz@bl.co.in Email has 3 mandatory parts (abc, bl & co) and 2 optional (xyz & in) with precise @ and . positions 
Wrong Input : E.g. abc.xyz@bl.co.in Email has 3 mandatory parts (abc, bl & co) and 2 optional (xyz & in) with precise @ and . positions 
Wrong Input : E.g. abc.xyz@bl.co.in Email has 3 mandatory parts (abc, bl & co) and 2 optional (xyz & in) with precise @ and . positions 
Wrong Input : E.g. abc.xyz@bl.co.in Email has 3 mandatory parts (abc, bl & co) and 2 optional (xyz & in) with precise @ and . positions 
Wrong Input : E.g. abc.xyz@bl.co.in Email has 3 mandatory parts (abc, bl & co) and 2 optional (xyz & in) with precise @ and . positions 
Wrong Input : E.g. abc.xyz@bl.co.in Email has 3 mandatory parts (abc, bl & co) and 2 optional (xyz & in) with precise @ and . positions 
Wrong Input : E.g. abc.xyz@bl.co.in Email has 3 mandatory parts (abc, bl & co) and 2 optional (xyz & in) with precise @ and . positions 
Wrong Input : E.g. abc.xyz@bl.co.in Email has 3 mandatory parts (abc, bl & co) and 2 optional (xyz & in) with precise @ and . positions 
Wrong Input : E.g. abc.xyz@bl.co.in Email has 3 mandatory parts (abc, bl & co) and 2 optional (xyz & in) with precise @ and . positions 
Wrong Input : E.g. abc.xyz@bl.co.in Email has 3 mandatory parts (abc, bl & co) and 2 optional (xyz & in) with precise @ and . positions 
Wrong Input : E.g. abc.xyz@bl.co.in Email has 3 mandatory parts (abc, bl & co) and 2 optional (xyz & in) with precise @ and . positions 
Wrong Input : E.g. abc.xyz@bl.co.in Email has 3 mandatory parts (abc, bl & co) and 2 optional (xyz & in) with precise @ and . positions 
Wrong Input : E.g. abc.xyz@bl.co.in Email has 3 mandatory parts (abc, bl & co) and 2 optional (xyz & in) with precise @ and . positions 
Wrong Input : E.g. abc.xyz@bl.co.in Email has 3 mandatory parts (abc, bl & co) and 2 optional (xyz & in) with precise @ and . positions 
Wrong Input : E.g. abc.xyz@bl.co.in Email has 3 mandatory parts (abc, bl & co) and 2 optional (xyz & in) with precise @ and . positions 
Wrong Input : E.g. abc.xyz@bl.co.in Email has 3 mandatory parts (abc, bl & co) and 2 optional (xyz & in) with precise @ and . positions 
Wrong Input : E.g. abc.xyz@bl.co.in Email has 3 mandatory parts (abc, bl & co) and 2 optional (xyz & in) with precise @ and . positions 
Wrong Input : E.g. abc.xyz@bl.co.in Email has 3 mandatory parts (abc, bl & co) and 2 optional (xyz & in) with precise @ and . positions 
Wrong Input : E.g. abc.xyz@bl.co.in Email has 3 mandatory parts (abc, bl & co) and 2 optional (xyz & in) with precise @ and . positions 
Wrong Input : E.g. abc.xyz@bl.co.in Email has 3 mandatory parts (abc, bl & co) and 2 optional (xyz & in) with precise @ and . positions 
Wrong Input : E.g. abc.xyz@bl.co.in Email has 3 mandatory parts (abc, bl & co) and 2 optional (xyz & in) with precise @ and . positions 
Wrong Input : E.g. abc.xyz@bl.co.in Email has 3 mandatory parts (abc, bl & co) and 2 optional (xyz & in) with precise @ and . positions 
Wrong Input : E.g. abc.xyz@bl.co.in Email has 3 mandatory parts (abc, bl & co) and 2 optional (xyz & in) with precise @ and . positions 
Wrong Input : E.g. abc.xyz@bl.co.in Email has 3 mandatory parts (abc, bl & co) and 2 optional (xyz & in) with precise @ and . positions 
Wrong Input : E.g. abc.xyz@bl.co.in Email has 3 mandatory parts (abc, bl & co) and 2 optional (xyz & in) with precise @ and . positions 
Wrong Input : E.g. abc.xyz@bl.co.in Email has 3 mandatory parts (abc, bl & co) and 2 optional (xyz & in) with precise @ and . positions 
Wrong Input : E.g. abc.xyz@bl.co.in Email has 3 mandatory parts (abc, bl & co) and 2 optional (xyz & in) with precise @ and . positions 
Wrong Input : E.g. abc.xyz@bl.co.in Email has 3 mandatory parts (abc, bl & co) and 2 optional (xyz & in) with precise @ and . positions 
Wrong Input : E.g. abc.xyz@bl.co.in Email has 3 mandatory parts (abc, bl & co) and 2 optional (xyz & in) with precise @ and . positions 
Wrong Input : E.g. abc.xyz@bl.co.in Email has 3 mandatory parts (abc, bl & co) and 2 optional (xyz & in) with precise @ and . positions 
Wrong Input : E.g. abc.xyz@bl.co.in Email has 3 mandatory parts (abc, bl & co) and 2 optional (xyz & in) with precise @ and . positions 
Wrong Input : E.g. abc.xyz@bl.co.in Email has 3 mandatory parts (abc, bl & co) and 2 optional (xyz & in) with precise @ and . positions 
Wrong Input : E.g. abc.xyz@bl.co.in Email has 3 mandatory parts (abc, bl & co) and 2 optional (xyz & in) with precise @ and . positions 
Wrong Input : E.g. abc.xyz@bl.co.in Email has 3 mandatory parts (abc, bl & co) and 2 optional (xyz & in) with precise @ and . positions 
Wrong Input : E.g. abc.xyz@bl.co.in Email has 3 mandatory parts (abc, bl & co) and 2 optional (xyz & in) with precise @ and . positions 
Wrong Input : E.g. abc.xyz@bl.co.in Email has 3 mandatory parts (abc, bl & co) and 2 optional (xyz & in) with precise @ and . positions 
Wrong Input : E.g. abc.xyz@bl.co.in Email has 3 mandatory parts (abc, bl & co) and 2 optional (xyz & in) with precise @ and . positions 
Wrong Input : E.g. abc.xyz@bl.co.in Email has 3 mandatory parts (abc, bl & co) and 2 optional (xyz & in) with precise @ and . positions 
Wrong Input : E.g. abc.xyz@bl.co.in Email has 3 mandatory parts (abc, bl & co) and 2 optional (xyz & in) with precise @ and . positions 
Wrong Input : E.g. abc.xyz@bl.co.in Email has 3 mandatory parts (abc, bl & co) and 2 optional (xyz & in) with precise @ and . positions 
Wrong Input : E.g. abc.xyz@bl.co.in Email has 3 mandatory parts (abc, bl & co) and 2 optional (xyz & in) with precise @ and . positions 
Wrong Input : E.g. abc.xyz@bl.co.in Email has 3 mandatory parts (abc, bl & co) and 2 optional (xyz & in) with precise @ and . positions 
Wrong Input : E.g. abc.xyz@bl.co.in Email has 3 mandatory parts (abc, bl & co) and 2 optional (xyz & in) with precise @ and . positions 
Wrong Input : E.g. abc.xyz@bl.co.in Email has 3 mandatory parts (abc, bl & co) and 2 optional (xyz & in) with precise @ and . positions 
Wrong Input : E.g. abc.xyz@bl.co.in Email has 3 mandatory parts (abc, bl & co) and 2 optional (xyz & in) with precise @ and . positions 
Wrong Input : E.g. abc.xyz@bl.co.in Email has 3 mandatory parts (abc, bl & co) and 2 optional (xyz & in) with precise @ and . positions 
Wrong Input : E.g. abc.xyz@bl.co.in Email has 3 mandatory parts (abc, bl & co) and 2 optional (xyz & in) with precise @ and . positions 
Wrong Input : E.g. abc.xyz@bl.co.in Email has 3 mandatory parts (abc, bl & co) and 2 optional (xyz & in) with precise @ and . positions 
Wrong Input : E.g. abc.xyz@bl.co.in Email has 3 mandatory parts (abc, bl & co) and 2 optional (xyz & in) with precise @ and . positions 
Wrong Input : E.g. abc.xyz@bl.co.in Email has 3 mandatory parts (abc, bl & co) and 2 optional (xyz & in) with precise @ and . positions 
Wrong Input : E.g. abc.xyz@bl.co.in Email has 3 mandatory parts (abc, bl & co) and 2 optional (xyz & in) with precise @ and . positions 
Wrong Input : E.g. abc.xyz@bl.co.in Email has 3 mandatory parts (abc, bl & co) and 2 optional (xyz & in) with precise @ and . positions 
Wrong Input : E.g. abc.xyz@bl.co.in Email has 3 mandatory parts (abc, bl & co) and 2 optional (xyz & in) with precise @ and . positions 
Wrong Input : E.g. abc.xyz@bl.co.in Email has 3 mandatory parts (abc, bl & co) and 2 optional (xyz & in) with precise @ and . positions 
Wrong Input : E.g. abc.xyz@bl.co.in Email has 3 mandatory parts (abc, bl & co) and 2 optional (xyz & in) with precise @ and . positions 
Wrong Input : E.g. abc.xyz@bl.co.in Email has 3 mandatory parts (abc, bl & co) and 2 optional (xyz & in) with precise @ and . positions 
Wrong Input : E.g. abc.xyz@bl.co.in Email has 3 mandatory parts (abc, bl & co) and 2 optional (xyz & in) with precise @ and . positions 
Wrong Input : E.g. abc.xyz@bl.co.in Email has 3 mandatory parts (abc, bl & co) and 2 optional (xyz & in) with precise @ and . positions 
Wrong Input : E.g. abc.xyz@bl.co.in Email has 3 mandatory parts (abc, bl & co) and 2 optional (xyz & in) with precise @ and . positions 
Wrong Input : E.g. abc.xyz@bl.co.in Email has 3 mandatory parts (abc, bl & co) and 2 optional (xyz & in) with precise @ and . positions 
Wrong Input : E.g. abc.xyz@bl.co.in Email has 3 mandatory parts (abc, bl & co) and 2 optional (xyz & in) with precise @ and . positions 
Wrong Input : E.g. abc.xyz@bl.co.in Email has 3 mandatory parts (abc, bl & co) and 2 optional (xyz & in) with precise @ and . positions 
Wrong Input : E.g. abc.xyz@bl.co.in Email has 3 mandatory parts (abc, bl & co) and 2 optional (xyz & in) with precise @ and . positions 
Wrong Input : E.g. abc.xyz@bl.co.in Email has 3 mandatory parts (abc, bl & co) and 2 optional (xyz & in) with precise @ and . positions 
Wrong Input : E.g. abc.xyz@bl.co.in Email has 3 mandatory parts (abc, bl & co) and 2 optional (xyz & in) with precise @ and . positions 
Wrong Input : E.g. abc.xyz@bl.co.in Email has 3 mandatory parts (abc, bl & co) and 2 optional (xyz & in) with precise @ and . positions 
Wrong Input : E.g. abc.xyz@bl.co.in Email has 3 mandatory parts (abc, bl & co) and 2 optional (xyz & in) with precise @ and . positions 
Wrong Input : E.g. abc.xyz@bl.co.in Email has 3 mandatory parts (abc, bl & co) and 2 optional (xyz & in) with precise @ and . positions 
Wrong Input : E.g. abc.xyz@bl.co.in Email has 3 mandatory parts (abc, bl & co) and 2 optional (xyz & in) with precise @ and . positions 
Wrong Input : E.g. abc.xyz@bl.co.in Email has 3 mandatory parts (abc, bl & co) and 2 optional (xyz & in) with precise @ and . positions 
Wrong Input : E.g. abc.xyz@bl.co.in Email has 3 mandatory parts (abc, bl & co) and 2 optional (xyz & in) with precise @ and . positions 
Wrong Input : E.g. abc.xyz@bl.co.in Email has 3 mandatory parts (abc, bl & co) and 2 optional (xyz & in) with precise @ and . positions 
Wrong Input : E.g. abc.xyz@bl.co.in Email has 3 mandatory parts (abc, bl & co) and 2 optional (xyz & in) with precise @ and . positions 
Wrong Input : E.g. abc.xyz@bl.co.in Email has 3 mandatory parts (abc, bl & co) and 2 optional (xyz & in) with precise @ and . positions 
Wrong Input : E.g. abc.xyz@bl.co.in Email has 3 mandatory parts (abc, bl & co) and 2 optional (xyz & in) with precise @ and . positions 
Wrong Input : E.g. abc.xyz@bl.co.in Email has 3 mandatory parts (abc, bl & co) and 2 optional (xyz & in) with precise @ and . positions 
Wrong Input : E.g. abc.xyz@bl.co.in Email has 3 mandatory parts (abc, bl & co) and 2 optional (xyz & in) with precise @ and . positions 
Wrong Input : E.g. abc.xyz@bl.co.in Email has 3 mandatory parts (abc, bl & co) and 2 optional (xyz & in) with precise @ and . positions 
Wrong Input : E.g. abc.xyz@bl.co.in Email has 3 mandatory parts (abc, bl & co) and 2 optional (xyz & in) with precise @ and . positions 
Wrong Input : E.g. abc.xyz@bl.co.in Email has 3 mandatory parts (abc, bl & co) and 2 optional (xyz & in) with precise @ and . positions 
Wrong Input : E.g. abc.xyz@bl.co.in Email has 3 mandatory parts (abc, bl & co) and 2 optional (xyz & in) with precise @ and . positions 
Wrong Input : E.g. abc.xyz@bl.co.in Email has 3 mandatory parts (abc, bl & co) and 2 optional (xyz & in) with precise @ and . positions 
Wrong Input : E.g. abc.xyz@bl.co.in Email has 3 mandatory parts (abc, bl & co) and 2 optional (xyz & in) with precise @ and . positions 
Wrong Input : E.g. abc.xyz@bl.co.in Email has 3 mandatory parts (abc, bl & co) and 2 optional (xyz & in) with precise @ and . positions 
Wrong Input : E.g. abc.xyz@bl.co.in Email has 3 mandatory parts (abc, bl & co) and 2 optional (xyz & in) with precise @ and . positions 
Wrong Input : E.g. abc.xyz@bl.co.in Email has 3 mandatory parts (abc, bl & co) and 2 optional (xyz & in) with precise @ and . positions 
Wrong Input : E.g. abc.xyz@bl.co.in Email has 3 mandatory parts (abc, bl & co) and 2 optional (xyz & in) with precise @ and . positions 
Wrong Input : E.g. abc.xyz@bl.co.in Email has 3 mandatory parts (abc, bl & co) and 2 optional (xyz & in) with precise @ and . positions 
Wrong Input : E.g. abc.xyz@bl.co.in Email has 3 mandatory parts (abc, bl & co) and 2 optional (xyz & in) with precise @ and . positions 
Wrong Input : E.g. abc.xyz@bl.co.in Email has 3 mandatory parts (abc, bl & co) and 2 optional (xyz & in) with precise @ and . positions 
Wrong Input : E.g. abc.xyz@bl.co.in Email has 3 mandatory parts (abc, bl & co) and 2 optional (xyz & in) with precise @ and . positions 
Wrong Input : E.g. abc.xyz@bl.co.in Email has 3 mandatory parts (abc, bl & co) and 2 optional (xyz & in) with precise @ and . positions 
Wrong Input : E.g. abc.xyz@bl.co.in Email has 3 mandatory parts (abc, bl & co) and 2 optional (xyz & in) with precise @ and . positions 
Wrong Input : E.g. abc.xyz@bl.co.in Email has 3 mandatory parts (abc, bl & co) and 2 optional (xyz & in) with precise @ and . positions 
Wrong Input : E.g. abc.xyz@bl.co.in Email has 3 mandatory parts (abc, bl & co) and 2 optional (xyz & in) with precise @ and . positions 
Wrong Input : E.g. abc.xyz@bl.co.in Email has 3 mandatory parts (abc, bl & co) and 2 optional (xyz & in) with precise @ and . positions 
Wrong Input : E.g. abc.xyz@bl.co.in Email has 3 mandatory parts (abc, bl & co) and 2 optional (xyz & in) with precise @ and . positions 
Wrong Input : E.g. abc.xyz@bl.co.in Email has 3 mandatory parts (abc, bl & co) and 2 optional (xyz & in) with precise @ and . positions 
Wrong Input : E.g. abc.xyz@bl.co.in Email has 3 mandatory parts (abc, bl & co) and 2 optional (xyz & in) with precise @ and . positions 
Wrong Input : E.g. abc.xyz@bl.co.in Email has 3 mandatory parts (abc, bl & co) and 2 optional (xyz & in) with precise @ and . positions 
Wrong Input : E.g. abc.xyz@bl.co.in Email has 3 mandatory parts (abc, bl & co) and 2 optional (xyz & in) with precise @ and . positions 
Wrong Input : E.g. abc.xyz@bl.co.in Email has 3 mandatory parts (abc, bl & co) and 2 optional (xyz & in) with precise @ and . positions 
Wrong Input : E.g. abc.xyz@bl.co.in Email has 3 mandatory parts (abc, bl & co) and 2 optional (xyz & in) with precise @ and . positions 
Wrong Input : E.g. abc.xyz@bl.co.in Email has 3 mandatory parts (abc, bl & co) and 2 optional (xyz & in) with precise @ and . positions 
Wrong Input : E.g. abc.xyz@bl.co.in Email has 3 mandatory parts (abc, bl & co) and 2 optional (xyz & in) with precise @ and . positions 
Wrong Input : E.g. abc.xyz@bl.co.in Email has 3 mandatory parts (abc, bl & co) and 2 optional (xyz & in) with precise @ and . positions 
Wrong Input : E.g. abc.xyz@bl.co.in Email has 3 mandatory parts (abc, bl & co) and 2 optional (xyz & in) with precise @ and . positions 
Wrong Input : E.g. abc.xyz@bl.co.in Email has 3 mandatory parts (abc, bl & co) and 2 optional (xyz & in) with precise @ and . positions 
Wrong Input : E.g. abc.xyz@bl.co.in Email has 3 mandatory parts (abc, bl & co) and 2 optional (xyz & in) with precise @ and . positions 
Wrong Input : E.g. abc.xyz@bl.co.in Email has 3 mandatory parts (abc, bl & co) and 2 optional (xyz & in) with precise @ and . positions 
Wrong Input : E.g. abc.xyz@bl.co.in Email has 3 mandatory parts (abc, bl & co) and 2 optional (xyz & in) with precise @ and . positions 
Wrong Input : E.g. abc.xyz@bl.co.in Email has 3 mandatory parts (abc, bl & co) and 2 optional (xyz & in) with precise @ and . positions 
Wrong Input : E.g. abc.xyz@bl.co.in Email has 3 mandatory parts (abc, bl & co) and 2 optional (xyz & in) with precise @ and . positions 
Wrong Input : E.g. abc.xyz@bl.co.in Email has 3 mandatory parts (abc, bl & co) and 2 optional (xyz & in) with precise @ and . positions 
Wrong Input : E.g. abc.xyz@bl.co.in Email has 3 mandatory parts (abc, bl & co) and 2 optional (xyz & in) with precise @ and . positions 
Wrong Input : E.g. abc.xyz@bl.co.in Email has 3 mandatory parts (abc, bl & co) and 2 optional (xyz & in) with precise @ and . positions 
Wrong Input : E.g. abc.xyz@bl.co.in Email has 3 mandatory parts (abc, bl & co) and 2 optional (xyz & in) with precise @ and . positions 
Wrong Input : E.g. abc.xyz@bl.co.in Email has 3 mandatory parts (abc, bl & co) and 2 optional (xyz & in) with precise @ and . positions 
Wrong Input : E.g. abc.xyz@bl.co.in Email has 3 mandatory parts (abc, bl & co) and 2 optional (xyz & in) with precise @ and . positions 
Wrong Input : E.g. abc.xyz@bl.co.in Email has 3 mandatory parts (abc, bl & co) and 2 optional (xyz & in) with precise @ and . positions 
Wrong Input : E.g. abc.xyz@bl.co.in Email has 3 mandatory parts (abc, bl & co) and 2 optional (xyz & in) with precise @ and . positions 
Wrong Input : E.g. abc.xyz@bl.co.in Email has 3 mandatory parts (abc, bl & co) and 2 optional (xyz & in) with precise @ and . positions 
Wrong Input : E.g. abc.xyz@bl.co.in Email has 3 mandatory parts (abc, bl & co) and 2 optional (xyz & in) with precise @ and . positions 
Wrong Input : E.g. abc.xyz@bl.co.in Email has 3 mandatory parts (abc, bl & co) and 2 optional (xyz & in) with precise @ and . positions 
Wrong Input : E.g. abc.xyz@bl.co.in Email has 3 mandatory parts (abc, bl & co) and 2 optional (xyz & in) with precise @ and . positions 
Wrong Input : E.g. abc.xyz@bl.co.in Email has 3 mandatory parts (abc, bl & co) and 2 optional (xyz & in) with precise @ and . positions 
Wrong Input : E.g. abc.xyz@bl.co.in Email has 3 mandatory parts (abc, bl & co) and 2 optional (xyz & in) with precise @ and . positions 
Wrong Input : E.g. abc.xyz@bl.co.in Email has 3 mandatory parts (abc, bl & co) and 2 optional (xyz & in) with precise @ and . positions 
Wrong Input : E.g. abc.xyz@bl.co.in Email has 3 mandatory parts (abc, bl & co) and 2 optional (xyz & in) with precise @ and . positions 
Wrong Input : E.g. abc.xyz@bl.co.in Email has 3 mandatory parts (abc, bl & co) and 2 optional (xyz & in) with precise @ and . positions 
Wrong Input : E.g. abc.xyz@bl.co.in Email has 3 mandatory parts (abc, bl & co) and 2 optional (xyz & in) with precise @ and . positions 
Wrong Input : E.g. abc.xyz@bl.co.in Email has 3 mandatory parts (abc, bl & co) and 2 optional (xyz & in) with precise @ and . positions 
Wrong Input : E.g. abc.xyz@bl.co.in Email has 3 mandatory parts (abc, bl & co) and 2 optional (xyz & in) with precise @ and . positions 
Wrong Input : E.g. abc.xyz@bl.co.in Email has 3 mandatory parts (abc, bl & co) and 2 optional (xyz & in) with precise @ and . positions 
Wrong Input : E.g. abc.xyz@bl.co.in Email has 3 mandatory parts (abc, bl & co) and 2 optional (xyz & in) with precise @ and . positions 
Wrong Input : E.g. abc.xyz@bl.co.in Email has 3 mandatory parts (abc, bl & co) and 2 optional (xyz & in) with precise @ and . positions 
Wrong Input : E.g. abc.xyz@bl.co.in Email has 3 mandatory parts (abc, bl & co) and 2 optional (xyz & in) with precise @ and . positions 
Wrong Input : E.g. abc.xyz@bl.co.in Email has 3 mandatory parts (abc, bl & co) and 2 optional (xyz & in) with precise @ and . positions 
Wrong Input : E.g. abc.xyz@bl.co.in Email has 3 mandatory parts (abc, bl & co) and 2 optional (xyz & in) with precise @ and . positions 
Wrong Input : E.g. abc.xyz@bl.co.in Email has 3 mandatory parts (abc, bl & co) and 2 optional (xyz & in) with precise @ and . positions 
Wrong Input : E.g. abc.xyz@bl.co.in Email has 3 mandatory parts (abc, bl & co) and 2 optional (xyz & in) with precise @ and . positions 
Wrong Input : E.g. abc.xyz@bl.co.in Email has 3 mandatory parts (abc, bl & co) and 2 optional (xyz & in) with precise @ and . positions 
Wrong Input : E.g. abc.xyz@bl.co.in Email has 3 mandatory parts (abc, bl & co) and 2 optional (xyz & in) with precise @ and . positions 
Wrong Input : E.g. abc.xyz@bl.co.in Email has 3 mandatory parts (abc, bl & co) and 2 optional (xyz & in) with precise @ and . positions 
Wrong Input : E.g. abc.xyz@bl.co.in Email has 3 mandatory parts (abc, bl & co) and 2 optional (xyz & in) with precise @ and . positions 
Wrong Input : E.g. abc.xyz@bl.co.in Email has 3 mandatory parts (abc, bl & co) and 2 optional (xyz & in) with precise @ and . positions 
Wrong Input : E.g. abc.xyz@bl.co.in Email has 3 mandatory parts (abc, bl & co) and 2 optional (xyz & in) with precise @ and . positions 
Wrong Input : E.g. abc.xyz@bl.co.in Email has 3 mandatory parts (abc, bl & co) and 2 optional (xyz & in) with precise @ and . positions 
Wrong Input : E.g. abc.xyz@bl.co.in Email has 3 mandatory parts (abc, bl & co) and 2 optional (xyz & in) with precise @ and . positions 
Wrong Input : E.g. abc.xyz@bl.co.in Email has 3 mandatory parts (abc, bl & co) and 2 optional (xyz & in) with precise @ and . positions 
Wrong Input : E.g. abc.xyz@bl.co.in Email has 3 mandatory parts (abc, bl & co) and 2 optional (xyz & in) with precise @ and . positions 
Wrong Input : E.g. abc.xyz@bl.co.in Email has 3 mandatory parts (abc, bl & co) and 2 optional (xyz & in) with precise @ and . positions 
Wrong Input : E.g. abc.xyz@bl.co.in Email has 3 mandatory parts (abc, bl & co) and 2 optional (xyz & in) with precise @ and . positions 
Wrong Input : E.g. abc.xyz@bl.co.in Email has 3 mandatory parts (abc, bl & co) and 2 optional (xyz & in) with precise @ and . positions 
Wrong Input : E.g. abc.xyz@bl.co.in Email has 3 mandatory parts (abc, bl & co) and 2 optional (xyz & in) with precise @ and . positions 
Wrong Input : E.g. abc.xyz@bl.co.in Email has 3 mandatory parts (abc, bl & co) and 2 optional (xyz & in) with precise @ and . positions 
Wrong Input : E.g. abc.xyz@bl.co.in Email has 3 mandatory parts (abc, bl & co) and 2 optional (xyz & in) with precise @ and . positions 
Wrong Input : E.g. abc.xyz@bl.co.in Email has 3 mandatory parts (abc, bl & co) and 2 optional (xyz & in) with precise @ and . positions 
Wrong Input : E.g. abc.xyz@bl.co.in Email has 3 mandatory parts (abc, bl & co) and 2 optional (xyz & in) with precise @ and . positions 
Wrong Input : E.g. abc.xyz@bl.co.in Email has 3 mandatory parts (abc, bl & co) and 2 optional (xyz & in) with precise @ and . positions 
Wrong Input : E.g. abc.xyz@bl.co.in Email has 3 mandatory parts (abc, bl & co) and 2 optional (xyz & in) with precise @ and . positions 
Wrong Input : E.g. abc.xyz@bl.co.in Email has 3 mandatory parts (abc, bl & co) and 2 optional (xyz & in) with precise @ and . positions 
Wrong Input : E.g. abc.xyz@bl.co.in Email has 3 mandatory parts (abc, bl & co) and 2 optional (xyz & in) with precise @ and . positions 
Wrong Input : E.g. abc.xyz@bl.co.in Email has 3 mandatory parts (abc, bl & co) and 2 optional (xyz & in) with precise @ and . positions 
Wrong Input : E.g. abc.xyz@bl.co.in Email has 3 mandatory parts (abc, bl & co) and 2 optional (xyz & in) with precise @ and . positions 
Wrong Input : E.g. abc.xyz@bl.co.in Email has 3 mandatory parts (abc, bl & co) and 2 optional (xyz & in) with precise @ and . positions 
Wrong Input : E.g. abc.xyz@bl.co.in Email has 3 mandatory parts (abc, bl & co) and 2 optional (xyz & in) with precise @ and . positions 
Wrong Input : E.g. abc.xyz@bl.co.in Email has 3 mandatory parts (abc, bl & co) and 2 optional (xyz & in) with precise @ and . positions 
Wrong Input : E.g. abc.xyz@bl.co.in Email has 3 mandatory parts (abc, bl & co) and 2 optional (xyz & in) with precise @ and . positions 
Wrong Input : E.g. abc.xyz@bl.co.in Email has 3 mandatory parts (abc, bl & co) and 2 optional (xyz & in) with precise @ and . positions 
Wrong Input : E.g. abc.xyz@bl.co.in Email has 3 mandatory parts (abc, bl & co) and 2 optional (xyz & in) with precise @ and . positions 
Wrong Input : E.g. abc.xyz@bl.co.in Email has 3 mandatory parts (abc, bl & co) and 2 optional (xyz & in) with precise @ and . positions 
Wrong Input : E.g. abc.xyz@bl.co.in Email has 3 mandatory parts (abc, bl & co) and 2 optional (xyz & in) with precise @ and . positions 
Wrong Input : E.g. abc.xyz@bl.co.in Email has 3 mandatory parts (abc, bl & co) and 2 optional (xyz & in) with precise @ and . positions 
Wrong Input : E.g. abc.xyz@bl.co.in Email has 3 mandatory parts (abc, bl & co) and 2 optional (xyz & in) with precise @ and . positions 
Wrong Input : E.g. abc.xyz@bl.co.in Email has 3 mandatory parts (abc, bl & co) and 2 optional (xyz & in) with precise @ and . positions 
Wrong Input : E.g. abc.xyz@bl.co.in Email has 3 mandatory parts (abc, bl & co) and 2 optional (xyz & in) with precise @ and . positions 
Wrong Input : E.g. abc.xyz@bl.co.in Email has 3 mandatory parts (abc, bl & co) and 2 optional (xyz & in) with precise @ and . positions 
Wrong Input : E.g. abc.xyz@bl.co.in Email has 3 mandatory parts (abc, bl & co) and 2 optional (xyz & in) with precise @ and . positions 
Wrong Input : E.g. abc.xyz@bl.co.in Email has 3 mandatory parts (abc, bl & co) and 2 optional (xyz & in) with precise @ and . positions 
Wrong Input : E.g. abc.xyz@bl.co.in Email has 3 mandatory parts (abc, bl & co) and 2 optional (xyz & in) with precise @ and . positions 
Wrong Input : E.g. abc.xyz@bl.co.in Email has 3 mandatory parts (abc, bl & co) and 2 optional (xyz & in) with precise @ and . positions 
Wrong Input : E.g. abc.xyz@bl.co.in Email has 3 mandatory parts (abc, bl & co) and 2 optional (xyz & in) with precise @ and . positions 
Wrong Input : E.g. abc.xyz@bl.co.in Email has 3 mandatory parts (abc, bl & co) and 2 optional (xyz & in) with precise @ and . positions 
Wrong Input : E.g. abc.xyz@bl.co.in Email has 3 mandatory parts (abc, bl & co) and 2 optional (xyz & in) with precise @ and . positions 
Wrong Input : E.g. abc.xyz@bl.co.in Email has 3 mandatory parts (abc, bl & co) and 2 optional (xyz & in) with precise @ and . positions 
Wrong Input : E.g. abc.xyz@bl.co.in Email has 3 mandatory parts (abc, bl & co) and 2 optional (xyz & in) with precise @ and . positions 
Wrong Input : E.g. abc.xyz@bl.co.in Email has 3 mandatory parts (abc, bl & co) and 2 optional (xyz & in) with precise @ and . positions 
Wrong Input : E.g. abc.xyz@bl.co.in Email has 3 mandatory parts (abc, bl & co) and 2 optional (xyz & in) with precise @ and . positions 
Wrong Input : E.g. abc.xyz@bl.co.in Email has 3 mandatory parts (abc, bl & co) and 2 optional (xyz & in) with precise @ and . positions 
Wrong Input : E.g. abc.xyz@bl.co.in Email has 3 mandatory parts (abc, bl & co) and 2 optional (xyz & in) with precise @ and . positions 
Wrong Input : E.g. abc.xyz@bl.co.in Email has 3 mandatory parts (abc, bl & co) and 2 optional (xyz & in) with precise @ and . positions 
Wrong Input : E.g. abc.xyz@bl.co.in Email has 3 mandatory parts (abc, bl & co) and 2 optional (xyz & in) with precise @ and . positions 
Wrong Input : E.g. abc.xyz@bl.co.in Email has 3 mandatory parts (abc, bl & co) and 2 optional (xyz & in) with precise @ and . positions 
Wrong Input : E.g. abc.xyz@bl.co.in Email has 3 mandatory parts (abc, bl & co) and 2 optional (xyz & in) with precise @ and . positions 
Wrong Input : E.g. abc.xyz@bl.co.in Email has 3 mandatory parts (abc, bl & co) and 2 optional (xyz & in) with precise @ and . positions 
Wrong Input : E.g. abc.xyz@bl.co.in Email has 3 mandatory parts (abc, bl & co) and 2 optional (xyz & in) with precise @ and . positions 
Wrong Input : E.g. abc.xyz@bl.co.in Email has 3 mandatory parts (abc, bl & co) and 2 optional (xyz & in) with precise @ and . positions 
Wrong Input : E.g. abc.xyz@bl.co.in Email has 3 mandatory parts (abc, bl & co) and 2 optional (xyz & in) with precise @ and . positions 
Wrong Input : E.g. abc.xyz@bl.co.in Email has 3 mandatory parts (abc, bl & co) and 2 optional (xyz & in) with precise @ and . positions 
Wrong Input : E.g. abc.xyz@bl.co.in Email has 3 mandatory parts (abc, bl & co) and 2 optional (xyz & in) with precise @ and . positions 
Wrong Input : E.g. abc.xyz@bl.co.in Email has 3 mandatory parts (abc, bl & co) and 2 optional (xyz & in) with precise @ and . positions 
Wrong Input : E.g. abc.xyz@bl.co.in Email has 3 mandatory parts (abc, bl & co) and 2 optional (xyz & in) with precise @ and . positions 
Wrong Input : E.g. abc.xyz@bl.co.in Email has 3 mandatory parts (abc, bl & co) and 2 optional (xyz & in) with precise @ and . positions 
Wrong Input : E.g. abc.xyz@bl.co.in Email has 3 mandatory parts (abc, bl & co) and 2 optional (xyz & in) with precise @ and . positions 
Wrong Input : E.g. abc.xyz@bl.co.in Email has 3 mandatory parts (abc, bl & co) and 2 optional (xyz & in) with precise @ and . positions 
Wrong Input : E.g. abc.xyz@bl.co.in Email has 3 mandatory parts (abc, bl & co) and 2 optional (xyz & in) with precise @ and . positions 
Wrong Input : E.g. abc.xyz@bl.co.in Email has 3 mandatory parts (abc, bl & co) and 2 optional (xyz & in) with precise @ and . positions 
Wrong Input : E.g. abc.xyz@bl.co.in Email has 3 mandatory parts (abc, bl & co) and 2 optional (xyz & in) with precise @ and . positions 
Wrong Input : E.g. abc.xyz@bl.co.in Email has 3 mandatory parts (abc, bl & co) and 2 optional (xyz & in) with precise @ and . positions 
Wrong Input : E.g. abc.xyz@bl.co.in Email has 3 mandatory parts (abc, bl & co) and 2 optional (xyz & in) with precise @ and . positions 
Wrong Input : E.g. abc.xyz@bl.co.in Email has 3 mandatory parts (abc, bl & co) and 2 optional (xyz & in) with precise @ and . positions 
Wrong Input : E.g. abc.xyz@bl.co.in Email has 3 mandatory parts (abc, bl & co) and 2 optional (xyz & in) with precise @ and . positions 
Wrong Input : E.g. abc.xyz@bl.co.in Email has 3 mandatory parts (abc, bl & co) and 2 optional (xyz & in) with precise @ and . positions 
Wrong Input : E.g. abc.xyz@bl.co.in Email has 3 mandatory parts (abc, bl & co) and 2 optional (xyz & in) with precise @ and . positions 
Wrong Input : E.g. abc.xyz@bl.co.in Email has 3 mandatory parts (abc, bl & co) and 2 optional (xyz & in) with precise @ and . positions 
Wrong Input : E.g. abc.xyz@bl.co.in Email has 3 mandatory parts (abc, bl & co) and 2 optional (xyz & in) with precise @ and . positions 
Wrong Input : E.g. abc.xyz@bl.co.in Email has 3 mandatory parts (abc, bl & co) and 2 optional (xyz & in) with precise @ and . positions 
Wrong Input : E.g. abc.xyz@bl.co.in Email has 3 mandatory parts (abc, bl & co) and 2 optional (xyz & in) with precise @ and . positions 
Wrong Input : E.g. abc.xyz@bl.co.in Email has 3 mandatory parts (abc, bl & co) and 2 optional (xyz & in) with precise @ and . positions 
Wrong Input : E.g. abc.xyz@bl.co.in Email has 3 mandatory parts (abc, bl & co) and 2 optional (xyz & in) with precise @ and . positions 
Wrong Input : E.g. abc.xyz@bl.co.in Email has 3 mandatory parts (abc, bl & co) and 2 optional (xyz & in) with precise @ and . positions 
Wrong Input : E.g. abc.xyz@bl.co.in Email has 3 mandatory parts (abc, bl & co) and 2 optional (xyz & in) with precise @ and . positions 
Wrong Input : E.g. abc.xyz@bl.co.in Email has 3 mandatory parts (abc, bl & co) and 2 optional (xyz & in) with precise @ and . positions 
Wrong Input : E.g. abc.xyz@bl.co.in Email has 3 mandatory parts (abc, bl & co) and 2 optional (xyz & in) with precise @ and . positions 
Wrong Input : E.g. abc.xyz@bl.co.in Email has 3 mandatory parts (abc, bl & co) and 2 optional (xyz & in) with precise @ and . positions 
Wrong Input : E.g. abc.xyz@bl.co.in Email has 3 mandatory parts (abc, bl & co) and 2 optional (xyz & in) with precise @ and . positions 
Wrong Input : E.g. abc.xyz@bl.co.in Email has 3 mandatory parts (abc, bl & co) and 2 optional (xyz & in) with precise @ and . positions 
Wrong Input : E.g. abc.xyz@bl.co.in Email has 3 mandatory parts (abc, bl & co) and 2 optional (xyz & in) with precise @ and . positions 
Wrong Input : E.g. abc.xyz@bl.co.in Email has 3 mandatory parts (abc, bl & co) and 2 optional (xyz & in) with precise @ and . positions 
Wrong Input : E.g. abc.xyz@bl.co.in Email has 3 mandatory parts (abc, bl & co) and 2 optional (xyz & in) with precise @ and . positions 
Wrong Input : E.g. abc.xyz@bl.co.in Email has 3 mandatory parts (abc, bl & co) and 2 optional (xyz & in) with precise @ and . positions 
Wrong Input : E.g. abc.xyz@bl.co.in Email has 3 mandatory parts (abc, bl & co) and 2 optional (xyz & in) with precise @ and . positions 
Wrong Input : E.g. abc.xyz@bl.co.in Email has 3 mandatory parts (abc, bl & co) and 2 optional (xyz & in) with precise @ and . positions 
Wrong Input : E.g. abc.xyz@bl.co.in Email has 3 mandatory parts (abc, bl & co) and 2 optional (xyz & in) with precise @ and . positions 
Wrong Input : E.g. abc.xyz@bl.co.in Email has 3 mandatory parts (abc, bl & co) and 2 optional (xyz & in) with precise @ and . positions 
Wrong Input : E.g. abc.xyz@bl.co.in Email has 3 mandatory parts (abc, bl & co) and 2 optional (xyz & in) with precise @ and . positions 
Wrong Input : E.g. abc.xyz@bl.co.in Email has 3 mandatory parts (abc, bl & co) and 2 optional (xyz & in) with precise @ and . positions 
Wrong Input : E.g. abc.xyz@bl.co.in Email has 3 mandatory parts (abc, bl & co) and 2 optional (xyz & in) with precise @ and . positions 
Wrong Input : E.g. abc.xyz@bl.co.in Email has 3 mandatory parts (abc, bl & co) and 2 optional (xyz & in) with precise @ and . positions 
Wrong Input : E.g. abc.xyz@bl.co.in Email has 3 mandatory parts (abc, bl & co) and 2 optional (xyz & in) with precise @ and . positions 
Wrong Input : E.g. abc.xyz@bl.co.in Email has 3 mandatory parts (abc, bl & co) and 2 optional (xyz & in) with precise @ and . positions 
Wrong Input : E.g. abc.xyz@bl.co.in Email has 3 mandatory parts (abc, bl & co) and 2 optional (xyz & in) with precise @ and . positions 
Wrong Input : E.g. abc.xyz@bl.co.in Email has 3 mandatory parts (abc, bl & co) and 2 optional (xyz & in) with precise @ and . positions 
Wrong Input : E.g. abc.xyz@bl.co.in Email has 3 mandatory parts (abc, bl & co) and 2 optional (xyz & in) with precise @ and . positions 
Wrong Input : E.g. abc.xyz@bl.co.in Email has 3 mandatory parts (abc, bl & co) and 2 optional (xyz & in) with precise @ and . positions 
Wrong Input : E.g. abc.xyz@bl.co.in Email has 3 mandatory parts (abc, bl & co) and 2 optional (xyz & in) with precise @ and . positions 
Wrong Input : E.g. abc.xyz@bl.co.in Email has 3 mandatory parts (abc, bl & co) and 2 optional (xyz & in) with precise @ and . positions 
Wrong Input : E.g. abc.xyz@bl.co.in Email has 3 mandatory parts (abc, bl & co) and 2 optional (xyz & in) with precise @ and . positions 
Wrong Input : E.g. abc.xyz@bl.co.in Email has 3 mandatory parts (abc, bl & co) and 2 optional (xyz & in) with precise @ and . positions 
Wrong Input : E.g. abc.xyz@bl.co.in Email has 3 mandatory parts (abc, bl & co) and 2 optional (xyz & in) with precise @ and . positions 
Wrong Input : E.g. abc.xyz@bl.co.in Email has 3 mandatory parts (abc, bl & co) and 2 optional (xyz & in) with precise @ and . positions 
Wrong Input : E.g. abc.xyz@bl.co.in Email has 3 mandatory parts (abc, bl & co) and 2 optional (xyz & in) with precise @ and . positions 
Wrong Input : E.g. abc.xyz@bl.co.in Email has 3 mandatory parts (abc, bl & co) and 2 optional (xyz & in) with precise @ and . positions 
Wrong Input : E.g. abc.xyz@bl.co.in Email has 3 mandatory parts (abc, bl & co) and 2 optional (xyz & in) with precise @ and . positions 
Wrong Input : E.g. abc.xyz@bl.co.in Email has 3 mandatory parts (abc, bl & co) and 2 optional (xyz & in) with precise @ and . positions 
Wrong Input : E.g. abc.xyz@bl.co.in Email has 3 mandatory parts (abc, bl & co) and 2 optional (xyz & in) with precise @ and . positions 
Wrong Input : E.g. abc.xyz@bl.co.in Email has 3 mandatory parts (abc, bl & co) and 2 optional (xyz & in) with precise @ and . positions 
Wrong Input : E.g. abc.xyz@bl.co.in Email has 3 mandatory parts (abc, bl & co) and 2 optional (xyz & in) with precise @ and . positions 
Wrong Input : E.g. abc.xyz@bl.co.in Email has 3 mandatory parts (abc, bl & co) and 2 optional (xyz & in) with precise @ and . positions 
Wrong Input : E.g. abc.xyz@bl.co.in Email has 3 mandatory parts (abc, bl & co) and 2 optional (xyz & in) with precise @ and . positions 
Wrong Input : E.g. abc.xyz@bl.co.in Email has 3 mandatory parts (abc, bl & co) and 2 optional (xyz & in) with precise @ and . positions 
Wrong Input : E.g. abc.xyz@bl.co.in Email has 3 mandatory parts (abc, bl & co) and 2 optional (xyz & in) with precise @ and . positions 
Wrong Input : E.g. abc.xyz@bl.co.in Email has 3 mandatory parts (abc, bl & co) and 2 optional (xyz & in) with precise @ and . positions 
Wrong Input : E.g. abc.xyz@bl.co.in Email has 3 mandatory parts (abc, bl & co) and 2 optional (xyz & in) with precise @ and . positions 
Wrong Input : E.g. abc.xyz@bl.co.in Email has 3 mandatory parts (abc, bl & co) and 2 optional (xyz & in) with precise @ and . positions 
Wrong Input : E.g. abc.xyz@bl.co.in Email has 3 mandatory parts (abc, bl & co) and 2 optional (xyz & in) with precise @ and . positions 
Wrong Input : E.g. abc.xyz@bl.co.in Email has 3 mandatory parts (abc, bl & co) and 2 optional (xyz & in) with precise @ and . positions 
Wrong Input : E.g. abc.xyz@bl.co.in Email has 3 mandatory parts (abc, bl & co) and 2 optional (xyz & in) with precise @ and . positions 
Wrong Input : E.g. abc.xyz@bl.co.in Email has 3 mandatory parts (abc, bl & co) and 2 optional (xyz & in) with precise @ and . positions 
Wrong Input : E.g. abc.xyz@bl.co.in Email has 3 mandatory parts (abc, bl & co) and 2 optional (xyz & in) with precise @ and . positions 
Wrong Input : E.g. abc.xyz@bl.co.in Email has 3 mandatory parts (abc, bl & co) and 2 optional (xyz & in) with precise @ and . positions 
Wrong Input : E.g. abc.xyz@bl.co.in Email has 3 mandatory parts (abc, bl & co) and 2 optional (xyz & in) with precise @ and . positions 
Wrong Input : E.g. abc.xyz@bl.co.in Email has 3 mandatory parts (abc, bl & co) and 2 optional (xyz & in) with precise @ and . positions 
Wrong Input : E.g. abc.xyz@bl.co.in Email has 3 mandatory parts (abc, bl & co) and 2 optional (xyz & in) with precise @ and . positions 
Wrong Input : E.g. abc.xyz@bl.co.in Email has 3 mandatory parts (abc, bl & co) and 2 optional (xyz & in) with precise @ and . positions 
Wrong Input : E.g. abc.xyz@bl.co.in Email has 3 mandatory parts (abc, bl & co) and 2 optional (xyz & in) with precise @ and . positions 
Wrong Input : E.g. abc.xyz@bl.co.in Email has 3 mandatory parts (abc, bl & co) and 2 optional (xyz & in) with precise @ and . positions 
Wrong Input : E.g. abc.xyz@bl.co.in Email has 3 mandatory parts (abc, bl & co) and 2 optional (xyz & in) with precise @ and . positions 
Wrong Input : E.g. abc.xyz@bl.co.in Email has 3 mandatory parts (abc, bl & co) and 2 optional (xyz & in) with precise @ and . positions 
Wrong Input : E.g. abc.xyz@bl.co.in Email has 3 mandatory parts (abc, bl & co) and 2 optional (xyz & in) with precise @ and . positions 
Wrong Input : E.g. abc.xyz@bl.co.in Email has 3 mandatory parts (abc, bl & co) and 2 optional (xyz & in) with precise @ and . positions 
Wrong Input : E.g. abc.xyz@bl.co.in Email has 3 mandatory parts (abc, bl & co) and 2 optional (xyz & in) with precise @ and . positions 
Wrong Input : E.g. abc.xyz@bl.co.in Email has 3 mandatory parts (abc, bl & co) and 2 optional (xyz & in) with precise @ and . positions 
Wrong Input : E.g. abc.xyz@bl.co.in Email has 3 mandatory parts (abc, bl & co) and 2 optional (xyz & in) with precise @ and . positions 
Wrong Input : E.g. abc.xyz@bl.co.in Email has 3 mandatory parts (abc, bl & co) and 2 optional (xyz & in) with precise @ and . positions 
Wrong Input : E.g. abc.xyz@bl.co.in Email has 3 mandatory parts (abc, bl & co) and 2 optional (xyz & in) with precise @ and . positions 
Wrong Input : E.g. abc.xyz@bl.co.in Email has 3 mandatory parts (abc, bl & co) and 2 optional (xyz & in) with precise @ and . positions 
Wrong Input : E.g. abc.xyz@bl.co.in Email has 3 mandatory parts (abc, bl & co) and 2 optional (xyz & in) with precise @ and . positions 
Wrong Input : E.g. abc.xyz@bl.co.in Email has 3 mandatory parts (abc, bl & co) and 2 optional (xyz & in) with precise @ and . positions 
Wrong Input : E.g. abc.xyz@bl.co.in Email has 3 mandatory parts (abc, bl & co) and 2 optional (xyz & in) with precise @ and . positions 
Wrong Input : E.g. abc.xyz@bl.co.in Email has 3 mandatory parts (abc, bl & co) and 2 optional (xyz & in) with precise @ and . positions 
Wrong Input : E.g. abc.xyz@bl.co.in Email has 3 mandatory parts (abc, bl & co) and 2 optional (xyz & in) with precise @ and . positions 
Wrong Input : E.g. abc.xyz@bl.co.in Email has 3 mandatory parts (abc, bl & co) and 2 optional (xyz & in) with precise @ and . positions 
Wrong Input : E.g. abc.xyz@bl.co.in Email has 3 mandatory parts (abc, bl & co) and 2 optional (xyz & in) with precise @ and . positions 
Wrong Input : E.g. abc.xyz@bl.co.in Email has 3 mandatory parts (abc, bl & co) and 2 optional (xyz & in) with precise @ and . positions 
Wrong Input : E.g. abc.xyz@bl.co.in Email has 3 mandatory parts (abc, bl & co) and 2 optional (xyz & in) with precise @ and . positions 
Wrong Input : E.g. abc.xyz@bl.co.in Email has 3 mandatory parts (abc, bl & co) and 2 optional (xyz & in) with precise @ and . positions 
Wrong Input : E.g. abc.xyz@bl.co.in Email has 3 mandatory parts (abc, bl & co) and 2 optional (xyz & in) with precise @ and . positions 
Wrong Input : E.g. abc.xyz@bl.co.in Email has 3 mandatory parts (abc, bl & co) and 2 optional (xyz & in) with precise @ and . positions 
Wrong Input : E.g. abc.xyz@bl.co.in Email has 3 mandatory parts (abc, bl & co) and 2 optional (xyz & in) with precise @ and . positions 
Wrong Input : E.g. abc.xyz@bl.co.in Email has 3 mandatory parts (abc, bl & co) and 2 optional (xyz & in) with precise @ and . positions 
Wrong Input : E.g. abc.xyz@bl.co.in Email has 3 mandatory parts (abc, bl & co) and 2 optional (xyz & in) with precise @ and . positions 
Wrong Input : E.g. abc.xyz@bl.co.in Email has 3 mandatory parts (abc, bl & co) and 2 optional (xyz & in) with precise @ and . positions 
Wrong Input : E.g. abc.xyz@bl.co.in Email has 3 mandatory parts (abc, bl & co) and 2 optional (xyz & in) with precise @ and . positions 
Wrong Input : E.g. abc.xyz@bl.co.in Email has 3 mandatory parts (abc, bl & co) and 2 optional (xyz & in) with precise @ and . positions 
Wrong Input : E.g. abc.xyz@bl.co.in Email has 3 mandatory parts (abc, bl & co) and 2 optional (xyz & in) with precise @ and . positions 
Wrong Input : E.g. abc.xyz@bl.co.in Email has 3 mandatory parts (abc, bl & co) and 2 optional (xyz & in) with precise @ and . positions 
Wrong Input : E.g. abc.xyz@bl.co.in Email has 3 mandatory parts (abc, bl & co) and 2 optional (xyz & in) with precise @ and . positions 
Wrong Input : E.g. abc.xyz@bl.co.in Email has 3 mandatory parts (abc, bl & co) and 2 optional (xyz & in) with precise @ and . positions 
Wrong Input : E.g. abc.xyz@bl.co.in Email has 3 mandatory parts (abc, bl & co) and 2 optional (xyz & in) with precise @ and . positions 
Wrong Input : E.g. abc.xyz@bl.co.in Email has 3 mandatory parts (abc, bl & co) and 2 optional (xyz & in) with precise @ and . positions 
Wrong Input : E.g. abc.xyz@bl.co.in Email has 3 mandatory parts (abc, bl & co) and 2 optional (xyz & in) with precise @ and . positions 
Wrong Input : E.g. abc.xyz@bl.co.in Email has 3 mandatory parts (abc, bl & co) and 2 optional (xyz & in) with precise @ and . positions 
Wrong Input : E.g. abc.xyz@bl.co.in Email has 3 mandatory parts (abc, bl & co) and 2 optional (xyz & in) with precise @ and . positions 
Wrong Input : E.g. abc.xyz@bl.co.in Email has 3 mandatory parts (abc, bl & co) and 2 optional (xyz & in) with precise @ and . positions 
Wrong Input : E.g. abc.xyz@bl.co.in Email has 3 mandatory parts (abc, bl & co) and 2 optional (xyz & in) with precise @ and . positions 
Wrong Input : E.g. abc.xyz@bl.co.in Email has 3 mandatory parts (abc, bl & co) and 2 optional (xyz & in) with precise @ and . positions 
Wrong Input : E.g. abc.xyz@bl.co.in Email has 3 mandatory parts (abc, bl & co) and 2 optional (xyz & in) with precise @ and . positions 
Wrong Input : E.g. abc.xyz@bl.co.in Email has 3 mandatory parts (abc, bl & co) and 2 optional (xyz & in) with precise @ and . positions 
Wrong Input : E.g. abc.xyz@bl.co.in Email has 3 mandatory parts (abc, bl & co) and 2 optional (xyz & in) with precise @ and . positions 
Wrong Input : E.g. abc.xyz@bl.co.in Email has 3 mandatory parts (abc, bl & co) and 2 optional (xyz & in) with precise @ and . positions 
Wrong Input : E.g. abc.xyz@bl.co.in Email has 3 mandatory parts (abc, bl & co) and 2 optional (xyz & in) with precise @ and . positions 
Wrong Input : E.g. abc.xyz@bl.co.in Email has 3 mandatory parts (abc, bl & co) and 2 optional (xyz & in) with precise @ and . positions 
Wrong Input : E.g. abc.xyz@bl.co.in Email has 3 mandatory parts (abc, bl & co) and 2 optional (xyz & in) with precise @ and . positions 
Wrong Input : E.g. abc.xyz@bl.co.in Email has 3 mandatory parts (abc, bl & co) and 2 optional (xyz & in) with precise @ and . positions 
Wrong Input : E.g. abc.xyz@bl.co.in Email has 3 mandatory parts (abc, bl & co) and 2 optional (xyz & in) with precise @ and . positions 
Wrong Input : E.g. abc.xyz@bl.co.in Email has 3 mandatory parts (abc, bl & co) and 2 optional (xyz & in) with precise @ and . positions 
Wrong Input : E.g. abc.xyz@bl.co.in Email has 3 mandatory parts (abc, bl & co) and 2 optional (xyz & in) with precise @ and . positions 
Wrong Input : E.g. abc.xyz@bl.co.in Email has 3 mandatory parts (abc, bl & co) and 2 optional (xyz & in) with precise @ and . positions 
Wrong Input : E.g. abc.xyz@bl.co.in Email has 3 mandatory parts (abc, bl & co) and 2 optional (xyz & in) with precise @ and . positions 
Wrong Input : E.g. abc.xyz@bl.co.in Email has 3 mandatory parts (abc, bl & co) and 2 optional (xyz & in) with precise @ and . positions 
Wrong Input : E.g. abc.xyz@bl.co.in Email has 3 mandatory parts (abc, bl & co) and 2 optional (xyz & in) with precise @ and . positions 
Wrong Input : E.g. abc.xyz@bl.co.in Email has 3 mandatory parts (abc, bl & co) and 2 optional (xyz & in) with precise @ and . positions 
Wrong Input : E.g. abc.xyz@bl.co.in Email has 3 mandatory parts (abc, bl & co) and 2 optional (xyz & in) with precise @ and . positions 
Wrong Input : E.g. abc.xyz@bl.co.in Email has 3 mandatory parts (abc, bl & co) and 2 optional (xyz & in) with precise @ and . positions 
Wrong Input : E.g. abc.xyz@bl.co.in Email has 3 mandatory parts (abc, bl & co) and 2 optional (xyz & in) with precise @ and . positions 
Wrong Input : E.g. abc.xyz@bl.co.in Email has 3 mandatory parts (abc, bl & co) and 2 optional (xyz & in) with precise @ and . positions 
Wrong Input : E.g. abc.xyz@bl.co.in Email has 3 mandatory parts (abc, bl & co) and 2 optional (xyz & in) with precise @ and . positions 
Wrong Input : E.g. abc.xyz@bl.co.in Email has 3 mandatory parts (abc, bl & co) and 2 optional (xyz & in) with precise @ and . positions 
Wrong Input : E.g. abc.xyz@bl.co.in Email has 3 mandatory parts (abc, bl & co) and 2 optional (xyz & in) with precise @ and . positions 
Wrong Input : E.g. abc.xyz@bl.co.in Email has 3 mandatory parts (abc, bl & co) and 2 optional (xyz & in) with precise @ and . positions 
Wrong Input : E.g. abc.xyz@bl.co.in Email has 3 mandatory parts (abc, bl & co) and 2 optional (xyz & in) with precise @ and . positions 
Wrong Input : E.g. abc.xyz@bl.co.in Email has 3 mandatory parts (abc, bl & co) and 2 optional (xyz & in) with precise @ and . positions 
Wrong Input : E.g. abc.xyz@bl.co.in Email has 3 mandatory parts (abc, bl & co) and 2 optional (xyz & in) with precise @ and . positions 
Wrong Input : E.g. abc.xyz@bl.co.in Email has 3 mandatory parts (abc, bl & co) and 2 optional (xyz & in) with precise @ and . positions 
Wrong Input : E.g. abc.xyz@bl.co.in Email has 3 mandatory parts (abc, bl & co) and 2 optional (xyz & in) with precise @ and . positions 
Wrong Input : E.g. abc.xyz@bl.co.in Email has 3 mandatory parts (abc, bl & co) and 2 optional (xyz & in) with precise @ and . positions 
Wrong Input : E.g. abc.xyz@bl.co.in Email has 3 mandatory parts (abc, bl & co) and 2 optional (xyz & in) with precise @ and . positions 
Wrong Input : E.g. abc.xyz@bl.co.in Email has 3 mandatory parts (abc, bl & co) and 2 optional (xyz & in) with precise @ and . positions 
Wrong Input : E.g. abc.xyz@bl.co.in Email has 3 mandatory parts (abc, bl & co) and 2 optional (xyz & in) with precise @ and . positions 
Wrong Input : E.g. abc.xyz@bl.co.in Email has 3 mandatory parts (abc, bl & co) and 2 optional (xyz & in) with precise @ and . positions 
Wrong Input : E.g. abc.xyz@bl.co.in Email has 3 mandatory parts (abc, bl & co) and 2 optional (xyz & in) with precise @ and . positions 
Wrong Input : E.g. abc.xyz@bl.co.in Email has 3 mandatory parts (abc, bl & co) and 2 optional (xyz & in) with precise @ and . positions 
Wrong Input : E.g. abc.xyz@bl.co.in Email has 3 mandatory parts (abc, bl & co) and 2 optional (xyz & in) with precise @ and . positions 
Wrong Input : E.g. abc.xyz@bl.co.in Email has 3 mandatory parts (abc, bl & co) and 2 optional (xyz & in) with precise @ and . positions 
Wrong Input : E.g. abc.xyz@bl.co.in Email has 3 mandatory parts (abc, bl & co) and 2 optional (xyz & in) with precise @ and . positions 
Wrong Input : E.g. abc.xyz@bl.co.in Email has 3 mandatory parts (abc, bl & co) and 2 optional (xyz & in) with precise @ and . positions 
Wrong Input : E.g. abc.xyz@bl.co.in Email has 3 mandatory parts (abc, bl & co) and 2 optional (xyz & in) with precise @ and . positions 
Wrong Input : E.g. abc.xyz@bl.co.in Email has 3 mandatory parts (abc, bl & co) and 2 optional (xyz & in) with precise @ and . positions 
Wrong Input : E.g. abc.xyz@bl.co.in Email has 3 mandatory parts (abc, bl & co) and 2 optional (xyz & in) with precise @ and . positions 
Wrong Input : E.g. abc.xyz@bl.co.in Email has 3 mandatory parts (abc, bl & co) and 2 optional (xyz & in) with precise @ and . positions 
Wrong Input : E.g. abc.xyz@bl.co.in Email has 3 mandatory parts (abc, bl & co) and 2 optional (xyz & in) with precise @ and . positions 
Wrong Input : E.g. abc.xyz@bl.co.in Email has 3 mandatory parts (abc, bl & co) and 2 optional (xyz & in) with precise @ and . positions 
Wrong Input : E.g. abc.xyz@bl.co.in Email has 3 mandatory parts (abc, bl & co) and 2 optional (xyz & in) with precise @ and . positions 
Wrong Input : E.g. abc.xyz@bl.co.in Email has 3 mandatory parts (abc, bl & co) and 2 optional (xyz & in) with precise @ and . positions 
Wrong Input : E.g. abc.xyz@bl.co.in Email has 3 mandatory parts (abc, bl & co) and 2 optional (xyz & in) with precise @ and . positions 
Wrong Input : E.g. abc.xyz@bl.co.in Email has 3 mandatory parts (abc, bl & co) and 2 optional (xyz & in) with precise @ and . positions 
Wrong Input : E.g. abc.xyz@bl.co.in Email has 3 mandatory parts (abc, bl & co) and 2 optional (xyz & in) with precise @ and . positions 
Wrong Input : E.g. abc.xyz@bl.co.in Email has 3 mandatory parts (abc, bl & co) and 2 optional (xyz & in) with precise @ and . positions 
Wrong Input : E.g. abc.xyz@bl.co.in Email has 3 mandatory parts (abc, bl & co) and 2 optional (xyz & in) with precise @ and . positions 
Wrong Input : E.g. abc.xyz@bl.co.in Email has 3 mandatory parts (abc, bl & co) and 2 optional (xyz & in) with precise @ and . positions 
Wrong Input : E.g. abc.xyz@bl.co.in Email has 3 mandatory parts (abc, bl & co) and 2 optional (xyz & in) with precise @ and . positions 
Wrong Input : E.g. abc.xyz@bl.co.in Email has 3 mandatory parts (abc, bl & co) and 2 optional (xyz & in) with precise @ and . positions 
Wrong Input : E.g. abc.xyz@bl.co.in Email has 3 mandatory parts (abc, bl & co) and 2 optional (xyz & in) with precise @ and . positions 
Wrong Input : E.g. abc.xyz@bl.co.in Email has 3 mandatory parts (abc, bl & co) and 2 optional (xyz & in) with precise @ and . positions 
Wrong Input : E.g. abc.xyz@bl.co.in Email has 3 mandatory parts (abc, bl & co) and 2 optional (xyz & in) with precise @ and . positions 
Wrong Input : E.g. abc.xyz@bl.co.in Email has 3 mandatory parts (abc, bl & co) and 2 optional (xyz & in) with precise @ and . positions 
Wrong Input : E.g. abc.xyz@bl.co.in Email has 3 mandatory parts (abc, bl & co) and 2 optional (xyz & in) with precise @ and . positions 
Wrong Input : E.g. abc.xyz@bl.co.in Email has 3 mandatory parts (abc, bl & co) and 2 optional (xyz & in) with precise @ and . positions 
Wrong Input : E.g. abc.xyz@bl.co.in Email has 3 mandatory parts (abc, bl & co) and 2 optional (xyz & in) with precise @ and . positions 
Wrong Input : E.g. abc.xyz@bl.co.in Email has 3 mandatory parts (abc, bl & co) and 2 optional (xyz & in) with precise @ and . positions 
Wrong Input : E.g. abc.xyz@bl.co.in Email has 3 mandatory parts (abc, bl & co) and 2 optional (xyz & in) with precise @ and . positions 
Wrong Input : E.g. abc.xyz@bl.co.in Email has 3 mandatory parts (abc, bl & co) and 2 optional (xyz & in) with precise @ and . positions 
Wrong Input : E.g. abc.xyz@bl.co.in Email has 3 mandatory parts (abc, bl & co) and 2 optional (xyz & in) with precise @ and . positions 
Wrong Input : E.g. abc.xyz@bl.co.in Email has 3 mandatory parts (abc, bl & co) and 2 optional (xyz & in) with precise @ and . positions 
Wrong Input : E.g. abc.xyz@bl.co.in Email has 3 mandatory parts (abc, bl & co) and 2 optional (xyz & in) with precise @ and . positions 
Wrong Input : E.g. abc.xyz@bl.co.in Email has 3 mandatory parts (abc, bl & co) and 2 optional (xyz & in) with precise @ and . positions 
Wrong Input : E.g. abc.xyz@bl.co.in Email has 3 mandatory parts (abc, bl & co) and 2 optional (xyz & in) with precise @ and . positions 
Wrong Input : E.g. abc.xyz@bl.co.in Email has 3 mandatory parts (abc, bl & co) and 2 optional (xyz & in) with precise @ and . positions 
Wrong Input : E.g. abc.xyz@bl.co.in Email has 3 mandatory parts (abc, bl & co) and 2 optional (xyz & in) with precise @ and . positions 
Wrong Input : E.g. abc.xyz@bl.co.in Email has 3 mandatory parts (abc, bl & co) and 2 optional (xyz & in) with precise @ and . positions 
Wrong Input : E.g. abc.xyz@bl.co.in Email has 3 mandatory parts (abc, bl & co) and 2 optional (xyz & in) with precise @ and . positions 
Wrong Input : E.g. abc.xyz@bl.co.in Email has 3 mandatory parts (abc, bl & co) and 2 optional (xyz & in) with precise @ and . positions 
Wrong Input : E.g. abc.xyz@bl.co.in Email has 3 mandatory parts (abc, bl & co) and 2 optional (xyz & in) with precise @ and . positions 
Wrong Input : E.g. abc.xyz@bl.co.in Email has 3 mandatory parts (abc, bl & co) and 2 optional (xyz & in) with precise @ and . positions 
Wrong Input : E.g. abc.xyz@bl.co.in Email has 3 mandatory parts (abc, bl & co) and 2 optional (xyz & in) with precise @ and . positions 
Wrong Input : E.g. abc.xyz@bl.co.in Email has 3 mandatory parts (abc, bl & co) and 2 optional (xyz & in) with precise @ and . positions 
Wrong Input : E.g. abc.xyz@bl.co.in Email has 3 mandatory parts (abc, bl & co) and 2 optional (xyz & in) with precise @ and . positions 
Wrong Input : E.g. abc.xyz@bl.co.in Email has 3 mandatory parts (abc, bl & co) and 2 optional (xyz & in) with precise @ and . positions 
Wrong Input : E.g. abc.xyz@bl.co.in Email has 3 mandatory parts (abc, bl & co) and 2 optional (xyz & in) with precise @ and . positions 
Wrong Input : E.g. abc.xyz@bl.co.in Email has 3 mandatory parts (abc, bl & co) and 2 optional (xyz & in) with precise @ and . positions 
Wrong Input : E.g. abc.xyz@bl.co.in Email has 3 mandatory parts (abc, bl & co) and 2 optional (xyz & in) with precise @ and . positions 
Wrong Input : E.g. abc.xyz@bl.co.in Email has 3 mandatory parts (abc, bl & co) and 2 optional (xyz & in) with precise @ and . positions 
Wrong Input : E.g. abc.xyz@bl.co.in Email has 3 mandatory parts (abc, bl & co) and 2 optional (xyz & in) with precise @ and . positions 
Wrong Input : E.g. abc.xyz@bl.co.in Email has 3 mandatory parts (abc, bl & co) and 2 optional (xyz & in) with precise @ and . positions 
Wrong Input : E.g. abc.xyz@bl.co.in Email has 3 mandatory parts (abc, bl & co) and 2 optional (xyz & in) with precise @ and . positions 
Wrong Input : E.g. abc.xyz@bl.co.in Email has 3 mandatory parts (abc, bl & co) and 2 optional (xyz & in) with precise @ and . positions 
Wrong Input : E.g. abc.xyz@bl.co.in Email has 3 mandatory parts (abc, bl & co) and 2 optional (xyz & in) with precise @ and . positions 
Wrong Input : E.g. abc.xyz@bl.co.in Email has 3 mandatory parts (abc, bl & co) and 2 optional (xyz & in) with precise @ and . positions 
Wrong Input : E.g. abc.xyz@bl.co.in Email has 3 mandatory parts (abc, bl & co) and 2 optional (xyz & in) with precise @ and . positions 
Wrong Input : E.g. abc.xyz@bl.co.in Email has 3 mandatory parts (abc, bl & co) and 2 optional (xyz & in) with precise @ and . positions 
Wrong Input : E.g. abc.xyz@bl.co.in Email has 3 mandatory parts (abc, bl & co) and 2 optional (xyz & in) with precise @ and . positions 
Wrong Input : E.g. abc.xyz@bl.co.in Email has 3 mandatory parts (abc, bl & co) and 2 optional (xyz & in) with precise @ and . positions 
Wrong Input : E.g. abc.xyz@bl.co.in Email has 3 mandatory parts (abc, bl & co) and 2 optional (xyz & in) with precise @ and . positions 
Wrong Input : E.g. abc.xyz@bl.co.in Email has 3 mandatory parts (abc, bl & co) and 2 optional (xyz & in) with precise @ and . positions 
Wrong Input : E.g. abc.xyz@bl.co.in Email has 3 mandatory parts (abc, bl & co) and 2 optional (xyz & in) with precise @ and . positions 
Wrong Input : E.g. abc.xyz@bl.co.in Email has 3 mandatory parts (abc, bl & co) and 2 optional (xyz & in) with precise @ and . positions 
Wrong Input : E.g. abc.xyz@bl.co.in Email has 3 mandatory parts (abc, bl & co) and 2 optional (xyz & in) with precise @ and . positions 
Wrong Input : E.g. abc.xyz@bl.co.in Email has 3 mandatory parts (abc, bl & co) and 2 optional (xyz & in) with precise @ and . positions 
Wrong Input : E.g. abc.xyz@bl.co.in Email has 3 mandatory parts (abc, bl & co) and 2 optional (xyz & in) with precise @ and . positions 
Wrong Input : E.g. abc.xyz@bl.co.in Email has 3 mandatory parts (abc, bl & co) and 2 optional (xyz & in) with precise @ and . positions 
Wrong Input : E.g. abc.xyz@bl.co.in Email has 3 mandatory parts (abc, bl & co) and 2 optional (xyz & in) with precise @ and . positions 
Wrong Input : E.g. abc.xyz@bl.co.in Email has 3 mandatory parts (abc, bl & co) and 2 optional (xyz & in) with precise @ and . positions 
Wrong Input : E.g. abc.xyz@bl.co.in Email has 3 mandatory parts (abc, bl & co) and 2 optional (xyz & in) with precise @ and . positions 
Wrong Input : E.g. abc.xyz@bl.co.in Email has 3 mandatory parts (abc, bl & co) and 2 optional (xyz & in) with precise @ and . positions 
Wrong Input : E.g. abc.xyz@bl.co.in Email has 3 mandatory parts (abc, bl & co) and 2 optional (xyz & in) with precise @ and . positions 
Wrong Input : E.g. abc.xyz@bl.co.in Email has 3 mandatory parts (abc, bl & co) and 2 optional (xyz & in) with precise @ and . positions 
Wrong Input : E.g. abc.xyz@bl.co.in Email has 3 mandatory parts (abc, bl & co) and 2 optional (xyz & in) with precise @ and . positions 
Wrong Input : E.g. abc.xyz@bl.co.in Email has 3 mandatory parts (abc, bl & co) and 2 optional (xyz & in) with precise @ and . positions 
Wrong Input : E.g. abc.xyz@bl.co.in Email has 3 mandatory parts (abc, bl & co) and 2 optional (xyz & in) with precise @ and . positions 
Wrong Input : E.g. abc.xyz@bl.co.in Email has 3 mandatory parts (abc, bl & co) and 2 optional (xyz & in) with precise @ and . positions 
Wrong Input : E.g. abc.xyz@bl.co.in Email has 3 mandatory parts (abc, bl & co) and 2 optional (xyz & in) with precise @ and . positions 
Wrong Input : E.g. abc.xyz@bl.co.in Email has 3 mandatory parts (abc, bl & co) and 2 optional (xyz & in) with precise @ and . positions 
Wrong Input : E.g. abc.xyz@bl.co.in Email has 3 mandatory parts (abc, bl & co) and 2 optional (xyz & in) with precise @ and . positions 
Wrong Input : E.g. abc.xyz@bl.co.in Email has 3 mandatory parts (abc, bl & co) and 2 optional (xyz & in) with precise @ and . positions 
Wrong Input : E.g. abc.xyz@bl.co.in Email has 3 mandatory parts (abc, bl & co) and 2 optional (xyz & in) with precise @ and . positions 
Wrong Input : E.g. abc.xyz@bl.co.in Email has 3 mandatory parts (abc, bl & co) and 2 optional (xyz & in) with precise @ and . positions 
Wrong Input : E.g. abc.xyz@bl.co.in Email has 3 mandatory parts (abc, bl & co) and 2 optional (xyz & in) with precise @ and . positions 
Wrong Input : E.g. abc.xyz@bl.co.in Email has 3 mandatory parts (abc, bl & co) and 2 optional (xyz & in) with precise @ and . positions 
Wrong Input : E.g. abc.xyz@bl.co.in Email has 3 mandatory parts (abc, bl & co) and 2 optional (xyz & in) with precise @ and . positions 
Wrong Input : E.g. abc.xyz@bl.co.in Email has 3 mandatory parts (abc, bl & co) and 2 optional (xyz & in) with precise @ and . positions 
Wrong Input : E.g. abc.xyz@bl.co.in Email has 3 mandatory parts (abc, bl & co) and 2 optional (xyz & in) with precise @ and . positions 
Wrong Input : E.g. abc.xyz@bl.co.in Email has 3 mandatory parts (abc, bl & co) and 2 optional (xyz & in) with precise @ and . positions 
Wrong Input : E.g. abc.xyz@bl.co.in Email has 3 mandatory parts (abc, bl & co) and 2 optional (xyz & in) with precise @ and . positions 
Wrong Input : E.g. abc.xyz@bl.co.in Email has 3 mandatory parts (abc, bl & co) and 2 optional (xyz & in) with precise @ and . positions 
Wrong Input : E.g. abc.xyz@bl.co.in Email has 3 mandatory parts (abc, bl & co) and 2 optional (xyz & in) with precise @ and . positions 
Wrong Input : E.g. abc.xyz@bl.co.in Email has 3 mandatory parts (abc, bl & co) and 2 optional (xyz & in) with precise @ and . positions 
Wrong Input : E.g. abc.xyz@bl.co.in Email has 3 mandatory parts (abc, bl & co) and 2 optional (xyz & in) with precise @ and . positions 
Wrong Input : E.g. abc.xyz@bl.co.in Email has 3 mandatory parts (abc, bl & co) and 2 optional (xyz & in) with precise @ and . positions 
Wrong Input : E.g. abc.xyz@bl.co.in Email has 3 mandatory parts (abc, bl & co) and 2 optional (xyz & in) with precise @ and . positions 
Wrong Input : E.g. abc.xyz@bl.co.in Email has 3 mandatory parts (abc, bl & co) and 2 optional (xyz & in) with precise @ and . positions 
Wrong Input : E.g. abc.xyz@bl.co.in Email has 3 mandatory parts (abc, bl & co) and 2 optional (xyz & in) with precise @ and . positions 
Wrong Input : E.g. abc.xyz@bl.co.in Email has 3 mandatory parts (abc, bl & co) and 2 optional (xyz & in) with precise @ and . positions 
Wrong Input : E.g. abc.xyz@bl.co.in Email has 3 mandatory parts (abc, bl & co) and 2 optional (xyz & in) with precise @ and . positions 
Wrong Input : E.g. abc.xyz@bl.co.in Email has 3 mandatory parts (abc, bl & co) and 2 optional (xyz & in) with precise @ and . positions 
Wrong Input : E.g. abc.xyz@bl.co.in Email has 3 mandatory parts (abc, bl & co) and 2 optional (xyz & in) with precise @ and . positions 
Wrong Input : E.g. abc.xyz@bl.co.in Email has 3 mandatory parts (abc, bl & co) and 2 optional (xyz & in) with precise @ and . positions 
Wrong Input : E.g. abc.xyz@bl.co.in Email has 3 mandatory parts (abc, bl & co) and 2 optional (xyz & in) with precise @ and . positions 
Wrong Input : E.g. abc.xyz@bl.co.in Email has 3 mandatory parts (abc, bl & co) and 2 optional (xyz & in) with precise @ and . positions 
Wrong Input : E.g. abc.xyz@bl.co.in Email has 3 mandatory parts (abc, bl & co) and 2 optional (xyz & in) with precise @ and . positions 
Wrong Input : E.g. abc.xyz@bl.co.in Email has 3 mandatory parts (abc, bl & co) and 2 optional (xyz & in) with precise @ and . positions 
Wrong Input : E.g. abc.xyz@bl.co.in Email has 3 mandatory parts (abc, bl & co) and 2 optional (xyz & in) with precise @ and . positions 
Wrong Input : E.g. abc.xyz@bl.co.in Email has 3 mandatory parts (abc, bl & co) and 2 optional (xyz & in) with precise @ and . positions 
Wrong Input : E.g. abc.xyz@bl.co.in Email has 3 mandatory parts (abc, bl & co) and 2 optional (xyz & in) with precise @ and . positions 
Wrong Input : E.g. abc.xyz@bl.co.in Email has 3 mandatory parts (abc, bl & co) and 2 optional (xyz & in) with precise @ and . positions 
Wrong Input : E.g. abc.xyz@bl.co.in Email has 3 mandatory parts (abc, bl & co) and 2 optional (xyz & in) with precise @ and . positions 
Wrong Input : E.g. abc.xyz@bl.co.in Email has 3 mandatory parts (abc, bl & co) and 2 optional (xyz & in) with precise @ and . positions 
Wrong Input : E.g. abc.xyz@bl.co.in Email has 3 mandatory parts (abc, bl & co) and 2 optional (xyz & in) with precise @ and . positions 
Wrong Input : E.g. abc.xyz@bl.co.in Email has 3 mandatory parts (abc, bl & co) and 2 optional (xyz & in) with precise @ and . positions 
Wrong Input : E.g. abc.xyz@bl.co.in Email has 3 mandatory parts (abc, bl & co) and 2 optional (xyz & in) with precise @ and . positions 
Wrong Input : E.g. abc.xyz@bl.co.in Email has 3 mandatory parts (abc, bl & co) and 2 optional (xyz & in) with precise @ and . positions 
Wrong Input : E.g. abc.xyz@bl.co.in Email has 3 mandatory parts (abc, bl & co) and 2 optional (xyz & in) with precise @ and . positions 
Wrong Input : E.g. abc.xyz@bl.co.in Email has 3 mandatory parts (abc, bl & co) and 2 optional (xyz & in) with precise @ and . positions 
Wrong Input : E.g. abc.xyz@bl.co.in Email has 3 mandatory parts (abc, bl & co) and 2 optional (xyz & in) with precise @ and . positions 
Wrong Input : E.g. abc.xyz@bl.co.in Email has 3 mandatory parts (abc, bl & co) and 2 optional (xyz & in) with precise @ and . positions 
Wrong Input : E.g. abc.xyz@bl.co.in Email has 3 mandatory parts (abc, bl & co) and 2 optional (xyz & in) with precise @ and . positions 
Wrong Input : E.g. abc.xyz@bl.co.in Email has 3 mandatory parts (abc, bl & co) and 2 optional (xyz & in) with precise @ and . positions 
Wrong Input : E.g. abc.xyz@bl.co.in Email has 3 mandatory parts (abc, bl & co) and 2 optional (xyz & in) with precise @ and . positions 
Wrong Input : E.g. abc.xyz@bl.co.in Email has 3 mandatory parts (abc, bl & co) and 2 optional (xyz & in) with precise @ and . positions 
Wrong Input : E.g. abc.xyz@bl.co.in Email has 3 mandatory parts (abc, bl & co) and 2 optional (xyz & in) with precise @ and . positions 
Wrong Input : E.g. abc.xyz@bl.co.in Email has 3 mandatory parts (abc, bl & co) and 2 optional (xyz & in) with precise @ and . positions 
Wrong Input : E.g. abc.xyz@bl.co.in Email has 3 mandatory parts (abc, bl & co) and 2 optional (xyz & in) with precise @ and . positions 
Wrong Input : E.g. abc.xyz@bl.co.in Email has 3 mandatory parts (abc, bl & co) and 2 optional (xyz & in) with precise @ and . positions 
Wrong Input : E.g. abc.xyz@bl.co.in Email has 3 mandatory parts (abc, bl & co) and 2 optional (xyz & in) with precise @ and . positions 
Wrong Input : E.g. abc.xyz@bl.co.in Email has 3 mandatory parts (abc, bl & co) and 2 optional (xyz & in) with precise @ and . positions 
Wrong Input : E.g. abc.xyz@bl.co.in Email has 3 mandatory parts (abc, bl & co) and 2 optional (xyz & in) with precise @ and . positions 
Wrong Input : E.g. abc.xyz@bl.co.in Email has 3 mandatory parts (abc, bl & co) and 2 optional (xyz & in) with precise @ and . positions 
Wrong Input : E.g. abc.xyz@bl.co.in Email has 3 mandatory parts (abc, bl & co) and 2 optional (xyz & in) with precise @ and . positions 
Wrong Input : E.g. abc.xyz@bl.co.in Email has 3 mandatory parts (abc, bl & co) and 2 optional (xyz & in) with precise @ and . positions 
Wrong Input : E.g. abc.xyz@bl.co.in Email has 3 mandatory parts (abc, bl & co) and 2 optional (xyz & in) with precise @ and . positions 
Wrong Input : E.g. abc.xyz@bl.co.in Email has 3 mandatory parts (abc, bl & co) and 2 optional (xyz & in) with precise @ and . positions 
Wrong Input : E.g. abc.xyz@bl.co.in Email has 3 mandatory parts (abc, bl & co) and 2 optional (xyz & in) with precise @ and . positions 
Wrong Input : E.g. abc.xyz@bl.co.in Email has 3 mandatory parts (abc, bl & co) and 2 optional (xyz & in) with precise @ and . positions 
Wrong Input : E.g. abc.xyz@bl.co.in Email has 3 mandatory parts (abc, bl & co) and 2 optional (xyz & in) with precise @ and . positions 
Wrong Input : E.g. abc.xyz@bl.co.in Email has 3 mandatory parts (abc, bl & co) and 2 optional (xyz & in) with precise @ and . positions 
Wrong Input : E.g. abc.xyz@bl.co.in Email has 3 mandatory parts (abc, bl & co) and 2 optional (xyz & in) with precise @ and . positions 
Wrong Input : E.g. abc.xyz@bl.co.in Email has 3 mandatory parts (abc, bl & co) and 2 optional (xyz & in) with precise @ and . positions 
Wrong Input : E.g. abc.xyz@bl.co.in Email has 3 mandatory parts (abc, bl & co) and 2 optional (xyz & in) with precise @ and . positions 
Wrong Input : E.g. abc.xyz@bl.co.in Email has 3 mandatory parts (abc, bl & co) and 2 optional (xyz & in) with precise @ and . positions 
Wrong Input : E.g. abc.xyz@bl.co.in Email has 3 mandatory parts (abc, bl & co) and 2 optional (xyz & in) with precise @ and . positions 
Wrong Input : E.g. abc.xyz@bl.co.in Email has 3 mandatory parts (abc, bl & co) and 2 optional (xyz & in) with precise @ and . positions 
Wrong Input : E.g. abc.xyz@bl.co.in Email has 3 mandatory parts (abc, bl & co) and 2 optional (xyz & in) with precise @ and . positions 
Wrong Input : E.g. abc.xyz@bl.co.in Email has 3 mandatory parts (abc, bl & co) and 2 optional (xyz & in) with precise @ and . positions 
Wrong Input : E.g. abc.xyz@bl.co.in Email has 3 mandatory parts (abc, bl & co) and 2 optional (xyz & in) with precise @ and . positions 
Wrong Input : E.g. abc.xyz@bl.co.in Email has 3 mandatory parts (abc, bl & co) and 2 optional (xyz & in) with precise @ and . positions 
Wrong Input : E.g. abc.xyz@bl.co.in Email has 3 mandatory parts (abc, bl & co) and 2 optional (xyz & in) with precise @ and . positions 
Wrong Input : E.g. abc.xyz@bl.co.in Email has 3 mandatory parts (abc, bl & co) and 2 optional (xyz & in) with precise @ and . positions 
Wrong Input : E.g. abc.xyz@bl.co.in Email has 3 mandatory parts (abc, bl & co) and 2 optional (xyz & in) with precise @ and . positions 
Wrong Input : E.g. abc.xyz@bl.co.in Email has 3 mandatory parts (abc, bl & co) and 2 optional (xyz & in) with precise @ and . positions 
Wrong Input : E.g. abc.xyz@bl.co.in Email has 3 mandatory parts (abc, bl & co) and 2 optional (xyz & in) with precise @ and . positions 
Wrong Input : E.g. abc.xyz@bl.co.in Email has 3 mandatory parts (abc, bl & co) and 2 optional (xyz & in) with precise @ and . positions 
Wrong Input : E.g. abc.xyz@bl.co.in Email has 3 mandatory parts (abc, bl & co) and 2 optional (xyz & in) with precise @ and . positions 
Wrong Input : E.g. abc.xyz@bl.co.in Email has 3 mandatory parts (abc, bl & co) and 2 optional (xyz & in) with precise @ and . positions 
Wrong Input : E.g. abc.xyz@bl.co.in Email has 3 mandatory parts (abc, bl & co) and 2 optional (xyz & in) with precise @ and . positions 
Wrong Input : E.g. abc.xyz@bl.co.in Email has 3 mandatory parts (abc, bl & co) and 2 optional (xyz & in) with precise @ and . positions 
Wrong Input : E.g. abc.xyz@bl.co.in Email has 3 mandatory parts (abc, bl & co) and 2 optional (xyz & in) with precise @ and . positions 
Wrong Input : E.g. abc.xyz@bl.co.in Email has 3 mandatory parts (abc, bl & co) and 2 optional (xyz & in) with precise @ and . positions 
Wrong Input : E.g. abc.xyz@bl.co.in Email has 3 mandatory parts (abc, bl & co) and 2 optional (xyz & in) with precise @ and . positions 
Wrong Input : E.g. abc.xyz@bl.co.in Email has 3 mandatory parts (abc, bl & co) and 2 optional (xyz & in) with precise @ and . positions 
Wrong Input : E.g. abc.xyz@bl.co.in Email has 3 mandatory parts (abc, bl & co) and 2 optional (xyz & in) with precise @ and . positions 
Wrong Input : E.g. abc.xyz@bl.co.in Email has 3 mandatory parts (abc, bl & co) and 2 optional (xyz & in) with precise @ and . positions 
Wrong Input : E.g. abc.xyz@bl.co.in Email has 3 mandatory parts (abc, bl & co) and 2 optional (xyz & in) with precise @ and . positions 
Wrong Input : E.g. abc.xyz@bl.co.in Email has 3 mandatory parts (abc, bl & co) and 2 optional (xyz & in) with precise @ and . positions 
Wrong Input : E.g. abc.xyz@bl.co.in Email has 3 mandatory parts (abc, bl & co) and 2 optional (xyz & in) with precise @ and . positions 
Wrong Input : E.g. abc.xyz@bl.co.in Email has 3 mandatory parts (abc, bl & co) and 2 optional (xyz & in) with precise @ and . positions 
Wrong Input : E.g. abc.xyz@bl.co.in Email has 3 mandatory parts (abc, bl & co) and 2 optional (xyz & in) with precise @ and . positions 
Wrong Input : E.g. abc.xyz@bl.co.in Email has 3 mandatory parts (abc, bl & co) and 2 optional (xyz & in) with precise @ and . positions 
Wrong Input : E.g. abc.xyz@bl.co.in Email has 3 mandatory parts (abc, bl & co) and 2 optional (xyz & in) with precise @ and . positions 
Wrong Input : E.g. abc.xyz@bl.co.in Email has 3 mandatory parts (abc, bl & co) and 2 optional (xyz & in) with precise @ and . positions 
Wrong Input : E.g. abc.xyz@bl.co.in Email has 3 mandatory parts (abc, bl & co) and 2 optional (xyz & in) with precise @ and . positions 
Wrong Input : E.g. abc.xyz@bl.co.in Email has 3 mandatory parts (abc, bl & co) and 2 optional (xyz & in) with precise @ and . positions 
Wrong Input : E.g. abc.xyz@bl.co.in Email has 3 mandatory parts (abc, bl & co) and 2 optional (xyz & in) with precise @ and . positions 
Wrong Input : E.g. abc.xyz@bl.co.in Email has 3 mandatory parts (abc, bl & co) and 2 optional (xyz & in) with precise @ and . positions 
Wrong Input : E.g. abc.xyz@bl.co.in Email has 3 mandatory parts (abc, bl & co) and 2 optional (xyz & in) with precise @ and . positions 
Wrong Input : E.g. abc.xyz@bl.co.in Email has 3 mandatory parts (abc, bl & co) and 2 optional (xyz & in) with precise @ and . positions 
Wrong Input : E.g. abc.xyz@bl.co.in Email has 3 mandatory parts (abc, bl & co) and 2 optional (xyz & in) with precise @ and . positions 
Wrong Input : E.g. abc.xyz@bl.co.in Email has 3 mandatory parts (abc, bl & co) and 2 optional (xyz & in) with precise @ and . positions 
Wrong Input : E.g. abc.xyz@bl.co.in Email has 3 mandatory parts (abc, bl & co) and 2 optional (xyz & in) with precise @ and . positions 
Wrong Input : E.g. abc.xyz@bl.co.in Email has 3 mandatory parts (abc, bl & co) and 2 optional (xyz & in) with precise @ and . positions 
Wrong Input : E.g. abc.xyz@bl.co.in Email has 3 mandatory parts (abc, bl & co) and 2 optional (xyz & in) with precise @ and . positions 
Wrong Input : E.g. abc.xyz@bl.co.in Email has 3 mandatory parts (abc, bl & co) and 2 optional (xyz & in) with precise @ and . positions 
Wrong Input : E.g. abc.xyz@bl.co.in Email has 3 mandatory parts (abc, bl & co) and 2 optional (xyz & in) with precise @ and . positions 
Wrong Input : E.g. abc.xyz@bl.co.in Email has 3 mandatory parts (abc, bl & co) and 2 optional (xyz & in) with precise @ and . positions 
Wrong Input : E.g. abc.xyz@bl.co.in Email has 3 mandatory parts (abc, bl & co) and 2 optional (xyz & in) with precise @ and . positions 
Wrong Input : E.g. abc.xyz@bl.co.in Email has 3 mandatory parts (abc, bl & co) and 2 optional (xyz & in) with precise @ and . positions 
Wrong Input : E.g. abc.xyz@bl.co.in Email has 3 mandatory parts (abc, bl & co) and 2 optional (xyz & in) with precise @ and . positions 
Wrong Input : E.g. abc.xyz@bl.co.in Email has 3 mandatory parts (abc, bl & co) and 2 optional (xyz & in) with precise @ and . positions 
Wrong Input : E.g. abc.xyz@bl.co.in Email has 3 mandatory parts (abc, bl & co) and 2 optional (xyz & in) with precise @ and . positions 
Wrong Input : E.g. abc.xyz@bl.co.in Email has 3 mandatory parts (abc, bl & co) and 2 optional (xyz & in) with precise @ and . positions 
Wrong Input : E.g. abc.xyz@bl.co.in Email has 3 mandatory parts (abc, bl & co) and 2 optional (xyz & in) with precise @ and . positions 
Wrong Input : E.g. abc.xyz@bl.co.in Email has 3 mandatory parts (abc, bl & co) and 2 optional (xyz & in) with precise @ and . positions 
Wrong Input : E.g. abc.xyz@bl.co.in Email has 3 mandatory parts (abc, bl & co) and 2 optional (xyz & in) with precise @ and . positions 
Wrong Input : E.g. abc.xyz@bl.co.in Email has 3 mandatory parts (abc, bl & co) and 2 optional (xyz & in) with precise @ and . positions 
Wrong Input : E.g. abc.xyz@bl.co.in Email has 3 mandatory parts (abc, bl & co) and 2 optional (xyz & in) with precise @ and . positions 
Wrong Input : E.g. abc.xyz@bl.co.in Email has 3 mandatory parts (abc, bl & co) and 2 optional (xyz & in) with precise @ and . positions 
Wrong Input : E.g. abc.xyz@bl.co.in Email has 3 mandatory parts (abc, bl & co) and 2 optional (xyz & in) with precise @ and . positions 
Wrong Input : E.g. abc.xyz@bl.co.in Email has 3 mandatory parts (abc, bl & co) and 2 optional (xyz & in) with precise @ and . positions 
Wrong Input : E.g. abc.xyz@bl.co.in Email has 3 mandatory parts (abc, bl & co) and 2 optional (xyz & in) with precise @ and . positions 
Wrong Input : E.g. abc.xyz@bl.co.in Email has 3 mandatory parts (abc, bl & co) and 2 optional (xyz & in) with precise @ and . positions 
Wrong Input : E.g. abc.xyz@bl.co.in Email has 3 mandatory parts (abc, bl & co) and 2 optional (xyz & in) with precise @ and . positions 
Wrong Input : E.g. abc.xyz@bl.co.in Email has 3 mandatory parts (abc, bl & co) and 2 optional (xyz & in) with precise @ and . positions 
Wrong Input : E.g. abc.xyz@bl.co.in Email has 3 mandatory parts (abc, bl & co) and 2 optional (xyz & in) with precise @ and . positions 
Wrong Input : E.g. abc.xyz@bl.co.in Email has 3 mandatory parts (abc, bl & co) and 2 optional (xyz & in) with precise @ and . positions 
Wrong Input : E.g. abc.xyz@bl.co.in Email has 3 mandatory parts (abc, bl & co) and 2 optional (xyz & in) with precise @ and . positions 
Wrong Input : E.g. abc.xyz@bl.co.in Email has 3 mandatory parts (abc, bl & co) and 2 optional (xyz & in) with precise @ and . positions 
Wrong Input : E.g. abc.xyz@bl.co.in Email has 3 mandatory parts (abc, bl & co) and 2 optional (xyz & in) with precise @ and . positions 
Wrong Input : E.g. abc.xyz@bl.co.in Email has 3 mandatory parts (abc, bl & co) and 2 optional (xyz & in) with precise @ and . positions 
Wrong Input : E.g. abc.xyz@bl.co.in Email has 3 mandatory parts (abc, bl & co) and 2 optional (xyz & in) with precise @ and . positions 
Wrong Input : E.g. abc.xyz@bl.co.in Email has 3 mandatory parts (abc, bl & co) and 2 optional (xyz & in) with precise @ and . positions 
Wrong Input : E.g. abc.xyz@bl.co.in Email has 3 mandatory parts (abc, bl & co) and 2 optional (xyz & in) with precise @ and . positions 
Wrong Input : E.g. abc.xyz@bl.co.in Email has 3 mandatory parts (abc, bl & co) and 2 optional (xyz & in) with precise @ and . positions 
Wrong Input : E.g. abc.xyz@bl.co.in Email has 3 mandatory parts (abc, bl & co) and 2 optional (xyz & in) with precise @ and . positions 
Wrong Input : E.g. abc.xyz@bl.co.in Email has 3 mandatory parts (abc, bl & co) and 2 optional (xyz & in) with precise @ and . positions 
Wrong Input : E.g. abc.xyz@bl.co.in Email has 3 mandatory parts (abc, bl & co) and 2 optional (xyz & in) with precise @ and . positions 
Wrong Input : E.g. abc.xyz@bl.co.in Email has 3 mandatory parts (abc, bl & co) and 2 optional (xyz & in) with precise @ and . positions 
Wrong Input : E.g. abc.xyz@bl.co.in Email has 3 mandatory parts (abc, bl & co) and 2 optional (xyz & in) with precise @ and . positions 
Wrong Input : E.g. abc.xyz@bl.co.in Email has 3 mandatory parts (abc, bl & co) and 2 optional (xyz & in) with precise @ and . positions 
Wrong Input : E.g. abc.xyz@bl.co.in Email has 3 mandatory parts (abc, bl & co) and 2 optional (xyz & in) with precise @ and . positions 
Wrong Input : E.g. abc.xyz@bl.co.in Email has 3 mandatory parts (abc, bl & co) and 2 optional (xyz & in) with precise @ and . positions 
Wrong Input : E.g. abc.xyz@bl.co.in Email has 3 mandatory parts (abc, bl & co) and 2 optional (xyz & in) with precise @ and . positions 
Wrong Input : E.g. abc.xyz@bl.co.in Email has 3 mandatory parts (abc, bl & co) and 2 optional (xyz & in) with precise @ and . positions 
Wrong Input : E.g. abc.xyz@bl.co.in Email has 3 mandatory parts (abc, bl & co) and 2 optional (xyz & in) with precise @ and . positions 
Wrong Input : E.g. abc.xyz@bl.co.in Email has 3 mandatory parts (abc, bl & co) and 2 optional (xyz & in) with precise @ and . positions 
Wrong Input : E.g. abc.xyz@bl.co.in Email has 3 mandatory parts (abc, bl & co) and 2 optional (xyz & in) with precise @ and . positions 
Wrong Input : E.g. abc.xyz@bl.co.in Email has 3 mandatory parts (abc, bl & co) and 2 optional (xyz & in) with precise @ and . positions 
Wrong Input : E.g. abc.xyz@bl.co.in Email has 3 mandatory parts (abc, bl & co) and 2 optional (xyz & in) with precise @ and . positions 
Wrong Input : E.g. abc.xyz@bl.co.in Email has 3 mandatory parts (abc, bl & co) and 2 optional (xyz & in) with precise @ and . positions 
Wrong Input : E.g. abc.xyz@bl.co.in Email has 3 mandatory parts (abc, bl & co) and 2 optional (xyz & in) with precise @ and . positions 
Wrong Input : E.g. abc.xyz@bl.co.in Email has 3 mandatory parts (abc, bl & co) and 2 optional (xyz & in) with precise @ and . positions 
Wrong Input : E.g. abc.xyz@bl.co.in Email has 3 mandatory parts (abc, bl & co) and 2 optional (xyz & in) with precise @ and . positions 
Wrong Input : E.g. abc.xyz@bl.co.in Email has 3 mandatory parts (abc, bl & co) and 2 optional (xyz & in) with precise @ and . positions 
Wrong Input : E.g. abc.xyz@bl.co.in Email has 3 mandatory parts (abc, bl & co) and 2 optional (xyz & in) with precise @ and . positions 
Wrong Input : E.g. abc.xyz@bl.co.in Email has 3 mandatory parts (abc, bl & co) and 2 optional (xyz & in) with precise @ and . positions 
Wrong Input : E.g. abc.xyz@bl.co.in Email has 3 mandatory parts (abc, bl & co) and 2 optional (xyz & in) with precise @ and . positions 
Wrong Input : E.g. abc.xyz@bl.co.in Email has 3 mandatory parts (abc, bl & co) and 2 optional (xyz & in) with precise @ and . positions 
Wrong Input : E.g. abc.xyz@bl.co.in Email has 3 mandatory parts (abc, bl & co) and 2 optional (xyz & in) with precise @ and . positions 
Wrong Input : E.g. abc.xyz@bl.co.in Email has 3 mandatory parts (abc, bl & co) and 2 optional (xyz & in) with precise @ and . positions 
Wrong Input : E.g. abc.xyz@bl.co.in Email has 3 mandatory parts (abc, bl & co) and 2 optional (xyz & in) with precise @ and . positions 
Wrong Input : E.g. abc.xyz@bl.co.in Email has 3 mandatory parts (abc, bl & co) and 2 optional (xyz & in) with precise @ and . positions 
Wrong Input : E.g. abc.xyz@bl.co.in Email has 3 mandatory parts (abc, bl & co) and 2 optional (xyz & in) with precise @ and . positions 
Wrong Input : E.g. abc.xyz@bl.co.in Email has 3 mandatory parts (abc, bl & co) and 2 optional (xyz & in) with precise @ and . positions 
Wrong Input : E.g. abc.xyz@bl.co.in Email has 3 mandatory parts (abc, bl & co) and 2 optional (xyz & in) with precise @ and . positions 
Wrong Input : E.g. abc.xyz@bl.co.in Email has 3 mandatory parts (abc, bl & co) and 2 optional (xyz & in) with precise @ and . positions 
Wrong Input : E.g. abc.xyz@bl.co.in Email has 3 mandatory parts (abc, bl & co) and 2 optional (xyz & in) with precise @ and . positions 
Wrong Input : E.g. abc.xyz@bl.co.in Email has 3 mandatory parts (abc, bl & co) and 2 optional (xyz & in) with precise @ and . positions 
Wrong Input : E.g. abc.xyz@bl.co.in Email has 3 mandatory parts (abc, bl & co) and 2 optional (xyz & in) with precise @ and . positions 
Wrong Input : E.g. abc.xyz@bl.co.in Email has 3 mandatory parts (abc, bl & co) and 2 optional (xyz & in) with precise @ and . positions 
Wrong Input : E.g. abc.xyz@bl.co.in Email has 3 mandatory parts (abc, bl & co) and 2 optional (xyz & in) with precise @ and . positions 
Wrong Input : E.g. abc.xyz@bl.co.in Email has 3 mandatory parts (abc, bl & co) and 2 optional (xyz & in) with precise @ and . positions 
Wrong Input : E.g. abc.xyz@bl.co.in Email has 3 mandatory parts (abc, bl & co) and 2 optional (xyz & in) with precise @ and . positions 
Wrong Input : E.g. abc.xyz@bl.co.in Email has 3 mandatory parts (abc, bl & co) and 2 optional (xyz & in) with precise @ and . positions 
Wrong Input : E.g. abc.xyz@bl.co.in Email has 3 mandatory parts (abc, bl & co) and 2 optional (xyz & in) with precise @ and . positions 
Wrong Input : E.g. abc.xyz@bl.co.in Email has 3 mandatory parts (abc, bl & co) and 2 optional (xyz & in) with precise @ and . positions 
Wrong Input : E.g. abc.xyz@bl.co.in Email has 3 mandatory parts (abc, bl & co) and 2 optional (xyz & in) with precise @ and . positions 
Wrong Input : E.g. abc.xyz@bl.co.in Email has 3 mandatory parts (abc, bl & co) and 2 optional (xyz & in) with precise @ and . positions 
Wrong Input : E.g. abc.xyz@bl.co.in Email has 3 mandatory parts (abc, bl & co) and 2 optional (xyz & in) with precise @ and . positions 
Wrong Input : E.g. abc.xyz@bl.co.in Email has 3 mandatory parts (abc, bl & co) and 2 optional (xyz & in) with precise @ and . positions 
Wrong Input : E.g. abc.xyz@bl.co.in Email has 3 mandatory parts (abc, bl & co) and 2 optional (xyz & in) with precise @ and . positions 
Wrong Input : E.g. abc.xyz@bl.co.in Email has 3 mandatory parts (abc, bl & co) and 2 optional (xyz & in) with precise @ and . positions 
Wrong Input : E.g. abc.xyz@bl.co.in Email has 3 mandatory parts (abc, bl & co) and 2 optional (xyz & in) with precise @ and . positions 
Wrong Input : E.g. abc.xyz@bl.co.in Email has 3 mandatory parts (abc, bl & co) and 2 optional (xyz & in) with precise @ and . positions 
Wrong Input : E.g. abc.xyz@bl.co.in Email has 3 mandatory parts (abc, bl & co) and 2 optional (xyz & in) with precise @ and . positions 
Wrong Input : E.g. abc.xyz@bl.co.in Email has 3 mandatory parts (abc, bl & co) and 2 optional (xyz & in) with precise @ and . positions 
Wrong Input : E.g. abc.xyz@bl.co.in Email has 3 mandatory parts (abc, bl & co) and 2 optional (xyz & in) with precise @ and . positions 
Wrong Input : E.g. abc.xyz@bl.co.in Email has 3 mandatory parts (abc, bl & co) and 2 optional (xyz & in) with precise @ and . positions 
Wrong Input : E.g. abc.xyz@bl.co.in Email has 3 mandatory parts (abc, bl & co) and 2 optional (xyz & in) with precise @ and . positions 
Wrong Input : E.g. abc.xyz@bl.co.in Email has 3 mandatory parts (abc, bl & co) and 2 optional (xyz & in) with precise @ and . positions 
Wrong Input : E.g. abc.xyz@bl.co.in Email has 3 mandatory parts (abc, bl & co) and 2 optional (xyz & in) with precise @ and . positions 
Wrong Input : E.g. abc.xyz@bl.co.in Email has 3 mandatory parts (abc, bl & co) and 2 optional (xyz & in) with precise @ and . positions 
Wrong Input : E.g. abc.xyz@bl.co.in Email has 3 mandatory parts (abc, bl & co) and 2 optional (xyz & in) with precise @ and . positions 
Wrong Input : E.g. abc.xyz@bl.co.in Email has 3 mandatory parts (abc, bl & co) and 2 optional (xyz & in) with precise @ and . positions 
Wrong Input : E.g. abc.xyz@bl.co.in Email has 3 mandatory parts (abc, bl & co) and 2 optional (xyz & in) with precise @ and . positions 
Wrong Input : E.g. abc.xyz@bl.co.in Email has 3 mandatory parts (abc, bl & co) and 2 optional (xyz & in) with precise @ and . positions 
Wrong Input : E.g. abc.xyz@bl.co.in Email has 3 mandatory parts (abc, bl & co) and 2 optional (xyz & in) with precise @ and . positions 
Wrong Input : E.g. abc.xyz@bl.co.in Email has 3 mandatory parts (abc, bl & co) and 2 optional (xyz & in) with precise @ and . positions 
Wrong Input : E.g. abc.xyz@bl.co.in Email has 3 mandatory parts (abc, bl & co) and 2 optional (xyz & in) with precise @ and . positions 
Wrong Input : E.g. abc.xyz@bl.co.in Email has 3 mandatory parts (abc, bl & co) and 2 optional (xyz & in) with precise @ and . positions 
Wrong Input : E.g. abc.xyz@bl.co.in Email has 3 mandatory parts (abc, bl & co) and 2 optional (xyz & in) with precise @ and . positions 
Wrong Input : E.g. abc.xyz@bl.co.in Email has 3 mandatory parts (abc, bl & co) and 2 optional (xyz & in) with precise @ and . positions 
Wrong Input : E.g. abc.xyz@bl.co.in Email has 3 mandatory parts (abc, bl & co) and 2 optional (xyz & in) with precise @ and . positions 
Wrong Input : E.g. abc.xyz@bl.co.in Email has 3 mandatory parts (abc, bl & co) and 2 optional (xyz & in) with precise @ and . positions 
Wrong Input : E.g. abc.xyz@bl.co.in Email has 3 mandatory parts (abc, bl & co) and 2 optional (xyz & in) with precise @ and . positions 
Wrong Input : E.g. abc.xyz@bl.co.in Email has 3 mandatory parts (abc, bl & co) and 2 optional (xyz & in) with precise @ and . positions 
Wrong Input : E.g. abc.xyz@bl.co.in Email has 3 mandatory parts (abc, bl & co) and 2 optional (xyz & in) with precise @ and . positions 
Wrong Input : E.g. abc.xyz@bl.co.in Email has 3 mandatory parts (abc, bl & co) and 2 optional (xyz & in) with precise @ and . positions 
Wrong Input : E.g. abc.xyz@bl.co.in Email has 3 mandatory parts (abc, bl & co) and 2 optional (xyz & in) with precise @ and . positions 
Wrong Input : E.g. abc.xyz@bl.co.in Email has 3 mandatory parts (abc, bl & co) and 2 optional (xyz & in) with precise @ and . positions 
Wrong Input : E.g. abc.xyz@bl.co.in Email has 3 mandatory parts (abc, bl & co) and 2 optional (xyz & in) with precise @ and . positions 
Wrong Input : E.g. abc.xyz@bl.co.in Email has 3 mandatory parts (abc, bl & co) and 2 optional (xyz & in) with precise @ and . positions 
Wrong Input : E.g. abc.xyz@bl.co.in Email has 3 mandatory parts (abc, bl & co) and 2 optional (xyz & in) with precise @ and . positions 
Wrong Input : E.g. abc.xyz@bl.co.in Email has 3 mandatory parts (abc, bl & co) and 2 optional (xyz & in) with precise @ and . positions 
Wrong Input : E.g. abc.xyz@bl.co.in Email has 3 mandatory parts (abc, bl & co) and 2 optional (xyz & in) with precise @ and . positions 
Wrong Input : E.g. abc.xyz@bl.co.in Email has 3 mandatory parts (abc, bl & co) and 2 optional (xyz & in) with precise @ and . positions ]]></system-err>
</testsuite>
