<?xml version="1.0" encoding="UTF-8"?>
<testsuite name="com.bridgelab.jubituservalidationtesting.JunitTestingUserRegistrationValidation" tests="6" skipped="0" failures="4" errors="0" timestamp="2021-07-12T19:46:51" hostname="NARUTO" time="0.516">
  <properties/>
  <testcase name="givenFirstName_WhenProper_ShouldReturnTrue()" classname="com.bridgelab.jubituservalidationtesting.JunitTestingUserRegistrationValidation" time="0.018"/>
  <testcase name="givenFirstName_whenShort_shouldReturnFalse()" classname="com.bridgelab.jubituservalidationtesting.JunitTestingUserRegistrationValidation" time="0.184">
    <failure message="java.lang.StackOverflowError" type="java.lang.StackOverflowError">java.lang.StackOverflowError
	at java.base/java.lang.StringUTF16.checkIndex(StringUTF16.java:1624)
	at java.base/java.lang.StringUTF16.charAt(StringUTF16.java:1421)
	at java.base/java.lang.String.charAt(String.java:713)
	at java.base/sun.nio.cs.SingleByte$Decoder.implReplaceWith(SingleByte.java:134)
	at java.base/java.nio.charset.CharsetDecoder.replaceWith(CharsetDecoder.java:302)
	at java.base/java.nio.charset.CharsetDecoder.&lt;init&gt;(CharsetDecoder.java:207)
	at java.base/java.nio.charset.CharsetDecoder.&lt;init&gt;(CharsetDecoder.java:233)
	at java.base/sun.nio.cs.SingleByte$Decoder.&lt;init&gt;(SingleByte.java:70)
	at java.base/sun.nio.cs.MS1252.newDecoder(MS1252.java:51)
	at org.gradle.internal.io.StreamByteBuffer.readAsCharBuffer(StreamByteBuffer.java:174)
	at org.gradle.internal.io.StreamByteBuffer.doReadAsString(StreamByteBuffer.java:168)
	at org.gradle.internal.io.StreamByteBuffer.readAsString(StreamByteBuffer.java:159)
	at org.gradle.internal.io.StreamByteBuffer.readAsString(StreamByteBuffer.java:154)
	at org.gradle.internal.io.LineBufferingOutputStream.flush(LineBufferingOutputStream.java:94)
	at org.gradle.internal.io.LineBufferingOutputStream.write(LineBufferingOutputStream.java:80)
	at java.base/java.io.OutputStream.write(OutputStream.java:162)
	at java.base/java.io.PrintStream.write(PrintStream.java:568)
	at java.base/sun.nio.cs.StreamEncoder.writeBytes(StreamEncoder.java:242)
	at java.base/sun.nio.cs.StreamEncoder.implFlushBuffer(StreamEncoder.java:321)
	at java.base/sun.nio.cs.StreamEncoder.flushBuffer(StreamEncoder.java:110)
	at java.base/java.io.OutputStreamWriter.flushBuffer(OutputStreamWriter.java:178)
	at java.base/java.io.PrintStream.write(PrintStream.java:699)
	at java.base/java.io.PrintStream.print(PrintStream.java:863)
	at org.gradle.internal.io.LinePerThreadBufferingOutputStream.print(LinePerThreadBufferingOutputStream.java:143)
	at com.bridgelab.junituservalidation.UserValidation.enterFirstName(UserValidation.java:43)
	at com.bridgelab.junituservalidation.UserValidation.enterFirstName(UserValidation.java:45)
	at com.bridgelab.junituservalidation.UserValidation.enterFirstName(UserValidation.java:45)
	at com.bridgelab.junituservalidation.UserValidation.enterFirstName(UserValidation.java:45)
	at com.bridgelab.junituservalidation.UserValidation.enterFirstName(UserValidation.java:45)
	at com.bridgelab.junituservalidation.UserValidation.enterFirstName(UserValidation.java:45)
	at com.bridgelab.junituservalidation.UserValidation.enterFirstName(UserValidation.java:45)
	at com.bridgelab.junituservalidation.UserValidation.enterFirstName(UserValidation.java:45)
	at com.bridgelab.junituservalidation.UserValidation.enterFirstName(UserValidation.java:45)
	at com.bridgelab.junituservalidation.UserValidation.enterFirstName(UserValidation.java:45)
	at com.bridgelab.junituservalidation.UserValidation.enterFirstName(UserValidation.java:45)
	at com.bridgelab.junituservalidation.UserValidation.enterFirstName(UserValidation.java:45)
	at com.bridgelab.junituservalidation.UserValidation.enterFirstName(UserValidation.java:45)
	at com.bridgelab.junituservalidation.UserValidation.enterFirstName(UserValidation.java:45)
	at com.bridgelab.junituservalidation.UserValidation.enterFirstName(UserValidation.java:45)
	at com.bridgelab.junituservalidation.UserValidation.enterFirstName(UserValidation.java:45)
	at com.bridgelab.junituservalidation.UserValidation.enterFirstName(UserValidation.java:45)
	at com.bridgelab.junituservalidation.UserValidation.enterFirstName(UserValidation.java:45)
	at com.bridgelab.junituservalidation.UserValidation.enterFirstName(UserValidation.java:45)
	at com.bridgelab.junituservalidation.UserValidation.enterFirstName(UserValidation.java:45)
	at com.bridgelab.junituservalidation.UserValidation.enterFirstName(UserValidation.java:45)
	at com.bridgelab.junituservalidation.UserValidation.enterFirstName(UserValidation.java:45)
	at com.bridgelab.junituservalidation.UserValidation.enterFirstName(UserValidation.java:45)
	at com.bridgelab.junituservalidation.UserValidation.enterFirstName(UserValidation.java:45)
	at com.bridgelab.junituservalidation.UserValidation.enterFirstName(UserValidation.java:45)
	at com.bridgelab.junituservalidation.UserValidation.enterFirstName(UserValidation.java:45)
	at com.bridgelab.junituservalidation.UserValidation.enterFirstName(UserValidation.java:45)
	at com.bridgelab.junituservalidation.UserValidation.enterFirstName(UserValidation.java:45)
	at com.bridgelab.junituservalidation.UserValidation.enterFirstName(UserValidation.java:45)
	at com.bridgelab.junituservalidation.UserValidation.enterFirstName(UserValidation.java:45)
	at com.bridgelab.junituservalidation.UserValidation.enterFirstName(UserValidation.java:45)
	at com.bridgelab.junituservalidation.UserValidation.enterFirstName(UserValidation.java:45)
	at com.bridgelab.junituservalidation.UserValidation.enterFirstName(UserValidation.java:45)
	at com.bridgelab.junituservalidation.UserValidation.enterFirstName(UserValidation.java:45)
	at com.bridgelab.junituservalidation.UserValidation.enterFirstName(UserValidation.java:45)
	at com.bridgelab.junituservalidation.UserValidation.enterFirstName(UserValidation.java:45)
	at com.bridgelab.junituservalidation.UserValidation.enterFirstName(UserValidation.java:45)
	at com.bridgelab.junituservalidation.UserValidation.enterFirstName(UserValidation.java:45)
	at com.bridgelab.junituservalidation.UserValidation.enterFirstName(UserValidation.java:45)
	at com.bridgelab.junituservalidation.UserValidation.enterFirstName(UserValidation.java:45)
	at com.bridgelab.junituservalidation.UserValidation.enterFirstName(UserValidation.java:45)
	at com.bridgelab.junituservalidation.UserValidation.enterFirstName(UserValidation.java:45)
	at com.bridgelab.junituservalidation.UserValidation.enterFirstName(UserValidation.java:45)
	at com.bridgelab.junituservalidation.UserValidation.enterFirstName(UserValidation.java:45)
	at com.bridgelab.junituservalidation.UserValidation.enterFirstName(UserValidation.java:45)
	at com.bridgelab.junituservalidation.UserValidation.enterFirstName(UserValidation.java:45)
	at com.bridgelab.junituservalidation.UserValidation.enterFirstName(UserValidation.java:45)
	at com.bridgelab.junituservalidation.UserValidation.enterFirstName(UserValidation.java:45)
	at com.bridgelab.junituservalidation.UserValidation.enterFirstName(UserValidation.java:45)
	at com.bridgelab.junituservalidation.UserValidation.enterFirstName(UserValidation.java:45)
	at com.bridgelab.junituservalidation.UserValidation.enterFirstName(UserValidation.java:45)
	at com.bridgelab.junituservalidation.UserValidation.enterFirstName(UserValidation.java:45)
	at com.bridgelab.junituservalidation.UserValidation.enterFirstName(UserValidation.java:45)
	at com.bridgelab.junituservalidation.UserValidation.enterFirstName(UserValidation.java:45)
	at com.bridgelab.junituservalidation.UserValidation.enterFirstName(UserValidation.java:45)
	at com.bridgelab.junituservalidation.UserValidation.enterFirstName(UserValidation.java:45)
	at com.bridgelab.junituservalidation.UserValidation.enterFirstName(UserValidation.java:45)
	at com.bridgelab.junituservalidation.UserValidation.enterFirstName(UserValidation.java:45)
	at com.bridgelab.junituservalidation.UserValidation.enterFirstName(UserValidation.java:45)
	at com.bridgelab.junituservalidation.UserValidation.enterFirstName(UserValidation.java:45)
	at com.bridgelab.junituservalidation.UserValidation.enterFirstName(UserValidation.java:45)
	at com.bridgelab.junituservalidation.UserValidation.enterFirstName(UserValidation.java:45)
	at com.bridgelab.junituservalidation.UserValidation.enterFirstName(UserValidation.java:45)
	at com.bridgelab.junituservalidation.UserValidation.enterFirstName(UserValidation.java:45)
	at com.bridgelab.junituservalidation.UserValidation.enterFirstName(UserValidation.java:45)
	at com.bridgelab.junituservalidation.UserValidation.enterFirstName(UserValidation.java:45)
	at com.bridgelab.junituservalidation.UserValidation.enterFirstName(UserValidation.java:45)
	at com.bridgelab.junituservalidation.UserValidation.enterFirstName(UserValidation.java:45)
	at com.bridgelab.junituservalidation.UserValidation.enterFirstName(UserValidation.java:45)
	at com.bridgelab.junituservalidation.UserValidation.enterFirstName(UserValidation.java:45)
	at com.bridgelab.junituservalidation.UserValidation.enterFirstName(UserValidation.java:45)
	at com.bridgelab.junituservalidation.UserValidation.enterFirstName(UserValidation.java:45)
	at com.bridgelab.junituservalidation.UserValidation.enterFirstName(UserValidation.java:45)
	at com.bridgelab.junituservalidation.UserValidation.enterFirstName(UserValidation.java:45)
	at com.bridgelab.junituservalidation.UserValidation.enterFirstName(UserValidation.java:45)
	at com.bridgelab.junituservalidation.UserValidation.enterFirstName(UserValidation.java:45)
	at com.bridgelab.junituservalidation.UserValidation.enterFirstName(UserValidation.java:45)
	at com.bridgelab.junituservalidation.UserValidation.enterFirstName(UserValidation.java:45)
	at com.bridgelab.junituservalidation.UserValidation.enterFirstName(UserValidation.java:45)
	at com.bridgelab.junituservalidation.UserValidation.enterFirstName(UserValidation.java:45)
	at com.bridgelab.junituservalidation.UserValidation.enterFirstName(UserValidation.java:45)
	at com.bridgelab.junituservalidation.UserValidation.enterFirstName(UserValidation.java:45)
	at com.bridgelab.junituservalidation.UserValidation.enterFirstName(UserValidation.java:45)
	at com.bridgelab.junituservalidation.UserValidation.enterFirstName(UserValidation.java:45)
	at com.bridgelab.junituservalidation.UserValidation.enterFirstName(UserValidation.java:45)
	at com.bridgelab.junituservalidation.UserValidation.enterFirstName(UserValidation.java:45)
	at com.bridgelab.junituservalidation.UserValidation.enterFirstName(UserValidation.java:45)
	at com.bridgelab.junituservalidation.UserValidation.enterFirstName(UserValidation.java:45)
	at com.bridgelab.junituservalidation.UserValidation.enterFirstName(UserValidation.java:45)
	at com.bridgelab.junituservalidation.UserValidation.enterFirstName(UserValidation.java:45)
	at com.bridgelab.junituservalidation.UserValidation.enterFirstName(UserValidation.java:45)
	at com.bridgelab.junituservalidation.UserValidation.enterFirstName(UserValidation.java:45)
	at com.bridgelab.junituservalidation.UserValidation.enterFirstName(UserValidation.java:45)
	at com.bridgelab.junituservalidation.UserValidation.enterFirstName(UserValidation.java:45)
	at com.bridgelab.junituservalidation.UserValidation.enterFirstName(UserValidation.java:45)
	at com.bridgelab.junituservalidation.UserValidation.enterFirstName(UserValidation.java:45)
	at com.bridgelab.junituservalidation.UserValidation.enterFirstName(UserValidation.java:45)
	at com.bridgelab.junituservalidation.UserValidation.enterFirstName(UserValidation.java:45)
	at com.bridgelab.junituservalidation.UserValidation.enterFirstName(UserValidation.java:45)
	at com.bridgelab.junituservalidation.UserValidation.enterFirstName(UserValidation.java:45)
	at com.bridgelab.junituservalidation.UserValidation.enterFirstName(UserValidation.java:45)
	at com.bridgelab.junituservalidation.UserValidation.enterFirstName(UserValidation.java:45)
	at com.bridgelab.junituservalidation.UserValidation.enterFirstName(UserValidation.java:45)
	at com.bridgelab.junituservalidation.UserValidation.enterFirstName(UserValidation.java:45)
	at com.bridgelab.junituservalidation.UserValidation.enterFirstName(UserValidation.java:45)
	at com.bridgelab.junituservalidation.UserValidation.enterFirstName(UserValidation.java:45)
	at com.bridgelab.junituservalidation.UserValidation.enterFirstName(UserValidation.java:45)
	at com.bridgelab.junituservalidation.UserValidation.enterFirstName(UserValidation.java:45)
	at com.bridgelab.junituservalidation.UserValidation.enterFirstName(UserValidation.java:45)
	at com.bridgelab.junituservalidation.UserValidation.enterFirstName(UserValidation.java:45)
	at com.bridgelab.junituservalidation.UserValidation.enterFirstName(UserValidation.java:45)
	at com.bridgelab.junituservalidation.UserValidation.enterFirstName(UserValidation.java:45)
	at com.bridgelab.junituservalidation.UserValidation.enterFirstName(UserValidation.java:45)
	at com.bridgelab.junituservalidation.UserValidation.enterFirstName(UserValidation.java:45)
	at com.bridgelab.junituservalidation.UserValidation.enterFirstName(UserValidation.java:45)
	at com.bridgelab.junituservalidation.UserValidation.enterFirstName(UserValidation.java:45)
	at com.bridgelab.junituservalidation.UserValidation.enterFirstName(UserValidation.java:45)
	at com.bridgelab.junituservalidation.UserValidation.enterFirstName(UserValidation.java:45)
	at com.bridgelab.junituservalidation.UserValidation.enterFirstName(UserValidation.java:45)
	at com.bridgelab.junituservalidation.UserValidation.enterFirstName(UserValidation.java:45)
	at com.bridgelab.junituservalidation.UserValidation.enterFirstName(UserValidation.java:45)
	at com.bridgelab.junituservalidation.UserValidation.enterFirstName(UserValidation.java:45)
	at com.bridgelab.junituservalidation.UserValidation.enterFirstName(UserValidation.java:45)
	at com.bridgelab.junituservalidation.UserValidation.enterFirstName(UserValidation.java:45)
	at com.bridgelab.junituservalidation.UserValidation.enterFirstName(UserValidation.java:45)
	at com.bridgelab.junituservalidation.UserValidation.enterFirstName(UserValidation.java:45)
	at com.bridgelab.junituservalidation.UserValidation.enterFirstName(UserValidation.java:45)
	at com.bridgelab.junituservalidation.UserValidation.enterFirstName(UserValidation.java:45)
	at com.bridgelab.junituservalidation.UserValidation.enterFirstName(UserValidation.java:45)
	at com.bridgelab.junituservalidation.UserValidation.enterFirstName(UserValidation.java:45)
	at com.bridgelab.junituservalidation.UserValidation.enterFirstName(UserValidation.java:45)
	at com.bridgelab.junituservalidation.UserValidation.enterFirstName(UserValidation.java:45)
	at com.bridgelab.junituservalidation.UserValidation.enterFirstName(UserValidation.java:45)
	at com.bridgelab.junituservalidation.UserValidation.enterFirstName(UserValidation.java:45)
	at com.bridgelab.junituservalidation.UserValidation.enterFirstName(UserValidation.java:45)
	at com.bridgelab.junituservalidation.UserValidation.enterFirstName(UserValidation.java:45)
	at com.bridgelab.junituservalidation.UserValidation.enterFirstName(UserValidation.java:45)
	at com.bridgelab.junituservalidation.UserValidation.enterFirstName(UserValidation.java:45)
	at com.bridgelab.junituservalidation.UserValidation.enterFirstName(UserValidation.java:45)
	at com.bridgelab.junituservalidation.UserValidation.enterFirstName(UserValidation.java:45)
	at com.bridgelab.junituservalidation.UserValidation.enterFirstName(UserValidation.java:45)
	at com.bridgelab.junituservalidation.UserValidation.enterFirstName(UserValidation.java:45)
	at com.bridgelab.junituservalidation.UserValidation.enterFirstName(UserValidation.java:45)
	at com.bridgelab.junituservalidation.UserValidation.enterFirstName(UserValidation.java:45)
	at com.bridgelab.junituservalidation.UserValidation.enterFirstName(UserValidation.java:45)
	at com.bridgelab.junituservalidation.UserValidation.enterFirstName(UserValidation.java:45)
	at com.bridgelab.junituservalidation.UserValidation.enterFirstName(UserValidation.java:45)
	at com.bridgelab.junituservalidation.UserValidation.enterFirstName(UserValidation.java:45)
	at com.bridgelab.junituservalidation.UserValidation.enterFirstName(UserValidation.java:45)
	at com.bridgelab.junituservalidation.UserValidation.enterFirstName(UserValidation.java:45)
	at com.bridgelab.junituservalidation.UserValidation.enterFirstName(UserValidation.java:45)
	at com.bridgelab.junituservalidation.UserValidation.enterFirstName(UserValidation.java:45)
	at com.bridgelab.junituservalidation.UserValidation.enterFirstName(UserValidation.java:45)
	at com.bridgelab.junituservalidation.UserValidation.enterFirstName(UserValidation.java:45)
	at com.bridgelab.junituservalidation.UserValidation.enterFirstName(UserValidation.java:45)
	at com.bridgelab.junituservalidation.UserValidation.enterFirstName(UserValidation.java:45)
	at com.bridgelab.junituservalidation.UserValidation.enterFirstName(UserValidation.java:45)
	at com.bridgelab.junituservalidation.UserValidation.enterFirstName(UserValidation.java:45)
	at com.bridgelab.junituservalidation.UserValidation.enterFirstName(UserValidation.java:45)
	at com.bridgelab.junituservalidation.UserValidation.enterFirstName(UserValidation.java:45)
	at com.bridgelab.junituservalidation.UserValidation.enterFirstName(UserValidation.java:45)
	at com.bridgelab.junituservalidation.UserValidation.enterFirstName(UserValidation.java:45)
	at com.bridgelab.junituservalidation.UserValidation.enterFirstName(UserValidation.java:45)
	at com.bridgelab.junituservalidation.UserValidation.enterFirstName(UserValidation.java:45)
	at com.bridgelab.junituservalidation.UserValidation.enterFirstName(UserValidation.java:45)
	at com.bridgelab.junituservalidation.UserValidation.enterFirstName(UserValidation.java:45)
	at com.bridgelab.junituservalidation.UserValidation.enterFirstName(UserValidation.java:45)
	at com.bridgelab.junituservalidation.UserValidation.enterFirstName(UserValidation.java:45)
	at com.bridgelab.junituservalidation.UserValidation.enterFirstName(UserValidation.java:45)
	at com.bridgelab.junituservalidation.UserValidation.enterFirstName(UserValidation.java:45)
	at com.bridgelab.junituservalidation.UserValidation.enterFirstName(UserValidation.java:45)
	at com.bridgelab.junituservalidation.UserValidation.enterFirstName(UserValidation.java:45)
	at com.bridgelab.junituservalidation.UserValidation.enterFirstName(UserValidation.java:45)
	at com.bridgelab.junituservalidation.UserValidation.enterFirstName(UserValidation.java:45)
	at com.bridgelab.junituservalidation.UserValidation.enterFirstName(UserValidation.java:45)
	at com.bridgelab.junituservalidation.UserValidation.enterFirstName(UserValidation.java:45)
	at com.bridgelab.junituservalidation.UserValidation.enterFirstName(UserValidation.java:45)
	at com.bridgelab.junituservalidation.UserValidation.enterFirstName(UserValidation.java:45)
	at com.bridgelab.junituservalidation.UserValidation.enterFirstName(UserValidation.java:45)
	at com.bridgelab.junituservalidation.UserValidation.enterFirstName(UserValidation.java:45)
	at com.bridgelab.junituservalidation.UserValidation.enterFirstName(UserValidation.java:45)
	at com.bridgelab.junituservalidation.UserValidation.enterFirstName(UserValidation.java:45)
	at com.bridgelab.junituservalidation.UserValidation.enterFirstName(UserValidation.java:45)
	at com.bridgelab.junituservalidation.UserValidation.enterFirstName(UserValidation.java:45)
	at com.bridgelab.junituservalidation.UserValidation.enterFirstName(UserValidation.java:45)
	at com.bridgelab.junituservalidation.UserValidation.enterFirstName(UserValidation.java:45)
	at com.bridgelab.junituservalidation.UserValidation.enterFirstName(UserValidation.java:45)
	at com.bridgelab.junituservalidation.UserValidation.enterFirstName(UserValidation.java:45)
	at com.bridgelab.junituservalidation.UserValidation.enterFirstName(UserValidation.java:45)
	at com.bridgelab.junituservalidation.UserValidation.enterFirstName(UserValidation.java:45)
	at com.bridgelab.junituservalidation.UserValidation.enterFirstName(UserValidation.java:45)
	at com.bridgelab.junituservalidation.UserValidation.enterFirstName(UserValidation.java:45)
	at com.bridgelab.junituservalidation.UserValidation.enterFirstName(UserValidation.java:45)
	at com.bridgelab.junituservalidation.UserValidation.enterFirstName(UserValidation.java:45)
	at com.bridgelab.junituservalidation.UserValidation.enterFirstName(UserValidation.java:45)
	at com.bridgelab.junituservalidation.UserValidation.enterFirstName(UserValidation.java:45)
	at com.bridgelab.junituservalidation.UserValidation.enterFirstName(UserValidation.java:45)
	at com.bridgelab.junituservalidation.UserValidation.enterFirstName(UserValidation.java:45)
	at com.bridgelab.junituservalidation.UserValidation.enterFirstName(UserValidation.java:45)
	at com.bridgelab.junituservalidation.UserValidation.enterFirstName(UserValidation.java:45)
	at com.bridgelab.junituservalidation.UserValidation.enterFirstName(UserValidation.java:45)
	at com.bridgelab.junituservalidation.UserValidation.enterFirstName(UserValidation.java:45)
	at com.bridgelab.junituservalidation.UserValidation.enterFirstName(UserValidation.java:45)
	at com.bridgelab.junituservalidation.UserValidation.enterFirstName(UserValidation.java:45)
	at com.bridgelab.junituservalidation.UserValidation.enterFirstName(UserValidation.java:45)
	at com.bridgelab.junituservalidation.UserValidation.enterFirstName(UserValidation.java:45)
	at com.bridgelab.junituservalidation.UserValidation.enterFirstName(UserValidation.java:45)
	at com.bridgelab.junituservalidation.UserValidation.enterFirstName(UserValidation.java:45)
	at com.bridgelab.junituservalidation.UserValidation.enterFirstName(UserValidation.java:45)
	at com.bridgelab.junituservalidation.UserValidation.enterFirstName(UserValidation.java:45)
	at com.bridgelab.junituservalidation.UserValidation.enterFirstName(UserValidation.java:45)
	at com.bridgelab.junituservalidation.UserValidation.enterFirstName(UserValidation.java:45)
	at com.bridgelab.junituservalidation.UserValidation.enterFirstName(UserValidation.java:45)
	at com.bridgelab.junituservalidation.UserValidation.enterFirstName(UserValidation.java:45)
	at com.bridgelab.junituservalidation.UserValidation.enterFirstName(UserValidation.java:45)
	at com.bridgelab.junituservalidation.UserValidation.enterFirstName(UserValidation.java:45)
	at com.bridgelab.junituservalidation.UserValidation.enterFirstName(UserValidation.java:45)
	at com.bridgelab.junituservalidation.UserValidation.enterFirstName(UserValidation.java:45)
	at com.bridgelab.junituservalidation.UserValidation.enterFirstName(UserValidation.java:45)
	at com.bridgelab.junituservalidation.UserValidation.enterFirstName(UserValidation.java:45)
	at com.bridgelab.junituservalidation.UserValidation.enterFirstName(UserValidation.java:45)
	at com.bridgelab.junituservalidation.UserValidation.enterFirstName(UserValidation.java:45)
	at com.bridgelab.junituservalidation.UserValidation.enterFirstName(UserValidation.java:45)
	at com.bridgelab.junituservalidation.UserValidation.enterFirstName(UserValidation.java:45)
	at com.bridgelab.junituservalidation.UserValidation.enterFirstName(UserValidation.java:45)
	at com.bridgelab.junituservalidation.UserValidation.enterFirstName(UserValidation.java:45)
	at com.bridgelab.junituservalidation.UserValidation.enterFirstName(UserValidation.java:45)
	at com.bridgelab.junituservalidation.UserValidation.enterFirstName(UserValidation.java:45)
	at com.bridgelab.junituservalidation.UserValidation.enterFirstName(UserValidation.java:45)
	at com.bridgelab.junituservalidation.UserValidation.enterFirstName(UserValidation.java:45)
	at com.bridgelab.junituservalidation.UserValidation.enterFirstName(UserValidation.java:45)
	at com.bridgelab.junituservalidation.UserValidation.enterFirstName(UserValidation.java:45)
	at com.bridgelab.junituservalidation.UserValidation.enterFirstName(UserValidation.java:45)
	at com.bridgelab.junituservalidation.UserValidation.enterFirstName(UserValidation.java:45)
	at com.bridgelab.junituservalidation.UserValidation.enterFirstName(UserValidation.java:45)
	at com.bridgelab.junituservalidation.UserValidation.enterFirstName(UserValidation.java:45)
	at com.bridgelab.junituservalidation.UserValidation.enterFirstName(UserValidation.java:45)
	at com.bridgelab.junituservalidation.UserValidation.enterFirstName(UserValidation.java:45)
	at com.bridgelab.junituservalidation.UserValidation.enterFirstName(UserValidation.java:45)
	at com.bridgelab.junituservalidation.UserValidation.enterFirstName(UserValidation.java:45)
	at com.bridgelab.junituservalidation.UserValidation.enterFirstName(UserValidation.java:45)
	at com.bridgelab.junituservalidation.UserValidation.enterFirstName(UserValidation.java:45)
	at com.bridgelab.junituservalidation.UserValidation.enterFirstName(UserValidation.java:45)
	at com.bridgelab.junituservalidation.UserValidation.enterFirstName(UserValidation.java:45)
	at com.bridgelab.junituservalidation.UserValidation.enterFirstName(UserValidation.java:45)
	at com.bridgelab.junituservalidation.UserValidation.enterFirstName(UserValidation.java:45)
	at com.bridgelab.junituservalidation.UserValidation.enterFirstName(UserValidation.java:45)
	at com.bridgelab.junituservalidation.UserValidation.enterFirstName(UserValidation.java:45)
	at com.bridgelab.junituservalidation.UserValidation.enterFirstName(UserValidation.java:45)
	at com.bridgelab.junituservalidation.UserValidation.enterFirstName(UserValidation.java:45)
	at com.bridgelab.junituservalidation.UserValidation.enterFirstName(UserValidation.java:45)
	at com.bridgelab.junituservalidation.UserValidation.enterFirstName(UserValidation.java:45)
	at com.bridgelab.junituservalidation.UserValidation.enterFirstName(UserValidation.java:45)
	at com.bridgelab.junituservalidation.UserValidation.enterFirstName(UserValidation.java:45)
	at com.bridgelab.junituservalidation.UserValidation.enterFirstName(UserValidation.java:45)
	at com.bridgelab.junituservalidation.UserValidation.enterFirstName(UserValidation.java:45)
	at com.bridgelab.junituservalidation.UserValidation.enterFirstName(UserValidation.java:45)
	at com.bridgelab.junituservalidation.UserValidation.enterFirstName(UserValidation.java:45)
	at com.bridgelab.junituservalidation.UserValidation.enterFirstName(UserValidation.java:45)
	at com.bridgelab.junituservalidation.UserValidation.enterFirstName(UserValidation.java:45)
	at com.bridgelab.junituservalidation.UserValidation.enterFirstName(UserValidation.java:45)
	at com.bridgelab.junituservalidation.UserValidation.enterFirstName(UserValidation.java:45)
	at com.bridgelab.junituservalidation.UserValidation.enterFirstName(UserValidation.java:45)
	at com.bridgelab.junituservalidation.UserValidation.enterFirstName(UserValidation.java:45)
	at com.bridgelab.junituservalidation.UserValidation.enterFirstName(UserValidation.java:45)
	at com.bridgelab.junituservalidation.UserValidation.enterFirstName(UserValidation.java:45)
	at com.bridgelab.junituservalidation.UserValidation.enterFirstName(UserValidation.java:45)
	at com.bridgelab.junituservalidation.UserValidation.enterFirstName(UserValidation.java:45)
	at com.bridgelab.junituservalidation.UserValidation.enterFirstName(UserValidation.java:45)
	at com.bridgelab.junituservalidation.UserValidation.enterFirstName(UserValidation.java:45)
	at com.bridgelab.junituservalidation.UserValidation.enterFirstName(UserValidation.java:45)
	at com.bridgelab.junituservalidation.UserValidation.enterFirstName(UserValidation.java:45)
	at com.bridgelab.junituservalidation.UserValidation.enterFirstName(UserValidation.java:45)
	at com.bridgelab.junituservalidation.UserValidation.enterFirstName(UserValidation.java:45)
	at com.bridgelab.junituservalidation.UserValidation.enterFirstName(UserValidation.java:45)
	at com.bridgelab.junituservalidation.UserValidation.enterFirstName(UserValidation.java:45)
	at com.bridgelab.junituservalidation.UserValidation.enterFirstName(UserValidation.java:45)
	at com.bridgelab.junituservalidation.UserValidation.enterFirstName(UserValidation.java:45)
	at com.bridgelab.junituservalidation.UserValidation.enterFirstName(UserValidation.java:45)
	at com.bridgelab.junituservalidation.UserValidation.enterFirstName(UserValidation.java:45)
	at com.bridgelab.junituservalidation.UserValidation.enterFirstName(UserValidation.java:45)
	at com.bridgelab.junituservalidation.UserValidation.enterFirstName(UserValidation.java:45)
	at com.bridgelab.junituservalidation.UserValidation.enterFirstName(UserValidation.java:45)
	at com.bridgelab.junituservalidation.UserValidation.enterFirstName(UserValidation.java:45)
	at com.bridgelab.junituservalidation.UserValidation.enterFirstName(UserValidation.java:45)
	at com.bridgelab.junituservalidation.UserValidation.enterFirstName(UserValidation.java:45)
	at com.bridgelab.junituservalidation.UserValidation.enterFirstName(UserValidation.java:45)
	at com.bridgelab.junituservalidation.UserValidation.enterFirstName(UserValidation.java:45)
	at com.bridgelab.junituservalidation.UserValidation.enterFirstName(UserValidation.java:45)
	at com.bridgelab.junituservalidation.UserValidation.enterFirstName(UserValidation.java:45)
	at com.bridgelab.junituservalidation.UserValidation.enterFirstName(UserValidation.java:45)
	at com.bridgelab.junituservalidation.UserValidation.enterFirstName(UserValidation.java:45)
	at com.bridgelab.junituservalidation.UserValidation.enterFirstName(UserValidation.java:45)
	at com.bridgelab.junituservalidation.UserValidation.enterFirstName(UserValidation.java:45)
	at com.bridgelab.junituservalidation.UserValidation.enterFirstName(UserValidation.java:45)
	at com.bridgelab.junituservalidation.UserValidation.enterFirstName(UserValidation.java:45)
	at com.bridgelab.junituservalidation.UserValidation.enterFirstName(UserValidation.java:45)
	at com.bridgelab.junituservalidation.UserValidation.enterFirstName(UserValidation.java:45)
	at com.bridgelab.junituservalidation.UserValidation.enterFirstName(UserValidation.java:45)
	at com.bridgelab.junituservalidation.UserValidation.enterFirstName(UserValidation.java:45)
	at com.bridgelab.junituservalidation.UserValidation.enterFirstName(UserValidation.java:45)
	at com.bridgelab.junituservalidation.UserValidation.enterFirstName(UserValidation.java:45)
	at com.bridgelab.junituservalidation.UserValidation.enterFirstName(UserValidation.java:45)
	at com.bridgelab.junituservalidation.UserValidation.enterFirstName(UserValidation.java:45)
	at com.bridgelab.junituservalidation.UserValidation.enterFirstName(UserValidation.java:45)
	at com.bridgelab.junituservalidation.UserValidation.enterFirstName(UserValidation.java:45)
	at com.bridgelab.junituservalidation.UserValidation.enterFirstName(UserValidation.java:45)
	at com.bridgelab.junituservalidation.UserValidation.enterFirstName(UserValidation.java:45)
	at com.bridgelab.junituservalidation.UserValidation.enterFirstName(UserValidation.java:45)
	at com.bridgelab.junituservalidation.UserValidation.enterFirstName(UserValidation.java:45)
	at com.bridgelab.junituservalidation.UserValidation.enterFirstName(UserValidation.java:45)
	at com.bridgelab.junituservalidation.UserValidation.enterFirstName(UserValidation.java:45)
	at com.bridgelab.junituservalidation.UserValidation.enterFirstName(UserValidation.java:45)
	at com.bridgelab.junituservalidation.UserValidation.enterFirstName(UserValidation.java:45)
	at com.bridgelab.junituservalidation.UserValidation.enterFirstName(UserValidation.java:45)
	at com.bridgelab.junituservalidation.UserValidation.enterFirstName(UserValidation.java:45)
	at com.bridgelab.junituservalidation.UserValidation.enterFirstName(UserValidation.java:45)
	at com.bridgelab.junituservalidation.UserValidation.enterFirstName(UserValidation.java:45)
	at com.bridgelab.junituservalidation.UserValidation.enterFirstName(UserValidation.java:45)
	at com.bridgelab.junituservalidation.UserValidation.enterFirstName(UserValidation.java:45)
	at com.bridgelab.junituservalidation.UserValidation.enterFirstName(UserValidation.java:45)
	at com.bridgelab.junituservalidation.UserValidation.enterFirstName(UserValidation.java:45)
	at com.bridgelab.junituservalidation.UserValidation.enterFirstName(UserValidation.java:45)
	at com.bridgelab.junituservalidation.UserValidation.enterFirstName(UserValidation.java:45)
	at com.bridgelab.junituservalidation.UserValidation.enterFirstName(UserValidation.java:45)
	at com.bridgelab.junituservalidation.UserValidation.enterFirstName(UserValidation.java:45)
	at com.bridgelab.junituservalidation.UserValidation.enterFirstName(UserValidation.java:45)
	at com.bridgelab.junituservalidation.UserValidation.enterFirstName(UserValidation.java:45)
	at com.bridgelab.junituservalidation.UserValidation.enterFirstName(UserValidation.java:45)
	at com.bridgelab.junituservalidation.UserValidation.enterFirstName(UserValidation.java:45)
	at com.bridgelab.junituservalidation.UserValidation.enterFirstName(UserValidation.java:45)
	at com.bridgelab.junituservalidation.UserValidation.enterFirstName(UserValidation.java:45)
	at com.bridgelab.junituservalidation.UserValidation.enterFirstName(UserValidation.java:45)
	at com.bridgelab.junituservalidation.UserValidation.enterFirstName(UserValidation.java:45)
	at com.bridgelab.junituservalidation.UserValidation.enterFirstName(UserValidation.java:45)
	at com.bridgelab.junituservalidation.UserValidation.enterFirstName(UserValidation.java:45)
	at com.bridgelab.junituservalidation.UserValidation.enterFirstName(UserValidation.java:45)
	at com.bridgelab.junituservalidation.UserValidation.enterFirstName(UserValidation.java:45)
	at com.bridgelab.junituservalidation.UserValidation.enterFirstName(UserValidation.java:45)
	at com.bridgelab.junituservalidation.UserValidation.enterFirstName(UserValidation.java:45)
	at com.bridgelab.junituservalidation.UserValidation.enterFirstName(UserValidation.java:45)
	at com.bridgelab.junituservalidation.UserValidation.enterFirstName(UserValidation.java:45)
	at com.bridgelab.junituservalidation.UserValidation.enterFirstName(UserValidation.java:45)
	at com.bridgelab.junituservalidation.UserValidation.enterFirstName(UserValidation.java:45)
	at com.bridgelab.junituservalidation.UserValidation.enterFirstName(UserValidation.java:45)
	at com.bridgelab.junituservalidation.UserValidation.enterFirstName(UserValidation.java:45)
	at com.bridgelab.junituservalidation.UserValidation.enterFirstName(UserValidation.java:45)
	at com.bridgelab.junituservalidation.UserValidation.enterFirstName(UserValidation.java:45)
	at com.bridgelab.junituservalidation.UserValidation.enterFirstName(UserValidation.java:45)
	at com.bridgelab.junituservalidation.UserValidation.enterFirstName(UserValidation.java:45)
	at com.bridgelab.junituservalidation.UserValidation.enterFirstName(UserValidation.java:45)
	at com.bridgelab.junituservalidation.UserValidation.enterFirstName(UserValidation.java:45)
	at com.bridgelab.junituservalidation.UserValidation.enterFirstName(UserValidation.java:45)
	at com.bridgelab.junituservalidation.UserValidation.enterFirstName(UserValidation.java:45)
	at com.bridgelab.junituservalidation.UserValidation.enterFirstName(UserValidation.java:45)
	at com.bridgelab.junituservalidation.UserValidation.enterFirstName(UserValidation.java:45)
	at com.bridgelab.junituservalidation.UserValidation.enterFirstName(UserValidation.java:45)
	at com.bridgelab.junituservalidation.UserValidation.enterFirstName(UserValidation.java:45)
	at com.bridgelab.junituservalidation.UserValidation.enterFirstName(UserValidation.java:45)
	at com.bridgelab.junituservalidation.UserValidation.enterFirstName(UserValidation.java:45)
	at com.bridgelab.junituservalidation.UserValidation.enterFirstName(UserValidation.java:45)
	at com.bridgelab.junituservalidation.UserValidation.enterFirstName(UserValidation.java:45)
	at com.bridgelab.junituservalidation.UserValidation.enterFirstName(UserValidation.java:45)
	at com.bridgelab.junituservalidation.UserValidation.enterFirstName(UserValidation.java:45)
	at com.bridgelab.junituservalidation.UserValidation.enterFirstName(UserValidation.java:45)
	at com.bridgelab.junituservalidation.UserValidation.enterFirstName(UserValidation.java:45)
	at com.bridgelab.junituservalidation.UserValidation.enterFirstName(UserValidation.java:45)
	at com.bridgelab.junituservalidation.UserValidation.enterFirstName(UserValidation.java:45)
	at com.bridgelab.junituservalidation.UserValidation.enterFirstName(UserValidation.java:45)
	at com.bridgelab.junituservalidation.UserValidation.enterFirstName(UserValidation.java:45)
	at com.bridgelab.junituservalidation.UserValidation.enterFirstName(UserValidation.java:45)
	at com.bridgelab.junituservalidation.UserValidation.enterFirstName(UserValidation.java:45)
	at com.bridgelab.junituservalidation.UserValidation.enterFirstName(UserValidation.java:45)
	at com.bridgelab.junituservalidation.UserValidation.enterFirstName(UserValidation.java:45)
	at com.bridgelab.junituservalidation.UserValidation.enterFirstName(UserValidation.java:45)
	at com.bridgelab.junituservalidation.UserValidation.enterFirstName(UserValidation.java:45)
	at com.bridgelab.junituservalidation.UserValidation.enterFirstName(UserValidation.java:45)
	at com.bridgelab.junituservalidation.UserValidation.enterFirstName(UserValidation.java:45)
	at com.bridgelab.junituservalidation.UserValidation.enterFirstName(UserValidation.java:45)
	at com.bridgelab.junituservalidation.UserValidation.enterFirstName(UserValidation.java:45)
	at com.bridgelab.junituservalidation.UserValidation.enterFirstName(UserValidation.java:45)
	at com.bridgelab.junituservalidation.UserValidation.enterFirstName(UserValidation.java:45)
	at com.bridgelab.junituservalidation.UserValidation.enterFirstName(UserValidation.java:45)
	at com.bridgelab.junituservalidation.UserValidation.enterFirstName(UserValidation.java:45)
	at com.bridgelab.junituservalidation.UserValidation.enterFirstName(UserValidation.java:45)
	at com.bridgelab.junituservalidation.UserValidation.enterFirstName(UserValidation.java:45)
	at com.bridgelab.junituservalidation.UserValidation.enterFirstName(UserValidation.java:45)
	at com.bridgelab.junituservalidation.UserValidation.enterFirstName(UserValidation.java:45)
	at com.bridgelab.junituservalidation.UserValidation.enterFirstName(UserValidation.java:45)
	at com.bridgelab.junituservalidation.UserValidation.enterFirstName(UserValidation.java:45)
	at com.bridgelab.junituservalidation.UserValidation.enterFirstName(UserValidation.java:45)
	at com.bridgelab.junituservalidation.UserValidation.enterFirstName(UserValidation.java:45)
	at com.bridgelab.junituservalidation.UserValidation.enterFirstName(UserValidation.java:45)
	at com.bridgelab.junituservalidation.UserValidation.enterFirstName(UserValidation.java:45)
	at com.bridgelab.junituservalidation.UserValidation.enterFirstName(UserValidation.java:45)
	at com.bridgelab.junituservalidation.UserValidation.enterFirstName(UserValidation.java:45)
	at com.bridgelab.junituservalidation.UserValidation.enterFirstName(UserValidation.java:45)
	at com.bridgelab.junituservalidation.UserValidation.enterFirstName(UserValidation.java:45)
	at com.bridgelab.junituservalidation.UserValidation.enterFirstName(UserValidation.java:45)
	at com.bridgelab.junituservalidation.UserValidation.enterFirstName(UserValidation.java:45)
	at com.bridgelab.junituservalidation.UserValidation.enterFirstName(UserValidation.java:45)
	at com.bridgelab.junituservalidation.UserValidation.enterFirstName(UserValidation.java:45)
	at com.bridgelab.junituservalidation.UserValidation.enterFirstName(UserValidation.java:45)
	at com.bridgelab.junituservalidation.UserValidation.enterFirstName(UserValidation.java:45)
	at com.bridgelab.junituservalidation.UserValidation.enterFirstName(UserValidation.java:45)
	at com.bridgelab.junituservalidation.UserValidation.enterFirstName(UserValidation.java:45)
	at com.bridgelab.junituservalidation.UserValidation.enterFirstName(UserValidation.java:45)
	at com.bridgelab.junituservalidation.UserValidation.enterFirstName(UserValidation.java:45)
	at com.bridgelab.junituservalidation.UserValidation.enterFirstName(UserValidation.java:45)
	at com.bridgelab.junituservalidation.UserValidation.enterFirstName(UserValidation.java:45)
	at com.bridgelab.junituservalidation.UserValidation.enterFirstName(UserValidation.java:45)
	at com.bridgelab.junituservalidation.UserValidation.enterFirstName(UserValidation.java:45)
	at com.bridgelab.junituservalidation.UserValidation.enterFirstName(UserValidation.java:45)
	at com.bridgelab.junituservalidation.UserValidation.enterFirstName(UserValidation.java:45)
	at com.bridgelab.junituservalidation.UserValidation.enterFirstName(UserValidation.java:45)
	at com.bridgelab.junituservalidation.UserValidation.enterFirstName(UserValidation.java:45)
	at com.bridgelab.junituservalidation.UserValidation.enterFirstName(UserValidation.java:45)
	at com.bridgelab.junituservalidation.UserValidation.enterFirstName(UserValidation.java:45)
	at com.bridgelab.junituservalidation.UserValidation.enterFirstName(UserValidation.java:45)
	at com.bridgelab.junituservalidation.UserValidation.enterFirstName(UserValidation.java:45)
	at com.bridgelab.junituservalidation.UserValidation.enterFirstName(UserValidation.java:45)
	at com.bridgelab.junituservalidation.UserValidation.enterFirstName(UserValidation.java:45)
	at com.bridgelab.junituservalidation.UserValidation.enterFirstName(UserValidation.java:45)
	at com.bridgelab.junituservalidation.UserValidation.enterFirstName(UserValidation.java:45)
	at com.bridgelab.junituservalidation.UserValidation.enterFirstName(UserValidation.java:45)
	at com.bridgelab.junituservalidation.UserValidation.enterFirstName(UserValidation.java:45)
	at com.bridgelab.junituservalidation.UserValidation.enterFirstName(UserValidation.java:45)
	at com.bridgelab.junituservalidation.UserValidation.enterFirstName(UserValidation.java:45)
	at com.bridgelab.junituservalidation.UserValidation.enterFirstName(UserValidation.java:45)
	at com.bridgelab.junituservalidation.UserValidation.enterFirstName(UserValidation.java:45)
	at com.bridgelab.junituservalidation.UserValidation.enterFirstName(UserValidation.java:45)
	at com.bridgelab.junituservalidation.UserValidation.enterFirstName(UserValidation.java:45)
	at com.bridgelab.junituservalidation.UserValidation.enterFirstName(UserValidation.java:45)
	at com.bridgelab.junituservalidation.UserValidation.enterFirstName(UserValidation.java:45)
	at com.bridgelab.junituservalidation.UserValidation.enterFirstName(UserValidation.java:45)
	at com.bridgelab.junituservalidation.UserValidation.enterFirstName(UserValidation.java:45)
	at com.bridgelab.junituservalidation.UserValidation.enterFirstName(UserValidation.java:45)
	at com.bridgelab.junituservalidation.UserValidation.enterFirstName(UserValidation.java:45)
	at com.bridgelab.junituservalidation.UserValidation.enterFirstName(UserValidation.java:45)
	at com.bridgelab.junituservalidation.UserValidation.enterFirstName(UserValidation.java:45)
	at com.bridgelab.junituservalidation.UserValidation.enterFirstName(UserValidation.java:45)
	at com.bridgelab.junituservalidation.UserValidation.enterFirstName(UserValidation.java:45)
	at com.bridgelab.junituservalidation.UserValidation.enterFirstName(UserValidation.java:45)
	at com.bridgelab.junituservalidation.UserValidation.enterFirstName(UserValidation.java:45)
	at com.bridgelab.junituservalidation.UserValidation.enterFirstName(UserValidation.java:45)
	at com.bridgelab.junituservalidation.UserValidation.enterFirstName(UserValidation.java:45)
	at com.bridgelab.junituservalidation.UserValidation.enterFirstName(UserValidation.java:45)
	at com.bridgelab.junituservalidation.UserValidation.enterFirstName(UserValidation.java:45)
	at com.bridgelab.junituservalidation.UserValidation.enterFirstName(UserValidation.java:45)
	at com.bridgelab.junituservalidation.UserValidation.enterFirstName(UserValidation.java:45)
	at com.bridgelab.junituservalidation.UserValidation.enterFirstName(UserValidation.java:45)
	at com.bridgelab.junituservalidation.UserValidation.enterFirstName(UserValidation.java:45)
	at com.bridgelab.junituservalidation.UserValidation.enterFirstName(UserValidation.java:45)
	at com.bridgelab.junituservalidation.UserValidation.enterFirstName(UserValidation.java:45)
	at com.bridgelab.junituservalidation.UserValidation.enterFirstName(UserValidation.java:45)
	at com.bridgelab.junituservalidation.UserValidation.enterFirstName(UserValidation.java:45)
	at com.bridgelab.junituservalidation.UserValidation.enterFirstName(UserValidation.java:45)
	at com.bridgelab.junituservalidation.UserValidation.enterFirstName(UserValidation.java:45)
	at com.bridgelab.junituservalidation.UserValidation.enterFirstName(UserValidation.java:45)
	at com.bridgelab.junituservalidation.UserValidation.enterFirstName(UserValidation.java:45)
	at com.bridgelab.junituservalidation.UserValidation.enterFirstName(UserValidation.java:45)
	at com.bridgelab.junituservalidation.UserValidation.enterFirstName(UserValidation.java:45)
	at com.bridgelab.junituservalidation.UserValidation.enterFirstName(UserValidation.java:45)
	at com.bridgelab.junituservalidation.UserValidation.enterFirstName(UserValidation.java:45)
	at com.bridgelab.junituservalidation.UserValidation.enterFirstName(UserValidation.java:45)
	at com.bridgelab.junituservalidation.UserValidation.enterFirstName(UserValidation.java:45)
	at com.bridgelab.junituservalidation.UserValidation.enterFirstName(UserValidation.java:45)
	at com.bridgelab.junituservalidation.UserValidation.enterFirstName(UserValidation.java:45)
	at com.bridgelab.junituservalidation.UserValidation.enterFirstName(UserValidation.java:45)
	at com.bridgelab.junituservalidation.UserValidation.enterFirstName(UserValidation.java:45)
	at com.bridgelab.junituservalidation.UserValidation.enterFirstName(UserValidation.java:45)
	at com.bridgelab.junituservalidation.UserValidation.enterFirstName(UserValidation.java:45)
	at com.bridgelab.junituservalidation.UserValidation.enterFirstName(UserValidation.java:45)
	at com.bridgelab.junituservalidation.UserValidation.enterFirstName(UserValidation.java:45)
	at com.bridgelab.junituservalidation.UserValidation.enterFirstName(UserValidation.java:45)
	at com.bridgelab.junituservalidation.UserValidation.enterFirstName(UserValidation.java:45)
	at com.bridgelab.junituservalidation.UserValidation.enterFirstName(UserValidation.java:45)
	at com.bridgelab.junituservalidation.UserValidation.enterFirstName(UserValidation.java:45)
	at com.bridgelab.junituservalidation.UserValidation.enterFirstName(UserValidation.java:45)
	at com.bridgelab.junituservalidation.UserValidation.enterFirstName(UserValidation.java:45)
	at com.bridgelab.junituservalidation.UserValidation.enterFirstName(UserValidation.java:45)
	at com.bridgelab.junituservalidation.UserValidation.enterFirstName(UserValidation.java:45)
	at com.bridgelab.junituservalidation.UserValidation.enterFirstName(UserValidation.java:45)
	at com.bridgelab.junituservalidation.UserValidation.enterFirstName(UserValidation.java:45)
	at com.bridgelab.junituservalidation.UserValidation.enterFirstName(UserValidation.java:45)
	at com.bridgelab.junituservalidation.UserValidation.enterFirstName(UserValidation.java:45)
	at com.bridgelab.junituservalidation.UserValidation.enterFirstName(UserValidation.java:45)
	at com.bridgelab.junituservalidation.UserValidation.enterFirstName(UserValidation.java:45)
	at com.bridgelab.junituservalidation.UserValidation.enterFirstName(UserValidation.java:45)
	at com.bridgelab.junituservalidation.UserValidation.enterFirstName(UserValidation.java:45)
	at com.bridgelab.junituservalidation.UserValidation.enterFirstName(UserValidation.java:45)
	at com.bridgelab.junituservalidation.UserValidation.enterFirstName(UserValidation.java:45)
	at com.bridgelab.junituservalidation.UserValidation.enterFirstName(UserValidation.java:45)
	at com.bridgelab.junituservalidation.UserValidation.enterFirstName(UserValidation.java:45)
	at com.bridgelab.junituservalidation.UserValidation.enterFirstName(UserValidation.java:45)
	at com.bridgelab.junituservalidation.UserValidation.enterFirstName(UserValidation.java:45)
	at com.bridgelab.junituservalidation.UserValidation.enterFirstName(UserValidation.java:45)
	at com.bridgelab.junituservalidation.UserValidation.enterFirstName(UserValidation.java:45)
	at com.bridgelab.junituservalidation.UserValidation.enterFirstName(UserValidation.java:45)
	at com.bridgelab.junituservalidation.UserValidation.enterFirstName(UserValidation.java:45)
	at com.bridgelab.junituservalidation.UserValidation.enterFirstName(UserValidation.java:45)
	at com.bridgelab.junituservalidation.UserValidation.enterFirstName(UserValidation.java:45)
	at com.bridgelab.junituservalidation.UserValidation.enterFirstName(UserValidation.java:45)
	at com.bridgelab.junituservalidation.UserValidation.enterFirstName(UserValidation.java:45)
	at com.bridgelab.junituservalidation.UserValidation.enterFirstName(UserValidation.java:45)
	at com.bridgelab.junituservalidation.UserValidation.enterFirstName(UserValidation.java:45)
	at com.bridgelab.junituservalidation.UserValidation.enterFirstName(UserValidation.java:45)
	at com.bridgelab.junituservalidation.UserValidation.enterFirstName(UserValidation.java:45)
	at com.bridgelab.junituservalidation.UserValidation.enterFirstName(UserValidation.java:45)
	at com.bridgelab.junituservalidation.UserValidation.enterFirstName(UserValidation.java:45)
	at com.bridgelab.junituservalidation.UserValidation.enterFirstName(UserValidation.java:45)
	at com.bridgelab.junituservalidation.UserValidation.enterFirstName(UserValidation.java:45)
	at com.bridgelab.junituservalidation.UserValidation.enterFirstName(UserValidation.java:45)
	at com.bridgelab.junituservalidation.UserValidation.enterFirstName(UserValidation.java:45)
	at com.bridgelab.junituservalidation.UserValidation.enterFirstName(UserValidation.java:45)
	at com.bridgelab.junituservalidation.UserValidation.enterFirstName(UserValidation.java:45)
	at com.bridgelab.junituservalidation.UserValidation.enterFirstName(UserValidation.java:45)
	at com.bridgelab.junituservalidation.UserValidation.enterFirstName(UserValidation.java:45)
	at com.bridgelab.junituservalidation.UserValidation.enterFirstName(UserValidation.java:45)
	at com.bridgelab.junituservalidation.UserValidation.enterFirstName(UserValidation.java:45)
	at com.bridgelab.junituservalidation.UserValidation.enterFirstName(UserValidation.java:45)
	at com.bridgelab.junituservalidation.UserValidation.enterFirstName(UserValidation.java:45)
	at com.bridgelab.junituservalidation.UserValidation.enterFirstName(UserValidation.java:45)
	at com.bridgelab.junituservalidation.UserValidation.enterFirstName(UserValidation.java:45)
	at com.bridgelab.junituservalidation.UserValidation.enterFirstName(UserValidation.java:45)
	at com.bridgelab.junituservalidation.UserValidation.enterFirstName(UserValidation.java:45)
	at com.bridgelab.junituservalidation.UserValidation.enterFirstName(UserValidation.java:45)
	at com.bridgelab.junituservalidation.UserValidation.enterFirstName(UserValidation.java:45)
	at com.bridgelab.junituservalidation.UserValidation.enterFirstName(UserValidation.java:45)
	at com.bridgelab.junituservalidation.UserValidation.enterFirstName(UserValidation.java:45)
	at com.bridgelab.junituservalidation.UserValidation.enterFirstName(UserValidation.java:45)
	at com.bridgelab.junituservalidation.UserValidation.enterFirstName(UserValidation.java:45)
	at com.bridgelab.junituservalidation.UserValidation.enterFirstName(UserValidation.java:45)
	at com.bridgelab.junituservalidation.UserValidation.enterFirstName(UserValidation.java:45)
	at com.bridgelab.junituservalidation.UserValidation.enterFirstName(UserValidation.java:45)
	at com.bridgelab.junituservalidation.UserValidation.enterFirstName(UserValidation.java:45)
	at com.bridgelab.junituservalidation.UserValidation.enterFirstName(UserValidation.java:45)
	at com.bridgelab.junituservalidation.UserValidation.enterFirstName(UserValidation.java:45)
	at com.bridgelab.junituservalidation.UserValidation.enterFirstName(UserValidation.java:45)
	at com.bridgelab.junituservalidation.UserValidation.enterFirstName(UserValidation.java:45)
	at com.bridgelab.junituservalidation.UserValidation.enterFirstName(UserValidation.java:45)
	at com.bridgelab.junituservalidation.UserValidation.enterFirstName(UserValidation.java:45)
	at com.bridgelab.junituservalidation.UserValidation.enterFirstName(UserValidation.java:45)
	at com.bridgelab.junituservalidation.UserValidation.enterFirstName(UserValidation.java:45)
	at com.bridgelab.junituservalidation.UserValidation.enterFirstName(UserValidation.java:45)
	at com.bridgelab.junituservalidation.UserValidation.enterFirstName(UserValidation.java:45)
	at com.bridgelab.junituservalidation.UserValidation.enterFirstName(UserValidation.java:45)
	at com.bridgelab.junituservalidation.UserValidation.enterFirstName(UserValidation.java:45)
	at com.bridgelab.junituservalidation.UserValidation.enterFirstName(UserValidation.java:45)
	at com.bridgelab.junituservalidation.UserValidation.enterFirstName(UserValidation.java:45)
	at com.bridgelab.junituservalidation.UserValidation.enterFirstName(UserValidation.java:45)
	at com.bridgelab.junituservalidation.UserValidation.enterFirstName(UserValidation.java:45)
	at com.bridgelab.junituservalidation.UserValidation.enterFirstName(UserValidation.java:45)
	at com.bridgelab.junituservalidation.UserValidation.enterFirstName(UserValidation.java:45)
	at com.bridgelab.junituservalidation.UserValidation.enterFirstName(UserValidation.java:45)
	at com.bridgelab.junituservalidation.UserValidation.enterFirstName(UserValidation.java:45)
	at com.bridgelab.junituservalidation.UserValidation.enterFirstName(UserValidation.java:45)
	at com.bridgelab.junituservalidation.UserValidation.enterFirstName(UserValidation.java:45)
	at com.bridgelab.junituservalidation.UserValidation.enterFirstName(UserValidation.java:45)
	at com.bridgelab.junituservalidation.UserValidation.enterFirstName(UserValidation.java:45)
	at com.bridgelab.junituservalidation.UserValidation.enterFirstName(UserValidation.java:45)
	at com.bridgelab.junituservalidation.UserValidation.enterFirstName(UserValidation.java:45)
	at com.bridgelab.junituservalidation.UserValidation.enterFirstName(UserValidation.java:45)
	at com.bridgelab.junituservalidation.UserValidation.enterFirstName(UserValidation.java:45)
	at com.bridgelab.junituservalidation.UserValidation.enterFirstName(UserValidation.java:45)
	at com.bridgelab.junituservalidation.UserValidation.enterFirstName(UserValidation.java:45)
	at com.bridgelab.junituservalidation.UserValidation.enterFirstName(UserValidation.java:45)
	at com.bridgelab.junituservalidation.UserValidation.enterFirstName(UserValidation.java:45)
	at com.bridgelab.junituservalidation.UserValidation.enterFirstName(UserValidation.java:45)
	at com.bridgelab.junituservalidation.UserValidation.enterFirstName(UserValidation.java:45)
	at com.bridgelab.junituservalidation.UserValidation.enterFirstName(UserValidation.java:45)
	at com.bridgelab.junituservalidation.UserValidation.enterFirstName(UserValidation.java:45)
	at com.bridgelab.junituservalidation.UserValidation.enterFirstName(UserValidation.java:45)
	at com.bridgelab.junituservalidation.UserValidation.enterFirstName(UserValidation.java:45)
	at com.bridgelab.junituservalidation.UserValidation.enterFirstName(UserValidation.java:45)
	at com.bridgelab.junituservalidation.UserValidation.enterFirstName(UserValidation.java:45)
	at com.bridgelab.junituservalidation.UserValidation.enterFirstName(UserValidation.java:45)
	at com.bridgelab.junituservalidation.UserValidation.enterFirstName(UserValidation.java:45)
	at com.bridgelab.junituservalidation.UserValidation.enterFirstName(UserValidation.java:45)
	at com.bridgelab.junituservalidation.UserValidation.enterFirstName(UserValidation.java:45)
	at com.bridgelab.junituservalidation.UserValidation.enterFirstName(UserValidation.java:45)
	at com.bridgelab.junituservalidation.UserValidation.enterFirstName(UserValidation.java:45)
	at com.bridgelab.junituservalidation.UserValidation.enterFirstName(UserValidation.java:45)
	at com.bridgelab.junituservalidation.UserValidation.enterFirstName(UserValidation.java:45)
	at com.bridgelab.junituservalidation.UserValidation.enterFirstName(UserValidation.java:45)
	at com.bridgelab.junituservalidation.UserValidation.enterFirstName(UserValidation.java:45)
	at com.bridgelab.junituservalidation.UserValidation.enterFirstName(UserValidation.java:45)
	at com.bridgelab.junituservalidation.UserValidation.enterFirstName(UserValidation.java:45)
	at com.bridgelab.junituservalidation.UserValidation.enterFirstName(UserValidation.java:45)
	at com.bridgelab.junituservalidation.UserValidation.enterFirstName(UserValidation.java:45)
	at com.bridgelab.junituservalidation.UserValidation.enterFirstName(UserValidation.java:45)
	at com.bridgelab.junituservalidation.UserValidation.enterFirstName(UserValidation.java:45)
	at com.bridgelab.junituservalidation.UserValidation.enterFirstName(UserValidation.java:45)
	at com.bridgelab.junituservalidation.UserValidation.enterFirstName(UserValidation.java:45)
	at com.bridgelab.junituservalidation.UserValidation.enterFirstName(UserValidation.java:45)
	at com.bridgelab.junituservalidation.UserValidation.enterFirstName(UserValidation.java:45)
	at com.bridgelab.junituservalidation.UserValidation.enterFirstName(UserValidation.java:45)
	at com.bridgelab.junituservalidation.UserValidation.enterFirstName(UserValidation.java:45)
	at com.bridgelab.junituservalidation.UserValidation.enterFirstName(UserValidation.java:45)
	at com.bridgelab.junituservalidation.UserValidation.enterFirstName(UserValidation.java:45)
	at com.bridgelab.junituservalidation.UserValidation.enterFirstName(UserValidation.java:45)
	at com.bridgelab.junituservalidation.UserValidation.enterFirstName(UserValidation.java:45)
	at com.bridgelab.junituservalidation.UserValidation.enterFirstName(UserValidation.java:45)
	at com.bridgelab.junituservalidation.UserValidation.enterFirstName(UserValidation.java:45)
	at com.bridgelab.junituservalidation.UserValidation.enterFirstName(UserValidation.java:45)
	at com.bridgelab.junituservalidation.UserValidation.enterFirstName(UserValidation.java:45)
	at com.bridgelab.junituservalidation.UserValidation.enterFirstName(UserValidation.java:45)
	at com.bridgelab.junituservalidation.UserValidation.enterFirstName(UserValidation.java:45)
	at com.bridgelab.junituservalidation.UserValidation.enterFirstName(UserValidation.java:45)
	at com.bridgelab.junituservalidation.UserValidation.enterFirstName(UserValidation.java:45)
	at com.bridgelab.junituservalidation.UserValidation.enterFirstName(UserValidation.java:45)
	at com.bridgelab.junituservalidation.UserValidation.enterFirstName(UserValidation.java:45)
	at com.bridgelab.junituservalidation.UserValidation.enterFirstName(UserValidation.java:45)
	at com.bridgelab.junituservalidation.UserValidation.enterFirstName(UserValidation.java:45)
	at com.bridgelab.junituservalidation.UserValidation.enterFirstName(UserValidation.java:45)
	at com.bridgelab.junituservalidation.UserValidation.enterFirstName(UserValidation.java:45)
	at com.bridgelab.junituservalidation.UserValidation.enterFirstName(UserValidation.java:45)
	at com.bridgelab.junituservalidation.UserValidation.enterFirstName(UserValidation.java:45)
	at com.bridgelab.junituservalidation.UserValidation.enterFirstName(UserValidation.java:45)
	at com.bridgelab.junituservalidation.UserValidation.enterFirstName(UserValidation.java:45)
	at com.bridgelab.junituservalidation.UserValidation.enterFirstName(UserValidation.java:45)
	at com.bridgelab.junituservalidation.UserValidation.enterFirstName(UserValidation.java:45)
	at com.bridgelab.junituservalidation.UserValidation.enterFirstName(UserValidation.java:45)
	at com.bridgelab.junituservalidation.UserValidation.enterFirstName(UserValidation.java:45)
	at com.bridgelab.junituservalidation.UserValidation.enterFirstName(UserValidation.java:45)
	at com.bridgelab.junituservalidation.UserValidation.enterFirstName(UserValidation.java:45)
	at com.bridgelab.junituservalidation.UserValidation.enterFirstName(UserValidation.java:45)
	at com.bridgelab.junituservalidation.UserValidation.enterFirstName(UserValidation.java:45)
	at com.bridgelab.junituservalidation.UserValidation.enterFirstName(UserValidation.java:45)
	at com.bridgelab.junituservalidation.UserValidation.enterFirstName(UserValidation.java:45)
	at com.bridgelab.junituservalidation.UserValidation.enterFirstName(UserValidation.java:45)
	at com.bridgelab.junituservalidation.UserValidation.enterFirstName(UserValidation.java:45)
	at com.bridgelab.junituservalidation.UserValidation.enterFirstName(UserValidation.java:45)
	at com.bridgelab.junituservalidation.UserValidation.enterFirstName(UserValidation.java:45)
	at com.bridgelab.junituservalidation.UserValidation.enterFirstName(UserValidation.java:45)
	at com.bridgelab.junituservalidation.UserValidation.enterFirstName(UserValidation.java:45)
	at com.bridgelab.junituservalidation.UserValidation.enterFirstName(UserValidation.java:45)
	at com.bridgelab.junituservalidation.UserValidation.enterFirstName(UserValidation.java:45)
	at com.bridgelab.junituservalidation.UserValidation.enterFirstName(UserValidation.java:45)
	at com.bridgelab.junituservalidation.UserValidation.enterFirstName(UserValidation.java:45)
	at com.bridgelab.junituservalidation.UserValidation.enterFirstName(UserValidation.java:45)
	at com.bridgelab.junituservalidation.UserValidation.enterFirstName(UserValidation.java:45)
	at com.bridgelab.junituservalidation.UserValidation.enterFirstName(UserValidation.java:45)
	at com.bridgelab.junituservalidation.UserValidation.enterFirstName(UserValidation.java:45)
	at com.bridgelab.junituservalidation.UserValidation.enterFirstName(UserValidation.java:45)
	at com.bridgelab.junituservalidation.UserValidation.enterFirstName(UserValidation.java:45)
	at com.bridgelab.junituservalidation.UserValidation.enterFirstName(UserValidation.java:45)
	at com.bridgelab.junituservalidation.UserValidation.enterFirstName(UserValidation.java:45)
	at com.bridgelab.junituservalidation.UserValidation.enterFirstName(UserValidation.java:45)
	at com.bridgelab.junituservalidation.UserValidation.enterFirstName(UserValidation.java:45)
	at com.bridgelab.junituservalidation.UserValidation.enterFirstName(UserValidation.java:45)
	at com.bridgelab.junituservalidation.UserValidation.enterFirstName(UserValidation.java:45)
	at com.bridgelab.junituservalidation.UserValidation.enterFirstName(UserValidation.java:45)
	at com.bridgelab.junituservalidation.UserValidation.enterFirstName(UserValidation.java:45)
	at com.bridgelab.junituservalidation.UserValidation.enterFirstName(UserValidation.java:45)
	at com.bridgelab.junituservalidation.UserValidation.enterFirstName(UserValidation.java:45)
	at com.bridgelab.junituservalidation.UserValidation.enterFirstName(UserValidation.java:45)
	at com.bridgelab.junituservalidation.UserValidation.enterFirstName(UserValidation.java:45)
	at com.bridgelab.junituservalidation.UserValidation.enterFirstName(UserValidation.java:45)
	at com.bridgelab.junituservalidation.UserValidation.enterFirstName(UserValidation.java:45)
	at com.bridgelab.junituservalidation.UserValidation.enterFirstName(UserValidation.java:45)
	at com.bridgelab.junituservalidation.UserValidation.enterFirstName(UserValidation.java:45)
	at com.bridgelab.junituservalidation.UserValidation.enterFirstName(UserValidation.java:45)
	at com.bridgelab.junituservalidation.UserValidation.enterFirstName(UserValidation.java:45)
	at com.bridgelab.junituservalidation.UserValidation.enterFirstName(UserValidation.java:45)
	at com.bridgelab.junituservalidation.UserValidation.enterFirstName(UserValidation.java:45)
	at com.bridgelab.junituservalidation.UserValidation.enterFirstName(UserValidation.java:45)
	at com.bridgelab.junituservalidation.UserValidation.enterFirstName(UserValidation.java:45)
	at com.bridgelab.junituservalidation.UserValidation.enterFirstName(UserValidation.java:45)
	at com.bridgelab.junituservalidation.UserValidation.enterFirstName(UserValidation.java:45)
	at com.bridgelab.junituservalidation.UserValidation.enterFirstName(UserValidation.java:45)
	at com.bridgelab.junituservalidation.UserValidation.enterFirstName(UserValidation.java:45)
	at com.bridgelab.junituservalidation.UserValidation.enterFirstName(UserValidation.java:45)
	at com.bridgelab.junituservalidation.UserValidation.enterFirstName(UserValidation.java:45)
	at com.bridgelab.junituservalidation.UserValidation.enterFirstName(UserValidation.java:45)
	at com.bridgelab.junituservalidation.UserValidation.enterFirstName(UserValidation.java:45)
	at com.bridgelab.junituservalidation.UserValidation.enterFirstName(UserValidation.java:45)
	at com.bridgelab.junituservalidation.UserValidation.enterFirstName(UserValidation.java:45)
	at com.bridgelab.junituservalidation.UserValidation.enterFirstName(UserValidation.java:45)
	at com.bridgelab.junituservalidation.UserValidation.enterFirstName(UserValidation.java:45)
	at com.bridgelab.junituservalidation.UserValidation.enterFirstName(UserValidation.java:45)
	at com.bridgelab.junituservalidation.UserValidation.enterFirstName(UserValidation.java:45)
	at com.bridgelab.junituservalidation.UserValidation.enterFirstName(UserValidation.java:45)
	at com.bridgelab.junituservalidation.UserValidation.enterFirstName(UserValidation.java:45)
	at com.bridgelab.junituservalidation.UserValidation.enterFirstName(UserValidation.java:45)
	at com.bridgelab.junituservalidation.UserValidation.enterFirstName(UserValidation.java:45)
	at com.bridgelab.junituservalidation.UserValidation.enterFirstName(UserValidation.java:45)
	at com.bridgelab.junituservalidation.UserValidation.enterFirstName(UserValidation.java:45)
	at com.bridgelab.junituservalidation.UserValidation.enterFirstName(UserValidation.java:45)
	at com.bridgelab.junituservalidation.UserValidation.enterFirstName(UserValidation.java:45)
	at com.bridgelab.junituservalidation.UserValidation.enterFirstName(UserValidation.java:45)
	at com.bridgelab.junituservalidation.UserValidation.enterFirstName(UserValidation.java:45)
	at com.bridgelab.junituservalidation.UserValidation.enterFirstName(UserValidation.java:45)
	at com.bridgelab.junituservalidation.UserValidation.enterFirstName(UserValidation.java:45)
	at com.bridgelab.junituservalidation.UserValidation.enterFirstName(UserValidation.java:45)
	at com.bridgelab.junituservalidation.UserValidation.enterFirstName(UserValidation.java:45)
	at com.bridgelab.junituservalidation.UserValidation.enterFirstName(UserValidation.java:45)
	at com.bridgelab.junituservalidation.UserValidation.enterFirstName(UserValidation.java:45)
	at com.bridgelab.junituservalidation.UserValidation.enterFirstName(UserValidation.java:45)
	at com.bridgelab.junituservalidation.UserValidation.enterFirstName(UserValidation.java:45)
	at com.bridgelab.junituservalidation.UserValidation.enterFirstName(UserValidation.java:45)
	at com.bridgelab.junituservalidation.UserValidation.enterFirstName(UserValidation.java:45)
	at com.bridgelab.junituservalidation.UserValidation.enterFirstName(UserValidation.java:45)
	at com.bridgelab.junituservalidation.UserValidation.enterFirstName(UserValidation.java:45)
	at com.bridgelab.junituservalidation.UserValidation.enterFirstName(UserValidation.java:45)
	at com.bridgelab.junituservalidation.UserValidation.enterFirstName(UserValidation.java:45)
	at com.bridgelab.junituservalidation.UserValidation.enterFirstName(UserValidation.java:45)
	at com.bridgelab.junituservalidation.UserValidation.enterFirstName(UserValidation.java:45)
	at com.bridgelab.junituservalidation.UserValidation.enterFirstName(UserValidation.java:45)
	at com.bridgelab.junituservalidation.UserValidation.enterFirstName(UserValidation.java:45)
	at com.bridgelab.junituservalidation.UserValidation.enterFirstName(UserValidation.java:45)
	at com.bridgelab.junituservalidation.UserValidation.enterFirstName(UserValidation.java:45)
	at com.bridgelab.junituservalidation.UserValidation.enterFirstName(UserValidation.java:45)
	at com.bridgelab.junituservalidation.UserValidation.enterFirstName(UserValidation.java:45)
	at com.bridgelab.junituservalidation.UserValidation.enterFirstName(UserValidation.java:45)
	at com.bridgelab.junituservalidation.UserValidation.enterFirstName(UserValidation.java:45)
	at com.bridgelab.junituservalidation.UserValidation.enterFirstName(UserValidation.java:45)
	at com.bridgelab.junituservalidation.UserValidation.enterFirstName(UserValidation.java:45)
	at com.bridgelab.junituservalidation.UserValidation.enterFirstName(UserValidation.java:45)
	at com.bridgelab.junituservalidation.UserValidation.enterFirstName(UserValidation.java:45)
	at com.bridgelab.junituservalidation.UserValidation.enterFirstName(UserValidation.java:45)
	at com.bridgelab.junituservalidation.UserValidation.enterFirstName(UserValidation.java:45)
	at com.bridgelab.junituservalidation.UserValidation.enterFirstName(UserValidation.java:45)
	at com.bridgelab.junituservalidation.UserValidation.enterFirstName(UserValidation.java:45)
	at com.bridgelab.junituservalidation.UserValidation.enterFirstName(UserValidation.java:45)
	at com.bridgelab.junituservalidation.UserValidation.enterFirstName(UserValidation.java:45)
	at com.bridgelab.junituservalidation.UserValidation.enterFirstName(UserValidation.java:45)
	at com.bridgelab.junituservalidation.UserValidation.enterFirstName(UserValidation.java:45)
	at com.bridgelab.junituservalidation.UserValidation.enterFirstName(UserValidation.java:45)
	at com.bridgelab.junituservalidation.UserValidation.enterFirstName(UserValidation.java:45)
	at com.bridgelab.junituservalidation.UserValidation.enterFirstName(UserValidation.java:45)
	at com.bridgelab.junituservalidation.UserValidation.enterFirstName(UserValidation.java:45)
	at com.bridgelab.junituservalidation.UserValidation.enterFirstName(UserValidation.java:45)
	at com.bridgelab.junituservalidation.UserValidation.enterFirstName(UserValidation.java:45)
	at com.bridgelab.junituservalidation.UserValidation.enterFirstName(UserValidation.java:45)
	at com.bridgelab.junituservalidation.UserValidation.enterFirstName(UserValidation.java:45)
	at com.bridgelab.junituservalidation.UserValidation.enterFirstName(UserValidation.java:45)
	at com.bridgelab.junituservalidation.UserValidation.enterFirstName(UserValidation.java:45)
	at com.bridgelab.junituservalidation.UserValidation.enterFirstName(UserValidation.java:45)
	at com.bridgelab.junituservalidation.UserValidation.enterFirstName(UserValidation.java:45)
	at com.bridgelab.junituservalidation.UserValidation.enterFirstName(UserValidation.java:45)
	at com.bridgelab.junituservalidation.UserValidation.enterFirstName(UserValidation.java:45)
	at com.bridgelab.junituservalidation.UserValidation.enterFirstName(UserValidation.java:45)
	at com.bridgelab.junituservalidation.UserValidation.enterFirstName(UserValidation.java:45)
	at com.bridgelab.junituservalidation.UserValidation.enterFirstName(UserValidation.java:45)
	at com.bridgelab.junituservalidation.UserValidation.enterFirstName(UserValidation.java:45)
	at com.bridgelab.junituservalidation.UserValidation.enterFirstName(UserValidation.java:45)
	at com.bridgelab.junituservalidation.UserValidation.enterFirstName(UserValidation.java:45)
	at com.bridgelab.junituservalidation.UserValidation.enterFirstName(UserValidation.java:45)
	at com.bridgelab.junituservalidation.UserValidation.enterFirstName(UserValidation.java:45)
	at com.bridgelab.junituservalidation.UserValidation.enterFirstName(UserValidation.java:45)
	at com.bridgelab.junituservalidation.UserValidation.enterFirstName(UserValidation.java:45)
	at com.bridgelab.junituservalidation.UserValidation.enterFirstName(UserValidation.java:45)
	at com.bridgelab.junituservalidation.UserValidation.enterFirstName(UserValidation.java:45)
	at com.bridgelab.junituservalidation.UserValidation.enterFirstName(UserValidation.java:45)
	at com.bridgelab.junituservalidation.UserValidation.enterFirstName(UserValidation.java:45)
	at com.bridgelab.junituservalidation.UserValidation.enterFirstName(UserValidation.java:45)
	at com.bridgelab.junituservalidation.UserValidation.enterFirstName(UserValidation.java:45)
	at com.bridgelab.junituservalidation.UserValidation.enterFirstName(UserValidation.java:45)
	at com.bridgelab.junituservalidation.UserValidation.enterFirstName(UserValidation.java:45)
	at com.bridgelab.junituservalidation.UserValidation.enterFirstName(UserValidation.java:45)
	at com.bridgelab.junituservalidation.UserValidation.enterFirstName(UserValidation.java:45)
	at com.bridgelab.junituservalidation.UserValidation.enterFirstName(UserValidation.java:45)
	at com.bridgelab.junituservalidation.UserValidation.enterFirstName(UserValidation.java:45)
	at com.bridgelab.junituservalidation.UserValidation.enterFirstName(UserValidation.java:45)
	at com.bridgelab.junituservalidation.UserValidation.enterFirstName(UserValidation.java:45)
	at com.bridgelab.junituservalidation.UserValidation.enterFirstName(UserValidation.java:45)
	at com.bridgelab.junituservalidation.UserValidation.enterFirstName(UserValidation.java:45)
	at com.bridgelab.junituservalidation.UserValidation.enterFirstName(UserValidation.java:45)
	at com.bridgelab.junituservalidation.UserValidation.enterFirstName(UserValidation.java:45)
	at com.bridgelab.junituservalidation.UserValidation.enterFirstName(UserValidation.java:45)
	at com.bridgelab.junituservalidation.UserValidation.enterFirstName(UserValidation.java:45)
	at com.bridgelab.junituservalidation.UserValidation.enterFirstName(UserValidation.java:45)
	at com.bridgelab.junituservalidation.UserValidation.enterFirstName(UserValidation.java:45)
	at com.bridgelab.junituservalidation.UserValidation.enterFirstName(UserValidation.java:45)
	at com.bridgelab.junituservalidation.UserValidation.enterFirstName(UserValidation.java:45)
	at com.bridgelab.junituservalidation.UserValidation.enterFirstName(UserValidation.java:45)
	at com.bridgelab.junituservalidation.UserValidation.enterFirstName(UserValidation.java:45)
	at com.bridgelab.junituservalidation.UserValidation.enterFirstName(UserValidation.java:45)
	at com.bridgelab.junituservalidation.UserValidation.enterFirstName(UserValidation.java:45)
	at com.bridgelab.junituservalidation.UserValidation.enterFirstName(UserValidation.java:45)
	at com.bridgelab.junituservalidation.UserValidation.enterFirstName(UserValidation.java:45)
	at com.bridgelab.junituservalidation.UserValidation.enterFirstName(UserValidation.java:45)
	at com.bridgelab.junituservalidation.UserValidation.enterFirstName(UserValidation.java:45)
	at com.bridgelab.junituservalidation.UserValidation.enterFirstName(UserValidation.java:45)
	at com.bridgelab.junituservalidation.UserValidation.enterFirstName(UserValidation.java:45)
	at com.bridgelab.junituservalidation.UserValidation.enterFirstName(UserValidation.java:45)
	at com.bridgelab.junituservalidation.UserValidation.enterFirstName(UserValidation.java:45)
	at com.bridgelab.junituservalidation.UserValidation.enterFirstName(UserValidation.java:45)
	at com.bridgelab.junituservalidation.UserValidation.enterFirstName(UserValidation.java:45)
	at com.bridgelab.junituservalidation.UserValidation.enterFirstName(UserValidation.java:45)
	at com.bridgelab.junituservalidation.UserValidation.enterFirstName(UserValidation.java:45)
	at com.bridgelab.junituservalidation.UserValidation.enterFirstName(UserValidation.java:45)
	at com.bridgelab.junituservalidation.UserValidation.enterFirstName(UserValidation.java:45)
	at com.bridgelab.junituservalidation.UserValidation.enterFirstName(UserValidation.java:45)
	at com.bridgelab.junituservalidation.UserValidation.enterFirstName(UserValidation.java:45)
	at com.bridgelab.junituservalidation.UserValidation.enterFirstName(UserValidation.java:45)
	at com.bridgelab.junituservalidation.UserValidation.enterFirstName(UserValidation.java:45)
	at com.bridgelab.junituservalidation.UserValidation.enterFirstName(UserValidation.java:45)
	at com.bridgelab.junituservalidation.UserValidation.enterFirstName(UserValidation.java:45)
	at com.bridgelab.junituservalidation.UserValidation.enterFirstName(UserValidation.java:45)
	at com.bridgelab.junituservalidation.UserValidation.enterFirstName(UserValidation.java:45)
	at com.bridgelab.junituservalidation.UserValidation.enterFirstName(UserValidation.java:45)
	at com.bridgelab.junituservalidation.UserValidation.enterFirstName(UserValidation.java:45)
	at com.bridgelab.junituservalidation.UserValidation.enterFirstName(UserValidation.java:45)
	at com.bridgelab.junituservalidation.UserValidation.enterFirstName(UserValidation.java:45)
	at com.bridgelab.junituservalidation.UserValidation.enterFirstName(UserValidation.java:45)
	at com.bridgelab.junituservalidation.UserValidation.enterFirstName(UserValidation.java:45)
	at com.bridgelab.junituservalidation.UserValidation.enterFirstName(UserValidation.java:45)
	at com.bridgelab.junituservalidation.UserValidation.enterFirstName(UserValidation.java:45)
	at com.bridgelab.junituservalidation.UserValidation.enterFirstName(UserValidation.java:45)
	at com.bridgelab.junituservalidation.UserValidation.enterFirstName(UserValidation.java:45)
	at com.bridgelab.junituservalidation.UserValidation.enterFirstName(UserValidation.java:45)
	at com.bridgelab.junituservalidation.UserValidation.enterFirstName(UserValidation.java:45)
	at com.bridgelab.junituservalidation.UserValidation.enterFirstName(UserValidation.java:45)
	at com.bridgelab.junituservalidation.UserValidation.enterFirstName(UserValidation.java:45)
	at com.bridgelab.junituservalidation.UserValidation.enterFirstName(UserValidation.java:45)
	at com.bridgelab.junituservalidation.UserValidation.enterFirstName(UserValidation.java:45)
	at com.bridgelab.junituservalidation.UserValidation.enterFirstName(UserValidation.java:45)
	at com.bridgelab.junituservalidation.UserValidation.enterFirstName(UserValidation.java:45)
	at com.bridgelab.junituservalidation.UserValidation.enterFirstName(UserValidation.java:45)
	at com.bridgelab.junituservalidation.UserValidation.enterFirstName(UserValidation.java:45)
	at com.bridgelab.junituservalidation.UserValidation.enterFirstName(UserValidation.java:45)
	at com.bridgelab.junituservalidation.UserValidation.enterFirstName(UserValidation.java:45)
	at com.bridgelab.junituservalidation.UserValidation.enterFirstName(UserValidation.java:45)
	at com.bridgelab.junituservalidation.UserValidation.enterFirstName(UserValidation.java:45)
	at com.bridgelab.junituservalidation.UserValidation.enterFirstName(UserValidation.java:45)
	at com.bridgelab.junituservalidation.UserValidation.enterFirstName(UserValidation.java:45)
	at com.bridgelab.junituservalidation.UserValidation.enterFirstName(UserValidation.java:45)
	at com.bridgelab.junituservalidation.UserValidation.enterFirstName(UserValidation.java:45)
	at com.bridgelab.junituservalidation.UserValidation.enterFirstName(UserValidation.java:45)
	at com.bridgelab.junituservalidation.UserValidation.enterFirstName(UserValidation.java:45)
	at com.bridgelab.junituservalidation.UserValidation.enterFirstName(UserValidation.java:45)
	at com.bridgelab.junituservalidation.UserValidation.enterFirstName(UserValidation.java:45)
	at com.bridgelab.junituservalidation.UserValidation.enterFirstName(UserValidation.java:45)
	at com.bridgelab.junituservalidation.UserValidation.enterFirstName(UserValidation.java:45)
	at com.bridgelab.junituservalidation.UserValidation.enterFirstName(UserValidation.java:45)
	at com.bridgelab.junituservalidation.UserValidation.enterFirstName(UserValidation.java:45)
	at com.bridgelab.junituservalidation.UserValidation.enterFirstName(UserValidation.java:45)
	at com.bridgelab.junituservalidation.UserValidation.enterFirstName(UserValidation.java:45)
	at com.bridgelab.junituservalidation.UserValidation.enterFirstName(UserValidation.java:45)
	at com.bridgelab.junituservalidation.UserValidation.enterFirstName(UserValidation.java:45)
	at com.bridgelab.junituservalidation.UserValidation.enterFirstName(UserValidation.java:45)
	at com.bridgelab.junituservalidation.UserValidation.enterFirstName(UserValidation.java:45)
	at com.bridgelab.junituservalidation.UserValidation.enterFirstName(UserValidation.java:45)
	at com.bridgelab.junituservalidation.UserValidation.enterFirstName(UserValidation.java:45)
	at com.bridgelab.junituservalidation.UserValidation.enterFirstName(UserValidation.java:45)
	at com.bridgelab.junituservalidation.UserValidation.enterFirstName(UserValidation.java:45)
	at com.bridgelab.junituservalidation.UserValidation.enterFirstName(UserValidation.java:45)
	at com.bridgelab.junituservalidation.UserValidation.enterFirstName(UserValidation.java:45)
	at com.bridgelab.junituservalidation.UserValidation.enterFirstName(UserValidation.java:45)
	at com.bridgelab.junituservalidation.UserValidation.enterFirstName(UserValidation.java:45)
	at com.bridgelab.junituservalidation.UserValidation.enterFirstName(UserValidation.java:45)
	at com.bridgelab.junituservalidation.UserValidation.enterFirstName(UserValidation.java:45)
	at com.bridgelab.junituservalidation.UserValidation.enterFirstName(UserValidation.java:45)
	at com.bridgelab.junituservalidation.UserValidation.enterFirstName(UserValidation.java:45)
	at com.bridgelab.junituservalidation.UserValidation.enterFirstName(UserValidation.java:45)
	at com.bridgelab.junituservalidation.UserValidation.enterFirstName(UserValidation.java:45)
	at com.bridgelab.junituservalidation.UserValidation.enterFirstName(UserValidation.java:45)
	at com.bridgelab.junituservalidation.UserValidation.enterFirstName(UserValidation.java:45)
	at com.bridgelab.junituservalidation.UserValidation.enterFirstName(UserValidation.java:45)
	at com.bridgelab.junituservalidation.UserValidation.enterFirstName(UserValidation.java:45)
	at com.bridgelab.junituservalidation.UserValidation.enterFirstName(UserValidation.java:45)
	at com.bridgelab.junituservalidation.UserValidation.enterFirstName(UserValidation.java:45)
	at com.bridgelab.junituservalidation.UserValidation.enterFirstName(UserValidation.java:45)
	at com.bridgelab.junituservalidation.UserValidation.enterFirstName(UserValidation.java:45)
	at com.bridgelab.junituservalidation.UserValidation.enterFirstName(UserValidation.java:45)
	at com.bridgelab.junituservalidation.UserValidation.enterFirstName(UserValidation.java:45)
	at com.bridgelab.junituservalidation.UserValidation.enterFirstName(UserValidation.java:45)
	at com.bridgelab.junituservalidation.UserValidation.enterFirstName(UserValidation.java:45)
	at com.bridgelab.junituservalidation.UserValidation.enterFirstName(UserValidation.java:45)
	at com.bridgelab.junituservalidation.UserValidation.enterFirstName(UserValidation.java:45)
	at com.bridgelab.junituservalidation.UserValidation.enterFirstName(UserValidation.java:45)
	at com.bridgelab.junituservalidation.UserValidation.enterFirstName(UserValidation.java:45)
	at com.bridgelab.junituservalidation.UserValidation.enterFirstName(UserValidation.java:45)
	at com.bridgelab.junituservalidation.UserValidation.enterFirstName(UserValidation.java:45)
	at com.bridgelab.junituservalidation.UserValidation.enterFirstName(UserValidation.java:45)
	at com.bridgelab.junituservalidation.UserValidation.enterFirstName(UserValidation.java:45)
	at com.bridgelab.junituservalidation.UserValidation.enterFirstName(UserValidation.java:45)
	at com.bridgelab.junituservalidation.UserValidation.enterFirstName(UserValidation.java:45)
	at com.bridgelab.junituservalidation.UserValidation.enterFirstName(UserValidation.java:45)
	at com.bridgelab.junituservalidation.UserValidation.enterFirstName(UserValidation.java:45)
	at com.bridgelab.junituservalidation.UserValidation.enterFirstName(UserValidation.java:45)
	at com.bridgelab.junituservalidation.UserValidation.enterFirstName(UserValidation.java:45)
	at com.bridgelab.junituservalidation.UserValidation.enterFirstName(UserValidation.java:45)
	at com.bridgelab.junituservalidation.UserValidation.enterFirstName(UserValidation.java:45)
	at com.bridgelab.junituservalidation.UserValidation.enterFirstName(UserValidation.java:45)
	at com.bridgelab.junituservalidation.UserValidation.enterFirstName(UserValidation.java:45)
	at com.bridgelab.junituservalidation.UserValidation.enterFirstName(UserValidation.java:45)
	at com.bridgelab.junituservalidation.UserValidation.enterFirstName(UserValidation.java:45)
	at com.bridgelab.junituservalidation.UserValidation.enterFirstName(UserValidation.java:45)
	at com.bridgelab.junituservalidation.UserValidation.enterFirstName(UserValidation.java:45)
	at com.bridgelab.junituservalidation.UserValidation.enterFirstName(UserValidation.java:45)
	at com.bridgelab.junituservalidation.UserValidation.enterFirstName(UserValidation.java:45)
	at com.bridgelab.junituservalidation.UserValidation.enterFirstName(UserValidation.java:45)
	at com.bridgelab.junituservalidation.UserValidation.enterFirstName(UserValidation.java:45)
	at com.bridgelab.junituservalidation.UserValidation.enterFirstName(UserValidation.java:45)
	at com.bridgelab.junituservalidation.UserValidation.enterFirstName(UserValidation.java:45)
	at com.bridgelab.junituservalidation.UserValidation.enterFirstName(UserValidation.java:45)
	at com.bridgelab.junituservalidation.UserValidation.enterFirstName(UserValidation.java:45)
	at com.bridgelab.junituservalidation.UserValidation.enterFirstName(UserValidation.java:45)
	at com.bridgelab.junituservalidation.UserValidation.enterFirstName(UserValidation.java:45)
	at com.bridgelab.junituservalidation.UserValidation.enterFirstName(UserValidation.java:45)
	at com.bridgelab.junituservalidation.UserValidation.enterFirstName(UserValidation.java:45)
	at com.bridgelab.junituservalidation.UserValidation.enterFirstName(UserValidation.java:45)
	at com.bridgelab.junituservalidation.UserValidation.enterFirstName(UserValidation.java:45)
	at com.bridgelab.junituservalidation.UserValidation.enterFirstName(UserValidation.java:45)
	at com.bridgelab.junituservalidation.UserValidation.enterFirstName(UserValidation.java:45)
	at com.bridgelab.junituservalidation.UserValidation.enterFirstName(UserValidation.java:45)
	at com.bridgelab.junituservalidation.UserValidation.enterFirstName(UserValidation.java:45)
	at com.bridgelab.junituservalidation.UserValidation.enterFirstName(UserValidation.java:45)
	at com.bridgelab.junituservalidation.UserValidation.enterFirstName(UserValidation.java:45)
	at com.bridgelab.junituservalidation.UserValidation.enterFirstName(UserValidation.java:45)
	at com.bridgelab.junituservalidation.UserValidation.enterFirstName(UserValidation.java:45)
	at com.bridgelab.junituservalidation.UserValidation.enterFirstName(UserValidation.java:45)
	at com.bridgelab.junituservalidation.UserValidation.enterFirstName(UserValidation.java:45)
	at com.bridgelab.junituservalidation.UserValidation.enterFirstName(UserValidation.java:45)
	at com.bridgelab.junituservalidation.UserValidation.enterFirstName(UserValidation.java:45)
	at com.bridgelab.junituservalidation.UserValidation.enterFirstName(UserValidation.java:45)
	at com.bridgelab.junituservalidation.UserValidation.enterFirstName(UserValidation.java:45)
	at com.bridgelab.junituservalidation.UserValidation.enterFirstName(UserValidation.java:45)
	at com.bridgelab.junituservalidation.UserValidation.enterFirstName(UserValidation.java:45)
	at com.bridgelab.junituservalidation.UserValidation.enterFirstName(UserValidation.java:45)
	at com.bridgelab.junituservalidation.UserValidation.enterFirstName(UserValidation.java:45)
	at com.bridgelab.junituservalidation.UserValidation.enterFirstName(UserValidation.java:45)
	at com.bridgelab.junituservalidation.UserValidation.enterFirstName(UserValidation.java:45)
	at com.bridgelab.junituservalidation.UserValidation.enterFirstName(UserValidation.java:45)
	at com.bridgelab.junituservalidation.UserValidation.enterFirstName(UserValidation.java:45)
	at com.bridgelab.junituservalidation.UserValidation.enterFirstName(UserValidation.java:45)
	at com.bridgelab.junituservalidation.UserValidation.enterFirstName(UserValidation.java:45)
	at com.bridgelab.junituservalidation.UserValidation.enterFirstName(UserValidation.java:45)
	at com.bridgelab.junituservalidation.UserValidation.enterFirstName(UserValidation.java:45)
	at com.bridgelab.junituservalidation.UserValidation.enterFirstName(UserValidation.java:45)
	at com.bridgelab.junituservalidation.UserValidation.enterFirstName(UserValidation.java:45)
	at com.bridgelab.junituservalidation.UserValidation.enterFirstName(UserValidation.java:45)
	at com.bridgelab.junituservalidation.UserValidation.enterFirstName(UserValidation.java:45)
	at com.bridgelab.junituservalidation.UserValidation.enterFirstName(UserValidation.java:45)
	at com.bridgelab.junituservalidation.UserValidation.enterFirstName(UserValidation.java:45)
	at com.bridgelab.junituservalidation.UserValidation.enterFirstName(UserValidation.java:45)
	at com.bridgelab.junituservalidation.UserValidation.enterFirstName(UserValidation.java:45)
	at com.bridgelab.junituservalidation.UserValidation.enterFirstName(UserValidation.java:45)
	at com.bridgelab.junituservalidation.UserValidation.enterFirstName(UserValidation.java:45)
	at com.bridgelab.junituservalidation.UserValidation.enterFirstName(UserValidation.java:45)
	at com.bridgelab.junituservalidation.UserValidation.enterFirstName(UserValidation.java:45)
	at com.bridgelab.junituservalidation.UserValidation.enterFirstName(UserValidation.java:45)
	at com.bridgelab.junituservalidation.UserValidation.enterFirstName(UserValidation.java:45)
	at com.bridgelab.junituservalidation.UserValidation.enterFirstName(UserValidation.java:45)
	at com.bridgelab.junituservalidation.UserValidation.enterFirstName(UserValidation.java:45)
	at com.bridgelab.junituservalidation.UserValidation.enterFirstName(UserValidation.java:45)
	at com.bridgelab.junituservalidation.UserValidation.enterFirstName(UserValidation.java:45)
	at com.bridgelab.junituservalidation.UserValidation.enterFirstName(UserValidation.java:45)
	at com.bridgelab.junituservalidation.UserValidation.enterFirstName(UserValidation.java:45)
	at com.bridgelab.junituservalidation.UserValidation.enterFirstName(UserValidation.java:45)
	at com.bridgelab.junituservalidation.UserValidation.enterFirstName(UserValidation.java:45)
	at com.bridgelab.junituservalidation.UserValidation.enterFirstName(UserValidation.java:45)
	at com.bridgelab.junituservalidation.UserValidation.enterFirstName(UserValidation.java:45)
	at com.bridgelab.junituservalidation.UserValidation.enterFirstName(UserValidation.java:45)
	at com.bridgelab.junituservalidation.UserValidation.enterFirstName(UserValidation.java:45)
	at com.bridgelab.junituservalidation.UserValidation.enterFirstName(UserValidation.java:45)
	at com.bridgelab.junituservalidation.UserValidation.enterFirstName(UserValidation.java:45)
	at com.bridgelab.junituservalidation.UserValidation.enterFirstName(UserValidation.java:45)
	at com.bridgelab.junituservalidation.UserValidation.enterFirstName(UserValidation.java:45)
	at com.bridgelab.junituservalidation.UserValidation.enterFirstName(UserValidation.java:45)
	at com.bridgelab.junituservalidation.UserValidation.enterFirstName(UserValidation.java:45)
	at com.bridgelab.junituservalidation.UserValidation.enterFirstName(UserValidation.java:45)
	at com.bridgelab.junituservalidation.UserValidation.enterFirstName(UserValidation.java:45)
	at com.bridgelab.junituservalidation.UserValidation.enterFirstName(UserValidation.java:45)
	at com.bridgelab.junituservalidation.UserValidation.enterFirstName(UserValidation.java:45)
	at com.bridgelab.junituservalidation.UserValidation.enterFirstName(UserValidation.java:45)
	at com.bridgelab.junituservalidation.UserValidation.enterFirstName(UserValidation.java:45)
	at com.bridgelab.junituservalidation.UserValidation.enterFirstName(UserValidation.java:45)
	at com.bridgelab.junituservalidation.UserValidation.enterFirstName(UserValidation.java:45)
	at com.bridgelab.junituservalidation.UserValidation.enterFirstName(UserValidation.java:45)
	at com.bridgelab.junituservalidation.UserValidation.enterFirstName(UserValidation.java:45)
	at com.bridgelab.junituservalidation.UserValidation.enterFirstName(UserValidation.java:45)
	at com.bridgelab.junituservalidation.UserValidation.enterFirstName(UserValidation.java:45)
	at com.bridgelab.junituservalidation.UserValidation.enterFirstName(UserValidation.java:45)
	at com.bridgelab.junituservalidation.UserValidation.enterFirstName(UserValidation.java:45)
	at com.bridgelab.junituservalidation.UserValidation.enterFirstName(UserValidation.java:45)
	at com.bridgelab.junituservalidation.UserValidation.enterFirstName(UserValidation.java:45)
	at com.bridgelab.junituservalidation.UserValidation.enterFirstName(UserValidation.java:45)
	at com.bridgelab.junituservalidation.UserValidation.enterFirstName(UserValidation.java:45)
	at com.bridgelab.junituservalidation.UserValidation.enterFirstName(UserValidation.java:45)
	at com.bridgelab.junituservalidation.UserValidation.enterFirstName(UserValidation.java:45)
	at com.bridgelab.junituservalidation.UserValidation.enterFirstName(UserValidation.java:45)
	at com.bridgelab.junituservalidation.UserValidation.enterFirstName(UserValidation.java:45)
	at com.bridgelab.junituservalidation.UserValidation.enterFirstName(UserValidation.java:45)
	at com.bridgelab.junituservalidation.UserValidation.enterFirstName(UserValidation.java:45)
	at com.bridgelab.junituservalidation.UserValidation.enterFirstName(UserValidation.java:45)
	at com.bridgelab.junituservalidation.UserValidation.enterFirstName(UserValidation.java:45)
	at com.bridgelab.junituservalidation.UserValidation.enterFirstName(UserValidation.java:45)
	at com.bridgelab.junituservalidation.UserValidation.enterFirstName(UserValidation.java:45)
	at com.bridgelab.junituservalidation.UserValidation.enterFirstName(UserValidation.java:45)
	at com.bridgelab.junituservalidation.UserValidation.enterFirstName(UserValidation.java:45)
	at com.bridgelab.junituservalidation.UserValidation.enterFirstName(UserValidation.java:45)
	at com.bridgelab.junituservalidation.UserValidation.enterFirstName(UserValidation.java:45)
	at com.bridgelab.junituservalidation.UserValidation.enterFirstName(UserValidation.java:45)
	at com.bridgelab.junituservalidation.UserValidation.enterFirstName(UserValidation.java:45)
	at com.bridgelab.junituservalidation.UserValidation.enterFirstName(UserValidation.java:45)
	at com.bridgelab.junituservalidation.UserValidation.enterFirstName(UserValidation.java:45)
</failure>
  </testcase>
  <testcase name="givenFirstName_WhenFistCharacterSmall_ShouldReturnFalse()" classname="com.bridgelab.jubituservalidationtesting.JunitTestingUserRegistrationValidation" time="0.112">
    <failure message="java.lang.StackOverflowError" type="java.lang.StackOverflowError">java.lang.StackOverflowError
	at java.base/java.util.concurrent.locks.AbstractQueuedSynchronizer.acquire(AbstractQueuedSynchronizer.java:937)
	at java.base/java.util.concurrent.locks.ReentrantLock$Sync.lock(ReentrantLock.java:153)
	at java.base/java.util.concurrent.locks.ReentrantLock.lock(ReentrantLock.java:322)
	at org.gradle.internal.remote.internal.hub.MessageHub$ChannelDispatch.dispatch(MessageHub.java:370)
	at org.gradle.internal.dispatch.ProxyDispatchAdapter$DispatchingInvocationHandler.invoke(ProxyDispatchAdapter.java:94)
	at jdk.proxy1/jdk.proxy1.$Proxy3.output(Unknown Source)
	at org.gradle.api.internal.tasks.testing.processors.TestOutputRedirector$Forwarder.onOutput(TestOutputRedirector.java:75)
	at org.gradle.api.internal.tasks.testing.processors.DefaultStandardOutputRedirector$WriteAction.text(DefaultStandardOutputRedirector.java:89)
	at org.gradle.internal.io.LineBufferingOutputStream.flush(LineBufferingOutputStream.java:96)
	at org.gradle.internal.io.LineBufferingOutputStream.write(LineBufferingOutputStream.java:80)
	at java.base/java.io.OutputStream.write(OutputStream.java:162)
	at java.base/java.io.PrintStream.write(PrintStream.java:568)
	at java.base/sun.nio.cs.StreamEncoder.writeBytes(StreamEncoder.java:242)
	at java.base/sun.nio.cs.StreamEncoder.implFlushBuffer(StreamEncoder.java:321)
	at java.base/sun.nio.cs.StreamEncoder.flushBuffer(StreamEncoder.java:110)
	at java.base/java.io.OutputStreamWriter.flushBuffer(OutputStreamWriter.java:178)
	at java.base/java.io.PrintStream.write(PrintStream.java:699)
	at java.base/java.io.PrintStream.print(PrintStream.java:863)
	at org.gradle.internal.io.LinePerThreadBufferingOutputStream.println(LinePerThreadBufferingOutputStream.java:160)
	at com.bridgelab.junituservalidation.UserValidation.enterFirstName(UserValidation.java:44)
	at com.bridgelab.junituservalidation.UserValidation.enterFirstName(UserValidation.java:45)
	at com.bridgelab.junituservalidation.UserValidation.enterFirstName(UserValidation.java:45)
	at com.bridgelab.junituservalidation.UserValidation.enterFirstName(UserValidation.java:45)
	at com.bridgelab.junituservalidation.UserValidation.enterFirstName(UserValidation.java:45)
	at com.bridgelab.junituservalidation.UserValidation.enterFirstName(UserValidation.java:45)
	at com.bridgelab.junituservalidation.UserValidation.enterFirstName(UserValidation.java:45)
	at com.bridgelab.junituservalidation.UserValidation.enterFirstName(UserValidation.java:45)
	at com.bridgelab.junituservalidation.UserValidation.enterFirstName(UserValidation.java:45)
	at com.bridgelab.junituservalidation.UserValidation.enterFirstName(UserValidation.java:45)
	at com.bridgelab.junituservalidation.UserValidation.enterFirstName(UserValidation.java:45)
	at com.bridgelab.junituservalidation.UserValidation.enterFirstName(UserValidation.java:45)
	at com.bridgelab.junituservalidation.UserValidation.enterFirstName(UserValidation.java:45)
	at com.bridgelab.junituservalidation.UserValidation.enterFirstName(UserValidation.java:45)
	at com.bridgelab.junituservalidation.UserValidation.enterFirstName(UserValidation.java:45)
	at com.bridgelab.junituservalidation.UserValidation.enterFirstName(UserValidation.java:45)
	at com.bridgelab.junituservalidation.UserValidation.enterFirstName(UserValidation.java:45)
	at com.bridgelab.junituservalidation.UserValidation.enterFirstName(UserValidation.java:45)
	at com.bridgelab.junituservalidation.UserValidation.enterFirstName(UserValidation.java:45)
	at com.bridgelab.junituservalidation.UserValidation.enterFirstName(UserValidation.java:45)
	at com.bridgelab.junituservalidation.UserValidation.enterFirstName(UserValidation.java:45)
	at com.bridgelab.junituservalidation.UserValidation.enterFirstName(UserValidation.java:45)
	at com.bridgelab.junituservalidation.UserValidation.enterFirstName(UserValidation.java:45)
	at com.bridgelab.junituservalidation.UserValidation.enterFirstName(UserValidation.java:45)
	at com.bridgelab.junituservalidation.UserValidation.enterFirstName(UserValidation.java:45)
	at com.bridgelab.junituservalidation.UserValidation.enterFirstName(UserValidation.java:45)
	at com.bridgelab.junituservalidation.UserValidation.enterFirstName(UserValidation.java:45)
	at com.bridgelab.junituservalidation.UserValidation.enterFirstName(UserValidation.java:45)
	at com.bridgelab.junituservalidation.UserValidation.enterFirstName(UserValidation.java:45)
	at com.bridgelab.junituservalidation.UserValidation.enterFirstName(UserValidation.java:45)
	at com.bridgelab.junituservalidation.UserValidation.enterFirstName(UserValidation.java:45)
	at com.bridgelab.junituservalidation.UserValidation.enterFirstName(UserValidation.java:45)
	at com.bridgelab.junituservalidation.UserValidation.enterFirstName(UserValidation.java:45)
	at com.bridgelab.junituservalidation.UserValidation.enterFirstName(UserValidation.java:45)
	at com.bridgelab.junituservalidation.UserValidation.enterFirstName(UserValidation.java:45)
	at com.bridgelab.junituservalidation.UserValidation.enterFirstName(UserValidation.java:45)
	at com.bridgelab.junituservalidation.UserValidation.enterFirstName(UserValidation.java:45)
	at com.bridgelab.junituservalidation.UserValidation.enterFirstName(UserValidation.java:45)
	at com.bridgelab.junituservalidation.UserValidation.enterFirstName(UserValidation.java:45)
	at com.bridgelab.junituservalidation.UserValidation.enterFirstName(UserValidation.java:45)
	at com.bridgelab.junituservalidation.UserValidation.enterFirstName(UserValidation.java:45)
	at com.bridgelab.junituservalidation.UserValidation.enterFirstName(UserValidation.java:45)
	at com.bridgelab.junituservalidation.UserValidation.enterFirstName(UserValidation.java:45)
	at com.bridgelab.junituservalidation.UserValidation.enterFirstName(UserValidation.java:45)
	at com.bridgelab.junituservalidation.UserValidation.enterFirstName(UserValidation.java:45)
	at com.bridgelab.junituservalidation.UserValidation.enterFirstName(UserValidation.java:45)
	at com.bridgelab.junituservalidation.UserValidation.enterFirstName(UserValidation.java:45)
	at com.bridgelab.junituservalidation.UserValidation.enterFirstName(UserValidation.java:45)
	at com.bridgelab.junituservalidation.UserValidation.enterFirstName(UserValidation.java:45)
	at com.bridgelab.junituservalidation.UserValidation.enterFirstName(UserValidation.java:45)
	at com.bridgelab.junituservalidation.UserValidation.enterFirstName(UserValidation.java:45)
	at com.bridgelab.junituservalidation.UserValidation.enterFirstName(UserValidation.java:45)
	at com.bridgelab.junituservalidation.UserValidation.enterFirstName(UserValidation.java:45)
	at com.bridgelab.junituservalidation.UserValidation.enterFirstName(UserValidation.java:45)
	at com.bridgelab.junituservalidation.UserValidation.enterFirstName(UserValidation.java:45)
	at com.bridgelab.junituservalidation.UserValidation.enterFirstName(UserValidation.java:45)
	at com.bridgelab.junituservalidation.UserValidation.enterFirstName(UserValidation.java:45)
	at com.bridgelab.junituservalidation.UserValidation.enterFirstName(UserValidation.java:45)
	at com.bridgelab.junituservalidation.UserValidation.enterFirstName(UserValidation.java:45)
	at com.bridgelab.junituservalidation.UserValidation.enterFirstName(UserValidation.java:45)
	at com.bridgelab.junituservalidation.UserValidation.enterFirstName(UserValidation.java:45)
	at com.bridgelab.junituservalidation.UserValidation.enterFirstName(UserValidation.java:45)
	at com.bridgelab.junituservalidation.UserValidation.enterFirstName(UserValidation.java:45)
	at com.bridgelab.junituservalidation.UserValidation.enterFirstName(UserValidation.java:45)
	at com.bridgelab.junituservalidation.UserValidation.enterFirstName(UserValidation.java:45)
	at com.bridgelab.junituservalidation.UserValidation.enterFirstName(UserValidation.java:45)
	at com.bridgelab.junituservalidation.UserValidation.enterFirstName(UserValidation.java:45)
	at com.bridgelab.junituservalidation.UserValidation.enterFirstName(UserValidation.java:45)
	at com.bridgelab.junituservalidation.UserValidation.enterFirstName(UserValidation.java:45)
	at com.bridgelab.junituservalidation.UserValidation.enterFirstName(UserValidation.java:45)
	at com.bridgelab.junituservalidation.UserValidation.enterFirstName(UserValidation.java:45)
	at com.bridgelab.junituservalidation.UserValidation.enterFirstName(UserValidation.java:45)
	at com.bridgelab.junituservalidation.UserValidation.enterFirstName(UserValidation.java:45)
	at com.bridgelab.junituservalidation.UserValidation.enterFirstName(UserValidation.java:45)
	at com.bridgelab.junituservalidation.UserValidation.enterFirstName(UserValidation.java:45)
	at com.bridgelab.junituservalidation.UserValidation.enterFirstName(UserValidation.java:45)
	at com.bridgelab.junituservalidation.UserValidation.enterFirstName(UserValidation.java:45)
	at com.bridgelab.junituservalidation.UserValidation.enterFirstName(UserValidation.java:45)
	at com.bridgelab.junituservalidation.UserValidation.enterFirstName(UserValidation.java:45)
	at com.bridgelab.junituservalidation.UserValidation.enterFirstName(UserValidation.java:45)
	at com.bridgelab.junituservalidation.UserValidation.enterFirstName(UserValidation.java:45)
	at com.bridgelab.junituservalidation.UserValidation.enterFirstName(UserValidation.java:45)
	at com.bridgelab.junituservalidation.UserValidation.enterFirstName(UserValidation.java:45)
	at com.bridgelab.junituservalidation.UserValidation.enterFirstName(UserValidation.java:45)
	at com.bridgelab.junituservalidation.UserValidation.enterFirstName(UserValidation.java:45)
	at com.bridgelab.junituservalidation.UserValidation.enterFirstName(UserValidation.java:45)
	at com.bridgelab.junituservalidation.UserValidation.enterFirstName(UserValidation.java:45)
	at com.bridgelab.junituservalidation.UserValidation.enterFirstName(UserValidation.java:45)
	at com.bridgelab.junituservalidation.UserValidation.enterFirstName(UserValidation.java:45)
	at com.bridgelab.junituservalidation.UserValidation.enterFirstName(UserValidation.java:45)
	at com.bridgelab.junituservalidation.UserValidation.enterFirstName(UserValidation.java:45)
	at com.bridgelab.junituservalidation.UserValidation.enterFirstName(UserValidation.java:45)
	at com.bridgelab.junituservalidation.UserValidation.enterFirstName(UserValidation.java:45)
	at com.bridgelab.junituservalidation.UserValidation.enterFirstName(UserValidation.java:45)
	at com.bridgelab.junituservalidation.UserValidation.enterFirstName(UserValidation.java:45)
	at com.bridgelab.junituservalidation.UserValidation.enterFirstName(UserValidation.java:45)
	at com.bridgelab.junituservalidation.UserValidation.enterFirstName(UserValidation.java:45)
	at com.bridgelab.junituservalidation.UserValidation.enterFirstName(UserValidation.java:45)
	at com.bridgelab.junituservalidation.UserValidation.enterFirstName(UserValidation.java:45)
	at com.bridgelab.junituservalidation.UserValidation.enterFirstName(UserValidation.java:45)
	at com.bridgelab.junituservalidation.UserValidation.enterFirstName(UserValidation.java:45)
	at com.bridgelab.junituservalidation.UserValidation.enterFirstName(UserValidation.java:45)
	at com.bridgelab.junituservalidation.UserValidation.enterFirstName(UserValidation.java:45)
	at com.bridgelab.junituservalidation.UserValidation.enterFirstName(UserValidation.java:45)
	at com.bridgelab.junituservalidation.UserValidation.enterFirstName(UserValidation.java:45)
	at com.bridgelab.junituservalidation.UserValidation.enterFirstName(UserValidation.java:45)
	at com.bridgelab.junituservalidation.UserValidation.enterFirstName(UserValidation.java:45)
	at com.bridgelab.junituservalidation.UserValidation.enterFirstName(UserValidation.java:45)
	at com.bridgelab.junituservalidation.UserValidation.enterFirstName(UserValidation.java:45)
	at com.bridgelab.junituservalidation.UserValidation.enterFirstName(UserValidation.java:45)
	at com.bridgelab.junituservalidation.UserValidation.enterFirstName(UserValidation.java:45)
	at com.bridgelab.junituservalidation.UserValidation.enterFirstName(UserValidation.java:45)
	at com.bridgelab.junituservalidation.UserValidation.enterFirstName(UserValidation.java:45)
	at com.bridgelab.junituservalidation.UserValidation.enterFirstName(UserValidation.java:45)
	at com.bridgelab.junituservalidation.UserValidation.enterFirstName(UserValidation.java:45)
	at com.bridgelab.junituservalidation.UserValidation.enterFirstName(UserValidation.java:45)
	at com.bridgelab.junituservalidation.UserValidation.enterFirstName(UserValidation.java:45)
	at com.bridgelab.junituservalidation.UserValidation.enterFirstName(UserValidation.java:45)
	at com.bridgelab.junituservalidation.UserValidation.enterFirstName(UserValidation.java:45)
	at com.bridgelab.junituservalidation.UserValidation.enterFirstName(UserValidation.java:45)
	at com.bridgelab.junituservalidation.UserValidation.enterFirstName(UserValidation.java:45)
	at com.bridgelab.junituservalidation.UserValidation.enterFirstName(UserValidation.java:45)
	at com.bridgelab.junituservalidation.UserValidation.enterFirstName(UserValidation.java:45)
	at com.bridgelab.junituservalidation.UserValidation.enterFirstName(UserValidation.java:45)
	at com.bridgelab.junituservalidation.UserValidation.enterFirstName(UserValidation.java:45)
	at com.bridgelab.junituservalidation.UserValidation.enterFirstName(UserValidation.java:45)
	at com.bridgelab.junituservalidation.UserValidation.enterFirstName(UserValidation.java:45)
	at com.bridgelab.junituservalidation.UserValidation.enterFirstName(UserValidation.java:45)
	at com.bridgelab.junituservalidation.UserValidation.enterFirstName(UserValidation.java:45)
	at com.bridgelab.junituservalidation.UserValidation.enterFirstName(UserValidation.java:45)
	at com.bridgelab.junituservalidation.UserValidation.enterFirstName(UserValidation.java:45)
	at com.bridgelab.junituservalidation.UserValidation.enterFirstName(UserValidation.java:45)
	at com.bridgelab.junituservalidation.UserValidation.enterFirstName(UserValidation.java:45)
	at com.bridgelab.junituservalidation.UserValidation.enterFirstName(UserValidation.java:45)
	at com.bridgelab.junituservalidation.UserValidation.enterFirstName(UserValidation.java:45)
	at com.bridgelab.junituservalidation.UserValidation.enterFirstName(UserValidation.java:45)
	at com.bridgelab.junituservalidation.UserValidation.enterFirstName(UserValidation.java:45)
	at com.bridgelab.junituservalidation.UserValidation.enterFirstName(UserValidation.java:45)
	at com.bridgelab.junituservalidation.UserValidation.enterFirstName(UserValidation.java:45)
	at com.bridgelab.junituservalidation.UserValidation.enterFirstName(UserValidation.java:45)
	at com.bridgelab.junituservalidation.UserValidation.enterFirstName(UserValidation.java:45)
	at com.bridgelab.junituservalidation.UserValidation.enterFirstName(UserValidation.java:45)
	at com.bridgelab.junituservalidation.UserValidation.enterFirstName(UserValidation.java:45)
	at com.bridgelab.junituservalidation.UserValidation.enterFirstName(UserValidation.java:45)
	at com.bridgelab.junituservalidation.UserValidation.enterFirstName(UserValidation.java:45)
	at com.bridgelab.junituservalidation.UserValidation.enterFirstName(UserValidation.java:45)
	at com.bridgelab.junituservalidation.UserValidation.enterFirstName(UserValidation.java:45)
	at com.bridgelab.junituservalidation.UserValidation.enterFirstName(UserValidation.java:45)
	at com.bridgelab.junituservalidation.UserValidation.enterFirstName(UserValidation.java:45)
	at com.bridgelab.junituservalidation.UserValidation.enterFirstName(UserValidation.java:45)
	at com.bridgelab.junituservalidation.UserValidation.enterFirstName(UserValidation.java:45)
	at com.bridgelab.junituservalidation.UserValidation.enterFirstName(UserValidation.java:45)
	at com.bridgelab.junituservalidation.UserValidation.enterFirstName(UserValidation.java:45)
	at com.bridgelab.junituservalidation.UserValidation.enterFirstName(UserValidation.java:45)
	at com.bridgelab.junituservalidation.UserValidation.enterFirstName(UserValidation.java:45)
	at com.bridgelab.junituservalidation.UserValidation.enterFirstName(UserValidation.java:45)
	at com.bridgelab.junituservalidation.UserValidation.enterFirstName(UserValidation.java:45)
	at com.bridgelab.junituservalidation.UserValidation.enterFirstName(UserValidation.java:45)
	at com.bridgelab.junituservalidation.UserValidation.enterFirstName(UserValidation.java:45)
	at com.bridgelab.junituservalidation.UserValidation.enterFirstName(UserValidation.java:45)
	at com.bridgelab.junituservalidation.UserValidation.enterFirstName(UserValidation.java:45)
	at com.bridgelab.junituservalidation.UserValidation.enterFirstName(UserValidation.java:45)
	at com.bridgelab.junituservalidation.UserValidation.enterFirstName(UserValidation.java:45)
	at com.bridgelab.junituservalidation.UserValidation.enterFirstName(UserValidation.java:45)
	at com.bridgelab.junituservalidation.UserValidation.enterFirstName(UserValidation.java:45)
	at com.bridgelab.junituservalidation.UserValidation.enterFirstName(UserValidation.java:45)
	at com.bridgelab.junituservalidation.UserValidation.enterFirstName(UserValidation.java:45)
	at com.bridgelab.junituservalidation.UserValidation.enterFirstName(UserValidation.java:45)
	at com.bridgelab.junituservalidation.UserValidation.enterFirstName(UserValidation.java:45)
	at com.bridgelab.junituservalidation.UserValidation.enterFirstName(UserValidation.java:45)
	at com.bridgelab.junituservalidation.UserValidation.enterFirstName(UserValidation.java:45)
	at com.bridgelab.junituservalidation.UserValidation.enterFirstName(UserValidation.java:45)
	at com.bridgelab.junituservalidation.UserValidation.enterFirstName(UserValidation.java:45)
	at com.bridgelab.junituservalidation.UserValidation.enterFirstName(UserValidation.java:45)
	at com.bridgelab.junituservalidation.UserValidation.enterFirstName(UserValidation.java:45)
	at com.bridgelab.junituservalidation.UserValidation.enterFirstName(UserValidation.java:45)
	at com.bridgelab.junituservalidation.UserValidation.enterFirstName(UserValidation.java:45)
	at com.bridgelab.junituservalidation.UserValidation.enterFirstName(UserValidation.java:45)
	at com.bridgelab.junituservalidation.UserValidation.enterFirstName(UserValidation.java:45)
	at com.bridgelab.junituservalidation.UserValidation.enterFirstName(UserValidation.java:45)
	at com.bridgelab.junituservalidation.UserValidation.enterFirstName(UserValidation.java:45)
	at com.bridgelab.junituservalidation.UserValidation.enterFirstName(UserValidation.java:45)
	at com.bridgelab.junituservalidation.UserValidation.enterFirstName(UserValidation.java:45)
	at com.bridgelab.junituservalidation.UserValidation.enterFirstName(UserValidation.java:45)
	at com.bridgelab.junituservalidation.UserValidation.enterFirstName(UserValidation.java:45)
	at com.bridgelab.junituservalidation.UserValidation.enterFirstName(UserValidation.java:45)
	at com.bridgelab.junituservalidation.UserValidation.enterFirstName(UserValidation.java:45)
	at com.bridgelab.junituservalidation.UserValidation.enterFirstName(UserValidation.java:45)
	at com.bridgelab.junituservalidation.UserValidation.enterFirstName(UserValidation.java:45)
	at com.bridgelab.junituservalidation.UserValidation.enterFirstName(UserValidation.java:45)
	at com.bridgelab.junituservalidation.UserValidation.enterFirstName(UserValidation.java:45)
	at com.bridgelab.junituservalidation.UserValidation.enterFirstName(UserValidation.java:45)
	at com.bridgelab.junituservalidation.UserValidation.enterFirstName(UserValidation.java:45)
	at com.bridgelab.junituservalidation.UserValidation.enterFirstName(UserValidation.java:45)
	at com.bridgelab.junituservalidation.UserValidation.enterFirstName(UserValidation.java:45)
	at com.bridgelab.junituservalidation.UserValidation.enterFirstName(UserValidation.java:45)
	at com.bridgelab.junituservalidation.UserValidation.enterFirstName(UserValidation.java:45)
	at com.bridgelab.junituservalidation.UserValidation.enterFirstName(UserValidation.java:45)
	at com.bridgelab.junituservalidation.UserValidation.enterFirstName(UserValidation.java:45)
	at com.bridgelab.junituservalidation.UserValidation.enterFirstName(UserValidation.java:45)
	at com.bridgelab.junituservalidation.UserValidation.enterFirstName(UserValidation.java:45)
	at com.bridgelab.junituservalidation.UserValidation.enterFirstName(UserValidation.java:45)
	at com.bridgelab.junituservalidation.UserValidation.enterFirstName(UserValidation.java:45)
	at com.bridgelab.junituservalidation.UserValidation.enterFirstName(UserValidation.java:45)
	at com.bridgelab.junituservalidation.UserValidation.enterFirstName(UserValidation.java:45)
	at com.bridgelab.junituservalidation.UserValidation.enterFirstName(UserValidation.java:45)
	at com.bridgelab.junituservalidation.UserValidation.enterFirstName(UserValidation.java:45)
	at com.bridgelab.junituservalidation.UserValidation.enterFirstName(UserValidation.java:45)
	at com.bridgelab.junituservalidation.UserValidation.enterFirstName(UserValidation.java:45)
	at com.bridgelab.junituservalidation.UserValidation.enterFirstName(UserValidation.java:45)
	at com.bridgelab.junituservalidation.UserValidation.enterFirstName(UserValidation.java:45)
	at com.bridgelab.junituservalidation.UserValidation.enterFirstName(UserValidation.java:45)
	at com.bridgelab.junituservalidation.UserValidation.enterFirstName(UserValidation.java:45)
	at com.bridgelab.junituservalidation.UserValidation.enterFirstName(UserValidation.java:45)
	at com.bridgelab.junituservalidation.UserValidation.enterFirstName(UserValidation.java:45)
	at com.bridgelab.junituservalidation.UserValidation.enterFirstName(UserValidation.java:45)
	at com.bridgelab.junituservalidation.UserValidation.enterFirstName(UserValidation.java:45)
	at com.bridgelab.junituservalidation.UserValidation.enterFirstName(UserValidation.java:45)
	at com.bridgelab.junituservalidation.UserValidation.enterFirstName(UserValidation.java:45)
	at com.bridgelab.junituservalidation.UserValidation.enterFirstName(UserValidation.java:45)
	at com.bridgelab.junituservalidation.UserValidation.enterFirstName(UserValidation.java:45)
	at com.bridgelab.junituservalidation.UserValidation.enterFirstName(UserValidation.java:45)
	at com.bridgelab.junituservalidation.UserValidation.enterFirstName(UserValidation.java:45)
	at com.bridgelab.junituservalidation.UserValidation.enterFirstName(UserValidation.java:45)
	at com.bridgelab.junituservalidation.UserValidation.enterFirstName(UserValidation.java:45)
	at com.bridgelab.junituservalidation.UserValidation.enterFirstName(UserValidation.java:45)
	at com.bridgelab.junituservalidation.UserValidation.enterFirstName(UserValidation.java:45)
	at com.bridgelab.junituservalidation.UserValidation.enterFirstName(UserValidation.java:45)
	at com.bridgelab.junituservalidation.UserValidation.enterFirstName(UserValidation.java:45)
	at com.bridgelab.junituservalidation.UserValidation.enterFirstName(UserValidation.java:45)
	at com.bridgelab.junituservalidation.UserValidation.enterFirstName(UserValidation.java:45)
	at com.bridgelab.junituservalidation.UserValidation.enterFirstName(UserValidation.java:45)
	at com.bridgelab.junituservalidation.UserValidation.enterFirstName(UserValidation.java:45)
	at com.bridgelab.junituservalidation.UserValidation.enterFirstName(UserValidation.java:45)
	at com.bridgelab.junituservalidation.UserValidation.enterFirstName(UserValidation.java:45)
	at com.bridgelab.junituservalidation.UserValidation.enterFirstName(UserValidation.java:45)
	at com.bridgelab.junituservalidation.UserValidation.enterFirstName(UserValidation.java:45)
	at com.bridgelab.junituservalidation.UserValidation.enterFirstName(UserValidation.java:45)
	at com.bridgelab.junituservalidation.UserValidation.enterFirstName(UserValidation.java:45)
	at com.bridgelab.junituservalidation.UserValidation.enterFirstName(UserValidation.java:45)
	at com.bridgelab.junituservalidation.UserValidation.enterFirstName(UserValidation.java:45)
	at com.bridgelab.junituservalidation.UserValidation.enterFirstName(UserValidation.java:45)
	at com.bridgelab.junituservalidation.UserValidation.enterFirstName(UserValidation.java:45)
	at com.bridgelab.junituservalidation.UserValidation.enterFirstName(UserValidation.java:45)
	at com.bridgelab.junituservalidation.UserValidation.enterFirstName(UserValidation.java:45)
	at com.bridgelab.junituservalidation.UserValidation.enterFirstName(UserValidation.java:45)
	at com.bridgelab.junituservalidation.UserValidation.enterFirstName(UserValidation.java:45)
	at com.bridgelab.junituservalidation.UserValidation.enterFirstName(UserValidation.java:45)
	at com.bridgelab.junituservalidation.UserValidation.enterFirstName(UserValidation.java:45)
	at com.bridgelab.junituservalidation.UserValidation.enterFirstName(UserValidation.java:45)
	at com.bridgelab.junituservalidation.UserValidation.enterFirstName(UserValidation.java:45)
	at com.bridgelab.junituservalidation.UserValidation.enterFirstName(UserValidation.java:45)
	at com.bridgelab.junituservalidation.UserValidation.enterFirstName(UserValidation.java:45)
	at com.bridgelab.junituservalidation.UserValidation.enterFirstName(UserValidation.java:45)
	at com.bridgelab.junituservalidation.UserValidation.enterFirstName(UserValidation.java:45)
	at com.bridgelab.junituservalidation.UserValidation.enterFirstName(UserValidation.java:45)
	at com.bridgelab.junituservalidation.UserValidation.enterFirstName(UserValidation.java:45)
	at com.bridgelab.junituservalidation.UserValidation.enterFirstName(UserValidation.java:45)
	at com.bridgelab.junituservalidation.UserValidation.enterFirstName(UserValidation.java:45)
	at com.bridgelab.junituservalidation.UserValidation.enterFirstName(UserValidation.java:45)
	at com.bridgelab.junituservalidation.UserValidation.enterFirstName(UserValidation.java:45)
	at com.bridgelab.junituservalidation.UserValidation.enterFirstName(UserValidation.java:45)
	at com.bridgelab.junituservalidation.UserValidation.enterFirstName(UserValidation.java:45)
	at com.bridgelab.junituservalidation.UserValidation.enterFirstName(UserValidation.java:45)
	at com.bridgelab.junituservalidation.UserValidation.enterFirstName(UserValidation.java:45)
	at com.bridgelab.junituservalidation.UserValidation.enterFirstName(UserValidation.java:45)
	at com.bridgelab.junituservalidation.UserValidation.enterFirstName(UserValidation.java:45)
	at com.bridgelab.junituservalidation.UserValidation.enterFirstName(UserValidation.java:45)
	at com.bridgelab.junituservalidation.UserValidation.enterFirstName(UserValidation.java:45)
	at com.bridgelab.junituservalidation.UserValidation.enterFirstName(UserValidation.java:45)
	at com.bridgelab.junituservalidation.UserValidation.enterFirstName(UserValidation.java:45)
	at com.bridgelab.junituservalidation.UserValidation.enterFirstName(UserValidation.java:45)
	at com.bridgelab.junituservalidation.UserValidation.enterFirstName(UserValidation.java:45)
	at com.bridgelab.junituservalidation.UserValidation.enterFirstName(UserValidation.java:45)
	at com.bridgelab.junituservalidation.UserValidation.enterFirstName(UserValidation.java:45)
	at com.bridgelab.junituservalidation.UserValidation.enterFirstName(UserValidation.java:45)
	at com.bridgelab.junituservalidation.UserValidation.enterFirstName(UserValidation.java:45)
	at com.bridgelab.junituservalidation.UserValidation.enterFirstName(UserValidation.java:45)
	at com.bridgelab.junituservalidation.UserValidation.enterFirstName(UserValidation.java:45)
	at com.bridgelab.junituservalidation.UserValidation.enterFirstName(UserValidation.java:45)
	at com.bridgelab.junituservalidation.UserValidation.enterFirstName(UserValidation.java:45)
	at com.bridgelab.junituservalidation.UserValidation.enterFirstName(UserValidation.java:45)
	at com.bridgelab.junituservalidation.UserValidation.enterFirstName(UserValidation.java:45)
	at com.bridgelab.junituservalidation.UserValidation.enterFirstName(UserValidation.java:45)
	at com.bridgelab.junituservalidation.UserValidation.enterFirstName(UserValidation.java:45)
	at com.bridgelab.junituservalidation.UserValidation.enterFirstName(UserValidation.java:45)
	at com.bridgelab.junituservalidation.UserValidation.enterFirstName(UserValidation.java:45)
	at com.bridgelab.junituservalidation.UserValidation.enterFirstName(UserValidation.java:45)
	at com.bridgelab.junituservalidation.UserValidation.enterFirstName(UserValidation.java:45)
	at com.bridgelab.junituservalidation.UserValidation.enterFirstName(UserValidation.java:45)
	at com.bridgelab.junituservalidation.UserValidation.enterFirstName(UserValidation.java:45)
	at com.bridgelab.junituservalidation.UserValidation.enterFirstName(UserValidation.java:45)
	at com.bridgelab.junituservalidation.UserValidation.enterFirstName(UserValidation.java:45)
	at com.bridgelab.junituservalidation.UserValidation.enterFirstName(UserValidation.java:45)
	at com.bridgelab.junituservalidation.UserValidation.enterFirstName(UserValidation.java:45)
	at com.bridgelab.junituservalidation.UserValidation.enterFirstName(UserValidation.java:45)
	at com.bridgelab.junituservalidation.UserValidation.enterFirstName(UserValidation.java:45)
	at com.bridgelab.junituservalidation.UserValidation.enterFirstName(UserValidation.java:45)
	at com.bridgelab.junituservalidation.UserValidation.enterFirstName(UserValidation.java:45)
	at com.bridgelab.junituservalidation.UserValidation.enterFirstName(UserValidation.java:45)
	at com.bridgelab.junituservalidation.UserValidation.enterFirstName(UserValidation.java:45)
	at com.bridgelab.junituservalidation.UserValidation.enterFirstName(UserValidation.java:45)
	at com.bridgelab.junituservalidation.UserValidation.enterFirstName(UserValidation.java:45)
	at com.bridgelab.junituservalidation.UserValidation.enterFirstName(UserValidation.java:45)
	at com.bridgelab.junituservalidation.UserValidation.enterFirstName(UserValidation.java:45)
	at com.bridgelab.junituservalidation.UserValidation.enterFirstName(UserValidation.java:45)
	at com.bridgelab.junituservalidation.UserValidation.enterFirstName(UserValidation.java:45)
	at com.bridgelab.junituservalidation.UserValidation.enterFirstName(UserValidation.java:45)
	at com.bridgelab.junituservalidation.UserValidation.enterFirstName(UserValidation.java:45)
	at com.bridgelab.junituservalidation.UserValidation.enterFirstName(UserValidation.java:45)
	at com.bridgelab.junituservalidation.UserValidation.enterFirstName(UserValidation.java:45)
	at com.bridgelab.junituservalidation.UserValidation.enterFirstName(UserValidation.java:45)
	at com.bridgelab.junituservalidation.UserValidation.enterFirstName(UserValidation.java:45)
	at com.bridgelab.junituservalidation.UserValidation.enterFirstName(UserValidation.java:45)
	at com.bridgelab.junituservalidation.UserValidation.enterFirstName(UserValidation.java:45)
	at com.bridgelab.junituservalidation.UserValidation.enterFirstName(UserValidation.java:45)
	at com.bridgelab.junituservalidation.UserValidation.enterFirstName(UserValidation.java:45)
	at com.bridgelab.junituservalidation.UserValidation.enterFirstName(UserValidation.java:45)
	at com.bridgelab.junituservalidation.UserValidation.enterFirstName(UserValidation.java:45)
	at com.bridgelab.junituservalidation.UserValidation.enterFirstName(UserValidation.java:45)
	at com.bridgelab.junituservalidation.UserValidation.enterFirstName(UserValidation.java:45)
	at com.bridgelab.junituservalidation.UserValidation.enterFirstName(UserValidation.java:45)
	at com.bridgelab.junituservalidation.UserValidation.enterFirstName(UserValidation.java:45)
	at com.bridgelab.junituservalidation.UserValidation.enterFirstName(UserValidation.java:45)
	at com.bridgelab.junituservalidation.UserValidation.enterFirstName(UserValidation.java:45)
	at com.bridgelab.junituservalidation.UserValidation.enterFirstName(UserValidation.java:45)
	at com.bridgelab.junituservalidation.UserValidation.enterFirstName(UserValidation.java:45)
	at com.bridgelab.junituservalidation.UserValidation.enterFirstName(UserValidation.java:45)
	at com.bridgelab.junituservalidation.UserValidation.enterFirstName(UserValidation.java:45)
	at com.bridgelab.junituservalidation.UserValidation.enterFirstName(UserValidation.java:45)
	at com.bridgelab.junituservalidation.UserValidation.enterFirstName(UserValidation.java:45)
	at com.bridgelab.junituservalidation.UserValidation.enterFirstName(UserValidation.java:45)
	at com.bridgelab.junituservalidation.UserValidation.enterFirstName(UserValidation.java:45)
	at com.bridgelab.junituservalidation.UserValidation.enterFirstName(UserValidation.java:45)
	at com.bridgelab.junituservalidation.UserValidation.enterFirstName(UserValidation.java:45)
	at com.bridgelab.junituservalidation.UserValidation.enterFirstName(UserValidation.java:45)
	at com.bridgelab.junituservalidation.UserValidation.enterFirstName(UserValidation.java:45)
	at com.bridgelab.junituservalidation.UserValidation.enterFirstName(UserValidation.java:45)
	at com.bridgelab.junituservalidation.UserValidation.enterFirstName(UserValidation.java:45)
	at com.bridgelab.junituservalidation.UserValidation.enterFirstName(UserValidation.java:45)
	at com.bridgelab.junituservalidation.UserValidation.enterFirstName(UserValidation.java:45)
	at com.bridgelab.junituservalidation.UserValidation.enterFirstName(UserValidation.java:45)
	at com.bridgelab.junituservalidation.UserValidation.enterFirstName(UserValidation.java:45)
	at com.bridgelab.junituservalidation.UserValidation.enterFirstName(UserValidation.java:45)
	at com.bridgelab.junituservalidation.UserValidation.enterFirstName(UserValidation.java:45)
	at com.bridgelab.junituservalidation.UserValidation.enterFirstName(UserValidation.java:45)
	at com.bridgelab.junituservalidation.UserValidation.enterFirstName(UserValidation.java:45)
	at com.bridgelab.junituservalidation.UserValidation.enterFirstName(UserValidation.java:45)
	at com.bridgelab.junituservalidation.UserValidation.enterFirstName(UserValidation.java:45)
	at com.bridgelab.junituservalidation.UserValidation.enterFirstName(UserValidation.java:45)
	at com.bridgelab.junituservalidation.UserValidation.enterFirstName(UserValidation.java:45)
	at com.bridgelab.junituservalidation.UserValidation.enterFirstName(UserValidation.java:45)
	at com.bridgelab.junituservalidation.UserValidation.enterFirstName(UserValidation.java:45)
	at com.bridgelab.junituservalidation.UserValidation.enterFirstName(UserValidation.java:45)
	at com.bridgelab.junituservalidation.UserValidation.enterFirstName(UserValidation.java:45)
	at com.bridgelab.junituservalidation.UserValidation.enterFirstName(UserValidation.java:45)
	at com.bridgelab.junituservalidation.UserValidation.enterFirstName(UserValidation.java:45)
	at com.bridgelab.junituservalidation.UserValidation.enterFirstName(UserValidation.java:45)
	at com.bridgelab.junituservalidation.UserValidation.enterFirstName(UserValidation.java:45)
	at com.bridgelab.junituservalidation.UserValidation.enterFirstName(UserValidation.java:45)
	at com.bridgelab.junituservalidation.UserValidation.enterFirstName(UserValidation.java:45)
	at com.bridgelab.junituservalidation.UserValidation.enterFirstName(UserValidation.java:45)
	at com.bridgelab.junituservalidation.UserValidation.enterFirstName(UserValidation.java:45)
	at com.bridgelab.junituservalidation.UserValidation.enterFirstName(UserValidation.java:45)
	at com.bridgelab.junituservalidation.UserValidation.enterFirstName(UserValidation.java:45)
	at com.bridgelab.junituservalidation.UserValidation.enterFirstName(UserValidation.java:45)
	at com.bridgelab.junituservalidation.UserValidation.enterFirstName(UserValidation.java:45)
	at com.bridgelab.junituservalidation.UserValidation.enterFirstName(UserValidation.java:45)
	at com.bridgelab.junituservalidation.UserValidation.enterFirstName(UserValidation.java:45)
	at com.bridgelab.junituservalidation.UserValidation.enterFirstName(UserValidation.java:45)
	at com.bridgelab.junituservalidation.UserValidation.enterFirstName(UserValidation.java:45)
	at com.bridgelab.junituservalidation.UserValidation.enterFirstName(UserValidation.java:45)
	at com.bridgelab.junituservalidation.UserValidation.enterFirstName(UserValidation.java:45)
	at com.bridgelab.junituservalidation.UserValidation.enterFirstName(UserValidation.java:45)
	at com.bridgelab.junituservalidation.UserValidation.enterFirstName(UserValidation.java:45)
	at com.bridgelab.junituservalidation.UserValidation.enterFirstName(UserValidation.java:45)
	at com.bridgelab.junituservalidation.UserValidation.enterFirstName(UserValidation.java:45)
	at com.bridgelab.junituservalidation.UserValidation.enterFirstName(UserValidation.java:45)
	at com.bridgelab.junituservalidation.UserValidation.enterFirstName(UserValidation.java:45)
	at com.bridgelab.junituservalidation.UserValidation.enterFirstName(UserValidation.java:45)
	at com.bridgelab.junituservalidation.UserValidation.enterFirstName(UserValidation.java:45)
	at com.bridgelab.junituservalidation.UserValidation.enterFirstName(UserValidation.java:45)
	at com.bridgelab.junituservalidation.UserValidation.enterFirstName(UserValidation.java:45)
	at com.bridgelab.junituservalidation.UserValidation.enterFirstName(UserValidation.java:45)
	at com.bridgelab.junituservalidation.UserValidation.enterFirstName(UserValidation.java:45)
	at com.bridgelab.junituservalidation.UserValidation.enterFirstName(UserValidation.java:45)
	at com.bridgelab.junituservalidation.UserValidation.enterFirstName(UserValidation.java:45)
	at com.bridgelab.junituservalidation.UserValidation.enterFirstName(UserValidation.java:45)
	at com.bridgelab.junituservalidation.UserValidation.enterFirstName(UserValidation.java:45)
	at com.bridgelab.junituservalidation.UserValidation.enterFirstName(UserValidation.java:45)
	at com.bridgelab.junituservalidation.UserValidation.enterFirstName(UserValidation.java:45)
	at com.bridgelab.junituservalidation.UserValidation.enterFirstName(UserValidation.java:45)
	at com.bridgelab.junituservalidation.UserValidation.enterFirstName(UserValidation.java:45)
	at com.bridgelab.junituservalidation.UserValidation.enterFirstName(UserValidation.java:45)
	at com.bridgelab.junituservalidation.UserValidation.enterFirstName(UserValidation.java:45)
	at com.bridgelab.junituservalidation.UserValidation.enterFirstName(UserValidation.java:45)
	at com.bridgelab.junituservalidation.UserValidation.enterFirstName(UserValidation.java:45)
	at com.bridgelab.junituservalidation.UserValidation.enterFirstName(UserValidation.java:45)
	at com.bridgelab.junituservalidation.UserValidation.enterFirstName(UserValidation.java:45)
	at com.bridgelab.junituservalidation.UserValidation.enterFirstName(UserValidation.java:45)
	at com.bridgelab.junituservalidation.UserValidation.enterFirstName(UserValidation.java:45)
	at com.bridgelab.junituservalidation.UserValidation.enterFirstName(UserValidation.java:45)
	at com.bridgelab.junituservalidation.UserValidation.enterFirstName(UserValidation.java:45)
	at com.bridgelab.junituservalidation.UserValidation.enterFirstName(UserValidation.java:45)
	at com.bridgelab.junituservalidation.UserValidation.enterFirstName(UserValidation.java:45)
	at com.bridgelab.junituservalidation.UserValidation.enterFirstName(UserValidation.java:45)
	at com.bridgelab.junituservalidation.UserValidation.enterFirstName(UserValidation.java:45)
	at com.bridgelab.junituservalidation.UserValidation.enterFirstName(UserValidation.java:45)
	at com.bridgelab.junituservalidation.UserValidation.enterFirstName(UserValidation.java:45)
	at com.bridgelab.junituservalidation.UserValidation.enterFirstName(UserValidation.java:45)
	at com.bridgelab.junituservalidation.UserValidation.enterFirstName(UserValidation.java:45)
	at com.bridgelab.junituservalidation.UserValidation.enterFirstName(UserValidation.java:45)
	at com.bridgelab.junituservalidation.UserValidation.enterFirstName(UserValidation.java:45)
	at com.bridgelab.junituservalidation.UserValidation.enterFirstName(UserValidation.java:45)
	at com.bridgelab.junituservalidation.UserValidation.enterFirstName(UserValidation.java:45)
	at com.bridgelab.junituservalidation.UserValidation.enterFirstName(UserValidation.java:45)
	at com.bridgelab.junituservalidation.UserValidation.enterFirstName(UserValidation.java:45)
	at com.bridgelab.junituservalidation.UserValidation.enterFirstName(UserValidation.java:45)
	at com.bridgelab.junituservalidation.UserValidation.enterFirstName(UserValidation.java:45)
	at com.bridgelab.junituservalidation.UserValidation.enterFirstName(UserValidation.java:45)
	at com.bridgelab.junituservalidation.UserValidation.enterFirstName(UserValidation.java:45)
	at com.bridgelab.junituservalidation.UserValidation.enterFirstName(UserValidation.java:45)
	at com.bridgelab.junituservalidation.UserValidation.enterFirstName(UserValidation.java:45)
	at com.bridgelab.junituservalidation.UserValidation.enterFirstName(UserValidation.java:45)
	at com.bridgelab.junituservalidation.UserValidation.enterFirstName(UserValidation.java:45)
	at com.bridgelab.junituservalidation.UserValidation.enterFirstName(UserValidation.java:45)
	at com.bridgelab.junituservalidation.UserValidation.enterFirstName(UserValidation.java:45)
	at com.bridgelab.junituservalidation.UserValidation.enterFirstName(UserValidation.java:45)
	at com.bridgelab.junituservalidation.UserValidation.enterFirstName(UserValidation.java:45)
	at com.bridgelab.junituservalidation.UserValidation.enterFirstName(UserValidation.java:45)
	at com.bridgelab.junituservalidation.UserValidation.enterFirstName(UserValidation.java:45)
	at com.bridgelab.junituservalidation.UserValidation.enterFirstName(UserValidation.java:45)
	at com.bridgelab.junituservalidation.UserValidation.enterFirstName(UserValidation.java:45)
	at com.bridgelab.junituservalidation.UserValidation.enterFirstName(UserValidation.java:45)
	at com.bridgelab.junituservalidation.UserValidation.enterFirstName(UserValidation.java:45)
	at com.bridgelab.junituservalidation.UserValidation.enterFirstName(UserValidation.java:45)
	at com.bridgelab.junituservalidation.UserValidation.enterFirstName(UserValidation.java:45)
	at com.bridgelab.junituservalidation.UserValidation.enterFirstName(UserValidation.java:45)
	at com.bridgelab.junituservalidation.UserValidation.enterFirstName(UserValidation.java:45)
	at com.bridgelab.junituservalidation.UserValidation.enterFirstName(UserValidation.java:45)
	at com.bridgelab.junituservalidation.UserValidation.enterFirstName(UserValidation.java:45)
	at com.bridgelab.junituservalidation.UserValidation.enterFirstName(UserValidation.java:45)
	at com.bridgelab.junituservalidation.UserValidation.enterFirstName(UserValidation.java:45)
	at com.bridgelab.junituservalidation.UserValidation.enterFirstName(UserValidation.java:45)
	at com.bridgelab.junituservalidation.UserValidation.enterFirstName(UserValidation.java:45)
	at com.bridgelab.junituservalidation.UserValidation.enterFirstName(UserValidation.java:45)
	at com.bridgelab.junituservalidation.UserValidation.enterFirstName(UserValidation.java:45)
	at com.bridgelab.junituservalidation.UserValidation.enterFirstName(UserValidation.java:45)
	at com.bridgelab.junituservalidation.UserValidation.enterFirstName(UserValidation.java:45)
	at com.bridgelab.junituservalidation.UserValidation.enterFirstName(UserValidation.java:45)
	at com.bridgelab.junituservalidation.UserValidation.enterFirstName(UserValidation.java:45)
	at com.bridgelab.junituservalidation.UserValidation.enterFirstName(UserValidation.java:45)
	at com.bridgelab.junituservalidation.UserValidation.enterFirstName(UserValidation.java:45)
	at com.bridgelab.junituservalidation.UserValidation.enterFirstName(UserValidation.java:45)
	at com.bridgelab.junituservalidation.UserValidation.enterFirstName(UserValidation.java:45)
	at com.bridgelab.junituservalidation.UserValidation.enterFirstName(UserValidation.java:45)
	at com.bridgelab.junituservalidation.UserValidation.enterFirstName(UserValidation.java:45)
	at com.bridgelab.junituservalidation.UserValidation.enterFirstName(UserValidation.java:45)
	at com.bridgelab.junituservalidation.UserValidation.enterFirstName(UserValidation.java:45)
	at com.bridgelab.junituservalidation.UserValidation.enterFirstName(UserValidation.java:45)
	at com.bridgelab.junituservalidation.UserValidation.enterFirstName(UserValidation.java:45)
	at com.bridgelab.junituservalidation.UserValidation.enterFirstName(UserValidation.java:45)
	at com.bridgelab.junituservalidation.UserValidation.enterFirstName(UserValidation.java:45)
	at com.bridgelab.junituservalidation.UserValidation.enterFirstName(UserValidation.java:45)
	at com.bridgelab.junituservalidation.UserValidation.enterFirstName(UserValidation.java:45)
	at com.bridgelab.junituservalidation.UserValidation.enterFirstName(UserValidation.java:45)
	at com.bridgelab.junituservalidation.UserValidation.enterFirstName(UserValidation.java:45)
	at com.bridgelab.junituservalidation.UserValidation.enterFirstName(UserValidation.java:45)
	at com.bridgelab.junituservalidation.UserValidation.enterFirstName(UserValidation.java:45)
	at com.bridgelab.junituservalidation.UserValidation.enterFirstName(UserValidation.java:45)
	at com.bridgelab.junituservalidation.UserValidation.enterFirstName(UserValidation.java:45)
	at com.bridgelab.junituservalidation.UserValidation.enterFirstName(UserValidation.java:45)
	at com.bridgelab.junituservalidation.UserValidation.enterFirstName(UserValidation.java:45)
	at com.bridgelab.junituservalidation.UserValidation.enterFirstName(UserValidation.java:45)
	at com.bridgelab.junituservalidation.UserValidation.enterFirstName(UserValidation.java:45)
	at com.bridgelab.junituservalidation.UserValidation.enterFirstName(UserValidation.java:45)
	at com.bridgelab.junituservalidation.UserValidation.enterFirstName(UserValidation.java:45)
	at com.bridgelab.junituservalidation.UserValidation.enterFirstName(UserValidation.java:45)
	at com.bridgelab.junituservalidation.UserValidation.enterFirstName(UserValidation.java:45)
	at com.bridgelab.junituservalidation.UserValidation.enterFirstName(UserValidation.java:45)
	at com.bridgelab.junituservalidation.UserValidation.enterFirstName(UserValidation.java:45)
	at com.bridgelab.junituservalidation.UserValidation.enterFirstName(UserValidation.java:45)
	at com.bridgelab.junituservalidation.UserValidation.enterFirstName(UserValidation.java:45)
	at com.bridgelab.junituservalidation.UserValidation.enterFirstName(UserValidation.java:45)
	at com.bridgelab.junituservalidation.UserValidation.enterFirstName(UserValidation.java:45)
	at com.bridgelab.junituservalidation.UserValidation.enterFirstName(UserValidation.java:45)
	at com.bridgelab.junituservalidation.UserValidation.enterFirstName(UserValidation.java:45)
	at com.bridgelab.junituservalidation.UserValidation.enterFirstName(UserValidation.java:45)
	at com.bridgelab.junituservalidation.UserValidation.enterFirstName(UserValidation.java:45)
	at com.bridgelab.junituservalidation.UserValidation.enterFirstName(UserValidation.java:45)
	at com.bridgelab.junituservalidation.UserValidation.enterFirstName(UserValidation.java:45)
	at com.bridgelab.junituservalidation.UserValidation.enterFirstName(UserValidation.java:45)
	at com.bridgelab.junituservalidation.UserValidation.enterFirstName(UserValidation.java:45)
	at com.bridgelab.junituservalidation.UserValidation.enterFirstName(UserValidation.java:45)
	at com.bridgelab.junituservalidation.UserValidation.enterFirstName(UserValidation.java:45)
	at com.bridgelab.junituservalidation.UserValidation.enterFirstName(UserValidation.java:45)
	at com.bridgelab.junituservalidation.UserValidation.enterFirstName(UserValidation.java:45)
	at com.bridgelab.junituservalidation.UserValidation.enterFirstName(UserValidation.java:45)
	at com.bridgelab.junituservalidation.UserValidation.enterFirstName(UserValidation.java:45)
	at com.bridgelab.junituservalidation.UserValidation.enterFirstName(UserValidation.java:45)
	at com.bridgelab.junituservalidation.UserValidation.enterFirstName(UserValidation.java:45)
	at com.bridgelab.junituservalidation.UserValidation.enterFirstName(UserValidation.java:45)
	at com.bridgelab.junituservalidation.UserValidation.enterFirstName(UserValidation.java:45)
	at com.bridgelab.junituservalidation.UserValidation.enterFirstName(UserValidation.java:45)
	at com.bridgelab.junituservalidation.UserValidation.enterFirstName(UserValidation.java:45)
	at com.bridgelab.junituservalidation.UserValidation.enterFirstName(UserValidation.java:45)
	at com.bridgelab.junituservalidation.UserValidation.enterFirstName(UserValidation.java:45)
	at com.bridgelab.junituservalidation.UserValidation.enterFirstName(UserValidation.java:45)
	at com.bridgelab.junituservalidation.UserValidation.enterFirstName(UserValidation.java:45)
	at com.bridgelab.junituservalidation.UserValidation.enterFirstName(UserValidation.java:45)
	at com.bridgelab.junituservalidation.UserValidation.enterFirstName(UserValidation.java:45)
	at com.bridgelab.junituservalidation.UserValidation.enterFirstName(UserValidation.java:45)
	at com.bridgelab.junituservalidation.UserValidation.enterFirstName(UserValidation.java:45)
	at com.bridgelab.junituservalidation.UserValidation.enterFirstName(UserValidation.java:45)
	at com.bridgelab.junituservalidation.UserValidation.enterFirstName(UserValidation.java:45)
	at com.bridgelab.junituservalidation.UserValidation.enterFirstName(UserValidation.java:45)
	at com.bridgelab.junituservalidation.UserValidation.enterFirstName(UserValidation.java:45)
	at com.bridgelab.junituservalidation.UserValidation.enterFirstName(UserValidation.java:45)
	at com.bridgelab.junituservalidation.UserValidation.enterFirstName(UserValidation.java:45)
	at com.bridgelab.junituservalidation.UserValidation.enterFirstName(UserValidation.java:45)
	at com.bridgelab.junituservalidation.UserValidation.enterFirstName(UserValidation.java:45)
	at com.bridgelab.junituservalidation.UserValidation.enterFirstName(UserValidation.java:45)
	at com.bridgelab.junituservalidation.UserValidation.enterFirstName(UserValidation.java:45)
	at com.bridgelab.junituservalidation.UserValidation.enterFirstName(UserValidation.java:45)
	at com.bridgelab.junituservalidation.UserValidation.enterFirstName(UserValidation.java:45)
	at com.bridgelab.junituservalidation.UserValidation.enterFirstName(UserValidation.java:45)
	at com.bridgelab.junituservalidation.UserValidation.enterFirstName(UserValidation.java:45)
	at com.bridgelab.junituservalidation.UserValidation.enterFirstName(UserValidation.java:45)
	at com.bridgelab.junituservalidation.UserValidation.enterFirstName(UserValidation.java:45)
	at com.bridgelab.junituservalidation.UserValidation.enterFirstName(UserValidation.java:45)
	at com.bridgelab.junituservalidation.UserValidation.enterFirstName(UserValidation.java:45)
	at com.bridgelab.junituservalidation.UserValidation.enterFirstName(UserValidation.java:45)
	at com.bridgelab.junituservalidation.UserValidation.enterFirstName(UserValidation.java:45)
	at com.bridgelab.junituservalidation.UserValidation.enterFirstName(UserValidation.java:45)
	at com.bridgelab.junituservalidation.UserValidation.enterFirstName(UserValidation.java:45)
	at com.bridgelab.junituservalidation.UserValidation.enterFirstName(UserValidation.java:45)
	at com.bridgelab.junituservalidation.UserValidation.enterFirstName(UserValidation.java:45)
	at com.bridgelab.junituservalidation.UserValidation.enterFirstName(UserValidation.java:45)
	at com.bridgelab.junituservalidation.UserValidation.enterFirstName(UserValidation.java:45)
	at com.bridgelab.junituservalidation.UserValidation.enterFirstName(UserValidation.java:45)
	at com.bridgelab.junituservalidation.UserValidation.enterFirstName(UserValidation.java:45)
	at com.bridgelab.junituservalidation.UserValidation.enterFirstName(UserValidation.java:45)
	at com.bridgelab.junituservalidation.UserValidation.enterFirstName(UserValidation.java:45)
	at com.bridgelab.junituservalidation.UserValidation.enterFirstName(UserValidation.java:45)
	at com.bridgelab.junituservalidation.UserValidation.enterFirstName(UserValidation.java:45)
	at com.bridgelab.junituservalidation.UserValidation.enterFirstName(UserValidation.java:45)
	at com.bridgelab.junituservalidation.UserValidation.enterFirstName(UserValidation.java:45)
	at com.bridgelab.junituservalidation.UserValidation.enterFirstName(UserValidation.java:45)
	at com.bridgelab.junituservalidation.UserValidation.enterFirstName(UserValidation.java:45)
	at com.bridgelab.junituservalidation.UserValidation.enterFirstName(UserValidation.java:45)
	at com.bridgelab.junituservalidation.UserValidation.enterFirstName(UserValidation.java:45)
	at com.bridgelab.junituservalidation.UserValidation.enterFirstName(UserValidation.java:45)
	at com.bridgelab.junituservalidation.UserValidation.enterFirstName(UserValidation.java:45)
	at com.bridgelab.junituservalidation.UserValidation.enterFirstName(UserValidation.java:45)
	at com.bridgelab.junituservalidation.UserValidation.enterFirstName(UserValidation.java:45)
	at com.bridgelab.junituservalidation.UserValidation.enterFirstName(UserValidation.java:45)
	at com.bridgelab.junituservalidation.UserValidation.enterFirstName(UserValidation.java:45)
	at com.bridgelab.junituservalidation.UserValidation.enterFirstName(UserValidation.java:45)
	at com.bridgelab.junituservalidation.UserValidation.enterFirstName(UserValidation.java:45)
	at com.bridgelab.junituservalidation.UserValidation.enterFirstName(UserValidation.java:45)
	at com.bridgelab.junituservalidation.UserValidation.enterFirstName(UserValidation.java:45)
	at com.bridgelab.junituservalidation.UserValidation.enterFirstName(UserValidation.java:45)
	at com.bridgelab.junituservalidation.UserValidation.enterFirstName(UserValidation.java:45)
	at com.bridgelab.junituservalidation.UserValidation.enterFirstName(UserValidation.java:45)
	at com.bridgelab.junituservalidation.UserValidation.enterFirstName(UserValidation.java:45)
	at com.bridgelab.junituservalidation.UserValidation.enterFirstName(UserValidation.java:45)
	at com.bridgelab.junituservalidation.UserValidation.enterFirstName(UserValidation.java:45)
	at com.bridgelab.junituservalidation.UserValidation.enterFirstName(UserValidation.java:45)
	at com.bridgelab.junituservalidation.UserValidation.enterFirstName(UserValidation.java:45)
	at com.bridgelab.junituservalidation.UserValidation.enterFirstName(UserValidation.java:45)
	at com.bridgelab.junituservalidation.UserValidation.enterFirstName(UserValidation.java:45)
	at com.bridgelab.junituservalidation.UserValidation.enterFirstName(UserValidation.java:45)
	at com.bridgelab.junituservalidation.UserValidation.enterFirstName(UserValidation.java:45)
	at com.bridgelab.junituservalidation.UserValidation.enterFirstName(UserValidation.java:45)
	at com.bridgelab.junituservalidation.UserValidation.enterFirstName(UserValidation.java:45)
	at com.bridgelab.junituservalidation.UserValidation.enterFirstName(UserValidation.java:45)
	at com.bridgelab.junituservalidation.UserValidation.enterFirstName(UserValidation.java:45)
	at com.bridgelab.junituservalidation.UserValidation.enterFirstName(UserValidation.java:45)
	at com.bridgelab.junituservalidation.UserValidation.enterFirstName(UserValidation.java:45)
	at com.bridgelab.junituservalidation.UserValidation.enterFirstName(UserValidation.java:45)
	at com.bridgelab.junituservalidation.UserValidation.enterFirstName(UserValidation.java:45)
	at com.bridgelab.junituservalidation.UserValidation.enterFirstName(UserValidation.java:45)
	at com.bridgelab.junituservalidation.UserValidation.enterFirstName(UserValidation.java:45)
	at com.bridgelab.junituservalidation.UserValidation.enterFirstName(UserValidation.java:45)
	at com.bridgelab.junituservalidation.UserValidation.enterFirstName(UserValidation.java:45)
	at com.bridgelab.junituservalidation.UserValidation.enterFirstName(UserValidation.java:45)
	at com.bridgelab.junituservalidation.UserValidation.enterFirstName(UserValidation.java:45)
	at com.bridgelab.junituservalidation.UserValidation.enterFirstName(UserValidation.java:45)
	at com.bridgelab.junituservalidation.UserValidation.enterFirstName(UserValidation.java:45)
	at com.bridgelab.junituservalidation.UserValidation.enterFirstName(UserValidation.java:45)
	at com.bridgelab.junituservalidation.UserValidation.enterFirstName(UserValidation.java:45)
	at com.bridgelab.junituservalidation.UserValidation.enterFirstName(UserValidation.java:45)
	at com.bridgelab.junituservalidation.UserValidation.enterFirstName(UserValidation.java:45)
	at com.bridgelab.junituservalidation.UserValidation.enterFirstName(UserValidation.java:45)
	at com.bridgelab.junituservalidation.UserValidation.enterFirstName(UserValidation.java:45)
	at com.bridgelab.junituservalidation.UserValidation.enterFirstName(UserValidation.java:45)
	at com.bridgelab.junituservalidation.UserValidation.enterFirstName(UserValidation.java:45)
	at com.bridgelab.junituservalidation.UserValidation.enterFirstName(UserValidation.java:45)
	at com.bridgelab.junituservalidation.UserValidation.enterFirstName(UserValidation.java:45)
	at com.bridgelab.junituservalidation.UserValidation.enterFirstName(UserValidation.java:45)
	at com.bridgelab.junituservalidation.UserValidation.enterFirstName(UserValidation.java:45)
	at com.bridgelab.junituservalidation.UserValidation.enterFirstName(UserValidation.java:45)
	at com.bridgelab.junituservalidation.UserValidation.enterFirstName(UserValidation.java:45)
	at com.bridgelab.junituservalidation.UserValidation.enterFirstName(UserValidation.java:45)
	at com.bridgelab.junituservalidation.UserValidation.enterFirstName(UserValidation.java:45)
	at com.bridgelab.junituservalidation.UserValidation.enterFirstName(UserValidation.java:45)
	at com.bridgelab.junituservalidation.UserValidation.enterFirstName(UserValidation.java:45)
	at com.bridgelab.junituservalidation.UserValidation.enterFirstName(UserValidation.java:45)
	at com.bridgelab.junituservalidation.UserValidation.enterFirstName(UserValidation.java:45)
	at com.bridgelab.junituservalidation.UserValidation.enterFirstName(UserValidation.java:45)
	at com.bridgelab.junituservalidation.UserValidation.enterFirstName(UserValidation.java:45)
	at com.bridgelab.junituservalidation.UserValidation.enterFirstName(UserValidation.java:45)
	at com.bridgelab.junituservalidation.UserValidation.enterFirstName(UserValidation.java:45)
	at com.bridgelab.junituservalidation.UserValidation.enterFirstName(UserValidation.java:45)
	at com.bridgelab.junituservalidation.UserValidation.enterFirstName(UserValidation.java:45)
	at com.bridgelab.junituservalidation.UserValidation.enterFirstName(UserValidation.java:45)
	at com.bridgelab.junituservalidation.UserValidation.enterFirstName(UserValidation.java:45)
	at com.bridgelab.junituservalidation.UserValidation.enterFirstName(UserValidation.java:45)
	at com.bridgelab.junituservalidation.UserValidation.enterFirstName(UserValidation.java:45)
	at com.bridgelab.junituservalidation.UserValidation.enterFirstName(UserValidation.java:45)
	at com.bridgelab.junituservalidation.UserValidation.enterFirstName(UserValidation.java:45)
	at com.bridgelab.junituservalidation.UserValidation.enterFirstName(UserValidation.java:45)
	at com.bridgelab.junituservalidation.UserValidation.enterFirstName(UserValidation.java:45)
	at com.bridgelab.junituservalidation.UserValidation.enterFirstName(UserValidation.java:45)
	at com.bridgelab.junituservalidation.UserValidation.enterFirstName(UserValidation.java:45)
	at com.bridgelab.junituservalidation.UserValidation.enterFirstName(UserValidation.java:45)
	at com.bridgelab.junituservalidation.UserValidation.enterFirstName(UserValidation.java:45)
	at com.bridgelab.junituservalidation.UserValidation.enterFirstName(UserValidation.java:45)
	at com.bridgelab.junituservalidation.UserValidation.enterFirstName(UserValidation.java:45)
	at com.bridgelab.junituservalidation.UserValidation.enterFirstName(UserValidation.java:45)
	at com.bridgelab.junituservalidation.UserValidation.enterFirstName(UserValidation.java:45)
	at com.bridgelab.junituservalidation.UserValidation.enterFirstName(UserValidation.java:45)
	at com.bridgelab.junituservalidation.UserValidation.enterFirstName(UserValidation.java:45)
	at com.bridgelab.junituservalidation.UserValidation.enterFirstName(UserValidation.java:45)
	at com.bridgelab.junituservalidation.UserValidation.enterFirstName(UserValidation.java:45)
	at com.bridgelab.junituservalidation.UserValidation.enterFirstName(UserValidation.java:45)
	at com.bridgelab.junituservalidation.UserValidation.enterFirstName(UserValidation.java:45)
	at com.bridgelab.junituservalidation.UserValidation.enterFirstName(UserValidation.java:45)
	at com.bridgelab.junituservalidation.UserValidation.enterFirstName(UserValidation.java:45)
	at com.bridgelab.junituservalidation.UserValidation.enterFirstName(UserValidation.java:45)
	at com.bridgelab.junituservalidation.UserValidation.enterFirstName(UserValidation.java:45)
	at com.bridgelab.junituservalidation.UserValidation.enterFirstName(UserValidation.java:45)
	at com.bridgelab.junituservalidation.UserValidation.enterFirstName(UserValidation.java:45)
	at com.bridgelab.junituservalidation.UserValidation.enterFirstName(UserValidation.java:45)
	at com.bridgelab.junituservalidation.UserValidation.enterFirstName(UserValidation.java:45)
	at com.bridgelab.junituservalidation.UserValidation.enterFirstName(UserValidation.java:45)
	at com.bridgelab.junituservalidation.UserValidation.enterFirstName(UserValidation.java:45)
	at com.bridgelab.junituservalidation.UserValidation.enterFirstName(UserValidation.java:45)
	at com.bridgelab.junituservalidation.UserValidation.enterFirstName(UserValidation.java:45)
	at com.bridgelab.junituservalidation.UserValidation.enterFirstName(UserValidation.java:45)
	at com.bridgelab.junituservalidation.UserValidation.enterFirstName(UserValidation.java:45)
	at com.bridgelab.junituservalidation.UserValidation.enterFirstName(UserValidation.java:45)
	at com.bridgelab.junituservalidation.UserValidation.enterFirstName(UserValidation.java:45)
	at com.bridgelab.junituservalidation.UserValidation.enterFirstName(UserValidation.java:45)
	at com.bridgelab.junituservalidation.UserValidation.enterFirstName(UserValidation.java:45)
	at com.bridgelab.junituservalidation.UserValidation.enterFirstName(UserValidation.java:45)
	at com.bridgelab.junituservalidation.UserValidation.enterFirstName(UserValidation.java:45)
	at com.bridgelab.junituservalidation.UserValidation.enterFirstName(UserValidation.java:45)
	at com.bridgelab.junituservalidation.UserValidation.enterFirstName(UserValidation.java:45)
	at com.bridgelab.junituservalidation.UserValidation.enterFirstName(UserValidation.java:45)
	at com.bridgelab.junituservalidation.UserValidation.enterFirstName(UserValidation.java:45)
	at com.bridgelab.junituservalidation.UserValidation.enterFirstName(UserValidation.java:45)
	at com.bridgelab.junituservalidation.UserValidation.enterFirstName(UserValidation.java:45)
	at com.bridgelab.junituservalidation.UserValidation.enterFirstName(UserValidation.java:45)
	at com.bridgelab.junituservalidation.UserValidation.enterFirstName(UserValidation.java:45)
	at com.bridgelab.junituservalidation.UserValidation.enterFirstName(UserValidation.java:45)
	at com.bridgelab.junituservalidation.UserValidation.enterFirstName(UserValidation.java:45)
	at com.bridgelab.junituservalidation.UserValidation.enterFirstName(UserValidation.java:45)
	at com.bridgelab.junituservalidation.UserValidation.enterFirstName(UserValidation.java:45)
	at com.bridgelab.junituservalidation.UserValidation.enterFirstName(UserValidation.java:45)
	at com.bridgelab.junituservalidation.UserValidation.enterFirstName(UserValidation.java:45)
	at com.bridgelab.junituservalidation.UserValidation.enterFirstName(UserValidation.java:45)
	at com.bridgelab.junituservalidation.UserValidation.enterFirstName(UserValidation.java:45)
	at com.bridgelab.junituservalidation.UserValidation.enterFirstName(UserValidation.java:45)
	at com.bridgelab.junituservalidation.UserValidation.enterFirstName(UserValidation.java:45)
	at com.bridgelab.junituservalidation.UserValidation.enterFirstName(UserValidation.java:45)
	at com.bridgelab.junituservalidation.UserValidation.enterFirstName(UserValidation.java:45)
	at com.bridgelab.junituservalidation.UserValidation.enterFirstName(UserValidation.java:45)
	at com.bridgelab.junituservalidation.UserValidation.enterFirstName(UserValidation.java:45)
	at com.bridgelab.junituservalidation.UserValidation.enterFirstName(UserValidation.java:45)
	at com.bridgelab.junituservalidation.UserValidation.enterFirstName(UserValidation.java:45)
	at com.bridgelab.junituservalidation.UserValidation.enterFirstName(UserValidation.java:45)
	at com.bridgelab.junituservalidation.UserValidation.enterFirstName(UserValidation.java:45)
	at com.bridgelab.junituservalidation.UserValidation.enterFirstName(UserValidation.java:45)
	at com.bridgelab.junituservalidation.UserValidation.enterFirstName(UserValidation.java:45)
	at com.bridgelab.junituservalidation.UserValidation.enterFirstName(UserValidation.java:45)
	at com.bridgelab.junituservalidation.UserValidation.enterFirstName(UserValidation.java:45)
	at com.bridgelab.junituservalidation.UserValidation.enterFirstName(UserValidation.java:45)
	at com.bridgelab.junituservalidation.UserValidation.enterFirstName(UserValidation.java:45)
	at com.bridgelab.junituservalidation.UserValidation.enterFirstName(UserValidation.java:45)
	at com.bridgelab.junituservalidation.UserValidation.enterFirstName(UserValidation.java:45)
	at com.bridgelab.junituservalidation.UserValidation.enterFirstName(UserValidation.java:45)
	at com.bridgelab.junituservalidation.UserValidation.enterFirstName(UserValidation.java:45)
	at com.bridgelab.junituservalidation.UserValidation.enterFirstName(UserValidation.java:45)
	at com.bridgelab.junituservalidation.UserValidation.enterFirstName(UserValidation.java:45)
	at com.bridgelab.junituservalidation.UserValidation.enterFirstName(UserValidation.java:45)
	at com.bridgelab.junituservalidation.UserValidation.enterFirstName(UserValidation.java:45)
	at com.bridgelab.junituservalidation.UserValidation.enterFirstName(UserValidation.java:45)
	at com.bridgelab.junituservalidation.UserValidation.enterFirstName(UserValidation.java:45)
	at com.bridgelab.junituservalidation.UserValidation.enterFirstName(UserValidation.java:45)
	at com.bridgelab.junituservalidation.UserValidation.enterFirstName(UserValidation.java:45)
	at com.bridgelab.junituservalidation.UserValidation.enterFirstName(UserValidation.java:45)
	at com.bridgelab.junituservalidation.UserValidation.enterFirstName(UserValidation.java:45)
	at com.bridgelab.junituservalidation.UserValidation.enterFirstName(UserValidation.java:45)
	at com.bridgelab.junituservalidation.UserValidation.enterFirstName(UserValidation.java:45)
	at com.bridgelab.junituservalidation.UserValidation.enterFirstName(UserValidation.java:45)
	at com.bridgelab.junituservalidation.UserValidation.enterFirstName(UserValidation.java:45)
	at com.bridgelab.junituservalidation.UserValidation.enterFirstName(UserValidation.java:45)
	at com.bridgelab.junituservalidation.UserValidation.enterFirstName(UserValidation.java:45)
	at com.bridgelab.junituservalidation.UserValidation.enterFirstName(UserValidation.java:45)
	at com.bridgelab.junituservalidation.UserValidation.enterFirstName(UserValidation.java:45)
	at com.bridgelab.junituservalidation.UserValidation.enterFirstName(UserValidation.java:45)
	at com.bridgelab.junituservalidation.UserValidation.enterFirstName(UserValidation.java:45)
	at com.bridgelab.junituservalidation.UserValidation.enterFirstName(UserValidation.java:45)
	at com.bridgelab.junituservalidation.UserValidation.enterFirstName(UserValidation.java:45)
	at com.bridgelab.junituservalidation.UserValidation.enterFirstName(UserValidation.java:45)
	at com.bridgelab.junituservalidation.UserValidation.enterFirstName(UserValidation.java:45)
	at com.bridgelab.junituservalidation.UserValidation.enterFirstName(UserValidation.java:45)
	at com.bridgelab.junituservalidation.UserValidation.enterFirstName(UserValidation.java:45)
	at com.bridgelab.junituservalidation.UserValidation.enterFirstName(UserValidation.java:45)
	at com.bridgelab.junituservalidation.UserValidation.enterFirstName(UserValidation.java:45)
	at com.bridgelab.junituservalidation.UserValidation.enterFirstName(UserValidation.java:45)
	at com.bridgelab.junituservalidation.UserValidation.enterFirstName(UserValidation.java:45)
	at com.bridgelab.junituservalidation.UserValidation.enterFirstName(UserValidation.java:45)
	at com.bridgelab.junituservalidation.UserValidation.enterFirstName(UserValidation.java:45)
	at com.bridgelab.junituservalidation.UserValidation.enterFirstName(UserValidation.java:45)
	at com.bridgelab.junituservalidation.UserValidation.enterFirstName(UserValidation.java:45)
	at com.bridgelab.junituservalidation.UserValidation.enterFirstName(UserValidation.java:45)
	at com.bridgelab.junituservalidation.UserValidation.enterFirstName(UserValidation.java:45)
	at com.bridgelab.junituservalidation.UserValidation.enterFirstName(UserValidation.java:45)
	at com.bridgelab.junituservalidation.UserValidation.enterFirstName(UserValidation.java:45)
	at com.bridgelab.junituservalidation.UserValidation.enterFirstName(UserValidation.java:45)
	at com.bridgelab.junituservalidation.UserValidation.enterFirstName(UserValidation.java:45)
	at com.bridgelab.junituservalidation.UserValidation.enterFirstName(UserValidation.java:45)
	at com.bridgelab.junituservalidation.UserValidation.enterFirstName(UserValidation.java:45)
	at com.bridgelab.junituservalidation.UserValidation.enterFirstName(UserValidation.java:45)
	at com.bridgelab.junituservalidation.UserValidation.enterFirstName(UserValidation.java:45)
	at com.bridgelab.junituservalidation.UserValidation.enterFirstName(UserValidation.java:45)
	at com.bridgelab.junituservalidation.UserValidation.enterFirstName(UserValidation.java:45)
	at com.bridgelab.junituservalidation.UserValidation.enterFirstName(UserValidation.java:45)
	at com.bridgelab.junituservalidation.UserValidation.enterFirstName(UserValidation.java:45)
	at com.bridgelab.junituservalidation.UserValidation.enterFirstName(UserValidation.java:45)
	at com.bridgelab.junituservalidation.UserValidation.enterFirstName(UserValidation.java:45)
	at com.bridgelab.junituservalidation.UserValidation.enterFirstName(UserValidation.java:45)
	at com.bridgelab.junituservalidation.UserValidation.enterFirstName(UserValidation.java:45)
	at com.bridgelab.junituservalidation.UserValidation.enterFirstName(UserValidation.java:45)
	at com.bridgelab.junituservalidation.UserValidation.enterFirstName(UserValidation.java:45)
	at com.bridgelab.junituservalidation.UserValidation.enterFirstName(UserValidation.java:45)
	at com.bridgelab.junituservalidation.UserValidation.enterFirstName(UserValidation.java:45)
	at com.bridgelab.junituservalidation.UserValidation.enterFirstName(UserValidation.java:45)
	at com.bridgelab.junituservalidation.UserValidation.enterFirstName(UserValidation.java:45)
	at com.bridgelab.junituservalidation.UserValidation.enterFirstName(UserValidation.java:45)
	at com.bridgelab.junituservalidation.UserValidation.enterFirstName(UserValidation.java:45)
	at com.bridgelab.junituservalidation.UserValidation.enterFirstName(UserValidation.java:45)
	at com.bridgelab.junituservalidation.UserValidation.enterFirstName(UserValidation.java:45)
	at com.bridgelab.junituservalidation.UserValidation.enterFirstName(UserValidation.java:45)
	at com.bridgelab.junituservalidation.UserValidation.enterFirstName(UserValidation.java:45)
	at com.bridgelab.junituservalidation.UserValidation.enterFirstName(UserValidation.java:45)
	at com.bridgelab.junituservalidation.UserValidation.enterFirstName(UserValidation.java:45)
	at com.bridgelab.junituservalidation.UserValidation.enterFirstName(UserValidation.java:45)
	at com.bridgelab.junituservalidation.UserValidation.enterFirstName(UserValidation.java:45)
	at com.bridgelab.junituservalidation.UserValidation.enterFirstName(UserValidation.java:45)
	at com.bridgelab.junituservalidation.UserValidation.enterFirstName(UserValidation.java:45)
	at com.bridgelab.junituservalidation.UserValidation.enterFirstName(UserValidation.java:45)
	at com.bridgelab.junituservalidation.UserValidation.enterFirstName(UserValidation.java:45)
	at com.bridgelab.junituservalidation.UserValidation.enterFirstName(UserValidation.java:45)
	at com.bridgelab.junituservalidation.UserValidation.enterFirstName(UserValidation.java:45)
	at com.bridgelab.junituservalidation.UserValidation.enterFirstName(UserValidation.java:45)
	at com.bridgelab.junituservalidation.UserValidation.enterFirstName(UserValidation.java:45)
	at com.bridgelab.junituservalidation.UserValidation.enterFirstName(UserValidation.java:45)
	at com.bridgelab.junituservalidation.UserValidation.enterFirstName(UserValidation.java:45)
	at com.bridgelab.junituservalidation.UserValidation.enterFirstName(UserValidation.java:45)
	at com.bridgelab.junituservalidation.UserValidation.enterFirstName(UserValidation.java:45)
	at com.bridgelab.junituservalidation.UserValidation.enterFirstName(UserValidation.java:45)
	at com.bridgelab.junituservalidation.UserValidation.enterFirstName(UserValidation.java:45)
	at com.bridgelab.junituservalidation.UserValidation.enterFirstName(UserValidation.java:45)
	at com.bridgelab.junituservalidation.UserValidation.enterFirstName(UserValidation.java:45)
	at com.bridgelab.junituservalidation.UserValidation.enterFirstName(UserValidation.java:45)
	at com.bridgelab.junituservalidation.UserValidation.enterFirstName(UserValidation.java:45)
	at com.bridgelab.junituservalidation.UserValidation.enterFirstName(UserValidation.java:45)
	at com.bridgelab.junituservalidation.UserValidation.enterFirstName(UserValidation.java:45)
	at com.bridgelab.junituservalidation.UserValidation.enterFirstName(UserValidation.java:45)
	at com.bridgelab.junituservalidation.UserValidation.enterFirstName(UserValidation.java:45)
	at com.bridgelab.junituservalidation.UserValidation.enterFirstName(UserValidation.java:45)
	at com.bridgelab.junituservalidation.UserValidation.enterFirstName(UserValidation.java:45)
	at com.bridgelab.junituservalidation.UserValidation.enterFirstName(UserValidation.java:45)
	at com.bridgelab.junituservalidation.UserValidation.enterFirstName(UserValidation.java:45)
	at com.bridgelab.junituservalidation.UserValidation.enterFirstName(UserValidation.java:45)
	at com.bridgelab.junituservalidation.UserValidation.enterFirstName(UserValidation.java:45)
	at com.bridgelab.junituservalidation.UserValidation.enterFirstName(UserValidation.java:45)
	at com.bridgelab.junituservalidation.UserValidation.enterFirstName(UserValidation.java:45)
	at com.bridgelab.junituservalidation.UserValidation.enterFirstName(UserValidation.java:45)
	at com.bridgelab.junituservalidation.UserValidation.enterFirstName(UserValidation.java:45)
	at com.bridgelab.junituservalidation.UserValidation.enterFirstName(UserValidation.java:45)
	at com.bridgelab.junituservalidation.UserValidation.enterFirstName(UserValidation.java:45)
	at com.bridgelab.junituservalidation.UserValidation.enterFirstName(UserValidation.java:45)
	at com.bridgelab.junituservalidation.UserValidation.enterFirstName(UserValidation.java:45)
	at com.bridgelab.junituservalidation.UserValidation.enterFirstName(UserValidation.java:45)
	at com.bridgelab.junituservalidation.UserValidation.enterFirstName(UserValidation.java:45)
	at com.bridgelab.junituservalidation.UserValidation.enterFirstName(UserValidation.java:45)
	at com.bridgelab.junituservalidation.UserValidation.enterFirstName(UserValidation.java:45)
	at com.bridgelab.junituservalidation.UserValidation.enterFirstName(UserValidation.java:45)
	at com.bridgelab.junituservalidation.UserValidation.enterFirstName(UserValidation.java:45)
	at com.bridgelab.junituservalidation.UserValidation.enterFirstName(UserValidation.java:45)
	at com.bridgelab.junituservalidation.UserValidation.enterFirstName(UserValidation.java:45)
	at com.bridgelab.junituservalidation.UserValidation.enterFirstName(UserValidation.java:45)
	at com.bridgelab.junituservalidation.UserValidation.enterFirstName(UserValidation.java:45)
	at com.bridgelab.junituservalidation.UserValidation.enterFirstName(UserValidation.java:45)
	at com.bridgelab.junituservalidation.UserValidation.enterFirstName(UserValidation.java:45)
	at com.bridgelab.junituservalidation.UserValidation.enterFirstName(UserValidation.java:45)
	at com.bridgelab.junituservalidation.UserValidation.enterFirstName(UserValidation.java:45)
	at com.bridgelab.junituservalidation.UserValidation.enterFirstName(UserValidation.java:45)
	at com.bridgelab.junituservalidation.UserValidation.enterFirstName(UserValidation.java:45)
	at com.bridgelab.junituservalidation.UserValidation.enterFirstName(UserValidation.java:45)
	at com.bridgelab.junituservalidation.UserValidation.enterFirstName(UserValidation.java:45)
	at com.bridgelab.junituservalidation.UserValidation.enterFirstName(UserValidation.java:45)
	at com.bridgelab.junituservalidation.UserValidation.enterFirstName(UserValidation.java:45)
	at com.bridgelab.junituservalidation.UserValidation.enterFirstName(UserValidation.java:45)
	at com.bridgelab.junituservalidation.UserValidation.enterFirstName(UserValidation.java:45)
	at com.bridgelab.junituservalidation.UserValidation.enterFirstName(UserValidation.java:45)
	at com.bridgelab.junituservalidation.UserValidation.enterFirstName(UserValidation.java:45)
	at com.bridgelab.junituservalidation.UserValidation.enterFirstName(UserValidation.java:45)
	at com.bridgelab.junituservalidation.UserValidation.enterFirstName(UserValidation.java:45)
	at com.bridgelab.junituservalidation.UserValidation.enterFirstName(UserValidation.java:45)
	at com.bridgelab.junituservalidation.UserValidation.enterFirstName(UserValidation.java:45)
	at com.bridgelab.junituservalidation.UserValidation.enterFirstName(UserValidation.java:45)
	at com.bridgelab.junituservalidation.UserValidation.enterFirstName(UserValidation.java:45)
	at com.bridgelab.junituservalidation.UserValidation.enterFirstName(UserValidation.java:45)
	at com.bridgelab.junituservalidation.UserValidation.enterFirstName(UserValidation.java:45)
	at com.bridgelab.junituservalidation.UserValidation.enterFirstName(UserValidation.java:45)
	at com.bridgelab.junituservalidation.UserValidation.enterFirstName(UserValidation.java:45)
	at com.bridgelab.junituservalidation.UserValidation.enterFirstName(UserValidation.java:45)
	at com.bridgelab.junituservalidation.UserValidation.enterFirstName(UserValidation.java:45)
	at com.bridgelab.junituservalidation.UserValidation.enterFirstName(UserValidation.java:45)
	at com.bridgelab.junituservalidation.UserValidation.enterFirstName(UserValidation.java:45)
	at com.bridgelab.junituservalidation.UserValidation.enterFirstName(UserValidation.java:45)
	at com.bridgelab.junituservalidation.UserValidation.enterFirstName(UserValidation.java:45)
	at com.bridgelab.junituservalidation.UserValidation.enterFirstName(UserValidation.java:45)
	at com.bridgelab.junituservalidation.UserValidation.enterFirstName(UserValidation.java:45)
	at com.bridgelab.junituservalidation.UserValidation.enterFirstName(UserValidation.java:45)
	at com.bridgelab.junituservalidation.UserValidation.enterFirstName(UserValidation.java:45)
	at com.bridgelab.junituservalidation.UserValidation.enterFirstName(UserValidation.java:45)
	at com.bridgelab.junituservalidation.UserValidation.enterFirstName(UserValidation.java:45)
	at com.bridgelab.junituservalidation.UserValidation.enterFirstName(UserValidation.java:45)
	at com.bridgelab.junituservalidation.UserValidation.enterFirstName(UserValidation.java:45)
	at com.bridgelab.junituservalidation.UserValidation.enterFirstName(UserValidation.java:45)
	at com.bridgelab.junituservalidation.UserValidation.enterFirstName(UserValidation.java:45)
	at com.bridgelab.junituservalidation.UserValidation.enterFirstName(UserValidation.java:45)
	at com.bridgelab.junituservalidation.UserValidation.enterFirstName(UserValidation.java:45)
	at com.bridgelab.junituservalidation.UserValidation.enterFirstName(UserValidation.java:45)
	at com.bridgelab.junituservalidation.UserValidation.enterFirstName(UserValidation.java:45)
	at com.bridgelab.junituservalidation.UserValidation.enterFirstName(UserValidation.java:45)
	at com.bridgelab.junituservalidation.UserValidation.enterFirstName(UserValidation.java:45)
	at com.bridgelab.junituservalidation.UserValidation.enterFirstName(UserValidation.java:45)
	at com.bridgelab.junituservalidation.UserValidation.enterFirstName(UserValidation.java:45)
	at com.bridgelab.junituservalidation.UserValidation.enterFirstName(UserValidation.java:45)
	at com.bridgelab.junituservalidation.UserValidation.enterFirstName(UserValidation.java:45)
	at com.bridgelab.junituservalidation.UserValidation.enterFirstName(UserValidation.java:45)
	at com.bridgelab.junituservalidation.UserValidation.enterFirstName(UserValidation.java:45)
	at com.bridgelab.junituservalidation.UserValidation.enterFirstName(UserValidation.java:45)
	at com.bridgelab.junituservalidation.UserValidation.enterFirstName(UserValidation.java:45)
	at com.bridgelab.junituservalidation.UserValidation.enterFirstName(UserValidation.java:45)
	at com.bridgelab.junituservalidation.UserValidation.enterFirstName(UserValidation.java:45)
	at com.bridgelab.junituservalidation.UserValidation.enterFirstName(UserValidation.java:45)
	at com.bridgelab.junituservalidation.UserValidation.enterFirstName(UserValidation.java:45)
	at com.bridgelab.junituservalidation.UserValidation.enterFirstName(UserValidation.java:45)
	at com.bridgelab.junituservalidation.UserValidation.enterFirstName(UserValidation.java:45)
	at com.bridgelab.junituservalidation.UserValidation.enterFirstName(UserValidation.java:45)
	at com.bridgelab.junituservalidation.UserValidation.enterFirstName(UserValidation.java:45)
	at com.bridgelab.junituservalidation.UserValidation.enterFirstName(UserValidation.java:45)
	at com.bridgelab.junituservalidation.UserValidation.enterFirstName(UserValidation.java:45)
	at com.bridgelab.junituservalidation.UserValidation.enterFirstName(UserValidation.java:45)
	at com.bridgelab.junituservalidation.UserValidation.enterFirstName(UserValidation.java:45)
	at com.bridgelab.junituservalidation.UserValidation.enterFirstName(UserValidation.java:45)
	at com.bridgelab.junituservalidation.UserValidation.enterFirstName(UserValidation.java:45)
	at com.bridgelab.junituservalidation.UserValidation.enterFirstName(UserValidation.java:45)
	at com.bridgelab.junituservalidation.UserValidation.enterFirstName(UserValidation.java:45)
	at com.bridgelab.junituservalidation.UserValidation.enterFirstName(UserValidation.java:45)
	at com.bridgelab.junituservalidation.UserValidation.enterFirstName(UserValidation.java:45)
	at com.bridgelab.junituservalidation.UserValidation.enterFirstName(UserValidation.java:45)
	at com.bridgelab.junituservalidation.UserValidation.enterFirstName(UserValidation.java:45)
	at com.bridgelab.junituservalidation.UserValidation.enterFirstName(UserValidation.java:45)
	at com.bridgelab.junituservalidation.UserValidation.enterFirstName(UserValidation.java:45)
	at com.bridgelab.junituservalidation.UserValidation.enterFirstName(UserValidation.java:45)
	at com.bridgelab.junituservalidation.UserValidation.enterFirstName(UserValidation.java:45)
	at com.bridgelab.junituservalidation.UserValidation.enterFirstName(UserValidation.java:45)
	at com.bridgelab.junituservalidation.UserValidation.enterFirstName(UserValidation.java:45)
	at com.bridgelab.junituservalidation.UserValidation.enterFirstName(UserValidation.java:45)
	at com.bridgelab.junituservalidation.UserValidation.enterFirstName(UserValidation.java:45)
	at com.bridgelab.junituservalidation.UserValidation.enterFirstName(UserValidation.java:45)
	at com.bridgelab.junituservalidation.UserValidation.enterFirstName(UserValidation.java:45)
	at com.bridgelab.junituservalidation.UserValidation.enterFirstName(UserValidation.java:45)
	at com.bridgelab.junituservalidation.UserValidation.enterFirstName(UserValidation.java:45)
	at com.bridgelab.junituservalidation.UserValidation.enterFirstName(UserValidation.java:45)
	at com.bridgelab.junituservalidation.UserValidation.enterFirstName(UserValidation.java:45)
	at com.bridgelab.junituservalidation.UserValidation.enterFirstName(UserValidation.java:45)
	at com.bridgelab.junituservalidation.UserValidation.enterFirstName(UserValidation.java:45)
	at com.bridgelab.junituservalidation.UserValidation.enterFirstName(UserValidation.java:45)
	at com.bridgelab.junituservalidation.UserValidation.enterFirstName(UserValidation.java:45)
	at com.bridgelab.junituservalidation.UserValidation.enterFirstName(UserValidation.java:45)
	at com.bridgelab.junituservalidation.UserValidation.enterFirstName(UserValidation.java:45)
	at com.bridgelab.junituservalidation.UserValidation.enterFirstName(UserValidation.java:45)
	at com.bridgelab.junituservalidation.UserValidation.enterFirstName(UserValidation.java:45)
	at com.bridgelab.junituservalidation.UserValidation.enterFirstName(UserValidation.java:45)
	at com.bridgelab.junituservalidation.UserValidation.enterFirstName(UserValidation.java:45)
	at com.bridgelab.junituservalidation.UserValidation.enterFirstName(UserValidation.java:45)
	at com.bridgelab.junituservalidation.UserValidation.enterFirstName(UserValidation.java:45)
	at com.bridgelab.junituservalidation.UserValidation.enterFirstName(UserValidation.java:45)
	at com.bridgelab.junituservalidation.UserValidation.enterFirstName(UserValidation.java:45)
	at com.bridgelab.junituservalidation.UserValidation.enterFirstName(UserValidation.java:45)
	at com.bridgelab.junituservalidation.UserValidation.enterFirstName(UserValidation.java:45)
	at com.bridgelab.junituservalidation.UserValidation.enterFirstName(UserValidation.java:45)
	at com.bridgelab.junituservalidation.UserValidation.enterFirstName(UserValidation.java:45)
	at com.bridgelab.junituservalidation.UserValidation.enterFirstName(UserValidation.java:45)
	at com.bridgelab.junituservalidation.UserValidation.enterFirstName(UserValidation.java:45)
	at com.bridgelab.junituservalidation.UserValidation.enterFirstName(UserValidation.java:45)
	at com.bridgelab.junituservalidation.UserValidation.enterFirstName(UserValidation.java:45)
	at com.bridgelab.junituservalidation.UserValidation.enterFirstName(UserValidation.java:45)
	at com.bridgelab.junituservalidation.UserValidation.enterFirstName(UserValidation.java:45)
	at com.bridgelab.junituservalidation.UserValidation.enterFirstName(UserValidation.java:45)
	at com.bridgelab.junituservalidation.UserValidation.enterFirstName(UserValidation.java:45)
	at com.bridgelab.junituservalidation.UserValidation.enterFirstName(UserValidation.java:45)
	at com.bridgelab.junituservalidation.UserValidation.enterFirstName(UserValidation.java:45)
	at com.bridgelab.junituservalidation.UserValidation.enterFirstName(UserValidation.java:45)
	at com.bridgelab.junituservalidation.UserValidation.enterFirstName(UserValidation.java:45)
	at com.bridgelab.junituservalidation.UserValidation.enterFirstName(UserValidation.java:45)
	at com.bridgelab.junituservalidation.UserValidation.enterFirstName(UserValidation.java:45)
	at com.bridgelab.junituservalidation.UserValidation.enterFirstName(UserValidation.java:45)
	at com.bridgelab.junituservalidation.UserValidation.enterFirstName(UserValidation.java:45)
	at com.bridgelab.junituservalidation.UserValidation.enterFirstName(UserValidation.java:45)
	at com.bridgelab.junituservalidation.UserValidation.enterFirstName(UserValidation.java:45)
	at com.bridgelab.junituservalidation.UserValidation.enterFirstName(UserValidation.java:45)
	at com.bridgelab.junituservalidation.UserValidation.enterFirstName(UserValidation.java:45)
	at com.bridgelab.junituservalidation.UserValidation.enterFirstName(UserValidation.java:45)
	at com.bridgelab.junituservalidation.UserValidation.enterFirstName(UserValidation.java:45)
	at com.bridgelab.junituservalidation.UserValidation.enterFirstName(UserValidation.java:45)
	at com.bridgelab.junituservalidation.UserValidation.enterFirstName(UserValidation.java:45)
	at com.bridgelab.junituservalidation.UserValidation.enterFirstName(UserValidation.java:45)
	at com.bridgelab.junituservalidation.UserValidation.enterFirstName(UserValidation.java:45)
	at com.bridgelab.junituservalidation.UserValidation.enterFirstName(UserValidation.java:45)
	at com.bridgelab.junituservalidation.UserValidation.enterFirstName(UserValidation.java:45)
	at com.bridgelab.junituservalidation.UserValidation.enterFirstName(UserValidation.java:45)
	at com.bridgelab.junituservalidation.UserValidation.enterFirstName(UserValidation.java:45)
	at com.bridgelab.junituservalidation.UserValidation.enterFirstName(UserValidation.java:45)
	at com.bridgelab.junituservalidation.UserValidation.enterFirstName(UserValidation.java:45)
	at com.bridgelab.junituservalidation.UserValidation.enterFirstName(UserValidation.java:45)
	at com.bridgelab.junituservalidation.UserValidation.enterFirstName(UserValidation.java:45)
	at com.bridgelab.junituservalidation.UserValidation.enterFirstName(UserValidation.java:45)
	at com.bridgelab.junituservalidation.UserValidation.enterFirstName(UserValidation.java:45)
	at com.bridgelab.junituservalidation.UserValidation.enterFirstName(UserValidation.java:45)
	at com.bridgelab.junituservalidation.UserValidation.enterFirstName(UserValidation.java:45)
	at com.bridgelab.junituservalidation.UserValidation.enterFirstName(UserValidation.java:45)
	at com.bridgelab.junituservalidation.UserValidation.enterFirstName(UserValidation.java:45)
	at com.bridgelab.junituservalidation.UserValidation.enterFirstName(UserValidation.java:45)
	at com.bridgelab.junituservalidation.UserValidation.enterFirstName(UserValidation.java:45)
	at com.bridgelab.junituservalidation.UserValidation.enterFirstName(UserValidation.java:45)
	at com.bridgelab.junituservalidation.UserValidation.enterFirstName(UserValidation.java:45)
	at com.bridgelab.junituservalidation.UserValidation.enterFirstName(UserValidation.java:45)
	at com.bridgelab.junituservalidation.UserValidation.enterFirstName(UserValidation.java:45)
	at com.bridgelab.junituservalidation.UserValidation.enterFirstName(UserValidation.java:45)
	at com.bridgelab.junituservalidation.UserValidation.enterFirstName(UserValidation.java:45)
	at com.bridgelab.junituservalidation.UserValidation.enterFirstName(UserValidation.java:45)
	at com.bridgelab.junituservalidation.UserValidation.enterFirstName(UserValidation.java:45)
	at com.bridgelab.junituservalidation.UserValidation.enterFirstName(UserValidation.java:45)
	at com.bridgelab.junituservalidation.UserValidation.enterFirstName(UserValidation.java:45)
	at com.bridgelab.junituservalidation.UserValidation.enterFirstName(UserValidation.java:45)
	at com.bridgelab.junituservalidation.UserValidation.enterFirstName(UserValidation.java:45)
	at com.bridgelab.junituservalidation.UserValidation.enterFirstName(UserValidation.java:45)
	at com.bridgelab.junituservalidation.UserValidation.enterFirstName(UserValidation.java:45)
	at com.bridgelab.junituservalidation.UserValidation.enterFirstName(UserValidation.java:45)
	at com.bridgelab.junituservalidation.UserValidation.enterFirstName(UserValidation.java:45)
	at com.bridgelab.junituservalidation.UserValidation.enterFirstName(UserValidation.java:45)
	at com.bridgelab.junituservalidation.UserValidation.enterFirstName(UserValidation.java:45)
	at com.bridgelab.junituservalidation.UserValidation.enterFirstName(UserValidation.java:45)
	at com.bridgelab.junituservalidation.UserValidation.enterFirstName(UserValidation.java:45)
	at com.bridgelab.junituservalidation.UserValidation.enterFirstName(UserValidation.java:45)
	at com.bridgelab.junituservalidation.UserValidation.enterFirstName(UserValidation.java:45)
	at com.bridgelab.junituservalidation.UserValidation.enterFirstName(UserValidation.java:45)
	at com.bridgelab.junituservalidation.UserValidation.enterFirstName(UserValidation.java:45)
	at com.bridgelab.junituservalidation.UserValidation.enterFirstName(UserValidation.java:45)
	at com.bridgelab.junituservalidation.UserValidation.enterFirstName(UserValidation.java:45)
	at com.bridgelab.junituservalidation.UserValidation.enterFirstName(UserValidation.java:45)
	at com.bridgelab.junituservalidation.UserValidation.enterFirstName(UserValidation.java:45)
	at com.bridgelab.junituservalidation.UserValidation.enterFirstName(UserValidation.java:45)
	at com.bridgelab.junituservalidation.UserValidation.enterFirstName(UserValidation.java:45)
	at com.bridgelab.junituservalidation.UserValidation.enterFirstName(UserValidation.java:45)
	at com.bridgelab.junituservalidation.UserValidation.enterFirstName(UserValidation.java:45)
	at com.bridgelab.junituservalidation.UserValidation.enterFirstName(UserValidation.java:45)
	at com.bridgelab.junituservalidation.UserValidation.enterFirstName(UserValidation.java:45)
	at com.bridgelab.junituservalidation.UserValidation.enterFirstName(UserValidation.java:45)
	at com.bridgelab.junituservalidation.UserValidation.enterFirstName(UserValidation.java:45)
	at com.bridgelab.junituservalidation.UserValidation.enterFirstName(UserValidation.java:45)
	at com.bridgelab.junituservalidation.UserValidation.enterFirstName(UserValidation.java:45)
	at com.bridgelab.junituservalidation.UserValidation.enterFirstName(UserValidation.java:45)
	at com.bridgelab.junituservalidation.UserValidation.enterFirstName(UserValidation.java:45)
	at com.bridgelab.junituservalidation.UserValidation.enterFirstName(UserValidation.java:45)
	at com.bridgelab.junituservalidation.UserValidation.enterFirstName(UserValidation.java:45)
	at com.bridgelab.junituservalidation.UserValidation.enterFirstName(UserValidation.java:45)
	at com.bridgelab.junituservalidation.UserValidation.enterFirstName(UserValidation.java:45)
	at com.bridgelab.junituservalidation.UserValidation.enterFirstName(UserValidation.java:45)
	at com.bridgelab.junituservalidation.UserValidation.enterFirstName(UserValidation.java:45)
	at com.bridgelab.junituservalidation.UserValidation.enterFirstName(UserValidation.java:45)
	at com.bridgelab.junituservalidation.UserValidation.enterFirstName(UserValidation.java:45)
	at com.bridgelab.junituservalidation.UserValidation.enterFirstName(UserValidation.java:45)
	at com.bridgelab.junituservalidation.UserValidation.enterFirstName(UserValidation.java:45)
</failure>
  </testcase>
  <testcase name="givenLastName_WhenProper_ShouldReturnTrue()" classname="com.bridgelab.jubituservalidationtesting.JunitTestingUserRegistrationValidation" time="0.002"/>
  <testcase name="givenLastName_whenShort_shouldReturnFalse()" classname="com.bridgelab.jubituservalidationtesting.JunitTestingUserRegistrationValidation" time="0.135">
    <failure message="java.lang.StackOverflowError" type="java.lang.StackOverflowError">java.lang.StackOverflowError
	at java.base/java.lang.IllegalArgumentException.&lt;init&gt;(IllegalArgumentException.java:40)
	at java.base/java.util.regex.PatternSyntaxException.&lt;init&gt;(PatternSyntaxException.java:58)
	at java.base/java.util.regex.Pattern.error(Pattern.java:2028)
	at java.base/java.util.regex.Pattern.&lt;init&gt;(Pattern.java:1432)
	at java.base/java.util.regex.Pattern.compile(Pattern.java:1069)
	at com.bridgelab.junituservalidation.UserValidation.enterFirstName(UserValidation.java:36)
	at com.bridgelab.junituservalidation.UserValidation.enterFirstName(UserValidation.java:45)
	at com.bridgelab.junituservalidation.UserValidation.enterFirstName(UserValidation.java:45)
	at com.bridgelab.junituservalidation.UserValidation.enterFirstName(UserValidation.java:45)
	at com.bridgelab.junituservalidation.UserValidation.enterFirstName(UserValidation.java:45)
	at com.bridgelab.junituservalidation.UserValidation.enterFirstName(UserValidation.java:45)
	at com.bridgelab.junituservalidation.UserValidation.enterFirstName(UserValidation.java:45)
	at com.bridgelab.junituservalidation.UserValidation.enterFirstName(UserValidation.java:45)
	at com.bridgelab.junituservalidation.UserValidation.enterFirstName(UserValidation.java:45)
	at com.bridgelab.junituservalidation.UserValidation.enterFirstName(UserValidation.java:45)
	at com.bridgelab.junituservalidation.UserValidation.enterFirstName(UserValidation.java:45)
	at com.bridgelab.junituservalidation.UserValidation.enterFirstName(UserValidation.java:45)
	at com.bridgelab.junituservalidation.UserValidation.enterFirstName(UserValidation.java:45)
	at com.bridgelab.junituservalidation.UserValidation.enterFirstName(UserValidation.java:45)
	at com.bridgelab.junituservalidation.UserValidation.enterFirstName(UserValidation.java:45)
	at com.bridgelab.junituservalidation.UserValidation.enterFirstName(UserValidation.java:45)
	at com.bridgelab.junituservalidation.UserValidation.enterFirstName(UserValidation.java:45)
	at com.bridgelab.junituservalidation.UserValidation.enterFirstName(UserValidation.java:45)
	at com.bridgelab.junituservalidation.UserValidation.enterFirstName(UserValidation.java:45)
	at com.bridgelab.junituservalidation.UserValidation.enterFirstName(UserValidation.java:45)
	at com.bridgelab.junituservalidation.UserValidation.enterFirstName(UserValidation.java:45)
	at com.bridgelab.junituservalidation.UserValidation.enterFirstName(UserValidation.java:45)
	at com.bridgelab.junituservalidation.UserValidation.enterFirstName(UserValidation.java:45)
	at com.bridgelab.junituservalidation.UserValidation.enterFirstName(UserValidation.java:45)
	at com.bridgelab.junituservalidation.UserValidation.enterFirstName(UserValidation.java:45)
	at com.bridgelab.junituservalidation.UserValidation.enterFirstName(UserValidation.java:45)
	at com.bridgelab.junituservalidation.UserValidation.enterFirstName(UserValidation.java:45)
	at com.bridgelab.junituservalidation.UserValidation.enterFirstName(UserValidation.java:45)
	at com.bridgelab.junituservalidation.UserValidation.enterFirstName(UserValidation.java:45)
	at com.bridgelab.junituservalidation.UserValidation.enterFirstName(UserValidation.java:45)
	at com.bridgelab.junituservalidation.UserValidation.enterFirstName(UserValidation.java:45)
	at com.bridgelab.junituservalidation.UserValidation.enterFirstName(UserValidation.java:45)
	at com.bridgelab.junituservalidation.UserValidation.enterFirstName(UserValidation.java:45)
	at com.bridgelab.junituservalidation.UserValidation.enterFirstName(UserValidation.java:45)
	at com.bridgelab.junituservalidation.UserValidation.enterFirstName(UserValidation.java:45)
	at com.bridgelab.junituservalidation.UserValidation.enterFirstName(UserValidation.java:45)
	at com.bridgelab.junituservalidation.UserValidation.enterFirstName(UserValidation.java:45)
	at com.bridgelab.junituservalidation.UserValidation.enterFirstName(UserValidation.java:45)
	at com.bridgelab.junituservalidation.UserValidation.enterFirstName(UserValidation.java:45)
	at com.bridgelab.junituservalidation.UserValidation.enterFirstName(UserValidation.java:45)
	at com.bridgelab.junituservalidation.UserValidation.enterFirstName(UserValidation.java:45)
	at com.bridgelab.junituservalidation.UserValidation.enterFirstName(UserValidation.java:45)
	at com.bridgelab.junituservalidation.UserValidation.enterFirstName(UserValidation.java:45)
	at com.bridgelab.junituservalidation.UserValidation.enterFirstName(UserValidation.java:45)
	at com.bridgelab.junituservalidation.UserValidation.enterFirstName(UserValidation.java:45)
	at com.bridgelab.junituservalidation.UserValidation.enterFirstName(UserValidation.java:45)
	at com.bridgelab.junituservalidation.UserValidation.enterFirstName(UserValidation.java:45)
	at com.bridgelab.junituservalidation.UserValidation.enterFirstName(UserValidation.java:45)
	at com.bridgelab.junituservalidation.UserValidation.enterFirstName(UserValidation.java:45)
	at com.bridgelab.junituservalidation.UserValidation.enterFirstName(UserValidation.java:45)
	at com.bridgelab.junituservalidation.UserValidation.enterFirstName(UserValidation.java:45)
	at com.bridgelab.junituservalidation.UserValidation.enterFirstName(UserValidation.java:45)
	at com.bridgelab.junituservalidation.UserValidation.enterFirstName(UserValidation.java:45)
	at com.bridgelab.junituservalidation.UserValidation.enterFirstName(UserValidation.java:45)
	at com.bridgelab.junituservalidation.UserValidation.enterFirstName(UserValidation.java:45)
	at com.bridgelab.junituservalidation.UserValidation.enterFirstName(UserValidation.java:45)
	at com.bridgelab.junituservalidation.UserValidation.enterFirstName(UserValidation.java:45)
	at com.bridgelab.junituservalidation.UserValidation.enterFirstName(UserValidation.java:45)
	at com.bridgelab.junituservalidation.UserValidation.enterFirstName(UserValidation.java:45)
	at com.bridgelab.junituservalidation.UserValidation.enterFirstName(UserValidation.java:45)
	at com.bridgelab.junituservalidation.UserValidation.enterFirstName(UserValidation.java:45)
	at com.bridgelab.junituservalidation.UserValidation.enterFirstName(UserValidation.java:45)
	at com.bridgelab.junituservalidation.UserValidation.enterFirstName(UserValidation.java:45)
	at com.bridgelab.junituservalidation.UserValidation.enterFirstName(UserValidation.java:45)
	at com.bridgelab.junituservalidation.UserValidation.enterFirstName(UserValidation.java:45)
	at com.bridgelab.junituservalidation.UserValidation.enterFirstName(UserValidation.java:45)
	at com.bridgelab.junituservalidation.UserValidation.enterFirstName(UserValidation.java:45)
	at com.bridgelab.junituservalidation.UserValidation.enterFirstName(UserValidation.java:45)
	at com.bridgelab.junituservalidation.UserValidation.enterFirstName(UserValidation.java:45)
	at com.bridgelab.junituservalidation.UserValidation.enterFirstName(UserValidation.java:45)
	at com.bridgelab.junituservalidation.UserValidation.enterFirstName(UserValidation.java:45)
	at com.bridgelab.junituservalidation.UserValidation.enterFirstName(UserValidation.java:45)
	at com.bridgelab.junituservalidation.UserValidation.enterFirstName(UserValidation.java:45)
	at com.bridgelab.junituservalidation.UserValidation.enterFirstName(UserValidation.java:45)
	at com.bridgelab.junituservalidation.UserValidation.enterFirstName(UserValidation.java:45)
	at com.bridgelab.junituservalidation.UserValidation.enterFirstName(UserValidation.java:45)
	at com.bridgelab.junituservalidation.UserValidation.enterFirstName(UserValidation.java:45)
	at com.bridgelab.junituservalidation.UserValidation.enterFirstName(UserValidation.java:45)
	at com.bridgelab.junituservalidation.UserValidation.enterFirstName(UserValidation.java:45)
	at com.bridgelab.junituservalidation.UserValidation.enterFirstName(UserValidation.java:45)
	at com.bridgelab.junituservalidation.UserValidation.enterFirstName(UserValidation.java:45)
	at com.bridgelab.junituservalidation.UserValidation.enterFirstName(UserValidation.java:45)
	at com.bridgelab.junituservalidation.UserValidation.enterFirstName(UserValidation.java:45)
	at com.bridgelab.junituservalidation.UserValidation.enterFirstName(UserValidation.java:45)
	at com.bridgelab.junituservalidation.UserValidation.enterFirstName(UserValidation.java:45)
	at com.bridgelab.junituservalidation.UserValidation.enterFirstName(UserValidation.java:45)
	at com.bridgelab.junituservalidation.UserValidation.enterFirstName(UserValidation.java:45)
	at com.bridgelab.junituservalidation.UserValidation.enterFirstName(UserValidation.java:45)
	at com.bridgelab.junituservalidation.UserValidation.enterFirstName(UserValidation.java:45)
	at com.bridgelab.junituservalidation.UserValidation.enterFirstName(UserValidation.java:45)
	at com.bridgelab.junituservalidation.UserValidation.enterFirstName(UserValidation.java:45)
	at com.bridgelab.junituservalidation.UserValidation.enterFirstName(UserValidation.java:45)
	at com.bridgelab.junituservalidation.UserValidation.enterFirstName(UserValidation.java:45)
	at com.bridgelab.junituservalidation.UserValidation.enterFirstName(UserValidation.java:45)
	at com.bridgelab.junituservalidation.UserValidation.enterFirstName(UserValidation.java:45)
	at com.bridgelab.junituservalidation.UserValidation.enterFirstName(UserValidation.java:45)
	at com.bridgelab.junituservalidation.UserValidation.enterFirstName(UserValidation.java:45)
	at com.bridgelab.junituservalidation.UserValidation.enterFirstName(UserValidation.java:45)
	at com.bridgelab.junituservalidation.UserValidation.enterFirstName(UserValidation.java:45)
	at com.bridgelab.junituservalidation.UserValidation.enterFirstName(UserValidation.java:45)
	at com.bridgelab.junituservalidation.UserValidation.enterFirstName(UserValidation.java:45)
	at com.bridgelab.junituservalidation.UserValidation.enterFirstName(UserValidation.java:45)
	at com.bridgelab.junituservalidation.UserValidation.enterFirstName(UserValidation.java:45)
	at com.bridgelab.junituservalidation.UserValidation.enterFirstName(UserValidation.java:45)
	at com.bridgelab.junituservalidation.UserValidation.enterFirstName(UserValidation.java:45)
	at com.bridgelab.junituservalidation.UserValidation.enterFirstName(UserValidation.java:45)
	at com.bridgelab.junituservalidation.UserValidation.enterFirstName(UserValidation.java:45)
	at com.bridgelab.junituservalidation.UserValidation.enterFirstName(UserValidation.java:45)
	at com.bridgelab.junituservalidation.UserValidation.enterFirstName(UserValidation.java:45)
	at com.bridgelab.junituservalidation.UserValidation.enterFirstName(UserValidation.java:45)
	at com.bridgelab.junituservalidation.UserValidation.enterFirstName(UserValidation.java:45)
	at com.bridgelab.junituservalidation.UserValidation.enterFirstName(UserValidation.java:45)
	at com.bridgelab.junituservalidation.UserValidation.enterFirstName(UserValidation.java:45)
	at com.bridgelab.junituservalidation.UserValidation.enterFirstName(UserValidation.java:45)
	at com.bridgelab.junituservalidation.UserValidation.enterFirstName(UserValidation.java:45)
	at com.bridgelab.junituservalidation.UserValidation.enterFirstName(UserValidation.java:45)
	at com.bridgelab.junituservalidation.UserValidation.enterFirstName(UserValidation.java:45)
	at com.bridgelab.junituservalidation.UserValidation.enterFirstName(UserValidation.java:45)
	at com.bridgelab.junituservalidation.UserValidation.enterFirstName(UserValidation.java:45)
	at com.bridgelab.junituservalidation.UserValidation.enterFirstName(UserValidation.java:45)
	at com.bridgelab.junituservalidation.UserValidation.enterFirstName(UserValidation.java:45)
	at com.bridgelab.junituservalidation.UserValidation.enterFirstName(UserValidation.java:45)
	at com.bridgelab.junituservalidation.UserValidation.enterFirstName(UserValidation.java:45)
	at com.bridgelab.junituservalidation.UserValidation.enterFirstName(UserValidation.java:45)
	at com.bridgelab.junituservalidation.UserValidation.enterFirstName(UserValidation.java:45)
	at com.bridgelab.junituservalidation.UserValidation.enterFirstName(UserValidation.java:45)
	at com.bridgelab.junituservalidation.UserValidation.enterFirstName(UserValidation.java:45)
	at com.bridgelab.junituservalidation.UserValidation.enterFirstName(UserValidation.java:45)
	at com.bridgelab.junituservalidation.UserValidation.enterFirstName(UserValidation.java:45)
	at com.bridgelab.junituservalidation.UserValidation.enterFirstName(UserValidation.java:45)
	at com.bridgelab.junituservalidation.UserValidation.enterFirstName(UserValidation.java:45)
	at com.bridgelab.junituservalidation.UserValidation.enterFirstName(UserValidation.java:45)
	at com.bridgelab.junituservalidation.UserValidation.enterFirstName(UserValidation.java:45)
	at com.bridgelab.junituservalidation.UserValidation.enterFirstName(UserValidation.java:45)
	at com.bridgelab.junituservalidation.UserValidation.enterFirstName(UserValidation.java:45)
	at com.bridgelab.junituservalidation.UserValidation.enterFirstName(UserValidation.java:45)
	at com.bridgelab.junituservalidation.UserValidation.enterFirstName(UserValidation.java:45)
	at com.bridgelab.junituservalidation.UserValidation.enterFirstName(UserValidation.java:45)
	at com.bridgelab.junituservalidation.UserValidation.enterFirstName(UserValidation.java:45)
	at com.bridgelab.junituservalidation.UserValidation.enterFirstName(UserValidation.java:45)
	at com.bridgelab.junituservalidation.UserValidation.enterFirstName(UserValidation.java:45)
	at com.bridgelab.junituservalidation.UserValidation.enterFirstName(UserValidation.java:45)
	at com.bridgelab.junituservalidation.UserValidation.enterFirstName(UserValidation.java:45)
	at com.bridgelab.junituservalidation.UserValidation.enterFirstName(UserValidation.java:45)
	at com.bridgelab.junituservalidation.UserValidation.enterFirstName(UserValidation.java:45)
	at com.bridgelab.junituservalidation.UserValidation.enterFirstName(UserValidation.java:45)
	at com.bridgelab.junituservalidation.UserValidation.enterFirstName(UserValidation.java:45)
	at com.bridgelab.junituservalidation.UserValidation.enterFirstName(UserValidation.java:45)
	at com.bridgelab.junituservalidation.UserValidation.enterFirstName(UserValidation.java:45)
	at com.bridgelab.junituservalidation.UserValidation.enterFirstName(UserValidation.java:45)
	at com.bridgelab.junituservalidation.UserValidation.enterFirstName(UserValidation.java:45)
	at com.bridgelab.junituservalidation.UserValidation.enterFirstName(UserValidation.java:45)
	at com.bridgelab.junituservalidation.UserValidation.enterFirstName(UserValidation.java:45)
	at com.bridgelab.junituservalidation.UserValidation.enterFirstName(UserValidation.java:45)
	at com.bridgelab.junituservalidation.UserValidation.enterFirstName(UserValidation.java:45)
	at com.bridgelab.junituservalidation.UserValidation.enterFirstName(UserValidation.java:45)
	at com.bridgelab.junituservalidation.UserValidation.enterFirstName(UserValidation.java:45)
	at com.bridgelab.junituservalidation.UserValidation.enterFirstName(UserValidation.java:45)
	at com.bridgelab.junituservalidation.UserValidation.enterFirstName(UserValidation.java:45)
	at com.bridgelab.junituservalidation.UserValidation.enterFirstName(UserValidation.java:45)
	at com.bridgelab.junituservalidation.UserValidation.enterFirstName(UserValidation.java:45)
	at com.bridgelab.junituservalidation.UserValidation.enterFirstName(UserValidation.java:45)
	at com.bridgelab.junituservalidation.UserValidation.enterFirstName(UserValidation.java:45)
	at com.bridgelab.junituservalidation.UserValidation.enterFirstName(UserValidation.java:45)
	at com.bridgelab.junituservalidation.UserValidation.enterFirstName(UserValidation.java:45)
	at com.bridgelab.junituservalidation.UserValidation.enterFirstName(UserValidation.java:45)
	at com.bridgelab.junituservalidation.UserValidation.enterFirstName(UserValidation.java:45)
	at com.bridgelab.junituservalidation.UserValidation.enterFirstName(UserValidation.java:45)
	at com.bridgelab.junituservalidation.UserValidation.enterFirstName(UserValidation.java:45)
	at com.bridgelab.junituservalidation.UserValidation.enterFirstName(UserValidation.java:45)
	at com.bridgelab.junituservalidation.UserValidation.enterFirstName(UserValidation.java:45)
	at com.bridgelab.junituservalidation.UserValidation.enterFirstName(UserValidation.java:45)
	at com.bridgelab.junituservalidation.UserValidation.enterFirstName(UserValidation.java:45)
	at com.bridgelab.junituservalidation.UserValidation.enterFirstName(UserValidation.java:45)
	at com.bridgelab.junituservalidation.UserValidation.enterFirstName(UserValidation.java:45)
	at com.bridgelab.junituservalidation.UserValidation.enterFirstName(UserValidation.java:45)
	at com.bridgelab.junituservalidation.UserValidation.enterFirstName(UserValidation.java:45)
	at com.bridgelab.junituservalidation.UserValidation.enterFirstName(UserValidation.java:45)
	at com.bridgelab.junituservalidation.UserValidation.enterFirstName(UserValidation.java:45)
	at com.bridgelab.junituservalidation.UserValidation.enterFirstName(UserValidation.java:45)
	at com.bridgelab.junituservalidation.UserValidation.enterFirstName(UserValidation.java:45)
	at com.bridgelab.junituservalidation.UserValidation.enterFirstName(UserValidation.java:45)
	at com.bridgelab.junituservalidation.UserValidation.enterFirstName(UserValidation.java:45)
	at com.bridgelab.junituservalidation.UserValidation.enterFirstName(UserValidation.java:45)
	at com.bridgelab.junituservalidation.UserValidation.enterFirstName(UserValidation.java:45)
	at com.bridgelab.junituservalidation.UserValidation.enterFirstName(UserValidation.java:45)
	at com.bridgelab.junituservalidation.UserValidation.enterFirstName(UserValidation.java:45)
	at com.bridgelab.junituservalidation.UserValidation.enterFirstName(UserValidation.java:45)
	at com.bridgelab.junituservalidation.UserValidation.enterFirstName(UserValidation.java:45)
	at com.bridgelab.junituservalidation.UserValidation.enterFirstName(UserValidation.java:45)
	at com.bridgelab.junituservalidation.UserValidation.enterFirstName(UserValidation.java:45)
	at com.bridgelab.junituservalidation.UserValidation.enterFirstName(UserValidation.java:45)
	at com.bridgelab.junituservalidation.UserValidation.enterFirstName(UserValidation.java:45)
	at com.bridgelab.junituservalidation.UserValidation.enterFirstName(UserValidation.java:45)
	at com.bridgelab.junituservalidation.UserValidation.enterFirstName(UserValidation.java:45)
	at com.bridgelab.junituservalidation.UserValidation.enterFirstName(UserValidation.java:45)
	at com.bridgelab.junituservalidation.UserValidation.enterFirstName(UserValidation.java:45)
	at com.bridgelab.junituservalidation.UserValidation.enterFirstName(UserValidation.java:45)
	at com.bridgelab.junituservalidation.UserValidation.enterFirstName(UserValidation.java:45)
	at com.bridgelab.junituservalidation.UserValidation.enterFirstName(UserValidation.java:45)
	at com.bridgelab.junituservalidation.UserValidation.enterFirstName(UserValidation.java:45)
	at com.bridgelab.junituservalidation.UserValidation.enterFirstName(UserValidation.java:45)
	at com.bridgelab.junituservalidation.UserValidation.enterFirstName(UserValidation.java:45)
	at com.bridgelab.junituservalidation.UserValidation.enterFirstName(UserValidation.java:45)
	at com.bridgelab.junituservalidation.UserValidation.enterFirstName(UserValidation.java:45)
	at com.bridgelab.junituservalidation.UserValidation.enterFirstName(UserValidation.java:45)
	at com.bridgelab.junituservalidation.UserValidation.enterFirstName(UserValidation.java:45)
	at com.bridgelab.junituservalidation.UserValidation.enterFirstName(UserValidation.java:45)
	at com.bridgelab.junituservalidation.UserValidation.enterFirstName(UserValidation.java:45)
	at com.bridgelab.junituservalidation.UserValidation.enterFirstName(UserValidation.java:45)
	at com.bridgelab.junituservalidation.UserValidation.enterFirstName(UserValidation.java:45)
	at com.bridgelab.junituservalidation.UserValidation.enterFirstName(UserValidation.java:45)
	at com.bridgelab.junituservalidation.UserValidation.enterFirstName(UserValidation.java:45)
	at com.bridgelab.junituservalidation.UserValidation.enterFirstName(UserValidation.java:45)
	at com.bridgelab.junituservalidation.UserValidation.enterFirstName(UserValidation.java:45)
	at com.bridgelab.junituservalidation.UserValidation.enterFirstName(UserValidation.java:45)
	at com.bridgelab.junituservalidation.UserValidation.enterFirstName(UserValidation.java:45)
	at com.bridgelab.junituservalidation.UserValidation.enterFirstName(UserValidation.java:45)
	at com.bridgelab.junituservalidation.UserValidation.enterFirstName(UserValidation.java:45)
	at com.bridgelab.junituservalidation.UserValidation.enterFirstName(UserValidation.java:45)
	at com.bridgelab.junituservalidation.UserValidation.enterFirstName(UserValidation.java:45)
	at com.bridgelab.junituservalidation.UserValidation.enterFirstName(UserValidation.java:45)
	at com.bridgelab.junituservalidation.UserValidation.enterFirstName(UserValidation.java:45)
	at com.bridgelab.junituservalidation.UserValidation.enterFirstName(UserValidation.java:45)
	at com.bridgelab.junituservalidation.UserValidation.enterFirstName(UserValidation.java:45)
	at com.bridgelab.junituservalidation.UserValidation.enterFirstName(UserValidation.java:45)
	at com.bridgelab.junituservalidation.UserValidation.enterFirstName(UserValidation.java:45)
	at com.bridgelab.junituservalidation.UserValidation.enterFirstName(UserValidation.java:45)
	at com.bridgelab.junituservalidation.UserValidation.enterFirstName(UserValidation.java:45)
	at com.bridgelab.junituservalidation.UserValidation.enterFirstName(UserValidation.java:45)
	at com.bridgelab.junituservalidation.UserValidation.enterFirstName(UserValidation.java:45)
	at com.bridgelab.junituservalidation.UserValidation.enterFirstName(UserValidation.java:45)
	at com.bridgelab.junituservalidation.UserValidation.enterFirstName(UserValidation.java:45)
	at com.bridgelab.junituservalidation.UserValidation.enterFirstName(UserValidation.java:45)
	at com.bridgelab.junituservalidation.UserValidation.enterFirstName(UserValidation.java:45)
	at com.bridgelab.junituservalidation.UserValidation.enterFirstName(UserValidation.java:45)
	at com.bridgelab.junituservalidation.UserValidation.enterFirstName(UserValidation.java:45)
	at com.bridgelab.junituservalidation.UserValidation.enterFirstName(UserValidation.java:45)
	at com.bridgelab.junituservalidation.UserValidation.enterFirstName(UserValidation.java:45)
	at com.bridgelab.junituservalidation.UserValidation.enterFirstName(UserValidation.java:45)
	at com.bridgelab.junituservalidation.UserValidation.enterFirstName(UserValidation.java:45)
	at com.bridgelab.junituservalidation.UserValidation.enterFirstName(UserValidation.java:45)
	at com.bridgelab.junituservalidation.UserValidation.enterFirstName(UserValidation.java:45)
	at com.bridgelab.junituservalidation.UserValidation.enterFirstName(UserValidation.java:45)
	at com.bridgelab.junituservalidation.UserValidation.enterFirstName(UserValidation.java:45)
	at com.bridgelab.junituservalidation.UserValidation.enterFirstName(UserValidation.java:45)
	at com.bridgelab.junituservalidation.UserValidation.enterFirstName(UserValidation.java:45)
	at com.bridgelab.junituservalidation.UserValidation.enterFirstName(UserValidation.java:45)
	at com.bridgelab.junituservalidation.UserValidation.enterFirstName(UserValidation.java:45)
	at com.bridgelab.junituservalidation.UserValidation.enterFirstName(UserValidation.java:45)
	at com.bridgelab.junituservalidation.UserValidation.enterFirstName(UserValidation.java:45)
	at com.bridgelab.junituservalidation.UserValidation.enterFirstName(UserValidation.java:45)
	at com.bridgelab.junituservalidation.UserValidation.enterFirstName(UserValidation.java:45)
	at com.bridgelab.junituservalidation.UserValidation.enterFirstName(UserValidation.java:45)
	at com.bridgelab.junituservalidation.UserValidation.enterFirstName(UserValidation.java:45)
	at com.bridgelab.junituservalidation.UserValidation.enterFirstName(UserValidation.java:45)
	at com.bridgelab.junituservalidation.UserValidation.enterFirstName(UserValidation.java:45)
	at com.bridgelab.junituservalidation.UserValidation.enterFirstName(UserValidation.java:45)
	at com.bridgelab.junituservalidation.UserValidation.enterFirstName(UserValidation.java:45)
	at com.bridgelab.junituservalidation.UserValidation.enterFirstName(UserValidation.java:45)
	at com.bridgelab.junituservalidation.UserValidation.enterFirstName(UserValidation.java:45)
	at com.bridgelab.junituservalidation.UserValidation.enterFirstName(UserValidation.java:45)
	at com.bridgelab.junituservalidation.UserValidation.enterFirstName(UserValidation.java:45)
	at com.bridgelab.junituservalidation.UserValidation.enterFirstName(UserValidation.java:45)
	at com.bridgelab.junituservalidation.UserValidation.enterFirstName(UserValidation.java:45)
	at com.bridgelab.junituservalidation.UserValidation.enterFirstName(UserValidation.java:45)
	at com.bridgelab.junituservalidation.UserValidation.enterFirstName(UserValidation.java:45)
	at com.bridgelab.junituservalidation.UserValidation.enterFirstName(UserValidation.java:45)
	at com.bridgelab.junituservalidation.UserValidation.enterFirstName(UserValidation.java:45)
	at com.bridgelab.junituservalidation.UserValidation.enterFirstName(UserValidation.java:45)
	at com.bridgelab.junituservalidation.UserValidation.enterFirstName(UserValidation.java:45)
	at com.bridgelab.junituservalidation.UserValidation.enterFirstName(UserValidation.java:45)
	at com.bridgelab.junituservalidation.UserValidation.enterFirstName(UserValidation.java:45)
	at com.bridgelab.junituservalidation.UserValidation.enterFirstName(UserValidation.java:45)
	at com.bridgelab.junituservalidation.UserValidation.enterFirstName(UserValidation.java:45)
	at com.bridgelab.junituservalidation.UserValidation.enterFirstName(UserValidation.java:45)
	at com.bridgelab.junituservalidation.UserValidation.enterFirstName(UserValidation.java:45)
	at com.bridgelab.junituservalidation.UserValidation.enterFirstName(UserValidation.java:45)
	at com.bridgelab.junituservalidation.UserValidation.enterFirstName(UserValidation.java:45)
	at com.bridgelab.junituservalidation.UserValidation.enterFirstName(UserValidation.java:45)
	at com.bridgelab.junituservalidation.UserValidation.enterFirstName(UserValidation.java:45)
	at com.bridgelab.junituservalidation.UserValidation.enterFirstName(UserValidation.java:45)
	at com.bridgelab.junituservalidation.UserValidation.enterFirstName(UserValidation.java:45)
	at com.bridgelab.junituservalidation.UserValidation.enterFirstName(UserValidation.java:45)
	at com.bridgelab.junituservalidation.UserValidation.enterFirstName(UserValidation.java:45)
	at com.bridgelab.junituservalidation.UserValidation.enterFirstName(UserValidation.java:45)
	at com.bridgelab.junituservalidation.UserValidation.enterFirstName(UserValidation.java:45)
	at com.bridgelab.junituservalidation.UserValidation.enterFirstName(UserValidation.java:45)
	at com.bridgelab.junituservalidation.UserValidation.enterFirstName(UserValidation.java:45)
	at com.bridgelab.junituservalidation.UserValidation.enterFirstName(UserValidation.java:45)
	at com.bridgelab.junituservalidation.UserValidation.enterFirstName(UserValidation.java:45)
	at com.bridgelab.junituservalidation.UserValidation.enterFirstName(UserValidation.java:45)
	at com.bridgelab.junituservalidation.UserValidation.enterFirstName(UserValidation.java:45)
	at com.bridgelab.junituservalidation.UserValidation.enterFirstName(UserValidation.java:45)
	at com.bridgelab.junituservalidation.UserValidation.enterFirstName(UserValidation.java:45)
	at com.bridgelab.junituservalidation.UserValidation.enterFirstName(UserValidation.java:45)
	at com.bridgelab.junituservalidation.UserValidation.enterFirstName(UserValidation.java:45)
	at com.bridgelab.junituservalidation.UserValidation.enterFirstName(UserValidation.java:45)
	at com.bridgelab.junituservalidation.UserValidation.enterFirstName(UserValidation.java:45)
	at com.bridgelab.junituservalidation.UserValidation.enterFirstName(UserValidation.java:45)
	at com.bridgelab.junituservalidation.UserValidation.enterFirstName(UserValidation.java:45)
	at com.bridgelab.junituservalidation.UserValidation.enterFirstName(UserValidation.java:45)
	at com.bridgelab.junituservalidation.UserValidation.enterFirstName(UserValidation.java:45)
	at com.bridgelab.junituservalidation.UserValidation.enterFirstName(UserValidation.java:45)
	at com.bridgelab.junituservalidation.UserValidation.enterFirstName(UserValidation.java:45)
	at com.bridgelab.junituservalidation.UserValidation.enterFirstName(UserValidation.java:45)
	at com.bridgelab.junituservalidation.UserValidation.enterFirstName(UserValidation.java:45)
	at com.bridgelab.junituservalidation.UserValidation.enterFirstName(UserValidation.java:45)
	at com.bridgelab.junituservalidation.UserValidation.enterFirstName(UserValidation.java:45)
	at com.bridgelab.junituservalidation.UserValidation.enterFirstName(UserValidation.java:45)
	at com.bridgelab.junituservalidation.UserValidation.enterFirstName(UserValidation.java:45)
	at com.bridgelab.junituservalidation.UserValidation.enterFirstName(UserValidation.java:45)
	at com.bridgelab.junituservalidation.UserValidation.enterFirstName(UserValidation.java:45)
	at com.bridgelab.junituservalidation.UserValidation.enterFirstName(UserValidation.java:45)
	at com.bridgelab.junituservalidation.UserValidation.enterFirstName(UserValidation.java:45)
	at com.bridgelab.junituservalidation.UserValidation.enterFirstName(UserValidation.java:45)
	at com.bridgelab.junituservalidation.UserValidation.enterFirstName(UserValidation.java:45)
	at com.bridgelab.junituservalidation.UserValidation.enterFirstName(UserValidation.java:45)
	at com.bridgelab.junituservalidation.UserValidation.enterFirstName(UserValidation.java:45)
	at com.bridgelab.junituservalidation.UserValidation.enterFirstName(UserValidation.java:45)
	at com.bridgelab.junituservalidation.UserValidation.enterFirstName(UserValidation.java:45)
	at com.bridgelab.junituservalidation.UserValidation.enterFirstName(UserValidation.java:45)
	at com.bridgelab.junituservalidation.UserValidation.enterFirstName(UserValidation.java:45)
	at com.bridgelab.junituservalidation.UserValidation.enterFirstName(UserValidation.java:45)
	at com.bridgelab.junituservalidation.UserValidation.enterFirstName(UserValidation.java:45)
	at com.bridgelab.junituservalidation.UserValidation.enterFirstName(UserValidation.java:45)
	at com.bridgelab.junituservalidation.UserValidation.enterFirstName(UserValidation.java:45)
	at com.bridgelab.junituservalidation.UserValidation.enterFirstName(UserValidation.java:45)
	at com.bridgelab.junituservalidation.UserValidation.enterFirstName(UserValidation.java:45)
	at com.bridgelab.junituservalidation.UserValidation.enterFirstName(UserValidation.java:45)
	at com.bridgelab.junituservalidation.UserValidation.enterFirstName(UserValidation.java:45)
	at com.bridgelab.junituservalidation.UserValidation.enterFirstName(UserValidation.java:45)
	at com.bridgelab.junituservalidation.UserValidation.enterFirstName(UserValidation.java:45)
	at com.bridgelab.junituservalidation.UserValidation.enterFirstName(UserValidation.java:45)
	at com.bridgelab.junituservalidation.UserValidation.enterFirstName(UserValidation.java:45)
	at com.bridgelab.junituservalidation.UserValidation.enterFirstName(UserValidation.java:45)
	at com.bridgelab.junituservalidation.UserValidation.enterFirstName(UserValidation.java:45)
	at com.bridgelab.junituservalidation.UserValidation.enterFirstName(UserValidation.java:45)
	at com.bridgelab.junituservalidation.UserValidation.enterFirstName(UserValidation.java:45)
	at com.bridgelab.junituservalidation.UserValidation.enterFirstName(UserValidation.java:45)
	at com.bridgelab.junituservalidation.UserValidation.enterFirstName(UserValidation.java:45)
	at com.bridgelab.junituservalidation.UserValidation.enterFirstName(UserValidation.java:45)
	at com.bridgelab.junituservalidation.UserValidation.enterFirstName(UserValidation.java:45)
	at com.bridgelab.junituservalidation.UserValidation.enterFirstName(UserValidation.java:45)
	at com.bridgelab.junituservalidation.UserValidation.enterFirstName(UserValidation.java:45)
	at com.bridgelab.junituservalidation.UserValidation.enterFirstName(UserValidation.java:45)
	at com.bridgelab.junituservalidation.UserValidation.enterFirstName(UserValidation.java:45)
	at com.bridgelab.junituservalidation.UserValidation.enterFirstName(UserValidation.java:45)
	at com.bridgelab.junituservalidation.UserValidation.enterFirstName(UserValidation.java:45)
	at com.bridgelab.junituservalidation.UserValidation.enterFirstName(UserValidation.java:45)
	at com.bridgelab.junituservalidation.UserValidation.enterFirstName(UserValidation.java:45)
	at com.bridgelab.junituservalidation.UserValidation.enterFirstName(UserValidation.java:45)
	at com.bridgelab.junituservalidation.UserValidation.enterFirstName(UserValidation.java:45)
	at com.bridgelab.junituservalidation.UserValidation.enterFirstName(UserValidation.java:45)
	at com.bridgelab.junituservalidation.UserValidation.enterFirstName(UserValidation.java:45)
	at com.bridgelab.junituservalidation.UserValidation.enterFirstName(UserValidation.java:45)
	at com.bridgelab.junituservalidation.UserValidation.enterFirstName(UserValidation.java:45)
	at com.bridgelab.junituservalidation.UserValidation.enterFirstName(UserValidation.java:45)
	at com.bridgelab.junituservalidation.UserValidation.enterFirstName(UserValidation.java:45)
	at com.bridgelab.junituservalidation.UserValidation.enterFirstName(UserValidation.java:45)
	at com.bridgelab.junituservalidation.UserValidation.enterFirstName(UserValidation.java:45)
	at com.bridgelab.junituservalidation.UserValidation.enterFirstName(UserValidation.java:45)
	at com.bridgelab.junituservalidation.UserValidation.enterFirstName(UserValidation.java:45)
	at com.bridgelab.junituservalidation.UserValidation.enterFirstName(UserValidation.java:45)
	at com.bridgelab.junituservalidation.UserValidation.enterFirstName(UserValidation.java:45)
	at com.bridgelab.junituservalidation.UserValidation.enterFirstName(UserValidation.java:45)
	at com.bridgelab.junituservalidation.UserValidation.enterFirstName(UserValidation.java:45)
	at com.bridgelab.junituservalidation.UserValidation.enterFirstName(UserValidation.java:45)
	at com.bridgelab.junituservalidation.UserValidation.enterFirstName(UserValidation.java:45)
	at com.bridgelab.junituservalidation.UserValidation.enterFirstName(UserValidation.java:45)
	at com.bridgelab.junituservalidation.UserValidation.enterFirstName(UserValidation.java:45)
	at com.bridgelab.junituservalidation.UserValidation.enterFirstName(UserValidation.java:45)
	at com.bridgelab.junituservalidation.UserValidation.enterFirstName(UserValidation.java:45)
	at com.bridgelab.junituservalidation.UserValidation.enterFirstName(UserValidation.java:45)
	at com.bridgelab.junituservalidation.UserValidation.enterFirstName(UserValidation.java:45)
	at com.bridgelab.junituservalidation.UserValidation.enterFirstName(UserValidation.java:45)
	at com.bridgelab.junituservalidation.UserValidation.enterFirstName(UserValidation.java:45)
	at com.bridgelab.junituservalidation.UserValidation.enterFirstName(UserValidation.java:45)
	at com.bridgelab.junituservalidation.UserValidation.enterFirstName(UserValidation.java:45)
	at com.bridgelab.junituservalidation.UserValidation.enterFirstName(UserValidation.java:45)
	at com.bridgelab.junituservalidation.UserValidation.enterFirstName(UserValidation.java:45)
	at com.bridgelab.junituservalidation.UserValidation.enterFirstName(UserValidation.java:45)
	at com.bridgelab.junituservalidation.UserValidation.enterFirstName(UserValidation.java:45)
	at com.bridgelab.junituservalidation.UserValidation.enterFirstName(UserValidation.java:45)
	at com.bridgelab.junituservalidation.UserValidation.enterFirstName(UserValidation.java:45)
	at com.bridgelab.junituservalidation.UserValidation.enterFirstName(UserValidation.java:45)
	at com.bridgelab.junituservalidation.UserValidation.enterFirstName(UserValidation.java:45)
	at com.bridgelab.junituservalidation.UserValidation.enterFirstName(UserValidation.java:45)
	at com.bridgelab.junituservalidation.UserValidation.enterFirstName(UserValidation.java:45)
	at com.bridgelab.junituservalidation.UserValidation.enterFirstName(UserValidation.java:45)
	at com.bridgelab.junituservalidation.UserValidation.enterFirstName(UserValidation.java:45)
	at com.bridgelab.junituservalidation.UserValidation.enterFirstName(UserValidation.java:45)
	at com.bridgelab.junituservalidation.UserValidation.enterFirstName(UserValidation.java:45)
	at com.bridgelab.junituservalidation.UserValidation.enterFirstName(UserValidation.java:45)
	at com.bridgelab.junituservalidation.UserValidation.enterFirstName(UserValidation.java:45)
	at com.bridgelab.junituservalidation.UserValidation.enterFirstName(UserValidation.java:45)
	at com.bridgelab.junituservalidation.UserValidation.enterFirstName(UserValidation.java:45)
	at com.bridgelab.junituservalidation.UserValidation.enterFirstName(UserValidation.java:45)
	at com.bridgelab.junituservalidation.UserValidation.enterFirstName(UserValidation.java:45)
	at com.bridgelab.junituservalidation.UserValidation.enterFirstName(UserValidation.java:45)
	at com.bridgelab.junituservalidation.UserValidation.enterFirstName(UserValidation.java:45)
	at com.bridgelab.junituservalidation.UserValidation.enterFirstName(UserValidation.java:45)
	at com.bridgelab.junituservalidation.UserValidation.enterFirstName(UserValidation.java:45)
	at com.bridgelab.junituservalidation.UserValidation.enterFirstName(UserValidation.java:45)
	at com.bridgelab.junituservalidation.UserValidation.enterFirstName(UserValidation.java:45)
	at com.bridgelab.junituservalidation.UserValidation.enterFirstName(UserValidation.java:45)
	at com.bridgelab.junituservalidation.UserValidation.enterFirstName(UserValidation.java:45)
	at com.bridgelab.junituservalidation.UserValidation.enterFirstName(UserValidation.java:45)
	at com.bridgelab.junituservalidation.UserValidation.enterFirstName(UserValidation.java:45)
	at com.bridgelab.junituservalidation.UserValidation.enterFirstName(UserValidation.java:45)
	at com.bridgelab.junituservalidation.UserValidation.enterFirstName(UserValidation.java:45)
	at com.bridgelab.junituservalidation.UserValidation.enterFirstName(UserValidation.java:45)
	at com.bridgelab.junituservalidation.UserValidation.enterFirstName(UserValidation.java:45)
	at com.bridgelab.junituservalidation.UserValidation.enterFirstName(UserValidation.java:45)
	at com.bridgelab.junituservalidation.UserValidation.enterFirstName(UserValidation.java:45)
	at com.bridgelab.junituservalidation.UserValidation.enterFirstName(UserValidation.java:45)
	at com.bridgelab.junituservalidation.UserValidation.enterFirstName(UserValidation.java:45)
	at com.bridgelab.junituservalidation.UserValidation.enterFirstName(UserValidation.java:45)
	at com.bridgelab.junituservalidation.UserValidation.enterFirstName(UserValidation.java:45)
	at com.bridgelab.junituservalidation.UserValidation.enterFirstName(UserValidation.java:45)
	at com.bridgelab.junituservalidation.UserValidation.enterFirstName(UserValidation.java:45)
	at com.bridgelab.junituservalidation.UserValidation.enterFirstName(UserValidation.java:45)
	at com.bridgelab.junituservalidation.UserValidation.enterFirstName(UserValidation.java:45)
	at com.bridgelab.junituservalidation.UserValidation.enterFirstName(UserValidation.java:45)
	at com.bridgelab.junituservalidation.UserValidation.enterFirstName(UserValidation.java:45)
	at com.bridgelab.junituservalidation.UserValidation.enterFirstName(UserValidation.java:45)
	at com.bridgelab.junituservalidation.UserValidation.enterFirstName(UserValidation.java:45)
	at com.bridgelab.junituservalidation.UserValidation.enterFirstName(UserValidation.java:45)
	at com.bridgelab.junituservalidation.UserValidation.enterFirstName(UserValidation.java:45)
	at com.bridgelab.junituservalidation.UserValidation.enterFirstName(UserValidation.java:45)
	at com.bridgelab.junituservalidation.UserValidation.enterFirstName(UserValidation.java:45)
	at com.bridgelab.junituservalidation.UserValidation.enterFirstName(UserValidation.java:45)
	at com.bridgelab.junituservalidation.UserValidation.enterFirstName(UserValidation.java:45)
	at com.bridgelab.junituservalidation.UserValidation.enterFirstName(UserValidation.java:45)
	at com.bridgelab.junituservalidation.UserValidation.enterFirstName(UserValidation.java:45)
	at com.bridgelab.junituservalidation.UserValidation.enterFirstName(UserValidation.java:45)
	at com.bridgelab.junituservalidation.UserValidation.enterFirstName(UserValidation.java:45)
	at com.bridgelab.junituservalidation.UserValidation.enterFirstName(UserValidation.java:45)
	at com.bridgelab.junituservalidation.UserValidation.enterFirstName(UserValidation.java:45)
	at com.bridgelab.junituservalidation.UserValidation.enterFirstName(UserValidation.java:45)
	at com.bridgelab.junituservalidation.UserValidation.enterFirstName(UserValidation.java:45)
	at com.bridgelab.junituservalidation.UserValidation.enterFirstName(UserValidation.java:45)
	at com.bridgelab.junituservalidation.UserValidation.enterFirstName(UserValidation.java:45)
	at com.bridgelab.junituservalidation.UserValidation.enterFirstName(UserValidation.java:45)
	at com.bridgelab.junituservalidation.UserValidation.enterFirstName(UserValidation.java:45)
	at com.bridgelab.junituservalidation.UserValidation.enterFirstName(UserValidation.java:45)
	at com.bridgelab.junituservalidation.UserValidation.enterFirstName(UserValidation.java:45)
	at com.bridgelab.junituservalidation.UserValidation.enterFirstName(UserValidation.java:45)
	at com.bridgelab.junituservalidation.UserValidation.enterFirstName(UserValidation.java:45)
	at com.bridgelab.junituservalidation.UserValidation.enterFirstName(UserValidation.java:45)
	at com.bridgelab.junituservalidation.UserValidation.enterFirstName(UserValidation.java:45)
	at com.bridgelab.junituservalidation.UserValidation.enterFirstName(UserValidation.java:45)
	at com.bridgelab.junituservalidation.UserValidation.enterFirstName(UserValidation.java:45)
	at com.bridgelab.junituservalidation.UserValidation.enterFirstName(UserValidation.java:45)
	at com.bridgelab.junituservalidation.UserValidation.enterFirstName(UserValidation.java:45)
	at com.bridgelab.junituservalidation.UserValidation.enterFirstName(UserValidation.java:45)
	at com.bridgelab.junituservalidation.UserValidation.enterFirstName(UserValidation.java:45)
	at com.bridgelab.junituservalidation.UserValidation.enterFirstName(UserValidation.java:45)
	at com.bridgelab.junituservalidation.UserValidation.enterFirstName(UserValidation.java:45)
	at com.bridgelab.junituservalidation.UserValidation.enterFirstName(UserValidation.java:45)
	at com.bridgelab.junituservalidation.UserValidation.enterFirstName(UserValidation.java:45)
	at com.bridgelab.junituservalidation.UserValidation.enterFirstName(UserValidation.java:45)
	at com.bridgelab.junituservalidation.UserValidation.enterFirstName(UserValidation.java:45)
	at com.bridgelab.junituservalidation.UserValidation.enterFirstName(UserValidation.java:45)
	at com.bridgelab.junituservalidation.UserValidation.enterFirstName(UserValidation.java:45)
	at com.bridgelab.junituservalidation.UserValidation.enterFirstName(UserValidation.java:45)
	at com.bridgelab.junituservalidation.UserValidation.enterFirstName(UserValidation.java:45)
	at com.bridgelab.junituservalidation.UserValidation.enterFirstName(UserValidation.java:45)
	at com.bridgelab.junituservalidation.UserValidation.enterFirstName(UserValidation.java:45)
	at com.bridgelab.junituservalidation.UserValidation.enterFirstName(UserValidation.java:45)
	at com.bridgelab.junituservalidation.UserValidation.enterFirstName(UserValidation.java:45)
	at com.bridgelab.junituservalidation.UserValidation.enterFirstName(UserValidation.java:45)
	at com.bridgelab.junituservalidation.UserValidation.enterFirstName(UserValidation.java:45)
	at com.bridgelab.junituservalidation.UserValidation.enterFirstName(UserValidation.java:45)
	at com.bridgelab.junituservalidation.UserValidation.enterFirstName(UserValidation.java:45)
	at com.bridgelab.junituservalidation.UserValidation.enterFirstName(UserValidation.java:45)
	at com.bridgelab.junituservalidation.UserValidation.enterFirstName(UserValidation.java:45)
	at com.bridgelab.junituservalidation.UserValidation.enterFirstName(UserValidation.java:45)
	at com.bridgelab.junituservalidation.UserValidation.enterFirstName(UserValidation.java:45)
	at com.bridgelab.junituservalidation.UserValidation.enterFirstName(UserValidation.java:45)
	at com.bridgelab.junituservalidation.UserValidation.enterFirstName(UserValidation.java:45)
	at com.bridgelab.junituservalidation.UserValidation.enterFirstName(UserValidation.java:45)
	at com.bridgelab.junituservalidation.UserValidation.enterFirstName(UserValidation.java:45)
	at com.bridgelab.junituservalidation.UserValidation.enterFirstName(UserValidation.java:45)
	at com.bridgelab.junituservalidation.UserValidation.enterFirstName(UserValidation.java:45)
	at com.bridgelab.junituservalidation.UserValidation.enterFirstName(UserValidation.java:45)
	at com.bridgelab.junituservalidation.UserValidation.enterFirstName(UserValidation.java:45)
	at com.bridgelab.junituservalidation.UserValidation.enterFirstName(UserValidation.java:45)
	at com.bridgelab.junituservalidation.UserValidation.enterFirstName(UserValidation.java:45)
	at com.bridgelab.junituservalidation.UserValidation.enterFirstName(UserValidation.java:45)
	at com.bridgelab.junituservalidation.UserValidation.enterFirstName(UserValidation.java:45)
	at com.bridgelab.junituservalidation.UserValidation.enterFirstName(UserValidation.java:45)
	at com.bridgelab.junituservalidation.UserValidation.enterFirstName(UserValidation.java:45)
	at com.bridgelab.junituservalidation.UserValidation.enterFirstName(UserValidation.java:45)
	at com.bridgelab.junituservalidation.UserValidation.enterFirstName(UserValidation.java:45)
	at com.bridgelab.junituservalidation.UserValidation.enterFirstName(UserValidation.java:45)
	at com.bridgelab.junituservalidation.UserValidation.enterFirstName(UserValidation.java:45)
	at com.bridgelab.junituservalidation.UserValidation.enterFirstName(UserValidation.java:45)
	at com.bridgelab.junituservalidation.UserValidation.enterFirstName(UserValidation.java:45)
	at com.bridgelab.junituservalidation.UserValidation.enterFirstName(UserValidation.java:45)
	at com.bridgelab.junituservalidation.UserValidation.enterFirstName(UserValidation.java:45)
	at com.bridgelab.junituservalidation.UserValidation.enterFirstName(UserValidation.java:45)
	at com.bridgelab.junituservalidation.UserValidation.enterFirstName(UserValidation.java:45)
	at com.bridgelab.junituservalidation.UserValidation.enterFirstName(UserValidation.java:45)
	at com.bridgelab.junituservalidation.UserValidation.enterFirstName(UserValidation.java:45)
	at com.bridgelab.junituservalidation.UserValidation.enterFirstName(UserValidation.java:45)
	at com.bridgelab.junituservalidation.UserValidation.enterFirstName(UserValidation.java:45)
	at com.bridgelab.junituservalidation.UserValidation.enterFirstName(UserValidation.java:45)
	at com.bridgelab.junituservalidation.UserValidation.enterFirstName(UserValidation.java:45)
	at com.bridgelab.junituservalidation.UserValidation.enterFirstName(UserValidation.java:45)
	at com.bridgelab.junituservalidation.UserValidation.enterFirstName(UserValidation.java:45)
	at com.bridgelab.junituservalidation.UserValidation.enterFirstName(UserValidation.java:45)
	at com.bridgelab.junituservalidation.UserValidation.enterFirstName(UserValidation.java:45)
	at com.bridgelab.junituservalidation.UserValidation.enterFirstName(UserValidation.java:45)
	at com.bridgelab.junituservalidation.UserValidation.enterFirstName(UserValidation.java:45)
	at com.bridgelab.junituservalidation.UserValidation.enterFirstName(UserValidation.java:45)
	at com.bridgelab.junituservalidation.UserValidation.enterFirstName(UserValidation.java:45)
	at com.bridgelab.junituservalidation.UserValidation.enterFirstName(UserValidation.java:45)
	at com.bridgelab.junituservalidation.UserValidation.enterFirstName(UserValidation.java:45)
	at com.bridgelab.junituservalidation.UserValidation.enterFirstName(UserValidation.java:45)
	at com.bridgelab.junituservalidation.UserValidation.enterFirstName(UserValidation.java:45)
	at com.bridgelab.junituservalidation.UserValidation.enterFirstName(UserValidation.java:45)
	at com.bridgelab.junituservalidation.UserValidation.enterFirstName(UserValidation.java:45)
	at com.bridgelab.junituservalidation.UserValidation.enterFirstName(UserValidation.java:45)
	at com.bridgelab.junituservalidation.UserValidation.enterFirstName(UserValidation.java:45)
	at com.bridgelab.junituservalidation.UserValidation.enterFirstName(UserValidation.java:45)
	at com.bridgelab.junituservalidation.UserValidation.enterFirstName(UserValidation.java:45)
	at com.bridgelab.junituservalidation.UserValidation.enterFirstName(UserValidation.java:45)
	at com.bridgelab.junituservalidation.UserValidation.enterFirstName(UserValidation.java:45)
	at com.bridgelab.junituservalidation.UserValidation.enterFirstName(UserValidation.java:45)
	at com.bridgelab.junituservalidation.UserValidation.enterFirstName(UserValidation.java:45)
	at com.bridgelab.junituservalidation.UserValidation.enterFirstName(UserValidation.java:45)
	at com.bridgelab.junituservalidation.UserValidation.enterFirstName(UserValidation.java:45)
	at com.bridgelab.junituservalidation.UserValidation.enterFirstName(UserValidation.java:45)
	at com.bridgelab.junituservalidation.UserValidation.enterFirstName(UserValidation.java:45)
	at com.bridgelab.junituservalidation.UserValidation.enterFirstName(UserValidation.java:45)
	at com.bridgelab.junituservalidation.UserValidation.enterFirstName(UserValidation.java:45)
	at com.bridgelab.junituservalidation.UserValidation.enterFirstName(UserValidation.java:45)
	at com.bridgelab.junituservalidation.UserValidation.enterFirstName(UserValidation.java:45)
	at com.bridgelab.junituservalidation.UserValidation.enterFirstName(UserValidation.java:45)
	at com.bridgelab.junituservalidation.UserValidation.enterFirstName(UserValidation.java:45)
	at com.bridgelab.junituservalidation.UserValidation.enterFirstName(UserValidation.java:45)
	at com.bridgelab.junituservalidation.UserValidation.enterFirstName(UserValidation.java:45)
	at com.bridgelab.junituservalidation.UserValidation.enterFirstName(UserValidation.java:45)
	at com.bridgelab.junituservalidation.UserValidation.enterFirstName(UserValidation.java:45)
	at com.bridgelab.junituservalidation.UserValidation.enterFirstName(UserValidation.java:45)
	at com.bridgelab.junituservalidation.UserValidation.enterFirstName(UserValidation.java:45)
	at com.bridgelab.junituservalidation.UserValidation.enterFirstName(UserValidation.java:45)
	at com.bridgelab.junituservalidation.UserValidation.enterFirstName(UserValidation.java:45)
	at com.bridgelab.junituservalidation.UserValidation.enterFirstName(UserValidation.java:45)
	at com.bridgelab.junituservalidation.UserValidation.enterFirstName(UserValidation.java:45)
	at com.bridgelab.junituservalidation.UserValidation.enterFirstName(UserValidation.java:45)
	at com.bridgelab.junituservalidation.UserValidation.enterFirstName(UserValidation.java:45)
	at com.bridgelab.junituservalidation.UserValidation.enterFirstName(UserValidation.java:45)
	at com.bridgelab.junituservalidation.UserValidation.enterFirstName(UserValidation.java:45)
	at com.bridgelab.junituservalidation.UserValidation.enterFirstName(UserValidation.java:45)
	at com.bridgelab.junituservalidation.UserValidation.enterFirstName(UserValidation.java:45)
	at com.bridgelab.junituservalidation.UserValidation.enterFirstName(UserValidation.java:45)
	at com.bridgelab.junituservalidation.UserValidation.enterFirstName(UserValidation.java:45)
	at com.bridgelab.junituservalidation.UserValidation.enterFirstName(UserValidation.java:45)
	at com.bridgelab.junituservalidation.UserValidation.enterFirstName(UserValidation.java:45)
	at com.bridgelab.junituservalidation.UserValidation.enterFirstName(UserValidation.java:45)
	at com.bridgelab.junituservalidation.UserValidation.enterFirstName(UserValidation.java:45)
	at com.bridgelab.junituservalidation.UserValidation.enterFirstName(UserValidation.java:45)
	at com.bridgelab.junituservalidation.UserValidation.enterFirstName(UserValidation.java:45)
	at com.bridgelab.junituservalidation.UserValidation.enterFirstName(UserValidation.java:45)
	at com.bridgelab.junituservalidation.UserValidation.enterFirstName(UserValidation.java:45)
	at com.bridgelab.junituservalidation.UserValidation.enterFirstName(UserValidation.java:45)
	at com.bridgelab.junituservalidation.UserValidation.enterFirstName(UserValidation.java:45)
	at com.bridgelab.junituservalidation.UserValidation.enterFirstName(UserValidation.java:45)
	at com.bridgelab.junituservalidation.UserValidation.enterFirstName(UserValidation.java:45)
	at com.bridgelab.junituservalidation.UserValidation.enterFirstName(UserValidation.java:45)
	at com.bridgelab.junituservalidation.UserValidation.enterFirstName(UserValidation.java:45)
	at com.bridgelab.junituservalidation.UserValidation.enterFirstName(UserValidation.java:45)
	at com.bridgelab.junituservalidation.UserValidation.enterFirstName(UserValidation.java:45)
	at com.bridgelab.junituservalidation.UserValidation.enterFirstName(UserValidation.java:45)
	at com.bridgelab.junituservalidation.UserValidation.enterFirstName(UserValidation.java:45)
	at com.bridgelab.junituservalidation.UserValidation.enterFirstName(UserValidation.java:45)
	at com.bridgelab.junituservalidation.UserValidation.enterFirstName(UserValidation.java:45)
	at com.bridgelab.junituservalidation.UserValidation.enterFirstName(UserValidation.java:45)
	at com.bridgelab.junituservalidation.UserValidation.enterFirstName(UserValidation.java:45)
	at com.bridgelab.junituservalidation.UserValidation.enterFirstName(UserValidation.java:45)
	at com.bridgelab.junituservalidation.UserValidation.enterFirstName(UserValidation.java:45)
	at com.bridgelab.junituservalidation.UserValidation.enterFirstName(UserValidation.java:45)
	at com.bridgelab.junituservalidation.UserValidation.enterFirstName(UserValidation.java:45)
	at com.bridgelab.junituservalidation.UserValidation.enterFirstName(UserValidation.java:45)
	at com.bridgelab.junituservalidation.UserValidation.enterFirstName(UserValidation.java:45)
	at com.bridgelab.junituservalidation.UserValidation.enterFirstName(UserValidation.java:45)
	at com.bridgelab.junituservalidation.UserValidation.enterFirstName(UserValidation.java:45)
	at com.bridgelab.junituservalidation.UserValidation.enterFirstName(UserValidation.java:45)
	at com.bridgelab.junituservalidation.UserValidation.enterFirstName(UserValidation.java:45)
	at com.bridgelab.junituservalidation.UserValidation.enterFirstName(UserValidation.java:45)
	at com.bridgelab.junituservalidation.UserValidation.enterFirstName(UserValidation.java:45)
	at com.bridgelab.junituservalidation.UserValidation.enterFirstName(UserValidation.java:45)
	at com.bridgelab.junituservalidation.UserValidation.enterFirstName(UserValidation.java:45)
	at com.bridgelab.junituservalidation.UserValidation.enterFirstName(UserValidation.java:45)
	at com.bridgelab.junituservalidation.UserValidation.enterFirstName(UserValidation.java:45)
	at com.bridgelab.junituservalidation.UserValidation.enterFirstName(UserValidation.java:45)
	at com.bridgelab.junituservalidation.UserValidation.enterFirstName(UserValidation.java:45)
	at com.bridgelab.junituservalidation.UserValidation.enterFirstName(UserValidation.java:45)
	at com.bridgelab.junituservalidation.UserValidation.enterFirstName(UserValidation.java:45)
	at com.bridgelab.junituservalidation.UserValidation.enterFirstName(UserValidation.java:45)
	at com.bridgelab.junituservalidation.UserValidation.enterFirstName(UserValidation.java:45)
	at com.bridgelab.junituservalidation.UserValidation.enterFirstName(UserValidation.java:45)
	at com.bridgelab.junituservalidation.UserValidation.enterFirstName(UserValidation.java:45)
	at com.bridgelab.junituservalidation.UserValidation.enterFirstName(UserValidation.java:45)
	at com.bridgelab.junituservalidation.UserValidation.enterFirstName(UserValidation.java:45)
	at com.bridgelab.junituservalidation.UserValidation.enterFirstName(UserValidation.java:45)
	at com.bridgelab.junituservalidation.UserValidation.enterFirstName(UserValidation.java:45)
	at com.bridgelab.junituservalidation.UserValidation.enterFirstName(UserValidation.java:45)
	at com.bridgelab.junituservalidation.UserValidation.enterFirstName(UserValidation.java:45)
	at com.bridgelab.junituservalidation.UserValidation.enterFirstName(UserValidation.java:45)
	at com.bridgelab.junituservalidation.UserValidation.enterFirstName(UserValidation.java:45)
	at com.bridgelab.junituservalidation.UserValidation.enterFirstName(UserValidation.java:45)
	at com.bridgelab.junituservalidation.UserValidation.enterFirstName(UserValidation.java:45)
	at com.bridgelab.junituservalidation.UserValidation.enterFirstName(UserValidation.java:45)
	at com.bridgelab.junituservalidation.UserValidation.enterFirstName(UserValidation.java:45)
	at com.bridgelab.junituservalidation.UserValidation.enterFirstName(UserValidation.java:45)
	at com.bridgelab.junituservalidation.UserValidation.enterFirstName(UserValidation.java:45)
	at com.bridgelab.junituservalidation.UserValidation.enterFirstName(UserValidation.java:45)
	at com.bridgelab.junituservalidation.UserValidation.enterFirstName(UserValidation.java:45)
	at com.bridgelab.junituservalidation.UserValidation.enterFirstName(UserValidation.java:45)
	at com.bridgelab.junituservalidation.UserValidation.enterFirstName(UserValidation.java:45)
	at com.bridgelab.junituservalidation.UserValidation.enterFirstName(UserValidation.java:45)
	at com.bridgelab.junituservalidation.UserValidation.enterFirstName(UserValidation.java:45)
	at com.bridgelab.junituservalidation.UserValidation.enterFirstName(UserValidation.java:45)
	at com.bridgelab.junituservalidation.UserValidation.enterFirstName(UserValidation.java:45)
	at com.bridgelab.junituservalidation.UserValidation.enterFirstName(UserValidation.java:45)
	at com.bridgelab.junituservalidation.UserValidation.enterFirstName(UserValidation.java:45)
	at com.bridgelab.junituservalidation.UserValidation.enterFirstName(UserValidation.java:45)
	at com.bridgelab.junituservalidation.UserValidation.enterFirstName(UserValidation.java:45)
	at com.bridgelab.junituservalidation.UserValidation.enterFirstName(UserValidation.java:45)
	at com.bridgelab.junituservalidation.UserValidation.enterFirstName(UserValidation.java:45)
	at com.bridgelab.junituservalidation.UserValidation.enterFirstName(UserValidation.java:45)
	at com.bridgelab.junituservalidation.UserValidation.enterFirstName(UserValidation.java:45)
	at com.bridgelab.junituservalidation.UserValidation.enterFirstName(UserValidation.java:45)
	at com.bridgelab.junituservalidation.UserValidation.enterFirstName(UserValidation.java:45)
	at com.bridgelab.junituservalidation.UserValidation.enterFirstName(UserValidation.java:45)
	at com.bridgelab.junituservalidation.UserValidation.enterFirstName(UserValidation.java:45)
	at com.bridgelab.junituservalidation.UserValidation.enterFirstName(UserValidation.java:45)
	at com.bridgelab.junituservalidation.UserValidation.enterFirstName(UserValidation.java:45)
	at com.bridgelab.junituservalidation.UserValidation.enterFirstName(UserValidation.java:45)
	at com.bridgelab.junituservalidation.UserValidation.enterFirstName(UserValidation.java:45)
	at com.bridgelab.junituservalidation.UserValidation.enterFirstName(UserValidation.java:45)
	at com.bridgelab.junituservalidation.UserValidation.enterFirstName(UserValidation.java:45)
	at com.bridgelab.junituservalidation.UserValidation.enterFirstName(UserValidation.java:45)
	at com.bridgelab.junituservalidation.UserValidation.enterFirstName(UserValidation.java:45)
	at com.bridgelab.junituservalidation.UserValidation.enterFirstName(UserValidation.java:45)
	at com.bridgelab.junituservalidation.UserValidation.enterFirstName(UserValidation.java:45)
	at com.bridgelab.junituservalidation.UserValidation.enterFirstName(UserValidation.java:45)
	at com.bridgelab.junituservalidation.UserValidation.enterFirstName(UserValidation.java:45)
	at com.bridgelab.junituservalidation.UserValidation.enterFirstName(UserValidation.java:45)
	at com.bridgelab.junituservalidation.UserValidation.enterFirstName(UserValidation.java:45)
	at com.bridgelab.junituservalidation.UserValidation.enterFirstName(UserValidation.java:45)
	at com.bridgelab.junituservalidation.UserValidation.enterFirstName(UserValidation.java:45)
	at com.bridgelab.junituservalidation.UserValidation.enterFirstName(UserValidation.java:45)
	at com.bridgelab.junituservalidation.UserValidation.enterFirstName(UserValidation.java:45)
	at com.bridgelab.junituservalidation.UserValidation.enterFirstName(UserValidation.java:45)
	at com.bridgelab.junituservalidation.UserValidation.enterFirstName(UserValidation.java:45)
	at com.bridgelab.junituservalidation.UserValidation.enterFirstName(UserValidation.java:45)
	at com.bridgelab.junituservalidation.UserValidation.enterFirstName(UserValidation.java:45)
	at com.bridgelab.junituservalidation.UserValidation.enterFirstName(UserValidation.java:45)
	at com.bridgelab.junituservalidation.UserValidation.enterFirstName(UserValidation.java:45)
	at com.bridgelab.junituservalidation.UserValidation.enterFirstName(UserValidation.java:45)
	at com.bridgelab.junituservalidation.UserValidation.enterFirstName(UserValidation.java:45)
	at com.bridgelab.junituservalidation.UserValidation.enterFirstName(UserValidation.java:45)
	at com.bridgelab.junituservalidation.UserValidation.enterFirstName(UserValidation.java:45)
	at com.bridgelab.junituservalidation.UserValidation.enterFirstName(UserValidation.java:45)
	at com.bridgelab.junituservalidation.UserValidation.enterFirstName(UserValidation.java:45)
	at com.bridgelab.junituservalidation.UserValidation.enterFirstName(UserValidation.java:45)
	at com.bridgelab.junituservalidation.UserValidation.enterFirstName(UserValidation.java:45)
	at com.bridgelab.junituservalidation.UserValidation.enterFirstName(UserValidation.java:45)
	at com.bridgelab.junituservalidation.UserValidation.enterFirstName(UserValidation.java:45)
	at com.bridgelab.junituservalidation.UserValidation.enterFirstName(UserValidation.java:45)
	at com.bridgelab.junituservalidation.UserValidation.enterFirstName(UserValidation.java:45)
	at com.bridgelab.junituservalidation.UserValidation.enterFirstName(UserValidation.java:45)
	at com.bridgelab.junituservalidation.UserValidation.enterFirstName(UserValidation.java:45)
	at com.bridgelab.junituservalidation.UserValidation.enterFirstName(UserValidation.java:45)
	at com.bridgelab.junituservalidation.UserValidation.enterFirstName(UserValidation.java:45)
	at com.bridgelab.junituservalidation.UserValidation.enterFirstName(UserValidation.java:45)
	at com.bridgelab.junituservalidation.UserValidation.enterFirstName(UserValidation.java:45)
	at com.bridgelab.junituservalidation.UserValidation.enterFirstName(UserValidation.java:45)
	at com.bridgelab.junituservalidation.UserValidation.enterFirstName(UserValidation.java:45)
	at com.bridgelab.junituservalidation.UserValidation.enterFirstName(UserValidation.java:45)
	at com.bridgelab.junituservalidation.UserValidation.enterFirstName(UserValidation.java:45)
	at com.bridgelab.junituservalidation.UserValidation.enterFirstName(UserValidation.java:45)
	at com.bridgelab.junituservalidation.UserValidation.enterFirstName(UserValidation.java:45)
	at com.bridgelab.junituservalidation.UserValidation.enterFirstName(UserValidation.java:45)
	at com.bridgelab.junituservalidation.UserValidation.enterFirstName(UserValidation.java:45)
	at com.bridgelab.junituservalidation.UserValidation.enterFirstName(UserValidation.java:45)
	at com.bridgelab.junituservalidation.UserValidation.enterFirstName(UserValidation.java:45)
	at com.bridgelab.junituservalidation.UserValidation.enterFirstName(UserValidation.java:45)
	at com.bridgelab.junituservalidation.UserValidation.enterFirstName(UserValidation.java:45)
	at com.bridgelab.junituservalidation.UserValidation.enterFirstName(UserValidation.java:45)
	at com.bridgelab.junituservalidation.UserValidation.enterFirstName(UserValidation.java:45)
	at com.bridgelab.junituservalidation.UserValidation.enterFirstName(UserValidation.java:45)
	at com.bridgelab.junituservalidation.UserValidation.enterFirstName(UserValidation.java:45)
	at com.bridgelab.junituservalidation.UserValidation.enterFirstName(UserValidation.java:45)
	at com.bridgelab.junituservalidation.UserValidation.enterFirstName(UserValidation.java:45)
	at com.bridgelab.junituservalidation.UserValidation.enterFirstName(UserValidation.java:45)
	at com.bridgelab.junituservalidation.UserValidation.enterFirstName(UserValidation.java:45)
	at com.bridgelab.junituservalidation.UserValidation.enterFirstName(UserValidation.java:45)
	at com.bridgelab.junituservalidation.UserValidation.enterFirstName(UserValidation.java:45)
	at com.bridgelab.junituservalidation.UserValidation.enterFirstName(UserValidation.java:45)
	at com.bridgelab.junituservalidation.UserValidation.enterFirstName(UserValidation.java:45)
	at com.bridgelab.junituservalidation.UserValidation.enterFirstName(UserValidation.java:45)
	at com.bridgelab.junituservalidation.UserValidation.enterFirstName(UserValidation.java:45)
	at com.bridgelab.junituservalidation.UserValidation.enterFirstName(UserValidation.java:45)
	at com.bridgelab.junituservalidation.UserValidation.enterFirstName(UserValidation.java:45)
	at com.bridgelab.junituservalidation.UserValidation.enterFirstName(UserValidation.java:45)
	at com.bridgelab.junituservalidation.UserValidation.enterFirstName(UserValidation.java:45)
	at com.bridgelab.junituservalidation.UserValidation.enterFirstName(UserValidation.java:45)
	at com.bridgelab.junituservalidation.UserValidation.enterFirstName(UserValidation.java:45)
	at com.bridgelab.junituservalidation.UserValidation.enterFirstName(UserValidation.java:45)
	at com.bridgelab.junituservalidation.UserValidation.enterFirstName(UserValidation.java:45)
	at com.bridgelab.junituservalidation.UserValidation.enterFirstName(UserValidation.java:45)
	at com.bridgelab.junituservalidation.UserValidation.enterFirstName(UserValidation.java:45)
	at com.bridgelab.junituservalidation.UserValidation.enterFirstName(UserValidation.java:45)
	at com.bridgelab.junituservalidation.UserValidation.enterFirstName(UserValidation.java:45)
	at com.bridgelab.junituservalidation.UserValidation.enterFirstName(UserValidation.java:45)
	at com.bridgelab.junituservalidation.UserValidation.enterFirstName(UserValidation.java:45)
	at com.bridgelab.junituservalidation.UserValidation.enterFirstName(UserValidation.java:45)
	at com.bridgelab.junituservalidation.UserValidation.enterFirstName(UserValidation.java:45)
	at com.bridgelab.junituservalidation.UserValidation.enterFirstName(UserValidation.java:45)
	at com.bridgelab.junituservalidation.UserValidation.enterFirstName(UserValidation.java:45)
	at com.bridgelab.junituservalidation.UserValidation.enterFirstName(UserValidation.java:45)
	at com.bridgelab.junituservalidation.UserValidation.enterFirstName(UserValidation.java:45)
	at com.bridgelab.junituservalidation.UserValidation.enterFirstName(UserValidation.java:45)
	at com.bridgelab.junituservalidation.UserValidation.enterFirstName(UserValidation.java:45)
	at com.bridgelab.junituservalidation.UserValidation.enterFirstName(UserValidation.java:45)
	at com.bridgelab.junituservalidation.UserValidation.enterFirstName(UserValidation.java:45)
	at com.bridgelab.junituservalidation.UserValidation.enterFirstName(UserValidation.java:45)
	at com.bridgelab.junituservalidation.UserValidation.enterFirstName(UserValidation.java:45)
	at com.bridgelab.junituservalidation.UserValidation.enterFirstName(UserValidation.java:45)
	at com.bridgelab.junituservalidation.UserValidation.enterFirstName(UserValidation.java:45)
	at com.bridgelab.junituservalidation.UserValidation.enterFirstName(UserValidation.java:45)
	at com.bridgelab.junituservalidation.UserValidation.enterFirstName(UserValidation.java:45)
	at com.bridgelab.junituservalidation.UserValidation.enterFirstName(UserValidation.java:45)
	at com.bridgelab.junituservalidation.UserValidation.enterFirstName(UserValidation.java:45)
	at com.bridgelab.junituservalidation.UserValidation.enterFirstName(UserValidation.java:45)
	at com.bridgelab.junituservalidation.UserValidation.enterFirstName(UserValidation.java:45)
	at com.bridgelab.junituservalidation.UserValidation.enterFirstName(UserValidation.java:45)
	at com.bridgelab.junituservalidation.UserValidation.enterFirstName(UserValidation.java:45)
	at com.bridgelab.junituservalidation.UserValidation.enterFirstName(UserValidation.java:45)
	at com.bridgelab.junituservalidation.UserValidation.enterFirstName(UserValidation.java:45)
	at com.bridgelab.junituservalidation.UserValidation.enterFirstName(UserValidation.java:45)
	at com.bridgelab.junituservalidation.UserValidation.enterFirstName(UserValidation.java:45)
	at com.bridgelab.junituservalidation.UserValidation.enterFirstName(UserValidation.java:45)
	at com.bridgelab.junituservalidation.UserValidation.enterFirstName(UserValidation.java:45)
	at com.bridgelab.junituservalidation.UserValidation.enterFirstName(UserValidation.java:45)
	at com.bridgelab.junituservalidation.UserValidation.enterFirstName(UserValidation.java:45)
	at com.bridgelab.junituservalidation.UserValidation.enterFirstName(UserValidation.java:45)
	at com.bridgelab.junituservalidation.UserValidation.enterFirstName(UserValidation.java:45)
	at com.bridgelab.junituservalidation.UserValidation.enterFirstName(UserValidation.java:45)
	at com.bridgelab.junituservalidation.UserValidation.enterFirstName(UserValidation.java:45)
	at com.bridgelab.junituservalidation.UserValidation.enterFirstName(UserValidation.java:45)
	at com.bridgelab.junituservalidation.UserValidation.enterFirstName(UserValidation.java:45)
	at com.bridgelab.junituservalidation.UserValidation.enterFirstName(UserValidation.java:45)
	at com.bridgelab.junituservalidation.UserValidation.enterFirstName(UserValidation.java:45)
	at com.bridgelab.junituservalidation.UserValidation.enterFirstName(UserValidation.java:45)
	at com.bridgelab.junituservalidation.UserValidation.enterFirstName(UserValidation.java:45)
	at com.bridgelab.junituservalidation.UserValidation.enterFirstName(UserValidation.java:45)
	at com.bridgelab.junituservalidation.UserValidation.enterFirstName(UserValidation.java:45)
	at com.bridgelab.junituservalidation.UserValidation.enterFirstName(UserValidation.java:45)
	at com.bridgelab.junituservalidation.UserValidation.enterFirstName(UserValidation.java:45)
	at com.bridgelab.junituservalidation.UserValidation.enterFirstName(UserValidation.java:45)
	at com.bridgelab.junituservalidation.UserValidation.enterFirstName(UserValidation.java:45)
	at com.bridgelab.junituservalidation.UserValidation.enterFirstName(UserValidation.java:45)
	at com.bridgelab.junituservalidation.UserValidation.enterFirstName(UserValidation.java:45)
	at com.bridgelab.junituservalidation.UserValidation.enterFirstName(UserValidation.java:45)
	at com.bridgelab.junituservalidation.UserValidation.enterFirstName(UserValidation.java:45)
	at com.bridgelab.junituservalidation.UserValidation.enterFirstName(UserValidation.java:45)
	at com.bridgelab.junituservalidation.UserValidation.enterFirstName(UserValidation.java:45)
	at com.bridgelab.junituservalidation.UserValidation.enterFirstName(UserValidation.java:45)
	at com.bridgelab.junituservalidation.UserValidation.enterFirstName(UserValidation.java:45)
	at com.bridgelab.junituservalidation.UserValidation.enterFirstName(UserValidation.java:45)
	at com.bridgelab.junituservalidation.UserValidation.enterFirstName(UserValidation.java:45)
	at com.bridgelab.junituservalidation.UserValidation.enterFirstName(UserValidation.java:45)
	at com.bridgelab.junituservalidation.UserValidation.enterFirstName(UserValidation.java:45)
	at com.bridgelab.junituservalidation.UserValidation.enterFirstName(UserValidation.java:45)
	at com.bridgelab.junituservalidation.UserValidation.enterFirstName(UserValidation.java:45)
	at com.bridgelab.junituservalidation.UserValidation.enterFirstName(UserValidation.java:45)
	at com.bridgelab.junituservalidation.UserValidation.enterFirstName(UserValidation.java:45)
	at com.bridgelab.junituservalidation.UserValidation.enterFirstName(UserValidation.java:45)
	at com.bridgelab.junituservalidation.UserValidation.enterFirstName(UserValidation.java:45)
	at com.bridgelab.junituservalidation.UserValidation.enterFirstName(UserValidation.java:45)
	at com.bridgelab.junituservalidation.UserValidation.enterFirstName(UserValidation.java:45)
	at com.bridgelab.junituservalidation.UserValidation.enterFirstName(UserValidation.java:45)
	at com.bridgelab.junituservalidation.UserValidation.enterFirstName(UserValidation.java:45)
	at com.bridgelab.junituservalidation.UserValidation.enterFirstName(UserValidation.java:45)
	at com.bridgelab.junituservalidation.UserValidation.enterFirstName(UserValidation.java:45)
	at com.bridgelab.junituservalidation.UserValidation.enterFirstName(UserValidation.java:45)
	at com.bridgelab.junituservalidation.UserValidation.enterFirstName(UserValidation.java:45)
	at com.bridgelab.junituservalidation.UserValidation.enterFirstName(UserValidation.java:45)
	at com.bridgelab.junituservalidation.UserValidation.enterFirstName(UserValidation.java:45)
	at com.bridgelab.junituservalidation.UserValidation.enterFirstName(UserValidation.java:45)
	at com.bridgelab.junituservalidation.UserValidation.enterFirstName(UserValidation.java:45)
	at com.bridgelab.junituservalidation.UserValidation.enterFirstName(UserValidation.java:45)
	at com.bridgelab.junituservalidation.UserValidation.enterFirstName(UserValidation.java:45)
	at com.bridgelab.junituservalidation.UserValidation.enterFirstName(UserValidation.java:45)
	at com.bridgelab.junituservalidation.UserValidation.enterFirstName(UserValidation.java:45)
	at com.bridgelab.junituservalidation.UserValidation.enterFirstName(UserValidation.java:45)
	at com.bridgelab.junituservalidation.UserValidation.enterFirstName(UserValidation.java:45)
	at com.bridgelab.junituservalidation.UserValidation.enterFirstName(UserValidation.java:45)
	at com.bridgelab.junituservalidation.UserValidation.enterFirstName(UserValidation.java:45)
	at com.bridgelab.junituservalidation.UserValidation.enterFirstName(UserValidation.java:45)
	at com.bridgelab.junituservalidation.UserValidation.enterFirstName(UserValidation.java:45)
	at com.bridgelab.junituservalidation.UserValidation.enterFirstName(UserValidation.java:45)
	at com.bridgelab.junituservalidation.UserValidation.enterFirstName(UserValidation.java:45)
	at com.bridgelab.junituservalidation.UserValidation.enterFirstName(UserValidation.java:45)
	at com.bridgelab.junituservalidation.UserValidation.enterFirstName(UserValidation.java:45)
	at com.bridgelab.junituservalidation.UserValidation.enterFirstName(UserValidation.java:45)
	at com.bridgelab.junituservalidation.UserValidation.enterFirstName(UserValidation.java:45)
	at com.bridgelab.junituservalidation.UserValidation.enterFirstName(UserValidation.java:45)
	at com.bridgelab.junituservalidation.UserValidation.enterFirstName(UserValidation.java:45)
	at com.bridgelab.junituservalidation.UserValidation.enterFirstName(UserValidation.java:45)
	at com.bridgelab.junituservalidation.UserValidation.enterFirstName(UserValidation.java:45)
	at com.bridgelab.junituservalidation.UserValidation.enterFirstName(UserValidation.java:45)
	at com.bridgelab.junituservalidation.UserValidation.enterFirstName(UserValidation.java:45)
	at com.bridgelab.junituservalidation.UserValidation.enterFirstName(UserValidation.java:45)
	at com.bridgelab.junituservalidation.UserValidation.enterFirstName(UserValidation.java:45)
	at com.bridgelab.junituservalidation.UserValidation.enterFirstName(UserValidation.java:45)
	at com.bridgelab.junituservalidation.UserValidation.enterFirstName(UserValidation.java:45)
	at com.bridgelab.junituservalidation.UserValidation.enterFirstName(UserValidation.java:45)
	at com.bridgelab.junituservalidation.UserValidation.enterFirstName(UserValidation.java:45)
	at com.bridgelab.junituservalidation.UserValidation.enterFirstName(UserValidation.java:45)
	at com.bridgelab.junituservalidation.UserValidation.enterFirstName(UserValidation.java:45)
	at com.bridgelab.junituservalidation.UserValidation.enterFirstName(UserValidation.java:45)
	at com.bridgelab.junituservalidation.UserValidation.enterFirstName(UserValidation.java:45)
	at com.bridgelab.junituservalidation.UserValidation.enterFirstName(UserValidation.java:45)
	at com.bridgelab.junituservalidation.UserValidation.enterFirstName(UserValidation.java:45)
	at com.bridgelab.junituservalidation.UserValidation.enterFirstName(UserValidation.java:45)
	at com.bridgelab.junituservalidation.UserValidation.enterFirstName(UserValidation.java:45)
	at com.bridgelab.junituservalidation.UserValidation.enterFirstName(UserValidation.java:45)
	at com.bridgelab.junituservalidation.UserValidation.enterFirstName(UserValidation.java:45)
	at com.bridgelab.junituservalidation.UserValidation.enterFirstName(UserValidation.java:45)
	at com.bridgelab.junituservalidation.UserValidation.enterFirstName(UserValidation.java:45)
	at com.bridgelab.junituservalidation.UserValidation.enterFirstName(UserValidation.java:45)
	at com.bridgelab.junituservalidation.UserValidation.enterFirstName(UserValidation.java:45)
	at com.bridgelab.junituservalidation.UserValidation.enterFirstName(UserValidation.java:45)
	at com.bridgelab.junituservalidation.UserValidation.enterFirstName(UserValidation.java:45)
	at com.bridgelab.junituservalidation.UserValidation.enterFirstName(UserValidation.java:45)
	at com.bridgelab.junituservalidation.UserValidation.enterFirstName(UserValidation.java:45)
	at com.bridgelab.junituservalidation.UserValidation.enterFirstName(UserValidation.java:45)
	at com.bridgelab.junituservalidation.UserValidation.enterFirstName(UserValidation.java:45)
	at com.bridgelab.junituservalidation.UserValidation.enterFirstName(UserValidation.java:45)
	at com.bridgelab.junituservalidation.UserValidation.enterFirstName(UserValidation.java:45)
	at com.bridgelab.junituservalidation.UserValidation.enterFirstName(UserValidation.java:45)
	at com.bridgelab.junituservalidation.UserValidation.enterFirstName(UserValidation.java:45)
	at com.bridgelab.junituservalidation.UserValidation.enterFirstName(UserValidation.java:45)
	at com.bridgelab.junituservalidation.UserValidation.enterFirstName(UserValidation.java:45)
	at com.bridgelab.junituservalidation.UserValidation.enterFirstName(UserValidation.java:45)
	at com.bridgelab.junituservalidation.UserValidation.enterFirstName(UserValidation.java:45)
	at com.bridgelab.junituservalidation.UserValidation.enterFirstName(UserValidation.java:45)
	at com.bridgelab.junituservalidation.UserValidation.enterFirstName(UserValidation.java:45)
	at com.bridgelab.junituservalidation.UserValidation.enterFirstName(UserValidation.java:45)
	at com.bridgelab.junituservalidation.UserValidation.enterFirstName(UserValidation.java:45)
	at com.bridgelab.junituservalidation.UserValidation.enterFirstName(UserValidation.java:45)
	at com.bridgelab.junituservalidation.UserValidation.enterFirstName(UserValidation.java:45)
	at com.bridgelab.junituservalidation.UserValidation.enterFirstName(UserValidation.java:45)
	at com.bridgelab.junituservalidation.UserValidation.enterFirstName(UserValidation.java:45)
	at com.bridgelab.junituservalidation.UserValidation.enterFirstName(UserValidation.java:45)
	at com.bridgelab.junituservalidation.UserValidation.enterFirstName(UserValidation.java:45)
	at com.bridgelab.junituservalidation.UserValidation.enterFirstName(UserValidation.java:45)
	at com.bridgelab.junituservalidation.UserValidation.enterFirstName(UserValidation.java:45)
	at com.bridgelab.junituservalidation.UserValidation.enterFirstName(UserValidation.java:45)
	at com.bridgelab.junituservalidation.UserValidation.enterFirstName(UserValidation.java:45)
	at com.bridgelab.junituservalidation.UserValidation.enterFirstName(UserValidation.java:45)
	at com.bridgelab.junituservalidation.UserValidation.enterFirstName(UserValidation.java:45)
	at com.bridgelab.junituservalidation.UserValidation.enterFirstName(UserValidation.java:45)
	at com.bridgelab.junituservalidation.UserValidation.enterFirstName(UserValidation.java:45)
	at com.bridgelab.junituservalidation.UserValidation.enterFirstName(UserValidation.java:45)
	at com.bridgelab.junituservalidation.UserValidation.enterFirstName(UserValidation.java:45)
	at com.bridgelab.junituservalidation.UserValidation.enterFirstName(UserValidation.java:45)
	at com.bridgelab.junituservalidation.UserValidation.enterFirstName(UserValidation.java:45)
	at com.bridgelab.junituservalidation.UserValidation.enterFirstName(UserValidation.java:45)
	at com.bridgelab.junituservalidation.UserValidation.enterFirstName(UserValidation.java:45)
	at com.bridgelab.junituservalidation.UserValidation.enterFirstName(UserValidation.java:45)
	at com.bridgelab.junituservalidation.UserValidation.enterFirstName(UserValidation.java:45)
	at com.bridgelab.junituservalidation.UserValidation.enterFirstName(UserValidation.java:45)
	at com.bridgelab.junituservalidation.UserValidation.enterFirstName(UserValidation.java:45)
	at com.bridgelab.junituservalidation.UserValidation.enterFirstName(UserValidation.java:45)
	at com.bridgelab.junituservalidation.UserValidation.enterFirstName(UserValidation.java:45)
	at com.bridgelab.junituservalidation.UserValidation.enterFirstName(UserValidation.java:45)
	at com.bridgelab.junituservalidation.UserValidation.enterFirstName(UserValidation.java:45)
	at com.bridgelab.junituservalidation.UserValidation.enterFirstName(UserValidation.java:45)
	at com.bridgelab.junituservalidation.UserValidation.enterFirstName(UserValidation.java:45)
	at com.bridgelab.junituservalidation.UserValidation.enterFirstName(UserValidation.java:45)
	at com.bridgelab.junituservalidation.UserValidation.enterFirstName(UserValidation.java:45)
	at com.bridgelab.junituservalidation.UserValidation.enterFirstName(UserValidation.java:45)
	at com.bridgelab.junituservalidation.UserValidation.enterFirstName(UserValidation.java:45)
	at com.bridgelab.junituservalidation.UserValidation.enterFirstName(UserValidation.java:45)
	at com.bridgelab.junituservalidation.UserValidation.enterFirstName(UserValidation.java:45)
	at com.bridgelab.junituservalidation.UserValidation.enterFirstName(UserValidation.java:45)
	at com.bridgelab.junituservalidation.UserValidation.enterFirstName(UserValidation.java:45)
	at com.bridgelab.junituservalidation.UserValidation.enterFirstName(UserValidation.java:45)
	at com.bridgelab.junituservalidation.UserValidation.enterFirstName(UserValidation.java:45)
	at com.bridgelab.junituservalidation.UserValidation.enterFirstName(UserValidation.java:45)
	at com.bridgelab.junituservalidation.UserValidation.enterFirstName(UserValidation.java:45)
	at com.bridgelab.junituservalidation.UserValidation.enterFirstName(UserValidation.java:45)
	at com.bridgelab.junituservalidation.UserValidation.enterFirstName(UserValidation.java:45)
	at com.bridgelab.junituservalidation.UserValidation.enterFirstName(UserValidation.java:45)
	at com.bridgelab.junituservalidation.UserValidation.enterFirstName(UserValidation.java:45)
	at com.bridgelab.junituservalidation.UserValidation.enterFirstName(UserValidation.java:45)
	at com.bridgelab.junituservalidation.UserValidation.enterFirstName(UserValidation.java:45)
	at com.bridgelab.junituservalidation.UserValidation.enterFirstName(UserValidation.java:45)
	at com.bridgelab.junituservalidation.UserValidation.enterFirstName(UserValidation.java:45)
	at com.bridgelab.junituservalidation.UserValidation.enterFirstName(UserValidation.java:45)
	at com.bridgelab.junituservalidation.UserValidation.enterFirstName(UserValidation.java:45)
	at com.bridgelab.junituservalidation.UserValidation.enterFirstName(UserValidation.java:45)
	at com.bridgelab.junituservalidation.UserValidation.enterFirstName(UserValidation.java:45)
	at com.bridgelab.junituservalidation.UserValidation.enterFirstName(UserValidation.java:45)
	at com.bridgelab.junituservalidation.UserValidation.enterFirstName(UserValidation.java:45)
	at com.bridgelab.junituservalidation.UserValidation.enterFirstName(UserValidation.java:45)
	at com.bridgelab.junituservalidation.UserValidation.enterFirstName(UserValidation.java:45)
	at com.bridgelab.junituservalidation.UserValidation.enterFirstName(UserValidation.java:45)
	at com.bridgelab.junituservalidation.UserValidation.enterFirstName(UserValidation.java:45)
	at com.bridgelab.junituservalidation.UserValidation.enterFirstName(UserValidation.java:45)
	at com.bridgelab.junituservalidation.UserValidation.enterFirstName(UserValidation.java:45)
	at com.bridgelab.junituservalidation.UserValidation.enterFirstName(UserValidation.java:45)
	at com.bridgelab.junituservalidation.UserValidation.enterFirstName(UserValidation.java:45)
	at com.bridgelab.junituservalidation.UserValidation.enterFirstName(UserValidation.java:45)
	at com.bridgelab.junituservalidation.UserValidation.enterFirstName(UserValidation.java:45)
	at com.bridgelab.junituservalidation.UserValidation.enterFirstName(UserValidation.java:45)
	at com.bridgelab.junituservalidation.UserValidation.enterFirstName(UserValidation.java:45)
	at com.bridgelab.junituservalidation.UserValidation.enterFirstName(UserValidation.java:45)
	at com.bridgelab.junituservalidation.UserValidation.enterFirstName(UserValidation.java:45)
	at com.bridgelab.junituservalidation.UserValidation.enterFirstName(UserValidation.java:45)
	at com.bridgelab.junituservalidation.UserValidation.enterFirstName(UserValidation.java:45)
	at com.bridgelab.junituservalidation.UserValidation.enterFirstName(UserValidation.java:45)
	at com.bridgelab.junituservalidation.UserValidation.enterFirstName(UserValidation.java:45)
	at com.bridgelab.junituservalidation.UserValidation.enterFirstName(UserValidation.java:45)
	at com.bridgelab.junituservalidation.UserValidation.enterFirstName(UserValidation.java:45)
	at com.bridgelab.junituservalidation.UserValidation.enterFirstName(UserValidation.java:45)
	at com.bridgelab.junituservalidation.UserValidation.enterFirstName(UserValidation.java:45)
	at com.bridgelab.junituservalidation.UserValidation.enterFirstName(UserValidation.java:45)
	at com.bridgelab.junituservalidation.UserValidation.enterFirstName(UserValidation.java:45)
	at com.bridgelab.junituservalidation.UserValidation.enterFirstName(UserValidation.java:45)
	at com.bridgelab.junituservalidation.UserValidation.enterFirstName(UserValidation.java:45)
	at com.bridgelab.junituservalidation.UserValidation.enterFirstName(UserValidation.java:45)
	at com.bridgelab.junituservalidation.UserValidation.enterFirstName(UserValidation.java:45)
	at com.bridgelab.junituservalidation.UserValidation.enterFirstName(UserValidation.java:45)
	at com.bridgelab.junituservalidation.UserValidation.enterFirstName(UserValidation.java:45)
	at com.bridgelab.junituservalidation.UserValidation.enterFirstName(UserValidation.java:45)
	at com.bridgelab.junituservalidation.UserValidation.enterFirstName(UserValidation.java:45)
	at com.bridgelab.junituservalidation.UserValidation.enterFirstName(UserValidation.java:45)
	at com.bridgelab.junituservalidation.UserValidation.enterFirstName(UserValidation.java:45)
	at com.bridgelab.junituservalidation.UserValidation.enterFirstName(UserValidation.java:45)
	at com.bridgelab.junituservalidation.UserValidation.enterFirstName(UserValidation.java:45)
	at com.bridgelab.junituservalidation.UserValidation.enterFirstName(UserValidation.java:45)
	at com.bridgelab.junituservalidation.UserValidation.enterFirstName(UserValidation.java:45)
	at com.bridgelab.junituservalidation.UserValidation.enterFirstName(UserValidation.java:45)
	at com.bridgelab.junituservalidation.UserValidation.enterFirstName(UserValidation.java:45)
	at com.bridgelab.junituservalidation.UserValidation.enterFirstName(UserValidation.java:45)
	at com.bridgelab.junituservalidation.UserValidation.enterFirstName(UserValidation.java:45)
	at com.bridgelab.junituservalidation.UserValidation.enterFirstName(UserValidation.java:45)
	at com.bridgelab.junituservalidation.UserValidation.enterFirstName(UserValidation.java:45)
	at com.bridgelab.junituservalidation.UserValidation.enterFirstName(UserValidation.java:45)
	at com.bridgelab.junituservalidation.UserValidation.enterFirstName(UserValidation.java:45)
	at com.bridgelab.junituservalidation.UserValidation.enterFirstName(UserValidation.java:45)
	at com.bridgelab.junituservalidation.UserValidation.enterFirstName(UserValidation.java:45)
	at com.bridgelab.junituservalidation.UserValidation.enterFirstName(UserValidation.java:45)
	at com.bridgelab.junituservalidation.UserValidation.enterFirstName(UserValidation.java:45)
	at com.bridgelab.junituservalidation.UserValidation.enterFirstName(UserValidation.java:45)
	at com.bridgelab.junituservalidation.UserValidation.enterFirstName(UserValidation.java:45)
	at com.bridgelab.junituservalidation.UserValidation.enterFirstName(UserValidation.java:45)
	at com.bridgelab.junituservalidation.UserValidation.enterFirstName(UserValidation.java:45)
	at com.bridgelab.junituservalidation.UserValidation.enterFirstName(UserValidation.java:45)
	at com.bridgelab.junituservalidation.UserValidation.enterFirstName(UserValidation.java:45)
	at com.bridgelab.junituservalidation.UserValidation.enterFirstName(UserValidation.java:45)
	at com.bridgelab.junituservalidation.UserValidation.enterFirstName(UserValidation.java:45)
	at com.bridgelab.junituservalidation.UserValidation.enterFirstName(UserValidation.java:45)
	at com.bridgelab.junituservalidation.UserValidation.enterFirstName(UserValidation.java:45)
	at com.bridgelab.junituservalidation.UserValidation.enterFirstName(UserValidation.java:45)
	at com.bridgelab.junituservalidation.UserValidation.enterFirstName(UserValidation.java:45)
	at com.bridgelab.junituservalidation.UserValidation.enterFirstName(UserValidation.java:45)
	at com.bridgelab.junituservalidation.UserValidation.enterFirstName(UserValidation.java:45)
	at com.bridgelab.junituservalidation.UserValidation.enterFirstName(UserValidation.java:45)
	at com.bridgelab.junituservalidation.UserValidation.enterFirstName(UserValidation.java:45)
	at com.bridgelab.junituservalidation.UserValidation.enterFirstName(UserValidation.java:45)
	at com.bridgelab.junituservalidation.UserValidation.enterFirstName(UserValidation.java:45)
	at com.bridgelab.junituservalidation.UserValidation.enterFirstName(UserValidation.java:45)
	at com.bridgelab.junituservalidation.UserValidation.enterFirstName(UserValidation.java:45)
	at com.bridgelab.junituservalidation.UserValidation.enterFirstName(UserValidation.java:45)
	at com.bridgelab.junituservalidation.UserValidation.enterFirstName(UserValidation.java:45)
	at com.bridgelab.junituservalidation.UserValidation.enterFirstName(UserValidation.java:45)
	at com.bridgelab.junituservalidation.UserValidation.enterFirstName(UserValidation.java:45)
	at com.bridgelab.junituservalidation.UserValidation.enterFirstName(UserValidation.java:45)
	at com.bridgelab.junituservalidation.UserValidation.enterFirstName(UserValidation.java:45)
	at com.bridgelab.junituservalidation.UserValidation.enterFirstName(UserValidation.java:45)
	at com.bridgelab.junituservalidation.UserValidation.enterFirstName(UserValidation.java:45)
	at com.bridgelab.junituservalidation.UserValidation.enterFirstName(UserValidation.java:45)
	at com.bridgelab.junituservalidation.UserValidation.enterFirstName(UserValidation.java:45)
	at com.bridgelab.junituservalidation.UserValidation.enterFirstName(UserValidation.java:45)
	at com.bridgelab.junituservalidation.UserValidation.enterFirstName(UserValidation.java:45)
	at com.bridgelab.junituservalidation.UserValidation.enterFirstName(UserValidation.java:45)
	at com.bridgelab.junituservalidation.UserValidation.enterFirstName(UserValidation.java:45)
	at com.bridgelab.junituservalidation.UserValidation.enterFirstName(UserValidation.java:45)
	at com.bridgelab.junituservalidation.UserValidation.enterFirstName(UserValidation.java:45)
	at com.bridgelab.junituservalidation.UserValidation.enterFirstName(UserValidation.java:45)
	at com.bridgelab.junituservalidation.UserValidation.enterFirstName(UserValidation.java:45)
	at com.bridgelab.junituservalidation.UserValidation.enterFirstName(UserValidation.java:45)
	at com.bridgelab.junituservalidation.UserValidation.enterFirstName(UserValidation.java:45)
	at com.bridgelab.junituservalidation.UserValidation.enterFirstName(UserValidation.java:45)
	at com.bridgelab.junituservalidation.UserValidation.enterFirstName(UserValidation.java:45)
	at com.bridgelab.junituservalidation.UserValidation.enterFirstName(UserValidation.java:45)
	at com.bridgelab.junituservalidation.UserValidation.enterFirstName(UserValidation.java:45)
	at com.bridgelab.junituservalidation.UserValidation.enterFirstName(UserValidation.java:45)
	at com.bridgelab.junituservalidation.UserValidation.enterFirstName(UserValidation.java:45)
	at com.bridgelab.junituservalidation.UserValidation.enterFirstName(UserValidation.java:45)
	at com.bridgelab.junituservalidation.UserValidation.enterFirstName(UserValidation.java:45)
	at com.bridgelab.junituservalidation.UserValidation.enterFirstName(UserValidation.java:45)
	at com.bridgelab.junituservalidation.UserValidation.enterFirstName(UserValidation.java:45)
	at com.bridgelab.junituservalidation.UserValidation.enterFirstName(UserValidation.java:45)
	at com.bridgelab.junituservalidation.UserValidation.enterFirstName(UserValidation.java:45)
	at com.bridgelab.junituservalidation.UserValidation.enterFirstName(UserValidation.java:45)
	at com.bridgelab.junituservalidation.UserValidation.enterFirstName(UserValidation.java:45)
	at com.bridgelab.junituservalidation.UserValidation.enterFirstName(UserValidation.java:45)
	at com.bridgelab.junituservalidation.UserValidation.enterFirstName(UserValidation.java:45)
</failure>
  </testcase>
  <testcase name="givenLastName_WhenFistCharacterSmall_ShouldReturnFalse()" classname="com.bridgelab.jubituservalidationtesting.JunitTestingUserRegistrationValidation" time="0.057">
    <failure message="java.lang.StackOverflowError" type="java.lang.StackOverflowError">java.lang.StackOverflowError
	at java.base/java.lang.IllegalArgumentException.&lt;init&gt;(IllegalArgumentException.java:40)
	at java.base/java.util.regex.PatternSyntaxException.&lt;init&gt;(PatternSyntaxException.java:58)
	at java.base/java.util.regex.Pattern.error(Pattern.java:2028)
	at java.base/java.util.regex.Pattern.&lt;init&gt;(Pattern.java:1432)
	at java.base/java.util.regex.Pattern.compile(Pattern.java:1069)
	at com.bridgelab.junituservalidation.UserValidation.enterFirstName(UserValidation.java:36)
	at com.bridgelab.junituservalidation.UserValidation.enterFirstName(UserValidation.java:45)
	at com.bridgelab.junituservalidation.UserValidation.enterFirstName(UserValidation.java:45)
	at com.bridgelab.junituservalidation.UserValidation.enterFirstName(UserValidation.java:45)
	at com.bridgelab.junituservalidation.UserValidation.enterFirstName(UserValidation.java:45)
	at com.bridgelab.junituservalidation.UserValidation.enterFirstName(UserValidation.java:45)
	at com.bridgelab.junituservalidation.UserValidation.enterFirstName(UserValidation.java:45)
	at com.bridgelab.junituservalidation.UserValidation.enterFirstName(UserValidation.java:45)
	at com.bridgelab.junituservalidation.UserValidation.enterFirstName(UserValidation.java:45)
	at com.bridgelab.junituservalidation.UserValidation.enterFirstName(UserValidation.java:45)
	at com.bridgelab.junituservalidation.UserValidation.enterFirstName(UserValidation.java:45)
	at com.bridgelab.junituservalidation.UserValidation.enterFirstName(UserValidation.java:45)
	at com.bridgelab.junituservalidation.UserValidation.enterFirstName(UserValidation.java:45)
	at com.bridgelab.junituservalidation.UserValidation.enterFirstName(UserValidation.java:45)
	at com.bridgelab.junituservalidation.UserValidation.enterFirstName(UserValidation.java:45)
	at com.bridgelab.junituservalidation.UserValidation.enterFirstName(UserValidation.java:45)
	at com.bridgelab.junituservalidation.UserValidation.enterFirstName(UserValidation.java:45)
	at com.bridgelab.junituservalidation.UserValidation.enterFirstName(UserValidation.java:45)
	at com.bridgelab.junituservalidation.UserValidation.enterFirstName(UserValidation.java:45)
	at com.bridgelab.junituservalidation.UserValidation.enterFirstName(UserValidation.java:45)
	at com.bridgelab.junituservalidation.UserValidation.enterFirstName(UserValidation.java:45)
	at com.bridgelab.junituservalidation.UserValidation.enterFirstName(UserValidation.java:45)
	at com.bridgelab.junituservalidation.UserValidation.enterFirstName(UserValidation.java:45)
	at com.bridgelab.junituservalidation.UserValidation.enterFirstName(UserValidation.java:45)
	at com.bridgelab.junituservalidation.UserValidation.enterFirstName(UserValidation.java:45)
	at com.bridgelab.junituservalidation.UserValidation.enterFirstName(UserValidation.java:45)
	at com.bridgelab.junituservalidation.UserValidation.enterFirstName(UserValidation.java:45)
	at com.bridgelab.junituservalidation.UserValidation.enterFirstName(UserValidation.java:45)
	at com.bridgelab.junituservalidation.UserValidation.enterFirstName(UserValidation.java:45)
	at com.bridgelab.junituservalidation.UserValidation.enterFirstName(UserValidation.java:45)
	at com.bridgelab.junituservalidation.UserValidation.enterFirstName(UserValidation.java:45)
	at com.bridgelab.junituservalidation.UserValidation.enterFirstName(UserValidation.java:45)
	at com.bridgelab.junituservalidation.UserValidation.enterFirstName(UserValidation.java:45)
	at com.bridgelab.junituservalidation.UserValidation.enterFirstName(UserValidation.java:45)
	at com.bridgelab.junituservalidation.UserValidation.enterFirstName(UserValidation.java:45)
	at com.bridgelab.junituservalidation.UserValidation.enterFirstName(UserValidation.java:45)
	at com.bridgelab.junituservalidation.UserValidation.enterFirstName(UserValidation.java:45)
	at com.bridgelab.junituservalidation.UserValidation.enterFirstName(UserValidation.java:45)
	at com.bridgelab.junituservalidation.UserValidation.enterFirstName(UserValidation.java:45)
	at com.bridgelab.junituservalidation.UserValidation.enterFirstName(UserValidation.java:45)
	at com.bridgelab.junituservalidation.UserValidation.enterFirstName(UserValidation.java:45)
	at com.bridgelab.junituservalidation.UserValidation.enterFirstName(UserValidation.java:45)
	at com.bridgelab.junituservalidation.UserValidation.enterFirstName(UserValidation.java:45)
	at com.bridgelab.junituservalidation.UserValidation.enterFirstName(UserValidation.java:45)
	at com.bridgelab.junituservalidation.UserValidation.enterFirstName(UserValidation.java:45)
	at com.bridgelab.junituservalidation.UserValidation.enterFirstName(UserValidation.java:45)
	at com.bridgelab.junituservalidation.UserValidation.enterFirstName(UserValidation.java:45)
	at com.bridgelab.junituservalidation.UserValidation.enterFirstName(UserValidation.java:45)
	at com.bridgelab.junituservalidation.UserValidation.enterFirstName(UserValidation.java:45)
	at com.bridgelab.junituservalidation.UserValidation.enterFirstName(UserValidation.java:45)
	at com.bridgelab.junituservalidation.UserValidation.enterFirstName(UserValidation.java:45)
	at com.bridgelab.junituservalidation.UserValidation.enterFirstName(UserValidation.java:45)
	at com.bridgelab.junituservalidation.UserValidation.enterFirstName(UserValidation.java:45)
	at com.bridgelab.junituservalidation.UserValidation.enterFirstName(UserValidation.java:45)
	at com.bridgelab.junituservalidation.UserValidation.enterFirstName(UserValidation.java:45)
	at com.bridgelab.junituservalidation.UserValidation.enterFirstName(UserValidation.java:45)
	at com.bridgelab.junituservalidation.UserValidation.enterFirstName(UserValidation.java:45)
	at com.bridgelab.junituservalidation.UserValidation.enterFirstName(UserValidation.java:45)
	at com.bridgelab.junituservalidation.UserValidation.enterFirstName(UserValidation.java:45)
	at com.bridgelab.junituservalidation.UserValidation.enterFirstName(UserValidation.java:45)
	at com.bridgelab.junituservalidation.UserValidation.enterFirstName(UserValidation.java:45)
	at com.bridgelab.junituservalidation.UserValidation.enterFirstName(UserValidation.java:45)
	at com.bridgelab.junituservalidation.UserValidation.enterFirstName(UserValidation.java:45)
	at com.bridgelab.junituservalidation.UserValidation.enterFirstName(UserValidation.java:45)
	at com.bridgelab.junituservalidation.UserValidation.enterFirstName(UserValidation.java:45)
	at com.bridgelab.junituservalidation.UserValidation.enterFirstName(UserValidation.java:45)
	at com.bridgelab.junituservalidation.UserValidation.enterFirstName(UserValidation.java:45)
	at com.bridgelab.junituservalidation.UserValidation.enterFirstName(UserValidation.java:45)
	at com.bridgelab.junituservalidation.UserValidation.enterFirstName(UserValidation.java:45)
	at com.bridgelab.junituservalidation.UserValidation.enterFirstName(UserValidation.java:45)
	at com.bridgelab.junituservalidation.UserValidation.enterFirstName(UserValidation.java:45)
	at com.bridgelab.junituservalidation.UserValidation.enterFirstName(UserValidation.java:45)
	at com.bridgelab.junituservalidation.UserValidation.enterFirstName(UserValidation.java:45)
	at com.bridgelab.junituservalidation.UserValidation.enterFirstName(UserValidation.java:45)
	at com.bridgelab.junituservalidation.UserValidation.enterFirstName(UserValidation.java:45)
	at com.bridgelab.junituservalidation.UserValidation.enterFirstName(UserValidation.java:45)
	at com.bridgelab.junituservalidation.UserValidation.enterFirstName(UserValidation.java:45)
	at com.bridgelab.junituservalidation.UserValidation.enterFirstName(UserValidation.java:45)
	at com.bridgelab.junituservalidation.UserValidation.enterFirstName(UserValidation.java:45)
	at com.bridgelab.junituservalidation.UserValidation.enterFirstName(UserValidation.java:45)
	at com.bridgelab.junituservalidation.UserValidation.enterFirstName(UserValidation.java:45)
	at com.bridgelab.junituservalidation.UserValidation.enterFirstName(UserValidation.java:45)
	at com.bridgelab.junituservalidation.UserValidation.enterFirstName(UserValidation.java:45)
	at com.bridgelab.junituservalidation.UserValidation.enterFirstName(UserValidation.java:45)
	at com.bridgelab.junituservalidation.UserValidation.enterFirstName(UserValidation.java:45)
	at com.bridgelab.junituservalidation.UserValidation.enterFirstName(UserValidation.java:45)
	at com.bridgelab.junituservalidation.UserValidation.enterFirstName(UserValidation.java:45)
	at com.bridgelab.junituservalidation.UserValidation.enterFirstName(UserValidation.java:45)
	at com.bridgelab.junituservalidation.UserValidation.enterFirstName(UserValidation.java:45)
	at com.bridgelab.junituservalidation.UserValidation.enterFirstName(UserValidation.java:45)
	at com.bridgelab.junituservalidation.UserValidation.enterFirstName(UserValidation.java:45)
	at com.bridgelab.junituservalidation.UserValidation.enterFirstName(UserValidation.java:45)
	at com.bridgelab.junituservalidation.UserValidation.enterFirstName(UserValidation.java:45)
	at com.bridgelab.junituservalidation.UserValidation.enterFirstName(UserValidation.java:45)
	at com.bridgelab.junituservalidation.UserValidation.enterFirstName(UserValidation.java:45)
	at com.bridgelab.junituservalidation.UserValidation.enterFirstName(UserValidation.java:45)
	at com.bridgelab.junituservalidation.UserValidation.enterFirstName(UserValidation.java:45)
	at com.bridgelab.junituservalidation.UserValidation.enterFirstName(UserValidation.java:45)
	at com.bridgelab.junituservalidation.UserValidation.enterFirstName(UserValidation.java:45)
	at com.bridgelab.junituservalidation.UserValidation.enterFirstName(UserValidation.java:45)
	at com.bridgelab.junituservalidation.UserValidation.enterFirstName(UserValidation.java:45)
	at com.bridgelab.junituservalidation.UserValidation.enterFirstName(UserValidation.java:45)
	at com.bridgelab.junituservalidation.UserValidation.enterFirstName(UserValidation.java:45)
	at com.bridgelab.junituservalidation.UserValidation.enterFirstName(UserValidation.java:45)
	at com.bridgelab.junituservalidation.UserValidation.enterFirstName(UserValidation.java:45)
	at com.bridgelab.junituservalidation.UserValidation.enterFirstName(UserValidation.java:45)
	at com.bridgelab.junituservalidation.UserValidation.enterFirstName(UserValidation.java:45)
	at com.bridgelab.junituservalidation.UserValidation.enterFirstName(UserValidation.java:45)
	at com.bridgelab.junituservalidation.UserValidation.enterFirstName(UserValidation.java:45)
	at com.bridgelab.junituservalidation.UserValidation.enterFirstName(UserValidation.java:45)
	at com.bridgelab.junituservalidation.UserValidation.enterFirstName(UserValidation.java:45)
	at com.bridgelab.junituservalidation.UserValidation.enterFirstName(UserValidation.java:45)
	at com.bridgelab.junituservalidation.UserValidation.enterFirstName(UserValidation.java:45)
	at com.bridgelab.junituservalidation.UserValidation.enterFirstName(UserValidation.java:45)
	at com.bridgelab.junituservalidation.UserValidation.enterFirstName(UserValidation.java:45)
	at com.bridgelab.junituservalidation.UserValidation.enterFirstName(UserValidation.java:45)
	at com.bridgelab.junituservalidation.UserValidation.enterFirstName(UserValidation.java:45)
	at com.bridgelab.junituservalidation.UserValidation.enterFirstName(UserValidation.java:45)
	at com.bridgelab.junituservalidation.UserValidation.enterFirstName(UserValidation.java:45)
	at com.bridgelab.junituservalidation.UserValidation.enterFirstName(UserValidation.java:45)
	at com.bridgelab.junituservalidation.UserValidation.enterFirstName(UserValidation.java:45)
	at com.bridgelab.junituservalidation.UserValidation.enterFirstName(UserValidation.java:45)
	at com.bridgelab.junituservalidation.UserValidation.enterFirstName(UserValidation.java:45)
	at com.bridgelab.junituservalidation.UserValidation.enterFirstName(UserValidation.java:45)
	at com.bridgelab.junituservalidation.UserValidation.enterFirstName(UserValidation.java:45)
	at com.bridgelab.junituservalidation.UserValidation.enterFirstName(UserValidation.java:45)
	at com.bridgelab.junituservalidation.UserValidation.enterFirstName(UserValidation.java:45)
	at com.bridgelab.junituservalidation.UserValidation.enterFirstName(UserValidation.java:45)
	at com.bridgelab.junituservalidation.UserValidation.enterFirstName(UserValidation.java:45)
	at com.bridgelab.junituservalidation.UserValidation.enterFirstName(UserValidation.java:45)
	at com.bridgelab.junituservalidation.UserValidation.enterFirstName(UserValidation.java:45)
	at com.bridgelab.junituservalidation.UserValidation.enterFirstName(UserValidation.java:45)
	at com.bridgelab.junituservalidation.UserValidation.enterFirstName(UserValidation.java:45)
	at com.bridgelab.junituservalidation.UserValidation.enterFirstName(UserValidation.java:45)
	at com.bridgelab.junituservalidation.UserValidation.enterFirstName(UserValidation.java:45)
	at com.bridgelab.junituservalidation.UserValidation.enterFirstName(UserValidation.java:45)
	at com.bridgelab.junituservalidation.UserValidation.enterFirstName(UserValidation.java:45)
	at com.bridgelab.junituservalidation.UserValidation.enterFirstName(UserValidation.java:45)
	at com.bridgelab.junituservalidation.UserValidation.enterFirstName(UserValidation.java:45)
	at com.bridgelab.junituservalidation.UserValidation.enterFirstName(UserValidation.java:45)
	at com.bridgelab.junituservalidation.UserValidation.enterFirstName(UserValidation.java:45)
	at com.bridgelab.junituservalidation.UserValidation.enterFirstName(UserValidation.java:45)
	at com.bridgelab.junituservalidation.UserValidation.enterFirstName(UserValidation.java:45)
	at com.bridgelab.junituservalidation.UserValidation.enterFirstName(UserValidation.java:45)
	at com.bridgelab.junituservalidation.UserValidation.enterFirstName(UserValidation.java:45)
	at com.bridgelab.junituservalidation.UserValidation.enterFirstName(UserValidation.java:45)
	at com.bridgelab.junituservalidation.UserValidation.enterFirstName(UserValidation.java:45)
	at com.bridgelab.junituservalidation.UserValidation.enterFirstName(UserValidation.java:45)
	at com.bridgelab.junituservalidation.UserValidation.enterFirstName(UserValidation.java:45)
	at com.bridgelab.junituservalidation.UserValidation.enterFirstName(UserValidation.java:45)
	at com.bridgelab.junituservalidation.UserValidation.enterFirstName(UserValidation.java:45)
	at com.bridgelab.junituservalidation.UserValidation.enterFirstName(UserValidation.java:45)
	at com.bridgelab.junituservalidation.UserValidation.enterFirstName(UserValidation.java:45)
	at com.bridgelab.junituservalidation.UserValidation.enterFirstName(UserValidation.java:45)
	at com.bridgelab.junituservalidation.UserValidation.enterFirstName(UserValidation.java:45)
	at com.bridgelab.junituservalidation.UserValidation.enterFirstName(UserValidation.java:45)
	at com.bridgelab.junituservalidation.UserValidation.enterFirstName(UserValidation.java:45)
	at com.bridgelab.junituservalidation.UserValidation.enterFirstName(UserValidation.java:45)
	at com.bridgelab.junituservalidation.UserValidation.enterFirstName(UserValidation.java:45)
	at com.bridgelab.junituservalidation.UserValidation.enterFirstName(UserValidation.java:45)
	at com.bridgelab.junituservalidation.UserValidation.enterFirstName(UserValidation.java:45)
	at com.bridgelab.junituservalidation.UserValidation.enterFirstName(UserValidation.java:45)
	at com.bridgelab.junituservalidation.UserValidation.enterFirstName(UserValidation.java:45)
	at com.bridgelab.junituservalidation.UserValidation.enterFirstName(UserValidation.java:45)
	at com.bridgelab.junituservalidation.UserValidation.enterFirstName(UserValidation.java:45)
	at com.bridgelab.junituservalidation.UserValidation.enterFirstName(UserValidation.java:45)
	at com.bridgelab.junituservalidation.UserValidation.enterFirstName(UserValidation.java:45)
	at com.bridgelab.junituservalidation.UserValidation.enterFirstName(UserValidation.java:45)
	at com.bridgelab.junituservalidation.UserValidation.enterFirstName(UserValidation.java:45)
	at com.bridgelab.junituservalidation.UserValidation.enterFirstName(UserValidation.java:45)
	at com.bridgelab.junituservalidation.UserValidation.enterFirstName(UserValidation.java:45)
	at com.bridgelab.junituservalidation.UserValidation.enterFirstName(UserValidation.java:45)
	at com.bridgelab.junituservalidation.UserValidation.enterFirstName(UserValidation.java:45)
	at com.bridgelab.junituservalidation.UserValidation.enterFirstName(UserValidation.java:45)
	at com.bridgelab.junituservalidation.UserValidation.enterFirstName(UserValidation.java:45)
	at com.bridgelab.junituservalidation.UserValidation.enterFirstName(UserValidation.java:45)
	at com.bridgelab.junituservalidation.UserValidation.enterFirstName(UserValidation.java:45)
	at com.bridgelab.junituservalidation.UserValidation.enterFirstName(UserValidation.java:45)
	at com.bridgelab.junituservalidation.UserValidation.enterFirstName(UserValidation.java:45)
	at com.bridgelab.junituservalidation.UserValidation.enterFirstName(UserValidation.java:45)
	at com.bridgelab.junituservalidation.UserValidation.enterFirstName(UserValidation.java:45)
	at com.bridgelab.junituservalidation.UserValidation.enterFirstName(UserValidation.java:45)
	at com.bridgelab.junituservalidation.UserValidation.enterFirstName(UserValidation.java:45)
	at com.bridgelab.junituservalidation.UserValidation.enterFirstName(UserValidation.java:45)
	at com.bridgelab.junituservalidation.UserValidation.enterFirstName(UserValidation.java:45)
	at com.bridgelab.junituservalidation.UserValidation.enterFirstName(UserValidation.java:45)
	at com.bridgelab.junituservalidation.UserValidation.enterFirstName(UserValidation.java:45)
	at com.bridgelab.junituservalidation.UserValidation.enterFirstName(UserValidation.java:45)
	at com.bridgelab.junituservalidation.UserValidation.enterFirstName(UserValidation.java:45)
	at com.bridgelab.junituservalidation.UserValidation.enterFirstName(UserValidation.java:45)
	at com.bridgelab.junituservalidation.UserValidation.enterFirstName(UserValidation.java:45)
	at com.bridgelab.junituservalidation.UserValidation.enterFirstName(UserValidation.java:45)
	at com.bridgelab.junituservalidation.UserValidation.enterFirstName(UserValidation.java:45)
	at com.bridgelab.junituservalidation.UserValidation.enterFirstName(UserValidation.java:45)
	at com.bridgelab.junituservalidation.UserValidation.enterFirstName(UserValidation.java:45)
	at com.bridgelab.junituservalidation.UserValidation.enterFirstName(UserValidation.java:45)
	at com.bridgelab.junituservalidation.UserValidation.enterFirstName(UserValidation.java:45)
	at com.bridgelab.junituservalidation.UserValidation.enterFirstName(UserValidation.java:45)
	at com.bridgelab.junituservalidation.UserValidation.enterFirstName(UserValidation.java:45)
	at com.bridgelab.junituservalidation.UserValidation.enterFirstName(UserValidation.java:45)
	at com.bridgelab.junituservalidation.UserValidation.enterFirstName(UserValidation.java:45)
	at com.bridgelab.junituservalidation.UserValidation.enterFirstName(UserValidation.java:45)
	at com.bridgelab.junituservalidation.UserValidation.enterFirstName(UserValidation.java:45)
	at com.bridgelab.junituservalidation.UserValidation.enterFirstName(UserValidation.java:45)
	at com.bridgelab.junituservalidation.UserValidation.enterFirstName(UserValidation.java:45)
	at com.bridgelab.junituservalidation.UserValidation.enterFirstName(UserValidation.java:45)
	at com.bridgelab.junituservalidation.UserValidation.enterFirstName(UserValidation.java:45)
	at com.bridgelab.junituservalidation.UserValidation.enterFirstName(UserValidation.java:45)
	at com.bridgelab.junituservalidation.UserValidation.enterFirstName(UserValidation.java:45)
	at com.bridgelab.junituservalidation.UserValidation.enterFirstName(UserValidation.java:45)
	at com.bridgelab.junituservalidation.UserValidation.enterFirstName(UserValidation.java:45)
	at com.bridgelab.junituservalidation.UserValidation.enterFirstName(UserValidation.java:45)
	at com.bridgelab.junituservalidation.UserValidation.enterFirstName(UserValidation.java:45)
	at com.bridgelab.junituservalidation.UserValidation.enterFirstName(UserValidation.java:45)
	at com.bridgelab.junituservalidation.UserValidation.enterFirstName(UserValidation.java:45)
	at com.bridgelab.junituservalidation.UserValidation.enterFirstName(UserValidation.java:45)
	at com.bridgelab.junituservalidation.UserValidation.enterFirstName(UserValidation.java:45)
	at com.bridgelab.junituservalidation.UserValidation.enterFirstName(UserValidation.java:45)
	at com.bridgelab.junituservalidation.UserValidation.enterFirstName(UserValidation.java:45)
	at com.bridgelab.junituservalidation.UserValidation.enterFirstName(UserValidation.java:45)
	at com.bridgelab.junituservalidation.UserValidation.enterFirstName(UserValidation.java:45)
	at com.bridgelab.junituservalidation.UserValidation.enterFirstName(UserValidation.java:45)
	at com.bridgelab.junituservalidation.UserValidation.enterFirstName(UserValidation.java:45)
	at com.bridgelab.junituservalidation.UserValidation.enterFirstName(UserValidation.java:45)
	at com.bridgelab.junituservalidation.UserValidation.enterFirstName(UserValidation.java:45)
	at com.bridgelab.junituservalidation.UserValidation.enterFirstName(UserValidation.java:45)
	at com.bridgelab.junituservalidation.UserValidation.enterFirstName(UserValidation.java:45)
	at com.bridgelab.junituservalidation.UserValidation.enterFirstName(UserValidation.java:45)
	at com.bridgelab.junituservalidation.UserValidation.enterFirstName(UserValidation.java:45)
	at com.bridgelab.junituservalidation.UserValidation.enterFirstName(UserValidation.java:45)
	at com.bridgelab.junituservalidation.UserValidation.enterFirstName(UserValidation.java:45)
	at com.bridgelab.junituservalidation.UserValidation.enterFirstName(UserValidation.java:45)
	at com.bridgelab.junituservalidation.UserValidation.enterFirstName(UserValidation.java:45)
	at com.bridgelab.junituservalidation.UserValidation.enterFirstName(UserValidation.java:45)
	at com.bridgelab.junituservalidation.UserValidation.enterFirstName(UserValidation.java:45)
	at com.bridgelab.junituservalidation.UserValidation.enterFirstName(UserValidation.java:45)
	at com.bridgelab.junituservalidation.UserValidation.enterFirstName(UserValidation.java:45)
	at com.bridgelab.junituservalidation.UserValidation.enterFirstName(UserValidation.java:45)
	at com.bridgelab.junituservalidation.UserValidation.enterFirstName(UserValidation.java:45)
	at com.bridgelab.junituservalidation.UserValidation.enterFirstName(UserValidation.java:45)
	at com.bridgelab.junituservalidation.UserValidation.enterFirstName(UserValidation.java:45)
	at com.bridgelab.junituservalidation.UserValidation.enterFirstName(UserValidation.java:45)
	at com.bridgelab.junituservalidation.UserValidation.enterFirstName(UserValidation.java:45)
	at com.bridgelab.junituservalidation.UserValidation.enterFirstName(UserValidation.java:45)
	at com.bridgelab.junituservalidation.UserValidation.enterFirstName(UserValidation.java:45)
	at com.bridgelab.junituservalidation.UserValidation.enterFirstName(UserValidation.java:45)
	at com.bridgelab.junituservalidation.UserValidation.enterFirstName(UserValidation.java:45)
	at com.bridgelab.junituservalidation.UserValidation.enterFirstName(UserValidation.java:45)
	at com.bridgelab.junituservalidation.UserValidation.enterFirstName(UserValidation.java:45)
	at com.bridgelab.junituservalidation.UserValidation.enterFirstName(UserValidation.java:45)
	at com.bridgelab.junituservalidation.UserValidation.enterFirstName(UserValidation.java:45)
	at com.bridgelab.junituservalidation.UserValidation.enterFirstName(UserValidation.java:45)
	at com.bridgelab.junituservalidation.UserValidation.enterFirstName(UserValidation.java:45)
	at com.bridgelab.junituservalidation.UserValidation.enterFirstName(UserValidation.java:45)
	at com.bridgelab.junituservalidation.UserValidation.enterFirstName(UserValidation.java:45)
	at com.bridgelab.junituservalidation.UserValidation.enterFirstName(UserValidation.java:45)
	at com.bridgelab.junituservalidation.UserValidation.enterFirstName(UserValidation.java:45)
	at com.bridgelab.junituservalidation.UserValidation.enterFirstName(UserValidation.java:45)
	at com.bridgelab.junituservalidation.UserValidation.enterFirstName(UserValidation.java:45)
	at com.bridgelab.junituservalidation.UserValidation.enterFirstName(UserValidation.java:45)
	at com.bridgelab.junituservalidation.UserValidation.enterFirstName(UserValidation.java:45)
	at com.bridgelab.junituservalidation.UserValidation.enterFirstName(UserValidation.java:45)
	at com.bridgelab.junituservalidation.UserValidation.enterFirstName(UserValidation.java:45)
	at com.bridgelab.junituservalidation.UserValidation.enterFirstName(UserValidation.java:45)
	at com.bridgelab.junituservalidation.UserValidation.enterFirstName(UserValidation.java:45)
	at com.bridgelab.junituservalidation.UserValidation.enterFirstName(UserValidation.java:45)
	at com.bridgelab.junituservalidation.UserValidation.enterFirstName(UserValidation.java:45)
	at com.bridgelab.junituservalidation.UserValidation.enterFirstName(UserValidation.java:45)
	at com.bridgelab.junituservalidation.UserValidation.enterFirstName(UserValidation.java:45)
	at com.bridgelab.junituservalidation.UserValidation.enterFirstName(UserValidation.java:45)
	at com.bridgelab.junituservalidation.UserValidation.enterFirstName(UserValidation.java:45)
	at com.bridgelab.junituservalidation.UserValidation.enterFirstName(UserValidation.java:45)
	at com.bridgelab.junituservalidation.UserValidation.enterFirstName(UserValidation.java:45)
	at com.bridgelab.junituservalidation.UserValidation.enterFirstName(UserValidation.java:45)
	at com.bridgelab.junituservalidation.UserValidation.enterFirstName(UserValidation.java:45)
	at com.bridgelab.junituservalidation.UserValidation.enterFirstName(UserValidation.java:45)
	at com.bridgelab.junituservalidation.UserValidation.enterFirstName(UserValidation.java:45)
	at com.bridgelab.junituservalidation.UserValidation.enterFirstName(UserValidation.java:45)
	at com.bridgelab.junituservalidation.UserValidation.enterFirstName(UserValidation.java:45)
	at com.bridgelab.junituservalidation.UserValidation.enterFirstName(UserValidation.java:45)
	at com.bridgelab.junituservalidation.UserValidation.enterFirstName(UserValidation.java:45)
	at com.bridgelab.junituservalidation.UserValidation.enterFirstName(UserValidation.java:45)
	at com.bridgelab.junituservalidation.UserValidation.enterFirstName(UserValidation.java:45)
	at com.bridgelab.junituservalidation.UserValidation.enterFirstName(UserValidation.java:45)
	at com.bridgelab.junituservalidation.UserValidation.enterFirstName(UserValidation.java:45)
	at com.bridgelab.junituservalidation.UserValidation.enterFirstName(UserValidation.java:45)
	at com.bridgelab.junituservalidation.UserValidation.enterFirstName(UserValidation.java:45)
	at com.bridgelab.junituservalidation.UserValidation.enterFirstName(UserValidation.java:45)
	at com.bridgelab.junituservalidation.UserValidation.enterFirstName(UserValidation.java:45)
	at com.bridgelab.junituservalidation.UserValidation.enterFirstName(UserValidation.java:45)
	at com.bridgelab.junituservalidation.UserValidation.enterFirstName(UserValidation.java:45)
	at com.bridgelab.junituservalidation.UserValidation.enterFirstName(UserValidation.java:45)
	at com.bridgelab.junituservalidation.UserValidation.enterFirstName(UserValidation.java:45)
	at com.bridgelab.junituservalidation.UserValidation.enterFirstName(UserValidation.java:45)
	at com.bridgelab.junituservalidation.UserValidation.enterFirstName(UserValidation.java:45)
	at com.bridgelab.junituservalidation.UserValidation.enterFirstName(UserValidation.java:45)
	at com.bridgelab.junituservalidation.UserValidation.enterFirstName(UserValidation.java:45)
	at com.bridgelab.junituservalidation.UserValidation.enterFirstName(UserValidation.java:45)
	at com.bridgelab.junituservalidation.UserValidation.enterFirstName(UserValidation.java:45)
	at com.bridgelab.junituservalidation.UserValidation.enterFirstName(UserValidation.java:45)
	at com.bridgelab.junituservalidation.UserValidation.enterFirstName(UserValidation.java:45)
	at com.bridgelab.junituservalidation.UserValidation.enterFirstName(UserValidation.java:45)
	at com.bridgelab.junituservalidation.UserValidation.enterFirstName(UserValidation.java:45)
	at com.bridgelab.junituservalidation.UserValidation.enterFirstName(UserValidation.java:45)
	at com.bridgelab.junituservalidation.UserValidation.enterFirstName(UserValidation.java:45)
	at com.bridgelab.junituservalidation.UserValidation.enterFirstName(UserValidation.java:45)
	at com.bridgelab.junituservalidation.UserValidation.enterFirstName(UserValidation.java:45)
	at com.bridgelab.junituservalidation.UserValidation.enterFirstName(UserValidation.java:45)
	at com.bridgelab.junituservalidation.UserValidation.enterFirstName(UserValidation.java:45)
	at com.bridgelab.junituservalidation.UserValidation.enterFirstName(UserValidation.java:45)
	at com.bridgelab.junituservalidation.UserValidation.enterFirstName(UserValidation.java:45)
	at com.bridgelab.junituservalidation.UserValidation.enterFirstName(UserValidation.java:45)
	at com.bridgelab.junituservalidation.UserValidation.enterFirstName(UserValidation.java:45)
	at com.bridgelab.junituservalidation.UserValidation.enterFirstName(UserValidation.java:45)
	at com.bridgelab.junituservalidation.UserValidation.enterFirstName(UserValidation.java:45)
	at com.bridgelab.junituservalidation.UserValidation.enterFirstName(UserValidation.java:45)
	at com.bridgelab.junituservalidation.UserValidation.enterFirstName(UserValidation.java:45)
	at com.bridgelab.junituservalidation.UserValidation.enterFirstName(UserValidation.java:45)
	at com.bridgelab.junituservalidation.UserValidation.enterFirstName(UserValidation.java:45)
	at com.bridgelab.junituservalidation.UserValidation.enterFirstName(UserValidation.java:45)
	at com.bridgelab.junituservalidation.UserValidation.enterFirstName(UserValidation.java:45)
	at com.bridgelab.junituservalidation.UserValidation.enterFirstName(UserValidation.java:45)
	at com.bridgelab.junituservalidation.UserValidation.enterFirstName(UserValidation.java:45)
	at com.bridgelab.junituservalidation.UserValidation.enterFirstName(UserValidation.java:45)
	at com.bridgelab.junituservalidation.UserValidation.enterFirstName(UserValidation.java:45)
	at com.bridgelab.junituservalidation.UserValidation.enterFirstName(UserValidation.java:45)
	at com.bridgelab.junituservalidation.UserValidation.enterFirstName(UserValidation.java:45)
	at com.bridgelab.junituservalidation.UserValidation.enterFirstName(UserValidation.java:45)
	at com.bridgelab.junituservalidation.UserValidation.enterFirstName(UserValidation.java:45)
	at com.bridgelab.junituservalidation.UserValidation.enterFirstName(UserValidation.java:45)
	at com.bridgelab.junituservalidation.UserValidation.enterFirstName(UserValidation.java:45)
	at com.bridgelab.junituservalidation.UserValidation.enterFirstName(UserValidation.java:45)
	at com.bridgelab.junituservalidation.UserValidation.enterFirstName(UserValidation.java:45)
	at com.bridgelab.junituservalidation.UserValidation.enterFirstName(UserValidation.java:45)
	at com.bridgelab.junituservalidation.UserValidation.enterFirstName(UserValidation.java:45)
	at com.bridgelab.junituservalidation.UserValidation.enterFirstName(UserValidation.java:45)
	at com.bridgelab.junituservalidation.UserValidation.enterFirstName(UserValidation.java:45)
	at com.bridgelab.junituservalidation.UserValidation.enterFirstName(UserValidation.java:45)
	at com.bridgelab.junituservalidation.UserValidation.enterFirstName(UserValidation.java:45)
	at com.bridgelab.junituservalidation.UserValidation.enterFirstName(UserValidation.java:45)
	at com.bridgelab.junituservalidation.UserValidation.enterFirstName(UserValidation.java:45)
	at com.bridgelab.junituservalidation.UserValidation.enterFirstName(UserValidation.java:45)
	at com.bridgelab.junituservalidation.UserValidation.enterFirstName(UserValidation.java:45)
	at com.bridgelab.junituservalidation.UserValidation.enterFirstName(UserValidation.java:45)
	at com.bridgelab.junituservalidation.UserValidation.enterFirstName(UserValidation.java:45)
	at com.bridgelab.junituservalidation.UserValidation.enterFirstName(UserValidation.java:45)
	at com.bridgelab.junituservalidation.UserValidation.enterFirstName(UserValidation.java:45)
	at com.bridgelab.junituservalidation.UserValidation.enterFirstName(UserValidation.java:45)
	at com.bridgelab.junituservalidation.UserValidation.enterFirstName(UserValidation.java:45)
	at com.bridgelab.junituservalidation.UserValidation.enterFirstName(UserValidation.java:45)
	at com.bridgelab.junituservalidation.UserValidation.enterFirstName(UserValidation.java:45)
	at com.bridgelab.junituservalidation.UserValidation.enterFirstName(UserValidation.java:45)
	at com.bridgelab.junituservalidation.UserValidation.enterFirstName(UserValidation.java:45)
	at com.bridgelab.junituservalidation.UserValidation.enterFirstName(UserValidation.java:45)
	at com.bridgelab.junituservalidation.UserValidation.enterFirstName(UserValidation.java:45)
	at com.bridgelab.junituservalidation.UserValidation.enterFirstName(UserValidation.java:45)
	at com.bridgelab.junituservalidation.UserValidation.enterFirstName(UserValidation.java:45)
	at com.bridgelab.junituservalidation.UserValidation.enterFirstName(UserValidation.java:45)
	at com.bridgelab.junituservalidation.UserValidation.enterFirstName(UserValidation.java:45)
	at com.bridgelab.junituservalidation.UserValidation.enterFirstName(UserValidation.java:45)
	at com.bridgelab.junituservalidation.UserValidation.enterFirstName(UserValidation.java:45)
	at com.bridgelab.junituservalidation.UserValidation.enterFirstName(UserValidation.java:45)
	at com.bridgelab.junituservalidation.UserValidation.enterFirstName(UserValidation.java:45)
	at com.bridgelab.junituservalidation.UserValidation.enterFirstName(UserValidation.java:45)
	at com.bridgelab.junituservalidation.UserValidation.enterFirstName(UserValidation.java:45)
	at com.bridgelab.junituservalidation.UserValidation.enterFirstName(UserValidation.java:45)
	at com.bridgelab.junituservalidation.UserValidation.enterFirstName(UserValidation.java:45)
	at com.bridgelab.junituservalidation.UserValidation.enterFirstName(UserValidation.java:45)
	at com.bridgelab.junituservalidation.UserValidation.enterFirstName(UserValidation.java:45)
	at com.bridgelab.junituservalidation.UserValidation.enterFirstName(UserValidation.java:45)
	at com.bridgelab.junituservalidation.UserValidation.enterFirstName(UserValidation.java:45)
	at com.bridgelab.junituservalidation.UserValidation.enterFirstName(UserValidation.java:45)
	at com.bridgelab.junituservalidation.UserValidation.enterFirstName(UserValidation.java:45)
	at com.bridgelab.junituservalidation.UserValidation.enterFirstName(UserValidation.java:45)
	at com.bridgelab.junituservalidation.UserValidation.enterFirstName(UserValidation.java:45)
	at com.bridgelab.junituservalidation.UserValidation.enterFirstName(UserValidation.java:45)
	at com.bridgelab.junituservalidation.UserValidation.enterFirstName(UserValidation.java:45)
	at com.bridgelab.junituservalidation.UserValidation.enterFirstName(UserValidation.java:45)
	at com.bridgelab.junituservalidation.UserValidation.enterFirstName(UserValidation.java:45)
	at com.bridgelab.junituservalidation.UserValidation.enterFirstName(UserValidation.java:45)
	at com.bridgelab.junituservalidation.UserValidation.enterFirstName(UserValidation.java:45)
	at com.bridgelab.junituservalidation.UserValidation.enterFirstName(UserValidation.java:45)
	at com.bridgelab.junituservalidation.UserValidation.enterFirstName(UserValidation.java:45)
	at com.bridgelab.junituservalidation.UserValidation.enterFirstName(UserValidation.java:45)
	at com.bridgelab.junituservalidation.UserValidation.enterFirstName(UserValidation.java:45)
	at com.bridgelab.junituservalidation.UserValidation.enterFirstName(UserValidation.java:45)
	at com.bridgelab.junituservalidation.UserValidation.enterFirstName(UserValidation.java:45)
	at com.bridgelab.junituservalidation.UserValidation.enterFirstName(UserValidation.java:45)
	at com.bridgelab.junituservalidation.UserValidation.enterFirstName(UserValidation.java:45)
	at com.bridgelab.junituservalidation.UserValidation.enterFirstName(UserValidation.java:45)
	at com.bridgelab.junituservalidation.UserValidation.enterFirstName(UserValidation.java:45)
	at com.bridgelab.junituservalidation.UserValidation.enterFirstName(UserValidation.java:45)
	at com.bridgelab.junituservalidation.UserValidation.enterFirstName(UserValidation.java:45)
	at com.bridgelab.junituservalidation.UserValidation.enterFirstName(UserValidation.java:45)
	at com.bridgelab.junituservalidation.UserValidation.enterFirstName(UserValidation.java:45)
	at com.bridgelab.junituservalidation.UserValidation.enterFirstName(UserValidation.java:45)
	at com.bridgelab.junituservalidation.UserValidation.enterFirstName(UserValidation.java:45)
	at com.bridgelab.junituservalidation.UserValidation.enterFirstName(UserValidation.java:45)
	at com.bridgelab.junituservalidation.UserValidation.enterFirstName(UserValidation.java:45)
	at com.bridgelab.junituservalidation.UserValidation.enterFirstName(UserValidation.java:45)
	at com.bridgelab.junituservalidation.UserValidation.enterFirstName(UserValidation.java:45)
	at com.bridgelab.junituservalidation.UserValidation.enterFirstName(UserValidation.java:45)
	at com.bridgelab.junituservalidation.UserValidation.enterFirstName(UserValidation.java:45)
	at com.bridgelab.junituservalidation.UserValidation.enterFirstName(UserValidation.java:45)
	at com.bridgelab.junituservalidation.UserValidation.enterFirstName(UserValidation.java:45)
	at com.bridgelab.junituservalidation.UserValidation.enterFirstName(UserValidation.java:45)
	at com.bridgelab.junituservalidation.UserValidation.enterFirstName(UserValidation.java:45)
	at com.bridgelab.junituservalidation.UserValidation.enterFirstName(UserValidation.java:45)
	at com.bridgelab.junituservalidation.UserValidation.enterFirstName(UserValidation.java:45)
	at com.bridgelab.junituservalidation.UserValidation.enterFirstName(UserValidation.java:45)
	at com.bridgelab.junituservalidation.UserValidation.enterFirstName(UserValidation.java:45)
	at com.bridgelab.junituservalidation.UserValidation.enterFirstName(UserValidation.java:45)
	at com.bridgelab.junituservalidation.UserValidation.enterFirstName(UserValidation.java:45)
	at com.bridgelab.junituservalidation.UserValidation.enterFirstName(UserValidation.java:45)
	at com.bridgelab.junituservalidation.UserValidation.enterFirstName(UserValidation.java:45)
	at com.bridgelab.junituservalidation.UserValidation.enterFirstName(UserValidation.java:45)
	at com.bridgelab.junituservalidation.UserValidation.enterFirstName(UserValidation.java:45)
	at com.bridgelab.junituservalidation.UserValidation.enterFirstName(UserValidation.java:45)
	at com.bridgelab.junituservalidation.UserValidation.enterFirstName(UserValidation.java:45)
	at com.bridgelab.junituservalidation.UserValidation.enterFirstName(UserValidation.java:45)
	at com.bridgelab.junituservalidation.UserValidation.enterFirstName(UserValidation.java:45)
	at com.bridgelab.junituservalidation.UserValidation.enterFirstName(UserValidation.java:45)
	at com.bridgelab.junituservalidation.UserValidation.enterFirstName(UserValidation.java:45)
	at com.bridgelab.junituservalidation.UserValidation.enterFirstName(UserValidation.java:45)
	at com.bridgelab.junituservalidation.UserValidation.enterFirstName(UserValidation.java:45)
	at com.bridgelab.junituservalidation.UserValidation.enterFirstName(UserValidation.java:45)
	at com.bridgelab.junituservalidation.UserValidation.enterFirstName(UserValidation.java:45)
	at com.bridgelab.junituservalidation.UserValidation.enterFirstName(UserValidation.java:45)
	at com.bridgelab.junituservalidation.UserValidation.enterFirstName(UserValidation.java:45)
	at com.bridgelab.junituservalidation.UserValidation.enterFirstName(UserValidation.java:45)
	at com.bridgelab.junituservalidation.UserValidation.enterFirstName(UserValidation.java:45)
	at com.bridgelab.junituservalidation.UserValidation.enterFirstName(UserValidation.java:45)
	at com.bridgelab.junituservalidation.UserValidation.enterFirstName(UserValidation.java:45)
	at com.bridgelab.junituservalidation.UserValidation.enterFirstName(UserValidation.java:45)
	at com.bridgelab.junituservalidation.UserValidation.enterFirstName(UserValidation.java:45)
	at com.bridgelab.junituservalidation.UserValidation.enterFirstName(UserValidation.java:45)
	at com.bridgelab.junituservalidation.UserValidation.enterFirstName(UserValidation.java:45)
	at com.bridgelab.junituservalidation.UserValidation.enterFirstName(UserValidation.java:45)
	at com.bridgelab.junituservalidation.UserValidation.enterFirstName(UserValidation.java:45)
	at com.bridgelab.junituservalidation.UserValidation.enterFirstName(UserValidation.java:45)
	at com.bridgelab.junituservalidation.UserValidation.enterFirstName(UserValidation.java:45)
	at com.bridgelab.junituservalidation.UserValidation.enterFirstName(UserValidation.java:45)
	at com.bridgelab.junituservalidation.UserValidation.enterFirstName(UserValidation.java:45)
	at com.bridgelab.junituservalidation.UserValidation.enterFirstName(UserValidation.java:45)
	at com.bridgelab.junituservalidation.UserValidation.enterFirstName(UserValidation.java:45)
	at com.bridgelab.junituservalidation.UserValidation.enterFirstName(UserValidation.java:45)
	at com.bridgelab.junituservalidation.UserValidation.enterFirstName(UserValidation.java:45)
	at com.bridgelab.junituservalidation.UserValidation.enterFirstName(UserValidation.java:45)
	at com.bridgelab.junituservalidation.UserValidation.enterFirstName(UserValidation.java:45)
	at com.bridgelab.junituservalidation.UserValidation.enterFirstName(UserValidation.java:45)
	at com.bridgelab.junituservalidation.UserValidation.enterFirstName(UserValidation.java:45)
	at com.bridgelab.junituservalidation.UserValidation.enterFirstName(UserValidation.java:45)
	at com.bridgelab.junituservalidation.UserValidation.enterFirstName(UserValidation.java:45)
	at com.bridgelab.junituservalidation.UserValidation.enterFirstName(UserValidation.java:45)
	at com.bridgelab.junituservalidation.UserValidation.enterFirstName(UserValidation.java:45)
	at com.bridgelab.junituservalidation.UserValidation.enterFirstName(UserValidation.java:45)
	at com.bridgelab.junituservalidation.UserValidation.enterFirstName(UserValidation.java:45)
	at com.bridgelab.junituservalidation.UserValidation.enterFirstName(UserValidation.java:45)
	at com.bridgelab.junituservalidation.UserValidation.enterFirstName(UserValidation.java:45)
	at com.bridgelab.junituservalidation.UserValidation.enterFirstName(UserValidation.java:45)
	at com.bridgelab.junituservalidation.UserValidation.enterFirstName(UserValidation.java:45)
	at com.bridgelab.junituservalidation.UserValidation.enterFirstName(UserValidation.java:45)
	at com.bridgelab.junituservalidation.UserValidation.enterFirstName(UserValidation.java:45)
	at com.bridgelab.junituservalidation.UserValidation.enterFirstName(UserValidation.java:45)
	at com.bridgelab.junituservalidation.UserValidation.enterFirstName(UserValidation.java:45)
	at com.bridgelab.junituservalidation.UserValidation.enterFirstName(UserValidation.java:45)
	at com.bridgelab.junituservalidation.UserValidation.enterFirstName(UserValidation.java:45)
	at com.bridgelab.junituservalidation.UserValidation.enterFirstName(UserValidation.java:45)
	at com.bridgelab.junituservalidation.UserValidation.enterFirstName(UserValidation.java:45)
	at com.bridgelab.junituservalidation.UserValidation.enterFirstName(UserValidation.java:45)
	at com.bridgelab.junituservalidation.UserValidation.enterFirstName(UserValidation.java:45)
	at com.bridgelab.junituservalidation.UserValidation.enterFirstName(UserValidation.java:45)
	at com.bridgelab.junituservalidation.UserValidation.enterFirstName(UserValidation.java:45)
	at com.bridgelab.junituservalidation.UserValidation.enterFirstName(UserValidation.java:45)
	at com.bridgelab.junituservalidation.UserValidation.enterFirstName(UserValidation.java:45)
	at com.bridgelab.junituservalidation.UserValidation.enterFirstName(UserValidation.java:45)
	at com.bridgelab.junituservalidation.UserValidation.enterFirstName(UserValidation.java:45)
	at com.bridgelab.junituservalidation.UserValidation.enterFirstName(UserValidation.java:45)
	at com.bridgelab.junituservalidation.UserValidation.enterFirstName(UserValidation.java:45)
	at com.bridgelab.junituservalidation.UserValidation.enterFirstName(UserValidation.java:45)
	at com.bridgelab.junituservalidation.UserValidation.enterFirstName(UserValidation.java:45)
	at com.bridgelab.junituservalidation.UserValidation.enterFirstName(UserValidation.java:45)
	at com.bridgelab.junituservalidation.UserValidation.enterFirstName(UserValidation.java:45)
	at com.bridgelab.junituservalidation.UserValidation.enterFirstName(UserValidation.java:45)
	at com.bridgelab.junituservalidation.UserValidation.enterFirstName(UserValidation.java:45)
	at com.bridgelab.junituservalidation.UserValidation.enterFirstName(UserValidation.java:45)
	at com.bridgelab.junituservalidation.UserValidation.enterFirstName(UserValidation.java:45)
	at com.bridgelab.junituservalidation.UserValidation.enterFirstName(UserValidation.java:45)
	at com.bridgelab.junituservalidation.UserValidation.enterFirstName(UserValidation.java:45)
	at com.bridgelab.junituservalidation.UserValidation.enterFirstName(UserValidation.java:45)
	at com.bridgelab.junituservalidation.UserValidation.enterFirstName(UserValidation.java:45)
	at com.bridgelab.junituservalidation.UserValidation.enterFirstName(UserValidation.java:45)
	at com.bridgelab.junituservalidation.UserValidation.enterFirstName(UserValidation.java:45)
	at com.bridgelab.junituservalidation.UserValidation.enterFirstName(UserValidation.java:45)
	at com.bridgelab.junituservalidation.UserValidation.enterFirstName(UserValidation.java:45)
	at com.bridgelab.junituservalidation.UserValidation.enterFirstName(UserValidation.java:45)
	at com.bridgelab.junituservalidation.UserValidation.enterFirstName(UserValidation.java:45)
	at com.bridgelab.junituservalidation.UserValidation.enterFirstName(UserValidation.java:45)
	at com.bridgelab.junituservalidation.UserValidation.enterFirstName(UserValidation.java:45)
	at com.bridgelab.junituservalidation.UserValidation.enterFirstName(UserValidation.java:45)
	at com.bridgelab.junituservalidation.UserValidation.enterFirstName(UserValidation.java:45)
	at com.bridgelab.junituservalidation.UserValidation.enterFirstName(UserValidation.java:45)
	at com.bridgelab.junituservalidation.UserValidation.enterFirstName(UserValidation.java:45)
	at com.bridgelab.junituservalidation.UserValidation.enterFirstName(UserValidation.java:45)
	at com.bridgelab.junituservalidation.UserValidation.enterFirstName(UserValidation.java:45)
	at com.bridgelab.junituservalidation.UserValidation.enterFirstName(UserValidation.java:45)
	at com.bridgelab.junituservalidation.UserValidation.enterFirstName(UserValidation.java:45)
	at com.bridgelab.junituservalidation.UserValidation.enterFirstName(UserValidation.java:45)
	at com.bridgelab.junituservalidation.UserValidation.enterFirstName(UserValidation.java:45)
	at com.bridgelab.junituservalidation.UserValidation.enterFirstName(UserValidation.java:45)
	at com.bridgelab.junituservalidation.UserValidation.enterFirstName(UserValidation.java:45)
	at com.bridgelab.junituservalidation.UserValidation.enterFirstName(UserValidation.java:45)
	at com.bridgelab.junituservalidation.UserValidation.enterFirstName(UserValidation.java:45)
	at com.bridgelab.junituservalidation.UserValidation.enterFirstName(UserValidation.java:45)
	at com.bridgelab.junituservalidation.UserValidation.enterFirstName(UserValidation.java:45)
	at com.bridgelab.junituservalidation.UserValidation.enterFirstName(UserValidation.java:45)
	at com.bridgelab.junituservalidation.UserValidation.enterFirstName(UserValidation.java:45)
	at com.bridgelab.junituservalidation.UserValidation.enterFirstName(UserValidation.java:45)
	at com.bridgelab.junituservalidation.UserValidation.enterFirstName(UserValidation.java:45)
	at com.bridgelab.junituservalidation.UserValidation.enterFirstName(UserValidation.java:45)
	at com.bridgelab.junituservalidation.UserValidation.enterFirstName(UserValidation.java:45)
	at com.bridgelab.junituservalidation.UserValidation.enterFirstName(UserValidation.java:45)
	at com.bridgelab.junituservalidation.UserValidation.enterFirstName(UserValidation.java:45)
	at com.bridgelab.junituservalidation.UserValidation.enterFirstName(UserValidation.java:45)
	at com.bridgelab.junituservalidation.UserValidation.enterFirstName(UserValidation.java:45)
	at com.bridgelab.junituservalidation.UserValidation.enterFirstName(UserValidation.java:45)
	at com.bridgelab.junituservalidation.UserValidation.enterFirstName(UserValidation.java:45)
	at com.bridgelab.junituservalidation.UserValidation.enterFirstName(UserValidation.java:45)
	at com.bridgelab.junituservalidation.UserValidation.enterFirstName(UserValidation.java:45)
	at com.bridgelab.junituservalidation.UserValidation.enterFirstName(UserValidation.java:45)
	at com.bridgelab.junituservalidation.UserValidation.enterFirstName(UserValidation.java:45)
	at com.bridgelab.junituservalidation.UserValidation.enterFirstName(UserValidation.java:45)
	at com.bridgelab.junituservalidation.UserValidation.enterFirstName(UserValidation.java:45)
	at com.bridgelab.junituservalidation.UserValidation.enterFirstName(UserValidation.java:45)
	at com.bridgelab.junituservalidation.UserValidation.enterFirstName(UserValidation.java:45)
	at com.bridgelab.junituservalidation.UserValidation.enterFirstName(UserValidation.java:45)
	at com.bridgelab.junituservalidation.UserValidation.enterFirstName(UserValidation.java:45)
	at com.bridgelab.junituservalidation.UserValidation.enterFirstName(UserValidation.java:45)
	at com.bridgelab.junituservalidation.UserValidation.enterFirstName(UserValidation.java:45)
	at com.bridgelab.junituservalidation.UserValidation.enterFirstName(UserValidation.java:45)
	at com.bridgelab.junituservalidation.UserValidation.enterFirstName(UserValidation.java:45)
	at com.bridgelab.junituservalidation.UserValidation.enterFirstName(UserValidation.java:45)
	at com.bridgelab.junituservalidation.UserValidation.enterFirstName(UserValidation.java:45)
	at com.bridgelab.junituservalidation.UserValidation.enterFirstName(UserValidation.java:45)
	at com.bridgelab.junituservalidation.UserValidation.enterFirstName(UserValidation.java:45)
	at com.bridgelab.junituservalidation.UserValidation.enterFirstName(UserValidation.java:45)
	at com.bridgelab.junituservalidation.UserValidation.enterFirstName(UserValidation.java:45)
	at com.bridgelab.junituservalidation.UserValidation.enterFirstName(UserValidation.java:45)
	at com.bridgelab.junituservalidation.UserValidation.enterFirstName(UserValidation.java:45)
	at com.bridgelab.junituservalidation.UserValidation.enterFirstName(UserValidation.java:45)
	at com.bridgelab.junituservalidation.UserValidation.enterFirstName(UserValidation.java:45)
	at com.bridgelab.junituservalidation.UserValidation.enterFirstName(UserValidation.java:45)
	at com.bridgelab.junituservalidation.UserValidation.enterFirstName(UserValidation.java:45)
	at com.bridgelab.junituservalidation.UserValidation.enterFirstName(UserValidation.java:45)
	at com.bridgelab.junituservalidation.UserValidation.enterFirstName(UserValidation.java:45)
	at com.bridgelab.junituservalidation.UserValidation.enterFirstName(UserValidation.java:45)
	at com.bridgelab.junituservalidation.UserValidation.enterFirstName(UserValidation.java:45)
	at com.bridgelab.junituservalidation.UserValidation.enterFirstName(UserValidation.java:45)
	at com.bridgelab.junituservalidation.UserValidation.enterFirstName(UserValidation.java:45)
	at com.bridgelab.junituservalidation.UserValidation.enterFirstName(UserValidation.java:45)
	at com.bridgelab.junituservalidation.UserValidation.enterFirstName(UserValidation.java:45)
	at com.bridgelab.junituservalidation.UserValidation.enterFirstName(UserValidation.java:45)
	at com.bridgelab.junituservalidation.UserValidation.enterFirstName(UserValidation.java:45)
	at com.bridgelab.junituservalidation.UserValidation.enterFirstName(UserValidation.java:45)
	at com.bridgelab.junituservalidation.UserValidation.enterFirstName(UserValidation.java:45)
	at com.bridgelab.junituservalidation.UserValidation.enterFirstName(UserValidation.java:45)
	at com.bridgelab.junituservalidation.UserValidation.enterFirstName(UserValidation.java:45)
	at com.bridgelab.junituservalidation.UserValidation.enterFirstName(UserValidation.java:45)
	at com.bridgelab.junituservalidation.UserValidation.enterFirstName(UserValidation.java:45)
	at com.bridgelab.junituservalidation.UserValidation.enterFirstName(UserValidation.java:45)
	at com.bridgelab.junituservalidation.UserValidation.enterFirstName(UserValidation.java:45)
	at com.bridgelab.junituservalidation.UserValidation.enterFirstName(UserValidation.java:45)
	at com.bridgelab.junituservalidation.UserValidation.enterFirstName(UserValidation.java:45)
	at com.bridgelab.junituservalidation.UserValidation.enterFirstName(UserValidation.java:45)
	at com.bridgelab.junituservalidation.UserValidation.enterFirstName(UserValidation.java:45)
	at com.bridgelab.junituservalidation.UserValidation.enterFirstName(UserValidation.java:45)
	at com.bridgelab.junituservalidation.UserValidation.enterFirstName(UserValidation.java:45)
	at com.bridgelab.junituservalidation.UserValidation.enterFirstName(UserValidation.java:45)
	at com.bridgelab.junituservalidation.UserValidation.enterFirstName(UserValidation.java:45)
	at com.bridgelab.junituservalidation.UserValidation.enterFirstName(UserValidation.java:45)
	at com.bridgelab.junituservalidation.UserValidation.enterFirstName(UserValidation.java:45)
	at com.bridgelab.junituservalidation.UserValidation.enterFirstName(UserValidation.java:45)
	at com.bridgelab.junituservalidation.UserValidation.enterFirstName(UserValidation.java:45)
	at com.bridgelab.junituservalidation.UserValidation.enterFirstName(UserValidation.java:45)
	at com.bridgelab.junituservalidation.UserValidation.enterFirstName(UserValidation.java:45)
	at com.bridgelab.junituservalidation.UserValidation.enterFirstName(UserValidation.java:45)
	at com.bridgelab.junituservalidation.UserValidation.enterFirstName(UserValidation.java:45)
	at com.bridgelab.junituservalidation.UserValidation.enterFirstName(UserValidation.java:45)
	at com.bridgelab.junituservalidation.UserValidation.enterFirstName(UserValidation.java:45)
	at com.bridgelab.junituservalidation.UserValidation.enterFirstName(UserValidation.java:45)
	at com.bridgelab.junituservalidation.UserValidation.enterFirstName(UserValidation.java:45)
	at com.bridgelab.junituservalidation.UserValidation.enterFirstName(UserValidation.java:45)
	at com.bridgelab.junituservalidation.UserValidation.enterFirstName(UserValidation.java:45)
	at com.bridgelab.junituservalidation.UserValidation.enterFirstName(UserValidation.java:45)
	at com.bridgelab.junituservalidation.UserValidation.enterFirstName(UserValidation.java:45)
	at com.bridgelab.junituservalidation.UserValidation.enterFirstName(UserValidation.java:45)
	at com.bridgelab.junituservalidation.UserValidation.enterFirstName(UserValidation.java:45)
	at com.bridgelab.junituservalidation.UserValidation.enterFirstName(UserValidation.java:45)
	at com.bridgelab.junituservalidation.UserValidation.enterFirstName(UserValidation.java:45)
	at com.bridgelab.junituservalidation.UserValidation.enterFirstName(UserValidation.java:45)
	at com.bridgelab.junituservalidation.UserValidation.enterFirstName(UserValidation.java:45)
	at com.bridgelab.junituservalidation.UserValidation.enterFirstName(UserValidation.java:45)
	at com.bridgelab.junituservalidation.UserValidation.enterFirstName(UserValidation.java:45)
	at com.bridgelab.junituservalidation.UserValidation.enterFirstName(UserValidation.java:45)
	at com.bridgelab.junituservalidation.UserValidation.enterFirstName(UserValidation.java:45)
	at com.bridgelab.junituservalidation.UserValidation.enterFirstName(UserValidation.java:45)
	at com.bridgelab.junituservalidation.UserValidation.enterFirstName(UserValidation.java:45)
	at com.bridgelab.junituservalidation.UserValidation.enterFirstName(UserValidation.java:45)
	at com.bridgelab.junituservalidation.UserValidation.enterFirstName(UserValidation.java:45)
	at com.bridgelab.junituservalidation.UserValidation.enterFirstName(UserValidation.java:45)
	at com.bridgelab.junituservalidation.UserValidation.enterFirstName(UserValidation.java:45)
	at com.bridgelab.junituservalidation.UserValidation.enterFirstName(UserValidation.java:45)
	at com.bridgelab.junituservalidation.UserValidation.enterFirstName(UserValidation.java:45)
	at com.bridgelab.junituservalidation.UserValidation.enterFirstName(UserValidation.java:45)
	at com.bridgelab.junituservalidation.UserValidation.enterFirstName(UserValidation.java:45)
	at com.bridgelab.junituservalidation.UserValidation.enterFirstName(UserValidation.java:45)
	at com.bridgelab.junituservalidation.UserValidation.enterFirstName(UserValidation.java:45)
	at com.bridgelab.junituservalidation.UserValidation.enterFirstName(UserValidation.java:45)
	at com.bridgelab.junituservalidation.UserValidation.enterFirstName(UserValidation.java:45)
	at com.bridgelab.junituservalidation.UserValidation.enterFirstName(UserValidation.java:45)
	at com.bridgelab.junituservalidation.UserValidation.enterFirstName(UserValidation.java:45)
	at com.bridgelab.junituservalidation.UserValidation.enterFirstName(UserValidation.java:45)
	at com.bridgelab.junituservalidation.UserValidation.enterFirstName(UserValidation.java:45)
	at com.bridgelab.junituservalidation.UserValidation.enterFirstName(UserValidation.java:45)
	at com.bridgelab.junituservalidation.UserValidation.enterFirstName(UserValidation.java:45)
	at com.bridgelab.junituservalidation.UserValidation.enterFirstName(UserValidation.java:45)
	at com.bridgelab.junituservalidation.UserValidation.enterFirstName(UserValidation.java:45)
	at com.bridgelab.junituservalidation.UserValidation.enterFirstName(UserValidation.java:45)
	at com.bridgelab.junituservalidation.UserValidation.enterFirstName(UserValidation.java:45)
	at com.bridgelab.junituservalidation.UserValidation.enterFirstName(UserValidation.java:45)
	at com.bridgelab.junituservalidation.UserValidation.enterFirstName(UserValidation.java:45)
	at com.bridgelab.junituservalidation.UserValidation.enterFirstName(UserValidation.java:45)
	at com.bridgelab.junituservalidation.UserValidation.enterFirstName(UserValidation.java:45)
	at com.bridgelab.junituservalidation.UserValidation.enterFirstName(UserValidation.java:45)
	at com.bridgelab.junituservalidation.UserValidation.enterFirstName(UserValidation.java:45)
	at com.bridgelab.junituservalidation.UserValidation.enterFirstName(UserValidation.java:45)
	at com.bridgelab.junituservalidation.UserValidation.enterFirstName(UserValidation.java:45)
	at com.bridgelab.junituservalidation.UserValidation.enterFirstName(UserValidation.java:45)
	at com.bridgelab.junituservalidation.UserValidation.enterFirstName(UserValidation.java:45)
	at com.bridgelab.junituservalidation.UserValidation.enterFirstName(UserValidation.java:45)
	at com.bridgelab.junituservalidation.UserValidation.enterFirstName(UserValidation.java:45)
	at com.bridgelab.junituservalidation.UserValidation.enterFirstName(UserValidation.java:45)
	at com.bridgelab.junituservalidation.UserValidation.enterFirstName(UserValidation.java:45)
	at com.bridgelab.junituservalidation.UserValidation.enterFirstName(UserValidation.java:45)
	at com.bridgelab.junituservalidation.UserValidation.enterFirstName(UserValidation.java:45)
	at com.bridgelab.junituservalidation.UserValidation.enterFirstName(UserValidation.java:45)
	at com.bridgelab.junituservalidation.UserValidation.enterFirstName(UserValidation.java:45)
	at com.bridgelab.junituservalidation.UserValidation.enterFirstName(UserValidation.java:45)
	at com.bridgelab.junituservalidation.UserValidation.enterFirstName(UserValidation.java:45)
	at com.bridgelab.junituservalidation.UserValidation.enterFirstName(UserValidation.java:45)
	at com.bridgelab.junituservalidation.UserValidation.enterFirstName(UserValidation.java:45)
	at com.bridgelab.junituservalidation.UserValidation.enterFirstName(UserValidation.java:45)
	at com.bridgelab.junituservalidation.UserValidation.enterFirstName(UserValidation.java:45)
	at com.bridgelab.junituservalidation.UserValidation.enterFirstName(UserValidation.java:45)
	at com.bridgelab.junituservalidation.UserValidation.enterFirstName(UserValidation.java:45)
	at com.bridgelab.junituservalidation.UserValidation.enterFirstName(UserValidation.java:45)
	at com.bridgelab.junituservalidation.UserValidation.enterFirstName(UserValidation.java:45)
	at com.bridgelab.junituservalidation.UserValidation.enterFirstName(UserValidation.java:45)
	at com.bridgelab.junituservalidation.UserValidation.enterFirstName(UserValidation.java:45)
	at com.bridgelab.junituservalidation.UserValidation.enterFirstName(UserValidation.java:45)
	at com.bridgelab.junituservalidation.UserValidation.enterFirstName(UserValidation.java:45)
	at com.bridgelab.junituservalidation.UserValidation.enterFirstName(UserValidation.java:45)
	at com.bridgelab.junituservalidation.UserValidation.enterFirstName(UserValidation.java:45)
	at com.bridgelab.junituservalidation.UserValidation.enterFirstName(UserValidation.java:45)
	at com.bridgelab.junituservalidation.UserValidation.enterFirstName(UserValidation.java:45)
	at com.bridgelab.junituservalidation.UserValidation.enterFirstName(UserValidation.java:45)
	at com.bridgelab.junituservalidation.UserValidation.enterFirstName(UserValidation.java:45)
	at com.bridgelab.junituservalidation.UserValidation.enterFirstName(UserValidation.java:45)
	at com.bridgelab.junituservalidation.UserValidation.enterFirstName(UserValidation.java:45)
	at com.bridgelab.junituservalidation.UserValidation.enterFirstName(UserValidation.java:45)
	at com.bridgelab.junituservalidation.UserValidation.enterFirstName(UserValidation.java:45)
	at com.bridgelab.junituservalidation.UserValidation.enterFirstName(UserValidation.java:45)
	at com.bridgelab.junituservalidation.UserValidation.enterFirstName(UserValidation.java:45)
	at com.bridgelab.junituservalidation.UserValidation.enterFirstName(UserValidation.java:45)
	at com.bridgelab.junituservalidation.UserValidation.enterFirstName(UserValidation.java:45)
	at com.bridgelab.junituservalidation.UserValidation.enterFirstName(UserValidation.java:45)
	at com.bridgelab.junituservalidation.UserValidation.enterFirstName(UserValidation.java:45)
	at com.bridgelab.junituservalidation.UserValidation.enterFirstName(UserValidation.java:45)
	at com.bridgelab.junituservalidation.UserValidation.enterFirstName(UserValidation.java:45)
	at com.bridgelab.junituservalidation.UserValidation.enterFirstName(UserValidation.java:45)
	at com.bridgelab.junituservalidation.UserValidation.enterFirstName(UserValidation.java:45)
	at com.bridgelab.junituservalidation.UserValidation.enterFirstName(UserValidation.java:45)
	at com.bridgelab.junituservalidation.UserValidation.enterFirstName(UserValidation.java:45)
	at com.bridgelab.junituservalidation.UserValidation.enterFirstName(UserValidation.java:45)
	at com.bridgelab.junituservalidation.UserValidation.enterFirstName(UserValidation.java:45)
	at com.bridgelab.junituservalidation.UserValidation.enterFirstName(UserValidation.java:45)
	at com.bridgelab.junituservalidation.UserValidation.enterFirstName(UserValidation.java:45)
	at com.bridgelab.junituservalidation.UserValidation.enterFirstName(UserValidation.java:45)
	at com.bridgelab.junituservalidation.UserValidation.enterFirstName(UserValidation.java:45)
	at com.bridgelab.junituservalidation.UserValidation.enterFirstName(UserValidation.java:45)
	at com.bridgelab.junituservalidation.UserValidation.enterFirstName(UserValidation.java:45)
	at com.bridgelab.junituservalidation.UserValidation.enterFirstName(UserValidation.java:45)
	at com.bridgelab.junituservalidation.UserValidation.enterFirstName(UserValidation.java:45)
	at com.bridgelab.junituservalidation.UserValidation.enterFirstName(UserValidation.java:45)
	at com.bridgelab.junituservalidation.UserValidation.enterFirstName(UserValidation.java:45)
	at com.bridgelab.junituservalidation.UserValidation.enterFirstName(UserValidation.java:45)
	at com.bridgelab.junituservalidation.UserValidation.enterFirstName(UserValidation.java:45)
	at com.bridgelab.junituservalidation.UserValidation.enterFirstName(UserValidation.java:45)
	at com.bridgelab.junituservalidation.UserValidation.enterFirstName(UserValidation.java:45)
	at com.bridgelab.junituservalidation.UserValidation.enterFirstName(UserValidation.java:45)
	at com.bridgelab.junituservalidation.UserValidation.enterFirstName(UserValidation.java:45)
	at com.bridgelab.junituservalidation.UserValidation.enterFirstName(UserValidation.java:45)
	at com.bridgelab.junituservalidation.UserValidation.enterFirstName(UserValidation.java:45)
	at com.bridgelab.junituservalidation.UserValidation.enterFirstName(UserValidation.java:45)
	at com.bridgelab.junituservalidation.UserValidation.enterFirstName(UserValidation.java:45)
	at com.bridgelab.junituservalidation.UserValidation.enterFirstName(UserValidation.java:45)
	at com.bridgelab.junituservalidation.UserValidation.enterFirstName(UserValidation.java:45)
	at com.bridgelab.junituservalidation.UserValidation.enterFirstName(UserValidation.java:45)
	at com.bridgelab.junituservalidation.UserValidation.enterFirstName(UserValidation.java:45)
	at com.bridgelab.junituservalidation.UserValidation.enterFirstName(UserValidation.java:45)
	at com.bridgelab.junituservalidation.UserValidation.enterFirstName(UserValidation.java:45)
	at com.bridgelab.junituservalidation.UserValidation.enterFirstName(UserValidation.java:45)
	at com.bridgelab.junituservalidation.UserValidation.enterFirstName(UserValidation.java:45)
	at com.bridgelab.junituservalidation.UserValidation.enterFirstName(UserValidation.java:45)
	at com.bridgelab.junituservalidation.UserValidation.enterFirstName(UserValidation.java:45)
	at com.bridgelab.junituservalidation.UserValidation.enterFirstName(UserValidation.java:45)
	at com.bridgelab.junituservalidation.UserValidation.enterFirstName(UserValidation.java:45)
	at com.bridgelab.junituservalidation.UserValidation.enterFirstName(UserValidation.java:45)
	at com.bridgelab.junituservalidation.UserValidation.enterFirstName(UserValidation.java:45)
	at com.bridgelab.junituservalidation.UserValidation.enterFirstName(UserValidation.java:45)
	at com.bridgelab.junituservalidation.UserValidation.enterFirstName(UserValidation.java:45)
	at com.bridgelab.junituservalidation.UserValidation.enterFirstName(UserValidation.java:45)
	at com.bridgelab.junituservalidation.UserValidation.enterFirstName(UserValidation.java:45)
	at com.bridgelab.junituservalidation.UserValidation.enterFirstName(UserValidation.java:45)
	at com.bridgelab.junituservalidation.UserValidation.enterFirstName(UserValidation.java:45)
	at com.bridgelab.junituservalidation.UserValidation.enterFirstName(UserValidation.java:45)
	at com.bridgelab.junituservalidation.UserValidation.enterFirstName(UserValidation.java:45)
	at com.bridgelab.junituservalidation.UserValidation.enterFirstName(UserValidation.java:45)
	at com.bridgelab.junituservalidation.UserValidation.enterFirstName(UserValidation.java:45)
	at com.bridgelab.junituservalidation.UserValidation.enterFirstName(UserValidation.java:45)
	at com.bridgelab.junituservalidation.UserValidation.enterFirstName(UserValidation.java:45)
	at com.bridgelab.junituservalidation.UserValidation.enterFirstName(UserValidation.java:45)
	at com.bridgelab.junituservalidation.UserValidation.enterFirstName(UserValidation.java:45)
	at com.bridgelab.junituservalidation.UserValidation.enterFirstName(UserValidation.java:45)
	at com.bridgelab.junituservalidation.UserValidation.enterFirstName(UserValidation.java:45)
	at com.bridgelab.junituservalidation.UserValidation.enterFirstName(UserValidation.java:45)
	at com.bridgelab.junituservalidation.UserValidation.enterFirstName(UserValidation.java:45)
	at com.bridgelab.junituservalidation.UserValidation.enterFirstName(UserValidation.java:45)
	at com.bridgelab.junituservalidation.UserValidation.enterFirstName(UserValidation.java:45)
	at com.bridgelab.junituservalidation.UserValidation.enterFirstName(UserValidation.java:45)
	at com.bridgelab.junituservalidation.UserValidation.enterFirstName(UserValidation.java:45)
	at com.bridgelab.junituservalidation.UserValidation.enterFirstName(UserValidation.java:45)
	at com.bridgelab.junituservalidation.UserValidation.enterFirstName(UserValidation.java:45)
	at com.bridgelab.junituservalidation.UserValidation.enterFirstName(UserValidation.java:45)
	at com.bridgelab.junituservalidation.UserValidation.enterFirstName(UserValidation.java:45)
	at com.bridgelab.junituservalidation.UserValidation.enterFirstName(UserValidation.java:45)
	at com.bridgelab.junituservalidation.UserValidation.enterFirstName(UserValidation.java:45)
	at com.bridgelab.junituservalidation.UserValidation.enterFirstName(UserValidation.java:45)
	at com.bridgelab.junituservalidation.UserValidation.enterFirstName(UserValidation.java:45)
	at com.bridgelab.junituservalidation.UserValidation.enterFirstName(UserValidation.java:45)
	at com.bridgelab.junituservalidation.UserValidation.enterFirstName(UserValidation.java:45)
	at com.bridgelab.junituservalidation.UserValidation.enterFirstName(UserValidation.java:45)
	at com.bridgelab.junituservalidation.UserValidation.enterFirstName(UserValidation.java:45)
	at com.bridgelab.junituservalidation.UserValidation.enterFirstName(UserValidation.java:45)
	at com.bridgelab.junituservalidation.UserValidation.enterFirstName(UserValidation.java:45)
	at com.bridgelab.junituservalidation.UserValidation.enterFirstName(UserValidation.java:45)
	at com.bridgelab.junituservalidation.UserValidation.enterFirstName(UserValidation.java:45)
	at com.bridgelab.junituservalidation.UserValidation.enterFirstName(UserValidation.java:45)
	at com.bridgelab.junituservalidation.UserValidation.enterFirstName(UserValidation.java:45)
	at com.bridgelab.junituservalidation.UserValidation.enterFirstName(UserValidation.java:45)
	at com.bridgelab.junituservalidation.UserValidation.enterFirstName(UserValidation.java:45)
	at com.bridgelab.junituservalidation.UserValidation.enterFirstName(UserValidation.java:45)
	at com.bridgelab.junituservalidation.UserValidation.enterFirstName(UserValidation.java:45)
	at com.bridgelab.junituservalidation.UserValidation.enterFirstName(UserValidation.java:45)
	at com.bridgelab.junituservalidation.UserValidation.enterFirstName(UserValidation.java:45)
	at com.bridgelab.junituservalidation.UserValidation.enterFirstName(UserValidation.java:45)
	at com.bridgelab.junituservalidation.UserValidation.enterFirstName(UserValidation.java:45)
	at com.bridgelab.junituservalidation.UserValidation.enterFirstName(UserValidation.java:45)
	at com.bridgelab.junituservalidation.UserValidation.enterFirstName(UserValidation.java:45)
	at com.bridgelab.junituservalidation.UserValidation.enterFirstName(UserValidation.java:45)
	at com.bridgelab.junituservalidation.UserValidation.enterFirstName(UserValidation.java:45)
	at com.bridgelab.junituservalidation.UserValidation.enterFirstName(UserValidation.java:45)
	at com.bridgelab.junituservalidation.UserValidation.enterFirstName(UserValidation.java:45)
	at com.bridgelab.junituservalidation.UserValidation.enterFirstName(UserValidation.java:45)
	at com.bridgelab.junituservalidation.UserValidation.enterFirstName(UserValidation.java:45)
	at com.bridgelab.junituservalidation.UserValidation.enterFirstName(UserValidation.java:45)
	at com.bridgelab.junituservalidation.UserValidation.enterFirstName(UserValidation.java:45)
	at com.bridgelab.junituservalidation.UserValidation.enterFirstName(UserValidation.java:45)
	at com.bridgelab.junituservalidation.UserValidation.enterFirstName(UserValidation.java:45)
	at com.bridgelab.junituservalidation.UserValidation.enterFirstName(UserValidation.java:45)
	at com.bridgelab.junituservalidation.UserValidation.enterFirstName(UserValidation.java:45)
	at com.bridgelab.junituservalidation.UserValidation.enterFirstName(UserValidation.java:45)
	at com.bridgelab.junituservalidation.UserValidation.enterFirstName(UserValidation.java:45)
	at com.bridgelab.junituservalidation.UserValidation.enterFirstName(UserValidation.java:45)
	at com.bridgelab.junituservalidation.UserValidation.enterFirstName(UserValidation.java:45)
	at com.bridgelab.junituservalidation.UserValidation.enterFirstName(UserValidation.java:45)
	at com.bridgelab.junituservalidation.UserValidation.enterFirstName(UserValidation.java:45)
	at com.bridgelab.junituservalidation.UserValidation.enterFirstName(UserValidation.java:45)
	at com.bridgelab.junituservalidation.UserValidation.enterFirstName(UserValidation.java:45)
	at com.bridgelab.junituservalidation.UserValidation.enterFirstName(UserValidation.java:45)
	at com.bridgelab.junituservalidation.UserValidation.enterFirstName(UserValidation.java:45)
	at com.bridgelab.junituservalidation.UserValidation.enterFirstName(UserValidation.java:45)
	at com.bridgelab.junituservalidation.UserValidation.enterFirstName(UserValidation.java:45)
	at com.bridgelab.junituservalidation.UserValidation.enterFirstName(UserValidation.java:45)
	at com.bridgelab.junituservalidation.UserValidation.enterFirstName(UserValidation.java:45)
	at com.bridgelab.junituservalidation.UserValidation.enterFirstName(UserValidation.java:45)
	at com.bridgelab.junituservalidation.UserValidation.enterFirstName(UserValidation.java:45)
	at com.bridgelab.junituservalidation.UserValidation.enterFirstName(UserValidation.java:45)
	at com.bridgelab.junituservalidation.UserValidation.enterFirstName(UserValidation.java:45)
	at com.bridgelab.junituservalidation.UserValidation.enterFirstName(UserValidation.java:45)
	at com.bridgelab.junituservalidation.UserValidation.enterFirstName(UserValidation.java:45)
	at com.bridgelab.junituservalidation.UserValidation.enterFirstName(UserValidation.java:45)
	at com.bridgelab.junituservalidation.UserValidation.enterFirstName(UserValidation.java:45)
	at com.bridgelab.junituservalidation.UserValidation.enterFirstName(UserValidation.java:45)
	at com.bridgelab.junituservalidation.UserValidation.enterFirstName(UserValidation.java:45)
	at com.bridgelab.junituservalidation.UserValidation.enterFirstName(UserValidation.java:45)
	at com.bridgelab.junituservalidation.UserValidation.enterFirstName(UserValidation.java:45)
	at com.bridgelab.junituservalidation.UserValidation.enterFirstName(UserValidation.java:45)
	at com.bridgelab.junituservalidation.UserValidation.enterFirstName(UserValidation.java:45)
	at com.bridgelab.junituservalidation.UserValidation.enterFirstName(UserValidation.java:45)
	at com.bridgelab.junituservalidation.UserValidation.enterFirstName(UserValidation.java:45)
	at com.bridgelab.junituservalidation.UserValidation.enterFirstName(UserValidation.java:45)
	at com.bridgelab.junituservalidation.UserValidation.enterFirstName(UserValidation.java:45)
	at com.bridgelab.junituservalidation.UserValidation.enterFirstName(UserValidation.java:45)
	at com.bridgelab.junituservalidation.UserValidation.enterFirstName(UserValidation.java:45)
	at com.bridgelab.junituservalidation.UserValidation.enterFirstName(UserValidation.java:45)
	at com.bridgelab.junituservalidation.UserValidation.enterFirstName(UserValidation.java:45)
	at com.bridgelab.junituservalidation.UserValidation.enterFirstName(UserValidation.java:45)
	at com.bridgelab.junituservalidation.UserValidation.enterFirstName(UserValidation.java:45)
	at com.bridgelab.junituservalidation.UserValidation.enterFirstName(UserValidation.java:45)
	at com.bridgelab.junituservalidation.UserValidation.enterFirstName(UserValidation.java:45)
	at com.bridgelab.junituservalidation.UserValidation.enterFirstName(UserValidation.java:45)
	at com.bridgelab.junituservalidation.UserValidation.enterFirstName(UserValidation.java:45)
	at com.bridgelab.junituservalidation.UserValidation.enterFirstName(UserValidation.java:45)
	at com.bridgelab.junituservalidation.UserValidation.enterFirstName(UserValidation.java:45)
	at com.bridgelab.junituservalidation.UserValidation.enterFirstName(UserValidation.java:45)
	at com.bridgelab.junituservalidation.UserValidation.enterFirstName(UserValidation.java:45)
	at com.bridgelab.junituservalidation.UserValidation.enterFirstName(UserValidation.java:45)
	at com.bridgelab.junituservalidation.UserValidation.enterFirstName(UserValidation.java:45)
	at com.bridgelab.junituservalidation.UserValidation.enterFirstName(UserValidation.java:45)
	at com.bridgelab.junituservalidation.UserValidation.enterFirstName(UserValidation.java:45)
	at com.bridgelab.junituservalidation.UserValidation.enterFirstName(UserValidation.java:45)
	at com.bridgelab.junituservalidation.UserValidation.enterFirstName(UserValidation.java:45)
	at com.bridgelab.junituservalidation.UserValidation.enterFirstName(UserValidation.java:45)
	at com.bridgelab.junituservalidation.UserValidation.enterFirstName(UserValidation.java:45)
	at com.bridgelab.junituservalidation.UserValidation.enterFirstName(UserValidation.java:45)
	at com.bridgelab.junituservalidation.UserValidation.enterFirstName(UserValidation.java:45)
	at com.bridgelab.junituservalidation.UserValidation.enterFirstName(UserValidation.java:45)
	at com.bridgelab.junituservalidation.UserValidation.enterFirstName(UserValidation.java:45)
	at com.bridgelab.junituservalidation.UserValidation.enterFirstName(UserValidation.java:45)
	at com.bridgelab.junituservalidation.UserValidation.enterFirstName(UserValidation.java:45)
	at com.bridgelab.junituservalidation.UserValidation.enterFirstName(UserValidation.java:45)
	at com.bridgelab.junituservalidation.UserValidation.enterFirstName(UserValidation.java:45)
	at com.bridgelab.junituservalidation.UserValidation.enterFirstName(UserValidation.java:45)
	at com.bridgelab.junituservalidation.UserValidation.enterFirstName(UserValidation.java:45)
	at com.bridgelab.junituservalidation.UserValidation.enterFirstName(UserValidation.java:45)
	at com.bridgelab.junituservalidation.UserValidation.enterFirstName(UserValidation.java:45)
	at com.bridgelab.junituservalidation.UserValidation.enterFirstName(UserValidation.java:45)
	at com.bridgelab.junituservalidation.UserValidation.enterFirstName(UserValidation.java:45)
	at com.bridgelab.junituservalidation.UserValidation.enterFirstName(UserValidation.java:45)
	at com.bridgelab.junituservalidation.UserValidation.enterFirstName(UserValidation.java:45)
	at com.bridgelab.junituservalidation.UserValidation.enterFirstName(UserValidation.java:45)
	at com.bridgelab.junituservalidation.UserValidation.enterFirstName(UserValidation.java:45)
	at com.bridgelab.junituservalidation.UserValidation.enterFirstName(UserValidation.java:45)
	at com.bridgelab.junituservalidation.UserValidation.enterFirstName(UserValidation.java:45)
	at com.bridgelab.junituservalidation.UserValidation.enterFirstName(UserValidation.java:45)
	at com.bridgelab.junituservalidation.UserValidation.enterFirstName(UserValidation.java:45)
	at com.bridgelab.junituservalidation.UserValidation.enterFirstName(UserValidation.java:45)
	at com.bridgelab.junituservalidation.UserValidation.enterFirstName(UserValidation.java:45)
	at com.bridgelab.junituservalidation.UserValidation.enterFirstName(UserValidation.java:45)
	at com.bridgelab.junituservalidation.UserValidation.enterFirstName(UserValidation.java:45)
	at com.bridgelab.junituservalidation.UserValidation.enterFirstName(UserValidation.java:45)
	at com.bridgelab.junituservalidation.UserValidation.enterFirstName(UserValidation.java:45)
	at com.bridgelab.junituservalidation.UserValidation.enterFirstName(UserValidation.java:45)
	at com.bridgelab.junituservalidation.UserValidation.enterFirstName(UserValidation.java:45)
	at com.bridgelab.junituservalidation.UserValidation.enterFirstName(UserValidation.java:45)
	at com.bridgelab.junituservalidation.UserValidation.enterFirstName(UserValidation.java:45)
	at com.bridgelab.junituservalidation.UserValidation.enterFirstName(UserValidation.java:45)
	at com.bridgelab.junituservalidation.UserValidation.enterFirstName(UserValidation.java:45)
	at com.bridgelab.junituservalidation.UserValidation.enterFirstName(UserValidation.java:45)
	at com.bridgelab.junituservalidation.UserValidation.enterFirstName(UserValidation.java:45)
	at com.bridgelab.junituservalidation.UserValidation.enterFirstName(UserValidation.java:45)
	at com.bridgelab.junituservalidation.UserValidation.enterFirstName(UserValidation.java:45)
	at com.bridgelab.junituservalidation.UserValidation.enterFirstName(UserValidation.java:45)
	at com.bridgelab.junituservalidation.UserValidation.enterFirstName(UserValidation.java:45)
	at com.bridgelab.junituservalidation.UserValidation.enterFirstName(UserValidation.java:45)
	at com.bridgelab.junituservalidation.UserValidation.enterFirstName(UserValidation.java:45)
	at com.bridgelab.junituservalidation.UserValidation.enterFirstName(UserValidation.java:45)
	at com.bridgelab.junituservalidation.UserValidation.enterFirstName(UserValidation.java:45)
	at com.bridgelab.junituservalidation.UserValidation.enterFirstName(UserValidation.java:45)
	at com.bridgelab.junituservalidation.UserValidation.enterFirstName(UserValidation.java:45)
	at com.bridgelab.junituservalidation.UserValidation.enterFirstName(UserValidation.java:45)
	at com.bridgelab.junituservalidation.UserValidation.enterFirstName(UserValidation.java:45)
	at com.bridgelab.junituservalidation.UserValidation.enterFirstName(UserValidation.java:45)
	at com.bridgelab.junituservalidation.UserValidation.enterFirstName(UserValidation.java:45)
	at com.bridgelab.junituservalidation.UserValidation.enterFirstName(UserValidation.java:45)
	at com.bridgelab.junituservalidation.UserValidation.enterFirstName(UserValidation.java:45)
	at com.bridgelab.junituservalidation.UserValidation.enterFirstName(UserValidation.java:45)
	at com.bridgelab.junituservalidation.UserValidation.enterFirstName(UserValidation.java:45)
	at com.bridgelab.junituservalidation.UserValidation.enterFirstName(UserValidation.java:45)
	at com.bridgelab.junituservalidation.UserValidation.enterFirstName(UserValidation.java:45)
	at com.bridgelab.junituservalidation.UserValidation.enterFirstName(UserValidation.java:45)
	at com.bridgelab.junituservalidation.UserValidation.enterFirstName(UserValidation.java:45)
	at com.bridgelab.junituservalidation.UserValidation.enterFirstName(UserValidation.java:45)
	at com.bridgelab.junituservalidation.UserValidation.enterFirstName(UserValidation.java:45)
	at com.bridgelab.junituservalidation.UserValidation.enterFirstName(UserValidation.java:45)
	at com.bridgelab.junituservalidation.UserValidation.enterFirstName(UserValidation.java:45)
	at com.bridgelab.junituservalidation.UserValidation.enterFirstName(UserValidation.java:45)
	at com.bridgelab.junituservalidation.UserValidation.enterFirstName(UserValidation.java:45)
	at com.bridgelab.junituservalidation.UserValidation.enterFirstName(UserValidation.java:45)
	at com.bridgelab.junituservalidation.UserValidation.enterFirstName(UserValidation.java:45)
	at com.bridgelab.junituservalidation.UserValidation.enterFirstName(UserValidation.java:45)
	at com.bridgelab.junituservalidation.UserValidation.enterFirstName(UserValidation.java:45)
	at com.bridgelab.junituservalidation.UserValidation.enterFirstName(UserValidation.java:45)
	at com.bridgelab.junituservalidation.UserValidation.enterFirstName(UserValidation.java:45)
	at com.bridgelab.junituservalidation.UserValidation.enterFirstName(UserValidation.java:45)
	at com.bridgelab.junituservalidation.UserValidation.enterFirstName(UserValidation.java:45)
	at com.bridgelab.junituservalidation.UserValidation.enterFirstName(UserValidation.java:45)
	at com.bridgelab.junituservalidation.UserValidation.enterFirstName(UserValidation.java:45)
	at com.bridgelab.junituservalidation.UserValidation.enterFirstName(UserValidation.java:45)
	at com.bridgelab.junituservalidation.UserValidation.enterFirstName(UserValidation.java:45)
	at com.bridgelab.junituservalidation.UserValidation.enterFirstName(UserValidation.java:45)
	at com.bridgelab.junituservalidation.UserValidation.enterFirstName(UserValidation.java:45)
	at com.bridgelab.junituservalidation.UserValidation.enterFirstName(UserValidation.java:45)
	at com.bridgelab.junituservalidation.UserValidation.enterFirstName(UserValidation.java:45)
	at com.bridgelab.junituservalidation.UserValidation.enterFirstName(UserValidation.java:45)
	at com.bridgelab.junituservalidation.UserValidation.enterFirstName(UserValidation.java:45)
	at com.bridgelab.junituservalidation.UserValidation.enterFirstName(UserValidation.java:45)
	at com.bridgelab.junituservalidation.UserValidation.enterFirstName(UserValidation.java:45)
	at com.bridgelab.junituservalidation.UserValidation.enterFirstName(UserValidation.java:45)
	at com.bridgelab.junituservalidation.UserValidation.enterFirstName(UserValidation.java:45)
	at com.bridgelab.junituservalidation.UserValidation.enterFirstName(UserValidation.java:45)
	at com.bridgelab.junituservalidation.UserValidation.enterFirstName(UserValidation.java:45)
	at com.bridgelab.junituservalidation.UserValidation.enterFirstName(UserValidation.java:45)
	at com.bridgelab.junituservalidation.UserValidation.enterFirstName(UserValidation.java:45)
	at com.bridgelab.junituservalidation.UserValidation.enterFirstName(UserValidation.java:45)
	at com.bridgelab.junituservalidation.UserValidation.enterFirstName(UserValidation.java:45)
	at com.bridgelab.junituservalidation.UserValidation.enterFirstName(UserValidation.java:45)
	at com.bridgelab.junituservalidation.UserValidation.enterFirstName(UserValidation.java:45)
	at com.bridgelab.junituservalidation.UserValidation.enterFirstName(UserValidation.java:45)
	at com.bridgelab.junituservalidation.UserValidation.enterFirstName(UserValidation.java:45)
	at com.bridgelab.junituservalidation.UserValidation.enterFirstName(UserValidation.java:45)
	at com.bridgelab.junituservalidation.UserValidation.enterFirstName(UserValidation.java:45)
	at com.bridgelab.junituservalidation.UserValidation.enterFirstName(UserValidation.java:45)
	at com.bridgelab.junituservalidation.UserValidation.enterFirstName(UserValidation.java:45)
	at com.bridgelab.junituservalidation.UserValidation.enterFirstName(UserValidation.java:45)
	at com.bridgelab.junituservalidation.UserValidation.enterFirstName(UserValidation.java:45)
	at com.bridgelab.junituservalidation.UserValidation.enterFirstName(UserValidation.java:45)
	at com.bridgelab.junituservalidation.UserValidation.enterFirstName(UserValidation.java:45)
	at com.bridgelab.junituservalidation.UserValidation.enterFirstName(UserValidation.java:45)
	at com.bridgelab.junituservalidation.UserValidation.enterFirstName(UserValidation.java:45)
	at com.bridgelab.junituservalidation.UserValidation.enterFirstName(UserValidation.java:45)
	at com.bridgelab.junituservalidation.UserValidation.enterFirstName(UserValidation.java:45)
	at com.bridgelab.junituservalidation.UserValidation.enterFirstName(UserValidation.java:45)
	at com.bridgelab.junituservalidation.UserValidation.enterFirstName(UserValidation.java:45)
	at com.bridgelab.junituservalidation.UserValidation.enterFirstName(UserValidation.java:45)
	at com.bridgelab.junituservalidation.UserValidation.enterFirstName(UserValidation.java:45)
	at com.bridgelab.junituservalidation.UserValidation.enterFirstName(UserValidation.java:45)
	at com.bridgelab.junituservalidation.UserValidation.enterFirstName(UserValidation.java:45)
	at com.bridgelab.junituservalidation.UserValidation.enterFirstName(UserValidation.java:45)
	at com.bridgelab.junituservalidation.UserValidation.enterFirstName(UserValidation.java:45)
	at com.bridgelab.junituservalidation.UserValidation.enterFirstName(UserValidation.java:45)
	at com.bridgelab.junituservalidation.UserValidation.enterFirstName(UserValidation.java:45)
	at com.bridgelab.junituservalidation.UserValidation.enterFirstName(UserValidation.java:45)
	at com.bridgelab.junituservalidation.UserValidation.enterFirstName(UserValidation.java:45)
	at com.bridgelab.junituservalidation.UserValidation.enterFirstName(UserValidation.java:45)
	at com.bridgelab.junituservalidation.UserValidation.enterFirstName(UserValidation.java:45)
	at com.bridgelab.junituservalidation.UserValidation.enterFirstName(UserValidation.java:45)
	at com.bridgelab.junituservalidation.UserValidation.enterFirstName(UserValidation.java:45)
	at com.bridgelab.junituservalidation.UserValidation.enterFirstName(UserValidation.java:45)
	at com.bridgelab.junituservalidation.UserValidation.enterFirstName(UserValidation.java:45)
	at com.bridgelab.junituservalidation.UserValidation.enterFirstName(UserValidation.java:45)
	at com.bridgelab.junituservalidation.UserValidation.enterFirstName(UserValidation.java:45)
	at com.bridgelab.junituservalidation.UserValidation.enterFirstName(UserValidation.java:45)
	at com.bridgelab.junituservalidation.UserValidation.enterFirstName(UserValidation.java:45)
	at com.bridgelab.junituservalidation.UserValidation.enterFirstName(UserValidation.java:45)
	at com.bridgelab.junituservalidation.UserValidation.enterFirstName(UserValidation.java:45)
	at com.bridgelab.junituservalidation.UserValidation.enterFirstName(UserValidation.java:45)
	at com.bridgelab.junituservalidation.UserValidation.enterFirstName(UserValidation.java:45)
	at com.bridgelab.junituservalidation.UserValidation.enterFirstName(UserValidation.java:45)
	at com.bridgelab.junituservalidation.UserValidation.enterFirstName(UserValidation.java:45)
	at com.bridgelab.junituservalidation.UserValidation.enterFirstName(UserValidation.java:45)
	at com.bridgelab.junituservalidation.UserValidation.enterFirstName(UserValidation.java:45)
	at com.bridgelab.junituservalidation.UserValidation.enterFirstName(UserValidation.java:45)
	at com.bridgelab.junituservalidation.UserValidation.enterFirstName(UserValidation.java:45)
	at com.bridgelab.junituservalidation.UserValidation.enterFirstName(UserValidation.java:45)
	at com.bridgelab.junituservalidation.UserValidation.enterFirstName(UserValidation.java:45)
	at com.bridgelab.junituservalidation.UserValidation.enterFirstName(UserValidation.java:45)
	at com.bridgelab.junituservalidation.UserValidation.enterFirstName(UserValidation.java:45)
	at com.bridgelab.junituservalidation.UserValidation.enterFirstName(UserValidation.java:45)
	at com.bridgelab.junituservalidation.UserValidation.enterFirstName(UserValidation.java:45)
	at com.bridgelab.junituservalidation.UserValidation.enterFirstName(UserValidation.java:45)
	at com.bridgelab.junituservalidation.UserValidation.enterFirstName(UserValidation.java:45)
	at com.bridgelab.junituservalidation.UserValidation.enterFirstName(UserValidation.java:45)
	at com.bridgelab.junituservalidation.UserValidation.enterFirstName(UserValidation.java:45)
	at com.bridgelab.junituservalidation.UserValidation.enterFirstName(UserValidation.java:45)
	at com.bridgelab.junituservalidation.UserValidation.enterFirstName(UserValidation.java:45)
	at com.bridgelab.junituservalidation.UserValidation.enterFirstName(UserValidation.java:45)
	at com.bridgelab.junituservalidation.UserValidation.enterFirstName(UserValidation.java:45)
	at com.bridgelab.junituservalidation.UserValidation.enterFirstName(UserValidation.java:45)
	at com.bridgelab.junituservalidation.UserValidation.enterFirstName(UserValidation.java:45)
	at com.bridgelab.junituservalidation.UserValidation.enterFirstName(UserValidation.java:45)
	at com.bridgelab.junituservalidation.UserValidation.enterFirstName(UserValidation.java:45)
	at com.bridgelab.junituservalidation.UserValidation.enterFirstName(UserValidation.java:45)
	at com.bridgelab.junituservalidation.UserValidation.enterFirstName(UserValidation.java:45)
	at com.bridgelab.junituservalidation.UserValidation.enterFirstName(UserValidation.java:45)
	at com.bridgelab.junituservalidation.UserValidation.enterFirstName(UserValidation.java:45)
	at com.bridgelab.junituservalidation.UserValidation.enterFirstName(UserValidation.java:45)
	at com.bridgelab.junituservalidation.UserValidation.enterFirstName(UserValidation.java:45)
	at com.bridgelab.junituservalidation.UserValidation.enterFirstName(UserValidation.java:45)
	at com.bridgelab.junituservalidation.UserValidation.enterFirstName(UserValidation.java:45)
	at com.bridgelab.junituservalidation.UserValidation.enterFirstName(UserValidation.java:45)
	at com.bridgelab.junituservalidation.UserValidation.enterFirstName(UserValidation.java:45)
	at com.bridgelab.junituservalidation.UserValidation.enterFirstName(UserValidation.java:45)
	at com.bridgelab.junituservalidation.UserValidation.enterFirstName(UserValidation.java:45)
	at com.bridgelab.junituservalidation.UserValidation.enterFirstName(UserValidation.java:45)
	at com.bridgelab.junituservalidation.UserValidation.enterFirstName(UserValidation.java:45)
	at com.bridgelab.junituservalidation.UserValidation.enterFirstName(UserValidation.java:45)
	at com.bridgelab.junituservalidation.UserValidation.enterFirstName(UserValidation.java:45)
	at com.bridgelab.junituservalidation.UserValidation.enterFirstName(UserValidation.java:45)
	at com.bridgelab.junituservalidation.UserValidation.enterFirstName(UserValidation.java:45)
	at com.bridgelab.junituservalidation.UserValidation.enterFirstName(UserValidation.java:45)
	at com.bridgelab.junituservalidation.UserValidation.enterFirstName(UserValidation.java:45)
	at com.bridgelab.junituservalidation.UserValidation.enterFirstName(UserValidation.java:45)
	at com.bridgelab.junituservalidation.UserValidation.enterFirstName(UserValidation.java:45)
	at com.bridgelab.junituservalidation.UserValidation.enterFirstName(UserValidation.java:45)
	at com.bridgelab.junituservalidation.UserValidation.enterFirstName(UserValidation.java:45)
	at com.bridgelab.junituservalidation.UserValidation.enterFirstName(UserValidation.java:45)
	at com.bridgelab.junituservalidation.UserValidation.enterFirstName(UserValidation.java:45)
</failure>
  </testcase>
  <system-out><![CDATA[













































































































































































































































































































































































































































































































































































































































































































































































































































































































































































































































































































































































































































































































































































































































































































































































































































































































































































































































































































































































































































































































































































































































































































































































































































































































































































































































































































































































































































































































































































































































































































































































































































































































































































































































































































































































































































































































































































































































































































































































































































































































































































































































































































































































































































































































































































































































































































































































































































































































































































































































































































































































































































































































































































































































































































































































































































































































































































































































































































































































































































































































































































































































































































































































































































































































































































































































































































































































































































































































































































































































































































































































































































































































































































































































































































































































































































































































































































































































































































































































































































































































































































































































































































































































































































































































































































































































































































































































































































































































































































































































































































































































































































































































































































































































































































































































































































































































































































































































































































































































































































































































































































































































































































































































































































































































































































































































































































































































































































































































































































































































































































































































































































































































































































































































































































































































































































































































































































































































































































































































































































































































































































































































































































































































































































































































































































































































































































































































































































































































































































































































































































































































































































































































































































































































































































































































































































































































































































































































































































































































































































































































































































































































































































































































































































































































































































































































































































































































































































































































































































































































































































































































































































































































































































































































































































































































































































































































































































































































































































































































































































































































































































































































































































































































































































































































































































































































































































































































































































































































































































































































































































































































































































































































































































































































































































































































































































































































































































































































































































































































































































































































































































































































































































































































































































































































































































































































































































































































































































































































































































































































































































































































































































































































































































































































































































































































































































































































































































































































































































































































































































































































































































































































































































































































































































































































































































































































































































































































































































































































































































































































































































































































































































































































































































































































































































































































































































































































































































































































































































































































































































































































































































































































































































































































































































































































































































































































































































































































































































































































































































































































































































































































































































































































































































































































































































































































































































































































































































































































































































































































































































































































































































































































































































































































































































































































































































































































































































































































































































































































































































































































































































































































































































































































































































































































































































































































































































































































































































































































































































































































































































































































































































































































































































































































































































































































































































































































































































































































































































































































































































































































































































































































































































































































































































































































































































































































































































































































































































































































































































































































































































































































































































































































































































































































































































































































































































































































































































































































































































































































































































































































































































































































































































































































































































































































































































































































































































































































































































































































































































































































































































































































































































































































































































































































































































































































































































































































































































































































































































































































































































































































































































































































































































































































































































































































































































































































































































































































































































































































































































































































































































































































































]]></system-out>
  <system-err><![CDATA[Wrong Input : Fist letter Should be capital and must contains minimum 3 characters :
Wrong Input : Fist letter Should be capital and must contains minimum 3 characters :
Wrong Input : Fist letter Should be capital and must contains minimum 3 characters :
Wrong Input : Fist letter Should be capital and must contains minimum 3 characters :
Wrong Input : Fist letter Should be capital and must contains minimum 3 characters :
Wrong Input : Fist letter Should be capital and must contains minimum 3 characters :
Wrong Input : Fist letter Should be capital and must contains minimum 3 characters :
Wrong Input : Fist letter Should be capital and must contains minimum 3 characters :
Wrong Input : Fist letter Should be capital and must contains minimum 3 characters :
Wrong Input : Fist letter Should be capital and must contains minimum 3 characters :
Wrong Input : Fist letter Should be capital and must contains minimum 3 characters :
Wrong Input : Fist letter Should be capital and must contains minimum 3 characters :
Wrong Input : Fist letter Should be capital and must contains minimum 3 characters :
Wrong Input : Fist letter Should be capital and must contains minimum 3 characters :
Wrong Input : Fist letter Should be capital and must contains minimum 3 characters :
Wrong Input : Fist letter Should be capital and must contains minimum 3 characters :
Wrong Input : Fist letter Should be capital and must contains minimum 3 characters :
Wrong Input : Fist letter Should be capital and must contains minimum 3 characters :
Wrong Input : Fist letter Should be capital and must contains minimum 3 characters :
Wrong Input : Fist letter Should be capital and must contains minimum 3 characters :
Wrong Input : Fist letter Should be capital and must contains minimum 3 characters :
Wrong Input : Fist letter Should be capital and must contains minimum 3 characters :
Wrong Input : Fist letter Should be capital and must contains minimum 3 characters :
Wrong Input : Fist letter Should be capital and must contains minimum 3 characters :
Wrong Input : Fist letter Should be capital and must contains minimum 3 characters :
Wrong Input : Fist letter Should be capital and must contains minimum 3 characters :
Wrong Input : Fist letter Should be capital and must contains minimum 3 characters :
Wrong Input : Fist letter Should be capital and must contains minimum 3 characters :
Wrong Input : Fist letter Should be capital and must contains minimum 3 characters :
Wrong Input : Fist letter Should be capital and must contains minimum 3 characters :
Wrong Input : Fist letter Should be capital and must contains minimum 3 characters :
Wrong Input : Fist letter Should be capital and must contains minimum 3 characters :
Wrong Input : Fist letter Should be capital and must contains minimum 3 characters :
Wrong Input : Fist letter Should be capital and must contains minimum 3 characters :
Wrong Input : Fist letter Should be capital and must contains minimum 3 characters :
Wrong Input : Fist letter Should be capital and must contains minimum 3 characters :
Wrong Input : Fist letter Should be capital and must contains minimum 3 characters :
Wrong Input : Fist letter Should be capital and must contains minimum 3 characters :
Wrong Input : Fist letter Should be capital and must contains minimum 3 characters :
Wrong Input : Fist letter Should be capital and must contains minimum 3 characters :
Wrong Input : Fist letter Should be capital and must contains minimum 3 characters :
Wrong Input : Fist letter Should be capital and must contains minimum 3 characters :
Wrong Input : Fist letter Should be capital and must contains minimum 3 characters :
Wrong Input : Fist letter Should be capital and must contains minimum 3 characters :
Wrong Input : Fist letter Should be capital and must contains minimum 3 characters :
Wrong Input : Fist letter Should be capital and must contains minimum 3 characters :
Wrong Input : Fist letter Should be capital and must contains minimum 3 characters :
Wrong Input : Fist letter Should be capital and must contains minimum 3 characters :
Wrong Input : Fist letter Should be capital and must contains minimum 3 characters :
Wrong Input : Fist letter Should be capital and must contains minimum 3 characters :
Wrong Input : Fist letter Should be capital and must contains minimum 3 characters :
Wrong Input : Fist letter Should be capital and must contains minimum 3 characters :
Wrong Input : Fist letter Should be capital and must contains minimum 3 characters :
Wrong Input : Fist letter Should be capital and must contains minimum 3 characters :
Wrong Input : Fist letter Should be capital and must contains minimum 3 characters :
Wrong Input : Fist letter Should be capital and must contains minimum 3 characters :
Wrong Input : Fist letter Should be capital and must contains minimum 3 characters :
Wrong Input : Fist letter Should be capital and must contains minimum 3 characters :
Wrong Input : Fist letter Should be capital and must contains minimum 3 characters :
Wrong Input : Fist letter Should be capital and must contains minimum 3 characters :
Wrong Input : Fist letter Should be capital and must contains minimum 3 characters :
Wrong Input : Fist letter Should be capital and must contains minimum 3 characters :
Wrong Input : Fist letter Should be capital and must contains minimum 3 characters :
Wrong Input : Fist letter Should be capital and must contains minimum 3 characters :
Wrong Input : Fist letter Should be capital and must contains minimum 3 characters :
Wrong Input : Fist letter Should be capital and must contains minimum 3 characters :
Wrong Input : Fist letter Should be capital and must contains minimum 3 characters :
Wrong Input : Fist letter Should be capital and must contains minimum 3 characters :
Wrong Input : Fist letter Should be capital and must contains minimum 3 characters :
Wrong Input : Fist letter Should be capital and must contains minimum 3 characters :
Wrong Input : Fist letter Should be capital and must contains minimum 3 characters :
Wrong Input : Fist letter Should be capital and must contains minimum 3 characters :
Wrong Input : Fist letter Should be capital and must contains minimum 3 characters :
Wrong Input : Fist letter Should be capital and must contains minimum 3 characters :
Wrong Input : Fist letter Should be capital and must contains minimum 3 characters :
Wrong Input : Fist letter Should be capital and must contains minimum 3 characters :
Wrong Input : Fist letter Should be capital and must contains minimum 3 characters :
Wrong Input : Fist letter Should be capital and must contains minimum 3 characters :
Wrong Input : Fist letter Should be capital and must contains minimum 3 characters :
Wrong Input : Fist letter Should be capital and must contains minimum 3 characters :
Wrong Input : Fist letter Should be capital and must contains minimum 3 characters :
Wrong Input : Fist letter Should be capital and must contains minimum 3 characters :
Wrong Input : Fist letter Should be capital and must contains minimum 3 characters :
Wrong Input : Fist letter Should be capital and must contains minimum 3 characters :
Wrong Input : Fist letter Should be capital and must contains minimum 3 characters :
Wrong Input : Fist letter Should be capital and must contains minimum 3 characters :
Wrong Input : Fist letter Should be capital and must contains minimum 3 characters :
Wrong Input : Fist letter Should be capital and must contains minimum 3 characters :
Wrong Input : Fist letter Should be capital and must contains minimum 3 characters :
Wrong Input : Fist letter Should be capital and must contains minimum 3 characters :
Wrong Input : Fist letter Should be capital and must contains minimum 3 characters :
Wrong Input : Fist letter Should be capital and must contains minimum 3 characters :
Wrong Input : Fist letter Should be capital and must contains minimum 3 characters :
Wrong Input : Fist letter Should be capital and must contains minimum 3 characters :
Wrong Input : Fist letter Should be capital and must contains minimum 3 characters :
Wrong Input : Fist letter Should be capital and must contains minimum 3 characters :
Wrong Input : Fist letter Should be capital and must contains minimum 3 characters :
Wrong Input : Fist letter Should be capital and must contains minimum 3 characters :
Wrong Input : Fist letter Should be capital and must contains minimum 3 characters :
Wrong Input : Fist letter Should be capital and must contains minimum 3 characters :
Wrong Input : Fist letter Should be capital and must contains minimum 3 characters :
Wrong Input : Fist letter Should be capital and must contains minimum 3 characters :
Wrong Input : Fist letter Should be capital and must contains minimum 3 characters :
Wrong Input : Fist letter Should be capital and must contains minimum 3 characters :
Wrong Input : Fist letter Should be capital and must contains minimum 3 characters :
Wrong Input : Fist letter Should be capital and must contains minimum 3 characters :
Wrong Input : Fist letter Should be capital and must contains minimum 3 characters :
Wrong Input : Fist letter Should be capital and must contains minimum 3 characters :
Wrong Input : Fist letter Should be capital and must contains minimum 3 characters :
Wrong Input : Fist letter Should be capital and must contains minimum 3 characters :
Wrong Input : Fist letter Should be capital and must contains minimum 3 characters :
Wrong Input : Fist letter Should be capital and must contains minimum 3 characters :
Wrong Input : Fist letter Should be capital and must contains minimum 3 characters :
Wrong Input : Fist letter Should be capital and must contains minimum 3 characters :
Wrong Input : Fist letter Should be capital and must contains minimum 3 characters :
Wrong Input : Fist letter Should be capital and must contains minimum 3 characters :
Wrong Input : Fist letter Should be capital and must contains minimum 3 characters :
Wrong Input : Fist letter Should be capital and must contains minimum 3 characters :
Wrong Input : Fist letter Should be capital and must contains minimum 3 characters :
Wrong Input : Fist letter Should be capital and must contains minimum 3 characters :
Wrong Input : Fist letter Should be capital and must contains minimum 3 characters :
Wrong Input : Fist letter Should be capital and must contains minimum 3 characters :
Wrong Input : Fist letter Should be capital and must contains minimum 3 characters :
Wrong Input : Fist letter Should be capital and must contains minimum 3 characters :
Wrong Input : Fist letter Should be capital and must contains minimum 3 characters :
Wrong Input : Fist letter Should be capital and must contains minimum 3 characters :
Wrong Input : Fist letter Should be capital and must contains minimum 3 characters :
Wrong Input : Fist letter Should be capital and must contains minimum 3 characters :
Wrong Input : Fist letter Should be capital and must contains minimum 3 characters :
Wrong Input : Fist letter Should be capital and must contains minimum 3 characters :
Wrong Input : Fist letter Should be capital and must contains minimum 3 characters :
Wrong Input : Fist letter Should be capital and must contains minimum 3 characters :
Wrong Input : Fist letter Should be capital and must contains minimum 3 characters :
Wrong Input : Fist letter Should be capital and must contains minimum 3 characters :
Wrong Input : Fist letter Should be capital and must contains minimum 3 characters :
Wrong Input : Fist letter Should be capital and must contains minimum 3 characters :
Wrong Input : Fist letter Should be capital and must contains minimum 3 characters :
Wrong Input : Fist letter Should be capital and must contains minimum 3 characters :
Wrong Input : Fist letter Should be capital and must contains minimum 3 characters :
Wrong Input : Fist letter Should be capital and must contains minimum 3 characters :
Wrong Input : Fist letter Should be capital and must contains minimum 3 characters :
Wrong Input : Fist letter Should be capital and must contains minimum 3 characters :
Wrong Input : Fist letter Should be capital and must contains minimum 3 characters :
Wrong Input : Fist letter Should be capital and must contains minimum 3 characters :
Wrong Input : Fist letter Should be capital and must contains minimum 3 characters :
Wrong Input : Fist letter Should be capital and must contains minimum 3 characters :
Wrong Input : Fist letter Should be capital and must contains minimum 3 characters :
Wrong Input : Fist letter Should be capital and must contains minimum 3 characters :
Wrong Input : Fist letter Should be capital and must contains minimum 3 characters :
Wrong Input : Fist letter Should be capital and must contains minimum 3 characters :
Wrong Input : Fist letter Should be capital and must contains minimum 3 characters :
Wrong Input : Fist letter Should be capital and must contains minimum 3 characters :
Wrong Input : Fist letter Should be capital and must contains minimum 3 characters :
Wrong Input : Fist letter Should be capital and must contains minimum 3 characters :
Wrong Input : Fist letter Should be capital and must contains minimum 3 characters :
Wrong Input : Fist letter Should be capital and must contains minimum 3 characters :
Wrong Input : Fist letter Should be capital and must contains minimum 3 characters :
Wrong Input : Fist letter Should be capital and must contains minimum 3 characters :
Wrong Input : Fist letter Should be capital and must contains minimum 3 characters :
Wrong Input : Fist letter Should be capital and must contains minimum 3 characters :
Wrong Input : Fist letter Should be capital and must contains minimum 3 characters :
Wrong Input : Fist letter Should be capital and must contains minimum 3 characters :
Wrong Input : Fist letter Should be capital and must contains minimum 3 characters :
Wrong Input : Fist letter Should be capital and must contains minimum 3 characters :
Wrong Input : Fist letter Should be capital and must contains minimum 3 characters :
Wrong Input : Fist letter Should be capital and must contains minimum 3 characters :
Wrong Input : Fist letter Should be capital and must contains minimum 3 characters :
Wrong Input : Fist letter Should be capital and must contains minimum 3 characters :
Wrong Input : Fist letter Should be capital and must contains minimum 3 characters :
Wrong Input : Fist letter Should be capital and must contains minimum 3 characters :
Wrong Input : Fist letter Should be capital and must contains minimum 3 characters :
Wrong Input : Fist letter Should be capital and must contains minimum 3 characters :
Wrong Input : Fist letter Should be capital and must contains minimum 3 characters :
Wrong Input : Fist letter Should be capital and must contains minimum 3 characters :
Wrong Input : Fist letter Should be capital and must contains minimum 3 characters :
Wrong Input : Fist letter Should be capital and must contains minimum 3 characters :
Wrong Input : Fist letter Should be capital and must contains minimum 3 characters :
Wrong Input : Fist letter Should be capital and must contains minimum 3 characters :
Wrong Input : Fist letter Should be capital and must contains minimum 3 characters :
Wrong Input : Fist letter Should be capital and must contains minimum 3 characters :
Wrong Input : Fist letter Should be capital and must contains minimum 3 characters :
Wrong Input : Fist letter Should be capital and must contains minimum 3 characters :
Wrong Input : Fist letter Should be capital and must contains minimum 3 characters :
Wrong Input : Fist letter Should be capital and must contains minimum 3 characters :
Wrong Input : Fist letter Should be capital and must contains minimum 3 characters :
Wrong Input : Fist letter Should be capital and must contains minimum 3 characters :
Wrong Input : Fist letter Should be capital and must contains minimum 3 characters :
Wrong Input : Fist letter Should be capital and must contains minimum 3 characters :
Wrong Input : Fist letter Should be capital and must contains minimum 3 characters :
Wrong Input : Fist letter Should be capital and must contains minimum 3 characters :
Wrong Input : Fist letter Should be capital and must contains minimum 3 characters :
Wrong Input : Fist letter Should be capital and must contains minimum 3 characters :
Wrong Input : Fist letter Should be capital and must contains minimum 3 characters :
Wrong Input : Fist letter Should be capital and must contains minimum 3 characters :
Wrong Input : Fist letter Should be capital and must contains minimum 3 characters :
Wrong Input : Fist letter Should be capital and must contains minimum 3 characters :
Wrong Input : Fist letter Should be capital and must contains minimum 3 characters :
Wrong Input : Fist letter Should be capital and must contains minimum 3 characters :
Wrong Input : Fist letter Should be capital and must contains minimum 3 characters :
Wrong Input : Fist letter Should be capital and must contains minimum 3 characters :
Wrong Input : Fist letter Should be capital and must contains minimum 3 characters :
Wrong Input : Fist letter Should be capital and must contains minimum 3 characters :
Wrong Input : Fist letter Should be capital and must contains minimum 3 characters :
Wrong Input : Fist letter Should be capital and must contains minimum 3 characters :
Wrong Input : Fist letter Should be capital and must contains minimum 3 characters :
Wrong Input : Fist letter Should be capital and must contains minimum 3 characters :
Wrong Input : Fist letter Should be capital and must contains minimum 3 characters :
Wrong Input : Fist letter Should be capital and must contains minimum 3 characters :
Wrong Input : Fist letter Should be capital and must contains minimum 3 characters :
Wrong Input : Fist letter Should be capital and must contains minimum 3 characters :
Wrong Input : Fist letter Should be capital and must contains minimum 3 characters :
Wrong Input : Fist letter Should be capital and must contains minimum 3 characters :
Wrong Input : Fist letter Should be capital and must contains minimum 3 characters :
Wrong Input : Fist letter Should be capital and must contains minimum 3 characters :
Wrong Input : Fist letter Should be capital and must contains minimum 3 characters :
Wrong Input : Fist letter Should be capital and must contains minimum 3 characters :
Wrong Input : Fist letter Should be capital and must contains minimum 3 characters :
Wrong Input : Fist letter Should be capital and must contains minimum 3 characters :
Wrong Input : Fist letter Should be capital and must contains minimum 3 characters :
Wrong Input : Fist letter Should be capital and must contains minimum 3 characters :
Wrong Input : Fist letter Should be capital and must contains minimum 3 characters :
Wrong Input : Fist letter Should be capital and must contains minimum 3 characters :
Wrong Input : Fist letter Should be capital and must contains minimum 3 characters :
Wrong Input : Fist letter Should be capital and must contains minimum 3 characters :
Wrong Input : Fist letter Should be capital and must contains minimum 3 characters :
Wrong Input : Fist letter Should be capital and must contains minimum 3 characters :
Wrong Input : Fist letter Should be capital and must contains minimum 3 characters :
Wrong Input : Fist letter Should be capital and must contains minimum 3 characters :
Wrong Input : Fist letter Should be capital and must contains minimum 3 characters :
Wrong Input : Fist letter Should be capital and must contains minimum 3 characters :
Wrong Input : Fist letter Should be capital and must contains minimum 3 characters :
Wrong Input : Fist letter Should be capital and must contains minimum 3 characters :
Wrong Input : Fist letter Should be capital and must contains minimum 3 characters :
Wrong Input : Fist letter Should be capital and must contains minimum 3 characters :
Wrong Input : Fist letter Should be capital and must contains minimum 3 characters :
Wrong Input : Fist letter Should be capital and must contains minimum 3 characters :
Wrong Input : Fist letter Should be capital and must contains minimum 3 characters :
Wrong Input : Fist letter Should be capital and must contains minimum 3 characters :
Wrong Input : Fist letter Should be capital and must contains minimum 3 characters :
Wrong Input : Fist letter Should be capital and must contains minimum 3 characters :
Wrong Input : Fist letter Should be capital and must contains minimum 3 characters :
Wrong Input : Fist letter Should be capital and must contains minimum 3 characters :
Wrong Input : Fist letter Should be capital and must contains minimum 3 characters :
Wrong Input : Fist letter Should be capital and must contains minimum 3 characters :
Wrong Input : Fist letter Should be capital and must contains minimum 3 characters :
Wrong Input : Fist letter Should be capital and must contains minimum 3 characters :
Wrong Input : Fist letter Should be capital and must contains minimum 3 characters :
Wrong Input : Fist letter Should be capital and must contains minimum 3 characters :
Wrong Input : Fist letter Should be capital and must contains minimum 3 characters :
Wrong Input : Fist letter Should be capital and must contains minimum 3 characters :
Wrong Input : Fist letter Should be capital and must contains minimum 3 characters :
Wrong Input : Fist letter Should be capital and must contains minimum 3 characters :
Wrong Input : Fist letter Should be capital and must contains minimum 3 characters :
Wrong Input : Fist letter Should be capital and must contains minimum 3 characters :
Wrong Input : Fist letter Should be capital and must contains minimum 3 characters :
Wrong Input : Fist letter Should be capital and must contains minimum 3 characters :
Wrong Input : Fist letter Should be capital and must contains minimum 3 characters :
Wrong Input : Fist letter Should be capital and must contains minimum 3 characters :
Wrong Input : Fist letter Should be capital and must contains minimum 3 characters :
Wrong Input : Fist letter Should be capital and must contains minimum 3 characters :
Wrong Input : Fist letter Should be capital and must contains minimum 3 characters :
Wrong Input : Fist letter Should be capital and must contains minimum 3 characters :
Wrong Input : Fist letter Should be capital and must contains minimum 3 characters :
Wrong Input : Fist letter Should be capital and must contains minimum 3 characters :
Wrong Input : Fist letter Should be capital and must contains minimum 3 characters :
Wrong Input : Fist letter Should be capital and must contains minimum 3 characters :
Wrong Input : Fist letter Should be capital and must contains minimum 3 characters :
Wrong Input : Fist letter Should be capital and must contains minimum 3 characters :
Wrong Input : Fist letter Should be capital and must contains minimum 3 characters :
Wrong Input : Fist letter Should be capital and must contains minimum 3 characters :
Wrong Input : Fist letter Should be capital and must contains minimum 3 characters :
Wrong Input : Fist letter Should be capital and must contains minimum 3 characters :
Wrong Input : Fist letter Should be capital and must contains minimum 3 characters :
Wrong Input : Fist letter Should be capital and must contains minimum 3 characters :
Wrong Input : Fist letter Should be capital and must contains minimum 3 characters :
Wrong Input : Fist letter Should be capital and must contains minimum 3 characters :
Wrong Input : Fist letter Should be capital and must contains minimum 3 characters :
Wrong Input : Fist letter Should be capital and must contains minimum 3 characters :
Wrong Input : Fist letter Should be capital and must contains minimum 3 characters :
Wrong Input : Fist letter Should be capital and must contains minimum 3 characters :
Wrong Input : Fist letter Should be capital and must contains minimum 3 characters :
Wrong Input : Fist letter Should be capital and must contains minimum 3 characters :
Wrong Input : Fist letter Should be capital and must contains minimum 3 characters :
Wrong Input : Fist letter Should be capital and must contains minimum 3 characters :
Wrong Input : Fist letter Should be capital and must contains minimum 3 characters :
Wrong Input : Fist letter Should be capital and must contains minimum 3 characters :
Wrong Input : Fist letter Should be capital and must contains minimum 3 characters :
Wrong Input : Fist letter Should be capital and must contains minimum 3 characters :
Wrong Input : Fist letter Should be capital and must contains minimum 3 characters :
Wrong Input : Fist letter Should be capital and must contains minimum 3 characters :
Wrong Input : Fist letter Should be capital and must contains minimum 3 characters :
Wrong Input : Fist letter Should be capital and must contains minimum 3 characters :
Wrong Input : Fist letter Should be capital and must contains minimum 3 characters :
Wrong Input : Fist letter Should be capital and must contains minimum 3 characters :
Wrong Input : Fist letter Should be capital and must contains minimum 3 characters :
Wrong Input : Fist letter Should be capital and must contains minimum 3 characters :
Wrong Input : Fist letter Should be capital and must contains minimum 3 characters :
Wrong Input : Fist letter Should be capital and must contains minimum 3 characters :
Wrong Input : Fist letter Should be capital and must contains minimum 3 characters :
Wrong Input : Fist letter Should be capital and must contains minimum 3 characters :
Wrong Input : Fist letter Should be capital and must contains minimum 3 characters :
Wrong Input : Fist letter Should be capital and must contains minimum 3 characters :
Wrong Input : Fist letter Should be capital and must contains minimum 3 characters :
Wrong Input : Fist letter Should be capital and must contains minimum 3 characters :
Wrong Input : Fist letter Should be capital and must contains minimum 3 characters :
Wrong Input : Fist letter Should be capital and must contains minimum 3 characters :
Wrong Input : Fist letter Should be capital and must contains minimum 3 characters :
Wrong Input : Fist letter Should be capital and must contains minimum 3 characters :
Wrong Input : Fist letter Should be capital and must contains minimum 3 characters :
Wrong Input : Fist letter Should be capital and must contains minimum 3 characters :
Wrong Input : Fist letter Should be capital and must contains minimum 3 characters :
Wrong Input : Fist letter Should be capital and must contains minimum 3 characters :
Wrong Input : Fist letter Should be capital and must contains minimum 3 characters :
Wrong Input : Fist letter Should be capital and must contains minimum 3 characters :
Wrong Input : Fist letter Should be capital and must contains minimum 3 characters :
Wrong Input : Fist letter Should be capital and must contains minimum 3 characters :
Wrong Input : Fist letter Should be capital and must contains minimum 3 characters :
Wrong Input : Fist letter Should be capital and must contains minimum 3 characters :
Wrong Input : Fist letter Should be capital and must contains minimum 3 characters :
Wrong Input : Fist letter Should be capital and must contains minimum 3 characters :
Wrong Input : Fist letter Should be capital and must contains minimum 3 characters :
Wrong Input : Fist letter Should be capital and must contains minimum 3 characters :
Wrong Input : Fist letter Should be capital and must contains minimum 3 characters :
Wrong Input : Fist letter Should be capital and must contains minimum 3 characters :
Wrong Input : Fist letter Should be capital and must contains minimum 3 characters :
Wrong Input : Fist letter Should be capital and must contains minimum 3 characters :
Wrong Input : Fist letter Should be capital and must contains minimum 3 characters :
Wrong Input : Fist letter Should be capital and must contains minimum 3 characters :
Wrong Input : Fist letter Should be capital and must contains minimum 3 characters :
Wrong Input : Fist letter Should be capital and must contains minimum 3 characters :
Wrong Input : Fist letter Should be capital and must contains minimum 3 characters :
Wrong Input : Fist letter Should be capital and must contains minimum 3 characters :
Wrong Input : Fist letter Should be capital and must contains minimum 3 characters :
Wrong Input : Fist letter Should be capital and must contains minimum 3 characters :
Wrong Input : Fist letter Should be capital and must contains minimum 3 characters :
Wrong Input : Fist letter Should be capital and must contains minimum 3 characters :
Wrong Input : Fist letter Should be capital and must contains minimum 3 characters :
Wrong Input : Fist letter Should be capital and must contains minimum 3 characters :
Wrong Input : Fist letter Should be capital and must contains minimum 3 characters :
Wrong Input : Fist letter Should be capital and must contains minimum 3 characters :
Wrong Input : Fist letter Should be capital and must contains minimum 3 characters :
Wrong Input : Fist letter Should be capital and must contains minimum 3 characters :
Wrong Input : Fist letter Should be capital and must contains minimum 3 characters :
Wrong Input : Fist letter Should be capital and must contains minimum 3 characters :
Wrong Input : Fist letter Should be capital and must contains minimum 3 characters :
Wrong Input : Fist letter Should be capital and must contains minimum 3 characters :
Wrong Input : Fist letter Should be capital and must contains minimum 3 characters :
Wrong Input : Fist letter Should be capital and must contains minimum 3 characters :
Wrong Input : Fist letter Should be capital and must contains minimum 3 characters :
Wrong Input : Fist letter Should be capital and must contains minimum 3 characters :
Wrong Input : Fist letter Should be capital and must contains minimum 3 characters :
Wrong Input : Fist letter Should be capital and must contains minimum 3 characters :
Wrong Input : Fist letter Should be capital and must contains minimum 3 characters :
Wrong Input : Fist letter Should be capital and must contains minimum 3 characters :
Wrong Input : Fist letter Should be capital and must contains minimum 3 characters :
Wrong Input : Fist letter Should be capital and must contains minimum 3 characters :
Wrong Input : Fist letter Should be capital and must contains minimum 3 characters :
Wrong Input : Fist letter Should be capital and must contains minimum 3 characters :
Wrong Input : Fist letter Should be capital and must contains minimum 3 characters :
Wrong Input : Fist letter Should be capital and must contains minimum 3 characters :
Wrong Input : Fist letter Should be capital and must contains minimum 3 characters :
Wrong Input : Fist letter Should be capital and must contains minimum 3 characters :
Wrong Input : Fist letter Should be capital and must contains minimum 3 characters :
Wrong Input : Fist letter Should be capital and must contains minimum 3 characters :
Wrong Input : Fist letter Should be capital and must contains minimum 3 characters :
Wrong Input : Fist letter Should be capital and must contains minimum 3 characters :
Wrong Input : Fist letter Should be capital and must contains minimum 3 characters :
Wrong Input : Fist letter Should be capital and must contains minimum 3 characters :
Wrong Input : Fist letter Should be capital and must contains minimum 3 characters :
Wrong Input : Fist letter Should be capital and must contains minimum 3 characters :
Wrong Input : Fist letter Should be capital and must contains minimum 3 characters :
Wrong Input : Fist letter Should be capital and must contains minimum 3 characters :
Wrong Input : Fist letter Should be capital and must contains minimum 3 characters :
Wrong Input : Fist letter Should be capital and must contains minimum 3 characters :
Wrong Input : Fist letter Should be capital and must contains minimum 3 characters :
Wrong Input : Fist letter Should be capital and must contains minimum 3 characters :
Wrong Input : Fist letter Should be capital and must contains minimum 3 characters :
Wrong Input : Fist letter Should be capital and must contains minimum 3 characters :
Wrong Input : Fist letter Should be capital and must contains minimum 3 characters :
Wrong Input : Fist letter Should be capital and must contains minimum 3 characters :
Wrong Input : Fist letter Should be capital and must contains minimum 3 characters :
Wrong Input : Fist letter Should be capital and must contains minimum 3 characters :
Wrong Input : Fist letter Should be capital and must contains minimum 3 characters :
Wrong Input : Fist letter Should be capital and must contains minimum 3 characters :
Wrong Input : Fist letter Should be capital and must contains minimum 3 characters :
Wrong Input : Fist letter Should be capital and must contains minimum 3 characters :
Wrong Input : Fist letter Should be capital and must contains minimum 3 characters :
Wrong Input : Fist letter Should be capital and must contains minimum 3 characters :
Wrong Input : Fist letter Should be capital and must contains minimum 3 characters :
Wrong Input : Fist letter Should be capital and must contains minimum 3 characters :
Wrong Input : Fist letter Should be capital and must contains minimum 3 characters :
Wrong Input : Fist letter Should be capital and must contains minimum 3 characters :
Wrong Input : Fist letter Should be capital and must contains minimum 3 characters :
Wrong Input : Fist letter Should be capital and must contains minimum 3 characters :
Wrong Input : Fist letter Should be capital and must contains minimum 3 characters :
Wrong Input : Fist letter Should be capital and must contains minimum 3 characters :
Wrong Input : Fist letter Should be capital and must contains minimum 3 characters :
Wrong Input : Fist letter Should be capital and must contains minimum 3 characters :
Wrong Input : Fist letter Should be capital and must contains minimum 3 characters :
Wrong Input : Fist letter Should be capital and must contains minimum 3 characters :
Wrong Input : Fist letter Should be capital and must contains minimum 3 characters :
Wrong Input : Fist letter Should be capital and must contains minimum 3 characters :
Wrong Input : Fist letter Should be capital and must contains minimum 3 characters :
Wrong Input : Fist letter Should be capital and must contains minimum 3 characters :
Wrong Input : Fist letter Should be capital and must contains minimum 3 characters :
Wrong Input : Fist letter Should be capital and must contains minimum 3 characters :
Wrong Input : Fist letter Should be capital and must contains minimum 3 characters :
Wrong Input : Fist letter Should be capital and must contains minimum 3 characters :
Wrong Input : Fist letter Should be capital and must contains minimum 3 characters :
Wrong Input : Fist letter Should be capital and must contains minimum 3 characters :
Wrong Input : Fist letter Should be capital and must contains minimum 3 characters :
Wrong Input : Fist letter Should be capital and must contains minimum 3 characters :
Wrong Input : Fist letter Should be capital and must contains minimum 3 characters :
Wrong Input : Fist letter Should be capital and must contains minimum 3 characters :
Wrong Input : Fist letter Should be capital and must contains minimum 3 characters :
Wrong Input : Fist letter Should be capital and must contains minimum 3 characters :
Wrong Input : Fist letter Should be capital and must contains minimum 3 characters :
Wrong Input : Fist letter Should be capital and must contains minimum 3 characters :
Wrong Input : Fist letter Should be capital and must contains minimum 3 characters :
Wrong Input : Fist letter Should be capital and must contains minimum 3 characters :
Wrong Input : Fist letter Should be capital and must contains minimum 3 characters :
Wrong Input : Fist letter Should be capital and must contains minimum 3 characters :
Wrong Input : Fist letter Should be capital and must contains minimum 3 characters :
Wrong Input : Fist letter Should be capital and must contains minimum 3 characters :
Wrong Input : Fist letter Should be capital and must contains minimum 3 characters :
Wrong Input : Fist letter Should be capital and must contains minimum 3 characters :
Wrong Input : Fist letter Should be capital and must contains minimum 3 characters :
Wrong Input : Fist letter Should be capital and must contains minimum 3 characters :
Wrong Input : Fist letter Should be capital and must contains minimum 3 characters :
Wrong Input : Fist letter Should be capital and must contains minimum 3 characters :
Wrong Input : Fist letter Should be capital and must contains minimum 3 characters :
Wrong Input : Fist letter Should be capital and must contains minimum 3 characters :
Wrong Input : Fist letter Should be capital and must contains minimum 3 characters :
Wrong Input : Fist letter Should be capital and must contains minimum 3 characters :
Wrong Input : Fist letter Should be capital and must contains minimum 3 characters :
Wrong Input : Fist letter Should be capital and must contains minimum 3 characters :
Wrong Input : Fist letter Should be capital and must contains minimum 3 characters :
Wrong Input : Fist letter Should be capital and must contains minimum 3 characters :
Wrong Input : Fist letter Should be capital and must contains minimum 3 characters :
Wrong Input : Fist letter Should be capital and must contains minimum 3 characters :
Wrong Input : Fist letter Should be capital and must contains minimum 3 characters :
Wrong Input : Fist letter Should be capital and must contains minimum 3 characters :
Wrong Input : Fist letter Should be capital and must contains minimum 3 characters :
Wrong Input : Fist letter Should be capital and must contains minimum 3 characters :
Wrong Input : Fist letter Should be capital and must contains minimum 3 characters :
Wrong Input : Fist letter Should be capital and must contains minimum 3 characters :
Wrong Input : Fist letter Should be capital and must contains minimum 3 characters :
Wrong Input : Fist letter Should be capital and must contains minimum 3 characters :
Wrong Input : Fist letter Should be capital and must contains minimum 3 characters :
Wrong Input : Fist letter Should be capital and must contains minimum 3 characters :
Wrong Input : Fist letter Should be capital and must contains minimum 3 characters :
Wrong Input : Fist letter Should be capital and must contains minimum 3 characters :
Wrong Input : Fist letter Should be capital and must contains minimum 3 characters :
Wrong Input : Fist letter Should be capital and must contains minimum 3 characters :
Wrong Input : Fist letter Should be capital and must contains minimum 3 characters :
Wrong Input : Fist letter Should be capital and must contains minimum 3 characters :
Wrong Input : Fist letter Should be capital and must contains minimum 3 characters :
Wrong Input : Fist letter Should be capital and must contains minimum 3 characters :
Wrong Input : Fist letter Should be capital and must contains minimum 3 characters :
Wrong Input : Fist letter Should be capital and must contains minimum 3 characters :
Wrong Input : Fist letter Should be capital and must contains minimum 3 characters :
Wrong Input : Fist letter Should be capital and must contains minimum 3 characters :
Wrong Input : Fist letter Should be capital and must contains minimum 3 characters :
Wrong Input : Fist letter Should be capital and must contains minimum 3 characters :
Wrong Input : Fist letter Should be capital and must contains minimum 3 characters :
Wrong Input : Fist letter Should be capital and must contains minimum 3 characters :
Wrong Input : Fist letter Should be capital and must contains minimum 3 characters :
Wrong Input : Fist letter Should be capital and must contains minimum 3 characters :
Wrong Input : Fist letter Should be capital and must contains minimum 3 characters :
Wrong Input : Fist letter Should be capital and must contains minimum 3 characters :
Wrong Input : Fist letter Should be capital and must contains minimum 3 characters :
Wrong Input : Fist letter Should be capital and must contains minimum 3 characters :
Wrong Input : Fist letter Should be capital and must contains minimum 3 characters :
Wrong Input : Fist letter Should be capital and must contains minimum 3 characters :
Wrong Input : Fist letter Should be capital and must contains minimum 3 characters :
Wrong Input : Fist letter Should be capital and must contains minimum 3 characters :
Wrong Input : Fist letter Should be capital and must contains minimum 3 characters :
Wrong Input : Fist letter Should be capital and must contains minimum 3 characters :
Wrong Input : Fist letter Should be capital and must contains minimum 3 characters :
Wrong Input : Fist letter Should be capital and must contains minimum 3 characters :
Wrong Input : Fist letter Should be capital and must contains minimum 3 characters :
Wrong Input : Fist letter Should be capital and must contains minimum 3 characters :
Wrong Input : Fist letter Should be capital and must contains minimum 3 characters :
Wrong Input : Fist letter Should be capital and must contains minimum 3 characters :
Wrong Input : Fist letter Should be capital and must contains minimum 3 characters :
Wrong Input : Fist letter Should be capital and must contains minimum 3 characters :
Wrong Input : Fist letter Should be capital and must contains minimum 3 characters :
Wrong Input : Fist letter Should be capital and must contains minimum 3 characters :
Wrong Input : Fist letter Should be capital and must contains minimum 3 characters :
Wrong Input : Fist letter Should be capital and must contains minimum 3 characters :
Wrong Input : Fist letter Should be capital and must contains minimum 3 characters :
Wrong Input : Fist letter Should be capital and must contains minimum 3 characters :
Wrong Input : Fist letter Should be capital and must contains minimum 3 characters :
Wrong Input : Fist letter Should be capital and must contains minimum 3 characters :
Wrong Input : Fist letter Should be capital and must contains minimum 3 characters :
Wrong Input : Fist letter Should be capital and must contains minimum 3 characters :
Wrong Input : Fist letter Should be capital and must contains minimum 3 characters :
Wrong Input : Fist letter Should be capital and must contains minimum 3 characters :
Wrong Input : Fist letter Should be capital and must contains minimum 3 characters :
Wrong Input : Fist letter Should be capital and must contains minimum 3 characters :
Wrong Input : Fist letter Should be capital and must contains minimum 3 characters :
Wrong Input : Fist letter Should be capital and must contains minimum 3 characters :
Wrong Input : Fist letter Should be capital and must contains minimum 3 characters :
Wrong Input : Fist letter Should be capital and must contains minimum 3 characters :
Wrong Input : Fist letter Should be capital and must contains minimum 3 characters :
Wrong Input : Fist letter Should be capital and must contains minimum 3 characters :
Wrong Input : Fist letter Should be capital and must contains minimum 3 characters :
Wrong Input : Fist letter Should be capital and must contains minimum 3 characters :
Wrong Input : Fist letter Should be capital and must contains minimum 3 characters :
Wrong Input : Fist letter Should be capital and must contains minimum 3 characters :
Wrong Input : Fist letter Should be capital and must contains minimum 3 characters :
Wrong Input : Fist letter Should be capital and must contains minimum 3 characters :
Wrong Input : Fist letter Should be capital and must contains minimum 3 characters :
Wrong Input : Fist letter Should be capital and must contains minimum 3 characters :
Wrong Input : Fist letter Should be capital and must contains minimum 3 characters :
Wrong Input : Fist letter Should be capital and must contains minimum 3 characters :
Wrong Input : Fist letter Should be capital and must contains minimum 3 characters :
Wrong Input : Fist letter Should be capital and must contains minimum 3 characters :
Wrong Input : Fist letter Should be capital and must contains minimum 3 characters :
Wrong Input : Fist letter Should be capital and must contains minimum 3 characters :
Wrong Input : Fist letter Should be capital and must contains minimum 3 characters :
Wrong Input : Fist letter Should be capital and must contains minimum 3 characters :
Wrong Input : Fist letter Should be capital and must contains minimum 3 characters :
Wrong Input : Fist letter Should be capital and must contains minimum 3 characters :
Wrong Input : Fist letter Should be capital and must contains minimum 3 characters :
Wrong Input : Fist letter Should be capital and must contains minimum 3 characters :
Wrong Input : Fist letter Should be capital and must contains minimum 3 characters :
Wrong Input : Fist letter Should be capital and must contains minimum 3 characters :
Wrong Input : Fist letter Should be capital and must contains minimum 3 characters :
Wrong Input : Fist letter Should be capital and must contains minimum 3 characters :
Wrong Input : Fist letter Should be capital and must contains minimum 3 characters :
Wrong Input : Fist letter Should be capital and must contains minimum 3 characters :
Wrong Input : Fist letter Should be capital and must contains minimum 3 characters :
Wrong Input : Fist letter Should be capital and must contains minimum 3 characters :
Wrong Input : Fist letter Should be capital and must contains minimum 3 characters :
Wrong Input : Fist letter Should be capital and must contains minimum 3 characters :
Wrong Input : Fist letter Should be capital and must contains minimum 3 characters :
Wrong Input : Fist letter Should be capital and must contains minimum 3 characters :
Wrong Input : Fist letter Should be capital and must contains minimum 3 characters :
Wrong Input : Fist letter Should be capital and must contains minimum 3 characters :
Wrong Input : Fist letter Should be capital and must contains minimum 3 characters :
Wrong Input : Fist letter Should be capital and must contains minimum 3 characters :
Wrong Input : Fist letter Should be capital and must contains minimum 3 characters :
Wrong Input : Fist letter Should be capital and must contains minimum 3 characters :
Wrong Input : Fist letter Should be capital and must contains minimum 3 characters :
Wrong Input : Fist letter Should be capital and must contains minimum 3 characters :
Wrong Input : Fist letter Should be capital and must contains minimum 3 characters :
Wrong Input : Fist letter Should be capital and must contains minimum 3 characters :
Wrong Input : Fist letter Should be capital and must contains minimum 3 characters :
Wrong Input : Fist letter Should be capital and must contains minimum 3 characters :
Wrong Input : Fist letter Should be capital and must contains minimum 3 characters :
Wrong Input : Fist letter Should be capital and must contains minimum 3 characters :
Wrong Input : Fist letter Should be capital and must contains minimum 3 characters :
Wrong Input : Fist letter Should be capital and must contains minimum 3 characters :
Wrong Input : Fist letter Should be capital and must contains minimum 3 characters :
Wrong Input : Fist letter Should be capital and must contains minimum 3 characters :
Wrong Input : Fist letter Should be capital and must contains minimum 3 characters :
Wrong Input : Fist letter Should be capital and must contains minimum 3 characters :
Wrong Input : Fist letter Should be capital and must contains minimum 3 characters :
Wrong Input : Fist letter Should be capital and must contains minimum 3 characters :
Wrong Input : Fist letter Should be capital and must contains minimum 3 characters :
Wrong Input : Fist letter Should be capital and must contains minimum 3 characters :
Wrong Input : Fist letter Should be capital and must contains minimum 3 characters :
Wrong Input : Fist letter Should be capital and must contains minimum 3 characters :
Wrong Input : Fist letter Should be capital and must contains minimum 3 characters :
Wrong Input : Fist letter Should be capital and must contains minimum 3 characters :
Wrong Input : Fist letter Should be capital and must contains minimum 3 characters :
Wrong Input : Fist letter Should be capital and must contains minimum 3 characters :
Wrong Input : Fist letter Should be capital and must contains minimum 3 characters :
Wrong Input : Fist letter Should be capital and must contains minimum 3 characters :
Wrong Input : Fist letter Should be capital and must contains minimum 3 characters :
Wrong Input : Fist letter Should be capital and must contains minimum 3 characters :
Wrong Input : Fist letter Should be capital and must contains minimum 3 characters :
Wrong Input : Fist letter Should be capital and must contains minimum 3 characters :
Wrong Input : Fist letter Should be capital and must contains minimum 3 characters :
Wrong Input : Fist letter Should be capital and must contains minimum 3 characters :
Wrong Input : Fist letter Should be capital and must contains minimum 3 characters :
Wrong Input : Fist letter Should be capital and must contains minimum 3 characters :
Wrong Input : Fist letter Should be capital and must contains minimum 3 characters :
Wrong Input : Fist letter Should be capital and must contains minimum 3 characters :
Wrong Input : Fist letter Should be capital and must contains minimum 3 characters :
Wrong Input : Fist letter Should be capital and must contains minimum 3 characters :
Wrong Input : Fist letter Should be capital and must contains minimum 3 characters :
Wrong Input : Fist letter Should be capital and must contains minimum 3 characters :
Wrong Input : Fist letter Should be capital and must contains minimum 3 characters :
Wrong Input : Fist letter Should be capital and must contains minimum 3 characters :
Wrong Input : Fist letter Should be capital and must contains minimum 3 characters :
Wrong Input : Fist letter Should be capital and must contains minimum 3 characters :
Wrong Input : Fist letter Should be capital and must contains minimum 3 characters :
Wrong Input : Fist letter Should be capital and must contains minimum 3 characters :
Wrong Input : Fist letter Should be capital and must contains minimum 3 characters :
Wrong Input : Fist letter Should be capital and must contains minimum 3 characters :
Wrong Input : Fist letter Should be capital and must contains minimum 3 characters :
Wrong Input : Fist letter Should be capital and must contains minimum 3 characters :
Wrong Input : Fist letter Should be capital and must contains minimum 3 characters :
Wrong Input : Fist letter Should be capital and must contains minimum 3 characters :
Wrong Input : Fist letter Should be capital and must contains minimum 3 characters :
Wrong Input : Fist letter Should be capital and must contains minimum 3 characters :
Wrong Input : Fist letter Should be capital and must contains minimum 3 characters :
Wrong Input : Fist letter Should be capital and must contains minimum 3 characters :
Wrong Input : Fist letter Should be capital and must contains minimum 3 characters :
Wrong Input : Fist letter Should be capital and must contains minimum 3 characters :
Wrong Input : Fist letter Should be capital and must contains minimum 3 characters :
Wrong Input : Fist letter Should be capital and must contains minimum 3 characters :
Wrong Input : Fist letter Should be capital and must contains minimum 3 characters :
Wrong Input : Fist letter Should be capital and must contains minimum 3 characters :
Wrong Input : Fist letter Should be capital and must contains minimum 3 characters :
Wrong Input : Fist letter Should be capital and must contains minimum 3 characters :
Wrong Input : Fist letter Should be capital and must contains minimum 3 characters :
Wrong Input : Fist letter Should be capital and must contains minimum 3 characters :
Wrong Input : Fist letter Should be capital and must contains minimum 3 characters :
Wrong Input : Fist letter Should be capital and must contains minimum 3 characters :
Wrong Input : Fist letter Should be capital and must contains minimum 3 characters :
Wrong Input : Fist letter Should be capital and must contains minimum 3 characters :
Wrong Input : Fist letter Should be capital and must contains minimum 3 characters :
Wrong Input : Fist letter Should be capital and must contains minimum 3 characters :
Wrong Input : Fist letter Should be capital and must contains minimum 3 characters :
Wrong Input : Fist letter Should be capital and must contains minimum 3 characters :
Wrong Input : Fist letter Should be capital and must contains minimum 3 characters :
Wrong Input : Fist letter Should be capital and must contains minimum 3 characters :
Wrong Input : Fist letter Should be capital and must contains minimum 3 characters :
Wrong Input : Fist letter Should be capital and must contains minimum 3 characters :
Wrong Input : Fist letter Should be capital and must contains minimum 3 characters :
Wrong Input : Fist letter Should be capital and must contains minimum 3 characters :
Wrong Input : Fist letter Should be capital and must contains minimum 3 characters :
Wrong Input : Fist letter Should be capital and must contains minimum 3 characters :
Wrong Input : Fist letter Should be capital and must contains minimum 3 characters :
Wrong Input : Fist letter Should be capital and must contains minimum 3 characters :
Wrong Input : Fist letter Should be capital and must contains minimum 3 characters :
Wrong Input : Fist letter Should be capital and must contains minimum 3 characters :
Wrong Input : Fist letter Should be capital and must contains minimum 3 characters :
Wrong Input : Fist letter Should be capital and must contains minimum 3 characters :
Wrong Input : Fist letter Should be capital and must contains minimum 3 characters :
Wrong Input : Fist letter Should be capital and must contains minimum 3 characters :
Wrong Input : Fist letter Should be capital and must contains minimum 3 characters :
Wrong Input : Fist letter Should be capital and must contains minimum 3 characters :
Wrong Input : Fist letter Should be capital and must contains minimum 3 characters :
Wrong Input : Fist letter Should be capital and must contains minimum 3 characters :
Wrong Input : Fist letter Should be capital and must contains minimum 3 characters :
Wrong Input : Fist letter Should be capital and must contains minimum 3 characters :
Wrong Input : Fist letter Should be capital and must contains minimum 3 characters :
Wrong Input : Fist letter Should be capital and must contains minimum 3 characters :
Wrong Input : Fist letter Should be capital and must contains minimum 3 characters :
Wrong Input : Fist letter Should be capital and must contains minimum 3 characters :
Wrong Input : Fist letter Should be capital and must contains minimum 3 characters :
Wrong Input : Fist letter Should be capital and must contains minimum 3 characters :
Wrong Input : Fist letter Should be capital and must contains minimum 3 characters :
Wrong Input : Fist letter Should be capital and must contains minimum 3 characters :
Wrong Input : Fist letter Should be capital and must contains minimum 3 characters :
Wrong Input : Fist letter Should be capital and must contains minimum 3 characters :
Wrong Input : Fist letter Should be capital and must contains minimum 3 characters :
Wrong Input : Fist letter Should be capital and must contains minimum 3 characters :
Wrong Input : Fist letter Should be capital and must contains minimum 3 characters :
Wrong Input : Fist letter Should be capital and must contains minimum 3 characters :
Wrong Input : Fist letter Should be capital and must contains minimum 3 characters :
Wrong Input : Fist letter Should be capital and must contains minimum 3 characters :
Wrong Input : Fist letter Should be capital and must contains minimum 3 characters :
Wrong Input : Fist letter Should be capital and must contains minimum 3 characters :
Wrong Input : Fist letter Should be capital and must contains minimum 3 characters :
Wrong Input : Fist letter Should be capital and must contains minimum 3 characters :
Wrong Input : Fist letter Should be capital and must contains minimum 3 characters :
Wrong Input : Fist letter Should be capital and must contains minimum 3 characters :
Wrong Input : Fist letter Should be capital and must contains minimum 3 characters :
Wrong Input : Fist letter Should be capital and must contains minimum 3 characters :
Wrong Input : Fist letter Should be capital and must contains minimum 3 characters :
Wrong Input : Fist letter Should be capital and must contains minimum 3 characters :
Wrong Input : Fist letter Should be capital and must contains minimum 3 characters :
Wrong Input : Fist letter Should be capital and must contains minimum 3 characters :
Wrong Input : Fist letter Should be capital and must contains minimum 3 characters :
Wrong Input : Fist letter Should be capital and must contains minimum 3 characters :
Wrong Input : Fist letter Should be capital and must contains minimum 3 characters :
Wrong Input : Fist letter Should be capital and must contains minimum 3 characters :
Wrong Input : Fist letter Should be capital and must contains minimum 3 characters :
Wrong Input : Fist letter Should be capital and must contains minimum 3 characters :
Wrong Input : Fist letter Should be capital and must contains minimum 3 characters :
Wrong Input : Fist letter Should be capital and must contains minimum 3 characters :
Wrong Input : Fist letter Should be capital and must contains minimum 3 characters :
Wrong Input : Fist letter Should be capital and must contains minimum 3 characters :
Wrong Input : Fist letter Should be capital and must contains minimum 3 characters :
Wrong Input : Fist letter Should be capital and must contains minimum 3 characters :
Wrong Input : Fist letter Should be capital and must contains minimum 3 characters :
Wrong Input : Fist letter Should be capital and must contains minimum 3 characters :
Wrong Input : Fist letter Should be capital and must contains minimum 3 characters :
Wrong Input : Fist letter Should be capital and must contains minimum 3 characters :
Wrong Input : Fist letter Should be capital and must contains minimum 3 characters :
Wrong Input : Fist letter Should be capital and must contains minimum 3 characters :
Wrong Input : Fist letter Should be capital and must contains minimum 3 characters :
Wrong Input : Fist letter Should be capital and must contains minimum 3 characters :
Wrong Input : Fist letter Should be capital and must contains minimum 3 characters :
Wrong Input : Fist letter Should be capital and must contains minimum 3 characters :
Wrong Input : Fist letter Should be capital and must contains minimum 3 characters :
Wrong Input : Fist letter Should be capital and must contains minimum 3 characters :
Wrong Input : Fist letter Should be capital and must contains minimum 3 characters :
Wrong Input : Fist letter Should be capital and must contains minimum 3 characters :
Wrong Input : Fist letter Should be capital and must contains minimum 3 characters :
Wrong Input : Fist letter Should be capital and must contains minimum 3 characters :
Wrong Input : Fist letter Should be capital and must contains minimum 3 characters :
Wrong Input : Fist letter Should be capital and must contains minimum 3 characters :
Wrong Input : Fist letter Should be capital and must contains minimum 3 characters :
Wrong Input : Fist letter Should be capital and must contains minimum 3 characters :
Wrong Input : Fist letter Should be capital and must contains minimum 3 characters :
Wrong Input : Fist letter Should be capital and must contains minimum 3 characters :
Wrong Input : Fist letter Should be capital and must contains minimum 3 characters :
Wrong Input : Fist letter Should be capital and must contains minimum 3 characters :
Wrong Input : Fist letter Should be capital and must contains minimum 3 characters :
Wrong Input : Fist letter Should be capital and must contains minimum 3 characters :
Wrong Input : Fist letter Should be capital and must contains minimum 3 characters :
Wrong Input : Fist letter Should be capital and must contains minimum 3 characters :
Wrong Input : Fist letter Should be capital and must contains minimum 3 characters :
Wrong Input : Fist letter Should be capital and must contains minimum 3 characters :
Wrong Input : Fist letter Should be capital and must contains minimum 3 characters :
Wrong Input : Fist letter Should be capital and must contains minimum 3 characters :
Wrong Input : Fist letter Should be capital and must contains minimum 3 characters :
Wrong Input : Fist letter Should be capital and must contains minimum 3 characters :
Wrong Input : Fist letter Should be capital and must contains minimum 3 characters :
Wrong Input : Fist letter Should be capital and must contains minimum 3 characters :
Wrong Input : Fist letter Should be capital and must contains minimum 3 characters :
Wrong Input : Fist letter Should be capital and must contains minimum 3 characters :
Wrong Input : Fist letter Should be capital and must contains minimum 3 characters :
Wrong Input : Fist letter Should be capital and must contains minimum 3 characters :
Wrong Input : Fist letter Should be capital and must contains minimum 3 characters :
Wrong Input : Fist letter Should be capital and must contains minimum 3 characters :
Wrong Input : Fist letter Should be capital and must contains minimum 3 characters :
Wrong Input : Fist letter Should be capital and must contains minimum 3 characters :
Wrong Input : Fist letter Should be capital and must contains minimum 3 characters :
Wrong Input : Fist letter Should be capital and must contains minimum 3 characters :
Wrong Input : Fist letter Should be capital and must contains minimum 3 characters :
Wrong Input : Fist letter Should be capital and must contains minimum 3 characters :
Wrong Input : Fist letter Should be capital and must contains minimum 3 characters :
Wrong Input : Fist letter Should be capital and must contains minimum 3 characters :
Wrong Input : Fist letter Should be capital and must contains minimum 3 characters :
Wrong Input : Fist letter Should be capital and must contains minimum 3 characters :
Wrong Input : Fist letter Should be capital and must contains minimum 3 characters :
Wrong Input : Fist letter Should be capital and must contains minimum 3 characters :
Wrong Input : Fist letter Should be capital and must contains minimum 3 characters :
Wrong Input : Fist letter Should be capital and must contains minimum 3 characters :
Wrong Input : Fist letter Should be capital and must contains minimum 3 characters :
Wrong Input : Fist letter Should be capital and must contains minimum 3 characters :
Wrong Input : Fist letter Should be capital and must contains minimum 3 characters :
Wrong Input : Fist letter Should be capital and must contains minimum 3 characters :
Wrong Input : Fist letter Should be capital and must contains minimum 3 characters :
Wrong Input : Fist letter Should be capital and must contains minimum 3 characters :
Wrong Input : Fist letter Should be capital and must contains minimum 3 characters :
Wrong Input : Fist letter Should be capital and must contains minimum 3 characters :
Wrong Input : Fist letter Should be capital and must contains minimum 3 characters :
Wrong Input : Fist letter Should be capital and must contains minimum 3 characters :
Wrong Input : Fist letter Should be capital and must contains minimum 3 characters :
Wrong Input : Fist letter Should be capital and must contains minimum 3 characters :
Wrong Input : Fist letter Should be capital and must contains minimum 3 characters :
Wrong Input : Fist letter Should be capital and must contains minimum 3 characters :
Wrong Input : Fist letter Should be capital and must contains minimum 3 characters :
Wrong Input : Fist letter Should be capital and must contains minimum 3 characters :
Wrong Input : Fist letter Should be capital and must contains minimum 3 characters :
Wrong Input : Fist letter Should be capital and must contains minimum 3 characters :
Wrong Input : Fist letter Should be capital and must contains minimum 3 characters :
Wrong Input : Fist letter Should be capital and must contains minimum 3 characters :
Wrong Input : Fist letter Should be capital and must contains minimum 3 characters :
Wrong Input : Fist letter Should be capital and must contains minimum 3 characters :
Wrong Input : Fist letter Should be capital and must contains minimum 3 characters :
Wrong Input : Fist letter Should be capital and must contains minimum 3 characters :
Wrong Input : Fist letter Should be capital and must contains minimum 3 characters :
Wrong Input : Fist letter Should be capital and must contains minimum 3 characters :
Wrong Input : Fist letter Should be capital and must contains minimum 3 characters :
Wrong Input : Fist letter Should be capital and must contains minimum 3 characters :
Wrong Input : Fist letter Should be capital and must contains minimum 3 characters :
Wrong Input : Fist letter Should be capital and must contains minimum 3 characters :
Wrong Input : Fist letter Should be capital and must contains minimum 3 characters :
Wrong Input : Fist letter Should be capital and must contains minimum 3 characters :
Wrong Input : Fist letter Should be capital and must contains minimum 3 characters :
Wrong Input : Fist letter Should be capital and must contains minimum 3 characters :
Wrong Input : Fist letter Should be capital and must contains minimum 3 characters :
Wrong Input : Fist letter Should be capital and must contains minimum 3 characters :
Wrong Input : Fist letter Should be capital and must contains minimum 3 characters :
Wrong Input : Fist letter Should be capital and must contains minimum 3 characters :
Wrong Input : Fist letter Should be capital and must contains minimum 3 characters :
Wrong Input : Fist letter Should be capital and must contains minimum 3 characters :
Wrong Input : Fist letter Should be capital and must contains minimum 3 characters :
Wrong Input : Fist letter Should be capital and must contains minimum 3 characters :
Wrong Input : Fist letter Should be capital and must contains minimum 3 characters :
Wrong Input : Fist letter Should be capital and must contains minimum 3 characters :
Wrong Input : Fist letter Should be capital and must contains minimum 3 characters :
Wrong Input : Fist letter Should be capital and must contains minimum 3 characters :
Wrong Input : Fist letter Should be capital and must contains minimum 3 characters :
Wrong Input : Fist letter Should be capital and must contains minimum 3 characters :
Wrong Input : Fist letter Should be capital and must contains minimum 3 characters :
Wrong Input : Fist letter Should be capital and must contains minimum 3 characters :
Wrong Input : Fist letter Should be capital and must contains minimum 3 characters :
Wrong Input : Fist letter Should be capital and must contains minimum 3 characters :
Wrong Input : Fist letter Should be capital and must contains minimum 3 characters :
Wrong Input : Fist letter Should be capital and must contains minimum 3 characters :
Wrong Input : Fist letter Should be capital and must contains minimum 3 characters :
Wrong Input : Fist letter Should be capital and must contains minimum 3 characters :
Wrong Input : Fist letter Should be capital and must contains minimum 3 characters :
Wrong Input : Fist letter Should be capital and must contains minimum 3 characters :
Wrong Input : Fist letter Should be capital and must contains minimum 3 characters :
Wrong Input : Fist letter Should be capital and must contains minimum 3 characters :
Wrong Input : Fist letter Should be capital and must contains minimum 3 characters :
Wrong Input : Fist letter Should be capital and must contains minimum 3 characters :
Wrong Input : Fist letter Should be capital and must contains minimum 3 characters :
Wrong Input : Fist letter Should be capital and must contains minimum 3 characters :
Wrong Input : Fist letter Should be capital and must contains minimum 3 characters :
Wrong Input : Fist letter Should be capital and must contains minimum 3 characters :
Wrong Input : Fist letter Should be capital and must contains minimum 3 characters :
Wrong Input : Fist letter Should be capital and must contains minimum 3 characters :
Wrong Input : Fist letter Should be capital and must contains minimum 3 characters :
Wrong Input : Fist letter Should be capital and must contains minimum 3 characters :
Wrong Input : Fist letter Should be capital and must contains minimum 3 characters :
Wrong Input : Fist letter Should be capital and must contains minimum 3 characters :
Wrong Input : Fist letter Should be capital and must contains minimum 3 characters :
Wrong Input : Fist letter Should be capital and must contains minimum 3 characters :
Wrong Input : Fist letter Should be capital and must contains minimum 3 characters :
Wrong Input : Fist letter Should be capital and must contains minimum 3 characters :
Wrong Input : Fist letter Should be capital and must contains minimum 3 characters :
Wrong Input : Fist letter Should be capital and must contains minimum 3 characters :
Wrong Input : Fist letter Should be capital and must contains minimum 3 characters :
Wrong Input : Fist letter Should be capital and must contains minimum 3 characters :
Wrong Input : Fist letter Should be capital and must contains minimum 3 characters :
Wrong Input : Fist letter Should be capital and must contains minimum 3 characters :
Wrong Input : Fist letter Should be capital and must contains minimum 3 characters :
Wrong Input : Fist letter Should be capital and must contains minimum 3 characters :
Wrong Input : Fist letter Should be capital and must contains minimum 3 characters :
Wrong Input : Fist letter Should be capital and must contains minimum 3 characters :
Wrong Input : Fist letter Should be capital and must contains minimum 3 characters :
Wrong Input : Fist letter Should be capital and must contains minimum 3 characters :
Wrong Input : Fist letter Should be capital and must contains minimum 3 characters :
Wrong Input : Fist letter Should be capital and must contains minimum 3 characters :
Wrong Input : Fist letter Should be capital and must contains minimum 3 characters :
Wrong Input : Fist letter Should be capital and must contains minimum 3 characters :
Wrong Input : Fist letter Should be capital and must contains minimum 3 characters :
Wrong Input : Fist letter Should be capital and must contains minimum 3 characters :
Wrong Input : Fist letter Should be capital and must contains minimum 3 characters :
Wrong Input : Fist letter Should be capital and must contains minimum 3 characters :
Wrong Input : Fist letter Should be capital and must contains minimum 3 characters :
Wrong Input : Fist letter Should be capital and must contains minimum 3 characters :
Wrong Input : Fist letter Should be capital and must contains minimum 3 characters :
Wrong Input : Fist letter Should be capital and must contains minimum 3 characters :
Wrong Input : Fist letter Should be capital and must contains minimum 3 characters :
Wrong Input : Fist letter Should be capital and must contains minimum 3 characters :
Wrong Input : Fist letter Should be capital and must contains minimum 3 characters :
Wrong Input : Fist letter Should be capital and must contains minimum 3 characters :
Wrong Input : Fist letter Should be capital and must contains minimum 3 characters :
Wrong Input : Fist letter Should be capital and must contains minimum 3 characters :
Wrong Input : Fist letter Should be capital and must contains minimum 3 characters :
Wrong Input : Fist letter Should be capital and must contains minimum 3 characters :
Wrong Input : Fist letter Should be capital and must contains minimum 3 characters :
Wrong Input : Fist letter Should be capital and must contains minimum 3 characters :
Wrong Input : Fist letter Should be capital and must contains minimum 3 characters :
Wrong Input : Fist letter Should be capital and must contains minimum 3 characters :
Wrong Input : Fist letter Should be capital and must contains minimum 3 characters :
Wrong Input : Fist letter Should be capital and must contains minimum 3 characters :
Wrong Input : Fist letter Should be capital and must contains minimum 3 characters :
Wrong Input : Fist letter Should be capital and must contains minimum 3 characters :
Wrong Input : Fist letter Should be capital and must contains minimum 3 characters :
Wrong Input : Fist letter Should be capital and must contains minimum 3 characters :
Wrong Input : Fist letter Should be capital and must contains minimum 3 characters :
Wrong Input : Fist letter Should be capital and must contains minimum 3 characters :
Wrong Input : Fist letter Should be capital and must contains minimum 3 characters :
Wrong Input : Fist letter Should be capital and must contains minimum 3 characters :
Wrong Input : Fist letter Should be capital and must contains minimum 3 characters :
Wrong Input : Fist letter Should be capital and must contains minimum 3 characters :
Wrong Input : Fist letter Should be capital and must contains minimum 3 characters :
Wrong Input : Fist letter Should be capital and must contains minimum 3 characters :
Wrong Input : Fist letter Should be capital and must contains minimum 3 characters :
Wrong Input : Fist letter Should be capital and must contains minimum 3 characters :
Wrong Input : Fist letter Should be capital and must contains minimum 3 characters :
Wrong Input : Fist letter Should be capital and must contains minimum 3 characters :
Wrong Input : Fist letter Should be capital and must contains minimum 3 characters :
Wrong Input : Fist letter Should be capital and must contains minimum 3 characters :
Wrong Input : Fist letter Should be capital and must contains minimum 3 characters :
Wrong Input : Fist letter Should be capital and must contains minimum 3 characters :
Wrong Input : Fist letter Should be capital and must contains minimum 3 characters :
Wrong Input : Fist letter Should be capital and must contains minimum 3 characters :
Wrong Input : Fist letter Should be capital and must contains minimum 3 characters :
Wrong Input : Fist letter Should be capital and must contains minimum 3 characters :
Wrong Input : Fist letter Should be capital and must contains minimum 3 characters :
Wrong Input : Fist letter Should be capital and must contains minimum 3 characters :
Wrong Input : Fist letter Should be capital and must contains minimum 3 characters :
Wrong Input : Fist letter Should be capital and must contains minimum 3 characters :
Wrong Input : Fist letter Should be capital and must contains minimum 3 characters :
Wrong Input : Fist letter Should be capital and must contains minimum 3 characters :
Wrong Input : Fist letter Should be capital and must contains minimum 3 characters :
Wrong Input : Fist letter Should be capital and must contains minimum 3 characters :
Wrong Input : Fist letter Should be capital and must contains minimum 3 characters :
Wrong Input : Fist letter Should be capital and must contains minimum 3 characters :
Wrong Input : Fist letter Should be capital and must contains minimum 3 characters :
Wrong Input : Fist letter Should be capital and must contains minimum 3 characters :
Wrong Input : Fist letter Should be capital and must contains minimum 3 characters :
Wrong Input : Fist letter Should be capital and must contains minimum 3 characters :
Wrong Input : Fist letter Should be capital and must contains minimum 3 characters :
Wrong Input : Fist letter Should be capital and must contains minimum 3 characters :
Wrong Input : Fist letter Should be capital and must contains minimum 3 characters :
Wrong Input : Fist letter Should be capital and must contains minimum 3 characters :
Wrong Input : Fist letter Should be capital and must contains minimum 3 characters :
Wrong Input : Fist letter Should be capital and must contains minimum 3 characters :
Wrong Input : Fist letter Should be capital and must contains minimum 3 characters :
Wrong Input : Fist letter Should be capital and must contains minimum 3 characters :
Wrong Input : Fist letter Should be capital and must contains minimum 3 characters :
Wrong Input : Fist letter Should be capital and must contains minimum 3 characters :
Wrong Input : Fist letter Should be capital and must contains minimum 3 characters :
Wrong Input : Fist letter Should be capital and must contains minimum 3 characters :
Wrong Input : Fist letter Should be capital and must contains minimum 3 characters :
Wrong Input : Fist letter Should be capital and must contains minimum 3 characters :
Wrong Input : Fist letter Should be capital and must contains minimum 3 characters :
Wrong Input : Fist letter Should be capital and must contains minimum 3 characters :
Wrong Input : Fist letter Should be capital and must contains minimum 3 characters :
Wrong Input : Fist letter Should be capital and must contains minimum 3 characters :
Wrong Input : Fist letter Should be capital and must contains minimum 3 characters :
Wrong Input : Fist letter Should be capital and must contains minimum 3 characters :
Wrong Input : Fist letter Should be capital and must contains minimum 3 characters :
Wrong Input : Fist letter Should be capital and must contains minimum 3 characters :
Wrong Input : Fist letter Should be capital and must contains minimum 3 characters :
Wrong Input : Fist letter Should be capital and must contains minimum 3 characters :
Wrong Input : Fist letter Should be capital and must contains minimum 3 characters :
Wrong Input : Fist letter Should be capital and must contains minimum 3 characters :
Wrong Input : Fist letter Should be capital and must contains minimum 3 characters :
Wrong Input : Fist letter Should be capital and must contains minimum 3 characters :
Wrong Input : Fist letter Should be capital and must contains minimum 3 characters :
Wrong Input : Fist letter Should be capital and must contains minimum 3 characters :
Wrong Input : Fist letter Should be capital and must contains minimum 3 characters :
Wrong Input : Fist letter Should be capital and must contains minimum 3 characters :
Wrong Input : Fist letter Should be capital and must contains minimum 3 characters :
Wrong Input : Fist letter Should be capital and must contains minimum 3 characters :
Wrong Input : Fist letter Should be capital and must contains minimum 3 characters :
Wrong Input : Fist letter Should be capital and must contains minimum 3 characters :
Wrong Input : Fist letter Should be capital and must contains minimum 3 characters :
Wrong Input : Fist letter Should be capital and must contains minimum 3 characters :
Wrong Input : Fist letter Should be capital and must contains minimum 3 characters :
Wrong Input : Fist letter Should be capital and must contains minimum 3 characters :
Wrong Input : Fist letter Should be capital and must contains minimum 3 characters :
Wrong Input : Fist letter Should be capital and must contains minimum 3 characters :
Wrong Input : Fist letter Should be capital and must contains minimum 3 characters :
Wrong Input : Fist letter Should be capital and must contains minimum 3 characters :
Wrong Input : Fist letter Should be capital and must contains minimum 3 characters :
Wrong Input : Fist letter Should be capital and must contains minimum 3 characters :
Wrong Input : Fist letter Should be capital and must contains minimum 3 characters :
Wrong Input : Fist letter Should be capital and must contains minimum 3 characters :
Wrong Input : Fist letter Should be capital and must contains minimum 3 characters :
Wrong Input : Fist letter Should be capital and must contains minimum 3 characters :
Wrong Input : Fist letter Should be capital and must contains minimum 3 characters :
Wrong Input : Fist letter Should be capital and must contains minimum 3 characters :
Wrong Input : Fist letter Should be capital and must contains minimum 3 characters :
Wrong Input : Fist letter Should be capital and must contains minimum 3 characters :
Wrong Input : Fist letter Should be capital and must contains minimum 3 characters :
Wrong Input : Fist letter Should be capital and must contains minimum 3 characters :
Wrong Input : Fist letter Should be capital and must contains minimum 3 characters :
Wrong Input : Fist letter Should be capital and must contains minimum 3 characters :
Wrong Input : Fist letter Should be capital and must contains minimum 3 characters :
Wrong Input : Fist letter Should be capital and must contains minimum 3 characters :
Wrong Input : Fist letter Should be capital and must contains minimum 3 characters :
Wrong Input : Fist letter Should be capital and must contains minimum 3 characters :
Wrong Input : Fist letter Should be capital and must contains minimum 3 characters :
Wrong Input : Fist letter Should be capital and must contains minimum 3 characters :
Wrong Input : Fist letter Should be capital and must contains minimum 3 characters :
Wrong Input : Fist letter Should be capital and must contains minimum 3 characters :
Wrong Input : Fist letter Should be capital and must contains minimum 3 characters :
Wrong Input : Fist letter Should be capital and must contains minimum 3 characters :
Wrong Input : Fist letter Should be capital and must contains minimum 3 characters :
Wrong Input : Fist letter Should be capital and must contains minimum 3 characters :
Wrong Input : Fist letter Should be capital and must contains minimum 3 characters :
Wrong Input : Fist letter Should be capital and must contains minimum 3 characters :
Wrong Input : Fist letter Should be capital and must contains minimum 3 characters :
Wrong Input : Fist letter Should be capital and must contains minimum 3 characters :
Wrong Input : Fist letter Should be capital and must contains minimum 3 characters :
Wrong Input : Fist letter Should be capital and must contains minimum 3 characters :
Wrong Input : Fist letter Should be capital and must contains minimum 3 characters :
Wrong Input : Fist letter Should be capital and must contains minimum 3 characters :
Wrong Input : Fist letter Should be capital and must contains minimum 3 characters :
Wrong Input : Fist letter Should be capital and must contains minimum 3 characters :
Wrong Input : Fist letter Should be capital and must contains minimum 3 characters :
Wrong Input : Fist letter Should be capital and must contains minimum 3 characters :
Wrong Input : Fist letter Should be capital and must contains minimum 3 characters :
Wrong Input : Fist letter Should be capital and must contains minimum 3 characters :
Wrong Input : Fist letter Should be capital and must contains minimum 3 characters :
Wrong Input : Fist letter Should be capital and must contains minimum 3 characters :
Wrong Input : Fist letter Should be capital and must contains minimum 3 characters :
Wrong Input : Fist letter Should be capital and must contains minimum 3 characters :
Wrong Input : Fist letter Should be capital and must contains minimum 3 characters :
Wrong Input : Fist letter Should be capital and must contains minimum 3 characters :
Wrong Input : Fist letter Should be capital and must contains minimum 3 characters :
Wrong Input : Fist letter Should be capital and must contains minimum 3 characters :
Wrong Input : Fist letter Should be capital and must contains minimum 3 characters :
Wrong Input : Fist letter Should be capital and must contains minimum 3 characters :
Wrong Input : Fist letter Should be capital and must contains minimum 3 characters :
Wrong Input : Fist letter Should be capital and must contains minimum 3 characters :
Wrong Input : Fist letter Should be capital and must contains minimum 3 characters :
Wrong Input : Fist letter Should be capital and must contains minimum 3 characters :
Wrong Input : Fist letter Should be capital and must contains minimum 3 characters :
Wrong Input : Fist letter Should be capital and must contains minimum 3 characters :
Wrong Input : Fist letter Should be capital and must contains minimum 3 characters :
Wrong Input : Fist letter Should be capital and must contains minimum 3 characters :
Wrong Input : Fist letter Should be capital and must contains minimum 3 characters :
Wrong Input : Fist letter Should be capital and must contains minimum 3 characters :
Wrong Input : Fist letter Should be capital and must contains minimum 3 characters :
Wrong Input : Fist letter Should be capital and must contains minimum 3 characters :
Wrong Input : Fist letter Should be capital and must contains minimum 3 characters :
Wrong Input : Fist letter Should be capital and must contains minimum 3 characters :
Wrong Input : Fist letter Should be capital and must contains minimum 3 characters :
Wrong Input : Fist letter Should be capital and must contains minimum 3 characters :
Wrong Input : Fist letter Should be capital and must contains minimum 3 characters :
Wrong Input : Fist letter Should be capital and must contains minimum 3 characters :
Wrong Input : Fist letter Should be capital and must contains minimum 3 characters :
Wrong Input : Fist letter Should be capital and must contains minimum 3 characters :
Wrong Input : Fist letter Should be capital and must contains minimum 3 characters :
Wrong Input : Fist letter Should be capital and must contains minimum 3 characters :
Wrong Input : Fist letter Should be capital and must contains minimum 3 characters :
Wrong Input : Fist letter Should be capital and must contains minimum 3 characters :
Wrong Input : Fist letter Should be capital and must contains minimum 3 characters :
Wrong Input : Fist letter Should be capital and must contains minimum 3 characters :
Wrong Input : Fist letter Should be capital and must contains minimum 3 characters :
Wrong Input : Fist letter Should be capital and must contains minimum 3 characters :
Wrong Input : Fist letter Should be capital and must contains minimum 3 characters :
Wrong Input : Fist letter Should be capital and must contains minimum 3 characters :
Wrong Input : Fist letter Should be capital and must contains minimum 3 characters :
Wrong Input : Fist letter Should be capital and must contains minimum 3 characters :
Wrong Input : Fist letter Should be capital and must contains minimum 3 characters :
Wrong Input : Fist letter Should be capital and must contains minimum 3 characters :
Wrong Input : Fist letter Should be capital and must contains minimum 3 characters :
Wrong Input : Fist letter Should be capital and must contains minimum 3 characters :
Wrong Input : Fist letter Should be capital and must contains minimum 3 characters :
Wrong Input : Fist letter Should be capital and must contains minimum 3 characters :
Wrong Input : Fist letter Should be capital and must contains minimum 3 characters :
Wrong Input : Fist letter Should be capital and must contains minimum 3 characters :
Wrong Input : Fist letter Should be capital and must contains minimum 3 characters :
Wrong Input : Fist letter Should be capital and must contains minimum 3 characters :
Wrong Input : Fist letter Should be capital and must contains minimum 3 characters :
Wrong Input : Fist letter Should be capital and must contains minimum 3 characters :
Wrong Input : Fist letter Should be capital and must contains minimum 3 characters :
Wrong Input : Fist letter Should be capital and must contains minimum 3 characters :
Wrong Input : Fist letter Should be capital and must contains minimum 3 characters :
Wrong Input : Fist letter Should be capital and must contains minimum 3 characters :
Wrong Input : Fist letter Should be capital and must contains minimum 3 characters :
Wrong Input : Fist letter Should be capital and must contains minimum 3 characters :
Wrong Input : Fist letter Should be capital and must contains minimum 3 characters :
Wrong Input : Fist letter Should be capital and must contains minimum 3 characters :
Wrong Input : Fist letter Should be capital and must contains minimum 3 characters :
Wrong Input : Fist letter Should be capital and must contains minimum 3 characters :
Wrong Input : Fist letter Should be capital and must contains minimum 3 characters :
Wrong Input : Fist letter Should be capital and must contains minimum 3 characters :
Wrong Input : Fist letter Should be capital and must contains minimum 3 characters :
Wrong Input : Fist letter Should be capital and must contains minimum 3 characters :
Wrong Input : Fist letter Should be capital and must contains minimum 3 characters :
Wrong Input : Fist letter Should be capital and must contains minimum 3 characters :
Wrong Input : Fist letter Should be capital and must contains minimum 3 characters :
Wrong Input : Fist letter Should be capital and must contains minimum 3 characters :
Wrong Input : Fist letter Should be capital and must contains minimum 3 characters :
Wrong Input : Fist letter Should be capital and must contains minimum 3 characters :
Wrong Input : Fist letter Should be capital and must contains minimum 3 characters :
Wrong Input : Fist letter Should be capital and must contains minimum 3 characters :
Wrong Input : Fist letter Should be capital and must contains minimum 3 characters :
Wrong Input : Fist letter Should be capital and must contains minimum 3 characters :
Wrong Input : Fist letter Should be capital and must contains minimum 3 characters :
Wrong Input : Fist letter Should be capital and must contains minimum 3 characters :
Wrong Input : Fist letter Should be capital and must contains minimum 3 characters :
Wrong Input : Fist letter Should be capital and must contains minimum 3 characters :
Wrong Input : Fist letter Should be capital and must contains minimum 3 characters :
Wrong Input : Fist letter Should be capital and must contains minimum 3 characters :
Wrong Input : Fist letter Should be capital and must contains minimum 3 characters :
Wrong Input : Fist letter Should be capital and must contains minimum 3 characters :
Wrong Input : Fist letter Should be capital and must contains minimum 3 characters :
Wrong Input : Fist letter Should be capital and must contains minimum 3 characters :
Wrong Input : Fist letter Should be capital and must contains minimum 3 characters :
Wrong Input : Fist letter Should be capital and must contains minimum 3 characters :
Wrong Input : Fist letter Should be capital and must contains minimum 3 characters :
Wrong Input : Fist letter Should be capital and must contains minimum 3 characters :
Wrong Input : Fist letter Should be capital and must contains minimum 3 characters :
Wrong Input : Fist letter Should be capital and must contains minimum 3 characters :
Wrong Input : Fist letter Should be capital and must contains minimum 3 characters :
Wrong Input : Fist letter Should be capital and must contains minimum 3 characters :
Wrong Input : Fist letter Should be capital and must contains minimum 3 characters :
Wrong Input : Fist letter Should be capital and must contains minimum 3 characters :
Wrong Input : Fist letter Should be capital and must contains minimum 3 characters :
Wrong Input : Fist letter Should be capital and must contains minimum 3 characters :
Wrong Input : Fist letter Should be capital and must contains minimum 3 characters :
Wrong Input : Fist letter Should be capital and must contains minimum 3 characters :
Wrong Input : Fist letter Should be capital and must contains minimum 3 characters :
Wrong Input : Fist letter Should be capital and must contains minimum 3 characters :
Wrong Input : Fist letter Should be capital and must contains minimum 3 characters :
Wrong Input : Fist letter Should be capital and must contains minimum 3 characters :
Wrong Input : Fist letter Should be capital and must contains minimum 3 characters :
Wrong Input : Fist letter Should be capital and must contains minimum 3 characters :
Wrong Input : Fist letter Should be capital and must contains minimum 3 characters :
Wrong Input : Fist letter Should be capital and must contains minimum 3 characters :
Wrong Input : Fist letter Should be capital and must contains minimum 3 characters :
Wrong Input : Fist letter Should be capital and must contains minimum 3 characters :
Wrong Input : Fist letter Should be capital and must contains minimum 3 characters :
Wrong Input : Fist letter Should be capital and must contains minimum 3 characters :
Wrong Input : Fist letter Should be capital and must contains minimum 3 characters :
Wrong Input : Fist letter Should be capital and must contains minimum 3 characters :
Wrong Input : Fist letter Should be capital and must contains minimum 3 characters :
Wrong Input : Fist letter Should be capital and must contains minimum 3 characters :
Wrong Input : Fist letter Should be capital and must contains minimum 3 characters :
Wrong Input : Fist letter Should be capital and must contains minimum 3 characters :
Wrong Input : Fist letter Should be capital and must contains minimum 3 characters :
Wrong Input : Fist letter Should be capital and must contains minimum 3 characters :
Wrong Input : Fist letter Should be capital and must contains minimum 3 characters :
Wrong Input : Fist letter Should be capital and must contains minimum 3 characters :
Wrong Input : Fist letter Should be capital and must contains minimum 3 characters :
Wrong Input : Fist letter Should be capital and must contains minimum 3 characters :
Wrong Input : Fist letter Should be capital and must contains minimum 3 characters :
Wrong Input : Fist letter Should be capital and must contains minimum 3 characters :
Wrong Input : Fist letter Should be capital and must contains minimum 3 characters :
Wrong Input : Fist letter Should be capital and must contains minimum 3 characters :
Wrong Input : Fist letter Should be capital and must contains minimum 3 characters :
Wrong Input : Fist letter Should be capital and must contains minimum 3 characters :
Wrong Input : Fist letter Should be capital and must contains minimum 3 characters :
Wrong Input : Fist letter Should be capital and must contains minimum 3 characters :
Wrong Input : Fist letter Should be capital and must contains minimum 3 characters :
Wrong Input : Fist letter Should be capital and must contains minimum 3 characters :
Wrong Input : Fist letter Should be capital and must contains minimum 3 characters :
Wrong Input : Fist letter Should be capital and must contains minimum 3 characters :
Wrong Input : Fist letter Should be capital and must contains minimum 3 characters :
Wrong Input : Fist letter Should be capital and must contains minimum 3 characters :
Wrong Input : Fist letter Should be capital and must contains minimum 3 characters :
Wrong Input : Fist letter Should be capital and must contains minimum 3 characters :
Wrong Input : Fist letter Should be capital and must contains minimum 3 characters :
Wrong Input : Fist letter Should be capital and must contains minimum 3 characters :
Wrong Input : Fist letter Should be capital and must contains minimum 3 characters :
Wrong Input : Fist letter Should be capital and must contains minimum 3 characters :
Wrong Input : Fist letter Should be capital and must contains minimum 3 characters :
Wrong Input : Fist letter Should be capital and must contains minimum 3 characters :
Wrong Input : Fist letter Should be capital and must contains minimum 3 characters :
Wrong Input : Fist letter Should be capital and must contains minimum 3 characters :
Wrong Input : Fist letter Should be capital and must contains minimum 3 characters :
Wrong Input : Fist letter Should be capital and must contains minimum 3 characters :
Wrong Input : Fist letter Should be capital and must contains minimum 3 characters :
Wrong Input : Fist letter Should be capital and must contains minimum 3 characters :
Wrong Input : Fist letter Should be capital and must contains minimum 3 characters :
Wrong Input : Fist letter Should be capital and must contains minimum 3 characters :
Wrong Input : Fist letter Should be capital and must contains minimum 3 characters :
Wrong Input : Fist letter Should be capital and must contains minimum 3 characters :
Wrong Input : Fist letter Should be capital and must contains minimum 3 characters :
Wrong Input : Fist letter Should be capital and must contains minimum 3 characters :
Wrong Input : Fist letter Should be capital and must contains minimum 3 characters :
Wrong Input : Fist letter Should be capital and must contains minimum 3 characters :
Wrong Input : Fist letter Should be capital and must contains minimum 3 characters :
Wrong Input : Fist letter Should be capital and must contains minimum 3 characters :
Wrong Input : Fist letter Should be capital and must contains minimum 3 characters :
Wrong Input : Fist letter Should be capital and must contains minimum 3 characters :
Wrong Input : Fist letter Should be capital and must contains minimum 3 characters :
Wrong Input : Fist letter Should be capital and must contains minimum 3 characters :
Wrong Input : Fist letter Should be capital and must contains minimum 3 characters :
Wrong Input : Fist letter Should be capital and must contains minimum 3 characters :
Wrong Input : Fist letter Should be capital and must contains minimum 3 characters :
Wrong Input : Fist letter Should be capital and must contains minimum 3 characters :
Wrong Input : Fist letter Should be capital and must contains minimum 3 characters :
Wrong Input : Fist letter Should be capital and must contains minimum 3 characters :
Wrong Input : Fist letter Should be capital and must contains minimum 3 characters :
Wrong Input : Fist letter Should be capital and must contains minimum 3 characters :
Wrong Input : Fist letter Should be capital and must contains minimum 3 characters :
Wrong Input : Fist letter Should be capital and must contains minimum 3 characters :
Wrong Input : Fist letter Should be capital and must contains minimum 3 characters :
Wrong Input : Fist letter Should be capital and must contains minimum 3 characters :
Wrong Input : Fist letter Should be capital and must contains minimum 3 characters :
Wrong Input : Fist letter Should be capital and must contains minimum 3 characters :
Wrong Input : Fist letter Should be capital and must contains minimum 3 characters :
Wrong Input : Fist letter Should be capital and must contains minimum 3 characters :
Wrong Input : Fist letter Should be capital and must contains minimum 3 characters :
Wrong Input : Fist letter Should be capital and must contains minimum 3 characters :
Wrong Input : Fist letter Should be capital and must contains minimum 3 characters :
Wrong Input : Fist letter Should be capital and must contains minimum 3 characters :
Wrong Input : Fist letter Should be capital and must contains minimum 3 characters :
Wrong Input : Fist letter Should be capital and must contains minimum 3 characters :
Wrong Input : Fist letter Should be capital and must contains minimum 3 characters :
Wrong Input : Fist letter Should be capital and must contains minimum 3 characters :
Wrong Input : Fist letter Should be capital and must contains minimum 3 characters :
Wrong Input : Fist letter Should be capital and must contains minimum 3 characters :
Wrong Input : Fist letter Should be capital and must contains minimum 3 characters :
Wrong Input : Fist letter Should be capital and must contains minimum 3 characters :
Wrong Input : Fist letter Should be capital and must contains minimum 3 characters :
Wrong Input : Fist letter Should be capital and must contains minimum 3 characters :
Wrong Input : Fist letter Should be capital and must contains minimum 3 characters :
Wrong Input : Fist letter Should be capital and must contains minimum 3 characters :
Wrong Input : Fist letter Should be capital and must contains minimum 3 characters :
Wrong Input : Fist letter Should be capital and must contains minimum 3 characters :
Wrong Input : Fist letter Should be capital and must contains minimum 3 characters :
Wrong Input : Fist letter Should be capital and must contains minimum 3 characters :
Wrong Input : Fist letter Should be capital and must contains minimum 3 characters :
Wrong Input : Fist letter Should be capital and must contains minimum 3 characters :
Wrong Input : Fist letter Should be capital and must contains minimum 3 characters :
Wrong Input : Fist letter Should be capital and must contains minimum 3 characters :
Wrong Input : Fist letter Should be capital and must contains minimum 3 characters :
Wrong Input : Fist letter Should be capital and must contains minimum 3 characters :
Wrong Input : Fist letter Should be capital and must contains minimum 3 characters :
Wrong Input : Fist letter Should be capital and must contains minimum 3 characters :
Wrong Input : Fist letter Should be capital and must contains minimum 3 characters :
Wrong Input : Fist letter Should be capital and must contains minimum 3 characters :
Wrong Input : Fist letter Should be capital and must contains minimum 3 characters :
Wrong Input : Fist letter Should be capital and must contains minimum 3 characters :
Wrong Input : Fist letter Should be capital and must contains minimum 3 characters :
Wrong Input : Fist letter Should be capital and must contains minimum 3 characters :
Wrong Input : Fist letter Should be capital and must contains minimum 3 characters :
Wrong Input : Fist letter Should be capital and must contains minimum 3 characters :
Wrong Input : Fist letter Should be capital and must contains minimum 3 characters :
Wrong Input : Fist letter Should be capital and must contains minimum 3 characters :
Wrong Input : Fist letter Should be capital and must contains minimum 3 characters :
Wrong Input : Fist letter Should be capital and must contains minimum 3 characters :
Wrong Input : Fist letter Should be capital and must contains minimum 3 characters :
Wrong Input : Fist letter Should be capital and must contains minimum 3 characters :
Wrong Input : Fist letter Should be capital and must contains minimum 3 characters :
Wrong Input : Fist letter Should be capital and must contains minimum 3 characters :
Wrong Input : Fist letter Should be capital and must contains minimum 3 characters :
Wrong Input : Fist letter Should be capital and must contains minimum 3 characters :
Wrong Input : Fist letter Should be capital and must contains minimum 3 characters :
Wrong Input : Fist letter Should be capital and must contains minimum 3 characters :
Wrong Input : Fist letter Should be capital and must contains minimum 3 characters :
Wrong Input : Fist letter Should be capital and must contains minimum 3 characters :
Wrong Input : Fist letter Should be capital and must contains minimum 3 characters :
Wrong Input : Fist letter Should be capital and must contains minimum 3 characters :
Wrong Input : Fist letter Should be capital and must contains minimum 3 characters :
Wrong Input : Fist letter Should be capital and must contains minimum 3 characters :
Wrong Input : Fist letter Should be capital and must contains minimum 3 characters :
Wrong Input : Fist letter Should be capital and must contains minimum 3 characters :
Wrong Input : Fist letter Should be capital and must contains minimum 3 characters :
Wrong Input : Fist letter Should be capital and must contains minimum 3 characters :
Wrong Input : Fist letter Should be capital and must contains minimum 3 characters :
Wrong Input : Fist letter Should be capital and must contains minimum 3 characters :
Wrong Input : Fist letter Should be capital and must contains minimum 3 characters :
Wrong Input : Fist letter Should be capital and must contains minimum 3 characters :
Wrong Input : Fist letter Should be capital and must contains minimum 3 characters :
Wrong Input : Fist letter Should be capital and must contains minimum 3 characters :
Wrong Input : Fist letter Should be capital and must contains minimum 3 characters :
Wrong Input : Fist letter Should be capital and must contains minimum 3 characters :
Wrong Input : Fist letter Should be capital and must contains minimum 3 characters :
Wrong Input : Fist letter Should be capital and must contains minimum 3 characters :
Wrong Input : Fist letter Should be capital and must contains minimum 3 characters :
Wrong Input : Fist letter Should be capital and must contains minimum 3 characters :
Wrong Input : Fist letter Should be capital and must contains minimum 3 characters :
Wrong Input : Fist letter Should be capital and must contains minimum 3 characters :
Wrong Input : Fist letter Should be capital and must contains minimum 3 characters :
Wrong Input : Fist letter Should be capital and must contains minimum 3 characters :
Wrong Input : Fist letter Should be capital and must contains minimum 3 characters :
Wrong Input : Fist letter Should be capital and must contains minimum 3 characters :
Wrong Input : Fist letter Should be capital and must contains minimum 3 characters :
Wrong Input : Fist letter Should be capital and must contains minimum 3 characters :
Wrong Input : Fist letter Should be capital and must contains minimum 3 characters :
Wrong Input : Fist letter Should be capital and must contains minimum 3 characters :
Wrong Input : Fist letter Should be capital and must contains minimum 3 characters :
Wrong Input : Fist letter Should be capital and must contains minimum 3 characters :
Wrong Input : Fist letter Should be capital and must contains minimum 3 characters :
Wrong Input : Fist letter Should be capital and must contains minimum 3 characters :
Wrong Input : Fist letter Should be capital and must contains minimum 3 characters :
Wrong Input : Fist letter Should be capital and must contains minimum 3 characters :
Wrong Input : Fist letter Should be capital and must contains minimum 3 characters :
Wrong Input : Fist letter Should be capital and must contains minimum 3 characters :
Wrong Input : Fist letter Should be capital and must contains minimum 3 characters :
Wrong Input : Fist letter Should be capital and must contains minimum 3 characters :
Wrong Input : Fist letter Should be capital and must contains minimum 3 characters :
Wrong Input : Fist letter Should be capital and must contains minimum 3 characters :
Wrong Input : Fist letter Should be capital and must contains minimum 3 characters :
Wrong Input : Fist letter Should be capital and must contains minimum 3 characters :
Wrong Input : Fist letter Should be capital and must contains minimum 3 characters :
Wrong Input : Fist letter Should be capital and must contains minimum 3 characters :
Wrong Input : Fist letter Should be capital and must contains minimum 3 characters :
Wrong Input : Fist letter Should be capital and must contains minimum 3 characters :
Wrong Input : Fist letter Should be capital and must contains minimum 3 characters :
Wrong Input : Fist letter Should be capital and must contains minimum 3 characters :
Wrong Input : Fist letter Should be capital and must contains minimum 3 characters :
Wrong Input : Fist letter Should be capital and must contains minimum 3 characters :
Wrong Input : Fist letter Should be capital and must contains minimum 3 characters :
Wrong Input : Fist letter Should be capital and must contains minimum 3 characters :
Wrong Input : Fist letter Should be capital and must contains minimum 3 characters :
Wrong Input : Fist letter Should be capital and must contains minimum 3 characters :
Wrong Input : Fist letter Should be capital and must contains minimum 3 characters :
Wrong Input : Fist letter Should be capital and must contains minimum 3 characters :
Wrong Input : Fist letter Should be capital and must contains minimum 3 characters :
Wrong Input : Fist letter Should be capital and must contains minimum 3 characters :
Wrong Input : Fist letter Should be capital and must contains minimum 3 characters :
Wrong Input : Fist letter Should be capital and must contains minimum 3 characters :
Wrong Input : Fist letter Should be capital and must contains minimum 3 characters :
Wrong Input : Fist letter Should be capital and must contains minimum 3 characters :
Wrong Input : Fist letter Should be capital and must contains minimum 3 characters :
Wrong Input : Fist letter Should be capital and must contains minimum 3 characters :
Wrong Input : Fist letter Should be capital and must contains minimum 3 characters :
Wrong Input : Fist letter Should be capital and must contains minimum 3 characters :
Wrong Input : Fist letter Should be capital and must contains minimum 3 characters :
Wrong Input : Fist letter Should be capital and must contains minimum 3 characters :
Wrong Input : Fist letter Should be capital and must contains minimum 3 characters :
Wrong Input : Fist letter Should be capital and must contains minimum 3 characters :
Wrong Input : Fist letter Should be capital and must contains minimum 3 characters :
Wrong Input : Fist letter Should be capital and must contains minimum 3 characters :
Wrong Input : Fist letter Should be capital and must contains minimum 3 characters :
Wrong Input : Fist letter Should be capital and must contains minimum 3 characters :
Wrong Input : Fist letter Should be capital and must contains minimum 3 characters :
Wrong Input : Fist letter Should be capital and must contains minimum 3 characters :
Wrong Input : Fist letter Should be capital and must contains minimum 3 characters :
Wrong Input : Fist letter Should be capital and must contains minimum 3 characters :
Wrong Input : Fist letter Should be capital and must contains minimum 3 characters :
Wrong Input : Fist letter Should be capital and must contains minimum 3 characters :
Wrong Input : Fist letter Should be capital and must contains minimum 3 characters :
Wrong Input : Fist letter Should be capital and must contains minimum 3 characters :
Wrong Input : Fist letter Should be capital and must contains minimum 3 characters :
Wrong Input : Fist letter Should be capital and must contains minimum 3 characters :
Wrong Input : Fist letter Should be capital and must contains minimum 3 characters :
Wrong Input : Fist letter Should be capital and must contains minimum 3 characters :
Wrong Input : Fist letter Should be capital and must contains minimum 3 characters :
Wrong Input : Fist letter Should be capital and must contains minimum 3 characters :
Wrong Input : Fist letter Should be capital and must contains minimum 3 characters :
Wrong Input : Fist letter Should be capital and must contains minimum 3 characters :
Wrong Input : Fist letter Should be capital and must contains minimum 3 characters :
Wrong Input : Fist letter Should be capital and must contains minimum 3 characters :
Wrong Input : Fist letter Should be capital and must contains minimum 3 characters :
Wrong Input : Fist letter Should be capital and must contains minimum 3 characters :
Wrong Input : Fist letter Should be capital and must contains minimum 3 characters :
Wrong Input : Fist letter Should be capital and must contains minimum 3 characters :
Wrong Input : Fist letter Should be capital and must contains minimum 3 characters :
Wrong Input : Fist letter Should be capital and must contains minimum 3 characters :
Wrong Input : Fist letter Should be capital and must contains minimum 3 characters :
Wrong Input : Fist letter Should be capital and must contains minimum 3 characters :
Wrong Input : Fist letter Should be capital and must contains minimum 3 characters :
Wrong Input : Fist letter Should be capital and must contains minimum 3 characters :
Wrong Input : Fist letter Should be capital and must contains minimum 3 characters :
Wrong Input : Fist letter Should be capital and must contains minimum 3 characters :
Wrong Input : Fist letter Should be capital and must contains minimum 3 characters :
Wrong Input : Fist letter Should be capital and must contains minimum 3 characters :
Wrong Input : Fist letter Should be capital and must contains minimum 3 characters :
Wrong Input : Fist letter Should be capital and must contains minimum 3 characters :
Wrong Input : Fist letter Should be capital and must contains minimum 3 characters :
Wrong Input : Fist letter Should be capital and must contains minimum 3 characters :
Wrong Input : Fist letter Should be capital and must contains minimum 3 characters :
Wrong Input : Fist letter Should be capital and must contains minimum 3 characters :
Wrong Input : Fist letter Should be capital and must contains minimum 3 characters :
Wrong Input : Fist letter Should be capital and must contains minimum 3 characters :
Wrong Input : Fist letter Should be capital and must contains minimum 3 characters :
Wrong Input : Fist letter Should be capital and must contains minimum 3 characters :
Wrong Input : Fist letter Should be capital and must contains minimum 3 characters :
Wrong Input : Fist letter Should be capital and must contains minimum 3 characters :
Wrong Input : Fist letter Should be capital and must contains minimum 3 characters :
Wrong Input : Fist letter Should be capital and must contains minimum 3 characters :
Wrong Input : Fist letter Should be capital and must contains minimum 3 characters :
Wrong Input : Fist letter Should be capital and must contains minimum 3 characters :
Wrong Input : Fist letter Should be capital and must contains minimum 3 characters :
Wrong Input : Fist letter Should be capital and must contains minimum 3 characters :
Wrong Input : Fist letter Should be capital and must contains minimum 3 characters :
Wrong Input : Fist letter Should be capital and must contains minimum 3 characters :
Wrong Input : Fist letter Should be capital and must contains minimum 3 characters :
Wrong Input : Fist letter Should be capital and must contains minimum 3 characters :
Wrong Input : Fist letter Should be capital and must contains minimum 3 characters :
Wrong Input : Fist letter Should be capital and must contains minimum 3 characters :
Wrong Input : Fist letter Should be capital and must contains minimum 3 characters :
Wrong Input : Fist letter Should be capital and must contains minimum 3 characters :
Wrong Input : Fist letter Should be capital and must contains minimum 3 characters :
Wrong Input : Fist letter Should be capital and must contains minimum 3 characters :
Wrong Input : Fist letter Should be capital and must contains minimum 3 characters :
Wrong Input : Fist letter Should be capital and must contains minimum 3 characters :
Wrong Input : Fist letter Should be capital and must contains minimum 3 characters :
Wrong Input : Fist letter Should be capital and must contains minimum 3 characters :
Wrong Input : Fist letter Should be capital and must contains minimum 3 characters :
Wrong Input : Fist letter Should be capital and must contains minimum 3 characters :
Wrong Input : Fist letter Should be capital and must contains minimum 3 characters :
Wrong Input : Fist letter Should be capital and must contains minimum 3 characters :
Wrong Input : Fist letter Should be capital and must contains minimum 3 characters :
Wrong Input : Fist letter Should be capital and must contains minimum 3 characters :
Wrong Input : Fist letter Should be capital and must contains minimum 3 characters :
Wrong Input : Fist letter Should be capital and must contains minimum 3 characters :
Wrong Input : Fist letter Should be capital and must contains minimum 3 characters :
Wrong Input : Fist letter Should be capital and must contains minimum 3 characters :
Wrong Input : Fist letter Should be capital and must contains minimum 3 characters :
Wrong Input : Fist letter Should be capital and must contains minimum 3 characters :
Wrong Input : Fist letter Should be capital and must contains minimum 3 characters :
Wrong Input : Fist letter Should be capital and must contains minimum 3 characters :
Wrong Input : Fist letter Should be capital and must contains minimum 3 characters :
Wrong Input : Fist letter Should be capital and must contains minimum 3 characters :
Wrong Input : Fist letter Should be capital and must contains minimum 3 characters :
Wrong Input : Fist letter Should be capital and must contains minimum 3 characters :
Wrong Input : Fist letter Should be capital and must contains minimum 3 characters :
Wrong Input : Fist letter Should be capital and must contains minimum 3 characters :
Wrong Input : Fist letter Should be capital and must contains minimum 3 characters :
Wrong Input : Fist letter Should be capital and must contains minimum 3 characters :
Wrong Input : Fist letter Should be capital and must contains minimum 3 characters :
Wrong Input : Fist letter Should be capital and must contains minimum 3 characters :
Wrong Input : Fist letter Should be capital and must contains minimum 3 characters :
Wrong Input : Fist letter Should be capital and must contains minimum 3 characters :
Wrong Input : Fist letter Should be capital and must contains minimum 3 characters :
Wrong Input : Fist letter Should be capital and must contains minimum 3 characters :
Wrong Input : Fist letter Should be capital and must contains minimum 3 characters :
Wrong Input : Fist letter Should be capital and must contains minimum 3 characters :
Wrong Input : Fist letter Should be capital and must contains minimum 3 characters :
Wrong Input : Fist letter Should be capital and must contains minimum 3 characters :
Wrong Input : Fist letter Should be capital and must contains minimum 3 characters :
Wrong Input : Fist letter Should be capital and must contains minimum 3 characters :
Wrong Input : Fist letter Should be capital and must contains minimum 3 characters :
Wrong Input : Fist letter Should be capital and must contains minimum 3 characters :
Wrong Input : Fist letter Should be capital and must contains minimum 3 characters :
Wrong Input : Fist letter Should be capital and must contains minimum 3 characters :
Wrong Input : Fist letter Should be capital and must contains minimum 3 characters :
Wrong Input : Fist letter Should be capital and must contains minimum 3 characters :
Wrong Input : Fist letter Should be capital and must contains minimum 3 characters :
Wrong Input : Fist letter Should be capital and must contains minimum 3 characters :
Wrong Input : Fist letter Should be capital and must contains minimum 3 characters :
Wrong Input : Fist letter Should be capital and must contains minimum 3 characters :
Wrong Input : Fist letter Should be capital and must contains minimum 3 characters :
Wrong Input : Fist letter Should be capital and must contains minimum 3 characters :
Wrong Input : Fist letter Should be capital and must contains minimum 3 characters :
Wrong Input : Fist letter Should be capital and must contains minimum 3 characters :
Wrong Input : Fist letter Should be capital and must contains minimum 3 characters :
Wrong Input : Fist letter Should be capital and must contains minimum 3 characters :
Wrong Input : Fist letter Should be capital and must contains minimum 3 characters :
Wrong Input : Fist letter Should be capital and must contains minimum 3 characters :
Wrong Input : Fist letter Should be capital and must contains minimum 3 characters :
Wrong Input : Fist letter Should be capital and must contains minimum 3 characters :
Wrong Input : Fist letter Should be capital and must contains minimum 3 characters :
Wrong Input : Fist letter Should be capital and must contains minimum 3 characters :
Wrong Input : Fist letter Should be capital and must contains minimum 3 characters :
Wrong Input : Fist letter Should be capital and must contains minimum 3 characters :
Wrong Input : Fist letter Should be capital and must contains minimum 3 characters :
Wrong Input : Fist letter Should be capital and must contains minimum 3 characters :
Wrong Input : Fist letter Should be capital and must contains minimum 3 characters :
Wrong Input : Fist letter Should be capital and must contains minimum 3 characters :
Wrong Input : Fist letter Should be capital and must contains minimum 3 characters :
Wrong Input : Fist letter Should be capital and must contains minimum 3 characters :
Wrong Input : Fist letter Should be capital and must contains minimum 3 characters :
Wrong Input : Fist letter Should be capital and must contains minimum 3 characters :
Wrong Input : Fist letter Should be capital and must contains minimum 3 characters :
Wrong Input : Fist letter Should be capital and must contains minimum 3 characters :
Wrong Input : Fist letter Should be capital and must contains minimum 3 characters :
Wrong Input : Fist letter Should be capital and must contains minimum 3 characters :
Wrong Input : Fist letter Should be capital and must contains minimum 3 characters :
Wrong Input : Fist letter Should be capital and must contains minimum 3 characters :
Wrong Input : Fist letter Should be capital and must contains minimum 3 characters :
Wrong Input : Fist letter Should be capital and must contains minimum 3 characters :
Wrong Input : Fist letter Should be capital and must contains minimum 3 characters :
Wrong Input : Fist letter Should be capital and must contains minimum 3 characters :
Wrong Input : Fist letter Should be capital and must contains minimum 3 characters :
Wrong Input : Fist letter Should be capital and must contains minimum 3 characters :
Wrong Input : Fist letter Should be capital and must contains minimum 3 characters :
Wrong Input : Fist letter Should be capital and must contains minimum 3 characters :
Wrong Input : Fist letter Should be capital and must contains minimum 3 characters :
Wrong Input : Fist letter Should be capital and must contains minimum 3 characters :
Wrong Input : Fist letter Should be capital and must contains minimum 3 characters :
Wrong Input : Fist letter Should be capital and must contains minimum 3 characters :
Wrong Input : Fist letter Should be capital and must contains minimum 3 characters :
Wrong Input : Fist letter Should be capital and must contains minimum 3 characters :
Wrong Input : Fist letter Should be capital and must contains minimum 3 characters :
Wrong Input : Fist letter Should be capital and must contains minimum 3 characters :
Wrong Input : Fist letter Should be capital and must contains minimum 3 characters :
Wrong Input : Fist letter Should be capital and must contains minimum 3 characters :
Wrong Input : Fist letter Should be capital and must contains minimum 3 characters :
Wrong Input : Fist letter Should be capital and must contains minimum 3 characters :
Wrong Input : Fist letter Should be capital and must contains minimum 3 characters :
Wrong Input : Fist letter Should be capital and must contains minimum 3 characters :
Wrong Input : Fist letter Should be capital and must contains minimum 3 characters :
Wrong Input : Fist letter Should be capital and must contains minimum 3 characters :
Wrong Input : Fist letter Should be capital and must contains minimum 3 characters :
Wrong Input : Fist letter Should be capital and must contains minimum 3 characters :
Wrong Input : Fist letter Should be capital and must contains minimum 3 characters :
Wrong Input : Fist letter Should be capital and must contains minimum 3 characters :
Wrong Input : Fist letter Should be capital and must contains minimum 3 characters :
Wrong Input : Fist letter Should be capital and must contains minimum 3 characters :
Wrong Input : Fist letter Should be capital and must contains minimum 3 characters :
Wrong Input : Fist letter Should be capital and must contains minimum 3 characters :
Wrong Input : Fist letter Should be capital and must contains minimum 3 characters :
Wrong Input : Fist letter Should be capital and must contains minimum 3 characters :
Wrong Input : Fist letter Should be capital and must contains minimum 3 characters :
Wrong Input : Fist letter Should be capital and must contains minimum 3 characters :
Wrong Input : Fist letter Should be capital and must contains minimum 3 characters :
Wrong Input : Fist letter Should be capital and must contains minimum 3 characters :
Wrong Input : Fist letter Should be capital and must contains minimum 3 characters :
Wrong Input : Fist letter Should be capital and must contains minimum 3 characters :
Wrong Input : Fist letter Should be capital and must contains minimum 3 characters :
Wrong Input : Fist letter Should be capital and must contains minimum 3 characters :
Wrong Input : Fist letter Should be capital and must contains minimum 3 characters :
Wrong Input : Fist letter Should be capital and must contains minimum 3 characters :
Wrong Input : Fist letter Should be capital and must contains minimum 3 characters :
Wrong Input : Fist letter Should be capital and must contains minimum 3 characters :
Wrong Input : Fist letter Should be capital and must contains minimum 3 characters :
Wrong Input : Fist letter Should be capital and must contains minimum 3 characters :
Wrong Input : Fist letter Should be capital and must contains minimum 3 characters :
Wrong Input : Fist letter Should be capital and must contains minimum 3 characters :
Wrong Input : Fist letter Should be capital and must contains minimum 3 characters :
Wrong Input : Fist letter Should be capital and must contains minimum 3 characters :
Wrong Input : Fist letter Should be capital and must contains minimum 3 characters :
Wrong Input : Fist letter Should be capital and must contains minimum 3 characters :
Wrong Input : Fist letter Should be capital and must contains minimum 3 characters :
Wrong Input : Fist letter Should be capital and must contains minimum 3 characters :
Wrong Input : Fist letter Should be capital and must contains minimum 3 characters :
Wrong Input : Fist letter Should be capital and must contains minimum 3 characters :
Wrong Input : Fist letter Should be capital and must contains minimum 3 characters :
Wrong Input : Fist letter Should be capital and must contains minimum 3 characters :
Wrong Input : Fist letter Should be capital and must contains minimum 3 characters :
Wrong Input : Fist letter Should be capital and must contains minimum 3 characters :
Wrong Input : Fist letter Should be capital and must contains minimum 3 characters :
Wrong Input : Fist letter Should be capital and must contains minimum 3 characters :
Wrong Input : Fist letter Should be capital and must contains minimum 3 characters :
Wrong Input : Fist letter Should be capital and must contains minimum 3 characters :
Wrong Input : Fist letter Should be capital and must contains minimum 3 characters :
Wrong Input : Fist letter Should be capital and must contains minimum 3 characters :
Wrong Input : Fist letter Should be capital and must contains minimum 3 characters :
Wrong Input : Fist letter Should be capital and must contains minimum 3 characters :
Wrong Input : Fist letter Should be capital and must contains minimum 3 characters :
Wrong Input : Fist letter Should be capital and must contains minimum 3 characters :
Wrong Input : Fist letter Should be capital and must contains minimum 3 characters :
Wrong Input : Fist letter Should be capital and must contains minimum 3 characters :
Wrong Input : Fist letter Should be capital and must contains minimum 3 characters :
Wrong Input : Fist letter Should be capital and must contains minimum 3 characters :
Wrong Input : Fist letter Should be capital and must contains minimum 3 characters :
Wrong Input : Fist letter Should be capital and must contains minimum 3 characters :
Wrong Input : Fist letter Should be capital and must contains minimum 3 characters :
Wrong Input : Fist letter Should be capital and must contains minimum 3 characters :
Wrong Input : Fist letter Should be capital and must contains minimum 3 characters :
Wrong Input : Fist letter Should be capital and must contains minimum 3 characters :
Wrong Input : Fist letter Should be capital and must contains minimum 3 characters :
Wrong Input : Fist letter Should be capital and must contains minimum 3 characters :
Wrong Input : Fist letter Should be capital and must contains minimum 3 characters :
Wrong Input : Fist letter Should be capital and must contains minimum 3 characters :
Wrong Input : Fist letter Should be capital and must contains minimum 3 characters :
Wrong Input : Fist letter Should be capital and must contains minimum 3 characters :
Wrong Input : Fist letter Should be capital and must contains minimum 3 characters :
Wrong Input : Fist letter Should be capital and must contains minimum 3 characters :
Wrong Input : Fist letter Should be capital and must contains minimum 3 characters :
Wrong Input : Fist letter Should be capital and must contains minimum 3 characters :
Wrong Input : Fist letter Should be capital and must contains minimum 3 characters :
Wrong Input : Fist letter Should be capital and must contains minimum 3 characters :
Wrong Input : Fist letter Should be capital and must contains minimum 3 characters :
Wrong Input : Fist letter Should be capital and must contains minimum 3 characters :
Wrong Input : Fist letter Should be capital and must contains minimum 3 characters :
Wrong Input : Fist letter Should be capital and must contains minimum 3 characters :
Wrong Input : Fist letter Should be capital and must contains minimum 3 characters :
Wrong Input : Fist letter Should be capital and must contains minimum 3 characters :
Wrong Input : Fist letter Should be capital and must contains minimum 3 characters :
Wrong Input : Fist letter Should be capital and must contains minimum 3 characters :
Wrong Input : Fist letter Should be capital and must contains minimum 3 characters :
Wrong Input : Fist letter Should be capital and must contains minimum 3 characters :
Wrong Input : Fist letter Should be capital and must contains minimum 3 characters :
Wrong Input : Fist letter Should be capital and must contains minimum 3 characters :
Wrong Input : Fist letter Should be capital and must contains minimum 3 characters :
Wrong Input : Fist letter Should be capital and must contains minimum 3 characters :
Wrong Input : Fist letter Should be capital and must contains minimum 3 characters :
Wrong Input : Fist letter Should be capital and must contains minimum 3 characters :
Wrong Input : Fist letter Should be capital and must contains minimum 3 characters :
Wrong Input : Fist letter Should be capital and must contains minimum 3 characters :
Wrong Input : Fist letter Should be capital and must contains minimum 3 characters :
Wrong Input : Fist letter Should be capital and must contains minimum 3 characters :
Wrong Input : Fist letter Should be capital and must contains minimum 3 characters :
Wrong Input : Fist letter Should be capital and must contains minimum 3 characters :
Wrong Input : Fist letter Should be capital and must contains minimum 3 characters :
Wrong Input : Fist letter Should be capital and must contains minimum 3 characters :
Wrong Input : Fist letter Should be capital and must contains minimum 3 characters :
Wrong Input : Fist letter Should be capital and must contains minimum 3 characters :
Wrong Input : Fist letter Should be capital and must contains minimum 3 characters :
Wrong Input : Fist letter Should be capital and must contains minimum 3 characters :
Wrong Input : Fist letter Should be capital and must contains minimum 3 characters :
Wrong Input : Fist letter Should be capital and must contains minimum 3 characters :
Wrong Input : Fist letter Should be capital and must contains minimum 3 characters :
Wrong Input : Fist letter Should be capital and must contains minimum 3 characters :
Wrong Input : Fist letter Should be capital and must contains minimum 3 characters :
Wrong Input : Fist letter Should be capital and must contains minimum 3 characters :
Wrong Input : Fist letter Should be capital and must contains minimum 3 characters :
Wrong Input : Fist letter Should be capital and must contains minimum 3 characters :
Wrong Input : Fist letter Should be capital and must contains minimum 3 characters :
Wrong Input : Fist letter Should be capital and must contains minimum 3 characters :
Wrong Input : Fist letter Should be capital and must contains minimum 3 characters :
Wrong Input : Fist letter Should be capital and must contains minimum 3 characters :
Wrong Input : Fist letter Should be capital and must contains minimum 3 characters :
Wrong Input : Fist letter Should be capital and must contains minimum 3 characters :
Wrong Input : Fist letter Should be capital and must contains minimum 3 characters :
Wrong Input : Fist letter Should be capital and must contains minimum 3 characters :
Wrong Input : Fist letter Should be capital and must contains minimum 3 characters :
Wrong Input : Fist letter Should be capital and must contains minimum 3 characters :
Wrong Input : Fist letter Should be capital and must contains minimum 3 characters :
Wrong Input : Fist letter Should be capital and must contains minimum 3 characters :
Wrong Input : Fist letter Should be capital and must contains minimum 3 characters :
Wrong Input : Fist letter Should be capital and must contains minimum 3 characters :
Wrong Input : Fist letter Should be capital and must contains minimum 3 characters :
Wrong Input : Fist letter Should be capital and must contains minimum 3 characters :
Wrong Input : Fist letter Should be capital and must contains minimum 3 characters :
Wrong Input : Fist letter Should be capital and must contains minimum 3 characters :
Wrong Input : Fist letter Should be capital and must contains minimum 3 characters :
Wrong Input : Fist letter Should be capital and must contains minimum 3 characters :
Wrong Input : Fist letter Should be capital and must contains minimum 3 characters :
Wrong Input : Fist letter Should be capital and must contains minimum 3 characters :
Wrong Input : Fist letter Should be capital and must contains minimum 3 characters :
Wrong Input : Fist letter Should be capital and must contains minimum 3 characters :
Wrong Input : Fist letter Should be capital and must contains minimum 3 characters :
Wrong Input : Fist letter Should be capital and must contains minimum 3 characters :
Wrong Input : Fist letter Should be capital and must contains minimum 3 characters :
Wrong Input : Fist letter Should be capital and must contains minimum 3 characters :
Wrong Input : Fist letter Should be capital and must contains minimum 3 characters :
Wrong Input : Fist letter Should be capital and must contains minimum 3 characters :
Wrong Input : Fist letter Should be capital and must contains minimum 3 characters :
Wrong Input : Fist letter Should be capital and must contains minimum 3 characters :
Wrong Input : Fist letter Should be capital and must contains minimum 3 characters :
Wrong Input : Fist letter Should be capital and must contains minimum 3 characters :
Wrong Input : Fist letter Should be capital and must contains minimum 3 characters :
Wrong Input : Fist letter Should be capital and must contains minimum 3 characters :
Wrong Input : Fist letter Should be capital and must contains minimum 3 characters :
Wrong Input : Fist letter Should be capital and must contains minimum 3 characters :
Wrong Input : Fist letter Should be capital and must contains minimum 3 characters :
Wrong Input : Fist letter Should be capital and must contains minimum 3 characters :
Wrong Input : Fist letter Should be capital and must contains minimum 3 characters :
Wrong Input : Fist letter Should be capital and must contains minimum 3 characters :
Wrong Input : Fist letter Should be capital and must contains minimum 3 characters :
Wrong Input : Fist letter Should be capital and must contains minimum 3 characters :
Wrong Input : Fist letter Should be capital and must contains minimum 3 characters :
Wrong Input : Fist letter Should be capital and must contains minimum 3 characters :
Wrong Input : Fist letter Should be capital and must contains minimum 3 characters :
Wrong Input : Fist letter Should be capital and must contains minimum 3 characters :
Wrong Input : Fist letter Should be capital and must contains minimum 3 characters :
Wrong Input : Fist letter Should be capital and must contains minimum 3 characters :
Wrong Input : Fist letter Should be capital and must contains minimum 3 characters :
Wrong Input : Fist letter Should be capital and must contains minimum 3 characters :
Wrong Input : Fist letter Should be capital and must contains minimum 3 characters :
Wrong Input : Fist letter Should be capital and must contains minimum 3 characters :
Wrong Input : Fist letter Should be capital and must contains minimum 3 characters :
Wrong Input : Fist letter Should be capital and must contains minimum 3 characters :
Wrong Input : Fist letter Should be capital and must contains minimum 3 characters :
Wrong Input : Fist letter Should be capital and must contains minimum 3 characters :
Wrong Input : Fist letter Should be capital and must contains minimum 3 characters :
Wrong Input : Fist letter Should be capital and must contains minimum 3 characters :
Wrong Input : Fist letter Should be capital and must contains minimum 3 characters :
Wrong Input : Fist letter Should be capital and must contains minimum 3 characters :
Wrong Input : Fist letter Should be capital and must contains minimum 3 characters :
Wrong Input : Fist letter Should be capital and must contains minimum 3 characters :
Wrong Input : Fist letter Should be capital and must contains minimum 3 characters :
Wrong Input : Fist letter Should be capital and must contains minimum 3 characters :
Wrong Input : Fist letter Should be capital and must contains minimum 3 characters :
Wrong Input : Fist letter Should be capital and must contains minimum 3 characters :
Wrong Input : Fist letter Should be capital and must contains minimum 3 characters :
Wrong Input : Fist letter Should be capital and must contains minimum 3 characters :
Wrong Input : Fist letter Should be capital and must contains minimum 3 characters :
Wrong Input : Fist letter Should be capital and must contains minimum 3 characters :
Wrong Input : Fist letter Should be capital and must contains minimum 3 characters :
Wrong Input : Fist letter Should be capital and must contains minimum 3 characters :
Wrong Input : Fist letter Should be capital and must contains minimum 3 characters :
Wrong Input : Fist letter Should be capital and must contains minimum 3 characters :
Wrong Input : Fist letter Should be capital and must contains minimum 3 characters :
Wrong Input : Fist letter Should be capital and must contains minimum 3 characters :
Wrong Input : Fist letter Should be capital and must contains minimum 3 characters :
Wrong Input : Fist letter Should be capital and must contains minimum 3 characters :
Wrong Input : Fist letter Should be capital and must contains minimum 3 characters :
Wrong Input : Fist letter Should be capital and must contains minimum 3 characters :
Wrong Input : Fist letter Should be capital and must contains minimum 3 characters :
Wrong Input : Fist letter Should be capital and must contains minimum 3 characters :
Wrong Input : Fist letter Should be capital and must contains minimum 3 characters :
Wrong Input : Fist letter Should be capital and must contains minimum 3 characters :
Wrong Input : Fist letter Should be capital and must contains minimum 3 characters :
Wrong Input : Fist letter Should be capital and must contains minimum 3 characters :
Wrong Input : Fist letter Should be capital and must contains minimum 3 characters :
Wrong Input : Fist letter Should be capital and must contains minimum 3 characters :
Wrong Input : Fist letter Should be capital and must contains minimum 3 characters :
Wrong Input : Fist letter Should be capital and must contains minimum 3 characters :
Wrong Input : Fist letter Should be capital and must contains minimum 3 characters :
Wrong Input : Fist letter Should be capital and must contains minimum 3 characters :
Wrong Input : Fist letter Should be capital and must contains minimum 3 characters :
Wrong Input : Fist letter Should be capital and must contains minimum 3 characters :
Wrong Input : Fist letter Should be capital and must contains minimum 3 characters :
Wrong Input : Fist letter Should be capital and must contains minimum 3 characters :
Wrong Input : Fist letter Should be capital and must contains minimum 3 characters :
Wrong Input : Fist letter Should be capital and must contains minimum 3 characters :
Wrong Input : Fist letter Should be capital and must contains minimum 3 characters :
Wrong Input : Fist letter Should be capital and must contains minimum 3 characters :
Wrong Input : Fist letter Should be capital and must contains minimum 3 characters :
Wrong Input : Fist letter Should be capital and must contains minimum 3 characters :
Wrong Input : Fist letter Should be capital and must contains minimum 3 characters :
Wrong Input : Fist letter Should be capital and must contains minimum 3 characters :
Wrong Input : Fist letter Should be capital and must contains minimum 3 characters :
Wrong Input : Fist letter Should be capital and must contains minimum 3 characters :
Wrong Input : Fist letter Should be capital and must contains minimum 3 characters :
Wrong Input : Fist letter Should be capital and must contains minimum 3 characters :
Wrong Input : Fist letter Should be capital and must contains minimum 3 characters :
Wrong Input : Fist letter Should be capital and must contains minimum 3 characters :
Wrong Input : Fist letter Should be capital and must contains minimum 3 characters :
Wrong Input : Fist letter Should be capital and must contains minimum 3 characters :
Wrong Input : Fist letter Should be capital and must contains minimum 3 characters :
Wrong Input : Fist letter Should be capital and must contains minimum 3 characters :
Wrong Input : Fist letter Should be capital and must contains minimum 3 characters :
Wrong Input : Fist letter Should be capital and must contains minimum 3 characters :
Wrong Input : Fist letter Should be capital and must contains minimum 3 characters :
Wrong Input : Fist letter Should be capital and must contains minimum 3 characters :
Wrong Input : Fist letter Should be capital and must contains minimum 3 characters :
Wrong Input : Fist letter Should be capital and must contains minimum 3 characters :
Wrong Input : Fist letter Should be capital and must contains minimum 3 characters :
Wrong Input : Fist letter Should be capital and must contains minimum 3 characters :
Wrong Input : Fist letter Should be capital and must contains minimum 3 characters :
Wrong Input : Fist letter Should be capital and must contains minimum 3 characters :
Wrong Input : Fist letter Should be capital and must contains minimum 3 characters :
Wrong Input : Fist letter Should be capital and must contains minimum 3 characters :
Wrong Input : Fist letter Should be capital and must contains minimum 3 characters :
Wrong Input : Fist letter Should be capital and must contains minimum 3 characters :
Wrong Input : Fist letter Should be capital and must contains minimum 3 characters :
Wrong Input : Fist letter Should be capital and must contains minimum 3 characters :
Wrong Input : Fist letter Should be capital and must contains minimum 3 characters :
Wrong Input : Fist letter Should be capital and must contains minimum 3 characters :
Wrong Input : Fist letter Should be capital and must contains minimum 3 characters :
Wrong Input : Fist letter Should be capital and must contains minimum 3 characters :
Wrong Input : Fist letter Should be capital and must contains minimum 3 characters :
Wrong Input : Fist letter Should be capital and must contains minimum 3 characters :
Wrong Input : Fist letter Should be capital and must contains minimum 3 characters :
Wrong Input : Fist letter Should be capital and must contains minimum 3 characters :
Wrong Input : Fist letter Should be capital and must contains minimum 3 characters :
Wrong Input : Fist letter Should be capital and must contains minimum 3 characters :
Wrong Input : Fist letter Should be capital and must contains minimum 3 characters :
Wrong Input : Fist letter Should be capital and must contains minimum 3 characters :
Wrong Input : Fist letter Should be capital and must contains minimum 3 characters :
Wrong Input : Fist letter Should be capital and must contains minimum 3 characters :
Wrong Input : Fist letter Should be capital and must contains minimum 3 characters :
Wrong Input : Fist letter Should be capital and must contains minimum 3 characters :
Wrong Input : Fist letter Should be capital and must contains minimum 3 characters :
Wrong Input : Fist letter Should be capital and must contains minimum 3 characters :
Wrong Input : Fist letter Should be capital and must contains minimum 3 characters :
Wrong Input : Fist letter Should be capital and must contains minimum 3 characters :
Wrong Input : Fist letter Should be capital and must contains minimum 3 characters :
Wrong Input : Fist letter Should be capital and must contains minimum 3 characters :
Wrong Input : Fist letter Should be capital and must contains minimum 3 characters :
Wrong Input : Fist letter Should be capital and must contains minimum 3 characters :
Wrong Input : Fist letter Should be capital and must contains minimum 3 characters :
Wrong Input : Fist letter Should be capital and must contains minimum 3 characters :
Wrong Input : Fist letter Should be capital and must contains minimum 3 characters :
Wrong Input : Fist letter Should be capital and must contains minimum 3 characters :
Wrong Input : Fist letter Should be capital and must contains minimum 3 characters :
Wrong Input : Fist letter Should be capital and must contains minimum 3 characters :
Wrong Input : Fist letter Should be capital and must contains minimum 3 characters :
Wrong Input : Fist letter Should be capital and must contains minimum 3 characters :
Wrong Input : Fist letter Should be capital and must contains minimum 3 characters :
Wrong Input : Fist letter Should be capital and must contains minimum 3 characters :
Wrong Input : Fist letter Should be capital and must contains minimum 3 characters :
Wrong Input : Fist letter Should be capital and must contains minimum 3 characters :
Wrong Input : Fist letter Should be capital and must contains minimum 3 characters :
Wrong Input : Fist letter Should be capital and must contains minimum 3 characters :
Wrong Input : Fist letter Should be capital and must contains minimum 3 characters :
Wrong Input : Fist letter Should be capital and must contains minimum 3 characters :
Wrong Input : Fist letter Should be capital and must contains minimum 3 characters :
Wrong Input : Fist letter Should be capital and must contains minimum 3 characters :
Wrong Input : Fist letter Should be capital and must contains minimum 3 characters :
Wrong Input : Fist letter Should be capital and must contains minimum 3 characters :
Wrong Input : Fist letter Should be capital and must contains minimum 3 characters :
Wrong Input : Fist letter Should be capital and must contains minimum 3 characters :
Wrong Input : Fist letter Should be capital and must contains minimum 3 characters :
Wrong Input : Fist letter Should be capital and must contains minimum 3 characters :
Wrong Input : Fist letter Should be capital and must contains minimum 3 characters :
Wrong Input : Fist letter Should be capital and must contains minimum 3 characters :
Wrong Input : Fist letter Should be capital and must contains minimum 3 characters :
Wrong Input : Fist letter Should be capital and must contains minimum 3 characters :
Wrong Input : Fist letter Should be capital and must contains minimum 3 characters :
Wrong Input : Fist letter Should be capital and must contains minimum 3 characters :
Wrong Input : Fist letter Should be capital and must contains minimum 3 characters :
Wrong Input : Fist letter Should be capital and must contains minimum 3 characters :
Wrong Input : Fist letter Should be capital and must contains minimum 3 characters :
Wrong Input : Fist letter Should be capital and must contains minimum 3 characters :
Wrong Input : Fist letter Should be capital and must contains minimum 3 characters :
Wrong Input : Fist letter Should be capital and must contains minimum 3 characters :
Wrong Input : Fist letter Should be capital and must contains minimum 3 characters :
Wrong Input : Fist letter Should be capital and must contains minimum 3 characters :
Wrong Input : Fist letter Should be capital and must contains minimum 3 characters :
Wrong Input : Fist letter Should be capital and must contains minimum 3 characters :
Wrong Input : Fist letter Should be capital and must contains minimum 3 characters :
Wrong Input : Fist letter Should be capital and must contains minimum 3 characters :
Wrong Input : Fist letter Should be capital and must contains minimum 3 characters :
Wrong Input : Fist letter Should be capital and must contains minimum 3 characters :
Wrong Input : Fist letter Should be capital and must contains minimum 3 characters :
Wrong Input : Fist letter Should be capital and must contains minimum 3 characters :
Wrong Input : Fist letter Should be capital and must contains minimum 3 characters :
Wrong Input : Fist letter Should be capital and must contains minimum 3 characters :
Wrong Input : Fist letter Should be capital and must contains minimum 3 characters :
Wrong Input : Fist letter Should be capital and must contains minimum 3 characters :
Wrong Input : Fist letter Should be capital and must contains minimum 3 characters :
Wrong Input : Fist letter Should be capital and must contains minimum 3 characters :
Wrong Input : Fist letter Should be capital and must contains minimum 3 characters :
Wrong Input : Fist letter Should be capital and must contains minimum 3 characters :
Wrong Input : Fist letter Should be capital and must contains minimum 3 characters :
Wrong Input : Fist letter Should be capital and must contains minimum 3 characters :
Wrong Input : Fist letter Should be capital and must contains minimum 3 characters :
Wrong Input : Fist letter Should be capital and must contains minimum 3 characters :
Wrong Input : Fist letter Should be capital and must contains minimum 3 characters :
Wrong Input : Fist letter Should be capital and must contains minimum 3 characters :
Wrong Input : Fist letter Should be capital and must contains minimum 3 characters :
Wrong Input : Fist letter Should be capital and must contains minimum 3 characters :
Wrong Input : Fist letter Should be capital and must contains minimum 3 characters :
Wrong Input : Fist letter Should be capital and must contains minimum 3 characters :
Wrong Input : Fist letter Should be capital and must contains minimum 3 characters :
Wrong Input : Fist letter Should be capital and must contains minimum 3 characters :
Wrong Input : Fist letter Should be capital and must contains minimum 3 characters :
Wrong Input : Fist letter Should be capital and must contains minimum 3 characters :
Wrong Input : Fist letter Should be capital and must contains minimum 3 characters :
Wrong Input : Fist letter Should be capital and must contains minimum 3 characters :
Wrong Input : Fist letter Should be capital and must contains minimum 3 characters :
Wrong Input : Fist letter Should be capital and must contains minimum 3 characters :
Wrong Input : Fist letter Should be capital and must contains minimum 3 characters :
Wrong Input : Fist letter Should be capital and must contains minimum 3 characters :
Wrong Input : Fist letter Should be capital and must contains minimum 3 characters :
Wrong Input : Fist letter Should be capital and must contains minimum 3 characters :
Wrong Input : Fist letter Should be capital and must contains minimum 3 characters :
Wrong Input : Fist letter Should be capital and must contains minimum 3 characters :
Wrong Input : Fist letter Should be capital and must contains minimum 3 characters :
Wrong Input : Fist letter Should be capital and must contains minimum 3 characters :
Wrong Input : Fist letter Should be capital and must contains minimum 3 characters :
Wrong Input : Fist letter Should be capital and must contains minimum 3 characters :
Wrong Input : Fist letter Should be capital and must contains minimum 3 characters :
Wrong Input : Fist letter Should be capital and must contains minimum 3 characters :
Wrong Input : Fist letter Should be capital and must contains minimum 3 characters :
Wrong Input : Fist letter Should be capital and must contains minimum 3 characters :
Wrong Input : Fist letter Should be capital and must contains minimum 3 characters :
Wrong Input : Fist letter Should be capital and must contains minimum 3 characters :
Wrong Input : Fist letter Should be capital and must contains minimum 3 characters :
Wrong Input : Fist letter Should be capital and must contains minimum 3 characters :
Wrong Input : Fist letter Should be capital and must contains minimum 3 characters :
Wrong Input : Fist letter Should be capital and must contains minimum 3 characters :
Wrong Input : Fist letter Should be capital and must contains minimum 3 characters :
Wrong Input : Fist letter Should be capital and must contains minimum 3 characters :
Wrong Input : Fist letter Should be capital and must contains minimum 3 characters :
Wrong Input : Fist letter Should be capital and must contains minimum 3 characters :
Wrong Input : Fist letter Should be capital and must contains minimum 3 characters :
Wrong Input : Fist letter Should be capital and must contains minimum 3 characters :
Wrong Input : Fist letter Should be capital and must contains minimum 3 characters :
Wrong Input : Fist letter Should be capital and must contains minimum 3 characters :
Wrong Input : Fist letter Should be capital and must contains minimum 3 characters :
Wrong Input : Fist letter Should be capital and must contains minimum 3 characters :
Wrong Input : Fist letter Should be capital and must contains minimum 3 characters :
Wrong Input : Fist letter Should be capital and must contains minimum 3 characters :
Wrong Input : Fist letter Should be capital and must contains minimum 3 characters :
Wrong Input : Fist letter Should be capital and must contains minimum 3 characters :
Wrong Input : Fist letter Should be capital and must contains minimum 3 characters :
Wrong Input : Fist letter Should be capital and must contains minimum 3 characters :
Wrong Input : Fist letter Should be capital and must contains minimum 3 characters :
Wrong Input : Fist letter Should be capital and must contains minimum 3 characters :
Wrong Input : Fist letter Should be capital and must contains minimum 3 characters :
Wrong Input : Fist letter Should be capital and must contains minimum 3 characters :
Wrong Input : Fist letter Should be capital and must contains minimum 3 characters :
Wrong Input : Fist letter Should be capital and must contains minimum 3 characters :
Wrong Input : Fist letter Should be capital and must contains minimum 3 characters :
Wrong Input : Fist letter Should be capital and must contains minimum 3 characters :
Wrong Input : Fist letter Should be capital and must contains minimum 3 characters :
Wrong Input : Fist letter Should be capital and must contains minimum 3 characters :
Wrong Input : Fist letter Should be capital and must contains minimum 3 characters :
Wrong Input : Fist letter Should be capital and must contains minimum 3 characters :
Wrong Input : Fist letter Should be capital and must contains minimum 3 characters :
Wrong Input : Fist letter Should be capital and must contains minimum 3 characters :
Wrong Input : Fist letter Should be capital and must contains minimum 3 characters :
Wrong Input : Fist letter Should be capital and must contains minimum 3 characters :
Wrong Input : Fist letter Should be capital and must contains minimum 3 characters :
Wrong Input : Fist letter Should be capital and must contains minimum 3 characters :
Wrong Input : Fist letter Should be capital and must contains minimum 3 characters :
Wrong Input : Fist letter Should be capital and must contains minimum 3 characters :
Wrong Input : Fist letter Should be capital and must contains minimum 3 characters :
Wrong Input : Fist letter Should be capital and must contains minimum 3 characters :
Wrong Input : Fist letter Should be capital and must contains minimum 3 characters :
Wrong Input : Fist letter Should be capital and must contains minimum 3 characters :
Wrong Input : Fist letter Should be capital and must contains minimum 3 characters :
Wrong Input : Fist letter Should be capital and must contains minimum 3 characters :
Wrong Input : Fist letter Should be capital and must contains minimum 3 characters :
Wrong Input : Fist letter Should be capital and must contains minimum 3 characters :
Wrong Input : Fist letter Should be capital and must contains minimum 3 characters :
Wrong Input : Fist letter Should be capital and must contains minimum 3 characters :
Wrong Input : Fist letter Should be capital and must contains minimum 3 characters :
Wrong Input : Fist letter Should be capital and must contains minimum 3 characters :
Wrong Input : Fist letter Should be capital and must contains minimum 3 characters :
Wrong Input : Fist letter Should be capital and must contains minimum 3 characters :
Wrong Input : Fist letter Should be capital and must contains minimum 3 characters :
Wrong Input : Fist letter Should be capital and must contains minimum 3 characters :
Wrong Input : Fist letter Should be capital and must contains minimum 3 characters :
Wrong Input : Fist letter Should be capital and must contains minimum 3 characters :
Wrong Input : Fist letter Should be capital and must contains minimum 3 characters :
Wrong Input : Fist letter Should be capital and must contains minimum 3 characters :
Wrong Input : Fist letter Should be capital and must contains minimum 3 characters :
Wrong Input : Fist letter Should be capital and must contains minimum 3 characters :
Wrong Input : Fist letter Should be capital and must contains minimum 3 characters :
Wrong Input : Fist letter Should be capital and must contains minimum 3 characters :
Wrong Input : Fist letter Should be capital and must contains minimum 3 characters :
Wrong Input : Fist letter Should be capital and must contains minimum 3 characters :
Wrong Input : Fist letter Should be capital and must contains minimum 3 characters :
Wrong Input : Fist letter Should be capital and must contains minimum 3 characters :
Wrong Input : Fist letter Should be capital and must contains minimum 3 characters :
Wrong Input : Fist letter Should be capital and must contains minimum 3 characters :
Wrong Input : Fist letter Should be capital and must contains minimum 3 characters :
Wrong Input : Fist letter Should be capital and must contains minimum 3 characters :
Wrong Input : Fist letter Should be capital and must contains minimum 3 characters :
Wrong Input : Fist letter Should be capital and must contains minimum 3 characters :
Wrong Input : Fist letter Should be capital and must contains minimum 3 characters :
Wrong Input : Fist letter Should be capital and must contains minimum 3 characters :
Wrong Input : Fist letter Should be capital and must contains minimum 3 characters :
Wrong Input : Fist letter Should be capital and must contains minimum 3 characters :
Wrong Input : Fist letter Should be capital and must contains minimum 3 characters :
Wrong Input : Fist letter Should be capital and must contains minimum 3 characters :
Wrong Input : Fist letter Should be capital and must contains minimum 3 characters :
Wrong Input : Fist letter Should be capital and must contains minimum 3 characters :
Wrong Input : Fist letter Should be capital and must contains minimum 3 characters :
Wrong Input : Fist letter Should be capital and must contains minimum 3 characters :
Wrong Input : Fist letter Should be capital and must contains minimum 3 characters :
Wrong Input : Fist letter Should be capital and must contains minimum 3 characters :
Wrong Input : Fist letter Should be capital and must contains minimum 3 characters :
Wrong Input : Fist letter Should be capital and must contains minimum 3 characters :
Wrong Input : Fist letter Should be capital and must contains minimum 3 characters :
Wrong Input : Fist letter Should be capital and must contains minimum 3 characters :
Wrong Input : Fist letter Should be capital and must contains minimum 3 characters :
Wrong Input : Fist letter Should be capital and must contains minimum 3 characters :
Wrong Input : Fist letter Should be capital and must contains minimum 3 characters :
Wrong Input : Fist letter Should be capital and must contains minimum 3 characters :
Wrong Input : Fist letter Should be capital and must contains minimum 3 characters :
Wrong Input : Fist letter Should be capital and must contains minimum 3 characters :
Wrong Input : Fist letter Should be capital and must contains minimum 3 characters :
Wrong Input : Fist letter Should be capital and must contains minimum 3 characters :
Wrong Input : Fist letter Should be capital and must contains minimum 3 characters :
Wrong Input : Fist letter Should be capital and must contains minimum 3 characters :
Wrong Input : Fist letter Should be capital and must contains minimum 3 characters :
Wrong Input : Fist letter Should be capital and must contains minimum 3 characters :
Wrong Input : Fist letter Should be capital and must contains minimum 3 characters :
Wrong Input : Fist letter Should be capital and must contains minimum 3 characters :
Wrong Input : Fist letter Should be capital and must contains minimum 3 characters :
Wrong Input : Fist letter Should be capital and must contains minimum 3 characters :
Wrong Input : Fist letter Should be capital and must contains minimum 3 characters :
Wrong Input : Fist letter Should be capital and must contains minimum 3 characters :
Wrong Input : Fist letter Should be capital and must contains minimum 3 characters :
Wrong Input : Fist letter Should be capital and must contains minimum 3 characters :
Wrong Input : Fist letter Should be capital and must contains minimum 3 characters :
Wrong Input : Fist letter Should be capital and must contains minimum 3 characters :
Wrong Input : Fist letter Should be capital and must contains minimum 3 characters :
Wrong Input : Fist letter Should be capital and must contains minimum 3 characters :
Wrong Input : Fist letter Should be capital and must contains minimum 3 characters :
Wrong Input : Fist letter Should be capital and must contains minimum 3 characters :
Wrong Input : Fist letter Should be capital and must contains minimum 3 characters :
Wrong Input : Fist letter Should be capital and must contains minimum 3 characters :
Wrong Input : Fist letter Should be capital and must contains minimum 3 characters :
Wrong Input : Fist letter Should be capital and must contains minimum 3 characters :
Wrong Input : Fist letter Should be capital and must contains minimum 3 characters :
Wrong Input : Fist letter Should be capital and must contains minimum 3 characters :
Wrong Input : Fist letter Should be capital and must contains minimum 3 characters :
Wrong Input : Fist letter Should be capital and must contains minimum 3 characters :
Wrong Input : Fist letter Should be capital and must contains minimum 3 characters :
Wrong Input : Fist letter Should be capital and must contains minimum 3 characters :
Wrong Input : Fist letter Should be capital and must contains minimum 3 characters :
Wrong Input : Fist letter Should be capital and must contains minimum 3 characters :
Wrong Input : Fist letter Should be capital and must contains minimum 3 characters :
Wrong Input : Fist letter Should be capital and must contains minimum 3 characters :
Wrong Input : Fist letter Should be capital and must contains minimum 3 characters :
Wrong Input : Fist letter Should be capital and must contains minimum 3 characters :
Wrong Input : Fist letter Should be capital and must contains minimum 3 characters :
Wrong Input : Fist letter Should be capital and must contains minimum 3 characters :
Wrong Input : Fist letter Should be capital and must contains minimum 3 characters :
Wrong Input : Fist letter Should be capital and must contains minimum 3 characters :
Wrong Input : Fist letter Should be capital and must contains minimum 3 characters :
Wrong Input : Fist letter Should be capital and must contains minimum 3 characters :
Wrong Input : Fist letter Should be capital and must contains minimum 3 characters :
Wrong Input : Fist letter Should be capital and must contains minimum 3 characters :
Wrong Input : Fist letter Should be capital and must contains minimum 3 characters :
Wrong Input : Fist letter Should be capital and must contains minimum 3 characters :
Wrong Input : Fist letter Should be capital and must contains minimum 3 characters :
Wrong Input : Fist letter Should be capital and must contains minimum 3 characters :
Wrong Input : Fist letter Should be capital and must contains minimum 3 characters :
Wrong Input : Fist letter Should be capital and must contains minimum 3 characters :
Wrong Input : Fist letter Should be capital and must contains minimum 3 characters :
Wrong Input : Fist letter Should be capital and must contains minimum 3 characters :
Wrong Input : Fist letter Should be capital and must contains minimum 3 characters :
Wrong Input : Fist letter Should be capital and must contains minimum 3 characters :
Wrong Input : Fist letter Should be capital and must contains minimum 3 characters :
Wrong Input : Fist letter Should be capital and must contains minimum 3 characters :
Wrong Input : Fist letter Should be capital and must contains minimum 3 characters :
Wrong Input : Fist letter Should be capital and must contains minimum 3 characters :
Wrong Input : Fist letter Should be capital and must contains minimum 3 characters :
Wrong Input : Fist letter Should be capital and must contains minimum 3 characters :
Wrong Input : Fist letter Should be capital and must contains minimum 3 characters :
Wrong Input : Fist letter Should be capital and must contains minimum 3 characters :
Wrong Input : Fist letter Should be capital and must contains minimum 3 characters :
Wrong Input : Fist letter Should be capital and must contains minimum 3 characters :
Wrong Input : Fist letter Should be capital and must contains minimum 3 characters :
Wrong Input : Fist letter Should be capital and must contains minimum 3 characters :
Wrong Input : Fist letter Should be capital and must contains minimum 3 characters :
Wrong Input : Fist letter Should be capital and must contains minimum 3 characters :
Wrong Input : Fist letter Should be capital and must contains minimum 3 characters :
Wrong Input : Fist letter Should be capital and must contains minimum 3 characters :
Wrong Input : Fist letter Should be capital and must contains minimum 3 characters :
Wrong Input : Fist letter Should be capital and must contains minimum 3 characters :
Wrong Input : Fist letter Should be capital and must contains minimum 3 characters :
Wrong Input : Fist letter Should be capital and must contains minimum 3 characters :
Wrong Input : Fist letter Should be capital and must contains minimum 3 characters :
Wrong Input : Fist letter Should be capital and must contains minimum 3 characters :
Wrong Input : Fist letter Should be capital and must contains minimum 3 characters :
Wrong Input : Fist letter Should be capital and must contains minimum 3 characters :
Wrong Input : Fist letter Should be capital and must contains minimum 3 characters :
Wrong Input : Fist letter Should be capital and must contains minimum 3 characters :
Wrong Input : Fist letter Should be capital and must contains minimum 3 characters :
Wrong Input : Fist letter Should be capital and must contains minimum 3 characters :
Wrong Input : Fist letter Should be capital and must contains minimum 3 characters :
Wrong Input : Fist letter Should be capital and must contains minimum 3 characters :
Wrong Input : Fist letter Should be capital and must contains minimum 3 characters :
Wrong Input : Fist letter Should be capital and must contains minimum 3 characters :
Wrong Input : Fist letter Should be capital and must contains minimum 3 characters :
Wrong Input : Fist letter Should be capital and must contains minimum 3 characters :
Wrong Input : Fist letter Should be capital and must contains minimum 3 characters :
Wrong Input : Fist letter Should be capital and must contains minimum 3 characters :
Wrong Input : Fist letter Should be capital and must contains minimum 3 characters :
Wrong Input : Fist letter Should be capital and must contains minimum 3 characters :
Wrong Input : Fist letter Should be capital and must contains minimum 3 characters :
Wrong Input : Fist letter Should be capital and must contains minimum 3 characters :
Wrong Input : Fist letter Should be capital and must contains minimum 3 characters :
Wrong Input : Fist letter Should be capital and must contains minimum 3 characters :
Wrong Input : Fist letter Should be capital and must contains minimum 3 characters :
Wrong Input : Fist letter Should be capital and must contains minimum 3 characters :
Wrong Input : Fist letter Should be capital and must contains minimum 3 characters :
Wrong Input : Fist letter Should be capital and must contains minimum 3 characters :
Wrong Input : Fist letter Should be capital and must contains minimum 3 characters :
Wrong Input : Fist letter Should be capital and must contains minimum 3 characters :
Wrong Input : Fist letter Should be capital and must contains minimum 3 characters :
Wrong Input : Fist letter Should be capital and must contains minimum 3 characters :
Wrong Input : Fist letter Should be capital and must contains minimum 3 characters :
Wrong Input : Fist letter Should be capital and must contains minimum 3 characters :
Wrong Input : Fist letter Should be capital and must contains minimum 3 characters :
Wrong Input : Fist letter Should be capital and must contains minimum 3 characters :
Wrong Input : Fist letter Should be capital and must contains minimum 3 characters :
Wrong Input : Fist letter Should be capital and must contains minimum 3 characters :
Wrong Input : Fist letter Should be capital and must contains minimum 3 characters :
Wrong Input : Fist letter Should be capital and must contains minimum 3 characters :
Wrong Input : Fist letter Should be capital and must contains minimum 3 characters :
Wrong Input : Fist letter Should be capital and must contains minimum 3 characters :
Wrong Input : Fist letter Should be capital and must contains minimum 3 characters :
Wrong Input : Fist letter Should be capital and must contains minimum 3 characters :
Wrong Input : Fist letter Should be capital and must contains minimum 3 characters :
Wrong Input : Fist letter Should be capital and must contains minimum 3 characters :
Wrong Input : Fist letter Should be capital and must contains minimum 3 characters :
Wrong Input : Fist letter Should be capital and must contains minimum 3 characters :
Wrong Input : Fist letter Should be capital and must contains minimum 3 characters :
Wrong Input : Fist letter Should be capital and must contains minimum 3 characters :
Wrong Input : Fist letter Should be capital and must contains minimum 3 characters :
Wrong Input : Fist letter Should be capital and must contains minimum 3 characters :
Wrong Input : Fist letter Should be capital and must contains minimum 3 characters :
Wrong Input : Fist letter Should be capital and must contains minimum 3 characters :
Wrong Input : Fist letter Should be capital and must contains minimum 3 characters :
Wrong Input : Fist letter Should be capital and must contains minimum 3 characters :
Wrong Input : Fist letter Should be capital and must contains minimum 3 characters :
Wrong Input : Fist letter Should be capital and must contains minimum 3 characters :
Wrong Input : Fist letter Should be capital and must contains minimum 3 characters :
Wrong Input : Fist letter Should be capital and must contains minimum 3 characters :
Wrong Input : Fist letter Should be capital and must contains minimum 3 characters :
Wrong Input : Fist letter Should be capital and must contains minimum 3 characters :
Wrong Input : Fist letter Should be capital and must contains minimum 3 characters :
Wrong Input : Fist letter Should be capital and must contains minimum 3 characters :
Wrong Input : Fist letter Should be capital and must contains minimum 3 characters :
Wrong Input : Fist letter Should be capital and must contains minimum 3 characters :
Wrong Input : Fist letter Should be capital and must contains minimum 3 characters :
Wrong Input : Fist letter Should be capital and must contains minimum 3 characters :
Wrong Input : Fist letter Should be capital and must contains minimum 3 characters :
Wrong Input : Fist letter Should be capital and must contains minimum 3 characters :
Wrong Input : Fist letter Should be capital and must contains minimum 3 characters :
Wrong Input : Fist letter Should be capital and must contains minimum 3 characters :
Wrong Input : Fist letter Should be capital and must contains minimum 3 characters :
Wrong Input : Fist letter Should be capital and must contains minimum 3 characters :
Wrong Input : Fist letter Should be capital and must contains minimum 3 characters :
Wrong Input : Fist letter Should be capital and must contains minimum 3 characters :
Wrong Input : Fist letter Should be capital and must contains minimum 3 characters :
Wrong Input : Fist letter Should be capital and must contains minimum 3 characters :
Wrong Input : Fist letter Should be capital and must contains minimum 3 characters :
Wrong Input : Fist letter Should be capital and must contains minimum 3 characters :
Wrong Input : Fist letter Should be capital and must contains minimum 3 characters :
Wrong Input : Fist letter Should be capital and must contains minimum 3 characters :
Wrong Input : Fist letter Should be capital and must contains minimum 3 characters :
Wrong Input : Fist letter Should be capital and must contains minimum 3 characters :
Wrong Input : Fist letter Should be capital and must contains minimum 3 characters :
Wrong Input : Fist letter Should be capital and must contains minimum 3 characters :
Wrong Input : Fist letter Should be capital and must contains minimum 3 characters :
Wrong Input : Fist letter Should be capital and must contains minimum 3 characters :
Wrong Input : Fist letter Should be capital and must contains minimum 3 characters :
Wrong Input : Fist letter Should be capital and must contains minimum 3 characters :
Wrong Input : Fist letter Should be capital and must contains minimum 3 characters :
Wrong Input : Fist letter Should be capital and must contains minimum 3 characters :
Wrong Input : Fist letter Should be capital and must contains minimum 3 characters :
Wrong Input : Fist letter Should be capital and must contains minimum 3 characters :
Wrong Input : Fist letter Should be capital and must contains minimum 3 characters :
Wrong Input : Fist letter Should be capital and must contains minimum 3 characters :
Wrong Input : Fist letter Should be capital and must contains minimum 3 characters :
Wrong Input : Fist letter Should be capital and must contains minimum 3 characters :
Wrong Input : Fist letter Should be capital and must contains minimum 3 characters :
Wrong Input : Fist letter Should be capital and must contains minimum 3 characters :
Wrong Input : Fist letter Should be capital and must contains minimum 3 characters :
Wrong Input : Fist letter Should be capital and must contains minimum 3 characters :
Wrong Input : Fist letter Should be capital and must contains minimum 3 characters :
Wrong Input : Fist letter Should be capital and must contains minimum 3 characters :
Wrong Input : Fist letter Should be capital and must contains minimum 3 characters :
Wrong Input : Fist letter Should be capital and must contains minimum 3 characters :
Wrong Input : Fist letter Should be capital and must contains minimum 3 characters :
Wrong Input : Fist letter Should be capital and must contains minimum 3 characters :
Wrong Input : Fist letter Should be capital and must contains minimum 3 characters :
Wrong Input : Fist letter Should be capital and must contains minimum 3 characters :
Wrong Input : Fist letter Should be capital and must contains minimum 3 characters :
Wrong Input : Fist letter Should be capital and must contains minimum 3 characters :
Wrong Input : Fist letter Should be capital and must contains minimum 3 characters :
Wrong Input : Fist letter Should be capital and must contains minimum 3 characters :
Wrong Input : Fist letter Should be capital and must contains minimum 3 characters :
Wrong Input : Fist letter Should be capital and must contains minimum 3 characters :
Wrong Input : Fist letter Should be capital and must contains minimum 3 characters :
Wrong Input : Fist letter Should be capital and must contains minimum 3 characters :
Wrong Input : Fist letter Should be capital and must contains minimum 3 characters :
Wrong Input : Fist letter Should be capital and must contains minimum 3 characters :
Wrong Input : Fist letter Should be capital and must contains minimum 3 characters :
Wrong Input : Fist letter Should be capital and must contains minimum 3 characters :
Wrong Input : Fist letter Should be capital and must contains minimum 3 characters :
Wrong Input : Fist letter Should be capital and must contains minimum 3 characters :
Wrong Input : Fist letter Should be capital and must contains minimum 3 characters :
Wrong Input : Fist letter Should be capital and must contains minimum 3 characters :
Wrong Input : Fist letter Should be capital and must contains minimum 3 characters :
Wrong Input : Fist letter Should be capital and must contains minimum 3 characters :
Wrong Input : Fist letter Should be capital and must contains minimum 3 characters :
Wrong Input : Fist letter Should be capital and must contains minimum 3 characters :
Wrong Input : Fist letter Should be capital and must contains minimum 3 characters :
Wrong Input : Fist letter Should be capital and must contains minimum 3 characters :
Wrong Input : Fist letter Should be capital and must contains minimum 3 characters :
Wrong Input : Fist letter Should be capital and must contains minimum 3 characters :
Wrong Input : Fist letter Should be capital and must contains minimum 3 characters :
Wrong Input : Fist letter Should be capital and must contains minimum 3 characters :
Wrong Input : Fist letter Should be capital and must contains minimum 3 characters :
Wrong Input : Fist letter Should be capital and must contains minimum 3 characters :
Wrong Input : Fist letter Should be capital and must contains minimum 3 characters :
Wrong Input : Fist letter Should be capital and must contains minimum 3 characters :
Wrong Input : Fist letter Should be capital and must contains minimum 3 characters :
Wrong Input : Fist letter Should be capital and must contains minimum 3 characters :
Wrong Input : Fist letter Should be capital and must contains minimum 3 characters :
Wrong Input : Fist letter Should be capital and must contains minimum 3 characters :
Wrong Input : Fist letter Should be capital and must contains minimum 3 characters :
Wrong Input : Fist letter Should be capital and must contains minimum 3 characters :
Wrong Input : Fist letter Should be capital and must contains minimum 3 characters :
Wrong Input : Fist letter Should be capital and must contains minimum 3 characters :
Wrong Input : Fist letter Should be capital and must contains minimum 3 characters :
Wrong Input : Fist letter Should be capital and must contains minimum 3 characters :
Wrong Input : Fist letter Should be capital and must contains minimum 3 characters :
Wrong Input : Fist letter Should be capital and must contains minimum 3 characters :
Wrong Input : Fist letter Should be capital and must contains minimum 3 characters :
Wrong Input : Fist letter Should be capital and must contains minimum 3 characters :
Wrong Input : Fist letter Should be capital and must contains minimum 3 characters :
Wrong Input : Fist letter Should be capital and must contains minimum 3 characters :
Wrong Input : Fist letter Should be capital and must contains minimum 3 characters :
Wrong Input : Fist letter Should be capital and must contains minimum 3 characters :
Wrong Input : Fist letter Should be capital and must contains minimum 3 characters :
Wrong Input : Fist letter Should be capital and must contains minimum 3 characters :
Wrong Input : Fist letter Should be capital and must contains minimum 3 characters :
Wrong Input : Fist letter Should be capital and must contains minimum 3 characters :
Wrong Input : Fist letter Should be capital and must contains minimum 3 characters :
Wrong Input : Fist letter Should be capital and must contains minimum 3 characters :
Wrong Input : Fist letter Should be capital and must contains minimum 3 characters :
Wrong Input : Fist letter Should be capital and must contains minimum 3 characters :
Wrong Input : Fist letter Should be capital and must contains minimum 3 characters :
Wrong Input : Fist letter Should be capital and must contains minimum 3 characters :
Wrong Input : Fist letter Should be capital and must contains minimum 3 characters :
Wrong Input : Fist letter Should be capital and must contains minimum 3 characters :
Wrong Input : Fist letter Should be capital and must contains minimum 3 characters :
Wrong Input : Fist letter Should be capital and must contains minimum 3 characters :
Wrong Input : Fist letter Should be capital and must contains minimum 3 characters :
Wrong Input : Fist letter Should be capital and must contains minimum 3 characters :
Wrong Input : Fist letter Should be capital and must contains minimum 3 characters :
Wrong Input : Fist letter Should be capital and must contains minimum 3 characters :
Wrong Input : Fist letter Should be capital and must contains minimum 3 characters :
Wrong Input : Fist letter Should be capital and must contains minimum 3 characters :
Wrong Input : Fist letter Should be capital and must contains minimum 3 characters :
Wrong Input : Fist letter Should be capital and must contains minimum 3 characters :
Wrong Input : Fist letter Should be capital and must contains minimum 3 characters :
Wrong Input : Fist letter Should be capital and must contains minimum 3 characters :
Wrong Input : Fist letter Should be capital and must contains minimum 3 characters :
Wrong Input : Fist letter Should be capital and must contains minimum 3 characters :
Wrong Input : Fist letter Should be capital and must contains minimum 3 characters :
Wrong Input : Fist letter Should be capital and must contains minimum 3 characters :
Wrong Input : Fist letter Should be capital and must contains minimum 3 characters :
Wrong Input : Fist letter Should be capital and must contains minimum 3 characters :
Wrong Input : Fist letter Should be capital and must contains minimum 3 characters :
Wrong Input : Fist letter Should be capital and must contains minimum 3 characters :
Wrong Input : Fist letter Should be capital and must contains minimum 3 characters :
Wrong Input : Fist letter Should be capital and must contains minimum 3 characters :
Wrong Input : Fist letter Should be capital and must contains minimum 3 characters :
Wrong Input : Fist letter Should be capital and must contains minimum 3 characters :
Wrong Input : Fist letter Should be capital and must contains minimum 3 characters :
Wrong Input : Fist letter Should be capital and must contains minimum 3 characters :
Wrong Input : Fist letter Should be capital and must contains minimum 3 characters :
Wrong Input : Fist letter Should be capital and must contains minimum 3 characters :
Wrong Input : Fist letter Should be capital and must contains minimum 3 characters :
Wrong Input : Fist letter Should be capital and must contains minimum 3 characters :
Wrong Input : Fist letter Should be capital and must contains minimum 3 characters :
Wrong Input : Fist letter Should be capital and must contains minimum 3 characters :
Wrong Input : Fist letter Should be capital and must contains minimum 3 characters :
Wrong Input : Fist letter Should be capital and must contains minimum 3 characters :
Wrong Input : Fist letter Should be capital and must contains minimum 3 characters :
Wrong Input : Fist letter Should be capital and must contains minimum 3 characters :
Wrong Input : Fist letter Should be capital and must contains minimum 3 characters :
Wrong Input : Fist letter Should be capital and must contains minimum 3 characters :
Wrong Input : Fist letter Should be capital and must contains minimum 3 characters :
Wrong Input : Fist letter Should be capital and must contains minimum 3 characters :
Wrong Input : Fist letter Should be capital and must contains minimum 3 characters :
Wrong Input : Fist letter Should be capital and must contains minimum 3 characters :
Wrong Input : Fist letter Should be capital and must contains minimum 3 characters :
Wrong Input : Fist letter Should be capital and must contains minimum 3 characters :
Wrong Input : Fist letter Should be capital and must contains minimum 3 characters :
Wrong Input : Fist letter Should be capital and must contains minimum 3 characters :
Wrong Input : Fist letter Should be capital and must contains minimum 3 characters :
Wrong Input : Fist letter Should be capital and must contains minimum 3 characters :
Wrong Input : Fist letter Should be capital and must contains minimum 3 characters :
Wrong Input : Fist letter Should be capital and must contains minimum 3 characters :
Wrong Input : Fist letter Should be capital and must contains minimum 3 characters :
Wrong Input : Fist letter Should be capital and must contains minimum 3 characters :
Wrong Input : Fist letter Should be capital and must contains minimum 3 characters :
Wrong Input : Fist letter Should be capital and must contains minimum 3 characters :
Wrong Input : Fist letter Should be capital and must contains minimum 3 characters :
Wrong Input : Fist letter Should be capital and must contains minimum 3 characters :
Wrong Input : Fist letter Should be capital and must contains minimum 3 characters :
Wrong Input : Fist letter Should be capital and must contains minimum 3 characters :
Wrong Input : Fist letter Should be capital and must contains minimum 3 characters :
Wrong Input : Fist letter Should be capital and must contains minimum 3 characters :
Wrong Input : Fist letter Should be capital and must contains minimum 3 characters :
Wrong Input : Fist letter Should be capital and must contains minimum 3 characters :
Wrong Input : Fist letter Should be capital and must contains minimum 3 characters :
Wrong Input : Fist letter Should be capital and must contains minimum 3 characters :
Wrong Input : Fist letter Should be capital and must contains minimum 3 characters :
Wrong Input : Fist letter Should be capital and must contains minimum 3 characters :
Wrong Input : Fist letter Should be capital and must contains minimum 3 characters :
Wrong Input : Fist letter Should be capital and must contains minimum 3 characters :
Wrong Input : Fist letter Should be capital and must contains minimum 3 characters :
Wrong Input : Fist letter Should be capital and must contains minimum 3 characters :
Wrong Input : Fist letter Should be capital and must contains minimum 3 characters :
Wrong Input : Fist letter Should be capital and must contains minimum 3 characters :
Wrong Input : Fist letter Should be capital and must contains minimum 3 characters :
Wrong Input : Fist letter Should be capital and must contains minimum 3 characters :
Wrong Input : Fist letter Should be capital and must contains minimum 3 characters :
Wrong Input : Fist letter Should be capital and must contains minimum 3 characters :
Wrong Input : Fist letter Should be capital and must contains minimum 3 characters :
Wrong Input : Fist letter Should be capital and must contains minimum 3 characters :
Wrong Input : Fist letter Should be capital and must contains minimum 3 characters :
Wrong Input : Fist letter Should be capital and must contains minimum 3 characters :
Wrong Input : Fist letter Should be capital and must contains minimum 3 characters :
Wrong Input : Fist letter Should be capital and must contains minimum 3 characters :
Wrong Input : Fist letter Should be capital and must contains minimum 3 characters :
Wrong Input : Fist letter Should be capital and must contains minimum 3 characters :
Wrong Input : Fist letter Should be capital and must contains minimum 3 characters :
Wrong Input : Fist letter Should be capital and must contains minimum 3 characters :
Wrong Input : Fist letter Should be capital and must contains minimum 3 characters :
Wrong Input : Fist letter Should be capital and must contains minimum 3 characters :
Wrong Input : Fist letter Should be capital and must contains minimum 3 characters :
Wrong Input : Fist letter Should be capital and must contains minimum 3 characters :
Wrong Input : Fist letter Should be capital and must contains minimum 3 characters :
Wrong Input : Fist letter Should be capital and must contains minimum 3 characters :
Wrong Input : Fist letter Should be capital and must contains minimum 3 characters :
Wrong Input : Fist letter Should be capital and must contains minimum 3 characters :
Wrong Input : Fist letter Should be capital and must contains minimum 3 characters :
Wrong Input : Fist letter Should be capital and must contains minimum 3 characters :
Wrong Input : Fist letter Should be capital and must contains minimum 3 characters :
Wrong Input : Fist letter Should be capital and must contains minimum 3 characters :
Wrong Input : Fist letter Should be capital and must contains minimum 3 characters :
Wrong Input : Fist letter Should be capital and must contains minimum 3 characters :
Wrong Input : Fist letter Should be capital and must contains minimum 3 characters :
Wrong Input : Fist letter Should be capital and must contains minimum 3 characters :
Wrong Input : Fist letter Should be capital and must contains minimum 3 characters :
Wrong Input : Fist letter Should be capital and must contains minimum 3 characters :
Wrong Input : Fist letter Should be capital and must contains minimum 3 characters :
Wrong Input : Fist letter Should be capital and must contains minimum 3 characters :
Wrong Input : Fist letter Should be capital and must contains minimum 3 characters :
Wrong Input : Fist letter Should be capital and must contains minimum 3 characters :
Wrong Input : Fist letter Should be capital and must contains minimum 3 characters :
Wrong Input : Fist letter Should be capital and must contains minimum 3 characters :
Wrong Input : Fist letter Should be capital and must contains minimum 3 characters :
Wrong Input : Fist letter Should be capital and must contains minimum 3 characters :
Wrong Input : Fist letter Should be capital and must contains minimum 3 characters :
Wrong Input : Fist letter Should be capital and must contains minimum 3 characters :
Wrong Input : Fist letter Should be capital and must contains minimum 3 characters :
Wrong Input : Fist letter Should be capital and must contains minimum 3 characters :
Wrong Input : Fist letter Should be capital and must contains minimum 3 characters :
Wrong Input : Fist letter Should be capital and must contains minimum 3 characters :
Wrong Input : Fist letter Should be capital and must contains minimum 3 characters :
Wrong Input : Fist letter Should be capital and must contains minimum 3 characters :
Wrong Input : Fist letter Should be capital and must contains minimum 3 characters :
Wrong Input : Fist letter Should be capital and must contains minimum 3 characters :
Wrong Input : Fist letter Should be capital and must contains minimum 3 characters :
Wrong Input : Fist letter Should be capital and must contains minimum 3 characters :
Wrong Input : Fist letter Should be capital and must contains minimum 3 characters :
Wrong Input : Fist letter Should be capital and must contains minimum 3 characters :
Wrong Input : Fist letter Should be capital and must contains minimum 3 characters :
Wrong Input : Fist letter Should be capital and must contains minimum 3 characters :
Wrong Input : Fist letter Should be capital and must contains minimum 3 characters :
Wrong Input : Fist letter Should be capital and must contains minimum 3 characters :
Wrong Input : Fist letter Should be capital and must contains minimum 3 characters :
Wrong Input : Fist letter Should be capital and must contains minimum 3 characters :
Wrong Input : Fist letter Should be capital and must contains minimum 3 characters :
Wrong Input : Fist letter Should be capital and must contains minimum 3 characters :
Wrong Input : Fist letter Should be capital and must contains minimum 3 characters :
Wrong Input : Fist letter Should be capital and must contains minimum 3 characters :
Wrong Input : Fist letter Should be capital and must contains minimum 3 characters :
Wrong Input : Fist letter Should be capital and must contains minimum 3 characters :
Wrong Input : Fist letter Should be capital and must contains minimum 3 characters :
Wrong Input : Fist letter Should be capital and must contains minimum 3 characters :
Wrong Input : Fist letter Should be capital and must contains minimum 3 characters :
Wrong Input : Fist letter Should be capital and must contains minimum 3 characters :
Wrong Input : Fist letter Should be capital and must contains minimum 3 characters :
Wrong Input : Fist letter Should be capital and must contains minimum 3 characters :
Wrong Input : Fist letter Should be capital and must contains minimum 3 characters :
Wrong Input : Fist letter Should be capital and must contains minimum 3 characters :
Wrong Input : Fist letter Should be capital and must contains minimum 3 characters :
Wrong Input : Fist letter Should be capital and must contains minimum 3 characters :
Wrong Input : Fist letter Should be capital and must contains minimum 3 characters :
Wrong Input : Fist letter Should be capital and must contains minimum 3 characters :
Wrong Input : Fist letter Should be capital and must contains minimum 3 characters :
Wrong Input : Fist letter Should be capital and must contains minimum 3 characters :
Wrong Input : Fist letter Should be capital and must contains minimum 3 characters :
Wrong Input : Fist letter Should be capital and must contains minimum 3 characters :
Wrong Input : Fist letter Should be capital and must contains minimum 3 characters :
Wrong Input : Fist letter Should be capital and must contains minimum 3 characters :
Wrong Input : Fist letter Should be capital and must contains minimum 3 characters :
Wrong Input : Fist letter Should be capital and must contains minimum 3 characters :
Wrong Input : Fist letter Should be capital and must contains minimum 3 characters :
Wrong Input : Fist letter Should be capital and must contains minimum 3 characters :
Wrong Input : Fist letter Should be capital and must contains minimum 3 characters :
Wrong Input : Fist letter Should be capital and must contains minimum 3 characters :
Wrong Input : Fist letter Should be capital and must contains minimum 3 characters :
Wrong Input : Fist letter Should be capital and must contains minimum 3 characters :
Wrong Input : Fist letter Should be capital and must contains minimum 3 characters :
Wrong Input : Fist letter Should be capital and must contains minimum 3 characters :
Wrong Input : Fist letter Should be capital and must contains minimum 3 characters :
Wrong Input : Fist letter Should be capital and must contains minimum 3 characters :
Wrong Input : Fist letter Should be capital and must contains minimum 3 characters :
Wrong Input : Fist letter Should be capital and must contains minimum 3 characters :
Wrong Input : Fist letter Should be capital and must contains minimum 3 characters :
Wrong Input : Fist letter Should be capital and must contains minimum 3 characters :
Wrong Input : Fist letter Should be capital and must contains minimum 3 characters :
Wrong Input : Fist letter Should be capital and must contains minimum 3 characters :
Wrong Input : Fist letter Should be capital and must contains minimum 3 characters :
Wrong Input : Fist letter Should be capital and must contains minimum 3 characters :
Wrong Input : Fist letter Should be capital and must contains minimum 3 characters :
Wrong Input : Fist letter Should be capital and must contains minimum 3 characters :
Wrong Input : Fist letter Should be capital and must contains minimum 3 characters :
Wrong Input : Fist letter Should be capital and must contains minimum 3 characters :
Wrong Input : Fist letter Should be capital and must contains minimum 3 characters :
Wrong Input : Fist letter Should be capital and must contains minimum 3 characters :
Wrong Input : Fist letter Should be capital and must contains minimum 3 characters :
Wrong Input : Fist letter Should be capital and must contains minimum 3 characters :
Wrong Input : Fist letter Should be capital and must contains minimum 3 characters :
Wrong Input : Fist letter Should be capital and must contains minimum 3 characters :
Wrong Input : Fist letter Should be capital and must contains minimum 3 characters :
Wrong Input : Fist letter Should be capital and must contains minimum 3 characters :
Wrong Input : Fist letter Should be capital and must contains minimum 3 characters :
Wrong Input : Fist letter Should be capital and must contains minimum 3 characters :
Wrong Input : Fist letter Should be capital and must contains minimum 3 characters :
Wrong Input : Fist letter Should be capital and must contains minimum 3 characters :
Wrong Input : Fist letter Should be capital and must contains minimum 3 characters :
Wrong Input : Fist letter Should be capital and must contains minimum 3 characters :
Wrong Input : Fist letter Should be capital and must contains minimum 3 characters :
Wrong Input : Fist letter Should be capital and must contains minimum 3 characters :
Wrong Input : Fist letter Should be capital and must contains minimum 3 characters :
Wrong Input : Fist letter Should be capital and must contains minimum 3 characters :
Wrong Input : Fist letter Should be capital and must contains minimum 3 characters :
Wrong Input : Fist letter Should be capital and must contains minimum 3 characters :
Wrong Input : Fist letter Should be capital and must contains minimum 3 characters :
Wrong Input : Fist letter Should be capital and must contains minimum 3 characters :
Wrong Input : Fist letter Should be capital and must contains minimum 3 characters :
Wrong Input : Fist letter Should be capital and must contains minimum 3 characters :
Wrong Input : Fist letter Should be capital and must contains minimum 3 characters :
Wrong Input : Fist letter Should be capital and must contains minimum 3 characters :
Wrong Input : Fist letter Should be capital and must contains minimum 3 characters :
Wrong Input : Fist letter Should be capital and must contains minimum 3 characters :
Wrong Input : Fist letter Should be capital and must contains minimum 3 characters :
Wrong Input : Fist letter Should be capital and must contains minimum 3 characters :
Wrong Input : Fist letter Should be capital and must contains minimum 3 characters :
Wrong Input : Fist letter Should be capital and must contains minimum 3 characters :
Wrong Input : Fist letter Should be capital and must contains minimum 3 characters :
Wrong Input : Fist letter Should be capital and must contains minimum 3 characters :
Wrong Input : Fist letter Should be capital and must contains minimum 3 characters :
Wrong Input : Fist letter Should be capital and must contains minimum 3 characters :
Wrong Input : Fist letter Should be capital and must contains minimum 3 characters :
Wrong Input : Fist letter Should be capital and must contains minimum 3 characters :
Wrong Input : Fist letter Should be capital and must contains minimum 3 characters :
Wrong Input : Fist letter Should be capital and must contains minimum 3 characters :
Wrong Input : Fist letter Should be capital and must contains minimum 3 characters :
Wrong Input : Fist letter Should be capital and must contains minimum 3 characters :
Wrong Input : Fist letter Should be capital and must contains minimum 3 characters :
Wrong Input : Fist letter Should be capital and must contains minimum 3 characters :
Wrong Input : Fist letter Should be capital and must contains minimum 3 characters :
Wrong Input : Fist letter Should be capital and must contains minimum 3 characters :
Wrong Input : Fist letter Should be capital and must contains minimum 3 characters :
Wrong Input : Fist letter Should be capital and must contains minimum 3 characters :
Wrong Input : Fist letter Should be capital and must contains minimum 3 characters :
Wrong Input : Fist letter Should be capital and must contains minimum 3 characters :
Wrong Input : Fist letter Should be capital and must contains minimum 3 characters :
Wrong Input : Fist letter Should be capital and must contains minimum 3 characters :
Wrong Input : Fist letter Should be capital and must contains minimum 3 characters :
Wrong Input : Fist letter Should be capital and must contains minimum 3 characters :
Wrong Input : Fist letter Should be capital and must contains minimum 3 characters :
Wrong Input : Fist letter Should be capital and must contains minimum 3 characters :
Wrong Input : Fist letter Should be capital and must contains minimum 3 characters :
Wrong Input : Fist letter Should be capital and must contains minimum 3 characters :
Wrong Input : Fist letter Should be capital and must contains minimum 3 characters :
Wrong Input : Fist letter Should be capital and must contains minimum 3 characters :
Wrong Input : Fist letter Should be capital and must contains minimum 3 characters :
Wrong Input : Fist letter Should be capital and must contains minimum 3 characters :
Wrong Input : Fist letter Should be capital and must contains minimum 3 characters :
Wrong Input : Fist letter Should be capital and must contains minimum 3 characters :
Wrong Input : Fist letter Should be capital and must contains minimum 3 characters :
Wrong Input : Fist letter Should be capital and must contains minimum 3 characters :
Wrong Input : Fist letter Should be capital and must contains minimum 3 characters :
Wrong Input : Fist letter Should be capital and must contains minimum 3 characters :
Wrong Input : Fist letter Should be capital and must contains minimum 3 characters :
Wrong Input : Fist letter Should be capital and must contains minimum 3 characters :
Wrong Input : Fist letter Should be capital and must contains minimum 3 characters :
Wrong Input : Fist letter Should be capital and must contains minimum 3 characters :
Wrong Input : Fist letter Should be capital and must contains minimum 3 characters :
Wrong Input : Fist letter Should be capital and must contains minimum 3 characters :
Wrong Input : Fist letter Should be capital and must contains minimum 3 characters :
Wrong Input : Fist letter Should be capital and must contains minimum 3 characters :
Wrong Input : Fist letter Should be capital and must contains minimum 3 characters :
Wrong Input : Fist letter Should be capital and must contains minimum 3 characters :
Wrong Input : Fist letter Should be capital and must contains minimum 3 characters :
Wrong Input : Fist letter Should be capital and must contains minimum 3 characters :
Wrong Input : Fist letter Should be capital and must contains minimum 3 characters :
Wrong Input : Fist letter Should be capital and must contains minimum 3 characters :
Wrong Input : Fist letter Should be capital and must contains minimum 3 characters :
Wrong Input : Fist letter Should be capital and must contains minimum 3 characters :
Wrong Input : Fist letter Should be capital and must contains minimum 3 characters :
Wrong Input : Fist letter Should be capital and must contains minimum 3 characters :
Wrong Input : Fist letter Should be capital and must contains minimum 3 characters :
Wrong Input : Fist letter Should be capital and must contains minimum 3 characters :
Wrong Input : Fist letter Should be capital and must contains minimum 3 characters :
Wrong Input : Fist letter Should be capital and must contains minimum 3 characters :
Wrong Input : Fist letter Should be capital and must contains minimum 3 characters :
Wrong Input : Fist letter Should be capital and must contains minimum 3 characters :
Wrong Input : Fist letter Should be capital and must contains minimum 3 characters :
Wrong Input : Fist letter Should be capital and must contains minimum 3 characters :
Wrong Input : Fist letter Should be capital and must contains minimum 3 characters :
Wrong Input : Fist letter Should be capital and must contains minimum 3 characters :
Wrong Input : Fist letter Should be capital and must contains minimum 3 characters :
Wrong Input : Fist letter Should be capital and must contains minimum 3 characters :
Wrong Input : Fist letter Should be capital and must contains minimum 3 characters :
Wrong Input : Fist letter Should be capital and must contains minimum 3 characters :
Wrong Input : Fist letter Should be capital and must contains minimum 3 characters :
Wrong Input : Fist letter Should be capital and must contains minimum 3 characters :
Wrong Input : Fist letter Should be capital and must contains minimum 3 characters :
Wrong Input : Fist letter Should be capital and must contains minimum 3 characters :
Wrong Input : Fist letter Should be capital and must contains minimum 3 characters :
Wrong Input : Fist letter Should be capital and must contains minimum 3 characters :
Wrong Input : Fist letter Should be capital and must contains minimum 3 characters :
Wrong Input : Fist letter Should be capital and must contains minimum 3 characters :
Wrong Input : Fist letter Should be capital and must contains minimum 3 characters :
Wrong Input : Fist letter Should be capital and must contains minimum 3 characters :
Wrong Input : Fist letter Should be capital and must contains minimum 3 characters :
Wrong Input : Fist letter Should be capital and must contains minimum 3 characters :
Wrong Input : Fist letter Should be capital and must contains minimum 3 characters :
Wrong Input : Fist letter Should be capital and must contains minimum 3 characters :
Wrong Input : Fist letter Should be capital and must contains minimum 3 characters :
Wrong Input : Fist letter Should be capital and must contains minimum 3 characters :
Wrong Input : Fist letter Should be capital and must contains minimum 3 characters :
Wrong Input : Fist letter Should be capital and must contains minimum 3 characters :
Wrong Input : Fist letter Should be capital and must contains minimum 3 characters :
Wrong Input : Fist letter Should be capital and must contains minimum 3 characters :
Wrong Input : Fist letter Should be capital and must contains minimum 3 characters :
Wrong Input : Fist letter Should be capital and must contains minimum 3 characters :
Wrong Input : Fist letter Should be capital and must contains minimum 3 characters :
Wrong Input : Fist letter Should be capital and must contains minimum 3 characters :
Wrong Input : Fist letter Should be capital and must contains minimum 3 characters :
Wrong Input : Fist letter Should be capital and must contains minimum 3 characters :
Wrong Input : Fist letter Should be capital and must contains minimum 3 characters :
Wrong Input : Fist letter Should be capital and must contains minimum 3 characters :
Wrong Input : Fist letter Should be capital and must contains minimum 3 characters :
Wrong Input : Fist letter Should be capital and must contains minimum 3 characters :
Wrong Input : Fist letter Should be capital and must contains minimum 3 characters :
Wrong Input : Fist letter Should be capital and must contains minimum 3 characters :
Wrong Input : Fist letter Should be capital and must contains minimum 3 characters :
Wrong Input : Fist letter Should be capital and must contains minimum 3 characters :
Wrong Input : Fist letter Should be capital and must contains minimum 3 characters :
Wrong Input : Fist letter Should be capital and must contains minimum 3 characters :
Wrong Input : Fist letter Should be capital and must contains minimum 3 characters :
Wrong Input : Fist letter Should be capital and must contains minimum 3 characters :
Wrong Input : Fist letter Should be capital and must contains minimum 3 characters :
Wrong Input : Fist letter Should be capital and must contains minimum 3 characters :
Wrong Input : Fist letter Should be capital and must contains minimum 3 characters :
Wrong Input : Fist letter Should be capital and must contains minimum 3 characters :
Wrong Input : Fist letter Should be capital and must contains minimum 3 characters :
Wrong Input : Fist letter Should be capital and must contains minimum 3 characters :
Wrong Input : Fist letter Should be capital and must contains minimum 3 characters :
Wrong Input : Fist letter Should be capital and must contains minimum 3 characters :
Wrong Input : Fist letter Should be capital and must contains minimum 3 characters :
Wrong Input : Fist letter Should be capital and must contains minimum 3 characters :
Wrong Input : Fist letter Should be capital and must contains minimum 3 characters :
Wrong Input : Fist letter Should be capital and must contains minimum 3 characters :
Wrong Input : Fist letter Should be capital and must contains minimum 3 characters :
Wrong Input : Fist letter Should be capital and must contains minimum 3 characters :
Wrong Input : Fist letter Should be capital and must contains minimum 3 characters :
Wrong Input : Fist letter Should be capital and must contains minimum 3 characters :
Wrong Input : Fist letter Should be capital and must contains minimum 3 characters :
Wrong Input : Fist letter Should be capital and must contains minimum 3 characters :
Wrong Input : Fist letter Should be capital and must contains minimum 3 characters :
Wrong Input : Fist letter Should be capital and must contains minimum 3 characters :
Wrong Input : Fist letter Should be capital and must contains minimum 3 characters :
Wrong Input : Fist letter Should be capital and must contains minimum 3 characters :
Wrong Input : Fist letter Should be capital and must contains minimum 3 characters :
Wrong Input : Fist letter Should be capital and must contains minimum 3 characters :
Wrong Input : Fist letter Should be capital and must contains minimum 3 characters :
Wrong Input : Fist letter Should be capital and must contains minimum 3 characters :
Wrong Input : Fist letter Should be capital and must contains minimum 3 characters :
Wrong Input : Fist letter Should be capital and must contains minimum 3 characters :
Wrong Input : Fist letter Should be capital and must contains minimum 3 characters :
Wrong Input : Fist letter Should be capital and must contains minimum 3 characters :
Wrong Input : Fist letter Should be capital and must contains minimum 3 characters :
Wrong Input : Fist letter Should be capital and must contains minimum 3 characters :
Wrong Input : Fist letter Should be capital and must contains minimum 3 characters :
Wrong Input : Fist letter Should be capital and must contains minimum 3 characters :
Wrong Input : Fist letter Should be capital and must contains minimum 3 characters :
Wrong Input : Fist letter Should be capital and must contains minimum 3 characters :
Wrong Input : Fist letter Should be capital and must contains minimum 3 characters :
Wrong Input : Fist letter Should be capital and must contains minimum 3 characters :
Wrong Input : Fist letter Should be capital and must contains minimum 3 characters :
Wrong Input : Fist letter Should be capital and must contains minimum 3 characters :
Wrong Input : Fist letter Should be capital and must contains minimum 3 characters :
Wrong Input : Fist letter Should be capital and must contains minimum 3 characters :
Wrong Input : Fist letter Should be capital and must contains minimum 3 characters :
Wrong Input : Fist letter Should be capital and must contains minimum 3 characters :
Wrong Input : Fist letter Should be capital and must contains minimum 3 characters :
Wrong Input : Fist letter Should be capital and must contains minimum 3 characters :
Wrong Input : Fist letter Should be capital and must contains minimum 3 characters :
Wrong Input : Fist letter Should be capital and must contains minimum 3 characters :
Wrong Input : Fist letter Should be capital and must contains minimum 3 characters :
Wrong Input : Fist letter Should be capital and must contains minimum 3 characters :
Wrong Input : Fist letter Should be capital and must contains minimum 3 characters :
Wrong Input : Fist letter Should be capital and must contains minimum 3 characters :
Wrong Input : Fist letter Should be capital and must contains minimum 3 characters :
Wrong Input : Fist letter Should be capital and must contains minimum 3 characters :
Wrong Input : Fist letter Should be capital and must contains minimum 3 characters :
Wrong Input : Fist letter Should be capital and must contains minimum 3 characters :
Wrong Input : Fist letter Should be capital and must contains minimum 3 characters :
Wrong Input : Fist letter Should be capital and must contains minimum 3 characters :
Wrong Input : Fist letter Should be capital and must contains minimum 3 characters :
Wrong Input : Fist letter Should be capital and must contains minimum 3 characters :
Wrong Input : Fist letter Should be capital and must contains minimum 3 characters :
Wrong Input : Fist letter Should be capital and must contains minimum 3 characters :
Wrong Input : Fist letter Should be capital and must contains minimum 3 characters :
Wrong Input : Fist letter Should be capital and must contains minimum 3 characters :
Wrong Input : Fist letter Should be capital and must contains minimum 3 characters :
Wrong Input : Fist letter Should be capital and must contains minimum 3 characters :
Wrong Input : Fist letter Should be capital and must contains minimum 3 characters :
Wrong Input : Fist letter Should be capital and must contains minimum 3 characters :
Wrong Input : Fist letter Should be capital and must contains minimum 3 characters :
Wrong Input : Fist letter Should be capital and must contains minimum 3 characters :
Wrong Input : Fist letter Should be capital and must contains minimum 3 characters :
Wrong Input : Fist letter Should be capital and must contains minimum 3 characters :
Wrong Input : Fist letter Should be capital and must contains minimum 3 characters :
Wrong Input : Fist letter Should be capital and must contains minimum 3 characters :
Wrong Input : Fist letter Should be capital and must contains minimum 3 characters :
Wrong Input : Fist letter Should be capital and must contains minimum 3 characters :
Wrong Input : Fist letter Should be capital and must contains minimum 3 characters :
Wrong Input : Fist letter Should be capital and must contains minimum 3 characters :
Wrong Input : Fist letter Should be capital and must contains minimum 3 characters :
Wrong Input : Fist letter Should be capital and must contains minimum 3 characters :
Wrong Input : Fist letter Should be capital and must contains minimum 3 characters :
Wrong Input : Fist letter Should be capital and must contains minimum 3 characters :
Wrong Input : Fist letter Should be capital and must contains minimum 3 characters :
Wrong Input : Fist letter Should be capital and must contains minimum 3 characters :
Wrong Input : Fist letter Should be capital and must contains minimum 3 characters :
Wrong Input : Fist letter Should be capital and must contains minimum 3 characters :
Wrong Input : Fist letter Should be capital and must contains minimum 3 characters :
Wrong Input : Fist letter Should be capital and must contains minimum 3 characters :
Wrong Input : Fist letter Should be capital and must contains minimum 3 characters :
Wrong Input : Fist letter Should be capital and must contains minimum 3 characters :
Wrong Input : Fist letter Should be capital and must contains minimum 3 characters :
Wrong Input : Fist letter Should be capital and must contains minimum 3 characters :
Wrong Input : Fist letter Should be capital and must contains minimum 3 characters :
Wrong Input : Fist letter Should be capital and must contains minimum 3 characters :
Wrong Input : Fist letter Should be capital and must contains minimum 3 characters :
Wrong Input : Fist letter Should be capital and must contains minimum 3 characters :
Wrong Input : Fist letter Should be capital and must contains minimum 3 characters :
Wrong Input : Fist letter Should be capital and must contains minimum 3 characters :
Wrong Input : Fist letter Should be capital and must contains minimum 3 characters :
Wrong Input : Fist letter Should be capital and must contains minimum 3 characters :
Wrong Input : Fist letter Should be capital and must contains minimum 3 characters :
Wrong Input : Fist letter Should be capital and must contains minimum 3 characters :
Wrong Input : Fist letter Should be capital and must contains minimum 3 characters :
Wrong Input : Fist letter Should be capital and must contains minimum 3 characters :
Wrong Input : Fist letter Should be capital and must contains minimum 3 characters :
Wrong Input : Fist letter Should be capital and must contains minimum 3 characters :
Wrong Input : Fist letter Should be capital and must contains minimum 3 characters :
Wrong Input : Fist letter Should be capital and must contains minimum 3 characters :
Wrong Input : Fist letter Should be capital and must contains minimum 3 characters :
Wrong Input : Fist letter Should be capital and must contains minimum 3 characters :
Wrong Input : Fist letter Should be capital and must contains minimum 3 characters :
Wrong Input : Fist letter Should be capital and must contains minimum 3 characters :
Wrong Input : Fist letter Should be capital and must contains minimum 3 characters :
Wrong Input : Fist letter Should be capital and must contains minimum 3 characters :
Wrong Input : Fist letter Should be capital and must contains minimum 3 characters :
Wrong Input : Fist letter Should be capital and must contains minimum 3 characters :
Wrong Input : Fist letter Should be capital and must contains minimum 3 characters :
Wrong Input : Fist letter Should be capital and must contains minimum 3 characters :
Wrong Input : Fist letter Should be capital and must contains minimum 3 characters :
Wrong Input : Fist letter Should be capital and must contains minimum 3 characters :
Wrong Input : Fist letter Should be capital and must contains minimum 3 characters :
Wrong Input : Fist letter Should be capital and must contains minimum 3 characters :
Wrong Input : Fist letter Should be capital and must contains minimum 3 characters :
Wrong Input : Fist letter Should be capital and must contains minimum 3 characters :
Wrong Input : Fist letter Should be capital and must contains minimum 3 characters :
Wrong Input : Fist letter Should be capital and must contains minimum 3 characters :
Wrong Input : Fist letter Should be capital and must contains minimum 3 characters :
Wrong Input : Fist letter Should be capital and must contains minimum 3 characters :
Wrong Input : Fist letter Should be capital and must contains minimum 3 characters :
Wrong Input : Fist letter Should be capital and must contains minimum 3 characters :
Wrong Input : Fist letter Should be capital and must contains minimum 3 characters :
Wrong Input : Fist letter Should be capital and must contains minimum 3 characters :
Wrong Input : Fist letter Should be capital and must contains minimum 3 characters :
Wrong Input : Fist letter Should be capital and must contains minimum 3 characters :
Wrong Input : Fist letter Should be capital and must contains minimum 3 characters :
Wrong Input : Fist letter Should be capital and must contains minimum 3 characters :
Wrong Input : Fist letter Should be capital and must contains minimum 3 characters :
Wrong Input : Fist letter Should be capital and must contains minimum 3 characters :
Wrong Input : Fist letter Should be capital and must contains minimum 3 characters :
Wrong Input : Fist letter Should be capital and must contains minimum 3 characters :
Wrong Input : Fist letter Should be capital and must contains minimum 3 characters :
Wrong Input : Fist letter Should be capital and must contains minimum 3 characters :
Wrong Input : Fist letter Should be capital and must contains minimum 3 characters :
Wrong Input : Fist letter Should be capital and must contains minimum 3 characters :
Wrong Input : Fist letter Should be capital and must contains minimum 3 characters :
Wrong Input : Fist letter Should be capital and must contains minimum 3 characters :
Wrong Input : Fist letter Should be capital and must contains minimum 3 characters :
Wrong Input : Fist letter Should be capital and must contains minimum 3 characters :
Wrong Input : Fist letter Should be capital and must contains minimum 3 characters :
Wrong Input : Fist letter Should be capital and must contains minimum 3 characters :
Wrong Input : Fist letter Should be capital and must contains minimum 3 characters :
Wrong Input : Fist letter Should be capital and must contains minimum 3 characters :
Wrong Input : Fist letter Should be capital and must contains minimum 3 characters :
Wrong Input : Fist letter Should be capital and must contains minimum 3 characters :
Wrong Input : Fist letter Should be capital and must contains minimum 3 characters :
Wrong Input : Fist letter Should be capital and must contains minimum 3 characters :
Wrong Input : Fist letter Should be capital and must contains minimum 3 characters :
Wrong Input : Fist letter Should be capital and must contains minimum 3 characters :
Wrong Input : Fist letter Should be capital and must contains minimum 3 characters :
Wrong Input : Fist letter Should be capital and must contains minimum 3 characters :
Wrong Input : Fist letter Should be capital and must contains minimum 3 characters :
Wrong Input : Fist letter Should be capital and must contains minimum 3 characters :
Wrong Input : Fist letter Should be capital and must contains minimum 3 characters :
Wrong Input : Fist letter Should be capital and must contains minimum 3 characters :
Wrong Input : Fist letter Should be capital and must contains minimum 3 characters :
Wrong Input : Fist letter Should be capital and must contains minimum 3 characters :
Wrong Input : Fist letter Should be capital and must contains minimum 3 characters :
Wrong Input : Fist letter Should be capital and must contains minimum 3 characters :
Wrong Input : Fist letter Should be capital and must contains minimum 3 characters :
Wrong Input : Fist letter Should be capital and must contains minimum 3 characters :
Wrong Input : Fist letter Should be capital and must contains minimum 3 characters :
Wrong Input : Fist letter Should be capital and must contains minimum 3 characters :
Wrong Input : Fist letter Should be capital and must contains minimum 3 characters :
Wrong Input : Fist letter Should be capital and must contains minimum 3 characters :
Wrong Input : Fist letter Should be capital and must contains minimum 3 characters :
Wrong Input : Fist letter Should be capital and must contains minimum 3 characters :
Wrong Input : Fist letter Should be capital and must contains minimum 3 characters :
Wrong Input : Fist letter Should be capital and must contains minimum 3 characters :
Wrong Input : Fist letter Should be capital and must contains minimum 3 characters :
Wrong Input : Fist letter Should be capital and must contains minimum 3 characters :
Wrong Input : Fist letter Should be capital and must contains minimum 3 characters :
Wrong Input : Fist letter Should be capital and must contains minimum 3 characters :
Wrong Input : Fist letter Should be capital and must contains minimum 3 characters :
Wrong Input : Fist letter Should be capital and must contains minimum 3 characters :
Wrong Input : Fist letter Should be capital and must contains minimum 3 characters :
Wrong Input : Fist letter Should be capital and must contains minimum 3 characters :
Wrong Input : Fist letter Should be capital and must contains minimum 3 characters :
Wrong Input : Fist letter Should be capital and must contains minimum 3 characters :
Wrong Input : Fist letter Should be capital and must contains minimum 3 characters :
Wrong Input : Fist letter Should be capital and must contains minimum 3 characters :
Wrong Input : Fist letter Should be capital and must contains minimum 3 characters :
Wrong Input : Fist letter Should be capital and must contains minimum 3 characters :
Wrong Input : Fist letter Should be capital and must contains minimum 3 characters :
Wrong Input : Fist letter Should be capital and must contains minimum 3 characters :
Wrong Input : Fist letter Should be capital and must contains minimum 3 characters :
Wrong Input : Fist letter Should be capital and must contains minimum 3 characters :
Wrong Input : Fist letter Should be capital and must contains minimum 3 characters :
Wrong Input : Fist letter Should be capital and must contains minimum 3 characters :
Wrong Input : Fist letter Should be capital and must contains minimum 3 characters :
Wrong Input : Fist letter Should be capital and must contains minimum 3 characters :
Wrong Input : Fist letter Should be capital and must contains minimum 3 characters :
Wrong Input : Fist letter Should be capital and must contains minimum 3 characters :
Wrong Input : Fist letter Should be capital and must contains minimum 3 characters :
Wrong Input : Fist letter Should be capital and must contains minimum 3 characters :
Wrong Input : Fist letter Should be capital and must contains minimum 3 characters :
Wrong Input : Fist letter Should be capital and must contains minimum 3 characters :
Wrong Input : Fist letter Should be capital and must contains minimum 3 characters :
Wrong Input : Fist letter Should be capital and must contains minimum 3 characters :
Wrong Input : Fist letter Should be capital and must contains minimum 3 characters :
Wrong Input : Fist letter Should be capital and must contains minimum 3 characters :
Wrong Input : Fist letter Should be capital and must contains minimum 3 characters :
Wrong Input : Fist letter Should be capital and must contains minimum 3 characters :
Wrong Input : Fist letter Should be capital and must contains minimum 3 characters :
Wrong Input : Fist letter Should be capital and must contains minimum 3 characters :
Wrong Input : Fist letter Should be capital and must contains minimum 3 characters :
Wrong Input : Fist letter Should be capital and must contains minimum 3 characters :
Wrong Input : Fist letter Should be capital and must contains minimum 3 characters :
Wrong Input : Fist letter Should be capital and must contains minimum 3 characters :
Wrong Input : Fist letter Should be capital and must contains minimum 3 characters :
Wrong Input : Fist letter Should be capital and must contains minimum 3 characters :
Wrong Input : Fist letter Should be capital and must contains minimum 3 characters :
Wrong Input : Fist letter Should be capital and must contains minimum 3 characters :
Wrong Input : Fist letter Should be capital and must contains minimum 3 characters :
Wrong Input : Fist letter Should be capital and must contains minimum 3 characters :
Wrong Input : Fist letter Should be capital and must contains minimum 3 characters :
Wrong Input : Fist letter Should be capital and must contains minimum 3 characters :
Wrong Input : Fist letter Should be capital and must contains minimum 3 characters :
Wrong Input : Fist letter Should be capital and must contains minimum 3 characters :
Wrong Input : Fist letter Should be capital and must contains minimum 3 characters :
Wrong Input : Fist letter Should be capital and must contains minimum 3 characters :
Wrong Input : Fist letter Should be capital and must contains minimum 3 characters :
Wrong Input : Fist letter Should be capital and must contains minimum 3 characters :
Wrong Input : Fist letter Should be capital and must contains minimum 3 characters :
Wrong Input : Fist letter Should be capital and must contains minimum 3 characters :
Wrong Input : Fist letter Should be capital and must contains minimum 3 characters :
Wrong Input : Fist letter Should be capital and must contains minimum 3 characters :
Wrong Input : Fist letter Should be capital and must contains minimum 3 characters :
Wrong Input : Fist letter Should be capital and must contains minimum 3 characters :
Wrong Input : Fist letter Should be capital and must contains minimum 3 characters :
Wrong Input : Fist letter Should be capital and must contains minimum 3 characters :
Wrong Input : Fist letter Should be capital and must contains minimum 3 characters :
Wrong Input : Fist letter Should be capital and must contains minimum 3 characters :
Wrong Input : Fist letter Should be capital and must contains minimum 3 characters :
Wrong Input : Fist letter Should be capital and must contains minimum 3 characters :
Wrong Input : Fist letter Should be capital and must contains minimum 3 characters :
Wrong Input : Fist letter Should be capital and must contains minimum 3 characters :
Wrong Input : Fist letter Should be capital and must contains minimum 3 characters :
Wrong Input : Fist letter Should be capital and must contains minimum 3 characters :
Wrong Input : Fist letter Should be capital and must contains minimum 3 characters :
Wrong Input : Fist letter Should be capital and must contains minimum 3 characters :
Wrong Input : Fist letter Should be capital and must contains minimum 3 characters :
Wrong Input : Fist letter Should be capital and must contains minimum 3 characters :
Wrong Input : Fist letter Should be capital and must contains minimum 3 characters :
Wrong Input : Fist letter Should be capital and must contains minimum 3 characters :
Wrong Input : Fist letter Should be capital and must contains minimum 3 characters :
Wrong Input : Fist letter Should be capital and must contains minimum 3 characters :
Wrong Input : Fist letter Should be capital and must contains minimum 3 characters :
Wrong Input : Fist letter Should be capital and must contains minimum 3 characters :
Wrong Input : Fist letter Should be capital and must contains minimum 3 characters :
Wrong Input : Fist letter Should be capital and must contains minimum 3 characters :
Wrong Input : Fist letter Should be capital and must contains minimum 3 characters :
Wrong Input : Fist letter Should be capital and must contains minimum 3 characters :
Wrong Input : Fist letter Should be capital and must contains minimum 3 characters :
Wrong Input : Fist letter Should be capital and must contains minimum 3 characters :
Wrong Input : Fist letter Should be capital and must contains minimum 3 characters :
Wrong Input : Fist letter Should be capital and must contains minimum 3 characters :
Wrong Input : Fist letter Should be capital and must contains minimum 3 characters :
Wrong Input : Fist letter Should be capital and must contains minimum 3 characters :
Wrong Input : Fist letter Should be capital and must contains minimum 3 characters :
Wrong Input : Fist letter Should be capital and must contains minimum 3 characters :
Wrong Input : Fist letter Should be capital and must contains minimum 3 characters :
Wrong Input : Fist letter Should be capital and must contains minimum 3 characters :
Wrong Input : Fist letter Should be capital and must contains minimum 3 characters :
Wrong Input : Fist letter Should be capital and must contains minimum 3 characters :
Wrong Input : Fist letter Should be capital and must contains minimum 3 characters :
Wrong Input : Fist letter Should be capital and must contains minimum 3 characters :
Wrong Input : Fist letter Should be capital and must contains minimum 3 characters :
Wrong Input : Fist letter Should be capital and must contains minimum 3 characters :
Wrong Input : Fist letter Should be capital and must contains minimum 3 characters :
Wrong Input : Fist letter Should be capital and must contains minimum 3 characters :
Wrong Input : Fist letter Should be capital and must contains minimum 3 characters :
Wrong Input : Fist letter Should be capital and must contains minimum 3 characters :
Wrong Input : Fist letter Should be capital and must contains minimum 3 characters :
Wrong Input : Fist letter Should be capital and must contains minimum 3 characters :
Wrong Input : Fist letter Should be capital and must contains minimum 3 characters :
Wrong Input : Fist letter Should be capital and must contains minimum 3 characters :
Wrong Input : Fist letter Should be capital and must contains minimum 3 characters :
Wrong Input : Fist letter Should be capital and must contains minimum 3 characters :
Wrong Input : Fist letter Should be capital and must contains minimum 3 characters :
Wrong Input : Fist letter Should be capital and must contains minimum 3 characters :
Wrong Input : Fist letter Should be capital and must contains minimum 3 characters :
Wrong Input : Fist letter Should be capital and must contains minimum 3 characters :
Wrong Input : Fist letter Should be capital and must contains minimum 3 characters :
Wrong Input : Fist letter Should be capital and must contains minimum 3 characters :
Wrong Input : Fist letter Should be capital and must contains minimum 3 characters :
Wrong Input : Fist letter Should be capital and must contains minimum 3 characters :
Wrong Input : Fist letter Should be capital and must contains minimum 3 characters :
Wrong Input : Fist letter Should be capital and must contains minimum 3 characters :
Wrong Input : Fist letter Should be capital and must contains minimum 3 characters :
Wrong Input : Fist letter Should be capital and must contains minimum 3 characters :
Wrong Input : Fist letter Should be capital and must contains minimum 3 characters :
Wrong Input : Fist letter Should be capital and must contains minimum 3 characters :
Wrong Input : Fist letter Should be capital and must contains minimum 3 characters :
Wrong Input : Fist letter Should be capital and must contains minimum 3 characters :
Wrong Input : Fist letter Should be capital and must contains minimum 3 characters :
Wrong Input : Fist letter Should be capital and must contains minimum 3 characters :
Wrong Input : Fist letter Should be capital and must contains minimum 3 characters :
Wrong Input : Fist letter Should be capital and must contains minimum 3 characters :
Wrong Input : Fist letter Should be capital and must contains minimum 3 characters :
Wrong Input : Fist letter Should be capital and must contains minimum 3 characters :
Wrong Input : Fist letter Should be capital and must contains minimum 3 characters :
Wrong Input : Fist letter Should be capital and must contains minimum 3 characters :
Wrong Input : Fist letter Should be capital and must contains minimum 3 characters :
Wrong Input : Fist letter Should be capital and must contains minimum 3 characters :
Wrong Input : Fist letter Should be capital and must contains minimum 3 characters :
Wrong Input : Fist letter Should be capital and must contains minimum 3 characters :
Wrong Input : Fist letter Should be capital and must contains minimum 3 characters :
Wrong Input : Fist letter Should be capital and must contains minimum 3 characters :
Wrong Input : Fist letter Should be capital and must contains minimum 3 characters :
Wrong Input : Fist letter Should be capital and must contains minimum 3 characters :
Wrong Input : Fist letter Should be capital and must contains minimum 3 characters :
Wrong Input : Fist letter Should be capital and must contains minimum 3 characters :
Wrong Input : Fist letter Should be capital and must contains minimum 3 characters :
Wrong Input : Fist letter Should be capital and must contains minimum 3 characters :
Wrong Input : Fist letter Should be capital and must contains minimum 3 characters :
Wrong Input : Fist letter Should be capital and must contains minimum 3 characters :
Wrong Input : Fist letter Should be capital and must contains minimum 3 characters :
Wrong Input : Fist letter Should be capital and must contains minimum 3 characters :
Wrong Input : Fist letter Should be capital and must contains minimum 3 characters :
Wrong Input : Fist letter Should be capital and must contains minimum 3 characters :
Wrong Input : Fist letter Should be capital and must contains minimum 3 characters :
Wrong Input : Fist letter Should be capital and must contains minimum 3 characters :
Wrong Input : Fist letter Should be capital and must contains minimum 3 characters :
Wrong Input : Fist letter Should be capital and must contains minimum 3 characters :
Wrong Input : Fist letter Should be capital and must contains minimum 3 characters :
Wrong Input : Fist letter Should be capital and must contains minimum 3 characters :
Wrong Input : Fist letter Should be capital and must contains minimum 3 characters :
Wrong Input : Fist letter Should be capital and must contains minimum 3 characters :
Wrong Input : Fist letter Should be capital and must contains minimum 3 characters :
Wrong Input : Fist letter Should be capital and must contains minimum 3 characters :
Wrong Input : Fist letter Should be capital and must contains minimum 3 characters :
Wrong Input : Fist letter Should be capital and must contains minimum 3 characters :
Wrong Input : Fist letter Should be capital and must contains minimum 3 characters :
Wrong Input : Fist letter Should be capital and must contains minimum 3 characters :
Wrong Input : Fist letter Should be capital and must contains minimum 3 characters :
Wrong Input : Fist letter Should be capital and must contains minimum 3 characters :
Wrong Input : Fist letter Should be capital and must contains minimum 3 characters :
Wrong Input : Fist letter Should be capital and must contains minimum 3 characters :
Wrong Input : Fist letter Should be capital and must contains minimum 3 characters :
Wrong Input : Fist letter Should be capital and must contains minimum 3 characters :
Wrong Input : Fist letter Should be capital and must contains minimum 3 characters :
Wrong Input : Fist letter Should be capital and must contains minimum 3 characters :
Wrong Input : Fist letter Should be capital and must contains minimum 3 characters :
Wrong Input : Fist letter Should be capital and must contains minimum 3 characters :
Wrong Input : Fist letter Should be capital and must contains minimum 3 characters :
Wrong Input : Fist letter Should be capital and must contains minimum 3 characters :
Wrong Input : Fist letter Should be capital and must contains minimum 3 characters :
Wrong Input : Fist letter Should be capital and must contains minimum 3 characters :
Wrong Input : Fist letter Should be capital and must contains minimum 3 characters :
Wrong Input : Fist letter Should be capital and must contains minimum 3 characters :
Wrong Input : Fist letter Should be capital and must contains minimum 3 characters :
Wrong Input : Fist letter Should be capital and must contains minimum 3 characters :
Wrong Input : Fist letter Should be capital and must contains minimum 3 characters :
Wrong Input : Fist letter Should be capital and must contains minimum 3 characters :
Wrong Input : Fist letter Should be capital and must contains minimum 3 characters :
Wrong Input : Fist letter Should be capital and must contains minimum 3 characters :
Wrong Input : Fist letter Should be capital and must contains minimum 3 characters :
Wrong Input : Fist letter Should be capital and must contains minimum 3 characters :
Wrong Input : Fist letter Should be capital and must contains minimum 3 characters :
Wrong Input : Fist letter Should be capital and must contains minimum 3 characters :
Wrong Input : Fist letter Should be capital and must contains minimum 3 characters :
Wrong Input : Fist letter Should be capital and must contains minimum 3 characters :
Wrong Input : Fist letter Should be capital and must contains minimum 3 characters :
Wrong Input : Fist letter Should be capital and must contains minimum 3 characters :
Wrong Input : Fist letter Should be capital and must contains minimum 3 characters :
Wrong Input : Fist letter Should be capital and must contains minimum 3 characters :
Wrong Input : Fist letter Should be capital and must contains minimum 3 characters :
Wrong Input : Fist letter Should be capital and must contains minimum 3 characters :
Wrong Input : Fist letter Should be capital and must contains minimum 3 characters :
Wrong Input : Fist letter Should be capital and must contains minimum 3 characters :
Wrong Input : Fist letter Should be capital and must contains minimum 3 characters :
Wrong Input : Fist letter Should be capital and must contains minimum 3 characters :
Wrong Input : Fist letter Should be capital and must contains minimum 3 characters :
Wrong Input : Fist letter Should be capital and must contains minimum 3 characters :
Wrong Input : Fist letter Should be capital and must contains minimum 3 characters :
Wrong Input : Fist letter Should be capital and must contains minimum 3 characters :
Wrong Input : Fist letter Should be capital and must contains minimum 3 characters :
Wrong Input : Fist letter Should be capital and must contains minimum 3 characters :
Wrong Input : Fist letter Should be capital and must contains minimum 3 characters :
Wrong Input : Fist letter Should be capital and must contains minimum 3 characters :
Wrong Input : Fist letter Should be capital and must contains minimum 3 characters :
Wrong Input : Fist letter Should be capital and must contains minimum 3 characters :
Wrong Input : Fist letter Should be capital and must contains minimum 3 characters :
Wrong Input : Fist letter Should be capital and must contains minimum 3 characters :
Wrong Input : Fist letter Should be capital and must contains minimum 3 characters :
Wrong Input : Fist letter Should be capital and must contains minimum 3 characters :
Wrong Input : Fist letter Should be capital and must contains minimum 3 characters :
Wrong Input : Fist letter Should be capital and must contains minimum 3 characters :
Wrong Input : Fist letter Should be capital and must contains minimum 3 characters :
Wrong Input : Fist letter Should be capital and must contains minimum 3 characters :
Wrong Input : Fist letter Should be capital and must contains minimum 3 characters :
Wrong Input : Fist letter Should be capital and must contains minimum 3 characters :
Wrong Input : Fist letter Should be capital and must contains minimum 3 characters :
Wrong Input : Fist letter Should be capital and must contains minimum 3 characters :
Wrong Input : Fist letter Should be capital and must contains minimum 3 characters :
Wrong Input : Fist letter Should be capital and must contains minimum 3 characters :
Wrong Input : Fist letter Should be capital and must contains minimum 3 characters :
Wrong Input : Fist letter Should be capital and must contains minimum 3 characters :
Wrong Input : Fist letter Should be capital and must contains minimum 3 characters :
Wrong Input : Fist letter Should be capital and must contains minimum 3 characters :
Wrong Input : Fist letter Should be capital and must contains minimum 3 characters :
Wrong Input : Fist letter Should be capital and must contains minimum 3 characters :
Wrong Input : Fist letter Should be capital and must contains minimum 3 characters :
Wrong Input : Fist letter Should be capital and must contains minimum 3 characters :
Wrong Input : Fist letter Should be capital and must contains minimum 3 characters :
Wrong Input : Fist letter Should be capital and must contains minimum 3 characters :
Wrong Input : Fist letter Should be capital and must contains minimum 3 characters :
Wrong Input : Fist letter Should be capital and must contains minimum 3 characters :
Wrong Input : Fist letter Should be capital and must contains minimum 3 characters :
Wrong Input : Fist letter Should be capital and must contains minimum 3 characters :
Wrong Input : Fist letter Should be capital and must contains minimum 3 characters :
Wrong Input : Fist letter Should be capital and must contains minimum 3 characters :
Wrong Input : Fist letter Should be capital and must contains minimum 3 characters :
Wrong Input : Fist letter Should be capital and must contains minimum 3 characters :
Wrong Input : Fist letter Should be capital and must contains minimum 3 characters :
Wrong Input : Fist letter Should be capital and must contains minimum 3 characters :
Wrong Input : Fist letter Should be capital and must contains minimum 3 characters :
Wrong Input : Fist letter Should be capital and must contains minimum 3 characters :
Wrong Input : Fist letter Should be capital and must contains minimum 3 characters :
Wrong Input : Fist letter Should be capital and must contains minimum 3 characters :
Wrong Input : Fist letter Should be capital and must contains minimum 3 characters :
Wrong Input : Fist letter Should be capital and must contains minimum 3 characters :
Wrong Input : Fist letter Should be capital and must contains minimum 3 characters :
Wrong Input : Fist letter Should be capital and must contains minimum 3 characters :
Wrong Input : Fist letter Should be capital and must contains minimum 3 characters :
Wrong Input : Fist letter Should be capital and must contains minimum 3 characters :
Wrong Input : Fist letter Should be capital and must contains minimum 3 characters :
Wrong Input : Fist letter Should be capital and must contains minimum 3 characters :
Wrong Input : Fist letter Should be capital and must contains minimum 3 characters :
Wrong Input : Fist letter Should be capital and must contains minimum 3 characters :
Wrong Input : Fist letter Should be capital and must contains minimum 3 characters :
Wrong Input : Fist letter Should be capital and must contains minimum 3 characters :
Wrong Input : Fist letter Should be capital and must contains minimum 3 characters :
Wrong Input : Fist letter Should be capital and must contains minimum 3 characters :
Wrong Input : Fist letter Should be capital and must contains minimum 3 characters :
Wrong Input : Fist letter Should be capital and must contains minimum 3 characters :
Wrong Input : Fist letter Should be capital and must contains minimum 3 characters :
Wrong Input : Fist letter Should be capital and must contains minimum 3 characters :
Wrong Input : Fist letter Should be capital and must contains minimum 3 characters :
Wrong Input : Fist letter Should be capital and must contains minimum 3 characters :
Wrong Input : Fist letter Should be capital and must contains minimum 3 characters :
Wrong Input : Fist letter Should be capital and must contains minimum 3 characters :
Wrong Input : Fist letter Should be capital and must contains minimum 3 characters :
Wrong Input : Fist letter Should be capital and must contains minimum 3 characters :
Wrong Input : Fist letter Should be capital and must contains minimum 3 characters :
Wrong Input : Fist letter Should be capital and must contains minimum 3 characters :
Wrong Input : Fist letter Should be capital and must contains minimum 3 characters :
Wrong Input : Fist letter Should be capital and must contains minimum 3 characters :
Wrong Input : Fist letter Should be capital and must contains minimum 3 characters :
Wrong Input : Fist letter Should be capital and must contains minimum 3 characters :
Wrong Input : Fist letter Should be capital and must contains minimum 3 characters :
Wrong Input : Fist letter Should be capital and must contains minimum 3 characters :
Wrong Input : Fist letter Should be capital and must contains minimum 3 characters :
Wrong Input : Fist letter Should be capital and must contains minimum 3 characters :
Wrong Input : Fist letter Should be capital and must contains minimum 3 characters :
Wrong Input : Fist letter Should be capital and must contains minimum 3 characters :
Wrong Input : Fist letter Should be capital and must contains minimum 3 characters :
Wrong Input : Fist letter Should be capital and must contains minimum 3 characters :
Wrong Input : Fist letter Should be capital and must contains minimum 3 characters :
Wrong Input : Fist letter Should be capital and must contains minimum 3 characters :
Wrong Input : Fist letter Should be capital and must contains minimum 3 characters :
Wrong Input : Fist letter Should be capital and must contains minimum 3 characters :
Wrong Input : Fist letter Should be capital and must contains minimum 3 characters :
Wrong Input : Fist letter Should be capital and must contains minimum 3 characters :
Wrong Input : Fist letter Should be capital and must contains minimum 3 characters :
Wrong Input : Fist letter Should be capital and must contains minimum 3 characters :
Wrong Input : Fist letter Should be capital and must contains minimum 3 characters :
Wrong Input : Fist letter Should be capital and must contains minimum 3 characters :
Wrong Input : Fist letter Should be capital and must contains minimum 3 characters :
Wrong Input : Fist letter Should be capital and must contains minimum 3 characters :
Wrong Input : Fist letter Should be capital and must contains minimum 3 characters :
Wrong Input : Fist letter Should be capital and must contains minimum 3 characters :
Wrong Input : Fist letter Should be capital and must contains minimum 3 characters :
Wrong Input : Fist letter Should be capital and must contains minimum 3 characters :
Wrong Input : Fist letter Should be capital and must contains minimum 3 characters :
Wrong Input : Fist letter Should be capital and must contains minimum 3 characters :
Wrong Input : Fist letter Should be capital and must contains minimum 3 characters :
Wrong Input : Fist letter Should be capital and must contains minimum 3 characters :
Wrong Input : Fist letter Should be capital and must contains minimum 3 characters :
Wrong Input : Fist letter Should be capital and must contains minimum 3 characters :
Wrong Input : Fist letter Should be capital and must contains minimum 3 characters :
Wrong Input : Fist letter Should be capital and must contains minimum 3 characters :
Wrong Input : Fist letter Should be capital and must contains minimum 3 characters :
Wrong Input : Fist letter Should be capital and must contains minimum 3 characters :
Wrong Input : Fist letter Should be capital and must contains minimum 3 characters :
Wrong Input : Fist letter Should be capital and must contains minimum 3 characters :
Wrong Input : Fist letter Should be capital and must contains minimum 3 characters :
Wrong Input : Fist letter Should be capital and must contains minimum 3 characters :
Wrong Input : Fist letter Should be capital and must contains minimum 3 characters :
Wrong Input : Fist letter Should be capital and must contains minimum 3 characters :
Wrong Input : Fist letter Should be capital and must contains minimum 3 characters :
Wrong Input : Fist letter Should be capital and must contains minimum 3 characters :
Wrong Input : Fist letter Should be capital and must contains minimum 3 characters :
Wrong Input : Fist letter Should be capital and must contains minimum 3 characters :
Wrong Input : Fist letter Should be capital and must contains minimum 3 characters :
Wrong Input : Fist letter Should be capital and must contains minimum 3 characters :
Wrong Input : Fist letter Should be capital and must contains minimum 3 characters :
Wrong Input : Fist letter Should be capital and must contains minimum 3 characters :
Wrong Input : Fist letter Should be capital and must contains minimum 3 characters :
Wrong Input : Fist letter Should be capital and must contains minimum 3 characters :
Wrong Input : Fist letter Should be capital and must contains minimum 3 characters :
Wrong Input : Fist letter Should be capital and must contains minimum 3 characters :
Wrong Input : Fist letter Should be capital and must contains minimum 3 characters :
Wrong Input : Fist letter Should be capital and must contains minimum 3 characters :
Wrong Input : Fist letter Should be capital and must contains minimum 3 characters :
Wrong Input : Fist letter Should be capital and must contains minimum 3 characters :
Wrong Input : Fist letter Should be capital and must contains minimum 3 characters :
Wrong Input : Fist letter Should be capital and must contains minimum 3 characters :
Wrong Input : Fist letter Should be capital and must contains minimum 3 characters :
Wrong Input : Fist letter Should be capital and must contains minimum 3 characters :
Wrong Input : Fist letter Should be capital and must contains minimum 3 characters :
Wrong Input : Fist letter Should be capital and must contains minimum 3 characters :
Wrong Input : Fist letter Should be capital and must contains minimum 3 characters :
Wrong Input : Fist letter Should be capital and must contains minimum 3 characters :
Wrong Input : Fist letter Should be capital and must contains minimum 3 characters :
Wrong Input : Fist letter Should be capital and must contains minimum 3 characters :
Wrong Input : Fist letter Should be capital and must contains minimum 3 characters :
Wrong Input : Fist letter Should be capital and must contains minimum 3 characters :
Wrong Input : Fist letter Should be capital and must contains minimum 3 characters :
Wrong Input : Fist letter Should be capital and must contains minimum 3 characters :
Wrong Input : Fist letter Should be capital and must contains minimum 3 characters :
Wrong Input : Fist letter Should be capital and must contains minimum 3 characters :
Wrong Input : Fist letter Should be capital and must contains minimum 3 characters :
Wrong Input : Fist letter Should be capital and must contains minimum 3 characters :
Wrong Input : Fist letter Should be capital and must contains minimum 3 characters :
Wrong Input : Fist letter Should be capital and must contains minimum 3 characters :
Wrong Input : Fist letter Should be capital and must contains minimum 3 characters :
Wrong Input : Fist letter Should be capital and must contains minimum 3 characters :
Wrong Input : Fist letter Should be capital and must contains minimum 3 characters :
Wrong Input : Fist letter Should be capital and must contains minimum 3 characters :
Wrong Input : Fist letter Should be capital and must contains minimum 3 characters :
Wrong Input : Fist letter Should be capital and must contains minimum 3 characters :
Wrong Input : Fist letter Should be capital and must contains minimum 3 characters :
Wrong Input : Fist letter Should be capital and must contains minimum 3 characters :
Wrong Input : Fist letter Should be capital and must contains minimum 3 characters :
Wrong Input : Fist letter Should be capital and must contains minimum 3 characters :
Wrong Input : Fist letter Should be capital and must contains minimum 3 characters :
Wrong Input : Fist letter Should be capital and must contains minimum 3 characters :
Wrong Input : Fist letter Should be capital and must contains minimum 3 characters :
Wrong Input : Fist letter Should be capital and must contains minimum 3 characters :
Wrong Input : Fist letter Should be capital and must contains minimum 3 characters :
Wrong Input : Fist letter Should be capital and must contains minimum 3 characters :
Wrong Input : Fist letter Should be capital and must contains minimum 3 characters :
Wrong Input : Fist letter Should be capital and must contains minimum 3 characters :
Wrong Input : Fist letter Should be capital and must contains minimum 3 characters :
Wrong Input : Fist letter Should be capital and must contains minimum 3 characters :
Wrong Input : Fist letter Should be capital and must contains minimum 3 characters :
Wrong Input : Fist letter Should be capital and must contains minimum 3 characters :
Wrong Input : Fist letter Should be capital and must contains minimum 3 characters :
Wrong Input : Fist letter Should be capital and must contains minimum 3 characters :
Wrong Input : Fist letter Should be capital and must contains minimum 3 characters :
Wrong Input : Fist letter Should be capital and must contains minimum 3 characters :
Wrong Input : Fist letter Should be capital and must contains minimum 3 characters :
Wrong Input : Fist letter Should be capital and must contains minimum 3 characters :
Wrong Input : Fist letter Should be capital and must contains minimum 3 characters :
Wrong Input : Fist letter Should be capital and must contains minimum 3 characters :
Wrong Input : Fist letter Should be capital and must contains minimum 3 characters :
Wrong Input : Fist letter Should be capital and must contains minimum 3 characters :
Wrong Input : Fist letter Should be capital and must contains minimum 3 characters :
Wrong Input : Fist letter Should be capital and must contains minimum 3 characters :
Wrong Input : Fist letter Should be capital and must contains minimum 3 characters :
Wrong Input : Fist letter Should be capital and must contains minimum 3 characters :
Wrong Input : Fist letter Should be capital and must contains minimum 3 characters :
Wrong Input : Fist letter Should be capital and must contains minimum 3 characters :
Wrong Input : Fist letter Should be capital and must contains minimum 3 characters :
Wrong Input : Fist letter Should be capital and must contains minimum 3 characters :
Wrong Input : Fist letter Should be capital and must contains minimum 3 characters :
Wrong Input : Fist letter Should be capital and must contains minimum 3 characters :
Wrong Input : Fist letter Should be capital and must contains minimum 3 characters :
Wrong Input : Fist letter Should be capital and must contains minimum 3 characters :
Wrong Input : Fist letter Should be capital and must contains minimum 3 characters :
Wrong Input : Fist letter Should be capital and must contains minimum 3 characters :
Wrong Input : Fist letter Should be capital and must contains minimum 3 characters :
Wrong Input : Fist letter Should be capital and must contains minimum 3 characters :
Wrong Input : Fist letter Should be capital and must contains minimum 3 characters :
Wrong Input : Fist letter Should be capital and must contains minimum 3 characters :
Wrong Input : Fist letter Should be capital and must contains minimum 3 characters :
Wrong Input : Fist letter Should be capital and must contains minimum 3 characters :
Wrong Input : Fist letter Should be capital and must contains minimum 3 characters :
Wrong Input : Fist letter Should be capital and must contains minimum 3 characters :
Wrong Input : Fist letter Should be capital and must contains minimum 3 characters :
Wrong Input : Fist letter Should be capital and must contains minimum 3 characters :
Wrong Input : Fist letter Should be capital and must contains minimum 3 characters :
Wrong Input : Fist letter Should be capital and must contains minimum 3 characters :
Wrong Input : Fist letter Should be capital and must contains minimum 3 characters :
Wrong Input : Fist letter Should be capital and must contains minimum 3 characters :
Wrong Input : Fist letter Should be capital and must contains minimum 3 characters :
Wrong Input : Fist letter Should be capital and must contains minimum 3 characters :
Wrong Input : Fist letter Should be capital and must contains minimum 3 characters :
Wrong Input : Fist letter Should be capital and must contains minimum 3 characters :
Wrong Input : Fist letter Should be capital and must contains minimum 3 characters :
Wrong Input : Fist letter Should be capital and must contains minimum 3 characters :
Wrong Input : Fist letter Should be capital and must contains minimum 3 characters :
Wrong Input : Fist letter Should be capital and must contains minimum 3 characters :
Wrong Input : Fist letter Should be capital and must contains minimum 3 characters :
Wrong Input : Fist letter Should be capital and must contains minimum 3 characters :
Wrong Input : Fist letter Should be capital and must contains minimum 3 characters :
Wrong Input : Fist letter Should be capital and must contains minimum 3 characters :
Wrong Input : Fist letter Should be capital and must contains minimum 3 characters :
Wrong Input : Fist letter Should be capital and must contains minimum 3 characters :
Wrong Input : Fist letter Should be capital and must contains minimum 3 characters :
Wrong Input : Fist letter Should be capital and must contains minimum 3 characters :
Wrong Input : Fist letter Should be capital and must contains minimum 3 characters :
Wrong Input : Fist letter Should be capital and must contains minimum 3 characters :
Wrong Input : Fist letter Should be capital and must contains minimum 3 characters :
Wrong Input : Fist letter Should be capital and must contains minimum 3 characters :
Wrong Input : Fist letter Should be capital and must contains minimum 3 characters :
Wrong Input : Fist letter Should be capital and must contains minimum 3 characters :
Wrong Input : Fist letter Should be capital and must contains minimum 3 characters :
Wrong Input : Fist letter Should be capital and must contains minimum 3 characters :
Wrong Input : Fist letter Should be capital and must contains minimum 3 characters :
Wrong Input : Fist letter Should be capital and must contains minimum 3 characters :
Wrong Input : Fist letter Should be capital and must contains minimum 3 characters :
Wrong Input : Fist letter Should be capital and must contains minimum 3 characters :
Wrong Input : Fist letter Should be capital and must contains minimum 3 characters :
Wrong Input : Fist letter Should be capital and must contains minimum 3 characters :
Wrong Input : Fist letter Should be capital and must contains minimum 3 characters :
Wrong Input : Fist letter Should be capital and must contains minimum 3 characters :
Wrong Input : Fist letter Should be capital and must contains minimum 3 characters :
Wrong Input : Fist letter Should be capital and must contains minimum 3 characters :
Wrong Input : Fist letter Should be capital and must contains minimum 3 characters :
Wrong Input : Fist letter Should be capital and must contains minimum 3 characters :
Wrong Input : Fist letter Should be capital and must contains minimum 3 characters :
Wrong Input : Fist letter Should be capital and must contains minimum 3 characters :
Wrong Input : Fist letter Should be capital and must contains minimum 3 characters :
Wrong Input : Fist letter Should be capital and must contains minimum 3 characters :
Wrong Input : Fist letter Should be capital and must contains minimum 3 characters :
Wrong Input : Fist letter Should be capital and must contains minimum 3 characters :
Wrong Input : Fist letter Should be capital and must contains minimum 3 characters :
Wrong Input : Fist letter Should be capital and must contains minimum 3 characters :
Wrong Input : Fist letter Should be capital and must contains minimum 3 characters :
Wrong Input : Fist letter Should be capital and must contains minimum 3 characters :
Wrong Input : Fist letter Should be capital and must contains minimum 3 characters :
Wrong Input : Fist letter Should be capital and must contains minimum 3 characters :
Wrong Input : Fist letter Should be capital and must contains minimum 3 characters :
Wrong Input : Fist letter Should be capital and must contains minimum 3 characters :
Wrong Input : Fist letter Should be capital and must contains minimum 3 characters :
Wrong Input : Fist letter Should be capital and must contains minimum 3 characters :
Wrong Input : Fist letter Should be capital and must contains minimum 3 characters :
Wrong Input : Fist letter Should be capital and must contains minimum 3 characters :
Wrong Input : Fist letter Should be capital and must contains minimum 3 characters :
Wrong Input : Fist letter Should be capital and must contains minimum 3 characters :
Wrong Input : Fist letter Should be capital and must contains minimum 3 characters :
Wrong Input : Fist letter Should be capital and must contains minimum 3 characters :
Wrong Input : Fist letter Should be capital and must contains minimum 3 characters :
Wrong Input : Fist letter Should be capital and must contains minimum 3 characters :
Wrong Input : Fist letter Should be capital and must contains minimum 3 characters :
Wrong Input : Fist letter Should be capital and must contains minimum 3 characters :
Wrong Input : Fist letter Should be capital and must contains minimum 3 characters :
Wrong Input : Fist letter Should be capital and must contains minimum 3 characters :
Wrong Input : Fist letter Should be capital and must contains minimum 3 characters :
Wrong Input : Fist letter Should be capital and must contains minimum 3 characters :
Wrong Input : Fist letter Should be capital and must contains minimum 3 characters :
Wrong Input : Fist letter Should be capital and must contains minimum 3 characters :
Wrong Input : Fist letter Should be capital and must contains minimum 3 characters :
Wrong Input : Fist letter Should be capital and must contains minimum 3 characters :
Wrong Input : Fist letter Should be capital and must contains minimum 3 characters :
Wrong Input : Fist letter Should be capital and must contains minimum 3 characters :
Wrong Input : Fist letter Should be capital and must contains minimum 3 characters :
Wrong Input : Fist letter Should be capital and must contains minimum 3 characters :
Wrong Input : Fist letter Should be capital and must contains minimum 3 characters :
Wrong Input : Fist letter Should be capital and must contains minimum 3 characters :
Wrong Input : Fist letter Should be capital and must contains minimum 3 characters :
Wrong Input : Fist letter Should be capital and must contains minimum 3 characters :
Wrong Input : Fist letter Should be capital and must contains minimum 3 characters :
Wrong Input : Fist letter Should be capital and must contains minimum 3 characters :
Wrong Input : Fist letter Should be capital and must contains minimum 3 characters :
Wrong Input : Fist letter Should be capital and must contains minimum 3 characters :
Wrong Input : Fist letter Should be capital and must contains minimum 3 characters :
Wrong Input : Fist letter Should be capital and must contains minimum 3 characters :
Wrong Input : Fist letter Should be capital and must contains minimum 3 characters :
Wrong Input : Fist letter Should be capital and must contains minimum 3 characters :
Wrong Input : Fist letter Should be capital and must contains minimum 3 characters :
Wrong Input : Fist letter Should be capital and must contains minimum 3 characters :
Wrong Input : Fist letter Should be capital and must contains minimum 3 characters :
Wrong Input : Fist letter Should be capital and must contains minimum 3 characters :
Wrong Input : Fist letter Should be capital and must contains minimum 3 characters :
Wrong Input : Fist letter Should be capital and must contains minimum 3 characters :
Wrong Input : Fist letter Should be capital and must contains minimum 3 characters :
Wrong Input : Fist letter Should be capital and must contains minimum 3 characters :
Wrong Input : Fist letter Should be capital and must contains minimum 3 characters :
Wrong Input : Fist letter Should be capital and must contains minimum 3 characters :
Wrong Input : Fist letter Should be capital and must contains minimum 3 characters :
Wrong Input : Fist letter Should be capital and must contains minimum 3 characters :
Wrong Input : Fist letter Should be capital and must contains minimum 3 characters :
Wrong Input : Fist letter Should be capital and must contains minimum 3 characters :
Wrong Input : Fist letter Should be capital and must contains minimum 3 characters :
Wrong Input : Fist letter Should be capital and must contains minimum 3 characters :
Wrong Input : Fist letter Should be capital and must contains minimum 3 characters :
Wrong Input : Fist letter Should be capital and must contains minimum 3 characters :
Wrong Input : Fist letter Should be capital and must contains minimum 3 characters :
Wrong Input : Fist letter Should be capital and must contains minimum 3 characters :
Wrong Input : Fist letter Should be capital and must contains minimum 3 characters :
Wrong Input : Fist letter Should be capital and must contains minimum 3 characters :
Wrong Input : Fist letter Should be capital and must contains minimum 3 characters :
Wrong Input : Fist letter Should be capital and must contains minimum 3 characters :
Wrong Input : Fist letter Should be capital and must contains minimum 3 characters :
Wrong Input : Fist letter Should be capital and must contains minimum 3 characters :
Wrong Input : Fist letter Should be capital and must contains minimum 3 characters :
Wrong Input : Fist letter Should be capital and must contains minimum 3 characters :
Wrong Input : Fist letter Should be capital and must contains minimum 3 characters :
Wrong Input : Fist letter Should be capital and must contains minimum 3 characters :
Wrong Input : Fist letter Should be capital and must contains minimum 3 characters :
Wrong Input : Fist letter Should be capital and must contains minimum 3 characters :
Wrong Input : Fist letter Should be capital and must contains minimum 3 characters :
Wrong Input : Fist letter Should be capital and must contains minimum 3 characters :
Wrong Input : Fist letter Should be capital and must contains minimum 3 characters :
Wrong Input : Fist letter Should be capital and must contains minimum 3 characters :
Wrong Input : Fist letter Should be capital and must contains minimum 3 characters :
Wrong Input : Fist letter Should be capital and must contains minimum 3 characters :
Wrong Input : Fist letter Should be capital and must contains minimum 3 characters :
Wrong Input : Fist letter Should be capital and must contains minimum 3 characters :
Wrong Input : Fist letter Should be capital and must contains minimum 3 characters :
Wrong Input : Fist letter Should be capital and must contains minimum 3 characters :
Wrong Input : Fist letter Should be capital and must contains minimum 3 characters :
Wrong Input : Fist letter Should be capital and must contains minimum 3 characters :
Wrong Input : Fist letter Should be capital and must contains minimum 3 characters :
Wrong Input : Fist letter Should be capital and must contains minimum 3 characters :
Wrong Input : Fist letter Should be capital and must contains minimum 3 characters :
Wrong Input : Fist letter Should be capital and must contains minimum 3 characters :
Wrong Input : Fist letter Should be capital and must contains minimum 3 characters :
Wrong Input : Fist letter Should be capital and must contains minimum 3 characters :
Wrong Input : Fist letter Should be capital and must contains minimum 3 characters :
Wrong Input : Fist letter Should be capital and must contains minimum 3 characters :
Wrong Input : Fist letter Should be capital and must contains minimum 3 characters :
Wrong Input : Fist letter Should be capital and must contains minimum 3 characters :
Wrong Input : Fist letter Should be capital and must contains minimum 3 characters :
Wrong Input : Fist letter Should be capital and must contains minimum 3 characters :
Wrong Input : Fist letter Should be capital and must contains minimum 3 characters :
Wrong Input : Fist letter Should be capital and must contains minimum 3 characters :
Wrong Input : Fist letter Should be capital and must contains minimum 3 characters :
Wrong Input : Fist letter Should be capital and must contains minimum 3 characters :
Wrong Input : Fist letter Should be capital and must contains minimum 3 characters :
Wrong Input : Fist letter Should be capital and must contains minimum 3 characters :
Wrong Input : Fist letter Should be capital and must contains minimum 3 characters :
Wrong Input : Fist letter Should be capital and must contains minimum 3 characters :
Wrong Input : Fist letter Should be capital and must contains minimum 3 characters :
Wrong Input : Fist letter Should be capital and must contains minimum 3 characters :
Wrong Input : Fist letter Should be capital and must contains minimum 3 characters :
Wrong Input : Fist letter Should be capital and must contains minimum 3 characters :
Wrong Input : Fist letter Should be capital and must contains minimum 3 characters :
Wrong Input : Fist letter Should be capital and must contains minimum 3 characters :
Wrong Input : Fist letter Should be capital and must contains minimum 3 characters :
Wrong Input : Fist letter Should be capital and must contains minimum 3 characters :
Wrong Input : Fist letter Should be capital and must contains minimum 3 characters :
Wrong Input : Fist letter Should be capital and must contains minimum 3 characters :
Wrong Input : Fist letter Should be capital and must contains minimum 3 characters :
Wrong Input : Fist letter Should be capital and must contains minimum 3 characters :
Wrong Input : Fist letter Should be capital and must contains minimum 3 characters :
Wrong Input : Fist letter Should be capital and must contains minimum 3 characters :
Wrong Input : Fist letter Should be capital and must contains minimum 3 characters :
Wrong Input : Fist letter Should be capital and must contains minimum 3 characters :
Wrong Input : Fist letter Should be capital and must contains minimum 3 characters :
Wrong Input : Fist letter Should be capital and must contains minimum 3 characters :
Wrong Input : Fist letter Should be capital and must contains minimum 3 characters :
Wrong Input : Fist letter Should be capital and must contains minimum 3 characters :
Wrong Input : Fist letter Should be capital and must contains minimum 3 characters :
Wrong Input : Fist letter Should be capital and must contains minimum 3 characters :
Wrong Input : Fist letter Should be capital and must contains minimum 3 characters :
Wrong Input : Fist letter Should be capital and must contains minimum 3 characters :
Wrong Input : Fist letter Should be capital and must contains minimum 3 characters :
Wrong Input : Fist letter Should be capital and must contains minimum 3 characters :
Wrong Input : Fist letter Should be capital and must contains minimum 3 characters :
Wrong Input : Fist letter Should be capital and must contains minimum 3 characters :
Wrong Input : Fist letter Should be capital and must contains minimum 3 characters :
Wrong Input : Fist letter Should be capital and must contains minimum 3 characters :
Wrong Input : Fist letter Should be capital and must contains minimum 3 characters :
Wrong Input : Fist letter Should be capital and must contains minimum 3 characters :
Wrong Input : Fist letter Should be capital and must contains minimum 3 characters :
Wrong Input : Fist letter Should be capital and must contains minimum 3 characters :
Wrong Input : Fist letter Should be capital and must contains minimum 3 characters :
Wrong Input : Fist letter Should be capital and must contains minimum 3 characters :
Wrong Input : Fist letter Should be capital and must contains minimum 3 characters :
Wrong Input : Fist letter Should be capital and must contains minimum 3 characters :
Wrong Input : Fist letter Should be capital and must contains minimum 3 characters :
Wrong Input : Fist letter Should be capital and must contains minimum 3 characters :
Wrong Input : Fist letter Should be capital and must contains minimum 3 characters :
Wrong Input : Fist letter Should be capital and must contains minimum 3 characters :
Wrong Input : Fist letter Should be capital and must contains minimum 3 characters :
Wrong Input : Fist letter Should be capital and must contains minimum 3 characters :
Wrong Input : Fist letter Should be capital and must contains minimum 3 characters :
Wrong Input : Fist letter Should be capital and must contains minimum 3 characters :
Wrong Input : Fist letter Should be capital and must contains minimum 3 characters :
Wrong Input : Fist letter Should be capital and must contains minimum 3 characters :
Wrong Input : Fist letter Should be capital and must contains minimum 3 characters :
Wrong Input : Fist letter Should be capital and must contains minimum 3 characters :
Wrong Input : Fist letter Should be capital and must contains minimum 3 characters :
Wrong Input : Fist letter Should be capital and must contains minimum 3 characters :
Wrong Input : Fist letter Should be capital and must contains minimum 3 characters :
Wrong Input : Fist letter Should be capital and must contains minimum 3 characters :
Wrong Input : Fist letter Should be capital and must contains minimum 3 characters :
Wrong Input : Fist letter Should be capital and must contains minimum 3 characters :
Wrong Input : Fist letter Should be capital and must contains minimum 3 characters :
Wrong Input : Fist letter Should be capital and must contains minimum 3 characters :
Wrong Input : Fist letter Should be capital and must contains minimum 3 characters :
Wrong Input : Fist letter Should be capital and must contains minimum 3 characters :
Wrong Input : Fist letter Should be capital and must contains minimum 3 characters :
Wrong Input : Fist letter Should be capital and must contains minimum 3 characters :
Wrong Input : Fist letter Should be capital and must contains minimum 3 characters :
Wrong Input : Fist letter Should be capital and must contains minimum 3 characters :
Wrong Input : Fist letter Should be capital and must contains minimum 3 characters :
Wrong Input : Fist letter Should be capital and must contains minimum 3 characters :
Wrong Input : Fist letter Should be capital and must contains minimum 3 characters :
Wrong Input : Fist letter Should be capital and must contains minimum 3 characters :
Wrong Input : Fist letter Should be capital and must contains minimum 3 characters :
Wrong Input : Fist letter Should be capital and must contains minimum 3 characters :
Wrong Input : Fist letter Should be capital and must contains minimum 3 characters :
Wrong Input : Fist letter Should be capital and must contains minimum 3 characters :
Wrong Input : Fist letter Should be capital and must contains minimum 3 characters :
Wrong Input : Fist letter Should be capital and must contains minimum 3 characters :
Wrong Input : Fist letter Should be capital and must contains minimum 3 characters :
Wrong Input : Fist letter Should be capital and must contains minimum 3 characters :
Wrong Input : Fist letter Should be capital and must contains minimum 3 characters :
Wrong Input : Fist letter Should be capital and must contains minimum 3 characters :
Wrong Input : Fist letter Should be capital and must contains minimum 3 characters :
Wrong Input : Fist letter Should be capital and must contains minimum 3 characters :
Wrong Input : Fist letter Should be capital and must contains minimum 3 characters :
Wrong Input : Fist letter Should be capital and must contains minimum 3 characters :
Wrong Input : Fist letter Should be capital and must contains minimum 3 characters :
Wrong Input : Fist letter Should be capital and must contains minimum 3 characters :
Wrong Input : Fist letter Should be capital and must contains minimum 3 characters :
Wrong Input : Fist letter Should be capital and must contains minimum 3 characters :
Wrong Input : Fist letter Should be capital and must contains minimum 3 characters :
Wrong Input : Fist letter Should be capital and must contains minimum 3 characters :
Wrong Input : Fist letter Should be capital and must contains minimum 3 characters :
Wrong Input : Fist letter Should be capital and must contains minimum 3 characters :
Wrong Input : Fist letter Should be capital and must contains minimum 3 characters :
Wrong Input : Fist letter Should be capital and must contains minimum 3 characters :
Wrong Input : Fist letter Should be capital and must contains minimum 3 characters :
Wrong Input : Fist letter Should be capital and must contains minimum 3 characters :
Wrong Input : Fist letter Should be capital and must contains minimum 3 characters :
Wrong Input : Fist letter Should be capital and must contains minimum 3 characters :
Wrong Input : Fist letter Should be capital and must contains minimum 3 characters :
Wrong Input : Fist letter Should be capital and must contains minimum 3 characters :
Wrong Input : Fist letter Should be capital and must contains minimum 3 characters :
Wrong Input : Fist letter Should be capital and must contains minimum 3 characters :
Wrong Input : Fist letter Should be capital and must contains minimum 3 characters :
Wrong Input : Fist letter Should be capital and must contains minimum 3 characters :
Wrong Input : Fist letter Should be capital and must contains minimum 3 characters :
Wrong Input : Fist letter Should be capital and must contains minimum 3 characters :
Wrong Input : Fist letter Should be capital and must contains minimum 3 characters :
Wrong Input : Fist letter Should be capital and must contains minimum 3 characters :
Wrong Input : Fist letter Should be capital and must contains minimum 3 characters :
Wrong Input : Fist letter Should be capital and must contains minimum 3 characters :
Wrong Input : Fist letter Should be capital and must contains minimum 3 characters :
Wrong Input : Fist letter Should be capital and must contains minimum 3 characters :
Wrong Input : Fist letter Should be capital and must contains minimum 3 characters :
Wrong Input : Fist letter Should be capital and must contains minimum 3 characters :
Wrong Input : Fist letter Should be capital and must contains minimum 3 characters :
Wrong Input : Fist letter Should be capital and must contains minimum 3 characters :
Wrong Input : Fist letter Should be capital and must contains minimum 3 characters :
Wrong Input : Fist letter Should be capital and must contains minimum 3 characters :
Wrong Input : Fist letter Should be capital and must contains minimum 3 characters :
Wrong Input : Fist letter Should be capital and must contains minimum 3 characters :
Wrong Input : Fist letter Should be capital and must contains minimum 3 characters :
Wrong Input : Fist letter Should be capital and must contains minimum 3 characters :
Wrong Input : Fist letter Should be capital and must contains minimum 3 characters :
Wrong Input : Fist letter Should be capital and must contains minimum 3 characters :
Wrong Input : Fist letter Should be capital and must contains minimum 3 characters :
Wrong Input : Fist letter Should be capital and must contains minimum 3 characters :
Wrong Input : Fist letter Should be capital and must contains minimum 3 characters :
Wrong Input : Fist letter Should be capital and must contains minimum 3 characters :
Wrong Input : Fist letter Should be capital and must contains minimum 3 characters :
Wrong Input : Fist letter Should be capital and must contains minimum 3 characters :
Wrong Input : Fist letter Should be capital and must contains minimum 3 characters :
Wrong Input : Fist letter Should be capital and must contains minimum 3 characters :
Wrong Input : Fist letter Should be capital and must contains minimum 3 characters :
Wrong Input : Fist letter Should be capital and must contains minimum 3 characters :
Wrong Input : Fist letter Should be capital and must contains minimum 3 characters :
Wrong Input : Fist letter Should be capital and must contains minimum 3 characters :
Wrong Input : Fist letter Should be capital and must contains minimum 3 characters :
Wrong Input : Fist letter Should be capital and must contains minimum 3 characters :
Wrong Input : Fist letter Should be capital and must contains minimum 3 characters :
Wrong Input : Fist letter Should be capital and must contains minimum 3 characters :
Wrong Input : Fist letter Should be capital and must contains minimum 3 characters :
Wrong Input : Fist letter Should be capital and must contains minimum 3 characters :
Wrong Input : Fist letter Should be capital and must contains minimum 3 characters :
Wrong Input : Fist letter Should be capital and must contains minimum 3 characters :
Wrong Input : Fist letter Should be capital and must contains minimum 3 characters :
Wrong Input : Fist letter Should be capital and must contains minimum 3 characters :
Wrong Input : Fist letter Should be capital and must contains minimum 3 characters :
Wrong Input : Fist letter Should be capital and must contains minimum 3 characters :
Wrong Input : Fist letter Should be capital and must contains minimum 3 characters :
Wrong Input : Fist letter Should be capital and must contains minimum 3 characters :
Wrong Input : Fist letter Should be capital and must contains minimum 3 characters :
Wrong Input : Fist letter Should be capital and must contains minimum 3 characters :
Wrong Input : Fist letter Should be capital and must contains minimum 3 characters :
Wrong Input : Fist letter Should be capital and must contains minimum 3 characters :
Wrong Input : Fist letter Should be capital and must contains minimum 3 characters :
Wrong Input : Fist letter Should be capital and must contains minimum 3 characters :
Wrong Input : Fist letter Should be capital and must contains minimum 3 characters :
Wrong Input : Fist letter Should be capital and must contains minimum 3 characters :
Wrong Input : Fist letter Should be capital and must contains minimum 3 characters :
Wrong Input : Fist letter Should be capital and must contains minimum 3 characters :
Wrong Input : Fist letter Should be capital and must contains minimum 3 characters :
Wrong Input : Fist letter Should be capital and must contains minimum 3 characters :
Wrong Input : Fist letter Should be capital and must contains minimum 3 characters :
Wrong Input : Fist letter Should be capital and must contains minimum 3 characters :
Wrong Input : Fist letter Should be capital and must contains minimum 3 characters :
Wrong Input : Fist letter Should be capital and must contains minimum 3 characters :
Wrong Input : Fist letter Should be capital and must contains minimum 3 characters :
Wrong Input : Fist letter Should be capital and must contains minimum 3 characters :
Wrong Input : Fist letter Should be capital and must contains minimum 3 characters :
Wrong Input : Fist letter Should be capital and must contains minimum 3 characters :
Wrong Input : Fist letter Should be capital and must contains minimum 3 characters :
Wrong Input : Fist letter Should be capital and must contains minimum 3 characters :
Wrong Input : Fist letter Should be capital and must contains minimum 3 characters :
Wrong Input : Fist letter Should be capital and must contains minimum 3 characters :
Wrong Input : Fist letter Should be capital and must contains minimum 3 characters :
Wrong Input : Fist letter Should be capital and must contains minimum 3 characters :
Wrong Input : Fist letter Should be capital and must contains minimum 3 characters :
Wrong Input : Fist letter Should be capital and must contains minimum 3 characters :
Wrong Input : Fist letter Should be capital and must contains minimum 3 characters :
Wrong Input : Fist letter Should be capital and must contains minimum 3 characters :
Wrong Input : Fist letter Should be capital and must contains minimum 3 characters :
Wrong Input : Fist letter Should be capital and must contains minimum 3 characters :
Wrong Input : Fist letter Should be capital and must contains minimum 3 characters :
Wrong Input : Fist letter Should be capital and must contains minimum 3 characters :
Wrong Input : Fist letter Should be capital and must contains minimum 3 characters :
Wrong Input : Fist letter Should be capital and must contains minimum 3 characters :
Wrong Input : Fist letter Should be capital and must contains minimum 3 characters :
Wrong Input : Fist letter Should be capital and must contains minimum 3 characters :
Wrong Input : Fist letter Should be capital and must contains minimum 3 characters :
Wrong Input : Fist letter Should be capital and must contains minimum 3 characters :
Wrong Input : Fist letter Should be capital and must contains minimum 3 characters :
Wrong Input : Fist letter Should be capital and must contains minimum 3 characters :
Wrong Input : Fist letter Should be capital and must contains minimum 3 characters :
Wrong Input : Fist letter Should be capital and must contains minimum 3 characters :
Wrong Input : Fist letter Should be capital and must contains minimum 3 characters :
Wrong Input : Fist letter Should be capital and must contains minimum 3 characters :
Wrong Input : Fist letter Should be capital and must contains minimum 3 characters :
Wrong Input : Fist letter Should be capital and must contains minimum 3 characters :
Wrong Input : Fist letter Should be capital and must contains minimum 3 characters :
Wrong Input : Fist letter Should be capital and must contains minimum 3 characters :
Wrong Input : Fist letter Should be capital and must contains minimum 3 characters :
Wrong Input : Fist letter Should be capital and must contains minimum 3 characters :
Wrong Input : Fist letter Should be capital and must contains minimum 3 characters :
Wrong Input : Fist letter Should be capital and must contains minimum 3 characters :
Wrong Input : Fist letter Should be capital and must contains minimum 3 characters :
Wrong Input : Fist letter Should be capital and must contains minimum 3 characters :
Wrong Input : Fist letter Should be capital and must contains minimum 3 characters :
Wrong Input : Fist letter Should be capital and must contains minimum 3 characters :
Wrong Input : Fist letter Should be capital and must contains minimum 3 characters :
Wrong Input : Fist letter Should be capital and must contains minimum 3 characters :
Wrong Input : Fist letter Should be capital and must contains minimum 3 characters :
Wrong Input : Fist letter Should be capital and must contains minimum 3 characters :
Wrong Input : Fist letter Should be capital and must contains minimum 3 characters :
Wrong Input : Fist letter Should be capital and must contains minimum 3 characters :
Wrong Input : Fist letter Should be capital and must contains minimum 3 characters :
Wrong Input : Fist letter Should be capital and must contains minimum 3 characters :
Wrong Input : Fist letter Should be capital and must contains minimum 3 characters :
Wrong Input : Fist letter Should be capital and must contains minimum 3 characters :
Wrong Input : Fist letter Should be capital and must contains minimum 3 characters :
Wrong Input : Fist letter Should be capital and must contains minimum 3 characters :
Wrong Input : Fist letter Should be capital and must contains minimum 3 characters :
Wrong Input : Fist letter Should be capital and must contains minimum 3 characters :
Wrong Input : Fist letter Should be capital and must contains minimum 3 characters :
Wrong Input : Fist letter Should be capital and must contains minimum 3 characters :
Wrong Input : Fist letter Should be capital and must contains minimum 3 characters :
Wrong Input : Fist letter Should be capital and must contains minimum 3 characters :
Wrong Input : Fist letter Should be capital and must contains minimum 3 characters :
Wrong Input : Fist letter Should be capital and must contains minimum 3 characters :
Wrong Input : Fist letter Should be capital and must contains minimum 3 characters :
Wrong Input : Fist letter Should be capital and must contains minimum 3 characters :
Wrong Input : Fist letter Should be capital and must contains minimum 3 characters :
Wrong Input : Fist letter Should be capital and must contains minimum 3 characters :
Wrong Input : Fist letter Should be capital and must contains minimum 3 characters :
Wrong Input : Fist letter Should be capital and must contains minimum 3 characters :
Wrong Input : Fist letter Should be capital and must contains minimum 3 characters :
Wrong Input : Fist letter Should be capital and must contains minimum 3 characters :
Wrong Input : Fist letter Should be capital and must contains minimum 3 characters :
Wrong Input : Fist letter Should be capital and must contains minimum 3 characters :
Wrong Input : Fist letter Should be capital and must contains minimum 3 characters :
Wrong Input : Fist letter Should be capital and must contains minimum 3 characters :
Wrong Input : Fist letter Should be capital and must contains minimum 3 characters :
Wrong Input : Fist letter Should be capital and must contains minimum 3 characters :
Wrong Input : Fist letter Should be capital and must contains minimum 3 characters :
Wrong Input : Fist letter Should be capital and must contains minimum 3 characters :
Wrong Input : Fist letter Should be capital and must contains minimum 3 characters :
Wrong Input : Fist letter Should be capital and must contains minimum 3 characters :
Wrong Input : Fist letter Should be capital and must contains minimum 3 characters :
Wrong Input : Fist letter Should be capital and must contains minimum 3 characters :
Wrong Input : Fist letter Should be capital and must contains minimum 3 characters :
Wrong Input : Fist letter Should be capital and must contains minimum 3 characters :
Wrong Input : Fist letter Should be capital and must contains minimum 3 characters :
Wrong Input : Fist letter Should be capital and must contains minimum 3 characters :
Wrong Input : Fist letter Should be capital and must contains minimum 3 characters :
Wrong Input : Fist letter Should be capital and must contains minimum 3 characters :
Wrong Input : Fist letter Should be capital and must contains minimum 3 characters :
Wrong Input : Fist letter Should be capital and must contains minimum 3 characters :
Wrong Input : Fist letter Should be capital and must contains minimum 3 characters :
Wrong Input : Fist letter Should be capital and must contains minimum 3 characters :
Wrong Input : Fist letter Should be capital and must contains minimum 3 characters :
Wrong Input : Fist letter Should be capital and must contains minimum 3 characters :
Wrong Input : Fist letter Should be capital and must contains minimum 3 characters :
Wrong Input : Fist letter Should be capital and must contains minimum 3 characters :
Wrong Input : Fist letter Should be capital and must contains minimum 3 characters :
Wrong Input : Fist letter Should be capital and must contains minimum 3 characters :
Wrong Input : Fist letter Should be capital and must contains minimum 3 characters :
Wrong Input : Fist letter Should be capital and must contains minimum 3 characters :
Wrong Input : Fist letter Should be capital and must contains minimum 3 characters :
Wrong Input : Fist letter Should be capital and must contains minimum 3 characters :
Wrong Input : Fist letter Should be capital and must contains minimum 3 characters :
Wrong Input : Fist letter Should be capital and must contains minimum 3 characters :
Wrong Input : Fist letter Should be capital and must contains minimum 3 characters :
Wrong Input : Fist letter Should be capital and must contains minimum 3 characters :
Wrong Input : Fist letter Should be capital and must contains minimum 3 characters :
Wrong Input : Fist letter Should be capital and must contains minimum 3 characters :
Wrong Input : Fist letter Should be capital and must contains minimum 3 characters :
Wrong Input : Fist letter Should be capital and must contains minimum 3 characters :
Wrong Input : Fist letter Should be capital and must contains minimum 3 characters :
Wrong Input : Fist letter Should be capital and must contains minimum 3 characters :
Wrong Input : Fist letter Should be capital and must contains minimum 3 characters :
Wrong Input : Fist letter Should be capital and must contains minimum 3 characters :
Wrong Input : Fist letter Should be capital and must contains minimum 3 characters :
Wrong Input : Fist letter Should be capital and must contains minimum 3 characters :
Wrong Input : Fist letter Should be capital and must contains minimum 3 characters :
Wrong Input : Fist letter Should be capital and must contains minimum 3 characters :
Wrong Input : Fist letter Should be capital and must contains minimum 3 characters :
Wrong Input : Fist letter Should be capital and must contains minimum 3 characters :
Wrong Input : Fist letter Should be capital and must contains minimum 3 characters :
Wrong Input : Fist letter Should be capital and must contains minimum 3 characters :
Wrong Input : Fist letter Should be capital and must contains minimum 3 characters :
Wrong Input : Fist letter Should be capital and must contains minimum 3 characters :
Wrong Input : Fist letter Should be capital and must contains minimum 3 characters :
Wrong Input : Fist letter Should be capital and must contains minimum 3 characters :
Wrong Input : Fist letter Should be capital and must contains minimum 3 characters :
Wrong Input : Fist letter Should be capital and must contains minimum 3 characters :
Wrong Input : Fist letter Should be capital and must contains minimum 3 characters :
Wrong Input : Fist letter Should be capital and must contains minimum 3 characters :
Wrong Input : Fist letter Should be capital and must contains minimum 3 characters :
Wrong Input : Fist letter Should be capital and must contains minimum 3 characters :
Wrong Input : Fist letter Should be capital and must contains minimum 3 characters :
Wrong Input : Fist letter Should be capital and must contains minimum 3 characters :
Wrong Input : Fist letter Should be capital and must contains minimum 3 characters :
Wrong Input : Fist letter Should be capital and must contains minimum 3 characters :
Wrong Input : Fist letter Should be capital and must contains minimum 3 characters :
Wrong Input : Fist letter Should be capital and must contains minimum 3 characters :
Wrong Input : Fist letter Should be capital and must contains minimum 3 characters :
Wrong Input : Fist letter Should be capital and must contains minimum 3 characters :
Wrong Input : Fist letter Should be capital and must contains minimum 3 characters :
Wrong Input : Fist letter Should be capital and must contains minimum 3 characters :
Wrong Input : Fist letter Should be capital and must contains minimum 3 characters :
Wrong Input : Fist letter Should be capital and must contains minimum 3 characters :
Wrong Input : Fist letter Should be capital and must contains minimum 3 characters :
Wrong Input : Fist letter Should be capital and must contains minimum 3 characters :
Wrong Input : Fist letter Should be capital and must contains minimum 3 characters :
Wrong Input : Fist letter Should be capital and must contains minimum 3 characters :
Wrong Input : Fist letter Should be capital and must contains minimum 3 characters :
Wrong Input : Fist letter Should be capital and must contains minimum 3 characters :
Wrong Input : Fist letter Should be capital and must contains minimum 3 characters :
Wrong Input : Fist letter Should be capital and must contains minimum 3 characters :
Wrong Input : Fist letter Should be capital and must contains minimum 3 characters :
Wrong Input : Fist letter Should be capital and must contains minimum 3 characters :
Wrong Input : Fist letter Should be capital and must contains minimum 3 characters :
Wrong Input : Fist letter Should be capital and must contains minimum 3 characters :
Wrong Input : Fist letter Should be capital and must contains minimum 3 characters :
Wrong Input : Fist letter Should be capital and must contains minimum 3 characters :
Wrong Input : Fist letter Should be capital and must contains minimum 3 characters :
Wrong Input : Fist letter Should be capital and must contains minimum 3 characters :
Wrong Input : Fist letter Should be capital and must contains minimum 3 characters :
Wrong Input : Fist letter Should be capital and must contains minimum 3 characters :
Wrong Input : Fist letter Should be capital and must contains minimum 3 characters :
Wrong Input : Fist letter Should be capital and must contains minimum 3 characters :
Wrong Input : Fist letter Should be capital and must contains minimum 3 characters :
Wrong Input : Fist letter Should be capital and must contains minimum 3 characters :
Wrong Input : Fist letter Should be capital and must contains minimum 3 characters :
Wrong Input : Fist letter Should be capital and must contains minimum 3 characters :
Wrong Input : Fist letter Should be capital and must contains minimum 3 characters :
Wrong Input : Fist letter Should be capital and must contains minimum 3 characters :
Wrong Input : Fist letter Should be capital and must contains minimum 3 characters :
Wrong Input : Fist letter Should be capital and must contains minimum 3 characters :
Wrong Input : Fist letter Should be capital and must contains minimum 3 characters :
Wrong Input : Fist letter Should be capital and must contains minimum 3 characters :
Wrong Input : Fist letter Should be capital and must contains minimum 3 characters :
Wrong Input : Fist letter Should be capital and must contains minimum 3 characters :
Wrong Input : Fist letter Should be capital and must contains minimum 3 characters :
Wrong Input : Fist letter Should be capital and must contains minimum 3 characters :
Wrong Input : Fist letter Should be capital and must contains minimum 3 characters :
Wrong Input : Fist letter Should be capital and must contains minimum 3 characters :
Wrong Input : Fist letter Should be capital and must contains minimum 3 characters :
Wrong Input : Fist letter Should be capital and must contains minimum 3 characters :
Wrong Input : Fist letter Should be capital and must contains minimum 3 characters :
Wrong Input : Fist letter Should be capital and must contains minimum 3 characters :
Wrong Input : Fist letter Should be capital and must contains minimum 3 characters :
Wrong Input : Fist letter Should be capital and must contains minimum 3 characters :
Wrong Input : Fist letter Should be capital and must contains minimum 3 characters :
Wrong Input : Fist letter Should be capital and must contains minimum 3 characters :
Wrong Input : Fist letter Should be capital and must contains minimum 3 characters :
Wrong Input : Fist letter Should be capital and must contains minimum 3 characters :
Wrong Input : Fist letter Should be capital and must contains minimum 3 characters :
Wrong Input : Fist letter Should be capital and must contains minimum 3 characters :
Wrong Input : Fist letter Should be capital and must contains minimum 3 characters :
Wrong Input : Fist letter Should be capital and must contains minimum 3 characters :
Wrong Input : Fist letter Should be capital and must contains minimum 3 characters :
Wrong Input : Fist letter Should be capital and must contains minimum 3 characters :
Wrong Input : Fist letter Should be capital and must contains minimum 3 characters :
Wrong Input : Fist letter Should be capital and must contains minimum 3 characters :
Wrong Input : Fist letter Should be capital and must contains minimum 3 characters :
Wrong Input : Fist letter Should be capital and must contains minimum 3 characters :
Wrong Input : Fist letter Should be capital and must contains minimum 3 characters :
Wrong Input : Fist letter Should be capital and must contains minimum 3 characters :
Wrong Input : Fist letter Should be capital and must contains minimum 3 characters :
Wrong Input : Fist letter Should be capital and must contains minimum 3 characters :
Wrong Input : Fist letter Should be capital and must contains minimum 3 characters :
Wrong Input : Fist letter Should be capital and must contains minimum 3 characters :
Wrong Input : Fist letter Should be capital and must contains minimum 3 characters :
Wrong Input : Fist letter Should be capital and must contains minimum 3 characters :
Wrong Input : Fist letter Should be capital and must contains minimum 3 characters :
Wrong Input : Fist letter Should be capital and must contains minimum 3 characters :
Wrong Input : Fist letter Should be capital and must contains minimum 3 characters :
Wrong Input : Fist letter Should be capital and must contains minimum 3 characters :
Wrong Input : Fist letter Should be capital and must contains minimum 3 characters :
Wrong Input : Fist letter Should be capital and must contains minimum 3 characters :
Wrong Input : Fist letter Should be capital and must contains minimum 3 characters :
Wrong Input : Fist letter Should be capital and must contains minimum 3 characters :
Wrong Input : Fist letter Should be capital and must contains minimum 3 characters :
Wrong Input : Fist letter Should be capital and must contains minimum 3 characters :
Wrong Input : Fist letter Should be capital and must contains minimum 3 characters :
Wrong Input : Fist letter Should be capital and must contains minimum 3 characters :
Wrong Input : Fist letter Should be capital and must contains minimum 3 characters :
Wrong Input : Fist letter Should be capital and must contains minimum 3 characters :
Wrong Input : Fist letter Should be capital and must contains minimum 3 characters :
Wrong Input : Fist letter Should be capital and must contains minimum 3 characters :
Wrong Input : Fist letter Should be capital and must contains minimum 3 characters :
Wrong Input : Fist letter Should be capital and must contains minimum 3 characters :
Wrong Input : Fist letter Should be capital and must contains minimum 3 characters :
Wrong Input : Fist letter Should be capital and must contains minimum 3 characters :
Wrong Input : Fist letter Should be capital and must contains minimum 3 characters :
Wrong Input : Fist letter Should be capital and must contains minimum 3 characters :
Wrong Input : Fist letter Should be capital and must contains minimum 3 characters :
Wrong Input : Fist letter Should be capital and must contains minimum 3 characters :
Wrong Input : Fist letter Should be capital and must contains minimum 3 characters :
Wrong Input : Fist letter Should be capital and must contains minimum 3 characters :
Wrong Input : Fist letter Should be capital and must contains minimum 3 characters :
Wrong Input : Fist letter Should be capital and must contains minimum 3 characters :
Wrong Input : Fist letter Should be capital and must contains minimum 3 characters :
Wrong Input : Fist letter Should be capital and must contains minimum 3 characters :
Wrong Input : Fist letter Should be capital and must contains minimum 3 characters :
Wrong Input : Fist letter Should be capital and must contains minimum 3 characters :
Wrong Input : Fist letter Should be capital and must contains minimum 3 characters :
Wrong Input : Fist letter Should be capital and must contains minimum 3 characters :
Wrong Input : Fist letter Should be capital and must contains minimum 3 characters :
Wrong Input : Fist letter Should be capital and must contains minimum 3 characters :
Wrong Input : Fist letter Should be capital and must contains minimum 3 characters :
Wrong Input : Fist letter Should be capital and must contains minimum 3 characters :
Wrong Input : Fist letter Should be capital and must contains minimum 3 characters :
Wrong Input : Fist letter Should be capital and must contains minimum 3 characters :
Wrong Input : Fist letter Should be capital and must contains minimum 3 characters :
Wrong Input : Fist letter Should be capital and must contains minimum 3 characters :
Wrong Input : Fist letter Should be capital and must contains minimum 3 characters :
Wrong Input : Fist letter Should be capital and must contains minimum 3 characters :
Wrong Input : Fist letter Should be capital and must contains minimum 3 characters :
Wrong Input : Fist letter Should be capital and must contains minimum 3 characters :
Wrong Input : Fist letter Should be capital and must contains minimum 3 characters :
Wrong Input : Fist letter Should be capital and must contains minimum 3 characters :
Wrong Input : Fist letter Should be capital and must contains minimum 3 characters :
Wrong Input : Fist letter Should be capital and must contains minimum 3 characters :
Wrong Input : Fist letter Should be capital and must contains minimum 3 characters :
Wrong Input : Fist letter Should be capital and must contains minimum 3 characters :
Wrong Input : Fist letter Should be capital and must contains minimum 3 characters :
Wrong Input : Fist letter Should be capital and must contains minimum 3 characters :
Wrong Input : Fist letter Should be capital and must contains minimum 3 characters :
Wrong Input : Fist letter Should be capital and must contains minimum 3 characters :
Wrong Input : Fist letter Should be capital and must contains minimum 3 characters :
Wrong Input : Fist letter Should be capital and must contains minimum 3 characters :
Wrong Input : Fist letter Should be capital and must contains minimum 3 characters :
Wrong Input : Fist letter Should be capital and must contains minimum 3 characters :
Wrong Input : Fist letter Should be capital and must contains minimum 3 characters :
Wrong Input : Fist letter Should be capital and must contains minimum 3 characters :
Wrong Input : Fist letter Should be capital and must contains minimum 3 characters :
Wrong Input : Fist letter Should be capital and must contains minimum 3 characters :
Wrong Input : Fist letter Should be capital and must contains minimum 3 characters :
Wrong Input : Fist letter Should be capital and must contains minimum 3 characters :
Wrong Input : Fist letter Should be capital and must contains minimum 3 characters :
Wrong Input : Fist letter Should be capital and must contains minimum 3 characters :
Wrong Input : Fist letter Should be capital and must contains minimum 3 characters :
Wrong Input : Fist letter Should be capital and must contains minimum 3 characters :
Wrong Input : Fist letter Should be capital and must contains minimum 3 characters :
Wrong Input : Fist letter Should be capital and must contains minimum 3 characters :
Wrong Input : Fist letter Should be capital and must contains minimum 3 characters :
Wrong Input : Fist letter Should be capital and must contains minimum 3 characters :
Wrong Input : Fist letter Should be capital and must contains minimum 3 characters :
Wrong Input : Fist letter Should be capital and must contains minimum 3 characters :
Wrong Input : Fist letter Should be capital and must contains minimum 3 characters :
Wrong Input : Fist letter Should be capital and must contains minimum 3 characters :
Wrong Input : Fist letter Should be capital and must contains minimum 3 characters :
Wrong Input : Fist letter Should be capital and must contains minimum 3 characters :
Wrong Input : Fist letter Should be capital and must contains minimum 3 characters :
Wrong Input : Fist letter Should be capital and must contains minimum 3 characters :
Wrong Input : Fist letter Should be capital and must contains minimum 3 characters :
Wrong Input : Fist letter Should be capital and must contains minimum 3 characters :
Wrong Input : Fist letter Should be capital and must contains minimum 3 characters :
Wrong Input : Fist letter Should be capital and must contains minimum 3 characters :
Wrong Input : Fist letter Should be capital and must contains minimum 3 characters :
Wrong Input : Fist letter Should be capital and must contains minimum 3 characters :
Wrong Input : Fist letter Should be capital and must contains minimum 3 characters :
Wrong Input : Fist letter Should be capital and must contains minimum 3 characters :
Wrong Input : Fist letter Should be capital and must contains minimum 3 characters :
Wrong Input : Fist letter Should be capital and must contains minimum 3 characters :
Wrong Input : Fist letter Should be capital and must contains minimum 3 characters :
Wrong Input : Fist letter Should be capital and must contains minimum 3 characters :
Wrong Input : Fist letter Should be capital and must contains minimum 3 characters :
Wrong Input : Fist letter Should be capital and must contains minimum 3 characters :
Wrong Input : Fist letter Should be capital and must contains minimum 3 characters :
Wrong Input : Fist letter Should be capital and must contains minimum 3 characters :
Wrong Input : Fist letter Should be capital and must contains minimum 3 characters :
Wrong Input : Fist letter Should be capital and must contains minimum 3 characters :
Wrong Input : Fist letter Should be capital and must contains minimum 3 characters :
Wrong Input : Fist letter Should be capital and must contains minimum 3 characters :
Wrong Input : Fist letter Should be capital and must contains minimum 3 characters :
Wrong Input : Fist letter Should be capital and must contains minimum 3 characters :
Wrong Input : Fist letter Should be capital and must contains minimum 3 characters :
Wrong Input : Fist letter Should be capital and must contains minimum 3 characters :
Wrong Input : Fist letter Should be capital and must contains minimum 3 characters :
Wrong Input : Fist letter Should be capital and must contains minimum 3 characters :
Wrong Input : Fist letter Should be capital and must contains minimum 3 characters :
Wrong Input : Fist letter Should be capital and must contains minimum 3 characters :
Wrong Input : Fist letter Should be capital and must contains minimum 3 characters :
Wrong Input : Fist letter Should be capital and must contains minimum 3 characters :
Wrong Input : Fist letter Should be capital and must contains minimum 3 characters :
Wrong Input : Fist letter Should be capital and must contains minimum 3 characters :
Wrong Input : Fist letter Should be capital and must contains minimum 3 characters :
Wrong Input : Fist letter Should be capital and must contains minimum 3 characters :
Wrong Input : Fist letter Should be capital and must contains minimum 3 characters :
Wrong Input : Fist letter Should be capital and must contains minimum 3 characters :
Wrong Input : Fist letter Should be capital and must contains minimum 3 characters :
Wrong Input : Fist letter Should be capital and must contains minimum 3 characters :
Wrong Input : Fist letter Should be capital and must contains minimum 3 characters :
Wrong Input : Fist letter Should be capital and must contains minimum 3 characters :
Wrong Input : Fist letter Should be capital and must contains minimum 3 characters :
Wrong Input : Fist letter Should be capital and must contains minimum 3 characters :
Wrong Input : Fist letter Should be capital and must contains minimum 3 characters :
Wrong Input : Fist letter Should be capital and must contains minimum 3 characters :
Wrong Input : Fist letter Should be capital and must contains minimum 3 characters :
Wrong Input : Fist letter Should be capital and must contains minimum 3 characters :
Wrong Input : Fist letter Should be capital and must contains minimum 3 characters :
Wrong Input : Fist letter Should be capital and must contains minimum 3 characters :
Wrong Input : Fist letter Should be capital and must contains minimum 3 characters :
Wrong Input : Fist letter Should be capital and must contains minimum 3 characters :
Wrong Input : Fist letter Should be capital and must contains minimum 3 characters :
Wrong Input : Fist letter Should be capital and must contains minimum 3 characters :
Wrong Input : Fist letter Should be capital and must contains minimum 3 characters :
Wrong Input : Fist letter Should be capital and must contains minimum 3 characters :
Wrong Input : Fist letter Should be capital and must contains minimum 3 characters :
Wrong Input : Fist letter Should be capital and must contains minimum 3 characters :
Wrong Input : Fist letter Should be capital and must contains minimum 3 characters :
Wrong Input : Fist letter Should be capital and must contains minimum 3 characters :
Wrong Input : Fist letter Should be capital and must contains minimum 3 characters :
Wrong Input : Fist letter Should be capital and must contains minimum 3 characters :
Wrong Input : Fist letter Should be capital and must contains minimum 3 characters :
Wrong Input : Fist letter Should be capital and must contains minimum 3 characters :
Wrong Input : Fist letter Should be capital and must contains minimum 3 characters :
Wrong Input : Fist letter Should be capital and must contains minimum 3 characters :
Wrong Input : Fist letter Should be capital and must contains minimum 3 characters :
Wrong Input : Fist letter Should be capital and must contains minimum 3 characters :
Wrong Input : Fist letter Should be capital and must contains minimum 3 characters :
Wrong Input : Fist letter Should be capital and must contains minimum 3 characters :
Wrong Input : Fist letter Should be capital and must contains minimum 3 characters :
Wrong Input : Fist letter Should be capital and must contains minimum 3 characters :
Wrong Input : Fist letter Should be capital and must contains minimum 3 characters :
Wrong Input : Fist letter Should be capital and must contains minimum 3 characters :
Wrong Input : Fist letter Should be capital and must contains minimum 3 characters :
Wrong Input : Fist letter Should be capital and must contains minimum 3 characters :
Wrong Input : Fist letter Should be capital and must contains minimum 3 characters :
Wrong Input : Fist letter Should be capital and must contains minimum 3 characters :
Wrong Input : Fist letter Should be capital and must contains minimum 3 characters :
Wrong Input : Fist letter Should be capital and must contains minimum 3 characters :
Wrong Input : Fist letter Should be capital and must contains minimum 3 characters :
Wrong Input : Fist letter Should be capital and must contains minimum 3 characters :
Wrong Input : Fist letter Should be capital and must contains minimum 3 characters :
Wrong Input : Fist letter Should be capital and must contains minimum 3 characters :
Wrong Input : Fist letter Should be capital and must contains minimum 3 characters :
Wrong Input : Fist letter Should be capital and must contains minimum 3 characters :
Wrong Input : Fist letter Should be capital and must contains minimum 3 characters :
Wrong Input : Fist letter Should be capital and must contains minimum 3 characters :
Wrong Input : Fist letter Should be capital and must contains minimum 3 characters :
Wrong Input : Fist letter Should be capital and must contains minimum 3 characters :
Wrong Input : Fist letter Should be capital and must contains minimum 3 characters :
Wrong Input : Fist letter Should be capital and must contains minimum 3 characters :
Wrong Input : Fist letter Should be capital and must contains minimum 3 characters :
Wrong Input : Fist letter Should be capital and must contains minimum 3 characters :
Wrong Input : Fist letter Should be capital and must contains minimum 3 characters :
Wrong Input : Fist letter Should be capital and must contains minimum 3 characters :
Wrong Input : Fist letter Should be capital and must contains minimum 3 characters :
Wrong Input : Fist letter Should be capital and must contains minimum 3 characters :
Wrong Input : Fist letter Should be capital and must contains minimum 3 characters :
Wrong Input : Fist letter Should be capital and must contains minimum 3 characters :
Wrong Input : Fist letter Should be capital and must contains minimum 3 characters :
Wrong Input : Fist letter Should be capital and must contains minimum 3 characters :
Wrong Input : Fist letter Should be capital and must contains minimum 3 characters :
Wrong Input : Fist letter Should be capital and must contains minimum 3 characters :
Wrong Input : Fist letter Should be capital and must contains minimum 3 characters :
Wrong Input : Fist letter Should be capital and must contains minimum 3 characters :
Wrong Input : Fist letter Should be capital and must contains minimum 3 characters :
Wrong Input : Fist letter Should be capital and must contains minimum 3 characters :
Wrong Input : Fist letter Should be capital and must contains minimum 3 characters :
Wrong Input : Fist letter Should be capital and must contains minimum 3 characters :
Wrong Input : Fist letter Should be capital and must contains minimum 3 characters :
Wrong Input : Fist letter Should be capital and must contains minimum 3 characters :
Wrong Input : Fist letter Should be capital and must contains minimum 3 characters :
Wrong Input : Fist letter Should be capital and must contains minimum 3 characters :
Wrong Input : Fist letter Should be capital and must contains minimum 3 characters :
Wrong Input : Fist letter Should be capital and must contains minimum 3 characters :
Wrong Input : Fist letter Should be capital and must contains minimum 3 characters :
Wrong Input : Fist letter Should be capital and must contains minimum 3 characters :
Wrong Input : Fist letter Should be capital and must contains minimum 3 characters :
Wrong Input : Fist letter Should be capital and must contains minimum 3 characters :
Wrong Input : Fist letter Should be capital and must contains minimum 3 characters :
Wrong Input : Fist letter Should be capital and must contains minimum 3 characters :
Wrong Input : Fist letter Should be capital and must contains minimum 3 characters :
Wrong Input : Fist letter Should be capital and must contains minimum 3 characters :
Wrong Input : Fist letter Should be capital and must contains minimum 3 characters :
Wrong Input : Fist letter Should be capital and must contains minimum 3 characters :
Wrong Input : Fist letter Should be capital and must contains minimum 3 characters :
Wrong Input : Fist letter Should be capital and must contains minimum 3 characters :
Wrong Input : Fist letter Should be capital and must contains minimum 3 characters :
Wrong Input : Fist letter Should be capital and must contains minimum 3 characters :
Wrong Input : Fist letter Should be capital and must contains minimum 3 characters :
Wrong Input : Fist letter Should be capital and must contains minimum 3 characters :
Wrong Input : Fist letter Should be capital and must contains minimum 3 characters :
Wrong Input : Fist letter Should be capital and must contains minimum 3 characters :
Wrong Input : Fist letter Should be capital and must contains minimum 3 characters :
Wrong Input : Fist letter Should be capital and must contains minimum 3 characters :
Wrong Input : Fist letter Should be capital and must contains minimum 3 characters :
Wrong Input : Fist letter Should be capital and must contains minimum 3 characters :
Wrong Input : Fist letter Should be capital and must contains minimum 3 characters :
Wrong Input : Fist letter Should be capital and must contains minimum 3 characters :
Wrong Input : Fist letter Should be capital and must contains minimum 3 characters :
Wrong Input : Fist letter Should be capital and must contains minimum 3 characters :
Wrong Input : Fist letter Should be capital and must contains minimum 3 characters :
Wrong Input : Fist letter Should be capital and must contains minimum 3 characters :
Wrong Input : Fist letter Should be capital and must contains minimum 3 characters :
Wrong Input : Fist letter Should be capital and must contains minimum 3 characters :
Wrong Input : Fist letter Should be capital and must contains minimum 3 characters :
Wrong Input : Fist letter Should be capital and must contains minimum 3 characters :
Wrong Input : Fist letter Should be capital and must contains minimum 3 characters :
Wrong Input : Fist letter Should be capital and must contains minimum 3 characters :
Wrong Input : Fist letter Should be capital and must contains minimum 3 characters :
Wrong Input : Fist letter Should be capital and must contains minimum 3 characters :
Wrong Input : Fist letter Should be capital and must contains minimum 3 characters :
Wrong Input : Fist letter Should be capital and must contains minimum 3 characters :
Wrong Input : Fist letter Should be capital and must contains minimum 3 characters :
Wrong Input : Fist letter Should be capital and must contains minimum 3 characters :
Wrong Input : Fist letter Should be capital and must contains minimum 3 characters :
Wrong Input : Fist letter Should be capital and must contains minimum 3 characters :
Wrong Input : Fist letter Should be capital and must contains minimum 3 characters :
Wrong Input : Fist letter Should be capital and must contains minimum 3 characters :
Wrong Input : Fist letter Should be capital and must contains minimum 3 characters :
Wrong Input : Fist letter Should be capital and must contains minimum 3 characters :
Wrong Input : Fist letter Should be capital and must contains minimum 3 characters :
Wrong Input : Fist letter Should be capital and must contains minimum 3 characters :
Wrong Input : Fist letter Should be capital and must contains minimum 3 characters :
Wrong Input : Fist letter Should be capital and must contains minimum 3 characters :
Wrong Input : Fist letter Should be capital and must contains minimum 3 characters :
Wrong Input : Fist letter Should be capital and must contains minimum 3 characters :
Wrong Input : Fist letter Should be capital and must contains minimum 3 characters :
Wrong Input : Fist letter Should be capital and must contains minimum 3 characters :
Wrong Input : Fist letter Should be capital and must contains minimum 3 characters :
Wrong Input : Fist letter Should be capital and must contains minimum 3 characters :
Wrong Input : Fist letter Should be capital and must contains minimum 3 characters :
Wrong Input : Fist letter Should be capital and must contains minimum 3 characters :
Wrong Input : Fist letter Should be capital and must contains minimum 3 characters :
Wrong Input : Fist letter Should be capital and must contains minimum 3 characters :
Wrong Input : Fist letter Should be capital and must contains minimum 3 characters :
Wrong Input : Fist letter Should be capital and must contains minimum 3 characters :
Wrong Input : Fist letter Should be capital and must contains minimum 3 characters :
Wrong Input : Fist letter Should be capital and must contains minimum 3 characters :
Wrong Input : Fist letter Should be capital and must contains minimum 3 characters :
Wrong Input : Fist letter Should be capital and must contains minimum 3 characters :
Wrong Input : Fist letter Should be capital and must contains minimum 3 characters :
Wrong Input : Fist letter Should be capital and must contains minimum 3 characters :
Wrong Input : Fist letter Should be capital and must contains minimum 3 characters :
Wrong Input : Fist letter Should be capital and must contains minimum 3 characters :
Wrong Input : Fist letter Should be capital and must contains minimum 3 characters :
Wrong Input : Fist letter Should be capital and must contains minimum 3 characters :
Wrong Input : Fist letter Should be capital and must contains minimum 3 characters :
Wrong Input : Fist letter Should be capital and must contains minimum 3 characters :
Wrong Input : Fist letter Should be capital and must contains minimum 3 characters :
Wrong Input : Fist letter Should be capital and must contains minimum 3 characters :
Wrong Input : Fist letter Should be capital and must contains minimum 3 characters :
Wrong Input : Fist letter Should be capital and must contains minimum 3 characters :
Wrong Input : Fist letter Should be capital and must contains minimum 3 characters :
Wrong Input : Fist letter Should be capital and must contains minimum 3 characters :
Wrong Input : Fist letter Should be capital and must contains minimum 3 characters :
Wrong Input : Fist letter Should be capital and must contains minimum 3 characters :
Wrong Input : Fist letter Should be capital and must contains minimum 3 characters :
Wrong Input : Fist letter Should be capital and must contains minimum 3 characters :
Wrong Input : Fist letter Should be capital and must contains minimum 3 characters :
Wrong Input : Fist letter Should be capital and must contains minimum 3 characters :
Wrong Input : Fist letter Should be capital and must contains minimum 3 characters :
Wrong Input : Fist letter Should be capital and must contains minimum 3 characters :
Wrong Input : Fist letter Should be capital and must contains minimum 3 characters :
Wrong Input : Fist letter Should be capital and must contains minimum 3 characters :
Wrong Input : Fist letter Should be capital and must contains minimum 3 characters :
Wrong Input : Fist letter Should be capital and must contains minimum 3 characters :
Wrong Input : Fist letter Should be capital and must contains minimum 3 characters :
Wrong Input : Fist letter Should be capital and must contains minimum 3 characters :
Wrong Input : Fist letter Should be capital and must contains minimum 3 characters :
Wrong Input : Fist letter Should be capital and must contains minimum 3 characters :
Wrong Input : Fist letter Should be capital and must contains minimum 3 characters :
Wrong Input : Fist letter Should be capital and must contains minimum 3 characters :
Wrong Input : Fist letter Should be capital and must contains minimum 3 characters :
Wrong Input : Fist letter Should be capital and must contains minimum 3 characters :
Wrong Input : Fist letter Should be capital and must contains minimum 3 characters :
Wrong Input : Fist letter Should be capital and must contains minimum 3 characters :
Wrong Input : Fist letter Should be capital and must contains minimum 3 characters :
Wrong Input : Fist letter Should be capital and must contains minimum 3 characters :
Wrong Input : Fist letter Should be capital and must contains minimum 3 characters :
Wrong Input : Fist letter Should be capital and must contains minimum 3 characters :
Wrong Input : Fist letter Should be capital and must contains minimum 3 characters :
Wrong Input : Fist letter Should be capital and must contains minimum 3 characters :
Wrong Input : Fist letter Should be capital and must contains minimum 3 characters :
Wrong Input : Fist letter Should be capital and must contains minimum 3 characters :
Wrong Input : Fist letter Should be capital and must contains minimum 3 characters :
Wrong Input : Fist letter Should be capital and must contains minimum 3 characters :
Wrong Input : Fist letter Should be capital and must contains minimum 3 characters :
Wrong Input : Fist letter Should be capital and must contains minimum 3 characters :
Wrong Input : Fist letter Should be capital and must contains minimum 3 characters :
Wrong Input : Fist letter Should be capital and must contains minimum 3 characters :
Wrong Input : Fist letter Should be capital and must contains minimum 3 characters :
Wrong Input : Fist letter Should be capital and must contains minimum 3 characters :
Wrong Input : Fist letter Should be capital and must contains minimum 3 characters :
Wrong Input : Fist letter Should be capital and must contains minimum 3 characters :
Wrong Input : Fist letter Should be capital and must contains minimum 3 characters :
Wrong Input : Fist letter Should be capital and must contains minimum 3 characters :
Wrong Input : Fist letter Should be capital and must contains minimum 3 characters :
Wrong Input : Fist letter Should be capital and must contains minimum 3 characters :
Wrong Input : Fist letter Should be capital and must contains minimum 3 characters :
Wrong Input : Fist letter Should be capital and must contains minimum 3 characters :
Wrong Input : Fist letter Should be capital and must contains minimum 3 characters :
Wrong Input : Fist letter Should be capital and must contains minimum 3 characters :
Wrong Input : Fist letter Should be capital and must contains minimum 3 characters :
Wrong Input : Fist letter Should be capital and must contains minimum 3 characters :
Wrong Input : Fist letter Should be capital and must contains minimum 3 characters :
Wrong Input : Fist letter Should be capital and must contains minimum 3 characters :
Wrong Input : Fist letter Should be capital and must contains minimum 3 characters :
Wrong Input : Fist letter Should be capital and must contains minimum 3 characters :
Wrong Input : Fist letter Should be capital and must contains minimum 3 characters :
Wrong Input : Fist letter Should be capital and must contains minimum 3 characters :
Wrong Input : Fist letter Should be capital and must contains minimum 3 characters :
Wrong Input : Fist letter Should be capital and must contains minimum 3 characters :
Wrong Input : Fist letter Should be capital and must contains minimum 3 characters :
Wrong Input : Fist letter Should be capital and must contains minimum 3 characters :
Wrong Input : Fist letter Should be capital and must contains minimum 3 characters :
Wrong Input : Fist letter Should be capital and must contains minimum 3 characters :
Wrong Input : Fist letter Should be capital and must contains minimum 3 characters :
Wrong Input : Fist letter Should be capital and must contains minimum 3 characters :
Wrong Input : Fist letter Should be capital and must contains minimum 3 characters :
Wrong Input : Fist letter Should be capital and must contains minimum 3 characters :
Wrong Input : Fist letter Should be capital and must contains minimum 3 characters :
Wrong Input : Fist letter Should be capital and must contains minimum 3 characters :
Wrong Input : Fist letter Should be capital and must contains minimum 3 characters :
Wrong Input : Fist letter Should be capital and must contains minimum 3 characters :
Wrong Input : Fist letter Should be capital and must contains minimum 3 characters :
Wrong Input : Fist letter Should be capital and must contains minimum 3 characters :
Wrong Input : Fist letter Should be capital and must contains minimum 3 characters :
Wrong Input : Fist letter Should be capital and must contains minimum 3 characters :
Wrong Input : Fist letter Should be capital and must contains minimum 3 characters :
Wrong Input : Fist letter Should be capital and must contains minimum 3 characters :
Wrong Input : Fist letter Should be capital and must contains minimum 3 characters :
Wrong Input : Fist letter Should be capital and must contains minimum 3 characters :
Wrong Input : Fist letter Should be capital and must contains minimum 3 characters :
Wrong Input : Fist letter Should be capital and must contains minimum 3 characters :
Wrong Input : Fist letter Should be capital and must contains minimum 3 characters :
Wrong Input : Fist letter Should be capital and must contains minimum 3 characters :
Wrong Input : Fist letter Should be capital and must contains minimum 3 characters :
Wrong Input : Fist letter Should be capital and must contains minimum 3 characters :
Wrong Input : Fist letter Should be capital and must contains minimum 3 characters :
Wrong Input : Fist letter Should be capital and must contains minimum 3 characters :
Wrong Input : Fist letter Should be capital and must contains minimum 3 characters :
Wrong Input : Fist letter Should be capital and must contains minimum 3 characters :
Wrong Input : Fist letter Should be capital and must contains minimum 3 characters :
Wrong Input : Fist letter Should be capital and must contains minimum 3 characters :
Wrong Input : Fist letter Should be capital and must contains minimum 3 characters :
Wrong Input : Fist letter Should be capital and must contains minimum 3 characters :
Wrong Input : Fist letter Should be capital and must contains minimum 3 characters :
Wrong Input : Fist letter Should be capital and must contains minimum 3 characters :
Wrong Input : Fist letter Should be capital and must contains minimum 3 characters :
Wrong Input : Fist letter Should be capital and must contains minimum 3 characters :
Wrong Input : Fist letter Should be capital and must contains minimum 3 characters :
Wrong Input : Fist letter Should be capital and must contains minimum 3 characters :
Wrong Input : Fist letter Should be capital and must contains minimum 3 characters :
Wrong Input : Fist letter Should be capital and must contains minimum 3 characters :
Wrong Input : Fist letter Should be capital and must contains minimum 3 characters :
Wrong Input : Fist letter Should be capital and must contains minimum 3 characters :
Wrong Input : Fist letter Should be capital and must contains minimum 3 characters :
Wrong Input : Fist letter Should be capital and must contains minimum 3 characters :
Wrong Input : Fist letter Should be capital and must contains minimum 3 characters :
Wrong Input : Fist letter Should be capital and must contains minimum 3 characters :
Wrong Input : Fist letter Should be capital and must contains minimum 3 characters :
Wrong Input : Fist letter Should be capital and must contains minimum 3 characters :
Wrong Input : Fist letter Should be capital and must contains minimum 3 characters :
Wrong Input : Fist letter Should be capital and must contains minimum 3 characters :
Wrong Input : Fist letter Should be capital and must contains minimum 3 characters :
Wrong Input : Fist letter Should be capital and must contains minimum 3 characters :
Wrong Input : Fist letter Should be capital and must contains minimum 3 characters :
Wrong Input : Fist letter Should be capital and must contains minimum 3 characters :
Wrong Input : Fist letter Should be capital and must contains minimum 3 characters :
Wrong Input : Fist letter Should be capital and must contains minimum 3 characters :
Wrong Input : Fist letter Should be capital and must contains minimum 3 characters :
Wrong Input : Fist letter Should be capital and must contains minimum 3 characters :
Wrong Input : Fist letter Should be capital and must contains minimum 3 characters :
Wrong Input : Fist letter Should be capital and must contains minimum 3 characters :
Wrong Input : Fist letter Should be capital and must contains minimum 3 characters :
Wrong Input : Fist letter Should be capital and must contains minimum 3 characters :
Wrong Input : Fist letter Should be capital and must contains minimum 3 characters :
Wrong Input : Fist letter Should be capital and must contains minimum 3 characters :
Wrong Input : Fist letter Should be capital and must contains minimum 3 characters :
Wrong Input : Fist letter Should be capital and must contains minimum 3 characters :
Wrong Input : Fist letter Should be capital and must contains minimum 3 characters :
Wrong Input : Fist letter Should be capital and must contains minimum 3 characters :
Wrong Input : Fist letter Should be capital and must contains minimum 3 characters :
Wrong Input : Fist letter Should be capital and must contains minimum 3 characters :
Wrong Input : Fist letter Should be capital and must contains minimum 3 characters :
Wrong Input : Fist letter Should be capital and must contains minimum 3 characters :
Wrong Input : Fist letter Should be capital and must contains minimum 3 characters :
Wrong Input : Fist letter Should be capital and must contains minimum 3 characters :
Wrong Input : Fist letter Should be capital and must contains minimum 3 characters :
Wrong Input : Fist letter Should be capital and must contains minimum 3 characters :
Wrong Input : Fist letter Should be capital and must contains minimum 3 characters :
Wrong Input : Fist letter Should be capital and must contains minimum 3 characters :
Wrong Input : Fist letter Should be capital and must contains minimum 3 characters :
Wrong Input : Fist letter Should be capital and must contains minimum 3 characters :
Wrong Input : Fist letter Should be capital and must contains minimum 3 characters :
Wrong Input : Fist letter Should be capital and must contains minimum 3 characters :
Wrong Input : Fist letter Should be capital and must contains minimum 3 characters :
Wrong Input : Fist letter Should be capital and must contains minimum 3 characters :
Wrong Input : Fist letter Should be capital and must contains minimum 3 characters :
Wrong Input : Fist letter Should be capital and must contains minimum 3 characters :
Wrong Input : Fist letter Should be capital and must contains minimum 3 characters :
Wrong Input : Fist letter Should be capital and must contains minimum 3 characters :
Wrong Input : Fist letter Should be capital and must contains minimum 3 characters :
Wrong Input : Fist letter Should be capital and must contains minimum 3 characters :
Wrong Input : Fist letter Should be capital and must contains minimum 3 characters :
Wrong Input : Fist letter Should be capital and must contains minimum 3 characters :
Wrong Input : Fist letter Should be capital and must contains minimum 3 characters :
Wrong Input : Fist letter Should be capital and must contains minimum 3 characters :
Wrong Input : Fist letter Should be capital and must contains minimum 3 characters :
Wrong Input : Fist letter Should be capital and must contains minimum 3 characters :
Wrong Input : Fist letter Should be capital and must contains minimum 3 characters :
Wrong Input : Fist letter Should be capital and must contains minimum 3 characters :
Wrong Input : Fist letter Should be capital and must contains minimum 3 characters :
Wrong Input : Fist letter Should be capital and must contains minimum 3 characters :
Wrong Input : Fist letter Should be capital and must contains minimum 3 characters :
Wrong Input : Fist letter Should be capital and must contains minimum 3 characters :
Wrong Input : Fist letter Should be capital and must contains minimum 3 characters :
Wrong Input : Fist letter Should be capital and must contains minimum 3 characters :
Wrong Input : Fist letter Should be capital and must contains minimum 3 characters :
Wrong Input : Fist letter Should be capital and must contains minimum 3 characters :
Wrong Input : Fist letter Should be capital and must contains minimum 3 characters :
Wrong Input : Fist letter Should be capital and must contains minimum 3 characters :
Wrong Input : Fist letter Should be capital and must contains minimum 3 characters :
Wrong Input : Fist letter Should be capital and must contains minimum 3 characters :
Wrong Input : Fist letter Should be capital and must contains minimum 3 characters :
Wrong Input : Fist letter Should be capital and must contains minimum 3 characters :
Wrong Input : Fist letter Should be capital and must contains minimum 3 characters :
Wrong Input : Fist letter Should be capital and must contains minimum 3 characters :
Wrong Input : Fist letter Should be capital and must contains minimum 3 characters :
Wrong Input : Fist letter Should be capital and must contains minimum 3 characters :
Wrong Input : Fist letter Should be capital and must contains minimum 3 characters :
Wrong Input : Fist letter Should be capital and must contains minimum 3 characters :
Wrong Input : Fist letter Should be capital and must contains minimum 3 characters :
Wrong Input : Fist letter Should be capital and must contains minimum 3 characters :
Wrong Input : Fist letter Should be capital and must contains minimum 3 characters :
Wrong Input : Fist letter Should be capital and must contains minimum 3 characters :
Wrong Input : Fist letter Should be capital and must contains minimum 3 characters :
Wrong Input : Fist letter Should be capital and must contains minimum 3 characters :
Wrong Input : Fist letter Should be capital and must contains minimum 3 characters :
Wrong Input : Fist letter Should be capital and must contains minimum 3 characters :
Wrong Input : Fist letter Should be capital and must contains minimum 3 characters :
Wrong Input : Fist letter Should be capital and must contains minimum 3 characters :
Wrong Input : Fist letter Should be capital and must contains minimum 3 characters :
Wrong Input : Fist letter Should be capital and must contains minimum 3 characters :
Wrong Input : Fist letter Should be capital and must contains minimum 3 characters :
Wrong Input : Fist letter Should be capital and must contains minimum 3 characters :
Wrong Input : Fist letter Should be capital and must contains minimum 3 characters :
Wrong Input : Fist letter Should be capital and must contains minimum 3 characters :
Wrong Input : Fist letter Should be capital and must contains minimum 3 characters :
Wrong Input : Fist letter Should be capital and must contains minimum 3 characters :
Wrong Input : Fist letter Should be capital and must contains minimum 3 characters :
Wrong Input : Fist letter Should be capital and must contains minimum 3 characters :
Wrong Input : Fist letter Should be capital and must contains minimum 3 characters :
Wrong Input : Fist letter Should be capital and must contains minimum 3 characters :
Wrong Input : Fist letter Should be capital and must contains minimum 3 characters :
Wrong Input : Fist letter Should be capital and must contains minimum 3 characters :
Wrong Input : Fist letter Should be capital and must contains minimum 3 characters :
Wrong Input : Fist letter Should be capital and must contains minimum 3 characters :
Wrong Input : Fist letter Should be capital and must contains minimum 3 characters :
Wrong Input : Fist letter Should be capital and must contains minimum 3 characters :
Wrong Input : Fist letter Should be capital and must contains minimum 3 characters :
Wrong Input : Fist letter Should be capital and must contains minimum 3 characters :
Wrong Input : Fist letter Should be capital and must contains minimum 3 characters :
Wrong Input : Fist letter Should be capital and must contains minimum 3 characters :
Wrong Input : Fist letter Should be capital and must contains minimum 3 characters :
Wrong Input : Fist letter Should be capital and must contains minimum 3 characters :
Wrong Input : Fist letter Should be capital and must contains minimum 3 characters :
Wrong Input : Fist letter Should be capital and must contains minimum 3 characters :
Wrong Input : Fist letter Should be capital and must contains minimum 3 characters :
Wrong Input : Fist letter Should be capital and must contains minimum 3 characters :
Wrong Input : Fist letter Should be capital and must contains minimum 3 characters :
Wrong Input : Fist letter Should be capital and must contains minimum 3 characters :
Wrong Input : Fist letter Should be capital and must contains minimum 3 characters :
Wrong Input : Fist letter Should be capital and must contains minimum 3 characters :
Wrong Input : Fist letter Should be capital and must contains minimum 3 characters :
Wrong Input : Fist letter Should be capital and must contains minimum 3 characters :
Wrong Input : Fist letter Should be capital and must contains minimum 3 characters :
Wrong Input : Fist letter Should be capital and must contains minimum 3 characters :
Wrong Input : Fist letter Should be capital and must contains minimum 3 characters :
Wrong Input : Fist letter Should be capital and must contains minimum 3 characters :
Wrong Input : Fist letter Should be capital and must contains minimum 3 characters :
Wrong Input : Fist letter Should be capital and must contains minimum 3 characters :
Wrong Input : Fist letter Should be capital and must contains minimum 3 characters :
Wrong Input : Fist letter Should be capital and must contains minimum 3 characters :
Wrong Input : Fist letter Should be capital and must contains minimum 3 characters :
Wrong Input : Fist letter Should be capital and must contains minimum 3 characters :
Wrong Input : Fist letter Should be capital and must contains minimum 3 characters :
Wrong Input : Fist letter Should be capital and must contains minimum 3 characters :
Wrong Input : Fist letter Should be capital and must contains minimum 3 characters :
Wrong Input : Fist letter Should be capital and must contains minimum 3 characters :
Wrong Input : Fist letter Should be capital and must contains minimum 3 characters :
Wrong Input : Fist letter Should be capital and must contains minimum 3 characters :
Wrong Input : Fist letter Should be capital and must contains minimum 3 characters :
Wrong Input : Fist letter Should be capital and must contains minimum 3 characters :
Wrong Input : Fist letter Should be capital and must contains minimum 3 characters :
Wrong Input : Fist letter Should be capital and must contains minimum 3 characters :
Wrong Input : Fist letter Should be capital and must contains minimum 3 characters :
Wrong Input : Fist letter Should be capital and must contains minimum 3 characters :
Wrong Input : Fist letter Should be capital and must contains minimum 3 characters :
Wrong Input : Fist letter Should be capital and must contains minimum 3 characters :
Wrong Input : Fist letter Should be capital and must contains minimum 3 characters :
Wrong Input : Fist letter Should be capital and must contains minimum 3 characters :
Wrong Input : Fist letter Should be capital and must contains minimum 3 characters :
Wrong Input : Fist letter Should be capital and must contains minimum 3 characters :
Wrong Input : Fist letter Should be capital and must contains minimum 3 characters :
Wrong Input : Fist letter Should be capital and must contains minimum 3 characters :
Wrong Input : Fist letter Should be capital and must contains minimum 3 characters :
Wrong Input : Fist letter Should be capital and must contains minimum 3 characters :
Wrong Input : Fist letter Should be capital and must contains minimum 3 characters :
Wrong Input : Fist letter Should be capital and must contains minimum 3 characters :
Wrong Input : Fist letter Should be capital and must contains minimum 3 characters :
Wrong Input : Fist letter Should be capital and must contains minimum 3 characters :
Wrong Input : Fist letter Should be capital and must contains minimum 3 characters :
Wrong Input : Fist letter Should be capital and must contains minimum 3 characters :
Wrong Input : Fist letter Should be capital and must contains minimum 3 characters :
Wrong Input : Fist letter Should be capital and must contains minimum 3 characters :
Wrong Input : Fist letter Should be capital and must contains minimum 3 characters :
Wrong Input : Fist letter Should be capital and must contains minimum 3 characters :
Wrong Input : Fist letter Should be capital and must contains minimum 3 characters :
Wrong Input : Fist letter Should be capital and must contains minimum 3 characters :
Wrong Input : Fist letter Should be capital and must contains minimum 3 characters :
Wrong Input : Fist letter Should be capital and must contains minimum 3 characters :
Wrong Input : Fist letter Should be capital and must contains minimum 3 characters :
Wrong Input : Fist letter Should be capital and must contains minimum 3 characters :
Wrong Input : Fist letter Should be capital and must contains minimum 3 characters :
Wrong Input : Fist letter Should be capital and must contains minimum 3 characters :
Wrong Input : Fist letter Should be capital and must contains minimum 3 characters :
Wrong Input : Fist letter Should be capital and must contains minimum 3 characters :
Wrong Input : Fist letter Should be capital and must contains minimum 3 characters :
Wrong Input : Fist letter Should be capital and must contains minimum 3 characters :
Wrong Input : Fist letter Should be capital and must contains minimum 3 characters :
Wrong Input : Fist letter Should be capital and must contains minimum 3 characters :
Wrong Input : Fist letter Should be capital and must contains minimum 3 characters :
Wrong Input : Fist letter Should be capital and must contains minimum 3 characters :
Wrong Input : Fist letter Should be capital and must contains minimum 3 characters :
Wrong Input : Fist letter Should be capital and must contains minimum 3 characters :
Wrong Input : Fist letter Should be capital and must contains minimum 3 characters :
Wrong Input : Fist letter Should be capital and must contains minimum 3 characters :
Wrong Input : Fist letter Should be capital and must contains minimum 3 characters :
Wrong Input : Fist letter Should be capital and must contains minimum 3 characters :
Wrong Input : Fist letter Should be capital and must contains minimum 3 characters :
Wrong Input : Fist letter Should be capital and must contains minimum 3 characters :
Wrong Input : Fist letter Should be capital and must contains minimum 3 characters :
Wrong Input : Fist letter Should be capital and must contains minimum 3 characters :
Wrong Input : Fist letter Should be capital and must contains minimum 3 characters :
Wrong Input : Fist letter Should be capital and must contains minimum 3 characters :
Wrong Input : Fist letter Should be capital and must contains minimum 3 characters :
Wrong Input : Fist letter Should be capital and must contains minimum 3 characters :
Wrong Input : Fist letter Should be capital and must contains minimum 3 characters :
Wrong Input : Fist letter Should be capital and must contains minimum 3 characters :
Wrong Input : Fist letter Should be capital and must contains minimum 3 characters :
Wrong Input : Fist letter Should be capital and must contains minimum 3 characters :
Wrong Input : Fist letter Should be capital and must contains minimum 3 characters :
Wrong Input : Fist letter Should be capital and must contains minimum 3 characters :
Wrong Input : Fist letter Should be capital and must contains minimum 3 characters :
Wrong Input : Fist letter Should be capital and must contains minimum 3 characters :
Wrong Input : Fist letter Should be capital and must contains minimum 3 characters :
Wrong Input : Fist letter Should be capital and must contains minimum 3 characters :
Wrong Input : Fist letter Should be capital and must contains minimum 3 characters :
Wrong Input : Fist letter Should be capital and must contains minimum 3 characters :
Wrong Input : Fist letter Should be capital and must contains minimum 3 characters :
Wrong Input : Fist letter Should be capital and must contains minimum 3 characters :
Wrong Input : Fist letter Should be capital and must contains minimum 3 characters :
Wrong Input : Fist letter Should be capital and must contains minimum 3 characters :
Wrong Input : Fist letter Should be capital and must contains minimum 3 characters :
Wrong Input : Fist letter Should be capital and must contains minimum 3 characters :
Wrong Input : Fist letter Should be capital and must contains minimum 3 characters :
Wrong Input : Fist letter Should be capital and must contains minimum 3 characters :
Wrong Input : Fist letter Should be capital and must contains minimum 3 characters :
Wrong Input : Fist letter Should be capital and must contains minimum 3 characters :
Wrong Input : Fist letter Should be capital and must contains minimum 3 characters :
Wrong Input : Fist letter Should be capital and must contains minimum 3 characters :
Wrong Input : Fist letter Should be capital and must contains minimum 3 characters :
Wrong Input : Fist letter Should be capital and must contains minimum 3 characters :
Wrong Input : Fist letter Should be capital and must contains minimum 3 characters :
Wrong Input : Fist letter Should be capital and must contains minimum 3 characters :
Wrong Input : Fist letter Should be capital and must contains minimum 3 characters :
Wrong Input : Fist letter Should be capital and must contains minimum 3 characters :
Wrong Input : Fist letter Should be capital and must contains minimum 3 characters :
Wrong Input : Fist letter Should be capital and must contains minimum 3 characters :
Wrong Input : Fist letter Should be capital and must contains minimum 3 characters :
Wrong Input : Fist letter Should be capital and must contains minimum 3 characters :
Wrong Input : Fist letter Should be capital and must contains minimum 3 characters :
Wrong Input : Fist letter Should be capital and must contains minimum 3 characters :
Wrong Input : Fist letter Should be capital and must contains minimum 3 characters :
Wrong Input : Fist letter Should be capital and must contains minimum 3 characters :
Wrong Input : Fist letter Should be capital and must contains minimum 3 characters :
Wrong Input : Fist letter Should be capital and must contains minimum 3 characters :
Wrong Input : Fist letter Should be capital and must contains minimum 3 characters :
Wrong Input : Fist letter Should be capital and must contains minimum 3 characters :
Wrong Input : Fist letter Should be capital and must contains minimum 3 characters :
Wrong Input : Fist letter Should be capital and must contains minimum 3 characters :
Wrong Input : Fist letter Should be capital and must contains minimum 3 characters :
Wrong Input : Fist letter Should be capital and must contains minimum 3 characters :
Wrong Input : Fist letter Should be capital and must contains minimum 3 characters :
Wrong Input : Fist letter Should be capital and must contains minimum 3 characters :
Wrong Input : Fist letter Should be capital and must contains minimum 3 characters :
Wrong Input : Fist letter Should be capital and must contains minimum 3 characters :
Wrong Input : Fist letter Should be capital and must contains minimum 3 characters :
Wrong Input : Fist letter Should be capital and must contains minimum 3 characters :
Wrong Input : Fist letter Should be capital and must contains minimum 3 characters :
Wrong Input : Fist letter Should be capital and must contains minimum 3 characters :
Wrong Input : Fist letter Should be capital and must contains minimum 3 characters :
Wrong Input : Fist letter Should be capital and must contains minimum 3 characters :
Wrong Input : Fist letter Should be capital and must contains minimum 3 characters :
Wrong Input : Fist letter Should be capital and must contains minimum 3 characters :
Wrong Input : Fist letter Should be capital and must contains minimum 3 characters :
Wrong Input : Fist letter Should be capital and must contains minimum 3 characters :
Wrong Input : Fist letter Should be capital and must contains minimum 3 characters :
Wrong Input : Fist letter Should be capital and must contains minimum 3 characters :
Wrong Input : Fist letter Should be capital and must contains minimum 3 characters :
Wrong Input : Fist letter Should be capital and must contains minimum 3 characters :
Wrong Input : Fist letter Should be capital and must contains minimum 3 characters :
Wrong Input : Fist letter Should be capital and must contains minimum 3 characters :
Wrong Input : Fist letter Should be capital and must contains minimum 3 characters :
Wrong Input : Fist letter Should be capital and must contains minimum 3 characters :
Wrong Input : Fist letter Should be capital and must contains minimum 3 characters :
Wrong Input : Fist letter Should be capital and must contains minimum 3 characters :
Wrong Input : Fist letter Should be capital and must contains minimum 3 characters :
Wrong Input : Fist letter Should be capital and must contains minimum 3 characters :
Wrong Input : Fist letter Should be capital and must contains minimum 3 characters :
Wrong Input : Fist letter Should be capital and must contains minimum 3 characters :
Wrong Input : Fist letter Should be capital and must contains minimum 3 characters :
Wrong Input : Fist letter Should be capital and must contains minimum 3 characters :
Wrong Input : Fist letter Should be capital and must contains minimum 3 characters :
Wrong Input : Fist letter Should be capital and must contains minimum 3 characters :
Wrong Input : Fist letter Should be capital and must contains minimum 3 characters :
Wrong Input : Fist letter Should be capital and must contains minimum 3 characters :
Wrong Input : Fist letter Should be capital and must contains minimum 3 characters :
Wrong Input : Fist letter Should be capital and must contains minimum 3 characters :
Wrong Input : Fist letter Should be capital and must contains minimum 3 characters :
Wrong Input : Fist letter Should be capital and must contains minimum 3 characters :
Wrong Input : Fist letter Should be capital and must contains minimum 3 characters :
Wrong Input : Fist letter Should be capital and must contains minimum 3 characters :
Wrong Input : Fist letter Should be capital and must contains minimum 3 characters :
Wrong Input : Fist letter Should be capital and must contains minimum 3 characters :
Wrong Input : Fist letter Should be capital and must contains minimum 3 characters :
Wrong Input : Fist letter Should be capital and must contains minimum 3 characters :
Wrong Input : Fist letter Should be capital and must contains minimum 3 characters :
Wrong Input : Fist letter Should be capital and must contains minimum 3 characters :
Wrong Input : Fist letter Should be capital and must contains minimum 3 characters :
Wrong Input : Fist letter Should be capital and must contains minimum 3 characters :
Wrong Input : Fist letter Should be capital and must contains minimum 3 characters :
Wrong Input : Fist letter Should be capital and must contains minimum 3 characters :
Wrong Input : Fist letter Should be capital and must contains minimum 3 characters :
Wrong Input : Fist letter Should be capital and must contains minimum 3 characters :
Wrong Input : Fist letter Should be capital and must contains minimum 3 characters :
Wrong Input : Fist letter Should be capital and must contains minimum 3 characters :
Wrong Input : Fist letter Should be capital and must contains minimum 3 characters :
Wrong Input : Fist letter Should be capital and must contains minimum 3 characters :
Wrong Input : Fist letter Should be capital and must contains minimum 3 characters :
Wrong Input : Fist letter Should be capital and must contains minimum 3 characters :
Wrong Input : Fist letter Should be capital and must contains minimum 3 characters :
Wrong Input : Fist letter Should be capital and must contains minimum 3 characters :
Wrong Input : Fist letter Should be capital and must contains minimum 3 characters :
Wrong Input : Fist letter Should be capital and must contains minimum 3 characters :
Wrong Input : Fist letter Should be capital and must contains minimum 3 characters :
Wrong Input : Fist letter Should be capital and must contains minimum 3 characters :
Wrong Input : Fist letter Should be capital and must contains minimum 3 characters :
Wrong Input : Fist letter Should be capital and must contains minimum 3 characters :
Wrong Input : Fist letter Should be capital and must contains minimum 3 characters :
Wrong Input : Fist letter Should be capital and must contains minimum 3 characters :
Wrong Input : Fist letter Should be capital and must contains minimum 3 characters :
Wrong Input : Fist letter Should be capital and must contains minimum 3 characters :
Wrong Input : Fist letter Should be capital and must contains minimum 3 characters :
Wrong Input : Fist letter Should be capital and must contains minimum 3 characters :
Wrong Input : Fist letter Should be capital and must contains minimum 3 characters :
Wrong Input : Fist letter Should be capital and must contains minimum 3 characters :
Wrong Input : Fist letter Should be capital and must contains minimum 3 characters :
Wrong Input : Fist letter Should be capital and must contains minimum 3 characters :
Wrong Input : Fist letter Should be capital and must contains minimum 3 characters :
Wrong Input : Fist letter Should be capital and must contains minimum 3 characters :
Wrong Input : Fist letter Should be capital and must contains minimum 3 characters :
Wrong Input : Fist letter Should be capital and must contains minimum 3 characters :
Wrong Input : Fist letter Should be capital and must contains minimum 3 characters :
Wrong Input : Fist letter Should be capital and must contains minimum 3 characters :
Wrong Input : Fist letter Should be capital and must contains minimum 3 characters :
Wrong Input : Fist letter Should be capital and must contains minimum 3 characters :
Wrong Input : Fist letter Should be capital and must contains minimum 3 characters :
Wrong Input : Fist letter Should be capital and must contains minimum 3 characters :
Wrong Input : Fist letter Should be capital and must contains minimum 3 characters :
Wrong Input : Fist letter Should be capital and must contains minimum 3 characters :
Wrong Input : Fist letter Should be capital and must contains minimum 3 characters :
Wrong Input : Fist letter Should be capital and must contains minimum 3 characters :
Wrong Input : Fist letter Should be capital and must contains minimum 3 characters :
Wrong Input : Fist letter Should be capital and must contains minimum 3 characters :
Wrong Input : Fist letter Should be capital and must contains minimum 3 characters :
Wrong Input : Fist letter Should be capital and must contains minimum 3 characters :
Wrong Input : Fist letter Should be capital and must contains minimum 3 characters :
Wrong Input : Fist letter Should be capital and must contains minimum 3 characters :
Wrong Input : Fist letter Should be capital and must contains minimum 3 characters :
Wrong Input : Fist letter Should be capital and must contains minimum 3 characters :
Wrong Input : Fist letter Should be capital and must contains minimum 3 characters :
Wrong Input : Fist letter Should be capital and must contains minimum 3 characters :
Wrong Input : Fist letter Should be capital and must contains minimum 3 characters :
Wrong Input : Fist letter Should be capital and must contains minimum 3 characters :
Wrong Input : Fist letter Should be capital and must contains minimum 3 characters :
Wrong Input : Fist letter Should be capital and must contains minimum 3 characters :
Wrong Input : Fist letter Should be capital and must contains minimum 3 characters :
Wrong Input : Fist letter Should be capital and must contains minimum 3 characters :
Wrong Input : Fist letter Should be capital and must contains minimum 3 characters :
Wrong Input : Fist letter Should be capital and must contains minimum 3 characters :
Wrong Input : Fist letter Should be capital and must contains minimum 3 characters :
Wrong Input : Fist letter Should be capital and must contains minimum 3 characters :
Wrong Input : Fist letter Should be capital and must contains minimum 3 characters :
Wrong Input : Fist letter Should be capital and must contains minimum 3 characters :
Wrong Input : Fist letter Should be capital and must contains minimum 3 characters :
Wrong Input : Fist letter Should be capital and must contains minimum 3 characters :
Wrong Input : Fist letter Should be capital and must contains minimum 3 characters :
Wrong Input : Fist letter Should be capital and must contains minimum 3 characters :
Wrong Input : Fist letter Should be capital and must contains minimum 3 characters :
Wrong Input : Fist letter Should be capital and must contains minimum 3 characters :
Wrong Input : Fist letter Should be capital and must contains minimum 3 characters :
Wrong Input : Fist letter Should be capital and must contains minimum 3 characters :
Wrong Input : Fist letter Should be capital and must contains minimum 3 characters :
Wrong Input : Fist letter Should be capital and must contains minimum 3 characters :
Wrong Input : Fist letter Should be capital and must contains minimum 3 characters :
Wrong Input : Fist letter Should be capital and must contains minimum 3 characters :
Wrong Input : Fist letter Should be capital and must contains minimum 3 characters :
Wrong Input : Fist letter Should be capital and must contains minimum 3 characters :
Wrong Input : Fist letter Should be capital and must contains minimum 3 characters :
Wrong Input : Fist letter Should be capital and must contains minimum 3 characters :
Wrong Input : Fist letter Should be capital and must contains minimum 3 characters :
Wrong Input : Fist letter Should be capital and must contains minimum 3 characters :
Wrong Input : Fist letter Should be capital and must contains minimum 3 characters :
Wrong Input : Fist letter Should be capital and must contains minimum 3 characters :
Wrong Input : Fist letter Should be capital and must contains minimum 3 characters :
Wrong Input : Fist letter Should be capital and must contains minimum 3 characters :
Wrong Input : Fist letter Should be capital and must contains minimum 3 characters :
Wrong Input : Fist letter Should be capital and must contains minimum 3 characters :
Wrong Input : Fist letter Should be capital and must contains minimum 3 characters :
Wrong Input : Fist letter Should be capital and must contains minimum 3 characters :
Wrong Input : Fist letter Should be capital and must contains minimum 3 characters :
Wrong Input : Fist letter Should be capital and must contains minimum 3 characters :
Wrong Input : Fist letter Should be capital and must contains minimum 3 characters :
Wrong Input : Fist letter Should be capital and must contains minimum 3 characters :
Wrong Input : Fist letter Should be capital and must contains minimum 3 characters :
Wrong Input : Fist letter Should be capital and must contains minimum 3 characters :
Wrong Input : Fist letter Should be capital and must contains minimum 3 characters :
Wrong Input : Fist letter Should be capital and must contains minimum 3 characters :
Wrong Input : Fist letter Should be capital and must contains minimum 3 characters :
Wrong Input : Fist letter Should be capital and must contains minimum 3 characters :
Wrong Input : Fist letter Should be capital and must contains minimum 3 characters :
Wrong Input : Fist letter Should be capital and must contains minimum 3 characters :
Wrong Input : Fist letter Should be capital and must contains minimum 3 characters :
Wrong Input : Fist letter Should be capital and must contains minimum 3 characters :
Wrong Input : Fist letter Should be capital and must contains minimum 3 characters :
Wrong Input : Fist letter Should be capital and must contains minimum 3 characters :
Wrong Input : Fist letter Should be capital and must contains minimum 3 characters :
Wrong Input : Fist letter Should be capital and must contains minimum 3 characters :
Wrong Input : Fist letter Should be capital and must contains minimum 3 characters :
Wrong Input : Fist letter Should be capital and must contains minimum 3 characters :
Wrong Input : Fist letter Should be capital and must contains minimum 3 characters :
Wrong Input : Fist letter Should be capital and must contains minimum 3 characters :
Wrong Input : Fist letter Should be capital and must contains minimum 3 characters :
Wrong Input : Fist letter Should be capital and must contains minimum 3 characters :
Wrong Input : Fist letter Should be capital and must contains minimum 3 characters :
Wrong Input : Fist letter Should be capital and must contains minimum 3 characters :
Wrong Input : Fist letter Should be capital and must contains minimum 3 characters :
Wrong Input : Fist letter Should be capital and must contains minimum 3 characters :
Wrong Input : Fist letter Should be capital and must contains minimum 3 characters :
Wrong Input : Fist letter Should be capital and must contains minimum 3 characters :
Wrong Input : Fist letter Should be capital and must contains minimum 3 characters :
Wrong Input : Fist letter Should be capital and must contains minimum 3 characters :
Wrong Input : Fist letter Should be capital and must contains minimum 3 characters :
Wrong Input : Fist letter Should be capital and must contains minimum 3 characters :
Wrong Input : Fist letter Should be capital and must contains minimum 3 characters :
Wrong Input : Fist letter Should be capital and must contains minimum 3 characters :
Wrong Input : Fist letter Should be capital and must contains minimum 3 characters :
Wrong Input : Fist letter Should be capital and must contains minimum 3 characters :
Wrong Input : Fist letter Should be capital and must contains minimum 3 characters :
Wrong Input : Fist letter Should be capital and must contains minimum 3 characters :
Wrong Input : Fist letter Should be capital and must contains minimum 3 characters :
Wrong Input : Fist letter Should be capital and must contains minimum 3 characters :
Wrong Input : Fist letter Should be capital and must contains minimum 3 characters :
Wrong Input : Fist letter Should be capital and must contains minimum 3 characters :
Wrong Input : Fist letter Should be capital and must contains minimum 3 characters :
Wrong Input : Fist letter Should be capital and must contains minimum 3 characters :
Wrong Input : Fist letter Should be capital and must contains minimum 3 characters :
Wrong Input : Fist letter Should be capital and must contains minimum 3 characters :
Wrong Input : Fist letter Should be capital and must contains minimum 3 characters :
Wrong Input : Fist letter Should be capital and must contains minimum 3 characters :
Wrong Input : Fist letter Should be capital and must contains minimum 3 characters :
Wrong Input : Fist letter Should be capital and must contains minimum 3 characters :
Wrong Input : Fist letter Should be capital and must contains minimum 3 characters :
Wrong Input : Fist letter Should be capital and must contains minimum 3 characters :
Wrong Input : Fist letter Should be capital and must contains minimum 3 characters :
Wrong Input : Fist letter Should be capital and must contains minimum 3 characters :
Wrong Input : Fist letter Should be capital and must contains minimum 3 characters :
Wrong Input : Fist letter Should be capital and must contains minimum 3 characters :
Wrong Input : Fist letter Should be capital and must contains minimum 3 characters :
Wrong Input : Fist letter Should be capital and must contains minimum 3 characters :
Wrong Input : Fist letter Should be capital and must contains minimum 3 characters :
Wrong Input : Fist letter Should be capital and must contains minimum 3 characters :
Wrong Input : Fist letter Should be capital and must contains minimum 3 characters :
Wrong Input : Fist letter Should be capital and must contains minimum 3 characters :
Wrong Input : Fist letter Should be capital and must contains minimum 3 characters :
Wrong Input : Fist letter Should be capital and must contains minimum 3 characters :
Wrong Input : Fist letter Should be capital and must contains minimum 3 characters :
Wrong Input : Fist letter Should be capital and must contains minimum 3 characters :
Wrong Input : Fist letter Should be capital and must contains minimum 3 characters :
Wrong Input : Fist letter Should be capital and must contains minimum 3 characters :
Wrong Input : Fist letter Should be capital and must contains minimum 3 characters :
Wrong Input : Fist letter Should be capital and must contains minimum 3 characters :
Wrong Input : Fist letter Should be capital and must contains minimum 3 characters :
Wrong Input : Fist letter Should be capital and must contains minimum 3 characters :
Wrong Input : Fist letter Should be capital and must contains minimum 3 characters :
Wrong Input : Fist letter Should be capital and must contains minimum 3 characters :
Wrong Input : Fist letter Should be capital and must contains minimum 3 characters :
Wrong Input : Fist letter Should be capital and must contains minimum 3 characters :
Wrong Input : Fist letter Should be capital and must contains minimum 3 characters :
Wrong Input : Fist letter Should be capital and must contains minimum 3 characters :
Wrong Input : Fist letter Should be capital and must contains minimum 3 characters :
Wrong Input : Fist letter Should be capital and must contains minimum 3 characters :
Wrong Input : Fist letter Should be capital and must contains minimum 3 characters :
Wrong Input : Fist letter Should be capital and must contains minimum 3 characters :
Wrong Input : Fist letter Should be capital and must contains minimum 3 characters :
Wrong Input : Fist letter Should be capital and must contains minimum 3 characters :
Wrong Input : Fist letter Should be capital and must contains minimum 3 characters :
Wrong Input : Fist letter Should be capital and must contains minimum 3 characters :
Wrong Input : Fist letter Should be capital and must contains minimum 3 characters :
Wrong Input : Fist letter Should be capital and must contains minimum 3 characters :
Wrong Input : Fist letter Should be capital and must contains minimum 3 characters :
Wrong Input : Fist letter Should be capital and must contains minimum 3 characters :
Wrong Input : Fist letter Should be capital and must contains minimum 3 characters :
Wrong Input : Fist letter Should be capital and must contains minimum 3 characters :
Wrong Input : Fist letter Should be capital and must contains minimum 3 characters :
Wrong Input : Fist letter Should be capital and must contains minimum 3 characters :
Wrong Input : Fist letter Should be capital and must contains minimum 3 characters :
Wrong Input : Fist letter Should be capital and must contains minimum 3 characters :
Wrong Input : Fist letter Should be capital and must contains minimum 3 characters :
Wrong Input : Fist letter Should be capital and must contains minimum 3 characters :
Wrong Input : Fist letter Should be capital and must contains minimum 3 characters :
Wrong Input : Fist letter Should be capital and must contains minimum 3 characters :
Wrong Input : Fist letter Should be capital and must contains minimum 3 characters :
Wrong Input : Fist letter Should be capital and must contains minimum 3 characters :
Wrong Input : Fist letter Should be capital and must contains minimum 3 characters :
Wrong Input : Fist letter Should be capital and must contains minimum 3 characters :
Wrong Input : Fist letter Should be capital and must contains minimum 3 characters :
Wrong Input : Fist letter Should be capital and must contains minimum 3 characters :
Wrong Input : Fist letter Should be capital and must contains minimum 3 characters :
Wrong Input : Fist letter Should be capital and must contains minimum 3 characters :
Wrong Input : Fist letter Should be capital and must contains minimum 3 characters :
Wrong Input : Fist letter Should be capital and must contains minimum 3 characters :
Wrong Input : Fist letter Should be capital and must contains minimum 3 characters :
Wrong Input : Fist letter Should be capital and must contains minimum 3 characters :
Wrong Input : Fist letter Should be capital and must contains minimum 3 characters :
Wrong Input : Fist letter Should be capital and must contains minimum 3 characters :
Wrong Input : Fist letter Should be capital and must contains minimum 3 characters :
Wrong Input : Fist letter Should be capital and must contains minimum 3 characters :
Wrong Input : Fist letter Should be capital and must contains minimum 3 characters :
Wrong Input : Fist letter Should be capital and must contains minimum 3 characters :
Wrong Input : Fist letter Should be capital and must contains minimum 3 characters :
Wrong Input : Fist letter Should be capital and must contains minimum 3 characters :
Wrong Input : Fist letter Should be capital and must contains minimum 3 characters :
Wrong Input : Fist letter Should be capital and must contains minimum 3 characters :
Wrong Input : Fist letter Should be capital and must contains minimum 3 characters :
Wrong Input : Fist letter Should be capital and must contains minimum 3 characters :
Wrong Input : Fist letter Should be capital and must contains minimum 3 characters :
Wrong Input : Fist letter Should be capital and must contains minimum 3 characters :
Wrong Input : Fist letter Should be capital and must contains minimum 3 characters :
Wrong Input : Fist letter Should be capital and must contains minimum 3 characters :
Wrong Input : Fist letter Should be capital and must contains minimum 3 characters :
Wrong Input : Fist letter Should be capital and must contains minimum 3 characters :
Wrong Input : Fist letter Should be capital and must contains minimum 3 characters :
Wrong Input : Fist letter Should be capital and must contains minimum 3 characters :
Wrong Input : Fist letter Should be capital and must contains minimum 3 characters :
Wrong Input : Fist letter Should be capital and must contains minimum 3 characters :
Wrong Input : Fist letter Should be capital and must contains minimum 3 characters :
Wrong Input : Fist letter Should be capital and must contains minimum 3 characters :
Wrong Input : Fist letter Should be capital and must contains minimum 3 characters :
Wrong Input : Fist letter Should be capital and must contains minimum 3 characters :
Wrong Input : Fist letter Should be capital and must contains minimum 3 characters :
Wrong Input : Fist letter Should be capital and must contains minimum 3 characters :
Wrong Input : Fist letter Should be capital and must contains minimum 3 characters :
Wrong Input : Fist letter Should be capital and must contains minimum 3 characters :
Wrong Input : Fist letter Should be capital and must contains minimum 3 characters :
Wrong Input : Fist letter Should be capital and must contains minimum 3 characters :
Wrong Input : Fist letter Should be capital and must contains minimum 3 characters :
Wrong Input : Fist letter Should be capital and must contains minimum 3 characters :
Wrong Input : Fist letter Should be capital and must contains minimum 3 characters :
Wrong Input : Fist letter Should be capital and must contains minimum 3 characters :
Wrong Input : Fist letter Should be capital and must contains minimum 3 characters :
Wrong Input : Fist letter Should be capital and must contains minimum 3 characters :
Wrong Input : Fist letter Should be capital and must contains minimum 3 characters :
Wrong Input : Fist letter Should be capital and must contains minimum 3 characters :
Wrong Input : Fist letter Should be capital and must contains minimum 3 characters :
Wrong Input : Fist letter Should be capital and must contains minimum 3 characters :
Wrong Input : Fist letter Should be capital and must contains minimum 3 characters :
Wrong Input : Fist letter Should be capital and must contains minimum 3 characters :
Wrong Input : Fist letter Should be capital and must contains minimum 3 characters :
Wrong Input : Fist letter Should be capital and must contains minimum 3 characters :
Wrong Input : Fist letter Should be capital and must contains minimum 3 characters :
Wrong Input : Fist letter Should be capital and must contains minimum 3 characters :
Wrong Input : Fist letter Should be capital and must contains minimum 3 characters :
Wrong Input : Fist letter Should be capital and must contains minimum 3 characters :
Wrong Input : Fist letter Should be capital and must contains minimum 3 characters :
Wrong Input : Fist letter Should be capital and must contains minimum 3 characters :
Wrong Input : Fist letter Should be capital and must contains minimum 3 characters :
Wrong Input : Fist letter Should be capital and must contains minimum 3 characters :
Wrong Input : Fist letter Should be capital and must contains minimum 3 characters :
Wrong Input : Fist letter Should be capital and must contains minimum 3 characters :
Wrong Input : Fist letter Should be capital and must contains minimum 3 characters :
Wrong Input : Fist letter Should be capital and must contains minimum 3 characters :
Wrong Input : Fist letter Should be capital and must contains minimum 3 characters :
Wrong Input : Fist letter Should be capital and must contains minimum 3 characters :
Wrong Input : Fist letter Should be capital and must contains minimum 3 characters :
Wrong Input : Fist letter Should be capital and must contains minimum 3 characters :
Wrong Input : Fist letter Should be capital and must contains minimum 3 characters :
Wrong Input : Fist letter Should be capital and must contains minimum 3 characters :
Wrong Input : Fist letter Should be capital and must contains minimum 3 characters :
Wrong Input : Fist letter Should be capital and must contains minimum 3 characters :
Wrong Input : Fist letter Should be capital and must contains minimum 3 characters :
Wrong Input : Fist letter Should be capital and must contains minimum 3 characters :
Wrong Input : Fist letter Should be capital and must contains minimum 3 characters :
Wrong Input : Fist letter Should be capital and must contains minimum 3 characters :
Wrong Input : Fist letter Should be capital and must contains minimum 3 characters :
Wrong Input : Fist letter Should be capital and must contains minimum 3 characters :
Wrong Input : Fist letter Should be capital and must contains minimum 3 characters :
Wrong Input : Fist letter Should be capital and must contains minimum 3 characters :
Wrong Input : Fist letter Should be capital and must contains minimum 3 characters :
Wrong Input : Fist letter Should be capital and must contains minimum 3 characters :
Wrong Input : Fist letter Should be capital and must contains minimum 3 characters :
Wrong Input : Fist letter Should be capital and must contains minimum 3 characters :
Wrong Input : Fist letter Should be capital and must contains minimum 3 characters :
Wrong Input : Fist letter Should be capital and must contains minimum 3 characters :
Wrong Input : Fist letter Should be capital and must contains minimum 3 characters :
Wrong Input : Fist letter Should be capital and must contains minimum 3 characters :
Wrong Input : Fist letter Should be capital and must contains minimum 3 characters :
Wrong Input : Fist letter Should be capital and must contains minimum 3 characters :
Wrong Input : Fist letter Should be capital and must contains minimum 3 characters :
Wrong Input : Fist letter Should be capital and must contains minimum 3 characters :
Wrong Input : Fist letter Should be capital and must contains minimum 3 characters :
Wrong Input : Fist letter Should be capital and must contains minimum 3 characters :
Wrong Input : Fist letter Should be capital and must contains minimum 3 characters :
Wrong Input : Fist letter Should be capital and must contains minimum 3 characters :
Wrong Input : Fist letter Should be capital and must contains minimum 3 characters :
Wrong Input : Fist letter Should be capital and must contains minimum 3 characters :
Wrong Input : Fist letter Should be capital and must contains minimum 3 characters :
Wrong Input : Fist letter Should be capital and must contains minimum 3 characters :
Wrong Input : Fist letter Should be capital and must contains minimum 3 characters :
Wrong Input : Fist letter Should be capital and must contains minimum 3 characters :
Wrong Input : Fist letter Should be capital and must contains minimum 3 characters :
Wrong Input : Fist letter Should be capital and must contains minimum 3 characters :
Wrong Input : Fist letter Should be capital and must contains minimum 3 characters :
Wrong Input : Fist letter Should be capital and must contains minimum 3 characters :
Wrong Input : Fist letter Should be capital and must contains minimum 3 characters :
Wrong Input : Fist letter Should be capital and must contains minimum 3 characters :
Wrong Input : Fist letter Should be capital and must contains minimum 3 characters :
Wrong Input : Fist letter Should be capital and must contains minimum 3 characters :
Wrong Input : Fist letter Should be capital and must contains minimum 3 characters :
Wrong Input : Fist letter Should be capital and must contains minimum 3 characters :
Wrong Input : Fist letter Should be capital and must contains minimum 3 characters :
Wrong Input : Fist letter Should be capital and must contains minimum 3 characters :
Wrong Input : Fist letter Should be capital and must contains minimum 3 characters :
Wrong Input : Fist letter Should be capital and must contains minimum 3 characters :
Wrong Input : Fist letter Should be capital and must contains minimum 3 characters :
Wrong Input : Fist letter Should be capital and must contains minimum 3 characters :
Wrong Input : Fist letter Should be capital and must contains minimum 3 characters :
Wrong Input : Fist letter Should be capital and must contains minimum 3 characters :
Wrong Input : Fist letter Should be capital and must contains minimum 3 characters :
Wrong Input : Fist letter Should be capital and must contains minimum 3 characters :
Wrong Input : Fist letter Should be capital and must contains minimum 3 characters :
Wrong Input : Fist letter Should be capital and must contains minimum 3 characters :
Wrong Input : Fist letter Should be capital and must contains minimum 3 characters :
Wrong Input : Fist letter Should be capital and must contains minimum 3 characters :
Wrong Input : Fist letter Should be capital and must contains minimum 3 characters :
Wrong Input : Fist letter Should be capital and must contains minimum 3 characters :
Wrong Input : Fist letter Should be capital and must contains minimum 3 characters :
Wrong Input : Fist letter Should be capital and must contains minimum 3 characters :
Wrong Input : Fist letter Should be capital and must contains minimum 3 characters :
Wrong Input : Fist letter Should be capital and must contains minimum 3 characters :
Wrong Input : Fist letter Should be capital and must contains minimum 3 characters :
Wrong Input : Fist letter Should be capital and must contains minimum 3 characters :
Wrong Input : Fist letter Should be capital and must contains minimum 3 characters :
Wrong Input : Fist letter Should be capital and must contains minimum 3 characters :
Wrong Input : Fist letter Should be capital and must contains minimum 3 characters :
Wrong Input : Fist letter Should be capital and must contains minimum 3 characters :
Wrong Input : Fist letter Should be capital and must contains minimum 3 characters :
Wrong Input : Fist letter Should be capital and must contains minimum 3 characters :
Wrong Input : Fist letter Should be capital and must contains minimum 3 characters :
Wrong Input : Fist letter Should be capital and must contains minimum 3 characters :
Wrong Input : Fist letter Should be capital and must contains minimum 3 characters :
Wrong Input : Fist letter Should be capital and must contains minimum 3 characters :
Wrong Input : Fist letter Should be capital and must contains minimum 3 characters :
Wrong Input : Fist letter Should be capital and must contains minimum 3 characters :
Wrong Input : Fist letter Should be capital and must contains minimum 3 characters :
Wrong Input : Fist letter Should be capital and must contains minimum 3 characters :
Wrong Input : Fist letter Should be capital and must contains minimum 3 characters :
Wrong Input : Fist letter Should be capital and must contains minimum 3 characters :
Wrong Input : Fist letter Should be capital and must contains minimum 3 characters :
Wrong Input : Fist letter Should be capital and must contains minimum 3 characters :
Wrong Input : Fist letter Should be capital and must contains minimum 3 characters :
Wrong Input : Fist letter Should be capital and must contains minimum 3 characters :
Wrong Input : Fist letter Should be capital and must contains minimum 3 characters :
Wrong Input : Fist letter Should be capital and must contains minimum 3 characters :
Wrong Input : Fist letter Should be capital and must contains minimum 3 characters :
Wrong Input : Fist letter Should be capital and must contains minimum 3 characters :
Wrong Input : Fist letter Should be capital and must contains minimum 3 characters :
Wrong Input : Fist letter Should be capital and must contains minimum 3 characters :
Wrong Input : Fist letter Should be capital and must contains minimum 3 characters :
Wrong Input : Fist letter Should be capital and must contains minimum 3 characters :
Wrong Input : Fist letter Should be capital and must contains minimum 3 characters :
Wrong Input : Fist letter Should be capital and must contains minimum 3 characters :
Wrong Input : Fist letter Should be capital and must contains minimum 3 characters :
Wrong Input : Fist letter Should be capital and must contains minimum 3 characters :
Wrong Input : Fist letter Should be capital and must contains minimum 3 characters :
Wrong Input : Fist letter Should be capital and must contains minimum 3 characters :
Wrong Input : Fist letter Should be capital and must contains minimum 3 characters :
Wrong Input : Fist letter Should be capital and must contains minimum 3 characters :
Wrong Input : Fist letter Should be capital and must contains minimum 3 characters :
Wrong Input : Fist letter Should be capital and must contains minimum 3 characters :
Wrong Input : Fist letter Should be capital and must contains minimum 3 characters :
Wrong Input : Fist letter Should be capital and must contains minimum 3 characters :
Wrong Input : Fist letter Should be capital and must contains minimum 3 characters :
Wrong Input : Fist letter Should be capital and must contains minimum 3 characters :
Wrong Input : Fist letter Should be capital and must contains minimum 3 characters :
Wrong Input : Fist letter Should be capital and must contains minimum 3 characters :
Wrong Input : Fist letter Should be capital and must contains minimum 3 characters :
Wrong Input : Fist letter Should be capital and must contains minimum 3 characters :
Wrong Input : Fist letter Should be capital and must contains minimum 3 characters :
Wrong Input : Fist letter Should be capital and must contains minimum 3 characters :
Wrong Input : Fist letter Should be capital and must contains minimum 3 characters :
Wrong Input : Fist letter Should be capital and must contains minimum 3 characters :
Wrong Input : Fist letter Should be capital and must contains minimum 3 characters :
Wrong Input : Fist letter Should be capital and must contains minimum 3 characters :
Wrong Input : Fist letter Should be capital and must contains minimum 3 characters :
Wrong Input : Fist letter Should be capital and must contains minimum 3 characters :
Wrong Input : Fist letter Should be capital and must contains minimum 3 characters :
Wrong Input : Fist letter Should be capital and must contains minimum 3 characters :
Wrong Input : Fist letter Should be capital and must contains minimum 3 characters :
Wrong Input : Fist letter Should be capital and must contains minimum 3 characters :
Wrong Input : Fist letter Should be capital and must contains minimum 3 characters :
Wrong Input : Fist letter Should be capital and must contains minimum 3 characters :
Wrong Input : Fist letter Should be capital and must contains minimum 3 characters :
Wrong Input : Fist letter Should be capital and must contains minimum 3 characters :
Wrong Input : Fist letter Should be capital and must contains minimum 3 characters :
Wrong Input : Fist letter Should be capital and must contains minimum 3 characters :
Wrong Input : Fist letter Should be capital and must contains minimum 3 characters :
Wrong Input : Fist letter Should be capital and must contains minimum 3 characters :
Wrong Input : Fist letter Should be capital and must contains minimum 3 characters :
Wrong Input : Fist letter Should be capital and must contains minimum 3 characters :
Wrong Input : Fist letter Should be capital and must contains minimum 3 characters :
Wrong Input : Fist letter Should be capital and must contains minimum 3 characters :
Wrong Input : Fist letter Should be capital and must contains minimum 3 characters :
Wrong Input : Fist letter Should be capital and must contains minimum 3 characters :
Wrong Input : Fist letter Should be capital and must contains minimum 3 characters :
Wrong Input : Fist letter Should be capital and must contains minimum 3 characters :
Wrong Input : Fist letter Should be capital and must contains minimum 3 characters :
Wrong Input : Fist letter Should be capital and must contains minimum 3 characters :
Wrong Input : Fist letter Should be capital and must contains minimum 3 characters :
Wrong Input : Fist letter Should be capital and must contains minimum 3 characters :
Wrong Input : Fist letter Should be capital and must contains minimum 3 characters :
Wrong Input : Fist letter Should be capital and must contains minimum 3 characters :
Wrong Input : Fist letter Should be capital and must contains minimum 3 characters :
Wrong Input : Fist letter Should be capital and must contains minimum 3 characters :
Wrong Input : Fist letter Should be capital and must contains minimum 3 characters :
Wrong Input : Fist letter Should be capital and must contains minimum 3 characters :
Wrong Input : Fist letter Should be capital and must contains minimum 3 characters :
Wrong Input : Fist letter Should be capital and must contains minimum 3 characters :
Wrong Input : Fist letter Should be capital and must contains minimum 3 characters :
Wrong Input : Fist letter Should be capital and must contains minimum 3 characters :
Wrong Input : Fist letter Should be capital and must contains minimum 3 characters :
Wrong Input : Fist letter Should be capital and must contains minimum 3 characters :
Wrong Input : Fist letter Should be capital and must contains minimum 3 characters :
Wrong Input : Fist letter Should be capital and must contains minimum 3 characters :
Wrong Input : Fist letter Should be capital and must contains minimum 3 characters :
Wrong Input : Fist letter Should be capital and must contains minimum 3 characters :
Wrong Input : Fist letter Should be capital and must contains minimum 3 characters :
Wrong Input : Fist letter Should be capital and must contains minimum 3 characters :
Wrong Input : Fist letter Should be capital and must contains minimum 3 characters :
Wrong Input : Fist letter Should be capital and must contains minimum 3 characters :
Wrong Input : Fist letter Should be capital and must contains minimum 3 characters :
Wrong Input : Fist letter Should be capital and must contains minimum 3 characters :
Wrong Input : Fist letter Should be capital and must contains minimum 3 characters :
Wrong Input : Fist letter Should be capital and must contains minimum 3 characters :
Wrong Input : Fist letter Should be capital and must contains minimum 3 characters :
Wrong Input : Fist letter Should be capital and must contains minimum 3 characters :
Wrong Input : Fist letter Should be capital and must contains minimum 3 characters :
Wrong Input : Fist letter Should be capital and must contains minimum 3 characters :
Wrong Input : Fist letter Should be capital and must contains minimum 3 characters :
Wrong Input : Fist letter Should be capital and must contains minimum 3 characters :
Wrong Input : Fist letter Should be capital and must contains minimum 3 characters :
Wrong Input : Fist letter Should be capital and must contains minimum 3 characters :
Wrong Input : Fist letter Should be capital and must contains minimum 3 characters :
Wrong Input : Fist letter Should be capital and must contains minimum 3 characters :
Wrong Input : Fist letter Should be capital and must contains minimum 3 characters :
Wrong Input : Fist letter Should be capital and must contains minimum 3 characters :
Wrong Input : Fist letter Should be capital and must contains minimum 3 characters :
Wrong Input : Fist letter Should be capital and must contains minimum 3 characters :
Wrong Input : Fist letter Should be capital and must contains minimum 3 characters :
Wrong Input : Fist letter Should be capital and must contains minimum 3 characters :
Wrong Input : Fist letter Should be capital and must contains minimum 3 characters :
Wrong Input : Fist letter Should be capital and must contains minimum 3 characters :
Wrong Input : Fist letter Should be capital and must contains minimum 3 characters :
Wrong Input : Fist letter Should be capital and must contains minimum 3 characters :
Wrong Input : Fist letter Should be capital and must contains minimum 3 characters :
Wrong Input : Fist letter Should be capital and must contains minimum 3 characters :
Wrong Input : Fist letter Should be capital and must contains minimum 3 characters :
Wrong Input : Fist letter Should be capital and must contains minimum 3 characters :
Wrong Input : Fist letter Should be capital and must contains minimum 3 characters :
Wrong Input : Fist letter Should be capital and must contains minimum 3 characters :
Wrong Input : Fist letter Should be capital and must contains minimum 3 characters :
Wrong Input : Fist letter Should be capital and must contains minimum 3 characters :
Wrong Input : Fist letter Should be capital and must contains minimum 3 characters :
Wrong Input : Fist letter Should be capital and must contains minimum 3 characters :
Wrong Input : Fist letter Should be capital and must contains minimum 3 characters :
Wrong Input : Fist letter Should be capital and must contains minimum 3 characters :
Wrong Input : Fist letter Should be capital and must contains minimum 3 characters :
Wrong Input : Fist letter Should be capital and must contains minimum 3 characters :
Wrong Input : Fist letter Should be capital and must contains minimum 3 characters :
Wrong Input : Fist letter Should be capital and must contains minimum 3 characters :
Wrong Input : Fist letter Should be capital and must contains minimum 3 characters :
Wrong Input : Fist letter Should be capital and must contains minimum 3 characters :
Wrong Input : Fist letter Should be capital and must contains minimum 3 characters :
Wrong Input : Fist letter Should be capital and must contains minimum 3 characters :
Wrong Input : Fist letter Should be capital and must contains minimum 3 characters :
Wrong Input : Fist letter Should be capital and must contains minimum 3 characters :
Wrong Input : Fist letter Should be capital and must contains minimum 3 characters :
Wrong Input : Fist letter Should be capital and must contains minimum 3 characters :
Wrong Input : Fist letter Should be capital and must contains minimum 3 characters :
Wrong Input : Fist letter Should be capital and must contains minimum 3 characters :
Wrong Input : Fist letter Should be capital and must contains minimum 3 characters :
Wrong Input : Fist letter Should be capital and must contains minimum 3 characters :
Wrong Input : Fist letter Should be capital and must contains minimum 3 characters :
Wrong Input : Fist letter Should be capital and must contains minimum 3 characters :
Wrong Input : Fist letter Should be capital and must contains minimum 3 characters :
Wrong Input : Fist letter Should be capital and must contains minimum 3 characters :
Wrong Input : Fist letter Should be capital and must contains minimum 3 characters :
Wrong Input : Fist letter Should be capital and must contains minimum 3 characters :
Wrong Input : Fist letter Should be capital and must contains minimum 3 characters :
Wrong Input : Fist letter Should be capital and must contains minimum 3 characters :
Wrong Input : Fist letter Should be capital and must contains minimum 3 characters :
Wrong Input : Fist letter Should be capital and must contains minimum 3 characters :
Wrong Input : Fist letter Should be capital and must contains minimum 3 characters :
Wrong Input : Fist letter Should be capital and must contains minimum 3 characters :
Wrong Input : Fist letter Should be capital and must contains minimum 3 characters :
Wrong Input : Fist letter Should be capital and must contains minimum 3 characters :
Wrong Input : Fist letter Should be capital and must contains minimum 3 characters :
Wrong Input : Fist letter Should be capital and must contains minimum 3 characters :
Wrong Input : Fist letter Should be capital and must contains minimum 3 characters :
Wrong Input : Fist letter Should be capital and must contains minimum 3 characters :
Wrong Input : Fist letter Should be capital and must contains minimum 3 characters :
Wrong Input : Fist letter Should be capital and must contains minimum 3 characters :
Wrong Input : Fist letter Should be capital and must contains minimum 3 characters :
Wrong Input : Fist letter Should be capital and must contains minimum 3 characters :
Wrong Input : Fist letter Should be capital and must contains minimum 3 characters :
Wrong Input : Fist letter Should be capital and must contains minimum 3 characters :
Wrong Input : Fist letter Should be capital and must contains minimum 3 characters :
Wrong Input : Fist letter Should be capital and must contains minimum 3 characters :
Wrong Input : Fist letter Should be capital and must contains minimum 3 characters :
Wrong Input : Fist letter Should be capital and must contains minimum 3 characters :
Wrong Input : Fist letter Should be capital and must contains minimum 3 characters :
Wrong Input : Fist letter Should be capital and must contains minimum 3 characters :
Wrong Input : Fist letter Should be capital and must contains minimum 3 characters :
Wrong Input : Fist letter Should be capital and must contains minimum 3 characters :
Wrong Input : Fist letter Should be capital and must contains minimum 3 characters :
Wrong Input : Fist letter Should be capital and must contains minimum 3 characters :
Wrong Input : Fist letter Should be capital and must contains minimum 3 characters :
Wrong Input : Fist letter Should be capital and must contains minimum 3 characters :
Wrong Input : Fist letter Should be capital and must contains minimum 3 characters :
Wrong Input : Fist letter Should be capital and must contains minimum 3 characters :
Wrong Input : Fist letter Should be capital and must contains minimum 3 characters :
Wrong Input : Fist letter Should be capital and must contains minimum 3 characters :
Wrong Input : Fist letter Should be capital and must contains minimum 3 characters :
Wrong Input : Fist letter Should be capital and must contains minimum 3 characters :
Wrong Input : Fist letter Should be capital and must contains minimum 3 characters :
Wrong Input : Fist letter Should be capital and must contains minimum 3 characters :
Wrong Input : Fist letter Should be capital and must contains minimum 3 characters :
Wrong Input : Fist letter Should be capital and must contains minimum 3 characters :
Wrong Input : Fist letter Should be capital and must contains minimum 3 characters :
Wrong Input : Fist letter Should be capital and must contains minimum 3 characters :
Wrong Input : Fist letter Should be capital and must contains minimum 3 characters :
Wrong Input : Fist letter Should be capital and must contains minimum 3 characters :
Wrong Input : Fist letter Should be capital and must contains minimum 3 characters :
Wrong Input : Fist letter Should be capital and must contains minimum 3 characters :
Wrong Input : Fist letter Should be capital and must contains minimum 3 characters :
Wrong Input : Fist letter Should be capital and must contains minimum 3 characters :
Wrong Input : Fist letter Should be capital and must contains minimum 3 characters :
Wrong Input : Fist letter Should be capital and must contains minimum 3 characters :
Wrong Input : Fist letter Should be capital and must contains minimum 3 characters :
Wrong Input : Fist letter Should be capital and must contains minimum 3 characters :
Wrong Input : Fist letter Should be capital and must contains minimum 3 characters :
Wrong Input : Fist letter Should be capital and must contains minimum 3 characters :
Wrong Input : Fist letter Should be capital and must contains minimum 3 characters :
Wrong Input : Fist letter Should be capital and must contains minimum 3 characters :
Wrong Input : Fist letter Should be capital and must contains minimum 3 characters :
Wrong Input : Fist letter Should be capital and must contains minimum 3 characters :
Wrong Input : Fist letter Should be capital and must contains minimum 3 characters :
Wrong Input : Fist letter Should be capital and must contains minimum 3 characters :
Wrong Input : Fist letter Should be capital and must contains minimum 3 characters :
Wrong Input : Fist letter Should be capital and must contains minimum 3 characters :
Wrong Input : Fist letter Should be capital and must contains minimum 3 characters :
Wrong Input : Fist letter Should be capital and must contains minimum 3 characters :
Wrong Input : Fist letter Should be capital and must contains minimum 3 characters :
Wrong Input : Fist letter Should be capital and must contains minimum 3 characters :
Wrong Input : Fist letter Should be capital and must contains minimum 3 characters :
Wrong Input : Fist letter Should be capital and must contains minimum 3 characters :
Wrong Input : Fist letter Should be capital and must contains minimum 3 characters :
Wrong Input : Fist letter Should be capital and must contains minimum 3 characters :
Wrong Input : Fist letter Should be capital and must contains minimum 3 characters :
Wrong Input : Fist letter Should be capital and must contains minimum 3 characters :
Wrong Input : Fist letter Should be capital and must contains minimum 3 characters :
Wrong Input : Fist letter Should be capital and must contains minimum 3 characters :
Wrong Input : Fist letter Should be capital and must contains minimum 3 characters :
Wrong Input : Fist letter Should be capital and must contains minimum 3 characters :
Wrong Input : Fist letter Should be capital and must contains minimum 3 characters :
Wrong Input : Fist letter Should be capital and must contains minimum 3 characters :
Wrong Input : Fist letter Should be capital and must contains minimum 3 characters :
Wrong Input : Fist letter Should be capital and must contains minimum 3 characters :
Wrong Input : Fist letter Should be capital and must contains minimum 3 characters :
Wrong Input : Fist letter Should be capital and must contains minimum 3 characters :
Wrong Input : Fist letter Should be capital and must contains minimum 3 characters :
Wrong Input : Fist letter Should be capital and must contains minimum 3 characters :
Wrong Input : Fist letter Should be capital and must contains minimum 3 characters :
Wrong Input : Fist letter Should be capital and must contains minimum 3 characters :
Wrong Input : Fist letter Should be capital and must contains minimum 3 characters :
Wrong Input : Fist letter Should be capital and must contains minimum 3 characters :
Wrong Input : Fist letter Should be capital and must contains minimum 3 characters :
Wrong Input : Fist letter Should be capital and must contains minimum 3 characters :
Wrong Input : Fist letter Should be capital and must contains minimum 3 characters :
Wrong Input : Fist letter Should be capital and must contains minimum 3 characters :
Wrong Input : Fist letter Should be capital and must contains minimum 3 characters :
Wrong Input : Fist letter Should be capital and must contains minimum 3 characters :
Wrong Input : Fist letter Should be capital and must contains minimum 3 characters :
Wrong Input : Fist letter Should be capital and must contains minimum 3 characters :
Wrong Input : Fist letter Should be capital and must contains minimum 3 characters :
Wrong Input : Fist letter Should be capital and must contains minimum 3 characters :
Wrong Input : Fist letter Should be capital and must contains minimum 3 characters :
Wrong Input : Fist letter Should be capital and must contains minimum 3 characters :
Wrong Input : Fist letter Should be capital and must contains minimum 3 characters :
Wrong Input : Fist letter Should be capital and must contains minimum 3 characters :
Wrong Input : Fist letter Should be capital and must contains minimum 3 characters :
Wrong Input : Fist letter Should be capital and must contains minimum 3 characters :
Wrong Input : Fist letter Should be capital and must contains minimum 3 characters :
Wrong Input : Fist letter Should be capital and must contains minimum 3 characters :
Wrong Input : Fist letter Should be capital and must contains minimum 3 characters :
Wrong Input : Fist letter Should be capital and must contains minimum 3 characters :
Wrong Input : Fist letter Should be capital and must contains minimum 3 characters :
Wrong Input : Fist letter Should be capital and must contains minimum 3 characters :
Wrong Input : Fist letter Should be capital and must contains minimum 3 characters :
Wrong Input : Fist letter Should be capital and must contains minimum 3 characters :
Wrong Input : Fist letter Should be capital and must contains minimum 3 characters :
Wrong Input : Fist letter Should be capital and must contains minimum 3 characters :
Wrong Input : Fist letter Should be capital and must contains minimum 3 characters :
Wrong Input : Fist letter Should be capital and must contains minimum 3 characters :
Wrong Input : Fist letter Should be capital and must contains minimum 3 characters :
Wrong Input : Fist letter Should be capital and must contains minimum 3 characters :
Wrong Input : Fist letter Should be capital and must contains minimum 3 characters :
Wrong Input : Fist letter Should be capital and must contains minimum 3 characters :
Wrong Input : Fist letter Should be capital and must contains minimum 3 characters :
Wrong Input : Fist letter Should be capital and must contains minimum 3 characters :
Wrong Input : Fist letter Should be capital and must contains minimum 3 characters :
Wrong Input : Fist letter Should be capital and must contains minimum 3 characters :
Wrong Input : Fist letter Should be capital and must contains minimum 3 characters :
Wrong Input : Fist letter Should be capital and must contains minimum 3 characters :
Wrong Input : Fist letter Should be capital and must contains minimum 3 characters :
Wrong Input : Fist letter Should be capital and must contains minimum 3 characters :
Wrong Input : Fist letter Should be capital and must contains minimum 3 characters :
Wrong Input : Fist letter Should be capital and must contains minimum 3 characters :
Wrong Input : Fist letter Should be capital and must contains minimum 3 characters :
Wrong Input : Fist letter Should be capital and must contains minimum 3 characters :
Wrong Input : Fist letter Should be capital and must contains minimum 3 characters :
Wrong Input : Fist letter Should be capital and must contains minimum 3 characters :
Wrong Input : Fist letter Should be capital and must contains minimum 3 characters :
Wrong Input : Fist letter Should be capital and must contains minimum 3 characters :
Wrong Input : Fist letter Should be capital and must contains minimum 3 characters :
Wrong Input : Fist letter Should be capital and must contains minimum 3 characters :
Wrong Input : Fist letter Should be capital and must contains minimum 3 characters :
Wrong Input : Fist letter Should be capital and must contains minimum 3 characters :
Wrong Input : Fist letter Should be capital and must contains minimum 3 characters :
Wrong Input : Fist letter Should be capital and must contains minimum 3 characters :
Wrong Input : Fist letter Should be capital and must contains minimum 3 characters :
Wrong Input : Fist letter Should be capital and must contains minimum 3 characters :
Wrong Input : Fist letter Should be capital and must contains minimum 3 characters :
Wrong Input : Fist letter Should be capital and must contains minimum 3 characters :
Wrong Input : Fist letter Should be capital and must contains minimum 3 characters :
Wrong Input : Fist letter Should be capital and must contains minimum 3 characters :
Wrong Input : Fist letter Should be capital and must contains minimum 3 characters :
Wrong Input : Fist letter Should be capital and must contains minimum 3 characters :
Wrong Input : Fist letter Should be capital and must contains minimum 3 characters :
Wrong Input : Fist letter Should be capital and must contains minimum 3 characters :
Wrong Input : Fist letter Should be capital and must contains minimum 3 characters :
Wrong Input : Fist letter Should be capital and must contains minimum 3 characters :
Wrong Input : Fist letter Should be capital and must contains minimum 3 characters :
Wrong Input : Fist letter Should be capital and must contains minimum 3 characters :
Wrong Input : Fist letter Should be capital and must contains minimum 3 characters :
Wrong Input : Fist letter Should be capital and must contains minimum 3 characters :
Wrong Input : Fist letter Should be capital and must contains minimum 3 characters :
Wrong Input : Fist letter Should be capital and must contains minimum 3 characters :
Wrong Input : Fist letter Should be capital and must contains minimum 3 characters :
Wrong Input : Fist letter Should be capital and must contains minimum 3 characters :
Wrong Input : Fist letter Should be capital and must contains minimum 3 characters :
Wrong Input : Fist letter Should be capital and must contains minimum 3 characters :
Wrong Input : Fist letter Should be capital and must contains minimum 3 characters :
Wrong Input : Fist letter Should be capital and must contains minimum 3 characters :
Wrong Input : Fist letter Should be capital and must contains minimum 3 characters :
Wrong Input : Fist letter Should be capital and must contains minimum 3 characters :
Wrong Input : Fist letter Should be capital and must contains minimum 3 characters :
Wrong Input : Fist letter Should be capital and must contains minimum 3 characters :
Wrong Input : Fist letter Should be capital and must contains minimum 3 characters :
Wrong Input : Fist letter Should be capital and must contains minimum 3 characters :
Wrong Input : Fist letter Should be capital and must contains minimum 3 characters :
Wrong Input : Fist letter Should be capital and must contains minimum 3 characters :
Wrong Input : Fist letter Should be capital and must contains minimum 3 characters :
Wrong Input : Fist letter Should be capital and must contains minimum 3 characters :
Wrong Input : Fist letter Should be capital and must contains minimum 3 characters :
Wrong Input : Fist letter Should be capital and must contains minimum 3 characters :
Wrong Input : Fist letter Should be capital and must contains minimum 3 characters :
Wrong Input : Fist letter Should be capital and must contains minimum 3 characters :
Wrong Input : Fist letter Should be capital and must contains minimum 3 characters :
Wrong Input : Fist letter Should be capital and must contains minimum 3 characters :
Wrong Input : Fist letter Should be capital and must contains minimum 3 characters :
Wrong Input : Fist letter Should be capital and must contains minimum 3 characters :
Wrong Input : Fist letter Should be capital and must contains minimum 3 characters :
Wrong Input : Fist letter Should be capital and must contains minimum 3 characters :
Wrong Input : Fist letter Should be capital and must contains minimum 3 characters :
Wrong Input : Fist letter Should be capital and must contains minimum 3 characters :
Wrong Input : Fist letter Should be capital and must contains minimum 3 characters :
Wrong Input : Fist letter Should be capital and must contains minimum 3 characters :
Wrong Input : Fist letter Should be capital and must contains minimum 3 characters :
Wrong Input : Fist letter Should be capital and must contains minimum 3 characters :
Wrong Input : Fist letter Should be capital and must contains minimum 3 characters :
Wrong Input : Fist letter Should be capital and must contains minimum 3 characters :
Wrong Input : Fist letter Should be capital and must contains minimum 3 characters :
Wrong Input : Fist letter Should be capital and must contains minimum 3 characters :
Wrong Input : Fist letter Should be capital and must contains minimum 3 characters :
Wrong Input : Fist letter Should be capital and must contains minimum 3 characters :
Wrong Input : Fist letter Should be capital and must contains minimum 3 characters :
Wrong Input : Fist letter Should be capital and must contains minimum 3 characters :
Wrong Input : Fist letter Should be capital and must contains minimum 3 characters :
Wrong Input : Fist letter Should be capital and must contains minimum 3 characters :
Wrong Input : Fist letter Should be capital and must contains minimum 3 characters :
Wrong Input : Fist letter Should be capital and must contains minimum 3 characters :
Wrong Input : Fist letter Should be capital and must contains minimum 3 characters :
Wrong Input : Fist letter Should be capital and must contains minimum 3 characters :
Wrong Input : Fist letter Should be capital and must contains minimum 3 characters :
Wrong Input : Fist letter Should be capital and must contains minimum 3 characters :
Wrong Input : Fist letter Should be capital and must contains minimum 3 characters :
Wrong Input : Fist letter Should be capital and must contains minimum 3 characters :
Wrong Input : Fist letter Should be capital and must contains minimum 3 characters :
Wrong Input : Fist letter Should be capital and must contains minimum 3 characters :
Wrong Input : Fist letter Should be capital and must contains minimum 3 characters :
Wrong Input : Fist letter Should be capital and must contains minimum 3 characters :
Wrong Input : Fist letter Should be capital and must contains minimum 3 characters :
Wrong Input : Fist letter Should be capital and must contains minimum 3 characters :
Wrong Input : Fist letter Should be capital and must contains minimum 3 characters :
Wrong Input : Fist letter Should be capital and must contains minimum 3 characters :
Wrong Input : Fist letter Should be capital and must contains minimum 3 characters :
Wrong Input : Fist letter Should be capital and must contains minimum 3 characters :
Wrong Input : Fist letter Should be capital and must contains minimum 3 characters :
Wrong Input : Fist letter Should be capital and must contains minimum 3 characters :
Wrong Input : Fist letter Should be capital and must contains minimum 3 characters :
Wrong Input : Fist letter Should be capital and must contains minimum 3 characters :
Wrong Input : Fist letter Should be capital and must contains minimum 3 characters :
Wrong Input : Fist letter Should be capital and must contains minimum 3 characters :
Wrong Input : Fist letter Should be capital and must contains minimum 3 characters :
Wrong Input : Fist letter Should be capital and must contains minimum 3 characters :
Wrong Input : Fist letter Should be capital and must contains minimum 3 characters :
Wrong Input : Fist letter Should be capital and must contains minimum 3 characters :
Wrong Input : Fist letter Should be capital and must contains minimum 3 characters :
Wrong Input : Fist letter Should be capital and must contains minimum 3 characters :
Wrong Input : Fist letter Should be capital and must contains minimum 3 characters :
Wrong Input : Fist letter Should be capital and must contains minimum 3 characters :
Wrong Input : Fist letter Should be capital and must contains minimum 3 characters :
Wrong Input : Fist letter Should be capital and must contains minimum 3 characters :
Wrong Input : Fist letter Should be capital and must contains minimum 3 characters :
Wrong Input : Fist letter Should be capital and must contains minimum 3 characters :
Wrong Input : Fist letter Should be capital and must contains minimum 3 characters :
Wrong Input : Fist letter Should be capital and must contains minimum 3 characters :
Wrong Input : Fist letter Should be capital and must contains minimum 3 characters :
Wrong Input : Fist letter Should be capital and must contains minimum 3 characters :
Wrong Input : Fist letter Should be capital and must contains minimum 3 characters :
Wrong Input : Fist letter Should be capital and must contains minimum 3 characters :
Wrong Input : Fist letter Should be capital and must contains minimum 3 characters :
Wrong Input : Fist letter Should be capital and must contains minimum 3 characters :
Wrong Input : Fist letter Should be capital and must contains minimum 3 characters :
Wrong Input : Fist letter Should be capital and must contains minimum 3 characters :
Wrong Input : Fist letter Should be capital and must contains minimum 3 characters :
Wrong Input : Fist letter Should be capital and must contains minimum 3 characters :
Wrong Input : Fist letter Should be capital and must contains minimum 3 characters :
Wrong Input : Fist letter Should be capital and must contains minimum 3 characters :
Wrong Input : Fist letter Should be capital and must contains minimum 3 characters :
Wrong Input : Fist letter Should be capital and must contains minimum 3 characters :
Wrong Input : Fist letter Should be capital and must contains minimum 3 characters :
Wrong Input : Fist letter Should be capital and must contains minimum 3 characters :
Wrong Input : Fist letter Should be capital and must contains minimum 3 characters :
Wrong Input : Fist letter Should be capital and must contains minimum 3 characters :
Wrong Input : Fist letter Should be capital and must contains minimum 3 characters :
Wrong Input : Fist letter Should be capital and must contains minimum 3 characters :
Wrong Input : Fist letter Should be capital and must contains minimum 3 characters :
Wrong Input : Fist letter Should be capital and must contains minimum 3 characters :
Wrong Input : Fist letter Should be capital and must contains minimum 3 characters :
Wrong Input : Fist letter Should be capital and must contains minimum 3 characters :
Wrong Input : Fist letter Should be capital and must contains minimum 3 characters :
Wrong Input : Fist letter Should be capital and must contains minimum 3 characters :
Wrong Input : Fist letter Should be capital and must contains minimum 3 characters :
Wrong Input : Fist letter Should be capital and must contains minimum 3 characters :
Wrong Input : Fist letter Should be capital and must contains minimum 3 characters :
Wrong Input : Fist letter Should be capital and must contains minimum 3 characters :
Wrong Input : Fist letter Should be capital and must contains minimum 3 characters :
Wrong Input : Fist letter Should be capital and must contains minimum 3 characters :
Wrong Input : Fist letter Should be capital and must contains minimum 3 characters :
Wrong Input : Fist letter Should be capital and must contains minimum 3 characters :
Wrong Input : Fist letter Should be capital and must contains minimum 3 characters :
Wrong Input : Fist letter Should be capital and must contains minimum 3 characters :
Wrong Input : Fist letter Should be capital and must contains minimum 3 characters :
Wrong Input : Fist letter Should be capital and must contains minimum 3 characters :
Wrong Input : Fist letter Should be capital and must contains minimum 3 characters :
Wrong Input : Fist letter Should be capital and must contains minimum 3 characters :
Wrong Input : Fist letter Should be capital and must contains minimum 3 characters :
Wrong Input : Fist letter Should be capital and must contains minimum 3 characters :
Wrong Input : Fist letter Should be capital and must contains minimum 3 characters :
Wrong Input : Fist letter Should be capital and must contains minimum 3 characters :
Wrong Input : Fist letter Should be capital and must contains minimum 3 characters :
Wrong Input : Fist letter Should be capital and must contains minimum 3 characters :
Wrong Input : Fist letter Should be capital and must contains minimum 3 characters :
Wrong Input : Fist letter Should be capital and must contains minimum 3 characters :
Wrong Input : Fist letter Should be capital and must contains minimum 3 characters :
Wrong Input : Fist letter Should be capital and must contains minimum 3 characters :
Wrong Input : Fist letter Should be capital and must contains minimum 3 characters :
Wrong Input : Fist letter Should be capital and must contains minimum 3 characters :
Wrong Input : Fist letter Should be capital and must contains minimum 3 characters :
Wrong Input : Fist letter Should be capital and must contains minimum 3 characters :
Wrong Input : Fist letter Should be capital and must contains minimum 3 characters :
Wrong Input : Fist letter Should be capital and must contains minimum 3 characters :
Wrong Input : Fist letter Should be capital and must contains minimum 3 characters :
Wrong Input : Fist letter Should be capital and must contains minimum 3 characters :
Wrong Input : Fist letter Should be capital and must contains minimum 3 characters :
Wrong Input : Fist letter Should be capital and must contains minimum 3 characters :
Wrong Input : Fist letter Should be capital and must contains minimum 3 characters :
Wrong Input : Fist letter Should be capital and must contains minimum 3 characters :
Wrong Input : Fist letter Should be capital and must contains minimum 3 characters :
Wrong Input : Fist letter Should be capital and must contains minimum 3 characters :
Wrong Input : Fist letter Should be capital and must contains minimum 3 characters :
Wrong Input : Fist letter Should be capital and must contains minimum 3 characters :
Wrong Input : Fist letter Should be capital and must contains minimum 3 characters :
Wrong Input : Fist letter Should be capital and must contains minimum 3 characters :
Wrong Input : Fist letter Should be capital and must contains minimum 3 characters :
Wrong Input : Fist letter Should be capital and must contains minimum 3 characters :
Wrong Input : Fist letter Should be capital and must contains minimum 3 characters :
Wrong Input : Fist letter Should be capital and must contains minimum 3 characters :
Wrong Input : Fist letter Should be capital and must contains minimum 3 characters :
Wrong Input : Fist letter Should be capital and must contains minimum 3 characters :
Wrong Input : Fist letter Should be capital and must contains minimum 3 characters :
Wrong Input : Fist letter Should be capital and must contains minimum 3 characters :
Wrong Input : Fist letter Should be capital and must contains minimum 3 characters :
Wrong Input : Fist letter Should be capital and must contains minimum 3 characters :
Wrong Input : Fist letter Should be capital and must contains minimum 3 characters :
Wrong Input : Fist letter Should be capital and must contains minimum 3 characters :
Wrong Input : Fist letter Should be capital and must contains minimum 3 characters :
Wrong Input : Fist letter Should be capital and must contains minimum 3 characters :
Wrong Input : Fist letter Should be capital and must contains minimum 3 characters :
Wrong Input : Fist letter Should be capital and must contains minimum 3 characters :
Wrong Input : Fist letter Should be capital and must contains minimum 3 characters :
Wrong Input : Fist letter Should be capital and must contains minimum 3 characters :
Wrong Input : Fist letter Should be capital and must contains minimum 3 characters :
Wrong Input : Fist letter Should be capital and must contains minimum 3 characters :
Wrong Input : Fist letter Should be capital and must contains minimum 3 characters :
Wrong Input : Fist letter Should be capital and must contains minimum 3 characters :
Wrong Input : Fist letter Should be capital and must contains minimum 3 characters :
Wrong Input : Fist letter Should be capital and must contains minimum 3 characters :
Wrong Input : Fist letter Should be capital and must contains minimum 3 characters :
Wrong Input : Fist letter Should be capital and must contains minimum 3 characters :
Wrong Input : Fist letter Should be capital and must contains minimum 3 characters :
Wrong Input : Fist letter Should be capital and must contains minimum 3 characters :
Wrong Input : Fist letter Should be capital and must contains minimum 3 characters :
Wrong Input : Fist letter Should be capital and must contains minimum 3 characters :
Wrong Input : Fist letter Should be capital and must contains minimum 3 characters :
Wrong Input : Fist letter Should be capital and must contains minimum 3 characters :
Wrong Input : Fist letter Should be capital and must contains minimum 3 characters :
Wrong Input : Fist letter Should be capital and must contains minimum 3 characters :
Wrong Input : Fist letter Should be capital and must contains minimum 3 characters :
Wrong Input : Fist letter Should be capital and must contains minimum 3 characters :
Wrong Input : Fist letter Should be capital and must contains minimum 3 characters :
Wrong Input : Fist letter Should be capital and must contains minimum 3 characters :
Wrong Input : Fist letter Should be capital and must contains minimum 3 characters :
Wrong Input : Fist letter Should be capital and must contains minimum 3 characters :
Wrong Input : Fist letter Should be capital and must contains minimum 3 characters :
Wrong Input : Fist letter Should be capital and must contains minimum 3 characters :
Wrong Input : Fist letter Should be capital and must contains minimum 3 characters :
Wrong Input : Fist letter Should be capital and must contains minimum 3 characters :
Wrong Input : Fist letter Should be capital and must contains minimum 3 characters :
Wrong Input : Fist letter Should be capital and must contains minimum 3 characters :
Wrong Input : Fist letter Should be capital and must contains minimum 3 characters :
Wrong Input : Fist letter Should be capital and must contains minimum 3 characters :
Wrong Input : Fist letter Should be capital and must contains minimum 3 characters :
Wrong Input : Fist letter Should be capital and must contains minimum 3 characters :
Wrong Input : Fist letter Should be capital and must contains minimum 3 characters :
Wrong Input : Fist letter Should be capital and must contains minimum 3 characters :
Wrong Input : Fist letter Should be capital and must contains minimum 3 characters :
Wrong Input : Fist letter Should be capital and must contains minimum 3 characters :
Wrong Input : Fist letter Should be capital and must contains minimum 3 characters :
Wrong Input : Fist letter Should be capital and must contains minimum 3 characters :
Wrong Input : Fist letter Should be capital and must contains minimum 3 characters :
Wrong Input : Fist letter Should be capital and must contains minimum 3 characters :
Wrong Input : Fist letter Should be capital and must contains minimum 3 characters :
Wrong Input : Fist letter Should be capital and must contains minimum 3 characters :
Wrong Input : Fist letter Should be capital and must contains minimum 3 characters :
Wrong Input : Fist letter Should be capital and must contains minimum 3 characters :
Wrong Input : Fist letter Should be capital and must contains minimum 3 characters :
Wrong Input : Fist letter Should be capital and must contains minimum 3 characters :
Wrong Input : Fist letter Should be capital and must contains minimum 3 characters :
Wrong Input : Fist letter Should be capital and must contains minimum 3 characters :
Wrong Input : Fist letter Should be capital and must contains minimum 3 characters :
Wrong Input : Fist letter Should be capital and must contains minimum 3 characters :
Wrong Input : Fist letter Should be capital and must contains minimum 3 characters :
Wrong Input : Fist letter Should be capital and must contains minimum 3 characters :
Wrong Input : Fist letter Should be capital and must contains minimum 3 characters :
Wrong Input : Fist letter Should be capital and must contains minimum 3 characters :
Wrong Input : Fist letter Should be capital and must contains minimum 3 characters :
Wrong Input : Fist letter Should be capital and must contains minimum 3 characters :
Wrong Input : Fist letter Should be capital and must contains minimum 3 characters :
Wrong Input : Fist letter Should be capital and must contains minimum 3 characters :
Wrong Input : Fist letter Should be capital and must contains minimum 3 characters :
Wrong Input : Fist letter Should be capital and must contains minimum 3 characters :
Wrong Input : Fist letter Should be capital and must contains minimum 3 characters :
Wrong Input : Fist letter Should be capital and must contains minimum 3 characters :
Wrong Input : Fist letter Should be capital and must contains minimum 3 characters :
Wrong Input : Fist letter Should be capital and must contains minimum 3 characters :
Wrong Input : Fist letter Should be capital and must contains minimum 3 characters :
Wrong Input : Fist letter Should be capital and must contains minimum 3 characters :
Wrong Input : Fist letter Should be capital and must contains minimum 3 characters :
Wrong Input : Fist letter Should be capital and must contains minimum 3 characters :
Wrong Input : Fist letter Should be capital and must contains minimum 3 characters :
Wrong Input : Fist letter Should be capital and must contains minimum 3 characters :
Wrong Input : Fist letter Should be capital and must contains minimum 3 characters :
Wrong Input : Fist letter Should be capital and must contains minimum 3 characters :
Wrong Input : Fist letter Should be capital and must contains minimum 3 characters :
Wrong Input : Fist letter Should be capital and must contains minimum 3 characters :
Wrong Input : Fist letter Should be capital and must contains minimum 3 characters :
Wrong Input : Fist letter Should be capital and must contains minimum 3 characters :
Wrong Input : Fist letter Should be capital and must contains minimum 3 characters :
Wrong Input : Fist letter Should be capital and must contains minimum 3 characters :
Wrong Input : Fist letter Should be capital and must contains minimum 3 characters :
Wrong Input : Fist letter Should be capital and must contains minimum 3 characters :
Wrong Input : Fist letter Should be capital and must contains minimum 3 characters :
Wrong Input : Fist letter Should be capital and must contains minimum 3 characters :
Wrong Input : Fist letter Should be capital and must contains minimum 3 characters :
Wrong Input : Fist letter Should be capital and must contains minimum 3 characters :
Wrong Input : Fist letter Should be capital and must contains minimum 3 characters :
Wrong Input : Fist letter Should be capital and must contains minimum 3 characters :
Wrong Input : Fist letter Should be capital and must contains minimum 3 characters :
Wrong Input : Fist letter Should be capital and must contains minimum 3 characters :
Wrong Input : Fist letter Should be capital and must contains minimum 3 characters :
Wrong Input : Fist letter Should be capital and must contains minimum 3 characters :
Wrong Input : Fist letter Should be capital and must contains minimum 3 characters :
Wrong Input : Fist letter Should be capital and must contains minimum 3 characters :
Wrong Input : Fist letter Should be capital and must contains minimum 3 characters :
Wrong Input : Fist letter Should be capital and must contains minimum 3 characters :
Wrong Input : Fist letter Should be capital and must contains minimum 3 characters :
Wrong Input : Fist letter Should be capital and must contains minimum 3 characters :
Wrong Input : Fist letter Should be capital and must contains minimum 3 characters :
Wrong Input : Fist letter Should be capital and must contains minimum 3 characters :
Wrong Input : Fist letter Should be capital and must contains minimum 3 characters :
Wrong Input : Fist letter Should be capital and must contains minimum 3 characters :
Wrong Input : Fist letter Should be capital and must contains minimum 3 characters :
Wrong Input : Fist letter Should be capital and must contains minimum 3 characters :
Wrong Input : Fist letter Should be capital and must contains minimum 3 characters :
Wrong Input : Fist letter Should be capital and must contains minimum 3 characters :
Wrong Input : Fist letter Should be capital and must contains minimum 3 characters :
Wrong Input : Fist letter Should be capital and must contains minimum 3 characters :
Wrong Input : Fist letter Should be capital and must contains minimum 3 characters :
Wrong Input : Fist letter Should be capital and must contains minimum 3 characters :
Wrong Input : Fist letter Should be capital and must contains minimum 3 characters :
Wrong Input : Fist letter Should be capital and must contains minimum 3 characters :
Wrong Input : Fist letter Should be capital and must contains minimum 3 characters :
Wrong Input : Fist letter Should be capital and must contains minimum 3 characters :
Wrong Input : Fist letter Should be capital and must contains minimum 3 characters :
Wrong Input : Fist letter Should be capital and must contains minimum 3 characters :
Wrong Input : Fist letter Should be capital and must contains minimum 3 characters :
Wrong Input : Fist letter Should be capital and must contains minimum 3 characters :
Wrong Input : Fist letter Should be capital and must contains minimum 3 characters :
Wrong Input : Fist letter Should be capital and must contains minimum 3 characters :
Wrong Input : Fist letter Should be capital and must contains minimum 3 characters :
Wrong Input : Fist letter Should be capital and must contains minimum 3 characters :
Wrong Input : Fist letter Should be capital and must contains minimum 3 characters :
Wrong Input : Fist letter Should be capital and must contains minimum 3 characters :
Wrong Input : Fist letter Should be capital and must contains minimum 3 characters :
Wrong Input : Fist letter Should be capital and must contains minimum 3 characters :
Wrong Input : Fist letter Should be capital and must contains minimum 3 characters :
Wrong Input : Fist letter Should be capital and must contains minimum 3 characters :
Wrong Input : Fist letter Should be capital and must contains minimum 3 characters :
Wrong Input : Fist letter Should be capital and must contains minimum 3 characters :
Wrong Input : Fist letter Should be capital and must contains minimum 3 characters :
Wrong Input : Fist letter Should be capital and must contains minimum 3 characters :
Wrong Input : Fist letter Should be capital and must contains minimum 3 characters :
Wrong Input : Fist letter Should be capital and must contains minimum 3 characters :
Wrong Input : Fist letter Should be capital and must contains minimum 3 characters :
Wrong Input : Fist letter Should be capital and must contains minimum 3 characters :
Wrong Input : Fist letter Should be capital and must contains minimum 3 characters :
Wrong Input : Fist letter Should be capital and must contains minimum 3 characters :
Wrong Input : Fist letter Should be capital and must contains minimum 3 characters :
Wrong Input : Fist letter Should be capital and must contains minimum 3 characters :
Wrong Input : Fist letter Should be capital and must contains minimum 3 characters :
Wrong Input : Fist letter Should be capital and must contains minimum 3 characters :
Wrong Input : Fist letter Should be capital and must contains minimum 3 characters :
Wrong Input : Fist letter Should be capital and must contains minimum 3 characters :
Wrong Input : Fist letter Should be capital and must contains minimum 3 characters :
Wrong Input : Fist letter Should be capital and must contains minimum 3 characters :
Wrong Input : Fist letter Should be capital and must contains minimum 3 characters :
Wrong Input : Fist letter Should be capital and must contains minimum 3 characters :
Wrong Input : Fist letter Should be capital and must contains minimum 3 characters :
Wrong Input : Fist letter Should be capital and must contains minimum 3 characters :
Wrong Input : Fist letter Should be capital and must contains minimum 3 characters :
Wrong Input : Fist letter Should be capital and must contains minimum 3 characters :
Wrong Input : Fist letter Should be capital and must contains minimum 3 characters :
Wrong Input : Fist letter Should be capital and must contains minimum 3 characters :
Wrong Input : Fist letter Should be capital and must contains minimum 3 characters :
Wrong Input : Fist letter Should be capital and must contains minimum 3 characters :
Wrong Input : Fist letter Should be capital and must contains minimum 3 characters :
Wrong Input : Fist letter Should be capital and must contains minimum 3 characters :
Wrong Input : Fist letter Should be capital and must contains minimum 3 characters :
Wrong Input : Fist letter Should be capital and must contains minimum 3 characters :
Wrong Input : Fist letter Should be capital and must contains minimum 3 characters :
Wrong Input : Fist letter Should be capital and must contains minimum 3 characters :
Wrong Input : Fist letter Should be capital and must contains minimum 3 characters :
Wrong Input : Fist letter Should be capital and must contains minimum 3 characters :
Wrong Input : Fist letter Should be capital and must contains minimum 3 characters :
Wrong Input : Fist letter Should be capital and must contains minimum 3 characters :
Wrong Input : Fist letter Should be capital and must contains minimum 3 characters :
Wrong Input : Fist letter Should be capital and must contains minimum 3 characters :
Wrong Input : Fist letter Should be capital and must contains minimum 3 characters :
Wrong Input : Fist letter Should be capital and must contains minimum 3 characters :
Wrong Input : Fist letter Should be capital and must contains minimum 3 characters :
Wrong Input : Fist letter Should be capital and must contains minimum 3 characters :
Wrong Input : Fist letter Should be capital and must contains minimum 3 characters :
Wrong Input : Fist letter Should be capital and must contains minimum 3 characters :
Wrong Input : Fist letter Should be capital and must contains minimum 3 characters :
Wrong Input : Fist letter Should be capital and must contains minimum 3 characters :
Wrong Input : Fist letter Should be capital and must contains minimum 3 characters :
Wrong Input : Fist letter Should be capital and must contains minimum 3 characters :
Wrong Input : Fist letter Should be capital and must contains minimum 3 characters :
Wrong Input : Fist letter Should be capital and must contains minimum 3 characters :
Wrong Input : Fist letter Should be capital and must contains minimum 3 characters :
Wrong Input : Fist letter Should be capital and must contains minimum 3 characters :
Wrong Input : Fist letter Should be capital and must contains minimum 3 characters :
Wrong Input : Fist letter Should be capital and must contains minimum 3 characters :
Wrong Input : Fist letter Should be capital and must contains minimum 3 characters :
Wrong Input : Fist letter Should be capital and must contains minimum 3 characters :
Wrong Input : Fist letter Should be capital and must contains minimum 3 characters :
Wrong Input : Fist letter Should be capital and must contains minimum 3 characters :
Wrong Input : Fist letter Should be capital and must contains minimum 3 characters :
Wrong Input : Fist letter Should be capital and must contains minimum 3 characters :
Wrong Input : Fist letter Should be capital and must contains minimum 3 characters :
Wrong Input : Fist letter Should be capital and must contains minimum 3 characters :
Wrong Input : Fist letter Should be capital and must contains minimum 3 characters :
Wrong Input : Fist letter Should be capital and must contains minimum 3 characters :
Wrong Input : Fist letter Should be capital and must contains minimum 3 characters :
Wrong Input : Fist letter Should be capital and must contains minimum 3 characters :
Wrong Input : Fist letter Should be capital and must contains minimum 3 characters :
Wrong Input : Fist letter Should be capital and must contains minimum 3 characters :
Wrong Input : Fist letter Should be capital and must contains minimum 3 characters :
Wrong Input : Fist letter Should be capital and must contains minimum 3 characters :
Wrong Input : Fist letter Should be capital and must contains minimum 3 characters :
Wrong Input : Fist letter Should be capital and must contains minimum 3 characters :
Wrong Input : Fist letter Should be capital and must contains minimum 3 characters :
Wrong Input : Fist letter Should be capital and must contains minimum 3 characters :
Wrong Input : Fist letter Should be capital and must contains minimum 3 characters :
Wrong Input : Fist letter Should be capital and must contains minimum 3 characters :
Wrong Input : Fist letter Should be capital and must contains minimum 3 characters :
Wrong Input : Fist letter Should be capital and must contains minimum 3 characters :
Wrong Input : Fist letter Should be capital and must contains minimum 3 characters :
Wrong Input : Fist letter Should be capital and must contains minimum 3 characters :
Wrong Input : Fist letter Should be capital and must contains minimum 3 characters :
Wrong Input : Fist letter Should be capital and must contains minimum 3 characters :
Wrong Input : Fist letter Should be capital and must contains minimum 3 characters :
Wrong Input : Fist letter Should be capital and must contains minimum 3 characters :
Wrong Input : Fist letter Should be capital and must contains minimum 3 characters :
Wrong Input : Fist letter Should be capital and must contains minimum 3 characters :
Wrong Input : Fist letter Should be capital and must contains minimum 3 characters :
Wrong Input : Fist letter Should be capital and must contains minimum 3 characters :
Wrong Input : Fist letter Should be capital and must contains minimum 3 characters :
Wrong Input : Fist letter Should be capital and must contains minimum 3 characters :
Wrong Input : Fist letter Should be capital and must contains minimum 3 characters :
Wrong Input : Fist letter Should be capital and must contains minimum 3 characters :
Wrong Input : Fist letter Should be capital and must contains minimum 3 characters :
Wrong Input : Fist letter Should be capital and must contains minimum 3 characters :
Wrong Input : Fist letter Should be capital and must contains minimum 3 characters :
Wrong Input : Fist letter Should be capital and must contains minimum 3 characters :
Wrong Input : Fist letter Should be capital and must contains minimum 3 characters :
Wrong Input : Fist letter Should be capital and must contains minimum 3 characters :
Wrong Input : Fist letter Should be capital and must contains minimum 3 characters :
Wrong Input : Fist letter Should be capital and must contains minimum 3 characters :
Wrong Input : Fist letter Should be capital and must contains minimum 3 characters :
Wrong Input : Fist letter Should be capital and must contains minimum 3 characters :
Wrong Input : Fist letter Should be capital and must contains minimum 3 characters :
Wrong Input : Fist letter Should be capital and must contains minimum 3 characters :
Wrong Input : Fist letter Should be capital and must contains minimum 3 characters :
Wrong Input : Fist letter Should be capital and must contains minimum 3 characters :
Wrong Input : Fist letter Should be capital and must contains minimum 3 characters :
Wrong Input : Fist letter Should be capital and must contains minimum 3 characters :
Wrong Input : Fist letter Should be capital and must contains minimum 3 characters :
Wrong Input : Fist letter Should be capital and must contains minimum 3 characters :
Wrong Input : Fist letter Should be capital and must contains minimum 3 characters :
Wrong Input : Fist letter Should be capital and must contains minimum 3 characters :
Wrong Input : Fist letter Should be capital and must contains minimum 3 characters :
Wrong Input : Fist letter Should be capital and must contains minimum 3 characters :
Wrong Input : Fist letter Should be capital and must contains minimum 3 characters :
Wrong Input : Fist letter Should be capital and must contains minimum 3 characters :
Wrong Input : Fist letter Should be capital and must contains minimum 3 characters :
Wrong Input : Fist letter Should be capital and must contains minimum 3 characters :
Wrong Input : Fist letter Should be capital and must contains minimum 3 characters :
Wrong Input : Fist letter Should be capital and must contains minimum 3 characters :
Wrong Input : Fist letter Should be capital and must contains minimum 3 characters :
Wrong Input : Fist letter Should be capital and must contains minimum 3 characters :
Wrong Input : Fist letter Should be capital and must contains minimum 3 characters :
Wrong Input : Fist letter Should be capital and must contains minimum 3 characters :
Wrong Input : Fist letter Should be capital and must contains minimum 3 characters :
Wrong Input : Fist letter Should be capital and must contains minimum 3 characters :
Wrong Input : Fist letter Should be capital and must contains minimum 3 characters :
Wrong Input : Fist letter Should be capital and must contains minimum 3 characters :
Wrong Input : Fist letter Should be capital and must contains minimum 3 characters :
Wrong Input : Fist letter Should be capital and must contains minimum 3 characters :
Wrong Input : Fist letter Should be capital and must contains minimum 3 characters :
Wrong Input : Fist letter Should be capital and must contains minimum 3 characters :
Wrong Input : Fist letter Should be capital and must contains minimum 3 characters :
Wrong Input : Fist letter Should be capital and must contains minimum 3 characters :
Wrong Input : Fist letter Should be capital and must contains minimum 3 characters :
Wrong Input : Fist letter Should be capital and must contains minimum 3 characters :
Wrong Input : Fist letter Should be capital and must contains minimum 3 characters :
Wrong Input : Fist letter Should be capital and must contains minimum 3 characters :
Wrong Input : Fist letter Should be capital and must contains minimum 3 characters :
Wrong Input : Fist letter Should be capital and must contains minimum 3 characters :
Wrong Input : Fist letter Should be capital and must contains minimum 3 characters :
Wrong Input : Fist letter Should be capital and must contains minimum 3 characters :
Wrong Input : Fist letter Should be capital and must contains minimum 3 characters :
Wrong Input : Fist letter Should be capital and must contains minimum 3 characters :
Wrong Input : Fist letter Should be capital and must contains minimum 3 characters :
Wrong Input : Fist letter Should be capital and must contains minimum 3 characters :
Wrong Input : Fist letter Should be capital and must contains minimum 3 characters :
Wrong Input : Fist letter Should be capital and must contains minimum 3 characters :
Wrong Input : Fist letter Should be capital and must contains minimum 3 characters :
Wrong Input : Fist letter Should be capital and must contains minimum 3 characters :
Wrong Input : Fist letter Should be capital and must contains minimum 3 characters :
Wrong Input : Fist letter Should be capital and must contains minimum 3 characters :
Wrong Input : Fist letter Should be capital and must contains minimum 3 characters :
Wrong Input : Fist letter Should be capital and must contains minimum 3 characters :
Wrong Input : Fist letter Should be capital and must contains minimum 3 characters :
Wrong Input : Fist letter Should be capital and must contains minimum 3 characters :
Wrong Input : Fist letter Should be capital and must contains minimum 3 characters :
Wrong Input : Fist letter Should be capital and must contains minimum 3 characters :
Wrong Input : Fist letter Should be capital and must contains minimum 3 characters :
Wrong Input : Fist letter Should be capital and must contains minimum 3 characters :
Wrong Input : Fist letter Should be capital and must contains minimum 3 characters :
Wrong Input : Fist letter Should be capital and must contains minimum 3 characters :
Wrong Input : Fist letter Should be capital and must contains minimum 3 characters :
Wrong Input : Fist letter Should be capital and must contains minimum 3 characters :
Wrong Input : Fist letter Should be capital and must contains minimum 3 characters :
Wrong Input : Fist letter Should be capital and must contains minimum 3 characters :
Wrong Input : Fist letter Should be capital and must contains minimum 3 characters :
Wrong Input : Fist letter Should be capital and must contains minimum 3 characters :
Wrong Input : Fist letter Should be capital and must contains minimum 3 characters :
Wrong Input : Fist letter Should be capital and must contains minimum 3 characters :
Wrong Input : Fist letter Should be capital and must contains minimum 3 characters :
Wrong Input : Fist letter Should be capital and must contains minimum 3 characters :
Wrong Input : Fist letter Should be capital and must contains minimum 3 characters :
Wrong Input : Fist letter Should be capital and must contains minimum 3 characters :
Wrong Input : Fist letter Should be capital and must contains minimum 3 characters :
Wrong Input : Fist letter Should be capital and must contains minimum 3 characters :
Wrong Input : Fist letter Should be capital and must contains minimum 3 characters :
Wrong Input : Fist letter Should be capital and must contains minimum 3 characters :
Wrong Input : Fist letter Should be capital and must contains minimum 3 characters :
Wrong Input : Fist letter Should be capital and must contains minimum 3 characters :
Wrong Input : Fist letter Should be capital and must contains minimum 3 characters :
Wrong Input : Fist letter Should be capital and must contains minimum 3 characters :
Wrong Input : Fist letter Should be capital and must contains minimum 3 characters :
Wrong Input : Fist letter Should be capital and must contains minimum 3 characters :
Wrong Input : Fist letter Should be capital and must contains minimum 3 characters :
Wrong Input : Fist letter Should be capital and must contains minimum 3 characters :
Wrong Input : Fist letter Should be capital and must contains minimum 3 characters :
Wrong Input : Fist letter Should be capital and must contains minimum 3 characters :
Wrong Input : Fist letter Should be capital and must contains minimum 3 characters :
Wrong Input : Fist letter Should be capital and must contains minimum 3 characters :
Wrong Input : Fist letter Should be capital and must contains minimum 3 characters :
Wrong Input : Fist letter Should be capital and must contains minimum 3 characters :
Wrong Input : Fist letter Should be capital and must contains minimum 3 characters :
Wrong Input : Fist letter Should be capital and must contains minimum 3 characters :
Wrong Input : Fist letter Should be capital and must contains minimum 3 characters :
Wrong Input : Fist letter Should be capital and must contains minimum 3 characters :
Wrong Input : Fist letter Should be capital and must contains minimum 3 characters :
Wrong Input : Fist letter Should be capital and must contains minimum 3 characters :
Wrong Input : Fist letter Should be capital and must contains minimum 3 characters :
Wrong Input : Fist letter Should be capital and must contains minimum 3 characters :
Wrong Input : Fist letter Should be capital and must contains minimum 3 characters :
Wrong Input : Fist letter Should be capital and must contains minimum 3 characters :
Wrong Input : Fist letter Should be capital and must contains minimum 3 characters :
Wrong Input : Fist letter Should be capital and must contains minimum 3 characters :
Wrong Input : Fist letter Should be capital and must contains minimum 3 characters :
Wrong Input : Fist letter Should be capital and must contains minimum 3 characters :
Wrong Input : Fist letter Should be capital and must contains minimum 3 characters :
Wrong Input : Fist letter Should be capital and must contains minimum 3 characters :
Wrong Input : Fist letter Should be capital and must contains minimum 3 characters :
Wrong Input : Fist letter Should be capital and must contains minimum 3 characters :
Wrong Input : Fist letter Should be capital and must contains minimum 3 characters :
Wrong Input : Fist letter Should be capital and must contains minimum 3 characters :
Wrong Input : Fist letter Should be capital and must contains minimum 3 characters :
Wrong Input : Fist letter Should be capital and must contains minimum 3 characters :
Wrong Input : Fist letter Should be capital and must contains minimum 3 characters :
Wrong Input : Fist letter Should be capital and must contains minimum 3 characters :
Wrong Input : Fist letter Should be capital and must contains minimum 3 characters :
Wrong Input : Fist letter Should be capital and must contains minimum 3 characters :
Wrong Input : Fist letter Should be capital and must contains minimum 3 characters :
Wrong Input : Fist letter Should be capital and must contains minimum 3 characters :
Wrong Input : Fist letter Should be capital and must contains minimum 3 characters :
Wrong Input : Fist letter Should be capital and must contains minimum 3 characters :
Wrong Input : Fist letter Should be capital and must contains minimum 3 characters :
Wrong Input : Fist letter Should be capital and must contains minimum 3 characters :
Wrong Input : Fist letter Should be capital and must contains minimum 3 characters :
Wrong Input : Fist letter Should be capital and must contains minimum 3 characters :
Wrong Input : Fist letter Should be capital and must contains minimum 3 characters :
Wrong Input : Fist letter Should be capital and must contains minimum 3 characters :
Wrong Input : Fist letter Should be capital and must contains minimum 3 characters :
Wrong Input : Fist letter Should be capital and must contains minimum 3 characters :
Wrong Input : Fist letter Should be capital and must contains minimum 3 characters :
Wrong Input : Fist letter Should be capital and must contains minimum 3 characters :
Wrong Input : Fist letter Should be capital and must contains minimum 3 characters :
Wrong Input : Fist letter Should be capital and must contains minimum 3 characters :
Wrong Input : Fist letter Should be capital and must contains minimum 3 characters :
Wrong Input : Fist letter Should be capital and must contains minimum 3 characters :
Wrong Input : Fist letter Should be capital and must contains minimum 3 characters :
Wrong Input : Fist letter Should be capital and must contains minimum 3 characters :
Wrong Input : Fist letter Should be capital and must contains minimum 3 characters :
Wrong Input : Fist letter Should be capital and must contains minimum 3 characters :
Wrong Input : Fist letter Should be capital and must contains minimum 3 characters :
Wrong Input : Fist letter Should be capital and must contains minimum 3 characters :
Wrong Input : Fist letter Should be capital and must contains minimum 3 characters :
Wrong Input : Fist letter Should be capital and must contains minimum 3 characters :
Wrong Input : Fist letter Should be capital and must contains minimum 3 characters :
Wrong Input : Fist letter Should be capital and must contains minimum 3 characters :
Wrong Input : Fist letter Should be capital and must contains minimum 3 characters :
Wrong Input : Fist letter Should be capital and must contains minimum 3 characters :
Wrong Input : Fist letter Should be capital and must contains minimum 3 characters :
Wrong Input : Fist letter Should be capital and must contains minimum 3 characters :
Wrong Input : Fist letter Should be capital and must contains minimum 3 characters :
Wrong Input : Fist letter Should be capital and must contains minimum 3 characters :
Wrong Input : Fist letter Should be capital and must contains minimum 3 characters :
Wrong Input : Fist letter Should be capital and must contains minimum 3 characters :
Wrong Input : Fist letter Should be capital and must contains minimum 3 characters :
Wrong Input : Fist letter Should be capital and must contains minimum 3 characters :
Wrong Input : Fist letter Should be capital and must contains minimum 3 characters :
Wrong Input : Fist letter Should be capital and must contains minimum 3 characters :
Wrong Input : Fist letter Should be capital and must contains minimum 3 characters :
Wrong Input : Fist letter Should be capital and must contains minimum 3 characters :
Wrong Input : Fist letter Should be capital and must contains minimum 3 characters :
Wrong Input : Fist letter Should be capital and must contains minimum 3 characters :
Wrong Input : Fist letter Should be capital and must contains minimum 3 characters :
Wrong Input : Fist letter Should be capital and must contains minimum 3 characters :
Wrong Input : Fist letter Should be capital and must contains minimum 3 characters :
Wrong Input : Fist letter Should be capital and must contains minimum 3 characters :
Wrong Input : Fist letter Should be capital and must contains minimum 3 characters :
Wrong Input : Fist letter Should be capital and must contains minimum 3 characters :
Wrong Input : Fist letter Should be capital and must contains minimum 3 characters :
Wrong Input : Fist letter Should be capital and must contains minimum 3 characters :
Wrong Input : Fist letter Should be capital and must contains minimum 3 characters :
Wrong Input : Fist letter Should be capital and must contains minimum 3 characters :
Wrong Input : Fist letter Should be capital and must contains minimum 3 characters :
Wrong Input : Fist letter Should be capital and must contains minimum 3 characters :
Wrong Input : Fist letter Should be capital and must contains minimum 3 characters :
Wrong Input : Fist letter Should be capital and must contains minimum 3 characters :
Wrong Input : Fist letter Should be capital and must contains minimum 3 characters :
Wrong Input : Fist letter Should be capital and must contains minimum 3 characters :
Wrong Input : Fist letter Should be capital and must contains minimum 3 characters :
Wrong Input : Fist letter Should be capital and must contains minimum 3 characters :
Wrong Input : Fist letter Should be capital and must contains minimum 3 characters :
Wrong Input : Fist letter Should be capital and must contains minimum 3 characters :
Wrong Input : Fist letter Should be capital and must contains minimum 3 characters :
Wrong Input : Fist letter Should be capital and must contains minimum 3 characters :
Wrong Input : Fist letter Should be capital and must contains minimum 3 characters :
Wrong Input : Fist letter Should be capital and must contains minimum 3 characters :
Wrong Input : Fist letter Should be capital and must contains minimum 3 characters :
Wrong Input : Fist letter Should be capital and must contains minimum 3 characters :
Wrong Input : Fist letter Should be capital and must contains minimum 3 characters :
Wrong Input : Fist letter Should be capital and must contains minimum 3 characters :
Wrong Input : Fist letter Should be capital and must contains minimum 3 characters :
Wrong Input : Fist letter Should be capital and must contains minimum 3 characters :
Wrong Input : Fist letter Should be capital and must contains minimum 3 characters :
Wrong Input : Fist letter Should be capital and must contains minimum 3 characters :
Wrong Input : Fist letter Should be capital and must contains minimum 3 characters :
Wrong Input : Fist letter Should be capital and must contains minimum 3 characters :
Wrong Input : Fist letter Should be capital and must contains minimum 3 characters :
Wrong Input : Fist letter Should be capital and must contains minimum 3 characters :
Wrong Input : Fist letter Should be capital and must contains minimum 3 characters :
Wrong Input : Fist letter Should be capital and must contains minimum 3 characters :
Wrong Input : Fist letter Should be capital and must contains minimum 3 characters :
Wrong Input : Fist letter Should be capital and must contains minimum 3 characters :
Wrong Input : Fist letter Should be capital and must contains minimum 3 characters :
Wrong Input : Fist letter Should be capital and must contains minimum 3 characters :
Wrong Input : Fist letter Should be capital and must contains minimum 3 characters :
Wrong Input : Fist letter Should be capital and must contains minimum 3 characters :
Wrong Input : Fist letter Should be capital and must contains minimum 3 characters :
Wrong Input : Fist letter Should be capital and must contains minimum 3 characters :
Wrong Input : Fist letter Should be capital and must contains minimum 3 characters :
Wrong Input : Fist letter Should be capital and must contains minimum 3 characters :
Wrong Input : Fist letter Should be capital and must contains minimum 3 characters :
Wrong Input : Fist letter Should be capital and must contains minimum 3 characters :
Wrong Input : Fist letter Should be capital and must contains minimum 3 characters :
Wrong Input : Fist letter Should be capital and must contains minimum 3 characters :
Wrong Input : Fist letter Should be capital and must contains minimum 3 characters :
Wrong Input : Fist letter Should be capital and must contains minimum 3 characters :
Wrong Input : Fist letter Should be capital and must contains minimum 3 characters :
Wrong Input : Fist letter Should be capital and must contains minimum 3 characters :
Wrong Input : Fist letter Should be capital and must contains minimum 3 characters :
Wrong Input : Fist letter Should be capital and must contains minimum 3 characters :
Wrong Input : Fist letter Should be capital and must contains minimum 3 characters :
Wrong Input : Fist letter Should be capital and must contains minimum 3 characters :
Wrong Input : Fist letter Should be capital and must contains minimum 3 characters :
Wrong Input : Fist letter Should be capital and must contains minimum 3 characters :
Wrong Input : Fist letter Should be capital and must contains minimum 3 characters :
Wrong Input : Fist letter Should be capital and must contains minimum 3 characters :
Wrong Input : Fist letter Should be capital and must contains minimum 3 characters :
Wrong Input : Fist letter Should be capital and must contains minimum 3 characters :
Wrong Input : Fist letter Should be capital and must contains minimum 3 characters :
Wrong Input : Fist letter Should be capital and must contains minimum 3 characters :
Wrong Input : Fist letter Should be capital and must contains minimum 3 characters :
Wrong Input : Fist letter Should be capital and must contains minimum 3 characters :
Wrong Input : Fist letter Should be capital and must contains minimum 3 characters :
Wrong Input : Fist letter Should be capital and must contains minimum 3 characters :
Wrong Input : Fist letter Should be capital and must contains minimum 3 characters :
Wrong Input : Fist letter Should be capital and must contains minimum 3 characters :
Wrong Input : Fist letter Should be capital and must contains minimum 3 characters :
Wrong Input : Fist letter Should be capital and must contains minimum 3 characters :
Wrong Input : Fist letter Should be capital and must contains minimum 3 characters :
Wrong Input : Fist letter Should be capital and must contains minimum 3 characters :
Wrong Input : Fist letter Should be capital and must contains minimum 3 characters :
Wrong Input : Fist letter Should be capital and must contains minimum 3 characters :
Wrong Input : Fist letter Should be capital and must contains minimum 3 characters :
Wrong Input : Fist letter Should be capital and must contains minimum 3 characters :
Wrong Input : Fist letter Should be capital and must contains minimum 3 characters :
Wrong Input : Fist letter Should be capital and must contains minimum 3 characters :
Wrong Input : Fist letter Should be capital and must contains minimum 3 characters :
Wrong Input : Fist letter Should be capital and must contains minimum 3 characters :
Wrong Input : Fist letter Should be capital and must contains minimum 3 characters :
Wrong Input : Fist letter Should be capital and must contains minimum 3 characters :
Wrong Input : Fist letter Should be capital and must contains minimum 3 characters :
Wrong Input : Fist letter Should be capital and must contains minimum 3 characters :
Wrong Input : Fist letter Should be capital and must contains minimum 3 characters :
Wrong Input : Fist letter Should be capital and must contains minimum 3 characters :
Wrong Input : Fist letter Should be capital and must contains minimum 3 characters :
Wrong Input : Fist letter Should be capital and must contains minimum 3 characters :
Wrong Input : Fist letter Should be capital and must contains minimum 3 characters :
Wrong Input : Fist letter Should be capital and must contains minimum 3 characters :
Wrong Input : Fist letter Should be capital and must contains minimum 3 characters :
Wrong Input : Fist letter Should be capital and must contains minimum 3 characters :
Wrong Input : Fist letter Should be capital and must contains minimum 3 characters :
Wrong Input : Fist letter Should be capital and must contains minimum 3 characters :
Wrong Input : Fist letter Should be capital and must contains minimum 3 characters :
Wrong Input : Fist letter Should be capital and must contains minimum 3 characters :
Wrong Input : Fist letter Should be capital and must contains minimum 3 characters :
Wrong Input : Fist letter Should be capital and must contains minimum 3 characters :
Wrong Input : Fist letter Should be capital and must contains minimum 3 characters :
Wrong Input : Fist letter Should be capital and must contains minimum 3 characters :
Wrong Input : Fist letter Should be capital and must contains minimum 3 characters :
Wrong Input : Fist letter Should be capital and must contains minimum 3 characters :
Wrong Input : Fist letter Should be capital and must contains minimum 3 characters :
Wrong Input : Fist letter Should be capital and must contains minimum 3 characters :
Wrong Input : Fist letter Should be capital and must contains minimum 3 characters :
Wrong Input : Fist letter Should be capital and must contains minimum 3 characters :
Wrong Input : Fist letter Should be capital and must contains minimum 3 characters :
Wrong Input : Fist letter Should be capital and must contains minimum 3 characters :
Wrong Input : Fist letter Should be capital and must contains minimum 3 characters :
Wrong Input : Fist letter Should be capital and must contains minimum 3 characters :
Wrong Input : Fist letter Should be capital and must contains minimum 3 characters :
Wrong Input : Fist letter Should be capital and must contains minimum 3 characters :
Wrong Input : Fist letter Should be capital and must contains minimum 3 characters :
Wrong Input : Fist letter Should be capital and must contains minimum 3 characters :
Wrong Input : Fist letter Should be capital and must contains minimum 3 characters :
Wrong Input : Fist letter Should be capital and must contains minimum 3 characters :
Wrong Input : Fist letter Should be capital and must contains minimum 3 characters :
Wrong Input : Fist letter Should be capital and must contains minimum 3 characters :
Wrong Input : Fist letter Should be capital and must contains minimum 3 characters :
Wrong Input : Fist letter Should be capital and must contains minimum 3 characters :
Wrong Input : Fist letter Should be capital and must contains minimum 3 characters :
Wrong Input : Fist letter Should be capital and must contains minimum 3 characters :
Wrong Input : Fist letter Should be capital and must contains minimum 3 characters :
Wrong Input : Fist letter Should be capital and must contains minimum 3 characters :
Wrong Input : Fist letter Should be capital and must contains minimum 3 characters :
Wrong Input : Fist letter Should be capital and must contains minimum 3 characters :
Wrong Input : Fist letter Should be capital and must contains minimum 3 characters :
Wrong Input : Fist letter Should be capital and must contains minimum 3 characters :
Wrong Input : Fist letter Should be capital and must contains minimum 3 characters :
Wrong Input : Fist letter Should be capital and must contains minimum 3 characters :
Wrong Input : Fist letter Should be capital and must contains minimum 3 characters :
Wrong Input : Fist letter Should be capital and must contains minimum 3 characters :
Wrong Input : Fist letter Should be capital and must contains minimum 3 characters :
Wrong Input : Fist letter Should be capital and must contains minimum 3 characters :
Wrong Input : Fist letter Should be capital and must contains minimum 3 characters :
Wrong Input : Fist letter Should be capital and must contains minimum 3 characters :
Wrong Input : Fist letter Should be capital and must contains minimum 3 characters :
Wrong Input : Fist letter Should be capital and must contains minimum 3 characters :
Wrong Input : Fist letter Should be capital and must contains minimum 3 characters :
Wrong Input : Fist letter Should be capital and must contains minimum 3 characters :
Wrong Input : Fist letter Should be capital and must contains minimum 3 characters :
Wrong Input : Fist letter Should be capital and must contains minimum 3 characters :
Wrong Input : Fist letter Should be capital and must contains minimum 3 characters :
Wrong Input : Fist letter Should be capital and must contains minimum 3 characters :
Wrong Input : Fist letter Should be capital and must contains minimum 3 characters :
Wrong Input : Fist letter Should be capital and must contains minimum 3 characters :
Wrong Input : Fist letter Should be capital and must contains minimum 3 characters :
Wrong Input : Fist letter Should be capital and must contains minimum 3 characters :
Wrong Input : Fist letter Should be capital and must contains minimum 3 characters :
Wrong Input : Fist letter Should be capital and must contains minimum 3 characters :
Wrong Input : Fist letter Should be capital and must contains minimum 3 characters :
Wrong Input : Fist letter Should be capital and must contains minimum 3 characters :
Wrong Input : Fist letter Should be capital and must contains minimum 3 characters :
Wrong Input : Fist letter Should be capital and must contains minimum 3 characters :
Wrong Input : Fist letter Should be capital and must contains minimum 3 characters :
Wrong Input : Fist letter Should be capital and must contains minimum 3 characters :
Wrong Input : Fist letter Should be capital and must contains minimum 3 characters :
Wrong Input : Fist letter Should be capital and must contains minimum 3 characters :
Wrong Input : Fist letter Should be capital and must contains minimum 3 characters :
Wrong Input : Fist letter Should be capital and must contains minimum 3 characters :
Wrong Input : Fist letter Should be capital and must contains minimum 3 characters :
Wrong Input : Fist letter Should be capital and must contains minimum 3 characters :
Wrong Input : Fist letter Should be capital and must contains minimum 3 characters :
Wrong Input : Fist letter Should be capital and must contains minimum 3 characters :
Wrong Input : Fist letter Should be capital and must contains minimum 3 characters :
Wrong Input : Fist letter Should be capital and must contains minimum 3 characters :
Wrong Input : Fist letter Should be capital and must contains minimum 3 characters :
Wrong Input : Fist letter Should be capital and must contains minimum 3 characters :
Wrong Input : Fist letter Should be capital and must contains minimum 3 characters :
Wrong Input : Fist letter Should be capital and must contains minimum 3 characters :
Wrong Input : Fist letter Should be capital and must contains minimum 3 characters :
Wrong Input : Fist letter Should be capital and must contains minimum 3 characters :
Wrong Input : Fist letter Should be capital and must contains minimum 3 characters :
Wrong Input : Fist letter Should be capital and must contains minimum 3 characters :
Wrong Input : Fist letter Should be capital and must contains minimum 3 characters :
Wrong Input : Fist letter Should be capital and must contains minimum 3 characters :
Wrong Input : Fist letter Should be capital and must contains minimum 3 characters :
Wrong Input : Fist letter Should be capital and must contains minimum 3 characters :
Wrong Input : Fist letter Should be capital and must contains minimum 3 characters :
Wrong Input : Fist letter Should be capital and must contains minimum 3 characters :
Wrong Input : Fist letter Should be capital and must contains minimum 3 characters :
Wrong Input : Fist letter Should be capital and must contains minimum 3 characters :
Wrong Input : Fist letter Should be capital and must contains minimum 3 characters :
Wrong Input : Fist letter Should be capital and must contains minimum 3 characters :
Wrong Input : Fist letter Should be capital and must contains minimum 3 characters :
Wrong Input : Fist letter Should be capital and must contains minimum 3 characters :
Wrong Input : Fist letter Should be capital and must contains minimum 3 characters :
Wrong Input : Fist letter Should be capital and must contains minimum 3 characters :
Wrong Input : Fist letter Should be capital and must contains minimum 3 characters :
Wrong Input : Fist letter Should be capital and must contains minimum 3 characters :
Wrong Input : Fist letter Should be capital and must contains minimum 3 characters :
Wrong Input : Fist letter Should be capital and must contains minimum 3 characters :
Wrong Input : Fist letter Should be capital and must contains minimum 3 characters :
Wrong Input : Fist letter Should be capital and must contains minimum 3 characters :
Wrong Input : Fist letter Should be capital and must contains minimum 3 characters :
Wrong Input : Fist letter Should be capital and must contains minimum 3 characters :
Wrong Input : Fist letter Should be capital and must contains minimum 3 characters :
Wrong Input : Fist letter Should be capital and must contains minimum 3 characters :
Wrong Input : Fist letter Should be capital and must contains minimum 3 characters :
Wrong Input : Fist letter Should be capital and must contains minimum 3 characters :
Wrong Input : Fist letter Should be capital and must contains minimum 3 characters :
Wrong Input : Fist letter Should be capital and must contains minimum 3 characters :
Wrong Input : Fist letter Should be capital and must contains minimum 3 characters :
Wrong Input : Fist letter Should be capital and must contains minimum 3 characters :
Wrong Input : Fist letter Should be capital and must contains minimum 3 characters :
Wrong Input : Fist letter Should be capital and must contains minimum 3 characters :
Wrong Input : Fist letter Should be capital and must contains minimum 3 characters :
Wrong Input : Fist letter Should be capital and must contains minimum 3 characters :
Wrong Input : Fist letter Should be capital and must contains minimum 3 characters :
Wrong Input : Fist letter Should be capital and must contains minimum 3 characters :
Wrong Input : Fist letter Should be capital and must contains minimum 3 characters :
Wrong Input : Fist letter Should be capital and must contains minimum 3 characters :
Wrong Input : Fist letter Should be capital and must contains minimum 3 characters :
Wrong Input : Fist letter Should be capital and must contains minimum 3 characters :
Wrong Input : Fist letter Should be capital and must contains minimum 3 characters :
Wrong Input : Fist letter Should be capital and must contains minimum 3 characters :
Wrong Input : Fist letter Should be capital and must contains minimum 3 characters :
Wrong Input : Fist letter Should be capital and must contains minimum 3 characters :
Wrong Input : Fist letter Should be capital and must contains minimum 3 characters :
Wrong Input : Fist letter Should be capital and must contains minimum 3 characters :
Wrong Input : Fist letter Should be capital and must contains minimum 3 characters :
Wrong Input : Fist letter Should be capital and must contains minimum 3 characters :
Wrong Input : Fist letter Should be capital and must contains minimum 3 characters :
Wrong Input : Fist letter Should be capital and must contains minimum 3 characters :
Wrong Input : Fist letter Should be capital and must contains minimum 3 characters :
Wrong Input : Fist letter Should be capital and must contains minimum 3 characters :
Wrong Input : Fist letter Should be capital and must contains minimum 3 characters :
Wrong Input : Fist letter Should be capital and must contains minimum 3 characters :
Wrong Input : Fist letter Should be capital and must contains minimum 3 characters :
Wrong Input : Fist letter Should be capital and must contains minimum 3 characters :
Wrong Input : Fist letter Should be capital and must contains minimum 3 characters :
Wrong Input : Fist letter Should be capital and must contains minimum 3 characters :
Wrong Input : Fist letter Should be capital and must contains minimum 3 characters :
Wrong Input : Fist letter Should be capital and must contains minimum 3 characters :
Wrong Input : Fist letter Should be capital and must contains minimum 3 characters :
Wrong Input : Fist letter Should be capital and must contains minimum 3 characters :
Wrong Input : Fist letter Should be capital and must contains minimum 3 characters :
Wrong Input : Fist letter Should be capital and must contains minimum 3 characters :
Wrong Input : Fist letter Should be capital and must contains minimum 3 characters :
Wrong Input : Fist letter Should be capital and must contains minimum 3 characters :
Wrong Input : Fist letter Should be capital and must contains minimum 3 characters :
Wrong Input : Fist letter Should be capital and must contains minimum 3 characters :
Wrong Input : Fist letter Should be capital and must contains minimum 3 characters :
Wrong Input : Fist letter Should be capital and must contains minimum 3 characters :
Wrong Input : Fist letter Should be capital and must contains minimum 3 characters :
Wrong Input : Fist letter Should be capital and must contains minimum 3 characters :
Wrong Input : Fist letter Should be capital and must contains minimum 3 characters :
Wrong Input : Fist letter Should be capital and must contains minimum 3 characters :
Wrong Input : Fist letter Should be capital and must contains minimum 3 characters :
Wrong Input : Fist letter Should be capital and must contains minimum 3 characters :
Wrong Input : Fist letter Should be capital and must contains minimum 3 characters :
Wrong Input : Fist letter Should be capital and must contains minimum 3 characters :
Wrong Input : Fist letter Should be capital and must contains minimum 3 characters :
Wrong Input : Fist letter Should be capital and must contains minimum 3 characters :
Wrong Input : Fist letter Should be capital and must contains minimum 3 characters :
Wrong Input : Fist letter Should be capital and must contains minimum 3 characters :
Wrong Input : Fist letter Should be capital and must contains minimum 3 characters :
Wrong Input : Fist letter Should be capital and must contains minimum 3 characters :
Wrong Input : Fist letter Should be capital and must contains minimum 3 characters :
Wrong Input : Fist letter Should be capital and must contains minimum 3 characters :
Wrong Input : Fist letter Should be capital and must contains minimum 3 characters :
Wrong Input : Fist letter Should be capital and must contains minimum 3 characters :
Wrong Input : Fist letter Should be capital and must contains minimum 3 characters :
Wrong Input : Fist letter Should be capital and must contains minimum 3 characters :
Wrong Input : Fist letter Should be capital and must contains minimum 3 characters :
Wrong Input : Fist letter Should be capital and must contains minimum 3 characters :
Wrong Input : Fist letter Should be capital and must contains minimum 3 characters :
Wrong Input : Fist letter Should be capital and must contains minimum 3 characters :
Wrong Input : Fist letter Should be capital and must contains minimum 3 characters :
Wrong Input : Fist letter Should be capital and must contains minimum 3 characters :
Wrong Input : Fist letter Should be capital and must contains minimum 3 characters :
Wrong Input : Fist letter Should be capital and must contains minimum 3 characters :
Wrong Input : Fist letter Should be capital and must contains minimum 3 characters :
Wrong Input : Fist letter Should be capital and must contains minimum 3 characters :
Wrong Input : Fist letter Should be capital and must contains minimum 3 characters :
Wrong Input : Fist letter Should be capital and must contains minimum 3 characters :
Wrong Input : Fist letter Should be capital and must contains minimum 3 characters :
Wrong Input : Fist letter Should be capital and must contains minimum 3 characters :
Wrong Input : Fist letter Should be capital and must contains minimum 3 characters :
Wrong Input : Fist letter Should be capital and must contains minimum 3 characters :
Wrong Input : Fist letter Should be capital and must contains minimum 3 characters :
Wrong Input : Fist letter Should be capital and must contains minimum 3 characters :
Wrong Input : Fist letter Should be capital and must contains minimum 3 characters :
Wrong Input : Fist letter Should be capital and must contains minimum 3 characters :
Wrong Input : Fist letter Should be capital and must contains minimum 3 characters :
Wrong Input : Fist letter Should be capital and must contains minimum 3 characters :
Wrong Input : Fist letter Should be capital and must contains minimum 3 characters :
Wrong Input : Fist letter Should be capital and must contains minimum 3 characters :
Wrong Input : Fist letter Should be capital and must contains minimum 3 characters :
Wrong Input : Fist letter Should be capital and must contains minimum 3 characters :
Wrong Input : Fist letter Should be capital and must contains minimum 3 characters :
Wrong Input : Fist letter Should be capital and must contains minimum 3 characters :
Wrong Input : Fist letter Should be capital and must contains minimum 3 characters :
Wrong Input : Fist letter Should be capital and must contains minimum 3 characters :
Wrong Input : Fist letter Should be capital and must contains minimum 3 characters :
Wrong Input : Fist letter Should be capital and must contains minimum 3 characters :
Wrong Input : Fist letter Should be capital and must contains minimum 3 characters :
Wrong Input : Fist letter Should be capital and must contains minimum 3 characters :
Wrong Input : Fist letter Should be capital and must contains minimum 3 characters :
Wrong Input : Fist letter Should be capital and must contains minimum 3 characters :
Wrong Input : Fist letter Should be capital and must contains minimum 3 characters :
Wrong Input : Fist letter Should be capital and must contains minimum 3 characters :
Wrong Input : Fist letter Should be capital and must contains minimum 3 characters :
Wrong Input : Fist letter Should be capital and must contains minimum 3 characters :
Wrong Input : Fist letter Should be capital and must contains minimum 3 characters :
Wrong Input : Fist letter Should be capital and must contains minimum 3 characters :
Wrong Input : Fist letter Should be capital and must contains minimum 3 characters :
Wrong Input : Fist letter Should be capital and must contains minimum 3 characters :
Wrong Input : Fist letter Should be capital and must contains minimum 3 characters :
Wrong Input : Fist letter Should be capital and must contains minimum 3 characters :
Wrong Input : Fist letter Should be capital and must contains minimum 3 characters :
Wrong Input : Fist letter Should be capital and must contains minimum 3 characters :
Wrong Input : Fist letter Should be capital and must contains minimum 3 characters :
Wrong Input : Fist letter Should be capital and must contains minimum 3 characters :
Wrong Input : Fist letter Should be capital and must contains minimum 3 characters :
Wrong Input : Fist letter Should be capital and must contains minimum 3 characters :
Wrong Input : Fist letter Should be capital and must contains minimum 3 characters :
Wrong Input : Fist letter Should be capital and must contains minimum 3 characters :
Wrong Input : Fist letter Should be capital and must contains minimum 3 characters :
Wrong Input : Fist letter Should be capital and must contains minimum 3 characters :
Wrong Input : Fist letter Should be capital and must contains minimum 3 characters :
Wrong Input : Fist letter Should be capital and must contains minimum 3 characters :
Wrong Input : Fist letter Should be capital and must contains minimum 3 characters :
Wrong Input : Fist letter Should be capital and must contains minimum 3 characters :
Wrong Input : Fist letter Should be capital and must contains minimum 3 characters :
Wrong Input : Fist letter Should be capital and must contains minimum 3 characters :
Wrong Input : Fist letter Should be capital and must contains minimum 3 characters :
Wrong Input : Fist letter Should be capital and must contains minimum 3 characters :
Wrong Input : Fist letter Should be capital and must contains minimum 3 characters :
Wrong Input : Fist letter Should be capital and must contains minimum 3 characters :
Wrong Input : Fist letter Should be capital and must contains minimum 3 characters :
Wrong Input : Fist letter Should be capital and must contains minimum 3 characters :
Wrong Input : Fist letter Should be capital and must contains minimum 3 characters :
Wrong Input : Fist letter Should be capital and must contains minimum 3 characters :
Wrong Input : Fist letter Should be capital and must contains minimum 3 characters :
Wrong Input : Fist letter Should be capital and must contains minimum 3 characters :
Wrong Input : Fist letter Should be capital and must contains minimum 3 characters :
Wrong Input : Fist letter Should be capital and must contains minimum 3 characters :
Wrong Input : Fist letter Should be capital and must contains minimum 3 characters :
Wrong Input : Fist letter Should be capital and must contains minimum 3 characters :
Wrong Input : Fist letter Should be capital and must contains minimum 3 characters :
Wrong Input : Fist letter Should be capital and must contains minimum 3 characters :
Wrong Input : Fist letter Should be capital and must contains minimum 3 characters :
Wrong Input : Fist letter Should be capital and must contains minimum 3 characters :
Wrong Input : Fist letter Should be capital and must contains minimum 3 characters :
Wrong Input : Fist letter Should be capital and must contains minimum 3 characters :
Wrong Input : Fist letter Should be capital and must contains minimum 3 characters :
Wrong Input : Fist letter Should be capital and must contains minimum 3 characters :
Wrong Input : Fist letter Should be capital and must contains minimum 3 characters :
Wrong Input : Fist letter Should be capital and must contains minimum 3 characters :
Wrong Input : Fist letter Should be capital and must contains minimum 3 characters :
Wrong Input : Fist letter Should be capital and must contains minimum 3 characters :
Wrong Input : Fist letter Should be capital and must contains minimum 3 characters :
Wrong Input : Fist letter Should be capital and must contains minimum 3 characters :
Wrong Input : Fist letter Should be capital and must contains minimum 3 characters :
Wrong Input : Fist letter Should be capital and must contains minimum 3 characters :
Wrong Input : Fist letter Should be capital and must contains minimum 3 characters :
Wrong Input : Fist letter Should be capital and must contains minimum 3 characters :
Wrong Input : Fist letter Should be capital and must contains minimum 3 characters :
Wrong Input : Fist letter Should be capital and must contains minimum 3 characters :
Wrong Input : Fist letter Should be capital and must contains minimum 3 characters :
Wrong Input : Fist letter Should be capital and must contains minimum 3 characters :
Wrong Input : Fist letter Should be capital and must contains minimum 3 characters :
Wrong Input : Fist letter Should be capital and must contains minimum 3 characters :
Wrong Input : Fist letter Should be capital and must contains minimum 3 characters :
Wrong Input : Fist letter Should be capital and must contains minimum 3 characters :
Wrong Input : Fist letter Should be capital and must contains minimum 3 characters :
Wrong Input : Fist letter Should be capital and must contains minimum 3 characters :
Wrong Input : Fist letter Should be capital and must contains minimum 3 characters :
Wrong Input : Fist letter Should be capital and must contains minimum 3 characters :
Wrong Input : Fist letter Should be capital and must contains minimum 3 characters :
Wrong Input : Fist letter Should be capital and must contains minimum 3 characters :
Wrong Input : Fist letter Should be capital and must contains minimum 3 characters :
Wrong Input : Fist letter Should be capital and must contains minimum 3 characters :
Wrong Input : Fist letter Should be capital and must contains minimum 3 characters :
Wrong Input : Fist letter Should be capital and must contains minimum 3 characters :
Wrong Input : Fist letter Should be capital and must contains minimum 3 characters :
Wrong Input : Fist letter Should be capital and must contains minimum 3 characters :
Wrong Input : Fist letter Should be capital and must contains minimum 3 characters :
Wrong Input : Fist letter Should be capital and must contains minimum 3 characters :
Wrong Input : Fist letter Should be capital and must contains minimum 3 characters :
Wrong Input : Fist letter Should be capital and must contains minimum 3 characters :
Wrong Input : Fist letter Should be capital and must contains minimum 3 characters :
Wrong Input : Fist letter Should be capital and must contains minimum 3 characters :
Wrong Input : Fist letter Should be capital and must contains minimum 3 characters :
Wrong Input : Fist letter Should be capital and must contains minimum 3 characters :
Wrong Input : Fist letter Should be capital and must contains minimum 3 characters :
Wrong Input : Fist letter Should be capital and must contains minimum 3 characters :
Wrong Input : Fist letter Should be capital and must contains minimum 3 characters :
Wrong Input : Fist letter Should be capital and must contains minimum 3 characters :
Wrong Input : Fist letter Should be capital and must contains minimum 3 characters :
Wrong Input : Fist letter Should be capital and must contains minimum 3 characters :
Wrong Input : Fist letter Should be capital and must contains minimum 3 characters :
Wrong Input : Fist letter Should be capital and must contains minimum 3 characters :
Wrong Input : Fist letter Should be capital and must contains minimum 3 characters :
Wrong Input : Fist letter Should be capital and must contains minimum 3 characters :
Wrong Input : Fist letter Should be capital and must contains minimum 3 characters :
Wrong Input : Fist letter Should be capital and must contains minimum 3 characters :
Wrong Input : Fist letter Should be capital and must contains minimum 3 characters :
Wrong Input : Fist letter Should be capital and must contains minimum 3 characters :
Wrong Input : Fist letter Should be capital and must contains minimum 3 characters :
Wrong Input : Fist letter Should be capital and must contains minimum 3 characters :
Wrong Input : Fist letter Should be capital and must contains minimum 3 characters :
Wrong Input : Fist letter Should be capital and must contains minimum 3 characters :
Wrong Input : Fist letter Should be capital and must contains minimum 3 characters :
Wrong Input : Fist letter Should be capital and must contains minimum 3 characters :
Wrong Input : Fist letter Should be capital and must contains minimum 3 characters :
Wrong Input : Fist letter Should be capital and must contains minimum 3 characters :
Wrong Input : Fist letter Should be capital and must contains minimum 3 characters :
Wrong Input : Fist letter Should be capital and must contains minimum 3 characters :
Wrong Input : Fist letter Should be capital and must contains minimum 3 characters :
Wrong Input : Fist letter Should be capital and must contains minimum 3 characters :
Wrong Input : Fist letter Should be capital and must contains minimum 3 characters :
Wrong Input : Fist letter Should be capital and must contains minimum 3 characters :
Wrong Input : Fist letter Should be capital and must contains minimum 3 characters :
Wrong Input : Fist letter Should be capital and must contains minimum 3 characters :
Wrong Input : Fist letter Should be capital and must contains minimum 3 characters :
Wrong Input : Fist letter Should be capital and must contains minimum 3 characters :
Wrong Input : Fist letter Should be capital and must contains minimum 3 characters :
Wrong Input : Fist letter Should be capital and must contains minimum 3 characters :
Wrong Input : Fist letter Should be capital and must contains minimum 3 characters :
Wrong Input : Fist letter Should be capital and must contains minimum 3 characters :
Wrong Input : Fist letter Should be capital and must contains minimum 3 characters :
Wrong Input : Fist letter Should be capital and must contains minimum 3 characters :
Wrong Input : Fist letter Should be capital and must contains minimum 3 characters :
Wrong Input : Fist letter Should be capital and must contains minimum 3 characters :
Wrong Input : Fist letter Should be capital and must contains minimum 3 characters :
Wrong Input : Fist letter Should be capital and must contains minimum 3 characters :
Wrong Input : Fist letter Should be capital and must contains minimum 3 characters :
Wrong Input : Fist letter Should be capital and must contains minimum 3 characters :
Wrong Input : Fist letter Should be capital and must contains minimum 3 characters :
Wrong Input : Fist letter Should be capital and must contains minimum 3 characters :
Wrong Input : Fist letter Should be capital and must contains minimum 3 characters :
Wrong Input : Fist letter Should be capital and must contains minimum 3 characters :
Wrong Input : Fist letter Should be capital and must contains minimum 3 characters :
Wrong Input : Fist letter Should be capital and must contains minimum 3 characters :
Wrong Input : Fist letter Should be capital and must contains minimum 3 characters :
Wrong Input : Fist letter Should be capital and must contains minimum 3 characters :
Wrong Input : Fist letter Should be capital and must contains minimum 3 characters :
Wrong Input : Fist letter Should be capital and must contains minimum 3 characters :
Wrong Input : Fist letter Should be capital and must contains minimum 3 characters :
Wrong Input : Fist letter Should be capital and must contains minimum 3 characters :
Wrong Input : Fist letter Should be capital and must contains minimum 3 characters :
Wrong Input : Fist letter Should be capital and must contains minimum 3 characters :
Wrong Input : Fist letter Should be capital and must contains minimum 3 characters :
Wrong Input : Fist letter Should be capital and must contains minimum 3 characters :
Wrong Input : Fist letter Should be capital and must contains minimum 3 characters :
Wrong Input : Fist letter Should be capital and must contains minimum 3 characters :
Wrong Input : Fist letter Should be capital and must contains minimum 3 characters :
Wrong Input : Fist letter Should be capital and must contains minimum 3 characters :
Wrong Input : Fist letter Should be capital and must contains minimum 3 characters :
Wrong Input : Fist letter Should be capital and must contains minimum 3 characters :
Wrong Input : Fist letter Should be capital and must contains minimum 3 characters :
Wrong Input : Fist letter Should be capital and must contains minimum 3 characters :
Wrong Input : Fist letter Should be capital and must contains minimum 3 characters :
Wrong Input : Fist letter Should be capital and must contains minimum 3 characters :
Wrong Input : Fist letter Should be capital and must contains minimum 3 characters :
Wrong Input : Fist letter Should be capital and must contains minimum 3 characters :
Wrong Input : Fist letter Should be capital and must contains minimum 3 characters :
Wrong Input : Fist letter Should be capital and must contains minimum 3 characters :
Wrong Input : Fist letter Should be capital and must contains minimum 3 characters :
Wrong Input : Fist letter Should be capital and must contains minimum 3 characters :
Wrong Input : Fist letter Should be capital and must contains minimum 3 characters :
Wrong Input : Fist letter Should be capital and must contains minimum 3 characters :
Wrong Input : Fist letter Should be capital and must contains minimum 3 characters :
Wrong Input : Fist letter Should be capital and must contains minimum 3 characters :
Wrong Input : Fist letter Should be capital and must contains minimum 3 characters :
Wrong Input : Fist letter Should be capital and must contains minimum 3 characters :
Wrong Input : Fist letter Should be capital and must contains minimum 3 characters :
Wrong Input : Fist letter Should be capital and must contains minimum 3 characters :
Wrong Input : Fist letter Should be capital and must contains minimum 3 characters :
Wrong Input : Fist letter Should be capital and must contains minimum 3 characters :
Wrong Input : Fist letter Should be capital and must contains minimum 3 characters :
Wrong Input : Fist letter Should be capital and must contains minimum 3 characters :
Wrong Input : Fist letter Should be capital and must contains minimum 3 characters :
Wrong Input : Fist letter Should be capital and must contains minimum 3 characters :
Wrong Input : Fist letter Should be capital and must contains minimum 3 characters :
Wrong Input : Fist letter Should be capital and must contains minimum 3 characters :
Wrong Input : Fist letter Should be capital and must contains minimum 3 characters :
Wrong Input : Fist letter Should be capital and must contains minimum 3 characters :
Wrong Input : Fist letter Should be capital and must contains minimum 3 characters :
Wrong Input : Fist letter Should be capital and must contains minimum 3 characters :
Wrong Input : Fist letter Should be capital and must contains minimum 3 characters :
Wrong Input : Fist letter Should be capital and must contains minimum 3 characters :
Wrong Input : Fist letter Should be capital and must contains minimum 3 characters :
Wrong Input : Fist letter Should be capital and must contains minimum 3 characters :
Wrong Input : Fist letter Should be capital and must contains minimum 3 characters :
Wrong Input : Fist letter Should be capital and must contains minimum 3 characters :
Wrong Input : Fist letter Should be capital and must contains minimum 3 characters :
Wrong Input : Fist letter Should be capital and must contains minimum 3 characters :
Wrong Input : Fist letter Should be capital and must contains minimum 3 characters :
Wrong Input : Fist letter Should be capital and must contains minimum 3 characters :
Wrong Input : Fist letter Should be capital and must contains minimum 3 characters :
Wrong Input : Fist letter Should be capital and must contains minimum 3 characters :
Wrong Input : Fist letter Should be capital and must contains minimum 3 characters :
Wrong Input : Fist letter Should be capital and must contains minimum 3 characters :
Wrong Input : Fist letter Should be capital and must contains minimum 3 characters :
Wrong Input : Fist letter Should be capital and must contains minimum 3 characters :
Wrong Input : Fist letter Should be capital and must contains minimum 3 characters :
Wrong Input : Fist letter Should be capital and must contains minimum 3 characters :
Wrong Input : Fist letter Should be capital and must contains minimum 3 characters :
Wrong Input : Fist letter Should be capital and must contains minimum 3 characters :
Wrong Input : Fist letter Should be capital and must contains minimum 3 characters :
Wrong Input : Fist letter Should be capital and must contains minimum 3 characters :
Wrong Input : Fist letter Should be capital and must contains minimum 3 characters :
Wrong Input : Fist letter Should be capital and must contains minimum 3 characters :
Wrong Input : Fist letter Should be capital and must contains minimum 3 characters :
Wrong Input : Fist letter Should be capital and must contains minimum 3 characters :
Wrong Input : Fist letter Should be capital and must contains minimum 3 characters :
Wrong Input : Fist letter Should be capital and must contains minimum 3 characters :
Wrong Input : Fist letter Should be capital and must contains minimum 3 characters :
Wrong Input : Fist letter Should be capital and must contains minimum 3 characters :
Wrong Input : Fist letter Should be capital and must contains minimum 3 characters :
Wrong Input : Fist letter Should be capital and must contains minimum 3 characters :
Wrong Input : Fist letter Should be capital and must contains minimum 3 characters :
Wrong Input : Fist letter Should be capital and must contains minimum 3 characters :
Wrong Input : Fist letter Should be capital and must contains minimum 3 characters :
Wrong Input : Fist letter Should be capital and must contains minimum 3 characters :
Wrong Input : Fist letter Should be capital and must contains minimum 3 characters :
Wrong Input : Fist letter Should be capital and must contains minimum 3 characters :
Wrong Input : Fist letter Should be capital and must contains minimum 3 characters :
Wrong Input : Fist letter Should be capital and must contains minimum 3 characters :
Wrong Input : Fist letter Should be capital and must contains minimum 3 characters :
Wrong Input : Fist letter Should be capital and must contains minimum 3 characters :
Wrong Input : Fist letter Should be capital and must contains minimum 3 characters :
Wrong Input : Fist letter Should be capital and must contains minimum 3 characters :
Wrong Input : Fist letter Should be capital and must contains minimum 3 characters :
Wrong Input : Fist letter Should be capital and must contains minimum 3 characters :
Wrong Input : Fist letter Should be capital and must contains minimum 3 characters :
Wrong Input : Fist letter Should be capital and must contains minimum 3 characters :
Wrong Input : Fist letter Should be capital and must contains minimum 3 characters :
Wrong Input : Fist letter Should be capital and must contains minimum 3 characters :
Wrong Input : Fist letter Should be capital and must contains minimum 3 characters :
Wrong Input : Fist letter Should be capital and must contains minimum 3 characters :
Wrong Input : Fist letter Should be capital and must contains minimum 3 characters :
Wrong Input : Fist letter Should be capital and must contains minimum 3 characters :
Wrong Input : Fist letter Should be capital and must contains minimum 3 characters :
Wrong Input : Fist letter Should be capital and must contains minimum 3 characters :
Wrong Input : Fist letter Should be capital and must contains minimum 3 characters :
Wrong Input : Fist letter Should be capital and must contains minimum 3 characters :
Wrong Input : Fist letter Should be capital and must contains minimum 3 characters :
Wrong Input : Fist letter Should be capital and must contains minimum 3 characters :
Wrong Input : Fist letter Should be capital and must contains minimum 3 characters :
Wrong Input : Fist letter Should be capital and must contains minimum 3 characters :
Wrong Input : Fist letter Should be capital and must contains minimum 3 characters :
Wrong Input : Fist letter Should be capital and must contains minimum 3 characters :
Wrong Input : Fist letter Should be capital and must contains minimum 3 characters :
Wrong Input : Fist letter Should be capital and must contains minimum 3 characters :
Wrong Input : Fist letter Should be capital and must contains minimum 3 characters :
Wrong Input : Fist letter Should be capital and must contains minimum 3 characters :
Wrong Input : Fist letter Should be capital and must contains minimum 3 characters :
Wrong Input : Fist letter Should be capital and must contains minimum 3 characters :
Wrong Input : Fist letter Should be capital and must contains minimum 3 characters :
Wrong Input : Fist letter Should be capital and must contains minimum 3 characters :
Wrong Input : Fist letter Should be capital and must contains minimum 3 characters :
Wrong Input : Fist letter Should be capital and must contains minimum 3 characters :
Wrong Input : Fist letter Should be capital and must contains minimum 3 characters :
Wrong Input : Fist letter Should be capital and must contains minimum 3 characters :
Wrong Input : Fist letter Should be capital and must contains minimum 3 characters :
Wrong Input : Fist letter Should be capital and must contains minimum 3 characters :
Wrong Input : Fist letter Should be capital and must contains minimum 3 characters :
Wrong Input : Fist letter Should be capital and must contains minimum 3 characters :
Wrong Input : Fist letter Should be capital and must contains minimum 3 characters :
Wrong Input : Fist letter Should be capital and must contains minimum 3 characters :
Wrong Input : Fist letter Should be capital and must contains minimum 3 characters :
Wrong Input : Fist letter Should be capital and must contains minimum 3 characters :
Wrong Input : Fist letter Should be capital and must contains minimum 3 characters :
Wrong Input : Fist letter Should be capital and must contains minimum 3 characters :
Wrong Input : Fist letter Should be capital and must contains minimum 3 characters :
Wrong Input : Fist letter Should be capital and must contains minimum 3 characters :
Wrong Input : Fist letter Should be capital and must contains minimum 3 characters :
Wrong Input : Fist letter Should be capital and must contains minimum 3 characters :
Wrong Input : Fist letter Should be capital and must contains minimum 3 characters :
Wrong Input : Fist letter Should be capital and must contains minimum 3 characters :
Wrong Input : Fist letter Should be capital and must contains minimum 3 characters :
Wrong Input : Fist letter Should be capital and must contains minimum 3 characters :
Wrong Input : Fist letter Should be capital and must contains minimum 3 characters :
Wrong Input : Fist letter Should be capital and must contains minimum 3 characters :
Wrong Input : Fist letter Should be capital and must contains minimum 3 characters :
Wrong Input : Fist letter Should be capital and must contains minimum 3 characters :
Wrong Input : Fist letter Should be capital and must contains minimum 3 characters :
Wrong Input : Fist letter Should be capital and must contains minimum 3 characters :
Wrong Input : Fist letter Should be capital and must contains minimum 3 characters :
Wrong Input : Fist letter Should be capital and must contains minimum 3 characters :
Wrong Input : Fist letter Should be capital and must contains minimum 3 characters :
Wrong Input : Fist letter Should be capital and must contains minimum 3 characters :
Wrong Input : Fist letter Should be capital and must contains minimum 3 characters :
Wrong Input : Fist letter Should be capital and must contains minimum 3 characters :
Wrong Input : Fist letter Should be capital and must contains minimum 3 characters :
Wrong Input : Fist letter Should be capital and must contains minimum 3 characters :
Wrong Input : Fist letter Should be capital and must contains minimum 3 characters :
Wrong Input : Fist letter Should be capital and must contains minimum 3 characters :
Wrong Input : Fist letter Should be capital and must contains minimum 3 characters :
Wrong Input : Fist letter Should be capital and must contains minimum 3 characters :
Wrong Input : Fist letter Should be capital and must contains minimum 3 characters :
Wrong Input : Fist letter Should be capital and must contains minimum 3 characters :
Wrong Input : Fist letter Should be capital and must contains minimum 3 characters :
Wrong Input : Fist letter Should be capital and must contains minimum 3 characters :
Wrong Input : Fist letter Should be capital and must contains minimum 3 characters :
Wrong Input : Fist letter Should be capital and must contains minimum 3 characters :
Wrong Input : Fist letter Should be capital and must contains minimum 3 characters :
Wrong Input : Fist letter Should be capital and must contains minimum 3 characters :
Wrong Input : Fist letter Should be capital and must contains minimum 3 characters :
Wrong Input : Fist letter Should be capital and must contains minimum 3 characters :
Wrong Input : Fist letter Should be capital and must contains minimum 3 characters :
Wrong Input : Fist letter Should be capital and must contains minimum 3 characters :
Wrong Input : Fist letter Should be capital and must contains minimum 3 characters :
Wrong Input : Fist letter Should be capital and must contains minimum 3 characters :
Wrong Input : Fist letter Should be capital and must contains minimum 3 characters :
Wrong Input : Fist letter Should be capital and must contains minimum 3 characters :
Wrong Input : Fist letter Should be capital and must contains minimum 3 characters :
Wrong Input : Fist letter Should be capital and must contains minimum 3 characters :
Wrong Input : Fist letter Should be capital and must contains minimum 3 characters :
Wrong Input : Fist letter Should be capital and must contains minimum 3 characters :
Wrong Input : Fist letter Should be capital and must contains minimum 3 characters :
Wrong Input : Fist letter Should be capital and must contains minimum 3 characters :
Wrong Input : Fist letter Should be capital and must contains minimum 3 characters :
Wrong Input : Fist letter Should be capital and must contains minimum 3 characters :
Wrong Input : Fist letter Should be capital and must contains minimum 3 characters :
Wrong Input : Fist letter Should be capital and must contains minimum 3 characters :
Wrong Input : Fist letter Should be capital and must contains minimum 3 characters :
Wrong Input : Fist letter Should be capital and must contains minimum 3 characters :
Wrong Input : Fist letter Should be capital and must contains minimum 3 characters :
Wrong Input : Fist letter Should be capital and must contains minimum 3 characters :
Wrong Input : Fist letter Should be capital and must contains minimum 3 characters :
Wrong Input : Fist letter Should be capital and must contains minimum 3 characters :
Wrong Input : Fist letter Should be capital and must contains minimum 3 characters :
Wrong Input : Fist letter Should be capital and must contains minimum 3 characters :
Wrong Input : Fist letter Should be capital and must contains minimum 3 characters :
Wrong Input : Fist letter Should be capital and must contains minimum 3 characters :
Wrong Input : Fist letter Should be capital and must contains minimum 3 characters :
Wrong Input : Fist letter Should be capital and must contains minimum 3 characters :
Wrong Input : Fist letter Should be capital and must contains minimum 3 characters :
Wrong Input : Fist letter Should be capital and must contains minimum 3 characters :
Wrong Input : Fist letter Should be capital and must contains minimum 3 characters :
Wrong Input : Fist letter Should be capital and must contains minimum 3 characters :
Wrong Input : Fist letter Should be capital and must contains minimum 3 characters :
Wrong Input : Fist letter Should be capital and must contains minimum 3 characters :
Wrong Input : Fist letter Should be capital and must contains minimum 3 characters :
Wrong Input : Fist letter Should be capital and must contains minimum 3 characters :
Wrong Input : Fist letter Should be capital and must contains minimum 3 characters :
Wrong Input : Fist letter Should be capital and must contains minimum 3 characters :
Wrong Input : Fist letter Should be capital and must contains minimum 3 characters :
Wrong Input : Fist letter Should be capital and must contains minimum 3 characters :
Wrong Input : Fist letter Should be capital and must contains minimum 3 characters :
Wrong Input : Fist letter Should be capital and must contains minimum 3 characters :
Wrong Input : Fist letter Should be capital and must contains minimum 3 characters :
Wrong Input : Fist letter Should be capital and must contains minimum 3 characters :
Wrong Input : Fist letter Should be capital and must contains minimum 3 characters :
Wrong Input : Fist letter Should be capital and must contains minimum 3 characters :
Wrong Input : Fist letter Should be capital and must contains minimum 3 characters :
Wrong Input : Fist letter Should be capital and must contains minimum 3 characters :
Wrong Input : Fist letter Should be capital and must contains minimum 3 characters :
Wrong Input : Fist letter Should be capital and must contains minimum 3 characters :
Wrong Input : Fist letter Should be capital and must contains minimum 3 characters :
Wrong Input : Fist letter Should be capital and must contains minimum 3 characters :
Wrong Input : Fist letter Should be capital and must contains minimum 3 characters :
Wrong Input : Fist letter Should be capital and must contains minimum 3 characters :
Wrong Input : Fist letter Should be capital and must contains minimum 3 characters :
Wrong Input : Fist letter Should be capital and must contains minimum 3 characters :
Wrong Input : Fist letter Should be capital and must contains minimum 3 characters :
Wrong Input : Fist letter Should be capital and must contains minimum 3 characters :
Wrong Input : Fist letter Should be capital and must contains minimum 3 characters :
Wrong Input : Fist letter Should be capital and must contains minimum 3 characters :
Wrong Input : Fist letter Should be capital and must contains minimum 3 characters :
Wrong Input : Fist letter Should be capital and must contains minimum 3 characters :
Wrong Input : Fist letter Should be capital and must contains minimum 3 characters :
Wrong Input : Fist letter Should be capital and must contains minimum 3 characters :
Wrong Input : Fist letter Should be capital and must contains minimum 3 characters :
Wrong Input : Fist letter Should be capital and must contains minimum 3 characters :
Wrong Input : Fist letter Should be capital and must contains minimum 3 characters :
Wrong Input : Fist letter Should be capital and must contains minimum 3 characters :
Wrong Input : Fist letter Should be capital and must contains minimum 3 characters :
Wrong Input : Fist letter Should be capital and must contains minimum 3 characters :
Wrong Input : Fist letter Should be capital and must contains minimum 3 characters :
Wrong Input : Fist letter Should be capital and must contains minimum 3 characters :
Wrong Input : Fist letter Should be capital and must contains minimum 3 characters :
Wrong Input : Fist letter Should be capital and must contains minimum 3 characters :
Wrong Input : Fist letter Should be capital and must contains minimum 3 characters :
Wrong Input : Fist letter Should be capital and must contains minimum 3 characters :
Wrong Input : Fist letter Should be capital and must contains minimum 3 characters :
Wrong Input : Fist letter Should be capital and must contains minimum 3 characters :
Wrong Input : Fist letter Should be capital and must contains minimum 3 characters :
Wrong Input : Fist letter Should be capital and must contains minimum 3 characters :
Wrong Input : Fist letter Should be capital and must contains minimum 3 characters :
Wrong Input : Fist letter Should be capital and must contains minimum 3 characters :
Wrong Input : Fist letter Should be capital and must contains minimum 3 characters :
Wrong Input : Fist letter Should be capital and must contains minimum 3 characters :
Wrong Input : Fist letter Should be capital and must contains minimum 3 characters :
Wrong Input : Fist letter Should be capital and must contains minimum 3 characters :
Wrong Input : Fist letter Should be capital and must contains minimum 3 characters :
Wrong Input : Fist letter Should be capital and must contains minimum 3 characters :
Wrong Input : Fist letter Should be capital and must contains minimum 3 characters :
Wrong Input : Fist letter Should be capital and must contains minimum 3 characters :
Wrong Input : Fist letter Should be capital and must contains minimum 3 characters :
Wrong Input : Fist letter Should be capital and must contains minimum 3 characters :
Wrong Input : Fist letter Should be capital and must contains minimum 3 characters :
Wrong Input : Fist letter Should be capital and must contains minimum 3 characters :
Wrong Input : Fist letter Should be capital and must contains minimum 3 characters :
Wrong Input : Fist letter Should be capital and must contains minimum 3 characters :
Wrong Input : Fist letter Should be capital and must contains minimum 3 characters :
Wrong Input : Fist letter Should be capital and must contains minimum 3 characters :
Wrong Input : Fist letter Should be capital and must contains minimum 3 characters :
Wrong Input : Fist letter Should be capital and must contains minimum 3 characters :
Wrong Input : Fist letter Should be capital and must contains minimum 3 characters :
Wrong Input : Fist letter Should be capital and must contains minimum 3 characters :
Wrong Input : Fist letter Should be capital and must contains minimum 3 characters :
Wrong Input : Fist letter Should be capital and must contains minimum 3 characters :
Wrong Input : Fist letter Should be capital and must contains minimum 3 characters :
Wrong Input : Fist letter Should be capital and must contains minimum 3 characters :
Wrong Input : Fist letter Should be capital and must contains minimum 3 characters :
Wrong Input : Fist letter Should be capital and must contains minimum 3 characters :
Wrong Input : Fist letter Should be capital and must contains minimum 3 characters :
Wrong Input : Fist letter Should be capital and must contains minimum 3 characters :
Wrong Input : Fist letter Should be capital and must contains minimum 3 characters :
Wrong Input : Fist letter Should be capital and must contains minimum 3 characters :
Wrong Input : Fist letter Should be capital and must contains minimum 3 characters :
Wrong Input : Fist letter Should be capital and must contains minimum 3 characters :
Wrong Input : Fist letter Should be capital and must contains minimum 3 characters :
Wrong Input : Fist letter Should be capital and must contains minimum 3 characters :
Wrong Input : Fist letter Should be capital and must contains minimum 3 characters :
Wrong Input : Fist letter Should be capital and must contains minimum 3 characters :
Wrong Input : Fist letter Should be capital and must contains minimum 3 characters :
Wrong Input : Fist letter Should be capital and must contains minimum 3 characters :
Wrong Input : Fist letter Should be capital and must contains minimum 3 characters :
Wrong Input : Fist letter Should be capital and must contains minimum 3 characters :
Wrong Input : Fist letter Should be capital and must contains minimum 3 characters :
Wrong Input : Fist letter Should be capital and must contains minimum 3 characters :
Wrong Input : Fist letter Should be capital and must contains minimum 3 characters :
Wrong Input : Fist letter Should be capital and must contains minimum 3 characters :
Wrong Input : Fist letter Should be capital and must contains minimum 3 characters :
Wrong Input : Fist letter Should be capital and must contains minimum 3 characters :
Wrong Input : Fist letter Should be capital and must contains minimum 3 characters :
Wrong Input : Fist letter Should be capital and must contains minimum 3 characters :
Wrong Input : Fist letter Should be capital and must contains minimum 3 characters :
Wrong Input : Fist letter Should be capital and must contains minimum 3 characters :
Wrong Input : Fist letter Should be capital and must contains minimum 3 characters :
Wrong Input : Fist letter Should be capital and must contains minimum 3 characters :
Wrong Input : Fist letter Should be capital and must contains minimum 3 characters :
Wrong Input : Fist letter Should be capital and must contains minimum 3 characters :
Wrong Input : Fist letter Should be capital and must contains minimum 3 characters :
Wrong Input : Fist letter Should be capital and must contains minimum 3 characters :
Wrong Input : Fist letter Should be capital and must contains minimum 3 characters :
Wrong Input : Fist letter Should be capital and must contains minimum 3 characters :
Wrong Input : Fist letter Should be capital and must contains minimum 3 characters :
Wrong Input : Fist letter Should be capital and must contains minimum 3 characters :
Wrong Input : Fist letter Should be capital and must contains minimum 3 characters :
Wrong Input : Fist letter Should be capital and must contains minimum 3 characters :
Wrong Input : Fist letter Should be capital and must contains minimum 3 characters :
Wrong Input : Fist letter Should be capital and must contains minimum 3 characters :
Wrong Input : Fist letter Should be capital and must contains minimum 3 characters :
Wrong Input : Fist letter Should be capital and must contains minimum 3 characters :
Wrong Input : Fist letter Should be capital and must contains minimum 3 characters :
Wrong Input : Fist letter Should be capital and must contains minimum 3 characters :
Wrong Input : Fist letter Should be capital and must contains minimum 3 characters :
Wrong Input : Fist letter Should be capital and must contains minimum 3 characters :
Wrong Input : Fist letter Should be capital and must contains minimum 3 characters :
Wrong Input : Fist letter Should be capital and must contains minimum 3 characters :
Wrong Input : Fist letter Should be capital and must contains minimum 3 characters :
Wrong Input : Fist letter Should be capital and must contains minimum 3 characters :
Wrong Input : Fist letter Should be capital and must contains minimum 3 characters :
Wrong Input : Fist letter Should be capital and must contains minimum 3 characters :
Wrong Input : Fist letter Should be capital and must contains minimum 3 characters :
Wrong Input : Fist letter Should be capital and must contains minimum 3 characters :
Wrong Input : Fist letter Should be capital and must contains minimum 3 characters :
Wrong Input : Fist letter Should be capital and must contains minimum 3 characters :
Wrong Input : Fist letter Should be capital and must contains minimum 3 characters :
Wrong Input : Fist letter Should be capital and must contains minimum 3 characters :
Wrong Input : Fist letter Should be capital and must contains minimum 3 characters :
Wrong Input : Fist letter Should be capital and must contains minimum 3 characters :
Wrong Input : Fist letter Should be capital and must contains minimum 3 characters :
Wrong Input : Fist letter Should be capital and must contains minimum 3 characters :
Wrong Input : Fist letter Should be capital and must contains minimum 3 characters :
Wrong Input : Fist letter Should be capital and must contains minimum 3 characters :
Wrong Input : Fist letter Should be capital and must contains minimum 3 characters :
Wrong Input : Fist letter Should be capital and must contains minimum 3 characters :
Wrong Input : Fist letter Should be capital and must contains minimum 3 characters :
Wrong Input : Fist letter Should be capital and must contains minimum 3 characters :
Wrong Input : Fist letter Should be capital and must contains minimum 3 characters :
Wrong Input : Fist letter Should be capital and must contains minimum 3 characters :
Wrong Input : Fist letter Should be capital and must contains minimum 3 characters :
Wrong Input : Fist letter Should be capital and must contains minimum 3 characters :
Wrong Input : Fist letter Should be capital and must contains minimum 3 characters :
Wrong Input : Fist letter Should be capital and must contains minimum 3 characters :
Wrong Input : Fist letter Should be capital and must contains minimum 3 characters :
Wrong Input : Fist letter Should be capital and must contains minimum 3 characters :
Wrong Input : Fist letter Should be capital and must contains minimum 3 characters :
Wrong Input : Fist letter Should be capital and must contains minimum 3 characters :
Wrong Input : Fist letter Should be capital and must contains minimum 3 characters :
Wrong Input : Fist letter Should be capital and must contains minimum 3 characters :
Wrong Input : Fist letter Should be capital and must contains minimum 3 characters :
Wrong Input : Fist letter Should be capital and must contains minimum 3 characters :
Wrong Input : Fist letter Should be capital and must contains minimum 3 characters :
Wrong Input : Fist letter Should be capital and must contains minimum 3 characters :
Wrong Input : Fist letter Should be capital and must contains minimum 3 characters :
Wrong Input : Fist letter Should be capital and must contains minimum 3 characters :
Wrong Input : Fist letter Should be capital and must contains minimum 3 characters :
Wrong Input : Fist letter Should be capital and must contains minimum 3 characters :
Wrong Input : Fist letter Should be capital and must contains minimum 3 characters :
Wrong Input : Fist letter Should be capital and must contains minimum 3 characters :
Wrong Input : Fist letter Should be capital and must contains minimum 3 characters :
Wrong Input : Fist letter Should be capital and must contains minimum 3 characters :
Wrong Input : Fist letter Should be capital and must contains minimum 3 characters :
Wrong Input : Fist letter Should be capital and must contains minimum 3 characters :
Wrong Input : Fist letter Should be capital and must contains minimum 3 characters :
Wrong Input : Fist letter Should be capital and must contains minimum 3 characters :
Wrong Input : Fist letter Should be capital and must contains minimum 3 characters :
Wrong Input : Fist letter Should be capital and must contains minimum 3 characters :
Wrong Input : Fist letter Should be capital and must contains minimum 3 characters :
Wrong Input : Fist letter Should be capital and must contains minimum 3 characters :
Wrong Input : Fist letter Should be capital and must contains minimum 3 characters :
Wrong Input : Fist letter Should be capital and must contains minimum 3 characters :
Wrong Input : Fist letter Should be capital and must contains minimum 3 characters :
Wrong Input : Fist letter Should be capital and must contains minimum 3 characters :
Wrong Input : Fist letter Should be capital and must contains minimum 3 characters :
Wrong Input : Fist letter Should be capital and must contains minimum 3 characters :
Wrong Input : Fist letter Should be capital and must contains minimum 3 characters :
Wrong Input : Fist letter Should be capital and must contains minimum 3 characters :
Wrong Input : Fist letter Should be capital and must contains minimum 3 characters :
Wrong Input : Fist letter Should be capital and must contains minimum 3 characters :
Wrong Input : Fist letter Should be capital and must contains minimum 3 characters :
Wrong Input : Fist letter Should be capital and must contains minimum 3 characters :
Wrong Input : Fist letter Should be capital and must contains minimum 3 characters :
Wrong Input : Fist letter Should be capital and must contains minimum 3 characters :
Wrong Input : Fist letter Should be capital and must contains minimum 3 characters :
Wrong Input : Fist letter Should be capital and must contains minimum 3 characters :
Wrong Input : Fist letter Should be capital and must contains minimum 3 characters :
Wrong Input : Fist letter Should be capital and must contains minimum 3 characters :
Wrong Input : Fist letter Should be capital and must contains minimum 3 characters :
Wrong Input : Fist letter Should be capital and must contains minimum 3 characters :
Wrong Input : Fist letter Should be capital and must contains minimum 3 characters :
Wrong Input : Fist letter Should be capital and must contains minimum 3 characters :
Wrong Input : Fist letter Should be capital and must contains minimum 3 characters :
Wrong Input : Fist letter Should be capital and must contains minimum 3 characters :
Wrong Input : Fist letter Should be capital and must contains minimum 3 characters :
Wrong Input : Fist letter Should be capital and must contains minimum 3 characters :
Wrong Input : Fist letter Should be capital and must contains minimum 3 characters :
Wrong Input : Fist letter Should be capital and must contains minimum 3 characters :
Wrong Input : Fist letter Should be capital and must contains minimum 3 characters :
Wrong Input : Fist letter Should be capital and must contains minimum 3 characters :
Wrong Input : Fist letter Should be capital and must contains minimum 3 characters :
Wrong Input : Fist letter Should be capital and must contains minimum 3 characters :
Wrong Input : Fist letter Should be capital and must contains minimum 3 characters :
Wrong Input : Fist letter Should be capital and must contains minimum 3 characters :
Wrong Input : Fist letter Should be capital and must contains minimum 3 characters :
Wrong Input : Fist letter Should be capital and must contains minimum 3 characters :
Wrong Input : Fist letter Should be capital and must contains minimum 3 characters :
Wrong Input : Fist letter Should be capital and must contains minimum 3 characters :
Wrong Input : Fist letter Should be capital and must contains minimum 3 characters :
Wrong Input : Fist letter Should be capital and must contains minimum 3 characters :
Wrong Input : Fist letter Should be capital and must contains minimum 3 characters :
Wrong Input : Fist letter Should be capital and must contains minimum 3 characters :
Wrong Input : Fist letter Should be capital and must contains minimum 3 characters :
Wrong Input : Fist letter Should be capital and must contains minimum 3 characters :
Wrong Input : Fist letter Should be capital and must contains minimum 3 characters :
Wrong Input : Fist letter Should be capital and must contains minimum 3 characters :
Wrong Input : Fist letter Should be capital and must contains minimum 3 characters :
Wrong Input : Fist letter Should be capital and must contains minimum 3 characters :
Wrong Input : Fist letter Should be capital and must contains minimum 3 characters :
Wrong Input : Fist letter Should be capital and must contains minimum 3 characters :
Wrong Input : Fist letter Should be capital and must contains minimum 3 characters :
Wrong Input : Fist letter Should be capital and must contains minimum 3 characters :
Wrong Input : Fist letter Should be capital and must contains minimum 3 characters :
Wrong Input : Fist letter Should be capital and must contains minimum 3 characters :
Wrong Input : Fist letter Should be capital and must contains minimum 3 characters :
Wrong Input : Fist letter Should be capital and must contains minimum 3 characters :
Wrong Input : Fist letter Should be capital and must contains minimum 3 characters :
Wrong Input : Fist letter Should be capital and must contains minimum 3 characters :
Wrong Input : Fist letter Should be capital and must contains minimum 3 characters :
Wrong Input : Fist letter Should be capital and must contains minimum 3 characters :
Wrong Input : Fist letter Should be capital and must contains minimum 3 characters :
Wrong Input : Fist letter Should be capital and must contains minimum 3 characters :
Wrong Input : Fist letter Should be capital and must contains minimum 3 characters :
Wrong Input : Fist letter Should be capital and must contains minimum 3 characters :
Wrong Input : Fist letter Should be capital and must contains minimum 3 characters :
Wrong Input : Fist letter Should be capital and must contains minimum 3 characters :
Wrong Input : Fist letter Should be capital and must contains minimum 3 characters :
Wrong Input : Fist letter Should be capital and must contains minimum 3 characters :
Wrong Input : Fist letter Should be capital and must contains minimum 3 characters :
Wrong Input : Fist letter Should be capital and must contains minimum 3 characters :
Wrong Input : Fist letter Should be capital and must contains minimum 3 characters :
Wrong Input : Fist letter Should be capital and must contains minimum 3 characters :
Wrong Input : Fist letter Should be capital and must contains minimum 3 characters :
Wrong Input : Fist letter Should be capital and must contains minimum 3 characters :
Wrong Input : Fist letter Should be capital and must contains minimum 3 characters :
Wrong Input : Fist letter Should be capital and must contains minimum 3 characters :
Wrong Input : Fist letter Should be capital and must contains minimum 3 characters :
Wrong Input : Fist letter Should be capital and must contains minimum 3 characters :
Wrong Input : Fist letter Should be capital and must contains minimum 3 characters :
Wrong Input : Fist letter Should be capital and must contains minimum 3 characters :
Wrong Input : Fist letter Should be capital and must contains minimum 3 characters :
Wrong Input : Fist letter Should be capital and must contains minimum 3 characters :
Wrong Input : Fist letter Should be capital and must contains minimum 3 characters :
Wrong Input : Fist letter Should be capital and must contains minimum 3 characters :
Wrong Input : Fist letter Should be capital and must contains minimum 3 characters :
Wrong Input : Fist letter Should be capital and must contains minimum 3 characters :
Wrong Input : Fist letter Should be capital and must contains minimum 3 characters :
Wrong Input : Fist letter Should be capital and must contains minimum 3 characters :
Wrong Input : Fist letter Should be capital and must contains minimum 3 characters :
Wrong Input : Fist letter Should be capital and must contains minimum 3 characters :
Wrong Input : Fist letter Should be capital and must contains minimum 3 characters :
Wrong Input : Fist letter Should be capital and must contains minimum 3 characters :
Wrong Input : Fist letter Should be capital and must contains minimum 3 characters :
Wrong Input : Fist letter Should be capital and must contains minimum 3 characters :
Wrong Input : Fist letter Should be capital and must contains minimum 3 characters :
Wrong Input : Fist letter Should be capital and must contains minimum 3 characters :
Wrong Input : Fist letter Should be capital and must contains minimum 3 characters :
Wrong Input : Fist letter Should be capital and must contains minimum 3 characters :
Wrong Input : Fist letter Should be capital and must contains minimum 3 characters :
Wrong Input : Fist letter Should be capital and must contains minimum 3 characters :
Wrong Input : Fist letter Should be capital and must contains minimum 3 characters :
Wrong Input : Fist letter Should be capital and must contains minimum 3 characters :
Wrong Input : Fist letter Should be capital and must contains minimum 3 characters :
Wrong Input : Fist letter Should be capital and must contains minimum 3 characters :
Wrong Input : Fist letter Should be capital and must contains minimum 3 characters :
Wrong Input : Fist letter Should be capital and must contains minimum 3 characters :
Wrong Input : Fist letter Should be capital and must contains minimum 3 characters :
Wrong Input : Fist letter Should be capital and must contains minimum 3 characters :
Wrong Input : Fist letter Should be capital and must contains minimum 3 characters :
Wrong Input : Fist letter Should be capital and must contains minimum 3 characters :
Wrong Input : Fist letter Should be capital and must contains minimum 3 characters :
Wrong Input : Fist letter Should be capital and must contains minimum 3 characters :
Wrong Input : Fist letter Should be capital and must contains minimum 3 characters :
Wrong Input : Fist letter Should be capital and must contains minimum 3 characters :
Wrong Input : Fist letter Should be capital and must contains minimum 3 characters :
Wrong Input : Fist letter Should be capital and must contains minimum 3 characters :
Wrong Input : Fist letter Should be capital and must contains minimum 3 characters :
Wrong Input : Fist letter Should be capital and must contains minimum 3 characters :
Wrong Input : Fist letter Should be capital and must contains minimum 3 characters :
Wrong Input : Fist letter Should be capital and must contains minimum 3 characters :
Wrong Input : Fist letter Should be capital and must contains minimum 3 characters :
Wrong Input : Fist letter Should be capital and must contains minimum 3 characters :
Wrong Input : Fist letter Should be capital and must contains minimum 3 characters :
Wrong Input : Fist letter Should be capital and must contains minimum 3 characters :
Wrong Input : Fist letter Should be capital and must contains minimum 3 characters :
Wrong Input : Fist letter Should be capital and must contains minimum 3 characters :
Wrong Input : Fist letter Should be capital and must contains minimum 3 characters :
Wrong Input : Fist letter Should be capital and must contains minimum 3 characters :
Wrong Input : Fist letter Should be capital and must contains minimum 3 characters :
Wrong Input : Fist letter Should be capital and must contains minimum 3 characters :
Wrong Input : Fist letter Should be capital and must contains minimum 3 characters :
Wrong Input : Fist letter Should be capital and must contains minimum 3 characters :
Wrong Input : Fist letter Should be capital and must contains minimum 3 characters :
Wrong Input : Fist letter Should be capital and must contains minimum 3 characters :
Wrong Input : Fist letter Should be capital and must contains minimum 3 characters :
Wrong Input : Fist letter Should be capital and must contains minimum 3 characters :
Wrong Input : Fist letter Should be capital and must contains minimum 3 characters :
Wrong Input : Fist letter Should be capital and must contains minimum 3 characters :
Wrong Input : Fist letter Should be capital and must contains minimum 3 characters :
Wrong Input : Fist letter Should be capital and must contains minimum 3 characters :
Wrong Input : Fist letter Should be capital and must contains minimum 3 characters :
Wrong Input : Fist letter Should be capital and must contains minimum 3 characters :
Wrong Input : Fist letter Should be capital and must contains minimum 3 characters :
Wrong Input : Fist letter Should be capital and must contains minimum 3 characters :
Wrong Input : Fist letter Should be capital and must contains minimum 3 characters :
Wrong Input : Fist letter Should be capital and must contains minimum 3 characters :
Wrong Input : Fist letter Should be capital and must contains minimum 3 characters :
Wrong Input : Fist letter Should be capital and must contains minimum 3 characters :
Wrong Input : Fist letter Should be capital and must contains minimum 3 characters :
Wrong Input : Fist letter Should be capital and must contains minimum 3 characters :
Wrong Input : Fist letter Should be capital and must contains minimum 3 characters :
Wrong Input : Fist letter Should be capital and must contains minimum 3 characters :
Wrong Input : Fist letter Should be capital and must contains minimum 3 characters :
Wrong Input : Fist letter Should be capital and must contains minimum 3 characters :
Wrong Input : Fist letter Should be capital and must contains minimum 3 characters :
Wrong Input : Fist letter Should be capital and must contains minimum 3 characters :
Wrong Input : Fist letter Should be capital and must contains minimum 3 characters :
Wrong Input : Fist letter Should be capital and must contains minimum 3 characters :
Wrong Input : Fist letter Should be capital and must contains minimum 3 characters :
Wrong Input : Fist letter Should be capital and must contains minimum 3 characters :
Wrong Input : Fist letter Should be capital and must contains minimum 3 characters :
Wrong Input : Fist letter Should be capital and must contains minimum 3 characters :
Wrong Input : Fist letter Should be capital and must contains minimum 3 characters :
Wrong Input : Fist letter Should be capital and must contains minimum 3 characters :
Wrong Input : Fist letter Should be capital and must contains minimum 3 characters :
Wrong Input : Fist letter Should be capital and must contains minimum 3 characters :
Wrong Input : Fist letter Should be capital and must contains minimum 3 characters :
Wrong Input : Fist letter Should be capital and must contains minimum 3 characters :
Wrong Input : Fist letter Should be capital and must contains minimum 3 characters :
Wrong Input : Fist letter Should be capital and must contains minimum 3 characters :
Wrong Input : Fist letter Should be capital and must contains minimum 3 characters :
Wrong Input : Fist letter Should be capital and must contains minimum 3 characters :
Wrong Input : Fist letter Should be capital and must contains minimum 3 characters :
Wrong Input : Fist letter Should be capital and must contains minimum 3 characters :
Wrong Input : Fist letter Should be capital and must contains minimum 3 characters :
Wrong Input : Fist letter Should be capital and must contains minimum 3 characters :
Wrong Input : Fist letter Should be capital and must contains minimum 3 characters :
Wrong Input : Fist letter Should be capital and must contains minimum 3 characters :
Wrong Input : Fist letter Should be capital and must contains minimum 3 characters :
Wrong Input : Fist letter Should be capital and must contains minimum 3 characters :
Wrong Input : Fist letter Should be capital and must contains minimum 3 characters :
Wrong Input : Fist letter Should be capital and must contains minimum 3 characters :
Wrong Input : Fist letter Should be capital and must contains minimum 3 characters :
Wrong Input : Fist letter Should be capital and must contains minimum 3 characters :
Wrong Input : Fist letter Should be capital and must contains minimum 3 characters :
Wrong Input : Fist letter Should be capital and must contains minimum 3 characters :
Wrong Input : Fist letter Should be capital and must contains minimum 3 characters :
Wrong Input : Fist letter Should be capital and must contains minimum 3 characters :
Wrong Input : Fist letter Should be capital and must contains minimum 3 characters :
Wrong Input : Fist letter Should be capital and must contains minimum 3 characters :
Wrong Input : Fist letter Should be capital and must contains minimum 3 characters :
Wrong Input : Fist letter Should be capital and must contains minimum 3 characters :
Wrong Input : Fist letter Should be capital and must contains minimum 3 characters :
Wrong Input : Fist letter Should be capital and must contains minimum 3 characters :
Wrong Input : Fist letter Should be capital and must contains minimum 3 characters :
Wrong Input : Fist letter Should be capital and must contains minimum 3 characters :
Wrong Input : Fist letter Should be capital and must contains minimum 3 characters :
Wrong Input : Fist letter Should be capital and must contains minimum 3 characters :
Wrong Input : Fist letter Should be capital and must contains minimum 3 characters :
Wrong Input : Fist letter Should be capital and must contains minimum 3 characters :
Wrong Input : Fist letter Should be capital and must contains minimum 3 characters :
Wrong Input : Fist letter Should be capital and must contains minimum 3 characters :
Wrong Input : Fist letter Should be capital and must contains minimum 3 characters :
Wrong Input : Fist letter Should be capital and must contains minimum 3 characters :
Wrong Input : Fist letter Should be capital and must contains minimum 3 characters :
Wrong Input : Fist letter Should be capital and must contains minimum 3 characters :
Wrong Input : Fist letter Should be capital and must contains minimum 3 characters :
Wrong Input : Fist letter Should be capital and must contains minimum 3 characters :
Wrong Input : Fist letter Should be capital and must contains minimum 3 characters :
Wrong Input : Fist letter Should be capital and must contains minimum 3 characters :
Wrong Input : Fist letter Should be capital and must contains minimum 3 characters :
Wrong Input : Fist letter Should be capital and must contains minimum 3 characters :
Wrong Input : Fist letter Should be capital and must contains minimum 3 characters :
Wrong Input : Fist letter Should be capital and must contains minimum 3 characters :
Wrong Input : Fist letter Should be capital and must contains minimum 3 characters :
Wrong Input : Fist letter Should be capital and must contains minimum 3 characters :
Wrong Input : Fist letter Should be capital and must contains minimum 3 characters :
Wrong Input : Fist letter Should be capital and must contains minimum 3 characters :
Wrong Input : Fist letter Should be capital and must contains minimum 3 characters :
Wrong Input : Fist letter Should be capital and must contains minimum 3 characters :
Wrong Input : Fist letter Should be capital and must contains minimum 3 characters :
Wrong Input : Fist letter Should be capital and must contains minimum 3 characters :
Wrong Input : Fist letter Should be capital and must contains minimum 3 characters :
Wrong Input : Fist letter Should be capital and must contains minimum 3 characters :
Wrong Input : Fist letter Should be capital and must contains minimum 3 characters :
Wrong Input : Fist letter Should be capital and must contains minimum 3 characters :
Wrong Input : Fist letter Should be capital and must contains minimum 3 characters :
Wrong Input : Fist letter Should be capital and must contains minimum 3 characters :
Wrong Input : Fist letter Should be capital and must contains minimum 3 characters :
Wrong Input : Fist letter Should be capital and must contains minimum 3 characters :
Wrong Input : Fist letter Should be capital and must contains minimum 3 characters :
Wrong Input : Fist letter Should be capital and must contains minimum 3 characters :
Wrong Input : Fist letter Should be capital and must contains minimum 3 characters :
Wrong Input : Fist letter Should be capital and must contains minimum 3 characters :
Wrong Input : Fist letter Should be capital and must contains minimum 3 characters :
Wrong Input : Fist letter Should be capital and must contains minimum 3 characters :
Wrong Input : Fist letter Should be capital and must contains minimum 3 characters :
Wrong Input : Fist letter Should be capital and must contains minimum 3 characters :
Wrong Input : Fist letter Should be capital and must contains minimum 3 characters :
Wrong Input : Fist letter Should be capital and must contains minimum 3 characters :
Wrong Input : Fist letter Should be capital and must contains minimum 3 characters :
Wrong Input : Fist letter Should be capital and must contains minimum 3 characters :
Wrong Input : Fist letter Should be capital and must contains minimum 3 characters :
Wrong Input : Fist letter Should be capital and must contains minimum 3 characters :
Wrong Input : Fist letter Should be capital and must contains minimum 3 characters :
Wrong Input : Fist letter Should be capital and must contains minimum 3 characters :
Wrong Input : Fist letter Should be capital and must contains minimum 3 characters :
Wrong Input : Fist letter Should be capital and must contains minimum 3 characters :
Wrong Input : Fist letter Should be capital and must contains minimum 3 characters :
Wrong Input : Fist letter Should be capital and must contains minimum 3 characters :
Wrong Input : Fist letter Should be capital and must contains minimum 3 characters :
Wrong Input : Fist letter Should be capital and must contains minimum 3 characters :
Wrong Input : Fist letter Should be capital and must contains minimum 3 characters :
Wrong Input : Fist letter Should be capital and must contains minimum 3 characters :
Wrong Input : Fist letter Should be capital and must contains minimum 3 characters :
Wrong Input : Fist letter Should be capital and must contains minimum 3 characters :
Wrong Input : Fist letter Should be capital and must contains minimum 3 characters :
Wrong Input : Fist letter Should be capital and must contains minimum 3 characters :
Wrong Input : Fist letter Should be capital and must contains minimum 3 characters :
Wrong Input : Fist letter Should be capital and must contains minimum 3 characters :
Wrong Input : Fist letter Should be capital and must contains minimum 3 characters :
Wrong Input : Fist letter Should be capital and must contains minimum 3 characters :
Wrong Input : Fist letter Should be capital and must contains minimum 3 characters :
Wrong Input : Fist letter Should be capital and must contains minimum 3 characters :
Wrong Input : Fist letter Should be capital and must contains minimum 3 characters :
Wrong Input : Fist letter Should be capital and must contains minimum 3 characters :
Wrong Input : Fist letter Should be capital and must contains minimum 3 characters :
Wrong Input : Fist letter Should be capital and must contains minimum 3 characters :
Wrong Input : Fist letter Should be capital and must contains minimum 3 characters :
Wrong Input : Fist letter Should be capital and must contains minimum 3 characters :
Wrong Input : Fist letter Should be capital and must contains minimum 3 characters :
Wrong Input : Fist letter Should be capital and must contains minimum 3 characters :
Wrong Input : Fist letter Should be capital and must contains minimum 3 characters :
Wrong Input : Fist letter Should be capital and must contains minimum 3 characters :
Wrong Input : Fist letter Should be capital and must contains minimum 3 characters :
Wrong Input : Fist letter Should be capital and must contains minimum 3 characters :
Wrong Input : Fist letter Should be capital and must contains minimum 3 characters :
Wrong Input : Fist letter Should be capital and must contains minimum 3 characters :
Wrong Input : Fist letter Should be capital and must contains minimum 3 characters :
Wrong Input : Fist letter Should be capital and must contains minimum 3 characters :
Wrong Input : Fist letter Should be capital and must contains minimum 3 characters :
Wrong Input : Fist letter Should be capital and must contains minimum 3 characters :
Wrong Input : Fist letter Should be capital and must contains minimum 3 characters :
Wrong Input : Fist letter Should be capital and must contains minimum 3 characters :
Wrong Input : Fist letter Should be capital and must contains minimum 3 characters :
Wrong Input : Fist letter Should be capital and must contains minimum 3 characters :
Wrong Input : Fist letter Should be capital and must contains minimum 3 characters :
Wrong Input : Fist letter Should be capital and must contains minimum 3 characters :
Wrong Input : Fist letter Should be capital and must contains minimum 3 characters :
Wrong Input : Fist letter Should be capital and must contains minimum 3 characters :
Wrong Input : Fist letter Should be capital and must contains minimum 3 characters :
Wrong Input : Fist letter Should be capital and must contains minimum 3 characters :
Wrong Input : Fist letter Should be capital and must contains minimum 3 characters :
Wrong Input : Fist letter Should be capital and must contains minimum 3 characters :
Wrong Input : Fist letter Should be capital and must contains minimum 3 characters :
Wrong Input : Fist letter Should be capital and must contains minimum 3 characters :
Wrong Input : Fist letter Should be capital and must contains minimum 3 characters :
Wrong Input : Fist letter Should be capital and must contains minimum 3 characters :
Wrong Input : Fist letter Should be capital and must contains minimum 3 characters :
Wrong Input : Fist letter Should be capital and must contains minimum 3 characters :
Wrong Input : Fist letter Should be capital and must contains minimum 3 characters :
Wrong Input : Fist letter Should be capital and must contains minimum 3 characters :
Wrong Input : Fist letter Should be capital and must contains minimum 3 characters :
Wrong Input : Fist letter Should be capital and must contains minimum 3 characters :
Wrong Input : Fist letter Should be capital and must contains minimum 3 characters :
Wrong Input : Fist letter Should be capital and must contains minimum 3 characters :
Wrong Input : Fist letter Should be capital and must contains minimum 3 characters :
Wrong Input : Fist letter Should be capital and must contains minimum 3 characters :
Wrong Input : Fist letter Should be capital and must contains minimum 3 characters :
Wrong Input : Fist letter Should be capital and must contains minimum 3 characters :
Wrong Input : Fist letter Should be capital and must contains minimum 3 characters :
Wrong Input : Fist letter Should be capital and must contains minimum 3 characters :
Wrong Input : Fist letter Should be capital and must contains minimum 3 characters :
Wrong Input : Fist letter Should be capital and must contains minimum 3 characters :
Wrong Input : Fist letter Should be capital and must contains minimum 3 characters :
Wrong Input : Fist letter Should be capital and must contains minimum 3 characters :
Wrong Input : Fist letter Should be capital and must contains minimum 3 characters :
Wrong Input : Fist letter Should be capital and must contains minimum 3 characters :
Wrong Input : Fist letter Should be capital and must contains minimum 3 characters :
Wrong Input : Fist letter Should be capital and must contains minimum 3 characters :
Wrong Input : Fist letter Should be capital and must contains minimum 3 characters :
Wrong Input : Fist letter Should be capital and must contains minimum 3 characters :
Wrong Input : Fist letter Should be capital and must contains minimum 3 characters :
Wrong Input : Fist letter Should be capital and must contains minimum 3 characters :
Wrong Input : Fist letter Should be capital and must contains minimum 3 characters :
Wrong Input : Fist letter Should be capital and must contains minimum 3 characters :
Wrong Input : Fist letter Should be capital and must contains minimum 3 characters :
Wrong Input : Fist letter Should be capital and must contains minimum 3 characters :
Wrong Input : Fist letter Should be capital and must contains minimum 3 characters :
Wrong Input : Fist letter Should be capital and must contains minimum 3 characters :
Wrong Input : Fist letter Should be capital and must contains minimum 3 characters :
Wrong Input : Fist letter Should be capital and must contains minimum 3 characters :
Wrong Input : Fist letter Should be capital and must contains minimum 3 characters :
Wrong Input : Fist letter Should be capital and must contains minimum 3 characters :
Wrong Input : Fist letter Should be capital and must contains minimum 3 characters :
Wrong Input : Fist letter Should be capital and must contains minimum 3 characters :
Wrong Input : Fist letter Should be capital and must contains minimum 3 characters :
Wrong Input : Fist letter Should be capital and must contains minimum 3 characters :
Wrong Input : Fist letter Should be capital and must contains minimum 3 characters :
Wrong Input : Fist letter Should be capital and must contains minimum 3 characters :
Wrong Input : Fist letter Should be capital and must contains minimum 3 characters :
Wrong Input : Fist letter Should be capital and must contains minimum 3 characters :
Wrong Input : Fist letter Should be capital and must contains minimum 3 characters :
Wrong Input : Fist letter Should be capital and must contains minimum 3 characters :
Wrong Input : Fist letter Should be capital and must contains minimum 3 characters :
Wrong Input : Fist letter Should be capital and must contains minimum 3 characters :
Wrong Input : Fist letter Should be capital and must contains minimum 3 characters :
Wrong Input : Fist letter Should be capital and must contains minimum 3 characters :
Wrong Input : Fist letter Should be capital and must contains minimum 3 characters :
Wrong Input : Fist letter Should be capital and must contains minimum 3 characters :
Wrong Input : Fist letter Should be capital and must contains minimum 3 characters :
Wrong Input : Fist letter Should be capital and must contains minimum 3 characters :
Wrong Input : Fist letter Should be capital and must contains minimum 3 characters :
Wrong Input : Fist letter Should be capital and must contains minimum 3 characters :
Wrong Input : Fist letter Should be capital and must contains minimum 3 characters :
Wrong Input : Fist letter Should be capital and must contains minimum 3 characters :
Wrong Input : Fist letter Should be capital and must contains minimum 3 characters :
Wrong Input : Fist letter Should be capital and must contains minimum 3 characters :
Wrong Input : Fist letter Should be capital and must contains minimum 3 characters :
Wrong Input : Fist letter Should be capital and must contains minimum 3 characters :
Wrong Input : Fist letter Should be capital and must contains minimum 3 characters :
Wrong Input : Fist letter Should be capital and must contains minimum 3 characters :
Wrong Input : Fist letter Should be capital and must contains minimum 3 characters :
Wrong Input : Fist letter Should be capital and must contains minimum 3 characters :
Wrong Input : Fist letter Should be capital and must contains minimum 3 characters :
Wrong Input : Fist letter Should be capital and must contains minimum 3 characters :
Wrong Input : Fist letter Should be capital and must contains minimum 3 characters :
Wrong Input : Fist letter Should be capital and must contains minimum 3 characters :
Wrong Input : Fist letter Should be capital and must contains minimum 3 characters :
Wrong Input : Fist letter Should be capital and must contains minimum 3 characters :
Wrong Input : Fist letter Should be capital and must contains minimum 3 characters :
Wrong Input : Fist letter Should be capital and must contains minimum 3 characters :
Wrong Input : Fist letter Should be capital and must contains minimum 3 characters :
Wrong Input : Fist letter Should be capital and must contains minimum 3 characters :
Wrong Input : Fist letter Should be capital and must contains minimum 3 characters :
Wrong Input : Fist letter Should be capital and must contains minimum 3 characters :
Wrong Input : Fist letter Should be capital and must contains minimum 3 characters :
Wrong Input : Fist letter Should be capital and must contains minimum 3 characters :
Wrong Input : Fist letter Should be capital and must contains minimum 3 characters :
Wrong Input : Fist letter Should be capital and must contains minimum 3 characters :
Wrong Input : Fist letter Should be capital and must contains minimum 3 characters :
Wrong Input : Fist letter Should be capital and must contains minimum 3 characters :
Wrong Input : Fist letter Should be capital and must contains minimum 3 characters :
Wrong Input : Fist letter Should be capital and must contains minimum 3 characters :
Wrong Input : Fist letter Should be capital and must contains minimum 3 characters :
Wrong Input : Fist letter Should be capital and must contains minimum 3 characters :
Wrong Input : Fist letter Should be capital and must contains minimum 3 characters :
Wrong Input : Fist letter Should be capital and must contains minimum 3 characters :
Wrong Input : Fist letter Should be capital and must contains minimum 3 characters :
Wrong Input : Fist letter Should be capital and must contains minimum 3 characters :
Wrong Input : Fist letter Should be capital and must contains minimum 3 characters :
Wrong Input : Fist letter Should be capital and must contains minimum 3 characters :
Wrong Input : Fist letter Should be capital and must contains minimum 3 characters :
Wrong Input : Fist letter Should be capital and must contains minimum 3 characters :
Wrong Input : Fist letter Should be capital and must contains minimum 3 characters :
Wrong Input : Fist letter Should be capital and must contains minimum 3 characters :
Wrong Input : Fist letter Should be capital and must contains minimum 3 characters :
Wrong Input : Fist letter Should be capital and must contains minimum 3 characters :
Wrong Input : Fist letter Should be capital and must contains minimum 3 characters :
Wrong Input : Fist letter Should be capital and must contains minimum 3 characters :
Wrong Input : Fist letter Should be capital and must contains minimum 3 characters :
Wrong Input : Fist letter Should be capital and must contains minimum 3 characters :
Wrong Input : Fist letter Should be capital and must contains minimum 3 characters :
Wrong Input : Fist letter Should be capital and must contains minimum 3 characters :
Wrong Input : Fist letter Should be capital and must contains minimum 3 characters :
Wrong Input : Fist letter Should be capital and must contains minimum 3 characters :
Wrong Input : Fist letter Should be capital and must contains minimum 3 characters :
Wrong Input : Fist letter Should be capital and must contains minimum 3 characters :
Wrong Input : Fist letter Should be capital and must contains minimum 3 characters :
Wrong Input : Fist letter Should be capital and must contains minimum 3 characters :
Wrong Input : Fist letter Should be capital and must contains minimum 3 characters :
Wrong Input : Fist letter Should be capital and must contains minimum 3 characters :
Wrong Input : Fist letter Should be capital and must contains minimum 3 characters :
Wrong Input : Fist letter Should be capital and must contains minimum 3 characters :
Wrong Input : Fist letter Should be capital and must contains minimum 3 characters :
Wrong Input : Fist letter Should be capital and must contains minimum 3 characters :
Wrong Input : Fist letter Should be capital and must contains minimum 3 characters :
Wrong Input : Fist letter Should be capital and must contains minimum 3 characters :
Wrong Input : Fist letter Should be capital and must contains minimum 3 characters :
Wrong Input : Fist letter Should be capital and must contains minimum 3 characters :
Wrong Input : Fist letter Should be capital and must contains minimum 3 characters :
Wrong Input : Fist letter Should be capital and must contains minimum 3 characters :
Wrong Input : Fist letter Should be capital and must contains minimum 3 characters :
Wrong Input : Fist letter Should be capital and must contains minimum 3 characters :
Wrong Input : Fist letter Should be capital and must contains minimum 3 characters :
Wrong Input : Fist letter Should be capital and must contains minimum 3 characters :
Wrong Input : Fist letter Should be capital and must contains minimum 3 characters :
Wrong Input : Fist letter Should be capital and must contains minimum 3 characters :
Wrong Input : Fist letter Should be capital and must contains minimum 3 characters :
Wrong Input : Fist letter Should be capital and must contains minimum 3 characters :
Wrong Input : Fist letter Should be capital and must contains minimum 3 characters :
Wrong Input : Fist letter Should be capital and must contains minimum 3 characters :
Wrong Input : Fist letter Should be capital and must contains minimum 3 characters :
Wrong Input : Fist letter Should be capital and must contains minimum 3 characters :
Wrong Input : Fist letter Should be capital and must contains minimum 3 characters :
Wrong Input : Fist letter Should be capital and must contains minimum 3 characters :
Wrong Input : Fist letter Should be capital and must contains minimum 3 characters :
Wrong Input : Fist letter Should be capital and must contains minimum 3 characters :
Wrong Input : Fist letter Should be capital and must contains minimum 3 characters :
Wrong Input : Fist letter Should be capital and must contains minimum 3 characters :
Wrong Input : Fist letter Should be capital and must contains minimum 3 characters :
Wrong Input : Fist letter Should be capital and must contains minimum 3 characters :
Wrong Input : Fist letter Should be capital and must contains minimum 3 characters :
Wrong Input : Fist letter Should be capital and must contains minimum 3 characters :
Wrong Input : Fist letter Should be capital and must contains minimum 3 characters :
Wrong Input : Fist letter Should be capital and must contains minimum 3 characters :
Wrong Input : Fist letter Should be capital and must contains minimum 3 characters :
Wrong Input : Fist letter Should be capital and must contains minimum 3 characters :
Wrong Input : Fist letter Should be capital and must contains minimum 3 characters :
Wrong Input : Fist letter Should be capital and must contains minimum 3 characters :
Wrong Input : Fist letter Should be capital and must contains minimum 3 characters :
Wrong Input : Fist letter Should be capital and must contains minimum 3 characters :
Wrong Input : Fist letter Should be capital and must contains minimum 3 characters :
Wrong Input : Fist letter Should be capital and must contains minimum 3 characters :
Wrong Input : Fist letter Should be capital and must contains minimum 3 characters :
Wrong Input : Fist letter Should be capital and must contains minimum 3 characters :
Wrong Input : Fist letter Should be capital and must contains minimum 3 characters :
Wrong Input : Fist letter Should be capital and must contains minimum 3 characters :
Wrong Input : Fist letter Should be capital and must contains minimum 3 characters :
Wrong Input : Fist letter Should be capital and must contains minimum 3 characters :
Wrong Input : Fist letter Should be capital and must contains minimum 3 characters :
Wrong Input : Fist letter Should be capital and must contains minimum 3 characters :
Wrong Input : Fist letter Should be capital and must contains minimum 3 characters :
Wrong Input : Fist letter Should be capital and must contains minimum 3 characters :
Wrong Input : Fist letter Should be capital and must contains minimum 3 characters :
Wrong Input : Fist letter Should be capital and must contains minimum 3 characters :
Wrong Input : Fist letter Should be capital and must contains minimum 3 characters :
Wrong Input : Fist letter Should be capital and must contains minimum 3 characters :
Wrong Input : Fist letter Should be capital and must contains minimum 3 characters :
Wrong Input : Fist letter Should be capital and must contains minimum 3 characters :
Wrong Input : Fist letter Should be capital and must contains minimum 3 characters :
Wrong Input : Fist letter Should be capital and must contains minimum 3 characters :
Wrong Input : Fist letter Should be capital and must contains minimum 3 characters :
Wrong Input : Fist letter Should be capital and must contains minimum 3 characters :
Wrong Input : Fist letter Should be capital and must contains minimum 3 characters :
Wrong Input : Fist letter Should be capital and must contains minimum 3 characters :
Wrong Input : Fist letter Should be capital and must contains minimum 3 characters :
Wrong Input : Fist letter Should be capital and must contains minimum 3 characters :
Wrong Input : Fist letter Should be capital and must contains minimum 3 characters :
Wrong Input : Fist letter Should be capital and must contains minimum 3 characters :
Wrong Input : Fist letter Should be capital and must contains minimum 3 characters :
Wrong Input : Fist letter Should be capital and must contains minimum 3 characters :
Wrong Input : Fist letter Should be capital and must contains minimum 3 characters :
Wrong Input : Fist letter Should be capital and must contains minimum 3 characters :
Wrong Input : Fist letter Should be capital and must contains minimum 3 characters :
Wrong Input : Fist letter Should be capital and must contains minimum 3 characters :
Wrong Input : Fist letter Should be capital and must contains minimum 3 characters :
Wrong Input : Fist letter Should be capital and must contains minimum 3 characters :
Wrong Input : Fist letter Should be capital and must contains minimum 3 characters :
Wrong Input : Fist letter Should be capital and must contains minimum 3 characters :
Wrong Input : Fist letter Should be capital and must contains minimum 3 characters :
Wrong Input : Fist letter Should be capital and must contains minimum 3 characters :
Wrong Input : Fist letter Should be capital and must contains minimum 3 characters :
Wrong Input : Fist letter Should be capital and must contains minimum 3 characters :
Wrong Input : Fist letter Should be capital and must contains minimum 3 characters :
Wrong Input : Fist letter Should be capital and must contains minimum 3 characters :
Wrong Input : Fist letter Should be capital and must contains minimum 3 characters :
Wrong Input : Fist letter Should be capital and must contains minimum 3 characters :
Wrong Input : Fist letter Should be capital and must contains minimum 3 characters :
Wrong Input : Fist letter Should be capital and must contains minimum 3 characters :
Wrong Input : Fist letter Should be capital and must contains minimum 3 characters :
Wrong Input : Fist letter Should be capital and must contains minimum 3 characters :
Wrong Input : Fist letter Should be capital and must contains minimum 3 characters :
Wrong Input : Fist letter Should be capital and must contains minimum 3 characters :
Wrong Input : Fist letter Should be capital and must contains minimum 3 characters :
Wrong Input : Fist letter Should be capital and must contains minimum 3 characters :
Wrong Input : Fist letter Should be capital and must contains minimum 3 characters :
Wrong Input : Fist letter Should be capital and must contains minimum 3 characters :
Wrong Input : Fist letter Should be capital and must contains minimum 3 characters :
Wrong Input : Fist letter Should be capital and must contains minimum 3 characters :
Wrong Input : Fist letter Should be capital and must contains minimum 3 characters :
Wrong Input : Fist letter Should be capital and must contains minimum 3 characters :
Wrong Input : Fist letter Should be capital and must contains minimum 3 characters :
Wrong Input : Fist letter Should be capital and must contains minimum 3 characters :
Wrong Input : Fist letter Should be capital and must contains minimum 3 characters :
Wrong Input : Fist letter Should be capital and must contains minimum 3 characters :
Wrong Input : Fist letter Should be capital and must contains minimum 3 characters :
Wrong Input : Fist letter Should be capital and must contains minimum 3 characters :
Wrong Input : Fist letter Should be capital and must contains minimum 3 characters :
Wrong Input : Fist letter Should be capital and must contains minimum 3 characters :
Wrong Input : Fist letter Should be capital and must contains minimum 3 characters :
Wrong Input : Fist letter Should be capital and must contains minimum 3 characters :
Wrong Input : Fist letter Should be capital and must contains minimum 3 characters :
Wrong Input : Fist letter Should be capital and must contains minimum 3 characters :
Wrong Input : Fist letter Should be capital and must contains minimum 3 characters :
Wrong Input : Fist letter Should be capital and must contains minimum 3 characters :
Wrong Input : Fist letter Should be capital and must contains minimum 3 characters :
Wrong Input : Fist letter Should be capital and must contains minimum 3 characters :
Wrong Input : Fist letter Should be capital and must contains minimum 3 characters :
Wrong Input : Fist letter Should be capital and must contains minimum 3 characters :
Wrong Input : Fist letter Should be capital and must contains minimum 3 characters :
Wrong Input : Fist letter Should be capital and must contains minimum 3 characters :
Wrong Input : Fist letter Should be capital and must contains minimum 3 characters :
Wrong Input : Fist letter Should be capital and must contains minimum 3 characters :
Wrong Input : Fist letter Should be capital and must contains minimum 3 characters :
Wrong Input : Fist letter Should be capital and must contains minimum 3 characters :
Wrong Input : Fist letter Should be capital and must contains minimum 3 characters :
Wrong Input : Fist letter Should be capital and must contains minimum 3 characters :
Wrong Input : Fist letter Should be capital and must contains minimum 3 characters :
Wrong Input : Fist letter Should be capital and must contains minimum 3 characters :
Wrong Input : Fist letter Should be capital and must contains minimum 3 characters :
Wrong Input : Fist letter Should be capital and must contains minimum 3 characters :
Wrong Input : Fist letter Should be capital and must contains minimum 3 characters :
Wrong Input : Fist letter Should be capital and must contains minimum 3 characters :
Wrong Input : Fist letter Should be capital and must contains minimum 3 characters :
Wrong Input : Fist letter Should be capital and must contains minimum 3 characters :
Wrong Input : Fist letter Should be capital and must contains minimum 3 characters :
Wrong Input : Fist letter Should be capital and must contains minimum 3 characters :
Wrong Input : Fist letter Should be capital and must contains minimum 3 characters :
Wrong Input : Fist letter Should be capital and must contains minimum 3 characters :
Wrong Input : Fist letter Should be capital and must contains minimum 3 characters :
Wrong Input : Fist letter Should be capital and must contains minimum 3 characters :
Wrong Input : Fist letter Should be capital and must contains minimum 3 characters :
Wrong Input : Fist letter Should be capital and must contains minimum 3 characters :
Wrong Input : Fist letter Should be capital and must contains minimum 3 characters :
Wrong Input : Fist letter Should be capital and must contains minimum 3 characters :
Wrong Input : Fist letter Should be capital and must contains minimum 3 characters :
Wrong Input : Fist letter Should be capital and must contains minimum 3 characters :
Wrong Input : Fist letter Should be capital and must contains minimum 3 characters :
Wrong Input : Fist letter Should be capital and must contains minimum 3 characters :
Wrong Input : Fist letter Should be capital and must contains minimum 3 characters :
Wrong Input : Fist letter Should be capital and must contains minimum 3 characters :
Wrong Input : Fist letter Should be capital and must contains minimum 3 characters :
Wrong Input : Fist letter Should be capital and must contains minimum 3 characters :
Wrong Input : Fist letter Should be capital and must contains minimum 3 characters :
Wrong Input : Fist letter Should be capital and must contains minimum 3 characters :
Wrong Input : Fist letter Should be capital and must contains minimum 3 characters :
Wrong Input : Fist letter Should be capital and must contains minimum 3 characters :
Wrong Input : Fist letter Should be capital and must contains minimum 3 characters :
Wrong Input : Fist letter Should be capital and must contains minimum 3 characters :
Wrong Input : Fist letter Should be capital and must contains minimum 3 characters :
Wrong Input : Fist letter Should be capital and must contains minimum 3 characters :
Wrong Input : Fist letter Should be capital and must contains minimum 3 characters :
Wrong Input : Fist letter Should be capital and must contains minimum 3 characters :
Wrong Input : Fist letter Should be capital and must contains minimum 3 characters :
Wrong Input : Fist letter Should be capital and must contains minimum 3 characters :
Wrong Input : Fist letter Should be capital and must contains minimum 3 characters :
Wrong Input : Fist letter Should be capital and must contains minimum 3 characters :
Wrong Input : Fist letter Should be capital and must contains minimum 3 characters :
Wrong Input : Fist letter Should be capital and must contains minimum 3 characters :
Wrong Input : Fist letter Should be capital and must contains minimum 3 characters :
Wrong Input : Fist letter Should be capital and must contains minimum 3 characters :
Wrong Input : Fist letter Should be capital and must contains minimum 3 characters :
Wrong Input : Fist letter Should be capital and must contains minimum 3 characters :
Wrong Input : Fist letter Should be capital and must contains minimum 3 characters :
Wrong Input : Fist letter Should be capital and must contains minimum 3 characters :
Wrong Input : Fist letter Should be capital and must contains minimum 3 characters :
Wrong Input : Fist letter Should be capital and must contains minimum 3 characters :
Wrong Input : Fist letter Should be capital and must contains minimum 3 characters :
Wrong Input : Fist letter Should be capital and must contains minimum 3 characters :
Wrong Input : Fist letter Should be capital and must contains minimum 3 characters :
Wrong Input : Fist letter Should be capital and must contains minimum 3 characters :
Wrong Input : Fist letter Should be capital and must contains minimum 3 characters :
Wrong Input : Fist letter Should be capital and must contains minimum 3 characters :
Wrong Input : Fist letter Should be capital and must contains minimum 3 characters :
Wrong Input : Fist letter Should be capital and must contains minimum 3 characters :
Wrong Input : Fist letter Should be capital and must contains minimum 3 characters :
Wrong Input : Fist letter Should be capital and must contains minimum 3 characters :
Wrong Input : Fist letter Should be capital and must contains minimum 3 characters :
Wrong Input : Fist letter Should be capital and must contains minimum 3 characters :
Wrong Input : Fist letter Should be capital and must contains minimum 3 characters :
Wrong Input : Fist letter Should be capital and must contains minimum 3 characters :
Wrong Input : Fist letter Should be capital and must contains minimum 3 characters :
Wrong Input : Fist letter Should be capital and must contains minimum 3 characters :
Wrong Input : Fist letter Should be capital and must contains minimum 3 characters :
Wrong Input : Fist letter Should be capital and must contains minimum 3 characters :
Wrong Input : Fist letter Should be capital and must contains minimum 3 characters :
Wrong Input : Fist letter Should be capital and must contains minimum 3 characters :
Wrong Input : Fist letter Should be capital and must contains minimum 3 characters :
Wrong Input : Fist letter Should be capital and must contains minimum 3 characters :
Wrong Input : Fist letter Should be capital and must contains minimum 3 characters :
Wrong Input : Fist letter Should be capital and must contains minimum 3 characters :
Wrong Input : Fist letter Should be capital and must contains minimum 3 characters :
Wrong Input : Fist letter Should be capital and must contains minimum 3 characters :
Wrong Input : Fist letter Should be capital and must contains minimum 3 characters :
Wrong Input : Fist letter Should be capital and must contains minimum 3 characters :
Wrong Input : Fist letter Should be capital and must contains minimum 3 characters :
Wrong Input : Fist letter Should be capital and must contains minimum 3 characters :
Wrong Input : Fist letter Should be capital and must contains minimum 3 characters :
Wrong Input : Fist letter Should be capital and must contains minimum 3 characters :
Wrong Input : Fist letter Should be capital and must contains minimum 3 characters :
Wrong Input : Fist letter Should be capital and must contains minimum 3 characters :
Wrong Input : Fist letter Should be capital and must contains minimum 3 characters :
Wrong Input : Fist letter Should be capital and must contains minimum 3 characters :
Wrong Input : Fist letter Should be capital and must contains minimum 3 characters :
Wrong Input : Fist letter Should be capital and must contains minimum 3 characters :
Wrong Input : Fist letter Should be capital and must contains minimum 3 characters :
Wrong Input : Fist letter Should be capital and must contains minimum 3 characters :
Wrong Input : Fist letter Should be capital and must contains minimum 3 characters :
Wrong Input : Fist letter Should be capital and must contains minimum 3 characters :
Wrong Input : Fist letter Should be capital and must contains minimum 3 characters :
Wrong Input : Fist letter Should be capital and must contains minimum 3 characters :
Wrong Input : Fist letter Should be capital and must contains minimum 3 characters :
Wrong Input : Fist letter Should be capital and must contains minimum 3 characters :
Wrong Input : Fist letter Should be capital and must contains minimum 3 characters :
Wrong Input : Fist letter Should be capital and must contains minimum 3 characters :
Wrong Input : Fist letter Should be capital and must contains minimum 3 characters :
Wrong Input : Fist letter Should be capital and must contains minimum 3 characters :
Wrong Input : Fist letter Should be capital and must contains minimum 3 characters :
Wrong Input : Fist letter Should be capital and must contains minimum 3 characters :
Wrong Input : Fist letter Should be capital and must contains minimum 3 characters :
Wrong Input : Fist letter Should be capital and must contains minimum 3 characters :
Wrong Input : Fist letter Should be capital and must contains minimum 3 characters :
Wrong Input : Fist letter Should be capital and must contains minimum 3 characters :
Wrong Input : Fist letter Should be capital and must contains minimum 3 characters :
Wrong Input : Fist letter Should be capital and must contains minimum 3 characters :
Wrong Input : Fist letter Should be capital and must contains minimum 3 characters :
Wrong Input : Fist letter Should be capital and must contains minimum 3 characters :
Wrong Input : Fist letter Should be capital and must contains minimum 3 characters :
Wrong Input : Fist letter Should be capital and must contains minimum 3 characters :
Wrong Input : Fist letter Should be capital and must contains minimum 3 characters :
Wrong Input : Fist letter Should be capital and must contains minimum 3 characters :
Wrong Input : Fist letter Should be capital and must contains minimum 3 characters :
Wrong Input : Fist letter Should be capital and must contains minimum 3 characters :
Wrong Input : Fist letter Should be capital and must contains minimum 3 characters :
Wrong Input : Fist letter Should be capital and must contains minimum 3 characters :
Wrong Input : Fist letter Should be capital and must contains minimum 3 characters :
Wrong Input : Fist letter Should be capital and must contains minimum 3 characters :
Wrong Input : Fist letter Should be capital and must contains minimum 3 characters :
Wrong Input : Fist letter Should be capital and must contains minimum 3 characters :
Wrong Input : Fist letter Should be capital and must contains minimum 3 characters :
Wrong Input : Fist letter Should be capital and must contains minimum 3 characters :
Wrong Input : Fist letter Should be capital and must contains minimum 3 characters :
Wrong Input : Fist letter Should be capital and must contains minimum 3 characters :
Wrong Input : Fist letter Should be capital and must contains minimum 3 characters :
Wrong Input : Fist letter Should be capital and must contains minimum 3 characters :
Wrong Input : Fist letter Should be capital and must contains minimum 3 characters :
Wrong Input : Fist letter Should be capital and must contains minimum 3 characters :
Wrong Input : Fist letter Should be capital and must contains minimum 3 characters :
Wrong Input : Fist letter Should be capital and must contains minimum 3 characters :
Wrong Input : Fist letter Should be capital and must contains minimum 3 characters :
Wrong Input : Fist letter Should be capital and must contains minimum 3 characters :
Wrong Input : Fist letter Should be capital and must contains minimum 3 characters :
Wrong Input : Fist letter Should be capital and must contains minimum 3 characters :
Wrong Input : Fist letter Should be capital and must contains minimum 3 characters :
Wrong Input : Fist letter Should be capital and must contains minimum 3 characters :
Wrong Input : Fist letter Should be capital and must contains minimum 3 characters :
Wrong Input : Fist letter Should be capital and must contains minimum 3 characters :
Wrong Input : Fist letter Should be capital and must contains minimum 3 characters :
Wrong Input : Fist letter Should be capital and must contains minimum 3 characters :
Wrong Input : Fist letter Should be capital and must contains minimum 3 characters :
Wrong Input : Fist letter Should be capital and must contains minimum 3 characters :
Wrong Input : Fist letter Should be capital and must contains minimum 3 characters :
Wrong Input : Fist letter Should be capital and must contains minimum 3 characters :
Wrong Input : Fist letter Should be capital and must contains minimum 3 characters :
Wrong Input : Fist letter Should be capital and must contains minimum 3 characters :
Wrong Input : Fist letter Should be capital and must contains minimum 3 characters :
Wrong Input : Fist letter Should be capital and must contains minimum 3 characters :
Wrong Input : Fist letter Should be capital and must contains minimum 3 characters :
Wrong Input : Fist letter Should be capital and must contains minimum 3 characters :
Wrong Input : Fist letter Should be capital and must contains minimum 3 characters :
Wrong Input : Fist letter Should be capital and must contains minimum 3 characters :
Wrong Input : Fist letter Should be capital and must contains minimum 3 characters :
Wrong Input : Fist letter Should be capital and must contains minimum 3 characters :
Wrong Input : Fist letter Should be capital and must contains minimum 3 characters :
Wrong Input : Fist letter Should be capital and must contains minimum 3 characters :
Wrong Input : Fist letter Should be capital and must contains minimum 3 characters :
Wrong Input : Fist letter Should be capital and must contains minimum 3 characters :
Wrong Input : Fist letter Should be capital and must contains minimum 3 characters :
Wrong Input : Fist letter Should be capital and must contains minimum 3 characters :
Wrong Input : Fist letter Should be capital and must contains minimum 3 characters :
Wrong Input : Fist letter Should be capital and must contains minimum 3 characters :
Wrong Input : Fist letter Should be capital and must contains minimum 3 characters :
Wrong Input : Fist letter Should be capital and must contains minimum 3 characters :
Wrong Input : Fist letter Should be capital and must contains minimum 3 characters :
Wrong Input : Fist letter Should be capital and must contains minimum 3 characters :
Wrong Input : Fist letter Should be capital and must contains minimum 3 characters :
Wrong Input : Fist letter Should be capital and must contains minimum 3 characters :
Wrong Input : Fist letter Should be capital and must contains minimum 3 characters :
Wrong Input : Fist letter Should be capital and must contains minimum 3 characters :
Wrong Input : Fist letter Should be capital and must contains minimum 3 characters :
Wrong Input : Fist letter Should be capital and must contains minimum 3 characters :
Wrong Input : Fist letter Should be capital and must contains minimum 3 characters :
Wrong Input : Fist letter Should be capital and must contains minimum 3 characters :
Wrong Input : Fist letter Should be capital and must contains minimum 3 characters :
Wrong Input : Fist letter Should be capital and must contains minimum 3 characters :
Wrong Input : Fist letter Should be capital and must contains minimum 3 characters :
Wrong Input : Fist letter Should be capital and must contains minimum 3 characters :
Wrong Input : Fist letter Should be capital and must contains minimum 3 characters :
Wrong Input : Fist letter Should be capital and must contains minimum 3 characters :
Wrong Input : Fist letter Should be capital and must contains minimum 3 characters :
Wrong Input : Fist letter Should be capital and must contains minimum 3 characters :
Wrong Input : Fist letter Should be capital and must contains minimum 3 characters :
Wrong Input : Fist letter Should be capital and must contains minimum 3 characters :
Wrong Input : Fist letter Should be capital and must contains minimum 3 characters :
Wrong Input : Fist letter Should be capital and must contains minimum 3 characters :
Wrong Input : Fist letter Should be capital and must contains minimum 3 characters :
Wrong Input : Fist letter Should be capital and must contains minimum 3 characters :
Wrong Input : Fist letter Should be capital and must contains minimum 3 characters :
Wrong Input : Fist letter Should be capital and must contains minimum 3 characters :
Wrong Input : Fist letter Should be capital and must contains minimum 3 characters :
Wrong Input : Fist letter Should be capital and must contains minimum 3 characters :
Wrong Input : Fist letter Should be capital and must contains minimum 3 characters :
Wrong Input : Fist letter Should be capital and must contains minimum 3 characters :
Wrong Input : Fist letter Should be capital and must contains minimum 3 characters :
Wrong Input : Fist letter Should be capital and must contains minimum 3 characters :
Wrong Input : Fist letter Should be capital and must contains minimum 3 characters :
Wrong Input : Fist letter Should be capital and must contains minimum 3 characters :
Wrong Input : Fist letter Should be capital and must contains minimum 3 characters :
Wrong Input : Fist letter Should be capital and must contains minimum 3 characters :
Wrong Input : Fist letter Should be capital and must contains minimum 3 characters :
Wrong Input : Fist letter Should be capital and must contains minimum 3 characters :
Wrong Input : Fist letter Should be capital and must contains minimum 3 characters :
Wrong Input : Fist letter Should be capital and must contains minimum 3 characters :
Wrong Input : Fist letter Should be capital and must contains minimum 3 characters :
Wrong Input : Fist letter Should be capital and must contains minimum 3 characters :
Wrong Input : Fist letter Should be capital and must contains minimum 3 characters :
Wrong Input : Fist letter Should be capital and must contains minimum 3 characters :
Wrong Input : Fist letter Should be capital and must contains minimum 3 characters :
Wrong Input : Fist letter Should be capital and must contains minimum 3 characters :
Wrong Input : Fist letter Should be capital and must contains minimum 3 characters :
Wrong Input : Fist letter Should be capital and must contains minimum 3 characters :
Wrong Input : Fist letter Should be capital and must contains minimum 3 characters :
Wrong Input : Fist letter Should be capital and must contains minimum 3 characters :
Wrong Input : Fist letter Should be capital and must contains minimum 3 characters :
Wrong Input : Fist letter Should be capital and must contains minimum 3 characters :
Wrong Input : Fist letter Should be capital and must contains minimum 3 characters :
Wrong Input : Fist letter Should be capital and must contains minimum 3 characters :
Wrong Input : Fist letter Should be capital and must contains minimum 3 characters :
Wrong Input : Fist letter Should be capital and must contains minimum 3 characters :
Wrong Input : Fist letter Should be capital and must contains minimum 3 characters :
Wrong Input : Fist letter Should be capital and must contains minimum 3 characters :
Wrong Input : Fist letter Should be capital and must contains minimum 3 characters :
Wrong Input : Fist letter Should be capital and must contains minimum 3 characters :
Wrong Input : Fist letter Should be capital and must contains minimum 3 characters :
Wrong Input : Fist letter Should be capital and must contains minimum 3 characters :
Wrong Input : Fist letter Should be capital and must contains minimum 3 characters :
Wrong Input : Fist letter Should be capital and must contains minimum 3 characters :
Wrong Input : Fist letter Should be capital and must contains minimum 3 characters :
Wrong Input : Fist letter Should be capital and must contains minimum 3 characters :
Wrong Input : Fist letter Should be capital and must contains minimum 3 characters :
Wrong Input : Fist letter Should be capital and must contains minimum 3 characters :
Wrong Input : Fist letter Should be capital and must contains minimum 3 characters :
Wrong Input : Fist letter Should be capital and must contains minimum 3 characters :
Wrong Input : Fist letter Should be capital and must contains minimum 3 characters :
Wrong Input : Fist letter Should be capital and must contains minimum 3 characters :
Wrong Input : Fist letter Should be capital and must contains minimum 3 characters :
Wrong Input : Fist letter Should be capital and must contains minimum 3 characters :
Wrong Input : Fist letter Should be capital and must contains minimum 3 characters :
Wrong Input : Fist letter Should be capital and must contains minimum 3 characters :
Wrong Input : Fist letter Should be capital and must contains minimum 3 characters :
Wrong Input : Fist letter Should be capital and must contains minimum 3 characters :
Wrong Input : Fist letter Should be capital and must contains minimum 3 characters :
Wrong Input : Fist letter Should be capital and must contains minimum 3 characters :
Wrong Input : Fist letter Should be capital and must contains minimum 3 characters :
Wrong Input : Fist letter Should be capital and must contains minimum 3 characters :
Wrong Input : Fist letter Should be capital and must contains minimum 3 characters :
Wrong Input : Fist letter Should be capital and must contains minimum 3 characters :
Wrong Input : Fist letter Should be capital and must contains minimum 3 characters :
Wrong Input : Fist letter Should be capital and must contains minimum 3 characters :
Wrong Input : Fist letter Should be capital and must contains minimum 3 characters :
Wrong Input : Fist letter Should be capital and must contains minimum 3 characters :
Wrong Input : Fist letter Should be capital and must contains minimum 3 characters :
Wrong Input : Fist letter Should be capital and must contains minimum 3 characters :
Wrong Input : Fist letter Should be capital and must contains minimum 3 characters :
Wrong Input : Fist letter Should be capital and must contains minimum 3 characters :
Wrong Input : Fist letter Should be capital and must contains minimum 3 characters :
Wrong Input : Fist letter Should be capital and must contains minimum 3 characters :
Wrong Input : Fist letter Should be capital and must contains minimum 3 characters :
Wrong Input : Fist letter Should be capital and must contains minimum 3 characters :
Wrong Input : Fist letter Should be capital and must contains minimum 3 characters :
Wrong Input : Fist letter Should be capital and must contains minimum 3 characters :
Wrong Input : Fist letter Should be capital and must contains minimum 3 characters :
Wrong Input : Fist letter Should be capital and must contains minimum 3 characters :
Wrong Input : Fist letter Should be capital and must contains minimum 3 characters :
Wrong Input : Fist letter Should be capital and must contains minimum 3 characters :
Wrong Input : Fist letter Should be capital and must contains minimum 3 characters :
Wrong Input : Fist letter Should be capital and must contains minimum 3 characters :
Wrong Input : Fist letter Should be capital and must contains minimum 3 characters :
Wrong Input : Fist letter Should be capital and must contains minimum 3 characters :
Wrong Input : Fist letter Should be capital and must contains minimum 3 characters :
Wrong Input : Fist letter Should be capital and must contains minimum 3 characters :
Wrong Input : Fist letter Should be capital and must contains minimum 3 characters :
Wrong Input : Fist letter Should be capital and must contains minimum 3 characters :
Wrong Input : Fist letter Should be capital and must contains minimum 3 characters :
Wrong Input : Fist letter Should be capital and must contains minimum 3 characters :
Wrong Input : Fist letter Should be capital and must contains minimum 3 characters :
Wrong Input : Fist letter Should be capital and must contains minimum 3 characters :
Wrong Input : Fist letter Should be capital and must contains minimum 3 characters :
Wrong Input : Fist letter Should be capital and must contains minimum 3 characters :
Wrong Input : Fist letter Should be capital and must contains minimum 3 characters :
Wrong Input : Fist letter Should be capital and must contains minimum 3 characters :
Wrong Input : Fist letter Should be capital and must contains minimum 3 characters :
Wrong Input : Fist letter Should be capital and must contains minimum 3 characters :
Wrong Input : Fist letter Should be capital and must contains minimum 3 characters :
Wrong Input : Fist letter Should be capital and must contains minimum 3 characters :
Wrong Input : Fist letter Should be capital and must contains minimum 3 characters :
Wrong Input : Fist letter Should be capital and must contains minimum 3 characters :
Wrong Input : Fist letter Should be capital and must contains minimum 3 characters :
Wrong Input : Fist letter Should be capital and must contains minimum 3 characters :
Wrong Input : Fist letter Should be capital and must contains minimum 3 characters :
Wrong Input : Fist letter Should be capital and must contains minimum 3 characters :
Wrong Input : Fist letter Should be capital and must contains minimum 3 characters :
Wrong Input : Fist letter Should be capital and must contains minimum 3 characters :
Wrong Input : Fist letter Should be capital and must contains minimum 3 characters :
Wrong Input : Fist letter Should be capital and must contains minimum 3 characters :
Wrong Input : Fist letter Should be capital and must contains minimum 3 characters :
Wrong Input : Fist letter Should be capital and must contains minimum 3 characters :
Wrong Input : Fist letter Should be capital and must contains minimum 3 characters :
Wrong Input : Fist letter Should be capital and must contains minimum 3 characters :
Wrong Input : Fist letter Should be capital and must contains minimum 3 characters :
Wrong Input : Fist letter Should be capital and must contains minimum 3 characters :
Wrong Input : Fist letter Should be capital and must contains minimum 3 characters :
Wrong Input : Fist letter Should be capital and must contains minimum 3 characters :
Wrong Input : Fist letter Should be capital and must contains minimum 3 characters :
Wrong Input : Fist letter Should be capital and must contains minimum 3 characters :
Wrong Input : Fist letter Should be capital and must contains minimum 3 characters :
Wrong Input : Fist letter Should be capital and must contains minimum 3 characters :
Wrong Input : Fist letter Should be capital and must contains minimum 3 characters :
Wrong Input : Fist letter Should be capital and must contains minimum 3 characters :
Wrong Input : Fist letter Should be capital and must contains minimum 3 characters :
Wrong Input : Fist letter Should be capital and must contains minimum 3 characters :
Wrong Input : Fist letter Should be capital and must contains minimum 3 characters :
Wrong Input : Fist letter Should be capital and must contains minimum 3 characters :
Wrong Input : Fist letter Should be capital and must contains minimum 3 characters :
Wrong Input : Fist letter Should be capital and must contains minimum 3 characters :
Wrong Input : Fist letter Should be capital and must contains minimum 3 characters :
Wrong Input : Fist letter Should be capital and must contains minimum 3 characters :
Wrong Input : Fist letter Should be capital and must contains minimum 3 characters :
Wrong Input : Fist letter Should be capital and must contains minimum 3 characters :
Wrong Input : Fist letter Should be capital and must contains minimum 3 characters :
Wrong Input : Fist letter Should be capital and must contains minimum 3 characters :
Wrong Input : Fist letter Should be capital and must contains minimum 3 characters :
Wrong Input : Fist letter Should be capital and must contains minimum 3 characters :
Wrong Input : Fist letter Should be capital and must contains minimum 3 characters :
Wrong Input : Fist letter Should be capital and must contains minimum 3 characters :
Wrong Input : Fist letter Should be capital and must contains minimum 3 characters :
Wrong Input : Fist letter Should be capital and must contains minimum 3 characters :
Wrong Input : Fist letter Should be capital and must contains minimum 3 characters :
Wrong Input : Fist letter Should be capital and must contains minimum 3 characters :
Wrong Input : Fist letter Should be capital and must contains minimum 3 characters :
Wrong Input : Fist letter Should be capital and must contains minimum 3 characters :
Wrong Input : Fist letter Should be capital and must contains minimum 3 characters :
Wrong Input : Fist letter Should be capital and must contains minimum 3 characters :
Wrong Input : Fist letter Should be capital and must contains minimum 3 characters :
Wrong Input : Fist letter Should be capital and must contains minimum 3 characters :
Wrong Input : Fist letter Should be capital and must contains minimum 3 characters :
Wrong Input : Fist letter Should be capital and must contains minimum 3 characters :
Wrong Input : Fist letter Should be capital and must contains minimum 3 characters :
Wrong Input : Fist letter Should be capital and must contains minimum 3 characters :
Wrong Input : Fist letter Should be capital and must contains minimum 3 characters :
Wrong Input : Fist letter Should be capital and must contains minimum 3 characters :
Wrong Input : Fist letter Should be capital and must contains minimum 3 characters :
Wrong Input : Fist letter Should be capital and must contains minimum 3 characters :
Wrong Input : Fist letter Should be capital and must contains minimum 3 characters :
Wrong Input : Fist letter Should be capital and must contains minimum 3 characters :
Wrong Input : Fist letter Should be capital and must contains minimum 3 characters :
Wrong Input : Fist letter Should be capital and must contains minimum 3 characters :
Wrong Input : Fist letter Should be capital and must contains minimum 3 characters :
Wrong Input : Fist letter Should be capital and must contains minimum 3 characters :
Wrong Input : Fist letter Should be capital and must contains minimum 3 characters :
Wrong Input : Fist letter Should be capital and must contains minimum 3 characters :
Wrong Input : Fist letter Should be capital and must contains minimum 3 characters :
Wrong Input : Fist letter Should be capital and must contains minimum 3 characters :
Wrong Input : Fist letter Should be capital and must contains minimum 3 characters :
Wrong Input : Fist letter Should be capital and must contains minimum 3 characters :
Wrong Input : Fist letter Should be capital and must contains minimum 3 characters :
Wrong Input : Fist letter Should be capital and must contains minimum 3 characters :
Wrong Input : Fist letter Should be capital and must contains minimum 3 characters :
Wrong Input : Fist letter Should be capital and must contains minimum 3 characters :
Wrong Input : Fist letter Should be capital and must contains minimum 3 characters :
Wrong Input : Fist letter Should be capital and must contains minimum 3 characters :
Wrong Input : Fist letter Should be capital and must contains minimum 3 characters :
Wrong Input : Fist letter Should be capital and must contains minimum 3 characters :
Wrong Input : Fist letter Should be capital and must contains minimum 3 characters :
Wrong Input : Fist letter Should be capital and must contains minimum 3 characters :
Wrong Input : Fist letter Should be capital and must contains minimum 3 characters :
Wrong Input : Fist letter Should be capital and must contains minimum 3 characters :
Wrong Input : Fist letter Should be capital and must contains minimum 3 characters :
Wrong Input : Fist letter Should be capital and must contains minimum 3 characters :
Wrong Input : Fist letter Should be capital and must contains minimum 3 characters :
Wrong Input : Fist letter Should be capital and must contains minimum 3 characters :
Wrong Input : Fist letter Should be capital and must contains minimum 3 characters :
Wrong Input : Fist letter Should be capital and must contains minimum 3 characters :
Wrong Input : Fist letter Should be capital and must contains minimum 3 characters :
Wrong Input : Fist letter Should be capital and must contains minimum 3 characters :
Wrong Input : Fist letter Should be capital and must contains minimum 3 characters :
Wrong Input : Fist letter Should be capital and must contains minimum 3 characters :
Wrong Input : Fist letter Should be capital and must contains minimum 3 characters :
Wrong Input : Fist letter Should be capital and must contains minimum 3 characters :
Wrong Input : Fist letter Should be capital and must contains minimum 3 characters :
Wrong Input : Fist letter Should be capital and must contains minimum 3 characters :
Wrong Input : Fist letter Should be capital and must contains minimum 3 characters :
Wrong Input : Fist letter Should be capital and must contains minimum 3 characters :
Wrong Input : Fist letter Should be capital and must contains minimum 3 characters :
Wrong Input : Fist letter Should be capital and must contains minimum 3 characters :
Wrong Input : Fist letter Should be capital and must contains minimum 3 characters :
Wrong Input : Fist letter Should be capital and must contains minimum 3 characters :
Wrong Input : Fist letter Should be capital and must contains minimum 3 characters :
Wrong Input : Fist letter Should be capital and must contains minimum 3 characters :
Wrong Input : Fist letter Should be capital and must contains minimum 3 characters :
Wrong Input : Fist letter Should be capital and must contains minimum 3 characters :
Wrong Input : Fist letter Should be capital and must contains minimum 3 characters :
Wrong Input : Fist letter Should be capital and must contains minimum 3 characters :
Wrong Input : Fist letter Should be capital and must contains minimum 3 characters :
Wrong Input : Fist letter Should be capital and must contains minimum 3 characters :
Wrong Input : Fist letter Should be capital and must contains minimum 3 characters :
Wrong Input : Fist letter Should be capital and must contains minimum 3 characters :
Wrong Input : Fist letter Should be capital and must contains minimum 3 characters :
Wrong Input : Fist letter Should be capital and must contains minimum 3 characters :
Wrong Input : Fist letter Should be capital and must contains minimum 3 characters :
Wrong Input : Fist letter Should be capital and must contains minimum 3 characters :
Wrong Input : Fist letter Should be capital and must contains minimum 3 characters :
Wrong Input : Fist letter Should be capital and must contains minimum 3 characters :
Wrong Input : Fist letter Should be capital and must contains minimum 3 characters :
Wrong Input : Fist letter Should be capital and must contains minimum 3 characters :
Wrong Input : Fist letter Should be capital and must contains minimum 3 characters :
Wrong Input : Fist letter Should be capital and must contains minimum 3 characters :
Wrong Input : Fist letter Should be capital and must contains minimum 3 characters :
Wrong Input : Fist letter Should be capital and must contains minimum 3 characters :
Wrong Input : Fist letter Should be capital and must contains minimum 3 characters :
Wrong Input : Fist letter Should be capital and must contains minimum 3 characters :
Wrong Input : Fist letter Should be capital and must contains minimum 3 characters :
Wrong Input : Fist letter Should be capital and must contains minimum 3 characters :
Wrong Input : Fist letter Should be capital and must contains minimum 3 characters :
Wrong Input : Fist letter Should be capital and must contains minimum 3 characters :
Wrong Input : Fist letter Should be capital and must contains minimum 3 characters :
Wrong Input : Fist letter Should be capital and must contains minimum 3 characters :
Wrong Input : Fist letter Should be capital and must contains minimum 3 characters :
Wrong Input : Fist letter Should be capital and must contains minimum 3 characters :
Wrong Input : Fist letter Should be capital and must contains minimum 3 characters :
Wrong Input : Fist letter Should be capital and must contains minimum 3 characters :
Wrong Input : Fist letter Should be capital and must contains minimum 3 characters :
Wrong Input : Fist letter Should be capital and must contains minimum 3 characters :
Wrong Input : Fist letter Should be capital and must contains minimum 3 characters :
Wrong Input : Fist letter Should be capital and must contains minimum 3 characters :
Wrong Input : Fist letter Should be capital and must contains minimum 3 characters :
Wrong Input : Fist letter Should be capital and must contains minimum 3 characters :
Wrong Input : Fist letter Should be capital and must contains minimum 3 characters :
Wrong Input : Fist letter Should be capital and must contains minimum 3 characters :
Wrong Input : Fist letter Should be capital and must contains minimum 3 characters :
Wrong Input : Fist letter Should be capital and must contains minimum 3 characters :
Wrong Input : Fist letter Should be capital and must contains minimum 3 characters :
Wrong Input : Fist letter Should be capital and must contains minimum 3 characters :
Wrong Input : Fist letter Should be capital and must contains minimum 3 characters :
Wrong Input : Fist letter Should be capital and must contains minimum 3 characters :
Wrong Input : Fist letter Should be capital and must contains minimum 3 characters :
Wrong Input : Fist letter Should be capital and must contains minimum 3 characters :
Wrong Input : Fist letter Should be capital and must contains minimum 3 characters :
Wrong Input : Fist letter Should be capital and must contains minimum 3 characters :
Wrong Input : Fist letter Should be capital and must contains minimum 3 characters :
Wrong Input : Fist letter Should be capital and must contains minimum 3 characters :
Wrong Input : Fist letter Should be capital and must contains minimum 3 characters :
Wrong Input : Fist letter Should be capital and must contains minimum 3 characters :
Wrong Input : Fist letter Should be capital and must contains minimum 3 characters :
Wrong Input : Fist letter Should be capital and must contains minimum 3 characters :
Wrong Input : Fist letter Should be capital and must contains minimum 3 characters :
Wrong Input : Fist letter Should be capital and must contains minimum 3 characters :
Wrong Input : Fist letter Should be capital and must contains minimum 3 characters :
Wrong Input : Fist letter Should be capital and must contains minimum 3 characters :
Wrong Input : Fist letter Should be capital and must contains minimum 3 characters :
Wrong Input : Fist letter Should be capital and must contains minimum 3 characters :
Wrong Input : Fist letter Should be capital and must contains minimum 3 characters :
Wrong Input : Fist letter Should be capital and must contains minimum 3 characters :
Wrong Input : Fist letter Should be capital and must contains minimum 3 characters :
Wrong Input : Fist letter Should be capital and must contains minimum 3 characters :
Wrong Input : Fist letter Should be capital and must contains minimum 3 characters :
Wrong Input : Fist letter Should be capital and must contains minimum 3 characters :
Wrong Input : Fist letter Should be capital and must contains minimum 3 characters :
Wrong Input : Fist letter Should be capital and must contains minimum 3 characters :
Wrong Input : Fist letter Should be capital and must contains minimum 3 characters :
Wrong Input : Fist letter Should be capital and must contains minimum 3 characters :
Wrong Input : Fist letter Should be capital and must contains minimum 3 characters :
Wrong Input : Fist letter Should be capital and must contains minimum 3 characters :
Wrong Input : Fist letter Should be capital and must contains minimum 3 characters :
Wrong Input : Fist letter Should be capital and must contains minimum 3 characters :
Wrong Input : Fist letter Should be capital and must contains minimum 3 characters :
Wrong Input : Fist letter Should be capital and must contains minimum 3 characters :
Wrong Input : Fist letter Should be capital and must contains minimum 3 characters :
Wrong Input : Fist letter Should be capital and must contains minimum 3 characters :
Wrong Input : Fist letter Should be capital and must contains minimum 3 characters :
Wrong Input : Fist letter Should be capital and must contains minimum 3 characters :
Wrong Input : Fist letter Should be capital and must contains minimum 3 characters :
Wrong Input : Fist letter Should be capital and must contains minimum 3 characters :
Wrong Input : Fist letter Should be capital and must contains minimum 3 characters :
Wrong Input : Fist letter Should be capital and must contains minimum 3 characters :
Wrong Input : Fist letter Should be capital and must contains minimum 3 characters :
Wrong Input : Fist letter Should be capital and must contains minimum 3 characters :
Wrong Input : Fist letter Should be capital and must contains minimum 3 characters :
Wrong Input : Fist letter Should be capital and must contains minimum 3 characters :
Wrong Input : Fist letter Should be capital and must contains minimum 3 characters :
Wrong Input : Fist letter Should be capital and must contains minimum 3 characters :
Wrong Input : Fist letter Should be capital and must contains minimum 3 characters :
Wrong Input : Fist letter Should be capital and must contains minimum 3 characters :
Wrong Input : Fist letter Should be capital and must contains minimum 3 characters :
Wrong Input : Fist letter Should be capital and must contains minimum 3 characters :
Wrong Input : Fist letter Should be capital and must contains minimum 3 characters :
Wrong Input : Fist letter Should be capital and must contains minimum 3 characters :
Wrong Input : Fist letter Should be capital and must contains minimum 3 characters :
Wrong Input : Fist letter Should be capital and must contains minimum 3 characters :
Wrong Input : Fist letter Should be capital and must contains minimum 3 characters :
Wrong Input : Fist letter Should be capital and must contains minimum 3 characters :
Wrong Input : Fist letter Should be capital and must contains minimum 3 characters :
Wrong Input : Fist letter Should be capital and must contains minimum 3 characters :
Wrong Input : Fist letter Should be capital and must contains minimum 3 characters :
Wrong Input : Fist letter Should be capital and must contains minimum 3 characters :
Wrong Input : Fist letter Should be capital and must contains minimum 3 characters :
Wrong Input : Fist letter Should be capital and must contains minimum 3 characters :
Wrong Input : Fist letter Should be capital and must contains minimum 3 characters :
Wrong Input : Fist letter Should be capital and must contains minimum 3 characters :
Wrong Input : Fist letter Should be capital and must contains minimum 3 characters :
Wrong Input : Fist letter Should be capital and must contains minimum 3 characters :
Wrong Input : Fist letter Should be capital and must contains minimum 3 characters :
Wrong Input : Fist letter Should be capital and must contains minimum 3 characters :
Wrong Input : Fist letter Should be capital and must contains minimum 3 characters :
Wrong Input : Fist letter Should be capital and must contains minimum 3 characters :
Wrong Input : Fist letter Should be capital and must contains minimum 3 characters :
Wrong Input : Fist letter Should be capital and must contains minimum 3 characters :
Wrong Input : Fist letter Should be capital and must contains minimum 3 characters :
Wrong Input : Fist letter Should be capital and must contains minimum 3 characters :
Wrong Input : Fist letter Should be capital and must contains minimum 3 characters :
Wrong Input : Fist letter Should be capital and must contains minimum 3 characters :
Wrong Input : Fist letter Should be capital and must contains minimum 3 characters :
Wrong Input : Fist letter Should be capital and must contains minimum 3 characters :
Wrong Input : Fist letter Should be capital and must contains minimum 3 characters :
Wrong Input : Fist letter Should be capital and must contains minimum 3 characters :
Wrong Input : Fist letter Should be capital and must contains minimum 3 characters :
Wrong Input : Fist letter Should be capital and must contains minimum 3 characters :
Wrong Input : Fist letter Should be capital and must contains minimum 3 characters :
Wrong Input : Fist letter Should be capital and must contains minimum 3 characters :
Wrong Input : Fist letter Should be capital and must contains minimum 3 characters :
Wrong Input : Fist letter Should be capital and must contains minimum 3 characters :
Wrong Input : Fist letter Should be capital and must contains minimum 3 characters :
Wrong Input : Fist letter Should be capital and must contains minimum 3 characters :
Wrong Input : Fist letter Should be capital and must contains minimum 3 characters :
Wrong Input : Fist letter Should be capital and must contains minimum 3 characters :
Wrong Input : Fist letter Should be capital and must contains minimum 3 characters :
Wrong Input : Fist letter Should be capital and must contains minimum 3 characters :
Wrong Input : Fist letter Should be capital and must contains minimum 3 characters :
Wrong Input : Fist letter Should be capital and must contains minimum 3 characters :
Wrong Input : Fist letter Should be capital and must contains minimum 3 characters :
Wrong Input : Fist letter Should be capital and must contains minimum 3 characters :
Wrong Input : Fist letter Should be capital and must contains minimum 3 characters :
Wrong Input : Fist letter Should be capital and must contains minimum 3 characters :
Wrong Input : Fist letter Should be capital and must contains minimum 3 characters :
Wrong Input : Fist letter Should be capital and must contains minimum 3 characters :
Wrong Input : Fist letter Should be capital and must contains minimum 3 characters :
Wrong Input : Fist letter Should be capital and must contains minimum 3 characters :
Wrong Input : Fist letter Should be capital and must contains minimum 3 characters :
Wrong Input : Fist letter Should be capital and must contains minimum 3 characters :
Wrong Input : Fist letter Should be capital and must contains minimum 3 characters :
Wrong Input : Fist letter Should be capital and must contains minimum 3 characters :
Wrong Input : Fist letter Should be capital and must contains minimum 3 characters :
Wrong Input : Fist letter Should be capital and must contains minimum 3 characters :
Wrong Input : Fist letter Should be capital and must contains minimum 3 characters :
Wrong Input : Fist letter Should be capital and must contains minimum 3 characters :
Wrong Input : Fist letter Should be capital and must contains minimum 3 characters :
Wrong Input : Fist letter Should be capital and must contains minimum 3 characters :
Wrong Input : Fist letter Should be capital and must contains minimum 3 characters :
Wrong Input : Fist letter Should be capital and must contains minimum 3 characters :
Wrong Input : Fist letter Should be capital and must contains minimum 3 characters :
Wrong Input : Fist letter Should be capital and must contains minimum 3 characters :
Wrong Input : Fist letter Should be capital and must contains minimum 3 characters :
Wrong Input : Fist letter Should be capital and must contains minimum 3 characters :
Wrong Input : Fist letter Should be capital and must contains minimum 3 characters :
Wrong Input : Fist letter Should be capital and must contains minimum 3 characters :
Wrong Input : Fist letter Should be capital and must contains minimum 3 characters :
Wrong Input : Fist letter Should be capital and must contains minimum 3 characters :
Wrong Input : Fist letter Should be capital and must contains minimum 3 characters :
Wrong Input : Fist letter Should be capital and must contains minimum 3 characters :
Wrong Input : Fist letter Should be capital and must contains minimum 3 characters :
Wrong Input : Fist letter Should be capital and must contains minimum 3 characters :
Wrong Input : Fist letter Should be capital and must contains minimum 3 characters :
Wrong Input : Fist letter Should be capital and must contains minimum 3 characters :
Wrong Input : Fist letter Should be capital and must contains minimum 3 characters :
Wrong Input : Fist letter Should be capital and must contains minimum 3 characters :
Wrong Input : Fist letter Should be capital and must contains minimum 3 characters :
Wrong Input : Fist letter Should be capital and must contains minimum 3 characters :
Wrong Input : Fist letter Should be capital and must contains minimum 3 characters :
Wrong Input : Fist letter Should be capital and must contains minimum 3 characters :
Wrong Input : Fist letter Should be capital and must contains minimum 3 characters :
Wrong Input : Fist letter Should be capital and must contains minimum 3 characters :
Wrong Input : Fist letter Should be capital and must contains minimum 3 characters :
Wrong Input : Fist letter Should be capital and must contains minimum 3 characters :
Wrong Input : Fist letter Should be capital and must contains minimum 3 characters :
Wrong Input : Fist letter Should be capital and must contains minimum 3 characters :
Wrong Input : Fist letter Should be capital and must contains minimum 3 characters :
Wrong Input : Fist letter Should be capital and must contains minimum 3 characters :
Wrong Input : Fist letter Should be capital and must contains minimum 3 characters :
Wrong Input : Fist letter Should be capital and must contains minimum 3 characters :
Wrong Input : Fist letter Should be capital and must contains minimum 3 characters :
Wrong Input : Fist letter Should be capital and must contains minimum 3 characters :
Wrong Input : Fist letter Should be capital and must contains minimum 3 characters :
Wrong Input : Fist letter Should be capital and must contains minimum 3 characters :
Wrong Input : Fist letter Should be capital and must contains minimum 3 characters :
Wrong Input : Fist letter Should be capital and must contains minimum 3 characters :
Wrong Input : Fist letter Should be capital and must contains minimum 3 characters :
Wrong Input : Fist letter Should be capital and must contains minimum 3 characters :
Wrong Input : Fist letter Should be capital and must contains minimum 3 characters :
Wrong Input : Fist letter Should be capital and must contains minimum 3 characters :
Wrong Input : Fist letter Should be capital and must contains minimum 3 characters :
Wrong Input : Fist letter Should be capital and must contains minimum 3 characters :
Wrong Input : Fist letter Should be capital and must contains minimum 3 characters :
Wrong Input : Fist letter Should be capital and must contains minimum 3 characters :
Wrong Input : Fist letter Should be capital and must contains minimum 3 characters :
Wrong Input : Fist letter Should be capital and must contains minimum 3 characters :
Wrong Input : Fist letter Should be capital and must contains minimum 3 characters :
Wrong Input : Fist letter Should be capital and must contains minimum 3 characters :
Wrong Input : Fist letter Should be capital and must contains minimum 3 characters :
Wrong Input : Fist letter Should be capital and must contains minimum 3 characters :
Wrong Input : Fist letter Should be capital and must contains minimum 3 characters :
Wrong Input : Fist letter Should be capital and must contains minimum 3 characters :
Wrong Input : Fist letter Should be capital and must contains minimum 3 characters :
Wrong Input : Fist letter Should be capital and must contains minimum 3 characters :
Wrong Input : Fist letter Should be capital and must contains minimum 3 characters :
Wrong Input : Fist letter Should be capital and must contains minimum 3 characters :
Wrong Input : Fist letter Should be capital and must contains minimum 3 characters :
Wrong Input : Fist letter Should be capital and must contains minimum 3 characters :
Wrong Input : Fist letter Should be capital and must contains minimum 3 characters :
Wrong Input : Fist letter Should be capital and must contains minimum 3 characters :
Wrong Input : Fist letter Should be capital and must contains minimum 3 characters :
Wrong Input : Fist letter Should be capital and must contains minimum 3 characters :
Wrong Input : Fist letter Should be capital and must contains minimum 3 characters :
Wrong Input : Fist letter Should be capital and must contains minimum 3 characters :
Wrong Input : Fist letter Should be capital and must contains minimum 3 characters :
Wrong Input : Fist letter Should be capital and must contains minimum 3 characters :
Wrong Input : Fist letter Should be capital and must contains minimum 3 characters :
Wrong Input : Fist letter Should be capital and must contains minimum 3 characters :
Wrong Input : Fist letter Should be capital and must contains minimum 3 characters :
Wrong Input : Fist letter Should be capital and must contains minimum 3 characters :
Wrong Input : Fist letter Should be capital and must contains minimum 3 characters :
Wrong Input : Fist letter Should be capital and must contains minimum 3 characters :
Wrong Input : Fist letter Should be capital and must contains minimum 3 characters :
Wrong Input : Fist letter Should be capital and must contains minimum 3 characters :
Wrong Input : Fist letter Should be capital and must contains minimum 3 characters :
Wrong Input : Fist letter Should be capital and must contains minimum 3 characters :
Wrong Input : Fist letter Should be capital and must contains minimum 3 characters :
Wrong Input : Fist letter Should be capital and must contains minimum 3 characters :
Wrong Input : Fist letter Should be capital and must contains minimum 3 characters :
Wrong Input : Fist letter Should be capital and must contains minimum 3 characters :
Wrong Input : Fist letter Should be capital and must contains minimum 3 characters :
Wrong Input : Fist letter Should be capital and must contains minimum 3 characters :
Wrong Input : Fist letter Should be capital and must contains minimum 3 characters :
Wrong Input : Fist letter Should be capital and must contains minimum 3 characters :
Wrong Input : Fist letter Should be capital and must contains minimum 3 characters :
Wrong Input : Fist letter Should be capital and must contains minimum 3 characters :
Wrong Input : Fist letter Should be capital and must contains minimum 3 characters :
Wrong Input : Fist letter Should be capital and must contains minimum 3 characters :
Wrong Input : Fist letter Should be capital and must contains minimum 3 characters :
Wrong Input : Fist letter Should be capital and must contains minimum 3 characters :
Wrong Input : Fist letter Should be capital and must contains minimum 3 characters :
Wrong Input : Fist letter Should be capital and must contains minimum 3 characters :
Wrong Input : Fist letter Should be capital and must contains minimum 3 characters :
Wrong Input : Fist letter Should be capital and must contains minimum 3 characters :
Wrong Input : Fist letter Should be capital and must contains minimum 3 characters :
Wrong Input : Fist letter Should be capital and must contains minimum 3 characters :
Wrong Input : Fist letter Should be capital and must contains minimum 3 characters :
Wrong Input : Fist letter Should be capital and must contains minimum 3 characters :
Wrong Input : Fist letter Should be capital and must contains minimum 3 characters :
Wrong Input : Fist letter Should be capital and must contains minimum 3 characters :
Wrong Input : Fist letter Should be capital and must contains minimum 3 characters :
Wrong Input : Fist letter Should be capital and must contains minimum 3 characters :
Wrong Input : Fist letter Should be capital and must contains minimum 3 characters :
Wrong Input : Fist letter Should be capital and must contains minimum 3 characters :
Wrong Input : Fist letter Should be capital and must contains minimum 3 characters :
Wrong Input : Fist letter Should be capital and must contains minimum 3 characters :
Wrong Input : Fist letter Should be capital and must contains minimum 3 characters :
Wrong Input : Fist letter Should be capital and must contains minimum 3 characters :
Wrong Input : Fist letter Should be capital and must contains minimum 3 characters :
Wrong Input : Fist letter Should be capital and must contains minimum 3 characters :
Wrong Input : Fist letter Should be capital and must contains minimum 3 characters :
Wrong Input : Fist letter Should be capital and must contains minimum 3 characters :
Wrong Input : Fist letter Should be capital and must contains minimum 3 characters :
Wrong Input : Fist letter Should be capital and must contains minimum 3 characters :
Wrong Input : Fist letter Should be capital and must contains minimum 3 characters :
Wrong Input : Fist letter Should be capital and must contains minimum 3 characters :
Wrong Input : Fist letter Should be capital and must contains minimum 3 characters :
Wrong Input : Fist letter Should be capital and must contains minimum 3 characters :
Wrong Input : Fist letter Should be capital and must contains minimum 3 characters :
Wrong Input : Fist letter Should be capital and must contains minimum 3 characters :
Wrong Input : Fist letter Should be capital and must contains minimum 3 characters :
Wrong Input : Fist letter Should be capital and must contains minimum 3 characters :
Wrong Input : Fist letter Should be capital and must contains minimum 3 characters :
Wrong Input : Fist letter Should be capital and must contains minimum 3 characters :
Wrong Input : Fist letter Should be capital and must contains minimum 3 characters :
Wrong Input : Fist letter Should be capital and must contains minimum 3 characters :
Wrong Input : Fist letter Should be capital and must contains minimum 3 characters :
Wrong Input : Fist letter Should be capital and must contains minimum 3 characters :
Wrong Input : Fist letter Should be capital and must contains minimum 3 characters :
Wrong Input : Fist letter Should be capital and must contains minimum 3 characters :
Wrong Input : Fist letter Should be capital and must contains minimum 3 characters :
Wrong Input : Fist letter Should be capital and must contains minimum 3 characters :
Wrong Input : Fist letter Should be capital and must contains minimum 3 characters :
Wrong Input : Fist letter Should be capital and must contains minimum 3 characters :
Wrong Input : Fist letter Should be capital and must contains minimum 3 characters :
Wrong Input : Fist letter Should be capital and must contains minimum 3 characters :
Wrong Input : Fist letter Should be capital and must contains minimum 3 characters :
Wrong Input : Fist letter Should be capital and must contains minimum 3 characters :
Wrong Input : Fist letter Should be capital and must contains minimum 3 characters :
Wrong Input : Fist letter Should be capital and must contains minimum 3 characters :
Wrong Input : Fist letter Should be capital and must contains minimum 3 characters :
Wrong Input : Fist letter Should be capital and must contains minimum 3 characters :
Wrong Input : Fist letter Should be capital and must contains minimum 3 characters :
Wrong Input : Fist letter Should be capital and must contains minimum 3 characters :
Wrong Input : Fist letter Should be capital and must contains minimum 3 characters :
Wrong Input : Fist letter Should be capital and must contains minimum 3 characters :
Wrong Input : Fist letter Should be capital and must contains minimum 3 characters :
Wrong Input : Fist letter Should be capital and must contains minimum 3 characters :
Wrong Input : Fist letter Should be capital and must contains minimum 3 characters :
Wrong Input : Fist letter Should be capital and must contains minimum 3 characters :
Wrong Input : Fist letter Should be capital and must contains minimum 3 characters :
Wrong Input : Fist letter Should be capital and must contains minimum 3 characters :
Wrong Input : Fist letter Should be capital and must contains minimum 3 characters :
Wrong Input : Fist letter Should be capital and must contains minimum 3 characters :
Wrong Input : Fist letter Should be capital and must contains minimum 3 characters :
Wrong Input : Fist letter Should be capital and must contains minimum 3 characters :
Wrong Input : Fist letter Should be capital and must contains minimum 3 characters :
Wrong Input : Fist letter Should be capital and must contains minimum 3 characters :
Wrong Input : Fist letter Should be capital and must contains minimum 3 characters :
Wrong Input : Fist letter Should be capital and must contains minimum 3 characters :
Wrong Input : Fist letter Should be capital and must contains minimum 3 characters :
Wrong Input : Fist letter Should be capital and must contains minimum 3 characters :
Wrong Input : Fist letter Should be capital and must contains minimum 3 characters :
Wrong Input : Fist letter Should be capital and must contains minimum 3 characters :
Wrong Input : Fist letter Should be capital and must contains minimum 3 characters :
Wrong Input : Fist letter Should be capital and must contains minimum 3 characters :
Wrong Input : Fist letter Should be capital and must contains minimum 3 characters :
Wrong Input : Fist letter Should be capital and must contains minimum 3 characters :
Wrong Input : Fist letter Should be capital and must contains minimum 3 characters :
Wrong Input : Fist letter Should be capital and must contains minimum 3 characters :
Wrong Input : Fist letter Should be capital and must contains minimum 3 characters :
Wrong Input : Fist letter Should be capital and must contains minimum 3 characters :
Wrong Input : Fist letter Should be capital and must contains minimum 3 characters :
Wrong Input : Fist letter Should be capital and must contains minimum 3 characters :
Wrong Input : Fist letter Should be capital and must contains minimum 3 characters :
Wrong Input : Fist letter Should be capital and must contains minimum 3 characters :
Wrong Input : Fist letter Should be capital and must contains minimum 3 characters :
Wrong Input : Fist letter Should be capital and must contains minimum 3 characters :
Wrong Input : Fist letter Should be capital and must contains minimum 3 characters :
Wrong Input : Fist letter Should be capital and must contains minimum 3 characters :
Wrong Input : Fist letter Should be capital and must contains minimum 3 characters :
Wrong Input : Fist letter Should be capital and must contains minimum 3 characters :
Wrong Input : Fist letter Should be capital and must contains minimum 3 characters :
Wrong Input : Fist letter Should be capital and must contains minimum 3 characters :
Wrong Input : Fist letter Should be capital and must contains minimum 3 characters :
Wrong Input : Fist letter Should be capital and must contains minimum 3 characters :
Wrong Input : Fist letter Should be capital and must contains minimum 3 characters :
Wrong Input : Fist letter Should be capital and must contains minimum 3 characters :
Wrong Input : Fist letter Should be capital and must contains minimum 3 characters :
Wrong Input : Fist letter Should be capital and must contains minimum 3 characters :
Wrong Input : Fist letter Should be capital and must contains minimum 3 characters :
Wrong Input : Fist letter Should be capital and must contains minimum 3 characters :
Wrong Input : Fist letter Should be capital and must contains minimum 3 characters :
Wrong Input : Fist letter Should be capital and must contains minimum 3 characters :
Wrong Input : Fist letter Should be capital and must contains minimum 3 characters :
Wrong Input : Fist letter Should be capital and must contains minimum 3 characters :
Wrong Input : Fist letter Should be capital and must contains minimum 3 characters :
Wrong Input : Fist letter Should be capital and must contains minimum 3 characters :
Wrong Input : Fist letter Should be capital and must contains minimum 3 characters :
Wrong Input : Fist letter Should be capital and must contains minimum 3 characters :
Wrong Input : Fist letter Should be capital and must contains minimum 3 characters :
Wrong Input : Fist letter Should be capital and must contains minimum 3 characters :
Wrong Input : Fist letter Should be capital and must contains minimum 3 characters :
Wrong Input : Fist letter Should be capital and must contains minimum 3 characters :
Wrong Input : Fist letter Should be capital and must contains minimum 3 characters :
Wrong Input : Fist letter Should be capital and must contains minimum 3 characters :
Wrong Input : Fist letter Should be capital and must contains minimum 3 characters :
Wrong Input : Fist letter Should be capital and must contains minimum 3 characters :
Wrong Input : Fist letter Should be capital and must contains minimum 3 characters :
Wrong Input : Fist letter Should be capital and must contains minimum 3 characters :
Wrong Input : Fist letter Should be capital and must contains minimum 3 characters :
Wrong Input : Fist letter Should be capital and must contains minimum 3 characters :
Wrong Input : Fist letter Should be capital and must contains minimum 3 characters :
Wrong Input : Fist letter Should be capital and must contains minimum 3 characters :
Wrong Input : Fist letter Should be capital and must contains minimum 3 characters :
Wrong Input : Fist letter Should be capital and must contains minimum 3 characters :
Wrong Input : Fist letter Should be capital and must contains minimum 3 characters :
Wrong Input : Fist letter Should be capital and must contains minimum 3 characters :
Wrong Input : Fist letter Should be capital and must contains minimum 3 characters :
Wrong Input : Fist letter Should be capital and must contains minimum 3 characters :
Wrong Input : Fist letter Should be capital and must contains minimum 3 characters :
Wrong Input : Fist letter Should be capital and must contains minimum 3 characters :
Wrong Input : Fist letter Should be capital and must contains minimum 3 characters :
Wrong Input : Fist letter Should be capital and must contains minimum 3 characters :
Wrong Input : Fist letter Should be capital and must contains minimum 3 characters :
Wrong Input : Fist letter Should be capital and must contains minimum 3 characters :
Wrong Input : Fist letter Should be capital and must contains minimum 3 characters :
Wrong Input : Fist letter Should be capital and must contains minimum 3 characters :
Wrong Input : Fist letter Should be capital and must contains minimum 3 characters :
Wrong Input : Fist letter Should be capital and must contains minimum 3 characters :
Wrong Input : Fist letter Should be capital and must contains minimum 3 characters :
Wrong Input : Fist letter Should be capital and must contains minimum 3 characters :
Wrong Input : Fist letter Should be capital and must contains minimum 3 characters :
Wrong Input : Fist letter Should be capital and must contains minimum 3 characters :
Wrong Input : Fist letter Should be capital and must contains minimum 3 characters :
Wrong Input : Fist letter Should be capital and must contains minimum 3 characters :
Wrong Input : Fist letter Should be capital and must contains minimum 3 characters :
Wrong Input : Fist letter Should be capital and must contains minimum 3 characters :
Wrong Input : Fist letter Should be capital and must contains minimum 3 characters :
Wrong Input : Fist letter Should be capital and must contains minimum 3 characters :
Wrong Input : Fist letter Should be capital and must contains minimum 3 characters :
Wrong Input : Fist letter Should be capital and must contains minimum 3 characters :
Wrong Input : Fist letter Should be capital and must contains minimum 3 characters :
Wrong Input : Fist letter Should be capital and must contains minimum 3 characters :
Wrong Input : Fist letter Should be capital and must contains minimum 3 characters :
Wrong Input : Fist letter Should be capital and must contains minimum 3 characters :
Wrong Input : Fist letter Should be capital and must contains minimum 3 characters :
Wrong Input : Fist letter Should be capital and must contains minimum 3 characters :
Wrong Input : Fist letter Should be capital and must contains minimum 3 characters :
Wrong Input : Fist letter Should be capital and must contains minimum 3 characters :
Wrong Input : Fist letter Should be capital and must contains minimum 3 characters :
Wrong Input : Fist letter Should be capital and must contains minimum 3 characters :
Wrong Input : Fist letter Should be capital and must contains minimum 3 characters :
Wrong Input : Fist letter Should be capital and must contains minimum 3 characters :
Wrong Input : Fist letter Should be capital and must contains minimum 3 characters :
Wrong Input : Fist letter Should be capital and must contains minimum 3 characters :
Wrong Input : Fist letter Should be capital and must contains minimum 3 characters :
Wrong Input : Fist letter Should be capital and must contains minimum 3 characters :
Wrong Input : Fist letter Should be capital and must contains minimum 3 characters :
Wrong Input : Fist letter Should be capital and must contains minimum 3 characters :
Wrong Input : Fist letter Should be capital and must contains minimum 3 characters :
Wrong Input : Fist letter Should be capital and must contains minimum 3 characters :
Wrong Input : Fist letter Should be capital and must contains minimum 3 characters :
Wrong Input : Fist letter Should be capital and must contains minimum 3 characters :
Wrong Input : Fist letter Should be capital and must contains minimum 3 characters :
Wrong Input : Fist letter Should be capital and must contains minimum 3 characters :
Wrong Input : Fist letter Should be capital and must contains minimum 3 characters :
Wrong Input : Fist letter Should be capital and must contains minimum 3 characters :
Wrong Input : Fist letter Should be capital and must contains minimum 3 characters :
Wrong Input : Fist letter Should be capital and must contains minimum 3 characters :
Wrong Input : Fist letter Should be capital and must contains minimum 3 characters :
Wrong Input : Fist letter Should be capital and must contains minimum 3 characters :
Wrong Input : Fist letter Should be capital and must contains minimum 3 characters :
Wrong Input : Fist letter Should be capital and must contains minimum 3 characters :
Wrong Input : Fist letter Should be capital and must contains minimum 3 characters :
Wrong Input : Fist letter Should be capital and must contains minimum 3 characters :
Wrong Input : Fist letter Should be capital and must contains minimum 3 characters :
Wrong Input : Fist letter Should be capital and must contains minimum 3 characters :
Wrong Input : Fist letter Should be capital and must contains minimum 3 characters :
Wrong Input : Fist letter Should be capital and must contains minimum 3 characters :
Wrong Input : Fist letter Should be capital and must contains minimum 3 characters :
Wrong Input : Fist letter Should be capital and must contains minimum 3 characters :
Wrong Input : Fist letter Should be capital and must contains minimum 3 characters :
Wrong Input : Fist letter Should be capital and must contains minimum 3 characters :
Wrong Input : Fist letter Should be capital and must contains minimum 3 characters :
Wrong Input : Fist letter Should be capital and must contains minimum 3 characters :
Wrong Input : Fist letter Should be capital and must contains minimum 3 characters :
Wrong Input : Fist letter Should be capital and must contains minimum 3 characters :
Wrong Input : Fist letter Should be capital and must contains minimum 3 characters :
Wrong Input : Fist letter Should be capital and must contains minimum 3 characters :
Wrong Input : Fist letter Should be capital and must contains minimum 3 characters :
Wrong Input : Fist letter Should be capital and must contains minimum 3 characters :
Wrong Input : Fist letter Should be capital and must contains minimum 3 characters :
Wrong Input : Fist letter Should be capital and must contains minimum 3 characters :
Wrong Input : Fist letter Should be capital and must contains minimum 3 characters :
Wrong Input : Fist letter Should be capital and must contains minimum 3 characters :
Wrong Input : Fist letter Should be capital and must contains minimum 3 characters :
Wrong Input : Fist letter Should be capital and must contains minimum 3 characters :
Wrong Input : Fist letter Should be capital and must contains minimum 3 characters :
Wrong Input : Fist letter Should be capital and must contains minimum 3 characters :
Wrong Input : Fist letter Should be capital and must contains minimum 3 characters :
Wrong Input : Fist letter Should be capital and must contains minimum 3 characters :
Wrong Input : Fist letter Should be capital and must contains minimum 3 characters :
Wrong Input : Fist letter Should be capital and must contains minimum 3 characters :
Wrong Input : Fist letter Should be capital and must contains minimum 3 characters :
Wrong Input : Fist letter Should be capital and must contains minimum 3 characters :
Wrong Input : Fist letter Should be capital and must contains minimum 3 characters :
Wrong Input : Fist letter Should be capital and must contains minimum 3 characters :
Wrong Input : Fist letter Should be capital and must contains minimum 3 characters :
Wrong Input : Fist letter Should be capital and must contains minimum 3 characters :
Wrong Input : Fist letter Should be capital and must contains minimum 3 characters :
Wrong Input : Fist letter Should be capital and must contains minimum 3 characters :
Wrong Input : Fist letter Should be capital and must contains minimum 3 characters :
Wrong Input : Fist letter Should be capital and must contains minimum 3 characters :
Wrong Input : Fist letter Should be capital and must contains minimum 3 characters :
Wrong Input : Fist letter Should be capital and must contains minimum 3 characters :
Wrong Input : Fist letter Should be capital and must contains minimum 3 characters :
Wrong Input : Fist letter Should be capital and must contains minimum 3 characters :
Wrong Input : Fist letter Should be capital and must contains minimum 3 characters :
Wrong Input : Fist letter Should be capital and must contains minimum 3 characters :
Wrong Input : Fist letter Should be capital and must contains minimum 3 characters :
Wrong Input : Fist letter Should be capital and must contains minimum 3 characters :
Wrong Input : Fist letter Should be capital and must contains minimum 3 characters :
Wrong Input : Fist letter Should be capital and must contains minimum 3 characters :
Wrong Input : Fist letter Should be capital and must contains minimum 3 characters :
Wrong Input : Fist letter Should be capital and must contains minimum 3 characters :
Wrong Input : Fist letter Should be capital and must contains minimum 3 characters :
Wrong Input : Fist letter Should be capital and must contains minimum 3 characters :
Wrong Input : Fist letter Should be capital and must contains minimum 3 characters :
Wrong Input : Fist letter Should be capital and must contains minimum 3 characters :
Wrong Input : Fist letter Should be capital and must contains minimum 3 characters :
Wrong Input : Fist letter Should be capital and must contains minimum 3 characters :
Wrong Input : Fist letter Should be capital and must contains minimum 3 characters :
Wrong Input : Fist letter Should be capital and must contains minimum 3 characters :
Wrong Input : Fist letter Should be capital and must contains minimum 3 characters :
Wrong Input : Fist letter Should be capital and must contains minimum 3 characters :
Wrong Input : Fist letter Should be capital and must contains minimum 3 characters :
Wrong Input : Fist letter Should be capital and must contains minimum 3 characters :
Wrong Input : Fist letter Should be capital and must contains minimum 3 characters :
Wrong Input : Fist letter Should be capital and must contains minimum 3 characters :
Wrong Input : Fist letter Should be capital and must contains minimum 3 characters :
Wrong Input : Fist letter Should be capital and must contains minimum 3 characters :
Wrong Input : Fist letter Should be capital and must contains minimum 3 characters :
Wrong Input : Fist letter Should be capital and must contains minimum 3 characters :
Wrong Input : Fist letter Should be capital and must contains minimum 3 characters :
Wrong Input : Fist letter Should be capital and must contains minimum 3 characters :
Wrong Input : Fist letter Should be capital and must contains minimum 3 characters :
Wrong Input : Fist letter Should be capital and must contains minimum 3 characters :
Wrong Input : Fist letter Should be capital and must contains minimum 3 characters :
Wrong Input : Fist letter Should be capital and must contains minimum 3 characters :
Wrong Input : Fist letter Should be capital and must contains minimum 3 characters :
Wrong Input : Fist letter Should be capital and must contains minimum 3 characters :
Wrong Input : Fist letter Should be capital and must contains minimum 3 characters :
Wrong Input : Fist letter Should be capital and must contains minimum 3 characters :
Wrong Input : Fist letter Should be capital and must contains minimum 3 characters :
Wrong Input : Fist letter Should be capital and must contains minimum 3 characters :
Wrong Input : Fist letter Should be capital and must contains minimum 3 characters :
Wrong Input : Fist letter Should be capital and must contains minimum 3 characters :
Wrong Input : Fist letter Should be capital and must contains minimum 3 characters :
Wrong Input : Fist letter Should be capital and must contains minimum 3 characters :
Wrong Input : Fist letter Should be capital and must contains minimum 3 characters :
Wrong Input : Fist letter Should be capital and must contains minimum 3 characters :
Wrong Input : Fist letter Should be capital and must contains minimum 3 characters :
Wrong Input : Fist letter Should be capital and must contains minimum 3 characters :
Wrong Input : Fist letter Should be capital and must contains minimum 3 characters :
Wrong Input : Fist letter Should be capital and must contains minimum 3 characters :
Wrong Input : Fist letter Should be capital and must contains minimum 3 characters :
Wrong Input : Fist letter Should be capital and must contains minimum 3 characters :
Wrong Input : Fist letter Should be capital and must contains minimum 3 characters :
Wrong Input : Fist letter Should be capital and must contains minimum 3 characters :
Wrong Input : Fist letter Should be capital and must contains minimum 3 characters :
Wrong Input : Fist letter Should be capital and must contains minimum 3 characters :
Wrong Input : Fist letter Should be capital and must contains minimum 3 characters :
Wrong Input : Fist letter Should be capital and must contains minimum 3 characters :
Wrong Input : Fist letter Should be capital and must contains minimum 3 characters :
Wrong Input : Fist letter Should be capital and must contains minimum 3 characters :
Wrong Input : Fist letter Should be capital and must contains minimum 3 characters :
Wrong Input : Fist letter Should be capital and must contains minimum 3 characters :
Wrong Input : Fist letter Should be capital and must contains minimum 3 characters :
Wrong Input : Fist letter Should be capital and must contains minimum 3 characters :
Wrong Input : Fist letter Should be capital and must contains minimum 3 characters :
Wrong Input : Fist letter Should be capital and must contains minimum 3 characters :
Wrong Input : Fist letter Should be capital and must contains minimum 3 characters :
Wrong Input : Fist letter Should be capital and must contains minimum 3 characters :
Wrong Input : Fist letter Should be capital and must contains minimum 3 characters :
Wrong Input : Fist letter Should be capital and must contains minimum 3 characters :
Wrong Input : Fist letter Should be capital and must contains minimum 3 characters :
Wrong Input : Fist letter Should be capital and must contains minimum 3 characters :
Wrong Input : Fist letter Should be capital and must contains minimum 3 characters :
Wrong Input : Fist letter Should be capital and must contains minimum 3 characters :
Wrong Input : Fist letter Should be capital and must contains minimum 3 characters :
Wrong Input : Fist letter Should be capital and must contains minimum 3 characters :
Wrong Input : Fist letter Should be capital and must contains minimum 3 characters :
Wrong Input : Fist letter Should be capital and must contains minimum 3 characters :
Wrong Input : Fist letter Should be capital and must contains minimum 3 characters :
Wrong Input : Fist letter Should be capital and must contains minimum 3 characters :
Wrong Input : Fist letter Should be capital and must contains minimum 3 characters :
Wrong Input : Fist letter Should be capital and must contains minimum 3 characters :
Wrong Input : Fist letter Should be capital and must contains minimum 3 characters :
Wrong Input : Fist letter Should be capital and must contains minimum 3 characters :
Wrong Input : Fist letter Should be capital and must contains minimum 3 characters :
Wrong Input : Fist letter Should be capital and must contains minimum 3 characters :
Wrong Input : Fist letter Should be capital and must contains minimum 3 characters :
Wrong Input : Fist letter Should be capital and must contains minimum 3 characters :
Wrong Input : Fist letter Should be capital and must contains minimum 3 characters :
Wrong Input : Fist letter Should be capital and must contains minimum 3 characters :
Wrong Input : Fist letter Should be capital and must contains minimum 3 characters :
Wrong Input : Fist letter Should be capital and must contains minimum 3 characters :
Wrong Input : Fist letter Should be capital and must contains minimum 3 characters :
Wrong Input : Fist letter Should be capital and must contains minimum 3 characters :
Wrong Input : Fist letter Should be capital and must contains minimum 3 characters :
Wrong Input : Fist letter Should be capital and must contains minimum 3 characters :
Wrong Input : Fist letter Should be capital and must contains minimum 3 characters :
Wrong Input : Fist letter Should be capital and must contains minimum 3 characters :
Wrong Input : Fist letter Should be capital and must contains minimum 3 characters :
Wrong Input : Fist letter Should be capital and must contains minimum 3 characters :
Wrong Input : Fist letter Should be capital and must contains minimum 3 characters :
Wrong Input : Fist letter Should be capital and must contains minimum 3 characters :
Wrong Input : Fist letter Should be capital and must contains minimum 3 characters :
Wrong Input : Fist letter Should be capital and must contains minimum 3 characters :
Wrong Input : Fist letter Should be capital and must contains minimum 3 characters :
Wrong Input : Fist letter Should be capital and must contains minimum 3 characters :
Wrong Input : Fist letter Should be capital and must contains minimum 3 characters :
Wrong Input : Fist letter Should be capital and must contains minimum 3 characters :
Wrong Input : Fist letter Should be capital and must contains minimum 3 characters :
Wrong Input : Fist letter Should be capital and must contains minimum 3 characters :
Wrong Input : Fist letter Should be capital and must contains minimum 3 characters :
Wrong Input : Fist letter Should be capital and must contains minimum 3 characters :
Wrong Input : Fist letter Should be capital and must contains minimum 3 characters :
Wrong Input : Fist letter Should be capital and must contains minimum 3 characters :
Wrong Input : Fist letter Should be capital and must contains minimum 3 characters :
Wrong Input : Fist letter Should be capital and must contains minimum 3 characters :
Wrong Input : Fist letter Should be capital and must contains minimum 3 characters :
Wrong Input : Fist letter Should be capital and must contains minimum 3 characters :
Wrong Input : Fist letter Should be capital and must contains minimum 3 characters :
Wrong Input : Fist letter Should be capital and must contains minimum 3 characters :
Wrong Input : Fist letter Should be capital and must contains minimum 3 characters :
Wrong Input : Fist letter Should be capital and must contains minimum 3 characters :
Wrong Input : Fist letter Should be capital and must contains minimum 3 characters :
Wrong Input : Fist letter Should be capital and must contains minimum 3 characters :
Wrong Input : Fist letter Should be capital and must contains minimum 3 characters :
Wrong Input : Fist letter Should be capital and must contains minimum 3 characters :
Wrong Input : Fist letter Should be capital and must contains minimum 3 characters :
Wrong Input : Fist letter Should be capital and must contains minimum 3 characters :
Wrong Input : Fist letter Should be capital and must contains minimum 3 characters :
Wrong Input : Fist letter Should be capital and must contains minimum 3 characters :
Wrong Input : Fist letter Should be capital and must contains minimum 3 characters :
Wrong Input : Fist letter Should be capital and must contains minimum 3 characters :
Wrong Input : Fist letter Should be capital and must contains minimum 3 characters :
Wrong Input : Fist letter Should be capital and must contains minimum 3 characters :
Wrong Input : Fist letter Should be capital and must contains minimum 3 characters :
Wrong Input : Fist letter Should be capital and must contains minimum 3 characters :
Wrong Input : Fist letter Should be capital and must contains minimum 3 characters :
Wrong Input : Fist letter Should be capital and must contains minimum 3 characters :
Wrong Input : Fist letter Should be capital and must contains minimum 3 characters :
Wrong Input : Fist letter Should be capital and must contains minimum 3 characters :
Wrong Input : Fist letter Should be capital and must contains minimum 3 characters :
Wrong Input : Fist letter Should be capital and must contains minimum 3 characters :
Wrong Input : Fist letter Should be capital and must contains minimum 3 characters :
Wrong Input : Fist letter Should be capital and must contains minimum 3 characters :
Wrong Input : Fist letter Should be capital and must contains minimum 3 characters :
Wrong Input : Fist letter Should be capital and must contains minimum 3 characters :
Wrong Input : Fist letter Should be capital and must contains minimum 3 characters :
Wrong Input : Fist letter Should be capital and must contains minimum 3 characters :
Wrong Input : Fist letter Should be capital and must contains minimum 3 characters :
Wrong Input : Fist letter Should be capital and must contains minimum 3 characters :
Wrong Input : Fist letter Should be capital and must contains minimum 3 characters :
Wrong Input : Fist letter Should be capital and must contains minimum 3 characters :
Wrong Input : Fist letter Should be capital and must contains minimum 3 characters :
Wrong Input : Fist letter Should be capital and must contains minimum 3 characters :
Wrong Input : Fist letter Should be capital and must contains minimum 3 characters :
Wrong Input : Fist letter Should be capital and must contains minimum 3 characters :
Wrong Input : Fist letter Should be capital and must contains minimum 3 characters :
Wrong Input : Fist letter Should be capital and must contains minimum 3 characters :
Wrong Input : Fist letter Should be capital and must contains minimum 3 characters :
Wrong Input : Fist letter Should be capital and must contains minimum 3 characters :
Wrong Input : Fist letter Should be capital and must contains minimum 3 characters :
Wrong Input : Fist letter Should be capital and must contains minimum 3 characters :
Wrong Input : Fist letter Should be capital and must contains minimum 3 characters :
Wrong Input : Fist letter Should be capital and must contains minimum 3 characters :
Wrong Input : Fist letter Should be capital and must contains minimum 3 characters :
Wrong Input : Fist letter Should be capital and must contains minimum 3 characters :
Wrong Input : Fist letter Should be capital and must contains minimum 3 characters :
Wrong Input : Fist letter Should be capital and must contains minimum 3 characters :
Wrong Input : Fist letter Should be capital and must contains minimum 3 characters :
Wrong Input : Fist letter Should be capital and must contains minimum 3 characters :
Wrong Input : Fist letter Should be capital and must contains minimum 3 characters :
Wrong Input : Fist letter Should be capital and must contains minimum 3 characters :
Wrong Input : Fist letter Should be capital and must contains minimum 3 characters :
Wrong Input : Fist letter Should be capital and must contains minimum 3 characters :
Wrong Input : Fist letter Should be capital and must contains minimum 3 characters :
Wrong Input : Fist letter Should be capital and must contains minimum 3 characters :
Wrong Input : Fist letter Should be capital and must contains minimum 3 characters :
Wrong Input : Fist letter Should be capital and must contains minimum 3 characters :
Wrong Input : Fist letter Should be capital and must contains minimum 3 characters :
Wrong Input : Fist letter Should be capital and must contains minimum 3 characters :
Wrong Input : Fist letter Should be capital and must contains minimum 3 characters :
Wrong Input : Fist letter Should be capital and must contains minimum 3 characters :
Wrong Input : Fist letter Should be capital and must contains minimum 3 characters :
Wrong Input : Fist letter Should be capital and must contains minimum 3 characters :
Wrong Input : Fist letter Should be capital and must contains minimum 3 characters :
Wrong Input : Fist letter Should be capital and must contains minimum 3 characters :
Wrong Input : Fist letter Should be capital and must contains minimum 3 characters :
Wrong Input : Fist letter Should be capital and must contains minimum 3 characters :
Wrong Input : Fist letter Should be capital and must contains minimum 3 characters :
Wrong Input : Fist letter Should be capital and must contains minimum 3 characters :
Wrong Input : Fist letter Should be capital and must contains minimum 3 characters :
Wrong Input : Fist letter Should be capital and must contains minimum 3 characters :
Wrong Input : Fist letter Should be capital and must contains minimum 3 characters :
Wrong Input : Fist letter Should be capital and must contains minimum 3 characters :
Wrong Input : Fist letter Should be capital and must contains minimum 3 characters :
Wrong Input : Fist letter Should be capital and must contains minimum 3 characters :
Wrong Input : Fist letter Should be capital and must contains minimum 3 characters :
Wrong Input : Fist letter Should be capital and must contains minimum 3 characters :
Wrong Input : Fist letter Should be capital and must contains minimum 3 characters :
Wrong Input : Fist letter Should be capital and must contains minimum 3 characters :
Wrong Input : Fist letter Should be capital and must contains minimum 3 characters :
Wrong Input : Fist letter Should be capital and must contains minimum 3 characters :
Wrong Input : Fist letter Should be capital and must contains minimum 3 characters :
Wrong Input : Fist letter Should be capital and must contains minimum 3 characters :
Wrong Input : Fist letter Should be capital and must contains minimum 3 characters :
Wrong Input : Fist letter Should be capital and must contains minimum 3 characters :
Wrong Input : Fist letter Should be capital and must contains minimum 3 characters :
Wrong Input : Fist letter Should be capital and must contains minimum 3 characters :
Wrong Input : Fist letter Should be capital and must contains minimum 3 characters :
Wrong Input : Fist letter Should be capital and must contains minimum 3 characters :
Wrong Input : Fist letter Should be capital and must contains minimum 3 characters :
Wrong Input : Fist letter Should be capital and must contains minimum 3 characters :
Wrong Input : Fist letter Should be capital and must contains minimum 3 characters :
Wrong Input : Fist letter Should be capital and must contains minimum 3 characters :
Wrong Input : Fist letter Should be capital and must contains minimum 3 characters :
Wrong Input : Fist letter Should be capital and must contains minimum 3 characters :
Wrong Input : Fist letter Should be capital and must contains minimum 3 characters :
Wrong Input : Fist letter Should be capital and must contains minimum 3 characters :
Wrong Input : Fist letter Should be capital and must contains minimum 3 characters :
Wrong Input : Fist letter Should be capital and must contains minimum 3 characters :
Wrong Input : Fist letter Should be capital and must contains minimum 3 characters :
Wrong Input : Fist letter Should be capital and must contains minimum 3 characters :
Wrong Input : Fist letter Should be capital and must contains minimum 3 characters :
Wrong Input : Fist letter Should be capital and must contains minimum 3 characters :
Wrong Input : Fist letter Should be capital and must contains minimum 3 characters :
Wrong Input : Fist letter Should be capital and must contains minimum 3 characters :
Wrong Input : Fist letter Should be capital and must contains minimum 3 characters :
Wrong Input : Fist letter Should be capital and must contains minimum 3 characters :
Wrong Input : Fist letter Should be capital and must contains minimum 3 characters :
Wrong Input : Fist letter Should be capital and must contains minimum 3 characters :
Wrong Input : Fist letter Should be capital and must contains minimum 3 characters :
Wrong Input : Fist letter Should be capital and must contains minimum 3 characters :
Wrong Input : Fist letter Should be capital and must contains minimum 3 characters :
Wrong Input : Fist letter Should be capital and must contains minimum 3 characters :
Wrong Input : Fist letter Should be capital and must contains minimum 3 characters :
Wrong Input : Fist letter Should be capital and must contains minimum 3 characters :
Wrong Input : Fist letter Should be capital and must contains minimum 3 characters :
Wrong Input : Fist letter Should be capital and must contains minimum 3 characters :
Wrong Input : Fist letter Should be capital and must contains minimum 3 characters :
Wrong Input : Fist letter Should be capital and must contains minimum 3 characters :
Wrong Input : Fist letter Should be capital and must contains minimum 3 characters :
Wrong Input : Fist letter Should be capital and must contains minimum 3 characters :
Wrong Input : Fist letter Should be capital and must contains minimum 3 characters :
Wrong Input : Fist letter Should be capital and must contains minimum 3 characters :
Wrong Input : Fist letter Should be capital and must contains minimum 3 characters :
Wrong Input : Fist letter Should be capital and must contains minimum 3 characters :
Wrong Input : Fist letter Should be capital and must contains minimum 3 characters :
Wrong Input : Fist letter Should be capital and must contains minimum 3 characters :
Wrong Input : Fist letter Should be capital and must contains minimum 3 characters :
Wrong Input : Fist letter Should be capital and must contains minimum 3 characters :
Wrong Input : Fist letter Should be capital and must contains minimum 3 characters :
Wrong Input : Fist letter Should be capital and must contains minimum 3 characters :
Wrong Input : Fist letter Should be capital and must contains minimum 3 characters :
Wrong Input : Fist letter Should be capital and must contains minimum 3 characters :
Wrong Input : Fist letter Should be capital and must contains minimum 3 characters :
Wrong Input : Fist letter Should be capital and must contains minimum 3 characters :
Wrong Input : Fist letter Should be capital and must contains minimum 3 characters :
Wrong Input : Fist letter Should be capital and must contains minimum 3 characters :
Wrong Input : Fist letter Should be capital and must contains minimum 3 characters :
Wrong Input : Fist letter Should be capital and must contains minimum 3 characters :
Wrong Input : Fist letter Should be capital and must contains minimum 3 characters :
Wrong Input : Fist letter Should be capital and must contains minimum 3 characters :
Wrong Input : Fist letter Should be capital and must contains minimum 3 characters :
Wrong Input : Fist letter Should be capital and must contains minimum 3 characters :
Wrong Input : Fist letter Should be capital and must contains minimum 3 characters :
Wrong Input : Fist letter Should be capital and must contains minimum 3 characters :
Wrong Input : Fist letter Should be capital and must contains minimum 3 characters :
Wrong Input : Fist letter Should be capital and must contains minimum 3 characters :
Wrong Input : Fist letter Should be capital and must contains minimum 3 characters :
Wrong Input : Fist letter Should be capital and must contains minimum 3 characters :
Wrong Input : Fist letter Should be capital and must contains minimum 3 characters :
Wrong Input : Fist letter Should be capital and must contains minimum 3 characters :
Wrong Input : Fist letter Should be capital and must contains minimum 3 characters :
Wrong Input : Fist letter Should be capital and must contains minimum 3 characters :
Wrong Input : Fist letter Should be capital and must contains minimum 3 characters :
Wrong Input : Fist letter Should be capital and must contains minimum 3 characters :
Wrong Input : Fist letter Should be capital and must contains minimum 3 characters :
Wrong Input : Fist letter Should be capital and must contains minimum 3 characters :
Wrong Input : Fist letter Should be capital and must contains minimum 3 characters :
Wrong Input : Fist letter Should be capital and must contains minimum 3 characters :
Wrong Input : Fist letter Should be capital and must contains minimum 3 characters :
Wrong Input : Fist letter Should be capital and must contains minimum 3 characters :
Wrong Input : Fist letter Should be capital and must contains minimum 3 characters :
Wrong Input : Fist letter Should be capital and must contains minimum 3 characters :
Wrong Input : Fist letter Should be capital and must contains minimum 3 characters :
Wrong Input : Fist letter Should be capital and must contains minimum 3 characters :
Wrong Input : Fist letter Should be capital and must contains minimum 3 characters :
Wrong Input : Fist letter Should be capital and must contains minimum 3 characters :
Wrong Input : Fist letter Should be capital and must contains minimum 3 characters :
Wrong Input : Fist letter Should be capital and must contains minimum 3 characters :
Wrong Input : Fist letter Should be capital and must contains minimum 3 characters :
Wrong Input : Fist letter Should be capital and must contains minimum 3 characters :
Wrong Input : Fist letter Should be capital and must contains minimum 3 characters :
Wrong Input : Fist letter Should be capital and must contains minimum 3 characters :
Wrong Input : Fist letter Should be capital and must contains minimum 3 characters :
Wrong Input : Fist letter Should be capital and must contains minimum 3 characters :
Wrong Input : Fist letter Should be capital and must contains minimum 3 characters :
Wrong Input : Fist letter Should be capital and must contains minimum 3 characters :
Wrong Input : Fist letter Should be capital and must contains minimum 3 characters :
Wrong Input : Fist letter Should be capital and must contains minimum 3 characters :
Wrong Input : Fist letter Should be capital and must contains minimum 3 characters :
Wrong Input : Fist letter Should be capital and must contains minimum 3 characters :
Wrong Input : Fist letter Should be capital and must contains minimum 3 characters :
Wrong Input : Fist letter Should be capital and must contains minimum 3 characters :
Wrong Input : Fist letter Should be capital and must contains minimum 3 characters :
Wrong Input : Fist letter Should be capital and must contains minimum 3 characters :
Wrong Input : Fist letter Should be capital and must contains minimum 3 characters :
Wrong Input : Fist letter Should be capital and must contains minimum 3 characters :
Wrong Input : Fist letter Should be capital and must contains minimum 3 characters :
Wrong Input : Fist letter Should be capital and must contains minimum 3 characters :
Wrong Input : Fist letter Should be capital and must contains minimum 3 characters :
Wrong Input : Fist letter Should be capital and must contains minimum 3 characters :
Wrong Input : Fist letter Should be capital and must contains minimum 3 characters :
Wrong Input : Fist letter Should be capital and must contains minimum 3 characters :
Wrong Input : Fist letter Should be capital and must contains minimum 3 characters :
Wrong Input : Fist letter Should be capital and must contains minimum 3 characters :
Wrong Input : Fist letter Should be capital and must contains minimum 3 characters :
Wrong Input : Fist letter Should be capital and must contains minimum 3 characters :
Wrong Input : Fist letter Should be capital and must contains minimum 3 characters :
Wrong Input : Fist letter Should be capital and must contains minimum 3 characters :
Wrong Input : Fist letter Should be capital and must contains minimum 3 characters :
Wrong Input : Fist letter Should be capital and must contains minimum 3 characters :
Wrong Input : Fist letter Should be capital and must contains minimum 3 characters :
Wrong Input : Fist letter Should be capital and must contains minimum 3 characters :
Wrong Input : Fist letter Should be capital and must contains minimum 3 characters :
Wrong Input : Fist letter Should be capital and must contains minimum 3 characters :
Wrong Input : Fist letter Should be capital and must contains minimum 3 characters :
Wrong Input : Fist letter Should be capital and must contains minimum 3 characters :
Wrong Input : Fist letter Should be capital and must contains minimum 3 characters :
Wrong Input : Fist letter Should be capital and must contains minimum 3 characters :
Wrong Input : Fist letter Should be capital and must contains minimum 3 characters :
Wrong Input : Fist letter Should be capital and must contains minimum 3 characters :
Wrong Input : Fist letter Should be capital and must contains minimum 3 characters :
Wrong Input : Fist letter Should be capital and must contains minimum 3 characters :
Wrong Input : Fist letter Should be capital and must contains minimum 3 characters :
Wrong Input : Fist letter Should be capital and must contains minimum 3 characters :
Wrong Input : Fist letter Should be capital and must contains minimum 3 characters :
Wrong Input : Fist letter Should be capital and must contains minimum 3 characters :
Wrong Input : Fist letter Should be capital and must contains minimum 3 characters :
Wrong Input : Fist letter Should be capital and must contains minimum 3 characters :
Wrong Input : Fist letter Should be capital and must contains minimum 3 characters :
Wrong Input : Fist letter Should be capital and must contains minimum 3 characters :
Wrong Input : Fist letter Should be capital and must contains minimum 3 characters :
Wrong Input : Fist letter Should be capital and must contains minimum 3 characters :
Wrong Input : Fist letter Should be capital and must contains minimum 3 characters :
Wrong Input : Fist letter Should be capital and must contains minimum 3 characters :
Wrong Input : Fist letter Should be capital and must contains minimum 3 characters :
Wrong Input : Fist letter Should be capital and must contains minimum 3 characters :
Wrong Input : Fist letter Should be capital and must contains minimum 3 characters :
Wrong Input : Fist letter Should be capital and must contains minimum 3 characters :
Wrong Input : Fist letter Should be capital and must contains minimum 3 characters :
Wrong Input : Fist letter Should be capital and must contains minimum 3 characters :
Wrong Input : Fist letter Should be capital and must contains minimum 3 characters :
Wrong Input : Fist letter Should be capital and must contains minimum 3 characters :
Wrong Input : Fist letter Should be capital and must contains minimum 3 characters :
Wrong Input : Fist letter Should be capital and must contains minimum 3 characters :
Wrong Input : Fist letter Should be capital and must contains minimum 3 characters :
Wrong Input : Fist letter Should be capital and must contains minimum 3 characters :
Wrong Input : Fist letter Should be capital and must contains minimum 3 characters :
Wrong Input : Fist letter Should be capital and must contains minimum 3 characters :
Wrong Input : Fist letter Should be capital and must contains minimum 3 characters :
Wrong Input : Fist letter Should be capital and must contains minimum 3 characters :
Wrong Input : Fist letter Should be capital and must contains minimum 3 characters :
Wrong Input : Fist letter Should be capital and must contains minimum 3 characters :
Wrong Input : Fist letter Should be capital and must contains minimum 3 characters :
Wrong Input : Fist letter Should be capital and must contains minimum 3 characters :
Wrong Input : Fist letter Should be capital and must contains minimum 3 characters :
Wrong Input : Fist letter Should be capital and must contains minimum 3 characters :
Wrong Input : Fist letter Should be capital and must contains minimum 3 characters :
Wrong Input : Fist letter Should be capital and must contains minimum 3 characters :
Wrong Input : Fist letter Should be capital and must contains minimum 3 characters :
Wrong Input : Fist letter Should be capital and must contains minimum 3 characters :
Wrong Input : Fist letter Should be capital and must contains minimum 3 characters :
Wrong Input : Fist letter Should be capital and must contains minimum 3 characters :
Wrong Input : Fist letter Should be capital and must contains minimum 3 characters :
Wrong Input : Fist letter Should be capital and must contains minimum 3 characters :
Wrong Input : Fist letter Should be capital and must contains minimum 3 characters :
Wrong Input : Fist letter Should be capital and must contains minimum 3 characters :
Wrong Input : Fist letter Should be capital and must contains minimum 3 characters :
Wrong Input : Fist letter Should be capital and must contains minimum 3 characters :
Wrong Input : Fist letter Should be capital and must contains minimum 3 characters :
Wrong Input : Fist letter Should be capital and must contains minimum 3 characters :
Wrong Input : Fist letter Should be capital and must contains minimum 3 characters :
Wrong Input : Fist letter Should be capital and must contains minimum 3 characters :
Wrong Input : Fist letter Should be capital and must contains minimum 3 characters :
Wrong Input : Fist letter Should be capital and must contains minimum 3 characters :
Wrong Input : Fist letter Should be capital and must contains minimum 3 characters :
Wrong Input : Fist letter Should be capital and must contains minimum 3 characters :
Wrong Input : Fist letter Should be capital and must contains minimum 3 characters :
Wrong Input : Fist letter Should be capital and must contains minimum 3 characters :
Wrong Input : Fist letter Should be capital and must contains minimum 3 characters :
Wrong Input : Fist letter Should be capital and must contains minimum 3 characters :
Wrong Input : Fist letter Should be capital and must contains minimum 3 characters :
Wrong Input : Fist letter Should be capital and must contains minimum 3 characters :
Wrong Input : Fist letter Should be capital and must contains minimum 3 characters :
Wrong Input : Fist letter Should be capital and must contains minimum 3 characters :
Wrong Input : Fist letter Should be capital and must contains minimum 3 characters :
Wrong Input : Fist letter Should be capital and must contains minimum 3 characters :
Wrong Input : Fist letter Should be capital and must contains minimum 3 characters :
Wrong Input : Fist letter Should be capital and must contains minimum 3 characters :
Wrong Input : Fist letter Should be capital and must contains minimum 3 characters :
Wrong Input : Fist letter Should be capital and must contains minimum 3 characters :
Wrong Input : Fist letter Should be capital and must contains minimum 3 characters :
Wrong Input : Fist letter Should be capital and must contains minimum 3 characters :
Wrong Input : Fist letter Should be capital and must contains minimum 3 characters :
Wrong Input : Fist letter Should be capital and must contains minimum 3 characters :
Wrong Input : Fist letter Should be capital and must contains minimum 3 characters :
Wrong Input : Fist letter Should be capital and must contains minimum 3 characters :
Wrong Input : Fist letter Should be capital and must contains minimum 3 characters :
Wrong Input : Fist letter Should be capital and must contains minimum 3 characters :
Wrong Input : Fist letter Should be capital and must contains minimum 3 characters :
Wrong Input : Fist letter Should be capital and must contains minimum 3 characters :
Wrong Input : Fist letter Should be capital and must contains minimum 3 characters :
Wrong Input : Fist letter Should be capital and must contains minimum 3 characters :
Wrong Input : Fist letter Should be capital and must contains minimum 3 characters :
Wrong Input : Fist letter Should be capital and must contains minimum 3 characters :
Wrong Input : Fist letter Should be capital and must contains minimum 3 characters :
Wrong Input : Fist letter Should be capital and must contains minimum 3 characters :
Wrong Input : Fist letter Should be capital and must contains minimum 3 characters :
Wrong Input : Fist letter Should be capital and must contains minimum 3 characters :
Wrong Input : Fist letter Should be capital and must contains minimum 3 characters :
Wrong Input : Fist letter Should be capital and must contains minimum 3 characters :
Wrong Input : Fist letter Should be capital and must contains minimum 3 characters :
Wrong Input : Fist letter Should be capital and must contains minimum 3 characters :
Wrong Input : Fist letter Should be capital and must contains minimum 3 characters :
Wrong Input : Fist letter Should be capital and must contains minimum 3 characters :
Wrong Input : Fist letter Should be capital and must contains minimum 3 characters :
Wrong Input : Fist letter Should be capital and must contains minimum 3 characters :
Wrong Input : Fist letter Should be capital and must contains minimum 3 characters :
Wrong Input : Fist letter Should be capital and must contains minimum 3 characters :
Wrong Input : Fist letter Should be capital and must contains minimum 3 characters :
Wrong Input : Fist letter Should be capital and must contains minimum 3 characters :
Wrong Input : Fist letter Should be capital and must contains minimum 3 characters :
Wrong Input : Fist letter Should be capital and must contains minimum 3 characters :
Wrong Input : Fist letter Should be capital and must contains minimum 3 characters :
Wrong Input : Fist letter Should be capital and must contains minimum 3 characters :
Wrong Input : Fist letter Should be capital and must contains minimum 3 characters :
Wrong Input : Fist letter Should be capital and must contains minimum 3 characters :
Wrong Input : Fist letter Should be capital and must contains minimum 3 characters :
Wrong Input : Fist letter Should be capital and must contains minimum 3 characters :
Wrong Input : Fist letter Should be capital and must contains minimum 3 characters :
Wrong Input : Fist letter Should be capital and must contains minimum 3 characters :
Wrong Input : Fist letter Should be capital and must contains minimum 3 characters :
Wrong Input : Fist letter Should be capital and must contains minimum 3 characters :
Wrong Input : Fist letter Should be capital and must contains minimum 3 characters :
Wrong Input : Fist letter Should be capital and must contains minimum 3 characters :
Wrong Input : Fist letter Should be capital and must contains minimum 3 characters :
Wrong Input : Fist letter Should be capital and must contains minimum 3 characters :
Wrong Input : Fist letter Should be capital and must contains minimum 3 characters :
Wrong Input : Fist letter Should be capital and must contains minimum 3 characters :
Wrong Input : Fist letter Should be capital and must contains minimum 3 characters :
Wrong Input : Fist letter Should be capital and must contains minimum 3 characters :
Wrong Input : Fist letter Should be capital and must contains minimum 3 characters :
Wrong Input : Fist letter Should be capital and must contains minimum 3 characters :
Wrong Input : Fist letter Should be capital and must contains minimum 3 characters :
Wrong Input : Fist letter Should be capital and must contains minimum 3 characters :
Wrong Input : Fist letter Should be capital and must contains minimum 3 characters :
Wrong Input : Fist letter Should be capital and must contains minimum 3 characters :
Wrong Input : Fist letter Should be capital and must contains minimum 3 characters :
Wrong Input : Fist letter Should be capital and must contains minimum 3 characters :
Wrong Input : Fist letter Should be capital and must contains minimum 3 characters :
Wrong Input : Fist letter Should be capital and must contains minimum 3 characters :
Wrong Input : Fist letter Should be capital and must contains minimum 3 characters :
Wrong Input : Fist letter Should be capital and must contains minimum 3 characters :
Wrong Input : Fist letter Should be capital and must contains minimum 3 characters :
Wrong Input : Fist letter Should be capital and must contains minimum 3 characters :
Wrong Input : Fist letter Should be capital and must contains minimum 3 characters :
Wrong Input : Fist letter Should be capital and must contains minimum 3 characters :
Wrong Input : Fist letter Should be capital and must contains minimum 3 characters :
Wrong Input : Fist letter Should be capital and must contains minimum 3 characters :
Wrong Input : Fist letter Should be capital and must contains minimum 3 characters :
Wrong Input : Fist letter Should be capital and must contains minimum 3 characters :
Wrong Input : Fist letter Should be capital and must contains minimum 3 characters :
Wrong Input : Fist letter Should be capital and must contains minimum 3 characters :
Wrong Input : Fist letter Should be capital and must contains minimum 3 characters :
Wrong Input : Fist letter Should be capital and must contains minimum 3 characters :
Wrong Input : Fist letter Should be capital and must contains minimum 3 characters :
Wrong Input : Fist letter Should be capital and must contains minimum 3 characters :
Wrong Input : Fist letter Should be capital and must contains minimum 3 characters :
Wrong Input : Fist letter Should be capital and must contains minimum 3 characters :
Wrong Input : Fist letter Should be capital and must contains minimum 3 characters :
Wrong Input : Fist letter Should be capital and must contains minimum 3 characters :
Wrong Input : Fist letter Should be capital and must contains minimum 3 characters :
Wrong Input : Fist letter Should be capital and must contains minimum 3 characters :
Wrong Input : Fist letter Should be capital and must contains minimum 3 characters :
Wrong Input : Fist letter Should be capital and must contains minimum 3 characters :
Wrong Input : Fist letter Should be capital and must contains minimum 3 characters :
Wrong Input : Fist letter Should be capital and must contains minimum 3 characters :
Wrong Input : Fist letter Should be capital and must contains minimum 3 characters :
Wrong Input : Fist letter Should be capital and must contains minimum 3 characters :
Wrong Input : Fist letter Should be capital and must contains minimum 3 characters :
Wrong Input : Fist letter Should be capital and must contains minimum 3 characters :
Wrong Input : Fist letter Should be capital and must contains minimum 3 characters :
Wrong Input : Fist letter Should be capital and must contains minimum 3 characters :
Wrong Input : Fist letter Should be capital and must contains minimum 3 characters :
Wrong Input : Fist letter Should be capital and must contains minimum 3 characters :
Wrong Input : Fist letter Should be capital and must contains minimum 3 characters :
Wrong Input : Fist letter Should be capital and must contains minimum 3 characters :
Wrong Input : Fist letter Should be capital and must contains minimum 3 characters :
Wrong Input : Fist letter Should be capital and must contains minimum 3 characters :
Wrong Input : Fist letter Should be capital and must contains minimum 3 characters :
Wrong Input : Fist letter Should be capital and must contains minimum 3 characters :
Wrong Input : Fist letter Should be capital and must contains minimum 3 characters :
Wrong Input : Fist letter Should be capital and must contains minimum 3 characters :
Wrong Input : Fist letter Should be capital and must contains minimum 3 characters :
Wrong Input : Fist letter Should be capital and must contains minimum 3 characters :
Wrong Input : Fist letter Should be capital and must contains minimum 3 characters :
Wrong Input : Fist letter Should be capital and must contains minimum 3 characters :
Wrong Input : Fist letter Should be capital and must contains minimum 3 characters :
Wrong Input : Fist letter Should be capital and must contains minimum 3 characters :
Wrong Input : Fist letter Should be capital and must contains minimum 3 characters :
Wrong Input : Fist letter Should be capital and must contains minimum 3 characters :
Wrong Input : Fist letter Should be capital and must contains minimum 3 characters :
Wrong Input : Fist letter Should be capital and must contains minimum 3 characters :
Wrong Input : Fist letter Should be capital and must contains minimum 3 characters :
Wrong Input : Fist letter Should be capital and must contains minimum 3 characters :
Wrong Input : Fist letter Should be capital and must contains minimum 3 characters :
Wrong Input : Fist letter Should be capital and must contains minimum 3 characters :
Wrong Input : Fist letter Should be capital and must contains minimum 3 characters :
Wrong Input : Fist letter Should be capital and must contains minimum 3 characters :
Wrong Input : Fist letter Should be capital and must contains minimum 3 characters :
Wrong Input : Fist letter Should be capital and must contains minimum 3 characters :
Wrong Input : Fist letter Should be capital and must contains minimum 3 characters :
Wrong Input : Fist letter Should be capital and must contains minimum 3 characters :
Wrong Input : Fist letter Should be capital and must contains minimum 3 characters :
Wrong Input : Fist letter Should be capital and must contains minimum 3 characters :
Wrong Input : Fist letter Should be capital and must contains minimum 3 characters :
Wrong Input : Fist letter Should be capital and must contains minimum 3 characters :
Wrong Input : Fist letter Should be capital and must contains minimum 3 characters :
Wrong Input : Fist letter Should be capital and must contains minimum 3 characters :
Wrong Input : Fist letter Should be capital and must contains minimum 3 characters :
Wrong Input : Fist letter Should be capital and must contains minimum 3 characters :
Wrong Input : Fist letter Should be capital and must contains minimum 3 characters :
Wrong Input : Fist letter Should be capital and must contains minimum 3 characters :
Wrong Input : Fist letter Should be capital and must contains minimum 3 characters :
Wrong Input : Fist letter Should be capital and must contains minimum 3 characters :
Wrong Input : Fist letter Should be capital and must contains minimum 3 characters :
Wrong Input : Fist letter Should be capital and must contains minimum 3 characters :
Wrong Input : Fist letter Should be capital and must contains minimum 3 characters :
Wrong Input : Fist letter Should be capital and must contains minimum 3 characters :
Wrong Input : Fist letter Should be capital and must contains minimum 3 characters :
Wrong Input : Fist letter Should be capital and must contains minimum 3 characters :
Wrong Input : Fist letter Should be capital and must contains minimum 3 characters :
Wrong Input : Fist letter Should be capital and must contains minimum 3 characters :
Wrong Input : Fist letter Should be capital and must contains minimum 3 characters :
Wrong Input : Fist letter Should be capital and must contains minimum 3 characters :
Wrong Input : Fist letter Should be capital and must contains minimum 3 characters :
Wrong Input : Fist letter Should be capital and must contains minimum 3 characters :
Wrong Input : Fist letter Should be capital and must contains minimum 3 characters :
Wrong Input : Fist letter Should be capital and must contains minimum 3 characters :
Wrong Input : Fist letter Should be capital and must contains minimum 3 characters :
Wrong Input : Fist letter Should be capital and must contains minimum 3 characters :
Wrong Input : Fist letter Should be capital and must contains minimum 3 characters :
Wrong Input : Fist letter Should be capital and must contains minimum 3 characters :
Wrong Input : Fist letter Should be capital and must contains minimum 3 characters :
Wrong Input : Fist letter Should be capital and must contains minimum 3 characters :
Wrong Input : Fist letter Should be capital and must contains minimum 3 characters :
Wrong Input : Fist letter Should be capital and must contains minimum 3 characters :
Wrong Input : Fist letter Should be capital and must contains minimum 3 characters :
Wrong Input : Fist letter Should be capital and must contains minimum 3 characters :
Wrong Input : Fist letter Should be capital and must contains minimum 3 characters :
Wrong Input : Fist letter Should be capital and must contains minimum 3 characters :
Wrong Input : Fist letter Should be capital and must contains minimum 3 characters :
Wrong Input : Fist letter Should be capital and must contains minimum 3 characters :
Wrong Input : Fist letter Should be capital and must contains minimum 3 characters :
Wrong Input : Fist letter Should be capital and must contains minimum 3 characters :
Wrong Input : Fist letter Should be capital and must contains minimum 3 characters :
Wrong Input : Fist letter Should be capital and must contains minimum 3 characters :
Wrong Input : Fist letter Should be capital and must contains minimum 3 characters :
Wrong Input : Fist letter Should be capital and must contains minimum 3 characters :
Wrong Input : Fist letter Should be capital and must contains minimum 3 characters :
Wrong Input : Fist letter Should be capital and must contains minimum 3 characters :
Wrong Input : Fist letter Should be capital and must contains minimum 3 characters :
Wrong Input : Fist letter Should be capital and must contains minimum 3 characters :
Wrong Input : Fist letter Should be capital and must contains minimum 3 characters :
Wrong Input : Fist letter Should be capital and must contains minimum 3 characters :
Wrong Input : Fist letter Should be capital and must contains minimum 3 characters :
Wrong Input : Fist letter Should be capital and must contains minimum 3 characters :
Wrong Input : Fist letter Should be capital and must contains minimum 3 characters :
Wrong Input : Fist letter Should be capital and must contains minimum 3 characters :
Wrong Input : Fist letter Should be capital and must contains minimum 3 characters :
Wrong Input : Fist letter Should be capital and must contains minimum 3 characters :
Wrong Input : Fist letter Should be capital and must contains minimum 3 characters :
Wrong Input : Fist letter Should be capital and must contains minimum 3 characters :
Wrong Input : Fist letter Should be capital and must contains minimum 3 characters :
Wrong Input : Fist letter Should be capital and must contains minimum 3 characters :
Wrong Input : Fist letter Should be capital and must contains minimum 3 characters :
Wrong Input : Fist letter Should be capital and must contains minimum 3 characters :
Wrong Input : Fist letter Should be capital and must contains minimum 3 characters :
Wrong Input : Fist letter Should be capital and must contains minimum 3 characters :
Wrong Input : Fist letter Should be capital and must contains minimum 3 characters :
Wrong Input : Fist letter Should be capital and must contains minimum 3 characters :
Wrong Input : Fist letter Should be capital and must contains minimum 3 characters :
Wrong Input : Fist letter Should be capital and must contains minimum 3 characters :
Wrong Input : Fist letter Should be capital and must contains minimum 3 characters :
Wrong Input : Fist letter Should be capital and must contains minimum 3 characters :
Wrong Input : Fist letter Should be capital and must contains minimum 3 characters :
Wrong Input : Fist letter Should be capital and must contains minimum 3 characters :
Wrong Input : Fist letter Should be capital and must contains minimum 3 characters :
Wrong Input : Fist letter Should be capital and must contains minimum 3 characters :
Wrong Input : Fist letter Should be capital and must contains minimum 3 characters :
Wrong Input : Fist letter Should be capital and must contains minimum 3 characters :
Wrong Input : Fist letter Should be capital and must contains minimum 3 characters :
Wrong Input : Fist letter Should be capital and must contains minimum 3 characters :
Wrong Input : Fist letter Should be capital and must contains minimum 3 characters :
Wrong Input : Fist letter Should be capital and must contains minimum 3 characters :
Wrong Input : Fist letter Should be capital and must contains minimum 3 characters :
Wrong Input : Fist letter Should be capital and must contains minimum 3 characters :
Wrong Input : Fist letter Should be capital and must contains minimum 3 characters :
Wrong Input : Fist letter Should be capital and must contains minimum 3 characters :
Wrong Input : Fist letter Should be capital and must contains minimum 3 characters :
Wrong Input : Fist letter Should be capital and must contains minimum 3 characters :
Wrong Input : Fist letter Should be capital and must contains minimum 3 characters :
Wrong Input : Fist letter Should be capital and must contains minimum 3 characters :
Wrong Input : Fist letter Should be capital and must contains minimum 3 characters :
Wrong Input : Fist letter Should be capital and must contains minimum 3 characters :
Wrong Input : Fist letter Should be capital and must contains minimum 3 characters :
Wrong Input : Fist letter Should be capital and must contains minimum 3 characters :
Wrong Input : Fist letter Should be capital and must contains minimum 3 characters :
Wrong Input : Fist letter Should be capital and must contains minimum 3 characters :
Wrong Input : Fist letter Should be capital and must contains minimum 3 characters :
Wrong Input : Fist letter Should be capital and must contains minimum 3 characters :
Wrong Input : Fist letter Should be capital and must contains minimum 3 characters :
Wrong Input : Fist letter Should be capital and must contains minimum 3 characters :
Wrong Input : Fist letter Should be capital and must contains minimum 3 characters :
Wrong Input : Fist letter Should be capital and must contains minimum 3 characters :
Wrong Input : Fist letter Should be capital and must contains minimum 3 characters :
Wrong Input : Fist letter Should be capital and must contains minimum 3 characters :
Wrong Input : Fist letter Should be capital and must contains minimum 3 characters :
Wrong Input : Fist letter Should be capital and must contains minimum 3 characters :
Wrong Input : Fist letter Should be capital and must contains minimum 3 characters :
Wrong Input : Fist letter Should be capital and must contains minimum 3 characters :
Wrong Input : Fist letter Should be capital and must contains minimum 3 characters :
Wrong Input : Fist letter Should be capital and must contains minimum 3 characters :
Wrong Input : Fist letter Should be capital and must contains minimum 3 characters :
Wrong Input : Fist letter Should be capital and must contains minimum 3 characters :
Wrong Input : Fist letter Should be capital and must contains minimum 3 characters :
Wrong Input : Fist letter Should be capital and must contains minimum 3 characters :
Wrong Input : Fist letter Should be capital and must contains minimum 3 characters :
Wrong Input : Fist letter Should be capital and must contains minimum 3 characters :
Wrong Input : Fist letter Should be capital and must contains minimum 3 characters :
Wrong Input : Fist letter Should be capital and must contains minimum 3 characters :
Wrong Input : Fist letter Should be capital and must contains minimum 3 characters :
Wrong Input : Fist letter Should be capital and must contains minimum 3 characters :
Wrong Input : Fist letter Should be capital and must contains minimum 3 characters :
Wrong Input : Fist letter Should be capital and must contains minimum 3 characters :
Wrong Input : Fist letter Should be capital and must contains minimum 3 characters :
Wrong Input : Fist letter Should be capital and must contains minimum 3 characters :
Wrong Input : Fist letter Should be capital and must contains minimum 3 characters :
Wrong Input : Fist letter Should be capital and must contains minimum 3 characters :
Wrong Input : Fist letter Should be capital and must contains minimum 3 characters :
Wrong Input : Fist letter Should be capital and must contains minimum 3 characters :
Wrong Input : Fist letter Should be capital and must contains minimum 3 characters :
Wrong Input : Fist letter Should be capital and must contains minimum 3 characters :
Wrong Input : Fist letter Should be capital and must contains minimum 3 characters :
Wrong Input : Fist letter Should be capital and must contains minimum 3 characters :
Wrong Input : Fist letter Should be capital and must contains minimum 3 characters :
Wrong Input : Fist letter Should be capital and must contains minimum 3 characters :
Wrong Input : Fist letter Should be capital and must contains minimum 3 characters :
Wrong Input : Fist letter Should be capital and must contains minimum 3 characters :
Wrong Input : Fist letter Should be capital and must contains minimum 3 characters :
Wrong Input : Fist letter Should be capital and must contains minimum 3 characters :
Wrong Input : Fist letter Should be capital and must contains minimum 3 characters :
Wrong Input : Fist letter Should be capital and must contains minimum 3 characters :
Wrong Input : Fist letter Should be capital and must contains minimum 3 characters :
Wrong Input : Fist letter Should be capital and must contains minimum 3 characters :
Wrong Input : Fist letter Should be capital and must contains minimum 3 characters :
Wrong Input : Fist letter Should be capital and must contains minimum 3 characters :
Wrong Input : Fist letter Should be capital and must contains minimum 3 characters :
Wrong Input : Fist letter Should be capital and must contains minimum 3 characters :
Wrong Input : Fist letter Should be capital and must contains minimum 3 characters :
Wrong Input : Fist letter Should be capital and must contains minimum 3 characters :
Wrong Input : Fist letter Should be capital and must contains minimum 3 characters :
Wrong Input : Fist letter Should be capital and must contains minimum 3 characters :
Wrong Input : Fist letter Should be capital and must contains minimum 3 characters :
Wrong Input : Fist letter Should be capital and must contains minimum 3 characters :
Wrong Input : Fist letter Should be capital and must contains minimum 3 characters :
Wrong Input : Fist letter Should be capital and must contains minimum 3 characters :
Wrong Input : Fist letter Should be capital and must contains minimum 3 characters :
Wrong Input : Fist letter Should be capital and must contains minimum 3 characters :
Wrong Input : Fist letter Should be capital and must contains minimum 3 characters :
Wrong Input : Fist letter Should be capital and must contains minimum 3 characters :
Wrong Input : Fist letter Should be capital and must contains minimum 3 characters :
Wrong Input : Fist letter Should be capital and must contains minimum 3 characters :
Wrong Input : Fist letter Should be capital and must contains minimum 3 characters :
Wrong Input : Fist letter Should be capital and must contains minimum 3 characters :
Wrong Input : Fist letter Should be capital and must contains minimum 3 characters :
Wrong Input : Fist letter Should be capital and must contains minimum 3 characters :
Wrong Input : Fist letter Should be capital and must contains minimum 3 characters :
Wrong Input : Fist letter Should be capital and must contains minimum 3 characters :
Wrong Input : Fist letter Should be capital and must contains minimum 3 characters :
Wrong Input : Fist letter Should be capital and must contains minimum 3 characters :
Wrong Input : Fist letter Should be capital and must contains minimum 3 characters :
Wrong Input : Fist letter Should be capital and must contains minimum 3 characters :
Wrong Input : Fist letter Should be capital and must contains minimum 3 characters :
Wrong Input : Fist letter Should be capital and must contains minimum 3 characters :
Wrong Input : Fist letter Should be capital and must contains minimum 3 characters :
Wrong Input : Fist letter Should be capital and must contains minimum 3 characters :
Wrong Input : Fist letter Should be capital and must contains minimum 3 characters :
Wrong Input : Fist letter Should be capital and must contains minimum 3 characters :
Wrong Input : Fist letter Should be capital and must contains minimum 3 characters :
Wrong Input : Fist letter Should be capital and must contains minimum 3 characters :
Wrong Input : Fist letter Should be capital and must contains minimum 3 characters :
Wrong Input : Fist letter Should be capital and must contains minimum 3 characters :
Wrong Input : Fist letter Should be capital and must contains minimum 3 characters :
Wrong Input : Fist letter Should be capital and must contains minimum 3 characters :
Wrong Input : Fist letter Should be capital and must contains minimum 3 characters :
Wrong Input : Fist letter Should be capital and must contains minimum 3 characters :
Wrong Input : Fist letter Should be capital and must contains minimum 3 characters :
Wrong Input : Fist letter Should be capital and must contains minimum 3 characters :
Wrong Input : Fist letter Should be capital and must contains minimum 3 characters :
Wrong Input : Fist letter Should be capital and must contains minimum 3 characters :
Wrong Input : Fist letter Should be capital and must contains minimum 3 characters :
Wrong Input : Fist letter Should be capital and must contains minimum 3 characters :
Wrong Input : Fist letter Should be capital and must contains minimum 3 characters :
Wrong Input : Fist letter Should be capital and must contains minimum 3 characters :
Wrong Input : Fist letter Should be capital and must contains minimum 3 characters :
Wrong Input : Fist letter Should be capital and must contains minimum 3 characters :
Wrong Input : Fist letter Should be capital and must contains minimum 3 characters :
Wrong Input : Fist letter Should be capital and must contains minimum 3 characters :
Wrong Input : Fist letter Should be capital and must contains minimum 3 characters :
Wrong Input : Fist letter Should be capital and must contains minimum 3 characters :
Wrong Input : Fist letter Should be capital and must contains minimum 3 characters :
Wrong Input : Fist letter Should be capital and must contains minimum 3 characters :
Wrong Input : Fist letter Should be capital and must contains minimum 3 characters :
Wrong Input : Fist letter Should be capital and must contains minimum 3 characters :
Wrong Input : Fist letter Should be capital and must contains minimum 3 characters :
Wrong Input : Fist letter Should be capital and must contains minimum 3 characters :
Wrong Input : Fist letter Should be capital and must contains minimum 3 characters :
Wrong Input : Fist letter Should be capital and must contains minimum 3 characters :
Wrong Input : Fist letter Should be capital and must contains minimum 3 characters :
Wrong Input : Fist letter Should be capital and must contains minimum 3 characters :
Wrong Input : Fist letter Should be capital and must contains minimum 3 characters :
Wrong Input : Fist letter Should be capital and must contains minimum 3 characters :
Wrong Input : Fist letter Should be capital and must contains minimum 3 characters :
Wrong Input : Fist letter Should be capital and must contains minimum 3 characters :
Wrong Input : Fist letter Should be capital and must contains minimum 3 characters :
Wrong Input : Fist letter Should be capital and must contains minimum 3 characters :
Wrong Input : Fist letter Should be capital and must contains minimum 3 characters :
Wrong Input : Fist letter Should be capital and must contains minimum 3 characters :
Wrong Input : Fist letter Should be capital and must contains minimum 3 characters :
Wrong Input : Fist letter Should be capital and must contains minimum 3 characters :
Wrong Input : Fist letter Should be capital and must contains minimum 3 characters :
Wrong Input : Fist letter Should be capital and must contains minimum 3 characters :
Wrong Input : Fist letter Should be capital and must contains minimum 3 characters :
Wrong Input : Fist letter Should be capital and must contains minimum 3 characters :
Wrong Input : Fist letter Should be capital and must contains minimum 3 characters :
Wrong Input : Fist letter Should be capital and must contains minimum 3 characters :
Wrong Input : Fist letter Should be capital and must contains minimum 3 characters :
Wrong Input : Fist letter Should be capital and must contains minimum 3 characters :
Wrong Input : Fist letter Should be capital and must contains minimum 3 characters :
Wrong Input : Fist letter Should be capital and must contains minimum 3 characters :
Wrong Input : Fist letter Should be capital and must contains minimum 3 characters :
Wrong Input : Fist letter Should be capital and must contains minimum 3 characters :
Wrong Input : Fist letter Should be capital and must contains minimum 3 characters :
Wrong Input : Fist letter Should be capital and must contains minimum 3 characters :
Wrong Input : Fist letter Should be capital and must contains minimum 3 characters :
Wrong Input : Fist letter Should be capital and must contains minimum 3 characters :
Wrong Input : Fist letter Should be capital and must contains minimum 3 characters :
Wrong Input : Fist letter Should be capital and must contains minimum 3 characters :
Wrong Input : Fist letter Should be capital and must contains minimum 3 characters :
Wrong Input : Fist letter Should be capital and must contains minimum 3 characters :
Wrong Input : Fist letter Should be capital and must contains minimum 3 characters :
Wrong Input : Fist letter Should be capital and must contains minimum 3 characters :
Wrong Input : Fist letter Should be capital and must contains minimum 3 characters :
Wrong Input : Fist letter Should be capital and must contains minimum 3 characters :
Wrong Input : Fist letter Should be capital and must contains minimum 3 characters :
Wrong Input : Fist letter Should be capital and must contains minimum 3 characters :
Wrong Input : Fist letter Should be capital and must contains minimum 3 characters :
Wrong Input : Fist letter Should be capital and must contains minimum 3 characters :
Wrong Input : Fist letter Should be capital and must contains minimum 3 characters :
Wrong Input : Fist letter Should be capital and must contains minimum 3 characters :
Wrong Input : Fist letter Should be capital and must contains minimum 3 characters :
Wrong Input : Fist letter Should be capital and must contains minimum 3 characters :
Wrong Input : Fist letter Should be capital and must contains minimum 3 characters :
Wrong Input : Fist letter Should be capital and must contains minimum 3 characters :
Wrong Input : Fist letter Should be capital and must contains minimum 3 characters :
Wrong Input : Fist letter Should be capital and must contains minimum 3 characters :
Wrong Input : Fist letter Should be capital and must contains minimum 3 characters :
Wrong Input : Fist letter Should be capital and must contains minimum 3 characters :
Wrong Input : Fist letter Should be capital and must contains minimum 3 characters :
Wrong Input : Fist letter Should be capital and must contains minimum 3 characters :
Wrong Input : Fist letter Should be capital and must contains minimum 3 characters :
Wrong Input : Fist letter Should be capital and must contains minimum 3 characters :
Wrong Input : Fist letter Should be capital and must contains minimum 3 characters :
Wrong Input : Fist letter Should be capital and must contains minimum 3 characters :
Wrong Input : Fist letter Should be capital and must contains minimum 3 characters :
Wrong Input : Fist letter Should be capital and must contains minimum 3 characters :
Wrong Input : Fist letter Should be capital and must contains minimum 3 characters :
Wrong Input : Fist letter Should be capital and must contains minimum 3 characters :
Wrong Input : Fist letter Should be capital and must contains minimum 3 characters :
Wrong Input : Fist letter Should be capital and must contains minimum 3 characters :
Wrong Input : Fist letter Should be capital and must contains minimum 3 characters :
Wrong Input : Fist letter Should be capital and must contains minimum 3 characters :
Wrong Input : Fist letter Should be capital and must contains minimum 3 characters :
Wrong Input : Fist letter Should be capital and must contains minimum 3 characters :
Wrong Input : Fist letter Should be capital and must contains minimum 3 characters :
Wrong Input : Fist letter Should be capital and must contains minimum 3 characters :
Wrong Input : Fist letter Should be capital and must contains minimum 3 characters :
Wrong Input : Fist letter Should be capital and must contains minimum 3 characters :
Wrong Input : Fist letter Should be capital and must contains minimum 3 characters :
Wrong Input : Fist letter Should be capital and must contains minimum 3 characters :
Wrong Input : Fist letter Should be capital and must contains minimum 3 characters :
Wrong Input : Fist letter Should be capital and must contains minimum 3 characters :
Wrong Input : Fist letter Should be capital and must contains minimum 3 characters :
Wrong Input : Fist letter Should be capital and must contains minimum 3 characters :
Wrong Input : Fist letter Should be capital and must contains minimum 3 characters :
Wrong Input : Fist letter Should be capital and must contains minimum 3 characters :
Wrong Input : Fist letter Should be capital and must contains minimum 3 characters :
Wrong Input : Fist letter Should be capital and must contains minimum 3 characters :
Wrong Input : Fist letter Should be capital and must contains minimum 3 characters :
Wrong Input : Fist letter Should be capital and must contains minimum 3 characters :
Wrong Input : Fist letter Should be capital and must contains minimum 3 characters :
Wrong Input : Fist letter Should be capital and must contains minimum 3 characters :
Wrong Input : Fist letter Should be capital and must contains minimum 3 characters :
Wrong Input : Fist letter Should be capital and must contains minimum 3 characters :
Wrong Input : Fist letter Should be capital and must contains minimum 3 characters :
Wrong Input : Fist letter Should be capital and must contains minimum 3 characters :
Wrong Input : Fist letter Should be capital and must contains minimum 3 characters :
Wrong Input : Fist letter Should be capital and must contains minimum 3 characters :
Wrong Input : Fist letter Should be capital and must contains minimum 3 characters :
Wrong Input : Fist letter Should be capital and must contains minimum 3 characters :
Wrong Input : Fist letter Should be capital and must contains minimum 3 characters :
Wrong Input : Fist letter Should be capital and must contains minimum 3 characters :
Wrong Input : Fist letter Should be capital and must contains minimum 3 characters :
Wrong Input : Fist letter Should be capital and must contains minimum 3 characters :
Wrong Input : Fist letter Should be capital and must contains minimum 3 characters :
Wrong Input : Fist letter Should be capital and must contains minimum 3 characters :
Wrong Input : Fist letter Should be capital and must contains minimum 3 characters :
Wrong Input : Fist letter Should be capital and must contains minimum 3 characters :
Wrong Input : Fist letter Should be capital and must contains minimum 3 characters :
Wrong Input : Fist letter Should be capital and must contains minimum 3 characters :
Wrong Input : Fist letter Should be capital and must contains minimum 3 characters :
Wrong Input : Fist letter Should be capital and must contains minimum 3 characters :
Wrong Input : Fist letter Should be capital and must contains minimum 3 characters :
Wrong Input : Fist letter Should be capital and must contains minimum 3 characters :
Wrong Input : Fist letter Should be capital and must contains minimum 3 characters :
Wrong Input : Fist letter Should be capital and must contains minimum 3 characters :
Wrong Input : Fist letter Should be capital and must contains minimum 3 characters :
Wrong Input : Fist letter Should be capital and must contains minimum 3 characters :
Wrong Input : Fist letter Should be capital and must contains minimum 3 characters :
Wrong Input : Fist letter Should be capital and must contains minimum 3 characters :
Wrong Input : Fist letter Should be capital and must contains minimum 3 characters :
Wrong Input : Fist letter Should be capital and must contains minimum 3 characters :
Wrong Input : Fist letter Should be capital and must contains minimum 3 characters :
Wrong Input : Fist letter Should be capital and must contains minimum 3 characters :
Wrong Input : Fist letter Should be capital and must contains minimum 3 characters :
Wrong Input : Fist letter Should be capital and must contains minimum 3 characters :
Wrong Input : Fist letter Should be capital and must contains minimum 3 characters :
Wrong Input : Fist letter Should be capital and must contains minimum 3 characters :
Wrong Input : Fist letter Should be capital and must contains minimum 3 characters :
Wrong Input : Fist letter Should be capital and must contains minimum 3 characters :
Wrong Input : Fist letter Should be capital and must contains minimum 3 characters :
Wrong Input : Fist letter Should be capital and must contains minimum 3 characters :
Wrong Input : Fist letter Should be capital and must contains minimum 3 characters :
Wrong Input : Fist letter Should be capital and must contains minimum 3 characters :
Wrong Input : Fist letter Should be capital and must contains minimum 3 characters :
Wrong Input : Fist letter Should be capital and must contains minimum 3 characters :
Wrong Input : Fist letter Should be capital and must contains minimum 3 characters :
Wrong Input : Fist letter Should be capital and must contains minimum 3 characters :
Wrong Input : Fist letter Should be capital and must contains minimum 3 characters :
Wrong Input : Fist letter Should be capital and must contains minimum 3 characters :
Wrong Input : Fist letter Should be capital and must contains minimum 3 characters :
Wrong Input : Fist letter Should be capital and must contains minimum 3 characters :
Wrong Input : Fist letter Should be capital and must contains minimum 3 characters :
Wrong Input : Fist letter Should be capital and must contains minimum 3 characters :
Wrong Input : Fist letter Should be capital and must contains minimum 3 characters :
Wrong Input : Fist letter Should be capital and must contains minimum 3 characters :
Wrong Input : Fist letter Should be capital and must contains minimum 3 characters :
Wrong Input : Fist letter Should be capital and must contains minimum 3 characters :
Wrong Input : Fist letter Should be capital and must contains minimum 3 characters :
Wrong Input : Fist letter Should be capital and must contains minimum 3 characters :
Wrong Input : Fist letter Should be capital and must contains minimum 3 characters :
Wrong Input : Fist letter Should be capital and must contains minimum 3 characters :
Wrong Input : Fist letter Should be capital and must contains minimum 3 characters :
Wrong Input : Fist letter Should be capital and must contains minimum 3 characters :
Wrong Input : Fist letter Should be capital and must contains minimum 3 characters :
Wrong Input : Fist letter Should be capital and must contains minimum 3 characters :
Wrong Input : Fist letter Should be capital and must contains minimum 3 characters :
Wrong Input : Fist letter Should be capital and must contains minimum 3 characters :
Wrong Input : Fist letter Should be capital and must contains minimum 3 characters :
Wrong Input : Fist letter Should be capital and must contains minimum 3 characters :
Wrong Input : Fist letter Should be capital and must contains minimum 3 characters :
Wrong Input : Fist letter Should be capital and must contains minimum 3 characters :
Wrong Input : Fist letter Should be capital and must contains minimum 3 characters :
Wrong Input : Fist letter Should be capital and must contains minimum 3 characters :
Wrong Input : Fist letter Should be capital and must contains minimum 3 characters :
Wrong Input : Fist letter Should be capital and must contains minimum 3 characters :
Wrong Input : Fist letter Should be capital and must contains minimum 3 characters :
Wrong Input : Fist letter Should be capital and must contains minimum 3 characters :
Wrong Input : Fist letter Should be capital and must contains minimum 3 characters :
Wrong Input : Fist letter Should be capital and must contains minimum 3 characters :
Wrong Input : Fist letter Should be capital and must contains minimum 3 characters :
Wrong Input : Fist letter Should be capital and must contains minimum 3 characters :
Wrong Input : Fist letter Should be capital and must contains minimum 3 characters :
Wrong Input : Fist letter Should be capital and must contains minimum 3 characters :
Wrong Input : Fist letter Should be capital and must contains minimum 3 characters :
Wrong Input : Fist letter Should be capital and must contains minimum 3 characters :
Wrong Input : Fist letter Should be capital and must contains minimum 3 characters :
Wrong Input : Fist letter Should be capital and must contains minimum 3 characters :
Wrong Input : Fist letter Should be capital and must contains minimum 3 characters :
Wrong Input : Fist letter Should be capital and must contains minimum 3 characters :
Wrong Input : Fist letter Should be capital and must contains minimum 3 characters :
Wrong Input : Fist letter Should be capital and must contains minimum 3 characters :
Wrong Input : Fist letter Should be capital and must contains minimum 3 characters :
Wrong Input : Fist letter Should be capital and must contains minimum 3 characters :
Wrong Input : Fist letter Should be capital and must contains minimum 3 characters :
Wrong Input : Fist letter Should be capital and must contains minimum 3 characters :
Wrong Input : Fist letter Should be capital and must contains minimum 3 characters :
Wrong Input : Fist letter Should be capital and must contains minimum 3 characters :
Wrong Input : Fist letter Should be capital and must contains minimum 3 characters :
Wrong Input : Fist letter Should be capital and must contains minimum 3 characters :
Wrong Input : Fist letter Should be capital and must contains minimum 3 characters :
Wrong Input : Fist letter Should be capital and must contains minimum 3 characters :
Wrong Input : Fist letter Should be capital and must contains minimum 3 characters :
Wrong Input : Fist letter Should be capital and must contains minimum 3 characters :
Wrong Input : Fist letter Should be capital and must contains minimum 3 characters :
Wrong Input : Fist letter Should be capital and must contains minimum 3 characters :
Wrong Input : Fist letter Should be capital and must contains minimum 3 characters :
Wrong Input : Fist letter Should be capital and must contains minimum 3 characters :
Wrong Input : Fist letter Should be capital and must contains minimum 3 characters :
Wrong Input : Fist letter Should be capital and must contains minimum 3 characters :
Wrong Input : Fist letter Should be capital and must contains minimum 3 characters :
Wrong Input : Fist letter Should be capital and must contains minimum 3 characters :
Wrong Input : Fist letter Should be capital and must contains minimum 3 characters :
Wrong Input : Fist letter Should be capital and must contains minimum 3 characters :
Wrong Input : Fist letter Should be capital and must contains minimum 3 characters :
Wrong Input : Fist letter Should be capital and must contains minimum 3 characters :
Wrong Input : Fist letter Should be capital and must contains minimum 3 characters :
Wrong Input : Fist letter Should be capital and must contains minimum 3 characters :
Wrong Input : Fist letter Should be capital and must contains minimum 3 characters :
Wrong Input : Fist letter Should be capital and must contains minimum 3 characters :
Wrong Input : Fist letter Should be capital and must contains minimum 3 characters :
Wrong Input : Fist letter Should be capital and must contains minimum 3 characters :
Wrong Input : Fist letter Should be capital and must contains minimum 3 characters :
Wrong Input : Fist letter Should be capital and must contains minimum 3 characters :
Wrong Input : Fist letter Should be capital and must contains minimum 3 characters :
Wrong Input : Fist letter Should be capital and must contains minimum 3 characters :
Wrong Input : Fist letter Should be capital and must contains minimum 3 characters :
Wrong Input : Fist letter Should be capital and must contains minimum 3 characters :
Wrong Input : Fist letter Should be capital and must contains minimum 3 characters :
Wrong Input : Fist letter Should be capital and must contains minimum 3 characters :
Wrong Input : Fist letter Should be capital and must contains minimum 3 characters :
Wrong Input : Fist letter Should be capital and must contains minimum 3 characters :
Wrong Input : Fist letter Should be capital and must contains minimum 3 characters :
Wrong Input : Fist letter Should be capital and must contains minimum 3 characters :
Wrong Input : Fist letter Should be capital and must contains minimum 3 characters :
Wrong Input : Fist letter Should be capital and must contains minimum 3 characters :
Wrong Input : Fist letter Should be capital and must contains minimum 3 characters :
Wrong Input : Fist letter Should be capital and must contains minimum 3 characters :
Wrong Input : Fist letter Should be capital and must contains minimum 3 characters :
Wrong Input : Fist letter Should be capital and must contains minimum 3 characters :
Wrong Input : Fist letter Should be capital and must contains minimum 3 characters :
Wrong Input : Fist letter Should be capital and must contains minimum 3 characters :
Wrong Input : Fist letter Should be capital and must contains minimum 3 characters :
Wrong Input : Fist letter Should be capital and must contains minimum 3 characters :
Wrong Input : Fist letter Should be capital and must contains minimum 3 characters :
Wrong Input : Fist letter Should be capital and must contains minimum 3 characters :
Wrong Input : Fist letter Should be capital and must contains minimum 3 characters :
Wrong Input : Fist letter Should be capital and must contains minimum 3 characters :
Wrong Input : Fist letter Should be capital and must contains minimum 3 characters :
Wrong Input : Fist letter Should be capital and must contains minimum 3 characters :
Wrong Input : Fist letter Should be capital and must contains minimum 3 characters :
Wrong Input : Fist letter Should be capital and must contains minimum 3 characters :
Wrong Input : Fist letter Should be capital and must contains minimum 3 characters :
Wrong Input : Fist letter Should be capital and must contains minimum 3 characters :
Wrong Input : Fist letter Should be capital and must contains minimum 3 characters :
Wrong Input : Fist letter Should be capital and must contains minimum 3 characters :
Wrong Input : Fist letter Should be capital and must contains minimum 3 characters :
Wrong Input : Fist letter Should be capital and must contains minimum 3 characters :
Wrong Input : Fist letter Should be capital and must contains minimum 3 characters :
Wrong Input : Fist letter Should be capital and must contains minimum 3 characters :
Wrong Input : Fist letter Should be capital and must contains minimum 3 characters :
Wrong Input : Fist letter Should be capital and must contains minimum 3 characters :
Wrong Input : Fist letter Should be capital and must contains minimum 3 characters :
Wrong Input : Fist letter Should be capital and must contains minimum 3 characters :
Wrong Input : Fist letter Should be capital and must contains minimum 3 characters :
Wrong Input : Fist letter Should be capital and must contains minimum 3 characters :
Wrong Input : Fist letter Should be capital and must contains minimum 3 characters :
Wrong Input : Fist letter Should be capital and must contains minimum 3 characters :
Wrong Input : Fist letter Should be capital and must contains minimum 3 characters :
Wrong Input : Fist letter Should be capital and must contains minimum 3 characters :
Wrong Input : Fist letter Should be capital and must contains minimum 3 characters :
Wrong Input : Fist letter Should be capital and must contains minimum 3 characters :
Wrong Input : Fist letter Should be capital and must contains minimum 3 characters :
Wrong Input : Fist letter Should be capital and must contains minimum 3 characters :
Wrong Input : Fist letter Should be capital and must contains minimum 3 characters :
Wrong Input : Fist letter Should be capital and must contains minimum 3 characters :
Wrong Input : Fist letter Should be capital and must contains minimum 3 characters :
Wrong Input : Fist letter Should be capital and must contains minimum 3 characters :
Wrong Input : Fist letter Should be capital and must contains minimum 3 characters :
Wrong Input : Fist letter Should be capital and must contains minimum 3 characters :
Wrong Input : Fist letter Should be capital and must contains minimum 3 characters :
Wrong Input : Fist letter Should be capital and must contains minimum 3 characters :
Wrong Input : Fist letter Should be capital and must contains minimum 3 characters :
Wrong Input : Fist letter Should be capital and must contains minimum 3 characters :
Wrong Input : Fist letter Should be capital and must contains minimum 3 characters :
Wrong Input : Fist letter Should be capital and must contains minimum 3 characters :
Wrong Input : Fist letter Should be capital and must contains minimum 3 characters :
Wrong Input : Fist letter Should be capital and must contains minimum 3 characters :
Wrong Input : Fist letter Should be capital and must contains minimum 3 characters :
Wrong Input : Fist letter Should be capital and must contains minimum 3 characters :
Wrong Input : Fist letter Should be capital and must contains minimum 3 characters :
Wrong Input : Fist letter Should be capital and must contains minimum 3 characters :
Wrong Input : Fist letter Should be capital and must contains minimum 3 characters :
Wrong Input : Fist letter Should be capital and must contains minimum 3 characters :
Wrong Input : Fist letter Should be capital and must contains minimum 3 characters :
Wrong Input : Fist letter Should be capital and must contains minimum 3 characters :
Wrong Input : Fist letter Should be capital and must contains minimum 3 characters :
Wrong Input : Fist letter Should be capital and must contains minimum 3 characters :
Wrong Input : Fist letter Should be capital and must contains minimum 3 characters :
Wrong Input : Fist letter Should be capital and must contains minimum 3 characters :
Wrong Input : Fist letter Should be capital and must contains minimum 3 characters :
Wrong Input : Fist letter Should be capital and must contains minimum 3 characters :
Wrong Input : Fist letter Should be capital and must contains minimum 3 characters :
Wrong Input : Fist letter Should be capital and must contains minimum 3 characters :
Wrong Input : Fist letter Should be capital and must contains minimum 3 characters :
Wrong Input : Fist letter Should be capital and must contains minimum 3 characters :
Wrong Input : Fist letter Should be capital and must contains minimum 3 characters :
Wrong Input : Fist letter Should be capital and must contains minimum 3 characters :
Wrong Input : Fist letter Should be capital and must contains minimum 3 characters :
Wrong Input : Fist letter Should be capital and must contains minimum 3 characters :
Wrong Input : Fist letter Should be capital and must contains minimum 3 characters :
Wrong Input : Fist letter Should be capital and must contains minimum 3 characters :
Wrong Input : Fist letter Should be capital and must contains minimum 3 characters :
Wrong Input : Fist letter Should be capital and must contains minimum 3 characters :
Wrong Input : Fist letter Should be capital and must contains minimum 3 characters :
Wrong Input : Fist letter Should be capital and must contains minimum 3 characters :
Wrong Input : Fist letter Should be capital and must contains minimum 3 characters :
Wrong Input : Fist letter Should be capital and must contains minimum 3 characters :
Wrong Input : Fist letter Should be capital and must contains minimum 3 characters :
Wrong Input : Fist letter Should be capital and must contains minimum 3 characters :
Wrong Input : Fist letter Should be capital and must contains minimum 3 characters :
Wrong Input : Fist letter Should be capital and must contains minimum 3 characters :
Wrong Input : Fist letter Should be capital and must contains minimum 3 characters :
Wrong Input : Fist letter Should be capital and must contains minimum 3 characters :
Wrong Input : Fist letter Should be capital and must contains minimum 3 characters :
Wrong Input : Fist letter Should be capital and must contains minimum 3 characters :
Wrong Input : Fist letter Should be capital and must contains minimum 3 characters :
Wrong Input : Fist letter Should be capital and must contains minimum 3 characters :
Wrong Input : Fist letter Should be capital and must contains minimum 3 characters :
Wrong Input : Fist letter Should be capital and must contains minimum 3 characters :
Wrong Input : Fist letter Should be capital and must contains minimum 3 characters :
Wrong Input : Fist letter Should be capital and must contains minimum 3 characters :
Wrong Input : Fist letter Should be capital and must contains minimum 3 characters :
Wrong Input : Fist letter Should be capital and must contains minimum 3 characters :
Wrong Input : Fist letter Should be capital and must contains minimum 3 characters :
Wrong Input : Fist letter Should be capital and must contains minimum 3 characters :
Wrong Input : Fist letter Should be capital and must contains minimum 3 characters :
Wrong Input : Fist letter Should be capital and must contains minimum 3 characters :
Wrong Input : Fist letter Should be capital and must contains minimum 3 characters :
Wrong Input : Fist letter Should be capital and must contains minimum 3 characters :
Wrong Input : Fist letter Should be capital and must contains minimum 3 characters :
Wrong Input : Fist letter Should be capital and must contains minimum 3 characters :
Wrong Input : Fist letter Should be capital and must contains minimum 3 characters :
Wrong Input : Fist letter Should be capital and must contains minimum 3 characters :
Wrong Input : Fist letter Should be capital and must contains minimum 3 characters :
Wrong Input : Fist letter Should be capital and must contains minimum 3 characters :
Wrong Input : Fist letter Should be capital and must contains minimum 3 characters :
Wrong Input : Fist letter Should be capital and must contains minimum 3 characters :
Wrong Input : Fist letter Should be capital and must contains minimum 3 characters :
Wrong Input : Fist letter Should be capital and must contains minimum 3 characters :
Wrong Input : Fist letter Should be capital and must contains minimum 3 characters :
Wrong Input : Fist letter Should be capital and must contains minimum 3 characters :
Wrong Input : Fist letter Should be capital and must contains minimum 3 characters :
Wrong Input : Fist letter Should be capital and must contains minimum 3 characters :
Wrong Input : Fist letter Should be capital and must contains minimum 3 characters :
Wrong Input : Fist letter Should be capital and must contains minimum 3 characters :
Wrong Input : Fist letter Should be capital and must contains minimum 3 characters :
Wrong Input : Fist letter Should be capital and must contains minimum 3 characters :
Wrong Input : Fist letter Should be capital and must contains minimum 3 characters :
Wrong Input : Fist letter Should be capital and must contains minimum 3 characters :
Wrong Input : Fist letter Should be capital and must contains minimum 3 characters :
Wrong Input : Fist letter Should be capital and must contains minimum 3 characters :
Wrong Input : Fist letter Should be capital and must contains minimum 3 characters :
Wrong Input : Fist letter Should be capital and must contains minimum 3 characters :
Wrong Input : Fist letter Should be capital and must contains minimum 3 characters :
Wrong Input : Fist letter Should be capital and must contains minimum 3 characters :
Wrong Input : Fist letter Should be capital and must contains minimum 3 characters :
Wrong Input : Fist letter Should be capital and must contains minimum 3 characters :
Wrong Input : Fist letter Should be capital and must contains minimum 3 characters :
Wrong Input : Fist letter Should be capital and must contains minimum 3 characters :
Wrong Input : Fist letter Should be capital and must contains minimum 3 characters :
Wrong Input : Fist letter Should be capital and must contains minimum 3 characters :
Wrong Input : Fist letter Should be capital and must contains minimum 3 characters :
Wrong Input : Fist letter Should be capital and must contains minimum 3 characters :
Wrong Input : Fist letter Should be capital and must contains minimum 3 characters :
Wrong Input : Fist letter Should be capital and must contains minimum 3 characters :
Wrong Input : Fist letter Should be capital and must contains minimum 3 characters :
Wrong Input : Fist letter Should be capital and must contains minimum 3 characters :
Wrong Input : Fist letter Should be capital and must contains minimum 3 characters :
Wrong Input : Fist letter Should be capital and must contains minimum 3 characters :
Wrong Input : Fist letter Should be capital and must contains minimum 3 characters :
Wrong Input : Fist letter Should be capital and must contains minimum 3 characters :
Wrong Input : Fist letter Should be capital and must contains minimum 3 characters :
Wrong Input : Fist letter Should be capital and must contains minimum 3 characters :
Wrong Input : Fist letter Should be capital and must contains minimum 3 characters :
Wrong Input : Fist letter Should be capital and must contains minimum 3 characters :
Wrong Input : Fist letter Should be capital and must contains minimum 3 characters :
Wrong Input : Fist letter Should be capital and must contains minimum 3 characters :
Wrong Input : Fist letter Should be capital and must contains minimum 3 characters :
Wrong Input : Fist letter Should be capital and must contains minimum 3 characters :
Wrong Input : Fist letter Should be capital and must contains minimum 3 characters :
Wrong Input : Fist letter Should be capital and must contains minimum 3 characters :
Wrong Input : Fist letter Should be capital and must contains minimum 3 characters :
Wrong Input : Fist letter Should be capital and must contains minimum 3 characters :
Wrong Input : Fist letter Should be capital and must contains minimum 3 characters :
Wrong Input : Fist letter Should be capital and must contains minimum 3 characters :
Wrong Input : Fist letter Should be capital and must contains minimum 3 characters :
Wrong Input : Fist letter Should be capital and must contains minimum 3 characters :
Wrong Input : Fist letter Should be capital and must contains minimum 3 characters :
Wrong Input : Fist letter Should be capital and must contains minimum 3 characters :
Wrong Input : Fist letter Should be capital and must contains minimum 3 characters :
Wrong Input : Fist letter Should be capital and must contains minimum 3 characters :
Wrong Input : Fist letter Should be capital and must contains minimum 3 characters :
Wrong Input : Fist letter Should be capital and must contains minimum 3 characters :
Wrong Input : Fist letter Should be capital and must contains minimum 3 characters :
Wrong Input : Fist letter Should be capital and must contains minimum 3 characters :
Wrong Input : Fist letter Should be capital and must contains minimum 3 characters :
Wrong Input : Fist letter Should be capital and must contains minimum 3 characters :
Wrong Input : Fist letter Should be capital and must contains minimum 3 characters :
Wrong Input : Fist letter Should be capital and must contains minimum 3 characters :
Wrong Input : Fist letter Should be capital and must contains minimum 3 characters :
Wrong Input : Fist letter Should be capital and must contains minimum 3 characters :
Wrong Input : Fist letter Should be capital and must contains minimum 3 characters :
Wrong Input : Fist letter Should be capital and must contains minimum 3 characters :
Wrong Input : Fist letter Should be capital and must contains minimum 3 characters :
Wrong Input : Fist letter Should be capital and must contains minimum 3 characters :
Wrong Input : Fist letter Should be capital and must contains minimum 3 characters :
Wrong Input : Fist letter Should be capital and must contains minimum 3 characters :
Wrong Input : Fist letter Should be capital and must contains minimum 3 characters :
Wrong Input : Fist letter Should be capital and must contains minimum 3 characters :
Wrong Input : Fist letter Should be capital and must contains minimum 3 characters :
Wrong Input : Fist letter Should be capital and must contains minimum 3 characters :
Wrong Input : Fist letter Should be capital and must contains minimum 3 characters :
Wrong Input : Fist letter Should be capital and must contains minimum 3 characters :
Wrong Input : Fist letter Should be capital and must contains minimum 3 characters :
Wrong Input : Fist letter Should be capital and must contains minimum 3 characters :
Wrong Input : Fist letter Should be capital and must contains minimum 3 characters :
Wrong Input : Fist letter Should be capital and must contains minimum 3 characters :
Wrong Input : Fist letter Should be capital and must contains minimum 3 characters :
Wrong Input : Fist letter Should be capital and must contains minimum 3 characters :
Wrong Input : Fist letter Should be capital and must contains minimum 3 characters :
Wrong Input : Fist letter Should be capital and must contains minimum 3 characters :
Wrong Input : Fist letter Should be capital and must contains minimum 3 characters :
Wrong Input : Fist letter Should be capital and must contains minimum 3 characters :
Wrong Input : Fist letter Should be capital and must contains minimum 3 characters :
Wrong Input : Fist letter Should be capital and must contains minimum 3 characters :
Wrong Input : Fist letter Should be capital and must contains minimum 3 characters :
Wrong Input : Fist letter Should be capital and must contains minimum 3 characters :
Wrong Input : Fist letter Should be capital and must contains minimum 3 characters :
Wrong Input : Fist letter Should be capital and must contains minimum 3 characters :
Wrong Input : Fist letter Should be capital and must contains minimum 3 characters :
Wrong Input : Fist letter Should be capital and must contains minimum 3 characters :
Wrong Input : Fist letter Should be capital and must contains minimum 3 characters :
Wrong Input : Fist letter Should be capital and must contains minimum 3 characters :
Wrong Input : Fist letter Should be capital and must contains minimum 3 characters :
Wrong Input : Fist letter Should be capital and must contains minimum 3 characters :
Wrong Input : Fist letter Should be capital and must contains minimum 3 characters :
Wrong Input : Fist letter Should be capital and must contains minimum 3 characters :
Wrong Input : Fist letter Should be capital and must contains minimum 3 characters :
Wrong Input : Fist letter Should be capital and must contains minimum 3 characters :
Wrong Input : Fist letter Should be capital and must contains minimum 3 characters :
Wrong Input : Fist letter Should be capital and must contains minimum 3 characters :
Wrong Input : Fist letter Should be capital and must contains minimum 3 characters :
Wrong Input : Fist letter Should be capital and must contains minimum 3 characters :
Wrong Input : Fist letter Should be capital and must contains minimum 3 characters :
Wrong Input : Fist letter Should be capital and must contains minimum 3 characters :
Wrong Input : Fist letter Should be capital and must contains minimum 3 characters :
Wrong Input : Fist letter Should be capital and must contains minimum 3 characters :
Wrong Input : Fist letter Should be capital and must contains minimum 3 characters :
Wrong Input : Fist letter Should be capital and must contains minimum 3 characters :
Wrong Input : Fist letter Should be capital and must contains minimum 3 characters :
Wrong Input : Fist letter Should be capital and must contains minimum 3 characters :
Wrong Input : Fist letter Should be capital and must contains minimum 3 characters :
Wrong Input : Fist letter Should be capital and must contains minimum 3 characters :
Wrong Input : Fist letter Should be capital and must contains minimum 3 characters :
Wrong Input : Fist letter Should be capital and must contains minimum 3 characters :
Wrong Input : Fist letter Should be capital and must contains minimum 3 characters :
Wrong Input : Fist letter Should be capital and must contains minimum 3 characters :
Wrong Input : Fist letter Should be capital and must contains minimum 3 characters :
Wrong Input : Fist letter Should be capital and must contains minimum 3 characters :
Wrong Input : Fist letter Should be capital and must contains minimum 3 characters :
Wrong Input : Fist letter Should be capital and must contains minimum 3 characters :
Wrong Input : Fist letter Should be capital and must contains minimum 3 characters :
Wrong Input : Fist letter Should be capital and must contains minimum 3 characters :
Wrong Input : Fist letter Should be capital and must contains minimum 3 characters :
Wrong Input : Fist letter Should be capital and must contains minimum 3 characters :
Wrong Input : Fist letter Should be capital and must contains minimum 3 characters :
Wrong Input : Fist letter Should be capital and must contains minimum 3 characters :
Wrong Input : Fist letter Should be capital and must contains minimum 3 characters :
Wrong Input : Fist letter Should be capital and must contains minimum 3 characters :
Wrong Input : Fist letter Should be capital and must contains minimum 3 characters :
Wrong Input : Fist letter Should be capital and must contains minimum 3 characters :
Wrong Input : Fist letter Should be capital and must contains minimum 3 characters :
Wrong Input : Fist letter Should be capital and must contains minimum 3 characters :
Wrong Input : Fist letter Should be capital and must contains minimum 3 characters :
Wrong Input : Fist letter Should be capital and must contains minimum 3 characters :
Wrong Input : Fist letter Should be capital and must contains minimum 3 characters :
Wrong Input : Fist letter Should be capital and must contains minimum 3 characters :
Wrong Input : Fist letter Should be capital and must contains minimum 3 characters :
Wrong Input : Fist letter Should be capital and must contains minimum 3 characters :
Wrong Input : Fist letter Should be capital and must contains minimum 3 characters :
Wrong Input : Fist letter Should be capital and must contains minimum 3 characters :
Wrong Input : Fist letter Should be capital and must contains minimum 3 characters :
Wrong Input : Fist letter Should be capital and must contains minimum 3 characters :
Wrong Input : Fist letter Should be capital and must contains minimum 3 characters :
Wrong Input : Fist letter Should be capital and must contains minimum 3 characters :
Wrong Input : Fist letter Should be capital and must contains minimum 3 characters :
Wrong Input : Fist letter Should be capital and must contains minimum 3 characters :
Wrong Input : Fist letter Should be capital and must contains minimum 3 characters :
Wrong Input : Fist letter Should be capital and must contains minimum 3 characters :
Wrong Input : Fist letter Should be capital and must contains minimum 3 characters :
Wrong Input : Fist letter Should be capital and must contains minimum 3 characters :
Wrong Input : Fist letter Should be capital and must contains minimum 3 characters :
Wrong Input : Fist letter Should be capital and must contains minimum 3 characters :
Wrong Input : Fist letter Should be capital and must contains minimum 3 characters :
Wrong Input : Fist letter Should be capital and must contains minimum 3 characters :
Wrong Input : Fist letter Should be capital and must contains minimum 3 characters :
Wrong Input : Fist letter Should be capital and must contains minimum 3 characters :
Wrong Input : Fist letter Should be capital and must contains minimum 3 characters :
Wrong Input : Fist letter Should be capital and must contains minimum 3 characters :
Wrong Input : Fist letter Should be capital and must contains minimum 3 characters :
Wrong Input : Fist letter Should be capital and must contains minimum 3 characters :
Wrong Input : Fist letter Should be capital and must contains minimum 3 characters :
Wrong Input : Fist letter Should be capital and must contains minimum 3 characters :
Wrong Input : Fist letter Should be capital and must contains minimum 3 characters :
Wrong Input : Fist letter Should be capital and must contains minimum 3 characters :
Wrong Input : Fist letter Should be capital and must contains minimum 3 characters :
Wrong Input : Fist letter Should be capital and must contains minimum 3 characters :
Wrong Input : Fist letter Should be capital and must contains minimum 3 characters :
Wrong Input : Fist letter Should be capital and must contains minimum 3 characters :
Wrong Input : Fist letter Should be capital and must contains minimum 3 characters :
Wrong Input : Fist letter Should be capital and must contains minimum 3 characters :
Wrong Input : Fist letter Should be capital and must contains minimum 3 characters :
Wrong Input : Fist letter Should be capital and must contains minimum 3 characters :
Wrong Input : Fist letter Should be capital and must contains minimum 3 characters :
Wrong Input : Fist letter Should be capital and must contains minimum 3 characters :
Wrong Input : Fist letter Should be capital and must contains minimum 3 characters :
Wrong Input : Fist letter Should be capital and must contains minimum 3 characters :
Wrong Input : Fist letter Should be capital and must contains minimum 3 characters :
Wrong Input : Fist letter Should be capital and must contains minimum 3 characters :
Wrong Input : Fist letter Should be capital and must contains minimum 3 characters :
Wrong Input : Fist letter Should be capital and must contains minimum 3 characters :
Wrong Input : Fist letter Should be capital and must contains minimum 3 characters :
Wrong Input : Fist letter Should be capital and must contains minimum 3 characters :
Wrong Input : Fist letter Should be capital and must contains minimum 3 characters :
Wrong Input : Fist letter Should be capital and must contains minimum 3 characters :
Wrong Input : Fist letter Should be capital and must contains minimum 3 characters :
Wrong Input : Fist letter Should be capital and must contains minimum 3 characters :
Wrong Input : Fist letter Should be capital and must contains minimum 3 characters :
Wrong Input : Fist letter Should be capital and must contains minimum 3 characters :
Wrong Input : Fist letter Should be capital and must contains minimum 3 characters :
Wrong Input : Fist letter Should be capital and must contains minimum 3 characters :
Wrong Input : Fist letter Should be capital and must contains minimum 3 characters :
Wrong Input : Fist letter Should be capital and must contains minimum 3 characters :
Wrong Input : Fist letter Should be capital and must contains minimum 3 characters :
Wrong Input : Fist letter Should be capital and must contains minimum 3 characters :
Wrong Input : Fist letter Should be capital and must contains minimum 3 characters :
Wrong Input : Fist letter Should be capital and must contains minimum 3 characters :
Wrong Input : Fist letter Should be capital and must contains minimum 3 characters :
Wrong Input : Fist letter Should be capital and must contains minimum 3 characters :
Wrong Input : Fist letter Should be capital and must contains minimum 3 characters :
Wrong Input : Fist letter Should be capital and must contains minimum 3 characters :
Wrong Input : Fist letter Should be capital and must contains minimum 3 characters :
Wrong Input : Fist letter Should be capital and must contains minimum 3 characters :
Wrong Input : Fist letter Should be capital and must contains minimum 3 characters :
Wrong Input : Fist letter Should be capital and must contains minimum 3 characters :
Wrong Input : Fist letter Should be capital and must contains minimum 3 characters :
Wrong Input : Fist letter Should be capital and must contains minimum 3 characters :
Wrong Input : Fist letter Should be capital and must contains minimum 3 characters :
Wrong Input : Fist letter Should be capital and must contains minimum 3 characters :
Wrong Input : Fist letter Should be capital and must contains minimum 3 characters :
Wrong Input : Fist letter Should be capital and must contains minimum 3 characters :
Wrong Input : Fist letter Should be capital and must contains minimum 3 characters :
Wrong Input : Fist letter Should be capital and must contains minimum 3 characters :
Wrong Input : Fist letter Should be capital and must contains minimum 3 characters :
Wrong Input : Fist letter Should be capital and must contains minimum 3 characters :
Wrong Input : Fist letter Should be capital and must contains minimum 3 characters :
Wrong Input : Fist letter Should be capital and must contains minimum 3 characters :
Wrong Input : Fist letter Should be capital and must contains minimum 3 characters :
Wrong Input : Fist letter Should be capital and must contains minimum 3 characters :
Wrong Input : Fist letter Should be capital and must contains minimum 3 characters :
Wrong Input : Fist letter Should be capital and must contains minimum 3 characters :
Wrong Input : Fist letter Should be capital and must contains minimum 3 characters :
Wrong Input : Fist letter Should be capital and must contains minimum 3 characters :
Wrong Input : Fist letter Should be capital and must contains minimum 3 characters :
Wrong Input : Fist letter Should be capital and must contains minimum 3 characters :
Wrong Input : Fist letter Should be capital and must contains minimum 3 characters :
Wrong Input : Fist letter Should be capital and must contains minimum 3 characters :
Wrong Input : Fist letter Should be capital and must contains minimum 3 characters :
Wrong Input : Fist letter Should be capital and must contains minimum 3 characters :
Wrong Input : Fist letter Should be capital and must contains minimum 3 characters :
Wrong Input : Fist letter Should be capital and must contains minimum 3 characters :
Wrong Input : Fist letter Should be capital and must contains minimum 3 characters :
Wrong Input : Fist letter Should be capital and must contains minimum 3 characters :
Wrong Input : Fist letter Should be capital and must contains minimum 3 characters :
Wrong Input : Fist letter Should be capital and must contains minimum 3 characters :
Wrong Input : Fist letter Should be capital and must contains minimum 3 characters :
Wrong Input : Fist letter Should be capital and must contains minimum 3 characters :
Wrong Input : Fist letter Should be capital and must contains minimum 3 characters :
Wrong Input : Fist letter Should be capital and must contains minimum 3 characters :
Wrong Input : Fist letter Should be capital and must contains minimum 3 characters :
Wrong Input : Fist letter Should be capital and must contains minimum 3 characters :
Wrong Input : Fist letter Should be capital and must contains minimum 3 characters :
Wrong Input : Fist letter Should be capital and must contains minimum 3 characters :
Wrong Input : Fist letter Should be capital and must contains minimum 3 characters :
Wrong Input : Fist letter Should be capital and must contains minimum 3 characters :
Wrong Input : Fist letter Should be capital and must contains minimum 3 characters :
Wrong Input : Fist letter Should be capital and must contains minimum 3 characters :
Wrong Input : Fist letter Should be capital and must contains minimum 3 characters :
Wrong Input : Fist letter Should be capital and must contains minimum 3 characters :
Wrong Input : Fist letter Should be capital and must contains minimum 3 characters :
Wrong Input : Fist letter Should be capital and must contains minimum 3 characters :
Wrong Input : Fist letter Should be capital and must contains minimum 3 characters :
Wrong Input : Fist letter Should be capital and must contains minimum 3 characters :
Wrong Input : Fist letter Should be capital and must contains minimum 3 characters :
Wrong Input : Fist letter Should be capital and must contains minimum 3 characters :
Wrong Input : Fist letter Should be capital and must contains minimum 3 characters :
Wrong Input : Fist letter Should be capital and must contains minimum 3 characters :
Wrong Input : Fist letter Should be capital and must contains minimum 3 characters :
Wrong Input : Fist letter Should be capital and must contains minimum 3 characters :
Wrong Input : Fist letter Should be capital and must contains minimum 3 characters :
Wrong Input : Fist letter Should be capital and must contains minimum 3 characters :
Wrong Input : Fist letter Should be capital and must contains minimum 3 characters :
Wrong Input : Fist letter Should be capital and must contains minimum 3 characters :
Wrong Input : Fist letter Should be capital and must contains minimum 3 characters :
Wrong Input : Fist letter Should be capital and must contains minimum 3 characters :
Wrong Input : Fist letter Should be capital and must contains minimum 3 characters :
Wrong Input : Fist letter Should be capital and must contains minimum 3 characters :
Wrong Input : Fist letter Should be capital and must contains minimum 3 characters :
Wrong Input : Fist letter Should be capital and must contains minimum 3 characters :
Wrong Input : Fist letter Should be capital and must contains minimum 3 characters :
Wrong Input : Fist letter Should be capital and must contains minimum 3 characters :
Wrong Input : Fist letter Should be capital and must contains minimum 3 characters :
Wrong Input : Fist letter Should be capital and must contains minimum 3 characters :
Wrong Input : Fist letter Should be capital and must contains minimum 3 characters :
Wrong Input : Fist letter Should be capital and must contains minimum 3 characters :
Wrong Input : Fist letter Should be capital and must contains minimum 3 characters :
Wrong Input : Fist letter Should be capital and must contains minimum 3 characters :
Wrong Input : Fist letter Should be capital and must contains minimum 3 characters :
Wrong Input : Fist letter Should be capital and must contains minimum 3 characters :
Wrong Input : Fist letter Should be capital and must contains minimum 3 characters :
Wrong Input : Fist letter Should be capital and must contains minimum 3 characters :
Wrong Input : Fist letter Should be capital and must contains minimum 3 characters :
Wrong Input : Fist letter Should be capital and must contains minimum 3 characters :
Wrong Input : Fist letter Should be capital and must contains minimum 3 characters :
Wrong Input : Fist letter Should be capital and must contains minimum 3 characters :
Wrong Input : Fist letter Should be capital and must contains minimum 3 characters :
Wrong Input : Fist letter Should be capital and must contains minimum 3 characters :
Wrong Input : Fist letter Should be capital and must contains minimum 3 characters :
Wrong Input : Fist letter Should be capital and must contains minimum 3 characters :
Wrong Input : Fist letter Should be capital and must contains minimum 3 characters :
Wrong Input : Fist letter Should be capital and must contains minimum 3 characters :
Wrong Input : Fist letter Should be capital and must contains minimum 3 characters :
Wrong Input : Fist letter Should be capital and must contains minimum 3 characters :
Wrong Input : Fist letter Should be capital and must contains minimum 3 characters :
Wrong Input : Fist letter Should be capital and must contains minimum 3 characters :
Wrong Input : Fist letter Should be capital and must contains minimum 3 characters :
Wrong Input : Fist letter Should be capital and must contains minimum 3 characters :
Wrong Input : Fist letter Should be capital and must contains minimum 3 characters :
Wrong Input : Fist letter Should be capital and must contains minimum 3 characters :
Wrong Input : Fist letter Should be capital and must contains minimum 3 characters :
Wrong Input : Fist letter Should be capital and must contains minimum 3 characters :
Wrong Input : Fist letter Should be capital and must contains minimum 3 characters :
Wrong Input : Fist letter Should be capital and must contains minimum 3 characters :
Wrong Input : Fist letter Should be capital and must contains minimum 3 characters :
Wrong Input : Fist letter Should be capital and must contains minimum 3 characters :
Wrong Input : Fist letter Should be capital and must contains minimum 3 characters :
Wrong Input : Fist letter Should be capital and must contains minimum 3 characters :
Wrong Input : Fist letter Should be capital and must contains minimum 3 characters :
Wrong Input : Fist letter Should be capital and must contains minimum 3 characters :
Wrong Input : Fist letter Should be capital and must contains minimum 3 characters :
Wrong Input : Fist letter Should be capital and must contains minimum 3 characters :
Wrong Input : Fist letter Should be capital and must contains minimum 3 characters :
Wrong Input : Fist letter Should be capital and must contains minimum 3 characters :
Wrong Input : Fist letter Should be capital and must contains minimum 3 characters :
Wrong Input : Fist letter Should be capital and must contains minimum 3 characters :
Wrong Input : Fist letter Should be capital and must contains minimum 3 characters :
Wrong Input : Fist letter Should be capital and must contains minimum 3 characters :
Wrong Input : Fist letter Should be capital and must contains minimum 3 characters :
Wrong Input : Fist letter Should be capital and must contains minimum 3 characters :
Wrong Input : Fist letter Should be capital and must contains minimum 3 characters :
Wrong Input : Fist letter Should be capital and must contains minimum 3 characters :
Wrong Input : Fist letter Should be capital and must contains minimum 3 characters :
Wrong Input : Fist letter Should be capital and must contains minimum 3 characters :
Wrong Input : Fist letter Should be capital and must contains minimum 3 characters :
Wrong Input : Fist letter Should be capital and must contains minimum 3 characters :
Wrong Input : Fist letter Should be capital and must contains minimum 3 characters :
Wrong Input : Fist letter Should be capital and must contains minimum 3 characters :
Wrong Input : Fist letter Should be capital and must contains minimum 3 characters :
Wrong Input : Fist letter Should be capital and must contains minimum 3 characters :
Wrong Input : Fist letter Should be capital and must contains minimum 3 characters :
Wrong Input : Fist letter Should be capital and must contains minimum 3 characters :
Wrong Input : Fist letter Should be capital and must contains minimum 3 characters :
Wrong Input : Fist letter Should be capital and must contains minimum 3 characters :
Wrong Input : Fist letter Should be capital and must contains minimum 3 characters :
Wrong Input : Fist letter Should be capital and must contains minimum 3 characters :
Wrong Input : Fist letter Should be capital and must contains minimum 3 characters :
Wrong Input : Fist letter Should be capital and must contains minimum 3 characters :
Wrong Input : Fist letter Should be capital and must contains minimum 3 characters :
Wrong Input : Fist letter Should be capital and must contains minimum 3 characters :
Wrong Input : Fist letter Should be capital and must contains minimum 3 characters :
Wrong Input : Fist letter Should be capital and must contains minimum 3 characters :
Wrong Input : Fist letter Should be capital and must contains minimum 3 characters :
Wrong Input : Fist letter Should be capital and must contains minimum 3 characters :
Wrong Input : Fist letter Should be capital and must contains minimum 3 characters :
Wrong Input : Fist letter Should be capital and must contains minimum 3 characters :
Wrong Input : Fist letter Should be capital and must contains minimum 3 characters :
Wrong Input : Fist letter Should be capital and must contains minimum 3 characters :
Wrong Input : Fist letter Should be capital and must contains minimum 3 characters :
Wrong Input : Fist letter Should be capital and must contains minimum 3 characters :
Wrong Input : Fist letter Should be capital and must contains minimum 3 characters :
Wrong Input : Fist letter Should be capital and must contains minimum 3 characters :
Wrong Input : Fist letter Should be capital and must contains minimum 3 characters :
Wrong Input : Fist letter Should be capital and must contains minimum 3 characters :
Wrong Input : Fist letter Should be capital and must contains minimum 3 characters :
Wrong Input : Fist letter Should be capital and must contains minimum 3 characters :
Wrong Input : Fist letter Should be capital and must contains minimum 3 characters :
Wrong Input : Fist letter Should be capital and must contains minimum 3 characters :
Wrong Input : Fist letter Should be capital and must contains minimum 3 characters :
Wrong Input : Fist letter Should be capital and must contains minimum 3 characters :
Wrong Input : Fist letter Should be capital and must contains minimum 3 characters :
Wrong Input : Fist letter Should be capital and must contains minimum 3 characters :
Wrong Input : Fist letter Should be capital and must contains minimum 3 characters :
Wrong Input : Fist letter Should be capital and must contains minimum 3 characters :
Wrong Input : Fist letter Should be capital and must contains minimum 3 characters :
Wrong Input : Fist letter Should be capital and must contains minimum 3 characters :
Wrong Input : Fist letter Should be capital and must contains minimum 3 characters :
Wrong Input : Fist letter Should be capital and must contains minimum 3 characters :
Wrong Input : Fist letter Should be capital and must contains minimum 3 characters :
Wrong Input : Fist letter Should be capital and must contains minimum 3 characters :
Wrong Input : Fist letter Should be capital and must contains minimum 3 characters :
Wrong Input : Fist letter Should be capital and must contains minimum 3 characters :
Wrong Input : Fist letter Should be capital and must contains minimum 3 characters :
Wrong Input : Fist letter Should be capital and must contains minimum 3 characters :
Wrong Input : Fist letter Should be capital and must contains minimum 3 characters :
Wrong Input : Fist letter Should be capital and must contains minimum 3 characters :
Wrong Input : Fist letter Should be capital and must contains minimum 3 characters :
Wrong Input : Fist letter Should be capital and must contains minimum 3 characters :
Wrong Input : Fist letter Should be capital and must contains minimum 3 characters :
Wrong Input : Fist letter Should be capital and must contains minimum 3 characters :
Wrong Input : Fist letter Should be capital and must contains minimum 3 characters :
Wrong Input : Fist letter Should be capital and must contains minimum 3 characters :
Wrong Input : Fist letter Should be capital and must contains minimum 3 characters :
Wrong Input : Fist letter Should be capital and must contains minimum 3 characters :
Wrong Input : Fist letter Should be capital and must contains minimum 3 characters :
Wrong Input : Fist letter Should be capital and must contains minimum 3 characters :
Wrong Input : Fist letter Should be capital and must contains minimum 3 characters :
Wrong Input : Fist letter Should be capital and must contains minimum 3 characters :
Wrong Input : Fist letter Should be capital and must contains minimum 3 characters :
Wrong Input : Fist letter Should be capital and must contains minimum 3 characters :
Wrong Input : Fist letter Should be capital and must contains minimum 3 characters :
Wrong Input : Fist letter Should be capital and must contains minimum 3 characters :
Wrong Input : Fist letter Should be capital and must contains minimum 3 characters :
Wrong Input : Fist letter Should be capital and must contains minimum 3 characters :
Wrong Input : Fist letter Should be capital and must contains minimum 3 characters :
Wrong Input : Fist letter Should be capital and must contains minimum 3 characters :
Wrong Input : Fist letter Should be capital and must contains minimum 3 characters :
Wrong Input : Fist letter Should be capital and must contains minimum 3 characters :
Wrong Input : Fist letter Should be capital and must contains minimum 3 characters :
Wrong Input : Fist letter Should be capital and must contains minimum 3 characters :
Wrong Input : Fist letter Should be capital and must contains minimum 3 characters :
Wrong Input : Fist letter Should be capital and must contains minimum 3 characters :
Wrong Input : Fist letter Should be capital and must contains minimum 3 characters :
Wrong Input : Fist letter Should be capital and must contains minimum 3 characters :
Wrong Input : Fist letter Should be capital and must contains minimum 3 characters :
Wrong Input : Fist letter Should be capital and must contains minimum 3 characters :
Wrong Input : Fist letter Should be capital and must contains minimum 3 characters :
Wrong Input : Fist letter Should be capital and must contains minimum 3 characters :
Wrong Input : Fist letter Should be capital and must contains minimum 3 characters :
Wrong Input : Fist letter Should be capital and must contains minimum 3 characters :
Wrong Input : Fist letter Should be capital and must contains minimum 3 characters :
Wrong Input : Fist letter Should be capital and must contains minimum 3 characters :
Wrong Input : Fist letter Should be capital and must contains minimum 3 characters :
Wrong Input : Fist letter Should be capital and must contains minimum 3 characters :
Wrong Input : Fist letter Should be capital and must contains minimum 3 characters :
Wrong Input : Fist letter Should be capital and must contains minimum 3 characters :
Wrong Input : Fist letter Should be capital and must contains minimum 3 characters :
Wrong Input : Fist letter Should be capital and must contains minimum 3 characters :
Wrong Input : Fist letter Should be capital and must contains minimum 3 characters :
Wrong Input : Fist letter Should be capital and must contains minimum 3 characters :
Wrong Input : Fist letter Should be capital and must contains minimum 3 characters :
Wrong Input : Fist letter Should be capital and must contains minimum 3 characters :
Wrong Input : Fist letter Should be capital and must contains minimum 3 characters :
Wrong Input : Fist letter Should be capital and must contains minimum 3 characters :
Wrong Input : Fist letter Should be capital and must contains minimum 3 characters :
Wrong Input : Fist letter Should be capital and must contains minimum 3 characters :
Wrong Input : Fist letter Should be capital and must contains minimum 3 characters :
Wrong Input : Fist letter Should be capital and must contains minimum 3 characters :
Wrong Input : Fist letter Should be capital and must contains minimum 3 characters :
Wrong Input : Fist letter Should be capital and must contains minimum 3 characters :
Wrong Input : Fist letter Should be capital and must contains minimum 3 characters :
Wrong Input : Fist letter Should be capital and must contains minimum 3 characters :
Wrong Input : Fist letter Should be capital and must contains minimum 3 characters :
Wrong Input : Fist letter Should be capital and must contains minimum 3 characters :
Wrong Input : Fist letter Should be capital and must contains minimum 3 characters :
Wrong Input : Fist letter Should be capital and must contains minimum 3 characters :
Wrong Input : Fist letter Should be capital and must contains minimum 3 characters :
Wrong Input : Fist letter Should be capital and must contains minimum 3 characters :
Wrong Input : Fist letter Should be capital and must contains minimum 3 characters :
Wrong Input : Fist letter Should be capital and must contains minimum 3 characters :
Wrong Input : Fist letter Should be capital and must contains minimum 3 characters :
Wrong Input : Fist letter Should be capital and must contains minimum 3 characters :
Wrong Input : Fist letter Should be capital and must contains minimum 3 characters :
Wrong Input : Fist letter Should be capital and must contains minimum 3 characters :
Wrong Input : Fist letter Should be capital and must contains minimum 3 characters :
Wrong Input : Fist letter Should be capital and must contains minimum 3 characters :
Wrong Input : Fist letter Should be capital and must contains minimum 3 characters :
Wrong Input : Fist letter Should be capital and must contains minimum 3 characters :
Wrong Input : Fist letter Should be capital and must contains minimum 3 characters :
Wrong Input : Fist letter Should be capital and must contains minimum 3 characters :
Wrong Input : Fist letter Should be capital and must contains minimum 3 characters :
Wrong Input : Fist letter Should be capital and must contains minimum 3 characters :
Wrong Input : Fist letter Should be capital and must contains minimum 3 characters :
Wrong Input : Fist letter Should be capital and must contains minimum 3 characters :
Wrong Input : Fist letter Should be capital and must contains minimum 3 characters :
Wrong Input : Fist letter Should be capital and must contains minimum 3 characters :
Wrong Input : Fist letter Should be capital and must contains minimum 3 characters :
Wrong Input : Fist letter Should be capital and must contains minimum 3 characters :
Wrong Input : Fist letter Should be capital and must contains minimum 3 characters :
Wrong Input : Fist letter Should be capital and must contains minimum 3 characters :
Wrong Input : Fist letter Should be capital and must contains minimum 3 characters :
Wrong Input : Fist letter Should be capital and must contains minimum 3 characters :
Wrong Input : Fist letter Should be capital and must contains minimum 3 characters :
Wrong Input : Fist letter Should be capital and must contains minimum 3 characters :
Wrong Input : Fist letter Should be capital and must contains minimum 3 characters :
Wrong Input : Fist letter Should be capital and must contains minimum 3 characters :
Wrong Input : Fist letter Should be capital and must contains minimum 3 characters :
Wrong Input : Fist letter Should be capital and must contains minimum 3 characters :
Wrong Input : Fist letter Should be capital and must contains minimum 3 characters :
Wrong Input : Fist letter Should be capital and must contains minimum 3 characters :
Wrong Input : Fist letter Should be capital and must contains minimum 3 characters :
Wrong Input : Fist letter Should be capital and must contains minimum 3 characters :
Wrong Input : Fist letter Should be capital and must contains minimum 3 characters :
Wrong Input : Fist letter Should be capital and must contains minimum 3 characters :
Wrong Input : Fist letter Should be capital and must contains minimum 3 characters :
Wrong Input : Fist letter Should be capital and must contains minimum 3 characters :
Wrong Input : Fist letter Should be capital and must contains minimum 3 characters :
Wrong Input : Fist letter Should be capital and must contains minimum 3 characters :
Wrong Input : Fist letter Should be capital and must contains minimum 3 characters :
Wrong Input : Fist letter Should be capital and must contains minimum 3 characters :
Wrong Input : Fist letter Should be capital and must contains minimum 3 characters :
Wrong Input : Fist letter Should be capital and must contains minimum 3 characters :
Wrong Input : Fist letter Should be capital and must contains minimum 3 characters :
Wrong Input : Fist letter Should be capital and must contains minimum 3 characters :
Wrong Input : Fist letter Should be capital and must contains minimum 3 characters :
Wrong Input : Fist letter Should be capital and must contains minimum 3 characters :
Wrong Input : Fist letter Should be capital and must contains minimum 3 characters :
Wrong Input : Fist letter Should be capital and must contains minimum 3 characters :
Wrong Input : Fist letter Should be capital and must contains minimum 3 characters :
Wrong Input : Fist letter Should be capital and must contains minimum 3 characters :
Wrong Input : Fist letter Should be capital and must contains minimum 3 characters :
Wrong Input : Fist letter Should be capital and must contains minimum 3 characters :
Wrong Input : Fist letter Should be capital and must contains minimum 3 characters :
Wrong Input : Fist letter Should be capital and must contains minimum 3 characters :
Wrong Input : Fist letter Should be capital and must contains minimum 3 characters :
Wrong Input : Fist letter Should be capital and must contains minimum 3 characters :
Wrong Input : Fist letter Should be capital and must contains minimum 3 characters :
Wrong Input : Fist letter Should be capital and must contains minimum 3 characters :
Wrong Input : Fist letter Should be capital and must contains minimum 3 characters :
Wrong Input : Fist letter Should be capital and must contains minimum 3 characters :
Wrong Input : Fist letter Should be capital and must contains minimum 3 characters :
Wrong Input : Fist letter Should be capital and must contains minimum 3 characters :
Wrong Input : Fist letter Should be capital and must contains minimum 3 characters :
Wrong Input : Fist letter Should be capital and must contains minimum 3 characters :
Wrong Input : Fist letter Should be capital and must contains minimum 3 characters :
Wrong Input : Fist letter Should be capital and must contains minimum 3 characters :
Wrong Input : Fist letter Should be capital and must contains minimum 3 characters :
Wrong Input : Fist letter Should be capital and must contains minimum 3 characters :
Wrong Input : Fist letter Should be capital and must contains minimum 3 characters :
Wrong Input : Fist letter Should be capital and must contains minimum 3 characters :
Wrong Input : Fist letter Should be capital and must contains minimum 3 characters :
Wrong Input : Fist letter Should be capital and must contains minimum 3 characters :
Wrong Input : Fist letter Should be capital and must contains minimum 3 characters :
Wrong Input : Fist letter Should be capital and must contains minimum 3 characters :
Wrong Input : Fist letter Should be capital and must contains minimum 3 characters :
Wrong Input : Fist letter Should be capital and must contains minimum 3 characters :
Wrong Input : Fist letter Should be capital and must contains minimum 3 characters :
Wrong Input : Fist letter Should be capital and must contains minimum 3 characters :
Wrong Input : Fist letter Should be capital and must contains minimum 3 characters :
Wrong Input : Fist letter Should be capital and must contains minimum 3 characters :
Wrong Input : Fist letter Should be capital and must contains minimum 3 characters :
Wrong Input : Fist letter Should be capital and must contains minimum 3 characters :
Wrong Input : Fist letter Should be capital and must contains minimum 3 characters :
Wrong Input : Fist letter Should be capital and must contains minimum 3 characters :
Wrong Input : Fist letter Should be capital and must contains minimum 3 characters :
Wrong Input : Fist letter Should be capital and must contains minimum 3 characters :
Wrong Input : Fist letter Should be capital and must contains minimum 3 characters :
Wrong Input : Fist letter Should be capital and must contains minimum 3 characters :
Wrong Input : Fist letter Should be capital and must contains minimum 3 characters :
Wrong Input : Fist letter Should be capital and must contains minimum 3 characters :
Wrong Input : Fist letter Should be capital and must contains minimum 3 characters :
Wrong Input : Fist letter Should be capital and must contains minimum 3 characters :
Wrong Input : Fist letter Should be capital and must contains minimum 3 characters :
Wrong Input : Fist letter Should be capital and must contains minimum 3 characters :
Wrong Input : Fist letter Should be capital and must contains minimum 3 characters :
Wrong Input : Fist letter Should be capital and must contains minimum 3 characters :
Wrong Input : Fist letter Should be capital and must contains minimum 3 characters :
Wrong Input : Fist letter Should be capital and must contains minimum 3 characters :
Wrong Input : Fist letter Should be capital and must contains minimum 3 characters :
Wrong Input : Fist letter Should be capital and must contains minimum 3 characters :
Wrong Input : Fist letter Should be capital and must contains minimum 3 characters :
Wrong Input : Fist letter Should be capital and must contains minimum 3 characters :
Wrong Input : Fist letter Should be capital and must contains minimum 3 characters :
Wrong Input : Fist letter Should be capital and must contains minimum 3 characters :
Wrong Input : Fist letter Should be capital and must contains minimum 3 characters :
Wrong Input : Fist letter Should be capital and must contains minimum 3 characters :
Wrong Input : Fist letter Should be capital and must contains minimum 3 characters :
Wrong Input : Fist letter Should be capital and must contains minimum 3 characters :
Wrong Input : Fist letter Should be capital and must contains minimum 3 characters :
Wrong Input : Fist letter Should be capital and must contains minimum 3 characters :
Wrong Input : Fist letter Should be capital and must contains minimum 3 characters :
Wrong Input : Fist letter Should be capital and must contains minimum 3 characters :
Wrong Input : Fist letter Should be capital and must contains minimum 3 characters :
Wrong Input : Fist letter Should be capital and must contains minimum 3 characters :
Wrong Input : Fist letter Should be capital and must contains minimum 3 characters :
Wrong Input : Fist letter Should be capital and must contains minimum 3 characters :
Wrong Input : Fist letter Should be capital and must contains minimum 3 characters :
Wrong Input : Fist letter Should be capital and must contains minimum 3 characters :
Wrong Input : Fist letter Should be capital and must contains minimum 3 characters :
Wrong Input : Fist letter Should be capital and must contains minimum 3 characters :
Wrong Input : Fist letter Should be capital and must contains minimum 3 characters :
Wrong Input : Fist letter Should be capital and must contains minimum 3 characters :
Wrong Input : Fist letter Should be capital and must contains minimum 3 characters :
Wrong Input : Fist letter Should be capital and must contains minimum 3 characters :
Wrong Input : Fist letter Should be capital and must contains minimum 3 characters :
Wrong Input : Fist letter Should be capital and must contains minimum 3 characters :
Wrong Input : Fist letter Should be capital and must contains minimum 3 characters :
Wrong Input : Fist letter Should be capital and must contains minimum 3 characters :
Wrong Input : Fist letter Should be capital and must contains minimum 3 characters :
Wrong Input : Fist letter Should be capital and must contains minimum 3 characters :
Wrong Input : Fist letter Should be capital and must contains minimum 3 characters :
Wrong Input : Fist letter Should be capital and must contains minimum 3 characters :
Wrong Input : Fist letter Should be capital and must contains minimum 3 characters :
Wrong Input : Fist letter Should be capital and must contains minimum 3 characters :
Wrong Input : Fist letter Should be capital and must contains minimum 3 characters :
Wrong Input : Fist letter Should be capital and must contains minimum 3 characters :
Wrong Input : Fist letter Should be capital and must contains minimum 3 characters :
Wrong Input : Fist letter Should be capital and must contains minimum 3 characters :
Wrong Input : Fist letter Should be capital and must contains minimum 3 characters :
Wrong Input : Fist letter Should be capital and must contains minimum 3 characters :
Wrong Input : Fist letter Should be capital and must contains minimum 3 characters :
Wrong Input : Fist letter Should be capital and must contains minimum 3 characters :
Wrong Input : Fist letter Should be capital and must contains minimum 3 characters :
Wrong Input : Fist letter Should be capital and must contains minimum 3 characters :
Wrong Input : Fist letter Should be capital and must contains minimum 3 characters :
Wrong Input : Fist letter Should be capital and must contains minimum 3 characters :
Wrong Input : Fist letter Should be capital and must contains minimum 3 characters :
Wrong Input : Fist letter Should be capital and must contains minimum 3 characters :
Wrong Input : Fist letter Should be capital and must contains minimum 3 characters :
Wrong Input : Fist letter Should be capital and must contains minimum 3 characters :
Wrong Input : Fist letter Should be capital and must contains minimum 3 characters :
Wrong Input : Fist letter Should be capital and must contains minimum 3 characters :
Wrong Input : Fist letter Should be capital and must contains minimum 3 characters :
Wrong Input : Fist letter Should be capital and must contains minimum 3 characters :
Wrong Input : Fist letter Should be capital and must contains minimum 3 characters :
Wrong Input : Fist letter Should be capital and must contains minimum 3 characters :
Wrong Input : Fist letter Should be capital and must contains minimum 3 characters :
Wrong Input : Fist letter Should be capital and must contains minimum 3 characters :
Wrong Input : Fist letter Should be capital and must contains minimum 3 characters :
Wrong Input : Fist letter Should be capital and must contains minimum 3 characters :
Wrong Input : Fist letter Should be capital and must contains minimum 3 characters :
Wrong Input : Fist letter Should be capital and must contains minimum 3 characters :
Wrong Input : Fist letter Should be capital and must contains minimum 3 characters :
Wrong Input : Fist letter Should be capital and must contains minimum 3 characters :
Wrong Input : Fist letter Should be capital and must contains minimum 3 characters :
Wrong Input : Fist letter Should be capital and must contains minimum 3 characters :
Wrong Input : Fist letter Should be capital and must contains minimum 3 characters :
Wrong Input : Fist letter Should be capital and must contains minimum 3 characters :
Wrong Input : Fist letter Should be capital and must contains minimum 3 characters :
Wrong Input : Fist letter Should be capital and must contains minimum 3 characters :
Wrong Input : Fist letter Should be capital and must contains minimum 3 characters :
Wrong Input : Fist letter Should be capital and must contains minimum 3 characters :
Wrong Input : Fist letter Should be capital and must contains minimum 3 characters :
Wrong Input : Fist letter Should be capital and must contains minimum 3 characters :
Wrong Input : Fist letter Should be capital and must contains minimum 3 characters :
Wrong Input : Fist letter Should be capital and must contains minimum 3 characters :
Wrong Input : Fist letter Should be capital and must contains minimum 3 characters :
Wrong Input : Fist letter Should be capital and must contains minimum 3 characters :
Wrong Input : Fist letter Should be capital and must contains minimum 3 characters :
Wrong Input : Fist letter Should be capital and must contains minimum 3 characters :
Wrong Input : Fist letter Should be capital and must contains minimum 3 characters :
Wrong Input : Fist letter Should be capital and must contains minimum 3 characters :
Wrong Input : Fist letter Should be capital and must contains minimum 3 characters :
Wrong Input : Fist letter Should be capital and must contains minimum 3 characters :
Wrong Input : Fist letter Should be capital and must contains minimum 3 characters :
Wrong Input : Fist letter Should be capital and must contains minimum 3 characters :
Wrong Input : Fist letter Should be capital and must contains minimum 3 characters :
Wrong Input : Fist letter Should be capital and must contains minimum 3 characters :
Wrong Input : Fist letter Should be capital and must contains minimum 3 characters :
Wrong Input : Fist letter Should be capital and must contains minimum 3 characters :
Wrong Input : Fist letter Should be capital and must contains minimum 3 characters :
Wrong Input : Fist letter Should be capital and must contains minimum 3 characters :
Wrong Input : Fist letter Should be capital and must contains minimum 3 characters :
Wrong Input : Fist letter Should be capital and must contains minimum 3 characters :
Wrong Input : Fist letter Should be capital and must contains minimum 3 characters :
Wrong Input : Fist letter Should be capital and must contains minimum 3 characters :
Wrong Input : Fist letter Should be capital and must contains minimum 3 characters :
Wrong Input : Fist letter Should be capital and must contains minimum 3 characters :
Wrong Input : Fist letter Should be capital and must contains minimum 3 characters :
Wrong Input : Fist letter Should be capital and must contains minimum 3 characters :
Wrong Input : Fist letter Should be capital and must contains minimum 3 characters :
Wrong Input : Fist letter Should be capital and must contains minimum 3 characters :
Wrong Input : Fist letter Should be capital and must contains minimum 3 characters :
Wrong Input : Fist letter Should be capital and must contains minimum 3 characters :
Wrong Input : Fist letter Should be capital and must contains minimum 3 characters :
Wrong Input : Fist letter Should be capital and must contains minimum 3 characters :
Wrong Input : Fist letter Should be capital and must contains minimum 3 characters :
Wrong Input : Fist letter Should be capital and must contains minimum 3 characters :
Wrong Input : Fist letter Should be capital and must contains minimum 3 characters :
Wrong Input : Fist letter Should be capital and must contains minimum 3 characters :
Wrong Input : Fist letter Should be capital and must contains minimum 3 characters :
Wrong Input : Fist letter Should be capital and must contains minimum 3 characters :
Wrong Input : Fist letter Should be capital and must contains minimum 3 characters :
Wrong Input : Fist letter Should be capital and must contains minimum 3 characters :
Wrong Input : Fist letter Should be capital and must contains minimum 3 characters :
Wrong Input : Fist letter Should be capital and must contains minimum 3 characters :
Wrong Input : Fist letter Should be capital and must contains minimum 3 characters :
Wrong Input : Fist letter Should be capital and must contains minimum 3 characters :
Wrong Input : Fist letter Should be capital and must contains minimum 3 characters :
Wrong Input : Fist letter Should be capital and must contains minimum 3 characters :
Wrong Input : Fist letter Should be capital and must contains minimum 3 characters :
Wrong Input : Fist letter Should be capital and must contains minimum 3 characters :
Wrong Input : Fist letter Should be capital and must contains minimum 3 characters :
Wrong Input : Fist letter Should be capital and must contains minimum 3 characters :
Wrong Input : Fist letter Should be capital and must contains minimum 3 characters :
Wrong Input : Fist letter Should be capital and must contains minimum 3 characters :
Wrong Input : Fist letter Should be capital and must contains minimum 3 characters :
Wrong Input : Fist letter Should be capital and must contains minimum 3 characters :
Wrong Input : Fist letter Should be capital and must contains minimum 3 characters :
Wrong Input : Fist letter Should be capital and must contains minimum 3 characters :
Wrong Input : Fist letter Should be capital and must contains minimum 3 characters :
Wrong Input : Fist letter Should be capital and must contains minimum 3 characters :
Wrong Input : Fist letter Should be capital and must contains minimum 3 characters :
Wrong Input : Fist letter Should be capital and must contains minimum 3 characters :
Wrong Input : Fist letter Should be capital and must contains minimum 3 characters :
Wrong Input : Fist letter Should be capital and must contains minimum 3 characters :
Wrong Input : Fist letter Should be capital and must contains minimum 3 characters :
Wrong Input : Fist letter Should be capital and must contains minimum 3 characters :
Wrong Input : Fist letter Should be capital and must contains minimum 3 characters :
Wrong Input : Fist letter Should be capital and must contains minimum 3 characters :
Wrong Input : Fist letter Should be capital and must contains minimum 3 characters :
Wrong Input : Fist letter Should be capital and must contains minimum 3 characters :
Wrong Input : Fist letter Should be capital and must contains minimum 3 characters :
Wrong Input : Fist letter Should be capital and must contains minimum 3 characters :
Wrong Input : Fist letter Should be capital and must contains minimum 3 characters :
Wrong Input : Fist letter Should be capital and must contains minimum 3 characters :
Wrong Input : Fist letter Should be capital and must contains minimum 3 characters :
Wrong Input : Fist letter Should be capital and must contains minimum 3 characters :
Wrong Input : Fist letter Should be capital and must contains minimum 3 characters :
Wrong Input : Fist letter Should be capital and must contains minimum 3 characters :
Wrong Input : Fist letter Should be capital and must contains minimum 3 characters :
Wrong Input : Fist letter Should be capital and must contains minimum 3 characters :
Wrong Input : Fist letter Should be capital and must contains minimum 3 characters :
Wrong Input : Fist letter Should be capital and must contains minimum 3 characters :
Wrong Input : Fist letter Should be capital and must contains minimum 3 characters :
Wrong Input : Fist letter Should be capital and must contains minimum 3 characters :
Wrong Input : Fist letter Should be capital and must contains minimum 3 characters :
Wrong Input : Fist letter Should be capital and must contains minimum 3 characters :
Wrong Input : Fist letter Should be capital and must contains minimum 3 characters :
Wrong Input : Fist letter Should be capital and must contains minimum 3 characters :
Wrong Input : Fist letter Should be capital and must contains minimum 3 characters :
Wrong Input : Fist letter Should be capital and must contains minimum 3 characters :
Wrong Input : Fist letter Should be capital and must contains minimum 3 characters :
Wrong Input : Fist letter Should be capital and must contains minimum 3 characters :
Wrong Input : Fist letter Should be capital and must contains minimum 3 characters :
Wrong Input : Fist letter Should be capital and must contains minimum 3 characters :
Wrong Input : Fist letter Should be capital and must contains minimum 3 characters :
Wrong Input : Fist letter Should be capital and must contains minimum 3 characters :
Wrong Input : Fist letter Should be capital and must contains minimum 3 characters :
Wrong Input : Fist letter Should be capital and must contains minimum 3 characters :
Wrong Input : Fist letter Should be capital and must contains minimum 3 characters :
Wrong Input : Fist letter Should be capital and must contains minimum 3 characters :
Wrong Input : Fist letter Should be capital and must contains minimum 3 characters :
Wrong Input : Fist letter Should be capital and must contains minimum 3 characters :
Wrong Input : Fist letter Should be capital and must contains minimum 3 characters :
Wrong Input : Fist letter Should be capital and must contains minimum 3 characters :
Wrong Input : Fist letter Should be capital and must contains minimum 3 characters :
Wrong Input : Fist letter Should be capital and must contains minimum 3 characters :
Wrong Input : Fist letter Should be capital and must contains minimum 3 characters :
Wrong Input : Fist letter Should be capital and must contains minimum 3 characters :
Wrong Input : Fist letter Should be capital and must contains minimum 3 characters :
Wrong Input : Fist letter Should be capital and must contains minimum 3 characters :
Wrong Input : Fist letter Should be capital and must contains minimum 3 characters :
Wrong Input : Fist letter Should be capital and must contains minimum 3 characters :
Wrong Input : Fist letter Should be capital and must contains minimum 3 characters :
Wrong Input : Fist letter Should be capital and must contains minimum 3 characters :
Wrong Input : Fist letter Should be capital and must contains minimum 3 characters :
Wrong Input : Fist letter Should be capital and must contains minimum 3 characters :
Wrong Input : Fist letter Should be capital and must contains minimum 3 characters :
Wrong Input : Fist letter Should be capital and must contains minimum 3 characters :
Wrong Input : Fist letter Should be capital and must contains minimum 3 characters :
Wrong Input : Fist letter Should be capital and must contains minimum 3 characters :
Wrong Input : Fist letter Should be capital and must contains minimum 3 characters :
Wrong Input : Fist letter Should be capital and must contains minimum 3 characters :
Wrong Input : Fist letter Should be capital and must contains minimum 3 characters :
Wrong Input : Fist letter Should be capital and must contains minimum 3 characters :
Wrong Input : Fist letter Should be capital and must contains minimum 3 characters :
Wrong Input : Fist letter Should be capital and must contains minimum 3 characters :
Wrong Input : Fist letter Should be capital and must contains minimum 3 characters :
Wrong Input : Fist letter Should be capital and must contains minimum 3 characters :
Wrong Input : Fist letter Should be capital and must contains minimum 3 characters :
Wrong Input : Fist letter Should be capital and must contains minimum 3 characters :
Wrong Input : Fist letter Should be capital and must contains minimum 3 characters :
Wrong Input : Fist letter Should be capital and must contains minimum 3 characters :
Wrong Input : Fist letter Should be capital and must contains minimum 3 characters :
Wrong Input : Fist letter Should be capital and must contains minimum 3 characters :
Wrong Input : Fist letter Should be capital and must contains minimum 3 characters :
Wrong Input : Fist letter Should be capital and must contains minimum 3 characters :
Wrong Input : Fist letter Should be capital and must contains minimum 3 characters :
Wrong Input : Fist letter Should be capital and must contains minimum 3 characters :
Wrong Input : Fist letter Should be capital and must contains minimum 3 characters :
Wrong Input : Fist letter Should be capital and must contains minimum 3 characters :
Wrong Input : Fist letter Should be capital and must contains minimum 3 characters :
Wrong Input : Fist letter Should be capital and must contains minimum 3 characters :
Wrong Input : Fist letter Should be capital and must contains minimum 3 characters :
Wrong Input : Fist letter Should be capital and must contains minimum 3 characters :
Wrong Input : Fist letter Should be capital and must contains minimum 3 characters :
Wrong Input : Fist letter Should be capital and must contains minimum 3 characters :
Wrong Input : Fist letter Should be capital and must contains minimum 3 characters :
Wrong Input : Fist letter Should be capital and must contains minimum 3 characters :
Wrong Input : Fist letter Should be capital and must contains minimum 3 characters :
Wrong Input : Fist letter Should be capital and must contains minimum 3 characters :
Wrong Input : Fist letter Should be capital and must contains minimum 3 characters :
Wrong Input : Fist letter Should be capital and must contains minimum 3 characters :
Wrong Input : Fist letter Should be capital and must contains minimum 3 characters :
Wrong Input : Fist letter Should be capital and must contains minimum 3 characters :
Wrong Input : Fist letter Should be capital and must contains minimum 3 characters :
Wrong Input : Fist letter Should be capital and must contains minimum 3 characters :
Wrong Input : Fist letter Should be capital and must contains minimum 3 characters :
Wrong Input : Fist letter Should be capital and must contains minimum 3 characters :
Wrong Input : Fist letter Should be capital and must contains minimum 3 characters :
Wrong Input : Fist letter Should be capital and must contains minimum 3 characters :
Wrong Input : Fist letter Should be capital and must contains minimum 3 characters :
Wrong Input : Fist letter Should be capital and must contains minimum 3 characters :
Wrong Input : Fist letter Should be capital and must contains minimum 3 characters :
Wrong Input : Fist letter Should be capital and must contains minimum 3 characters :
Wrong Input : Fist letter Should be capital and must contains minimum 3 characters :
Wrong Input : Fist letter Should be capital and must contains minimum 3 characters :
Wrong Input : Fist letter Should be capital and must contains minimum 3 characters :
Wrong Input : Fist letter Should be capital and must contains minimum 3 characters :
Wrong Input : Fist letter Should be capital and must contains minimum 3 characters :
Wrong Input : Fist letter Should be capital and must contains minimum 3 characters :
Wrong Input : Fist letter Should be capital and must contains minimum 3 characters :
Wrong Input : Fist letter Should be capital and must contains minimum 3 characters :
Wrong Input : Fist letter Should be capital and must contains minimum 3 characters :
Wrong Input : Fist letter Should be capital and must contains minimum 3 characters :
Wrong Input : Fist letter Should be capital and must contains minimum 3 characters :
Wrong Input : Fist letter Should be capital and must contains minimum 3 characters :
Wrong Input : Fist letter Should be capital and must contains minimum 3 characters :
Wrong Input : Fist letter Should be capital and must contains minimum 3 characters :
Wrong Input : Fist letter Should be capital and must contains minimum 3 characters :
Wrong Input : Fist letter Should be capital and must contains minimum 3 characters :
Wrong Input : Fist letter Should be capital and must contains minimum 3 characters :
Wrong Input : Fist letter Should be capital and must contains minimum 3 characters :
Wrong Input : Fist letter Should be capital and must contains minimum 3 characters :
Wrong Input : Fist letter Should be capital and must contains minimum 3 characters :
Wrong Input : Fist letter Should be capital and must contains minimum 3 characters :
Wrong Input : Fist letter Should be capital and must contains minimum 3 characters :
Wrong Input : Fist letter Should be capital and must contains minimum 3 characters :
Wrong Input : Fist letter Should be capital and must contains minimum 3 characters :
Wrong Input : Fist letter Should be capital and must contains minimum 3 characters :
Wrong Input : Fist letter Should be capital and must contains minimum 3 characters :
Wrong Input : Fist letter Should be capital and must contains minimum 3 characters :
Wrong Input : Fist letter Should be capital and must contains minimum 3 characters :
Wrong Input : Fist letter Should be capital and must contains minimum 3 characters :
Wrong Input : Fist letter Should be capital and must contains minimum 3 characters :
Wrong Input : Fist letter Should be capital and must contains minimum 3 characters :
Wrong Input : Fist letter Should be capital and must contains minimum 3 characters :
Wrong Input : Fist letter Should be capital and must contains minimum 3 characters :
Wrong Input : Fist letter Should be capital and must contains minimum 3 characters :
Wrong Input : Fist letter Should be capital and must contains minimum 3 characters :
Wrong Input : Fist letter Should be capital and must contains minimum 3 characters :
Wrong Input : Fist letter Should be capital and must contains minimum 3 characters :
Wrong Input : Fist letter Should be capital and must contains minimum 3 characters :
Wrong Input : Fist letter Should be capital and must contains minimum 3 characters :
Wrong Input : Fist letter Should be capital and must contains minimum 3 characters :
Wrong Input : Fist letter Should be capital and must contains minimum 3 characters :
Wrong Input : Fist letter Should be capital and must contains minimum 3 characters :
Wrong Input : Fist letter Should be capital and must contains minimum 3 characters :
Wrong Input : Fist letter Should be capital and must contains minimum 3 characters :
Wrong Input : Fist letter Should be capital and must contains minimum 3 characters :
Wrong Input : Fist letter Should be capital and must contains minimum 3 characters :
Wrong Input : Fist letter Should be capital and must contains minimum 3 characters :
Wrong Input : Fist letter Should be capital and must contains minimum 3 characters :
Wrong Input : Fist letter Should be capital and must contains minimum 3 characters :
Wrong Input : Fist letter Should be capital and must contains minimum 3 characters :
Wrong Input : Fist letter Should be capital and must contains minimum 3 characters :
Wrong Input : Fist letter Should be capital and must contains minimum 3 characters :
Wrong Input : Fist letter Should be capital and must contains minimum 3 characters :
Wrong Input : Fist letter Should be capital and must contains minimum 3 characters :
Wrong Input : Fist letter Should be capital and must contains minimum 3 characters :
Wrong Input : Fist letter Should be capital and must contains minimum 3 characters :
Wrong Input : Fist letter Should be capital and must contains minimum 3 characters :
Wrong Input : Fist letter Should be capital and must contains minimum 3 characters :
Wrong Input : Fist letter Should be capital and must contains minimum 3 characters :
Wrong Input : Fist letter Should be capital and must contains minimum 3 characters :
Wrong Input : Fist letter Should be capital and must contains minimum 3 characters :
Wrong Input : Fist letter Should be capital and must contains minimum 3 characters :
Wrong Input : Fist letter Should be capital and must contains minimum 3 characters :
Wrong Input : Fist letter Should be capital and must contains minimum 3 characters :
Wrong Input : Fist letter Should be capital and must contains minimum 3 characters :
Wrong Input : Fist letter Should be capital and must contains minimum 3 characters :
Wrong Input : Fist letter Should be capital and must contains minimum 3 characters :
Wrong Input : Fist letter Should be capital and must contains minimum 3 characters :
Wrong Input : Fist letter Should be capital and must contains minimum 3 characters :
Wrong Input : Fist letter Should be capital and must contains minimum 3 characters :
Wrong Input : Fist letter Should be capital and must contains minimum 3 characters :
Wrong Input : Fist letter Should be capital and must contains minimum 3 characters :
Wrong Input : Fist letter Should be capital and must contains minimum 3 characters :
Wrong Input : Fist letter Should be capital and must contains minimum 3 characters :
Wrong Input : Fist letter Should be capital and must contains minimum 3 characters :
Wrong Input : Fist letter Should be capital and must contains minimum 3 characters :
Wrong Input : Fist letter Should be capital and must contains minimum 3 characters :
Wrong Input : Fist letter Should be capital and must contains minimum 3 characters :
Wrong Input : Fist letter Should be capital and must contains minimum 3 characters :
Wrong Input : Fist letter Should be capital and must contains minimum 3 characters :
Wrong Input : Fist letter Should be capital and must contains minimum 3 characters :
Wrong Input : Fist letter Should be capital and must contains minimum 3 characters :
Wrong Input : Fist letter Should be capital and must contains minimum 3 characters :
Wrong Input : Fist letter Should be capital and must contains minimum 3 characters :
Wrong Input : Fist letter Should be capital and must contains minimum 3 characters :
Wrong Input : Fist letter Should be capital and must contains minimum 3 characters :
Wrong Input : Fist letter Should be capital and must contains minimum 3 characters :
Wrong Input : Fist letter Should be capital and must contains minimum 3 characters :
Wrong Input : Fist letter Should be capital and must contains minimum 3 characters :
Wrong Input : Fist letter Should be capital and must contains minimum 3 characters :
Wrong Input : Fist letter Should be capital and must contains minimum 3 characters :
Wrong Input : Fist letter Should be capital and must contains minimum 3 characters :
Wrong Input : Fist letter Should be capital and must contains minimum 3 characters :
Wrong Input : Fist letter Should be capital and must contains minimum 3 characters :
Wrong Input : Fist letter Should be capital and must contains minimum 3 characters :
Wrong Input : Fist letter Should be capital and must contains minimum 3 characters :
Wrong Input : Fist letter Should be capital and must contains minimum 3 characters :
Wrong Input : Fist letter Should be capital and must contains minimum 3 characters :
Wrong Input : Fist letter Should be capital and must contains minimum 3 characters :
Wrong Input : Fist letter Should be capital and must contains minimum 3 characters :
Wrong Input : Fist letter Should be capital and must contains minimum 3 characters :
Wrong Input : Fist letter Should be capital and must contains minimum 3 characters :
Wrong Input : Fist letter Should be capital and must contains minimum 3 characters :
Wrong Input : Fist letter Should be capital and must contains minimum 3 characters :
Wrong Input : Fist letter Should be capital and must contains minimum 3 characters :
Wrong Input : Fist letter Should be capital and must contains minimum 3 characters :
Wrong Input : Fist letter Should be capital and must contains minimum 3 characters :
Wrong Input : Fist letter Should be capital and must contains minimum 3 characters :
Wrong Input : Fist letter Should be capital and must contains minimum 3 characters :
Wrong Input : Fist letter Should be capital and must contains minimum 3 characters :
Wrong Input : Fist letter Should be capital and must contains minimum 3 characters :
Wrong Input : Fist letter Should be capital and must contains minimum 3 characters :
Wrong Input : Fist letter Should be capital and must contains minimum 3 characters :
Wrong Input : Fist letter Should be capital and must contains minimum 3 characters :
Wrong Input : Fist letter Should be capital and must contains minimum 3 characters :
Wrong Input : Fist letter Should be capital and must contains minimum 3 characters :
Wrong Input : Fist letter Should be capital and must contains minimum 3 characters :
Wrong Input : Fist letter Should be capital and must contains minimum 3 characters :
Wrong Input : Fist letter Should be capital and must contains minimum 3 characters :
Wrong Input : Fist letter Should be capital and must contains minimum 3 characters :
Wrong Input : Fist letter Should be capital and must contains minimum 3 characters :
Wrong Input : Fist letter Should be capital and must contains minimum 3 characters :
Wrong Input : Fist letter Should be capital and must contains minimum 3 characters :
Wrong Input : Fist letter Should be capital and must contains minimum 3 characters :
Wrong Input : Fist letter Should be capital and must contains minimum 3 characters :
Wrong Input : Fist letter Should be capital and must contains minimum 3 characters :
Wrong Input : Fist letter Should be capital and must contains minimum 3 characters :
Wrong Input : Fist letter Should be capital and must contains minimum 3 characters :
Wrong Input : Fist letter Should be capital and must contains minimum 3 characters :
Wrong Input : Fist letter Should be capital and must contains minimum 3 characters :
Wrong Input : Fist letter Should be capital and must contains minimum 3 characters :
Wrong Input : Fist letter Should be capital and must contains minimum 3 characters :
Wrong Input : Fist letter Should be capital and must contains minimum 3 characters :
Wrong Input : Fist letter Should be capital and must contains minimum 3 characters :
Wrong Input : Fist letter Should be capital and must contains minimum 3 characters :
Wrong Input : Fist letter Should be capital and must contains minimum 3 characters :
Wrong Input : Fist letter Should be capital and must contains minimum 3 characters :
Wrong Input : Fist letter Should be capital and must contains minimum 3 characters :
Wrong Input : Fist letter Should be capital and must contains minimum 3 characters :
Wrong Input : Fist letter Should be capital and must contains minimum 3 characters :
Wrong Input : Fist letter Should be capital and must contains minimum 3 characters :
Wrong Input : Fist letter Should be capital and must contains minimum 3 characters :
Wrong Input : Fist letter Should be capital and must contains minimum 3 characters :
Wrong Input : Fist letter Should be capital and must contains minimum 3 characters :
Wrong Input : Fist letter Should be capital and must contains minimum 3 characters :
Wrong Input : Fist letter Should be capital and must contains minimum 3 characters :
Wrong Input : Fist letter Should be capital and must contains minimum 3 characters :
Wrong Input : Fist letter Should be capital and must contains minimum 3 characters :
Wrong Input : Fist letter Should be capital and must contains minimum 3 characters :
Wrong Input : Fist letter Should be capital and must contains minimum 3 characters :
Wrong Input : Fist letter Should be capital and must contains minimum 3 characters :
Wrong Input : Fist letter Should be capital and must contains minimum 3 characters :
Wrong Input : Fist letter Should be capital and must contains minimum 3 characters :
Wrong Input : Fist letter Should be capital and must contains minimum 3 characters :
Wrong Input : Fist letter Should be capital and must contains minimum 3 characters :
Wrong Input : Fist letter Should be capital and must contains minimum 3 characters :
Wrong Input : Fist letter Should be capital and must contains minimum 3 characters :
Wrong Input : Fist letter Should be capital and must contains minimum 3 characters :
Wrong Input : Fist letter Should be capital and must contains minimum 3 characters :
Wrong Input : Fist letter Should be capital and must contains minimum 3 characters :
Wrong Input : Fist letter Should be capital and must contains minimum 3 characters :
Wrong Input : Fist letter Should be capital and must contains minimum 3 characters :
Wrong Input : Fist letter Should be capital and must contains minimum 3 characters :
Wrong Input : Fist letter Should be capital and must contains minimum 3 characters :
Wrong Input : Fist letter Should be capital and must contains minimum 3 characters :
Wrong Input : Fist letter Should be capital and must contains minimum 3 characters :
Wrong Input : Fist letter Should be capital and must contains minimum 3 characters :
Wrong Input : Fist letter Should be capital and must contains minimum 3 characters :
Wrong Input : Fist letter Should be capital and must contains minimum 3 characters :
Wrong Input : Fist letter Should be capital and must contains minimum 3 characters :
Wrong Input : Fist letter Should be capital and must contains minimum 3 characters :
Wrong Input : Fist letter Should be capital and must contains minimum 3 characters :
Wrong Input : Fist letter Should be capital and must contains minimum 3 characters :
Wrong Input : Fist letter Should be capital and must contains minimum 3 characters :
Wrong Input : Fist letter Should be capital and must contains minimum 3 characters :
Wrong Input : Fist letter Should be capital and must contains minimum 3 characters :
Wrong Input : Fist letter Should be capital and must contains minimum 3 characters :
Wrong Input : Fist letter Should be capital and must contains minimum 3 characters :
Wrong Input : Fist letter Should be capital and must contains minimum 3 characters :
Wrong Input : Fist letter Should be capital and must contains minimum 3 characters :
Wrong Input : Fist letter Should be capital and must contains minimum 3 characters :
Wrong Input : Fist letter Should be capital and must contains minimum 3 characters :
Wrong Input : Fist letter Should be capital and must contains minimum 3 characters :
Wrong Input : Fist letter Should be capital and must contains minimum 3 characters :
Wrong Input : Fist letter Should be capital and must contains minimum 3 characters :
Wrong Input : Fist letter Should be capital and must contains minimum 3 characters :
Wrong Input : Fist letter Should be capital and must contains minimum 3 characters :
Wrong Input : Fist letter Should be capital and must contains minimum 3 characters :
Wrong Input : Fist letter Should be capital and must contains minimum 3 characters :
Wrong Input : Fist letter Should be capital and must contains minimum 3 characters :
Wrong Input : Fist letter Should be capital and must contains minimum 3 characters :
Wrong Input : Fist letter Should be capital and must contains minimum 3 characters :
Wrong Input : Fist letter Should be capital and must contains minimum 3 characters :
Wrong Input : Fist letter Should be capital and must contains minimum 3 characters :
Wrong Input : Fist letter Should be capital and must contains minimum 3 characters :
Wrong Input : Fist letter Should be capital and must contains minimum 3 characters :
Wrong Input : Fist letter Should be capital and must contains minimum 3 characters :
Wrong Input : Fist letter Should be capital and must contains minimum 3 characters :
Wrong Input : Fist letter Should be capital and must contains minimum 3 characters :
Wrong Input : Fist letter Should be capital and must contains minimum 3 characters :
Wrong Input : Fist letter Should be capital and must contains minimum 3 characters :
Wrong Input : Fist letter Should be capital and must contains minimum 3 characters :
Wrong Input : Fist letter Should be capital and must contains minimum 3 characters :
Wrong Input : Fist letter Should be capital and must contains minimum 3 characters :
Wrong Input : Fist letter Should be capital and must contains minimum 3 characters :
Wrong Input : Fist letter Should be capital and must contains minimum 3 characters :
Wrong Input : Fist letter Should be capital and must contains minimum 3 characters :
Wrong Input : Fist letter Should be capital and must contains minimum 3 characters :
Wrong Input : Fist letter Should be capital and must contains minimum 3 characters :
Wrong Input : Fist letter Should be capital and must contains minimum 3 characters :
Wrong Input : Fist letter Should be capital and must contains minimum 3 characters :
Wrong Input : Fist letter Should be capital and must contains minimum 3 characters :
Wrong Input : Fist letter Should be capital and must contains minimum 3 characters :
Wrong Input : Fist letter Should be capital and must contains minimum 3 characters :
Wrong Input : Fist letter Should be capital and must contains minimum 3 characters :
Wrong Input : Fist letter Should be capital and must contains minimum 3 characters :
Wrong Input : Fist letter Should be capital and must contains minimum 3 characters :
Wrong Input : Fist letter Should be capital and must contains minimum 3 characters :
Wrong Input : Fist letter Should be capital and must contains minimum 3 characters :
Wrong Input : Fist letter Should be capital and must contains minimum 3 characters :
Wrong Input : Fist letter Should be capital and must contains minimum 3 characters :
Wrong Input : Fist letter Should be capital and must contains minimum 3 characters :
Wrong Input : Fist letter Should be capital and must contains minimum 3 characters :
Wrong Input : Fist letter Should be capital and must contains minimum 3 characters :
Wrong Input : Fist letter Should be capital and must contains minimum 3 characters :
Wrong Input : Fist letter Should be capital and must contains minimum 3 characters :
Wrong Input : Fist letter Should be capital and must contains minimum 3 characters :
Wrong Input : Fist letter Should be capital and must contains minimum 3 characters :
Wrong Input : Fist letter Should be capital and must contains minimum 3 characters :
Wrong Input : Fist letter Should be capital and must contains minimum 3 characters :
Wrong Input : Fist letter Should be capital and must contains minimum 3 characters :
Wrong Input : Fist letter Should be capital and must contains minimum 3 characters :
Wrong Input : Fist letter Should be capital and must contains minimum 3 characters :
Wrong Input : Fist letter Should be capital and must contains minimum 3 characters :
Wrong Input : Fist letter Should be capital and must contains minimum 3 characters :
Wrong Input : Fist letter Should be capital and must contains minimum 3 characters :
Wrong Input : Fist letter Should be capital and must contains minimum 3 characters :
Wrong Input : Fist letter Should be capital and must contains minimum 3 characters :
Wrong Input : Fist letter Should be capital and must contains minimum 3 characters :
Wrong Input : Fist letter Should be capital and must contains minimum 3 characters :
Wrong Input : Fist letter Should be capital and must contains minimum 3 characters :
Wrong Input : Fist letter Should be capital and must contains minimum 3 characters :
Wrong Input : Fist letter Should be capital and must contains minimum 3 characters :
Wrong Input : Fist letter Should be capital and must contains minimum 3 characters :
Wrong Input : Fist letter Should be capital and must contains minimum 3 characters :
Wrong Input : Fist letter Should be capital and must contains minimum 3 characters :
Wrong Input : Fist letter Should be capital and must contains minimum 3 characters :
Wrong Input : Fist letter Should be capital and must contains minimum 3 characters :
Wrong Input : Fist letter Should be capital and must contains minimum 3 characters :
Wrong Input : Fist letter Should be capital and must contains minimum 3 characters :
Wrong Input : Fist letter Should be capital and must contains minimum 3 characters :
Wrong Input : Fist letter Should be capital and must contains minimum 3 characters :
Wrong Input : Fist letter Should be capital and must contains minimum 3 characters :
Wrong Input : Fist letter Should be capital and must contains minimum 3 characters :
Wrong Input : Fist letter Should be capital and must contains minimum 3 characters :
Wrong Input : Fist letter Should be capital and must contains minimum 3 characters :
Wrong Input : Fist letter Should be capital and must contains minimum 3 characters :
Wrong Input : Fist letter Should be capital and must contains minimum 3 characters :
Wrong Input : Fist letter Should be capital and must contains minimum 3 characters :
Wrong Input : Fist letter Should be capital and must contains minimum 3 characters :
Wrong Input : Fist letter Should be capital and must contains minimum 3 characters :
Wrong Input : Fist letter Should be capital and must contains minimum 3 characters :
Wrong Input : Fist letter Should be capital and must contains minimum 3 characters :
Wrong Input : Fist letter Should be capital and must contains minimum 3 characters :
Wrong Input : Fist letter Should be capital and must contains minimum 3 characters :
Wrong Input : Fist letter Should be capital and must contains minimum 3 characters :
Wrong Input : Fist letter Should be capital and must contains minimum 3 characters :
Wrong Input : Fist letter Should be capital and must contains minimum 3 characters :
Wrong Input : Fist letter Should be capital and must contains minimum 3 characters :
Wrong Input : Fist letter Should be capital and must contains minimum 3 characters :
Wrong Input : Fist letter Should be capital and must contains minimum 3 characters :
Wrong Input : Fist letter Should be capital and must contains minimum 3 characters :
Wrong Input : Fist letter Should be capital and must contains minimum 3 characters :
Wrong Input : Fist letter Should be capital and must contains minimum 3 characters :
Wrong Input : Fist letter Should be capital and must contains minimum 3 characters :
Wrong Input : Fist letter Should be capital and must contains minimum 3 characters :
Wrong Input : Fist letter Should be capital and must contains minimum 3 characters :
Wrong Input : Fist letter Should be capital and must contains minimum 3 characters :
Wrong Input : Fist letter Should be capital and must contains minimum 3 characters :
Wrong Input : Fist letter Should be capital and must contains minimum 3 characters :
Wrong Input : Fist letter Should be capital and must contains minimum 3 characters :
Wrong Input : Fist letter Should be capital and must contains minimum 3 characters :
Wrong Input : Fist letter Should be capital and must contains minimum 3 characters :
Wrong Input : Fist letter Should be capital and must contains minimum 3 characters :
Wrong Input : Fist letter Should be capital and must contains minimum 3 characters :
Wrong Input : Fist letter Should be capital and must contains minimum 3 characters :
Wrong Input : Fist letter Should be capital and must contains minimum 3 characters :
Wrong Input : Fist letter Should be capital and must contains minimum 3 characters :
Wrong Input : Fist letter Should be capital and must contains minimum 3 characters :
Wrong Input : Fist letter Should be capital and must contains minimum 3 characters :
Wrong Input : Fist letter Should be capital and must contains minimum 3 characters :
Wrong Input : Fist letter Should be capital and must contains minimum 3 characters :
Wrong Input : Fist letter Should be capital and must contains minimum 3 characters :
Wrong Input : Fist letter Should be capital and must contains minimum 3 characters :
Wrong Input : Fist letter Should be capital and must contains minimum 3 characters :
Wrong Input : Fist letter Should be capital and must contains minimum 3 characters :
Wrong Input : Fist letter Should be capital and must contains minimum 3 characters :
Wrong Input : Fist letter Should be capital and must contains minimum 3 characters :
Wrong Input : Fist letter Should be capital and must contains minimum 3 characters :
Wrong Input : Fist letter Should be capital and must contains minimum 3 characters :
Wrong Input : Fist letter Should be capital and must contains minimum 3 characters :
Wrong Input : Fist letter Should be capital and must contains minimum 3 characters :
Wrong Input : Fist letter Should be capital and must contains minimum 3 characters :
Wrong Input : Fist letter Should be capital and must contains minimum 3 characters :
Wrong Input : Fist letter Should be capital and must contains minimum 3 characters :
Wrong Input : Fist letter Should be capital and must contains minimum 3 characters :
Wrong Input : Fist letter Should be capital and must contains minimum 3 characters :
Wrong Input : Fist letter Should be capital and must contains minimum 3 characters :
Wrong Input : Fist letter Should be capital and must contains minimum 3 characters :
Wrong Input : Fist letter Should be capital and must contains minimum 3 characters :
Wrong Input : Fist letter Should be capital and must contains minimum 3 characters :
Wrong Input : Fist letter Should be capital and must contains minimum 3 characters :
Wrong Input : Fist letter Should be capital and must contains minimum 3 characters :
Wrong Input : Fist letter Should be capital and must contains minimum 3 characters :
Wrong Input : Fist letter Should be capital and must contains minimum 3 characters :
Wrong Input : Fist letter Should be capital and must contains minimum 3 characters :
Wrong Input : Fist letter Should be capital and must contains minimum 3 characters :
Wrong Input : Fist letter Should be capital and must contains minimum 3 characters :
Wrong Input : Fist letter Should be capital and must contains minimum 3 characters :
Wrong Input : Fist letter Should be capital and must contains minimum 3 characters :
Wrong Input : Fist letter Should be capital and must contains minimum 3 characters :
Wrong Input : Fist letter Should be capital and must contains minimum 3 characters :
Wrong Input : Fist letter Should be capital and must contains minimum 3 characters :
Wrong Input : Fist letter Should be capital and must contains minimum 3 characters :
Wrong Input : Fist letter Should be capital and must contains minimum 3 characters :
Wrong Input : Fist letter Should be capital and must contains minimum 3 characters :
Wrong Input : Fist letter Should be capital and must contains minimum 3 characters :
Wrong Input : Fist letter Should be capital and must contains minimum 3 characters :
Wrong Input : Fist letter Should be capital and must contains minimum 3 characters :
Wrong Input : Fist letter Should be capital and must contains minimum 3 characters :
Wrong Input : Fist letter Should be capital and must contains minimum 3 characters :
Wrong Input : Fist letter Should be capital and must contains minimum 3 characters :
Wrong Input : Fist letter Should be capital and must contains minimum 3 characters :
Wrong Input : Fist letter Should be capital and must contains minimum 3 characters :
Wrong Input : Fist letter Should be capital and must contains minimum 3 characters :
Wrong Input : Fist letter Should be capital and must contains minimum 3 characters :
Wrong Input : Fist letter Should be capital and must contains minimum 3 characters :
Wrong Input : Fist letter Should be capital and must contains minimum 3 characters :
Wrong Input : Fist letter Should be capital and must contains minimum 3 characters :
Wrong Input : Fist letter Should be capital and must contains minimum 3 characters :
Wrong Input : Fist letter Should be capital and must contains minimum 3 characters :
Wrong Input : Fist letter Should be capital and must contains minimum 3 characters :
Wrong Input : Fist letter Should be capital and must contains minimum 3 characters :
Wrong Input : Fist letter Should be capital and must contains minimum 3 characters :
Wrong Input : Fist letter Should be capital and must contains minimum 3 characters :
Wrong Input : Fist letter Should be capital and must contains minimum 3 characters :
Wrong Input : Fist letter Should be capital and must contains minimum 3 characters :
Wrong Input : Fist letter Should be capital and must contains minimum 3 characters :
Wrong Input : Fist letter Should be capital and must contains minimum 3 characters :
Wrong Input : Fist letter Should be capital and must contains minimum 3 characters :
Wrong Input : Fist letter Should be capital and must contains minimum 3 characters :
Wrong Input : Fist letter Should be capital and must contains minimum 3 characters :
Wrong Input : Fist letter Should be capital and must contains minimum 3 characters :
Wrong Input : Fist letter Should be capital and must contains minimum 3 characters :
Wrong Input : Fist letter Should be capital and must contains minimum 3 characters :
Wrong Input : Fist letter Should be capital and must contains minimum 3 characters :
Wrong Input : Fist letter Should be capital and must contains minimum 3 characters :
Wrong Input : Fist letter Should be capital and must contains minimum 3 characters :
Wrong Input : Fist letter Should be capital and must contains minimum 3 characters :
Wrong Input : Fist letter Should be capital and must contains minimum 3 characters :
Wrong Input : Fist letter Should be capital and must contains minimum 3 characters :
Wrong Input : Fist letter Should be capital and must contains minimum 3 characters :
Wrong Input : Fist letter Should be capital and must contains minimum 3 characters :
Wrong Input : Fist letter Should be capital and must contains minimum 3 characters :
Wrong Input : Fist letter Should be capital and must contains minimum 3 characters :
Wrong Input : Fist letter Should be capital and must contains minimum 3 characters :
Wrong Input : Fist letter Should be capital and must contains minimum 3 characters :
Wrong Input : Fist letter Should be capital and must contains minimum 3 characters :
Wrong Input : Fist letter Should be capital and must contains minimum 3 characters :
Wrong Input : Fist letter Should be capital and must contains minimum 3 characters :
Wrong Input : Fist letter Should be capital and must contains minimum 3 characters :
Wrong Input : Fist letter Should be capital and must contains minimum 3 characters :
Wrong Input : Fist letter Should be capital and must contains minimum 3 characters :
Wrong Input : Fist letter Should be capital and must contains minimum 3 characters :
Wrong Input : Fist letter Should be capital and must contains minimum 3 characters :
Wrong Input : Fist letter Should be capital and must contains minimum 3 characters :
Wrong Input : Fist letter Should be capital and must contains minimum 3 characters :
Wrong Input : Fist letter Should be capital and must contains minimum 3 characters :
Wrong Input : Fist letter Should be capital and must contains minimum 3 characters :
Wrong Input : Fist letter Should be capital and must contains minimum 3 characters :
Wrong Input : Fist letter Should be capital and must contains minimum 3 characters :
Wrong Input : Fist letter Should be capital and must contains minimum 3 characters :
Wrong Input : Fist letter Should be capital and must contains minimum 3 characters :
Wrong Input : Fist letter Should be capital and must contains minimum 3 characters :
Wrong Input : Fist letter Should be capital and must contains minimum 3 characters :
Wrong Input : Fist letter Should be capital and must contains minimum 3 characters :
Wrong Input : Fist letter Should be capital and must contains minimum 3 characters :
Wrong Input : Fist letter Should be capital and must contains minimum 3 characters :
Wrong Input : Fist letter Should be capital and must contains minimum 3 characters :
Wrong Input : Fist letter Should be capital and must contains minimum 3 characters :
Wrong Input : Fist letter Should be capital and must contains minimum 3 characters :
Wrong Input : Fist letter Should be capital and must contains minimum 3 characters :
Wrong Input : Fist letter Should be capital and must contains minimum 3 characters :
Wrong Input : Fist letter Should be capital and must contains minimum 3 characters :
Wrong Input : Fist letter Should be capital and must contains minimum 3 characters :
Wrong Input : Fist letter Should be capital and must contains minimum 3 characters :
Wrong Input : Fist letter Should be capital and must contains minimum 3 characters :
Wrong Input : Fist letter Should be capital and must contains minimum 3 characters :
Wrong Input : Fist letter Should be capital and must contains minimum 3 characters :
Wrong Input : Fist letter Should be capital and must contains minimum 3 characters :
Wrong Input : Fist letter Should be capital and must contains minimum 3 characters :
Wrong Input : Fist letter Should be capital and must contains minimum 3 characters :
Wrong Input : Fist letter Should be capital and must contains minimum 3 characters :
Wrong Input : Fist letter Should be capital and must contains minimum 3 characters :
Wrong Input : Fist letter Should be capital and must contains minimum 3 characters :
Wrong Input : Fist letter Should be capital and must contains minimum 3 characters :
Wrong Input : Fist letter Should be capital and must contains minimum 3 characters :
Wrong Input : Fist letter Should be capital and must contains minimum 3 characters :
Wrong Input : Fist letter Should be capital and must contains minimum 3 characters :
Wrong Input : Fist letter Should be capital and must contains minimum 3 characters :
Wrong Input : Fist letter Should be capital and must contains minimum 3 characters :
Wrong Input : Fist letter Should be capital and must contains minimum 3 characters :
Wrong Input : Fist letter Should be capital and must contains minimum 3 characters :
Wrong Input : Fist letter Should be capital and must contains minimum 3 characters :
Wrong Input : Fist letter Should be capital and must contains minimum 3 characters :
Wrong Input : Fist letter Should be capital and must contains minimum 3 characters :
Wrong Input : Fist letter Should be capital and must contains minimum 3 characters :
Wrong Input : Fist letter Should be capital and must contains minimum 3 characters :
Wrong Input : Fist letter Should be capital and must contains minimum 3 characters :
Wrong Input : Fist letter Should be capital and must contains minimum 3 characters :
Wrong Input : Fist letter Should be capital and must contains minimum 3 characters :
Wrong Input : Fist letter Should be capital and must contains minimum 3 characters :
Wrong Input : Fist letter Should be capital and must contains minimum 3 characters :
Wrong Input : Fist letter Should be capital and must contains minimum 3 characters :
Wrong Input : Fist letter Should be capital and must contains minimum 3 characters :
Wrong Input : Fist letter Should be capital and must contains minimum 3 characters :
Wrong Input : Fist letter Should be capital and must contains minimum 3 characters :
Wrong Input : Fist letter Should be capital and must contains minimum 3 characters :
Wrong Input : Fist letter Should be capital and must contains minimum 3 characters :
Wrong Input : Fist letter Should be capital and must contains minimum 3 characters :
Wrong Input : Fist letter Should be capital and must contains minimum 3 characters :
Wrong Input : Fist letter Should be capital and must contains minimum 3 characters :
Wrong Input : Fist letter Should be capital and must contains minimum 3 characters :
Wrong Input : Fist letter Should be capital and must contains minimum 3 characters :
Wrong Input : Fist letter Should be capital and must contains minimum 3 characters :
Wrong Input : Fist letter Should be capital and must contains minimum 3 characters :
Wrong Input : Fist letter Should be capital and must contains minimum 3 characters :
Wrong Input : Fist letter Should be capital and must contains minimum 3 characters :
Wrong Input : Fist letter Should be capital and must contains minimum 3 characters :
Wrong Input : Fist letter Should be capital and must contains minimum 3 characters :
Wrong Input : Fist letter Should be capital and must contains minimum 3 characters :
Wrong Input : Fist letter Should be capital and must contains minimum 3 characters :
Wrong Input : Fist letter Should be capital and must contains minimum 3 characters :
Wrong Input : Fist letter Should be capital and must contains minimum 3 characters :
Wrong Input : Fist letter Should be capital and must contains minimum 3 characters :
Wrong Input : Fist letter Should be capital and must contains minimum 3 characters :
Wrong Input : Fist letter Should be capital and must contains minimum 3 characters :
Wrong Input : Fist letter Should be capital and must contains minimum 3 characters :
Wrong Input : Fist letter Should be capital and must contains minimum 3 characters :
Wrong Input : Fist letter Should be capital and must contains minimum 3 characters :
Wrong Input : Fist letter Should be capital and must contains minimum 3 characters :
Wrong Input : Fist letter Should be capital and must contains minimum 3 characters :
Wrong Input : Fist letter Should be capital and must contains minimum 3 characters :
Wrong Input : Fist letter Should be capital and must contains minimum 3 characters :
Wrong Input : Fist letter Should be capital and must contains minimum 3 characters :
Wrong Input : Fist letter Should be capital and must contains minimum 3 characters :
Wrong Input : Fist letter Should be capital and must contains minimum 3 characters :
Wrong Input : Fist letter Should be capital and must contains minimum 3 characters :
Wrong Input : Fist letter Should be capital and must contains minimum 3 characters :
Wrong Input : Fist letter Should be capital and must contains minimum 3 characters :
Wrong Input : Fist letter Should be capital and must contains minimum 3 characters :
Wrong Input : Fist letter Should be capital and must contains minimum 3 characters :
Wrong Input : Fist letter Should be capital and must contains minimum 3 characters :
Wrong Input : Fist letter Should be capital and must contains minimum 3 characters :
Wrong Input : Fist letter Should be capital and must contains minimum 3 characters :
Wrong Input : Fist letter Should be capital and must contains minimum 3 characters :
Wrong Input : Fist letter Should be capital and must contains minimum 3 characters :
Wrong Input : Fist letter Should be capital and must contains minimum 3 characters :
Wrong Input : Fist letter Should be capital and must contains minimum 3 characters :
Wrong Input : Fist letter Should be capital and must contains minimum 3 characters :
Wrong Input : Fist letter Should be capital and must contains minimum 3 characters :
Wrong Input : Fist letter Should be capital and must contains minimum 3 characters :
Wrong Input : Fist letter Should be capital and must contains minimum 3 characters :
Wrong Input : Fist letter Should be capital and must contains minimum 3 characters :
Wrong Input : Fist letter Should be capital and must contains minimum 3 characters :
Wrong Input : Fist letter Should be capital and must contains minimum 3 characters :
Wrong Input : Fist letter Should be capital and must contains minimum 3 characters :
Wrong Input : Fist letter Should be capital and must contains minimum 3 characters :
Wrong Input : Fist letter Should be capital and must contains minimum 3 characters :
Wrong Input : Fist letter Should be capital and must contains minimum 3 characters :
Wrong Input : Fist letter Should be capital and must contains minimum 3 characters :
Wrong Input : Fist letter Should be capital and must contains minimum 3 characters :
Wrong Input : Fist letter Should be capital and must contains minimum 3 characters :
Wrong Input : Fist letter Should be capital and must contains minimum 3 characters :
Wrong Input : Fist letter Should be capital and must contains minimum 3 characters :
Wrong Input : Fist letter Should be capital and must contains minimum 3 characters :
Wrong Input : Fist letter Should be capital and must contains minimum 3 characters :
Wrong Input : Fist letter Should be capital and must contains minimum 3 characters :
Wrong Input : Fist letter Should be capital and must contains minimum 3 characters :
Wrong Input : Fist letter Should be capital and must contains minimum 3 characters :
Wrong Input : Fist letter Should be capital and must contains minimum 3 characters :
Wrong Input : Fist letter Should be capital and must contains minimum 3 characters :
Wrong Input : Fist letter Should be capital and must contains minimum 3 characters :
Wrong Input : Fist letter Should be capital and must contains minimum 3 characters :
Wrong Input : Fist letter Should be capital and must contains minimum 3 characters :
Wrong Input : Fist letter Should be capital and must contains minimum 3 characters :
Wrong Input : Fist letter Should be capital and must contains minimum 3 characters :
Wrong Input : Fist letter Should be capital and must contains minimum 3 characters :
Wrong Input : Fist letter Should be capital and must contains minimum 3 characters :
Wrong Input : Fist letter Should be capital and must contains minimum 3 characters :
Wrong Input : Fist letter Should be capital and must contains minimum 3 characters :
Wrong Input : Fist letter Should be capital and must contains minimum 3 characters :
Wrong Input : Fist letter Should be capital and must contains minimum 3 characters :
Wrong Input : Fist letter Should be capital and must contains minimum 3 characters :
Wrong Input : Fist letter Should be capital and must contains minimum 3 characters :
Wrong Input : Fist letter Should be capital and must contains minimum 3 characters :
Wrong Input : Fist letter Should be capital and must contains minimum 3 characters :
Wrong Input : Fist letter Should be capital and must contains minimum 3 characters :
Wrong Input : Fist letter Should be capital and must contains minimum 3 characters :
Wrong Input : Fist letter Should be capital and must contains minimum 3 characters :
Wrong Input : Fist letter Should be capital and must contains minimum 3 characters :
Wrong Input : Fist letter Should be capital and must contains minimum 3 characters :
Wrong Input : Fist letter Should be capital and must contains minimum 3 characters :
Wrong Input : Fist letter Should be capital and must contains minimum 3 characters :
Wrong Input : Fist letter Should be capital and must contains minimum 3 characters :
Wrong Input : Fist letter Should be capital and must contains minimum 3 characters :
Wrong Input : Fist letter Should be capital and must contains minimum 3 characters :
Wrong Input : Fist letter Should be capital and must contains minimum 3 characters :
Wrong Input : Fist letter Should be capital and must contains minimum 3 characters :
Wrong Input : Fist letter Should be capital and must contains minimum 3 characters :
Wrong Input : Fist letter Should be capital and must contains minimum 3 characters :
Wrong Input : Fist letter Should be capital and must contains minimum 3 characters :
Wrong Input : Fist letter Should be capital and must contains minimum 3 characters :
Wrong Input : Fist letter Should be capital and must contains minimum 3 characters :
Wrong Input : Fist letter Should be capital and must contains minimum 3 characters :
Wrong Input : Fist letter Should be capital and must contains minimum 3 characters :
Wrong Input : Fist letter Should be capital and must contains minimum 3 characters :
Wrong Input : Fist letter Should be capital and must contains minimum 3 characters :
Wrong Input : Fist letter Should be capital and must contains minimum 3 characters :
Wrong Input : Fist letter Should be capital and must contains minimum 3 characters :
Wrong Input : Fist letter Should be capital and must contains minimum 3 characters :
Wrong Input : Fist letter Should be capital and must contains minimum 3 characters :
Wrong Input : Fist letter Should be capital and must contains minimum 3 characters :
Wrong Input : Fist letter Should be capital and must contains minimum 3 characters :
Wrong Input : Fist letter Should be capital and must contains minimum 3 characters :
Wrong Input : Fist letter Should be capital and must contains minimum 3 characters :
Wrong Input : Fist letter Should be capital and must contains minimum 3 characters :
Wrong Input : Fist letter Should be capital and must contains minimum 3 characters :
Wrong Input : Fist letter Should be capital and must contains minimum 3 characters :
Wrong Input : Fist letter Should be capital and must contains minimum 3 characters :
Wrong Input : Fist letter Should be capital and must contains minimum 3 characters :
Wrong Input : Fist letter Should be capital and must contains minimum 3 characters :
Wrong Input : Fist letter Should be capital and must contains minimum 3 characters :
Wrong Input : Fist letter Should be capital and must contains minimum 3 characters :
Wrong Input : Fist letter Should be capital and must contains minimum 3 characters :
Wrong Input : Fist letter Should be capital and must contains minimum 3 characters :
Wrong Input : Fist letter Should be capital and must contains minimum 3 characters :
Wrong Input : Fist letter Should be capital and must contains minimum 3 characters :
Wrong Input : Fist letter Should be capital and must contains minimum 3 characters :
Wrong Input : Fist letter Should be capital and must contains minimum 3 characters :
Wrong Input : Fist letter Should be capital and must contains minimum 3 characters :
Wrong Input : Fist letter Should be capital and must contains minimum 3 characters :
Wrong Input : Fist letter Should be capital and must contains minimum 3 characters :
Wrong Input : Fist letter Should be capital and must contains minimum 3 characters :
Wrong Input : Fist letter Should be capital and must contains minimum 3 characters :
Wrong Input : Fist letter Should be capital and must contains minimum 3 characters :
Wrong Input : Fist letter Should be capital and must contains minimum 3 characters :
Wrong Input : Fist letter Should be capital and must contains minimum 3 characters :
Wrong Input : Fist letter Should be capital and must contains minimum 3 characters :
Wrong Input : Fist letter Should be capital and must contains minimum 3 characters :
Wrong Input : Fist letter Should be capital and must contains minimum 3 characters :
Wrong Input : Fist letter Should be capital and must contains minimum 3 characters :
Wrong Input : Fist letter Should be capital and must contains minimum 3 characters :
Wrong Input : Fist letter Should be capital and must contains minimum 3 characters :
Wrong Input : Fist letter Should be capital and must contains minimum 3 characters :
Wrong Input : Fist letter Should be capital and must contains minimum 3 characters :
Wrong Input : Fist letter Should be capital and must contains minimum 3 characters :
Wrong Input : Fist letter Should be capital and must contains minimum 3 characters :
Wrong Input : Fist letter Should be capital and must contains minimum 3 characters :
Wrong Input : Fist letter Should be capital and must contains minimum 3 characters :
Wrong Input : Fist letter Should be capital and must contains minimum 3 characters :
Wrong Input : Fist letter Should be capital and must contains minimum 3 characters :
Wrong Input : Fist letter Should be capital and must contains minimum 3 characters :
Wrong Input : Fist letter Should be capital and must contains minimum 3 characters :
Wrong Input : Fist letter Should be capital and must contains minimum 3 characters :
Wrong Input : Fist letter Should be capital and must contains minimum 3 characters :
Wrong Input : Fist letter Should be capital and must contains minimum 3 characters :
Wrong Input : Fist letter Should be capital and must contains minimum 3 characters :
Wrong Input : Fist letter Should be capital and must contains minimum 3 characters :
Wrong Input : Fist letter Should be capital and must contains minimum 3 characters :
Wrong Input : Fist letter Should be capital and must contains minimum 3 characters :
Wrong Input : Fist letter Should be capital and must contains minimum 3 characters :
Wrong Input : Fist letter Should be capital and must contains minimum 3 characters :
Wrong Input : Fist letter Should be capital and must contains minimum 3 characters :
Wrong Input : Fist letter Should be capital and must contains minimum 3 characters :
Wrong Input : Fist letter Should be capital and must contains minimum 3 characters :
Wrong Input : Fist letter Should be capital and must contains minimum 3 characters :
Wrong Input : Fist letter Should be capital and must contains minimum 3 characters :
Wrong Input : Fist letter Should be capital and must contains minimum 3 characters :
Wrong Input : Fist letter Should be capital and must contains minimum 3 characters :
Wrong Input : Fist letter Should be capital and must contains minimum 3 characters :
Wrong Input : Fist letter Should be capital and must contains minimum 3 characters :
Wrong Input : Fist letter Should be capital and must contains minimum 3 characters :
Wrong Input : Fist letter Should be capital and must contains minimum 3 characters :
Wrong Input : Fist letter Should be capital and must contains minimum 3 characters :
Wrong Input : Fist letter Should be capital and must contains minimum 3 characters :
Wrong Input : Fist letter Should be capital and must contains minimum 3 characters :
Wrong Input : Fist letter Should be capital and must contains minimum 3 characters :
Wrong Input : Fist letter Should be capital and must contains minimum 3 characters :
Wrong Input : Fist letter Should be capital and must contains minimum 3 characters :
Wrong Input : Fist letter Should be capital and must contains minimum 3 characters :
Wrong Input : Fist letter Should be capital and must contains minimum 3 characters :
Wrong Input : Fist letter Should be capital and must contains minimum 3 characters :
Wrong Input : Fist letter Should be capital and must contains minimum 3 characters :
Wrong Input : Fist letter Should be capital and must contains minimum 3 characters :
Wrong Input : Fist letter Should be capital and must contains minimum 3 characters :
Wrong Input : Fist letter Should be capital and must contains minimum 3 characters :
Wrong Input : Fist letter Should be capital and must contains minimum 3 characters :
Wrong Input : Fist letter Should be capital and must contains minimum 3 characters :
Wrong Input : Fist letter Should be capital and must contains minimum 3 characters :
Wrong Input : Fist letter Should be capital and must contains minimum 3 characters :
Wrong Input : Fist letter Should be capital and must contains minimum 3 characters :
Wrong Input : Fist letter Should be capital and must contains minimum 3 characters :
Wrong Input : Fist letter Should be capital and must contains minimum 3 characters :
Wrong Input : Fist letter Should be capital and must contains minimum 3 characters :
Wrong Input : Fist letter Should be capital and must contains minimum 3 characters :
Wrong Input : Fist letter Should be capital and must contains minimum 3 characters :
Wrong Input : Fist letter Should be capital and must contains minimum 3 characters :
Wrong Input : Fist letter Should be capital and must contains minimum 3 characters :
Wrong Input : Fist letter Should be capital and must contains minimum 3 characters :
Wrong Input : Fist letter Should be capital and must contains minimum 3 characters :
Wrong Input : Fist letter Should be capital and must contains minimum 3 characters :
Wrong Input : Fist letter Should be capital and must contains minimum 3 characters :
Wrong Input : Fist letter Should be capital and must contains minimum 3 characters :
Wrong Input : Fist letter Should be capital and must contains minimum 3 characters :
Wrong Input : Fist letter Should be capital and must contains minimum 3 characters :
Wrong Input : Fist letter Should be capital and must contains minimum 3 characters :
Wrong Input : Fist letter Should be capital and must contains minimum 3 characters :
Wrong Input : Fist letter Should be capital and must contains minimum 3 characters :
Wrong Input : Fist letter Should be capital and must contains minimum 3 characters :
Wrong Input : Fist letter Should be capital and must contains minimum 3 characters :
Wrong Input : Fist letter Should be capital and must contains minimum 3 characters :
Wrong Input : Fist letter Should be capital and must contains minimum 3 characters :
Wrong Input : Fist letter Should be capital and must contains minimum 3 characters :
Wrong Input : Fist letter Should be capital and must contains minimum 3 characters :
Wrong Input : Fist letter Should be capital and must contains minimum 3 characters :
Wrong Input : Fist letter Should be capital and must contains minimum 3 characters :
Wrong Input : Fist letter Should be capital and must contains minimum 3 characters :
Wrong Input : Fist letter Should be capital and must contains minimum 3 characters :
Wrong Input : Fist letter Should be capital and must contains minimum 3 characters :
Wrong Input : Fist letter Should be capital and must contains minimum 3 characters :
Wrong Input : Fist letter Should be capital and must contains minimum 3 characters :
Wrong Input : Fist letter Should be capital and must contains minimum 3 characters :
Wrong Input : Fist letter Should be capital and must contains minimum 3 characters :
Wrong Input : Fist letter Should be capital and must contains minimum 3 characters :
Wrong Input : Fist letter Should be capital and must contains minimum 3 characters :
Wrong Input : Fist letter Should be capital and must contains minimum 3 characters :
Wrong Input : Fist letter Should be capital and must contains minimum 3 characters :
Wrong Input : Fist letter Should be capital and must contains minimum 3 characters :
Wrong Input : Fist letter Should be capital and must contains minimum 3 characters :
Wrong Input : Fist letter Should be capital and must contains minimum 3 characters :
Wrong Input : Fist letter Should be capital and must contains minimum 3 characters :
Wrong Input : Fist letter Should be capital and must contains minimum 3 characters :
Wrong Input : Fist letter Should be capital and must contains minimum 3 characters :
Wrong Input : Fist letter Should be capital and must contains minimum 3 characters :
Wrong Input : Fist letter Should be capital and must contains minimum 3 characters :
Wrong Input : Fist letter Should be capital and must contains minimum 3 characters :
Wrong Input : Fist letter Should be capital and must contains minimum 3 characters :
Wrong Input : Fist letter Should be capital and must contains minimum 3 characters :
Wrong Input : Fist letter Should be capital and must contains minimum 3 characters :
Wrong Input : Fist letter Should be capital and must contains minimum 3 characters :
Wrong Input : Fist letter Should be capital and must contains minimum 3 characters :
Wrong Input : Fist letter Should be capital and must contains minimum 3 characters :
Wrong Input : Fist letter Should be capital and must contains minimum 3 characters :
Wrong Input : Fist letter Should be capital and must contains minimum 3 characters :
Wrong Input : Fist letter Should be capital and must contains minimum 3 characters :
Wrong Input : Fist letter Should be capital and must contains minimum 3 characters :
Wrong Input : Fist letter Should be capital and must contains minimum 3 characters :
Wrong Input : Fist letter Should be capital and must contains minimum 3 characters :
Wrong Input : Fist letter Should be capital and must contains minimum 3 characters :
Wrong Input : Fist letter Should be capital and must contains minimum 3 characters :
Wrong Input : Fist letter Should be capital and must contains minimum 3 characters :
Wrong Input : Fist letter Should be capital and must contains minimum 3 characters :
Wrong Input : Fist letter Should be capital and must contains minimum 3 characters :
Wrong Input : Fist letter Should be capital and must contains minimum 3 characters :
Wrong Input : Fist letter Should be capital and must contains minimum 3 characters :
Wrong Input : Fist letter Should be capital and must contains minimum 3 characters :
Wrong Input : Fist letter Should be capital and must contains minimum 3 characters :
Wrong Input : Fist letter Should be capital and must contains minimum 3 characters :
Wrong Input : Fist letter Should be capital and must contains minimum 3 characters :
Wrong Input : Fist letter Should be capital and must contains minimum 3 characters :
Wrong Input : Fist letter Should be capital and must contains minimum 3 characters :
Wrong Input : Fist letter Should be capital and must contains minimum 3 characters :
Wrong Input : Fist letter Should be capital and must contains minimum 3 characters :
Wrong Input : Fist letter Should be capital and must contains minimum 3 characters :
Wrong Input : Fist letter Should be capital and must contains minimum 3 characters :
Wrong Input : Fist letter Should be capital and must contains minimum 3 characters :
Wrong Input : Fist letter Should be capital and must contains minimum 3 characters :
Wrong Input : Fist letter Should be capital and must contains minimum 3 characters :
Wrong Input : Fist letter Should be capital and must contains minimum 3 characters :
Wrong Input : Fist letter Should be capital and must contains minimum 3 characters :
Wrong Input : Fist letter Should be capital and must contains minimum 3 characters :
Wrong Input : Fist letter Should be capital and must contains minimum 3 characters :
Wrong Input : Fist letter Should be capital and must contains minimum 3 characters :
Wrong Input : Fist letter Should be capital and must contains minimum 3 characters :
Wrong Input : Fist letter Should be capital and must contains minimum 3 characters :
Wrong Input : Fist letter Should be capital and must contains minimum 3 characters :
Wrong Input : Fist letter Should be capital and must contains minimum 3 characters :
Wrong Input : Fist letter Should be capital and must contains minimum 3 characters :
Wrong Input : Fist letter Should be capital and must contains minimum 3 characters :
Wrong Input : Fist letter Should be capital and must contains minimum 3 characters :
Wrong Input : Fist letter Should be capital and must contains minimum 3 characters :
Wrong Input : Fist letter Should be capital and must contains minimum 3 characters :
Wrong Input : Fist letter Should be capital and must contains minimum 3 characters :
Wrong Input : Fist letter Should be capital and must contains minimum 3 characters :
Wrong Input : Fist letter Should be capital and must contains minimum 3 characters :
Wrong Input : Fist letter Should be capital and must contains minimum 3 characters :
Wrong Input : Fist letter Should be capital and must contains minimum 3 characters :
Wrong Input : Fist letter Should be capital and must contains minimum 3 characters :
Wrong Input : Fist letter Should be capital and must contains minimum 3 characters :
Wrong Input : Fist letter Should be capital and must contains minimum 3 characters :
Wrong Input : Fist letter Should be capital and must contains minimum 3 characters :
Wrong Input : Fist letter Should be capital and must contains minimum 3 characters :
Wrong Input : Fist letter Should be capital and must contains minimum 3 characters :
Wrong Input : Fist letter Should be capital and must contains minimum 3 characters :
Wrong Input : Fist letter Should be capital and must contains minimum 3 characters :
Wrong Input : Fist letter Should be capital and must contains minimum 3 characters :
Wrong Input : Fist letter Should be capital and must contains minimum 3 characters :
Wrong Input : Fist letter Should be capital and must contains minimum 3 characters :
Wrong Input : Fist letter Should be capital and must contains minimum 3 characters :
Wrong Input : Fist letter Should be capital and must contains minimum 3 characters :
Wrong Input : Fist letter Should be capital and must contains minimum 3 characters :
Wrong Input : Fist letter Should be capital and must contains minimum 3 characters :
Wrong Input : Fist letter Should be capital and must contains minimum 3 characters :
Wrong Input : Fist letter Should be capital and must contains minimum 3 characters :
Wrong Input : Fist letter Should be capital and must contains minimum 3 characters :
Wrong Input : Fist letter Should be capital and must contains minimum 3 characters :
Wrong Input : Fist letter Should be capital and must contains minimum 3 characters :
Wrong Input : Fist letter Should be capital and must contains minimum 3 characters :
Wrong Input : Fist letter Should be capital and must contains minimum 3 characters :
Wrong Input : Fist letter Should be capital and must contains minimum 3 characters :
Wrong Input : Fist letter Should be capital and must contains minimum 3 characters :
Wrong Input : Fist letter Should be capital and must contains minimum 3 characters :
Wrong Input : Fist letter Should be capital and must contains minimum 3 characters :
Wrong Input : Fist letter Should be capital and must contains minimum 3 characters :
Wrong Input : Fist letter Should be capital and must contains minimum 3 characters :
Wrong Input : Fist letter Should be capital and must contains minimum 3 characters :
Wrong Input : Fist letter Should be capital and must contains minimum 3 characters :
Wrong Input : Fist letter Should be capital and must contains minimum 3 characters :
Wrong Input : Fist letter Should be capital and must contains minimum 3 characters :
Wrong Input : Fist letter Should be capital and must contains minimum 3 characters :
Wrong Input : Fist letter Should be capital and must contains minimum 3 characters :
Wrong Input : Fist letter Should be capital and must contains minimum 3 characters :
Wrong Input : Fist letter Should be capital and must contains minimum 3 characters :
Wrong Input : Fist letter Should be capital and must contains minimum 3 characters :
Wrong Input : Fist letter Should be capital and must contains minimum 3 characters :
Wrong Input : Fist letter Should be capital and must contains minimum 3 characters :
Wrong Input : Fist letter Should be capital and must contains minimum 3 characters :
Wrong Input : Fist letter Should be capital and must contains minimum 3 characters :
Wrong Input : Fist letter Should be capital and must contains minimum 3 characters :
Wrong Input : Fist letter Should be capital and must contains minimum 3 characters :
Wrong Input : Fist letter Should be capital and must contains minimum 3 characters :
Wrong Input : Fist letter Should be capital and must contains minimum 3 characters :
Wrong Input : Fist letter Should be capital and must contains minimum 3 characters :
Wrong Input : Fist letter Should be capital and must contains minimum 3 characters :
Wrong Input : Fist letter Should be capital and must contains minimum 3 characters :
Wrong Input : Fist letter Should be capital and must contains minimum 3 characters :
Wrong Input : Fist letter Should be capital and must contains minimum 3 characters :
Wrong Input : Fist letter Should be capital and must contains minimum 3 characters :
Wrong Input : Fist letter Should be capital and must contains minimum 3 characters :
Wrong Input : Fist letter Should be capital and must contains minimum 3 characters :
Wrong Input : Fist letter Should be capital and must contains minimum 3 characters :
Wrong Input : Fist letter Should be capital and must contains minimum 3 characters :
Wrong Input : Fist letter Should be capital and must contains minimum 3 characters :
Wrong Input : Fist letter Should be capital and must contains minimum 3 characters :
Wrong Input : Fist letter Should be capital and must contains minimum 3 characters :
Wrong Input : Fist letter Should be capital and must contains minimum 3 characters :
Wrong Input : Fist letter Should be capital and must contains minimum 3 characters :
Wrong Input : Fist letter Should be capital and must contains minimum 3 characters :
Wrong Input : Fist letter Should be capital and must contains minimum 3 characters :
Wrong Input : Fist letter Should be capital and must contains minimum 3 characters :
Wrong Input : Fist letter Should be capital and must contains minimum 3 characters :
Wrong Input : Fist letter Should be capital and must contains minimum 3 characters :
Wrong Input : Fist letter Should be capital and must contains minimum 3 characters :
Wrong Input : Fist letter Should be capital and must contains minimum 3 characters :
Wrong Input : Fist letter Should be capital and must contains minimum 3 characters :
Wrong Input : Fist letter Should be capital and must contains minimum 3 characters :
Wrong Input : Fist letter Should be capital and must contains minimum 3 characters :
Wrong Input : Fist letter Should be capital and must contains minimum 3 characters :
Wrong Input : Fist letter Should be capital and must contains minimum 3 characters :
Wrong Input : Fist letter Should be capital and must contains minimum 3 characters :
Wrong Input : Fist letter Should be capital and must contains minimum 3 characters :
Wrong Input : Fist letter Should be capital and must contains minimum 3 characters :
Wrong Input : Fist letter Should be capital and must contains minimum 3 characters :
Wrong Input : Fist letter Should be capital and must contains minimum 3 characters :
Wrong Input : Fist letter Should be capital and must contains minimum 3 characters :
Wrong Input : Fist letter Should be capital and must contains minimum 3 characters :
Wrong Input : Fist letter Should be capital and must contains minimum 3 characters :
Wrong Input : Fist letter Should be capital and must contains minimum 3 characters :
Wrong Input : Fist letter Should be capital and must contains minimum 3 characters :
Wrong Input : Fist letter Should be capital and must contains minimum 3 characters :
Wrong Input : Fist letter Should be capital and must contains minimum 3 characters :
Wrong Input : Fist letter Should be capital and must contains minimum 3 characters :
Wrong Input : Fist letter Should be capital and must contains minimum 3 characters :
Wrong Input : Fist letter Should be capital and must contains minimum 3 characters :
Wrong Input : Fist letter Should be capital and must contains minimum 3 characters :
Wrong Input : Fist letter Should be capital and must contains minimum 3 characters :
Wrong Input : Fist letter Should be capital and must contains minimum 3 characters :
Wrong Input : Fist letter Should be capital and must contains minimum 3 characters :
Wrong Input : Fist letter Should be capital and must contains minimum 3 characters :
Wrong Input : Fist letter Should be capital and must contains minimum 3 characters :
Wrong Input : Fist letter Should be capital and must contains minimum 3 characters :
Wrong Input : Fist letter Should be capital and must contains minimum 3 characters :
Wrong Input : Fist letter Should be capital and must contains minimum 3 characters :
Wrong Input : Fist letter Should be capital and must contains minimum 3 characters :
Wrong Input : Fist letter Should be capital and must contains minimum 3 characters :
Wrong Input : Fist letter Should be capital and must contains minimum 3 characters :
Wrong Input : Fist letter Should be capital and must contains minimum 3 characters :
Wrong Input : Fist letter Should be capital and must contains minimum 3 characters :
Wrong Input : Fist letter Should be capital and must contains minimum 3 characters :
Wrong Input : Fist letter Should be capital and must contains minimum 3 characters :
Wrong Input : Fist letter Should be capital and must contains minimum 3 characters :
Wrong Input : Fist letter Should be capital and must contains minimum 3 characters :
Wrong Input : Fist letter Should be capital and must contains minimum 3 characters :
Wrong Input : Fist letter Should be capital and must contains minimum 3 characters :
Wrong Input : Fist letter Should be capital and must contains minimum 3 characters :
Wrong Input : Fist letter Should be capital and must contains minimum 3 characters :
Wrong Input : Fist letter Should be capital and must contains minimum 3 characters :
Wrong Input : Fist letter Should be capital and must contains minimum 3 characters :
Wrong Input : Fist letter Should be capital and must contains minimum 3 characters :
Wrong Input : Fist letter Should be capital and must contains minimum 3 characters :
Wrong Input : Fist letter Should be capital and must contains minimum 3 characters :
Wrong Input : Fist letter Should be capital and must contains minimum 3 characters :
Wrong Input : Fist letter Should be capital and must contains minimum 3 characters :
Wrong Input : Fist letter Should be capital and must contains minimum 3 characters :
Wrong Input : Fist letter Should be capital and must contains minimum 3 characters :
Wrong Input : Fist letter Should be capital and must contains minimum 3 characters :
Wrong Input : Fist letter Should be capital and must contains minimum 3 characters :
Wrong Input : Fist letter Should be capital and must contains minimum 3 characters :
Wrong Input : Fist letter Should be capital and must contains minimum 3 characters :
Wrong Input : Fist letter Should be capital and must contains minimum 3 characters :
Wrong Input : Fist letter Should be capital and must contains minimum 3 characters :
Wrong Input : Fist letter Should be capital and must contains minimum 3 characters :
Wrong Input : Fist letter Should be capital and must contains minimum 3 characters :
Wrong Input : Fist letter Should be capital and must contains minimum 3 characters :
Wrong Input : Fist letter Should be capital and must contains minimum 3 characters :
Wrong Input : Fist letter Should be capital and must contains minimum 3 characters :
Wrong Input : Fist letter Should be capital and must contains minimum 3 characters :
Wrong Input : Fist letter Should be capital and must contains minimum 3 characters :
Wrong Input : Fist letter Should be capital and must contains minimum 3 characters :
Wrong Input : Fist letter Should be capital and must contains minimum 3 characters :
Wrong Input : Fist letter Should be capital and must contains minimum 3 characters :
Wrong Input : Fist letter Should be capital and must contains minimum 3 characters :
Wrong Input : Fist letter Should be capital and must contains minimum 3 characters :
Wrong Input : Fist letter Should be capital and must contains minimum 3 characters :
Wrong Input : Fist letter Should be capital and must contains minimum 3 characters :
Wrong Input : Fist letter Should be capital and must contains minimum 3 characters :
Wrong Input : Fist letter Should be capital and must contains minimum 3 characters :
Wrong Input : Fist letter Should be capital and must contains minimum 3 characters :
Wrong Input : Fist letter Should be capital and must contains minimum 3 characters :
Wrong Input : Fist letter Should be capital and must contains minimum 3 characters :
Wrong Input : Fist letter Should be capital and must contains minimum 3 characters :
Wrong Input : Fist letter Should be capital and must contains minimum 3 characters :
Wrong Input : Fist letter Should be capital and must contains minimum 3 characters :
Wrong Input : Fist letter Should be capital and must contains minimum 3 characters :
Wrong Input : Fist letter Should be capital and must contains minimum 3 characters :
Wrong Input : Fist letter Should be capital and must contains minimum 3 characters :
Wrong Input : Fist letter Should be capital and must contains minimum 3 characters :
Wrong Input : Fist letter Should be capital and must contains minimum 3 characters :
Wrong Input : Fist letter Should be capital and must contains minimum 3 characters :
Wrong Input : Fist letter Should be capital and must contains minimum 3 characters :
Wrong Input : Fist letter Should be capital and must contains minimum 3 characters :
Wrong Input : Fist letter Should be capital and must contains minimum 3 characters :
Wrong Input : Fist letter Should be capital and must contains minimum 3 characters :
Wrong Input : Fist letter Should be capital and must contains minimum 3 characters :
Wrong Input : Fist letter Should be capital and must contains minimum 3 characters :
Wrong Input : Fist letter Should be capital and must contains minimum 3 characters :
Wrong Input : Fist letter Should be capital and must contains minimum 3 characters :
Wrong Input : Fist letter Should be capital and must contains minimum 3 characters :
Wrong Input : Fist letter Should be capital and must contains minimum 3 characters :
Wrong Input : Fist letter Should be capital and must contains minimum 3 characters :
Wrong Input : Fist letter Should be capital and must contains minimum 3 characters :
Wrong Input : Fist letter Should be capital and must contains minimum 3 characters :
Wrong Input : Fist letter Should be capital and must contains minimum 3 characters :
Wrong Input : Fist letter Should be capital and must contains minimum 3 characters :
Wrong Input : Fist letter Should be capital and must contains minimum 3 characters :
Wrong Input : Fist letter Should be capital and must contains minimum 3 characters :
Wrong Input : Fist letter Should be capital and must contains minimum 3 characters :
Wrong Input : Fist letter Should be capital and must contains minimum 3 characters :
Wrong Input : Fist letter Should be capital and must contains minimum 3 characters :
Wrong Input : Fist letter Should be capital and must contains minimum 3 characters :
Wrong Input : Fist letter Should be capital and must contains minimum 3 characters :
Wrong Input : Fist letter Should be capital and must contains minimum 3 characters :
Wrong Input : Fist letter Should be capital and must contains minimum 3 characters :
Wrong Input : Fist letter Should be capital and must contains minimum 3 characters :
Wrong Input : Fist letter Should be capital and must contains minimum 3 characters :
Wrong Input : Fist letter Should be capital and must contains minimum 3 characters :
Wrong Input : Fist letter Should be capital and must contains minimum 3 characters :
Wrong Input : Fist letter Should be capital and must contains minimum 3 characters :
Wrong Input : Fist letter Should be capital and must contains minimum 3 characters :
Wrong Input : Fist letter Should be capital and must contains minimum 3 characters :
Wrong Input : Fist letter Should be capital and must contains minimum 3 characters :
Wrong Input : Fist letter Should be capital and must contains minimum 3 characters :
Wrong Input : Fist letter Should be capital and must contains minimum 3 characters :
Wrong Input : Fist letter Should be capital and must contains minimum 3 characters :
Wrong Input : Fist letter Should be capital and must contains minimum 3 characters :
Wrong Input : Fist letter Should be capital and must contains minimum 3 characters :
Wrong Input : Fist letter Should be capital and must contains minimum 3 characters :
Wrong Input : Fist letter Should be capital and must contains minimum 3 characters :
Wrong Input : Fist letter Should be capital and must contains minimum 3 characters :
Wrong Input : Fist letter Should be capital and must contains minimum 3 characters :
Wrong Input : Fist letter Should be capital and must contains minimum 3 characters :
Wrong Input : Fist letter Should be capital and must contains minimum 3 characters :
Wrong Input : Fist letter Should be capital and must contains minimum 3 characters :
Wrong Input : Fist letter Should be capital and must contains minimum 3 characters :
Wrong Input : Fist letter Should be capital and must contains minimum 3 characters :
Wrong Input : Fist letter Should be capital and must contains minimum 3 characters :
Wrong Input : Fist letter Should be capital and must contains minimum 3 characters :
Wrong Input : Fist letter Should be capital and must contains minimum 3 characters :
Wrong Input : Fist letter Should be capital and must contains minimum 3 characters :
Wrong Input : Fist letter Should be capital and must contains minimum 3 characters :
Wrong Input : Fist letter Should be capital and must contains minimum 3 characters :
Wrong Input : Fist letter Should be capital and must contains minimum 3 characters :
Wrong Input : Fist letter Should be capital and must contains minimum 3 characters :
Wrong Input : Fist letter Should be capital and must contains minimum 3 characters :
Wrong Input : Fist letter Should be capital and must contains minimum 3 characters :
Wrong Input : Fist letter Should be capital and must contains minimum 3 characters :
Wrong Input : Fist letter Should be capital and must contains minimum 3 characters :
Wrong Input : Fist letter Should be capital and must contains minimum 3 characters :
Wrong Input : Fist letter Should be capital and must contains minimum 3 characters :
Wrong Input : Fist letter Should be capital and must contains minimum 3 characters :
Wrong Input : Fist letter Should be capital and must contains minimum 3 characters :
Wrong Input : Fist letter Should be capital and must contains minimum 3 characters :
Wrong Input : Fist letter Should be capital and must contains minimum 3 characters :
Wrong Input : Fist letter Should be capital and must contains minimum 3 characters :
Wrong Input : Fist letter Should be capital and must contains minimum 3 characters :
Wrong Input : Fist letter Should be capital and must contains minimum 3 characters :
Wrong Input : Fist letter Should be capital and must contains minimum 3 characters :
Wrong Input : Fist letter Should be capital and must contains minimum 3 characters :
Wrong Input : Fist letter Should be capital and must contains minimum 3 characters :
Wrong Input : Fist letter Should be capital and must contains minimum 3 characters :
Wrong Input : Fist letter Should be capital and must contains minimum 3 characters :
Wrong Input : Fist letter Should be capital and must contains minimum 3 characters :
Wrong Input : Fist letter Should be capital and must contains minimum 3 characters :
Wrong Input : Fist letter Should be capital and must contains minimum 3 characters :
Wrong Input : Fist letter Should be capital and must contains minimum 3 characters :
Wrong Input : Fist letter Should be capital and must contains minimum 3 characters :
Wrong Input : Fist letter Should be capital and must contains minimum 3 characters :
Wrong Input : Fist letter Should be capital and must contains minimum 3 characters :
Wrong Input : Fist letter Should be capital and must contains minimum 3 characters :
Wrong Input : Fist letter Should be capital and must contains minimum 3 characters :
Wrong Input : Fist letter Should be capital and must contains minimum 3 characters :
Wrong Input : Fist letter Should be capital and must contains minimum 3 characters :
Wrong Input : Fist letter Should be capital and must contains minimum 3 characters :
Wrong Input : Fist letter Should be capital and must contains minimum 3 characters :
Wrong Input : Fist letter Should be capital and must contains minimum 3 characters :
Wrong Input : Fist letter Should be capital and must contains minimum 3 characters :
Wrong Input : Fist letter Should be capital and must contains minimum 3 characters :
Wrong Input : Fist letter Should be capital and must contains minimum 3 characters :
Wrong Input : Fist letter Should be capital and must contains minimum 3 characters :
Wrong Input : Fist letter Should be capital and must contains minimum 3 characters :
Wrong Input : Fist letter Should be capital and must contains minimum 3 characters :
Wrong Input : Fist letter Should be capital and must contains minimum 3 characters :
Wrong Input : Fist letter Should be capital and must contains minimum 3 characters :
Wrong Input : Fist letter Should be capital and must contains minimum 3 characters :
Wrong Input : Fist letter Should be capital and must contains minimum 3 characters :
Wrong Input : Fist letter Should be capital and must contains minimum 3 characters :
Wrong Input : Fist letter Should be capital and must contains minimum 3 characters :
Wrong Input : Fist letter Should be capital and must contains minimum 3 characters :
Wrong Input : Fist letter Should be capital and must contains minimum 3 characters :
Wrong Input : Fist letter Should be capital and must contains minimum 3 characters :
Wrong Input : Fist letter Should be capital and must contains minimum 3 characters :
Wrong Input : Fist letter Should be capital and must contains minimum 3 characters :
Wrong Input : Fist letter Should be capital and must contains minimum 3 characters :
Wrong Input : Fist letter Should be capital and must contains minimum 3 characters :
Wrong Input : Fist letter Should be capital and must contains minimum 3 characters :
Wrong Input : Fist letter Should be capital and must contains minimum 3 characters :
Wrong Input : Fist letter Should be capital and must contains minimum 3 characters :
Wrong Input : Fist letter Should be capital and must contains minimum 3 characters :
Wrong Input : Fist letter Should be capital and must contains minimum 3 characters :
Wrong Input : Fist letter Should be capital and must contains minimum 3 characters :
Wrong Input : Fist letter Should be capital and must contains minimum 3 characters :
Wrong Input : Fist letter Should be capital and must contains minimum 3 characters :
Wrong Input : Fist letter Should be capital and must contains minimum 3 characters :
Wrong Input : Fist letter Should be capital and must contains minimum 3 characters :
Wrong Input : Fist letter Should be capital and must contains minimum 3 characters :
Wrong Input : Fist letter Should be capital and must contains minimum 3 characters :
Wrong Input : Fist letter Should be capital and must contains minimum 3 characters :
Wrong Input : Fist letter Should be capital and must contains minimum 3 characters :
Wrong Input : Fist letter Should be capital and must contains minimum 3 characters :
Wrong Input : Fist letter Should be capital and must contains minimum 3 characters :
Wrong Input : Fist letter Should be capital and must contains minimum 3 characters :
Wrong Input : Fist letter Should be capital and must contains minimum 3 characters :
Wrong Input : Fist letter Should be capital and must contains minimum 3 characters :
Wrong Input : Fist letter Should be capital and must contains minimum 3 characters :
Wrong Input : Fist letter Should be capital and must contains minimum 3 characters :
Wrong Input : Fist letter Should be capital and must contains minimum 3 characters :
Wrong Input : Fist letter Should be capital and must contains minimum 3 characters :
Wrong Input : Fist letter Should be capital and must contains minimum 3 characters :
Wrong Input : Fist letter Should be capital and must contains minimum 3 characters :
Wrong Input : Fist letter Should be capital and must contains minimum 3 characters :
Wrong Input : Fist letter Should be capital and must contains minimum 3 characters :
Wrong Input : Fist letter Should be capital and must contains minimum 3 characters :
Wrong Input : Fist letter Should be capital and must contains minimum 3 characters :
Wrong Input : Fist letter Should be capital and must contains minimum 3 characters :
Wrong Input : Fist letter Should be capital and must contains minimum 3 characters :
Wrong Input : Fist letter Should be capital and must contains minimum 3 characters :
Wrong Input : Fist letter Should be capital and must contains minimum 3 characters :
Wrong Input : Fist letter Should be capital and must contains minimum 3 characters :
Wrong Input : Fist letter Should be capital and must contains minimum 3 characters :
Wrong Input : Fist letter Should be capital and must contains minimum 3 characters :
Wrong Input : Fist letter Should be capital and must contains minimum 3 characters :
Wrong Input : Fist letter Should be capital and must contains minimum 3 characters :
Wrong Input : Fist letter Should be capital and must contains minimum 3 characters :
Wrong Input : Fist letter Should be capital and must contains minimum 3 characters :
Wrong Input : Fist letter Should be capital and must contains minimum 3 characters :
Wrong Input : Fist letter Should be capital and must contains minimum 3 characters :
Wrong Input : Fist letter Should be capital and must contains minimum 3 characters :
Wrong Input : Fist letter Should be capital and must contains minimum 3 characters :
Wrong Input : Fist letter Should be capital and must contains minimum 3 characters :
Wrong Input : Fist letter Should be capital and must contains minimum 3 characters :
Wrong Input : Fist letter Should be capital and must contains minimum 3 characters :
Wrong Input : Fist letter Should be capital and must contains minimum 3 characters :
Wrong Input : Fist letter Should be capital and must contains minimum 3 characters :
Wrong Input : Fist letter Should be capital and must contains minimum 3 characters :
Wrong Input : Fist letter Should be capital and must contains minimum 3 characters :
Wrong Input : Fist letter Should be capital and must contains minimum 3 characters :
Wrong Input : Fist letter Should be capital and must contains minimum 3 characters :
Wrong Input : Fist letter Should be capital and must contains minimum 3 characters :
Wrong Input : Fist letter Should be capital and must contains minimum 3 characters :
Wrong Input : Fist letter Should be capital and must contains minimum 3 characters :
Wrong Input : Fist letter Should be capital and must contains minimum 3 characters :
Wrong Input : Fist letter Should be capital and must contains minimum 3 characters :
Wrong Input : Fist letter Should be capital and must contains minimum 3 characters :
Wrong Input : Fist letter Should be capital and must contains minimum 3 characters :
Wrong Input : Fist letter Should be capital and must contains minimum 3 characters :
Wrong Input : Fist letter Should be capital and must contains minimum 3 characters :
Wrong Input : Fist letter Should be capital and must contains minimum 3 characters :
Wrong Input : Fist letter Should be capital and must contains minimum 3 characters :
Wrong Input : Fist letter Should be capital and must contains minimum 3 characters :
Wrong Input : Fist letter Should be capital and must contains minimum 3 characters :
Wrong Input : Fist letter Should be capital and must contains minimum 3 characters :
Wrong Input : Fist letter Should be capital and must contains minimum 3 characters :
Wrong Input : Fist letter Should be capital and must contains minimum 3 characters :
Wrong Input : Fist letter Should be capital and must contains minimum 3 characters :
Wrong Input : Fist letter Should be capital and must contains minimum 3 characters :
Wrong Input : Fist letter Should be capital and must contains minimum 3 characters :
Wrong Input : Fist letter Should be capital and must contains minimum 3 characters :
Wrong Input : Fist letter Should be capital and must contains minimum 3 characters :
Wrong Input : Fist letter Should be capital and must contains minimum 3 characters :
Wrong Input : Fist letter Should be capital and must contains minimum 3 characters :
Wrong Input : Fist letter Should be capital and must contains minimum 3 characters :
Wrong Input : Fist letter Should be capital and must contains minimum 3 characters :
Wrong Input : Fist letter Should be capital and must contains minimum 3 characters :
Wrong Input : Fist letter Should be capital and must contains minimum 3 characters :
Wrong Input : Fist letter Should be capital and must contains minimum 3 characters :
Wrong Input : Fist letter Should be capital and must contains minimum 3 characters :
Wrong Input : Fist letter Should be capital and must contains minimum 3 characters :
Wrong Input : Fist letter Should be capital and must contains minimum 3 characters :
Wrong Input : Fist letter Should be capital and must contains minimum 3 characters :
Wrong Input : Fist letter Should be capital and must contains minimum 3 characters :
Wrong Input : Fist letter Should be capital and must contains minimum 3 characters :
Wrong Input : Fist letter Should be capital and must contains minimum 3 characters :
Wrong Input : Fist letter Should be capital and must contains minimum 3 characters :
Wrong Input : Fist letter Should be capital and must contains minimum 3 characters :
Wrong Input : Fist letter Should be capital and must contains minimum 3 characters :
Wrong Input : Fist letter Should be capital and must contains minimum 3 characters :
Wrong Input : Fist letter Should be capital and must contains minimum 3 characters :
Wrong Input : Fist letter Should be capital and must contains minimum 3 characters :
Wrong Input : Fist letter Should be capital and must contains minimum 3 characters :
Wrong Input : Fist letter Should be capital and must contains minimum 3 characters :
Wrong Input : Fist letter Should be capital and must contains minimum 3 characters :
Wrong Input : Fist letter Should be capital and must contains minimum 3 characters :
Wrong Input : Fist letter Should be capital and must contains minimum 3 characters :
Wrong Input : Fist letter Should be capital and must contains minimum 3 characters :
Wrong Input : Fist letter Should be capital and must contains minimum 3 characters :
Wrong Input : Fist letter Should be capital and must contains minimum 3 characters :
Wrong Input : Fist letter Should be capital and must contains minimum 3 characters :
Wrong Input : Fist letter Should be capital and must contains minimum 3 characters :
Wrong Input : Fist letter Should be capital and must contains minimum 3 characters :
Wrong Input : Fist letter Should be capital and must contains minimum 3 characters :
Wrong Input : Fist letter Should be capital and must contains minimum 3 characters :
Wrong Input : Fist letter Should be capital and must contains minimum 3 characters :
Wrong Input : Fist letter Should be capital and must contains minimum 3 characters :
Wrong Input : Fist letter Should be capital and must contains minimum 3 characters :
Wrong Input : Fist letter Should be capital and must contains minimum 3 characters :
Wrong Input : Fist letter Should be capital and must contains minimum 3 characters :
Wrong Input : Fist letter Should be capital and must contains minimum 3 characters :
Wrong Input : Fist letter Should be capital and must contains minimum 3 characters :
Wrong Input : Fist letter Should be capital and must contains minimum 3 characters :
Wrong Input : Fist letter Should be capital and must contains minimum 3 characters :
Wrong Input : Fist letter Should be capital and must contains minimum 3 characters :
Wrong Input : Fist letter Should be capital and must contains minimum 3 characters :
Wrong Input : Fist letter Should be capital and must contains minimum 3 characters :
Wrong Input : Fist letter Should be capital and must contains minimum 3 characters :
Wrong Input : Fist letter Should be capital and must contains minimum 3 characters :
Wrong Input : Fist letter Should be capital and must contains minimum 3 characters :
Wrong Input : Fist letter Should be capital and must contains minimum 3 characters :
Wrong Input : Fist letter Should be capital and must contains minimum 3 characters :
Wrong Input : Fist letter Should be capital and must contains minimum 3 characters :
Wrong Input : Fist letter Should be capital and must contains minimum 3 characters :
Wrong Input : Fist letter Should be capital and must contains minimum 3 characters :
Wrong Input : Fist letter Should be capital and must contains minimum 3 characters :
Wrong Input : Fist letter Should be capital and must contains minimum 3 characters :
Wrong Input : Fist letter Should be capital and must contains minimum 3 characters :
Wrong Input : Fist letter Should be capital and must contains minimum 3 characters :
Wrong Input : Fist letter Should be capital and must contains minimum 3 characters :
Wrong Input : Fist letter Should be capital and must contains minimum 3 characters :
Wrong Input : Fist letter Should be capital and must contains minimum 3 characters :
Wrong Input : Fist letter Should be capital and must contains minimum 3 characters :
Wrong Input : Fist letter Should be capital and must contains minimum 3 characters :
Wrong Input : Fist letter Should be capital and must contains minimum 3 characters :
Wrong Input : Fist letter Should be capital and must contains minimum 3 characters :
Wrong Input : Fist letter Should be capital and must contains minimum 3 characters :
Wrong Input : Fist letter Should be capital and must contains minimum 3 characters :
Wrong Input : Fist letter Should be capital and must contains minimum 3 characters :
Wrong Input : Fist letter Should be capital and must contains minimum 3 characters :
Wrong Input : Fist letter Should be capital and must contains minimum 3 characters :
Wrong Input : Fist letter Should be capital and must contains minimum 3 characters :
Wrong Input : Fist letter Should be capital and must contains minimum 3 characters :
Wrong Input : Fist letter Should be capital and must contains minimum 3 characters :
Wrong Input : Fist letter Should be capital and must contains minimum 3 characters :
Wrong Input : Fist letter Should be capital and must contains minimum 3 characters :
Wrong Input : Fist letter Should be capital and must contains minimum 3 characters :
Wrong Input : Fist letter Should be capital and must contains minimum 3 characters :
Wrong Input : Fist letter Should be capital and must contains minimum 3 characters :
Wrong Input : Fist letter Should be capital and must contains minimum 3 characters :
Wrong Input : Fist letter Should be capital and must contains minimum 3 characters :
Wrong Input : Fist letter Should be capital and must contains minimum 3 characters :
Wrong Input : Fist letter Should be capital and must contains minimum 3 characters :
Wrong Input : Fist letter Should be capital and must contains minimum 3 characters :
Wrong Input : Fist letter Should be capital and must contains minimum 3 characters :
Wrong Input : Fist letter Should be capital and must contains minimum 3 characters :
Wrong Input : Fist letter Should be capital and must contains minimum 3 characters :
Wrong Input : Fist letter Should be capital and must contains minimum 3 characters :
Wrong Input : Fist letter Should be capital and must contains minimum 3 characters :
Wrong Input : Fist letter Should be capital and must contains minimum 3 characters :
Wrong Input : Fist letter Should be capital and must contains minimum 3 characters :
Wrong Input : Fist letter Should be capital and must contains minimum 3 characters :
Wrong Input : Fist letter Should be capital and must contains minimum 3 characters :
Wrong Input : Fist letter Should be capital and must contains minimum 3 characters :
Wrong Input : Fist letter Should be capital and must contains minimum 3 characters :
Wrong Input : Fist letter Should be capital and must contains minimum 3 characters :
Wrong Input : Fist letter Should be capital and must contains minimum 3 characters :
Wrong Input : Fist letter Should be capital and must contains minimum 3 characters :
Wrong Input : Fist letter Should be capital and must contains minimum 3 characters :
Wrong Input : Fist letter Should be capital and must contains minimum 3 characters :
Wrong Input : Fist letter Should be capital and must contains minimum 3 characters :
Wrong Input : Fist letter Should be capital and must contains minimum 3 characters :
Wrong Input : Fist letter Should be capital and must contains minimum 3 characters :
Wrong Input : Fist letter Should be capital and must contains minimum 3 characters :
Wrong Input : Fist letter Should be capital and must contains minimum 3 characters :
Wrong Input : Fist letter Should be capital and must contains minimum 3 characters :
Wrong Input : Fist letter Should be capital and must contains minimum 3 characters :
Wrong Input : Fist letter Should be capital and must contains minimum 3 characters :
Wrong Input : Fist letter Should be capital and must contains minimum 3 characters :
Wrong Input : Fist letter Should be capital and must contains minimum 3 characters :
Wrong Input : Fist letter Should be capital and must contains minimum 3 characters :
Wrong Input : Fist letter Should be capital and must contains minimum 3 characters :
Wrong Input : Fist letter Should be capital and must contains minimum 3 characters :
Wrong Input : Fist letter Should be capital and must contains minimum 3 characters :
Wrong Input : Fist letter Should be capital and must contains minimum 3 characters :
Wrong Input : Fist letter Should be capital and must contains minimum 3 characters :
Wrong Input : Fist letter Should be capital and must contains minimum 3 characters :
Wrong Input : Fist letter Should be capital and must contains minimum 3 characters :
Wrong Input : Fist letter Should be capital and must contains minimum 3 characters :
Wrong Input : Fist letter Should be capital and must contains minimum 3 characters :
Wrong Input : Fist letter Should be capital and must contains minimum 3 characters :
Wrong Input : Fist letter Should be capital and must contains minimum 3 characters :
Wrong Input : Fist letter Should be capital and must contains minimum 3 characters :
Wrong Input : Fist letter Should be capital and must contains minimum 3 characters :
Wrong Input : Fist letter Should be capital and must contains minimum 3 characters :
Wrong Input : Fist letter Should be capital and must contains minimum 3 characters :
Wrong Input : Fist letter Should be capital and must contains minimum 3 characters :
Wrong Input : Fist letter Should be capital and must contains minimum 3 characters :
Wrong Input : Fist letter Should be capital and must contains minimum 3 characters :
Wrong Input : Fist letter Should be capital and must contains minimum 3 characters :
Wrong Input : Fist letter Should be capital and must contains minimum 3 characters :
Wrong Input : Fist letter Should be capital and must contains minimum 3 characters :
Wrong Input : Fist letter Should be capital and must contains minimum 3 characters :
Wrong Input : Fist letter Should be capital and must contains minimum 3 characters :
Wrong Input : Fist letter Should be capital and must contains minimum 3 characters :
Wrong Input : Fist letter Should be capital and must contains minimum 3 characters :
Wrong Input : Fist letter Should be capital and must contains minimum 3 characters :
Wrong Input : Fist letter Should be capital and must contains minimum 3 characters :
Wrong Input : Fist letter Should be capital and must contains minimum 3 characters :
Wrong Input : Fist letter Should be capital and must contains minimum 3 characters :
Wrong Input : Fist letter Should be capital and must contains minimum 3 characters :
Wrong Input : Fist letter Should be capital and must contains minimum 3 characters :
Wrong Input : Fist letter Should be capital and must contains minimum 3 characters :
Wrong Input : Fist letter Should be capital and must contains minimum 3 characters :
Wrong Input : Fist letter Should be capital and must contains minimum 3 characters :
Wrong Input : Fist letter Should be capital and must contains minimum 3 characters :
Wrong Input : Fist letter Should be capital and must contains minimum 3 characters :
Wrong Input : Fist letter Should be capital and must contains minimum 3 characters :
Wrong Input : Fist letter Should be capital and must contains minimum 3 characters :
Wrong Input : Fist letter Should be capital and must contains minimum 3 characters :
Wrong Input : Fist letter Should be capital and must contains minimum 3 characters :
Wrong Input : Fist letter Should be capital and must contains minimum 3 characters :
Wrong Input : Fist letter Should be capital and must contains minimum 3 characters :
Wrong Input : Fist letter Should be capital and must contains minimum 3 characters :
Wrong Input : Fist letter Should be capital and must contains minimum 3 characters :
Wrong Input : Fist letter Should be capital and must contains minimum 3 characters :
Wrong Input : Fist letter Should be capital and must contains minimum 3 characters :
Wrong Input : Fist letter Should be capital and must contains minimum 3 characters :
Wrong Input : Fist letter Should be capital and must contains minimum 3 characters :
Wrong Input : Fist letter Should be capital and must contains minimum 3 characters :
Wrong Input : Fist letter Should be capital and must contains minimum 3 characters :
Wrong Input : Fist letter Should be capital and must contains minimum 3 characters :
Wrong Input : Fist letter Should be capital and must contains minimum 3 characters :
Wrong Input : Fist letter Should be capital and must contains minimum 3 characters :
Wrong Input : Fist letter Should be capital and must contains minimum 3 characters :
Wrong Input : Fist letter Should be capital and must contains minimum 3 characters :
Wrong Input : Fist letter Should be capital and must contains minimum 3 characters :
Wrong Input : Fist letter Should be capital and must contains minimum 3 characters :
Wrong Input : Fist letter Should be capital and must contains minimum 3 characters :
Wrong Input : Fist letter Should be capital and must contains minimum 3 characters :
Wrong Input : Fist letter Should be capital and must contains minimum 3 characters :
Wrong Input : Fist letter Should be capital and must contains minimum 3 characters :
Wrong Input : Fist letter Should be capital and must contains minimum 3 characters :
Wrong Input : Fist letter Should be capital and must contains minimum 3 characters :
Wrong Input : Fist letter Should be capital and must contains minimum 3 characters :
Wrong Input : Fist letter Should be capital and must contains minimum 3 characters :
Wrong Input : Fist letter Should be capital and must contains minimum 3 characters :
Wrong Input : Fist letter Should be capital and must contains minimum 3 characters :
Wrong Input : Fist letter Should be capital and must contains minimum 3 characters :
Wrong Input : Fist letter Should be capital and must contains minimum 3 characters :
Wrong Input : Fist letter Should be capital and must contains minimum 3 characters :
Wrong Input : Fist letter Should be capital and must contains minimum 3 characters :
Wrong Input : Fist letter Should be capital and must contains minimum 3 characters :
Wrong Input : Fist letter Should be capital and must contains minimum 3 characters :
Wrong Input : Fist letter Should be capital and must contains minimum 3 characters :
Wrong Input : Fist letter Should be capital and must contains minimum 3 characters :
Wrong Input : Fist letter Should be capital and must contains minimum 3 characters :
Wrong Input : Fist letter Should be capital and must contains minimum 3 characters :
Wrong Input : Fist letter Should be capital and must contains minimum 3 characters :
Wrong Input : Fist letter Should be capital and must contains minimum 3 characters :
Wrong Input : Fist letter Should be capital and must contains minimum 3 characters :
Wrong Input : Fist letter Should be capital and must contains minimum 3 characters :
Wrong Input : Fist letter Should be capital and must contains minimum 3 characters :
Wrong Input : Fist letter Should be capital and must contains minimum 3 characters :
Wrong Input : Fist letter Should be capital and must contains minimum 3 characters :
Wrong Input : Fist letter Should be capital and must contains minimum 3 characters :
Wrong Input : Fist letter Should be capital and must contains minimum 3 characters :
Wrong Input : Fist letter Should be capital and must contains minimum 3 characters :
Wrong Input : Fist letter Should be capital and must contains minimum 3 characters :
Wrong Input : Fist letter Should be capital and must contains minimum 3 characters :
Wrong Input : Fist letter Should be capital and must contains minimum 3 characters :
Wrong Input : Fist letter Should be capital and must contains minimum 3 characters :
Wrong Input : Fist letter Should be capital and must contains minimum 3 characters :
Wrong Input : Fist letter Should be capital and must contains minimum 3 characters :
Wrong Input : Fist letter Should be capital and must contains minimum 3 characters :
Wrong Input : Fist letter Should be capital and must contains minimum 3 characters :
Wrong Input : Fist letter Should be capital and must contains minimum 3 characters :
Wrong Input : Fist letter Should be capital and must contains minimum 3 characters :
Wrong Input : Fist letter Should be capital and must contains minimum 3 characters :
Wrong Input : Fist letter Should be capital and must contains minimum 3 characters :
Wrong Input : Fist letter Should be capital and must contains minimum 3 characters :
Wrong Input : Fist letter Should be capital and must contains minimum 3 characters :
Wrong Input : Fist letter Should be capital and must contains minimum 3 characters :
Wrong Input : Fist letter Should be capital and must contains minimum 3 characters :
Wrong Input : Fist letter Should be capital and must contains minimum 3 characters :
Wrong Input : Fist letter Should be capital and must contains minimum 3 characters :
Wrong Input : Fist letter Should be capital and must contains minimum 3 characters :
Wrong Input : Fist letter Should be capital and must contains minimum 3 characters :
Wrong Input : Fist letter Should be capital and must contains minimum 3 characters :
Wrong Input : Fist letter Should be capital and must contains minimum 3 characters :
Wrong Input : Fist letter Should be capital and must contains minimum 3 characters :
Wrong Input : Fist letter Should be capital and must contains minimum 3 characters :
Wrong Input : Fist letter Should be capital and must contains minimum 3 characters :
Wrong Input : Fist letter Should be capital and must contains minimum 3 characters :
Wrong Input : Fist letter Should be capital and must contains minimum 3 characters :
Wrong Input : Fist letter Should be capital and must contains minimum 3 characters :
Wrong Input : Fist letter Should be capital and must contains minimum 3 characters :
Wrong Input : Fist letter Should be capital and must contains minimum 3 characters :
Wrong Input : Fist letter Should be capital and must contains minimum 3 characters :
Wrong Input : Fist letter Should be capital and must contains minimum 3 characters :
Wrong Input : Fist letter Should be capital and must contains minimum 3 characters :
Wrong Input : Fist letter Should be capital and must contains minimum 3 characters :
Wrong Input : Fist letter Should be capital and must contains minimum 3 characters :
Wrong Input : Fist letter Should be capital and must contains minimum 3 characters :
Wrong Input : Fist letter Should be capital and must contains minimum 3 characters :
Wrong Input : Fist letter Should be capital and must contains minimum 3 characters :
Wrong Input : Fist letter Should be capital and must contains minimum 3 characters :
Wrong Input : Fist letter Should be capital and must contains minimum 3 characters :
Wrong Input : Fist letter Should be capital and must contains minimum 3 characters :
Wrong Input : Fist letter Should be capital and must contains minimum 3 characters :
Wrong Input : Fist letter Should be capital and must contains minimum 3 characters :
Wrong Input : Fist letter Should be capital and must contains minimum 3 characters :
Wrong Input : Fist letter Should be capital and must contains minimum 3 characters :
Wrong Input : Fist letter Should be capital and must contains minimum 3 characters :
Wrong Input : Fist letter Should be capital and must contains minimum 3 characters :
Wrong Input : Fist letter Should be capital and must contains minimum 3 characters :
Wrong Input : Fist letter Should be capital and must contains minimum 3 characters :
Wrong Input : Fist letter Should be capital and must contains minimum 3 characters :
Wrong Input : Fist letter Should be capital and must contains minimum 3 characters :
Wrong Input : Fist letter Should be capital and must contains minimum 3 characters :
Wrong Input : Fist letter Should be capital and must contains minimum 3 characters :
Wrong Input : Fist letter Should be capital and must contains minimum 3 characters :
Wrong Input : Fist letter Should be capital and must contains minimum 3 characters :
Wrong Input : Fist letter Should be capital and must contains minimum 3 characters :
Wrong Input : Fist letter Should be capital and must contains minimum 3 characters :
Wrong Input : Fist letter Should be capital and must contains minimum 3 characters :
Wrong Input : Fist letter Should be capital and must contains minimum 3 characters :
Wrong Input : Fist letter Should be capital and must contains minimum 3 characters :
Wrong Input : Fist letter Should be capital and must contains minimum 3 characters :
Wrong Input : Fist letter Should be capital and must contains minimum 3 characters :
Wrong Input : Fist letter Should be capital and must contains minimum 3 characters :
Wrong Input : Fist letter Should be capital and must contains minimum 3 characters :
Wrong Input : Fist letter Should be capital and must contains minimum 3 characters :
Wrong Input : Fist letter Should be capital and must contains minimum 3 characters :
Wrong Input : Fist letter Should be capital and must contains minimum 3 characters :
Wrong Input : Fist letter Should be capital and must contains minimum 3 characters :
Wrong Input : Fist letter Should be capital and must contains minimum 3 characters :
Wrong Input : Fist letter Should be capital and must contains minimum 3 characters :
Wrong Input : Fist letter Should be capital and must contains minimum 3 characters :
Wrong Input : Fist letter Should be capital and must contains minimum 3 characters :
Wrong Input : Fist letter Should be capital and must contains minimum 3 characters :
Wrong Input : Fist letter Should be capital and must contains minimum 3 characters :
Wrong Input : Fist letter Should be capital and must contains minimum 3 characters :
Wrong Input : Fist letter Should be capital and must contains minimum 3 characters :
Wrong Input : Fist letter Should be capital and must contains minimum 3 characters :
Wrong Input : Fist letter Should be capital and must contains minimum 3 characters :
Wrong Input : Fist letter Should be capital and must contains minimum 3 characters :
Wrong Input : Fist letter Should be capital and must contains minimum 3 characters :
Wrong Input : Fist letter Should be capital and must contains minimum 3 characters :
Wrong Input : Fist letter Should be capital and must contains minimum 3 characters :
Wrong Input : Fist letter Should be capital and must contains minimum 3 characters :
Wrong Input : Fist letter Should be capital and must contains minimum 3 characters :
Wrong Input : Fist letter Should be capital and must contains minimum 3 characters :
Wrong Input : Fist letter Should be capital and must contains minimum 3 characters :
Wrong Input : Fist letter Should be capital and must contains minimum 3 characters :
Wrong Input : Fist letter Should be capital and must contains minimum 3 characters :
Wrong Input : Fist letter Should be capital and must contains minimum 3 characters :
Wrong Input : Fist letter Should be capital and must contains minimum 3 characters :
Wrong Input : Fist letter Should be capital and must contains minimum 3 characters :
Wrong Input : Fist letter Should be capital and must contains minimum 3 characters :
Wrong Input : Fist letter Should be capital and must contains minimum 3 characters :
Wrong Input : Fist letter Should be capital and must contains minimum 3 characters :
Wrong Input : Fist letter Should be capital and must contains minimum 3 characters :
Wrong Input : Fist letter Should be capital and must contains minimum 3 characters :
Wrong Input : Fist letter Should be capital and must contains minimum 3 characters :
Wrong Input : Fist letter Should be capital and must contains minimum 3 characters :
Wrong Input : Fist letter Should be capital and must contains minimum 3 characters :
Wrong Input : Fist letter Should be capital and must contains minimum 3 characters :
Wrong Input : Fist letter Should be capital and must contains minimum 3 characters :
Wrong Input : Fist letter Should be capital and must contains minimum 3 characters :
Wrong Input : Fist letter Should be capital and must contains minimum 3 characters :
Wrong Input : Fist letter Should be capital and must contains minimum 3 characters :
Wrong Input : Fist letter Should be capital and must contains minimum 3 characters :
Wrong Input : Fist letter Should be capital and must contains minimum 3 characters :
Wrong Input : Fist letter Should be capital and must contains minimum 3 characters :
Wrong Input : Fist letter Should be capital and must contains minimum 3 characters :
Wrong Input : Fist letter Should be capital and must contains minimum 3 characters :
Wrong Input : Fist letter Should be capital and must contains minimum 3 characters :
Wrong Input : Fist letter Should be capital and must contains minimum 3 characters :
Wrong Input : Fist letter Should be capital and must contains minimum 3 characters :
Wrong Input : Fist letter Should be capital and must contains minimum 3 characters :
Wrong Input : Fist letter Should be capital and must contains minimum 3 characters :
Wrong Input : Fist letter Should be capital and must contains minimum 3 characters :
Wrong Input : Fist letter Should be capital and must contains minimum 3 characters :
Wrong Input : Fist letter Should be capital and must contains minimum 3 characters :
Wrong Input : Fist letter Should be capital and must contains minimum 3 characters :
Wrong Input : Fist letter Should be capital and must contains minimum 3 characters :
Wrong Input : Fist letter Should be capital and must contains minimum 3 characters :
Wrong Input : Fist letter Should be capital and must contains minimum 3 characters :
Wrong Input : Fist letter Should be capital and must contains minimum 3 characters :
Wrong Input : Fist letter Should be capital and must contains minimum 3 characters :
Wrong Input : Fist letter Should be capital and must contains minimum 3 characters :
Wrong Input : Fist letter Should be capital and must contains minimum 3 characters :
Wrong Input : Fist letter Should be capital and must contains minimum 3 characters :
Wrong Input : Fist letter Should be capital and must contains minimum 3 characters :
Wrong Input : Fist letter Should be capital and must contains minimum 3 characters :
Wrong Input : Fist letter Should be capital and must contains minimum 3 characters :
Wrong Input : Fist letter Should be capital and must contains minimum 3 characters :
Wrong Input : Fist letter Should be capital and must contains minimum 3 characters :
Wrong Input : Fist letter Should be capital and must contains minimum 3 characters :
Wrong Input : Fist letter Should be capital and must contains minimum 3 characters :
Wrong Input : Fist letter Should be capital and must contains minimum 3 characters :
Wrong Input : Fist letter Should be capital and must contains minimum 3 characters :
Wrong Input : Fist letter Should be capital and must contains minimum 3 characters :
Wrong Input : Fist letter Should be capital and must contains minimum 3 characters :
Wrong Input : Fist letter Should be capital and must contains minimum 3 characters :
Wrong Input : Fist letter Should be capital and must contains minimum 3 characters :
Wrong Input : Fist letter Should be capital and must contains minimum 3 characters :
Wrong Input : Fist letter Should be capital and must contains minimum 3 characters :
Wrong Input : Fist letter Should be capital and must contains minimum 3 characters :
Wrong Input : Fist letter Should be capital and must contains minimum 3 characters :
Wrong Input : Fist letter Should be capital and must contains minimum 3 characters :
Wrong Input : Fist letter Should be capital and must contains minimum 3 characters :
Wrong Input : Fist letter Should be capital and must contains minimum 3 characters :
Wrong Input : Fist letter Should be capital and must contains minimum 3 characters :
Wrong Input : Fist letter Should be capital and must contains minimum 3 characters :
Wrong Input : Fist letter Should be capital and must contains minimum 3 characters :
Wrong Input : Fist letter Should be capital and must contains minimum 3 characters :
Wrong Input : Fist letter Should be capital and must contains minimum 3 characters :
Wrong Input : Fist letter Should be capital and must contains minimum 3 characters :
Wrong Input : Fist letter Should be capital and must contains minimum 3 characters :
Wrong Input : Fist letter Should be capital and must contains minimum 3 characters :
Wrong Input : Fist letter Should be capital and must contains minimum 3 characters :
Wrong Input : Fist letter Should be capital and must contains minimum 3 characters :
Wrong Input : Fist letter Should be capital and must contains minimum 3 characters :
Wrong Input : Fist letter Should be capital and must contains minimum 3 characters :
Wrong Input : Fist letter Should be capital and must contains minimum 3 characters :
Wrong Input : Fist letter Should be capital and must contains minimum 3 characters :
Wrong Input : Fist letter Should be capital and must contains minimum 3 characters :
Wrong Input : Fist letter Should be capital and must contains minimum 3 characters :
Wrong Input : Fist letter Should be capital and must contains minimum 3 characters :
Wrong Input : Fist letter Should be capital and must contains minimum 3 characters :
Wrong Input : Fist letter Should be capital and must contains minimum 3 characters :
Wrong Input : Fist letter Should be capital and must contains minimum 3 characters :
Wrong Input : Fist letter Should be capital and must contains minimum 3 characters :
Wrong Input : Fist letter Should be capital and must contains minimum 3 characters :
Wrong Input : Fist letter Should be capital and must contains minimum 3 characters :
Wrong Input : Fist letter Should be capital and must contains minimum 3 characters :
Wrong Input : Fist letter Should be capital and must contains minimum 3 characters :
Wrong Input : Fist letter Should be capital and must contains minimum 3 characters :
Wrong Input : Fist letter Should be capital and must contains minimum 3 characters :
Wrong Input : Fist letter Should be capital and must contains minimum 3 characters :
Wrong Input : Fist letter Should be capital and must contains minimum 3 characters :
Wrong Input : Fist letter Should be capital and must contains minimum 3 characters :
Wrong Input : Fist letter Should be capital and must contains minimum 3 characters :
Wrong Input : Fist letter Should be capital and must contains minimum 3 characters :
Wrong Input : Fist letter Should be capital and must contains minimum 3 characters :
Wrong Input : Fist letter Should be capital and must contains minimum 3 characters :
Wrong Input : Fist letter Should be capital and must contains minimum 3 characters :
Wrong Input : Fist letter Should be capital and must contains minimum 3 characters :
Wrong Input : Fist letter Should be capital and must contains minimum 3 characters :
Wrong Input : Fist letter Should be capital and must contains minimum 3 characters :
Wrong Input : Fist letter Should be capital and must contains minimum 3 characters :
Wrong Input : Fist letter Should be capital and must contains minimum 3 characters :
Wrong Input : Fist letter Should be capital and must contains minimum 3 characters :
Wrong Input : Fist letter Should be capital and must contains minimum 3 characters :
Wrong Input : Fist letter Should be capital and must contains minimum 3 characters :
Wrong Input : Fist letter Should be capital and must contains minimum 3 characters :
Wrong Input : Fist letter Should be capital and must contains minimum 3 characters :
Wrong Input : Fist letter Should be capital and must contains minimum 3 characters :
Wrong Input : Fist letter Should be capital and must contains minimum 3 characters :
Wrong Input : Fist letter Should be capital and must contains minimum 3 characters :
Wrong Input : Fist letter Should be capital and must contains minimum 3 characters :
Wrong Input : Fist letter Should be capital and must contains minimum 3 characters :
Wrong Input : Fist letter Should be capital and must contains minimum 3 characters :
Wrong Input : Fist letter Should be capital and must contains minimum 3 characters :
Wrong Input : Fist letter Should be capital and must contains minimum 3 characters :
Wrong Input : Fist letter Should be capital and must contains minimum 3 characters :
Wrong Input : Fist letter Should be capital and must contains minimum 3 characters :
Wrong Input : Fist letter Should be capital and must contains minimum 3 characters :
Wrong Input : Fist letter Should be capital and must contains minimum 3 characters :
Wrong Input : Fist letter Should be capital and must contains minimum 3 characters :
Wrong Input : Fist letter Should be capital and must contains minimum 3 characters :
Wrong Input : Fist letter Should be capital and must contains minimum 3 characters :
Wrong Input : Fist letter Should be capital and must contains minimum 3 characters :
Wrong Input : Fist letter Should be capital and must contains minimum 3 characters :
Wrong Input : Fist letter Should be capital and must contains minimum 3 characters :
Wrong Input : Fist letter Should be capital and must contains minimum 3 characters :
Wrong Input : Fist letter Should be capital and must contains minimum 3 characters :
Wrong Input : Fist letter Should be capital and must contains minimum 3 characters :
Wrong Input : Fist letter Should be capital and must contains minimum 3 characters :
Wrong Input : Fist letter Should be capital and must contains minimum 3 characters :
Wrong Input : Fist letter Should be capital and must contains minimum 3 characters :
Wrong Input : Fist letter Should be capital and must contains minimum 3 characters :
Wrong Input : Fist letter Should be capital and must contains minimum 3 characters :
Wrong Input : Fist letter Should be capital and must contains minimum 3 characters :
Wrong Input : Fist letter Should be capital and must contains minimum 3 characters :
Wrong Input : Fist letter Should be capital and must contains minimum 3 characters :
Wrong Input : Fist letter Should be capital and must contains minimum 3 characters :
Wrong Input : Fist letter Should be capital and must contains minimum 3 characters :
Wrong Input : Fist letter Should be capital and must contains minimum 3 characters :
Wrong Input : Fist letter Should be capital and must contains minimum 3 characters :
Wrong Input : Fist letter Should be capital and must contains minimum 3 characters :
Wrong Input : Fist letter Should be capital and must contains minimum 3 characters :
Wrong Input : Fist letter Should be capital and must contains minimum 3 characters :
Wrong Input : Fist letter Should be capital and must contains minimum 3 characters :
Wrong Input : Fist letter Should be capital and must contains minimum 3 characters :
Wrong Input : Fist letter Should be capital and must contains minimum 3 characters :
Wrong Input : Fist letter Should be capital and must contains minimum 3 characters :
Wrong Input : Fist letter Should be capital and must contains minimum 3 characters :
Wrong Input : Fist letter Should be capital and must contains minimum 3 characters :
Wrong Input : Fist letter Should be capital and must contains minimum 3 characters :
Wrong Input : Fist letter Should be capital and must contains minimum 3 characters :
Wrong Input : Fist letter Should be capital and must contains minimum 3 characters :
Wrong Input : Fist letter Should be capital and must contains minimum 3 characters :
Wrong Input : Fist letter Should be capital and must contains minimum 3 characters :
Wrong Input : Fist letter Should be capital and must contains minimum 3 characters :
Wrong Input : Fist letter Should be capital and must contains minimum 3 characters :
Wrong Input : Fist letter Should be capital and must contains minimum 3 characters :
Wrong Input : Fist letter Should be capital and must contains minimum 3 characters :
Wrong Input : Fist letter Should be capital and must contains minimum 3 characters :
Wrong Input : Fist letter Should be capital and must contains minimum 3 characters :
Wrong Input : Fist letter Should be capital and must contains minimum 3 characters :
Wrong Input : Fist letter Should be capital and must contains minimum 3 characters :
Wrong Input : Fist letter Should be capital and must contains minimum 3 characters :
Wrong Input : Fist letter Should be capital and must contains minimum 3 characters :
Wrong Input : Fist letter Should be capital and must contains minimum 3 characters :
Wrong Input : Fist letter Should be capital and must contains minimum 3 characters :
Wrong Input : Fist letter Should be capital and must contains minimum 3 characters :
Wrong Input : Fist letter Should be capital and must contains minimum 3 characters :
Wrong Input : Fist letter Should be capital and must contains minimum 3 characters :
Wrong Input : Fist letter Should be capital and must contains minimum 3 characters :
Wrong Input : Fist letter Should be capital and must contains minimum 3 characters :
Wrong Input : Fist letter Should be capital and must contains minimum 3 characters :
Wrong Input : Fist letter Should be capital and must contains minimum 3 characters :
Wrong Input : Fist letter Should be capital and must contains minimum 3 characters :
Wrong Input : Fist letter Should be capital and must contains minimum 3 characters :
Wrong Input : Fist letter Should be capital and must contains minimum 3 characters :
Wrong Input : Fist letter Should be capital and must contains minimum 3 characters :
Wrong Input : Fist letter Should be capital and must contains minimum 3 characters :
Wrong Input : Fist letter Should be capital and must contains minimum 3 characters :
Wrong Input : Fist letter Should be capital and must contains minimum 3 characters :
Wrong Input : Fist letter Should be capital and must contains minimum 3 characters :
Wrong Input : Fist letter Should be capital and must contains minimum 3 characters :
Wrong Input : Fist letter Should be capital and must contains minimum 3 characters :
Wrong Input : Fist letter Should be capital and must contains minimum 3 characters :
Wrong Input : Fist letter Should be capital and must contains minimum 3 characters :
Wrong Input : Fist letter Should be capital and must contains minimum 3 characters :
Wrong Input : Fist letter Should be capital and must contains minimum 3 characters :
Wrong Input : Fist letter Should be capital and must contains minimum 3 characters :
Wrong Input : Fist letter Should be capital and must contains minimum 3 characters :
Wrong Input : Fist letter Should be capital and must contains minimum 3 characters :
Wrong Input : Fist letter Should be capital and must contains minimum 3 characters :
Wrong Input : Fist letter Should be capital and must contains minimum 3 characters :
Wrong Input : Fist letter Should be capital and must contains minimum 3 characters :
Wrong Input : Fist letter Should be capital and must contains minimum 3 characters :
Wrong Input : Fist letter Should be capital and must contains minimum 3 characters :
Wrong Input : Fist letter Should be capital and must contains minimum 3 characters :
Wrong Input : Fist letter Should be capital and must contains minimum 3 characters :
Wrong Input : Fist letter Should be capital and must contains minimum 3 characters :
Wrong Input : Fist letter Should be capital and must contains minimum 3 characters :
Wrong Input : Fist letter Should be capital and must contains minimum 3 characters :
Wrong Input : Fist letter Should be capital and must contains minimum 3 characters :
Wrong Input : Fist letter Should be capital and must contains minimum 3 characters :
Wrong Input : Fist letter Should be capital and must contains minimum 3 characters :
Wrong Input : Fist letter Should be capital and must contains minimum 3 characters :
Wrong Input : Fist letter Should be capital and must contains minimum 3 characters :
Wrong Input : Fist letter Should be capital and must contains minimum 3 characters :
Wrong Input : Fist letter Should be capital and must contains minimum 3 characters :
Wrong Input : Fist letter Should be capital and must contains minimum 3 characters :
Wrong Input : Fist letter Should be capital and must contains minimum 3 characters :
Wrong Input : Fist letter Should be capital and must contains minimum 3 characters :
Wrong Input : Fist letter Should be capital and must contains minimum 3 characters :
Wrong Input : Fist letter Should be capital and must contains minimum 3 characters :
Wrong Input : Fist letter Should be capital and must contains minimum 3 characters :
Wrong Input : Fist letter Should be capital and must contains minimum 3 characters :
Wrong Input : Fist letter Should be capital and must contains minimum 3 characters :
Wrong Input : Fist letter Should be capital and must contains minimum 3 characters :
Wrong Input : Fist letter Should be capital and must contains minimum 3 characters :
Wrong Input : Fist letter Should be capital and must contains minimum 3 characters :
Wrong Input : Fist letter Should be capital and must contains minimum 3 characters :
Wrong Input : Fist letter Should be capital and must contains minimum 3 characters :
Wrong Input : Fist letter Should be capital and must contains minimum 3 characters :
Wrong Input : Fist letter Should be capital and must contains minimum 3 characters :
Wrong Input : Fist letter Should be capital and must contains minimum 3 characters :
Wrong Input : Fist letter Should be capital and must contains minimum 3 characters :
Wrong Input : Fist letter Should be capital and must contains minimum 3 characters :
Wrong Input : Fist letter Should be capital and must contains minimum 3 characters :
Wrong Input : Fist letter Should be capital and must contains minimum 3 characters :
Wrong Input : Fist letter Should be capital and must contains minimum 3 characters :
Wrong Input : Fist letter Should be capital and must contains minimum 3 characters :
Wrong Input : Fist letter Should be capital and must contains minimum 3 characters :
Wrong Input : Fist letter Should be capital and must contains minimum 3 characters :
Wrong Input : Fist letter Should be capital and must contains minimum 3 characters :
Wrong Input : Fist letter Should be capital and must contains minimum 3 characters :
Wrong Input : Fist letter Should be capital and must contains minimum 3 characters :
Wrong Input : Fist letter Should be capital and must contains minimum 3 characters :
Wrong Input : Fist letter Should be capital and must contains minimum 3 characters :
Wrong Input : Fist letter Should be capital and must contains minimum 3 characters :
Wrong Input : Fist letter Should be capital and must contains minimum 3 characters :
Wrong Input : Fist letter Should be capital and must contains minimum 3 characters :
Wrong Input : Fist letter Should be capital and must contains minimum 3 characters :
Wrong Input : Fist letter Should be capital and must contains minimum 3 characters :
Wrong Input : Fist letter Should be capital and must contains minimum 3 characters :
Wrong Input : Fist letter Should be capital and must contains minimum 3 characters :
Wrong Input : Fist letter Should be capital and must contains minimum 3 characters :
Wrong Input : Fist letter Should be capital and must contains minimum 3 characters :
Wrong Input : Fist letter Should be capital and must contains minimum 3 characters :
Wrong Input : Fist letter Should be capital and must contains minimum 3 characters :
Wrong Input : Fist letter Should be capital and must contains minimum 3 characters :
Wrong Input : Fist letter Should be capital and must contains minimum 3 characters :
Wrong Input : Fist letter Should be capital and must contains minimum 3 characters :
Wrong Input : Fist letter Should be capital and must contains minimum 3 characters :
Wrong Input : Fist letter Should be capital and must contains minimum 3 characters :
Wrong Input : Fist letter Should be capital and must contains minimum 3 characters :
Wrong Input : Fist letter Should be capital and must contains minimum 3 characters :
Wrong Input : Fist letter Should be capital and must contains minimum 3 characters :
Wrong Input : Fist letter Should be capital and must contains minimum 3 characters :
Wrong Input : Fist letter Should be capital and must contains minimum 3 characters :
Wrong Input : Fist letter Should be capital and must contains minimum 3 characters :
Wrong Input : Fist letter Should be capital and must contains minimum 3 characters :
Wrong Input : Fist letter Should be capital and must contains minimum 3 characters :
Wrong Input : Fist letter Should be capital and must contains minimum 3 characters :
Wrong Input : Fist letter Should be capital and must contains minimum 3 characters :
Wrong Input : Fist letter Should be capital and must contains minimum 3 characters :
Wrong Input : Fist letter Should be capital and must contains minimum 3 characters :
Wrong Input : Fist letter Should be capital and must contains minimum 3 characters :
Wrong Input : Fist letter Should be capital and must contains minimum 3 characters :
Wrong Input : Fist letter Should be capital and must contains minimum 3 characters :
Wrong Input : Fist letter Should be capital and must contains minimum 3 characters :
Wrong Input : Fist letter Should be capital and must contains minimum 3 characters :
Wrong Input : Fist letter Should be capital and must contains minimum 3 characters :
Wrong Input : Fist letter Should be capital and must contains minimum 3 characters :
Wrong Input : Fist letter Should be capital and must contains minimum 3 characters :
Wrong Input : Fist letter Should be capital and must contains minimum 3 characters :
Wrong Input : Fist letter Should be capital and must contains minimum 3 characters :
Wrong Input : Fist letter Should be capital and must contains minimum 3 characters :
Wrong Input : Fist letter Should be capital and must contains minimum 3 characters :
Wrong Input : Fist letter Should be capital and must contains minimum 3 characters :
Wrong Input : Fist letter Should be capital and must contains minimum 3 characters :
Wrong Input : Fist letter Should be capital and must contains minimum 3 characters :
Wrong Input : Fist letter Should be capital and must contains minimum 3 characters :
Wrong Input : Fist letter Should be capital and must contains minimum 3 characters :
Wrong Input : Fist letter Should be capital and must contains minimum 3 characters :
Wrong Input : Fist letter Should be capital and must contains minimum 3 characters :
Wrong Input : Fist letter Should be capital and must contains minimum 3 characters :
Wrong Input : Fist letter Should be capital and must contains minimum 3 characters :
Wrong Input : Fist letter Should be capital and must contains minimum 3 characters :
Wrong Input : Fist letter Should be capital and must contains minimum 3 characters :
Wrong Input : Fist letter Should be capital and must contains minimum 3 characters :
Wrong Input : Fist letter Should be capital and must contains minimum 3 characters :
Wrong Input : Fist letter Should be capital and must contains minimum 3 characters :
Wrong Input : Fist letter Should be capital and must contains minimum 3 characters :
Wrong Input : Fist letter Should be capital and must contains minimum 3 characters :
Wrong Input : Fist letter Should be capital and must contains minimum 3 characters :
Wrong Input : Fist letter Should be capital and must contains minimum 3 characters :
Wrong Input : Fist letter Should be capital and must contains minimum 3 characters :
Wrong Input : Fist letter Should be capital and must contains minimum 3 characters :
Wrong Input : Fist letter Should be capital and must contains minimum 3 characters :
Wrong Input : Fist letter Should be capital and must contains minimum 3 characters :
Wrong Input : Fist letter Should be capital and must contains minimum 3 characters :
Wrong Input : Fist letter Should be capital and must contains minimum 3 characters :
Wrong Input : Fist letter Should be capital and must contains minimum 3 characters :
Wrong Input : Fist letter Should be capital and must contains minimum 3 characters :
Wrong Input : Fist letter Should be capital and must contains minimum 3 characters :
Wrong Input : Fist letter Should be capital and must contains minimum 3 characters :
Wrong Input : Fist letter Should be capital and must contains minimum 3 characters :
Wrong Input : Fist letter Should be capital and must contains minimum 3 characters :
Wrong Input : Fist letter Should be capital and must contains minimum 3 characters :
Wrong Input : Fist letter Should be capital and must contains minimum 3 characters :
Wrong Input : Fist letter Should be capital and must contains minimum 3 characters :
Wrong Input : Fist letter Should be capital and must contains minimum 3 characters :
Wrong Input : Fist letter Should be capital and must contains minimum 3 characters :
Wrong Input : Fist letter Should be capital and must contains minimum 3 characters :
Wrong Input : Fist letter Should be capital and must contains minimum 3 characters :
Wrong Input : Fist letter Should be capital and must contains minimum 3 characters :
Wrong Input : Fist letter Should be capital and must contains minimum 3 characters :
Wrong Input : Fist letter Should be capital and must contains minimum 3 characters :
Wrong Input : Fist letter Should be capital and must contains minimum 3 characters :
Wrong Input : Fist letter Should be capital and must contains minimum 3 characters :
Wrong Input : Fist letter Should be capital and must contains minimum 3 characters :
Wrong Input : Fist letter Should be capital and must contains minimum 3 characters :
Wrong Input : Fist letter Should be capital and must contains minimum 3 characters :
Wrong Input : Fist letter Should be capital and must contains minimum 3 characters :
Wrong Input : Fist letter Should be capital and must contains minimum 3 characters :
Wrong Input : Fist letter Should be capital and must contains minimum 3 characters :
Wrong Input : Fist letter Should be capital and must contains minimum 3 characters :
Wrong Input : Fist letter Should be capital and must contains minimum 3 characters :
Wrong Input : Fist letter Should be capital and must contains minimum 3 characters :
Wrong Input : Fist letter Should be capital and must contains minimum 3 characters :
Wrong Input : Fist letter Should be capital and must contains minimum 3 characters :
Wrong Input : Fist letter Should be capital and must contains minimum 3 characters :
Wrong Input : Fist letter Should be capital and must contains minimum 3 characters :
Wrong Input : Fist letter Should be capital and must contains minimum 3 characters :
Wrong Input : Fist letter Should be capital and must contains minimum 3 characters :
Wrong Input : Fist letter Should be capital and must contains minimum 3 characters :
Wrong Input : Fist letter Should be capital and must contains minimum 3 characters :
Wrong Input : Fist letter Should be capital and must contains minimum 3 characters :
Wrong Input : Fist letter Should be capital and must contains minimum 3 characters :
Wrong Input : Fist letter Should be capital and must contains minimum 3 characters :
Wrong Input : Fist letter Should be capital and must contains minimum 3 characters :
Wrong Input : Fist letter Should be capital and must contains minimum 3 characters :
Wrong Input : Fist letter Should be capital and must contains minimum 3 characters :
Wrong Input : Fist letter Should be capital and must contains minimum 3 characters :
Wrong Input : Fist letter Should be capital and must contains minimum 3 characters :
Wrong Input : Fist letter Should be capital and must contains minimum 3 characters :
Wrong Input : Fist letter Should be capital and must contains minimum 3 characters :
Wrong Input : Fist letter Should be capital and must contains minimum 3 characters :
Wrong Input : Fist letter Should be capital and must contains minimum 3 characters :
Wrong Input : Fist letter Should be capital and must contains minimum 3 characters :
Wrong Input : Fist letter Should be capital and must contains minimum 3 characters :
Wrong Input : Fist letter Should be capital and must contains minimum 3 characters :
Wrong Input : Fist letter Should be capital and must contains minimum 3 characters :
Wrong Input : Fist letter Should be capital and must contains minimum 3 characters :
Wrong Input : Fist letter Should be capital and must contains minimum 3 characters :
Wrong Input : Fist letter Should be capital and must contains minimum 3 characters :
Wrong Input : Fist letter Should be capital and must contains minimum 3 characters :
Wrong Input : Fist letter Should be capital and must contains minimum 3 characters :
Wrong Input : Fist letter Should be capital and must contains minimum 3 characters :
Wrong Input : Fist letter Should be capital and must contains minimum 3 characters :
Wrong Input : Fist letter Should be capital and must contains minimum 3 characters :
Wrong Input : Fist letter Should be capital and must contains minimum 3 characters :
Wrong Input : Fist letter Should be capital and must contains minimum 3 characters :
Wrong Input : Fist letter Should be capital and must contains minimum 3 characters :
Wrong Input : Fist letter Should be capital and must contains minimum 3 characters :
Wrong Input : Fist letter Should be capital and must contains minimum 3 characters :
Wrong Input : Fist letter Should be capital and must contains minimum 3 characters :
Wrong Input : Fist letter Should be capital and must contains minimum 3 characters :
Wrong Input : Fist letter Should be capital and must contains minimum 3 characters :
Wrong Input : Fist letter Should be capital and must contains minimum 3 characters :
Wrong Input : Fist letter Should be capital and must contains minimum 3 characters :
Wrong Input : Fist letter Should be capital and must contains minimum 3 characters :
Wrong Input : Fist letter Should be capital and must contains minimum 3 characters :
Wrong Input : Fist letter Should be capital and must contains minimum 3 characters :
Wrong Input : Fist letter Should be capital and must contains minimum 3 characters :
Wrong Input : Fist letter Should be capital and must contains minimum 3 characters :
Wrong Input : Fist letter Should be capital and must contains minimum 3 characters :
Wrong Input : Fist letter Should be capital and must contains minimum 3 characters :
Wrong Input : Fist letter Should be capital and must contains minimum 3 characters :
Wrong Input : Fist letter Should be capital and must contains minimum 3 characters :
Wrong Input : Fist letter Should be capital and must contains minimum 3 characters :
Wrong Input : Fist letter Should be capital and must contains minimum 3 characters :
Wrong Input : Fist letter Should be capital and must contains minimum 3 characters :
Wrong Input : Fist letter Should be capital and must contains minimum 3 characters :
Wrong Input : Fist letter Should be capital and must contains minimum 3 characters :
Wrong Input : Fist letter Should be capital and must contains minimum 3 characters :
Wrong Input : Fist letter Should be capital and must contains minimum 3 characters :
Wrong Input : Fist letter Should be capital and must contains minimum 3 characters :
Wrong Input : Fist letter Should be capital and must contains minimum 3 characters :
Wrong Input : Fist letter Should be capital and must contains minimum 3 characters :
Wrong Input : Fist letter Should be capital and must contains minimum 3 characters :
Wrong Input : Fist letter Should be capital and must contains minimum 3 characters :
Wrong Input : Fist letter Should be capital and must contains minimum 3 characters :
Wrong Input : Fist letter Should be capital and must contains minimum 3 characters :
Wrong Input : Fist letter Should be capital and must contains minimum 3 characters :
Wrong Input : Fist letter Should be capital and must contains minimum 3 characters :
Wrong Input : Fist letter Should be capital and must contains minimum 3 characters :
Wrong Input : Fist letter Should be capital and must contains minimum 3 characters :
Wrong Input : Fist letter Should be capital and must contains minimum 3 characters :
Wrong Input : Fist letter Should be capital and must contains minimum 3 characters :
Wrong Input : Fist letter Should be capital and must contains minimum 3 characters :
Wrong Input : Fist letter Should be capital and must contains minimum 3 characters :
Wrong Input : Fist letter Should be capital and must contains minimum 3 characters :
Wrong Input : Fist letter Should be capital and must contains minimum 3 characters :
Wrong Input : Fist letter Should be capital and must contains minimum 3 characters :
Wrong Input : Fist letter Should be capital and must contains minimum 3 characters :
Wrong Input : Fist letter Should be capital and must contains minimum 3 characters :
Wrong Input : Fist letter Should be capital and must contains minimum 3 characters :
Wrong Input : Fist letter Should be capital and must contains minimum 3 characters :
Wrong Input : Fist letter Should be capital and must contains minimum 3 characters :
Wrong Input : Fist letter Should be capital and must contains minimum 3 characters :
Wrong Input : Fist letter Should be capital and must contains minimum 3 characters :
Wrong Input : Fist letter Should be capital and must contains minimum 3 characters :
Wrong Input : Fist letter Should be capital and must contains minimum 3 characters :
Wrong Input : Fist letter Should be capital and must contains minimum 3 characters :
Wrong Input : Fist letter Should be capital and must contains minimum 3 characters :
Wrong Input : Fist letter Should be capital and must contains minimum 3 characters :
Wrong Input : Fist letter Should be capital and must contains minimum 3 characters :
Wrong Input : Fist letter Should be capital and must contains minimum 3 characters :
Wrong Input : Fist letter Should be capital and must contains minimum 3 characters :
Wrong Input : Fist letter Should be capital and must contains minimum 3 characters :
Wrong Input : Fist letter Should be capital and must contains minimum 3 characters :
Wrong Input : Fist letter Should be capital and must contains minimum 3 characters :
Wrong Input : Fist letter Should be capital and must contains minimum 3 characters :
Wrong Input : Fist letter Should be capital and must contains minimum 3 characters :
Wrong Input : Fist letter Should be capital and must contains minimum 3 characters :
Wrong Input : Fist letter Should be capital and must contains minimum 3 characters :
Wrong Input : Fist letter Should be capital and must contains minimum 3 characters :
Wrong Input : Fist letter Should be capital and must contains minimum 3 characters :
Wrong Input : Fist letter Should be capital and must contains minimum 3 characters :
Wrong Input : Fist letter Should be capital and must contains minimum 3 characters :
Wrong Input : Fist letter Should be capital and must contains minimum 3 characters :
Wrong Input : Fist letter Should be capital and must contains minimum 3 characters :
Wrong Input : Fist letter Should be capital and must contains minimum 3 characters :
Wrong Input : Fist letter Should be capital and must contains minimum 3 characters :
Wrong Input : Fist letter Should be capital and must contains minimum 3 characters :
Wrong Input : Fist letter Should be capital and must contains minimum 3 characters :
Wrong Input : Fist letter Should be capital and must contains minimum 3 characters :
Wrong Input : Fist letter Should be capital and must contains minimum 3 characters :
Wrong Input : Fist letter Should be capital and must contains minimum 3 characters :
Wrong Input : Fist letter Should be capital and must contains minimum 3 characters :
Wrong Input : Fist letter Should be capital and must contains minimum 3 characters :
Wrong Input : Fist letter Should be capital and must contains minimum 3 characters :
Wrong Input : Fist letter Should be capital and must contains minimum 3 characters :
Wrong Input : Fist letter Should be capital and must contains minimum 3 characters :
Wrong Input : Fist letter Should be capital and must contains minimum 3 characters :
Wrong Input : Fist letter Should be capital and must contains minimum 3 characters :
Wrong Input : Fist letter Should be capital and must contains minimum 3 characters :
Wrong Input : Fist letter Should be capital and must contains minimum 3 characters :
Wrong Input : Fist letter Should be capital and must contains minimum 3 characters :
Wrong Input : Fist letter Should be capital and must contains minimum 3 characters :
Wrong Input : Fist letter Should be capital and must contains minimum 3 characters :
Wrong Input : Fist letter Should be capital and must contains minimum 3 characters :
Wrong Input : Fist letter Should be capital and must contains minimum 3 characters :
Wrong Input : Fist letter Should be capital and must contains minimum 3 characters :
Wrong Input : Fist letter Should be capital and must contains minimum 3 characters :
Wrong Input : Fist letter Should be capital and must contains minimum 3 characters :
Wrong Input : Fist letter Should be capital and must contains minimum 3 characters :
Wrong Input : Fist letter Should be capital and must contains minimum 3 characters :
Wrong Input : Fist letter Should be capital and must contains minimum 3 characters :
Wrong Input : Fist letter Should be capital and must contains minimum 3 characters :
Wrong Input : Fist letter Should be capital and must contains minimum 3 characters :
Wrong Input : Fist letter Should be capital and must contains minimum 3 characters :
Wrong Input : Fist letter Should be capital and must contains minimum 3 characters :
Wrong Input : Fist letter Should be capital and must contains minimum 3 characters :
Wrong Input : Fist letter Should be capital and must contains minimum 3 characters :
Wrong Input : Fist letter Should be capital and must contains minimum 3 characters :
Wrong Input : Fist letter Should be capital and must contains minimum 3 characters :
Wrong Input : Fist letter Should be capital and must contains minimum 3 characters :
Wrong Input : Fist letter Should be capital and must contains minimum 3 characters :
Wrong Input : Fist letter Should be capital and must contains minimum 3 characters :
Wrong Input : Fist letter Should be capital and must contains minimum 3 characters :
Wrong Input : Fist letter Should be capital and must contains minimum 3 characters :
Wrong Input : Fist letter Should be capital and must contains minimum 3 characters :
Wrong Input : Fist letter Should be capital and must contains minimum 3 characters :
Wrong Input : Fist letter Should be capital and must contains minimum 3 characters :
Wrong Input : Fist letter Should be capital and must contains minimum 3 characters :
Wrong Input : Fist letter Should be capital and must contains minimum 3 characters :
Wrong Input : Fist letter Should be capital and must contains minimum 3 characters :
Wrong Input : Fist letter Should be capital and must contains minimum 3 characters :
Wrong Input : Fist letter Should be capital and must contains minimum 3 characters :
Wrong Input : Fist letter Should be capital and must contains minimum 3 characters :
Wrong Input : Fist letter Should be capital and must contains minimum 3 characters :
Wrong Input : Fist letter Should be capital and must contains minimum 3 characters :
Wrong Input : Fist letter Should be capital and must contains minimum 3 characters :
Wrong Input : Fist letter Should be capital and must contains minimum 3 characters :
Wrong Input : Fist letter Should be capital and must contains minimum 3 characters :
Wrong Input : Fist letter Should be capital and must contains minimum 3 characters :
Wrong Input : Fist letter Should be capital and must contains minimum 3 characters :
Wrong Input : Fist letter Should be capital and must contains minimum 3 characters :
Wrong Input : Fist letter Should be capital and must contains minimum 3 characters :
Wrong Input : Fist letter Should be capital and must contains minimum 3 characters :
Wrong Input : Fist letter Should be capital and must contains minimum 3 characters :
Wrong Input : Fist letter Should be capital and must contains minimum 3 characters :
Wrong Input : Fist letter Should be capital and must contains minimum 3 characters :
Wrong Input : Fist letter Should be capital and must contains minimum 3 characters :
Wrong Input : Fist letter Should be capital and must contains minimum 3 characters :
Wrong Input : Fist letter Should be capital and must contains minimum 3 characters :
Wrong Input : Fist letter Should be capital and must contains minimum 3 characters :
Wrong Input : Fist letter Should be capital and must contains minimum 3 characters :
Wrong Input : Fist letter Should be capital and must contains minimum 3 characters :
Wrong Input : Fist letter Should be capital and must contains minimum 3 characters :
Wrong Input : Fist letter Should be capital and must contains minimum 3 characters :
Wrong Input : Fist letter Should be capital and must contains minimum 3 characters :
Wrong Input : Fist letter Should be capital and must contains minimum 3 characters :
Wrong Input : Fist letter Should be capital and must contains minimum 3 characters :
Wrong Input : Fist letter Should be capital and must contains minimum 3 characters :
Wrong Input : Fist letter Should be capital and must contains minimum 3 characters :
Wrong Input : Fist letter Should be capital and must contains minimum 3 characters :
Wrong Input : Fist letter Should be capital and must contains minimum 3 characters :
Wrong Input : Fist letter Should be capital and must contains minimum 3 characters :
Wrong Input : Fist letter Should be capital and must contains minimum 3 characters :
Wrong Input : Fist letter Should be capital and must contains minimum 3 characters :
Wrong Input : Fist letter Should be capital and must contains minimum 3 characters :
Wrong Input : Fist letter Should be capital and must contains minimum 3 characters :
Wrong Input : Fist letter Should be capital and must contains minimum 3 characters :
Wrong Input : Fist letter Should be capital and must contains minimum 3 characters :
Wrong Input : Fist letter Should be capital and must contains minimum 3 characters :
Wrong Input : Fist letter Should be capital and must contains minimum 3 characters :
Wrong Input : Fist letter Should be capital and must contains minimum 3 characters :
Wrong Input : Fist letter Should be capital and must contains minimum 3 characters :
Wrong Input : Fist letter Should be capital and must contains minimum 3 characters :
Wrong Input : Fist letter Should be capital and must contains minimum 3 characters :
Wrong Input : Fist letter Should be capital and must contains minimum 3 characters :
Wrong Input : Fist letter Should be capital and must contains minimum 3 characters :
Wrong Input : Fist letter Should be capital and must contains minimum 3 characters :
Wrong Input : Fist letter Should be capital and must contains minimum 3 characters :
Wrong Input : Fist letter Should be capital and must contains minimum 3 characters :
Wrong Input : Fist letter Should be capital and must contains minimum 3 characters :
Wrong Input : Fist letter Should be capital and must contains minimum 3 characters :
Wrong Input : Fist letter Should be capital and must contains minimum 3 characters :
Wrong Input : Fist letter Should be capital and must contains minimum 3 characters :
Wrong Input : Fist letter Should be capital and must contains minimum 3 characters :
Wrong Input : Fist letter Should be capital and must contains minimum 3 characters :
Wrong Input : Fist letter Should be capital and must contains minimum 3 characters :
Wrong Input : Fist letter Should be capital and must contains minimum 3 characters :
Wrong Input : Fist letter Should be capital and must contains minimum 3 characters :
Wrong Input : Fist letter Should be capital and must contains minimum 3 characters :
Wrong Input : Fist letter Should be capital and must contains minimum 3 characters :
Wrong Input : Fist letter Should be capital and must contains minimum 3 characters :
Wrong Input : Fist letter Should be capital and must contains minimum 3 characters :
Wrong Input : Fist letter Should be capital and must contains minimum 3 characters :
Wrong Input : Fist letter Should be capital and must contains minimum 3 characters :
Wrong Input : Fist letter Should be capital and must contains minimum 3 characters :
Wrong Input : Fist letter Should be capital and must contains minimum 3 characters :
Wrong Input : Fist letter Should be capital and must contains minimum 3 characters :
Wrong Input : Fist letter Should be capital and must contains minimum 3 characters :
Wrong Input : Fist letter Should be capital and must contains minimum 3 characters :
Wrong Input : Fist letter Should be capital and must contains minimum 3 characters :
Wrong Input : Fist letter Should be capital and must contains minimum 3 characters :
Wrong Input : Fist letter Should be capital and must contains minimum 3 characters :
Wrong Input : Fist letter Should be capital and must contains minimum 3 characters :
Wrong Input : Fist letter Should be capital and must contains minimum 3 characters :
Wrong Input : Fist letter Should be capital and must contains minimum 3 characters :
Wrong Input : Fist letter Should be capital and must contains minimum 3 characters :
Wrong Input : Fist letter Should be capital and must contains minimum 3 characters :
Wrong Input : Fist letter Should be capital and must contains minimum 3 characters :
Wrong Input : Fist letter Should be capital and must contains minimum 3 characters :
Wrong Input : Fist letter Should be capital and must contains minimum 3 characters :
Wrong Input : Fist letter Should be capital and must contains minimum 3 characters :
Wrong Input : Fist letter Should be capital and must contains minimum 3 characters :
Wrong Input : Fist letter Should be capital and must contains minimum 3 characters :
Wrong Input : Fist letter Should be capital and must contains minimum 3 characters :
Wrong Input : Fist letter Should be capital and must contains minimum 3 characters :
Wrong Input : Fist letter Should be capital and must contains minimum 3 characters :
Wrong Input : Fist letter Should be capital and must contains minimum 3 characters :
Wrong Input : Fist letter Should be capital and must contains minimum 3 characters :
Wrong Input : Fist letter Should be capital and must contains minimum 3 characters :
Wrong Input : Fist letter Should be capital and must contains minimum 3 characters :
Wrong Input : Fist letter Should be capital and must contains minimum 3 characters :
Wrong Input : Fist letter Should be capital and must contains minimum 3 characters :
Wrong Input : Fist letter Should be capital and must contains minimum 3 characters :
Wrong Input : Fist letter Should be capital and must contains minimum 3 characters :
Wrong Input : Fist letter Should be capital and must contains minimum 3 characters :
Wrong Input : Fist letter Should be capital and must contains minimum 3 characters :
Wrong Input : Fist letter Should be capital and must contains minimum 3 characters :
Wrong Input : Fist letter Should be capital and must contains minimum 3 characters :
Wrong Input : Fist letter Should be capital and must contains minimum 3 characters :
Wrong Input : Fist letter Should be capital and must contains minimum 3 characters :
Wrong Input : Fist letter Should be capital and must contains minimum 3 characters :
Wrong Input : Fist letter Should be capital and must contains minimum 3 characters :
Wrong Input : Fist letter Should be capital and must contains minimum 3 characters :
Wrong Input : Fist letter Should be capital and must contains minimum 3 characters :
Wrong Input : Fist letter Should be capital and must contains minimum 3 characters :
Wrong Input : Fist letter Should be capital and must contains minimum 3 characters :
Wrong Input : Fist letter Should be capital and must contains minimum 3 characters :
Wrong Input : Fist letter Should be capital and must contains minimum 3 characters :
Wrong Input : Fist letter Should be capital and must contains minimum 3 characters :
Wrong Input : Fist letter Should be capital and must contains minimum 3 characters :
Wrong Input : Fist letter Should be capital and must contains minimum 3 characters :
Wrong Input : Fist letter Should be capital and must contains minimum 3 characters :
Wrong Input : Fist letter Should be capital and must contains minimum 3 characters :
Wrong Input : Fist letter Should be capital and must contains minimum 3 characters :
Wrong Input : Fist letter Should be capital and must contains minimum 3 characters :
Wrong Input : Fist letter Should be capital and must contains minimum 3 characters :
Wrong Input : Fist letter Should be capital and must contains minimum 3 characters :
Wrong Input : Fist letter Should be capital and must contains minimum 3 characters :
Wrong Input : Fist letter Should be capital and must contains minimum 3 characters :
Wrong Input : Fist letter Should be capital and must contains minimum 3 characters :
Wrong Input : Fist letter Should be capital and must contains minimum 3 characters :
Wrong Input : Fist letter Should be capital and must contains minimum 3 characters :
Wrong Input : Fist letter Should be capital and must contains minimum 3 characters :
Wrong Input : Fist letter Should be capital and must contains minimum 3 characters :
Wrong Input : Fist letter Should be capital and must contains minimum 3 characters :
Wrong Input : Fist letter Should be capital and must contains minimum 3 characters :
Wrong Input : Fist letter Should be capital and must contains minimum 3 characters :
Wrong Input : Fist letter Should be capital and must contains minimum 3 characters :
Wrong Input : Fist letter Should be capital and must contains minimum 3 characters :
Wrong Input : Fist letter Should be capital and must contains minimum 3 characters :
Wrong Input : Fist letter Should be capital and must contains minimum 3 characters :
Wrong Input : Fist letter Should be capital and must contains minimum 3 characters :
Wrong Input : Fist letter Should be capital and must contains minimum 3 characters :
Wrong Input : Fist letter Should be capital and must contains minimum 3 characters :
Wrong Input : Fist letter Should be capital and must contains minimum 3 characters :
Wrong Input : Fist letter Should be capital and must contains minimum 3 characters :
Wrong Input : Fist letter Should be capital and must contains minimum 3 characters :
Wrong Input : Fist letter Should be capital and must contains minimum 3 characters :
Wrong Input : Fist letter Should be capital and must contains minimum 3 characters :
Wrong Input : Fist letter Should be capital and must contains minimum 3 characters :
Wrong Input : Fist letter Should be capital and must contains minimum 3 characters :
Wrong Input : Fist letter Should be capital and must contains minimum 3 characters :
Wrong Input : Fist letter Should be capital and must contains minimum 3 characters :
Wrong Input : Fist letter Should be capital and must contains minimum 3 characters :
Wrong Input : Fist letter Should be capital and must contains minimum 3 characters :
Wrong Input : Fist letter Should be capital and must contains minimum 3 characters :
Wrong Input : Fist letter Should be capital and must contains minimum 3 characters :
Wrong Input : Fist letter Should be capital and must contains minimum 3 characters :
Wrong Input : Fist letter Should be capital and must contains minimum 3 characters :
Wrong Input : Fist letter Should be capital and must contains minimum 3 characters :
Wrong Input : Fist letter Should be capital and must contains minimum 3 characters :
Wrong Input : Fist letter Should be capital and must contains minimum 3 characters :
Wrong Input : Fist letter Should be capital and must contains minimum 3 characters :
Wrong Input : Fist letter Should be capital and must contains minimum 3 characters :
Wrong Input : Fist letter Should be capital and must contains minimum 3 characters :
Wrong Input : Fist letter Should be capital and must contains minimum 3 characters :
Wrong Input : Fist letter Should be capital and must contains minimum 3 characters :
Wrong Input : Fist letter Should be capital and must contains minimum 3 characters :
Wrong Input : Fist letter Should be capital and must contains minimum 3 characters :
Wrong Input : Fist letter Should be capital and must contains minimum 3 characters :
Wrong Input : Fist letter Should be capital and must contains minimum 3 characters :
Wrong Input : Fist letter Should be capital and must contains minimum 3 characters :
Wrong Input : Fist letter Should be capital and must contains minimum 3 characters :
Wrong Input : Fist letter Should be capital and must contains minimum 3 characters :
Wrong Input : Fist letter Should be capital and must contains minimum 3 characters :
Wrong Input : Fist letter Should be capital and must contains minimum 3 characters :
Wrong Input : Fist letter Should be capital and must contains minimum 3 characters :
Wrong Input : Fist letter Should be capital and must contains minimum 3 characters :
Wrong Input : Fist letter Should be capital and must contains minimum 3 characters :
Wrong Input : Fist letter Should be capital and must contains minimum 3 characters :
Wrong Input : Fist letter Should be capital and must contains minimum 3 characters :
Wrong Input : Fist letter Should be capital and must contains minimum 3 characters :
Wrong Input : Fist letter Should be capital and must contains minimum 3 characters :
Wrong Input : Fist letter Should be capital and must contains minimum 3 characters :
Wrong Input : Fist letter Should be capital and must contains minimum 3 characters :
Wrong Input : Fist letter Should be capital and must contains minimum 3 characters :
Wrong Input : Fist letter Should be capital and must contains minimum 3 characters :
Wrong Input : Fist letter Should be capital and must contains minimum 3 characters :
Wrong Input : Fist letter Should be capital and must contains minimum 3 characters :
Wrong Input : Fist letter Should be capital and must contains minimum 3 characters :
Wrong Input : Fist letter Should be capital and must contains minimum 3 characters :
Wrong Input : Fist letter Should be capital and must contains minimum 3 characters :
Wrong Input : Fist letter Should be capital and must contains minimum 3 characters :
Wrong Input : Fist letter Should be capital and must contains minimum 3 characters :
Wrong Input : Fist letter Should be capital and must contains minimum 3 characters :
Wrong Input : Fist letter Should be capital and must contains minimum 3 characters :
Wrong Input : Fist letter Should be capital and must contains minimum 3 characters :
Wrong Input : Fist letter Should be capital and must contains minimum 3 characters :
Wrong Input : Fist letter Should be capital and must contains minimum 3 characters :
Wrong Input : Fist letter Should be capital and must contains minimum 3 characters :
Wrong Input : Fist letter Should be capital and must contains minimum 3 characters :
Wrong Input : Fist letter Should be capital and must contains minimum 3 characters :
Wrong Input : Fist letter Should be capital and must contains minimum 3 characters :
Wrong Input : Fist letter Should be capital and must contains minimum 3 characters :
Wrong Input : Fist letter Should be capital and must contains minimum 3 characters :
Wrong Input : Fist letter Should be capital and must contains minimum 3 characters :
Wrong Input : Fist letter Should be capital and must contains minimum 3 characters :
Wrong Input : Fist letter Should be capital and must contains minimum 3 characters :
Wrong Input : Fist letter Should be capital and must contains minimum 3 characters :
Wrong Input : Fist letter Should be capital and must contains minimum 3 characters :
Wrong Input : Fist letter Should be capital and must contains minimum 3 characters :
Wrong Input : Fist letter Should be capital and must contains minimum 3 characters :
Wrong Input : Fist letter Should be capital and must contains minimum 3 characters :
Wrong Input : Fist letter Should be capital and must contains minimum 3 characters :
Wrong Input : Fist letter Should be capital and must contains minimum 3 characters :
Wrong Input : Fist letter Should be capital and must contains minimum 3 characters :
Wrong Input : Fist letter Should be capital and must contains minimum 3 characters :
Wrong Input : Fist letter Should be capital and must contains minimum 3 characters :
Wrong Input : Fist letter Should be capital and must contains minimum 3 characters :
Wrong Input : Fist letter Should be capital and must contains minimum 3 characters :
Wrong Input : Fist letter Should be capital and must contains minimum 3 characters :
Wrong Input : Fist letter Should be capital and must contains minimum 3 characters :
Wrong Input : Fist letter Should be capital and must contains minimum 3 characters :
Wrong Input : Fist letter Should be capital and must contains minimum 3 characters :
Wrong Input : Fist letter Should be capital and must contains minimum 3 characters :
Wrong Input : Fist letter Should be capital and must contains minimum 3 characters :
Wrong Input : Fist letter Should be capital and must contains minimum 3 characters :
Wrong Input : Fist letter Should be capital and must contains minimum 3 characters :
Wrong Input : Fist letter Should be capital and must contains minimum 3 characters :
Wrong Input : Fist letter Should be capital and must contains minimum 3 characters :
Wrong Input : Fist letter Should be capital and must contains minimum 3 characters :
Wrong Input : Fist letter Should be capital and must contains minimum 3 characters :
Wrong Input : Fist letter Should be capital and must contains minimum 3 characters :
Wrong Input : Fist letter Should be capital and must contains minimum 3 characters :
Wrong Input : Fist letter Should be capital and must contains minimum 3 characters :
Wrong Input : Fist letter Should be capital and must contains minimum 3 characters :
Wrong Input : Fist letter Should be capital and must contains minimum 3 characters :
Wrong Input : Fist letter Should be capital and must contains minimum 3 characters :
Wrong Input : Fist letter Should be capital and must contains minimum 3 characters :
Wrong Input : Fist letter Should be capital and must contains minimum 3 characters :
Wrong Input : Fist letter Should be capital and must contains minimum 3 characters :
Wrong Input : Fist letter Should be capital and must contains minimum 3 characters :
Wrong Input : Fist letter Should be capital and must contains minimum 3 characters :
Wrong Input : Fist letter Should be capital and must contains minimum 3 characters :
Wrong Input : Fist letter Should be capital and must contains minimum 3 characters :
Wrong Input : Fist letter Should be capital and must contains minimum 3 characters :
Wrong Input : Fist letter Should be capital and must contains minimum 3 characters :
Wrong Input : Fist letter Should be capital and must contains minimum 3 characters :
Wrong Input : Fist letter Should be capital and must contains minimum 3 characters :
Wrong Input : Fist letter Should be capital and must contains minimum 3 characters :
Wrong Input : Fist letter Should be capital and must contains minimum 3 characters :
Wrong Input : Fist letter Should be capital and must contains minimum 3 characters :
Wrong Input : Fist letter Should be capital and must contains minimum 3 characters :
Wrong Input : Fist letter Should be capital and must contains minimum 3 characters :
Wrong Input : Fist letter Should be capital and must contains minimum 3 characters :
Wrong Input : Fist letter Should be capital and must contains minimum 3 characters :
Wrong Input : Fist letter Should be capital and must contains minimum 3 characters :
Wrong Input : Fist letter Should be capital and must contains minimum 3 characters :
Wrong Input : Fist letter Should be capital and must contains minimum 3 characters :
Wrong Input : Fist letter Should be capital and must contains minimum 3 characters :
Wrong Input : Fist letter Should be capital and must contains minimum 3 characters :
Wrong Input : Fist letter Should be capital and must contains minimum 3 characters :
Wrong Input : Fist letter Should be capital and must contains minimum 3 characters :
Wrong Input : Fist letter Should be capital and must contains minimum 3 characters :
Wrong Input : Fist letter Should be capital and must contains minimum 3 characters :
Wrong Input : Fist letter Should be capital and must contains minimum 3 characters :
Wrong Input : Fist letter Should be capital and must contains minimum 3 characters :
Wrong Input : Fist letter Should be capital and must contains minimum 3 characters :
Wrong Input : Fist letter Should be capital and must contains minimum 3 characters :
Wrong Input : Fist letter Should be capital and must contains minimum 3 characters :
Wrong Input : Fist letter Should be capital and must contains minimum 3 characters :
Wrong Input : Fist letter Should be capital and must contains minimum 3 characters :
Wrong Input : Fist letter Should be capital and must contains minimum 3 characters :
Wrong Input : Fist letter Should be capital and must contains minimum 3 characters :
Wrong Input : Fist letter Should be capital and must contains minimum 3 characters :
Wrong Input : Fist letter Should be capital and must contains minimum 3 characters :
Wrong Input : Fist letter Should be capital and must contains minimum 3 characters :
Wrong Input : Fist letter Should be capital and must contains minimum 3 characters :
Wrong Input : Fist letter Should be capital and must contains minimum 3 characters :
Wrong Input : Fist letter Should be capital and must contains minimum 3 characters :
Wrong Input : Fist letter Should be capital and must contains minimum 3 characters :
Wrong Input : Fist letter Should be capital and must contains minimum 3 characters :
Wrong Input : Fist letter Should be capital and must contains minimum 3 characters :
Wrong Input : Fist letter Should be capital and must contains minimum 3 characters :
Wrong Input : Fist letter Should be capital and must contains minimum 3 characters :
Wrong Input : Fist letter Should be capital and must contains minimum 3 characters :
Wrong Input : Fist letter Should be capital and must contains minimum 3 characters :
Wrong Input : Fist letter Should be capital and must contains minimum 3 characters :
Wrong Input : Fist letter Should be capital and must contains minimum 3 characters :
Wrong Input : Fist letter Should be capital and must contains minimum 3 characters :
Wrong Input : Fist letter Should be capital and must contains minimum 3 characters :
Wrong Input : Fist letter Should be capital and must contains minimum 3 characters :
Wrong Input : Fist letter Should be capital and must contains minimum 3 characters :
Wrong Input : Fist letter Should be capital and must contains minimum 3 characters :
Wrong Input : Fist letter Should be capital and must contains minimum 3 characters :
Wrong Input : Fist letter Should be capital and must contains minimum 3 characters :
Wrong Input : Fist letter Should be capital and must contains minimum 3 characters :
Wrong Input : Fist letter Should be capital and must contains minimum 3 characters :
Wrong Input : Fist letter Should be capital and must contains minimum 3 characters :
Wrong Input : Fist letter Should be capital and must contains minimum 3 characters :
Wrong Input : Fist letter Should be capital and must contains minimum 3 characters :
Wrong Input : Fist letter Should be capital and must contains minimum 3 characters :
Wrong Input : Fist letter Should be capital and must contains minimum 3 characters :
Wrong Input : Fist letter Should be capital and must contains minimum 3 characters :
Wrong Input : Fist letter Should be capital and must contains minimum 3 characters :
Wrong Input : Fist letter Should be capital and must contains minimum 3 characters :
Wrong Input : Fist letter Should be capital and must contains minimum 3 characters :
Wrong Input : Fist letter Should be capital and must contains minimum 3 characters :
Wrong Input : Fist letter Should be capital and must contains minimum 3 characters :
Wrong Input : Fist letter Should be capital and must contains minimum 3 characters :
Wrong Input : Fist letter Should be capital and must contains minimum 3 characters :
Wrong Input : Fist letter Should be capital and must contains minimum 3 characters :
Wrong Input : Fist letter Should be capital and must contains minimum 3 characters :
Wrong Input : Fist letter Should be capital and must contains minimum 3 characters :
Wrong Input : Fist letter Should be capital and must contains minimum 3 characters :
Wrong Input : Fist letter Should be capital and must contains minimum 3 characters :
Wrong Input : Fist letter Should be capital and must contains minimum 3 characters :
Wrong Input : Fist letter Should be capital and must contains minimum 3 characters :
Wrong Input : Fist letter Should be capital and must contains minimum 3 characters :
Wrong Input : Fist letter Should be capital and must contains minimum 3 characters :
Wrong Input : Fist letter Should be capital and must contains minimum 3 characters :
Wrong Input : Fist letter Should be capital and must contains minimum 3 characters :
Wrong Input : Fist letter Should be capital and must contains minimum 3 characters :
Wrong Input : Fist letter Should be capital and must contains minimum 3 characters :
Wrong Input : Fist letter Should be capital and must contains minimum 3 characters :
Wrong Input : Fist letter Should be capital and must contains minimum 3 characters :
Wrong Input : Fist letter Should be capital and must contains minimum 3 characters :
Wrong Input : Fist letter Should be capital and must contains minimum 3 characters :
Wrong Input : Fist letter Should be capital and must contains minimum 3 characters :
Wrong Input : Fist letter Should be capital and must contains minimum 3 characters :
Wrong Input : Fist letter Should be capital and must contains minimum 3 characters :
Wrong Input : Fist letter Should be capital and must contains minimum 3 characters :
Wrong Input : Fist letter Should be capital and must contains minimum 3 characters :
Wrong Input : Fist letter Should be capital and must contains minimum 3 characters :
Wrong Input : Fist letter Should be capital and must contains minimum 3 characters :
Wrong Input : Fist letter Should be capital and must contains minimum 3 characters :
Wrong Input : Fist letter Should be capital and must contains minimum 3 characters :
Wrong Input : Fist letter Should be capital and must contains minimum 3 characters :
Wrong Input : Fist letter Should be capital and must contains minimum 3 characters :
Wrong Input : Fist letter Should be capital and must contains minimum 3 characters :
Wrong Input : Fist letter Should be capital and must contains minimum 3 characters :
Wrong Input : Fist letter Should be capital and must contains minimum 3 characters :
Wrong Input : Fist letter Should be capital and must contains minimum 3 characters :
Wrong Input : Fist letter Should be capital and must contains minimum 3 characters :
Wrong Input : Fist letter Should be capital and must contains minimum 3 characters :
Wrong Input : Fist letter Should be capital and must contains minimum 3 characters :
Wrong Input : Fist letter Should be capital and must contains minimum 3 characters :
Wrong Input : Fist letter Should be capital and must contains minimum 3 characters :
Wrong Input : Fist letter Should be capital and must contains minimum 3 characters :
Wrong Input : Fist letter Should be capital and must contains minimum 3 characters :
Wrong Input : Fist letter Should be capital and must contains minimum 3 characters :
Wrong Input : Fist letter Should be capital and must contains minimum 3 characters :
Wrong Input : Fist letter Should be capital and must contains minimum 3 characters :
Wrong Input : Fist letter Should be capital and must contains minimum 3 characters :
Wrong Input : Fist letter Should be capital and must contains minimum 3 characters :
Wrong Input : Fist letter Should be capital and must contains minimum 3 characters :
Wrong Input : Fist letter Should be capital and must contains minimum 3 characters :
Wrong Input : Fist letter Should be capital and must contains minimum 3 characters :
Wrong Input : Fist letter Should be capital and must contains minimum 3 characters :
Wrong Input : Fist letter Should be capital and must contains minimum 3 characters :
Wrong Input : Fist letter Should be capital and must contains minimum 3 characters :
Wrong Input : Fist letter Should be capital and must contains minimum 3 characters :
Wrong Input : Fist letter Should be capital and must contains minimum 3 characters :
Wrong Input : Fist letter Should be capital and must contains minimum 3 characters :
Wrong Input : Fist letter Should be capital and must contains minimum 3 characters :
Wrong Input : Fist letter Should be capital and must contains minimum 3 characters :
Wrong Input : Fist letter Should be capital and must contains minimum 3 characters :
Wrong Input : Fist letter Should be capital and must contains minimum 3 characters :
Wrong Input : Fist letter Should be capital and must contains minimum 3 characters :
Wrong Input : Fist letter Should be capital and must contains minimum 3 characters :
Wrong Input : Fist letter Should be capital and must contains minimum 3 characters :
Wrong Input : Fist letter Should be capital and must contains minimum 3 characters :
Wrong Input : Fist letter Should be capital and must contains minimum 3 characters :
Wrong Input : Fist letter Should be capital and must contains minimum 3 characters :
Wrong Input : Fist letter Should be capital and must contains minimum 3 characters :
Wrong Input : Fist letter Should be capital and must contains minimum 3 characters :
Wrong Input : Fist letter Should be capital and must contains minimum 3 characters :
Wrong Input : Fist letter Should be capital and must contains minimum 3 characters :
Wrong Input : Fist letter Should be capital and must contains minimum 3 characters :
Wrong Input : Fist letter Should be capital and must contains minimum 3 characters :
Wrong Input : Fist letter Should be capital and must contains minimum 3 characters :
Wrong Input : Fist letter Should be capital and must contains minimum 3 characters :
Wrong Input : Fist letter Should be capital and must contains minimum 3 characters :
Wrong Input : Fist letter Should be capital and must contains minimum 3 characters :
Wrong Input : Fist letter Should be capital and must contains minimum 3 characters :
Wrong Input : Fist letter Should be capital and must contains minimum 3 characters :
Wrong Input : Fist letter Should be capital and must contains minimum 3 characters :
Wrong Input : Fist letter Should be capital and must contains minimum 3 characters :
Wrong Input : Fist letter Should be capital and must contains minimum 3 characters :
Wrong Input : Fist letter Should be capital and must contains minimum 3 characters :
Wrong Input : Fist letter Should be capital and must contains minimum 3 characters :
Wrong Input : Fist letter Should be capital and must contains minimum 3 characters :
Wrong Input : Fist letter Should be capital and must contains minimum 3 characters :
Wrong Input : Fist letter Should be capital and must contains minimum 3 characters :
Wrong Input : Fist letter Should be capital and must contains minimum 3 characters :
Wrong Input : Fist letter Should be capital and must contains minimum 3 characters :
Wrong Input : Fist letter Should be capital and must contains minimum 3 characters :
Wrong Input : Fist letter Should be capital and must contains minimum 3 characters :
Wrong Input : Fist letter Should be capital and must contains minimum 3 characters :
Wrong Input : Fist letter Should be capital and must contains minimum 3 characters :
Wrong Input : Fist letter Should be capital and must contains minimum 3 characters :
Wrong Input : Fist letter Should be capital and must contains minimum 3 characters :
Wrong Input : Fist letter Should be capital and must contains minimum 3 characters :
Wrong Input : Fist letter Should be capital and must contains minimum 3 characters :
Wrong Input : Fist letter Should be capital and must contains minimum 3 characters :
Wrong Input : Fist letter Should be capital and must contains minimum 3 characters :
Wrong Input : Fist letter Should be capital and must contains minimum 3 characters :
Wrong Input : Fist letter Should be capital and must contains minimum 3 characters :
Wrong Input : Fist letter Should be capital and must contains minimum 3 characters :
Wrong Input : Fist letter Should be capital and must contains minimum 3 characters :
Wrong Input : Fist letter Should be capital and must contains minimum 3 characters :
Wrong Input : Fist letter Should be capital and must contains minimum 3 characters :
Wrong Input : Fist letter Should be capital and must contains minimum 3 characters :
Wrong Input : Fist letter Should be capital and must contains minimum 3 characters :
Wrong Input : Fist letter Should be capital and must contains minimum 3 characters :
Wrong Input : Fist letter Should be capital and must contains minimum 3 characters :
Wrong Input : Fist letter Should be capital and must contains minimum 3 characters :
Wrong Input : Fist letter Should be capital and must contains minimum 3 characters :
Wrong Input : Fist letter Should be capital and must contains minimum 3 characters :
Wrong Input : Fist letter Should be capital and must contains minimum 3 characters :
Wrong Input : Fist letter Should be capital and must contains minimum 3 characters :
Wrong Input : Fist letter Should be capital and must contains minimum 3 characters :
Wrong Input : Fist letter Should be capital and must contains minimum 3 characters :
Wrong Input : Fist letter Should be capital and must contains minimum 3 characters :
Wrong Input : Fist letter Should be capital and must contains minimum 3 characters :
Wrong Input : Fist letter Should be capital and must contains minimum 3 characters :
Wrong Input : Fist letter Should be capital and must contains minimum 3 characters :
Wrong Input : Fist letter Should be capital and must contains minimum 3 characters :
Wrong Input : Fist letter Should be capital and must contains minimum 3 characters :
Wrong Input : Fist letter Should be capital and must contains minimum 3 characters :
Wrong Input : Fist letter Should be capital and must contains minimum 3 characters :
Wrong Input : Fist letter Should be capital and must contains minimum 3 characters :
Wrong Input : Fist letter Should be capital and must contains minimum 3 characters :
Wrong Input : Fist letter Should be capital and must contains minimum 3 characters :
Wrong Input : Fist letter Should be capital and must contains minimum 3 characters :
Wrong Input : Fist letter Should be capital and must contains minimum 3 characters :
Wrong Input : Fist letter Should be capital and must contains minimum 3 characters :
Wrong Input : Fist letter Should be capital and must contains minimum 3 characters :
Wrong Input : Fist letter Should be capital and must contains minimum 3 characters :
Wrong Input : Fist letter Should be capital and must contains minimum 3 characters :
Wrong Input : Fist letter Should be capital and must contains minimum 3 characters :
Wrong Input : Fist letter Should be capital and must contains minimum 3 characters :
Wrong Input : Fist letter Should be capital and must contains minimum 3 characters :
Wrong Input : Fist letter Should be capital and must contains minimum 3 characters :
Wrong Input : Fist letter Should be capital and must contains minimum 3 characters :
Wrong Input : Fist letter Should be capital and must contains minimum 3 characters :
Wrong Input : Fist letter Should be capital and must contains minimum 3 characters :
Wrong Input : Fist letter Should be capital and must contains minimum 3 characters :
Wrong Input : Fist letter Should be capital and must contains minimum 3 characters :
Wrong Input : Fist letter Should be capital and must contains minimum 3 characters :
Wrong Input : Fist letter Should be capital and must contains minimum 3 characters :
Wrong Input : Fist letter Should be capital and must contains minimum 3 characters :
Wrong Input : Fist letter Should be capital and must contains minimum 3 characters :
Wrong Input : Fist letter Should be capital and must contains minimum 3 characters :
Wrong Input : Fist letter Should be capital and must contains minimum 3 characters :
Wrong Input : Fist letter Should be capital and must contains minimum 3 characters :
Wrong Input : Fist letter Should be capital and must contains minimum 3 characters :
Wrong Input : Fist letter Should be capital and must contains minimum 3 characters :
Wrong Input : Fist letter Should be capital and must contains minimum 3 characters :
Wrong Input : Fist letter Should be capital and must contains minimum 3 characters :
Wrong Input : Fist letter Should be capital and must contains minimum 3 characters :
Wrong Input : Fist letter Should be capital and must contains minimum 3 characters :
Wrong Input : Fist letter Should be capital and must contains minimum 3 characters :
Wrong Input : Fist letter Should be capital and must contains minimum 3 characters :
Wrong Input : Fist letter Should be capital and must contains minimum 3 characters :
Wrong Input : Fist letter Should be capital and must contains minimum 3 characters :
Wrong Input : Fist letter Should be capital and must contains minimum 3 characters :
Wrong Input : Fist letter Should be capital and must contains minimum 3 characters :
Wrong Input : Fist letter Should be capital and must contains minimum 3 characters :
Wrong Input : Fist letter Should be capital and must contains minimum 3 characters :
Wrong Input : Fist letter Should be capital and must contains minimum 3 characters :
Wrong Input : Fist letter Should be capital and must contains minimum 3 characters :
Wrong Input : Fist letter Should be capital and must contains minimum 3 characters :
Wrong Input : Fist letter Should be capital and must contains minimum 3 characters :
Wrong Input : Fist letter Should be capital and must contains minimum 3 characters :
Wrong Input : Fist letter Should be capital and must contains minimum 3 characters :
Wrong Input : Fist letter Should be capital and must contains minimum 3 characters :
Wrong Input : Fist letter Should be capital and must contains minimum 3 characters :
Wrong Input : Fist letter Should be capital and must contains minimum 3 characters :
Wrong Input : Fist letter Should be capital and must contains minimum 3 characters :
Wrong Input : Fist letter Should be capital and must contains minimum 3 characters :
Wrong Input : Fist letter Should be capital and must contains minimum 3 characters :
Wrong Input : Fist letter Should be capital and must contains minimum 3 characters :
Wrong Input : Fist letter Should be capital and must contains minimum 3 characters :
Wrong Input : Fist letter Should be capital and must contains minimum 3 characters :
Wrong Input : Fist letter Should be capital and must contains minimum 3 characters :
Wrong Input : Fist letter Should be capital and must contains minimum 3 characters :
Wrong Input : Fist letter Should be capital and must contains minimum 3 characters :
Wrong Input : Fist letter Should be capital and must contains minimum 3 characters :
Wrong Input : Fist letter Should be capital and must contains minimum 3 characters :
Wrong Input : Fist letter Should be capital and must contains minimum 3 characters :
Wrong Input : Fist letter Should be capital and must contains minimum 3 characters :
Wrong Input : Fist letter Should be capital and must contains minimum 3 characters :
Wrong Input : Fist letter Should be capital and must contains minimum 3 characters :
Wrong Input : Fist letter Should be capital and must contains minimum 3 characters :
Wrong Input : Fist letter Should be capital and must contains minimum 3 characters :
Wrong Input : Fist letter Should be capital and must contains minimum 3 characters :
Wrong Input : Fist letter Should be capital and must contains minimum 3 characters :
Wrong Input : Fist letter Should be capital and must contains minimum 3 characters :
Wrong Input : Fist letter Should be capital and must contains minimum 3 characters :
Wrong Input : Fist letter Should be capital and must contains minimum 3 characters :
Wrong Input : Fist letter Should be capital and must contains minimum 3 characters :
Wrong Input : Fist letter Should be capital and must contains minimum 3 characters :
Wrong Input : Fist letter Should be capital and must contains minimum 3 characters :
Wrong Input : Fist letter Should be capital and must contains minimum 3 characters :
Wrong Input : Fist letter Should be capital and must contains minimum 3 characters :
Wrong Input : Fist letter Should be capital and must contains minimum 3 characters :
Wrong Input : Fist letter Should be capital and must contains minimum 3 characters :
Wrong Input : Fist letter Should be capital and must contains minimum 3 characters :
Wrong Input : Fist letter Should be capital and must contains minimum 3 characters :
Wrong Input : Fist letter Should be capital and must contains minimum 3 characters :
Wrong Input : Fist letter Should be capital and must contains minimum 3 characters :
Wrong Input : Fist letter Should be capital and must contains minimum 3 characters :
Wrong Input : Fist letter Should be capital and must contains minimum 3 characters :
Wrong Input : Fist letter Should be capital and must contains minimum 3 characters :
Wrong Input : Fist letter Should be capital and must contains minimum 3 characters :
Wrong Input : Fist letter Should be capital and must contains minimum 3 characters :
Wrong Input : Fist letter Should be capital and must contains minimum 3 characters :
Wrong Input : Fist letter Should be capital and must contains minimum 3 characters :
Wrong Input : Fist letter Should be capital and must contains minimum 3 characters :
Wrong Input : Fist letter Should be capital and must contains minimum 3 characters :
Wrong Input : Fist letter Should be capital and must contains minimum 3 characters :
Wrong Input : Fist letter Should be capital and must contains minimum 3 characters :
Wrong Input : Fist letter Should be capital and must contains minimum 3 characters :
Wrong Input : Fist letter Should be capital and must contains minimum 3 characters :
Wrong Input : Fist letter Should be capital and must contains minimum 3 characters :
Wrong Input : Fist letter Should be capital and must contains minimum 3 characters :
Wrong Input : Fist letter Should be capital and must contains minimum 3 characters :
Wrong Input : Fist letter Should be capital and must contains minimum 3 characters :
Wrong Input : Fist letter Should be capital and must contains minimum 3 characters :
Wrong Input : Fist letter Should be capital and must contains minimum 3 characters :
Wrong Input : Fist letter Should be capital and must contains minimum 3 characters :
Wrong Input : Fist letter Should be capital and must contains minimum 3 characters :
Wrong Input : Fist letter Should be capital and must contains minimum 3 characters :
Wrong Input : Fist letter Should be capital and must contains minimum 3 characters :
Wrong Input : Fist letter Should be capital and must contains minimum 3 characters :
Wrong Input : Fist letter Should be capital and must contains minimum 3 characters :
Wrong Input : Fist letter Should be capital and must contains minimum 3 characters :
Wrong Input : Fist letter Should be capital and must contains minimum 3 characters :
Wrong Input : Fist letter Should be capital and must contains minimum 3 characters :
Wrong Input : Fist letter Should be capital and must contains minimum 3 characters :
Wrong Input : Fist letter Should be capital and must contains minimum 3 characters :
Wrong Input : Fist letter Should be capital and must contains minimum 3 characters :
Wrong Input : Fist letter Should be capital and must contains minimum 3 characters :
Wrong Input : Fist letter Should be capital and must contains minimum 3 characters :
Wrong Input : Fist letter Should be capital and must contains minimum 3 characters :
Wrong Input : Fist letter Should be capital and must contains minimum 3 characters :
Wrong Input : Fist letter Should be capital and must contains minimum 3 characters :
Wrong Input : Fist letter Should be capital and must contains minimum 3 characters :
Wrong Input : Fist letter Should be capital and must contains minimum 3 characters :
Wrong Input : Fist letter Should be capital and must contains minimum 3 characters :
Wrong Input : Fist letter Should be capital and must contains minimum 3 characters :
Wrong Input : Fist letter Should be capital and must contains minimum 3 characters :
Wrong Input : Fist letter Should be capital and must contains minimum 3 characters :
Wrong Input : Fist letter Should be capital and must contains minimum 3 characters :
Wrong Input : Fist letter Should be capital and must contains minimum 3 characters :
Wrong Input : Fist letter Should be capital and must contains minimum 3 characters :
Wrong Input : Fist letter Should be capital and must contains minimum 3 characters :
Wrong Input : Fist letter Should be capital and must contains minimum 3 characters :
Wrong Input : Fist letter Should be capital and must contains minimum 3 characters :
Wrong Input : Fist letter Should be capital and must contains minimum 3 characters :
Wrong Input : Fist letter Should be capital and must contains minimum 3 characters :
Wrong Input : Fist letter Should be capital and must contains minimum 3 characters :
Wrong Input : Fist letter Should be capital and must contains minimum 3 characters :
Wrong Input : Fist letter Should be capital and must contains minimum 3 characters :
Wrong Input : Fist letter Should be capital and must contains minimum 3 characters :
Wrong Input : Fist letter Should be capital and must contains minimum 3 characters :
Wrong Input : Fist letter Should be capital and must contains minimum 3 characters :
Wrong Input : Fist letter Should be capital and must contains minimum 3 characters :
Wrong Input : Fist letter Should be capital and must contains minimum 3 characters :
Wrong Input : Fist letter Should be capital and must contains minimum 3 characters :
Wrong Input : Fist letter Should be capital and must contains minimum 3 characters :
Wrong Input : Fist letter Should be capital and must contains minimum 3 characters :
Wrong Input : Fist letter Should be capital and must contains minimum 3 characters :
Wrong Input : Fist letter Should be capital and must contains minimum 3 characters :
Wrong Input : Fist letter Should be capital and must contains minimum 3 characters :
Wrong Input : Fist letter Should be capital and must contains minimum 3 characters :
Wrong Input : Fist letter Should be capital and must contains minimum 3 characters :
Wrong Input : Fist letter Should be capital and must contains minimum 3 characters :
Wrong Input : Fist letter Should be capital and must contains minimum 3 characters :
Wrong Input : Fist letter Should be capital and must contains minimum 3 characters :
Wrong Input : Fist letter Should be capital and must contains minimum 3 characters :
Wrong Input : Fist letter Should be capital and must contains minimum 3 characters :
Wrong Input : Fist letter Should be capital and must contains minimum 3 characters :
Wrong Input : Fist letter Should be capital and must contains minimum 3 characters :
Wrong Input : Fist letter Should be capital and must contains minimum 3 characters :
Wrong Input : Fist letter Should be capital and must contains minimum 3 characters :
Wrong Input : Fist letter Should be capital and must contains minimum 3 characters :
Wrong Input : Fist letter Should be capital and must contains minimum 3 characters :
Wrong Input : Fist letter Should be capital and must contains minimum 3 characters :
Wrong Input : Fist letter Should be capital and must contains minimum 3 characters :
Wrong Input : Fist letter Should be capital and must contains minimum 3 characters :
Wrong Input : Fist letter Should be capital and must contains minimum 3 characters :
Wrong Input : Fist letter Should be capital and must contains minimum 3 characters :
Wrong Input : Fist letter Should be capital and must contains minimum 3 characters :
Wrong Input : Fist letter Should be capital and must contains minimum 3 characters :
Wrong Input : Fist letter Should be capital and must contains minimum 3 characters :
Wrong Input : Fist letter Should be capital and must contains minimum 3 characters :
Wrong Input : Fist letter Should be capital and must contains minimum 3 characters :
Wrong Input : Fist letter Should be capital and must contains minimum 3 characters :
Wrong Input : Fist letter Should be capital and must contains minimum 3 characters :
Wrong Input : Fist letter Should be capital and must contains minimum 3 characters :
Wrong Input : Fist letter Should be capital and must contains minimum 3 characters :
Wrong Input : Fist letter Should be capital and must contains minimum 3 characters :
Wrong Input : Fist letter Should be capital and must contains minimum 3 characters :
Wrong Input : Fist letter Should be capital and must contains minimum 3 characters :
Wrong Input : Fist letter Should be capital and must contains minimum 3 characters :
Wrong Input : Fist letter Should be capital and must contains minimum 3 characters :
Wrong Input : Fist letter Should be capital and must contains minimum 3 characters :
Wrong Input : Fist letter Should be capital and must contains minimum 3 characters :
Wrong Input : Fist letter Should be capital and must contains minimum 3 characters :
Wrong Input : Fist letter Should be capital and must contains minimum 3 characters :
Wrong Input : Fist letter Should be capital and must contains minimum 3 characters :
Wrong Input : Fist letter Should be capital and must contains minimum 3 characters :
Wrong Input : Fist letter Should be capital and must contains minimum 3 characters :
Wrong Input : Fist letter Should be capital and must contains minimum 3 characters :
Wrong Input : Fist letter Should be capital and must contains minimum 3 characters :
Wrong Input : Fist letter Should be capital and must contains minimum 3 characters :
Wrong Input : Fist letter Should be capital and must contains minimum 3 characters :
Wrong Input : Fist letter Should be capital and must contains minimum 3 characters :
Wrong Input : Fist letter Should be capital and must contains minimum 3 characters :
Wrong Input : Fist letter Should be capital and must contains minimum 3 characters :
Wrong Input : Fist letter Should be capital and must contains minimum 3 characters :
Wrong Input : Fist letter Should be capital and must contains minimum 3 characters :
Wrong Input : Fist letter Should be capital and must contains minimum 3 characters :
Wrong Input : Fist letter Should be capital and must contains minimum 3 characters :
Wrong Input : Fist letter Should be capital and must contains minimum 3 characters :
Wrong Input : Fist letter Should be capital and must contains minimum 3 characters :
Wrong Input : Fist letter Should be capital and must contains minimum 3 characters :
Wrong Input : Fist letter Should be capital and must contains minimum 3 characters :
Wrong Input : Fist letter Should be capital and must contains minimum 3 characters :
Wrong Input : Fist letter Should be capital and must contains minimum 3 characters :
Wrong Input : Fist letter Should be capital and must contains minimum 3 characters :
Wrong Input : Fist letter Should be capital and must contains minimum 3 characters :
Wrong Input : Fist letter Should be capital and must contains minimum 3 characters :
Wrong Input : Fist letter Should be capital and must contains minimum 3 characters :
Wrong Input : Fist letter Should be capital and must contains minimum 3 characters :
Wrong Input : Fist letter Should be capital and must contains minimum 3 characters :
Wrong Input : Fist letter Should be capital and must contains minimum 3 characters :
Wrong Input : Fist letter Should be capital and must contains minimum 3 characters :
Wrong Input : Fist letter Should be capital and must contains minimum 3 characters :
Wrong Input : Fist letter Should be capital and must contains minimum 3 characters :
Wrong Input : Fist letter Should be capital and must contains minimum 3 characters :
Wrong Input : Fist letter Should be capital and must contains minimum 3 characters :
Wrong Input : Fist letter Should be capital and must contains minimum 3 characters :
Wrong Input : Fist letter Should be capital and must contains minimum 3 characters :
Wrong Input : Fist letter Should be capital and must contains minimum 3 characters :
Wrong Input : Fist letter Should be capital and must contains minimum 3 characters :
Wrong Input : Fist letter Should be capital and must contains minimum 3 characters :
Wrong Input : Fist letter Should be capital and must contains minimum 3 characters :
Wrong Input : Fist letter Should be capital and must contains minimum 3 characters :
Wrong Input : Fist letter Should be capital and must contains minimum 3 characters :
Wrong Input : Fist letter Should be capital and must contains minimum 3 characters :
Wrong Input : Fist letter Should be capital and must contains minimum 3 characters :
Wrong Input : Fist letter Should be capital and must contains minimum 3 characters :
Wrong Input : Fist letter Should be capital and must contains minimum 3 characters :
Wrong Input : Fist letter Should be capital and must contains minimum 3 characters :
Wrong Input : Fist letter Should be capital and must contains minimum 3 characters :
Wrong Input : Fist letter Should be capital and must contains minimum 3 characters :
Wrong Input : Fist letter Should be capital and must contains minimum 3 characters :
Wrong Input : Fist letter Should be capital and must contains minimum 3 characters :
Wrong Input : Fist letter Should be capital and must contains minimum 3 characters :
Wrong Input : Fist letter Should be capital and must contains minimum 3 characters :
Wrong Input : Fist letter Should be capital and must contains minimum 3 characters :
Wrong Input : Fist letter Should be capital and must contains minimum 3 characters :
Wrong Input : Fist letter Should be capital and must contains minimum 3 characters :
Wrong Input : Fist letter Should be capital and must contains minimum 3 characters :
Wrong Input : Fist letter Should be capital and must contains minimum 3 characters :
Wrong Input : Fist letter Should be capital and must contains minimum 3 characters :
Wrong Input : Fist letter Should be capital and must contains minimum 3 characters :
Wrong Input : Fist letter Should be capital and must contains minimum 3 characters :
Wrong Input : Fist letter Should be capital and must contains minimum 3 characters :
Wrong Input : Fist letter Should be capital and must contains minimum 3 characters :
Wrong Input : Fist letter Should be capital and must contains minimum 3 characters :
Wrong Input : Fist letter Should be capital and must contains minimum 3 characters :
Wrong Input : Fist letter Should be capital and must contains minimum 3 characters :
Wrong Input : Fist letter Should be capital and must contains minimum 3 characters :
Wrong Input : Fist letter Should be capital and must contains minimum 3 characters :
Wrong Input : Fist letter Should be capital and must contains minimum 3 characters :
Wrong Input : Fist letter Should be capital and must contains minimum 3 characters :
Wrong Input : Fist letter Should be capital and must contains minimum 3 characters :
Wrong Input : Fist letter Should be capital and must contains minimum 3 characters :
Wrong Input : Fist letter Should be capital and must contains minimum 3 characters :
Wrong Input : Fist letter Should be capital and must contains minimum 3 characters :
Wrong Input : Fist letter Should be capital and must contains minimum 3 characters :
Wrong Input : Fist letter Should be capital and must contains minimum 3 characters :
Wrong Input : Fist letter Should be capital and must contains minimum 3 characters :
Wrong Input : Fist letter Should be capital and must contains minimum 3 characters :
Wrong Input : Fist letter Should be capital and must contains minimum 3 characters :
Wrong Input : Fist letter Should be capital and must contains minimum 3 characters :
Wrong Input : Fist letter Should be capital and must contains minimum 3 characters :
Wrong Input : Fist letter Should be capital and must contains minimum 3 characters :
Wrong Input : Fist letter Should be capital and must contains minimum 3 characters :
Wrong Input : Fist letter Should be capital and must contains minimum 3 characters :
Wrong Input : Fist letter Should be capital and must contains minimum 3 characters :
Wrong Input : Fist letter Should be capital and must contains minimum 3 characters :
Wrong Input : Fist letter Should be capital and must contains minimum 3 characters :
Wrong Input : Fist letter Should be capital and must contains minimum 3 characters :
Wrong Input : Fist letter Should be capital and must contains minimum 3 characters :
Wrong Input : Fist letter Should be capital and must contains minimum 3 characters :
Wrong Input : Fist letter Should be capital and must contains minimum 3 characters :
Wrong Input : Fist letter Should be capital and must contains minimum 3 characters :
Wrong Input : Fist letter Should be capital and must contains minimum 3 characters :
Wrong Input : Fist letter Should be capital and must contains minimum 3 characters :
Wrong Input : Fist letter Should be capital and must contains minimum 3 characters :
Wrong Input : Fist letter Should be capital and must contains minimum 3 characters :
Wrong Input : Fist letter Should be capital and must contains minimum 3 characters :
Wrong Input : Fist letter Should be capital and must contains minimum 3 characters :
Wrong Input : Fist letter Should be capital and must contains minimum 3 characters :
Wrong Input : Fist letter Should be capital and must contains minimum 3 characters :
Wrong Input : Fist letter Should be capital and must contains minimum 3 characters :
Wrong Input : Fist letter Should be capital and must contains minimum 3 characters :
Wrong Input : Fist letter Should be capital and must contains minimum 3 characters :
Wrong Input : Fist letter Should be capital and must contains minimum 3 characters :
Wrong Input : Fist letter Should be capital and must contains minimum 3 characters :
Wrong Input : Fist letter Should be capital and must contains minimum 3 characters :
Wrong Input : Fist letter Should be capital and must contains minimum 3 characters :
Wrong Input : Fist letter Should be capital and must contains minimum 3 characters :
Wrong Input : Fist letter Should be capital and must contains minimum 3 characters :
Wrong Input : Fist letter Should be capital and must contains minimum 3 characters :
Wrong Input : Fist letter Should be capital and must contains minimum 3 characters :
Wrong Input : Fist letter Should be capital and must contains minimum 3 characters :
Wrong Input : Fist letter Should be capital and must contains minimum 3 characters :
Wrong Input : Fist letter Should be capital and must contains minimum 3 characters :
Wrong Input : Fist letter Should be capital and must contains minimum 3 characters :
Wrong Input : Fist letter Should be capital and must contains minimum 3 characters :
Wrong Input : Fist letter Should be capital and must contains minimum 3 characters :
Wrong Input : Fist letter Should be capital and must contains minimum 3 characters :
Wrong Input : Fist letter Should be capital and must contains minimum 3 characters :
Wrong Input : Fist letter Should be capital and must contains minimum 3 characters :
Wrong Input : Fist letter Should be capital and must contains minimum 3 characters :
Wrong Input : Fist letter Should be capital and must contains minimum 3 characters :
Wrong Input : Fist letter Should be capital and must contains minimum 3 characters :
Wrong Input : Fist letter Should be capital and must contains minimum 3 characters :
Wrong Input : Fist letter Should be capital and must contains minimum 3 characters :
Wrong Input : Fist letter Should be capital and must contains minimum 3 characters :
Wrong Input : Fist letter Should be capital and must contains minimum 3 characters :
Wrong Input : Fist letter Should be capital and must contains minimum 3 characters :
Wrong Input : Fist letter Should be capital and must contains minimum 3 characters :
Wrong Input : Fist letter Should be capital and must contains minimum 3 characters :
Wrong Input : Fist letter Should be capital and must contains minimum 3 characters :
Wrong Input : Fist letter Should be capital and must contains minimum 3 characters :
Wrong Input : Fist letter Should be capital and must contains minimum 3 characters :
Wrong Input : Fist letter Should be capital and must contains minimum 3 characters :
Wrong Input : Fist letter Should be capital and must contains minimum 3 characters :
Wrong Input : Fist letter Should be capital and must contains minimum 3 characters :
Wrong Input : Fist letter Should be capital and must contains minimum 3 characters :
Wrong Input : Fist letter Should be capital and must contains minimum 3 characters :
Wrong Input : Fist letter Should be capital and must contains minimum 3 characters :
Wrong Input : Fist letter Should be capital and must contains minimum 3 characters :
Wrong Input : Fist letter Should be capital and must contains minimum 3 characters :
Wrong Input : Fist letter Should be capital and must contains minimum 3 characters :
Wrong Input : Fist letter Should be capital and must contains minimum 3 characters :
Wrong Input : Fist letter Should be capital and must contains minimum 3 characters :
Wrong Input : Fist letter Should be capital and must contains minimum 3 characters :
Wrong Input : Fist letter Should be capital and must contains minimum 3 characters :
Wrong Input : Fist letter Should be capital and must contains minimum 3 characters :
Wrong Input : Fist letter Should be capital and must contains minimum 3 characters :
Wrong Input : Fist letter Should be capital and must contains minimum 3 characters :
Wrong Input : Fist letter Should be capital and must contains minimum 3 characters :
Wrong Input : Fist letter Should be capital and must contains minimum 3 characters :
Wrong Input : Fist letter Should be capital and must contains minimum 3 characters :
Wrong Input : Fist letter Should be capital and must contains minimum 3 characters :
Wrong Input : Fist letter Should be capital and must contains minimum 3 characters :
Wrong Input : Fist letter Should be capital and must contains minimum 3 characters :
Wrong Input : Fist letter Should be capital and must contains minimum 3 characters :
Wrong Input : Fist letter Should be capital and must contains minimum 3 characters :
Wrong Input : Fist letter Should be capital and must contains minimum 3 characters :
Wrong Input : Fist letter Should be capital and must contains minimum 3 characters :
Wrong Input : Fist letter Should be capital and must contains minimum 3 characters :
Wrong Input : Fist letter Should be capital and must contains minimum 3 characters :
Wrong Input : Fist letter Should be capital and must contains minimum 3 characters :
Wrong Input : Fist letter Should be capital and must contains minimum 3 characters :
Wrong Input : Fist letter Should be capital and must contains minimum 3 characters :
Wrong Input : Fist letter Should be capital and must contains minimum 3 characters :
Wrong Input : Fist letter Should be capital and must contains minimum 3 characters :
Wrong Input : Fist letter Should be capital and must contains minimum 3 characters :
Wrong Input : Fist letter Should be capital and must contains minimum 3 characters :
Wrong Input : Fist letter Should be capital and must contains minimum 3 characters :
Wrong Input : Fist letter Should be capital and must contains minimum 3 characters :
Wrong Input : Fist letter Should be capital and must contains minimum 3 characters :
Wrong Input : Fist letter Should be capital and must contains minimum 3 characters :
Wrong Input : Fist letter Should be capital and must contains minimum 3 characters :
Wrong Input : Fist letter Should be capital and must contains minimum 3 characters :
Wrong Input : Fist letter Should be capital and must contains minimum 3 characters :
Wrong Input : Fist letter Should be capital and must contains minimum 3 characters :
Wrong Input : Fist letter Should be capital and must contains minimum 3 characters :
Wrong Input : Fist letter Should be capital and must contains minimum 3 characters :
Wrong Input : Fist letter Should be capital and must contains minimum 3 characters :
Wrong Input : Fist letter Should be capital and must contains minimum 3 characters :
Wrong Input : Fist letter Should be capital and must contains minimum 3 characters :
Wrong Input : Fist letter Should be capital and must contains minimum 3 characters :
Wrong Input : Fist letter Should be capital and must contains minimum 3 characters :
Wrong Input : Fist letter Should be capital and must contains minimum 3 characters :
Wrong Input : Fist letter Should be capital and must contains minimum 3 characters :
Wrong Input : Fist letter Should be capital and must contains minimum 3 characters :
Wrong Input : Fist letter Should be capital and must contains minimum 3 characters :
Wrong Input : Fist letter Should be capital and must contains minimum 3 characters :
Wrong Input : Fist letter Should be capital and must contains minimum 3 characters :
Wrong Input : Fist letter Should be capital and must contains minimum 3 characters :
Wrong Input : Fist letter Should be capital and must contains minimum 3 characters :
Wrong Input : Fist letter Should be capital and must contains minimum 3 characters :
Wrong Input : Fist letter Should be capital and must contains minimum 3 characters :
Wrong Input : Fist letter Should be capital and must contains minimum 3 characters :
Wrong Input : Fist letter Should be capital and must contains minimum 3 characters :
Wrong Input : Fist letter Should be capital and must contains minimum 3 characters :
Wrong Input : Fist letter Should be capital and must contains minimum 3 characters :
Wrong Input : Fist letter Should be capital and must contains minimum 3 characters :
Wrong Input : Fist letter Should be capital and must contains minimum 3 characters :
Wrong Input : Fist letter Should be capital and must contains minimum 3 characters :
Wrong Input : Fist letter Should be capital and must contains minimum 3 characters :
Wrong Input : Fist letter Should be capital and must contains minimum 3 characters :
Wrong Input : Fist letter Should be capital and must contains minimum 3 characters :
Wrong Input : Fist letter Should be capital and must contains minimum 3 characters :
Wrong Input : Fist letter Should be capital and must contains minimum 3 characters :
Wrong Input : Fist letter Should be capital and must contains minimum 3 characters :
Wrong Input : Fist letter Should be capital and must contains minimum 3 characters :
Wrong Input : Fist letter Should be capital and must contains minimum 3 characters :
Wrong Input : Fist letter Should be capital and must contains minimum 3 characters :
Wrong Input : Fist letter Should be capital and must contains minimum 3 characters :
Wrong Input : Fist letter Should be capital and must contains minimum 3 characters :
Wrong Input : Fist letter Should be capital and must contains minimum 3 characters :
Wrong Input : Fist letter Should be capital and must contains minimum 3 characters :
Wrong Input : Fist letter Should be capital and must contains minimum 3 characters :
Wrong Input : Fist letter Should be capital and must contains minimum 3 characters :
Wrong Input : Fist letter Should be capital and must contains minimum 3 characters :
Wrong Input : Fist letter Should be capital and must contains minimum 3 characters :
Wrong Input : Fist letter Should be capital and must contains minimum 3 characters :
Wrong Input : Fist letter Should be capital and must contains minimum 3 characters :
Wrong Input : Fist letter Should be capital and must contains minimum 3 characters :
Wrong Input : Fist letter Should be capital and must contains minimum 3 characters :
Wrong Input : Fist letter Should be capital and must contains minimum 3 characters :
Wrong Input : Fist letter Should be capital and must contains minimum 3 characters :
Wrong Input : Fist letter Should be capital and must contains minimum 3 characters :
Wrong Input : Fist letter Should be capital and must contains minimum 3 characters :
Wrong Input : Fist letter Should be capital and must contains minimum 3 characters :
Wrong Input : Fist letter Should be capital and must contains minimum 3 characters :
Wrong Input : Fist letter Should be capital and must contains minimum 3 characters :
Wrong Input : Fist letter Should be capital and must contains minimum 3 characters :
Wrong Input : Fist letter Should be capital and must contains minimum 3 characters :
Wrong Input : Fist letter Should be capital and must contains minimum 3 characters :
Wrong Input : Fist letter Should be capital and must contains minimum 3 characters :
Wrong Input : Fist letter Should be capital and must contains minimum 3 characters :
Wrong Input : Fist letter Should be capital and must contains minimum 3 characters :
Wrong Input : Fist letter Should be capital and must contains minimum 3 characters :
Wrong Input : Fist letter Should be capital and must contains minimum 3 characters :
Wrong Input : Fist letter Should be capital and must contains minimum 3 characters :
Wrong Input : Fist letter Should be capital and must contains minimum 3 characters :
Wrong Input : Fist letter Should be capital and must contains minimum 3 characters :
Wrong Input : Fist letter Should be capital and must contains minimum 3 characters :
Wrong Input : Fist letter Should be capital and must contains minimum 3 characters :
Wrong Input : Fist letter Should be capital and must contains minimum 3 characters :
Wrong Input : Fist letter Should be capital and must contains minimum 3 characters :
Wrong Input : Fist letter Should be capital and must contains minimum 3 characters :
Wrong Input : Fist letter Should be capital and must contains minimum 3 characters :
Wrong Input : Fist letter Should be capital and must contains minimum 3 characters :
Wrong Input : Fist letter Should be capital and must contains minimum 3 characters :
Wrong Input : Fist letter Should be capital and must contains minimum 3 characters :
Wrong Input : Fist letter Should be capital and must contains minimum 3 characters :
Wrong Input : Fist letter Should be capital and must contains minimum 3 characters :
Wrong Input : Fist letter Should be capital and must contains minimum 3 characters :
Wrong Input : Fist letter Should be capital and must contains minimum 3 characters :
Wrong Input : Fist letter Should be capital and must contains minimum 3 characters :
Wrong Input : Fist letter Should be capital and must contains minimum 3 characters :
Wrong Input : Fist letter Should be capital and must contains minimum 3 characters :
Wrong Input : Fist letter Should be capital and must contains minimum 3 characters :
Wrong Input : Fist letter Should be capital and must contains minimum 3 characters :
Wrong Input : Fist letter Should be capital and must contains minimum 3 characters :
Wrong Input : Fist letter Should be capital and must contains minimum 3 characters :
Wrong Input : Fist letter Should be capital and must contains minimum 3 characters :
Wrong Input : Fist letter Should be capital and must contains minimum 3 characters :
Wrong Input : Fist letter Should be capital and must contains minimum 3 characters :
Wrong Input : Fist letter Should be capital and must contains minimum 3 characters :
Wrong Input : Fist letter Should be capital and must contains minimum 3 characters :
Wrong Input : Fist letter Should be capital and must contains minimum 3 characters :
Wrong Input : Fist letter Should be capital and must contains minimum 3 characters :
Wrong Input : Fist letter Should be capital and must contains minimum 3 characters :
Wrong Input : Fist letter Should be capital and must contains minimum 3 characters :
Wrong Input : Fist letter Should be capital and must contains minimum 3 characters :
Wrong Input : Fist letter Should be capital and must contains minimum 3 characters :
Wrong Input : Fist letter Should be capital and must contains minimum 3 characters :
Wrong Input : Fist letter Should be capital and must contains minimum 3 characters :
Wrong Input : Fist letter Should be capital and must contains minimum 3 characters :
Wrong Input : Fist letter Should be capital and must contains minimum 3 characters :
Wrong Input : Fist letter Should be capital and must contains minimum 3 characters :
Wrong Input : Fist letter Should be capital and must contains minimum 3 characters :
Wrong Input : Fist letter Should be capital and must contains minimum 3 characters :
Wrong Input : Fist letter Should be capital and must contains minimum 3 characters :
Wrong Input : Fist letter Should be capital and must contains minimum 3 characters :
Wrong Input : Fist letter Should be capital and must contains minimum 3 characters :
Wrong Input : Fist letter Should be capital and must contains minimum 3 characters :
Wrong Input : Fist letter Should be capital and must contains minimum 3 characters :
Wrong Input : Fist letter Should be capital and must contains minimum 3 characters :
Wrong Input : Fist letter Should be capital and must contains minimum 3 characters :
Wrong Input : Fist letter Should be capital and must contains minimum 3 characters :
Wrong Input : Fist letter Should be capital and must contains minimum 3 characters :
Wrong Input : Fist letter Should be capital and must contains minimum 3 characters :
Wrong Input : Fist letter Should be capital and must contains minimum 3 characters :
Wrong Input : Fist letter Should be capital and must contains minimum 3 characters :
Wrong Input : Fist letter Should be capital and must contains minimum 3 characters :
Wrong Input : Fist letter Should be capital and must contains minimum 3 characters :
Wrong Input : Fist letter Should be capital and must contains minimum 3 characters :
Wrong Input : Fist letter Should be capital and must contains minimum 3 characters :
Wrong Input : Fist letter Should be capital and must contains minimum 3 characters :
Wrong Input : Fist letter Should be capital and must contains minimum 3 characters :
Wrong Input : Fist letter Should be capital and must contains minimum 3 characters :
Wrong Input : Fist letter Should be capital and must contains minimum 3 characters :
Wrong Input : Fist letter Should be capital and must contains minimum 3 characters :
Wrong Input : Fist letter Should be capital and must contains minimum 3 characters :
Wrong Input : Fist letter Should be capital and must contains minimum 3 characters :
Wrong Input : Fist letter Should be capital and must contains minimum 3 characters :
Wrong Input : Fist letter Should be capital and must contains minimum 3 characters :
Wrong Input : Fist letter Should be capital and must contains minimum 3 characters :
Wrong Input : Fist letter Should be capital and must contains minimum 3 characters :
Wrong Input : Fist letter Should be capital and must contains minimum 3 characters :
Wrong Input : Fist letter Should be capital and must contains minimum 3 characters :
Wrong Input : Fist letter Should be capital and must contains minimum 3 characters :
Wrong Input : Fist letter Should be capital and must contains minimum 3 characters :
Wrong Input : Fist letter Should be capital and must contains minimum 3 characters :
Wrong Input : Fist letter Should be capital and must contains minimum 3 characters :
Wrong Input : Fist letter Should be capital and must contains minimum 3 characters :
Wrong Input : Fist letter Should be capital and must contains minimum 3 characters :
Wrong Input : Fist letter Should be capital and must contains minimum 3 characters :
Wrong Input : Fist letter Should be capital and must contains minimum 3 characters :
Wrong Input : Fist letter Should be capital and must contains minimum 3 characters :
Wrong Input : Fist letter Should be capital and must contains minimum 3 characters :
Wrong Input : Fist letter Should be capital and must contains minimum 3 characters :
Wrong Input : Fist letter Should be capital and must contains minimum 3 characters :
Wrong Input : Fist letter Should be capital and must contains minimum 3 characters :
Wrong Input : Fist letter Should be capital and must contains minimum 3 characters :
Wrong Input : Fist letter Should be capital and must contains minimum 3 characters :
Wrong Input : Fist letter Should be capital and must contains minimum 3 characters :
Wrong Input : Fist letter Should be capital and must contains minimum 3 characters :
Wrong Input : Fist letter Should be capital and must contains minimum 3 characters :
Wrong Input : Fist letter Should be capital and must contains minimum 3 characters :
Wrong Input : Fist letter Should be capital and must contains minimum 3 characters :
Wrong Input : Fist letter Should be capital and must contains minimum 3 characters :
Wrong Input : Fist letter Should be capital and must contains minimum 3 characters :
Wrong Input : Fist letter Should be capital and must contains minimum 3 characters :
Wrong Input : Fist letter Should be capital and must contains minimum 3 characters :
Wrong Input : Fist letter Should be capital and must contains minimum 3 characters :
Wrong Input : Fist letter Should be capital and must contains minimum 3 characters :
Wrong Input : Fist letter Should be capital and must contains minimum 3 characters :
Wrong Input : Fist letter Should be capital and must contains minimum 3 characters :
Wrong Input : Fist letter Should be capital and must contains minimum 3 characters :
Wrong Input : Fist letter Should be capital and must contains minimum 3 characters :
Wrong Input : Fist letter Should be capital and must contains minimum 3 characters :
Wrong Input : Fist letter Should be capital and must contains minimum 3 characters :
Wrong Input : Fist letter Should be capital and must contains minimum 3 characters :
Wrong Input : Fist letter Should be capital and must contains minimum 3 characters :
Wrong Input : Fist letter Should be capital and must contains minimum 3 characters :
Wrong Input : Fist letter Should be capital and must contains minimum 3 characters :
Wrong Input : Fist letter Should be capital and must contains minimum 3 characters :
Wrong Input : Fist letter Should be capital and must contains minimum 3 characters :
Wrong Input : Fist letter Should be capital and must contains minimum 3 characters :
Wrong Input : Fist letter Should be capital and must contains minimum 3 characters :
Wrong Input : Fist letter Should be capital and must contains minimum 3 characters :
Wrong Input : Fist letter Should be capital and must contains minimum 3 characters :
Wrong Input : Fist letter Should be capital and must contains minimum 3 characters :
Wrong Input : Fist letter Should be capital and must contains minimum 3 characters :
Wrong Input : Fist letter Should be capital and must contains minimum 3 characters :
Wrong Input : Fist letter Should be capital and must contains minimum 3 characters :
Wrong Input : Fist letter Should be capital and must contains minimum 3 characters :
Wrong Input : Fist letter Should be capital and must contains minimum 3 characters :
Wrong Input : Fist letter Should be capital and must contains minimum 3 characters :
Wrong Input : Fist letter Should be capital and must contains minimum 3 characters :
Wrong Input : Fist letter Should be capital and must contains minimum 3 characters :
Wrong Input : Fist letter Should be capital and must contains minimum 3 characters :
Wrong Input : Fist letter Should be capital and must contains minimum 3 characters :
Wrong Input : Fist letter Should be capital and must contains minimum 3 characters :
Wrong Input : Fist letter Should be capital and must contains minimum 3 characters :
Wrong Input : Fist letter Should be capital and must contains minimum 3 characters :
Wrong Input : Fist letter Should be capital and must contains minimum 3 characters :
Wrong Input : Fist letter Should be capital and must contains minimum 3 characters :
Wrong Input : Fist letter Should be capital and must contains minimum 3 characters :
Wrong Input : Fist letter Should be capital and must contains minimum 3 characters :
Wrong Input : Fist letter Should be capital and must contains minimum 3 characters :
Wrong Input : Fist letter Should be capital and must contains minimum 3 characters :
Wrong Input : Fist letter Should be capital and must contains minimum 3 characters :
Wrong Input : Fist letter Should be capital and must contains minimum 3 characters :
Wrong Input : Fist letter Should be capital and must contains minimum 3 characters :
Wrong Input : Fist letter Should be capital and must contains minimum 3 characters :
Wrong Input : Fist letter Should be capital and must contains minimum 3 characters :
Wrong Input : Fist letter Should be capital and must contains minimum 3 characters :
Wrong Input : Fist letter Should be capital and must contains minimum 3 characters :
Wrong Input : Fist letter Should be capital and must contains minimum 3 characters :
Wrong Input : Fist letter Should be capital and must contains minimum 3 characters :
Wrong Input : Fist letter Should be capital and must contains minimum 3 characters :
Wrong Input : Fist letter Should be capital and must contains minimum 3 characters :
Wrong Input : Fist letter Should be capital and must contains minimum 3 characters :
Wrong Input : Fist letter Should be capital and must contains minimum 3 characters :
Wrong Input : Fist letter Should be capital and must contains minimum 3 characters :
Wrong Input : Fist letter Should be capital and must contains minimum 3 characters :
Wrong Input : Fist letter Should be capital and must contains minimum 3 characters :
Wrong Input : Fist letter Should be capital and must contains minimum 3 characters :
Wrong Input : Fist letter Should be capital and must contains minimum 3 characters :
Wrong Input : Fist letter Should be capital and must contains minimum 3 characters :
Wrong Input : Fist letter Should be capital and must contains minimum 3 characters :
Wrong Input : Fist letter Should be capital and must contains minimum 3 characters :
Wrong Input : Fist letter Should be capital and must contains minimum 3 characters :
Wrong Input : Fist letter Should be capital and must contains minimum 3 characters :
Wrong Input : Fist letter Should be capital and must contains minimum 3 characters :
Wrong Input : Fist letter Should be capital and must contains minimum 3 characters :
Wrong Input : Fist letter Should be capital and must contains minimum 3 characters :
Wrong Input : Fist letter Should be capital and must contains minimum 3 characters :
Wrong Input : Fist letter Should be capital and must contains minimum 3 characters :
Wrong Input : Fist letter Should be capital and must contains minimum 3 characters :
Wrong Input : Fist letter Should be capital and must contains minimum 3 characters :
Wrong Input : Fist letter Should be capital and must contains minimum 3 characters :
Wrong Input : Fist letter Should be capital and must contains minimum 3 characters :
Wrong Input : Fist letter Should be capital and must contains minimum 3 characters :
Wrong Input : Fist letter Should be capital and must contains minimum 3 characters :
Wrong Input : Fist letter Should be capital and must contains minimum 3 characters :
Wrong Input : Fist letter Should be capital and must contains minimum 3 characters :
Wrong Input : Fist letter Should be capital and must contains minimum 3 characters :
Wrong Input : Fist letter Should be capital and must contains minimum 3 characters :
Wrong Input : Fist letter Should be capital and must contains minimum 3 characters :
Wrong Input : Fist letter Should be capital and must contains minimum 3 characters :
Wrong Input : Fist letter Should be capital and must contains minimum 3 characters :
Wrong Input : Fist letter Should be capital and must contains minimum 3 characters :
Wrong Input : Fist letter Should be capital and must contains minimum 3 characters :
Wrong Input : Fist letter Should be capital and must contains minimum 3 characters :
Wrong Input : Fist letter Should be capital and must contains minimum 3 characters :
Wrong Input : Fist letter Should be capital and must contains minimum 3 characters :
Wrong Input : Fist letter Should be capital and must contains minimum 3 characters :
Wrong Input : Fist letter Should be capital and must contains minimum 3 characters :
Wrong Input : Fist letter Should be capital and must contains minimum 3 characters :
Wrong Input : Fist letter Should be capital and must contains minimum 3 characters :
Wrong Input : Fist letter Should be capital and must contains minimum 3 characters :
Wrong Input : Fist letter Should be capital and must contains minimum 3 characters :
Wrong Input : Fist letter Should be capital and must contains minimum 3 characters :
Wrong Input : Fist letter Should be capital and must contains minimum 3 characters :
Wrong Input : Fist letter Should be capital and must contains minimum 3 characters :
Wrong Input : Fist letter Should be capital and must contains minimum 3 characters :
Wrong Input : Fist letter Should be capital and must contains minimum 3 characters :
Wrong Input : Fist letter Should be capital and must contains minimum 3 characters :
Wrong Input : Fist letter Should be capital and must contains minimum 3 characters :
Wrong Input : Fist letter Should be capital and must contains minimum 3 characters :
Wrong Input : Fist letter Should be capital and must contains minimum 3 characters :
Wrong Input : Fist letter Should be capital and must contains minimum 3 characters :
Wrong Input : Fist letter Should be capital and must contains minimum 3 characters :
Wrong Input : Fist letter Should be capital and must contains minimum 3 characters :
Wrong Input : Fist letter Should be capital and must contains minimum 3 characters :
Wrong Input : Fist letter Should be capital and must contains minimum 3 characters :
Wrong Input : Fist letter Should be capital and must contains minimum 3 characters :
Wrong Input : Fist letter Should be capital and must contains minimum 3 characters :
Wrong Input : Fist letter Should be capital and must contains minimum 3 characters :
Wrong Input : Fist letter Should be capital and must contains minimum 3 characters :
Wrong Input : Fist letter Should be capital and must contains minimum 3 characters :
Wrong Input : Fist letter Should be capital and must contains minimum 3 characters :
Wrong Input : Fist letter Should be capital and must contains minimum 3 characters :
Wrong Input : Fist letter Should be capital and must contains minimum 3 characters :
Wrong Input : Fist letter Should be capital and must contains minimum 3 characters :
Wrong Input : Fist letter Should be capital and must contains minimum 3 characters :
Wrong Input : Fist letter Should be capital and must contains minimum 3 characters :
Wrong Input : Fist letter Should be capital and must contains minimum 3 characters :
Wrong Input : Fist letter Should be capital and must contains minimum 3 characters :
Wrong Input : Fist letter Should be capital and must contains minimum 3 characters :
Wrong Input : Fist letter Should be capital and must contains minimum 3 characters :
Wrong Input : Fist letter Should be capital and must contains minimum 3 characters :
Wrong Input : Fist letter Should be capital and must contains minimum 3 characters :
Wrong Input : Fist letter Should be capital and must contains minimum 3 characters :
Wrong Input : Fist letter Should be capital and must contains minimum 3 characters :
Wrong Input : Fist letter Should be capital and must contains minimum 3 characters :
Wrong Input : Fist letter Should be capital and must contains minimum 3 characters :
Wrong Input : Fist letter Should be capital and must contains minimum 3 characters :
Wrong Input : Fist letter Should be capital and must contains minimum 3 characters :
Wrong Input : Fist letter Should be capital and must contains minimum 3 characters :
Wrong Input : Fist letter Should be capital and must contains minimum 3 characters :
Wrong Input : Fist letter Should be capital and must contains minimum 3 characters :
Wrong Input : Fist letter Should be capital and must contains minimum 3 characters :
Wrong Input : Fist letter Should be capital and must contains minimum 3 characters :
Wrong Input : Fist letter Should be capital and must contains minimum 3 characters :
Wrong Input : Fist letter Should be capital and must contains minimum 3 characters :
Wrong Input : Fist letter Should be capital and must contains minimum 3 characters :
Wrong Input : Fist letter Should be capital and must contains minimum 3 characters :
Wrong Input : Fist letter Should be capital and must contains minimum 3 characters :
Wrong Input : Fist letter Should be capital and must contains minimum 3 characters :
Wrong Input : Fist letter Should be capital and must contains minimum 3 characters :
Wrong Input : Fist letter Should be capital and must contains minimum 3 characters :
Wrong Input : Fist letter Should be capital and must contains minimum 3 characters :
Wrong Input : Fist letter Should be capital and must contains minimum 3 characters :
Wrong Input : Fist letter Should be capital and must contains minimum 3 characters :
Wrong Input : Fist letter Should be capital and must contains minimum 3 characters :
Wrong Input : Fist letter Should be capital and must contains minimum 3 characters :
Wrong Input : Fist letter Should be capital and must contains minimum 3 characters :
Wrong Input : Fist letter Should be capital and must contains minimum 3 characters :
Wrong Input : Fist letter Should be capital and must contains minimum 3 characters :
Wrong Input : Fist letter Should be capital and must contains minimum 3 characters :
Wrong Input : Fist letter Should be capital and must contains minimum 3 characters :
Wrong Input : Fist letter Should be capital and must contains minimum 3 characters :
Wrong Input : Fist letter Should be capital and must contains minimum 3 characters :
Wrong Input : Fist letter Should be capital and must contains minimum 3 characters :
Wrong Input : Fist letter Should be capital and must contains minimum 3 characters :
Wrong Input : Fist letter Should be capital and must contains minimum 3 characters :
Wrong Input : Fist letter Should be capital and must contains minimum 3 characters :
Wrong Input : Fist letter Should be capital and must contains minimum 3 characters :
Wrong Input : Fist letter Should be capital and must contains minimum 3 characters :
Wrong Input : Fist letter Should be capital and must contains minimum 3 characters :
Wrong Input : Fist letter Should be capital and must contains minimum 3 characters :
Wrong Input : Fist letter Should be capital and must contains minimum 3 characters :
Wrong Input : Fist letter Should be capital and must contains minimum 3 characters :
Wrong Input : Fist letter Should be capital and must contains minimum 3 characters :
Wrong Input : Fist letter Should be capital and must contains minimum 3 characters :
Wrong Input : Fist letter Should be capital and must contains minimum 3 characters :
Wrong Input : Fist letter Should be capital and must contains minimum 3 characters :
Wrong Input : Fist letter Should be capital and must contains minimum 3 characters :
Wrong Input : Fist letter Should be capital and must contains minimum 3 characters :
Wrong Input : Fist letter Should be capital and must contains minimum 3 characters :
Wrong Input : Fist letter Should be capital and must contains minimum 3 characters :
Wrong Input : Fist letter Should be capital and must contains minimum 3 characters :
Wrong Input : Fist letter Should be capital and must contains minimum 3 characters :
Wrong Input : Fist letter Should be capital and must contains minimum 3 characters :
Wrong Input : Fist letter Should be capital and must contains minimum 3 characters :
Wrong Input : Fist letter Should be capital and must contains minimum 3 characters :
Wrong Input : Fist letter Should be capital and must contains minimum 3 characters :
Wrong Input : Fist letter Should be capital and must contains minimum 3 characters :
Wrong Input : Fist letter Should be capital and must contains minimum 3 characters :
Wrong Input : Fist letter Should be capital and must contains minimum 3 characters :
Wrong Input : Fist letter Should be capital and must contains minimum 3 characters :
Wrong Input : Fist letter Should be capital and must contains minimum 3 characters :
Wrong Input : Fist letter Should be capital and must contains minimum 3 characters :
Wrong Input : Fist letter Should be capital and must contains minimum 3 characters :
Wrong Input : Fist letter Should be capital and must contains minimum 3 characters :
Wrong Input : Fist letter Should be capital and must contains minimum 3 characters :
Wrong Input : Fist letter Should be capital and must contains minimum 3 characters :
Wrong Input : Fist letter Should be capital and must contains minimum 3 characters :
Wrong Input : Fist letter Should be capital and must contains minimum 3 characters :
Wrong Input : Fist letter Should be capital and must contains minimum 3 characters :
Wrong Input : Fist letter Should be capital and must contains minimum 3 characters :
Wrong Input : Fist letter Should be capital and must contains minimum 3 characters :
Wrong Input : Fist letter Should be capital and must contains minimum 3 characters :
Wrong Input : Fist letter Should be capital and must contains minimum 3 characters :
Wrong Input : Fist letter Should be capital and must contains minimum 3 characters :
Wrong Input : Fist letter Should be capital and must contains minimum 3 characters :
Wrong Input : Fist letter Should be capital and must contains minimum 3 characters :
Wrong Input : Fist letter Should be capital and must contains minimum 3 characters :
Wrong Input : Fist letter Should be capital and must contains minimum 3 characters :
Wrong Input : Fist letter Should be capital and must contains minimum 3 characters :
Wrong Input : Fist letter Should be capital and must contains minimum 3 characters :
Wrong Input : Fist letter Should be capital and must contains minimum 3 characters :
Wrong Input : Fist letter Should be capital and must contains minimum 3 characters :
Wrong Input : Fist letter Should be capital and must contains minimum 3 characters :
Wrong Input : Fist letter Should be capital and must contains minimum 3 characters :
Wrong Input : Fist letter Should be capital and must contains minimum 3 characters :
Wrong Input : Fist letter Should be capital and must contains minimum 3 characters :
Wrong Input : Fist letter Should be capital and must contains minimum 3 characters :
Wrong Input : Fist letter Should be capital and must contains minimum 3 characters :
Wrong Input : Fist letter Should be capital and must contains minimum 3 characters :
Wrong Input : Fist letter Should be capital and must contains minimum 3 characters :
Wrong Input : Fist letter Should be capital and must contains minimum 3 characters :
Wrong Input : Fist letter Should be capital and must contains minimum 3 characters :
Wrong Input : Fist letter Should be capital and must contains minimum 3 characters :
Wrong Input : Fist letter Should be capital and must contains minimum 3 characters :
Wrong Input : Fist letter Should be capital and must contains minimum 3 characters :
Wrong Input : Fist letter Should be capital and must contains minimum 3 characters :
Wrong Input : Fist letter Should be capital and must contains minimum 3 characters :
Wrong Input : Fist letter Should be capital and must contains minimum 3 characters :
Wrong Input : Fist letter Should be capital and must contains minimum 3 characters :
Wrong Input : Fist letter Should be capital and must contains minimum 3 characters :
Wrong Input : Fist letter Should be capital and must contains minimum 3 characters :
Wrong Input : Fist letter Should be capital and must contains minimum 3 characters :
Wrong Input : Fist letter Should be capital and must contains minimum 3 characters :
Wrong Input : Fist letter Should be capital and must contains minimum 3 characters :
Wrong Input : Fist letter Should be capital and must contains minimum 3 characters :
Wrong Input : Fist letter Should be capital and must contains minimum 3 characters :
Wrong Input : Fist letter Should be capital and must contains minimum 3 characters :
Wrong Input : Fist letter Should be capital and must contains minimum 3 characters :
Wrong Input : Fist letter Should be capital and must contains minimum 3 characters :
Wrong Input : Fist letter Should be capital and must contains minimum 3 characters :
Wrong Input : Fist letter Should be capital and must contains minimum 3 characters :
Wrong Input : Fist letter Should be capital and must contains minimum 3 characters :
Wrong Input : Fist letter Should be capital and must contains minimum 3 characters :
Wrong Input : Fist letter Should be capital and must contains minimum 3 characters :
Wrong Input : Fist letter Should be capital and must contains minimum 3 characters :
Wrong Input : Fist letter Should be capital and must contains minimum 3 characters :
Wrong Input : Fist letter Should be capital and must contains minimum 3 characters :
Wrong Input : Fist letter Should be capital and must contains minimum 3 characters :
Wrong Input : Fist letter Should be capital and must contains minimum 3 characters :
Wrong Input : Fist letter Should be capital and must contains minimum 3 characters :
Wrong Input : Fist letter Should be capital and must contains minimum 3 characters :
Wrong Input : Fist letter Should be capital and must contains minimum 3 characters :
Wrong Input : Fist letter Should be capital and must contains minimum 3 characters :
Wrong Input : Fist letter Should be capital and must contains minimum 3 characters :
Wrong Input : Fist letter Should be capital and must contains minimum 3 characters :
Wrong Input : Fist letter Should be capital and must contains minimum 3 characters :
Wrong Input : Fist letter Should be capital and must contains minimum 3 characters :
Wrong Input : Fist letter Should be capital and must contains minimum 3 characters :
Wrong Input : Fist letter Should be capital and must contains minimum 3 characters :
Wrong Input : Fist letter Should be capital and must contains minimum 3 characters :
Wrong Input : Fist letter Should be capital and must contains minimum 3 characters :
Wrong Input : Fist letter Should be capital and must contains minimum 3 characters :
Wrong Input : Fist letter Should be capital and must contains minimum 3 characters :
Wrong Input : Fist letter Should be capital and must contains minimum 3 characters :
Wrong Input : Fist letter Should be capital and must contains minimum 3 characters :
Wrong Input : Fist letter Should be capital and must contains minimum 3 characters :
Wrong Input : Fist letter Should be capital and must contains minimum 3 characters :
Wrong Input : Fist letter Should be capital and must contains minimum 3 characters :
Wrong Input : Fist letter Should be capital and must contains minimum 3 characters :
Wrong Input : Fist letter Should be capital and must contains minimum 3 characters :
Wrong Input : Fist letter Should be capital and must contains minimum 3 characters :
Wrong Input : Fist letter Should be capital and must contains minimum 3 characters :
Wrong Input : Fist letter Should be capital and must contains minimum 3 characters :
Wrong Input : Fist letter Should be capital and must contains minimum 3 characters :
Wrong Input : Fist letter Should be capital and must contains minimum 3 characters :
Wrong Input : Fist letter Should be capital and must contains minimum 3 characters :
Wrong Input : Fist letter Should be capital and must contains minimum 3 characters :
Wrong Input : Fist letter Should be capital and must contains minimum 3 characters :
Wrong Input : Fist letter Should be capital and must contains minimum 3 characters :
Wrong Input : Fist letter Should be capital and must contains minimum 3 characters :
Wrong Input : Fist letter Should be capital and must contains minimum 3 characters :
Wrong Input : Fist letter Should be capital and must contains minimum 3 characters :
Wrong Input : Fist letter Should be capital and must contains minimum 3 characters :
Wrong Input : Fist letter Should be capital and must contains minimum 3 characters :
Wrong Input : Fist letter Should be capital and must contains minimum 3 characters :
Wrong Input : Fist letter Should be capital and must contains minimum 3 characters :
Wrong Input : Fist letter Should be capital and must contains minimum 3 characters :
Wrong Input : Fist letter Should be capital and must contains minimum 3 characters :
Wrong Input : Fist letter Should be capital and must contains minimum 3 characters :
Wrong Input : Fist letter Should be capital and must contains minimum 3 characters :
Wrong Input : Fist letter Should be capital and must contains minimum 3 characters :
Wrong Input : Fist letter Should be capital and must contains minimum 3 characters :
Wrong Input : Fist letter Should be capital and must contains minimum 3 characters :
Wrong Input : Fist letter Should be capital and must contains minimum 3 characters :
Wrong Input : Fist letter Should be capital and must contains minimum 3 characters :
Wrong Input : Fist letter Should be capital and must contains minimum 3 characters :
Wrong Input : Fist letter Should be capital and must contains minimum 3 characters :
Wrong Input : Fist letter Should be capital and must contains minimum 3 characters :
Wrong Input : Fist letter Should be capital and must contains minimum 3 characters :
Wrong Input : Fist letter Should be capital and must contains minimum 3 characters :
Wrong Input : Fist letter Should be capital and must contains minimum 3 characters :
Wrong Input : Fist letter Should be capital and must contains minimum 3 characters :
Wrong Input : Fist letter Should be capital and must contains minimum 3 characters :
Wrong Input : Fist letter Should be capital and must contains minimum 3 characters :
Wrong Input : Fist letter Should be capital and must contains minimum 3 characters :
Wrong Input : Fist letter Should be capital and must contains minimum 3 characters :
Wrong Input : Fist letter Should be capital and must contains minimum 3 characters :
Wrong Input : Fist letter Should be capital and must contains minimum 3 characters :
Wrong Input : Fist letter Should be capital and must contains minimum 3 characters :
Wrong Input : Fist letter Should be capital and must contains minimum 3 characters :
Wrong Input : Fist letter Should be capital and must contains minimum 3 characters :
Wrong Input : Fist letter Should be capital and must contains minimum 3 characters :
Wrong Input : Fist letter Should be capital and must contains minimum 3 characters :
Wrong Input : Fist letter Should be capital and must contains minimum 3 characters :
Wrong Input : Fist letter Should be capital and must contains minimum 3 characters :
Wrong Input : Fist letter Should be capital and must contains minimum 3 characters :
Wrong Input : Fist letter Should be capital and must contains minimum 3 characters :
Wrong Input : Fist letter Should be capital and must contains minimum 3 characters :
Wrong Input : Fist letter Should be capital and must contains minimum 3 characters :
Wrong Input : Fist letter Should be capital and must contains minimum 3 characters :
Wrong Input : Fist letter Should be capital and must contains minimum 3 characters :
Wrong Input : Fist letter Should be capital and must contains minimum 3 characters :
Wrong Input : Fist letter Should be capital and must contains minimum 3 characters :
Wrong Input : Fist letter Should be capital and must contains minimum 3 characters :
Wrong Input : Fist letter Should be capital and must contains minimum 3 characters :
Wrong Input : Fist letter Should be capital and must contains minimum 3 characters :
Wrong Input : Fist letter Should be capital and must contains minimum 3 characters :
Wrong Input : Fist letter Should be capital and must contains minimum 3 characters :
Wrong Input : Fist letter Should be capital and must contains minimum 3 characters :
Wrong Input : Fist letter Should be capital and must contains minimum 3 characters :
Wrong Input : Fist letter Should be capital and must contains minimum 3 characters :
Wrong Input : Fist letter Should be capital and must contains minimum 3 characters :
Wrong Input : Fist letter Should be capital and must contains minimum 3 characters :
Wrong Input : Fist letter Should be capital and must contains minimum 3 characters :
Wrong Input : Fist letter Should be capital and must contains minimum 3 characters :
Wrong Input : Fist letter Should be capital and must contains minimum 3 characters :
Wrong Input : Fist letter Should be capital and must contains minimum 3 characters :
Wrong Input : Fist letter Should be capital and must contains minimum 3 characters :
Wrong Input : Fist letter Should be capital and must contains minimum 3 characters :
Wrong Input : Fist letter Should be capital and must contains minimum 3 characters :
Wrong Input : Fist letter Should be capital and must contains minimum 3 characters :
Wrong Input : Fist letter Should be capital and must contains minimum 3 characters :
Wrong Input : Fist letter Should be capital and must contains minimum 3 characters :
Wrong Input : Fist letter Should be capital and must contains minimum 3 characters :
Wrong Input : Fist letter Should be capital and must contains minimum 3 characters :
Wrong Input : Fist letter Should be capital and must contains minimum 3 characters :
Wrong Input : Fist letter Should be capital and must contains minimum 3 characters :
Wrong Input : Fist letter Should be capital and must contains minimum 3 characters :
Wrong Input : Fist letter Should be capital and must contains minimum 3 characters :
Wrong Input : Fist letter Should be capital and must contains minimum 3 characters :
Wrong Input : Fist letter Should be capital and must contains minimum 3 characters :
Wrong Input : Fist letter Should be capital and must contains minimum 3 characters :
Wrong Input : Fist letter Should be capital and must contains minimum 3 characters :
Wrong Input : Fist letter Should be capital and must contains minimum 3 characters :
Wrong Input : Fist letter Should be capital and must contains minimum 3 characters :
Wrong Input : Fist letter Should be capital and must contains minimum 3 characters :
Wrong Input : Fist letter Should be capital and must contains minimum 3 characters :
Wrong Input : Fist letter Should be capital and must contains minimum 3 characters :
Wrong Input : Fist letter Should be capital and must contains minimum 3 characters :
Wrong Input : Fist letter Should be capital and must contains minimum 3 characters :
Wrong Input : Fist letter Should be capital and must contains minimum 3 characters :
Wrong Input : Fist letter Should be capital and must contains minimum 3 characters :
Wrong Input : Fist letter Should be capital and must contains minimum 3 characters :
Wrong Input : Fist letter Should be capital and must contains minimum 3 characters :
Wrong Input : Fist letter Should be capital and must contains minimum 3 characters :
Wrong Input : Fist letter Should be capital and must contains minimum 3 characters :
Wrong Input : Fist letter Should be capital and must contains minimum 3 characters :
Wrong Input : Fist letter Should be capital and must contains minimum 3 characters :
Wrong Input : Fist letter Should be capital and must contains minimum 3 characters :
Wrong Input : Fist letter Should be capital and must contains minimum 3 characters :
Wrong Input : Fist letter Should be capital and must contains minimum 3 characters :
Wrong Input : Fist letter Should be capital and must contains minimum 3 characters :
Wrong Input : Fist letter Should be capital and must contains minimum 3 characters :
Wrong Input : Fist letter Should be capital and must contains minimum 3 characters :
Wrong Input : Fist letter Should be capital and must contains minimum 3 characters :
Wrong Input : Fist letter Should be capital and must contains minimum 3 characters :
Wrong Input : Fist letter Should be capital and must contains minimum 3 characters :
Wrong Input : Fist letter Should be capital and must contains minimum 3 characters :
Wrong Input : Fist letter Should be capital and must contains minimum 3 characters :
Wrong Input : Fist letter Should be capital and must contains minimum 3 characters :
Wrong Input : Fist letter Should be capital and must contains minimum 3 characters :
Wrong Input : Fist letter Should be capital and must contains minimum 3 characters :
Wrong Input : Fist letter Should be capital and must contains minimum 3 characters :
Wrong Input : Fist letter Should be capital and must contains minimum 3 characters :
Wrong Input : Fist letter Should be capital and must contains minimum 3 characters :
Wrong Input : Fist letter Should be capital and must contains minimum 3 characters :
Wrong Input : Fist letter Should be capital and must contains minimum 3 characters :
Wrong Input : Fist letter Should be capital and must contains minimum 3 characters :
Wrong Input : Fist letter Should be capital and must contains minimum 3 characters :
Wrong Input : Fist letter Should be capital and must contains minimum 3 characters :
Wrong Input : Fist letter Should be capital and must contains minimum 3 characters :
Wrong Input : Fist letter Should be capital and must contains minimum 3 characters :
Wrong Input : Fist letter Should be capital and must contains minimum 3 characters :
Wrong Input : Fist letter Should be capital and must contains minimum 3 characters :
Wrong Input : Fist letter Should be capital and must contains minimum 3 characters :
Wrong Input : Fist letter Should be capital and must contains minimum 3 characters :
Wrong Input : Fist letter Should be capital and must contains minimum 3 characters :
Wrong Input : Fist letter Should be capital and must contains minimum 3 characters :
Wrong Input : Fist letter Should be capital and must contains minimum 3 characters :
Wrong Input : Fist letter Should be capital and must contains minimum 3 characters :
Wrong Input : Fist letter Should be capital and must contains minimum 3 characters :
Wrong Input : Fist letter Should be capital and must contains minimum 3 characters :
Wrong Input : Fist letter Should be capital and must contains minimum 3 characters :
Wrong Input : Fist letter Should be capital and must contains minimum 3 characters :
Wrong Input : Fist letter Should be capital and must contains minimum 3 characters :
Wrong Input : Fist letter Should be capital and must contains minimum 3 characters :
Wrong Input : Fist letter Should be capital and must contains minimum 3 characters :
Wrong Input : Fist letter Should be capital and must contains minimum 3 characters :
Wrong Input : Fist letter Should be capital and must contains minimum 3 characters :
Wrong Input : Fist letter Should be capital and must contains minimum 3 characters :
Wrong Input : Fist letter Should be capital and must contains minimum 3 characters :
Wrong Input : Fist letter Should be capital and must contains minimum 3 characters :
Wrong Input : Fist letter Should be capital and must contains minimum 3 characters :
Wrong Input : Fist letter Should be capital and must contains minimum 3 characters :
Wrong Input : Fist letter Should be capital and must contains minimum 3 characters :
Wrong Input : Fist letter Should be capital and must contains minimum 3 characters :
Wrong Input : Fist letter Should be capital and must contains minimum 3 characters :
Wrong Input : Fist letter Should be capital and must contains minimum 3 characters :
Wrong Input : Fist letter Should be capital and must contains minimum 3 characters :
Wrong Input : Fist letter Should be capital and must contains minimum 3 characters :
Wrong Input : Fist letter Should be capital and must contains minimum 3 characters :
Wrong Input : Fist letter Should be capital and must contains minimum 3 characters :
Wrong Input : Fist letter Should be capital and must contains minimum 3 characters :
Wrong Input : Fist letter Should be capital and must contains minimum 3 characters :
Wrong Input : Fist letter Should be capital and must contains minimum 3 characters :
Wrong Input : Fist letter Should be capital and must contains minimum 3 characters :
Wrong Input : Fist letter Should be capital and must contains minimum 3 characters :
Wrong Input : Fist letter Should be capital and must contains minimum 3 characters :
Wrong Input : Fist letter Should be capital and must contains minimum 3 characters :
Wrong Input : Fist letter Should be capital and must contains minimum 3 characters :
Wrong Input : Fist letter Should be capital and must contains minimum 3 characters :
Wrong Input : Fist letter Should be capital and must contains minimum 3 characters :
Wrong Input : Fist letter Should be capital and must contains minimum 3 characters :
Wrong Input : Fist letter Should be capital and must contains minimum 3 characters :
Wrong Input : Fist letter Should be capital and must contains minimum 3 characters :
Wrong Input : Fist letter Should be capital and must contains minimum 3 characters :
Wrong Input : Fist letter Should be capital and must contains minimum 3 characters :
Wrong Input : Fist letter Should be capital and must contains minimum 3 characters :
Wrong Input : Fist letter Should be capital and must contains minimum 3 characters :
Wrong Input : Fist letter Should be capital and must contains minimum 3 characters :
Wrong Input : Fist letter Should be capital and must contains minimum 3 characters :
Wrong Input : Fist letter Should be capital and must contains minimum 3 characters :
Wrong Input : Fist letter Should be capital and must contains minimum 3 characters :
Wrong Input : Fist letter Should be capital and must contains minimum 3 characters :
Wrong Input : Fist letter Should be capital and must contains minimum 3 characters :
Wrong Input : Fist letter Should be capital and must contains minimum 3 characters :
Wrong Input : Fist letter Should be capital and must contains minimum 3 characters :
Wrong Input : Fist letter Should be capital and must contains minimum 3 characters :
Wrong Input : Fist letter Should be capital and must contains minimum 3 characters :
Wrong Input : Fist letter Should be capital and must contains minimum 3 characters :
Wrong Input : Fist letter Should be capital and must contains minimum 3 characters :
Wrong Input : Fist letter Should be capital and must contains minimum 3 characters :
Wrong Input : Fist letter Should be capital and must contains minimum 3 characters :
Wrong Input : Fist letter Should be capital and must contains minimum 3 characters :
Wrong Input : Fist letter Should be capital and must contains minimum 3 characters :
Wrong Input : Fist letter Should be capital and must contains minimum 3 characters :
Wrong Input : Fist letter Should be capital and must contains minimum 3 characters :
Wrong Input : Fist letter Should be capital and must contains minimum 3 characters :
Wrong Input : Fist letter Should be capital and must contains minimum 3 characters :
Wrong Input : Fist letter Should be capital and must contains minimum 3 characters :
Wrong Input : Fist letter Should be capital and must contains minimum 3 characters :
Wrong Input : Fist letter Should be capital and must contains minimum 3 characters :
Wrong Input : Fist letter Should be capital and must contains minimum 3 characters :
Wrong Input : Fist letter Should be capital and must contains minimum 3 characters :
Wrong Input : Fist letter Should be capital and must contains minimum 3 characters :
Wrong Input : Fist letter Should be capital and must contains minimum 3 characters :
Wrong Input : Fist letter Should be capital and must contains minimum 3 characters :
Wrong Input : Fist letter Should be capital and must contains minimum 3 characters :
Wrong Input : Fist letter Should be capital and must contains minimum 3 characters :
Wrong Input : Fist letter Should be capital and must contains minimum 3 characters :
Wrong Input : Fist letter Should be capital and must contains minimum 3 characters :
Wrong Input : Fist letter Should be capital and must contains minimum 3 characters :
Wrong Input : Fist letter Should be capital and must contains minimum 3 characters :
Wrong Input : Fist letter Should be capital and must contains minimum 3 characters :
Wrong Input : Fist letter Should be capital and must contains minimum 3 characters :
Wrong Input : Fist letter Should be capital and must contains minimum 3 characters :
Wrong Input : Fist letter Should be capital and must contains minimum 3 characters :
Wrong Input : Fist letter Should be capital and must contains minimum 3 characters :
Wrong Input : Fist letter Should be capital and must contains minimum 3 characters :
Wrong Input : Fist letter Should be capital and must contains minimum 3 characters :
Wrong Input : Fist letter Should be capital and must contains minimum 3 characters :
Wrong Input : Fist letter Should be capital and must contains minimum 3 characters :
Wrong Input : Fist letter Should be capital and must contains minimum 3 characters :
Wrong Input : Fist letter Should be capital and must contains minimum 3 characters :
Wrong Input : Fist letter Should be capital and must contains minimum 3 characters :
Wrong Input : Fist letter Should be capital and must contains minimum 3 characters :
Wrong Input : Fist letter Should be capital and must contains minimum 3 characters :
Wrong Input : Fist letter Should be capital and must contains minimum 3 characters :
Wrong Input : Fist letter Should be capital and must contains minimum 3 characters :
Wrong Input : Fist letter Should be capital and must contains minimum 3 characters :
Wrong Input : Fist letter Should be capital and must contains minimum 3 characters :
Wrong Input : Fist letter Should be capital and must contains minimum 3 characters :
Wrong Input : Fist letter Should be capital and must contains minimum 3 characters :
Wrong Input : Fist letter Should be capital and must contains minimum 3 characters :
Wrong Input : Fist letter Should be capital and must contains minimum 3 characters :
Wrong Input : Fist letter Should be capital and must contains minimum 3 characters :
Wrong Input : Fist letter Should be capital and must contains minimum 3 characters :
Wrong Input : Fist letter Should be capital and must contains minimum 3 characters :
Wrong Input : Fist letter Should be capital and must contains minimum 3 characters :
Wrong Input : Fist letter Should be capital and must contains minimum 3 characters :
Wrong Input : Fist letter Should be capital and must contains minimum 3 characters :
Wrong Input : Fist letter Should be capital and must contains minimum 3 characters :
Wrong Input : Fist letter Should be capital and must contains minimum 3 characters :
Wrong Input : Fist letter Should be capital and must contains minimum 3 characters :
Wrong Input : Fist letter Should be capital and must contains minimum 3 characters :
Wrong Input : Fist letter Should be capital and must contains minimum 3 characters :
Wrong Input : Fist letter Should be capital and must contains minimum 3 characters :
Wrong Input : Fist letter Should be capital and must contains minimum 3 characters :
Wrong Input : Fist letter Should be capital and must contains minimum 3 characters :
Wrong Input : Fist letter Should be capital and must contains minimum 3 characters :
Wrong Input : Fist letter Should be capital and must contains minimum 3 characters :
Wrong Input : Fist letter Should be capital and must contains minimum 3 characters :
Wrong Input : Fist letter Should be capital and must contains minimum 3 characters :
Wrong Input : Fist letter Should be capital and must contains minimum 3 characters :
Wrong Input : Fist letter Should be capital and must contains minimum 3 characters :
Wrong Input : Fist letter Should be capital and must contains minimum 3 characters :
Wrong Input : Fist letter Should be capital and must contains minimum 3 characters :
Wrong Input : Fist letter Should be capital and must contains minimum 3 characters :
Wrong Input : Fist letter Should be capital and must contains minimum 3 characters :
Wrong Input : Fist letter Should be capital and must contains minimum 3 characters :
Wrong Input : Fist letter Should be capital and must contains minimum 3 characters :
Wrong Input : Fist letter Should be capital and must contains minimum 3 characters :
Wrong Input : Fist letter Should be capital and must contains minimum 3 characters :
Wrong Input : Fist letter Should be capital and must contains minimum 3 characters :
Wrong Input : Fist letter Should be capital and must contains minimum 3 characters :
Wrong Input : Fist letter Should be capital and must contains minimum 3 characters :
Wrong Input : Fist letter Should be capital and must contains minimum 3 characters :
Wrong Input : Fist letter Should be capital and must contains minimum 3 characters :
Wrong Input : Fist letter Should be capital and must contains minimum 3 characters :
Wrong Input : Fist letter Should be capital and must contains minimum 3 characters :
Wrong Input : Fist letter Should be capital and must contains minimum 3 characters :
Wrong Input : Fist letter Should be capital and must contains minimum 3 characters :
Wrong Input : Fist letter Should be capital and must contains minimum 3 characters :
Wrong Input : Fist letter Should be capital and must contains minimum 3 characters :
Wrong Input : Fist letter Should be capital and must contains minimum 3 characters :
Wrong Input : Fist letter Should be capital and must contains minimum 3 characters :
Wrong Input : Fist letter Should be capital and must contains minimum 3 characters :
Wrong Input : Fist letter Should be capital and must contains minimum 3 characters :
Wrong Input : Fist letter Should be capital and must contains minimum 3 characters :
Wrong Input : Fist letter Should be capital and must contains minimum 3 characters :
Wrong Input : Fist letter Should be capital and must contains minimum 3 characters :
Wrong Input : Fist letter Should be capital and must contains minimum 3 characters :
Wrong Input : Fist letter Should be capital and must contains minimum 3 characters :
Wrong Input : Fist letter Should be capital and must contains minimum 3 characters :
Wrong Input : Fist letter Should be capital and must contains minimum 3 characters :
Wrong Input : Fist letter Should be capital and must contains minimum 3 characters :
Wrong Input : Fist letter Should be capital and must contains minimum 3 characters :
Wrong Input : Fist letter Should be capital and must contains minimum 3 characters :
Wrong Input : Fist letter Should be capital and must contains minimum 3 characters :
Wrong Input : Fist letter Should be capital and must contains minimum 3 characters :
Wrong Input : Fist letter Should be capital and must contains minimum 3 characters :
Wrong Input : Fist letter Should be capital and must contains minimum 3 characters :
Wrong Input : Fist letter Should be capital and must contains minimum 3 characters :
Wrong Input : Fist letter Should be capital and must contains minimum 3 characters :
Wrong Input : Fist letter Should be capital and must contains minimum 3 characters :
Wrong Input : Fist letter Should be capital and must contains minimum 3 characters :
Wrong Input : Fist letter Should be capital and must contains minimum 3 characters :
Wrong Input : Fist letter Should be capital and must contains minimum 3 characters :
Wrong Input : Fist letter Should be capital and must contains minimum 3 characters :
Wrong Input : Fist letter Should be capital and must contains minimum 3 characters :
Wrong Input : Fist letter Should be capital and must contains minimum 3 characters :
Wrong Input : Fist letter Should be capital and must contains minimum 3 characters :
Wrong Input : Fist letter Should be capital and must contains minimum 3 characters :
Wrong Input : Fist letter Should be capital and must contains minimum 3 characters :
Wrong Input : Fist letter Should be capital and must contains minimum 3 characters :
Wrong Input : Fist letter Should be capital and must contains minimum 3 characters :
Wrong Input : Fist letter Should be capital and must contains minimum 3 characters :
Wrong Input : Fist letter Should be capital and must contains minimum 3 characters :
Wrong Input : Fist letter Should be capital and must contains minimum 3 characters :
Wrong Input : Fist letter Should be capital and must contains minimum 3 characters :
Wrong Input : Fist letter Should be capital and must contains minimum 3 characters :
Wrong Input : Fist letter Should be capital and must contains minimum 3 characters :
Wrong Input : Fist letter Should be capital and must contains minimum 3 characters :
Wrong Input : Fist letter Should be capital and must contains minimum 3 characters :
Wrong Input : Fist letter Should be capital and must contains minimum 3 characters :
Wrong Input : Fist letter Should be capital and must contains minimum 3 characters :
Wrong Input : Fist letter Should be capital and must contains minimum 3 characters :
Wrong Input : Fist letter Should be capital and must contains minimum 3 characters :
Wrong Input : Fist letter Should be capital and must contains minimum 3 characters :
Wrong Input : Fist letter Should be capital and must contains minimum 3 characters :
Wrong Input : Fist letter Should be capital and must contains minimum 3 characters :
Wrong Input : Fist letter Should be capital and must contains minimum 3 characters :
Wrong Input : Fist letter Should be capital and must contains minimum 3 characters :
Wrong Input : Fist letter Should be capital and must contains minimum 3 characters :
Wrong Input : Fist letter Should be capital and must contains minimum 3 characters :
Wrong Input : Fist letter Should be capital and must contains minimum 3 characters :
Wrong Input : Fist letter Should be capital and must contains minimum 3 characters :
Wrong Input : Fist letter Should be capital and must contains minimum 3 characters :
Wrong Input : Fist letter Should be capital and must contains minimum 3 characters :
Wrong Input : Fist letter Should be capital and must contains minimum 3 characters :
Wrong Input : Fist letter Should be capital and must contains minimum 3 characters :
Wrong Input : Fist letter Should be capital and must contains minimum 3 characters :
Wrong Input : Fist letter Should be capital and must contains minimum 3 characters :
Wrong Input : Fist letter Should be capital and must contains minimum 3 characters :
Wrong Input : Fist letter Should be capital and must contains minimum 3 characters :
Wrong Input : Fist letter Should be capital and must contains minimum 3 characters :
Wrong Input : Fist letter Should be capital and must contains minimum 3 characters :
Wrong Input : Fist letter Should be capital and must contains minimum 3 characters :
Wrong Input : Fist letter Should be capital and must contains minimum 3 characters :
Wrong Input : Fist letter Should be capital and must contains minimum 3 characters :
Wrong Input : Fist letter Should be capital and must contains minimum 3 characters :
Wrong Input : Fist letter Should be capital and must contains minimum 3 characters :
Wrong Input : Fist letter Should be capital and must contains minimum 3 characters :
Wrong Input : Fist letter Should be capital and must contains minimum 3 characters :
Wrong Input : Fist letter Should be capital and must contains minimum 3 characters :
Wrong Input : Fist letter Should be capital and must contains minimum 3 characters :
Wrong Input : Fist letter Should be capital and must contains minimum 3 characters :
Wrong Input : Fist letter Should be capital and must contains minimum 3 characters :
Wrong Input : Fist letter Should be capital and must contains minimum 3 characters :
Wrong Input : Fist letter Should be capital and must contains minimum 3 characters :
Wrong Input : Fist letter Should be capital and must contains minimum 3 characters :
Wrong Input : Fist letter Should be capital and must contains minimum 3 characters :
Wrong Input : Fist letter Should be capital and must contains minimum 3 characters :
Wrong Input : Fist letter Should be capital and must contains minimum 3 characters :
Wrong Input : Fist letter Should be capital and must contains minimum 3 characters :
Wrong Input : Fist letter Should be capital and must contains minimum 3 characters :
Wrong Input : Fist letter Should be capital and must contains minimum 3 characters :
Wrong Input : Fist letter Should be capital and must contains minimum 3 characters :
Wrong Input : Fist letter Should be capital and must contains minimum 3 characters :
Wrong Input : Fist letter Should be capital and must contains minimum 3 characters :
Wrong Input : Fist letter Should be capital and must contains minimum 3 characters :
Wrong Input : Fist letter Should be capital and must contains minimum 3 characters :
Wrong Input : Fist letter Should be capital and must contains minimum 3 characters :
Wrong Input : Fist letter Should be capital and must contains minimum 3 characters :
Wrong Input : Fist letter Should be capital and must contains minimum 3 characters :
Wrong Input : Fist letter Should be capital and must contains minimum 3 characters :
Wrong Input : Fist letter Should be capital and must contains minimum 3 characters :
Wrong Input : Fist letter Should be capital and must contains minimum 3 characters :
Wrong Input : Fist letter Should be capital and must contains minimum 3 characters :
Wrong Input : Fist letter Should be capital and must contains minimum 3 characters :
Wrong Input : Fist letter Should be capital and must contains minimum 3 characters :
Wrong Input : Fist letter Should be capital and must contains minimum 3 characters :
Wrong Input : Fist letter Should be capital and must contains minimum 3 characters :
Wrong Input : Fist letter Should be capital and must contains minimum 3 characters :
Wrong Input : Fist letter Should be capital and must contains minimum 3 characters :
Wrong Input : Fist letter Should be capital and must contains minimum 3 characters :
Wrong Input : Fist letter Should be capital and must contains minimum 3 characters :
Wrong Input : Fist letter Should be capital and must contains minimum 3 characters :
Wrong Input : Fist letter Should be capital and must contains minimum 3 characters :
Wrong Input : Fist letter Should be capital and must contains minimum 3 characters :
Wrong Input : Fist letter Should be capital and must contains minimum 3 characters :
Wrong Input : Fist letter Should be capital and must contains minimum 3 characters :
Wrong Input : Fist letter Should be capital and must contains minimum 3 characters :
Wrong Input : Fist letter Should be capital and must contains minimum 3 characters :
Wrong Input : Fist letter Should be capital and must contains minimum 3 characters :
Wrong Input : Fist letter Should be capital and must contains minimum 3 characters :
Wrong Input : Fist letter Should be capital and must contains minimum 3 characters :
Wrong Input : Fist letter Should be capital and must contains minimum 3 characters :
Wrong Input : Fist letter Should be capital and must contains minimum 3 characters :
Wrong Input : Fist letter Should be capital and must contains minimum 3 characters :
Wrong Input : Fist letter Should be capital and must contains minimum 3 characters :
Wrong Input : Fist letter Should be capital and must contains minimum 3 characters :
Wrong Input : Fist letter Should be capital and must contains minimum 3 characters :
Wrong Input : Fist letter Should be capital and must contains minimum 3 characters :
Wrong Input : Fist letter Should be capital and must contains minimum 3 characters :
Wrong Input : Fist letter Should be capital and must contains minimum 3 characters :
Wrong Input : Fist letter Should be capital and must contains minimum 3 characters :
Wrong Input : Fist letter Should be capital and must contains minimum 3 characters :
Wrong Input : Fist letter Should be capital and must contains minimum 3 characters :
Wrong Input : Fist letter Should be capital and must contains minimum 3 characters :
Wrong Input : Fist letter Should be capital and must contains minimum 3 characters :
Wrong Input : Fist letter Should be capital and must contains minimum 3 characters :
Wrong Input : Fist letter Should be capital and must contains minimum 3 characters :
Wrong Input : Fist letter Should be capital and must contains minimum 3 characters :
Wrong Input : Fist letter Should be capital and must contains minimum 3 characters :
Wrong Input : Fist letter Should be capital and must contains minimum 3 characters :
Wrong Input : Fist letter Should be capital and must contains minimum 3 characters :
Wrong Input : Fist letter Should be capital and must contains minimum 3 characters :
Wrong Input : Fist letter Should be capital and must contains minimum 3 characters :
Wrong Input : Fist letter Should be capital and must contains minimum 3 characters :
Wrong Input : Fist letter Should be capital and must contains minimum 3 characters :
Wrong Input : Fist letter Should be capital and must contains minimum 3 characters :
Wrong Input : Fist letter Should be capital and must contains minimum 3 characters :
Wrong Input : Fist letter Should be capital and must contains minimum 3 characters :
Wrong Input : Fist letter Should be capital and must contains minimum 3 characters :
Wrong Input : Fist letter Should be capital and must contains minimum 3 characters :
Wrong Input : Fist letter Should be capital and must contains minimum 3 characters :
Wrong Input : Fist letter Should be capital and must contains minimum 3 characters :
Wrong Input : Fist letter Should be capital and must contains minimum 3 characters :
Wrong Input : Fist letter Should be capital and must contains minimum 3 characters :
Wrong Input : Fist letter Should be capital and must contains minimum 3 characters :
Wrong Input : Fist letter Should be capital and must contains minimum 3 characters :
Wrong Input : Fist letter Should be capital and must contains minimum 3 characters :
Wrong Input : Fist letter Should be capital and must contains minimum 3 characters :
Wrong Input : Fist letter Should be capital and must contains minimum 3 characters :
Wrong Input : Fist letter Should be capital and must contains minimum 3 characters :
Wrong Input : Fist letter Should be capital and must contains minimum 3 characters :
Wrong Input : Fist letter Should be capital and must contains minimum 3 characters :
Wrong Input : Fist letter Should be capital and must contains minimum 3 characters :
Wrong Input : Fist letter Should be capital and must contains minimum 3 characters :
Wrong Input : Fist letter Should be capital and must contains minimum 3 characters :
Wrong Input : Fist letter Should be capital and must contains minimum 3 characters :
Wrong Input : Fist letter Should be capital and must contains minimum 3 characters :
Wrong Input : Fist letter Should be capital and must contains minimum 3 characters :
Wrong Input : Fist letter Should be capital and must contains minimum 3 characters :
Wrong Input : Fist letter Should be capital and must contains minimum 3 characters :
Wrong Input : Fist letter Should be capital and must contains minimum 3 characters :
Wrong Input : Fist letter Should be capital and must contains minimum 3 characters :
Wrong Input : Fist letter Should be capital and must contains minimum 3 characters :
Wrong Input : Fist letter Should be capital and must contains minimum 3 characters :
Wrong Input : Fist letter Should be capital and must contains minimum 3 characters :
Wrong Input : Fist letter Should be capital and must contains minimum 3 characters :
Wrong Input : Fist letter Should be capital and must contains minimum 3 characters :
Wrong Input : Fist letter Should be capital and must contains minimum 3 characters :
Wrong Input : Fist letter Should be capital and must contains minimum 3 characters :
Wrong Input : Fist letter Should be capital and must contains minimum 3 characters :
Wrong Input : Fist letter Should be capital and must contains minimum 3 characters :
Wrong Input : Fist letter Should be capital and must contains minimum 3 characters :
Wrong Input : Fist letter Should be capital and must contains minimum 3 characters :
Wrong Input : Fist letter Should be capital and must contains minimum 3 characters :
Wrong Input : Fist letter Should be capital and must contains minimum 3 characters :
Wrong Input : Fist letter Should be capital and must contains minimum 3 characters :
Wrong Input : Fist letter Should be capital and must contains minimum 3 characters :
Wrong Input : Fist letter Should be capital and must contains minimum 3 characters :
Wrong Input : Fist letter Should be capital and must contains minimum 3 characters :
Wrong Input : Fist letter Should be capital and must contains minimum 3 characters :
Wrong Input : Fist letter Should be capital and must contains minimum 3 characters :
Wrong Input : Fist letter Should be capital and must contains minimum 3 characters :
Wrong Input : Fist letter Should be capital and must contains minimum 3 characters :
Wrong Input : Fist letter Should be capital and must contains minimum 3 characters :
Wrong Input : Fist letter Should be capital and must contains minimum 3 characters :
Wrong Input : Fist letter Should be capital and must contains minimum 3 characters :
Wrong Input : Fist letter Should be capital and must contains minimum 3 characters :
Wrong Input : Fist letter Should be capital and must contains minimum 3 characters :
Wrong Input : Fist letter Should be capital and must contains minimum 3 characters :
Wrong Input : Fist letter Should be capital and must contains minimum 3 characters :
Wrong Input : Fist letter Should be capital and must contains minimum 3 characters :
Wrong Input : Fist letter Should be capital and must contains minimum 3 characters :
Wrong Input : Fist letter Should be capital and must contains minimum 3 characters :
Wrong Input : Fist letter Should be capital and must contains minimum 3 characters :
Wrong Input : Fist letter Should be capital and must contains minimum 3 characters :
Wrong Input : Fist letter Should be capital and must contains minimum 3 characters :
Wrong Input : Fist letter Should be capital and must contains minimum 3 characters :
Wrong Input : Fist letter Should be capital and must contains minimum 3 characters :
Wrong Input : Fist letter Should be capital and must contains minimum 3 characters :
Wrong Input : Fist letter Should be capital and must contains minimum 3 characters :
Wrong Input : Fist letter Should be capital and must contains minimum 3 characters :
Wrong Input : Fist letter Should be capital and must contains minimum 3 characters :
Wrong Input : Fist letter Should be capital and must contains minimum 3 characters :
Wrong Input : Fist letter Should be capital and must contains minimum 3 characters :
Wrong Input : Fist letter Should be capital and must contains minimum 3 characters :
Wrong Input : Fist letter Should be capital and must contains minimum 3 characters :
Wrong Input : Fist letter Should be capital and must contains minimum 3 characters :
Wrong Input : Fist letter Should be capital and must contains minimum 3 characters :
Wrong Input : Fist letter Should be capital and must contains minimum 3 characters :
Wrong Input : Fist letter Should be capital and must contains minimum 3 characters :
Wrong Input : Fist letter Should be capital and must contains minimum 3 characters :
Wrong Input : Fist letter Should be capital and must contains minimum 3 characters :
Wrong Input : Fist letter Should be capital and must contains minimum 3 characters :
Wrong Input : Fist letter Should be capital and must contains minimum 3 characters :
Wrong Input : Fist letter Should be capital and must contains minimum 3 characters :
Wrong Input : Fist letter Should be capital and must contains minimum 3 characters :
Wrong Input : Fist letter Should be capital and must contains minimum 3 characters :
Wrong Input : Fist letter Should be capital and must contains minimum 3 characters :
Wrong Input : Fist letter Should be capital and must contains minimum 3 characters :
Wrong Input : Fist letter Should be capital and must contains minimum 3 characters :
Wrong Input : Fist letter Should be capital and must contains minimum 3 characters :
Wrong Input : Fist letter Should be capital and must contains minimum 3 characters :
Wrong Input : Fist letter Should be capital and must contains minimum 3 characters :
Wrong Input : Fist letter Should be capital and must contains minimum 3 characters :
Wrong Input : Fist letter Should be capital and must contains minimum 3 characters :
Wrong Input : Fist letter Should be capital and must contains minimum 3 characters :
Wrong Input : Fist letter Should be capital and must contains minimum 3 characters :
Wrong Input : Fist letter Should be capital and must contains minimum 3 characters :
Wrong Input : Fist letter Should be capital and must contains minimum 3 characters :
Wrong Input : Fist letter Should be capital and must contains minimum 3 characters :
Wrong Input : Fist letter Should be capital and must contains minimum 3 characters :
Wrong Input : Fist letter Should be capital and must contains minimum 3 characters :
Wrong Input : Fist letter Should be capital and must contains minimum 3 characters :
Wrong Input : Fist letter Should be capital and must contains minimum 3 characters :
Wrong Input : Fist letter Should be capital and must contains minimum 3 characters :
Wrong Input : Fist letter Should be capital and must contains minimum 3 characters :
Wrong Input : Fist letter Should be capital and must contains minimum 3 characters :
Wrong Input : Fist letter Should be capital and must contains minimum 3 characters :
Wrong Input : Fist letter Should be capital and must contains minimum 3 characters :
Wrong Input : Fist letter Should be capital and must contains minimum 3 characters :
Wrong Input : Fist letter Should be capital and must contains minimum 3 characters :
Wrong Input : Fist letter Should be capital and must contains minimum 3 characters :
Wrong Input : Fist letter Should be capital and must contains minimum 3 characters :
Wrong Input : Fist letter Should be capital and must contains minimum 3 characters :
Wrong Input : Fist letter Should be capital and must contains minimum 3 characters :
Wrong Input : Fist letter Should be capital and must contains minimum 3 characters :
Wrong Input : Fist letter Should be capital and must contains minimum 3 characters :
Wrong Input : Fist letter Should be capital and must contains minimum 3 characters :
Wrong Input : Fist letter Should be capital and must contains minimum 3 characters :
Wrong Input : Fist letter Should be capital and must contains minimum 3 characters :
Wrong Input : Fist letter Should be capital and must contains minimum 3 characters :
Wrong Input : Fist letter Should be capital and must contains minimum 3 characters :
Wrong Input : Fist letter Should be capital and must contains minimum 3 characters :
Wrong Input : Fist letter Should be capital and must contains minimum 3 characters :
Wrong Input : Fist letter Should be capital and must contains minimum 3 characters :
Wrong Input : Fist letter Should be capital and must contains minimum 3 characters :
Wrong Input : Fist letter Should be capital and must contains minimum 3 characters :
Wrong Input : Fist letter Should be capital and must contains minimum 3 characters :
Wrong Input : Fist letter Should be capital and must contains minimum 3 characters :
Wrong Input : Fist letter Should be capital and must contains minimum 3 characters :
Wrong Input : Fist letter Should be capital and must contains minimum 3 characters :
Wrong Input : Fist letter Should be capital and must contains minimum 3 characters :
Wrong Input : Fist letter Should be capital and must contains minimum 3 characters :
Wrong Input : Fist letter Should be capital and must contains minimum 3 characters :
Wrong Input : Fist letter Should be capital and must contains minimum 3 characters :
Wrong Input : Fist letter Should be capital and must contains minimum 3 characters :
Wrong Input : Fist letter Should be capital and must contains minimum 3 characters :
Wrong Input : Fist letter Should be capital and must contains minimum 3 characters :
Wrong Input : Fist letter Should be capital and must contains minimum 3 characters :
Wrong Input : Fist letter Should be capital and must contains minimum 3 characters :
Wrong Input : Fist letter Should be capital and must contains minimum 3 characters :
Wrong Input : Fist letter Should be capital and must contains minimum 3 characters :
Wrong Input : Fist letter Should be capital and must contains minimum 3 characters :
Wrong Input : Fist letter Should be capital and must contains minimum 3 characters :
Wrong Input : Fist letter Should be capital and must contains minimum 3 characters :
Wrong Input : Fist letter Should be capital and must contains minimum 3 characters :
Wrong Input : Fist letter Should be capital and must contains minimum 3 characters :
Wrong Input : Fist letter Should be capital and must contains minimum 3 characters :
Wrong Input : Fist letter Should be capital and must contains minimum 3 characters :
Wrong Input : Fist letter Should be capital and must contains minimum 3 characters :
Wrong Input : Fist letter Should be capital and must contains minimum 3 characters :
Wrong Input : Fist letter Should be capital and must contains minimum 3 characters :
Wrong Input : Fist letter Should be capital and must contains minimum 3 characters :
Wrong Input : Fist letter Should be capital and must contains minimum 3 characters :
Wrong Input : Fist letter Should be capital and must contains minimum 3 characters :
Wrong Input : Fist letter Should be capital and must contains minimum 3 characters :
Wrong Input : Fist letter Should be capital and must contains minimum 3 characters :
Wrong Input : Fist letter Should be capital and must contains minimum 3 characters :
Wrong Input : Fist letter Should be capital and must contains minimum 3 characters :
Wrong Input : Fist letter Should be capital and must contains minimum 3 characters :
Wrong Input : Fist letter Should be capital and must contains minimum 3 characters :
Wrong Input : Fist letter Should be capital and must contains minimum 3 characters :
Wrong Input : Fist letter Should be capital and must contains minimum 3 characters :
Wrong Input : Fist letter Should be capital and must contains minimum 3 characters :
Wrong Input : Fist letter Should be capital and must contains minimum 3 characters :
Wrong Input : Fist letter Should be capital and must contains minimum 3 characters :
Wrong Input : Fist letter Should be capital and must contains minimum 3 characters :
Wrong Input : Fist letter Should be capital and must contains minimum 3 characters :
Wrong Input : Fist letter Should be capital and must contains minimum 3 characters :
Wrong Input : Fist letter Should be capital and must contains minimum 3 characters :
Wrong Input : Fist letter Should be capital and must contains minimum 3 characters :
Wrong Input : Fist letter Should be capital and must contains minimum 3 characters :
Wrong Input : Fist letter Should be capital and must contains minimum 3 characters :
Wrong Input : Fist letter Should be capital and must contains minimum 3 characters :
Wrong Input : Fist letter Should be capital and must contains minimum 3 characters :
Wrong Input : Fist letter Should be capital and must contains minimum 3 characters :
Wrong Input : Fist letter Should be capital and must contains minimum 3 characters :
Wrong Input : Fist letter Should be capital and must contains minimum 3 characters :
Wrong Input : Fist letter Should be capital and must contains minimum 3 characters :
Wrong Input : Fist letter Should be capital and must contains minimum 3 characters :
Wrong Input : Fist letter Should be capital and must contains minimum 3 characters :
Wrong Input : Fist letter Should be capital and must contains minimum 3 characters :
Wrong Input : Fist letter Should be capital and must contains minimum 3 characters :
Wrong Input : Fist letter Should be capital and must contains minimum 3 characters :
Wrong Input : Fist letter Should be capital and must contains minimum 3 characters :
Wrong Input : Fist letter Should be capital and must contains minimum 3 characters :
Wrong Input : Fist letter Should be capital and must contains minimum 3 characters :
Wrong Input : Fist letter Should be capital and must contains minimum 3 characters :
Wrong Input : Fist letter Should be capital and must contains minimum 3 characters :
Wrong Input : Fist letter Should be capital and must contains minimum 3 characters :
Wrong Input : Fist letter Should be capital and must contains minimum 3 characters :
Wrong Input : Fist letter Should be capital and must contains minimum 3 characters :
Wrong Input : Fist letter Should be capital and must contains minimum 3 characters :
Wrong Input : Fist letter Should be capital and must contains minimum 3 characters :
Wrong Input : Fist letter Should be capital and must contains minimum 3 characters :
Wrong Input : Fist letter Should be capital and must contains minimum 3 characters :
Wrong Input : Fist letter Should be capital and must contains minimum 3 characters :
Wrong Input : Fist letter Should be capital and must contains minimum 3 characters :
Wrong Input : Fist letter Should be capital and must contains minimum 3 characters :
Wrong Input : Fist letter Should be capital and must contains minimum 3 characters :
Wrong Input : Fist letter Should be capital and must contains minimum 3 characters :
Wrong Input : Fist letter Should be capital and must contains minimum 3 characters :
Wrong Input : Fist letter Should be capital and must contains minimum 3 characters :
Wrong Input : Fist letter Should be capital and must contains minimum 3 characters :
Wrong Input : Fist letter Should be capital and must contains minimum 3 characters :
Wrong Input : Fist letter Should be capital and must contains minimum 3 characters :
Wrong Input : Fist letter Should be capital and must contains minimum 3 characters :
Wrong Input : Fist letter Should be capital and must contains minimum 3 characters :
Wrong Input : Fist letter Should be capital and must contains minimum 3 characters :
Wrong Input : Fist letter Should be capital and must contains minimum 3 characters :
Wrong Input : Fist letter Should be capital and must contains minimum 3 characters :
Wrong Input : Fist letter Should be capital and must contains minimum 3 characters :
Wrong Input : Fist letter Should be capital and must contains minimum 3 characters :
Wrong Input : Fist letter Should be capital and must contains minimum 3 characters :
Wrong Input : Fist letter Should be capital and must contains minimum 3 characters :
Wrong Input : Fist letter Should be capital and must contains minimum 3 characters :
Wrong Input : Fist letter Should be capital and must contains minimum 3 characters :
Wrong Input : Fist letter Should be capital and must contains minimum 3 characters :
Wrong Input : Fist letter Should be capital and must contains minimum 3 characters :
Wrong Input : Fist letter Should be capital and must contains minimum 3 characters :
Wrong Input : Fist letter Should be capital and must contains minimum 3 characters :
Wrong Input : Fist letter Should be capital and must contains minimum 3 characters :
Wrong Input : Fist letter Should be capital and must contains minimum 3 characters :
Wrong Input : Fist letter Should be capital and must contains minimum 3 characters :
Wrong Input : Fist letter Should be capital and must contains minimum 3 characters :
Wrong Input : Fist letter Should be capital and must contains minimum 3 characters :
Wrong Input : Fist letter Should be capital and must contains minimum 3 characters :
Wrong Input : Fist letter Should be capital and must contains minimum 3 characters :
Wrong Input : Fist letter Should be capital and must contains minimum 3 characters :
Wrong Input : Fist letter Should be capital and must contains minimum 3 characters :
Wrong Input : Fist letter Should be capital and must contains minimum 3 characters :
Wrong Input : Fist letter Should be capital and must contains minimum 3 characters :
Wrong Input : Fist letter Should be capital and must contains minimum 3 characters :
Wrong Input : Fist letter Should be capital and must contains minimum 3 characters :
Wrong Input : Fist letter Should be capital and must contains minimum 3 characters :
Wrong Input : Fist letter Should be capital and must contains minimum 3 characters :
Wrong Input : Fist letter Should be capital and must contains minimum 3 characters :
Wrong Input : Fist letter Should be capital and must contains minimum 3 characters :
Wrong Input : Fist letter Should be capital and must contains minimum 3 characters :
Wrong Input : Fist letter Should be capital and must contains minimum 3 characters :
Wrong Input : Fist letter Should be capital and must contains minimum 3 characters :
Wrong Input : Fist letter Should be capital and must contains minimum 3 characters :
Wrong Input : Fist letter Should be capital and must contains minimum 3 characters :
Wrong Input : Fist letter Should be capital and must contains minimum 3 characters :
Wrong Input : Fist letter Should be capital and must contains minimum 3 characters :
Wrong Input : Fist letter Should be capital and must contains minimum 3 characters :
Wrong Input : Fist letter Should be capital and must contains minimum 3 characters :
Wrong Input : Fist letter Should be capital and must contains minimum 3 characters :
Wrong Input : Fist letter Should be capital and must contains minimum 3 characters :
Wrong Input : Fist letter Should be capital and must contains minimum 3 characters :
Wrong Input : Fist letter Should be capital and must contains minimum 3 characters :
Wrong Input : Fist letter Should be capital and must contains minimum 3 characters :
Wrong Input : Fist letter Should be capital and must contains minimum 3 characters :
Wrong Input : Fist letter Should be capital and must contains minimum 3 characters :
Wrong Input : Fist letter Should be capital and must contains minimum 3 characters :
Wrong Input : Fist letter Should be capital and must contains minimum 3 characters :
Wrong Input : Fist letter Should be capital and must contains minimum 3 characters :
Wrong Input : Fist letter Should be capital and must contains minimum 3 characters :
Wrong Input : Fist letter Should be capital and must contains minimum 3 characters :
Wrong Input : Fist letter Should be capital and must contains minimum 3 characters :
Wrong Input : Fist letter Should be capital and must contains minimum 3 characters :
Wrong Input : Fist letter Should be capital and must contains minimum 3 characters :
Wrong Input : Fist letter Should be capital and must contains minimum 3 characters :
Wrong Input : Fist letter Should be capital and must contains minimum 3 characters :
Wrong Input : Fist letter Should be capital and must contains minimum 3 characters :
Wrong Input : Fist letter Should be capital and must contains minimum 3 characters :
Wrong Input : Fist letter Should be capital and must contains minimum 3 characters :
Wrong Input : Fist letter Should be capital and must contains minimum 3 characters :
Wrong Input : Fist letter Should be capital and must contains minimum 3 characters :
Wrong Input : Fist letter Should be capital and must contains minimum 3 characters :
Wrong Input : Fist letter Should be capital and must contains minimum 3 characters :
Wrong Input : Fist letter Should be capital and must contains minimum 3 characters :
Wrong Input : Fist letter Should be capital and must contains minimum 3 characters :
Wrong Input : Fist letter Should be capital and must contains minimum 3 characters :
Wrong Input : Fist letter Should be capital and must contains minimum 3 characters :
Wrong Input : Fist letter Should be capital and must contains minimum 3 characters :
Wrong Input : Fist letter Should be capital and must contains minimum 3 characters :
Wrong Input : Fist letter Should be capital and must contains minimum 3 characters :
Wrong Input : Fist letter Should be capital and must contains minimum 3 characters :
Wrong Input : Fist letter Should be capital and must contains minimum 3 characters :
Wrong Input : Fist letter Should be capital and must contains minimum 3 characters :
Wrong Input : Fist letter Should be capital and must contains minimum 3 characters :
Wrong Input : Fist letter Should be capital and must contains minimum 3 characters :
Wrong Input : Fist letter Should be capital and must contains minimum 3 characters :
Wrong Input : Fist letter Should be capital and must contains minimum 3 characters :
Wrong Input : Fist letter Should be capital and must contains minimum 3 characters :
Wrong Input : Fist letter Should be capital and must contains minimum 3 characters :
Wrong Input : Fist letter Should be capital and must contains minimum 3 characters :
Wrong Input : Fist letter Should be capital and must contains minimum 3 characters :
Wrong Input : Fist letter Should be capital and must contains minimum 3 characters :
Wrong Input : Fist letter Should be capital and must contains minimum 3 characters :
Wrong Input : Fist letter Should be capital and must contains minimum 3 characters :
Wrong Input : Fist letter Should be capital and must contains minimum 3 characters :
Wrong Input : Fist letter Should be capital and must contains minimum 3 characters :
Wrong Input : Fist letter Should be capital and must contains minimum 3 characters :
Wrong Input : Fist letter Should be capital and must contains minimum 3 characters :
Wrong Input : Fist letter Should be capital and must contains minimum 3 characters :
Wrong Input : Fist letter Should be capital and must contains minimum 3 characters :
Wrong Input : Fist letter Should be capital and must contains minimum 3 characters :
Wrong Input : Fist letter Should be capital and must contains minimum 3 characters :
Wrong Input : Fist letter Should be capital and must contains minimum 3 characters :
Wrong Input : Fist letter Should be capital and must contains minimum 3 characters :
Wrong Input : Fist letter Should be capital and must contains minimum 3 characters :
Wrong Input : Fist letter Should be capital and must contains minimum 3 characters :
Wrong Input : Fist letter Should be capital and must contains minimum 3 characters :
Wrong Input : Fist letter Should be capital and must contains minimum 3 characters :
Wrong Input : Fist letter Should be capital and must contains minimum 3 characters :
Wrong Input : Fist letter Should be capital and must contains minimum 3 characters :
Wrong Input : Fist letter Should be capital and must contains minimum 3 characters :
Wrong Input : Fist letter Should be capital and must contains minimum 3 characters :
Wrong Input : Fist letter Should be capital and must contains minimum 3 characters :
Wrong Input : Fist letter Should be capital and must contains minimum 3 characters :
Wrong Input : Fist letter Should be capital and must contains minimum 3 characters :
Wrong Input : Fist letter Should be capital and must contains minimum 3 characters :
Wrong Input : Fist letter Should be capital and must contains minimum 3 characters :
Wrong Input : Fist letter Should be capital and must contains minimum 3 characters :
Wrong Input : Fist letter Should be capital and must contains minimum 3 characters :
Wrong Input : Fist letter Should be capital and must contains minimum 3 characters :
Wrong Input : Fist letter Should be capital and must contains minimum 3 characters :
Wrong Input : Fist letter Should be capital and must contains minimum 3 characters :
Wrong Input : Fist letter Should be capital and must contains minimum 3 characters :
Wrong Input : Fist letter Should be capital and must contains minimum 3 characters :
Wrong Input : Fist letter Should be capital and must contains minimum 3 characters :
Wrong Input : Fist letter Should be capital and must contains minimum 3 characters :
Wrong Input : Fist letter Should be capital and must contains minimum 3 characters :
Wrong Input : Fist letter Should be capital and must contains minimum 3 characters :
Wrong Input : Fist letter Should be capital and must contains minimum 3 characters :
Wrong Input : Fist letter Should be capital and must contains minimum 3 characters :
Wrong Input : Fist letter Should be capital and must contains minimum 3 characters :
Wrong Input : Fist letter Should be capital and must contains minimum 3 characters :
Wrong Input : Fist letter Should be capital and must contains minimum 3 characters :
Wrong Input : Fist letter Should be capital and must contains minimum 3 characters :
Wrong Input : Fist letter Should be capital and must contains minimum 3 characters :
Wrong Input : Fist letter Should be capital and must contains minimum 3 characters :
Wrong Input : Fist letter Should be capital and must contains minimum 3 characters :
Wrong Input : Fist letter Should be capital and must contains minimum 3 characters :
Wrong Input : Fist letter Should be capital and must contains minimum 3 characters :
Wrong Input : Fist letter Should be capital and must contains minimum 3 characters :
Wrong Input : Fist letter Should be capital and must contains minimum 3 characters :
Wrong Input : Fist letter Should be capital and must contains minimum 3 characters :
Wrong Input : Fist letter Should be capital and must contains minimum 3 characters :
Wrong Input : Fist letter Should be capital and must contains minimum 3 characters :
Wrong Input : Fist letter Should be capital and must contains minimum 3 characters :
Wrong Input : Fist letter Should be capital and must contains minimum 3 characters :
Wrong Input : Fist letter Should be capital and must contains minimum 3 characters :
Wrong Input : Fist letter Should be capital and must contains minimum 3 characters :
Wrong Input : Fist letter Should be capital and must contains minimum 3 characters :
Wrong Input : Fist letter Should be capital and must contains minimum 3 characters :
Wrong Input : Fist letter Should be capital and must contains minimum 3 characters :
Wrong Input : Fist letter Should be capital and must contains minimum 3 characters :
Wrong Input : Fist letter Should be capital and must contains minimum 3 characters :
Wrong Input : Fist letter Should be capital and must contains minimum 3 characters :
Wrong Input : Fist letter Should be capital and must contains minimum 3 characters :
Wrong Input : Fist letter Should be capital and must contains minimum 3 characters :
Wrong Input : Fist letter Should be capital and must contains minimum 3 characters :
Wrong Input : Fist letter Should be capital and must contains minimum 3 characters :
Wrong Input : Fist letter Should be capital and must contains minimum 3 characters :
Wrong Input : Fist letter Should be capital and must contains minimum 3 characters :
Wrong Input : Fist letter Should be capital and must contains minimum 3 characters :
Wrong Input : Fist letter Should be capital and must contains minimum 3 characters :
Wrong Input : Fist letter Should be capital and must contains minimum 3 characters :
Wrong Input : Fist letter Should be capital and must contains minimum 3 characters :
Wrong Input : Fist letter Should be capital and must contains minimum 3 characters :
Wrong Input : Fist letter Should be capital and must contains minimum 3 characters :
Wrong Input : Fist letter Should be capital and must contains minimum 3 characters :
Wrong Input : Fist letter Should be capital and must contains minimum 3 characters :
Wrong Input : Fist letter Should be capital and must contains minimum 3 characters :
Wrong Input : Fist letter Should be capital and must contains minimum 3 characters :
Wrong Input : Fist letter Should be capital and must contains minimum 3 characters :
Wrong Input : Fist letter Should be capital and must contains minimum 3 characters :
Wrong Input : Fist letter Should be capital and must contains minimum 3 characters :
Wrong Input : Fist letter Should be capital and must contains minimum 3 characters :
Wrong Input : Fist letter Should be capital and must contains minimum 3 characters :
Wrong Input : Fist letter Should be capital and must contains minimum 3 characters :
Wrong Input : Fist letter Should be capital and must contains minimum 3 characters :
Wrong Input : Fist letter Should be capital and must contains minimum 3 characters :
Wrong Input : Fist letter Should be capital and must contains minimum 3 characters :
Wrong Input : Fist letter Should be capital and must contains minimum 3 characters :
Wrong Input : Fist letter Should be capital and must contains minimum 3 characters :
Wrong Input : Fist letter Should be capital and must contains minimum 3 characters :
Wrong Input : Fist letter Should be capital and must contains minimum 3 characters :
Wrong Input : Fist letter Should be capital and must contains minimum 3 characters :
Wrong Input : Fist letter Should be capital and must contains minimum 3 characters :
Wrong Input : Fist letter Should be capital and must contains minimum 3 characters :
Wrong Input : Fist letter Should be capital and must contains minimum 3 characters :
Wrong Input : Fist letter Should be capital and must contains minimum 3 characters :
Wrong Input : Fist letter Should be capital and must contains minimum 3 characters :
Wrong Input : Fist letter Should be capital and must contains minimum 3 characters :
Wrong Input : Fist letter Should be capital and must contains minimum 3 characters :
Wrong Input : Fist letter Should be capital and must contains minimum 3 characters :
Wrong Input : Fist letter Should be capital and must contains minimum 3 characters :
Wrong Input : Fist letter Should be capital and must contains minimum 3 characters :
Wrong Input : Fist letter Should be capital and must contains minimum 3 characters :
Wrong Input : Fist letter Should be capital and must contains minimum 3 characters :
Wrong Input : Fist letter Should be capital and must contains minimum 3 characters :
Wrong Input : Fist letter Should be capital and must contains minimum 3 characters :
Wrong Input : Fist letter Should be capital and must contains minimum 3 characters :
Wrong Input : Fist letter Should be capital and must contains minimum 3 characters :
Wrong Input : Fist letter Should be capital and must contains minimum 3 characters :
Wrong Input : Fist letter Should be capital and must contains minimum 3 characters :
Wrong Input : Fist letter Should be capital and must contains minimum 3 characters :
Wrong Input : Fist letter Should be capital and must contains minimum 3 characters :
Wrong Input : Fist letter Should be capital and must contains minimum 3 characters :
Wrong Input : Fist letter Should be capital and must contains minimum 3 characters :
Wrong Input : Fist letter Should be capital and must contains minimum 3 characters :
Wrong Input : Fist letter Should be capital and must contains minimum 3 characters :
Wrong Input : Fist letter Should be capital and must contains minimum 3 characters :
Wrong Input : Fist letter Should be capital and must contains minimum 3 characters :
Wrong Input : Fist letter Should be capital and must contains minimum 3 characters :
Wrong Input : Fist letter Should be capital and must contains minimum 3 characters :
Wrong Input : Fist letter Should be capital and must contains minimum 3 characters :
Wrong Input : Fist letter Should be capital and must contains minimum 3 characters :
Wrong Input : Fist letter Should be capital and must contains minimum 3 characters :
Wrong Input : Fist letter Should be capital and must contains minimum 3 characters :
Wrong Input : Fist letter Should be capital and must contains minimum 3 characters :
Wrong Input : Fist letter Should be capital and must contains minimum 3 characters :
Wrong Input : Fist letter Should be capital and must contains minimum 3 characters :
Wrong Input : Fist letter Should be capital and must contains minimum 3 characters :
Wrong Input : Fist letter Should be capital and must contains minimum 3 characters :
Wrong Input : Fist letter Should be capital and must contains minimum 3 characters :
Wrong Input : Fist letter Should be capital and must contains minimum 3 characters :
Wrong Input : Fist letter Should be capital and must contains minimum 3 characters :
Wrong Input : Fist letter Should be capital and must contains minimum 3 characters :
Wrong Input : Fist letter Should be capital and must contains minimum 3 characters :
Wrong Input : Fist letter Should be capital and must contains minimum 3 characters :
Wrong Input : Fist letter Should be capital and must contains minimum 3 characters :
Wrong Input : Fist letter Should be capital and must contains minimum 3 characters :
Wrong Input : Fist letter Should be capital and must contains minimum 3 characters :
Wrong Input : Fist letter Should be capital and must contains minimum 3 characters :
Wrong Input : Fist letter Should be capital and must contains minimum 3 characters :
Wrong Input : Fist letter Should be capital and must contains minimum 3 characters :
Wrong Input : Fist letter Should be capital and must contains minimum 3 characters :
Wrong Input : Fist letter Should be capital and must contains minimum 3 characters :
Wrong Input : Fist letter Should be capital and must contains minimum 3 characters :
Wrong Input : Fist letter Should be capital and must contains minimum 3 characters :
Wrong Input : Fist letter Should be capital and must contains minimum 3 characters :
Wrong Input : Fist letter Should be capital and must contains minimum 3 characters :
Wrong Input : Fist letter Should be capital and must contains minimum 3 characters :
Wrong Input : Fist letter Should be capital and must contains minimum 3 characters :
Wrong Input : Fist letter Should be capital and must contains minimum 3 characters :
Wrong Input : Fist letter Should be capital and must contains minimum 3 characters :
Wrong Input : Fist letter Should be capital and must contains minimum 3 characters :
Wrong Input : Fist letter Should be capital and must contains minimum 3 characters :
Wrong Input : Fist letter Should be capital and must contains minimum 3 characters :
Wrong Input : Fist letter Should be capital and must contains minimum 3 characters :
Wrong Input : Fist letter Should be capital and must contains minimum 3 characters :
Wrong Input : Fist letter Should be capital and must contains minimum 3 characters :
Wrong Input : Fist letter Should be capital and must contains minimum 3 characters :
Wrong Input : Fist letter Should be capital and must contains minimum 3 characters :
Wrong Input : Fist letter Should be capital and must contains minimum 3 characters :
Wrong Input : Fist letter Should be capital and must contains minimum 3 characters :
Wrong Input : Fist letter Should be capital and must contains minimum 3 characters :
Wrong Input : Fist letter Should be capital and must contains minimum 3 characters :
Wrong Input : Fist letter Should be capital and must contains minimum 3 characters :
Wrong Input : Fist letter Should be capital and must contains minimum 3 characters :
Wrong Input : Fist letter Should be capital and must contains minimum 3 characters :
Wrong Input : Fist letter Should be capital and must contains minimum 3 characters :
Wrong Input : Fist letter Should be capital and must contains minimum 3 characters :
Wrong Input : Fist letter Should be capital and must contains minimum 3 characters :
Wrong Input : Fist letter Should be capital and must contains minimum 3 characters :
Wrong Input : Fist letter Should be capital and must contains minimum 3 characters :
Wrong Input : Fist letter Should be capital and must contains minimum 3 characters :
Wrong Input : Fist letter Should be capital and must contains minimum 3 characters :
Wrong Input : Fist letter Should be capital and must contains minimum 3 characters :
Wrong Input : Fist letter Should be capital and must contains minimum 3 characters :
Wrong Input : Fist letter Should be capital and must contains minimum 3 characters :
Wrong Input : Fist letter Should be capital and must contains minimum 3 characters :
Wrong Input : Fist letter Should be capital and must contains minimum 3 characters :
Wrong Input : Fist letter Should be capital and must contains minimum 3 characters :
Wrong Input : Fist letter Should be capital and must contains minimum 3 characters :
Wrong Input : Fist letter Should be capital and must contains minimum 3 characters :
Wrong Input : Fist letter Should be capital and must contains minimum 3 characters :
Wrong Input : Fist letter Should be capital and must contains minimum 3 characters :
Wrong Input : Fist letter Should be capital and must contains minimum 3 characters :
Wrong Input : Fist letter Should be capital and must contains minimum 3 characters :
Wrong Input : Fist letter Should be capital and must contains minimum 3 characters :
Wrong Input : Fist letter Should be capital and must contains minimum 3 characters :
Wrong Input : Fist letter Should be capital and must contains minimum 3 characters :
Wrong Input : Fist letter Should be capital and must contains minimum 3 characters :
Wrong Input : Fist letter Should be capital and must contains minimum 3 characters :
Wrong Input : Fist letter Should be capital and must contains minimum 3 characters :
Wrong Input : Fist letter Should be capital and must contains minimum 3 characters :
Wrong Input : Fist letter Should be capital and must contains minimum 3 characters :
Wrong Input : Fist letter Should be capital and must contains minimum 3 characters :
Wrong Input : Fist letter Should be capital and must contains minimum 3 characters :
Wrong Input : Fist letter Should be capital and must contains minimum 3 characters :
Wrong Input : Fist letter Should be capital and must contains minimum 3 characters :
Wrong Input : Fist letter Should be capital and must contains minimum 3 characters :
Wrong Input : Fist letter Should be capital and must contains minimum 3 characters :
Wrong Input : Fist letter Should be capital and must contains minimum 3 characters :
Wrong Input : Fist letter Should be capital and must contains minimum 3 characters :
Wrong Input : Fist letter Should be capital and must contains minimum 3 characters :
Wrong Input : Fist letter Should be capital and must contains minimum 3 characters :
Wrong Input : Fist letter Should be capital and must contains minimum 3 characters :
Wrong Input : Fist letter Should be capital and must contains minimum 3 characters :
Wrong Input : Fist letter Should be capital and must contains minimum 3 characters :
Wrong Input : Fist letter Should be capital and must contains minimum 3 characters :
Wrong Input : Fist letter Should be capital and must contains minimum 3 characters :
Wrong Input : Fist letter Should be capital and must contains minimum 3 characters :
Wrong Input : Fist letter Should be capital and must contains minimum 3 characters :
Wrong Input : Fist letter Should be capital and must contains minimum 3 characters :
Wrong Input : Fist letter Should be capital and must contains minimum 3 characters :
Wrong Input : Fist letter Should be capital and must contains minimum 3 characters :
Wrong Input : Fist letter Should be capital and must contains minimum 3 characters :
Wrong Input : Fist letter Should be capital and must contains minimum 3 characters :
Wrong Input : Fist letter Should be capital and must contains minimum 3 characters :
Wrong Input : Fist letter Should be capital and must contains minimum 3 characters :
Wrong Input : Fist letter Should be capital and must contains minimum 3 characters :
Wrong Input : Fist letter Should be capital and must contains minimum 3 characters :
Wrong Input : Fist letter Should be capital and must contains minimum 3 characters :
Wrong Input : Fist letter Should be capital and must contains minimum 3 characters :
Wrong Input : Fist letter Should be capital and must contains minimum 3 characters :
Wrong Input : Fist letter Should be capital and must contains minimum 3 characters :
Wrong Input : Fist letter Should be capital and must contains minimum 3 characters :
Wrong Input : Fist letter Should be capital and must contains minimum 3 characters :
Wrong Input : Fist letter Should be capital and must contains minimum 3 characters :
Wrong Input : Fist letter Should be capital and must contains minimum 3 characters :
Wrong Input : Fist letter Should be capital and must contains minimum 3 characters :
Wrong Input : Fist letter Should be capital and must contains minimum 3 characters :
Wrong Input : Fist letter Should be capital and must contains minimum 3 characters :
Wrong Input : Fist letter Should be capital and must contains minimum 3 characters :
Wrong Input : Fist letter Should be capital and must contains minimum 3 characters :
Wrong Input : Fist letter Should be capital and must contains minimum 3 characters :
Wrong Input : Fist letter Should be capital and must contains minimum 3 characters :
Wrong Input : Fist letter Should be capital and must contains minimum 3 characters :
Wrong Input : Fist letter Should be capital and must contains minimum 3 characters :
Wrong Input : Fist letter Should be capital and must contains minimum 3 characters :
Wrong Input : Fist letter Should be capital and must contains minimum 3 characters :
Wrong Input : Fist letter Should be capital and must contains minimum 3 characters :
Wrong Input : Fist letter Should be capital and must contains minimum 3 characters :
Wrong Input : Fist letter Should be capital and must contains minimum 3 characters :
Wrong Input : Fist letter Should be capital and must contains minimum 3 characters :
Wrong Input : Fist letter Should be capital and must contains minimum 3 characters :
Wrong Input : Fist letter Should be capital and must contains minimum 3 characters :
Wrong Input : Fist letter Should be capital and must contains minimum 3 characters :
Wrong Input : Fist letter Should be capital and must contains minimum 3 characters :
Wrong Input : Fist letter Should be capital and must contains minimum 3 characters :
Wrong Input : Fist letter Should be capital and must contains minimum 3 characters :
Wrong Input : Fist letter Should be capital and must contains minimum 3 characters :
Wrong Input : Fist letter Should be capital and must contains minimum 3 characters :
Wrong Input : Fist letter Should be capital and must contains minimum 3 characters :
Wrong Input : Fist letter Should be capital and must contains minimum 3 characters :
Wrong Input : Fist letter Should be capital and must contains minimum 3 characters :
Wrong Input : Fist letter Should be capital and must contains minimum 3 characters :
Wrong Input : Fist letter Should be capital and must contains minimum 3 characters :
Wrong Input : Fist letter Should be capital and must contains minimum 3 characters :
Wrong Input : Fist letter Should be capital and must contains minimum 3 characters :
Wrong Input : Fist letter Should be capital and must contains minimum 3 characters :
Wrong Input : Fist letter Should be capital and must contains minimum 3 characters :
Wrong Input : Fist letter Should be capital and must contains minimum 3 characters :
Wrong Input : Fist letter Should be capital and must contains minimum 3 characters :
Wrong Input : Fist letter Should be capital and must contains minimum 3 characters :
Wrong Input : Fist letter Should be capital and must contains minimum 3 characters :
Wrong Input : Fist letter Should be capital and must contains minimum 3 characters :
Wrong Input : Fist letter Should be capital and must contains minimum 3 characters :
Wrong Input : Fist letter Should be capital and must contains minimum 3 characters :
Wrong Input : Fist letter Should be capital and must contains minimum 3 characters :
Wrong Input : Fist letter Should be capital and must contains minimum 3 characters :
Wrong Input : Fist letter Should be capital and must contains minimum 3 characters :
Wrong Input : Fist letter Should be capital and must contains minimum 3 characters :
Wrong Input : Fist letter Should be capital and must contains minimum 3 characters :
Wrong Input : Fist letter Should be capital and must contains minimum 3 characters :
Wrong Input : Fist letter Should be capital and must contains minimum 3 characters :
Wrong Input : Fist letter Should be capital and must contains minimum 3 characters :
Wrong Input : Fist letter Should be capital and must contains minimum 3 characters :
Wrong Input : Fist letter Should be capital and must contains minimum 3 characters :
Wrong Input : Fist letter Should be capital and must contains minimum 3 characters :
Wrong Input : Fist letter Should be capital and must contains minimum 3 characters :
Wrong Input : Fist letter Should be capital and must contains minimum 3 characters :
Wrong Input : Fist letter Should be capital and must contains minimum 3 characters :
Wrong Input : Fist letter Should be capital and must contains minimum 3 characters :
Wrong Input : Fist letter Should be capital and must contains minimum 3 characters :
Wrong Input : Fist letter Should be capital and must contains minimum 3 characters :
Wrong Input : Fist letter Should be capital and must contains minimum 3 characters :
Wrong Input : Fist letter Should be capital and must contains minimum 3 characters :
Wrong Input : Fist letter Should be capital and must contains minimum 3 characters :
Wrong Input : Fist letter Should be capital and must contains minimum 3 characters :
Wrong Input : Fist letter Should be capital and must contains minimum 3 characters :
Wrong Input : Fist letter Should be capital and must contains minimum 3 characters :
Wrong Input : Fist letter Should be capital and must contains minimum 3 characters :
Wrong Input : Fist letter Should be capital and must contains minimum 3 characters :
Wrong Input : Fist letter Should be capital and must contains minimum 3 characters :
Wrong Input : Fist letter Should be capital and must contains minimum 3 characters :
Wrong Input : Fist letter Should be capital and must contains minimum 3 characters :
Wrong Input : Fist letter Should be capital and must contains minimum 3 characters :
Wrong Input : Fist letter Should be capital and must contains minimum 3 characters :
Wrong Input : Fist letter Should be capital and must contains minimum 3 characters :
Wrong Input : Fist letter Should be capital and must contains minimum 3 characters :
Wrong Input : Fist letter Should be capital and must contains minimum 3 characters :
Wrong Input : Fist letter Should be capital and must contains minimum 3 characters :
Wrong Input : Fist letter Should be capital and must contains minimum 3 characters :
Wrong Input : Fist letter Should be capital and must contains minimum 3 characters :
Wrong Input : Fist letter Should be capital and must contains minimum 3 characters :
Wrong Input : Fist letter Should be capital and must contains minimum 3 characters :
Wrong Input : Fist letter Should be capital and must contains minimum 3 characters :
Wrong Input : Fist letter Should be capital and must contains minimum 3 characters :
Wrong Input : Fist letter Should be capital and must contains minimum 3 characters :
Wrong Input : Fist letter Should be capital and must contains minimum 3 characters :
Wrong Input : Fist letter Should be capital and must contains minimum 3 characters :
Wrong Input : Fist letter Should be capital and must contains minimum 3 characters :
Wrong Input : Fist letter Should be capital and must contains minimum 3 characters :
Wrong Input : Fist letter Should be capital and must contains minimum 3 characters :
Wrong Input : Fist letter Should be capital and must contains minimum 3 characters :
Wrong Input : Fist letter Should be capital and must contains minimum 3 characters :
Wrong Input : Fist letter Should be capital and must contains minimum 3 characters :
Wrong Input : Fist letter Should be capital and must contains minimum 3 characters :
Wrong Input : Fist letter Should be capital and must contains minimum 3 characters :
Wrong Input : Fist letter Should be capital and must contains minimum 3 characters :
Wrong Input : Fist letter Should be capital and must contains minimum 3 characters :
Wrong Input : Fist letter Should be capital and must contains minimum 3 characters :
Wrong Input : Fist letter Should be capital and must contains minimum 3 characters :
Wrong Input : Fist letter Should be capital and must contains minimum 3 characters :
Wrong Input : Fist letter Should be capital and must contains minimum 3 characters :
Wrong Input : Fist letter Should be capital and must contains minimum 3 characters :
Wrong Input : Fist letter Should be capital and must contains minimum 3 characters :
Wrong Input : Fist letter Should be capital and must contains minimum 3 characters :
Wrong Input : Fist letter Should be capital and must contains minimum 3 characters :
Wrong Input : Fist letter Should be capital and must contains minimum 3 characters :
Wrong Input : Fist letter Should be capital and must contains minimum 3 characters :
Wrong Input : Fist letter Should be capital and must contains minimum 3 characters :
Wrong Input : Fist letter Should be capital and must contains minimum 3 characters :
Wrong Input : Fist letter Should be capital and must contains minimum 3 characters :
Wrong Input : Fist letter Should be capital and must contains minimum 3 characters :
Wrong Input : Fist letter Should be capital and must contains minimum 3 characters :
Wrong Input : Fist letter Should be capital and must contains minimum 3 characters :
Wrong Input : Fist letter Should be capital and must contains minimum 3 characters :
Wrong Input : Fist letter Should be capital and must contains minimum 3 characters :
Wrong Input : Fist letter Should be capital and must contains minimum 3 characters :
Wrong Input : Fist letter Should be capital and must contains minimum 3 characters :
Wrong Input : Fist letter Should be capital and must contains minimum 3 characters :
Wrong Input : Fist letter Should be capital and must contains minimum 3 characters :
Wrong Input : Fist letter Should be capital and must contains minimum 3 characters :
Wrong Input : Fist letter Should be capital and must contains minimum 3 characters :
Wrong Input : Fist letter Should be capital and must contains minimum 3 characters :
Wrong Input : Fist letter Should be capital and must contains minimum 3 characters :
Wrong Input : Fist letter Should be capital and must contains minimum 3 characters :
Wrong Input : Fist letter Should be capital and must contains minimum 3 characters :
Wrong Input : Fist letter Should be capital and must contains minimum 3 characters :
Wrong Input : Fist letter Should be capital and must contains minimum 3 characters :
Wrong Input : Fist letter Should be capital and must contains minimum 3 characters :
Wrong Input : Fist letter Should be capital and must contains minimum 3 characters :
Wrong Input : Fist letter Should be capital and must contains minimum 3 characters :
Wrong Input : Fist letter Should be capital and must contains minimum 3 characters :
Wrong Input : Fist letter Should be capital and must contains minimum 3 characters :
Wrong Input : Fist letter Should be capital and must contains minimum 3 characters :
Wrong Input : Fist letter Should be capital and must contains minimum 3 characters :
Wrong Input : Fist letter Should be capital and must contains minimum 3 characters :
Wrong Input : Fist letter Should be capital and must contains minimum 3 characters :
Wrong Input : Fist letter Should be capital and must contains minimum 3 characters :
Wrong Input : Fist letter Should be capital and must contains minimum 3 characters :
Wrong Input : Fist letter Should be capital and must contains minimum 3 characters :
Wrong Input : Fist letter Should be capital and must contains minimum 3 characters :
Wrong Input : Fist letter Should be capital and must contains minimum 3 characters :
Wrong Input : Fist letter Should be capital and must contains minimum 3 characters :
Wrong Input : Fist letter Should be capital and must contains minimum 3 characters :
Wrong Input : Fist letter Should be capital and must contains minimum 3 characters :
Wrong Input : Fist letter Should be capital and must contains minimum 3 characters :
Wrong Input : Fist letter Should be capital and must contains minimum 3 characters :
Wrong Input : Fist letter Should be capital and must contains minimum 3 characters :
Wrong Input : Fist letter Should be capital and must contains minimum 3 characters :
Wrong Input : Fist letter Should be capital and must contains minimum 3 characters :
Wrong Input : Fist letter Should be capital and must contains minimum 3 characters :
Wrong Input : Fist letter Should be capital and must contains minimum 3 characters :
Wrong Input : Fist letter Should be capital and must contains minimum 3 characters :
Wrong Input : Fist letter Should be capital and must contains minimum 3 characters :
Wrong Input : Fist letter Should be capital and must contains minimum 3 characters :
Wrong Input : Fist letter Should be capital and must contains minimum 3 characters :
Wrong Input : Fist letter Should be capital and must contains minimum 3 characters :
Wrong Input : Fist letter Should be capital and must contains minimum 3 characters :
Wrong Input : Fist letter Should be capital and must contains minimum 3 characters :
Wrong Input : Fist letter Should be capital and must contains minimum 3 characters :
Wrong Input : Fist letter Should be capital and must contains minimum 3 characters :
Wrong Input : Fist letter Should be capital and must contains minimum 3 characters :
Wrong Input : Fist letter Should be capital and must contains minimum 3 characters :
Wrong Input : Fist letter Should be capital and must contains minimum 3 characters :
Wrong Input : Fist letter Should be capital and must contains minimum 3 characters :
Wrong Input : Fist letter Should be capital and must contains minimum 3 characters :
Wrong Input : Fist letter Should be capital and must contains minimum 3 characters :
Wrong Input : Fist letter Should be capital and must contains minimum 3 characters :
Wrong Input : Fist letter Should be capital and must contains minimum 3 characters :
Wrong Input : Fist letter Should be capital and must contains minimum 3 characters :
Wrong Input : Fist letter Should be capital and must contains minimum 3 characters :
Wrong Input : Fist letter Should be capital and must contains minimum 3 characters :
Wrong Input : Fist letter Should be capital and must contains minimum 3 characters :
Wrong Input : Fist letter Should be capital and must contains minimum 3 characters :
Wrong Input : Fist letter Should be capital and must contains minimum 3 characters :
Wrong Input : Fist letter Should be capital and must contains minimum 3 characters :
Wrong Input : Fist letter Should be capital and must contains minimum 3 characters :
Wrong Input : Fist letter Should be capital and must contains minimum 3 characters :
Wrong Input : Fist letter Should be capital and must contains minimum 3 characters :
Wrong Input : Fist letter Should be capital and must contains minimum 3 characters :
Wrong Input : Fist letter Should be capital and must contains minimum 3 characters :
Wrong Input : Fist letter Should be capital and must contains minimum 3 characters :
Wrong Input : Fist letter Should be capital and must contains minimum 3 characters :
Wrong Input : Fist letter Should be capital and must contains minimum 3 characters :
Wrong Input : Fist letter Should be capital and must contains minimum 3 characters :
Wrong Input : Fist letter Should be capital and must contains minimum 3 characters :
Wrong Input : Fist letter Should be capital and must contains minimum 3 characters :
Wrong Input : Fist letter Should be capital and must contains minimum 3 characters :
Wrong Input : Fist letter Should be capital and must contains minimum 3 characters :
Wrong Input : Fist letter Should be capital and must contains minimum 3 characters :
Wrong Input : Fist letter Should be capital and must contains minimum 3 characters :
Wrong Input : Fist letter Should be capital and must contains minimum 3 characters :
Wrong Input : Fist letter Should be capital and must contains minimum 3 characters :
Wrong Input : Fist letter Should be capital and must contains minimum 3 characters :
Wrong Input : Fist letter Should be capital and must contains minimum 3 characters :
Wrong Input : Fist letter Should be capital and must contains minimum 3 characters :
Wrong Input : Fist letter Should be capital and must contains minimum 3 characters :
Wrong Input : Fist letter Should be capital and must contains minimum 3 characters :
Wrong Input : Fist letter Should be capital and must contains minimum 3 characters :
Wrong Input : Fist letter Should be capital and must contains minimum 3 characters :
Wrong Input : Fist letter Should be capital and must contains minimum 3 characters :
Wrong Input : Fist letter Should be capital and must contains minimum 3 characters :
Wrong Input : Fist letter Should be capital and must contains minimum 3 characters :
Wrong Input : Fist letter Should be capital and must contains minimum 3 characters :
Wrong Input : Fist letter Should be capital and must contains minimum 3 characters :
Wrong Input : Fist letter Should be capital and must contains minimum 3 characters :
Wrong Input : Fist letter Should be capital and must contains minimum 3 characters :
Wrong Input : Fist letter Should be capital and must contains minimum 3 characters :
Wrong Input : Fist letter Should be capital and must contains minimum 3 characters :
Wrong Input : Fist letter Should be capital and must contains minimum 3 characters :
Wrong Input : Fist letter Should be capital and must contains minimum 3 characters :
Wrong Input : Fist letter Should be capital and must contains minimum 3 characters :
Wrong Input : Fist letter Should be capital and must contains minimum 3 characters :
Wrong Input : Fist letter Should be capital and must contains minimum 3 characters :
Wrong Input : Fist letter Should be capital and must contains minimum 3 characters :
Wrong Input : Fist letter Should be capital and must contains minimum 3 characters :
Wrong Input : Fist letter Should be capital and must contains minimum 3 characters :
Wrong Input : Fist letter Should be capital and must contains minimum 3 characters :
Wrong Input : Fist letter Should be capital and must contains minimum 3 characters :
Wrong Input : Fist letter Should be capital and must contains minimum 3 characters :
Wrong Input : Fist letter Should be capital and must contains minimum 3 characters :
Wrong Input : Fist letter Should be capital and must contains minimum 3 characters :
Wrong Input : Fist letter Should be capital and must contains minimum 3 characters :
Wrong Input : Fist letter Should be capital and must contains minimum 3 characters :
Wrong Input : Fist letter Should be capital and must contains minimum 3 characters :
Wrong Input : Fist letter Should be capital and must contains minimum 3 characters :
Wrong Input : Fist letter Should be capital and must contains minimum 3 characters :
Wrong Input : Fist letter Should be capital and must contains minimum 3 characters :
Wrong Input : Fist letter Should be capital and must contains minimum 3 characters :
Wrong Input : Fist letter Should be capital and must contains minimum 3 characters :
Wrong Input : Fist letter Should be capital and must contains minimum 3 characters :
Wrong Input : Fist letter Should be capital and must contains minimum 3 characters :
Wrong Input : Fist letter Should be capital and must contains minimum 3 characters :
Wrong Input : Fist letter Should be capital and must contains minimum 3 characters :
Wrong Input : Fist letter Should be capital and must contains minimum 3 characters :
Wrong Input : Fist letter Should be capital and must contains minimum 3 characters :
Wrong Input : Fist letter Should be capital and must contains minimum 3 characters :
Wrong Input : Fist letter Should be capital and must contains minimum 3 characters :
Wrong Input : Fist letter Should be capital and must contains minimum 3 characters :
Wrong Input : Fist letter Should be capital and must contains minimum 3 characters :
Wrong Input : Fist letter Should be capital and must contains minimum 3 characters :
Wrong Input : Fist letter Should be capital and must contains minimum 3 characters :
Wrong Input : Fist letter Should be capital and must contains minimum 3 characters :
Wrong Input : Fist letter Should be capital and must contains minimum 3 characters :
Wrong Input : Fist letter Should be capital and must contains minimum 3 characters :
Wrong Input : Fist letter Should be capital and must contains minimum 3 characters :
Wrong Input : Fist letter Should be capital and must contains minimum 3 characters :
Wrong Input : Fist letter Should be capital and must contains minimum 3 characters :
Wrong Input : Fist letter Should be capital and must contains minimum 3 characters :
Wrong Input : Fist letter Should be capital and must contains minimum 3 characters :
Wrong Input : Fist letter Should be capital and must contains minimum 3 characters :
Wrong Input : Fist letter Should be capital and must contains minimum 3 characters :
Wrong Input : Fist letter Should be capital and must contains minimum 3 characters :
Wrong Input : Fist letter Should be capital and must contains minimum 3 characters :
Wrong Input : Fist letter Should be capital and must contains minimum 3 characters :
Wrong Input : Fist letter Should be capital and must contains minimum 3 characters :
Wrong Input : Fist letter Should be capital and must contains minimum 3 characters :
Wrong Input : Fist letter Should be capital and must contains minimum 3 characters :
Wrong Input : Fist letter Should be capital and must contains minimum 3 characters :
Wrong Input : Fist letter Should be capital and must contains minimum 3 characters :
Wrong Input : Fist letter Should be capital and must contains minimum 3 characters :
Wrong Input : Fist letter Should be capital and must contains minimum 3 characters :
Wrong Input : Fist letter Should be capital and must contains minimum 3 characters :
Wrong Input : Fist letter Should be capital and must contains minimum 3 characters :
Wrong Input : Fist letter Should be capital and must contains minimum 3 characters :
Wrong Input : Fist letter Should be capital and must contains minimum 3 characters :
Wrong Input : Fist letter Should be capital and must contains minimum 3 characters :
Wrong Input : Fist letter Should be capital and must contains minimum 3 characters :
Wrong Input : Fist letter Should be capital and must contains minimum 3 characters :
Wrong Input : Fist letter Should be capital and must contains minimum 3 characters :
Wrong Input : Fist letter Should be capital and must contains minimum 3 characters :
Wrong Input : Fist letter Should be capital and must contains minimum 3 characters :
Wrong Input : Fist letter Should be capital and must contains minimum 3 characters :
Wrong Input : Fist letter Should be capital and must contains minimum 3 characters :
Wrong Input : Fist letter Should be capital and must contains minimum 3 characters :
Wrong Input : Fist letter Should be capital and must contains minimum 3 characters :
Wrong Input : Fist letter Should be capital and must contains minimum 3 characters :
Wrong Input : Fist letter Should be capital and must contains minimum 3 characters :
Wrong Input : Fist letter Should be capital and must contains minimum 3 characters :
Wrong Input : Fist letter Should be capital and must contains minimum 3 characters :
Wrong Input : Fist letter Should be capital and must contains minimum 3 characters :
Wrong Input : Fist letter Should be capital and must contains minimum 3 characters :
Wrong Input : Fist letter Should be capital and must contains minimum 3 characters :
Wrong Input : Fist letter Should be capital and must contains minimum 3 characters :
Wrong Input : Fist letter Should be capital and must contains minimum 3 characters :
Wrong Input : Fist letter Should be capital and must contains minimum 3 characters :
Wrong Input : Fist letter Should be capital and must contains minimum 3 characters :
Wrong Input : Fist letter Should be capital and must contains minimum 3 characters :
Wrong Input : Fist letter Should be capital and must contains minimum 3 characters :
Wrong Input : Fist letter Should be capital and must contains minimum 3 characters :
Wrong Input : Fist letter Should be capital and must contains minimum 3 characters :
Wrong Input : Fist letter Should be capital and must contains minimum 3 characters :
Wrong Input : Fist letter Should be capital and must contains minimum 3 characters :
Wrong Input : Fist letter Should be capital and must contains minimum 3 characters :
Wrong Input : Fist letter Should be capital and must contains minimum 3 characters :
Wrong Input : Fist letter Should be capital and must contains minimum 3 characters :
Wrong Input : Fist letter Should be capital and must contains minimum 3 characters :
Wrong Input : Fist letter Should be capital and must contains minimum 3 characters :
Wrong Input : Fist letter Should be capital and must contains minimum 3 characters :
Wrong Input : Fist letter Should be capital and must contains minimum 3 characters :
Wrong Input : Fist letter Should be capital and must contains minimum 3 characters :
Wrong Input : Fist letter Should be capital and must contains minimum 3 characters :
Wrong Input : Fist letter Should be capital and must contains minimum 3 characters :
Wrong Input : Fist letter Should be capital and must contains minimum 3 characters :
Wrong Input : Fist letter Should be capital and must contains minimum 3 characters :
Wrong Input : Fist letter Should be capital and must contains minimum 3 characters :
Wrong Input : Fist letter Should be capital and must contains minimum 3 characters :
Wrong Input : Fist letter Should be capital and must contains minimum 3 characters :
Wrong Input : Fist letter Should be capital and must contains minimum 3 characters :
Wrong Input : Fist letter Should be capital and must contains minimum 3 characters :
Wrong Input : Fist letter Should be capital and must contains minimum 3 characters :
Wrong Input : Fist letter Should be capital and must contains minimum 3 characters :
Wrong Input : Fist letter Should be capital and must contains minimum 3 characters :
Wrong Input : Fist letter Should be capital and must contains minimum 3 characters :
Wrong Input : Fist letter Should be capital and must contains minimum 3 characters :
Wrong Input : Fist letter Should be capital and must contains minimum 3 characters :
Wrong Input : Fist letter Should be capital and must contains minimum 3 characters :
Wrong Input : Fist letter Should be capital and must contains minimum 3 characters :
Wrong Input : Fist letter Should be capital and must contains minimum 3 characters :
Wrong Input : Fist letter Should be capital and must contains minimum 3 characters :
Wrong Input : Fist letter Should be capital and must contains minimum 3 characters :
Wrong Input : Fist letter Should be capital and must contains minimum 3 characters :
Wrong Input : Fist letter Should be capital and must contains minimum 3 characters :
Wrong Input : Fist letter Should be capital and must contains minimum 3 characters :
Wrong Input : Fist letter Should be capital and must contains minimum 3 characters :
Wrong Input : Fist letter Should be capital and must contains minimum 3 characters :
Wrong Input : Fist letter Should be capital and must contains minimum 3 characters :
Wrong Input : Fist letter Should be capital and must contains minimum 3 characters :
Wrong Input : Fist letter Should be capital and must contains minimum 3 characters :
Wrong Input : Fist letter Should be capital and must contains minimum 3 characters :
Wrong Input : Fist letter Should be capital and must contains minimum 3 characters :
Wrong Input : Fist letter Should be capital and must contains minimum 3 characters :
Wrong Input : Fist letter Should be capital and must contains minimum 3 characters :
Wrong Input : Fist letter Should be capital and must contains minimum 3 characters :
Wrong Input : Fist letter Should be capital and must contains minimum 3 characters :
Wrong Input : Fist letter Should be capital and must contains minimum 3 characters :
Wrong Input : Fist letter Should be capital and must contains minimum 3 characters :
Wrong Input : Fist letter Should be capital and must contains minimum 3 characters :
Wrong Input : Fist letter Should be capital and must contains minimum 3 characters :
Wrong Input : Fist letter Should be capital and must contains minimum 3 characters :
Wrong Input : Fist letter Should be capital and must contains minimum 3 characters :
Wrong Input : Fist letter Should be capital and must contains minimum 3 characters :
Wrong Input : Fist letter Should be capital and must contains minimum 3 characters :
Wrong Input : Fist letter Should be capital and must contains minimum 3 characters :
Wrong Input : Fist letter Should be capital and must contains minimum 3 characters :
Wrong Input : Fist letter Should be capital and must contains minimum 3 characters :
Wrong Input : Fist letter Should be capital and must contains minimum 3 characters :
Wrong Input : Fist letter Should be capital and must contains minimum 3 characters :
Wrong Input : Fist letter Should be capital and must contains minimum 3 characters :
Wrong Input : Fist letter Should be capital and must contains minimum 3 characters :
Wrong Input : Fist letter Should be capital and must contains minimum 3 characters :
Wrong Input : Fist letter Should be capital and must contains minimum 3 characters :
Wrong Input : Fist letter Should be capital and must contains minimum 3 characters :
Wrong Input : Fist letter Should be capital and must contains minimum 3 characters :
Wrong Input : Fist letter Should be capital and must contains minimum 3 characters :
Wrong Input : Fist letter Should be capital and must contains minimum 3 characters :
Wrong Input : Fist letter Should be capital and must contains minimum 3 characters :
Wrong Input : Fist letter Should be capital and must contains minimum 3 characters :
Wrong Input : Fist letter Should be capital and must contains minimum 3 characters :
Wrong Input : Fist letter Should be capital and must contains minimum 3 characters :
Wrong Input : Fist letter Should be capital and must contains minimum 3 characters :
Wrong Input : Fist letter Should be capital and must contains minimum 3 characters :
Wrong Input : Fist letter Should be capital and must contains minimum 3 characters :
Wrong Input : Fist letter Should be capital and must contains minimum 3 characters :
Wrong Input : Fist letter Should be capital and must contains minimum 3 characters :
Wrong Input : Fist letter Should be capital and must contains minimum 3 characters :
Wrong Input : Fist letter Should be capital and must contains minimum 3 characters :
Wrong Input : Fist letter Should be capital and must contains minimum 3 characters :
Wrong Input : Fist letter Should be capital and must contains minimum 3 characters :
Wrong Input : Fist letter Should be capital and must contains minimum 3 characters :
Wrong Input : Fist letter Should be capital and must contains minimum 3 characters :
Wrong Input : Fist letter Should be capital and must contains minimum 3 characters :
Wrong Input : Fist letter Should be capital and must contains minimum 3 characters :
Wrong Input : Fist letter Should be capital and must contains minimum 3 characters :
Wrong Input : Fist letter Should be capital and must contains minimum 3 characters :
Wrong Input : Fist letter Should be capital and must contains minimum 3 characters :
Wrong Input : Fist letter Should be capital and must contains minimum 3 characters :
Wrong Input : Fist letter Should be capital and must contains minimum 3 characters :
Wrong Input : Fist letter Should be capital and must contains minimum 3 characters :
Wrong Input : Fist letter Should be capital and must contains minimum 3 characters :
Wrong Input : Fist letter Should be capital and must contains minimum 3 characters :
Wrong Input : Fist letter Should be capital and must contains minimum 3 characters :
Wrong Input : Fist letter Should be capital and must contains minimum 3 characters :
Wrong Input : Fist letter Should be capital and must contains minimum 3 characters :
Wrong Input : Fist letter Should be capital and must contains minimum 3 characters :
Wrong Input : Fist letter Should be capital and must contains minimum 3 characters :
Wrong Input : Fist letter Should be capital and must contains minimum 3 characters :
Wrong Input : Fist letter Should be capital and must contains minimum 3 characters :
Wrong Input : Fist letter Should be capital and must contains minimum 3 characters :
Wrong Input : Fist letter Should be capital and must contains minimum 3 characters :
Wrong Input : Fist letter Should be capital and must contains minimum 3 characters :
Wrong Input : Fist letter Should be capital and must contains minimum 3 characters :
Wrong Input : Fist letter Should be capital and must contains minimum 3 characters :
Wrong Input : Fist letter Should be capital and must contains minimum 3 characters :
Wrong Input : Fist letter Should be capital and must contains minimum 3 characters :
Wrong Input : Fist letter Should be capital and must contains minimum 3 characters :
Wrong Input : Fist letter Should be capital and must contains minimum 3 characters :
Wrong Input : Fist letter Should be capital and must contains minimum 3 characters :
Wrong Input : Fist letter Should be capital and must contains minimum 3 characters :
Wrong Input : Fist letter Should be capital and must contains minimum 3 characters :
Wrong Input : Fist letter Should be capital and must contains minimum 3 characters :
Wrong Input : Fist letter Should be capital and must contains minimum 3 characters :
Wrong Input : Fist letter Should be capital and must contains minimum 3 characters :
Wrong Input : Fist letter Should be capital and must contains minimum 3 characters :
Wrong Input : Fist letter Should be capital and must contains minimum 3 characters :
Wrong Input : Fist letter Should be capital and must contains minimum 3 characters :
Wrong Input : Fist letter Should be capital and must contains minimum 3 characters :
Wrong Input : Fist letter Should be capital and must contains minimum 3 characters :
Wrong Input : Fist letter Should be capital and must contains minimum 3 characters :
Wrong Input : Fist letter Should be capital and must contains minimum 3 characters :
Wrong Input : Fist letter Should be capital and must contains minimum 3 characters :
Wrong Input : Fist letter Should be capital and must contains minimum 3 characters :
Wrong Input : Fist letter Should be capital and must contains minimum 3 characters :
Wrong Input : Fist letter Should be capital and must contains minimum 3 characters :
Wrong Input : Fist letter Should be capital and must contains minimum 3 characters :
Wrong Input : Fist letter Should be capital and must contains minimum 3 characters :
Wrong Input : Fist letter Should be capital and must contains minimum 3 characters :
Wrong Input : Fist letter Should be capital and must contains minimum 3 characters :
Wrong Input : Fist letter Should be capital and must contains minimum 3 characters :
Wrong Input : Fist letter Should be capital and must contains minimum 3 characters :
Wrong Input : Fist letter Should be capital and must contains minimum 3 characters :
Wrong Input : Fist letter Should be capital and must contains minimum 3 characters :
Wrong Input : Fist letter Should be capital and must contains minimum 3 characters :
Wrong Input : Fist letter Should be capital and must contains minimum 3 characters :
Wrong Input : Fist letter Should be capital and must contains minimum 3 characters :
Wrong Input : Fist letter Should be capital and must contains minimum 3 characters :
Wrong Input : Fist letter Should be capital and must contains minimum 3 characters :
Wrong Input : Fist letter Should be capital and must contains minimum 3 characters :
Wrong Input : Fist letter Should be capital and must contains minimum 3 characters :
Wrong Input : Fist letter Should be capital and must contains minimum 3 characters :
Wrong Input : Fist letter Should be capital and must contains minimum 3 characters :
Wrong Input : Fist letter Should be capital and must contains minimum 3 characters :
Wrong Input : Fist letter Should be capital and must contains minimum 3 characters :
Wrong Input : Fist letter Should be capital and must contains minimum 3 characters :
Wrong Input : Fist letter Should be capital and must contains minimum 3 characters :
Wrong Input : Fist letter Should be capital and must contains minimum 3 characters :
Wrong Input : Fist letter Should be capital and must contains minimum 3 characters :
Wrong Input : Fist letter Should be capital and must contains minimum 3 characters :
Wrong Input : Fist letter Should be capital and must contains minimum 3 characters :
Wrong Input : Fist letter Should be capital and must contains minimum 3 characters :
Wrong Input : Fist letter Should be capital and must contains minimum 3 characters :
Wrong Input : Fist letter Should be capital and must contains minimum 3 characters :
Wrong Input : Fist letter Should be capital and must contains minimum 3 characters :
Wrong Input : Fist letter Should be capital and must contains minimum 3 characters :
Wrong Input : Fist letter Should be capital and must contains minimum 3 characters :
Wrong Input : Fist letter Should be capital and must contains minimum 3 characters :
Wrong Input : Fist letter Should be capital and must contains minimum 3 characters :
Wrong Input : Fist letter Should be capital and must contains minimum 3 characters :
Wrong Input : Fist letter Should be capital and must contains minimum 3 characters :
Wrong Input : Fist letter Should be capital and must contains minimum 3 characters :
Wrong Input : Fist letter Should be capital and must contains minimum 3 characters :
Wrong Input : Fist letter Should be capital and must contains minimum 3 characters :
Wrong Input : Fist letter Should be capital and must contains minimum 3 characters :
Wrong Input : Fist letter Should be capital and must contains minimum 3 characters :
Wrong Input : Fist letter Should be capital and must contains minimum 3 characters :
Wrong Input : Fist letter Should be capital and must contains minimum 3 characters :
Wrong Input : Fist letter Should be capital and must contains minimum 3 characters :
Wrong Input : Fist letter Should be capital and must contains minimum 3 characters :
Wrong Input : Fist letter Should be capital and must contains minimum 3 characters :
Wrong Input : Fist letter Should be capital and must contains minimum 3 characters :
Wrong Input : Fist letter Should be capital and must contains minimum 3 characters :
Wrong Input : Fist letter Should be capital and must contains minimum 3 characters :
Wrong Input : Fist letter Should be capital and must contains minimum 3 characters :
Wrong Input : Fist letter Should be capital and must contains minimum 3 characters :
Wrong Input : Fist letter Should be capital and must contains minimum 3 characters :
Wrong Input : Fist letter Should be capital and must contains minimum 3 characters :
Wrong Input : Fist letter Should be capital and must contains minimum 3 characters :
Wrong Input : Fist letter Should be capital and must contains minimum 3 characters :
Wrong Input : Fist letter Should be capital and must contains minimum 3 characters :
Wrong Input : Fist letter Should be capital and must contains minimum 3 characters :
Wrong Input : Fist letter Should be capital and must contains minimum 3 characters :
Wrong Input : Fist letter Should be capital and must contains minimum 3 characters :
Wrong Input : Fist letter Should be capital and must contains minimum 3 characters :
Wrong Input : Fist letter Should be capital and must contains minimum 3 characters :
Wrong Input : Fist letter Should be capital and must contains minimum 3 characters :
Wrong Input : Fist letter Should be capital and must contains minimum 3 characters :
Wrong Input : Fist letter Should be capital and must contains minimum 3 characters :
Wrong Input : Fist letter Should be capital and must contains minimum 3 characters :
Wrong Input : Fist letter Should be capital and must contains minimum 3 characters :
Wrong Input : Fist letter Should be capital and must contains minimum 3 characters :
Wrong Input : Fist letter Should be capital and must contains minimum 3 characters :
Wrong Input : Fist letter Should be capital and must contains minimum 3 characters :
Wrong Input : Fist letter Should be capital and must contains minimum 3 characters :
Wrong Input : Fist letter Should be capital and must contains minimum 3 characters :
Wrong Input : Fist letter Should be capital and must contains minimum 3 characters :
Wrong Input : Fist letter Should be capital and must contains minimum 3 characters :
Wrong Input : Fist letter Should be capital and must contains minimum 3 characters :
Wrong Input : Fist letter Should be capital and must contains minimum 3 characters :
Wrong Input : Fist letter Should be capital and must contains minimum 3 characters :
Wrong Input : Fist letter Should be capital and must contains minimum 3 characters :
Wrong Input : Fist letter Should be capital and must contains minimum 3 characters :
Wrong Input : Fist letter Should be capital and must contains minimum 3 characters :
Wrong Input : Fist letter Should be capital and must contains minimum 3 characters :
Wrong Input : Fist letter Should be capital and must contains minimum 3 characters :
Wrong Input : Fist letter Should be capital and must contains minimum 3 characters :
Wrong Input : Fist letter Should be capital and must contains minimum 3 characters :
Wrong Input : Fist letter Should be capital and must contains minimum 3 characters :
Wrong Input : Fist letter Should be capital and must contains minimum 3 characters :
Wrong Input : Fist letter Should be capital and must contains minimum 3 characters :
Wrong Input : Fist letter Should be capital and must contains minimum 3 characters :
Wrong Input : Fist letter Should be capital and must contains minimum 3 characters :
Wrong Input : Fist letter Should be capital and must contains minimum 3 characters :
Wrong Input : Fist letter Should be capital and must contains minimum 3 characters :
Wrong Input : Fist letter Should be capital and must contains minimum 3 characters :
Wrong Input : Fist letter Should be capital and must contains minimum 3 characters :
Wrong Input : Fist letter Should be capital and must contains minimum 3 characters :
Wrong Input : Fist letter Should be capital and must contains minimum 3 characters :
Wrong Input : Fist letter Should be capital and must contains minimum 3 characters :
Wrong Input : Fist letter Should be capital and must contains minimum 3 characters :
Wrong Input : Fist letter Should be capital and must contains minimum 3 characters :
Wrong Input : Fist letter Should be capital and must contains minimum 3 characters :
Wrong Input : Fist letter Should be capital and must contains minimum 3 characters :
Wrong Input : Fist letter Should be capital and must contains minimum 3 characters :
Wrong Input : Fist letter Should be capital and must contains minimum 3 characters :
Wrong Input : Fist letter Should be capital and must contains minimum 3 characters :
Wrong Input : Fist letter Should be capital and must contains minimum 3 characters :
Wrong Input : Fist letter Should be capital and must contains minimum 3 characters :
Wrong Input : Fist letter Should be capital and must contains minimum 3 characters :
Wrong Input : Fist letter Should be capital and must contains minimum 3 characters :
Wrong Input : Fist letter Should be capital and must contains minimum 3 characters :
Wrong Input : Fist letter Should be capital and must contains minimum 3 characters :
Wrong Input : Fist letter Should be capital and must contains minimum 3 characters :
Wrong Input : Fist letter Should be capital and must contains minimum 3 characters :
Wrong Input : Fist letter Should be capital and must contains minimum 3 characters :
Wrong Input : Fist letter Should be capital and must contains minimum 3 characters :
Wrong Input : Fist letter Should be capital and must contains minimum 3 characters :
Wrong Input : Fist letter Should be capital and must contains minimum 3 characters :
Wrong Input : Fist letter Should be capital and must contains minimum 3 characters :
Wrong Input : Fist letter Should be capital and must contains minimum 3 characters :
Wrong Input : Fist letter Should be capital and must contains minimum 3 characters :
Wrong Input : Fist letter Should be capital and must contains minimum 3 characters :
Wrong Input : Fist letter Should be capital and must contains minimum 3 characters :
Wrong Input : Fist letter Should be capital and must contains minimum 3 characters :
Wrong Input : Fist letter Should be capital and must contains minimum 3 characters :
Wrong Input : Fist letter Should be capital and must contains minimum 3 characters :
Wrong Input : Fist letter Should be capital and must contains minimum 3 characters :
Wrong Input : Fist letter Should be capital and must contains minimum 3 characters :
Wrong Input : Fist letter Should be capital and must contains minimum 3 characters :
Wrong Input : Fist letter Should be capital and must contains minimum 3 characters :
Wrong Input : Fist letter Should be capital and must contains minimum 3 characters :
Wrong Input : Fist letter Should be capital and must contains minimum 3 characters :
Wrong Input : Fist letter Should be capital and must contains minimum 3 characters :
Wrong Input : Fist letter Should be capital and must contains minimum 3 characters :
Wrong Input : Fist letter Should be capital and must contains minimum 3 characters :
Wrong Input : Fist letter Should be capital and must contains minimum 3 characters :
Wrong Input : Fist letter Should be capital and must contains minimum 3 characters :
Wrong Input : Fist letter Should be capital and must contains minimum 3 characters :
Wrong Input : Fist letter Should be capital and must contains minimum 3 characters :
Wrong Input : Fist letter Should be capital and must contains minimum 3 characters :
Wrong Input : Fist letter Should be capital and must contains minimum 3 characters :
Wrong Input : Fist letter Should be capital and must contains minimum 3 characters :
Wrong Input : Fist letter Should be capital and must contains minimum 3 characters :
Wrong Input : Fist letter Should be capital and must contains minimum 3 characters :
Wrong Input : Fist letter Should be capital and must contains minimum 3 characters :
Wrong Input : Fist letter Should be capital and must contains minimum 3 characters :
Wrong Input : Fist letter Should be capital and must contains minimum 3 characters :
Wrong Input : Fist letter Should be capital and must contains minimum 3 characters :
Wrong Input : Fist letter Should be capital and must contains minimum 3 characters :
Wrong Input : Fist letter Should be capital and must contains minimum 3 characters :
Wrong Input : Fist letter Should be capital and must contains minimum 3 characters :
Wrong Input : Fist letter Should be capital and must contains minimum 3 characters :
Wrong Input : Fist letter Should be capital and must contains minimum 3 characters :
Wrong Input : Fist letter Should be capital and must contains minimum 3 characters :
Wrong Input : Fist letter Should be capital and must contains minimum 3 characters :
Wrong Input : Fist letter Should be capital and must contains minimum 3 characters :
Wrong Input : Fist letter Should be capital and must contains minimum 3 characters :
Wrong Input : Fist letter Should be capital and must contains minimum 3 characters :
Wrong Input : Fist letter Should be capital and must contains minimum 3 characters :
Wrong Input : Fist letter Should be capital and must contains minimum 3 characters :
Wrong Input : Fist letter Should be capital and must contains minimum 3 characters :
Wrong Input : Fist letter Should be capital and must contains minimum 3 characters :
Wrong Input : Fist letter Should be capital and must contains minimum 3 characters :
Wrong Input : Fist letter Should be capital and must contains minimum 3 characters :
Wrong Input : Fist letter Should be capital and must contains minimum 3 characters :
Wrong Input : Fist letter Should be capital and must contains minimum 3 characters :
Wrong Input : Fist letter Should be capital and must contains minimum 3 characters :
Wrong Input : Fist letter Should be capital and must contains minimum 3 characters :
Wrong Input : Fist letter Should be capital and must contains minimum 3 characters :
Wrong Input : Fist letter Should be capital and must contains minimum 3 characters :
Wrong Input : Fist letter Should be capital and must contains minimum 3 characters :
Wrong Input : Fist letter Should be capital and must contains minimum 3 characters :
Wrong Input : Fist letter Should be capital and must contains minimum 3 characters :
Wrong Input : Fist letter Should be capital and must contains minimum 3 characters :
Wrong Input : Fist letter Should be capital and must contains minimum 3 characters :
Wrong Input : Fist letter Should be capital and must contains minimum 3 characters :
Wrong Input : Fist letter Should be capital and must contains minimum 3 characters :
Wrong Input : Fist letter Should be capital and must contains minimum 3 characters :
Wrong Input : Fist letter Should be capital and must contains minimum 3 characters :
Wrong Input : Fist letter Should be capital and must contains minimum 3 characters :
Wrong Input : Fist letter Should be capital and must contains minimum 3 characters :
Wrong Input : Fist letter Should be capital and must contains minimum 3 characters :
Wrong Input : Fist letter Should be capital and must contains minimum 3 characters :
Wrong Input : Fist letter Should be capital and must contains minimum 3 characters :
Wrong Input : Fist letter Should be capital and must contains minimum 3 characters :
Wrong Input : Fist letter Should be capital and must contains minimum 3 characters :
Wrong Input : Fist letter Should be capital and must contains minimum 3 characters :
Wrong Input : Fist letter Should be capital and must contains minimum 3 characters :
Wrong Input : Fist letter Should be capital and must contains minimum 3 characters :
Wrong Input : Fist letter Should be capital and must contains minimum 3 characters :
Wrong Input : Fist letter Should be capital and must contains minimum 3 characters :
Wrong Input : Fist letter Should be capital and must contains minimum 3 characters :
Wrong Input : Fist letter Should be capital and must contains minimum 3 characters :
Wrong Input : Fist letter Should be capital and must contains minimum 3 characters :
Wrong Input : Fist letter Should be capital and must contains minimum 3 characters :
Wrong Input : Fist letter Should be capital and must contains minimum 3 characters :
Wrong Input : Fist letter Should be capital and must contains minimum 3 characters :
Wrong Input : Fist letter Should be capital and must contains minimum 3 characters :
Wrong Input : Fist letter Should be capital and must contains minimum 3 characters :
Wrong Input : Fist letter Should be capital and must contains minimum 3 characters :
Wrong Input : Fist letter Should be capital and must contains minimum 3 characters :
Wrong Input : Fist letter Should be capital and must contains minimum 3 characters :
Wrong Input : Fist letter Should be capital and must contains minimum 3 characters :
Wrong Input : Fist letter Should be capital and must contains minimum 3 characters :
Wrong Input : Fist letter Should be capital and must contains minimum 3 characters :
Wrong Input : Fist letter Should be capital and must contains minimum 3 characters :
Wrong Input : Fist letter Should be capital and must contains minimum 3 characters :
Wrong Input : Fist letter Should be capital and must contains minimum 3 characters :
Wrong Input : Fist letter Should be capital and must contains minimum 3 characters :
Wrong Input : Fist letter Should be capital and must contains minimum 3 characters :
Wrong Input : Fist letter Should be capital and must contains minimum 3 characters :
Wrong Input : Fist letter Should be capital and must contains minimum 3 characters :
Wrong Input : Fist letter Should be capital and must contains minimum 3 characters :
Wrong Input : Fist letter Should be capital and must contains minimum 3 characters :
Wrong Input : Fist letter Should be capital and must contains minimum 3 characters :
Wrong Input : Fist letter Should be capital and must contains minimum 3 characters :
Wrong Input : Fist letter Should be capital and must contains minimum 3 characters :
Wrong Input : Fist letter Should be capital and must contains minimum 3 characters :
Wrong Input : Fist letter Should be capital and must contains minimum 3 characters :
Wrong Input : Fist letter Should be capital and must contains minimum 3 characters :
Wrong Input : Fist letter Should be capital and must contains minimum 3 characters :
Wrong Input : Fist letter Should be capital and must contains minimum 3 characters :
Wrong Input : Fist letter Should be capital and must contains minimum 3 characters :
Wrong Input : Fist letter Should be capital and must contains minimum 3 characters :
Wrong Input : Fist letter Should be capital and must contains minimum 3 characters :
Wrong Input : Fist letter Should be capital and must contains minimum 3 characters :
Wrong Input : Fist letter Should be capital and must contains minimum 3 characters :
Wrong Input : Fist letter Should be capital and must contains minimum 3 characters :
Wrong Input : Fist letter Should be capital and must contains minimum 3 characters :
Wrong Input : Fist letter Should be capital and must contains minimum 3 characters :
Wrong Input : Fist letter Should be capital and must contains minimum 3 characters :
Wrong Input : Fist letter Should be capital and must contains minimum 3 characters :
Wrong Input : Fist letter Should be capital and must contains minimum 3 characters :
Wrong Input : Fist letter Should be capital and must contains minimum 3 characters :
Wrong Input : Fist letter Should be capital and must contains minimum 3 characters :
Wrong Input : Fist letter Should be capital and must contains minimum 3 characters :
Wrong Input : Fist letter Should be capital and must contains minimum 3 characters :
Wrong Input : Fist letter Should be capital and must contains minimum 3 characters :
Wrong Input : Fist letter Should be capital and must contains minimum 3 characters :
Wrong Input : Fist letter Should be capital and must contains minimum 3 characters :
Wrong Input : Fist letter Should be capital and must contains minimum 3 characters :
Wrong Input : Fist letter Should be capital and must contains minimum 3 characters :
Wrong Input : Fist letter Should be capital and must contains minimum 3 characters :
Wrong Input : Fist letter Should be capital and must contains minimum 3 characters :
Wrong Input : Fist letter Should be capital and must contains minimum 3 characters :
Wrong Input : Fist letter Should be capital and must contains minimum 3 characters :
Wrong Input : Fist letter Should be capital and must contains minimum 3 characters :
Wrong Input : Fist letter Should be capital and must contains minimum 3 characters :
Wrong Input : Fist letter Should be capital and must contains minimum 3 characters :
Wrong Input : Fist letter Should be capital and must contains minimum 3 characters :
Wrong Input : Fist letter Should be capital and must contains minimum 3 characters :
Wrong Input : Fist letter Should be capital and must contains minimum 3 characters :
Wrong Input : Fist letter Should be capital and must contains minimum 3 characters :
Wrong Input : Fist letter Should be capital and must contains minimum 3 characters :
Wrong Input : Fist letter Should be capital and must contains minimum 3 characters :
Wrong Input : Fist letter Should be capital and must contains minimum 3 characters :
Wrong Input : Fist letter Should be capital and must contains minimum 3 characters :
Wrong Input : Fist letter Should be capital and must contains minimum 3 characters :
Wrong Input : Fist letter Should be capital and must contains minimum 3 characters :
Wrong Input : Fist letter Should be capital and must contains minimum 3 characters :
Wrong Input : Fist letter Should be capital and must contains minimum 3 characters :
Wrong Input : Fist letter Should be capital and must contains minimum 3 characters :
Wrong Input : Fist letter Should be capital and must contains minimum 3 characters :
Wrong Input : Fist letter Should be capital and must contains minimum 3 characters :
Wrong Input : Fist letter Should be capital and must contains minimum 3 characters :
Wrong Input : Fist letter Should be capital and must contains minimum 3 characters :
Wrong Input : Fist letter Should be capital and must contains minimum 3 characters :
Wrong Input : Fist letter Should be capital and must contains minimum 3 characters :
Wrong Input : Fist letter Should be capital and must contains minimum 3 characters :
Wrong Input : Fist letter Should be capital and must contains minimum 3 characters :
Wrong Input : Fist letter Should be capital and must contains minimum 3 characters :
Wrong Input : Fist letter Should be capital and must contains minimum 3 characters :
Wrong Input : Fist letter Should be capital and must contains minimum 3 characters :
Wrong Input : Fist letter Should be capital and must contains minimum 3 characters :
Wrong Input : Fist letter Should be capital and must contains minimum 3 characters :
Wrong Input : Fist letter Should be capital and must contains minimum 3 characters :
Wrong Input : Fist letter Should be capital and must contains minimum 3 characters :
Wrong Input : Fist letter Should be capital and must contains minimum 3 characters :
Wrong Input : Fist letter Should be capital and must contains minimum 3 characters :
Wrong Input : Fist letter Should be capital and must contains minimum 3 characters :
Wrong Input : Fist letter Should be capital and must contains minimum 3 characters :
Wrong Input : Fist letter Should be capital and must contains minimum 3 characters :
Wrong Input : Fist letter Should be capital and must contains minimum 3 characters :
Wrong Input : Fist letter Should be capital and must contains minimum 3 characters :
Wrong Input : Fist letter Should be capital and must contains minimum 3 characters :
Wrong Input : Fist letter Should be capital and must contains minimum 3 characters :
Wrong Input : Fist letter Should be capital and must contains minimum 3 characters :
Wrong Input : Fist letter Should be capital and must contains minimum 3 characters :
Wrong Input : Fist letter Should be capital and must contains minimum 3 characters :
Wrong Input : Fist letter Should be capital and must contains minimum 3 characters :
Wrong Input : Fist letter Should be capital and must contains minimum 3 characters :
Wrong Input : Fist letter Should be capital and must contains minimum 3 characters :
Wrong Input : Fist letter Should be capital and must contains minimum 3 characters :
Wrong Input : Fist letter Should be capital and must contains minimum 3 characters :
Wrong Input : Fist letter Should be capital and must contains minimum 3 characters :
Wrong Input : Fist letter Should be capital and must contains minimum 3 characters :
Wrong Input : Fist letter Should be capital and must contains minimum 3 characters :
Wrong Input : Fist letter Should be capital and must contains minimum 3 characters :
Wrong Input : Fist letter Should be capital and must contains minimum 3 characters :
Wrong Input : Fist letter Should be capital and must contains minimum 3 characters :
Wrong Input : Fist letter Should be capital and must contains minimum 3 characters :
Wrong Input : Fist letter Should be capital and must contains minimum 3 characters :
Wrong Input : Fist letter Should be capital and must contains minimum 3 characters :
Wrong Input : Fist letter Should be capital and must contains minimum 3 characters :
Wrong Input : Fist letter Should be capital and must contains minimum 3 characters :
Wrong Input : Fist letter Should be capital and must contains minimum 3 characters :
Wrong Input : Fist letter Should be capital and must contains minimum 3 characters :
Wrong Input : Fist letter Should be capital and must contains minimum 3 characters :
Wrong Input : Fist letter Should be capital and must contains minimum 3 characters :
Wrong Input : Fist letter Should be capital and must contains minimum 3 characters :
Wrong Input : Fist letter Should be capital and must contains minimum 3 characters :
Wrong Input : Fist letter Should be capital and must contains minimum 3 characters :
Wrong Input : Fist letter Should be capital and must contains minimum 3 characters :
Wrong Input : Fist letter Should be capital and must contains minimum 3 characters :
Wrong Input : Fist letter Should be capital and must contains minimum 3 characters :
Wrong Input : Fist letter Should be capital and must contains minimum 3 characters :
Wrong Input : Fist letter Should be capital and must contains minimum 3 characters :
Wrong Input : Fist letter Should be capital and must contains minimum 3 characters :
Wrong Input : Fist letter Should be capital and must contains minimum 3 characters :
Wrong Input : Fist letter Should be capital and must contains minimum 3 characters :
Wrong Input : Fist letter Should be capital and must contains minimum 3 characters :
Wrong Input : Fist letter Should be capital and must contains minimum 3 characters :
Wrong Input : Fist letter Should be capital and must contains minimum 3 characters :
Wrong Input : Fist letter Should be capital and must contains minimum 3 characters :
Wrong Input : Fist letter Should be capital and must contains minimum 3 characters :
Wrong Input : Fist letter Should be capital and must contains minimum 3 characters :
Wrong Input : Fist letter Should be capital and must contains minimum 3 characters :
Wrong Input : Fist letter Should be capital and must contains minimum 3 characters :
Wrong Input : Fist letter Should be capital and must contains minimum 3 characters :
Wrong Input : Fist letter Should be capital and must contains minimum 3 characters :
Wrong Input : Fist letter Should be capital and must contains minimum 3 characters :
Wrong Input : Fist letter Should be capital and must contains minimum 3 characters :
Wrong Input : Fist letter Should be capital and must contains minimum 3 characters :
Wrong Input : Fist letter Should be capital and must contains minimum 3 characters :
Wrong Input : Fist letter Should be capital and must contains minimum 3 characters :
Wrong Input : Fist letter Should be capital and must contains minimum 3 characters :
Wrong Input : Fist letter Should be capital and must contains minimum 3 characters :
Wrong Input : Fist letter Should be capital and must contains minimum 3 characters :
Wrong Input : Fist letter Should be capital and must contains minimum 3 characters :
Wrong Input : Fist letter Should be capital and must contains minimum 3 characters :
Wrong Input : Fist letter Should be capital and must contains minimum 3 characters :
Wrong Input : Fist letter Should be capital and must contains minimum 3 characters :
Wrong Input : Fist letter Should be capital and must contains minimum 3 characters :
Wrong Input : Fist letter Should be capital and must contains minimum 3 characters :
Wrong Input : Fist letter Should be capital and must contains minimum 3 characters :
Wrong Input : Fist letter Should be capital and must contains minimum 3 characters :
Wrong Input : Fist letter Should be capital and must contains minimum 3 characters :
Wrong Input : Fist letter Should be capital and must contains minimum 3 characters :
Wrong Input : Fist letter Should be capital and must contains minimum 3 characters :
Wrong Input : Fist letter Should be capital and must contains minimum 3 characters :
Wrong Input : Fist letter Should be capital and must contains minimum 3 characters :
Wrong Input : Fist letter Should be capital and must contains minimum 3 characters :
Wrong Input : Fist letter Should be capital and must contains minimum 3 characters :
Wrong Input : Fist letter Should be capital and must contains minimum 3 characters :
Wrong Input : Fist letter Should be capital and must contains minimum 3 characters :
Wrong Input : Fist letter Should be capital and must contains minimum 3 characters :
Wrong Input : Fist letter Should be capital and must contains minimum 3 characters :
Wrong Input : Fist letter Should be capital and must contains minimum 3 characters :
Wrong Input : Fist letter Should be capital and must contains minimum 3 characters :
Wrong Input : Fist letter Should be capital and must contains minimum 3 characters :
Wrong Input : Fist letter Should be capital and must contains minimum 3 characters :
Wrong Input : Fist letter Should be capital and must contains minimum 3 characters :
Wrong Input : Fist letter Should be capital and must contains minimum 3 characters :
Wrong Input : Fist letter Should be capital and must contains minimum 3 characters :
Wrong Input : Fist letter Should be capital and must contains minimum 3 characters :
Wrong Input : Fist letter Should be capital and must contains minimum 3 characters :
Wrong Input : Fist letter Should be capital and must contains minimum 3 characters :
Wrong Input : Fist letter Should be capital and must contains minimum 3 characters :
Wrong Input : Fist letter Should be capital and must contains minimum 3 characters :
Wrong Input : Fist letter Should be capital and must contains minimum 3 characters :
Wrong Input : Fist letter Should be capital and must contains minimum 3 characters :
Wrong Input : Fist letter Should be capital and must contains minimum 3 characters :
Wrong Input : Fist letter Should be capital and must contains minimum 3 characters :
Wrong Input : Fist letter Should be capital and must contains minimum 3 characters :
Wrong Input : Fist letter Should be capital and must contains minimum 3 characters :
Wrong Input : Fist letter Should be capital and must contains minimum 3 characters :
Wrong Input : Fist letter Should be capital and must contains minimum 3 characters :
Wrong Input : Fist letter Should be capital and must contains minimum 3 characters :
Wrong Input : Fist letter Should be capital and must contains minimum 3 characters :
Wrong Input : Fist letter Should be capital and must contains minimum 3 characters :
Wrong Input : Fist letter Should be capital and must contains minimum 3 characters :
Wrong Input : Fist letter Should be capital and must contains minimum 3 characters :
Wrong Input : Fist letter Should be capital and must contains minimum 3 characters :
Wrong Input : Fist letter Should be capital and must contains minimum 3 characters :
Wrong Input : Fist letter Should be capital and must contains minimum 3 characters :
Wrong Input : Fist letter Should be capital and must contains minimum 3 characters :
Wrong Input : Fist letter Should be capital and must contains minimum 3 characters :
Wrong Input : Fist letter Should be capital and must contains minimum 3 characters :
Wrong Input : Fist letter Should be capital and must contains minimum 3 characters :
Wrong Input : Fist letter Should be capital and must contains minimum 3 characters :
Wrong Input : Fist letter Should be capital and must contains minimum 3 characters :
Wrong Input : Fist letter Should be capital and must contains minimum 3 characters :
Wrong Input : Fist letter Should be capital and must contains minimum 3 characters :
Wrong Input : Fist letter Should be capital and must contains minimum 3 characters :
Wrong Input : Fist letter Should be capital and must contains minimum 3 characters :
Wrong Input : Fist letter Should be capital and must contains minimum 3 characters :
Wrong Input : Fist letter Should be capital and must contains minimum 3 characters :
Wrong Input : Fist letter Should be capital and must contains minimum 3 characters :
Wrong Input : Fist letter Should be capital and must contains minimum 3 characters :
Wrong Input : Fist letter Should be capital and must contains minimum 3 characters :
Wrong Input : Fist letter Should be capital and must contains minimum 3 characters :
Wrong Input : Fist letter Should be capital and must contains minimum 3 characters :
Wrong Input : Fist letter Should be capital and must contains minimum 3 characters :
Wrong Input : Fist letter Should be capital and must contains minimum 3 characters :
Wrong Input : Fist letter Should be capital and must contains minimum 3 characters :
Wrong Input : Fist letter Should be capital and must contains minimum 3 characters :
Wrong Input : Fist letter Should be capital and must contains minimum 3 characters :
Wrong Input : Fist letter Should be capital and must contains minimum 3 characters :
Wrong Input : Fist letter Should be capital and must contains minimum 3 characters :
Wrong Input : Fist letter Should be capital and must contains minimum 3 characters :
Wrong Input : Fist letter Should be capital and must contains minimum 3 characters :
Wrong Input : Fist letter Should be capital and must contains minimum 3 characters :
Wrong Input : Fist letter Should be capital and must contains minimum 3 characters :
Wrong Input : Fist letter Should be capital and must contains minimum 3 characters :
Wrong Input : Fist letter Should be capital and must contains minimum 3 characters :
Wrong Input : Fist letter Should be capital and must contains minimum 3 characters :
Wrong Input : Fist letter Should be capital and must contains minimum 3 characters :
Wrong Input : Fist letter Should be capital and must contains minimum 3 characters :
Wrong Input : Fist letter Should be capital and must contains minimum 3 characters :
Wrong Input : Fist letter Should be capital and must contains minimum 3 characters :
Wrong Input : Fist letter Should be capital and must contains minimum 3 characters :
Wrong Input : Fist letter Should be capital and must contains minimum 3 characters :
Wrong Input : Fist letter Should be capital and must contains minimum 3 characters :
Wrong Input : Fist letter Should be capital and must contains minimum 3 characters :
Wrong Input : Fist letter Should be capital and must contains minimum 3 characters :
Wrong Input : Fist letter Should be capital and must contains minimum 3 characters :
Wrong Input : Fist letter Should be capital and must contains minimum 3 characters :
Wrong Input : Fist letter Should be capital and must contains minimum 3 characters :
Wrong Input : Fist letter Should be capital and must contains minimum 3 characters :
Wrong Input : Fist letter Should be capital and must contains minimum 3 characters :
Wrong Input : Fist letter Should be capital and must contains minimum 3 characters :
Wrong Input : Fist letter Should be capital and must contains minimum 3 characters :
Wrong Input : Fist letter Should be capital and must contains minimum 3 characters :
Wrong Input : Fist letter Should be capital and must contains minimum 3 characters :
Wrong Input : Fist letter Should be capital and must contains minimum 3 characters :
Wrong Input : Fist letter Should be capital and must contains minimum 3 characters :
Wrong Input : Fist letter Should be capital and must contains minimum 3 characters :
Wrong Input : Fist letter Should be capital and must contains minimum 3 characters :
Wrong Input : Fist letter Should be capital and must contains minimum 3 characters :
Wrong Input : Fist letter Should be capital and must contains minimum 3 characters :
Wrong Input : Fist letter Should be capital and must contains minimum 3 characters :
Wrong Input : Fist letter Should be capital and must contains minimum 3 characters :
Wrong Input : Fist letter Should be capital and must contains minimum 3 characters :
Wrong Input : Fist letter Should be capital and must contains minimum 3 characters :
Wrong Input : Fist letter Should be capital and must contains minimum 3 characters :
Wrong Input : Fist letter Should be capital and must contains minimum 3 characters :
Wrong Input : Fist letter Should be capital and must contains minimum 3 characters :
Wrong Input : Fist letter Should be capital and must contains minimum 3 characters :
Wrong Input : Fist letter Should be capital and must contains minimum 3 characters :
Wrong Input : Fist letter Should be capital and must contains minimum 3 characters :
Wrong Input : Fist letter Should be capital and must contains minimum 3 characters :
Wrong Input : Fist letter Should be capital and must contains minimum 3 characters :
Wrong Input : Fist letter Should be capital and must contains minimum 3 characters :
Wrong Input : Fist letter Should be capital and must contains minimum 3 characters :
Wrong Input : Fist letter Should be capital and must contains minimum 3 characters :
Wrong Input : Fist letter Should be capital and must contains minimum 3 characters :
Wrong Input : Fist letter Should be capital and must contains minimum 3 characters :
Wrong Input : Fist letter Should be capital and must contains minimum 3 characters :
Wrong Input : Fist letter Should be capital and must contains minimum 3 characters :
Wrong Input : Fist letter Should be capital and must contains minimum 3 characters :
Wrong Input : Fist letter Should be capital and must contains minimum 3 characters :
Wrong Input : Fist letter Should be capital and must contains minimum 3 characters :
Wrong Input : Fist letter Should be capital and must contains minimum 3 characters :
Wrong Input : Fist letter Should be capital and must contains minimum 3 characters :
Wrong Input : Fist letter Should be capital and must contains minimum 3 characters :
Wrong Input : Fist letter Should be capital and must contains minimum 3 characters :
Wrong Input : Fist letter Should be capital and must contains minimum 3 characters :
Wrong Input : Fist letter Should be capital and must contains minimum 3 characters :
Wrong Input : Fist letter Should be capital and must contains minimum 3 characters :
Wrong Input : Fist letter Should be capital and must contains minimum 3 characters :
Wrong Input : Fist letter Should be capital and must contains minimum 3 characters :
Wrong Input : Fist letter Should be capital and must contains minimum 3 characters :
Wrong Input : Fist letter Should be capital and must contains minimum 3 characters :
Wrong Input : Fist letter Should be capital and must contains minimum 3 characters :
Wrong Input : Fist letter Should be capital and must contains minimum 3 characters :
Wrong Input : Fist letter Should be capital and must contains minimum 3 characters :
Wrong Input : Fist letter Should be capital and must contains minimum 3 characters :
Wrong Input : Fist letter Should be capital and must contains minimum 3 characters :
Wrong Input : Fist letter Should be capital and must contains minimum 3 characters :
Wrong Input : Fist letter Should be capital and must contains minimum 3 characters :
Wrong Input : Fist letter Should be capital and must contains minimum 3 characters :
Wrong Input : Fist letter Should be capital and must contains minimum 3 characters :
Wrong Input : Fist letter Should be capital and must contains minimum 3 characters :
Wrong Input : Fist letter Should be capital and must contains minimum 3 characters :
Wrong Input : Fist letter Should be capital and must contains minimum 3 characters :
Wrong Input : Fist letter Should be capital and must contains minimum 3 characters :
Wrong Input : Fist letter Should be capital and must contains minimum 3 characters :
Wrong Input : Fist letter Should be capital and must contains minimum 3 characters :
Wrong Input : Fist letter Should be capital and must contains minimum 3 characters :
Wrong Input : Fist letter Should be capital and must contains minimum 3 characters :
Wrong Input : Fist letter Should be capital and must contains minimum 3 characters :
Wrong Input : Fist letter Should be capital and must contains minimum 3 characters :
Wrong Input : Fist letter Should be capital and must contains minimum 3 characters :
Wrong Input : Fist letter Should be capital and must contains minimum 3 characters :
Wrong Input : Fist letter Should be capital and must contains minimum 3 characters :
Wrong Input : Fist letter Should be capital and must contains minimum 3 characters :
Wrong Input : Fist letter Should be capital and must contains minimum 3 characters :
Wrong Input : Fist letter Should be capital and must contains minimum 3 characters :
Wrong Input : Fist letter Should be capital and must contains minimum 3 characters :
Wrong Input : Fist letter Should be capital and must contains minimum 3 characters :
Wrong Input : Fist letter Should be capital and must contains minimum 3 characters :
Wrong Input : Fist letter Should be capital and must contains minimum 3 characters :
Wrong Input : Fist letter Should be capital and must contains minimum 3 characters :
Wrong Input : Fist letter Should be capital and must contains minimum 3 characters :
Wrong Input : Fist letter Should be capital and must contains minimum 3 characters :
Wrong Input : Fist letter Should be capital and must contains minimum 3 characters :
Wrong Input : Fist letter Should be capital and must contains minimum 3 characters :
Wrong Input : Fist letter Should be capital and must contains minimum 3 characters :
Wrong Input : Fist letter Should be capital and must contains minimum 3 characters :
Wrong Input : Fist letter Should be capital and must contains minimum 3 characters :
Wrong Input : Fist letter Should be capital and must contains minimum 3 characters :
Wrong Input : Fist letter Should be capital and must contains minimum 3 characters :
Wrong Input : Fist letter Should be capital and must contains minimum 3 characters :
Wrong Input : Fist letter Should be capital and must contains minimum 3 characters :
Wrong Input : Fist letter Should be capital and must contains minimum 3 characters :
Wrong Input : Fist letter Should be capital and must contains minimum 3 characters :
Wrong Input : Fist letter Should be capital and must contains minimum 3 characters :
Wrong Input : Fist letter Should be capital and must contains minimum 3 characters :
Wrong Input : Fist letter Should be capital and must contains minimum 3 characters :
Wrong Input : Fist letter Should be capital and must contains minimum 3 characters :
Wrong Input : Fist letter Should be capital and must contains minimum 3 characters :
Wrong Input : Fist letter Should be capital and must contains minimum 3 characters :
Wrong Input : Fist letter Should be capital and must contains minimum 3 characters :
Wrong Input : Fist letter Should be capital and must contains minimum 3 characters :
Wrong Input : Fist letter Should be capital and must contains minimum 3 characters :
Wrong Input : Fist letter Should be capital and must contains minimum 3 characters :
Wrong Input : Fist letter Should be capital and must contains minimum 3 characters :
Wrong Input : Fist letter Should be capital and must contains minimum 3 characters :
Wrong Input : Fist letter Should be capital and must contains minimum 3 characters :
Wrong Input : Fist letter Should be capital and must contains minimum 3 characters :
Wrong Input : Fist letter Should be capital and must contains minimum 3 characters :
Wrong Input : Fist letter Should be capital and must contains minimum 3 characters :
Wrong Input : Fist letter Should be capital and must contains minimum 3 characters :
Wrong Input : Fist letter Should be capital and must contains minimum 3 characters :
Wrong Input : Fist letter Should be capital and must contains minimum 3 characters :
Wrong Input : Fist letter Should be capital and must contains minimum 3 characters :
Wrong Input : Fist letter Should be capital and must contains minimum 3 characters :
Wrong Input : Fist letter Should be capital and must contains minimum 3 characters :
Wrong Input : Fist letter Should be capital and must contains minimum 3 characters :
Wrong Input : Fist letter Should be capital and must contains minimum 3 characters :
Wrong Input : Fist letter Should be capital and must contains minimum 3 characters :
Wrong Input : Fist letter Should be capital and must contains minimum 3 characters :
Wrong Input : Fist letter Should be capital and must contains minimum 3 characters :
Wrong Input : Fist letter Should be capital and must contains minimum 3 characters :
Wrong Input : Fist letter Should be capital and must contains minimum 3 characters :
Wrong Input : Fist letter Should be capital and must contains minimum 3 characters :
Wrong Input : Fist letter Should be capital and must contains minimum 3 characters :
Wrong Input : Fist letter Should be capital and must contains minimum 3 characters :
Wrong Input : Fist letter Should be capital and must contains minimum 3 characters :
Wrong Input : Fist letter Should be capital and must contains minimum 3 characters :
Wrong Input : Fist letter Should be capital and must contains minimum 3 characters :
Wrong Input : Fist letter Should be capital and must contains minimum 3 characters :
Wrong Input : Fist letter Should be capital and must contains minimum 3 characters :
Wrong Input : Fist letter Should be capital and must contains minimum 3 characters :
Wrong Input : Fist letter Should be capital and must contains minimum 3 characters :
Wrong Input : Fist letter Should be capital and must contains minimum 3 characters :
Wrong Input : Fist letter Should be capital and must contains minimum 3 characters :
Wrong Input : Fist letter Should be capital and must contains minimum 3 characters :
Wrong Input : Fist letter Should be capital and must contains minimum 3 characters :
Wrong Input : Fist letter Should be capital and must contains minimum 3 characters :
Wrong Input : Fist letter Should be capital and must contains minimum 3 characters :
Wrong Input : Fist letter Should be capital and must contains minimum 3 characters :
Wrong Input : Fist letter Should be capital and must contains minimum 3 characters :
Wrong Input : Fist letter Should be capital and must contains minimum 3 characters :
Wrong Input : Fist letter Should be capital and must contains minimum 3 characters :
Wrong Input : Fist letter Should be capital and must contains minimum 3 characters :
Wrong Input : Fist letter Should be capital and must contains minimum 3 characters :
Wrong Input : Fist letter Should be capital and must contains minimum 3 characters :
Wrong Input : Fist letter Should be capital and must contains minimum 3 characters :
Wrong Input : Fist letter Should be capital and must contains minimum 3 characters :
Wrong Input : Fist letter Should be capital and must contains minimum 3 characters :
Wrong Input : Fist letter Should be capital and must contains minimum 3 characters :
Wrong Input : Fist letter Should be capital and must contains minimum 3 characters :
Wrong Input : Fist letter Should be capital and must contains minimum 3 characters :
Wrong Input : Fist letter Should be capital and must contains minimum 3 characters :
Wrong Input : Fist letter Should be capital and must contains minimum 3 characters :
Wrong Input : Fist letter Should be capital and must contains minimum 3 characters :
Wrong Input : Fist letter Should be capital and must contains minimum 3 characters :
Wrong Input : Fist letter Should be capital and must contains minimum 3 characters :
Wrong Input : Fist letter Should be capital and must contains minimum 3 characters :
Wrong Input : Fist letter Should be capital and must contains minimum 3 characters :
Wrong Input : Fist letter Should be capital and must contains minimum 3 characters :
Wrong Input : Fist letter Should be capital and must contains minimum 3 characters :
Wrong Input : Fist letter Should be capital and must contains minimum 3 characters :
Wrong Input : Fist letter Should be capital and must contains minimum 3 characters :
Wrong Input : Fist letter Should be capital and must contains minimum 3 characters :
Wrong Input : Fist letter Should be capital and must contains minimum 3 characters :
Wrong Input : Fist letter Should be capital and must contains minimum 3 characters :
Wrong Input : Fist letter Should be capital and must contains minimum 3 characters :
Wrong Input : Fist letter Should be capital and must contains minimum 3 characters :
Wrong Input : Fist letter Should be capital and must contains minimum 3 characters :
Wrong Input : Fist letter Should be capital and must contains minimum 3 characters :
Wrong Input : Fist letter Should be capital and must contains minimum 3 characters :
Wrong Input : Fist letter Should be capital and must contains minimum 3 characters :
Wrong Input : Fist letter Should be capital and must contains minimum 3 characters :
Wrong Input : Fist letter Should be capital and must contains minimum 3 characters :
Wrong Input : Fist letter Should be capital and must contains minimum 3 characters :
Wrong Input : Fist letter Should be capital and must contains minimum 3 characters :
Wrong Input : Fist letter Should be capital and must contains minimum 3 characters :
Wrong Input : Fist letter Should be capital and must contains minimum 3 characters :
Wrong Input : Fist letter Should be capital and must contains minimum 3 characters :
Wrong Input : Fist letter Should be capital and must contains minimum 3 characters :
Wrong Input : Fist letter Should be capital and must contains minimum 3 characters :
Wrong Input : Fist letter Should be capital and must contains minimum 3 characters :
Wrong Input : Fist letter Should be capital and must contains minimum 3 characters :
Wrong Input : Fist letter Should be capital and must contains minimum 3 characters :
Wrong Input : Fist letter Should be capital and must contains minimum 3 characters :
Wrong Input : Fist letter Should be capital and must contains minimum 3 characters :
Wrong Input : Fist letter Should be capital and must contains minimum 3 characters :
Wrong Input : Fist letter Should be capital and must contains minimum 3 characters :
Wrong Input : Fist letter Should be capital and must contains minimum 3 characters :
Wrong Input : Fist letter Should be capital and must contains minimum 3 characters :
Wrong Input : Fist letter Should be capital and must contains minimum 3 characters :
Wrong Input : Fist letter Should be capital and must contains minimum 3 characters :
Wrong Input : Fist letter Should be capital and must contains minimum 3 characters :
Wrong Input : Fist letter Should be capital and must contains minimum 3 characters :
Wrong Input : Fist letter Should be capital and must contains minimum 3 characters :
Wrong Input : Fist letter Should be capital and must contains minimum 3 characters :
Wrong Input : Fist letter Should be capital and must contains minimum 3 characters :
Wrong Input : Fist letter Should be capital and must contains minimum 3 characters :
Wrong Input : Fist letter Should be capital and must contains minimum 3 characters :
Wrong Input : Fist letter Should be capital and must contains minimum 3 characters :
Wrong Input : Fist letter Should be capital and must contains minimum 3 characters :
Wrong Input : Fist letter Should be capital and must contains minimum 3 characters :
Wrong Input : Fist letter Should be capital and must contains minimum 3 characters :
Wrong Input : Fist letter Should be capital and must contains minimum 3 characters :
Wrong Input : Fist letter Should be capital and must contains minimum 3 characters :
Wrong Input : Fist letter Should be capital and must contains minimum 3 characters :
Wrong Input : Fist letter Should be capital and must contains minimum 3 characters :
Wrong Input : Fist letter Should be capital and must contains minimum 3 characters :
Wrong Input : Fist letter Should be capital and must contains minimum 3 characters :
Wrong Input : Fist letter Should be capital and must contains minimum 3 characters :
Wrong Input : Fist letter Should be capital and must contains minimum 3 characters :
Wrong Input : Fist letter Should be capital and must contains minimum 3 characters :
Wrong Input : Fist letter Should be capital and must contains minimum 3 characters :
Wrong Input : Fist letter Should be capital and must contains minimum 3 characters :
Wrong Input : Fist letter Should be capital and must contains minimum 3 characters :
Wrong Input : Fist letter Should be capital and must contains minimum 3 characters :
Wrong Input : Fist letter Should be capital and must contains minimum 3 characters :
Wrong Input : Fist letter Should be capital and must contains minimum 3 characters :
Wrong Input : Fist letter Should be capital and must contains minimum 3 characters :
Wrong Input : Fist letter Should be capital and must contains minimum 3 characters :
Wrong Input : Fist letter Should be capital and must contains minimum 3 characters :
Wrong Input : Fist letter Should be capital and must contains minimum 3 characters :
Wrong Input : Fist letter Should be capital and must contains minimum 3 characters :
Wrong Input : Fist letter Should be capital and must contains minimum 3 characters :
Wrong Input : Fist letter Should be capital and must contains minimum 3 characters :
Wrong Input : Fist letter Should be capital and must contains minimum 3 characters :
Wrong Input : Fist letter Should be capital and must contains minimum 3 characters :
Wrong Input : Fist letter Should be capital and must contains minimum 3 characters :
Wrong Input : Fist letter Should be capital and must contains minimum 3 characters :
Wrong Input : Fist letter Should be capital and must contains minimum 3 characters :
Wrong Input : Fist letter Should be capital and must contains minimum 3 characters :
Wrong Input : Fist letter Should be capital and must contains minimum 3 characters :
Wrong Input : Fist letter Should be capital and must contains minimum 3 characters :
Wrong Input : Fist letter Should be capital and must contains minimum 3 characters :
Wrong Input : Fist letter Should be capital and must contains minimum 3 characters :
Wrong Input : Fist letter Should be capital and must contains minimum 3 characters :
Wrong Input : Fist letter Should be capital and must contains minimum 3 characters :
Wrong Input : Fist letter Should be capital and must contains minimum 3 characters :
Wrong Input : Fist letter Should be capital and must contains minimum 3 characters :
Wrong Input : Fist letter Should be capital and must contains minimum 3 characters :
Wrong Input : Fist letter Should be capital and must contains minimum 3 characters :
Wrong Input : Fist letter Should be capital and must contains minimum 3 characters :
Wrong Input : Fist letter Should be capital and must contains minimum 3 characters :
Wrong Input : Fist letter Should be capital and must contains minimum 3 characters :
Wrong Input : Fist letter Should be capital and must contains minimum 3 characters :
Wrong Input : Fist letter Should be capital and must contains minimum 3 characters :
Wrong Input : Fist letter Should be capital and must contains minimum 3 characters :
Wrong Input : Fist letter Should be capital and must contains minimum 3 characters :
Wrong Input : Fist letter Should be capital and must contains minimum 3 characters :
Wrong Input : Fist letter Should be capital and must contains minimum 3 characters :
Wrong Input : Fist letter Should be capital and must contains minimum 3 characters :
Wrong Input : Fist letter Should be capital and must contains minimum 3 characters :
Wrong Input : Fist letter Should be capital and must contains minimum 3 characters :
Wrong Input : Fist letter Should be capital and must contains minimum 3 characters :
Wrong Input : Fist letter Should be capital and must contains minimum 3 characters :
Wrong Input : Fist letter Should be capital and must contains minimum 3 characters :
Wrong Input : Fist letter Should be capital and must contains minimum 3 characters :
Wrong Input : Fist letter Should be capital and must contains minimum 3 characters :
Wrong Input : Fist letter Should be capital and must contains minimum 3 characters :
Wrong Input : Fist letter Should be capital and must contains minimum 3 characters :
Wrong Input : Fist letter Should be capital and must contains minimum 3 characters :
Wrong Input : Fist letter Should be capital and must contains minimum 3 characters :
Wrong Input : Fist letter Should be capital and must contains minimum 3 characters :
Wrong Input : Fist letter Should be capital and must contains minimum 3 characters :
Wrong Input : Fist letter Should be capital and must contains minimum 3 characters :
Wrong Input : Fist letter Should be capital and must contains minimum 3 characters :
Wrong Input : Fist letter Should be capital and must contains minimum 3 characters :
Wrong Input : Fist letter Should be capital and must contains minimum 3 characters :
Wrong Input : Fist letter Should be capital and must contains minimum 3 characters :
Wrong Input : Fist letter Should be capital and must contains minimum 3 characters :
Wrong Input : Fist letter Should be capital and must contains minimum 3 characters :
Wrong Input : Fist letter Should be capital and must contains minimum 3 characters :
Wrong Input : Fist letter Should be capital and must contains minimum 3 characters :
Wrong Input : Fist letter Should be capital and must contains minimum 3 characters :
Wrong Input : Fist letter Should be capital and must contains minimum 3 characters :
Wrong Input : Fist letter Should be capital and must contains minimum 3 characters :
Wrong Input : Fist letter Should be capital and must contains minimum 3 characters :
Wrong Input : Fist letter Should be capital and must contains minimum 3 characters :
Wrong Input : Fist letter Should be capital and must contains minimum 3 characters :
Wrong Input : Fist letter Should be capital and must contains minimum 3 characters :
Wrong Input : Fist letter Should be capital and must contains minimum 3 characters :
Wrong Input : Fist letter Should be capital and must contains minimum 3 characters :
Wrong Input : Fist letter Should be capital and must contains minimum 3 characters :
Wrong Input : Fist letter Should be capital and must contains minimum 3 characters :
Wrong Input : Fist letter Should be capital and must contains minimum 3 characters :
Wrong Input : Fist letter Should be capital and must contains minimum 3 characters :
Wrong Input : Fist letter Should be capital and must contains minimum 3 characters :
Wrong Input : Fist letter Should be capital and must contains minimum 3 characters :
Wrong Input : Fist letter Should be capital and must contains minimum 3 characters :
Wrong Input : Fist letter Should be capital and must contains minimum 3 characters :
Wrong Input : Fist letter Should be capital and must contains minimum 3 characters :
Wrong Input : Fist letter Should be capital and must contains minimum 3 characters :
Wrong Input : Fist letter Should be capital and must contains minimum 3 characters :
Wrong Input : Fist letter Should be capital and must contains minimum 3 characters :
Wrong Input : Fist letter Should be capital and must contains minimum 3 characters :
Wrong Input : Fist letter Should be capital and must contains minimum 3 characters :
Wrong Input : Fist letter Should be capital and must contains minimum 3 characters :
Wrong Input : Fist letter Should be capital and must contains minimum 3 characters :
Wrong Input : Fist letter Should be capital and must contains minimum 3 characters :
Wrong Input : Fist letter Should be capital and must contains minimum 3 characters :
Wrong Input : Fist letter Should be capital and must contains minimum 3 characters :
Wrong Input : Fist letter Should be capital and must contains minimum 3 characters :
Wrong Input : Fist letter Should be capital and must contains minimum 3 characters :
Wrong Input : Fist letter Should be capital and must contains minimum 3 characters :
Wrong Input : Fist letter Should be capital and must contains minimum 3 characters :
Wrong Input : Fist letter Should be capital and must contains minimum 3 characters :
Wrong Input : Fist letter Should be capital and must contains minimum 3 characters :
Wrong Input : Fist letter Should be capital and must contains minimum 3 characters :
Wrong Input : Fist letter Should be capital and must contains minimum 3 characters :
Wrong Input : Fist letter Should be capital and must contains minimum 3 characters :
Wrong Input : Fist letter Should be capital and must contains minimum 3 characters :
Wrong Input : Fist letter Should be capital and must contains minimum 3 characters :
Wrong Input : Fist letter Should be capital and must contains minimum 3 characters :
Wrong Input : Fist letter Should be capital and must contains minimum 3 characters :
Wrong Input : Fist letter Should be capital and must contains minimum 3 characters :
Wrong Input : Fist letter Should be capital and must contains minimum 3 characters :
Wrong Input : Fist letter Should be capital and must contains minimum 3 characters :
Wrong Input : Fist letter Should be capital and must contains minimum 3 characters :
Wrong Input : Fist letter Should be capital and must contains minimum 3 characters :
Wrong Input : Fist letter Should be capital and must contains minimum 3 characters :
Wrong Input : Fist letter Should be capital and must contains minimum 3 characters :
Wrong Input : Fist letter Should be capital and must contains minimum 3 characters :
Wrong Input : Fist letter Should be capital and must contains minimum 3 characters :
Wrong Input : Fist letter Should be capital and must contains minimum 3 characters :
Wrong Input : Fist letter Should be capital and must contains minimum 3 characters :
Wrong Input : Fist letter Should be capital and must contains minimum 3 characters :
Wrong Input : Fist letter Should be capital and must contains minimum 3 characters :
Wrong Input : Fist letter Should be capital and must contains minimum 3 characters :
Wrong Input : Fist letter Should be capital and must contains minimum 3 characters :
Wrong Input : Fist letter Should be capital and must contains minimum 3 characters :
Wrong Input : Fist letter Should be capital and must contains minimum 3 characters :
Wrong Input : Fist letter Should be capital and must contains minimum 3 characters :
Wrong Input : Fist letter Should be capital and must contains minimum 3 characters :
Wrong Input : Fist letter Should be capital and must contains minimum 3 characters :
Wrong Input : Fist letter Should be capital and must contains minimum 3 characters :
Wrong Input : Fist letter Should be capital and must contains minimum 3 characters :
Wrong Input : Fist letter Should be capital and must contains minimum 3 characters :
Wrong Input : Fist letter Should be capital and must contains minimum 3 characters :
Wrong Input : Fist letter Should be capital and must contains minimum 3 characters :
Wrong Input : Fist letter Should be capital and must contains minimum 3 characters :
Wrong Input : Fist letter Should be capital and must contains minimum 3 characters :
Wrong Input : Fist letter Should be capital and must contains minimum 3 characters :
Wrong Input : Fist letter Should be capital and must contains minimum 3 characters :
Wrong Input : Fist letter Should be capital and must contains minimum 3 characters :
Wrong Input : Fist letter Should be capital and must contains minimum 3 characters :
Wrong Input : Fist letter Should be capital and must contains minimum 3 characters :
Wrong Input : Fist letter Should be capital and must contains minimum 3 characters :
Wrong Input : Fist letter Should be capital and must contains minimum 3 characters :
Wrong Input : Fist letter Should be capital and must contains minimum 3 characters :
Wrong Input : Fist letter Should be capital and must contains minimum 3 characters :
Wrong Input : Fist letter Should be capital and must contains minimum 3 characters :
Wrong Input : Fist letter Should be capital and must contains minimum 3 characters :
Wrong Input : Fist letter Should be capital and must contains minimum 3 characters :
Wrong Input : Fist letter Should be capital and must contains minimum 3 characters :
Wrong Input : Fist letter Should be capital and must contains minimum 3 characters :
Wrong Input : Fist letter Should be capital and must contains minimum 3 characters :
Wrong Input : Fist letter Should be capital and must contains minimum 3 characters :
Wrong Input : Fist letter Should be capital and must contains minimum 3 characters :
Wrong Input : Fist letter Should be capital and must contains minimum 3 characters :
Wrong Input : Fist letter Should be capital and must contains minimum 3 characters :
Wrong Input : Fist letter Should be capital and must contains minimum 3 characters :
Wrong Input : Fist letter Should be capital and must contains minimum 3 characters :
Wrong Input : Fist letter Should be capital and must contains minimum 3 characters :
Wrong Input : Fist letter Should be capital and must contains minimum 3 characters :
Wrong Input : Fist letter Should be capital and must contains minimum 3 characters :
Wrong Input : Fist letter Should be capital and must contains minimum 3 characters :
Wrong Input : Fist letter Should be capital and must contains minimum 3 characters :
Wrong Input : Fist letter Should be capital and must contains minimum 3 characters :
Wrong Input : Fist letter Should be capital and must contains minimum 3 characters :
Wrong Input : Fist letter Should be capital and must contains minimum 3 characters :
Wrong Input : Fist letter Should be capital and must contains minimum 3 characters :
Wrong Input : Fist letter Should be capital and must contains minimum 3 characters :
Wrong Input : Fist letter Should be capital and must contains minimum 3 characters :
Wrong Input : Fist letter Should be capital and must contains minimum 3 characters :
Wrong Input : Fist letter Should be capital and must contains minimum 3 characters :
Wrong Input : Fist letter Should be capital and must contains minimum 3 characters :
Wrong Input : Fist letter Should be capital and must contains minimum 3 characters :
Wrong Input : Fist letter Should be capital and must contains minimum 3 characters :
Wrong Input : Fist letter Should be capital and must contains minimum 3 characters :
Wrong Input : Fist letter Should be capital and must contains minimum 3 characters :
Wrong Input : Fist letter Should be capital and must contains minimum 3 characters :
Wrong Input : Fist letter Should be capital and must contains minimum 3 characters :
Wrong Input : Fist letter Should be capital and must contains minimum 3 characters :
Wrong Input : Fist letter Should be capital and must contains minimum 3 characters :
Wrong Input : Fist letter Should be capital and must contains minimum 3 characters :
Wrong Input : Fist letter Should be capital and must contains minimum 3 characters :
Wrong Input : Fist letter Should be capital and must contains minimum 3 characters :
Wrong Input : Fist letter Should be capital and must contains minimum 3 characters :
Wrong Input : Fist letter Should be capital and must contains minimum 3 characters :
Wrong Input : Fist letter Should be capital and must contains minimum 3 characters :
Wrong Input : Fist letter Should be capital and must contains minimum 3 characters :
Wrong Input : Fist letter Should be capital and must contains minimum 3 characters :
Wrong Input : Fist letter Should be capital and must contains minimum 3 characters :
Wrong Input : Fist letter Should be capital and must contains minimum 3 characters :
Wrong Input : Fist letter Should be capital and must contains minimum 3 characters :
Wrong Input : Fist letter Should be capital and must contains minimum 3 characters :
Wrong Input : Fist letter Should be capital and must contains minimum 3 characters :
Wrong Input : Fist letter Should be capital and must contains minimum 3 characters :
Wrong Input : Fist letter Should be capital and must contains minimum 3 characters :
Wrong Input : Fist letter Should be capital and must contains minimum 3 characters :
Wrong Input : Fist letter Should be capital and must contains minimum 3 characters :
Wrong Input : Fist letter Should be capital and must contains minimum 3 characters :
Wrong Input : Fist letter Should be capital and must contains minimum 3 characters :
Wrong Input : Fist letter Should be capital and must contains minimum 3 characters :
Wrong Input : Fist letter Should be capital and must contains minimum 3 characters :
Wrong Input : Fist letter Should be capital and must contains minimum 3 characters :
Wrong Input : Fist letter Should be capital and must contains minimum 3 characters :
Wrong Input : Fist letter Should be capital and must contains minimum 3 characters :
Wrong Input : Fist letter Should be capital and must contains minimum 3 characters :
Wrong Input : Fist letter Should be capital and must contains minimum 3 characters :
Wrong Input : Fist letter Should be capital and must contains minimum 3 characters :
Wrong Input : Fist letter Should be capital and must contains minimum 3 characters :
Wrong Input : Fist letter Should be capital and must contains minimum 3 characters :
Wrong Input : Fist letter Should be capital and must contains minimum 3 characters :
Wrong Input : Fist letter Should be capital and must contains minimum 3 characters :
Wrong Input : Fist letter Should be capital and must contains minimum 3 characters :
Wrong Input : Fist letter Should be capital and must contains minimum 3 characters :
Wrong Input : Fist letter Should be capital and must contains minimum 3 characters :
Wrong Input : Fist letter Should be capital and must contains minimum 3 characters :
Wrong Input : Fist letter Should be capital and must contains minimum 3 characters :
Wrong Input : Fist letter Should be capital and must contains minimum 3 characters :
Wrong Input : Fist letter Should be capital and must contains minimum 3 characters :
Wrong Input : Fist letter Should be capital and must contains minimum 3 characters :
Wrong Input : Fist letter Should be capital and must contains minimum 3 characters :
Wrong Input : Fist letter Should be capital and must contains minimum 3 characters :
Wrong Input : Fist letter Should be capital and must contains minimum 3 characters :
Wrong Input : Fist letter Should be capital and must contains minimum 3 characters :
Wrong Input : Fist letter Should be capital and must contains minimum 3 characters :
Wrong Input : Fist letter Should be capital and must contains minimum 3 characters :
Wrong Input : Fist letter Should be capital and must contains minimum 3 characters :
Wrong Input : Fist letter Should be capital and must contains minimum 3 characters :
Wrong Input : Fist letter Should be capital and must contains minimum 3 characters :
Wrong Input : Fist letter Should be capital and must contains minimum 3 characters :
Wrong Input : Fist letter Should be capital and must contains minimum 3 characters :
Wrong Input : Fist letter Should be capital and must contains minimum 3 characters :
Wrong Input : Fist letter Should be capital and must contains minimum 3 characters :
Wrong Input : Fist letter Should be capital and must contains minimum 3 characters :
Wrong Input : Fist letter Should be capital and must contains minimum 3 characters :
Wrong Input : Fist letter Should be capital and must contains minimum 3 characters :
Wrong Input : Fist letter Should be capital and must contains minimum 3 characters :
Wrong Input : Fist letter Should be capital and must contains minimum 3 characters :
Wrong Input : Fist letter Should be capital and must contains minimum 3 characters :
Wrong Input : Fist letter Should be capital and must contains minimum 3 characters :
Wrong Input : Fist letter Should be capital and must contains minimum 3 characters :
Wrong Input : Fist letter Should be capital and must contains minimum 3 characters :
Wrong Input : Fist letter Should be capital and must contains minimum 3 characters :
Wrong Input : Fist letter Should be capital and must contains minimum 3 characters :
Wrong Input : Fist letter Should be capital and must contains minimum 3 characters :
Wrong Input : Fist letter Should be capital and must contains minimum 3 characters :
Wrong Input : Fist letter Should be capital and must contains minimum 3 characters :
Wrong Input : Fist letter Should be capital and must contains minimum 3 characters :
Wrong Input : Fist letter Should be capital and must contains minimum 3 characters :
Wrong Input : Fist letter Should be capital and must contains minimum 3 characters :
Wrong Input : Fist letter Should be capital and must contains minimum 3 characters :
Wrong Input : Fist letter Should be capital and must contains minimum 3 characters :
Wrong Input : Fist letter Should be capital and must contains minimum 3 characters :
Wrong Input : Fist letter Should be capital and must contains minimum 3 characters :
Wrong Input : Fist letter Should be capital and must contains minimum 3 characters :
Wrong Input : Fist letter Should be capital and must contains minimum 3 characters :
Wrong Input : Fist letter Should be capital and must contains minimum 3 characters :
Wrong Input : Fist letter Should be capital and must contains minimum 3 characters :
Wrong Input : Fist letter Should be capital and must contains minimum 3 characters :
Wrong Input : Fist letter Should be capital and must contains minimum 3 characters :
Wrong Input : Fist letter Should be capital and must contains minimum 3 characters :
Wrong Input : Fist letter Should be capital and must contains minimum 3 characters :
Wrong Input : Fist letter Should be capital and must contains minimum 3 characters :
Wrong Input : Fist letter Should be capital and must contains minimum 3 characters :
Wrong Input : Fist letter Should be capital and must contains minimum 3 characters :
Wrong Input : Fist letter Should be capital and must contains minimum 3 characters :
Wrong Input : Fist letter Should be capital and must contains minimum 3 characters :
Wrong Input : Fist letter Should be capital and must contains minimum 3 characters :
Wrong Input : Fist letter Should be capital and must contains minimum 3 characters :
Wrong Input : Fist letter Should be capital and must contains minimum 3 characters :
Wrong Input : Fist letter Should be capital and must contains minimum 3 characters :
Wrong Input : Fist letter Should be capital and must contains minimum 3 characters :
Wrong Input : Fist letter Should be capital and must contains minimum 3 characters :
Wrong Input : Fist letter Should be capital and must contains minimum 3 characters :
Wrong Input : Fist letter Should be capital and must contains minimum 3 characters :
Wrong Input : Fist letter Should be capital and must contains minimum 3 characters :
Wrong Input : Fist letter Should be capital and must contains minimum 3 characters :
Wrong Input : Fist letter Should be capital and must contains minimum 3 characters :
Wrong Input : Fist letter Should be capital and must contains minimum 3 characters :
Wrong Input : Fist letter Should be capital and must contains minimum 3 characters :
Wrong Input : Fist letter Should be capital and must contains minimum 3 characters :
Wrong Input : Fist letter Should be capital and must contains minimum 3 characters :
Wrong Input : Fist letter Should be capital and must contains minimum 3 characters :
Wrong Input : Fist letter Should be capital and must contains minimum 3 characters :
Wrong Input : Fist letter Should be capital and must contains minimum 3 characters :
Wrong Input : Fist letter Should be capital and must contains minimum 3 characters :
Wrong Input : Fist letter Should be capital and must contains minimum 3 characters :
Wrong Input : Fist letter Should be capital and must contains minimum 3 characters :
Wrong Input : Fist letter Should be capital and must contains minimum 3 characters :
Wrong Input : Fist letter Should be capital and must contains minimum 3 characters :
Wrong Input : Fist letter Should be capital and must contains minimum 3 characters :
Wrong Input : Fist letter Should be capital and must contains minimum 3 characters :
Wrong Input : Fist letter Should be capital and must contains minimum 3 characters :
Wrong Input : Fist letter Should be capital and must contains minimum 3 characters :
Wrong Input : Fist letter Should be capital and must contains minimum 3 characters :
Wrong Input : Fist letter Should be capital and must contains minimum 3 characters :
Wrong Input : Fist letter Should be capital and must contains minimum 3 characters :
Wrong Input : Fist letter Should be capital and must contains minimum 3 characters :
Wrong Input : Fist letter Should be capital and must contains minimum 3 characters :
Wrong Input : Fist letter Should be capital and must contains minimum 3 characters :
Wrong Input : Fist letter Should be capital and must contains minimum 3 characters :
Wrong Input : Fist letter Should be capital and must contains minimum 3 characters :
Wrong Input : Fist letter Should be capital and must contains minimum 3 characters :
Wrong Input : Fist letter Should be capital and must contains minimum 3 characters :
Wrong Input : Fist letter Should be capital and must contains minimum 3 characters :
Wrong Input : Fist letter Should be capital and must contains minimum 3 characters :
Wrong Input : Fist letter Should be capital and must contains minimum 3 characters :
Wrong Input : Fist letter Should be capital and must contains minimum 3 characters :
Wrong Input : Fist letter Should be capital and must contains minimum 3 characters :
Wrong Input : Fist letter Should be capital and must contains minimum 3 characters :
Wrong Input : Fist letter Should be capital and must contains minimum 3 characters :
Wrong Input : Fist letter Should be capital and must contains minimum 3 characters :
Wrong Input : Fist letter Should be capital and must contains minimum 3 characters :
Wrong Input : Fist letter Should be capital and must contains minimum 3 characters :
Wrong Input : Fist letter Should be capital and must contains minimum 3 characters :
Wrong Input : Fist letter Should be capital and must contains minimum 3 characters :
Wrong Input : Fist letter Should be capital and must contains minimum 3 characters :
Wrong Input : Fist letter Should be capital and must contains minimum 3 characters :
Wrong Input : Fist letter Should be capital and must contains minimum 3 characters :
Wrong Input : Fist letter Should be capital and must contains minimum 3 characters :
Wrong Input : Fist letter Should be capital and must contains minimum 3 characters :
Wrong Input : Fist letter Should be capital and must contains minimum 3 characters :
Wrong Input : Fist letter Should be capital and must contains minimum 3 characters :
Wrong Input : Fist letter Should be capital and must contains minimum 3 characters :
Wrong Input : Fist letter Should be capital and must contains minimum 3 characters :
Wrong Input : Fist letter Should be capital and must contains minimum 3 characters :
Wrong Input : Fist letter Should be capital and must contains minimum 3 characters :
Wrong Input : Fist letter Should be capital and must contains minimum 3 characters :
Wrong Input : Fist letter Should be capital and must contains minimum 3 characters :
Wrong Input : Fist letter Should be capital and must contains minimum 3 characters :
Wrong Input : Fist letter Should be capital and must contains minimum 3 characters :
Wrong Input : Fist letter Should be capital and must contains minimum 3 characters :
Wrong Input : Fist letter Should be capital and must contains minimum 3 characters :
Wrong Input : Fist letter Should be capital and must contains minimum 3 characters :
Wrong Input : Fist letter Should be capital and must contains minimum 3 characters :
Wrong Input : Fist letter Should be capital and must contains minimum 3 characters :
Wrong Input : Fist letter Should be capital and must contains minimum 3 characters :
Wrong Input : Fist letter Should be capital and must contains minimum 3 characters :
Wrong Input : Fist letter Should be capital and must contains minimum 3 characters :
Wrong Input : Fist letter Should be capital and must contains minimum 3 characters :
Wrong Input : Fist letter Should be capital and must contains minimum 3 characters :
Wrong Input : Fist letter Should be capital and must contains minimum 3 characters :
Wrong Input : Fist letter Should be capital and must contains minimum 3 characters :
Wrong Input : Fist letter Should be capital and must contains minimum 3 characters :
Wrong Input : Fist letter Should be capital and must contains minimum 3 characters :
Wrong Input : Fist letter Should be capital and must contains minimum 3 characters :
Wrong Input : Fist letter Should be capital and must contains minimum 3 characters :
Wrong Input : Fist letter Should be capital and must contains minimum 3 characters :
Wrong Input : Fist letter Should be capital and must contains minimum 3 characters :
Wrong Input : Fist letter Should be capital and must contains minimum 3 characters :
Wrong Input : Fist letter Should be capital and must contains minimum 3 characters :
Wrong Input : Fist letter Should be capital and must contains minimum 3 characters :
Wrong Input : Fist letter Should be capital and must contains minimum 3 characters :
Wrong Input : Fist letter Should be capital and must contains minimum 3 characters :
Wrong Input : Fist letter Should be capital and must contains minimum 3 characters :
Wrong Input : Fist letter Should be capital and must contains minimum 3 characters :
Wrong Input : Fist letter Should be capital and must contains minimum 3 characters :
Wrong Input : Fist letter Should be capital and must contains minimum 3 characters :
Wrong Input : Fist letter Should be capital and must contains minimum 3 characters :
Wrong Input : Fist letter Should be capital and must contains minimum 3 characters :
Wrong Input : Fist letter Should be capital and must contains minimum 3 characters :
Wrong Input : Fist letter Should be capital and must contains minimum 3 characters :
Wrong Input : Fist letter Should be capital and must contains minimum 3 characters :
Wrong Input : Fist letter Should be capital and must contains minimum 3 characters :
Wrong Input : Fist letter Should be capital and must contains minimum 3 characters :
Wrong Input : Fist letter Should be capital and must contains minimum 3 characters :
Wrong Input : Fist letter Should be capital and must contains minimum 3 characters :
Wrong Input : Fist letter Should be capital and must contains minimum 3 characters :
Wrong Input : Fist letter Should be capital and must contains minimum 3 characters :
Wrong Input : Fist letter Should be capital and must contains minimum 3 characters :
Wrong Input : Fist letter Should be capital and must contains minimum 3 characters :
Wrong Input : Fist letter Should be capital and must contains minimum 3 characters :
Wrong Input : Fist letter Should be capital and must contains minimum 3 characters :
Wrong Input : Fist letter Should be capital and must contains minimum 3 characters :
Wrong Input : Fist letter Should be capital and must contains minimum 3 characters :
Wrong Input : Fist letter Should be capital and must contains minimum 3 characters :
Wrong Input : Fist letter Should be capital and must contains minimum 3 characters :
Wrong Input : Fist letter Should be capital and must contains minimum 3 characters :
Wrong Input : Fist letter Should be capital and must contains minimum 3 characters :
Wrong Input : Fist letter Should be capital and must contains minimum 3 characters :
Wrong Input : Fist letter Should be capital and must contains minimum 3 characters :
Wrong Input : Fist letter Should be capital and must contains minimum 3 characters :
Wrong Input : Fist letter Should be capital and must contains minimum 3 characters :
Wrong Input : Fist letter Should be capital and must contains minimum 3 characters :
Wrong Input : Fist letter Should be capital and must contains minimum 3 characters :
Wrong Input : Fist letter Should be capital and must contains minimum 3 characters :
Wrong Input : Fist letter Should be capital and must contains minimum 3 characters :
Wrong Input : Fist letter Should be capital and must contains minimum 3 characters :
Wrong Input : Fist letter Should be capital and must contains minimum 3 characters :
Wrong Input : Fist letter Should be capital and must contains minimum 3 characters :
Wrong Input : Fist letter Should be capital and must contains minimum 3 characters :
Wrong Input : Fist letter Should be capital and must contains minimum 3 characters :
Wrong Input : Fist letter Should be capital and must contains minimum 3 characters :
Wrong Input : Fist letter Should be capital and must contains minimum 3 characters :
Wrong Input : Fist letter Should be capital and must contains minimum 3 characters :
Wrong Input : Fist letter Should be capital and must contains minimum 3 characters :
Wrong Input : Fist letter Should be capital and must contains minimum 3 characters :
Wrong Input : Fist letter Should be capital and must contains minimum 3 characters :
Wrong Input : Fist letter Should be capital and must contains minimum 3 characters :
Wrong Input : Fist letter Should be capital and must contains minimum 3 characters :
Wrong Input : Fist letter Should be capital and must contains minimum 3 characters :
Wrong Input : Fist letter Should be capital and must contains minimum 3 characters :
Wrong Input : Fist letter Should be capital and must contains minimum 3 characters :
Wrong Input : Fist letter Should be capital and must contains minimum 3 characters :
Wrong Input : Fist letter Should be capital and must contains minimum 3 characters :
Wrong Input : Fist letter Should be capital and must contains minimum 3 characters :
Wrong Input : Fist letter Should be capital and must contains minimum 3 characters :
Wrong Input : Fist letter Should be capital and must contains minimum 3 characters :
Wrong Input : Fist letter Should be capital and must contains minimum 3 characters :
Wrong Input : Fist letter Should be capital and must contains minimum 3 characters :
Wrong Input : Fist letter Should be capital and must contains minimum 3 characters :
Wrong Input : Fist letter Should be capital and must contains minimum 3 characters :
Wrong Input : Fist letter Should be capital and must contains minimum 3 characters :
Wrong Input : Fist letter Should be capital and must contains minimum 3 characters :
Wrong Input : Fist letter Should be capital and must contains minimum 3 characters :
Wrong Input : Fist letter Should be capital and must contains minimum 3 characters :
Wrong Input : Fist letter Should be capital and must contains minimum 3 characters :
Wrong Input : Fist letter Should be capital and must contains minimum 3 characters :
Wrong Input : Fist letter Should be capital and must contains minimum 3 characters :
Wrong Input : Fist letter Should be capital and must contains minimum 3 characters :
Wrong Input : Fist letter Should be capital and must contains minimum 3 characters :
Wrong Input : Fist letter Should be capital and must contains minimum 3 characters :
Wrong Input : Fist letter Should be capital and must contains minimum 3 characters :
Wrong Input : Fist letter Should be capital and must contains minimum 3 characters :
Wrong Input : Fist letter Should be capital and must contains minimum 3 characters :
Wrong Input : Fist letter Should be capital and must contains minimum 3 characters :
Wrong Input : Fist letter Should be capital and must contains minimum 3 characters :
Wrong Input : Fist letter Should be capital and must contains minimum 3 characters :
Wrong Input : Fist letter Should be capital and must contains minimum 3 characters :
Wrong Input : Fist letter Should be capital and must contains minimum 3 characters :
Wrong Input : Fist letter Should be capital and must contains minimum 3 characters :
Wrong Input : Fist letter Should be capital and must contains minimum 3 characters :
Wrong Input : Fist letter Should be capital and must contains minimum 3 characters :
Wrong Input : Fist letter Should be capital and must contains minimum 3 characters :
Wrong Input : Fist letter Should be capital and must contains minimum 3 characters :
Wrong Input : Fist letter Should be capital and must contains minimum 3 characters :
Wrong Input : Fist letter Should be capital and must contains minimum 3 characters :
Wrong Input : Fist letter Should be capital and must contains minimum 3 characters :
Wrong Input : Fist letter Should be capital and must contains minimum 3 characters :
Wrong Input : Fist letter Should be capital and must contains minimum 3 characters :
Wrong Input : Fist letter Should be capital and must contains minimum 3 characters :
Wrong Input : Fist letter Should be capital and must contains minimum 3 characters :
Wrong Input : Fist letter Should be capital and must contains minimum 3 characters :
Wrong Input : Fist letter Should be capital and must contains minimum 3 characters :
Wrong Input : Fist letter Should be capital and must contains minimum 3 characters :
Wrong Input : Fist letter Should be capital and must contains minimum 3 characters :
Wrong Input : Fist letter Should be capital and must contains minimum 3 characters :
Wrong Input : Fist letter Should be capital and must contains minimum 3 characters :
Wrong Input : Fist letter Should be capital and must contains minimum 3 characters :
Wrong Input : Fist letter Should be capital and must contains minimum 3 characters :
Wrong Input : Fist letter Should be capital and must contains minimum 3 characters :
Wrong Input : Fist letter Should be capital and must contains minimum 3 characters :
Wrong Input : Fist letter Should be capital and must contains minimum 3 characters :
Wrong Input : Fist letter Should be capital and must contains minimum 3 characters :
Wrong Input : Fist letter Should be capital and must contains minimum 3 characters :
Wrong Input : Fist letter Should be capital and must contains minimum 3 characters :
Wrong Input : Fist letter Should be capital and must contains minimum 3 characters :
Wrong Input : Fist letter Should be capital and must contains minimum 3 characters :
Wrong Input : Fist letter Should be capital and must contains minimum 3 characters :
Wrong Input : Fist letter Should be capital and must contains minimum 3 characters :
Wrong Input : Fist letter Should be capital and must contains minimum 3 characters :
Wrong Input : Fist letter Should be capital and must contains minimum 3 characters :
Wrong Input : Fist letter Should be capital and must contains minimum 3 characters :
Wrong Input : Fist letter Should be capital and must contains minimum 3 characters :
Wrong Input : Fist letter Should be capital and must contains minimum 3 characters :
Wrong Input : Fist letter Should be capital and must contains minimum 3 characters :
Wrong Input : Fist letter Should be capital and must contains minimum 3 characters :
Wrong Input : Fist letter Should be capital and must contains minimum 3 characters :
Wrong Input : Fist letter Should be capital and must contains minimum 3 characters :
Wrong Input : Fist letter Should be capital and must contains minimum 3 characters :
Wrong Input : Fist letter Should be capital and must contains minimum 3 characters :
Wrong Input : Fist letter Should be capital and must contains minimum 3 characters :
Wrong Input : Fist letter Should be capital and must contains minimum 3 characters :
Wrong Input : Fist letter Should be capital and must contains minimum 3 characters :
Wrong Input : Fist letter Should be capital and must contains minimum 3 characters :
Wrong Input : Fist letter Should be capital and must contains minimum 3 characters :
Wrong Input : Fist letter Should be capital and must contains minimum 3 characters :
Wrong Input : Fist letter Should be capital and must contains minimum 3 characters :
Wrong Input : Fist letter Should be capital and must contains minimum 3 characters :
Wrong Input : Fist letter Should be capital and must contains minimum 3 characters :
Wrong Input : Fist letter Should be capital and must contains minimum 3 characters :
Wrong Input : Fist letter Should be capital and must contains minimum 3 characters :
Wrong Input : Fist letter Should be capital and must contains minimum 3 characters :
Wrong Input : Fist letter Should be capital and must contains minimum 3 characters :
Wrong Input : Fist letter Should be capital and must contains minimum 3 characters :
Wrong Input : Fist letter Should be capital and must contains minimum 3 characters :
Wrong Input : Fist letter Should be capital and must contains minimum 3 characters :
Wrong Input : Fist letter Should be capital and must contains minimum 3 characters :
Wrong Input : Fist letter Should be capital and must contains minimum 3 characters :
Wrong Input : Fist letter Should be capital and must contains minimum 3 characters :
Wrong Input : Fist letter Should be capital and must contains minimum 3 characters :
Wrong Input : Fist letter Should be capital and must contains minimum 3 characters :
Wrong Input : Fist letter Should be capital and must contains minimum 3 characters :
Wrong Input : Fist letter Should be capital and must contains minimum 3 characters :
Wrong Input : Fist letter Should be capital and must contains minimum 3 characters :
Wrong Input : Fist letter Should be capital and must contains minimum 3 characters :
Wrong Input : Fist letter Should be capital and must contains minimum 3 characters :
Wrong Input : Fist letter Should be capital and must contains minimum 3 characters :
Wrong Input : Fist letter Should be capital and must contains minimum 3 characters :
Wrong Input : Fist letter Should be capital and must contains minimum 3 characters :
Wrong Input : Fist letter Should be capital and must contains minimum 3 characters :
Wrong Input : Fist letter Should be capital and must contains minimum 3 characters :
Wrong Input : Fist letter Should be capital and must contains minimum 3 characters :
Wrong Input : Fist letter Should be capital and must contains minimum 3 characters :
Wrong Input : Fist letter Should be capital and must contains minimum 3 characters :
Wrong Input : Fist letter Should be capital and must contains minimum 3 characters :
Wrong Input : Fist letter Should be capital and must contains minimum 3 characters :
Wrong Input : Fist letter Should be capital and must contains minimum 3 characters :
Wrong Input : Fist letter Should be capital and must contains minimum 3 characters :
Wrong Input : Fist letter Should be capital and must contains minimum 3 characters :
Wrong Input : Fist letter Should be capital and must contains minimum 3 characters :
Wrong Input : Fist letter Should be capital and must contains minimum 3 characters :
Wrong Input : Fist letter Should be capital and must contains minimum 3 characters :
Wrong Input : Fist letter Should be capital and must contains minimum 3 characters :
Wrong Input : Fist letter Should be capital and must contains minimum 3 characters :
Wrong Input : Fist letter Should be capital and must contains minimum 3 characters :
Wrong Input : Fist letter Should be capital and must contains minimum 3 characters :
Wrong Input : Fist letter Should be capital and must contains minimum 3 characters :
Wrong Input : Fist letter Should be capital and must contains minimum 3 characters :
Wrong Input : Fist letter Should be capital and must contains minimum 3 characters :
Wrong Input : Fist letter Should be capital and must contains minimum 3 characters :
Wrong Input : Fist letter Should be capital and must contains minimum 3 characters :
Wrong Input : Fist letter Should be capital and must contains minimum 3 characters :
Wrong Input : Fist letter Should be capital and must contains minimum 3 characters :
Wrong Input : Fist letter Should be capital and must contains minimum 3 characters :
Wrong Input : Fist letter Should be capital and must contains minimum 3 characters :
Wrong Input : Fist letter Should be capital and must contains minimum 3 characters :
Wrong Input : Fist letter Should be capital and must contains minimum 3 characters :
Wrong Input : Fist letter Should be capital and must contains minimum 3 characters :
Wrong Input : Fist letter Should be capital and must contains minimum 3 characters :
Wrong Input : Fist letter Should be capital and must contains minimum 3 characters :
Wrong Input : Fist letter Should be capital and must contains minimum 3 characters :
Wrong Input : Fist letter Should be capital and must contains minimum 3 characters :
Wrong Input : Fist letter Should be capital and must contains minimum 3 characters :
Wrong Input : Fist letter Should be capital and must contains minimum 3 characters :
Wrong Input : Fist letter Should be capital and must contains minimum 3 characters :
Wrong Input : Fist letter Should be capital and must contains minimum 3 characters :
Wrong Input : Fist letter Should be capital and must contains minimum 3 characters :
Wrong Input : Fist letter Should be capital and must contains minimum 3 characters :
Wrong Input : Fist letter Should be capital and must contains minimum 3 characters :
Wrong Input : Fist letter Should be capital and must contains minimum 3 characters :
Wrong Input : Fist letter Should be capital and must contains minimum 3 characters :
Wrong Input : Fist letter Should be capital and must contains minimum 3 characters :
Wrong Input : Fist letter Should be capital and must contains minimum 3 characters :
Wrong Input : Fist letter Should be capital and must contains minimum 3 characters :
Wrong Input : Fist letter Should be capital and must contains minimum 3 characters :
Wrong Input : Fist letter Should be capital and must contains minimum 3 characters :
Wrong Input : Fist letter Should be capital and must contains minimum 3 characters :
Wrong Input : Fist letter Should be capital and must contains minimum 3 characters :
Wrong Input : Fist letter Should be capital and must contains minimum 3 characters :
Wrong Input : Fist letter Should be capital and must contains minimum 3 characters :
Wrong Input : Fist letter Should be capital and must contains minimum 3 characters :
Wrong Input : Fist letter Should be capital and must contains minimum 3 characters :
Wrong Input : Fist letter Should be capital and must contains minimum 3 characters :
Wrong Input : Fist letter Should be capital and must contains minimum 3 characters :
Wrong Input : Fist letter Should be capital and must contains minimum 3 characters :
Wrong Input : Fist letter Should be capital and must contains minimum 3 characters :
Wrong Input : Fist letter Should be capital and must contains minimum 3 characters :
Wrong Input : Fist letter Should be capital and must contains minimum 3 characters :
Wrong Input : Fist letter Should be capital and must contains minimum 3 characters :
Wrong Input : Fist letter Should be capital and must contains minimum 3 characters :
Wrong Input : Fist letter Should be capital and must contains minimum 3 characters :
Wrong Input : Fist letter Should be capital and must contains minimum 3 characters :
Wrong Input : Fist letter Should be capital and must contains minimum 3 characters :
Wrong Input : Fist letter Should be capital and must contains minimum 3 characters :
Wrong Input : Fist letter Should be capital and must contains minimum 3 characters :
Wrong Input : Fist letter Should be capital and must contains minimum 3 characters :
Wrong Input : Fist letter Should be capital and must contains minimum 3 characters :
Wrong Input : Fist letter Should be capital and must contains minimum 3 characters :
Wrong Input : Fist letter Should be capital and must contains minimum 3 characters :
Wrong Input : Fist letter Should be capital and must contains minimum 3 characters :
Wrong Input : Fist letter Should be capital and must contains minimum 3 characters :
Wrong Input : Fist letter Should be capital and must contains minimum 3 characters :
Wrong Input : Fist letter Should be capital and must contains minimum 3 characters :
Wrong Input : Fist letter Should be capital and must contains minimum 3 characters :
Wrong Input : Fist letter Should be capital and must contains minimum 3 characters :
Wrong Input : Fist letter Should be capital and must contains minimum 3 characters :
Wrong Input : Fist letter Should be capital and must contains minimum 3 characters :
Wrong Input : Fist letter Should be capital and must contains minimum 3 characters :
Wrong Input : Fist letter Should be capital and must contains minimum 3 characters :
Wrong Input : Fist letter Should be capital and must contains minimum 3 characters :
Wrong Input : Fist letter Should be capital and must contains minimum 3 characters :
Wrong Input : Fist letter Should be capital and must contains minimum 3 characters :
Wrong Input : Fist letter Should be capital and must contains minimum 3 characters :
Wrong Input : Fist letter Should be capital and must contains minimum 3 characters :
Wrong Input : Fist letter Should be capital and must contains minimum 3 characters :
Wrong Input : Fist letter Should be capital and must contains minimum 3 characters :
Wrong Input : Fist letter Should be capital and must contains minimum 3 characters :
Wrong Input : Fist letter Should be capital and must contains minimum 3 characters :
Wrong Input : Fist letter Should be capital and must contains minimum 3 characters :
Wrong Input : Fist letter Should be capital and must contains minimum 3 characters :
Wrong Input : Fist letter Should be capital and must contains minimum 3 characters :
Wrong Input : Fist letter Should be capital and must contains minimum 3 characters :
Wrong Input : Fist letter Should be capital and must contains minimum 3 characters :
Wrong Input : Fist letter Should be capital and must contains minimum 3 characters :
Wrong Input : Fist letter Should be capital and must contains minimum 3 characters :
Wrong Input : Fist letter Should be capital and must contains minimum 3 characters :
Wrong Input : Fist letter Should be capital and must contains minimum 3 characters :
Wrong Input : Fist letter Should be capital and must contains minimum 3 characters :
Wrong Input : Fist letter Should be capital and must contains minimum 3 characters :
Wrong Input : Fist letter Should be capital and must contains minimum 3 characters :
Wrong Input : Fist letter Should be capital and must contains minimum 3 characters :
Wrong Input : Fist letter Should be capital and must contains minimum 3 characters :
Wrong Input : Fist letter Should be capital and must contains minimum 3 characters :
Wrong Input : Fist letter Should be capital and must contains minimum 3 characters :
Wrong Input : Fist letter Should be capital and must contains minimum 3 characters :
Wrong Input : Fist letter Should be capital and must contains minimum 3 characters :
Wrong Input : Fist letter Should be capital and must contains minimum 3 characters :
Wrong Input : Fist letter Should be capital and must contains minimum 3 characters :
Wrong Input : Fist letter Should be capital and must contains minimum 3 characters :
Wrong Input : Fist letter Should be capital and must contains minimum 3 characters :
Wrong Input : Fist letter Should be capital and must contains minimum 3 characters :
Wrong Input : Fist letter Should be capital and must contains minimum 3 characters :
Wrong Input : Fist letter Should be capital and must contains minimum 3 characters :
Wrong Input : Fist letter Should be capital and must contains minimum 3 characters :
Wrong Input : Fist letter Should be capital and must contains minimum 3 characters :
Wrong Input : Fist letter Should be capital and must contains minimum 3 characters :
Wrong Input : Fist letter Should be capital and must contains minimum 3 characters :
Wrong Input : Fist letter Should be capital and must contains minimum 3 characters :
Wrong Input : Fist letter Should be capital and must contains minimum 3 characters :
Wrong Input : Fist letter Should be capital and must contains minimum 3 characters :
Wrong Input : Fist letter Should be capital and must contains minimum 3 characters :
Wrong Input : Fist letter Should be capital and must contains minimum 3 characters :
Wrong Input : Fist letter Should be capital and must contains minimum 3 characters :
Wrong Input : Fist letter Should be capital and must contains minimum 3 characters :
Wrong Input : Fist letter Should be capital and must contains minimum 3 characters :
Wrong Input : Fist letter Should be capital and must contains minimum 3 characters :
Wrong Input : Fist letter Should be capital and must contains minimum 3 characters :
Wrong Input : Fist letter Should be capital and must contains minimum 3 characters :
Wrong Input : Fist letter Should be capital and must contains minimum 3 characters :
Wrong Input : Fist letter Should be capital and must contains minimum 3 characters :
Wrong Input : Fist letter Should be capital and must contains minimum 3 characters :
Wrong Input : Fist letter Should be capital and must contains minimum 3 characters :
Wrong Input : Fist letter Should be capital and must contains minimum 3 characters :
Wrong Input : Fist letter Should be capital and must contains minimum 3 characters :
Wrong Input : Fist letter Should be capital and must contains minimum 3 characters :
Wrong Input : Fist letter Should be capital and must contains minimum 3 characters :
Wrong Input : Fist letter Should be capital and must contains minimum 3 characters :
Wrong Input : Fist letter Should be capital and must contains minimum 3 characters :
Wrong Input : Fist letter Should be capital and must contains minimum 3 characters :
Wrong Input : Fist letter Should be capital and must contains minimum 3 characters :
Wrong Input : Fist letter Should be capital and must contains minimum 3 characters :
Wrong Input : Fist letter Should be capital and must contains minimum 3 characters :
Wrong Input : Fist letter Should be capital and must contains minimum 3 characters :
Wrong Input : Fist letter Should be capital and must contains minimum 3 characters :
Wrong Input : Fist letter Should be capital and must contains minimum 3 characters :
Wrong Input : Fist letter Should be capital and must contains minimum 3 characters :
Wrong Input : Fist letter Should be capital and must contains minimum 3 characters :
Wrong Input : Fist letter Should be capital and must contains minimum 3 characters :
Wrong Input : Fist letter Should be capital and must contains minimum 3 characters :
Wrong Input : Fist letter Should be capital and must contains minimum 3 characters :
Wrong Input : Fist letter Should be capital and must contains minimum 3 characters :
Wrong Input : Fist letter Should be capital and must contains minimum 3 characters :
Wrong Input : Fist letter Should be capital and must contains minimum 3 characters :
Wrong Input : Fist letter Should be capital and must contains minimum 3 characters :
Wrong Input : Fist letter Should be capital and must contains minimum 3 characters :
Wrong Input : Fist letter Should be capital and must contains minimum 3 characters :
Wrong Input : Fist letter Should be capital and must contains minimum 3 characters :
Wrong Input : Fist letter Should be capital and must contains minimum 3 characters :
Wrong Input : Fist letter Should be capital and must contains minimum 3 characters :
Wrong Input : Fist letter Should be capital and must contains minimum 3 characters :
Wrong Input : Fist letter Should be capital and must contains minimum 3 characters :
Wrong Input : Fist letter Should be capital and must contains minimum 3 characters :
Wrong Input : Fist letter Should be capital and must contains minimum 3 characters :
Wrong Input : Fist letter Should be capital and must contains minimum 3 characters :
Wrong Input : Fist letter Should be capital and must contains minimum 3 characters :
Wrong Input : Fist letter Should be capital and must contains minimum 3 characters :
Wrong Input : Fist letter Should be capital and must contains minimum 3 characters :
Wrong Input : Fist letter Should be capital and must contains minimum 3 characters :
Wrong Input : Fist letter Should be capital and must contains minimum 3 characters :
Wrong Input : Fist letter Should be capital and must contains minimum 3 characters :
Wrong Input : Fist letter Should be capital and must contains minimum 3 characters :
Wrong Input : Fist letter Should be capital and must contains minimum 3 characters :
Wrong Input : Fist letter Should be capital and must contains minimum 3 characters :
Wrong Input : Fist letter Should be capital and must contains minimum 3 characters :
Wrong Input : Fist letter Should be capital and must contains minimum 3 characters :
Wrong Input : Fist letter Should be capital and must contains minimum 3 characters :
Wrong Input : Fist letter Should be capital and must contains minimum 3 characters :
Wrong Input : Fist letter Should be capital and must contains minimum 3 characters :
Wrong Input : Fist letter Should be capital and must contains minimum 3 characters :
Wrong Input : Fist letter Should be capital and must contains minimum 3 characters :
Wrong Input : Fist letter Should be capital and must contains minimum 3 characters :
Wrong Input : Fist letter Should be capital and must contains minimum 3 characters :
Wrong Input : Fist letter Should be capital and must contains minimum 3 characters :
Wrong Input : Fist letter Should be capital and must contains minimum 3 characters :
Wrong Input : Fist letter Should be capital and must contains minimum 3 characters :
Wrong Input : Fist letter Should be capital and must contains minimum 3 characters :
Wrong Input : Fist letter Should be capital and must contains minimum 3 characters :
Wrong Input : Fist letter Should be capital and must contains minimum 3 characters :
Wrong Input : Fist letter Should be capital and must contains minimum 3 characters :
Wrong Input : Fist letter Should be capital and must contains minimum 3 characters :
Wrong Input : Fist letter Should be capital and must contains minimum 3 characters :
Wrong Input : Fist letter Should be capital and must contains minimum 3 characters :
Wrong Input : Fist letter Should be capital and must contains minimum 3 characters :
Wrong Input : Fist letter Should be capital and must contains minimum 3 characters :
Wrong Input : Fist letter Should be capital and must contains minimum 3 characters :
Wrong Input : Fist letter Should be capital and must contains minimum 3 characters :
Wrong Input : Fist letter Should be capital and must contains minimum 3 characters :
Wrong Input : Fist letter Should be capital and must contains minimum 3 characters :
Wrong Input : Fist letter Should be capital and must contains minimum 3 characters :
Wrong Input : Fist letter Should be capital and must contains minimum 3 characters :
Wrong Input : Fist letter Should be capital and must contains minimum 3 characters :
Wrong Input : Fist letter Should be capital and must contains minimum 3 characters :
Wrong Input : Fist letter Should be capital and must contains minimum 3 characters :
Wrong Input : Fist letter Should be capital and must contains minimum 3 characters :
Wrong Input : Fist letter Should be capital and must contains minimum 3 characters :
Wrong Input : Fist letter Should be capital and must contains minimum 3 characters :
Wrong Input : Fist letter Should be capital and must contains minimum 3 characters :
Wrong Input : Fist letter Should be capital and must contains minimum 3 characters :
Wrong Input : Fist letter Should be capital and must contains minimum 3 characters :
Wrong Input : Fist letter Should be capital and must contains minimum 3 characters :
Wrong Input : Fist letter Should be capital and must contains minimum 3 characters :
Wrong Input : Fist letter Should be capital and must contains minimum 3 characters :
Wrong Input : Fist letter Should be capital and must contains minimum 3 characters :
Wrong Input : Fist letter Should be capital and must contains minimum 3 characters :
Wrong Input : Fist letter Should be capital and must contains minimum 3 characters :
Wrong Input : Fist letter Should be capital and must contains minimum 3 characters :
Wrong Input : Fist letter Should be capital and must contains minimum 3 characters :
Wrong Input : Fist letter Should be capital and must contains minimum 3 characters :
Wrong Input : Fist letter Should be capital and must contains minimum 3 characters :
Wrong Input : Fist letter Should be capital and must contains minimum 3 characters :
Wrong Input : Fist letter Should be capital and must contains minimum 3 characters :
Wrong Input : Fist letter Should be capital and must contains minimum 3 characters :
Wrong Input : Fist letter Should be capital and must contains minimum 3 characters :
Wrong Input : Fist letter Should be capital and must contains minimum 3 characters :
Wrong Input : Fist letter Should be capital and must contains minimum 3 characters :
Wrong Input : Fist letter Should be capital and must contains minimum 3 characters :
Wrong Input : Fist letter Should be capital and must contains minimum 3 characters :
Wrong Input : Fist letter Should be capital and must contains minimum 3 characters :
Wrong Input : Fist letter Should be capital and must contains minimum 3 characters :
Wrong Input : Fist letter Should be capital and must contains minimum 3 characters :
Wrong Input : Fist letter Should be capital and must contains minimum 3 characters :
Wrong Input : Fist letter Should be capital and must contains minimum 3 characters :
Wrong Input : Fist letter Should be capital and must contains minimum 3 characters :
Wrong Input : Fist letter Should be capital and must contains minimum 3 characters :
Wrong Input : Fist letter Should be capital and must contains minimum 3 characters :
Wrong Input : Fist letter Should be capital and must contains minimum 3 characters :
Wrong Input : Fist letter Should be capital and must contains minimum 3 characters :
Wrong Input : Fist letter Should be capital and must contains minimum 3 characters :
Wrong Input : Fist letter Should be capital and must contains minimum 3 characters :
Wrong Input : Fist letter Should be capital and must contains minimum 3 characters :
Wrong Input : Fist letter Should be capital and must contains minimum 3 characters :
Wrong Input : Fist letter Should be capital and must contains minimum 3 characters :
Wrong Input : Fist letter Should be capital and must contains minimum 3 characters :
Wrong Input : Fist letter Should be capital and must contains minimum 3 characters :
Wrong Input : Fist letter Should be capital and must contains minimum 3 characters :
Wrong Input : Fist letter Should be capital and must contains minimum 3 characters :
Wrong Input : Fist letter Should be capital and must contains minimum 3 characters :
Wrong Input : Fist letter Should be capital and must contains minimum 3 characters :
Wrong Input : Fist letter Should be capital and must contains minimum 3 characters :
Wrong Input : Fist letter Should be capital and must contains minimum 3 characters :
Wrong Input : Fist letter Should be capital and must contains minimum 3 characters :
Wrong Input : Fist letter Should be capital and must contains minimum 3 characters :
Wrong Input : Fist letter Should be capital and must contains minimum 3 characters :
Wrong Input : Fist letter Should be capital and must contains minimum 3 characters :
Wrong Input : Fist letter Should be capital and must contains minimum 3 characters :
Wrong Input : Fist letter Should be capital and must contains minimum 3 characters :
Wrong Input : Fist letter Should be capital and must contains minimum 3 characters :
Wrong Input : Fist letter Should be capital and must contains minimum 3 characters :
Wrong Input : Fist letter Should be capital and must contains minimum 3 characters :
Wrong Input : Fist letter Should be capital and must contains minimum 3 characters :
Wrong Input : Fist letter Should be capital and must contains minimum 3 characters :
Wrong Input : Fist letter Should be capital and must contains minimum 3 characters :
Wrong Input : Fist letter Should be capital and must contains minimum 3 characters :
Wrong Input : Fist letter Should be capital and must contains minimum 3 characters :
Wrong Input : Fist letter Should be capital and must contains minimum 3 characters :
Wrong Input : Fist letter Should be capital and must contains minimum 3 characters :
Wrong Input : Fist letter Should be capital and must contains minimum 3 characters :
Wrong Input : Fist letter Should be capital and must contains minimum 3 characters :
Wrong Input : Fist letter Should be capital and must contains minimum 3 characters :
Wrong Input : Fist letter Should be capital and must contains minimum 3 characters :
Wrong Input : Fist letter Should be capital and must contains minimum 3 characters :
Wrong Input : Fist letter Should be capital and must contains minimum 3 characters :
Wrong Input : Fist letter Should be capital and must contains minimum 3 characters :
Wrong Input : Fist letter Should be capital and must contains minimum 3 characters :
Wrong Input : Fist letter Should be capital and must contains minimum 3 characters :
Wrong Input : Fist letter Should be capital and must contains minimum 3 characters :
Wrong Input : Fist letter Should be capital and must contains minimum 3 characters :
Wrong Input : Fist letter Should be capital and must contains minimum 3 characters :
Wrong Input : Fist letter Should be capital and must contains minimum 3 characters :
Wrong Input : Fist letter Should be capital and must contains minimum 3 characters :
Wrong Input : Fist letter Should be capital and must contains minimum 3 characters :
Wrong Input : Fist letter Should be capital and must contains minimum 3 characters :
Wrong Input : Fist letter Should be capital and must contains minimum 3 characters :
Wrong Input : Fist letter Should be capital and must contains minimum 3 characters :
Wrong Input : Fist letter Should be capital and must contains minimum 3 characters :
Wrong Input : Fist letter Should be capital and must contains minimum 3 characters :
Wrong Input : Fist letter Should be capital and must contains minimum 3 characters :
Wrong Input : Fist letter Should be capital and must contains minimum 3 characters :
Wrong Input : Fist letter Should be capital and must contains minimum 3 characters :
Wrong Input : Fist letter Should be capital and must contains minimum 3 characters :
Wrong Input : Fist letter Should be capital and must contains minimum 3 characters :
Wrong Input : Fist letter Should be capital and must contains minimum 3 characters :
Wrong Input : Fist letter Should be capital and must contains minimum 3 characters :
Wrong Input : Fist letter Should be capital and must contains minimum 3 characters :
Wrong Input : Fist letter Should be capital and must contains minimum 3 characters :
Wrong Input : Fist letter Should be capital and must contains minimum 3 characters :
Wrong Input : Fist letter Should be capital and must contains minimum 3 characters :
Wrong Input : Fist letter Should be capital and must contains minimum 3 characters :
Wrong Input : Fist letter Should be capital and must contains minimum 3 characters :
Wrong Input : Fist letter Should be capital and must contains minimum 3 characters :
Wrong Input : Fist letter Should be capital and must contains minimum 3 characters :
Wrong Input : Fist letter Should be capital and must contains minimum 3 characters :
Wrong Input : Fist letter Should be capital and must contains minimum 3 characters :
Wrong Input : Fist letter Should be capital and must contains minimum 3 characters :
Wrong Input : Fist letter Should be capital and must contains minimum 3 characters :
Wrong Input : Fist letter Should be capital and must contains minimum 3 characters :
Wrong Input : Fist letter Should be capital and must contains minimum 3 characters :
Wrong Input : Fist letter Should be capital and must contains minimum 3 characters :
Wrong Input : Fist letter Should be capital and must contains minimum 3 characters :
Wrong Input : Fist letter Should be capital and must contains minimum 3 characters :
Wrong Input : Fist letter Should be capital and must contains minimum 3 characters :
Wrong Input : Fist letter Should be capital and must contains minimum 3 characters :
Wrong Input : Fist letter Should be capital and must contains minimum 3 characters :
Wrong Input : Fist letter Should be capital and must contains minimum 3 characters :
Wrong Input : Fist letter Should be capital and must contains minimum 3 characters :
Wrong Input : Fist letter Should be capital and must contains minimum 3 characters :
Wrong Input : Fist letter Should be capital and must contains minimum 3 characters :
Wrong Input : Fist letter Should be capital and must contains minimum 3 characters :
Wrong Input : Fist letter Should be capital and must contains minimum 3 characters :
Wrong Input : Fist letter Should be capital and must contains minimum 3 characters :
Wrong Input : Fist letter Should be capital and must contains minimum 3 characters :
Wrong Input : Fist letter Should be capital and must contains minimum 3 characters :
Wrong Input : Fist letter Should be capital and must contains minimum 3 characters :
Wrong Input : Fist letter Should be capital and must contains minimum 3 characters :
Wrong Input : Fist letter Should be capital and must contains minimum 3 characters :
Wrong Input : Fist letter Should be capital and must contains minimum 3 characters :
Wrong Input : Fist letter Should be capital and must contains minimum 3 characters :
Wrong Input : Fist letter Should be capital and must contains minimum 3 characters :
Wrong Input : Fist letter Should be capital and must contains minimum 3 characters :
Wrong Input : Fist letter Should be capital and must contains minimum 3 characters :
Wrong Input : Fist letter Should be capital and must contains minimum 3 characters :
Wrong Input : Fist letter Should be capital and must contains minimum 3 characters :
Wrong Input : Fist letter Should be capital and must contains minimum 3 characters :
Wrong Input : Fist letter Should be capital and must contains minimum 3 characters :
Wrong Input : Fist letter Should be capital and must contains minimum 3 characters :
Wrong Input : Fist letter Should be capital and must contains minimum 3 characters :
Wrong Input : Fist letter Should be capital and must contains minimum 3 characters :
Wrong Input : Fist letter Should be capital and must contains minimum 3 characters :
Wrong Input : Fist letter Should be capital and must contains minimum 3 characters :
Wrong Input : Fist letter Should be capital and must contains minimum 3 characters :
Wrong Input : Fist letter Should be capital and must contains minimum 3 characters :
Wrong Input : Fist letter Should be capital and must contains minimum 3 characters :
Wrong Input : Fist letter Should be capital and must contains minimum 3 characters :
Wrong Input : Fist letter Should be capital and must contains minimum 3 characters :
Wrong Input : Fist letter Should be capital and must contains minimum 3 characters :
Wrong Input : Fist letter Should be capital and must contains minimum 3 characters :
Wrong Input : Fist letter Should be capital and must contains minimum 3 characters :
Wrong Input : Fist letter Should be capital and must contains minimum 3 characters :
Wrong Input : Fist letter Should be capital and must contains minimum 3 characters :
Wrong Input : Fist letter Should be capital and must contains minimum 3 characters :
Wrong Input : Fist letter Should be capital and must contains minimum 3 characters :
Wrong Input : Fist letter Should be capital and must contains minimum 3 characters :
Wrong Input : Fist letter Should be capital and must contains minimum 3 characters :
Wrong Input : Fist letter Should be capital and must contains minimum 3 characters :
Wrong Input : Fist letter Should be capital and must contains minimum 3 characters :
Wrong Input : Fist letter Should be capital and must contains minimum 3 characters :
Wrong Input : Fist letter Should be capital and must contains minimum 3 characters :
Wrong Input : Fist letter Should be capital and must contains minimum 3 characters :
Wrong Input : Fist letter Should be capital and must contains minimum 3 characters :
Wrong Input : Fist letter Should be capital and must contains minimum 3 characters :
Wrong Input : Fist letter Should be capital and must contains minimum 3 characters :
Wrong Input : Fist letter Should be capital and must contains minimum 3 characters :
Wrong Input : Fist letter Should be capital and must contains minimum 3 characters :
Wrong Input : Fist letter Should be capital and must contains minimum 3 characters :
Wrong Input : Fist letter Should be capital and must contains minimum 3 characters :
Wrong Input : Fist letter Should be capital and must contains minimum 3 characters :
Wrong Input : Fist letter Should be capital and must contains minimum 3 characters :
Wrong Input : Fist letter Should be capital and must contains minimum 3 characters :
Wrong Input : Fist letter Should be capital and must contains minimum 3 characters :
Wrong Input : Fist letter Should be capital and must contains minimum 3 characters :
Wrong Input : Fist letter Should be capital and must contains minimum 3 characters :
Wrong Input : Fist letter Should be capital and must contains minimum 3 characters :
Wrong Input : Fist letter Should be capital and must contains minimum 3 characters :
Wrong Input : Fist letter Should be capital and must contains minimum 3 characters :
Wrong Input : Fist letter Should be capital and must contains minimum 3 characters :
Wrong Input : Fist letter Should be capital and must contains minimum 3 characters :
Wrong Input : Fist letter Should be capital and must contains minimum 3 characters :
Wrong Input : Fist letter Should be capital and must contains minimum 3 characters :
Wrong Input : Fist letter Should be capital and must contains minimum 3 characters :
Wrong Input : Fist letter Should be capital and must contains minimum 3 characters :
Wrong Input : Fist letter Should be capital and must contains minimum 3 characters :
Wrong Input : Fist letter Should be capital and must contains minimum 3 characters :
Wrong Input : Fist letter Should be capital and must contains minimum 3 characters :
Wrong Input : Fist letter Should be capital and must contains minimum 3 characters :
Wrong Input : Fist letter Should be capital and must contains minimum 3 characters :
Wrong Input : Fist letter Should be capital and must contains minimum 3 characters :
Wrong Input : Fist letter Should be capital and must contains minimum 3 characters :
Wrong Input : Fist letter Should be capital and must contains minimum 3 characters :
Wrong Input : Fist letter Should be capital and must contains minimum 3 characters :
Wrong Input : Fist letter Should be capital and must contains minimum 3 characters :
Wrong Input : Fist letter Should be capital and must contains minimum 3 characters :
Wrong Input : Fist letter Should be capital and must contains minimum 3 characters :
Wrong Input : Fist letter Should be capital and must contains minimum 3 characters :
Wrong Input : Fist letter Should be capital and must contains minimum 3 characters :
Wrong Input : Fist letter Should be capital and must contains minimum 3 characters :
Wrong Input : Fist letter Should be capital and must contains minimum 3 characters :
Wrong Input : Fist letter Should be capital and must contains minimum 3 characters :
Wrong Input : Fist letter Should be capital and must contains minimum 3 characters :
Wrong Input : Fist letter Should be capital and must contains minimum 3 characters :
Wrong Input : Fist letter Should be capital and must contains minimum 3 characters :
Wrong Input : Fist letter Should be capital and must contains minimum 3 characters :
Wrong Input : Fist letter Should be capital and must contains minimum 3 characters :
Wrong Input : Fist letter Should be capital and must contains minimum 3 characters :
Wrong Input : Fist letter Should be capital and must contains minimum 3 characters :
Wrong Input : Fist letter Should be capital and must contains minimum 3 characters :
Wrong Input : Fist letter Should be capital and must contains minimum 3 characters :
Wrong Input : Fist letter Should be capital and must contains minimum 3 characters :
Wrong Input : Fist letter Should be capital and must contains minimum 3 characters :
Wrong Input : Fist letter Should be capital and must contains minimum 3 characters :
Wrong Input : Fist letter Should be capital and must contains minimum 3 characters :
Wrong Input : Fist letter Should be capital and must contains minimum 3 characters :
Wrong Input : Fist letter Should be capital and must contains minimum 3 characters :
Wrong Input : Fist letter Should be capital and must contains minimum 3 characters :
Wrong Input : Fist letter Should be capital and must contains minimum 3 characters :
Wrong Input : Fist letter Should be capital and must contains minimum 3 characters :
Wrong Input : Fist letter Should be capital and must contains minimum 3 characters :
Wrong Input : Fist letter Should be capital and must contains minimum 3 characters :
Wrong Input : Fist letter Should be capital and must contains minimum 3 characters :
Wrong Input : Fist letter Should be capital and must contains minimum 3 characters :
Wrong Input : Fist letter Should be capital and must contains minimum 3 characters :
Wrong Input : Fist letter Should be capital and must contains minimum 3 characters :
Wrong Input : Fist letter Should be capital and must contains minimum 3 characters :
Wrong Input : Fist letter Should be capital and must contains minimum 3 characters :
Wrong Input : Fist letter Should be capital and must contains minimum 3 characters :
Wrong Input : Fist letter Should be capital and must contains minimum 3 characters :
Wrong Input : Fist letter Should be capital and must contains minimum 3 characters :
Wrong Input : Fist letter Should be capital and must contains minimum 3 characters :
Wrong Input : Fist letter Should be capital and must contains minimum 3 characters :
Wrong Input : Fist letter Should be capital and must contains minimum 3 characters :
Wrong Input : Fist letter Should be capital and must contains minimum 3 characters :
Wrong Input : Fist letter Should be capital and must contains minimum 3 characters :
Wrong Input : Fist letter Should be capital and must contains minimum 3 characters :
Wrong Input : Fist letter Should be capital and must contains minimum 3 characters :
Wrong Input : Fist letter Should be capital and must contains minimum 3 characters :
Wrong Input : Fist letter Should be capital and must contains minimum 3 characters :
Wrong Input : Fist letter Should be capital and must contains minimum 3 characters :
Wrong Input : Fist letter Should be capital and must contains minimum 3 characters :
Wrong Input : Fist letter Should be capital and must contains minimum 3 characters :
Wrong Input : Fist letter Should be capital and must contains minimum 3 characters :
Wrong Input : Fist letter Should be capital and must contains minimum 3 characters :
Wrong Input : Fist letter Should be capital and must contains minimum 3 characters :
Wrong Input : Fist letter Should be capital and must contains minimum 3 characters :
Wrong Input : Fist letter Should be capital and must contains minimum 3 characters :
Wrong Input : Fist letter Should be capital and must contains minimum 3 characters :
Wrong Input : Fist letter Should be capital and must contains minimum 3 characters :
Wrong Input : Fist letter Should be capital and must contains minimum 3 characters :
Wrong Input : Fist letter Should be capital and must contains minimum 3 characters :
Wrong Input : Fist letter Should be capital and must contains minimum 3 characters :
Wrong Input : Fist letter Should be capital and must contains minimum 3 characters :
Wrong Input : Fist letter Should be capital and must contains minimum 3 characters :
Wrong Input : Fist letter Should be capital and must contains minimum 3 characters :
Wrong Input : Fist letter Should be capital and must contains minimum 3 characters :
Wrong Input : Fist letter Should be capital and must contains minimum 3 characters :
Wrong Input : Fist letter Should be capital and must contains minimum 3 characters :
Wrong Input : Fist letter Should be capital and must contains minimum 3 characters :
Wrong Input : Fist letter Should be capital and must contains minimum 3 characters :
Wrong Input : Fist letter Should be capital and must contains minimum 3 characters :
Wrong Input : Fist letter Should be capital and must contains minimum 3 characters :
Wrong Input : Fist letter Should be capital and must contains minimum 3 characters :
Wrong Input : Fist letter Should be capital and must contains minimum 3 characters :
Wrong Input : Fist letter Should be capital and must contains minimum 3 characters :
Wrong Input : Fist letter Should be capital and must contains minimum 3 characters :
Wrong Input : Fist letter Should be capital and must contains minimum 3 characters :
Wrong Input : Fist letter Should be capital and must contains minimum 3 characters :
Wrong Input : Fist letter Should be capital and must contains minimum 3 characters :
Wrong Input : Fist letter Should be capital and must contains minimum 3 characters :
Wrong Input : Fist letter Should be capital and must contains minimum 3 characters :
Wrong Input : Fist letter Should be capital and must contains minimum 3 characters :
Wrong Input : Fist letter Should be capital and must contains minimum 3 characters :
Wrong Input : Fist letter Should be capital and must contains minimum 3 characters :
Wrong Input : Fist letter Should be capital and must contains minimum 3 characters :
Wrong Input : Fist letter Should be capital and must contains minimum 3 characters :
Wrong Input : Fist letter Should be capital and must contains minimum 3 characters :
Wrong Input : Fist letter Should be capital and must contains minimum 3 characters :
Wrong Input : Fist letter Should be capital and must contains minimum 3 characters :
Wrong Input : Fist letter Should be capital and must contains minimum 3 characters :
Wrong Input : Fist letter Should be capital and must contains minimum 3 characters :
Wrong Input : Fist letter Should be capital and must contains minimum 3 characters :
Wrong Input : Fist letter Should be capital and must contains minimum 3 characters :
Wrong Input : Fist letter Should be capital and must contains minimum 3 characters :
Wrong Input : Fist letter Should be capital and must contains minimum 3 characters :
Wrong Input : Fist letter Should be capital and must contains minimum 3 characters :
Wrong Input : Fist letter Should be capital and must contains minimum 3 characters :
Wrong Input : Fist letter Should be capital and must contains minimum 3 characters :
Wrong Input : Fist letter Should be capital and must contains minimum 3 characters :
Wrong Input : Fist letter Should be capital and must contains minimum 3 characters :
Wrong Input : Fist letter Should be capital and must contains minimum 3 characters :
Wrong Input : Fist letter Should be capital and must contains minimum 3 characters :
Wrong Input : Fist letter Should be capital and must contains minimum 3 characters :
Wrong Input : Fist letter Should be capital and must contains minimum 3 characters :
Wrong Input : Fist letter Should be capital and must contains minimum 3 characters :
Wrong Input : Fist letter Should be capital and must contains minimum 3 characters :
Wrong Input : Fist letter Should be capital and must contains minimum 3 characters :
Wrong Input : Fist letter Should be capital and must contains minimum 3 characters :
Wrong Input : Fist letter Should be capital and must contains minimum 3 characters :
Wrong Input : Fist letter Should be capital and must contains minimum 3 characters :
Wrong Input : Fist letter Should be capital and must contains minimum 3 characters :
Wrong Input : Fist letter Should be capital and must contains minimum 3 characters :
Wrong Input : Fist letter Should be capital and must contains minimum 3 characters :
Wrong Input : Fist letter Should be capital and must contains minimum 3 characters :
Wrong Input : Fist letter Should be capital and must contains minimum 3 characters :
Wrong Input : Fist letter Should be capital and must contains minimum 3 characters :
Wrong Input : Fist letter Should be capital and must contains minimum 3 characters :
Wrong Input : Fist letter Should be capital and must contains minimum 3 characters :
Wrong Input : Fist letter Should be capital and must contains minimum 3 characters :
Wrong Input : Fist letter Should be capital and must contains minimum 3 characters :
Wrong Input : Fist letter Should be capital and must contains minimum 3 characters :
Wrong Input : Fist letter Should be capital and must contains minimum 3 characters :
Wrong Input : Fist letter Should be capital and must contains minimum 3 characters :
Wrong Input : Fist letter Should be capital and must contains minimum 3 characters :
Wrong Input : Fist letter Should be capital and must contains minimum 3 characters :
Wrong Input : Fist letter Should be capital and must contains minimum 3 characters :
Wrong Input : Fist letter Should be capital and must contains minimum 3 characters :
Wrong Input : Fist letter Should be capital and must contains minimum 3 characters :
Wrong Input : Fist letter Should be capital and must contains minimum 3 characters :
Wrong Input : Fist letter Should be capital and must contains minimum 3 characters :
Wrong Input : Fist letter Should be capital and must contains minimum 3 characters :
Wrong Input : Fist letter Should be capital and must contains minimum 3 characters :
Wrong Input : Fist letter Should be capital and must contains minimum 3 characters :
Wrong Input : Fist letter Should be capital and must contains minimum 3 characters :
Wrong Input : Fist letter Should be capital and must contains minimum 3 characters :
Wrong Input : Fist letter Should be capital and must contains minimum 3 characters :
Wrong Input : Fist letter Should be capital and must contains minimum 3 characters :
Wrong Input : Fist letter Should be capital and must contains minimum 3 characters :
Wrong Input : Fist letter Should be capital and must contains minimum 3 characters :
Wrong Input : Fist letter Should be capital and must contains minimum 3 characters :
Wrong Input : Fist letter Should be capital and must contains minimum 3 characters :
Wrong Input : Fist letter Should be capital and must contains minimum 3 characters :
Wrong Input : Fist letter Should be capital and must contains minimum 3 characters :
Wrong Input : Fist letter Should be capital and must contains minimum 3 characters :
Wrong Input : Fist letter Should be capital and must contains minimum 3 characters :
Wrong Input : Fist letter Should be capital and must contains minimum 3 characters :
Wrong Input : Fist letter Should be capital and must contains minimum 3 characters :
Wrong Input : Fist letter Should be capital and must contains minimum 3 characters :
Wrong Input : Fist letter Should be capital and must contains minimum 3 characters :
Wrong Input : Fist letter Should be capital and must contains minimum 3 characters :
Wrong Input : Fist letter Should be capital and must contains minimum 3 characters :
Wrong Input : Fist letter Should be capital and must contains minimum 3 characters :
Wrong Input : Fist letter Should be capital and must contains minimum 3 characters :
Wrong Input : Fist letter Should be capital and must contains minimum 3 characters :
Wrong Input : Fist letter Should be capital and must contains minimum 3 characters :
Wrong Input : Fist letter Should be capital and must contains minimum 3 characters :
Wrong Input : Fist letter Should be capital and must contains minimum 3 characters :
Wrong Input : Fist letter Should be capital and must contains minimum 3 characters :
Wrong Input : Fist letter Should be capital and must contains minimum 3 characters :
Wrong Input : Fist letter Should be capital and must contains minimum 3 characters :
Wrong Input : Fist letter Should be capital and must contains minimum 3 characters :
Wrong Input : Fist letter Should be capital and must contains minimum 3 characters :
Wrong Input : Fist letter Should be capital and must contains minimum 3 characters :
Wrong Input : Fist letter Should be capital and must contains minimum 3 characters :
Wrong Input : Fist letter Should be capital and must contains minimum 3 characters :
Wrong Input : Fist letter Should be capital and must contains minimum 3 characters :
Wrong Input : Fist letter Should be capital and must contains minimum 3 characters :
Wrong Input : Fist letter Should be capital and must contains minimum 3 characters :
Wrong Input : Fist letter Should be capital and must contains minimum 3 characters :
Wrong Input : Fist letter Should be capital and must contains minimum 3 characters :
Wrong Input : Fist letter Should be capital and must contains minimum 3 characters :
Wrong Input : Fist letter Should be capital and must contains minimum 3 characters :
Wrong Input : Fist letter Should be capital and must contains minimum 3 characters :
Wrong Input : Fist letter Should be capital and must contains minimum 3 characters :
Wrong Input : Fist letter Should be capital and must contains minimum 3 characters :
Wrong Input : Fist letter Should be capital and must contains minimum 3 characters :
Wrong Input : Fist letter Should be capital and must contains minimum 3 characters :
Wrong Input : Fist letter Should be capital and must contains minimum 3 characters :
Wrong Input : Fist letter Should be capital and must contains minimum 3 characters :
Wrong Input : Fist letter Should be capital and must contains minimum 3 characters :
Wrong Input : Fist letter Should be capital and must contains minimum 3 characters :
Wrong Input : Fist letter Should be capital and must contains minimum 3 characters :
Wrong Input : Fist letter Should be capital and must contains minimum 3 characters :
Wrong Input : Fist letter Should be capital and must contains minimum 3 characters :
Wrong Input : Fist letter Should be capital and must contains minimum 3 characters :
Wrong Input : Fist letter Should be capital and must contains minimum 3 characters :
Wrong Input : Fist letter Should be capital and must contains minimum 3 characters :
Wrong Input : Fist letter Should be capital and must contains minimum 3 characters :
Wrong Input : Fist letter Should be capital and must contains minimum 3 characters :
Wrong Input : Fist letter Should be capital and must contains minimum 3 characters :
Wrong Input : Fist letter Should be capital and must contains minimum 3 characters :
Wrong Input : Fist letter Should be capital and must contains minimum 3 characters :
Wrong Input : Fist letter Should be capital and must contains minimum 3 characters :
Wrong Input : Fist letter Should be capital and must contains minimum 3 characters :
Wrong Input : Fist letter Should be capital and must contains minimum 3 characters :
Wrong Input : Fist letter Should be capital and must contains minimum 3 characters :
Wrong Input : Fist letter Should be capital and must contains minimum 3 characters :
Wrong Input : Fist letter Should be capital and must contains minimum 3 characters :
Wrong Input : Fist letter Should be capital and must contains minimum 3 characters :
Wrong Input : Fist letter Should be capital and must contains minimum 3 characters :
Wrong Input : Fist letter Should be capital and must contains minimum 3 characters :
Wrong Input : Fist letter Should be capital and must contains minimum 3 characters :
Wrong Input : Fist letter Should be capital and must contains minimum 3 characters :
Wrong Input : Fist letter Should be capital and must contains minimum 3 characters :
Wrong Input : Fist letter Should be capital and must contains minimum 3 characters :
Wrong Input : Fist letter Should be capital and must contains minimum 3 characters :
Wrong Input : Fist letter Should be capital and must contains minimum 3 characters :
Wrong Input : Fist letter Should be capital and must contains minimum 3 characters :
Wrong Input : Fist letter Should be capital and must contains minimum 3 characters :
Wrong Input : Fist letter Should be capital and must contains minimum 3 characters :
Wrong Input : Fist letter Should be capital and must contains minimum 3 characters :
Wrong Input : Fist letter Should be capital and must contains minimum 3 characters :
Wrong Input : Fist letter Should be capital and must contains minimum 3 characters :
Wrong Input : Fist letter Should be capital and must contains minimum 3 characters :
Wrong Input : Fist letter Should be capital and must contains minimum 3 characters :
Wrong Input : Fist letter Should be capital and must contains minimum 3 characters :
Wrong Input : Fist letter Should be capital and must contains minimum 3 characters :
Wrong Input : Fist letter Should be capital and must contains minimum 3 characters :
Wrong Input : Fist letter Should be capital and must contains minimum 3 characters :
Wrong Input : Fist letter Should be capital and must contains minimum 3 characters :
Wrong Input : Fist letter Should be capital and must contains minimum 3 characters :
Wrong Input : Fist letter Should be capital and must contains minimum 3 characters :
Wrong Input : Fist letter Should be capital and must contains minimum 3 characters :
Wrong Input : Fist letter Should be capital and must contains minimum 3 characters :
Wrong Input : Fist letter Should be capital and must contains minimum 3 characters :
Wrong Input : Fist letter Should be capital and must contains minimum 3 characters :
Wrong Input : Fist letter Should be capital and must contains minimum 3 characters :
Wrong Input : Fist letter Should be capital and must contains minimum 3 characters :
Wrong Input : Fist letter Should be capital and must contains minimum 3 characters :
Wrong Input : Fist letter Should be capital and must contains minimum 3 characters :
Wrong Input : Fist letter Should be capital and must contains minimum 3 characters :
Wrong Input : Fist letter Should be capital and must contains minimum 3 characters :
Wrong Input : Fist letter Should be capital and must contains minimum 3 characters :
Wrong Input : Fist letter Should be capital and must contains minimum 3 characters :
Wrong Input : Fist letter Should be capital and must contains minimum 3 characters :
Wrong Input : Fist letter Should be capital and must contains minimum 3 characters :
Wrong Input : Fist letter Should be capital and must contains minimum 3 characters :
Wrong Input : Fist letter Should be capital and must contains minimum 3 characters :
Wrong Input : Fist letter Should be capital and must contains minimum 3 characters :
Wrong Input : Fist letter Should be capital and must contains minimum 3 characters :
Wrong Input : Fist letter Should be capital and must contains minimum 3 characters :
Wrong Input : Fist letter Should be capital and must contains minimum 3 characters :
Wrong Input : Fist letter Should be capital and must contains minimum 3 characters :
Wrong Input : Fist letter Should be capital and must contains minimum 3 characters :
Wrong Input : Fist letter Should be capital and must contains minimum 3 characters :
Wrong Input : Fist letter Should be capital and must contains minimum 3 characters :
Wrong Input : Fist letter Should be capital and must contains minimum 3 characters :
Wrong Input : Fist letter Should be capital and must contains minimum 3 characters :
Wrong Input : Fist letter Should be capital and must contains minimum 3 characters :
Wrong Input : Fist letter Should be capital and must contains minimum 3 characters :
Wrong Input : Fist letter Should be capital and must contains minimum 3 characters :
Wrong Input : Fist letter Should be capital and must contains minimum 3 characters :
Wrong Input : Fist letter Should be capital and must contains minimum 3 characters :
Wrong Input : Fist letter Should be capital and must contains minimum 3 characters :
Wrong Input : Fist letter Should be capital and must contains minimum 3 characters :
Wrong Input : Fist letter Should be capital and must contains minimum 3 characters :
Wrong Input : Fist letter Should be capital and must contains minimum 3 characters :
Wrong Input : Fist letter Should be capital and must contains minimum 3 characters :
Wrong Input : Fist letter Should be capital and must contains minimum 3 characters :
Wrong Input : Fist letter Should be capital and must contains minimum 3 characters :
Wrong Input : Fist letter Should be capital and must contains minimum 3 characters :
Wrong Input : Fist letter Should be capital and must contains minimum 3 characters :
Wrong Input : Fist letter Should be capital and must contains minimum 3 characters :
Wrong Input : Fist letter Should be capital and must contains minimum 3 characters :
Wrong Input : Fist letter Should be capital and must contains minimum 3 characters :
Wrong Input : Fist letter Should be capital and must contains minimum 3 characters :
Wrong Input : Fist letter Should be capital and must contains minimum 3 characters :
Wrong Input : Fist letter Should be capital and must contains minimum 3 characters :
Wrong Input : Fist letter Should be capital and must contains minimum 3 characters :
Wrong Input : Fist letter Should be capital and must contains minimum 3 characters :
Wrong Input : Fist letter Should be capital and must contains minimum 3 characters :
Wrong Input : Fist letter Should be capital and must contains minimum 3 characters :
Wrong Input : Fist letter Should be capital and must contains minimum 3 characters :
Wrong Input : Fist letter Should be capital and must contains minimum 3 characters :
Wrong Input : Fist letter Should be capital and must contains minimum 3 characters :
Wrong Input : Fist letter Should be capital and must contains minimum 3 characters :
Wrong Input : Fist letter Should be capital and must contains minimum 3 characters :
Wrong Input : Fist letter Should be capital and must contains minimum 3 characters :
Wrong Input : Fist letter Should be capital and must contains minimum 3 characters :
Wrong Input : Fist letter Should be capital and must contains minimum 3 characters :
Wrong Input : Fist letter Should be capital and must contains minimum 3 characters :
Wrong Input : Fist letter Should be capital and must contains minimum 3 characters :
Wrong Input : Fist letter Should be capital and must contains minimum 3 characters :
Wrong Input : Fist letter Should be capital and must contains minimum 3 characters :
Wrong Input : Fist letter Should be capital and must contains minimum 3 characters :
Wrong Input : Fist letter Should be capital and must contains minimum 3 characters :
Wrong Input : Fist letter Should be capital and must contains minimum 3 characters :
Wrong Input : Fist letter Should be capital and must contains minimum 3 characters :
Wrong Input : Fist letter Should be capital and must contains minimum 3 characters :
Wrong Input : Fist letter Should be capital and must contains minimum 3 characters :
Wrong Input : Fist letter Should be capital and must contains minimum 3 characters :
Wrong Input : Fist letter Should be capital and must contains minimum 3 characters :
Wrong Input : Fist letter Should be capital and must contains minimum 3 characters :
Wrong Input : Fist letter Should be capital and must contains minimum 3 characters :
Wrong Input : Fist letter Should be capital and must contains minimum 3 characters :
Wrong Input : Fist letter Should be capital and must contains minimum 3 characters :
Wrong Input : Fist letter Should be capital and must contains minimum 3 characters :
Wrong Input : Fist letter Should be capital and must contains minimum 3 characters :
Wrong Input : Fist letter Should be capital and must contains minimum 3 characters :
Wrong Input : Fist letter Should be capital and must contains minimum 3 characters :
Wrong Input : Fist letter Should be capital and must contains minimum 3 characters :
Wrong Input : Fist letter Should be capital and must contains minimum 3 characters :
Wrong Input : Fist letter Should be capital and must contains minimum 3 characters :
Wrong Input : Fist letter Should be capital and must contains minimum 3 characters :
Wrong Input : Fist letter Should be capital and must contains minimum 3 characters :
Wrong Input : Fist letter Should be capital and must contains minimum 3 characters :
Wrong Input : Fist letter Should be capital and must contains minimum 3 characters :
Wrong Input : Fist letter Should be capital and must contains minimum 3 characters :
Wrong Input : Fist letter Should be capital and must contains minimum 3 characters :
Wrong Input : Fist letter Should be capital and must contains minimum 3 characters :
Wrong Input : Fist letter Should be capital and must contains minimum 3 characters :
Wrong Input : Fist letter Should be capital and must contains minimum 3 characters :
Wrong Input : Fist letter Should be capital and must contains minimum 3 characters :
Wrong Input : Fist letter Should be capital and must contains minimum 3 characters :
Wrong Input : Fist letter Should be capital and must contains minimum 3 characters :
Wrong Input : Fist letter Should be capital and must contains minimum 3 characters :
Wrong Input : Fist letter Should be capital and must contains minimum 3 characters :
Wrong Input : Fist letter Should be capital and must contains minimum 3 characters :
Wrong Input : Fist letter Should be capital and must contains minimum 3 characters :
Wrong Input : Fist letter Should be capital and must contains minimum 3 characters :
Wrong Input : Fist letter Should be capital and must contains minimum 3 characters :
Wrong Input : Fist letter Should be capital and must contains minimum 3 characters :
Wrong Input : Fist letter Should be capital and must contains minimum 3 characters :
Wrong Input : Fist letter Should be capital and must contains minimum 3 characters :
Wrong Input : Fist letter Should be capital and must contains minimum 3 characters :
Wrong Input : Fist letter Should be capital and must contains minimum 3 characters :
Wrong Input : Fist letter Should be capital and must contains minimum 3 characters :
Wrong Input : Fist letter Should be capital and must contains minimum 3 characters :
Wrong Input : Fist letter Should be capital and must contains minimum 3 characters :
Wrong Input : Fist letter Should be capital and must contains minimum 3 characters :
Wrong Input : Fist letter Should be capital and must contains minimum 3 characters :
Wrong Input : Fist letter Should be capital and must contains minimum 3 characters :
Wrong Input : Fist letter Should be capital and must contains minimum 3 characters :
Wrong Input : Fist letter Should be capital and must contains minimum 3 characters :
Wrong Input : Fist letter Should be capital and must contains minimum 3 characters :
Wrong Input : Fist letter Should be capital and must contains minimum 3 characters :
Wrong Input : Fist letter Should be capital and must contains minimum 3 characters :
Wrong Input : Fist letter Should be capital and must contains minimum 3 characters :
Wrong Input : Fist letter Should be capital and must contains minimum 3 characters :
Wrong Input : Fist letter Should be capital and must contains minimum 3 characters :
Wrong Input : Fist letter Should be capital and must contains minimum 3 characters :
Wrong Input : Fist letter Should be capital and must contains minimum 3 characters :
Wrong Input : Fist letter Should be capital and must contains minimum 3 characters :
Wrong Input : Fist letter Should be capital and must contains minimum 3 characters :
Wrong Input : Fist letter Should be capital and must contains minimum 3 characters :
Wrong Input : Fist letter Should be capital and must contains minimum 3 characters :
Wrong Input : Fist letter Should be capital and must contains minimum 3 characters :
Wrong Input : Fist letter Should be capital and must contains minimum 3 characters :
Wrong Input : Fist letter Should be capital and must contains minimum 3 characters :
Wrong Input : Fist letter Should be capital and must contains minimum 3 characters :
Wrong Input : Fist letter Should be capital and must contains minimum 3 characters :
Wrong Input : Fist letter Should be capital and must contains minimum 3 characters :
Wrong Input : Fist letter Should be capital and must contains minimum 3 characters :
Wrong Input : Fist letter Should be capital and must contains minimum 3 characters :
Wrong Input : Fist letter Should be capital and must contains minimum 3 characters :
Wrong Input : Fist letter Should be capital and must contains minimum 3 characters :
Wrong Input : Fist letter Should be capital and must contains minimum 3 characters :
Wrong Input : Fist letter Should be capital and must contains minimum 3 characters :
Wrong Input : Fist letter Should be capital and must contains minimum 3 characters :
Wrong Input : Fist letter Should be capital and must contains minimum 3 characters :
Wrong Input : Fist letter Should be capital and must contains minimum 3 characters :
Wrong Input : Fist letter Should be capital and must contains minimum 3 characters :
Wrong Input : Fist letter Should be capital and must contains minimum 3 characters :
Wrong Input : Fist letter Should be capital and must contains minimum 3 characters :
Wrong Input : Fist letter Should be capital and must contains minimum 3 characters :
Wrong Input : Fist letter Should be capital and must contains minimum 3 characters :
Wrong Input : Fist letter Should be capital and must contains minimum 3 characters :
Wrong Input : Fist letter Should be capital and must contains minimum 3 characters :
Wrong Input : Fist letter Should be capital and must contains minimum 3 characters :
Wrong Input : Fist letter Should be capital and must contains minimum 3 characters :
Wrong Input : Fist letter Should be capital and must contains minimum 3 characters :
Wrong Input : Fist letter Should be capital and must contains minimum 3 characters :
Wrong Input : Fist letter Should be capital and must contains minimum 3 characters :
Wrong Input : Fist letter Should be capital and must contains minimum 3 characters :
Wrong Input : Fist letter Should be capital and must contains minimum 3 characters :
Wrong Input : Fist letter Should be capital and must contains minimum 3 characters :
Wrong Input : Fist letter Should be capital and must contains minimum 3 characters :
Wrong Input : Fist letter Should be capital and must contains minimum 3 characters :
Wrong Input : Fist letter Should be capital and must contains minimum 3 characters :
Wrong Input : Fist letter Should be capital and must contains minimum 3 characters :
Wrong Input : Fist letter Should be capital and must contains minimum 3 characters :
Wrong Input : Fist letter Should be capital and must contains minimum 3 characters :
Wrong Input : Fist letter Should be capital and must contains minimum 3 characters :
Wrong Input : Fist letter Should be capital and must contains minimum 3 characters :
Wrong Input : Fist letter Should be capital and must contains minimum 3 characters :
Wrong Input : Fist letter Should be capital and must contains minimum 3 characters :
Wrong Input : Fist letter Should be capital and must contains minimum 3 characters :
Wrong Input : Fist letter Should be capital and must contains minimum 3 characters :
Wrong Input : Fist letter Should be capital and must contains minimum 3 characters :
Wrong Input : Fist letter Should be capital and must contains minimum 3 characters :
Wrong Input : Fist letter Should be capital and must contains minimum 3 characters :
Wrong Input : Fist letter Should be capital and must contains minimum 3 characters :
Wrong Input : Fist letter Should be capital and must contains minimum 3 characters :
Wrong Input : Fist letter Should be capital and must contains minimum 3 characters :
Wrong Input : Fist letter Should be capital and must contains minimum 3 characters :
Wrong Input : Fist letter Should be capital and must contains minimum 3 characters :
Wrong Input : Fist letter Should be capital and must contains minimum 3 characters :
Wrong Input : Fist letter Should be capital and must contains minimum 3 characters :
Wrong Input : Fist letter Should be capital and must contains minimum 3 characters :
Wrong Input : Fist letter Should be capital and must contains minimum 3 characters :
Wrong Input : Fist letter Should be capital and must contains minimum 3 characters :
Wrong Input : Fist letter Should be capital and must contains minimum 3 characters :
Wrong Input : Fist letter Should be capital and must contains minimum 3 characters :
Wrong Input : Fist letter Should be capital and must contains minimum 3 characters :
Wrong Input : Fist letter Should be capital and must contains minimum 3 characters :
Wrong Input : Fist letter Should be capital and must contains minimum 3 characters :
Wrong Input : Fist letter Should be capital and must contains minimum 3 characters :
Wrong Input : Fist letter Should be capital and must contains minimum 3 characters :
Wrong Input : Fist letter Should be capital and must contains minimum 3 characters :
Wrong Input : Fist letter Should be capital and must contains minimum 3 characters :
Wrong Input : Fist letter Should be capital and must contains minimum 3 characters :
Wrong Input : Fist letter Should be capital and must contains minimum 3 characters :
Wrong Input : Fist letter Should be capital and must contains minimum 3 characters :
Wrong Input : Fist letter Should be capital and must contains minimum 3 characters :
Wrong Input : Fist letter Should be capital and must contains minimum 3 characters :
Wrong Input : Fist letter Should be capital and must contains minimum 3 characters :
Wrong Input : Fist letter Should be capital and must contains minimum 3 characters :
Wrong Input : Fist letter Should be capital and must contains minimum 3 characters :
Wrong Input : Fist letter Should be capital and must contains minimum 3 characters :
Wrong Input : Fist letter Should be capital and must contains minimum 3 characters :
Wrong Input : Fist letter Should be capital and must contains minimum 3 characters :
Wrong Input : Fist letter Should be capital and must contains minimum 3 characters :
Wrong Input : Fist letter Should be capital and must contains minimum 3 characters :
Wrong Input : Fist letter Should be capital and must contains minimum 3 characters :
Wrong Input : Fist letter Should be capital and must contains minimum 3 characters :
Wrong Input : Fist letter Should be capital and must contains minimum 3 characters :
Wrong Input : Fist letter Should be capital and must contains minimum 3 characters :
Wrong Input : Fist letter Should be capital and must contains minimum 3 characters :
Wrong Input : Fist letter Should be capital and must contains minimum 3 characters :
Wrong Input : Fist letter Should be capital and must contains minimum 3 characters :
Wrong Input : Fist letter Should be capital and must contains minimum 3 characters :
Wrong Input : Fist letter Should be capital and must contains minimum 3 characters :
Wrong Input : Fist letter Should be capital and must contains minimum 3 characters :
Wrong Input : Fist letter Should be capital and must contains minimum 3 characters :
Wrong Input : Fist letter Should be capital and must contains minimum 3 characters :
Wrong Input : Fist letter Should be capital and must contains minimum 3 characters :
Wrong Input : Fist letter Should be capital and must contains minimum 3 characters :
Wrong Input : Fist letter Should be capital and must contains minimum 3 characters :
Wrong Input : Fist letter Should be capital and must contains minimum 3 characters :
Wrong Input : Fist letter Should be capital and must contains minimum 3 characters :
Wrong Input : Fist letter Should be capital and must contains minimum 3 characters :
Wrong Input : Fist letter Should be capital and must contains minimum 3 characters :
Wrong Input : Fist letter Should be capital and must contains minimum 3 characters :
Wrong Input : Fist letter Should be capital and must contains minimum 3 characters :
Wrong Input : Fist letter Should be capital and must contains minimum 3 characters :
Wrong Input : Fist letter Should be capital and must contains minimum 3 characters :
Wrong Input : Fist letter Should be capital and must contains minimum 3 characters :
Wrong Input : Fist letter Should be capital and must contains minimum 3 characters :
Wrong Input : Fist letter Should be capital and must contains minimum 3 characters :
Wrong Input : Fist letter Should be capital and must contains minimum 3 characters :
Wrong Input : Fist letter Should be capital and must contains minimum 3 characters :
Wrong Input : Fist letter Should be capital and must contains minimum 3 characters :
Wrong Input : Fist letter Should be capital and must contains minimum 3 characters :
Wrong Input : Fist letter Should be capital and must contains minimum 3 characters :
Wrong Input : Fist letter Should be capital and must contains minimum 3 characters :
Wrong Input : Fist letter Should be capital and must contains minimum 3 characters :
Wrong Input : Fist letter Should be capital and must contains minimum 3 characters :
Wrong Input : Fist letter Should be capital and must contains minimum 3 characters :
Wrong Input : Fist letter Should be capital and must contains minimum 3 characters :
Wrong Input : Fist letter Should be capital and must contains minimum 3 characters :
Wrong Input : Fist letter Should be capital and must contains minimum 3 characters :
Wrong Input : Fist letter Should be capital and must contains minimum 3 characters :
Wrong Input : Fist letter Should be capital and must contains minimum 3 characters :
Wrong Input : Fist letter Should be capital and must contains minimum 3 characters :
Wrong Input : Fist letter Should be capital and must contains minimum 3 characters :
Wrong Input : Fist letter Should be capital and must contains minimum 3 characters :
Wrong Input : Fist letter Should be capital and must contains minimum 3 characters :
Wrong Input : Fist letter Should be capital and must contains minimum 3 characters :
Wrong Input : Fist letter Should be capital and must contains minimum 3 characters :
Wrong Input : Fist letter Should be capital and must contains minimum 3 characters :
Wrong Input : Fist letter Should be capital and must contains minimum 3 characters :
Wrong Input : Fist letter Should be capital and must contains minimum 3 characters :
Wrong Input : Fist letter Should be capital and must contains minimum 3 characters :
Wrong Input : Fist letter Should be capital and must contains minimum 3 characters :
Wrong Input : Fist letter Should be capital and must contains minimum 3 characters :
Wrong Input : Fist letter Should be capital and must contains minimum 3 characters :
Wrong Input : Fist letter Should be capital and must contains minimum 3 characters :
Wrong Input : Fist letter Should be capital and must contains minimum 3 characters :
Wrong Input : Fist letter Should be capital and must contains minimum 3 characters :
Wrong Input : Fist letter Should be capital and must contains minimum 3 characters :
Wrong Input : Fist letter Should be capital and must contains minimum 3 characters :
Wrong Input : Fist letter Should be capital and must contains minimum 3 characters :
Wrong Input : Fist letter Should be capital and must contains minimum 3 characters :
Wrong Input : Fist letter Should be capital and must contains minimum 3 characters :
Wrong Input : Fist letter Should be capital and must contains minimum 3 characters :
Wrong Input : Fist letter Should be capital and must contains minimum 3 characters :
Wrong Input : Fist letter Should be capital and must contains minimum 3 characters :
Wrong Input : Fist letter Should be capital and must contains minimum 3 characters :
Wrong Input : Fist letter Should be capital and must contains minimum 3 characters :
Wrong Input : Fist letter Should be capital and must contains minimum 3 characters :
Wrong Input : Fist letter Should be capital and must contains minimum 3 characters :
Wrong Input : Fist letter Should be capital and must contains minimum 3 characters :
Wrong Input : Fist letter Should be capital and must contains minimum 3 characters :
Wrong Input : Fist letter Should be capital and must contains minimum 3 characters :
Wrong Input : Fist letter Should be capital and must contains minimum 3 characters :
Wrong Input : Fist letter Should be capital and must contains minimum 3 characters :
Wrong Input : Fist letter Should be capital and must contains minimum 3 characters :
Wrong Input : Fist letter Should be capital and must contains minimum 3 characters :
Wrong Input : Fist letter Should be capital and must contains minimum 3 characters :
Wrong Input : Fist letter Should be capital and must contains minimum 3 characters :
Wrong Input : Fist letter Should be capital and must contains minimum 3 characters :
Wrong Input : Fist letter Should be capital and must contains minimum 3 characters :
Wrong Input : Fist letter Should be capital and must contains minimum 3 characters :
Wrong Input : Fist letter Should be capital and must contains minimum 3 characters :
Wrong Input : Fist letter Should be capital and must contains minimum 3 characters :
Wrong Input : Fist letter Should be capital and must contains minimum 3 characters :
Wrong Input : Fist letter Should be capital and must contains minimum 3 characters :
Wrong Input : Fist letter Should be capital and must contains minimum 3 characters :
Wrong Input : Fist letter Should be capital and must contains minimum 3 characters :
Wrong Input : Fist letter Should be capital and must contains minimum 3 characters :
Wrong Input : Fist letter Should be capital and must contains minimum 3 characters :
Wrong Input : Fist letter Should be capital and must contains minimum 3 characters :
Wrong Input : Fist letter Should be capital and must contains minimum 3 characters :
Wrong Input : Fist letter Should be capital and must contains minimum 3 characters :
Wrong Input : Fist letter Should be capital and must contains minimum 3 characters :
Wrong Input : Fist letter Should be capital and must contains minimum 3 characters :
Wrong Input : Fist letter Should be capital and must contains minimum 3 characters :
Wrong Input : Fist letter Should be capital and must contains minimum 3 characters :
Wrong Input : Fist letter Should be capital and must contains minimum 3 characters :
Wrong Input : Fist letter Should be capital and must contains minimum 3 characters :
Wrong Input : Fist letter Should be capital and must contains minimum 3 characters :
Wrong Input : Fist letter Should be capital and must contains minimum 3 characters :
Wrong Input : Fist letter Should be capital and must contains minimum 3 characters :
Wrong Input : Fist letter Should be capital and must contains minimum 3 characters :
Wrong Input : Fist letter Should be capital and must contains minimum 3 characters :
Wrong Input : Fist letter Should be capital and must contains minimum 3 characters :
Wrong Input : Fist letter Should be capital and must contains minimum 3 characters :
Wrong Input : Fist letter Should be capital and must contains minimum 3 characters :
Wrong Input : Fist letter Should be capital and must contains minimum 3 characters :
Wrong Input : Fist letter Should be capital and must contains minimum 3 characters :
Wrong Input : Fist letter Should be capital and must contains minimum 3 characters :
Wrong Input : Fist letter Should be capital and must contains minimum 3 characters :
Wrong Input : Fist letter Should be capital and must contains minimum 3 characters :
Wrong Input : Fist letter Should be capital and must contains minimum 3 characters :
Wrong Input : Fist letter Should be capital and must contains minimum 3 characters :
Wrong Input : Fist letter Should be capital and must contains minimum 3 characters :
Wrong Input : Fist letter Should be capital and must contains minimum 3 characters :
Wrong Input : Fist letter Should be capital and must contains minimum 3 characters :
Wrong Input : Fist letter Should be capital and must contains minimum 3 characters :
Wrong Input : Fist letter Should be capital and must contains minimum 3 characters :
Wrong Input : Fist letter Should be capital and must contains minimum 3 characters :
Wrong Input : Fist letter Should be capital and must contains minimum 3 characters :
Wrong Input : Fist letter Should be capital and must contains minimum 3 characters :
Wrong Input : Fist letter Should be capital and must contains minimum 3 characters :
Wrong Input : Fist letter Should be capital and must contains minimum 3 characters :
Wrong Input : Fist letter Should be capital and must contains minimum 3 characters :
Wrong Input : Fist letter Should be capital and must contains minimum 3 characters :
Wrong Input : Fist letter Should be capital and must contains minimum 3 characters :
Wrong Input : Fist letter Should be capital and must contains minimum 3 characters :
Wrong Input : Fist letter Should be capital and must contains minimum 3 characters :
Wrong Input : Fist letter Should be capital and must contains minimum 3 characters :
Wrong Input : Fist letter Should be capital and must contains minimum 3 characters :
Wrong Input : Fist letter Should be capital and must contains minimum 3 characters :
Wrong Input : Fist letter Should be capital and must contains minimum 3 characters :
Wrong Input : Fist letter Should be capital and must contains minimum 3 characters :
Wrong Input : Fist letter Should be capital and must contains minimum 3 characters :
Wrong Input : Fist letter Should be capital and must contains minimum 3 characters :
Wrong Input : Fist letter Should be capital and must contains minimum 3 characters :
Wrong Input : Fist letter Should be capital and must contains minimum 3 characters :
Wrong Input : Fist letter Should be capital and must contains minimum 3 characters :
Wrong Input : Fist letter Should be capital and must contains minimum 3 characters :
Wrong Input : Fist letter Should be capital and must contains minimum 3 characters :
Wrong Input : Fist letter Should be capital and must contains minimum 3 characters :
Wrong Input : Fist letter Should be capital and must contains minimum 3 characters :
Wrong Input : Fist letter Should be capital and must contains minimum 3 characters :
Wrong Input : Fist letter Should be capital and must contains minimum 3 characters :
Wrong Input : Fist letter Should be capital and must contains minimum 3 characters :
Wrong Input : Fist letter Should be capital and must contains minimum 3 characters :
Wrong Input : Fist letter Should be capital and must contains minimum 3 characters :
Wrong Input : Fist letter Should be capital and must contains minimum 3 characters :
Wrong Input : Fist letter Should be capital and must contains minimum 3 characters :
Wrong Input : Fist letter Should be capital and must contains minimum 3 characters :
Wrong Input : Fist letter Should be capital and must contains minimum 3 characters :
Wrong Input : Fist letter Should be capital and must contains minimum 3 characters :
Wrong Input : Fist letter Should be capital and must contains minimum 3 characters :
Wrong Input : Fist letter Should be capital and must contains minimum 3 characters :
Wrong Input : Fist letter Should be capital and must contains minimum 3 characters :
Wrong Input : Fist letter Should be capital and must contains minimum 3 characters :
Wrong Input : Fist letter Should be capital and must contains minimum 3 characters :
Wrong Input : Fist letter Should be capital and must contains minimum 3 characters :
Wrong Input : Fist letter Should be capital and must contains minimum 3 characters :
Wrong Input : Fist letter Should be capital and must contains minimum 3 characters :
Wrong Input : Fist letter Should be capital and must contains minimum 3 characters :
Wrong Input : Fist letter Should be capital and must contains minimum 3 characters :
Wrong Input : Fist letter Should be capital and must contains minimum 3 characters :
Wrong Input : Fist letter Should be capital and must contains minimum 3 characters :
Wrong Input : Fist letter Should be capital and must contains minimum 3 characters :
Wrong Input : Fist letter Should be capital and must contains minimum 3 characters :
Wrong Input : Fist letter Should be capital and must contains minimum 3 characters :
Wrong Input : Fist letter Should be capital and must contains minimum 3 characters :
Wrong Input : Fist letter Should be capital and must contains minimum 3 characters :
Wrong Input : Fist letter Should be capital and must contains minimum 3 characters :
Wrong Input : Fist letter Should be capital and must contains minimum 3 characters :
Wrong Input : Fist letter Should be capital and must contains minimum 3 characters :
Wrong Input : Fist letter Should be capital and must contains minimum 3 characters :
Wrong Input : Fist letter Should be capital and must contains minimum 3 characters :
Wrong Input : Fist letter Should be capital and must contains minimum 3 characters :
Wrong Input : Fist letter Should be capital and must contains minimum 3 characters :
Wrong Input : Fist letter Should be capital and must contains minimum 3 characters :
Wrong Input : Fist letter Should be capital and must contains minimum 3 characters :
Wrong Input : Fist letter Should be capital and must contains minimum 3 characters :
Wrong Input : Fist letter Should be capital and must contains minimum 3 characters :
Wrong Input : Fist letter Should be capital and must contains minimum 3 characters :
Wrong Input : Fist letter Should be capital and must contains minimum 3 characters :
Wrong Input : Fist letter Should be capital and must contains minimum 3 characters :
Wrong Input : Fist letter Should be capital and must contains minimum 3 characters :
Wrong Input : Fist letter Should be capital and must contains minimum 3 characters :
Wrong Input : Fist letter Should be capital and must contains minimum 3 characters :
Wrong Input : Fist letter Should be capital and must contains minimum 3 characters :
Wrong Input : Fist letter Should be capital and must contains minimum 3 characters :
Wrong Input : Fist letter Should be capital and must contains minimum 3 characters :
Wrong Input : Fist letter Should be capital and must contains minimum 3 characters :
Wrong Input : Fist letter Should be capital and must contains minimum 3 characters :
Wrong Input : Fist letter Should be capital and must contains minimum 3 characters :
Wrong Input : Fist letter Should be capital and must contains minimum 3 characters :
Wrong Input : Fist letter Should be capital and must contains minimum 3 characters :
Wrong Input : Fist letter Should be capital and must contains minimum 3 characters :
Wrong Input : Fist letter Should be capital and must contains minimum 3 characters :
Wrong Input : Fist letter Should be capital and must contains minimum 3 characters :
Wrong Input : Fist letter Should be capital and must contains minimum 3 characters :
Wrong Input : Fist letter Should be capital and must contains minimum 3 characters :
Wrong Input : Fist letter Should be capital and must contains minimum 3 characters :
Wrong Input : Fist letter Should be capital and must contains minimum 3 characters :
Wrong Input : Fist letter Should be capital and must contains minimum 3 characters :
Wrong Input : Fist letter Should be capital and must contains minimum 3 characters :
Wrong Input : Fist letter Should be capital and must contains minimum 3 characters :
Wrong Input : Fist letter Should be capital and must contains minimum 3 characters :
Wrong Input : Fist letter Should be capital and must contains minimum 3 characters :
Wrong Input : Fist letter Should be capital and must contains minimum 3 characters :
Wrong Input : Fist letter Should be capital and must contains minimum 3 characters :
Wrong Input : Fist letter Should be capital and must contains minimum 3 characters :
Wrong Input : Fist letter Should be capital and must contains minimum 3 characters :
Wrong Input : Fist letter Should be capital and must contains minimum 3 characters :
Wrong Input : Fist letter Should be capital and must contains minimum 3 characters :
Wrong Input : Fist letter Should be capital and must contains minimum 3 characters :
Wrong Input : Fist letter Should be capital and must contains minimum 3 characters :
Wrong Input : Fist letter Should be capital and must contains minimum 3 characters :
Wrong Input : Fist letter Should be capital and must contains minimum 3 characters :
Wrong Input : Fist letter Should be capital and must contains minimum 3 characters :
Wrong Input : Fist letter Should be capital and must contains minimum 3 characters :
Wrong Input : Fist letter Should be capital and must contains minimum 3 characters :
Wrong Input : Fist letter Should be capital and must contains minimum 3 characters :
Wrong Input : Fist letter Should be capital and must contains minimum 3 characters :
Wrong Input : Fist letter Should be capital and must contains minimum 3 characters :
Wrong Input : Fist letter Should be capital and must contains minimum 3 characters :
Wrong Input : Fist letter Should be capital and must contains minimum 3 characters :
Wrong Input : Fist letter Should be capital and must contains minimum 3 characters :
Wrong Input : Fist letter Should be capital and must contains minimum 3 characters :
Wrong Input : Fist letter Should be capital and must contains minimum 3 characters :
Wrong Input : Fist letter Should be capital and must contains minimum 3 characters :
Wrong Input : Fist letter Should be capital and must contains minimum 3 characters :
Wrong Input : Fist letter Should be capital and must contains minimum 3 characters :
Wrong Input : Fist letter Should be capital and must contains minimum 3 characters :
Wrong Input : Fist letter Should be capital and must contains minimum 3 characters :
Wrong Input : Fist letter Should be capital and must contains minimum 3 characters :
Wrong Input : Fist letter Should be capital and must contains minimum 3 characters :
Wrong Input : Fist letter Should be capital and must contains minimum 3 characters :
Wrong Input : Fist letter Should be capital and must contains minimum 3 characters :
Wrong Input : Fist letter Should be capital and must contains minimum 3 characters :
Wrong Input : Fist letter Should be capital and must contains minimum 3 characters :
Wrong Input : Fist letter Should be capital and must contains minimum 3 characters :
Wrong Input : Fist letter Should be capital and must contains minimum 3 characters :
Wrong Input : Fist letter Should be capital and must contains minimum 3 characters :
Wrong Input : Fist letter Should be capital and must contains minimum 3 characters :
Wrong Input : Fist letter Should be capital and must contains minimum 3 characters :
Wrong Input : Fist letter Should be capital and must contains minimum 3 characters :
Wrong Input : Fist letter Should be capital and must contains minimum 3 characters :
Wrong Input : Fist letter Should be capital and must contains minimum 3 characters :
Wrong Input : Fist letter Should be capital and must contains minimum 3 characters :
Wrong Input : Fist letter Should be capital and must contains minimum 3 characters :
Wrong Input : Fist letter Should be capital and must contains minimum 3 characters :
Wrong Input : Fist letter Should be capital and must contains minimum 3 characters :
Wrong Input : Fist letter Should be capital and must contains minimum 3 characters :
Wrong Input : Fist letter Should be capital and must contains minimum 3 characters :
Wrong Input : Fist letter Should be capital and must contains minimum 3 characters :
Wrong Input : Fist letter Should be capital and must contains minimum 3 characters :
Wrong Input : Fist letter Should be capital and must contains minimum 3 characters :
Wrong Input : Fist letter Should be capital and must contains minimum 3 characters :
Wrong Input : Fist letter Should be capital and must contains minimum 3 characters :
Wrong Input : Fist letter Should be capital and must contains minimum 3 characters :
Wrong Input : Fist letter Should be capital and must contains minimum 3 characters :
Wrong Input : Fist letter Should be capital and must contains minimum 3 characters :
Wrong Input : Fist letter Should be capital and must contains minimum 3 characters :
Wrong Input : Fist letter Should be capital and must contains minimum 3 characters :
Wrong Input : Fist letter Should be capital and must contains minimum 3 characters :
Wrong Input : Fist letter Should be capital and must contains minimum 3 characters :
Wrong Input : Fist letter Should be capital and must contains minimum 3 characters :
Wrong Input : Fist letter Should be capital and must contains minimum 3 characters :
Wrong Input : Fist letter Should be capital and must contains minimum 3 characters :
Wrong Input : Fist letter Should be capital and must contains minimum 3 characters :
Wrong Input : Fist letter Should be capital and must contains minimum 3 characters :
Wrong Input : Fist letter Should be capital and must contains minimum 3 characters :
Wrong Input : Fist letter Should be capital and must contains minimum 3 characters :
Wrong Input : Fist letter Should be capital and must contains minimum 3 characters :
Wrong Input : Fist letter Should be capital and must contains minimum 3 characters :
Wrong Input : Fist letter Should be capital and must contains minimum 3 characters :
Wrong Input : Fist letter Should be capital and must contains minimum 3 characters :
Wrong Input : Fist letter Should be capital and must contains minimum 3 characters :
Wrong Input : Fist letter Should be capital and must contains minimum 3 characters :
Wrong Input : Fist letter Should be capital and must contains minimum 3 characters :
Wrong Input : Fist letter Should be capital and must contains minimum 3 characters :
Wrong Input : Fist letter Should be capital and must contains minimum 3 characters :
Wrong Input : Fist letter Should be capital and must contains minimum 3 characters :
Wrong Input : Fist letter Should be capital and must contains minimum 3 characters :
Wrong Input : Fist letter Should be capital and must contains minimum 3 characters :
Wrong Input : Fist letter Should be capital and must contains minimum 3 characters :
Wrong Input : Fist letter Should be capital and must contains minimum 3 characters :
Wrong Input : Fist letter Should be capital and must contains minimum 3 characters :
Wrong Input : Fist letter Should be capital and must contains minimum 3 characters :
Wrong Input : Fist letter Should be capital and must contains minimum 3 characters :
Wrong Input : Fist letter Should be capital and must contains minimum 3 characters :
Wrong Input : Fist letter Should be capital and must contains minimum 3 characters :
Wrong Input : Fist letter Should be capital and must contains minimum 3 characters :
Wrong Input : Fist letter Should be capital and must contains minimum 3 characters :
Wrong Input : Fist letter Should be capital and must contains minimum 3 characters :
Wrong Input : Fist letter Should be capital and must contains minimum 3 characters :
Wrong Input : Fist letter Should be capital and must contains minimum 3 characters :
Wrong Input : Fist letter Should be capital and must contains minimum 3 characters :
Wrong Input : Fist letter Should be capital and must contains minimum 3 characters :
Wrong Input : Fist letter Should be capital and must contains minimum 3 characters :
Wrong Input : Fist letter Should be capital and must contains minimum 3 characters :
Wrong Input : Fist letter Should be capital and must contains minimum 3 characters :
Wrong Input : Fist letter Should be capital and must contains minimum 3 characters :
Wrong Input : Fist letter Should be capital and must contains minimum 3 characters :
Wrong Input : Fist letter Should be capital and must contains minimum 3 characters :
Wrong Input : Fist letter Should be capital and must contains minimum 3 characters :
Wrong Input : Fist letter Should be capital and must contains minimum 3 characters :
Wrong Input : Fist letter Should be capital and must contains minimum 3 characters :
Wrong Input : Fist letter Should be capital and must contains minimum 3 characters :
Wrong Input : Fist letter Should be capital and must contains minimum 3 characters :
Wrong Input : Fist letter Should be capital and must contains minimum 3 characters :
Wrong Input : Fist letter Should be capital and must contains minimum 3 characters :
Wrong Input : Fist letter Should be capital and must contains minimum 3 characters :
Wrong Input : Fist letter Should be capital and must contains minimum 3 characters :
Wrong Input : Fist letter Should be capital and must contains minimum 3 characters :
Wrong Input : Fist letter Should be capital and must contains minimum 3 characters :
Wrong Input : Fist letter Should be capital and must contains minimum 3 characters :
Wrong Input : Fist letter Should be capital and must contains minimum 3 characters :
Wrong Input : Fist letter Should be capital and must contains minimum 3 characters :
Wrong Input : Fist letter Should be capital and must contains minimum 3 characters :
Wrong Input : Fist letter Should be capital and must contains minimum 3 characters :
Wrong Input : Fist letter Should be capital and must contains minimum 3 characters :
Wrong Input : Fist letter Should be capital and must contains minimum 3 characters :
Wrong Input : Fist letter Should be capital and must contains minimum 3 characters :
Wrong Input : Fist letter Should be capital and must contains minimum 3 characters :
Wrong Input : Fist letter Should be capital and must contains minimum 3 characters :
Wrong Input : Fist letter Should be capital and must contains minimum 3 characters :
Wrong Input : Fist letter Should be capital and must contains minimum 3 characters :
Wrong Input : Fist letter Should be capital and must contains minimum 3 characters :
Wrong Input : Fist letter Should be capital and must contains minimum 3 characters :
Wrong Input : Fist letter Should be capital and must contains minimum 3 characters :
Wrong Input : Fist letter Should be capital and must contains minimum 3 characters :
Wrong Input : Fist letter Should be capital and must contains minimum 3 characters :
Wrong Input : Fist letter Should be capital and must contains minimum 3 characters :
Wrong Input : Fist letter Should be capital and must contains minimum 3 characters :
Wrong Input : Fist letter Should be capital and must contains minimum 3 characters :
Wrong Input : Fist letter Should be capital and must contains minimum 3 characters :
Wrong Input : Fist letter Should be capital and must contains minimum 3 characters :
Wrong Input : Fist letter Should be capital and must contains minimum 3 characters :
Wrong Input : Fist letter Should be capital and must contains minimum 3 characters :
Wrong Input : Fist letter Should be capital and must contains minimum 3 characters :
Wrong Input : Fist letter Should be capital and must contains minimum 3 characters :
Wrong Input : Fist letter Should be capital and must contains minimum 3 characters :
Wrong Input : Fist letter Should be capital and must contains minimum 3 characters :
Wrong Input : Fist letter Should be capital and must contains minimum 3 characters :
Wrong Input : Fist letter Should be capital and must contains minimum 3 characters :
Wrong Input : Fist letter Should be capital and must contains minimum 3 characters :
Wrong Input : Fist letter Should be capital and must contains minimum 3 characters :
Wrong Input : Fist letter Should be capital and must contains minimum 3 characters :
Wrong Input : Fist letter Should be capital and must contains minimum 3 characters :
Wrong Input : Fist letter Should be capital and must contains minimum 3 characters :
Wrong Input : Fist letter Should be capital and must contains minimum 3 characters :
Wrong Input : Fist letter Should be capital and must contains minimum 3 characters :
Wrong Input : Fist letter Should be capital and must contains minimum 3 characters :
Wrong Input : Fist letter Should be capital and must contains minimum 3 characters :
Wrong Input : Fist letter Should be capital and must contains minimum 3 characters :
Wrong Input : Fist letter Should be capital and must contains minimum 3 characters :
Wrong Input : Fist letter Should be capital and must contains minimum 3 characters :
Wrong Input : Fist letter Should be capital and must contains minimum 3 characters :
Wrong Input : Fist letter Should be capital and must contains minimum 3 characters :
Wrong Input : Fist letter Should be capital and must contains minimum 3 characters :
Wrong Input : Fist letter Should be capital and must contains minimum 3 characters :
Wrong Input : Fist letter Should be capital and must contains minimum 3 characters :
Wrong Input : Fist letter Should be capital and must contains minimum 3 characters :
Wrong Input : Fist letter Should be capital and must contains minimum 3 characters :
Wrong Input : Fist letter Should be capital and must contains minimum 3 characters :
Wrong Input : Fist letter Should be capital and must contains minimum 3 characters :
Wrong Input : Fist letter Should be capital and must contains minimum 3 characters :
Wrong Input : Fist letter Should be capital and must contains minimum 3 characters :
Wrong Input : Fist letter Should be capital and must contains minimum 3 characters :
Wrong Input : Fist letter Should be capital and must contains minimum 3 characters :
Wrong Input : Fist letter Should be capital and must contains minimum 3 characters :
Wrong Input : Fist letter Should be capital and must contains minimum 3 characters :
Wrong Input : Fist letter Should be capital and must contains minimum 3 characters :
Wrong Input : Fist letter Should be capital and must contains minimum 3 characters :
Wrong Input : Fist letter Should be capital and must contains minimum 3 characters :
Wrong Input : Fist letter Should be capital and must contains minimum 3 characters :
Wrong Input : Fist letter Should be capital and must contains minimum 3 characters :
Wrong Input : Fist letter Should be capital and must contains minimum 3 characters :
Wrong Input : Fist letter Should be capital and must contains minimum 3 characters :
Wrong Input : Fist letter Should be capital and must contains minimum 3 characters :
Wrong Input : Fist letter Should be capital and must contains minimum 3 characters :
Wrong Input : Fist letter Should be capital and must contains minimum 3 characters :
Wrong Input : Fist letter Should be capital and must contains minimum 3 characters :
Wrong Input : Fist letter Should be capital and must contains minimum 3 characters :
Wrong Input : Fist letter Should be capital and must contains minimum 3 characters :
Wrong Input : Fist letter Should be capital and must contains minimum 3 characters :
Wrong Input : Fist letter Should be capital and must contains minimum 3 characters :
Wrong Input : Fist letter Should be capital and must contains minimum 3 characters :
Wrong Input : Fist letter Should be capital and must contains minimum 3 characters :
Wrong Input : Fist letter Should be capital and must contains minimum 3 characters :
Wrong Input : Fist letter Should be capital and must contains minimum 3 characters :
Wrong Input : Fist letter Should be capital and must contains minimum 3 characters :
Wrong Input : Fist letter Should be capital and must contains minimum 3 characters :
Wrong Input : Fist letter Should be capital and must contains minimum 3 characters :
Wrong Input : Fist letter Should be capital and must contains minimum 3 characters :
Wrong Input : Fist letter Should be capital and must contains minimum 3 characters :
Wrong Input : Fist letter Should be capital and must contains minimum 3 characters :
Wrong Input : Fist letter Should be capital and must contains minimum 3 characters :
Wrong Input : Fist letter Should be capital and must contains minimum 3 characters :
Wrong Input : Fist letter Should be capital and must contains minimum 3 characters :
Wrong Input : Fist letter Should be capital and must contains minimum 3 characters :
Wrong Input : Fist letter Should be capital and must contains minimum 3 characters :
Wrong Input : Fist letter Should be capital and must contains minimum 3 characters :
Wrong Input : Fist letter Should be capital and must contains minimum 3 characters :
Wrong Input : Fist letter Should be capital and must contains minimum 3 characters :
Wrong Input : Fist letter Should be capital and must contains minimum 3 characters :
Wrong Input : Fist letter Should be capital and must contains minimum 3 characters :
Wrong Input : Fist letter Should be capital and must contains minimum 3 characters :
Wrong Input : Fist letter Should be capital and must contains minimum 3 characters :
Wrong Input : Fist letter Should be capital and must contains minimum 3 characters :
Wrong Input : Fist letter Should be capital and must contains minimum 3 characters :
Wrong Input : Fist letter Should be capital and must contains minimum 3 characters :
Wrong Input : Fist letter Should be capital and must contains minimum 3 characters :
Wrong Input : Fist letter Should be capital and must contains minimum 3 characters :
Wrong Input : Fist letter Should be capital and must contains minimum 3 characters :
Wrong Input : Fist letter Should be capital and must contains minimum 3 characters :
Wrong Input : Fist letter Should be capital and must contains minimum 3 characters :
Wrong Input : Fist letter Should be capital and must contains minimum 3 characters :
Wrong Input : Fist letter Should be capital and must contains minimum 3 characters :
Wrong Input : Fist letter Should be capital and must contains minimum 3 characters :
Wrong Input : Fist letter Should be capital and must contains minimum 3 characters :
Wrong Input : Fist letter Should be capital and must contains minimum 3 characters :
Wrong Input : Fist letter Should be capital and must contains minimum 3 characters :
Wrong Input : Fist letter Should be capital and must contains minimum 3 characters :
Wrong Input : Fist letter Should be capital and must contains minimum 3 characters :
Wrong Input : Fist letter Should be capital and must contains minimum 3 characters :
Wrong Input : Fist letter Should be capital and must contains minimum 3 characters :
Wrong Input : Fist letter Should be capital and must contains minimum 3 characters :
Wrong Input : Fist letter Should be capital and must contains minimum 3 characters :
Wrong Input : Fist letter Should be capital and must contains minimum 3 characters :
Wrong Input : Fist letter Should be capital and must contains minimum 3 characters :
Wrong Input : Fist letter Should be capital and must contains minimum 3 characters :
Wrong Input : Fist letter Should be capital and must contains minimum 3 characters :
Wrong Input : Fist letter Should be capital and must contains minimum 3 characters :
Wrong Input : Fist letter Should be capital and must contains minimum 3 characters :
Wrong Input : Fist letter Should be capital and must contains minimum 3 characters :
Wrong Input : Fist letter Should be capital and must contains minimum 3 characters :
Wrong Input : Fist letter Should be capital and must contains minimum 3 characters :
Wrong Input : Fist letter Should be capital and must contains minimum 3 characters :
Wrong Input : Fist letter Should be capital and must contains minimum 3 characters :
Wrong Input : Fist letter Should be capital and must contains minimum 3 characters :
Wrong Input : Fist letter Should be capital and must contains minimum 3 characters :
Wrong Input : Fist letter Should be capital and must contains minimum 3 characters :
Wrong Input : Fist letter Should be capital and must contains minimum 3 characters :
Wrong Input : Fist letter Should be capital and must contains minimum 3 characters :
Wrong Input : Fist letter Should be capital and must contains minimum 3 characters :
Wrong Input : Fist letter Should be capital and must contains minimum 3 characters :
Wrong Input : Fist letter Should be capital and must contains minimum 3 characters :
Wrong Input : Fist letter Should be capital and must contains minimum 3 characters :
Wrong Input : Fist letter Should be capital and must contains minimum 3 characters :
Wrong Input : Fist letter Should be capital and must contains minimum 3 characters :
Wrong Input : Fist letter Should be capital and must contains minimum 3 characters :
Wrong Input : Fist letter Should be capital and must contains minimum 3 characters :
Wrong Input : Fist letter Should be capital and must contains minimum 3 characters :
Wrong Input : Fist letter Should be capital and must contains minimum 3 characters :
Wrong Input : Fist letter Should be capital and must contains minimum 3 characters :
Wrong Input : Fist letter Should be capital and must contains minimum 3 characters :
Wrong Input : Fist letter Should be capital and must contains minimum 3 characters :
Wrong Input : Fist letter Should be capital and must contains minimum 3 characters :
Wrong Input : Fist letter Should be capital and must contains minimum 3 characters :
Wrong Input : Fist letter Should be capital and must contains minimum 3 characters :
Wrong Input : Fist letter Should be capital and must contains minimum 3 characters :
Wrong Input : Fist letter Should be capital and must contains minimum 3 characters :
Wrong Input : Fist letter Should be capital and must contains minimum 3 characters :
Wrong Input : Fist letter Should be capital and must contains minimum 3 characters :
Wrong Input : Fist letter Should be capital and must contains minimum 3 characters :
Wrong Input : Fist letter Should be capital and must contains minimum 3 characters :
Wrong Input : Fist letter Should be capital and must contains minimum 3 characters :
Wrong Input : Fist letter Should be capital and must contains minimum 3 characters :
Wrong Input : Fist letter Should be capital and must contains minimum 3 characters :
Wrong Input : Fist letter Should be capital and must contains minimum 3 characters :
Wrong Input : Fist letter Should be capital and must contains minimum 3 characters :
Wrong Input : Fist letter Should be capital and must contains minimum 3 characters :
Wrong Input : Fist letter Should be capital and must contains minimum 3 characters :
Wrong Input : Fist letter Should be capital and must contains minimum 3 characters :
Wrong Input : Fist letter Should be capital and must contains minimum 3 characters :
Wrong Input : Fist letter Should be capital and must contains minimum 3 characters :
Wrong Input : Fist letter Should be capital and must contains minimum 3 characters :
Wrong Input : Fist letter Should be capital and must contains minimum 3 characters :
Wrong Input : Fist letter Should be capital and must contains minimum 3 characters :
Wrong Input : Fist letter Should be capital and must contains minimum 3 characters :
Wrong Input : Fist letter Should be capital and must contains minimum 3 characters :
Wrong Input : Fist letter Should be capital and must contains minimum 3 characters :
Wrong Input : Fist letter Should be capital and must contains minimum 3 characters :
Wrong Input : Fist letter Should be capital and must contains minimum 3 characters :
Wrong Input : Fist letter Should be capital and must contains minimum 3 characters :
Wrong Input : Fist letter Should be capital and must contains minimum 3 characters :
Wrong Input : Fist letter Should be capital and must contains minimum 3 characters :
Wrong Input : Fist letter Should be capital and must contains minimum 3 characters :
Wrong Input : Fist letter Should be capital and must contains minimum 3 characters :
Wrong Input : Fist letter Should be capital and must contains minimum 3 characters :
Wrong Input : Fist letter Should be capital and must contains minimum 3 characters :
Wrong Input : Fist letter Should be capital and must contains minimum 3 characters :
Wrong Input : Fist letter Should be capital and must contains minimum 3 characters :
Wrong Input : Fist letter Should be capital and must contains minimum 3 characters :
Wrong Input : Fist letter Should be capital and must contains minimum 3 characters :
Wrong Input : Fist letter Should be capital and must contains minimum 3 characters :
Wrong Input : Fist letter Should be capital and must contains minimum 3 characters :
Wrong Input : Fist letter Should be capital and must contains minimum 3 characters :
Wrong Input : Fist letter Should be capital and must contains minimum 3 characters :
Wrong Input : Fist letter Should be capital and must contains minimum 3 characters :
Wrong Input : Fist letter Should be capital and must contains minimum 3 characters :
Wrong Input : Fist letter Should be capital and must contains minimum 3 characters :
Wrong Input : Fist letter Should be capital and must contains minimum 3 characters :
Wrong Input : Fist letter Should be capital and must contains minimum 3 characters :
Wrong Input : Fist letter Should be capital and must contains minimum 3 characters :
Wrong Input : Fist letter Should be capital and must contains minimum 3 characters :
Wrong Input : Fist letter Should be capital and must contains minimum 3 characters :
Wrong Input : Fist letter Should be capital and must contains minimum 3 characters :
Wrong Input : Fist letter Should be capital and must contains minimum 3 characters :
Wrong Input : Fist letter Should be capital and must contains minimum 3 characters :
Wrong Input : Fist letter Should be capital and must contains minimum 3 characters :
Wrong Input : Fist letter Should be capital and must contains minimum 3 characters :
Wrong Input : Fist letter Should be capital and must contains minimum 3 characters :
Wrong Input : Fist letter Should be capital and must contains minimum 3 characters :
Wrong Input : Fist letter Should be capital and must contains minimum 3 characters :
Wrong Input : Fist letter Should be capital and must contains minimum 3 characters :
Wrong Input : Fist letter Should be capital and must contains minimum 3 characters :
Wrong Input : Fist letter Should be capital and must contains minimum 3 characters :
Wrong Input : Fist letter Should be capital and must contains minimum 3 characters :
Wrong Input : Fist letter Should be capital and must contains minimum 3 characters :
Wrong Input : Fist letter Should be capital and must contains minimum 3 characters :
Wrong Input : Fist letter Should be capital and must contains minimum 3 characters :
Wrong Input : Fist letter Should be capital and must contains minimum 3 characters :
Wrong Input : Fist letter Should be capital and must contains minimum 3 characters :
Wrong Input : Fist letter Should be capital and must contains minimum 3 characters :
Wrong Input : Fist letter Should be capital and must contains minimum 3 characters :
Wrong Input : Fist letter Should be capital and must contains minimum 3 characters :
Wrong Input : Fist letter Should be capital and must contains minimum 3 characters :
Wrong Input : Fist letter Should be capital and must contains minimum 3 characters :
Wrong Input : Fist letter Should be capital and must contains minimum 3 characters :
Wrong Input : Fist letter Should be capital and must contains minimum 3 characters :
Wrong Input : Fist letter Should be capital and must contains minimum 3 characters :
Wrong Input : Fist letter Should be capital and must contains minimum 3 characters :
Wrong Input : Fist letter Should be capital and must contains minimum 3 characters :
Wrong Input : Fist letter Should be capital and must contains minimum 3 characters :
Wrong Input : Fist letter Should be capital and must contains minimum 3 characters :
Wrong Input : Fist letter Should be capital and must contains minimum 3 characters :
Wrong Input : Fist letter Should be capital and must contains minimum 3 characters :
Wrong Input : Fist letter Should be capital and must contains minimum 3 characters :
Wrong Input : Fist letter Should be capital and must contains minimum 3 characters :
Wrong Input : Fist letter Should be capital and must contains minimum 3 characters :
Wrong Input : Fist letter Should be capital and must contains minimum 3 characters :
Wrong Input : Fist letter Should be capital and must contains minimum 3 characters :
Wrong Input : Fist letter Should be capital and must contains minimum 3 characters :
Wrong Input : Fist letter Should be capital and must contains minimum 3 characters :
Wrong Input : Fist letter Should be capital and must contains minimum 3 characters :
Wrong Input : Fist letter Should be capital and must contains minimum 3 characters :
Wrong Input : Fist letter Should be capital and must contains minimum 3 characters :
Wrong Input : Fist letter Should be capital and must contains minimum 3 characters :
Wrong Input : Fist letter Should be capital and must contains minimum 3 characters :
Wrong Input : Fist letter Should be capital and must contains minimum 3 characters :
Wrong Input : Fist letter Should be capital and must contains minimum 3 characters :
Wrong Input : Fist letter Should be capital and must contains minimum 3 characters :
Wrong Input : Fist letter Should be capital and must contains minimum 3 characters :
Wrong Input : Fist letter Should be capital and must contains minimum 3 characters :
Wrong Input : Fist letter Should be capital and must contains minimum 3 characters :
Wrong Input : Fist letter Should be capital and must contains minimum 3 characters :
Wrong Input : Fist letter Should be capital and must contains minimum 3 characters :
Wrong Input : Fist letter Should be capital and must contains minimum 3 characters :
Wrong Input : Fist letter Should be capital and must contains minimum 3 characters :
Wrong Input : Fist letter Should be capital and must contains minimum 3 characters :
Wrong Input : Fist letter Should be capital and must contains minimum 3 characters :
Wrong Input : Fist letter Should be capital and must contains minimum 3 characters :
Wrong Input : Fist letter Should be capital and must contains minimum 3 characters :
Wrong Input : Fist letter Should be capital and must contains minimum 3 characters :
Wrong Input : Fist letter Should be capital and must contains minimum 3 characters :
Wrong Input : Fist letter Should be capital and must contains minimum 3 characters :
Wrong Input : Fist letter Should be capital and must contains minimum 3 characters :
Wrong Input : Fist letter Should be capital and must contains minimum 3 characters :
Wrong Input : Fist letter Should be capital and must contains minimum 3 characters :
Wrong Input : Fist letter Should be capital and must contains minimum 3 characters :
Wrong Input : Fist letter Should be capital and must contains minimum 3 characters :
Wrong Input : Fist letter Should be capital and must contains minimum 3 characters :
Wrong Input : Fist letter Should be capital and must contains minimum 3 characters :
Wrong Input : Fist letter Should be capital and must contains minimum 3 characters :
Wrong Input : Fist letter Should be capital and must contains minimum 3 characters :
Wrong Input : Fist letter Should be capital and must contains minimum 3 characters :
Wrong Input : Fist letter Should be capital and must contains minimum 3 characters :
Wrong Input : Fist letter Should be capital and must contains minimum 3 characters :
Wrong Input : Fist letter Should be capital and must contains minimum 3 characters :
Wrong Input : Fist letter Should be capital and must contains minimum 3 characters :
Wrong Input : Fist letter Should be capital and must contains minimum 3 characters :
Wrong Input : Fist letter Should be capital and must contains minimum 3 characters :
Wrong Input : Fist letter Should be capital and must contains minimum 3 characters :
Wrong Input : Fist letter Should be capital and must contains minimum 3 characters :
Wrong Input : Fist letter Should be capital and must contains minimum 3 characters :
Wrong Input : Fist letter Should be capital and must contains minimum 3 characters :
Wrong Input : Fist letter Should be capital and must contains minimum 3 characters :
Wrong Input : Fist letter Should be capital and must contains minimum 3 characters :
Wrong Input : Fist letter Should be capital and must contains minimum 3 characters :
Wrong Input : Fist letter Should be capital and must contains minimum 3 characters :
Wrong Input : Fist letter Should be capital and must contains minimum 3 characters :
Wrong Input : Fist letter Should be capital and must contains minimum 3 characters :
Wrong Input : Fist letter Should be capital and must contains minimum 3 characters :
Wrong Input : Fist letter Should be capital and must contains minimum 3 characters :
Wrong Input : Fist letter Should be capital and must contains minimum 3 characters :
Wrong Input : Fist letter Should be capital and must contains minimum 3 characters :
Wrong Input : Fist letter Should be capital and must contains minimum 3 characters :
Wrong Input : Fist letter Should be capital and must contains minimum 3 characters :
Wrong Input : Fist letter Should be capital and must contains minimum 3 characters :
Wrong Input : Fist letter Should be capital and must contains minimum 3 characters :
Wrong Input : Fist letter Should be capital and must contains minimum 3 characters :
Wrong Input : Fist letter Should be capital and must contains minimum 3 characters :
Wrong Input : Fist letter Should be capital and must contains minimum 3 characters :
Wrong Input : Fist letter Should be capital and must contains minimum 3 characters :
Wrong Input : Fist letter Should be capital and must contains minimum 3 characters :
Wrong Input : Fist letter Should be capital and must contains minimum 3 characters :
Wrong Input : Fist letter Should be capital and must contains minimum 3 characters :
Wrong Input : Fist letter Should be capital and must contains minimum 3 characters :
Wrong Input : Fist letter Should be capital and must contains minimum 3 characters :
Wrong Input : Fist letter Should be capital and must contains minimum 3 characters :
Wrong Input : Fist letter Should be capital and must contains minimum 3 characters :
Wrong Input : Fist letter Should be capital and must contains minimum 3 characters :
Wrong Input : Fist letter Should be capital and must contains minimum 3 characters :
Wrong Input : Fist letter Should be capital and must contains minimum 3 characters :
Wrong Input : Fist letter Should be capital and must contains minimum 3 characters :
Wrong Input : Fist letter Should be capital and must contains minimum 3 characters :
Wrong Input : Fist letter Should be capital and must contains minimum 3 characters :
Wrong Input : Fist letter Should be capital and must contains minimum 3 characters :
Wrong Input : Fist letter Should be capital and must contains minimum 3 characters :
Wrong Input : Fist letter Should be capital and must contains minimum 3 characters :
Wrong Input : Fist letter Should be capital and must contains minimum 3 characters :
Wrong Input : Fist letter Should be capital and must contains minimum 3 characters :
Wrong Input : Fist letter Should be capital and must contains minimum 3 characters :
Wrong Input : Fist letter Should be capital and must contains minimum 3 characters :
Wrong Input : Fist letter Should be capital and must contains minimum 3 characters :
Wrong Input : Fist letter Should be capital and must contains minimum 3 characters :
Wrong Input : Fist letter Should be capital and must contains minimum 3 characters :
Wrong Input : Fist letter Should be capital and must contains minimum 3 characters :
Wrong Input : Fist letter Should be capital and must contains minimum 3 characters :
Wrong Input : Fist letter Should be capital and must contains minimum 3 characters :
Wrong Input : Fist letter Should be capital and must contains minimum 3 characters :
Wrong Input : Fist letter Should be capital and must contains minimum 3 characters :
Wrong Input : Fist letter Should be capital and must contains minimum 3 characters :
Wrong Input : Fist letter Should be capital and must contains minimum 3 characters :
Wrong Input : Fist letter Should be capital and must contains minimum 3 characters :
Wrong Input : Fist letter Should be capital and must contains minimum 3 characters :
Wrong Input : Fist letter Should be capital and must contains minimum 3 characters :
Wrong Input : Fist letter Should be capital and must contains minimum 3 characters :
Wrong Input : Fist letter Should be capital and must contains minimum 3 characters :
Wrong Input : Fist letter Should be capital and must contains minimum 3 characters :
Wrong Input : Fist letter Should be capital and must contains minimum 3 characters :
Wrong Input : Fist letter Should be capital and must contains minimum 3 characters :
Wrong Input : Fist letter Should be capital and must contains minimum 3 characters :
Wrong Input : Fist letter Should be capital and must contains minimum 3 characters :
Wrong Input : Fist letter Should be capital and must contains minimum 3 characters :
Wrong Input : Fist letter Should be capital and must contains minimum 3 characters :
Wrong Input : Fist letter Should be capital and must contains minimum 3 characters :
Wrong Input : Fist letter Should be capital and must contains minimum 3 characters :
Wrong Input : Fist letter Should be capital and must contains minimum 3 characters :
Wrong Input : Fist letter Should be capital and must contains minimum 3 characters :
Wrong Input : Fist letter Should be capital and must contains minimum 3 characters :
Wrong Input : Fist letter Should be capital and must contains minimum 3 characters :
Wrong Input : Fist letter Should be capital and must contains minimum 3 characters :
Wrong Input : Fist letter Should be capital and must contains minimum 3 characters :
Wrong Input : Fist letter Should be capital and must contains minimum 3 characters :
Wrong Input : Fist letter Should be capital and must contains minimum 3 characters :
Wrong Input : Fist letter Should be capital and must contains minimum 3 characters :
Wrong Input : Fist letter Should be capital and must contains minimum 3 characters :
Wrong Input : Fist letter Should be capital and must contains minimum 3 characters :
Wrong Input : Fist letter Should be capital and must contains minimum 3 characters :
Wrong Input : Fist letter Should be capital and must contains minimum 3 characters :
Wrong Input : Fist letter Should be capital and must contains minimum 3 characters :
Wrong Input : Fist letter Should be capital and must contains minimum 3 characters :
Wrong Input : Fist letter Should be capital and must contains minimum 3 characters :
Wrong Input : Fist letter Should be capital and must contains minimum 3 characters :
Wrong Input : Fist letter Should be capital and must contains minimum 3 characters :
Wrong Input : Fist letter Should be capital and must contains minimum 3 characters :
Wrong Input : Fist letter Should be capital and must contains minimum 3 characters :
Wrong Input : Fist letter Should be capital and must contains minimum 3 characters :
Wrong Input : Fist letter Should be capital and must contains minimum 3 characters :
Wrong Input : Fist letter Should be capital and must contains minimum 3 characters :
Wrong Input : Fist letter Should be capital and must contains minimum 3 characters :
Wrong Input : Fist letter Should be capital and must contains minimum 3 characters :
Wrong Input : Fist letter Should be capital and must contains minimum 3 characters :
Wrong Input : Fist letter Should be capital and must contains minimum 3 characters :
Wrong Input : Fist letter Should be capital and must contains minimum 3 characters :
Wrong Input : Fist letter Should be capital and must contains minimum 3 characters :
Wrong Input : Fist letter Should be capital and must contains minimum 3 characters :
Wrong Input : Fist letter Should be capital and must contains minimum 3 characters :
Wrong Input : Fist letter Should be capital and must contains minimum 3 characters :
Wrong Input : Fist letter Should be capital and must contains minimum 3 characters :
Wrong Input : Fist letter Should be capital and must contains minimum 3 characters :
Wrong Input : Fist letter Should be capital and must contains minimum 3 characters :
Wrong Input : Fist letter Should be capital and must contains minimum 3 characters :
Wrong Input : Fist letter Should be capital and must contains minimum 3 characters :
Wrong Input : Fist letter Should be capital and must contains minimum 3 characters :
Wrong Input : Fist letter Should be capital and must contains minimum 3 characters :
Wrong Input : Fist letter Should be capital and must contains minimum 3 characters :
Wrong Input : Fist letter Should be capital and must contains minimum 3 characters :
Wrong Input : Fist letter Should be capital and must contains minimum 3 characters :
Wrong Input : Fist letter Should be capital and must contains minimum 3 characters :
Wrong Input : Fist letter Should be capital and must contains minimum 3 characters :
Wrong Input : Fist letter Should be capital and must contains minimum 3 characters :
Wrong Input : Fist letter Should be capital and must contains minimum 3 characters :
Wrong Input : Fist letter Should be capital and must contains minimum 3 characters :
Wrong Input : Fist letter Should be capital and must contains minimum 3 characters :
Wrong Input : Fist letter Should be capital and must contains minimum 3 characters :
Wrong Input : Fist letter Should be capital and must contains minimum 3 characters :
Wrong Input : Fist letter Should be capital and must contains minimum 3 characters :
Wrong Input : Fist letter Should be capital and must contains minimum 3 characters :
Wrong Input : Fist letter Should be capital and must contains minimum 3 characters :
Wrong Input : Fist letter Should be capital and must contains minimum 3 characters :
Wrong Input : Fist letter Should be capital and must contains minimum 3 characters :
Wrong Input : Fist letter Should be capital and must contains minimum 3 characters :
Wrong Input : Fist letter Should be capital and must contains minimum 3 characters :
Wrong Input : Fist letter Should be capital and must contains minimum 3 characters :
Wrong Input : Fist letter Should be capital and must contains minimum 3 characters :
Wrong Input : Fist letter Should be capital and must contains minimum 3 characters :
Wrong Input : Fist letter Should be capital and must contains minimum 3 characters :
Wrong Input : Fist letter Should be capital and must contains minimum 3 characters :
Wrong Input : Fist letter Should be capital and must contains minimum 3 characters :
Wrong Input : Fist letter Should be capital and must contains minimum 3 characters :
Wrong Input : Fist letter Should be capital and must contains minimum 3 characters :
Wrong Input : Fist letter Should be capital and must contains minimum 3 characters :
Wrong Input : Fist letter Should be capital and must contains minimum 3 characters :
Wrong Input : Fist letter Should be capital and must contains minimum 3 characters :
Wrong Input : Fist letter Should be capital and must contains minimum 3 characters :
Wrong Input : Fist letter Should be capital and must contains minimum 3 characters :
Wrong Input : Fist letter Should be capital and must contains minimum 3 characters :
Wrong Input : Fist letter Should be capital and must contains minimum 3 characters :
Wrong Input : Fist letter Should be capital and must contains minimum 3 characters :
Wrong Input : Fist letter Should be capital and must contains minimum 3 characters :
Wrong Input : Fist letter Should be capital and must contains minimum 3 characters :
Wrong Input : Fist letter Should be capital and must contains minimum 3 characters :
Wrong Input : Fist letter Should be capital and must contains minimum 3 characters :
Wrong Input : Fist letter Should be capital and must contains minimum 3 characters :
Wrong Input : Fist letter Should be capital and must contains minimum 3 characters :
Wrong Input : Fist letter Should be capital and must contains minimum 3 characters :
Wrong Input : Fist letter Should be capital and must contains minimum 3 characters :
Wrong Input : Fist letter Should be capital and must contains minimum 3 characters :
Wrong Input : Fist letter Should be capital and must contains minimum 3 characters :
Wrong Input : Fist letter Should be capital and must contains minimum 3 characters :
Wrong Input : Fist letter Should be capital and must contains minimum 3 characters :
Wrong Input : Fist letter Should be capital and must contains minimum 3 characters :
Wrong Input : Fist letter Should be capital and must contains minimum 3 characters :
Wrong Input : Fist letter Should be capital and must contains minimum 3 characters :
Wrong Input : Fist letter Should be capital and must contains minimum 3 characters :
Wrong Input : Fist letter Should be capital and must contains minimum 3 characters :
Wrong Input : Fist letter Should be capital and must contains minimum 3 characters :
Wrong Input : Fist letter Should be capital and must contains minimum 3 characters :
Wrong Input : Fist letter Should be capital and must contains minimum 3 characters :
Wrong Input : Fist letter Should be capital and must contains minimum 3 characters :
Wrong Input : Fist letter Should be capital and must contains minimum 3 characters :
Wrong Input : Fist letter Should be capital and must contains minimum 3 characters :
Wrong Input : Fist letter Should be capital and must contains minimum 3 characters :
Wrong Input : Fist letter Should be capital and must contains minimum 3 characters :
Wrong Input : Fist letter Should be capital and must contains minimum 3 characters :
Wrong Input : Fist letter Should be capital and must contains minimum 3 characters :
Wrong Input : Fist letter Should be capital and must contains minimum 3 characters :
Wrong Input : Fist letter Should be capital and must contains minimum 3 characters :
Wrong Input : Fist letter Should be capital and must contains minimum 3 characters :
Wrong Input : Fist letter Should be capital and must contains minimum 3 characters :
Wrong Input : Fist letter Should be capital and must contains minimum 3 characters :
Wrong Input : Fist letter Should be capital and must contains minimum 3 characters :
Wrong Input : Fist letter Should be capital and must contains minimum 3 characters :
Wrong Input : Fist letter Should be capital and must contains minimum 3 characters :
Wrong Input : Fist letter Should be capital and must contains minimum 3 characters :
Wrong Input : Fist letter Should be capital and must contains minimum 3 characters :
Wrong Input : Fist letter Should be capital and must contains minimum 3 characters :
Wrong Input : Fist letter Should be capital and must contains minimum 3 characters :
Wrong Input : Fist letter Should be capital and must contains minimum 3 characters :
Wrong Input : Fist letter Should be capital and must contains minimum 3 characters :
Wrong Input : Fist letter Should be capital and must contains minimum 3 characters :
Wrong Input : Fist letter Should be capital and must contains minimum 3 characters :
Wrong Input : Fist letter Should be capital and must contains minimum 3 characters :
Wrong Input : Fist letter Should be capital and must contains minimum 3 characters :
Wrong Input : Fist letter Should be capital and must contains minimum 3 characters :
Wrong Input : Fist letter Should be capital and must contains minimum 3 characters :
Wrong Input : Fist letter Should be capital and must contains minimum 3 characters :
Wrong Input : Fist letter Should be capital and must contains minimum 3 characters :
Wrong Input : Fist letter Should be capital and must contains minimum 3 characters :
Wrong Input : Fist letter Should be capital and must contains minimum 3 characters :
Wrong Input : Fist letter Should be capital and must contains minimum 3 characters :
Wrong Input : Fist letter Should be capital and must contains minimum 3 characters :
Wrong Input : Fist letter Should be capital and must contains minimum 3 characters :
Wrong Input : Fist letter Should be capital and must contains minimum 3 characters :
Wrong Input : Fist letter Should be capital and must contains minimum 3 characters :
Wrong Input : Fist letter Should be capital and must contains minimum 3 characters :
Wrong Input : Fist letter Should be capital and must contains minimum 3 characters :
Wrong Input : Fist letter Should be capital and must contains minimum 3 characters :
Wrong Input : Fist letter Should be capital and must contains minimum 3 characters :
Wrong Input : Fist letter Should be capital and must contains minimum 3 characters :
Wrong Input : Fist letter Should be capital and must contains minimum 3 characters :
Wrong Input : Fist letter Should be capital and must contains minimum 3 characters :
Wrong Input : Fist letter Should be capital and must contains minimum 3 characters :
Wrong Input : Fist letter Should be capital and must contains minimum 3 characters :
Wrong Input : Fist letter Should be capital and must contains minimum 3 characters :
Wrong Input : Fist letter Should be capital and must contains minimum 3 characters :
Wrong Input : Fist letter Should be capital and must contains minimum 3 characters :
Wrong Input : Fist letter Should be capital and must contains minimum 3 characters :
Wrong Input : Fist letter Should be capital and must contains minimum 3 characters :
Wrong Input : Fist letter Should be capital and must contains minimum 3 characters :
Wrong Input : Fist letter Should be capital and must contains minimum 3 characters :
Wrong Input : Fist letter Should be capital and must contains minimum 3 characters :
Wrong Input : Fist letter Should be capital and must contains minimum 3 characters :
Wrong Input : Fist letter Should be capital and must contains minimum 3 characters :
Wrong Input : Fist letter Should be capital and must contains minimum 3 characters :
Wrong Input : Fist letter Should be capital and must contains minimum 3 characters :
Wrong Input : Fist letter Should be capital and must contains minimum 3 characters :
Wrong Input : Fist letter Should be capital and must contains minimum 3 characters :
Wrong Input : Fist letter Should be capital and must contains minimum 3 characters :
Wrong Input : Fist letter Should be capital and must contains minimum 3 characters :
Wrong Input : Fist letter Should be capital and must contains minimum 3 characters :
Wrong Input : Fist letter Should be capital and must contains minimum 3 characters :
Wrong Input : Fist letter Should be capital and must contains minimum 3 characters :
Wrong Input : Fist letter Should be capital and must contains minimum 3 characters :
Wrong Input : Fist letter Should be capital and must contains minimum 3 characters :
Wrong Input : Fist letter Should be capital and must contains minimum 3 characters :
Wrong Input : Fist letter Should be capital and must contains minimum 3 characters :
Wrong Input : Fist letter Should be capital and must contains minimum 3 characters :
Wrong Input : Fist letter Should be capital and must contains minimum 3 characters :
Wrong Input : Fist letter Should be capital and must contains minimum 3 characters :
Wrong Input : Fist letter Should be capital and must contains minimum 3 characters :
Wrong Input : Fist letter Should be capital and must contains minimum 3 characters :
Wrong Input : Fist letter Should be capital and must contains minimum 3 characters :
Wrong Input : Fist letter Should be capital and must contains minimum 3 characters :
Wrong Input : Fist letter Should be capital and must contains minimum 3 characters :
Wrong Input : Fist letter Should be capital and must contains minimum 3 characters :
Wrong Input : Fist letter Should be capital and must contains minimum 3 characters :
Wrong Input : Fist letter Should be capital and must contains minimum 3 characters :
Wrong Input : Fist letter Should be capital and must contains minimum 3 characters :
Wrong Input : Fist letter Should be capital and must contains minimum 3 characters :
Wrong Input : Fist letter Should be capital and must contains minimum 3 characters :
Wrong Input : Fist letter Should be capital and must contains minimum 3 characters :
Wrong Input : Fist letter Should be capital and must contains minimum 3 characters :
Wrong Input : Fist letter Should be capital and must contains minimum 3 characters :
Wrong Input : Fist letter Should be capital and must contains minimum 3 characters :
Wrong Input : Fist letter Should be capital and must contains minimum 3 characters :
Wrong Input : Fist letter Should be capital and must contains minimum 3 characters :
Wrong Input : Fist letter Should be capital and must contains minimum 3 characters :
Wrong Input : Fist letter Should be capital and must contains minimum 3 characters :
Wrong Input : Fist letter Should be capital and must contains minimum 3 characters :
Wrong Input : Fist letter Should be capital and must contains minimum 3 characters :
Wrong Input : Fist letter Should be capital and must contains minimum 3 characters :
Wrong Input : Fist letter Should be capital and must contains minimum 3 characters :
Wrong Input : Fist letter Should be capital and must contains minimum 3 characters :
Wrong Input : Fist letter Should be capital and must contains minimum 3 characters :
Wrong Input : Fist letter Should be capital and must contains minimum 3 characters :
Wrong Input : Fist letter Should be capital and must contains minimum 3 characters :
Wrong Input : Fist letter Should be capital and must contains minimum 3 characters :
Wrong Input : Fist letter Should be capital and must contains minimum 3 characters :
Wrong Input : Fist letter Should be capital and must contains minimum 3 characters :
Wrong Input : Fist letter Should be capital and must contains minimum 3 characters :
Wrong Input : Fist letter Should be capital and must contains minimum 3 characters :
Wrong Input : Fist letter Should be capital and must contains minimum 3 characters :
Wrong Input : Fist letter Should be capital and must contains minimum 3 characters :
Wrong Input : Fist letter Should be capital and must contains minimum 3 characters :
Wrong Input : Fist letter Should be capital and must contains minimum 3 characters :
Wrong Input : Fist letter Should be capital and must contains minimum 3 characters :
Wrong Input : Fist letter Should be capital and must contains minimum 3 characters :
Wrong Input : Fist letter Should be capital and must contains minimum 3 characters :
Wrong Input : Fist letter Should be capital and must contains minimum 3 characters :
Wrong Input : Fist letter Should be capital and must contains minimum 3 characters :
Wrong Input : Fist letter Should be capital and must contains minimum 3 characters :
Wrong Input : Fist letter Should be capital and must contains minimum 3 characters :
Wrong Input : Fist letter Should be capital and must contains minimum 3 characters :
Wrong Input : Fist letter Should be capital and must contains minimum 3 characters :
Wrong Input : Fist letter Should be capital and must contains minimum 3 characters :
Wrong Input : Fist letter Should be capital and must contains minimum 3 characters :
Wrong Input : Fist letter Should be capital and must contains minimum 3 characters :
Wrong Input : Fist letter Should be capital and must contains minimum 3 characters :
Wrong Input : Fist letter Should be capital and must contains minimum 3 characters :
Wrong Input : Fist letter Should be capital and must contains minimum 3 characters :
Wrong Input : Fist letter Should be capital and must contains minimum 3 characters :
Wrong Input : Fist letter Should be capital and must contains minimum 3 characters :
Wrong Input : Fist letter Should be capital and must contains minimum 3 characters :
Wrong Input : Fist letter Should be capital and must contains minimum 3 characters :
Wrong Input : Fist letter Should be capital and must contains minimum 3 characters :
Wrong Input : Fist letter Should be capital and must contains minimum 3 characters :
Wrong Input : Fist letter Should be capital and must contains minimum 3 characters :
Wrong Input : Fist letter Should be capital and must contains minimum 3 characters :
Wrong Input : Fist letter Should be capital and must contains minimum 3 characters :
Wrong Input : Fist letter Should be capital and must contains minimum 3 characters :
Wrong Input : Fist letter Should be capital and must contains minimum 3 characters :
Wrong Input : Fist letter Should be capital and must contains minimum 3 characters :
Wrong Input : Fist letter Should be capital and must contains minimum 3 characters :
Wrong Input : Fist letter Should be capital and must contains minimum 3 characters :
Wrong Input : Fist letter Should be capital and must contains minimum 3 characters :
Wrong Input : Fist letter Should be capital and must contains minimum 3 characters :
Wrong Input : Fist letter Should be capital and must contains minimum 3 characters :
Wrong Input : Fist letter Should be capital and must contains minimum 3 characters :
Wrong Input : Fist letter Should be capital and must contains minimum 3 characters :
Wrong Input : Fist letter Should be capital and must contains minimum 3 characters :
Wrong Input : Fist letter Should be capital and must contains minimum 3 characters :
Wrong Input : Fist letter Should be capital and must contains minimum 3 characters :
Wrong Input : Fist letter Should be capital and must contains minimum 3 characters :
Wrong Input : Fist letter Should be capital and must contains minimum 3 characters :
Wrong Input : Fist letter Should be capital and must contains minimum 3 characters :
Wrong Input : Fist letter Should be capital and must contains minimum 3 characters :
Wrong Input : Fist letter Should be capital and must contains minimum 3 characters :
Wrong Input : Fist letter Should be capital and must contains minimum 3 characters :
Wrong Input : Fist letter Should be capital and must contains minimum 3 characters :
Wrong Input : Fist letter Should be capital and must contains minimum 3 characters :
Wrong Input : Fist letter Should be capital and must contains minimum 3 characters :
Wrong Input : Fist letter Should be capital and must contains minimum 3 characters :
Wrong Input : Fist letter Should be capital and must contains minimum 3 characters :
Wrong Input : Fist letter Should be capital and must contains minimum 3 characters :
Wrong Input : Fist letter Should be capital and must contains minimum 3 characters :
Wrong Input : Fist letter Should be capital and must contains minimum 3 characters :
Wrong Input : Fist letter Should be capital and must contains minimum 3 characters :
Wrong Input : Fist letter Should be capital and must contains minimum 3 characters :
Wrong Input : Fist letter Should be capital and must contains minimum 3 characters :
Wrong Input : Fist letter Should be capital and must contains minimum 3 characters :
Wrong Input : Fist letter Should be capital and must contains minimum 3 characters :
Wrong Input : Fist letter Should be capital and must contains minimum 3 characters :
Wrong Input : Fist letter Should be capital and must contains minimum 3 characters :
Wrong Input : Fist letter Should be capital and must contains minimum 3 characters :
Wrong Input : Fist letter Should be capital and must contains minimum 3 characters :
Wrong Input : Fist letter Should be capital and must contains minimum 3 characters :
Wrong Input : Fist letter Should be capital and must contains minimum 3 characters :
Wrong Input : Fist letter Should be capital and must contains minimum 3 characters :
Wrong Input : Fist letter Should be capital and must contains minimum 3 characters :
Wrong Input : Fist letter Should be capital and must contains minimum 3 characters :
Wrong Input : Fist letter Should be capital and must contains minimum 3 characters :
Wrong Input : Fist letter Should be capital and must contains minimum 3 characters :
Wrong Input : Fist letter Should be capital and must contains minimum 3 characters :
Wrong Input : Fist letter Should be capital and must contains minimum 3 characters :
Wrong Input : Fist letter Should be capital and must contains minimum 3 characters :
Wrong Input : Fist letter Should be capital and must contains minimum 3 characters :
Wrong Input : Fist letter Should be capital and must contains minimum 3 characters :
Wrong Input : Fist letter Should be capital and must contains minimum 3 characters :
Wrong Input : Fist letter Should be capital and must contains minimum 3 characters :
Wrong Input : Fist letter Should be capital and must contains minimum 3 characters :
Wrong Input : Fist letter Should be capital and must contains minimum 3 characters :
Wrong Input : Fist letter Should be capital and must contains minimum 3 characters :
Wrong Input : Fist letter Should be capital and must contains minimum 3 characters :
Wrong Input : Fist letter Should be capital and must contains minimum 3 characters :
Wrong Input : Fist letter Should be capital and must contains minimum 3 characters :
Wrong Input : Fist letter Should be capital and must contains minimum 3 characters :
Wrong Input : Fist letter Should be capital and must contains minimum 3 characters :
Wrong Input : Fist letter Should be capital and must contains minimum 3 characters :
Wrong Input : Fist letter Should be capital and must contains minimum 3 characters :
Wrong Input : Fist letter Should be capital and must contains minimum 3 characters :
Wrong Input : Fist letter Should be capital and must contains minimum 3 characters :
Wrong Input : Fist letter Should be capital and must contains minimum 3 characters :
Wrong Input : Fist letter Should be capital and must contains minimum 3 characters :
Wrong Input : Fist letter Should be capital and must contains minimum 3 characters :
Wrong Input : Fist letter Should be capital and must contains minimum 3 characters :
Wrong Input : Fist letter Should be capital and must contains minimum 3 characters :
Wrong Input : Fist letter Should be capital and must contains minimum 3 characters :
Wrong Input : Fist letter Should be capital and must contains minimum 3 characters :
Wrong Input : Fist letter Should be capital and must contains minimum 3 characters :
Wrong Input : Fist letter Should be capital and must contains minimum 3 characters :
Wrong Input : Fist letter Should be capital and must contains minimum 3 characters :
Wrong Input : Fist letter Should be capital and must contains minimum 3 characters :
Wrong Input : Fist letter Should be capital and must contains minimum 3 characters :
Wrong Input : Fist letter Should be capital and must contains minimum 3 characters :
Wrong Input : Fist letter Should be capital and must contains minimum 3 characters :
Wrong Input : Fist letter Should be capital and must contains minimum 3 characters :
Wrong Input : Fist letter Should be capital and must contains minimum 3 characters :
Wrong Input : Fist letter Should be capital and must contains minimum 3 characters :
Wrong Input : Fist letter Should be capital and must contains minimum 3 characters :
Wrong Input : Fist letter Should be capital and must contains minimum 3 characters :
Wrong Input : Fist letter Should be capital and must contains minimum 3 characters :
Wrong Input : Fist letter Should be capital and must contains minimum 3 characters :
Wrong Input : Fist letter Should be capital and must contains minimum 3 characters :
Wrong Input : Fist letter Should be capital and must contains minimum 3 characters :
Wrong Input : Fist letter Should be capital and must contains minimum 3 characters :
Wrong Input : Fist letter Should be capital and must contains minimum 3 characters :
Wrong Input : Fist letter Should be capital and must contains minimum 3 characters :
Wrong Input : Fist letter Should be capital and must contains minimum 3 characters :
Wrong Input : Fist letter Should be capital and must contains minimum 3 characters :
Wrong Input : Fist letter Should be capital and must contains minimum 3 characters :
Wrong Input : Fist letter Should be capital and must contains minimum 3 characters :
Wrong Input : Fist letter Should be capital and must contains minimum 3 characters :
Wrong Input : Fist letter Should be capital and must contains minimum 3 characters :
Wrong Input : Fist letter Should be capital and must contains minimum 3 characters :
Wrong Input : Fist letter Should be capital and must contains minimum 3 characters :
Wrong Input : Fist letter Should be capital and must contains minimum 3 characters :
Wrong Input : Fist letter Should be capital and must contains minimum 3 characters :
Wrong Input : Fist letter Should be capital and must contains minimum 3 characters :
Wrong Input : Fist letter Should be capital and must contains minimum 3 characters :
Wrong Input : Fist letter Should be capital and must contains minimum 3 characters :
Wrong Input : Fist letter Should be capital and must contains minimum 3 characters :
Wrong Input : Fist letter Should be capital and must contains minimum 3 characters :
Wrong Input : Fist letter Should be capital and must contains minimum 3 characters :
Wrong Input : Fist letter Should be capital and must contains minimum 3 characters :
Wrong Input : Fist letter Should be capital and must contains minimum 3 characters :
Wrong Input : Fist letter Should be capital and must contains minimum 3 characters :
Wrong Input : Fist letter Should be capital and must contains minimum 3 characters :
Wrong Input : Fist letter Should be capital and must contains minimum 3 characters :
Wrong Input : Fist letter Should be capital and must contains minimum 3 characters :
Wrong Input : Fist letter Should be capital and must contains minimum 3 characters :
Wrong Input : Fist letter Should be capital and must contains minimum 3 characters :
Wrong Input : Fist letter Should be capital and must contains minimum 3 characters :
Wrong Input : Fist letter Should be capital and must contains minimum 3 characters :
Wrong Input : Fist letter Should be capital and must contains minimum 3 characters :
Wrong Input : Fist letter Should be capital and must contains minimum 3 characters :
Wrong Input : Fist letter Should be capital and must contains minimum 3 characters :
Wrong Input : Fist letter Should be capital and must contains minimum 3 characters :
Wrong Input : Fist letter Should be capital and must contains minimum 3 characters :
Wrong Input : Fist letter Should be capital and must contains minimum 3 characters :
Wrong Input : Fist letter Should be capital and must contains minimum 3 characters :
Wrong Input : Fist letter Should be capital and must contains minimum 3 characters :
Wrong Input : Fist letter Should be capital and must contains minimum 3 characters :
Wrong Input : Fist letter Should be capital and must contains minimum 3 characters :
Wrong Input : Fist letter Should be capital and must contains minimum 3 characters :
Wrong Input : Fist letter Should be capital and must contains minimum 3 characters :
Wrong Input : Fist letter Should be capital and must contains minimum 3 characters :
Wrong Input : Fist letter Should be capital and must contains minimum 3 characters :
Wrong Input : Fist letter Should be capital and must contains minimum 3 characters :
Wrong Input : Fist letter Should be capital and must contains minimum 3 characters :
Wrong Input : Fist letter Should be capital and must contains minimum 3 characters :
Wrong Input : Fist letter Should be capital and must contains minimum 3 characters :
Wrong Input : Fist letter Should be capital and must contains minimum 3 characters :
Wrong Input : Fist letter Should be capital and must contains minimum 3 characters :
Wrong Input : Fist letter Should be capital and must contains minimum 3 characters :
Wrong Input : Fist letter Should be capital and must contains minimum 3 characters :
Wrong Input : Fist letter Should be capital and must contains minimum 3 characters :
Wrong Input : Fist letter Should be capital and must contains minimum 3 characters :
Wrong Input : Fist letter Should be capital and must contains minimum 3 characters :
Wrong Input : Fist letter Should be capital and must contains minimum 3 characters :
Wrong Input : Fist letter Should be capital and must contains minimum 3 characters :
Wrong Input : Fist letter Should be capital and must contains minimum 3 characters :
Wrong Input : Fist letter Should be capital and must contains minimum 3 characters :
Wrong Input : Fist letter Should be capital and must contains minimum 3 characters :
Wrong Input : Fist letter Should be capital and must contains minimum 3 characters :
Wrong Input : Fist letter Should be capital and must contains minimum 3 characters :
Wrong Input : Fist letter Should be capital and must contains minimum 3 characters :
Wrong Input : Fist letter Should be capital and must contains minimum 3 characters :
Wrong Input : Fist letter Should be capital and must contains minimum 3 characters :
Wrong Input : Fist letter Should be capital and must contains minimum 3 characters :
Wrong Input : Fist letter Should be capital and must contains minimum 3 characters :
Wrong Input : Fist letter Should be capital and must contains minimum 3 characters :
Wrong Input : Fist letter Should be capital and must contains minimum 3 characters :
Wrong Input : Fist letter Should be capital and must contains minimum 3 characters :
Wrong Input : Fist letter Should be capital and must contains minimum 3 characters :
Wrong Input : Fist letter Should be capital and must contains minimum 3 characters :
Wrong Input : Fist letter Should be capital and must contains minimum 3 characters :
Wrong Input : Fist letter Should be capital and must contains minimum 3 characters :
Wrong Input : Fist letter Should be capital and must contains minimum 3 characters :
Wrong Input : Fist letter Should be capital and must contains minimum 3 characters :
Wrong Input : Fist letter Should be capital and must contains minimum 3 characters :
Wrong Input : Fist letter Should be capital and must contains minimum 3 characters :
Wrong Input : Fist letter Should be capital and must contains minimum 3 characters :
Wrong Input : Fist letter Should be capital and must contains minimum 3 characters :
Wrong Input : Fist letter Should be capital and must contains minimum 3 characters :
Wrong Input : Fist letter Should be capital and must contains minimum 3 characters :
Wrong Input : Fist letter Should be capital and must contains minimum 3 characters :
Wrong Input : Fist letter Should be capital and must contains minimum 3 characters :
Wrong Input : Fist letter Should be capital and must contains minimum 3 characters :
Wrong Input : Fist letter Should be capital and must contains minimum 3 characters :
Wrong Input : Fist letter Should be capital and must contains minimum 3 characters :
Wrong Input : Fist letter Should be capital and must contains minimum 3 characters :
Wrong Input : Fist letter Should be capital and must contains minimum 3 characters :
Wrong Input : Fist letter Should be capital and must contains minimum 3 characters :
Wrong Input : Fist letter Should be capital and must contains minimum 3 characters :
Wrong Input : Fist letter Should be capital and must contains minimum 3 characters :
Wrong Input : Fist letter Should be capital and must contains minimum 3 characters :
Wrong Input : Fist letter Should be capital and must contains minimum 3 characters :
Wrong Input : Fist letter Should be capital and must contains minimum 3 characters :
Wrong Input : Fist letter Should be capital and must contains minimum 3 characters :
Wrong Input : Fist letter Should be capital and must contains minimum 3 characters :
Wrong Input : Fist letter Should be capital and must contains minimum 3 characters :
Wrong Input : Fist letter Should be capital and must contains minimum 3 characters :
Wrong Input : Fist letter Should be capital and must contains minimum 3 characters :
Wrong Input : Fist letter Should be capital and must contains minimum 3 characters :
Wrong Input : Fist letter Should be capital and must contains minimum 3 characters :
Wrong Input : Fist letter Should be capital and must contains minimum 3 characters :
Wrong Input : Fist letter Should be capital and must contains minimum 3 characters :
Wrong Input : Fist letter Should be capital and must contains minimum 3 characters :
Wrong Input : Fist letter Should be capital and must contains minimum 3 characters :
Wrong Input : Fist letter Should be capital and must contains minimum 3 characters :
Wrong Input : Fist letter Should be capital and must contains minimum 3 characters :
Wrong Input : Fist letter Should be capital and must contains minimum 3 characters :
Wrong Input : Fist letter Should be capital and must contains minimum 3 characters :
Wrong Input : Fist letter Should be capital and must contains minimum 3 characters :
Wrong Input : Fist letter Should be capital and must contains minimum 3 characters :
Wrong Input : Fist letter Should be capital and must contains minimum 3 characters :
Wrong Input : Fist letter Should be capital and must contains minimum 3 characters :
Wrong Input : Fist letter Should be capital and must contains minimum 3 characters :
Wrong Input : Fist letter Should be capital and must contains minimum 3 characters :
Wrong Input : Fist letter Should be capital and must contains minimum 3 characters :
Wrong Input : Fist letter Should be capital and must contains minimum 3 characters :
Wrong Input : Fist letter Should be capital and must contains minimum 3 characters :
Wrong Input : Fist letter Should be capital and must contains minimum 3 characters :
Wrong Input : Fist letter Should be capital and must contains minimum 3 characters :
Wrong Input : Fist letter Should be capital and must contains minimum 3 characters :
Wrong Input : Fist letter Should be capital and must contains minimum 3 characters :
Wrong Input : Fist letter Should be capital and must contains minimum 3 characters :
Wrong Input : Fist letter Should be capital and must contains minimum 3 characters :
Wrong Input : Fist letter Should be capital and must contains minimum 3 characters :
Wrong Input : Fist letter Should be capital and must contains minimum 3 characters :
Wrong Input : Fist letter Should be capital and must contains minimum 3 characters :
Wrong Input : Fist letter Should be capital and must contains minimum 3 characters :
Wrong Input : Fist letter Should be capital and must contains minimum 3 characters :
Wrong Input : Fist letter Should be capital and must contains minimum 3 characters :
Wrong Input : Fist letter Should be capital and must contains minimum 3 characters :
Wrong Input : Fist letter Should be capital and must contains minimum 3 characters :
Wrong Input : Fist letter Should be capital and must contains minimum 3 characters :
Wrong Input : Fist letter Should be capital and must contains minimum 3 characters :
Wrong Input : Fist letter Should be capital and must contains minimum 3 characters :
Wrong Input : Fist letter Should be capital and must contains minimum 3 characters :
Wrong Input : Fist letter Should be capital and must contains minimum 3 characters :
Wrong Input : Fist letter Should be capital and must contains minimum 3 characters :
Wrong Input : Fist letter Should be capital and must contains minimum 3 characters :
Wrong Input : Fist letter Should be capital and must contains minimum 3 characters :
Wrong Input : Fist letter Should be capital and must contains minimum 3 characters :
Wrong Input : Fist letter Should be capital and must contains minimum 3 characters :
Wrong Input : Fist letter Should be capital and must contains minimum 3 characters :
Wrong Input : Fist letter Should be capital and must contains minimum 3 characters :
Wrong Input : Fist letter Should be capital and must contains minimum 3 characters :
Wrong Input : Fist letter Should be capital and must contains minimum 3 characters :
Wrong Input : Fist letter Should be capital and must contains minimum 3 characters :
Wrong Input : Fist letter Should be capital and must contains minimum 3 characters :
Wrong Input : Fist letter Should be capital and must contains minimum 3 characters :
Wrong Input : Fist letter Should be capital and must contains minimum 3 characters :
Wrong Input : Fist letter Should be capital and must contains minimum 3 characters :
Wrong Input : Fist letter Should be capital and must contains minimum 3 characters :
Wrong Input : Fist letter Should be capital and must contains minimum 3 characters :
Wrong Input : Fist letter Should be capital and must contains minimum 3 characters :
Wrong Input : Fist letter Should be capital and must contains minimum 3 characters :
Wrong Input : Fist letter Should be capital and must contains minimum 3 characters :
Wrong Input : Fist letter Should be capital and must contains minimum 3 characters :
Wrong Input : Fist letter Should be capital and must contains minimum 3 characters :
Wrong Input : Fist letter Should be capital and must contains minimum 3 characters :
Wrong Input : Fist letter Should be capital and must contains minimum 3 characters :
Wrong Input : Fist letter Should be capital and must contains minimum 3 characters :
Wrong Input : Fist letter Should be capital and must contains minimum 3 characters :
Wrong Input : Fist letter Should be capital and must contains minimum 3 characters :
Wrong Input : Fist letter Should be capital and must contains minimum 3 characters :
Wrong Input : Fist letter Should be capital and must contains minimum 3 characters :
Wrong Input : Fist letter Should be capital and must contains minimum 3 characters :
Wrong Input : Fist letter Should be capital and must contains minimum 3 characters :
Wrong Input : Fist letter Should be capital and must contains minimum 3 characters :
Wrong Input : Fist letter Should be capital and must contains minimum 3 characters :
Wrong Input : Fist letter Should be capital and must contains minimum 3 characters :
Wrong Input : Fist letter Should be capital and must contains minimum 3 characters :
Wrong Input : Fist letter Should be capital and must contains minimum 3 characters :
Wrong Input : Fist letter Should be capital and must contains minimum 3 characters :
Wrong Input : Fist letter Should be capital and must contains minimum 3 characters :
Wrong Input : Fist letter Should be capital and must contains minimum 3 characters :
Wrong Input : Fist letter Should be capital and must contains minimum 3 characters :
Wrong Input : Fist letter Should be capital and must contains minimum 3 characters :
Wrong Input : Fist letter Should be capital and must contains minimum 3 characters :
Wrong Input : Fist letter Should be capital and must contains minimum 3 characters :
Wrong Input : Fist letter Should be capital and must contains minimum 3 characters :
Wrong Input : Fist letter Should be capital and must contains minimum 3 characters :
Wrong Input : Fist letter Should be capital and must contains minimum 3 characters :
Wrong Input : Fist letter Should be capital and must contains minimum 3 characters :
Wrong Input : Fist letter Should be capital and must contains minimum 3 characters :
Wrong Input : Fist letter Should be capital and must contains minimum 3 characters :
Wrong Input : Fist letter Should be capital and must contains minimum 3 characters :
Wrong Input : Fist letter Should be capital and must contains minimum 3 characters :
Wrong Input : Fist letter Should be capital and must contains minimum 3 characters :
Wrong Input : Fist letter Should be capital and must contains minimum 3 characters :
Wrong Input : Fist letter Should be capital and must contains minimum 3 characters :
Wrong Input : Fist letter Should be capital and must contains minimum 3 characters :
Wrong Input : Fist letter Should be capital and must contains minimum 3 characters :
Wrong Input : Fist letter Should be capital and must contains minimum 3 characters :
Wrong Input : Fist letter Should be capital and must contains minimum 3 characters :
Wrong Input : Fist letter Should be capital and must contains minimum 3 characters :
Wrong Input : Fist letter Should be capital and must contains minimum 3 characters :
Wrong Input : Fist letter Should be capital and must contains minimum 3 characters :
Wrong Input : Fist letter Should be capital and must contains minimum 3 characters :
Wrong Input : Fist letter Should be capital and must contains minimum 3 characters :
Wrong Input : Fist letter Should be capital and must contains minimum 3 characters :
Wrong Input : Fist letter Should be capital and must contains minimum 3 characters :
Wrong Input : Fist letter Should be capital and must contains minimum 3 characters :
Wrong Input : Fist letter Should be capital and must contains minimum 3 characters :
Wrong Input : Fist letter Should be capital and must contains minimum 3 characters :
Wrong Input : Fist letter Should be capital and must contains minimum 3 characters :
Wrong Input : Fist letter Should be capital and must contains minimum 3 characters :
Wrong Input : Fist letter Should be capital and must contains minimum 3 characters :
Wrong Input : Fist letter Should be capital and must contains minimum 3 characters :
Wrong Input : Fist letter Should be capital and must contains minimum 3 characters :
Wrong Input : Fist letter Should be capital and must contains minimum 3 characters :
Wrong Input : Fist letter Should be capital and must contains minimum 3 characters :
Wrong Input : Fist letter Should be capital and must contains minimum 3 characters :
Wrong Input : Fist letter Should be capital and must contains minimum 3 characters :
Wrong Input : Fist letter Should be capital and must contains minimum 3 characters :
Wrong Input : Fist letter Should be capital and must contains minimum 3 characters :
Wrong Input : Fist letter Should be capital and must contains minimum 3 characters :
Wrong Input : Fist letter Should be capital and must contains minimum 3 characters :
Wrong Input : Fist letter Should be capital and must contains minimum 3 characters :
Wrong Input : Fist letter Should be capital and must contains minimum 3 characters :
Wrong Input : Fist letter Should be capital and must contains minimum 3 characters :
Wrong Input : Fist letter Should be capital and must contains minimum 3 characters :
Wrong Input : Fist letter Should be capital and must contains minimum 3 characters :
Wrong Input : Fist letter Should be capital and must contains minimum 3 characters :
Wrong Input : Fist letter Should be capital and must contains minimum 3 characters :
Wrong Input : Fist letter Should be capital and must contains minimum 3 characters :
Wrong Input : Fist letter Should be capital and must contains minimum 3 characters :
Wrong Input : Fist letter Should be capital and must contains minimum 3 characters :
Wrong Input : Fist letter Should be capital and must contains minimum 3 characters :
Wrong Input : Fist letter Should be capital and must contains minimum 3 characters :
Wrong Input : Fist letter Should be capital and must contains minimum 3 characters :
Wrong Input : Fist letter Should be capital and must contains minimum 3 characters :
Wrong Input : Fist letter Should be capital and must contains minimum 3 characters :
Wrong Input : Fist letter Should be capital and must contains minimum 3 characters :
Wrong Input : Fist letter Should be capital and must contains minimum 3 characters :
Wrong Input : Fist letter Should be capital and must contains minimum 3 characters :
Wrong Input : Fist letter Should be capital and must contains minimum 3 characters :
Wrong Input : Fist letter Should be capital and must contains minimum 3 characters :
Wrong Input : Fist letter Should be capital and must contains minimum 3 characters :
Wrong Input : Fist letter Should be capital and must contains minimum 3 characters :
Wrong Input : Fist letter Should be capital and must contains minimum 3 characters :
Wrong Input : Fist letter Should be capital and must contains minimum 3 characters :
Wrong Input : Fist letter Should be capital and must contains minimum 3 characters :
Wrong Input : Fist letter Should be capital and must contains minimum 3 characters :
Wrong Input : Fist letter Should be capital and must contains minimum 3 characters :
Wrong Input : Fist letter Should be capital and must contains minimum 3 characters :
Wrong Input : Fist letter Should be capital and must contains minimum 3 characters :
Wrong Input : Fist letter Should be capital and must contains minimum 3 characters :
Wrong Input : Fist letter Should be capital and must contains minimum 3 characters :
Wrong Input : Fist letter Should be capital and must contains minimum 3 characters :
Wrong Input : Fist letter Should be capital and must contains minimum 3 characters :
Wrong Input : Fist letter Should be capital and must contains minimum 3 characters :
Wrong Input : Fist letter Should be capital and must contains minimum 3 characters :
Wrong Input : Fist letter Should be capital and must contains minimum 3 characters :
Wrong Input : Fist letter Should be capital and must contains minimum 3 characters :
Wrong Input : Fist letter Should be capital and must contains minimum 3 characters :
Wrong Input : Fist letter Should be capital and must contains minimum 3 characters :
Wrong Input : Fist letter Should be capital and must contains minimum 3 characters :
Wrong Input : Fist letter Should be capital and must contains minimum 3 characters :
Wrong Input : Fist letter Should be capital and must contains minimum 3 characters :
Wrong Input : Fist letter Should be capital and must contains minimum 3 characters :
Wrong Input : Fist letter Should be capital and must contains minimum 3 characters :
Wrong Input : Fist letter Should be capital and must contains minimum 3 characters :
Wrong Input : Fist letter Should be capital and must contains minimum 3 characters :
Wrong Input : Fist letter Should be capital and must contains minimum 3 characters :
Wrong Input : Fist letter Should be capital and must contains minimum 3 characters :
Wrong Input : Fist letter Should be capital and must contains minimum 3 characters :
Wrong Input : Fist letter Should be capital and must contains minimum 3 characters :
Wrong Input : Fist letter Should be capital and must contains minimum 3 characters :
Wrong Input : Fist letter Should be capital and must contains minimum 3 characters :
Wrong Input : Fist letter Should be capital and must contains minimum 3 characters :
Wrong Input : Fist letter Should be capital and must contains minimum 3 characters :
Wrong Input : Fist letter Should be capital and must contains minimum 3 characters :
Wrong Input : Fist letter Should be capital and must contains minimum 3 characters :
Wrong Input : Fist letter Should be capital and must contains minimum 3 characters :
Wrong Input : Fist letter Should be capital and must contains minimum 3 characters :
Wrong Input : Fist letter Should be capital and must contains minimum 3 characters :
Wrong Input : Fist letter Should be capital and must contains minimum 3 characters :
Wrong Input : Fist letter Should be capital and must contains minimum 3 characters :
Wrong Input : Fist letter Should be capital and must contains minimum 3 characters :
Wrong Input : Fist letter Should be capital and must contains minimum 3 characters :
Wrong Input : Fist letter Should be capital and must contains minimum 3 characters :
Wrong Input : Fist letter Should be capital and must contains minimum 3 characters :
Wrong Input : Fist letter Should be capital and must contains minimum 3 characters :
Wrong Input : Fist letter Should be capital and must contains minimum 3 characters :
Wrong Input : Fist letter Should be capital and must contains minimum 3 characters :
Wrong Input : Fist letter Should be capital and must contains minimum 3 characters :
Wrong Input : Fist letter Should be capital and must contains minimum 3 characters :
Wrong Input : Fist letter Should be capital and must contains minimum 3 characters :
Wrong Input : Fist letter Should be capital and must contains minimum 3 characters :
Wrong Input : Fist letter Should be capital and must contains minimum 3 characters :
Wrong Input : Fist letter Should be capital and must contains minimum 3 characters :
Wrong Input : Fist letter Should be capital and must contains minimum 3 characters :
Wrong Input : Fist letter Should be capital and must contains minimum 3 characters :
Wrong Input : Fist letter Should be capital and must contains minimum 3 characters :
Wrong Input : Fist letter Should be capital and must contains minimum 3 characters :
Wrong Input : Fist letter Should be capital and must contains minimum 3 characters :
Wrong Input : Fist letter Should be capital and must contains minimum 3 characters :
Wrong Input : Fist letter Should be capital and must contains minimum 3 characters :
Wrong Input : Fist letter Should be capital and must contains minimum 3 characters :
Wrong Input : Fist letter Should be capital and must contains minimum 3 characters :
Wrong Input : Fist letter Should be capital and must contains minimum 3 characters :
Wrong Input : Fist letter Should be capital and must contains minimum 3 characters :
Wrong Input : Fist letter Should be capital and must contains minimum 3 characters :
Wrong Input : Fist letter Should be capital and must contains minimum 3 characters :
Wrong Input : Fist letter Should be capital and must contains minimum 3 characters :
Wrong Input : Fist letter Should be capital and must contains minimum 3 characters :
Wrong Input : Fist letter Should be capital and must contains minimum 3 characters :
Wrong Input : Fist letter Should be capital and must contains minimum 3 characters :
Wrong Input : Fist letter Should be capital and must contains minimum 3 characters :
Wrong Input : Fist letter Should be capital and must contains minimum 3 characters :
Wrong Input : Fist letter Should be capital and must contains minimum 3 characters :
Wrong Input : Fist letter Should be capital and must contains minimum 3 characters :
Wrong Input : Fist letter Should be capital and must contains minimum 3 characters :
Wrong Input : Fist letter Should be capital and must contains minimum 3 characters :
Wrong Input : Fist letter Should be capital and must contains minimum 3 characters :
Wrong Input : Fist letter Should be capital and must contains minimum 3 characters :
Wrong Input : Fist letter Should be capital and must contains minimum 3 characters :
Wrong Input : Fist letter Should be capital and must contains minimum 3 characters :
Wrong Input : Fist letter Should be capital and must contains minimum 3 characters :
Wrong Input : Fist letter Should be capital and must contains minimum 3 characters :
Wrong Input : Fist letter Should be capital and must contains minimum 3 characters :
Wrong Input : Fist letter Should be capital and must contains minimum 3 characters :
Wrong Input : Fist letter Should be capital and must contains minimum 3 characters :
Wrong Input : Fist letter Should be capital and must contains minimum 3 characters :
Wrong Input : Fist letter Should be capital and must contains minimum 3 characters :
Wrong Input : Fist letter Should be capital and must contains minimum 3 characters :
Wrong Input : Fist letter Should be capital and must contains minimum 3 characters :
Wrong Input : Fist letter Should be capital and must contains minimum 3 characters :
Wrong Input : Fist letter Should be capital and must contains minimum 3 characters :
Wrong Input : Fist letter Should be capital and must contains minimum 3 characters :
Wrong Input : Fist letter Should be capital and must contains minimum 3 characters :
Wrong Input : Fist letter Should be capital and must contains minimum 3 characters :
Wrong Input : Fist letter Should be capital and must contains minimum 3 characters :
Wrong Input : Fist letter Should be capital and must contains minimum 3 characters :
Wrong Input : Fist letter Should be capital and must contains minimum 3 characters :
Wrong Input : Fist letter Should be capital and must contains minimum 3 characters :
Wrong Input : Fist letter Should be capital and must contains minimum 3 characters :
Wrong Input : Fist letter Should be capital and must contains minimum 3 characters :
Wrong Input : Fist letter Should be capital and must contains minimum 3 characters :
Wrong Input : Fist letter Should be capital and must contains minimum 3 characters :
Wrong Input : Fist letter Should be capital and must contains minimum 3 characters :
Wrong Input : Fist letter Should be capital and must contains minimum 3 characters :
Wrong Input : Fist letter Should be capital and must contains minimum 3 characters :
Wrong Input : Fist letter Should be capital and must contains minimum 3 characters :
Wrong Input : Fist letter Should be capital and must contains minimum 3 characters :
Wrong Input : Fist letter Should be capital and must contains minimum 3 characters :
Wrong Input : Fist letter Should be capital and must contains minimum 3 characters :
Wrong Input : Fist letter Should be capital and must contains minimum 3 characters :
Wrong Input : Fist letter Should be capital and must contains minimum 3 characters :
Wrong Input : Fist letter Should be capital and must contains minimum 3 characters :
Wrong Input : Fist letter Should be capital and must contains minimum 3 characters :
Wrong Input : Fist letter Should be capital and must contains minimum 3 characters :
Wrong Input : Fist letter Should be capital and must contains minimum 3 characters :
Wrong Input : Fist letter Should be capital and must contains minimum 3 characters :
Wrong Input : Fist letter Should be capital and must contains minimum 3 characters :
Wrong Input : Fist letter Should be capital and must contains minimum 3 characters :
Wrong Input : Fist letter Should be capital and must contains minimum 3 characters :
Wrong Input : Fist letter Should be capital and must contains minimum 3 characters :
Wrong Input : Fist letter Should be capital and must contains minimum 3 characters :
Wrong Input : Fist letter Should be capital and must contains minimum 3 characters :
Wrong Input : Fist letter Should be capital and must contains minimum 3 characters :
Wrong Input : Fist letter Should be capital and must contains minimum 3 characters :
Wrong Input : Fist letter Should be capital and must contains minimum 3 characters :
Wrong Input : Fist letter Should be capital and must contains minimum 3 characters :
Wrong Input : Fist letter Should be capital and must contains minimum 3 characters :
Wrong Input : Fist letter Should be capital and must contains minimum 3 characters :
Wrong Input : Fist letter Should be capital and must contains minimum 3 characters :
Wrong Input : Fist letter Should be capital and must contains minimum 3 characters :
Wrong Input : Fist letter Should be capital and must contains minimum 3 characters :
Wrong Input : Fist letter Should be capital and must contains minimum 3 characters :
Wrong Input : Fist letter Should be capital and must contains minimum 3 characters :
Wrong Input : Fist letter Should be capital and must contains minimum 3 characters :
Wrong Input : Fist letter Should be capital and must contains minimum 3 characters :
Wrong Input : Fist letter Should be capital and must contains minimum 3 characters :
Wrong Input : Fist letter Should be capital and must contains minimum 3 characters :
Wrong Input : Fist letter Should be capital and must contains minimum 3 characters :
Wrong Input : Fist letter Should be capital and must contains minimum 3 characters :
Wrong Input : Fist letter Should be capital and must contains minimum 3 characters :
Wrong Input : Fist letter Should be capital and must contains minimum 3 characters :
Wrong Input : Fist letter Should be capital and must contains minimum 3 characters :
Wrong Input : Fist letter Should be capital and must contains minimum 3 characters :
Wrong Input : Fist letter Should be capital and must contains minimum 3 characters :
Wrong Input : Fist letter Should be capital and must contains minimum 3 characters :
Wrong Input : Fist letter Should be capital and must contains minimum 3 characters :
Wrong Input : Fist letter Should be capital and must contains minimum 3 characters :
Wrong Input : Fist letter Should be capital and must contains minimum 3 characters :
Wrong Input : Fist letter Should be capital and must contains minimum 3 characters :
Wrong Input : Fist letter Should be capital and must contains minimum 3 characters :
Wrong Input : Fist letter Should be capital and must contains minimum 3 characters :
Wrong Input : Fist letter Should be capital and must contains minimum 3 characters :
Wrong Input : Fist letter Should be capital and must contains minimum 3 characters :
Wrong Input : Fist letter Should be capital and must contains minimum 3 characters :
Wrong Input : Fist letter Should be capital and must contains minimum 3 characters :
Wrong Input : Fist letter Should be capital and must contains minimum 3 characters :
Wrong Input : Fist letter Should be capital and must contains minimum 3 characters :
Wrong Input : Fist letter Should be capital and must contains minimum 3 characters :
Wrong Input : Fist letter Should be capital and must contains minimum 3 characters :
Wrong Input : Fist letter Should be capital and must contains minimum 3 characters :
Wrong Input : Fist letter Should be capital and must contains minimum 3 characters :
Wrong Input : Fist letter Should be capital and must contains minimum 3 characters :
Wrong Input : Fist letter Should be capital and must contains minimum 3 characters :
Wrong Input : Fist letter Should be capital and must contains minimum 3 characters :
Wrong Input : Fist letter Should be capital and must contains minimum 3 characters :
Wrong Input : Fist letter Should be capital and must contains minimum 3 characters :
Wrong Input : Fist letter Should be capital and must contains minimum 3 characters :
Wrong Input : Fist letter Should be capital and must contains minimum 3 characters :
Wrong Input : Fist letter Should be capital and must contains minimum 3 characters :
Wrong Input : Fist letter Should be capital and must contains minimum 3 characters :
Wrong Input : Fist letter Should be capital and must contains minimum 3 characters :
Wrong Input : Fist letter Should be capital and must contains minimum 3 characters :
Wrong Input : Fist letter Should be capital and must contains minimum 3 characters :
Wrong Input : Fist letter Should be capital and must contains minimum 3 characters :
Wrong Input : Fist letter Should be capital and must contains minimum 3 characters :
Wrong Input : Fist letter Should be capital and must contains minimum 3 characters :
Wrong Input : Fist letter Should be capital and must contains minimum 3 characters :
Wrong Input : Fist letter Should be capital and must contains minimum 3 characters :
Wrong Input : Fist letter Should be capital and must contains minimum 3 characters :
Wrong Input : Fist letter Should be capital and must contains minimum 3 characters :
Wrong Input : Fist letter Should be capital and must contains minimum 3 characters :
Wrong Input : Fist letter Should be capital and must contains minimum 3 characters :
Wrong Input : Fist letter Should be capital and must contains minimum 3 characters :
Wrong Input : Fist letter Should be capital and must contains minimum 3 characters :
Wrong Input : Fist letter Should be capital and must contains minimum 3 characters :
Wrong Input : Fist letter Should be capital and must contains minimum 3 characters :
Wrong Input : Fist letter Should be capital and must contains minimum 3 characters :
Wrong Input : Fist letter Should be capital and must contains minimum 3 characters :
Wrong Input : Fist letter Should be capital and must contains minimum 3 characters :
Wrong Input : Fist letter Should be capital and must contains minimum 3 characters :
Wrong Input : Fist letter Should be capital and must contains minimum 3 characters :
Wrong Input : Fist letter Should be capital and must contains minimum 3 characters :
Wrong Input : Fist letter Should be capital and must contains minimum 3 characters :
Wrong Input : Fist letter Should be capital and must contains minimum 3 characters :
Wrong Input : Fist letter Should be capital and must contains minimum 3 characters :
Wrong Input : Fist letter Should be capital and must contains minimum 3 characters :
Wrong Input : Fist letter Should be capital and must contains minimum 3 characters :
Wrong Input : Fist letter Should be capital and must contains minimum 3 characters :
Wrong Input : Fist letter Should be capital and must contains minimum 3 characters :
Wrong Input : Fist letter Should be capital and must contains minimum 3 characters :
Wrong Input : Fist letter Should be capital and must contains minimum 3 characters :
Wrong Input : Fist letter Should be capital and must contains minimum 3 characters :
Wrong Input : Fist letter Should be capital and must contains minimum 3 characters :
Wrong Input : Fist letter Should be capital and must contains minimum 3 characters :
Wrong Input : Fist letter Should be capital and must contains minimum 3 characters :
Wrong Input : Fist letter Should be capital and must contains minimum 3 characters :
Wrong Input : Fist letter Should be capital and must contains minimum 3 characters :
Wrong Input : Fist letter Should be capital and must contains minimum 3 characters :
Wrong Input : Fist letter Should be capital and must contains minimum 3 characters :
Wrong Input : Fist letter Should be capital and must contains minimum 3 characters :
Wrong Input : Fist letter Should be capital and must contains minimum 3 characters :
Wrong Input : Fist letter Should be capital and must contains minimum 3 characters :
Wrong Input : Fist letter Should be capital and must contains minimum 3 characters :
Wrong Input : Fist letter Should be capital and must contains minimum 3 characters :
Wrong Input : Fist letter Should be capital and must contains minimum 3 characters :
Wrong Input : Fist letter Should be capital and must contains minimum 3 characters :
Wrong Input : Fist letter Should be capital and must contains minimum 3 characters :
Wrong Input : Fist letter Should be capital and must contains minimum 3 characters :
Wrong Input : Fist letter Should be capital and must contains minimum 3 characters :
Wrong Input : Fist letter Should be capital and must contains minimum 3 characters :
Wrong Input : Fist letter Should be capital and must contains minimum 3 characters :
Wrong Input : Fist letter Should be capital and must contains minimum 3 characters :
Wrong Input : Fist letter Should be capital and must contains minimum 3 characters :
Wrong Input : Fist letter Should be capital and must contains minimum 3 characters :
Wrong Input : Fist letter Should be capital and must contains minimum 3 characters :
Wrong Input : Fist letter Should be capital and must contains minimum 3 characters :
Wrong Input : Fist letter Should be capital and must contains minimum 3 characters :
Wrong Input : Fist letter Should be capital and must contains minimum 3 characters :
Wrong Input : Fist letter Should be capital and must contains minimum 3 characters :
Wrong Input : Fist letter Should be capital and must contains minimum 3 characters :
Wrong Input : Fist letter Should be capital and must contains minimum 3 characters :
Wrong Input : Fist letter Should be capital and must contains minimum 3 characters :
Wrong Input : Fist letter Should be capital and must contains minimum 3 characters :
Wrong Input : Fist letter Should be capital and must contains minimum 3 characters :
Wrong Input : Fist letter Should be capital and must contains minimum 3 characters :
Wrong Input : Fist letter Should be capital and must contains minimum 3 characters :
Wrong Input : Fist letter Should be capital and must contains minimum 3 characters :
Wrong Input : Fist letter Should be capital and must contains minimum 3 characters :
Wrong Input : Fist letter Should be capital and must contains minimum 3 characters :
Wrong Input : Fist letter Should be capital and must contains minimum 3 characters :
Wrong Input : Fist letter Should be capital and must contains minimum 3 characters :
Wrong Input : Fist letter Should be capital and must contains minimum 3 characters :
Wrong Input : Fist letter Should be capital and must contains minimum 3 characters :
Wrong Input : Fist letter Should be capital and must contains minimum 3 characters :
Wrong Input : Fist letter Should be capital and must contains minimum 3 characters :
Wrong Input : Fist letter Should be capital and must contains minimum 3 characters :
Wrong Input : Fist letter Should be capital and must contains minimum 3 characters :
Wrong Input : Fist letter Should be capital and must contains minimum 3 characters :
Wrong Input : Fist letter Should be capital and must contains minimum 3 characters :
Wrong Input : Fist letter Should be capital and must contains minimum 3 characters :
Wrong Input : Fist letter Should be capital and must contains minimum 3 characters :
Wrong Input : Fist letter Should be capital and must contains minimum 3 characters :
Wrong Input : Fist letter Should be capital and must contains minimum 3 characters :
Wrong Input : Fist letter Should be capital and must contains minimum 3 characters :
Wrong Input : Fist letter Should be capital and must contains minimum 3 characters :
Wrong Input : Fist letter Should be capital and must contains minimum 3 characters :
Wrong Input : Fist letter Should be capital and must contains minimum 3 characters :
Wrong Input : Fist letter Should be capital and must contains minimum 3 characters :
Wrong Input : Fist letter Should be capital and must contains minimum 3 characters :
Wrong Input : Fist letter Should be capital and must contains minimum 3 characters :
Wrong Input : Fist letter Should be capital and must contains minimum 3 characters :
Wrong Input : Fist letter Should be capital and must contains minimum 3 characters :
Wrong Input : Fist letter Should be capital and must contains minimum 3 characters :
Wrong Input : Fist letter Should be capital and must contains minimum 3 characters :
Wrong Input : Fist letter Should be capital and must contains minimum 3 characters :
Wrong Input : Fist letter Should be capital and must contains minimum 3 characters :
Wrong Input : Fist letter Should be capital and must contains minimum 3 characters :
Wrong Input : Fist letter Should be capital and must contains minimum 3 characters :
Wrong Input : Fist letter Should be capital and must contains minimum 3 characters :
Wrong Input : Fist letter Should be capital and must contains minimum 3 characters :
Wrong Input : Fist letter Should be capital and must contains minimum 3 characters :
Wrong Input : Fist letter Should be capital and must contains minimum 3 characters :
Wrong Input : Fist letter Should be capital and must contains minimum 3 characters :
Wrong Input : Fist letter Should be capital and must contains minimum 3 characters :
Wrong Input : Fist letter Should be capital and must contains minimum 3 characters :
Wrong Input : Fist letter Should be capital and must contains minimum 3 characters :
Wrong Input : Fist letter Should be capital and must contains minimum 3 characters :
Wrong Input : Fist letter Should be capital and must contains minimum 3 characters :
Wrong Input : Fist letter Should be capital and must contains minimum 3 characters :
Wrong Input : Fist letter Should be capital and must contains minimum 3 characters :
Wrong Input : Fist letter Should be capital and must contains minimum 3 characters :
Wrong Input : Fist letter Should be capital and must contains minimum 3 characters :
Wrong Input : Fist letter Should be capital and must contains minimum 3 characters :
Wrong Input : Fist letter Should be capital and must contains minimum 3 characters :
Wrong Input : Fist letter Should be capital and must contains minimum 3 characters :
Wrong Input : Fist letter Should be capital and must contains minimum 3 characters :
Wrong Input : Fist letter Should be capital and must contains minimum 3 characters :
Wrong Input : Fist letter Should be capital and must contains minimum 3 characters :
Wrong Input : Fist letter Should be capital and must contains minimum 3 characters :
Wrong Input : Fist letter Should be capital and must contains minimum 3 characters :
Wrong Input : Fist letter Should be capital and must contains minimum 3 characters :
Wrong Input : Fist letter Should be capital and must contains minimum 3 characters :
Wrong Input : Fist letter Should be capital and must contains minimum 3 characters :
Wrong Input : Fist letter Should be capital and must contains minimum 3 characters :
Wrong Input : Fist letter Should be capital and must contains minimum 3 characters :
Wrong Input : Fist letter Should be capital and must contains minimum 3 characters :
Wrong Input : Fist letter Should be capital and must contains minimum 3 characters :
Wrong Input : Fist letter Should be capital and must contains minimum 3 characters :
Wrong Input : Fist letter Should be capital and must contains minimum 3 characters :
Wrong Input : Fist letter Should be capital and must contains minimum 3 characters :
Wrong Input : Fist letter Should be capital and must contains minimum 3 characters :
Wrong Input : Fist letter Should be capital and must contains minimum 3 characters :
Wrong Input : Fist letter Should be capital and must contains minimum 3 characters :
Wrong Input : Fist letter Should be capital and must contains minimum 3 characters :
Wrong Input : Fist letter Should be capital and must contains minimum 3 characters :
Wrong Input : Fist letter Should be capital and must contains minimum 3 characters :
Wrong Input : Fist letter Should be capital and must contains minimum 3 characters :
Wrong Input : Fist letter Should be capital and must contains minimum 3 characters :
Wrong Input : Fist letter Should be capital and must contains minimum 3 characters :
Wrong Input : Fist letter Should be capital and must contains minimum 3 characters :
Wrong Input : Fist letter Should be capital and must contains minimum 3 characters :
Wrong Input : Fist letter Should be capital and must contains minimum 3 characters :
Wrong Input : Fist letter Should be capital and must contains minimum 3 characters :
Wrong Input : Fist letter Should be capital and must contains minimum 3 characters :
Wrong Input : Fist letter Should be capital and must contains minimum 3 characters :
Wrong Input : Fist letter Should be capital and must contains minimum 3 characters :
Wrong Input : Fist letter Should be capital and must contains minimum 3 characters :
Wrong Input : Fist letter Should be capital and must contains minimum 3 characters :
Wrong Input : Fist letter Should be capital and must contains minimum 3 characters :
Wrong Input : Fist letter Should be capital and must contains minimum 3 characters :
Wrong Input : Fist letter Should be capital and must contains minimum 3 characters :
Wrong Input : Fist letter Should be capital and must contains minimum 3 characters :
Wrong Input : Fist letter Should be capital and must contains minimum 3 characters :
Wrong Input : Fist letter Should be capital and must contains minimum 3 characters :
Wrong Input : Fist letter Should be capital and must contains minimum 3 characters :
Wrong Input : Fist letter Should be capital and must contains minimum 3 characters :
Wrong Input : Fist letter Should be capital and must contains minimum 3 characters :
Wrong Input : Fist letter Should be capital and must contains minimum 3 characters :
Wrong Input : Fist letter Should be capital and must contains minimum 3 characters :
Wrong Input : Fist letter Should be capital and must contains minimum 3 characters :
Wrong Input : Fist letter Should be capital and must contains minimum 3 characters :
Wrong Input : Fist letter Should be capital and must contains minimum 3 characters :
Wrong Input : Fist letter Should be capital and must contains minimum 3 characters :
Wrong Input : Fist letter Should be capital and must contains minimum 3 characters :
Wrong Input : Fist letter Should be capital and must contains minimum 3 characters :
Wrong Input : Fist letter Should be capital and must contains minimum 3 characters :
Wrong Input : Fist letter Should be capital and must contains minimum 3 characters :
Wrong Input : Fist letter Should be capital and must contains minimum 3 characters :
Wrong Input : Fist letter Should be capital and must contains minimum 3 characters :
Wrong Input : Fist letter Should be capital and must contains minimum 3 characters :
Wrong Input : Fist letter Should be capital and must contains minimum 3 characters :
Wrong Input : Fist letter Should be capital and must contains minimum 3 characters :
Wrong Input : Fist letter Should be capital and must contains minimum 3 characters :
Wrong Input : Fist letter Should be capital and must contains minimum 3 characters :
Wrong Input : Fist letter Should be capital and must contains minimum 3 characters :
Wrong Input : Fist letter Should be capital and must contains minimum 3 characters :
Wrong Input : Fist letter Should be capital and must contains minimum 3 characters :
Wrong Input : Fist letter Should be capital and must contains minimum 3 characters :
Wrong Input : Fist letter Should be capital and must contains minimum 3 characters :
Wrong Input : Fist letter Should be capital and must contains minimum 3 characters :
Wrong Input : Fist letter Should be capital and must contains minimum 3 characters :
Wrong Input : Fist letter Should be capital and must contains minimum 3 characters :
Wrong Input : Fist letter Should be capital and must contains minimum 3 characters :
Wrong Input : Fist letter Should be capital and must contains minimum 3 characters :
Wrong Input : Fist letter Should be capital and must contains minimum 3 characters :
Wrong Input : Fist letter Should be capital and must contains minimum 3 characters :
Wrong Input : Fist letter Should be capital and must contains minimum 3 characters :
Wrong Input : Fist letter Should be capital and must contains minimum 3 characters :
Wrong Input : Fist letter Should be capital and must contains minimum 3 characters :
Wrong Input : Fist letter Should be capital and must contains minimum 3 characters :
Wrong Input : Fist letter Should be capital and must contains minimum 3 characters :
Wrong Input : Fist letter Should be capital and must contains minimum 3 characters :
Wrong Input : Fist letter Should be capital and must contains minimum 3 characters :
Wrong Input : Fist letter Should be capital and must contains minimum 3 characters :
Wrong Input : Fist letter Should be capital and must contains minimum 3 characters :
Wrong Input : Fist letter Should be capital and must contains minimum 3 characters :
Wrong Input : Fist letter Should be capital and must contains minimum 3 characters :
Wrong Input : Fist letter Should be capital and must contains minimum 3 characters :
Wrong Input : Fist letter Should be capital and must contains minimum 3 characters :
Wrong Input : Fist letter Should be capital and must contains minimum 3 characters :
Wrong Input : Fist letter Should be capital and must contains minimum 3 characters :
Wrong Input : Fist letter Should be capital and must contains minimum 3 characters :
Wrong Input : Fist letter Should be capital and must contains minimum 3 characters :
Wrong Input : Fist letter Should be capital and must contains minimum 3 characters :
Wrong Input : Fist letter Should be capital and must contains minimum 3 characters :
Wrong Input : Fist letter Should be capital and must contains minimum 3 characters :
Wrong Input : Fist letter Should be capital and must contains minimum 3 characters :
Wrong Input : Fist letter Should be capital and must contains minimum 3 characters :
Wrong Input : Fist letter Should be capital and must contains minimum 3 characters :
Wrong Input : Fist letter Should be capital and must contains minimum 3 characters :
Wrong Input : Fist letter Should be capital and must contains minimum 3 characters :
Wrong Input : Fist letter Should be capital and must contains minimum 3 characters :
Wrong Input : Fist letter Should be capital and must contains minimum 3 characters :
Wrong Input : Fist letter Should be capital and must contains minimum 3 characters :
Wrong Input : Fist letter Should be capital and must contains minimum 3 characters :
Wrong Input : Fist letter Should be capital and must contains minimum 3 characters :
Wrong Input : Fist letter Should be capital and must contains minimum 3 characters :
Wrong Input : Fist letter Should be capital and must contains minimum 3 characters :
Wrong Input : Fist letter Should be capital and must contains minimum 3 characters :
Wrong Input : Fist letter Should be capital and must contains minimum 3 characters :
Wrong Input : Fist letter Should be capital and must contains minimum 3 characters :
Wrong Input : Fist letter Should be capital and must contains minimum 3 characters :
Wrong Input : Fist letter Should be capital and must contains minimum 3 characters :
Wrong Input : Fist letter Should be capital and must contains minimum 3 characters :
Wrong Input : Fist letter Should be capital and must contains minimum 3 characters :
Wrong Input : Fist letter Should be capital and must contains minimum 3 characters :
Wrong Input : Fist letter Should be capital and must contains minimum 3 characters :
Wrong Input : Fist letter Should be capital and must contains minimum 3 characters :
Wrong Input : Fist letter Should be capital and must contains minimum 3 characters :
Wrong Input : Fist letter Should be capital and must contains minimum 3 characters :
Wrong Input : Fist letter Should be capital and must contains minimum 3 characters :
Wrong Input : Fist letter Should be capital and must contains minimum 3 characters :
Wrong Input : Fist letter Should be capital and must contains minimum 3 characters :
Wrong Input : Fist letter Should be capital and must contains minimum 3 characters :
Wrong Input : Fist letter Should be capital and must contains minimum 3 characters :
Wrong Input : Fist letter Should be capital and must contains minimum 3 characters :
Wrong Input : Fist letter Should be capital and must contains minimum 3 characters :
Wrong Input : Fist letter Should be capital and must contains minimum 3 characters :
Wrong Input : Fist letter Should be capital and must contains minimum 3 characters :
Wrong Input : Fist letter Should be capital and must contains minimum 3 characters :
Wrong Input : Fist letter Should be capital and must contains minimum 3 characters :
Wrong Input : Fist letter Should be capital and must contains minimum 3 characters :
Wrong Input : Fist letter Should be capital and must contains minimum 3 characters :
Wrong Input : Fist letter Should be capital and must contains minimum 3 characters :
Wrong Input : Fist letter Should be capital and must contains minimum 3 characters :
Wrong Input : Fist letter Should be capital and must contains minimum 3 characters :
Wrong Input : Fist letter Should be capital and must contains minimum 3 characters :
Wrong Input : Fist letter Should be capital and must contains minimum 3 characters :
Wrong Input : Fist letter Should be capital and must contains minimum 3 characters :
Wrong Input : Fist letter Should be capital and must contains minimum 3 characters :
Wrong Input : Fist letter Should be capital and must contains minimum 3 characters :
Wrong Input : Fist letter Should be capital and must contains minimum 3 characters :
Wrong Input : Fist letter Should be capital and must contains minimum 3 characters :
Wrong Input : Fist letter Should be capital and must contains minimum 3 characters :
Wrong Input : Fist letter Should be capital and must contains minimum 3 characters :
Wrong Input : Fist letter Should be capital and must contains minimum 3 characters :
Wrong Input : Fist letter Should be capital and must contains minimum 3 characters :
Wrong Input : Fist letter Should be capital and must contains minimum 3 characters :
Wrong Input : Fist letter Should be capital and must contains minimum 3 characters :
Wrong Input : Fist letter Should be capital and must contains minimum 3 characters :
Wrong Input : Fist letter Should be capital and must contains minimum 3 characters :
Wrong Input : Fist letter Should be capital and must contains minimum 3 characters :
Wrong Input : Fist letter Should be capital and must contains minimum 3 characters :
Wrong Input : Fist letter Should be capital and must contains minimum 3 characters :
Wrong Input : Fist letter Should be capital and must contains minimum 3 characters :
Wrong Input : Fist letter Should be capital and must contains minimum 3 characters :
Wrong Input : Fist letter Should be capital and must contains minimum 3 characters :
Wrong Input : Fist letter Should be capital and must contains minimum 3 characters :
Wrong Input : Fist letter Should be capital and must contains minimum 3 characters :
Wrong Input : Fist letter Should be capital and must contains minimum 3 characters :
Wrong Input : Fist letter Should be capital and must contains minimum 3 characters :
Wrong Input : Fist letter Should be capital and must contains minimum 3 characters :
Wrong Input : Fist letter Should be capital and must contains minimum 3 characters :
Wrong Input : Fist letter Should be capital and must contains minimum 3 characters :
Wrong Input : Fist letter Should be capital and must contains minimum 3 characters :
Wrong Input : Fist letter Should be capital and must contains minimum 3 characters :
Wrong Input : Fist letter Should be capital and must contains minimum 3 characters :
Wrong Input : Fist letter Should be capital and must contains minimum 3 characters :
Wrong Input : Fist letter Should be capital and must contains minimum 3 characters :
Wrong Input : Fist letter Should be capital and must contains minimum 3 characters :
Wrong Input : Fist letter Should be capital and must contains minimum 3 characters :
Wrong Input : Fist letter Should be capital and must contains minimum 3 characters :
Wrong Input : Fist letter Should be capital and must contains minimum 3 characters :
Wrong Input : Fist letter Should be capital and must contains minimum 3 characters :
Wrong Input : Fist letter Should be capital and must contains minimum 3 characters :
Wrong Input : Fist letter Should be capital and must contains minimum 3 characters :
Wrong Input : Fist letter Should be capital and must contains minimum 3 characters :
Wrong Input : Fist letter Should be capital and must contains minimum 3 characters :
Wrong Input : Fist letter Should be capital and must contains minimum 3 characters :
Wrong Input : Fist letter Should be capital and must contains minimum 3 characters :
Wrong Input : Fist letter Should be capital and must contains minimum 3 characters :
Wrong Input : Fist letter Should be capital and must contains minimum 3 characters :
Wrong Input : Fist letter Should be capital and must contains minimum 3 characters :
Wrong Input : Fist letter Should be capital and must contains minimum 3 characters :
Wrong Input : Fist letter Should be capital and must contains minimum 3 characters :
Wrong Input : Fist letter Should be capital and must contains minimum 3 characters :
Wrong Input : Fist letter Should be capital and must contains minimum 3 characters :
Wrong Input : Fist letter Should be capital and must contains minimum 3 characters :
Wrong Input : Fist letter Should be capital and must contains minimum 3 characters :
Wrong Input : Fist letter Should be capital and must contains minimum 3 characters :
Wrong Input : Fist letter Should be capital and must contains minimum 3 characters :
Wrong Input : Fist letter Should be capital and must contains minimum 3 characters :
Wrong Input : Fist letter Should be capital and must contains minimum 3 characters :
Wrong Input : Fist letter Should be capital and must contains minimum 3 characters :
Wrong Input : Fist letter Should be capital and must contains minimum 3 characters :
Wrong Input : Fist letter Should be capital and must contains minimum 3 characters :
Wrong Input : Fist letter Should be capital and must contains minimum 3 characters :
Wrong Input : Fist letter Should be capital and must contains minimum 3 characters :
Wrong Input : Fist letter Should be capital and must contains minimum 3 characters :
Wrong Input : Fist letter Should be capital and must contains minimum 3 characters :
Wrong Input : Fist letter Should be capital and must contains minimum 3 characters :
Wrong Input : Fist letter Should be capital and must contains minimum 3 characters :
Wrong Input : Fist letter Should be capital and must contains minimum 3 characters :
Wrong Input : Fist letter Should be capital and must contains minimum 3 characters :
Wrong Input : Fist letter Should be capital and must contains minimum 3 characters :
Wrong Input : Fist letter Should be capital and must contains minimum 3 characters :
Wrong Input : Fist letter Should be capital and must contains minimum 3 characters :
Wrong Input : Fist letter Should be capital and must contains minimum 3 characters :
Wrong Input : Fist letter Should be capital and must contains minimum 3 characters :
Wrong Input : Fist letter Should be capital and must contains minimum 3 characters :
Wrong Input : Fist letter Should be capital and must contains minimum 3 characters :
Wrong Input : Fist letter Should be capital and must contains minimum 3 characters :
Wrong Input : Fist letter Should be capital and must contains minimum 3 characters :
Wrong Input : Fist letter Should be capital and must contains minimum 3 characters :
Wrong Input : Fist letter Should be capital and must contains minimum 3 characters :
Wrong Input : Fist letter Should be capital and must contains minimum 3 characters :
Wrong Input : Fist letter Should be capital and must contains minimum 3 characters :
Wrong Input : Fist letter Should be capital and must contains minimum 3 characters :
Wrong Input : Fist letter Should be capital and must contains minimum 3 characters :
Wrong Input : Fist letter Should be capital and must contains minimum 3 characters :
Wrong Input : Fist letter Should be capital and must contains minimum 3 characters :
Wrong Input : Fist letter Should be capital and must contains minimum 3 characters :
Wrong Input : Fist letter Should be capital and must contains minimum 3 characters :
Wrong Input : Fist letter Should be capital and must contains minimum 3 characters :
Wrong Input : Fist letter Should be capital and must contains minimum 3 characters :
Wrong Input : Fist letter Should be capital and must contains minimum 3 characters :
Wrong Input : Fist letter Should be capital and must contains minimum 3 characters :
Wrong Input : Fist letter Should be capital and must contains minimum 3 characters :
Wrong Input : Fist letter Should be capital and must contains minimum 3 characters :
Wrong Input : Fist letter Should be capital and must contains minimum 3 characters :
Wrong Input : Fist letter Should be capital and must contains minimum 3 characters :
Wrong Input : Fist letter Should be capital and must contains minimum 3 characters :
Wrong Input : Fist letter Should be capital and must contains minimum 3 characters :
Wrong Input : Fist letter Should be capital and must contains minimum 3 characters :
Wrong Input : Fist letter Should be capital and must contains minimum 3 characters :
Wrong Input : Fist letter Should be capital and must contains minimum 3 characters :
Wrong Input : Fist letter Should be capital and must contains minimum 3 characters :
Wrong Input : Fist letter Should be capital and must contains minimum 3 characters :
Wrong Input : Fist letter Should be capital and must contains minimum 3 characters :
Wrong Input : Fist letter Should be capital and must contains minimum 3 characters :
Wrong Input : Fist letter Should be capital and must contains minimum 3 characters :
Wrong Input : Fist letter Should be capital and must contains minimum 3 characters :
Wrong Input : Fist letter Should be capital and must contains minimum 3 characters :
Wrong Input : Fist letter Should be capital and must contains minimum 3 characters :
Wrong Input : Fist letter Should be capital and must contains minimum 3 characters :
Wrong Input : Fist letter Should be capital and must contains minimum 3 characters :
Wrong Input : Fist letter Should be capital and must contains minimum 3 characters :
Wrong Input : Fist letter Should be capital and must contains minimum 3 characters :
Wrong Input : Fist letter Should be capital and must contains minimum 3 characters :
Wrong Input : Fist letter Should be capital and must contains minimum 3 characters :
Wrong Input : Fist letter Should be capital and must contains minimum 3 characters :
Wrong Input : Fist letter Should be capital and must contains minimum 3 characters :
Wrong Input : Fist letter Should be capital and must contains minimum 3 characters :
Wrong Input : Fist letter Should be capital and must contains minimum 3 characters :
Wrong Input : Fist letter Should be capital and must contains minimum 3 characters :
Wrong Input : Fist letter Should be capital and must contains minimum 3 characters :
Wrong Input : Fist letter Should be capital and must contains minimum 3 characters :
Wrong Input : Fist letter Should be capital and must contains minimum 3 characters :
Wrong Input : Fist letter Should be capital and must contains minimum 3 characters :
Wrong Input : Fist letter Should be capital and must contains minimum 3 characters :
Wrong Input : Fist letter Should be capital and must contains minimum 3 characters :
Wrong Input : Fist letter Should be capital and must contains minimum 3 characters :
Wrong Input : Fist letter Should be capital and must contains minimum 3 characters :
Wrong Input : Fist letter Should be capital and must contains minimum 3 characters :
Wrong Input : Fist letter Should be capital and must contains minimum 3 characters :
Wrong Input : Fist letter Should be capital and must contains minimum 3 characters :
Wrong Input : Fist letter Should be capital and must contains minimum 3 characters :
Wrong Input : Fist letter Should be capital and must contains minimum 3 characters :
Wrong Input : Fist letter Should be capital and must contains minimum 3 characters :
Wrong Input : Fist letter Should be capital and must contains minimum 3 characters :
Wrong Input : Fist letter Should be capital and must contains minimum 3 characters :
Wrong Input : Fist letter Should be capital and must contains minimum 3 characters :
Wrong Input : Fist letter Should be capital and must contains minimum 3 characters :
Wrong Input : Fist letter Should be capital and must contains minimum 3 characters :
Wrong Input : Fist letter Should be capital and must contains minimum 3 characters :
Wrong Input : Fist letter Should be capital and must contains minimum 3 characters :
Wrong Input : Fist letter Should be capital and must contains minimum 3 characters :
Wrong Input : Fist letter Should be capital and must contains minimum 3 characters :
Wrong Input : Fist letter Should be capital and must contains minimum 3 characters :
Wrong Input : Fist letter Should be capital and must contains minimum 3 characters :
Wrong Input : Fist letter Should be capital and must contains minimum 3 characters :
Wrong Input : Fist letter Should be capital and must contains minimum 3 characters :
Wrong Input : Fist letter Should be capital and must contains minimum 3 characters :
Wrong Input : Fist letter Should be capital and must contains minimum 3 characters :
Wrong Input : Fist letter Should be capital and must contains minimum 3 characters :
Wrong Input : Fist letter Should be capital and must contains minimum 3 characters :
Wrong Input : Fist letter Should be capital and must contains minimum 3 characters :
Wrong Input : Fist letter Should be capital and must contains minimum 3 characters :
Wrong Input : Fist letter Should be capital and must contains minimum 3 characters :
Wrong Input : Fist letter Should be capital and must contains minimum 3 characters :
Wrong Input : Fist letter Should be capital and must contains minimum 3 characters :
Wrong Input : Fist letter Should be capital and must contains minimum 3 characters :
Wrong Input : Fist letter Should be capital and must contains minimum 3 characters :
Wrong Input : Fist letter Should be capital and must contains minimum 3 characters :
Wrong Input : Fist letter Should be capital and must contains minimum 3 characters :
Wrong Input : Fist letter Should be capital and must contains minimum 3 characters :
Wrong Input : Fist letter Should be capital and must contains minimum 3 characters :
Wrong Input : Fist letter Should be capital and must contains minimum 3 characters :
Wrong Input : Fist letter Should be capital and must contains minimum 3 characters :
Wrong Input : Fist letter Should be capital and must contains minimum 3 characters :
Wrong Input : Fist letter Should be capital and must contains minimum 3 characters :
Wrong Input : Fist letter Should be capital and must contains minimum 3 characters :
Wrong Input : Fist letter Should be capital and must contains minimum 3 characters :
Wrong Input : Fist letter Should be capital and must contains minimum 3 characters :
Wrong Input : Fist letter Should be capital and must contains minimum 3 characters :
Wrong Input : Fist letter Should be capital and must contains minimum 3 characters :
Wrong Input : Fist letter Should be capital and must contains minimum 3 characters :
Wrong Input : Fist letter Should be capital and must contains minimum 3 characters :
Wrong Input : Fist letter Should be capital and must contains minimum 3 characters :
Wrong Input : Fist letter Should be capital and must contains minimum 3 characters :
Wrong Input : Fist letter Should be capital and must contains minimum 3 characters :
Wrong Input : Fist letter Should be capital and must contains minimum 3 characters :
Wrong Input : Fist letter Should be capital and must contains minimum 3 characters :
Wrong Input : Fist letter Should be capital and must contains minimum 3 characters :
Wrong Input : Fist letter Should be capital and must contains minimum 3 characters :
Wrong Input : Fist letter Should be capital and must contains minimum 3 characters :
Wrong Input : Fist letter Should be capital and must contains minimum 3 characters :
Wrong Input : Fist letter Should be capital and must contains minimum 3 characters :
Wrong Input : Fist letter Should be capital and must contains minimum 3 characters :
Wrong Input : Fist letter Should be capital and must contains minimum 3 characters :
Wrong Input : Fist letter Should be capital and must contains minimum 3 characters :
Wrong Input : Fist letter Should be capital and must contains minimum 3 characters :
Wrong Input : Fist letter Should be capital and must contains minimum 3 characters :
Wrong Input : Fist letter Should be capital and must contains minimum 3 characters :
Wrong Input : Fist letter Should be capital and must contains minimum 3 characters :
Wrong Input : Fist letter Should be capital and must contains minimum 3 characters :
Wrong Input : Fist letter Should be capital and must contains minimum 3 characters :
Wrong Input : Fist letter Should be capital and must contains minimum 3 characters :
Wrong Input : Fist letter Should be capital and must contains minimum 3 characters :
Wrong Input : Fist letter Should be capital and must contains minimum 3 characters :
Wrong Input : Fist letter Should be capital and must contains minimum 3 characters :
Wrong Input : Fist letter Should be capital and must contains minimum 3 characters :
Wrong Input : Fist letter Should be capital and must contains minimum 3 characters :
Wrong Input : Fist letter Should be capital and must contains minimum 3 characters :
Wrong Input : Fist letter Should be capital and must contains minimum 3 characters :
Wrong Input : Fist letter Should be capital and must contains minimum 3 characters :
Wrong Input : Fist letter Should be capital and must contains minimum 3 characters :
Wrong Input : Fist letter Should be capital and must contains minimum 3 characters :
Wrong Input : Fist letter Should be capital and must contains minimum 3 characters :
Wrong Input : Fist letter Should be capital and must contains minimum 3 characters :
Wrong Input : Fist letter Should be capital and must contains minimum 3 characters :
Wrong Input : Fist letter Should be capital and must contains minimum 3 characters :
Wrong Input : Fist letter Should be capital and must contains minimum 3 characters :
Wrong Input : Fist letter Should be capital and must contains minimum 3 characters :
Wrong Input : Fist letter Should be capital and must contains minimum 3 characters :
Wrong Input : Fist letter Should be capital and must contains minimum 3 characters :
Wrong Input : Fist letter Should be capital and must contains minimum 3 characters :
Wrong Input : Fist letter Should be capital and must contains minimum 3 characters :
Wrong Input : Fist letter Should be capital and must contains minimum 3 characters :
Wrong Input : Fist letter Should be capital and must contains minimum 3 characters :
Wrong Input : Fist letter Should be capital and must contains minimum 3 characters :
Wrong Input : Fist letter Should be capital and must contains minimum 3 characters :
Wrong Input : Fist letter Should be capital and must contains minimum 3 characters :
Wrong Input : Fist letter Should be capital and must contains minimum 3 characters :
Wrong Input : Fist letter Should be capital and must contains minimum 3 characters :
Wrong Input : Fist letter Should be capital and must contains minimum 3 characters :
Wrong Input : Fist letter Should be capital and must contains minimum 3 characters :
Wrong Input : Fist letter Should be capital and must contains minimum 3 characters :
Wrong Input : Fist letter Should be capital and must contains minimum 3 characters :
Wrong Input : Fist letter Should be capital and must contains minimum 3 characters :
Wrong Input : Fist letter Should be capital and must contains minimum 3 characters :
Wrong Input : Fist letter Should be capital and must contains minimum 3 characters :
Wrong Input : Fist letter Should be capital and must contains minimum 3 characters :
Wrong Input : Fist letter Should be capital and must contains minimum 3 characters :
Wrong Input : Fist letter Should be capital and must contains minimum 3 characters :
Wrong Input : Fist letter Should be capital and must contains minimum 3 characters :
Wrong Input : Fist letter Should be capital and must contains minimum 3 characters :
Wrong Input : Fist letter Should be capital and must contains minimum 3 characters :
Wrong Input : Fist letter Should be capital and must contains minimum 3 characters :
Wrong Input : Fist letter Should be capital and must contains minimum 3 characters :
Wrong Input : Fist letter Should be capital and must contains minimum 3 characters :
Wrong Input : Fist letter Should be capital and must contains minimum 3 characters :
Wrong Input : Fist letter Should be capital and must contains minimum 3 characters :
Wrong Input : Fist letter Should be capital and must contains minimum 3 characters :
Wrong Input : Fist letter Should be capital and must contains minimum 3 characters :
Wrong Input : Fist letter Should be capital and must contains minimum 3 characters :
Wrong Input : Fist letter Should be capital and must contains minimum 3 characters :
Wrong Input : Fist letter Should be capital and must contains minimum 3 characters :
Wrong Input : Fist letter Should be capital and must contains minimum 3 characters :
Wrong Input : Fist letter Should be capital and must contains minimum 3 characters :
Wrong Input : Fist letter Should be capital and must contains minimum 3 characters :
Wrong Input : Fist letter Should be capital and must contains minimum 3 characters :
Wrong Input : Fist letter Should be capital and must contains minimum 3 characters :
Wrong Input : Fist letter Should be capital and must contains minimum 3 characters :
Wrong Input : Fist letter Should be capital and must contains minimum 3 characters :
Wrong Input : Fist letter Should be capital and must contains minimum 3 characters :
Wrong Input : Fist letter Should be capital and must contains minimum 3 characters :
Wrong Input : Fist letter Should be capital and must contains minimum 3 characters :
Wrong Input : Fist letter Should be capital and must contains minimum 3 characters :
Wrong Input : Fist letter Should be capital and must contains minimum 3 characters :
Wrong Input : Fist letter Should be capital and must contains minimum 3 characters :
Wrong Input : Fist letter Should be capital and must contains minimum 3 characters :
Wrong Input : Fist letter Should be capital and must contains minimum 3 characters :
Wrong Input : Fist letter Should be capital and must contains minimum 3 characters :
Wrong Input : Fist letter Should be capital and must contains minimum 3 characters :
Wrong Input : Fist letter Should be capital and must contains minimum 3 characters :
Wrong Input : Fist letter Should be capital and must contains minimum 3 characters :
Wrong Input : Fist letter Should be capital and must contains minimum 3 characters :
Wrong Input : Fist letter Should be capital and must contains minimum 3 characters :
Wrong Input : Fist letter Should be capital and must contains minimum 3 characters :
Wrong Input : Fist letter Should be capital and must contains minimum 3 characters :
Wrong Input : Fist letter Should be capital and must contains minimum 3 characters :
Wrong Input : Fist letter Should be capital and must contains minimum 3 characters :
Wrong Input : Fist letter Should be capital and must contains minimum 3 characters :
Wrong Input : Fist letter Should be capital and must contains minimum 3 characters :
Wrong Input : Fist letter Should be capital and must contains minimum 3 characters :
Wrong Input : Fist letter Should be capital and must contains minimum 3 characters :
Wrong Input : Fist letter Should be capital and must contains minimum 3 characters :
Wrong Input : Fist letter Should be capital and must contains minimum 3 characters :
Wrong Input : Fist letter Should be capital and must contains minimum 3 characters :
Wrong Input : Fist letter Should be capital and must contains minimum 3 characters :
Wrong Input : Fist letter Should be capital and must contains minimum 3 characters :
Wrong Input : Fist letter Should be capital and must contains minimum 3 characters :
Wrong Input : Fist letter Should be capital and must contains minimum 3 characters :
Wrong Input : Fist letter Should be capital and must contains minimum 3 characters :
Wrong Input : Fist letter Should be capital and must contains minimum 3 characters :
Wrong Input : Fist letter Should be capital and must contains minimum 3 characters :
Wrong Input : Fist letter Should be capital and must contains minimum 3 characters :
Wrong Input : Fist letter Should be capital and must contains minimum 3 characters :
Wrong Input : Fist letter Should be capital and must contains minimum 3 characters :
Wrong Input : Fist letter Should be capital and must contains minimum 3 characters :
Wrong Input : Fist letter Should be capital and must contains minimum 3 characters :
Wrong Input : Fist letter Should be capital and must contains minimum 3 characters :
Wrong Input : Fist letter Should be capital and must contains minimum 3 characters :
Wrong Input : Fist letter Should be capital and must contains minimum 3 characters :
Wrong Input : Fist letter Should be capital and must contains minimum 3 characters :
Wrong Input : Fist letter Should be capital and must contains minimum 3 characters :
Wrong Input : Fist letter Should be capital and must contains minimum 3 characters :
Wrong Input : Fist letter Should be capital and must contains minimum 3 characters :
Wrong Input : Fist letter Should be capital and must contains minimum 3 characters :
Wrong Input : Fist letter Should be capital and must contains minimum 3 characters :
Wrong Input : Fist letter Should be capital and must contains minimum 3 characters :
Wrong Input : Fist letter Should be capital and must contains minimum 3 characters :
Wrong Input : Fist letter Should be capital and must contains minimum 3 characters :
Wrong Input : Fist letter Should be capital and must contains minimum 3 characters :
Wrong Input : Fist letter Should be capital and must contains minimum 3 characters :
Wrong Input : Fist letter Should be capital and must contains minimum 3 characters :
Wrong Input : Fist letter Should be capital and must contains minimum 3 characters :
Wrong Input : Fist letter Should be capital and must contains minimum 3 characters :
Wrong Input : Fist letter Should be capital and must contains minimum 3 characters :
Wrong Input : Fist letter Should be capital and must contains minimum 3 characters :
Wrong Input : Fist letter Should be capital and must contains minimum 3 characters :
Wrong Input : Fist letter Should be capital and must contains minimum 3 characters :
Wrong Input : Fist letter Should be capital and must contains minimum 3 characters :
Wrong Input : Fist letter Should be capital and must contains minimum 3 characters :
Wrong Input : Fist letter Should be capital and must contains minimum 3 characters :
Wrong Input : Fist letter Should be capital and must contains minimum 3 characters :
Wrong Input : Fist letter Should be capital and must contains minimum 3 characters :
Wrong Input : Fist letter Should be capital and must contains minimum 3 characters :
Wrong Input : Fist letter Should be capital and must contains minimum 3 characters :
Wrong Input : Fist letter Should be capital and must contains minimum 3 characters :
Wrong Input : Fist letter Should be capital and must contains minimum 3 characters :
Wrong Input : Fist letter Should be capital and must contains minimum 3 characters :
Wrong Input : Fist letter Should be capital and must contains minimum 3 characters :
Wrong Input : Fist letter Should be capital and must contains minimum 3 characters :
Wrong Input : Fist letter Should be capital and must contains minimum 3 characters :
Wrong Input : Fist letter Should be capital and must contains minimum 3 characters :
Wrong Input : Fist letter Should be capital and must contains minimum 3 characters :
Wrong Input : Fist letter Should be capital and must contains minimum 3 characters :
Wrong Input : Fist letter Should be capital and must contains minimum 3 characters :
Wrong Input : Fist letter Should be capital and must contains minimum 3 characters :
Wrong Input : Fist letter Should be capital and must contains minimum 3 characters :
Wrong Input : Fist letter Should be capital and must contains minimum 3 characters :
Wrong Input : Fist letter Should be capital and must contains minimum 3 characters :
Wrong Input : Fist letter Should be capital and must contains minimum 3 characters :
Wrong Input : Fist letter Should be capital and must contains minimum 3 characters :
Wrong Input : Fist letter Should be capital and must contains minimum 3 characters :
Wrong Input : Fist letter Should be capital and must contains minimum 3 characters :
Wrong Input : Fist letter Should be capital and must contains minimum 3 characters :
Wrong Input : Fist letter Should be capital and must contains minimum 3 characters :
Wrong Input : Fist letter Should be capital and must contains minimum 3 characters :
Wrong Input : Fist letter Should be capital and must contains minimum 3 characters :
Wrong Input : Fist letter Should be capital and must contains minimum 3 characters :
Wrong Input : Fist letter Should be capital and must contains minimum 3 characters :
Wrong Input : Fist letter Should be capital and must contains minimum 3 characters :
Wrong Input : Fist letter Should be capital and must contains minimum 3 characters :
Wrong Input : Fist letter Should be capital and must contains minimum 3 characters :
Wrong Input : Fist letter Should be capital and must contains minimum 3 characters :
Wrong Input : Fist letter Should be capital and must contains minimum 3 characters :
Wrong Input : Fist letter Should be capital and must contains minimum 3 characters :
Wrong Input : Fist letter Should be capital and must contains minimum 3 characters :
Wrong Input : Fist letter Should be capital and must contains minimum 3 characters :
Wrong Input : Fist letter Should be capital and must contains minimum 3 characters :
Wrong Input : Fist letter Should be capital and must contains minimum 3 characters :
Wrong Input : Fist letter Should be capital and must contains minimum 3 characters :
Wrong Input : Fist letter Should be capital and must contains minimum 3 characters :
Wrong Input : Fist letter Should be capital and must contains minimum 3 characters :
Wrong Input : Fist letter Should be capital and must contains minimum 3 characters :
Wrong Input : Fist letter Should be capital and must contains minimum 3 characters :
Wrong Input : Fist letter Should be capital and must contains minimum 3 characters :
Wrong Input : Fist letter Should be capital and must contains minimum 3 characters :
Wrong Input : Fist letter Should be capital and must contains minimum 3 characters :
Wrong Input : Fist letter Should be capital and must contains minimum 3 characters :
Wrong Input : Fist letter Should be capital and must contains minimum 3 characters :
Wrong Input : Fist letter Should be capital and must contains minimum 3 characters :
Wrong Input : Fist letter Should be capital and must contains minimum 3 characters :
Wrong Input : Fist letter Should be capital and must contains minimum 3 characters :
Wrong Input : Fist letter Should be capital and must contains minimum 3 characters :
Wrong Input : Fist letter Should be capital and must contains minimum 3 characters :
Wrong Input : Fist letter Should be capital and must contains minimum 3 characters :
Wrong Input : Fist letter Should be capital and must contains minimum 3 characters :
Wrong Input : Fist letter Should be capital and must contains minimum 3 characters :
Wrong Input : Fist letter Should be capital and must contains minimum 3 characters :
Wrong Input : Fist letter Should be capital and must contains minimum 3 characters :
Wrong Input : Fist letter Should be capital and must contains minimum 3 characters :
Wrong Input : Fist letter Should be capital and must contains minimum 3 characters :
Wrong Input : Fist letter Should be capital and must contains minimum 3 characters :
Wrong Input : Fist letter Should be capital and must contains minimum 3 characters :
Wrong Input : Fist letter Should be capital and must contains minimum 3 characters :
Wrong Input : Fist letter Should be capital and must contains minimum 3 characters :
Wrong Input : Fist letter Should be capital and must contains minimum 3 characters :
Wrong Input : Fist letter Should be capital and must contains minimum 3 characters :
Wrong Input : Fist letter Should be capital and must contains minimum 3 characters :
Wrong Input : Fist letter Should be capital and must contains minimum 3 characters :
Wrong Input : Fist letter Should be capital and must contains minimum 3 characters :
Wrong Input : Fist letter Should be capital and must contains minimum 3 characters :
Wrong Input : Fist letter Should be capital and must contains minimum 3 characters :
Wrong Input : Fist letter Should be capital and must contains minimum 3 characters :
Wrong Input : Fist letter Should be capital and must contains minimum 3 characters :
Wrong Input : Fist letter Should be capital and must contains minimum 3 characters :
Wrong Input : Fist letter Should be capital and must contains minimum 3 characters :
Wrong Input : Fist letter Should be capital and must contains minimum 3 characters :
Wrong Input : Fist letter Should be capital and must contains minimum 3 characters :
Wrong Input : Fist letter Should be capital and must contains minimum 3 characters :
Wrong Input : Fist letter Should be capital and must contains minimum 3 characters :
Wrong Input : Fist letter Should be capital and must contains minimum 3 characters :
Wrong Input : Fist letter Should be capital and must contains minimum 3 characters :
Wrong Input : Fist letter Should be capital and must contains minimum 3 characters :
Wrong Input : Fist letter Should be capital and must contains minimum 3 characters :
Wrong Input : Fist letter Should be capital and must contains minimum 3 characters :
Wrong Input : Fist letter Should be capital and must contains minimum 3 characters :
Wrong Input : Fist letter Should be capital and must contains minimum 3 characters :
Wrong Input : Fist letter Should be capital and must contains minimum 3 characters :
Wrong Input : Fist letter Should be capital and must contains minimum 3 characters :
Wrong Input : Fist letter Should be capital and must contains minimum 3 characters :
Wrong Input : Fist letter Should be capital and must contains minimum 3 characters :
Wrong Input : Fist letter Should be capital and must contains minimum 3 characters :
Wrong Input : Fist letter Should be capital and must contains minimum 3 characters :
Wrong Input : Fist letter Should be capital and must contains minimum 3 characters :
Wrong Input : Fist letter Should be capital and must contains minimum 3 characters :
Wrong Input : Fist letter Should be capital and must contains minimum 3 characters :
Wrong Input : Fist letter Should be capital and must contains minimum 3 characters :
Wrong Input : Fist letter Should be capital and must contains minimum 3 characters :
Wrong Input : Fist letter Should be capital and must contains minimum 3 characters :
Wrong Input : Fist letter Should be capital and must contains minimum 3 characters :
Wrong Input : Fist letter Should be capital and must contains minimum 3 characters :
Wrong Input : Fist letter Should be capital and must contains minimum 3 characters :
Wrong Input : Fist letter Should be capital and must contains minimum 3 characters :
Wrong Input : Fist letter Should be capital and must contains minimum 3 characters :
Wrong Input : Fist letter Should be capital and must contains minimum 3 characters :
Wrong Input : Fist letter Should be capital and must contains minimum 3 characters :
Wrong Input : Fist letter Should be capital and must contains minimum 3 characters :
Wrong Input : Fist letter Should be capital and must contains minimum 3 characters :
Wrong Input : Fist letter Should be capital and must contains minimum 3 characters :
Wrong Input : Fist letter Should be capital and must contains minimum 3 characters :
Wrong Input : Fist letter Should be capital and must contains minimum 3 characters :
Wrong Input : Fist letter Should be capital and must contains minimum 3 characters :
Wrong Input : Fist letter Should be capital and must contains minimum 3 characters :
Wrong Input : Fist letter Should be capital and must contains minimum 3 characters :
Wrong Input : Fist letter Should be capital and must contains minimum 3 characters :
Wrong Input : Fist letter Should be capital and must contains minimum 3 characters :
Wrong Input : Fist letter Should be capital and must contains minimum 3 characters :
Wrong Input : Fist letter Should be capital and must contains minimum 3 characters :
Wrong Input : Fist letter Should be capital and must contains minimum 3 characters :
Wrong Input : Fist letter Should be capital and must contains minimum 3 characters :
Wrong Input : Fist letter Should be capital and must contains minimum 3 characters :
Wrong Input : Fist letter Should be capital and must contains minimum 3 characters :
Wrong Input : Fist letter Should be capital and must contains minimum 3 characters :
Wrong Input : Fist letter Should be capital and must contains minimum 3 characters :
Wrong Input : Fist letter Should be capital and must contains minimum 3 characters :
Wrong Input : Fist letter Should be capital and must contains minimum 3 characters :
Wrong Input : Fist letter Should be capital and must contains minimum 3 characters :
Wrong Input : Fist letter Should be capital and must contains minimum 3 characters :
Wrong Input : Fist letter Should be capital and must contains minimum 3 characters :
Wrong Input : Fist letter Should be capital and must contains minimum 3 characters :
Wrong Input : Fist letter Should be capital and must contains minimum 3 characters :
Wrong Input : Fist letter Should be capital and must contains minimum 3 characters :
Wrong Input : Fist letter Should be capital and must contains minimum 3 characters :
Wrong Input : Fist letter Should be capital and must contains minimum 3 characters :
Wrong Input : Fist letter Should be capital and must contains minimum 3 characters :
Wrong Input : Fist letter Should be capital and must contains minimum 3 characters :
Wrong Input : Fist letter Should be capital and must contains minimum 3 characters :
Wrong Input : Fist letter Should be capital and must contains minimum 3 characters :
Wrong Input : Fist letter Should be capital and must contains minimum 3 characters :
Wrong Input : Fist letter Should be capital and must contains minimum 3 characters :
Wrong Input : Fist letter Should be capital and must contains minimum 3 characters :
Wrong Input : Fist letter Should be capital and must contains minimum 3 characters :
Wrong Input : Fist letter Should be capital and must contains minimum 3 characters :
Wrong Input : Fist letter Should be capital and must contains minimum 3 characters :
Wrong Input : Fist letter Should be capital and must contains minimum 3 characters :
Wrong Input : Fist letter Should be capital and must contains minimum 3 characters :
Wrong Input : Fist letter Should be capital and must contains minimum 3 characters :
Wrong Input : Fist letter Should be capital and must contains minimum 3 characters :
Wrong Input : Fist letter Should be capital and must contains minimum 3 characters :
Wrong Input : Fist letter Should be capital and must contains minimum 3 characters :
Wrong Input : Fist letter Should be capital and must contains minimum 3 characters :
Wrong Input : Fist letter Should be capital and must contains minimum 3 characters :
Wrong Input : Fist letter Should be capital and must contains minimum 3 characters :
Wrong Input : Fist letter Should be capital and must contains minimum 3 characters :
Wrong Input : Fist letter Should be capital and must contains minimum 3 characters :
Wrong Input : Fist letter Should be capital and must contains minimum 3 characters :
Wrong Input : Fist letter Should be capital and must contains minimum 3 characters :
Wrong Input : Fist letter Should be capital and must contains minimum 3 characters :
Wrong Input : Fist letter Should be capital and must contains minimum 3 characters :
Wrong Input : Fist letter Should be capital and must contains minimum 3 characters :
Wrong Input : Fist letter Should be capital and must contains minimum 3 characters :
Wrong Input : Fist letter Should be capital and must contains minimum 3 characters :
Wrong Input : Fist letter Should be capital and must contains minimum 3 characters :
Wrong Input : Fist letter Should be capital and must contains minimum 3 characters :
Wrong Input : Fist letter Should be capital and must contains minimum 3 characters :
Wrong Input : Fist letter Should be capital and must contains minimum 3 characters :
Wrong Input : Fist letter Should be capital and must contains minimum 3 characters :
Wrong Input : Fist letter Should be capital and must contains minimum 3 characters :
Wrong Input : Fist letter Should be capital and must contains minimum 3 characters :
Wrong Input : Fist letter Should be capital and must contains minimum 3 characters :
Wrong Input : Fist letter Should be capital and must contains minimum 3 characters :
Wrong Input : Fist letter Should be capital and must contains minimum 3 characters :
Wrong Input : Fist letter Should be capital and must contains minimum 3 characters :
Wrong Input : Fist letter Should be capital and must contains minimum 3 characters :
Wrong Input : Fist letter Should be capital and must contains minimum 3 characters :
Wrong Input : Fist letter Should be capital and must contains minimum 3 characters :
Wrong Input : Fist letter Should be capital and must contains minimum 3 characters :
Wrong Input : Fist letter Should be capital and must contains minimum 3 characters :
Wrong Input : Fist letter Should be capital and must contains minimum 3 characters :
Wrong Input : Fist letter Should be capital and must contains minimum 3 characters :
Wrong Input : Fist letter Should be capital and must contains minimum 3 characters :
Wrong Input : Fist letter Should be capital and must contains minimum 3 characters :
Wrong Input : Fist letter Should be capital and must contains minimum 3 characters :
Wrong Input : Fist letter Should be capital and must contains minimum 3 characters :
Wrong Input : Fist letter Should be capital and must contains minimum 3 characters :
Wrong Input : Fist letter Should be capital and must contains minimum 3 characters :
Wrong Input : Fist letter Should be capital and must contains minimum 3 characters :
Wrong Input : Fist letter Should be capital and must contains minimum 3 characters :
Wrong Input : Fist letter Should be capital and must contains minimum 3 characters :
Wrong Input : Fist letter Should be capital and must contains minimum 3 characters :
Wrong Input : Fist letter Should be capital and must contains minimum 3 characters :
Wrong Input : Fist letter Should be capital and must contains minimum 3 characters :
Wrong Input : Fist letter Should be capital and must contains minimum 3 characters :
Wrong Input : Fist letter Should be capital and must contains minimum 3 characters :
Wrong Input : Fist letter Should be capital and must contains minimum 3 characters :
Wrong Input : Fist letter Should be capital and must contains minimum 3 characters :
Wrong Input : Fist letter Should be capital and must contains minimum 3 characters :
Wrong Input : Fist letter Should be capital and must contains minimum 3 characters :
Wrong Input : Fist letter Should be capital and must contains minimum 3 characters :
Wrong Input : Fist letter Should be capital and must contains minimum 3 characters :
Wrong Input : Fist letter Should be capital and must contains minimum 3 characters :
Wrong Input : Fist letter Should be capital and must contains minimum 3 characters :
Wrong Input : Fist letter Should be capital and must contains minimum 3 characters :
Wrong Input : Fist letter Should be capital and must contains minimum 3 characters :
Wrong Input : Fist letter Should be capital and must contains minimum 3 characters :
Wrong Input : Fist letter Should be capital and must contains minimum 3 characters :
Wrong Input : Fist letter Should be capital and must contains minimum 3 characters :
Wrong Input : Fist letter Should be capital and must contains minimum 3 characters :
Wrong Input : Fist letter Should be capital and must contains minimum 3 characters :
Wrong Input : Fist letter Should be capital and must contains minimum 3 characters :
Wrong Input : Fist letter Should be capital and must contains minimum 3 characters :
Wrong Input : Fist letter Should be capital and must contains minimum 3 characters :
Wrong Input : Fist letter Should be capital and must contains minimum 3 characters :
Wrong Input : Fist letter Should be capital and must contains minimum 3 characters :
Wrong Input : Fist letter Should be capital and must contains minimum 3 characters :
Wrong Input : Fist letter Should be capital and must contains minimum 3 characters :
Wrong Input : Fist letter Should be capital and must contains minimum 3 characters :
Wrong Input : Fist letter Should be capital and must contains minimum 3 characters :
Wrong Input : Fist letter Should be capital and must contains minimum 3 characters :
Wrong Input : Fist letter Should be capital and must contains minimum 3 characters :
Wrong Input : Fist letter Should be capital and must contains minimum 3 characters :
Wrong Input : Fist letter Should be capital and must contains minimum 3 characters :
Wrong Input : Fist letter Should be capital and must contains minimum 3 characters :
Wrong Input : Fist letter Should be capital and must contains minimum 3 characters :
Wrong Input : Fist letter Should be capital and must contains minimum 3 characters :
Wrong Input : Fist letter Should be capital and must contains minimum 3 characters :
Wrong Input : Fist letter Should be capital and must contains minimum 3 characters :
Wrong Input : Fist letter Should be capital and must contains minimum 3 characters :
Wrong Input : Fist letter Should be capital and must contains minimum 3 characters :
Wrong Input : Fist letter Should be capital and must contains minimum 3 characters :
Wrong Input : Fist letter Should be capital and must contains minimum 3 characters :
Wrong Input : Fist letter Should be capital and must contains minimum 3 characters :
Wrong Input : Fist letter Should be capital and must contains minimum 3 characters :
Wrong Input : Fist letter Should be capital and must contains minimum 3 characters :
Wrong Input : Fist letter Should be capital and must contains minimum 3 characters :
Wrong Input : Fist letter Should be capital and must contains minimum 3 characters :
Wrong Input : Fist letter Should be capital and must contains minimum 3 characters :
Wrong Input : Fist letter Should be capital and must contains minimum 3 characters :
Wrong Input : Fist letter Should be capital and must contains minimum 3 characters :
Wrong Input : Fist letter Should be capital and must contains minimum 3 characters :
Wrong Input : Fist letter Should be capital and must contains minimum 3 characters :
Wrong Input : Fist letter Should be capital and must contains minimum 3 characters :
Wrong Input : Fist letter Should be capital and must contains minimum 3 characters :
Wrong Input : Fist letter Should be capital and must contains minimum 3 characters :
Wrong Input : Fist letter Should be capital and must contains minimum 3 characters :
Wrong Input : Fist letter Should be capital and must contains minimum 3 characters :
Wrong Input : Fist letter Should be capital and must contains minimum 3 characters :
Wrong Input : Fist letter Should be capital and must contains minimum 3 characters :
Wrong Input : Fist letter Should be capital and must contains minimum 3 characters :
Wrong Input : Fist letter Should be capital and must contains minimum 3 characters :
Wrong Input : Fist letter Should be capital and must contains minimum 3 characters :
Wrong Input : Fist letter Should be capital and must contains minimum 3 characters :
Wrong Input : Fist letter Should be capital and must contains minimum 3 characters :
Wrong Input : Fist letter Should be capital and must contains minimum 3 characters :
Wrong Input : Fist letter Should be capital and must contains minimum 3 characters :
Wrong Input : Fist letter Should be capital and must contains minimum 3 characters :
Wrong Input : Fist letter Should be capital and must contains minimum 3 characters :
Wrong Input : Fist letter Should be capital and must contains minimum 3 characters :
Wrong Input : Fist letter Should be capital and must contains minimum 3 characters :
Wrong Input : Fist letter Should be capital and must contains minimum 3 characters :
Wrong Input : Fist letter Should be capital and must contains minimum 3 characters :
Wrong Input : Fist letter Should be capital and must contains minimum 3 characters :
Wrong Input : Fist letter Should be capital and must contains minimum 3 characters :
Wrong Input : Fist letter Should be capital and must contains minimum 3 characters :
Wrong Input : Fist letter Should be capital and must contains minimum 3 characters :
Wrong Input : Fist letter Should be capital and must contains minimum 3 characters :
Wrong Input : Fist letter Should be capital and must contains minimum 3 characters :
Wrong Input : Fist letter Should be capital and must contains minimum 3 characters :
Wrong Input : Fist letter Should be capital and must contains minimum 3 characters :
Wrong Input : Fist letter Should be capital and must contains minimum 3 characters :
Wrong Input : Fist letter Should be capital and must contains minimum 3 characters :
Wrong Input : Fist letter Should be capital and must contains minimum 3 characters :
Wrong Input : Fist letter Should be capital and must contains minimum 3 characters :
Wrong Input : Fist letter Should be capital and must contains minimum 3 characters :
Wrong Input : Fist letter Should be capital and must contains minimum 3 characters :
Wrong Input : Fist letter Should be capital and must contains minimum 3 characters :
Wrong Input : Fist letter Should be capital and must contains minimum 3 characters :
Wrong Input : Fist letter Should be capital and must contains minimum 3 characters :
Wrong Input : Fist letter Should be capital and must contains minimum 3 characters :
Wrong Input : Fist letter Should be capital and must contains minimum 3 characters :
Wrong Input : Fist letter Should be capital and must contains minimum 3 characters :
Wrong Input : Fist letter Should be capital and must contains minimum 3 characters :
Wrong Input : Fist letter Should be capital and must contains minimum 3 characters :
Wrong Input : Fist letter Should be capital and must contains minimum 3 characters :
Wrong Input : Fist letter Should be capital and must contains minimum 3 characters :
Wrong Input : Fist letter Should be capital and must contains minimum 3 characters :
Wrong Input : Fist letter Should be capital and must contains minimum 3 characters :
Wrong Input : Fist letter Should be capital and must contains minimum 3 characters :
Wrong Input : Fist letter Should be capital and must contains minimum 3 characters :
Wrong Input : Fist letter Should be capital and must contains minimum 3 characters :
Wrong Input : Fist letter Should be capital and must contains minimum 3 characters :
Wrong Input : Fist letter Should be capital and must contains minimum 3 characters :
Wrong Input : Fist letter Should be capital and must contains minimum 3 characters :
Wrong Input : Fist letter Should be capital and must contains minimum 3 characters :
Wrong Input : Fist letter Should be capital and must contains minimum 3 characters :
Wrong Input : Fist letter Should be capital and must contains minimum 3 characters :
Wrong Input : Fist letter Should be capital and must contains minimum 3 characters :
Wrong Input : Fist letter Should be capital and must contains minimum 3 characters :
Wrong Input : Fist letter Should be capital and must contains minimum 3 characters :
Wrong Input : Fist letter Should be capital and must contains minimum 3 characters :
Wrong Input : Fist letter Should be capital and must contains minimum 3 characters :
Wrong Input : Fist letter Should be capital and must contains minimum 3 characters :
Wrong Input : Fist letter Should be capital and must contains minimum 3 characters :
Wrong Input : Fist letter Should be capital and must contains minimum 3 characters :
Wrong Input : Fist letter Should be capital and must contains minimum 3 characters :
Wrong Input : Fist letter Should be capital and must contains minimum 3 characters :
Wrong Input : Fist letter Should be capital and must contains minimum 3 characters :
Wrong Input : Fist letter Should be capital and must contains minimum 3 characters :
Wrong Input : Fist letter Should be capital and must contains minimum 3 characters :
Wrong Input : Fist letter Should be capital and must contains minimum 3 characters :
Wrong Input : Fist letter Should be capital and must contains minimum 3 characters :
Wrong Input : Fist letter Should be capital and must contains minimum 3 characters :
Wrong Input : Fist letter Should be capital and must contains minimum 3 characters :
Wrong Input : Fist letter Should be capital and must contains minimum 3 characters :
Wrong Input : Fist letter Should be capital and must contains minimum 3 characters :
Wrong Input : Fist letter Should be capital and must contains minimum 3 characters :
Wrong Input : Fist letter Should be capital and must contains minimum 3 characters :
Wrong Input : Fist letter Should be capital and must contains minimum 3 characters :
Wrong Input : Fist letter Should be capital and must contains minimum 3 characters :
Wrong Input : Fist letter Should be capital and must contains minimum 3 characters :
Wrong Input : Fist letter Should be capital and must contains minimum 3 characters :
Wrong Input : Fist letter Should be capital and must contains minimum 3 characters :
Wrong Input : Fist letter Should be capital and must contains minimum 3 characters :
Wrong Input : Fist letter Should be capital and must contains minimum 3 characters :
Wrong Input : Fist letter Should be capital and must contains minimum 3 characters :
Wrong Input : Fist letter Should be capital and must contains minimum 3 characters :
Wrong Input : Fist letter Should be capital and must contains minimum 3 characters :
Wrong Input : Fist letter Should be capital and must contains minimum 3 characters :
Wrong Input : Fist letter Should be capital and must contains minimum 3 characters :
Wrong Input : Fist letter Should be capital and must contains minimum 3 characters :
Wrong Input : Fist letter Should be capital and must contains minimum 3 characters :
Wrong Input : Fist letter Should be capital and must contains minimum 3 characters :
Wrong Input : Fist letter Should be capital and must contains minimum 3 characters :
Wrong Input : Fist letter Should be capital and must contains minimum 3 characters :
Wrong Input : Fist letter Should be capital and must contains minimum 3 characters :
Wrong Input : Fist letter Should be capital and must contains minimum 3 characters :
Wrong Input : Fist letter Should be capital and must contains minimum 3 characters :
Wrong Input : Fist letter Should be capital and must contains minimum 3 characters :
Wrong Input : Fist letter Should be capital and must contains minimum 3 characters :
Wrong Input : Fist letter Should be capital and must contains minimum 3 characters :
Wrong Input : Fist letter Should be capital and must contains minimum 3 characters :
Wrong Input : Fist letter Should be capital and must contains minimum 3 characters :
Wrong Input : Fist letter Should be capital and must contains minimum 3 characters :
Wrong Input : Fist letter Should be capital and must contains minimum 3 characters :
Wrong Input : Fist letter Should be capital and must contains minimum 3 characters :
Wrong Input : Fist letter Should be capital and must contains minimum 3 characters :
Wrong Input : Fist letter Should be capital and must contains minimum 3 characters :
Wrong Input : Fist letter Should be capital and must contains minimum 3 characters :
Wrong Input : Fist letter Should be capital and must contains minimum 3 characters :
Wrong Input : Fist letter Should be capital and must contains minimum 3 characters :
Wrong Input : Fist letter Should be capital and must contains minimum 3 characters :
Wrong Input : Fist letter Should be capital and must contains minimum 3 characters :
Wrong Input : Fist letter Should be capital and must contains minimum 3 characters :
Wrong Input : Fist letter Should be capital and must contains minimum 3 characters :
Wrong Input : Fist letter Should be capital and must contains minimum 3 characters :
Wrong Input : Fist letter Should be capital and must contains minimum 3 characters :
Wrong Input : Fist letter Should be capital and must contains minimum 3 characters :
Wrong Input : Fist letter Should be capital and must contains minimum 3 characters :
Wrong Input : Fist letter Should be capital and must contains minimum 3 characters :
Wrong Input : Fist letter Should be capital and must contains minimum 3 characters :
Wrong Input : Fist letter Should be capital and must contains minimum 3 characters :
Wrong Input : Fist letter Should be capital and must contains minimum 3 characters :
Wrong Input : Fist letter Should be capital and must contains minimum 3 characters :
Wrong Input : Fist letter Should be capital and must contains minimum 3 characters :
Wrong Input : Fist letter Should be capital and must contains minimum 3 characters :
Wrong Input : Fist letter Should be capital and must contains minimum 3 characters :
Wrong Input : Fist letter Should be capital and must contains minimum 3 characters :
Wrong Input : Fist letter Should be capital and must contains minimum 3 characters :
Wrong Input : Fist letter Should be capital and must contains minimum 3 characters :
Wrong Input : Fist letter Should be capital and must contains minimum 3 characters :
Wrong Input : Fist letter Should be capital and must contains minimum 3 characters :
Wrong Input : Fist letter Should be capital and must contains minimum 3 characters :
Wrong Input : Fist letter Should be capital and must contains minimum 3 characters :
Wrong Input : Fist letter Should be capital and must contains minimum 3 characters :
Wrong Input : Fist letter Should be capital and must contains minimum 3 characters :
Wrong Input : Fist letter Should be capital and must contains minimum 3 characters :
Wrong Input : Fist letter Should be capital and must contains minimum 3 characters :
Wrong Input : Fist letter Should be capital and must contains minimum 3 characters :
Wrong Input : Fist letter Should be capital and must contains minimum 3 characters :
Wrong Input : Fist letter Should be capital and must contains minimum 3 characters :
Wrong Input : Fist letter Should be capital and must contains minimum 3 characters :
Wrong Input : Fist letter Should be capital and must contains minimum 3 characters :
Wrong Input : Fist letter Should be capital and must contains minimum 3 characters :
Wrong Input : Fist letter Should be capital and must contains minimum 3 characters :
Wrong Input : Fist letter Should be capital and must contains minimum 3 characters :
Wrong Input : Fist letter Should be capital and must contains minimum 3 characters :
Wrong Input : Fist letter Should be capital and must contains minimum 3 characters :
Wrong Input : Fist letter Should be capital and must contains minimum 3 characters :
Wrong Input : Fist letter Should be capital and must contains minimum 3 characters :
Wrong Input : Fist letter Should be capital and must contains minimum 3 characters :
Wrong Input : Fist letter Should be capital and must contains minimum 3 characters :
Wrong Input : Fist letter Should be capital and must contains minimum 3 characters :
Wrong Input : Fist letter Should be capital and must contains minimum 3 characters :
Wrong Input : Fist letter Should be capital and must contains minimum 3 characters :
Wrong Input : Fist letter Should be capital and must contains minimum 3 characters :
Wrong Input : Fist letter Should be capital and must contains minimum 3 characters :
Wrong Input : Fist letter Should be capital and must contains minimum 3 characters :
Wrong Input : Fist letter Should be capital and must contains minimum 3 characters :
Wrong Input : Fist letter Should be capital and must contains minimum 3 characters :
Wrong Input : Fist letter Should be capital and must contains minimum 3 characters :
Wrong Input : Fist letter Should be capital and must contains minimum 3 characters :
Wrong Input : Fist letter Should be capital and must contains minimum 3 characters :
Wrong Input : Fist letter Should be capital and must contains minimum 3 characters :
Wrong Input : Fist letter Should be capital and must contains minimum 3 characters :
Wrong Input : Fist letter Should be capital and must contains minimum 3 characters :
Wrong Input : Fist letter Should be capital and must contains minimum 3 characters :
Wrong Input : Fist letter Should be capital and must contains minimum 3 characters :
Wrong Input : Fist letter Should be capital and must contains minimum 3 characters :
Wrong Input : Fist letter Should be capital and must contains minimum 3 characters :
Wrong Input : Fist letter Should be capital and must contains minimum 3 characters :
Wrong Input : Fist letter Should be capital and must contains minimum 3 characters :
Wrong Input : Fist letter Should be capital and must contains minimum 3 characters :
Wrong Input : Fist letter Should be capital and must contains minimum 3 characters :
Wrong Input : Fist letter Should be capital and must contains minimum 3 characters :
Wrong Input : Fist letter Should be capital and must contains minimum 3 characters :
Wrong Input : Fist letter Should be capital and must contains minimum 3 characters :
Wrong Input : Fist letter Should be capital and must contains minimum 3 characters :
Wrong Input : Fist letter Should be capital and must contains minimum 3 characters :
Wrong Input : Fist letter Should be capital and must contains minimum 3 characters :
Wrong Input : Fist letter Should be capital and must contains minimum 3 characters :
Wrong Input : Fist letter Should be capital and must contains minimum 3 characters :
Wrong Input : Fist letter Should be capital and must contains minimum 3 characters :
Wrong Input : Fist letter Should be capital and must contains minimum 3 characters :
Wrong Input : Fist letter Should be capital and must contains minimum 3 characters :
Wrong Input : Fist letter Should be capital and must contains minimum 3 characters :
Wrong Input : Fist letter Should be capital and must contains minimum 3 characters :
Wrong Input : Fist letter Should be capital and must contains minimum 3 characters :
Wrong Input : Fist letter Should be capital and must contains minimum 3 characters :
Wrong Input : Fist letter Should be capital and must contains minimum 3 characters :
Wrong Input : Fist letter Should be capital and must contains minimum 3 characters :
Wrong Input : Fist letter Should be capital and must contains minimum 3 characters :
Wrong Input : Fist letter Should be capital and must contains minimum 3 characters :
Wrong Input : Fist letter Should be capital and must contains minimum 3 characters :
Wrong Input : Fist letter Should be capital and must contains minimum 3 characters :
Wrong Input : Fist letter Should be capital and must contains minimum 3 characters :
Wrong Input : Fist letter Should be capital and must contains minimum 3 characters :
Wrong Input : Fist letter Should be capital and must contains minimum 3 characters :
Wrong Input : Fist letter Should be capital and must contains minimum 3 characters :
Wrong Input : Fist letter Should be capital and must contains minimum 3 characters :
Wrong Input : Fist letter Should be capital and must contains minimum 3 characters :
Wrong Input : Fist letter Should be capital and must contains minimum 3 characters :
Wrong Input : Fist letter Should be capital and must contains minimum 3 characters :
Wrong Input : Fist letter Should be capital and must contains minimum 3 characters :
Wrong Input : Fist letter Should be capital and must contains minimum 3 characters :
Wrong Input : Fist letter Should be capital and must contains minimum 3 characters :
Wrong Input : Fist letter Should be capital and must contains minimum 3 characters :
Wrong Input : Fist letter Should be capital and must contains minimum 3 characters :
Wrong Input : Fist letter Should be capital and must contains minimum 3 characters :
Wrong Input : Fist letter Should be capital and must contains minimum 3 characters :
Wrong Input : Fist letter Should be capital and must contains minimum 3 characters :
Wrong Input : Fist letter Should be capital and must contains minimum 3 characters :
Wrong Input : Fist letter Should be capital and must contains minimum 3 characters :
Wrong Input : Fist letter Should be capital and must contains minimum 3 characters :
Wrong Input : Fist letter Should be capital and must contains minimum 3 characters :
Wrong Input : Fist letter Should be capital and must contains minimum 3 characters :
Wrong Input : Fist letter Should be capital and must contains minimum 3 characters :
Wrong Input : Fist letter Should be capital and must contains minimum 3 characters :
Wrong Input : Fist letter Should be capital and must contains minimum 3 characters :
Wrong Input : Fist letter Should be capital and must contains minimum 3 characters :
Wrong Input : Fist letter Should be capital and must contains minimum 3 characters :
Wrong Input : Fist letter Should be capital and must contains minimum 3 characters :
Wrong Input : Fist letter Should be capital and must contains minimum 3 characters :
Wrong Input : Fist letter Should be capital and must contains minimum 3 characters :
Wrong Input : Fist letter Should be capital and must contains minimum 3 characters :
Wrong Input : Fist letter Should be capital and must contains minimum 3 characters :
Wrong Input : Fist letter Should be capital and must contains minimum 3 characters :
Wrong Input : Fist letter Should be capital and must contains minimum 3 characters :
Wrong Input : Fist letter Should be capital and must contains minimum 3 characters :
Wrong Input : Fist letter Should be capital and must contains minimum 3 characters :
Wrong Input : Fist letter Should be capital and must contains minimum 3 characters :
Wrong Input : Fist letter Should be capital and must contains minimum 3 characters :
Wrong Input : Fist letter Should be capital and must contains minimum 3 characters :
Wrong Input : Fist letter Should be capital and must contains minimum 3 characters :
Wrong Input : Fist letter Should be capital and must contains minimum 3 characters :
Wrong Input : Fist letter Should be capital and must contains minimum 3 characters :
Wrong Input : Fist letter Should be capital and must contains minimum 3 characters :
Wrong Input : Fist letter Should be capital and must contains minimum 3 characters :
Wrong Input : Fist letter Should be capital and must contains minimum 3 characters :
Wrong Input : Fist letter Should be capital and must contains minimum 3 characters :
Wrong Input : Fist letter Should be capital and must contains minimum 3 characters :
Wrong Input : Fist letter Should be capital and must contains minimum 3 characters :
Wrong Input : Fist letter Should be capital and must contains minimum 3 characters :
Wrong Input : Fist letter Should be capital and must contains minimum 3 characters :
Wrong Input : Fist letter Should be capital and must contains minimum 3 characters :
Wrong Input : Fist letter Should be capital and must contains minimum 3 characters :
Wrong Input : Fist letter Should be capital and must contains minimum 3 characters :
Wrong Input : Fist letter Should be capital and must contains minimum 3 characters :
Wrong Input : Fist letter Should be capital and must contains minimum 3 characters :
Wrong Input : Fist letter Should be capital and must contains minimum 3 characters :
Wrong Input : Fist letter Should be capital and must contains minimum 3 characters :
Wrong Input : Fist letter Should be capital and must contains minimum 3 characters :
Wrong Input : Fist letter Should be capital and must contains minimum 3 characters :
Wrong Input : Fist letter Should be capital and must contains minimum 3 characters :
Wrong Input : Fist letter Should be capital and must contains minimum 3 characters :
Wrong Input : Fist letter Should be capital and must contains minimum 3 characters :
Wrong Input : Fist letter Should be capital and must contains minimum 3 characters :
Wrong Input : Fist letter Should be capital and must contains minimum 3 characters :
Wrong Input : Fist letter Should be capital and must contains minimum 3 characters :
Wrong Input : Fist letter Should be capital and must contains minimum 3 characters :
Wrong Input : Fist letter Should be capital and must contains minimum 3 characters :
Wrong Input : Fist letter Should be capital and must contains minimum 3 characters :
Wrong Input : Fist letter Should be capital and must contains minimum 3 characters :
Wrong Input : Fist letter Should be capital and must contains minimum 3 characters :
Wrong Input : Fist letter Should be capital and must contains minimum 3 characters :
Wrong Input : Fist letter Should be capital and must contains minimum 3 characters :
Wrong Input : Fist letter Should be capital and must contains minimum 3 characters :
Wrong Input : Fist letter Should be capital and must contains minimum 3 characters :
Wrong Input : Fist letter Should be capital and must contains minimum 3 characters :
Wrong Input : Fist letter Should be capital and must contains minimum 3 characters :
Wrong Input : Fist letter Should be capital and must contains minimum 3 characters :
Wrong Input : Fist letter Should be capital and must contains minimum 3 characters :
Wrong Input : Fist letter Should be capital and must contains minimum 3 characters :
Wrong Input : Fist letter Should be capital and must contains minimum 3 characters :
Wrong Input : Fist letter Should be capital and must contains minimum 3 characters :
Wrong Input : Fist letter Should be capital and must contains minimum 3 characters :
Wrong Input : Fist letter Should be capital and must contains minimum 3 characters :
Wrong Input : Fist letter Should be capital and must contains minimum 3 characters :
Wrong Input : Fist letter Should be capital and must contains minimum 3 characters :
Wrong Input : Fist letter Should be capital and must contains minimum 3 characters :
Wrong Input : Fist letter Should be capital and must contains minimum 3 characters :
Wrong Input : Fist letter Should be capital and must contains minimum 3 characters :
Wrong Input : Fist letter Should be capital and must contains minimum 3 characters :
Wrong Input : Fist letter Should be capital and must contains minimum 3 characters :
Wrong Input : Fist letter Should be capital and must contains minimum 3 characters :
Wrong Input : Fist letter Should be capital and must contains minimum 3 characters :
Wrong Input : Fist letter Should be capital and must contains minimum 3 characters :
Wrong Input : Fist letter Should be capital and must contains minimum 3 characters :
Wrong Input : Fist letter Should be capital and must contains minimum 3 characters :
Wrong Input : Fist letter Should be capital and must contains minimum 3 characters :
Wrong Input : Fist letter Should be capital and must contains minimum 3 characters :
Wrong Input : Fist letter Should be capital and must contains minimum 3 characters :
Wrong Input : Fist letter Should be capital and must contains minimum 3 characters :
Wrong Input : Fist letter Should be capital and must contains minimum 3 characters :
Wrong Input : Fist letter Should be capital and must contains minimum 3 characters :
Wrong Input : Fist letter Should be capital and must contains minimum 3 characters :
Wrong Input : Fist letter Should be capital and must contains minimum 3 characters :
Wrong Input : Fist letter Should be capital and must contains minimum 3 characters :
Wrong Input : Fist letter Should be capital and must contains minimum 3 characters :
Wrong Input : Fist letter Should be capital and must contains minimum 3 characters :
Wrong Input : Fist letter Should be capital and must contains minimum 3 characters :
Wrong Input : Fist letter Should be capital and must contains minimum 3 characters :
Wrong Input : Fist letter Should be capital and must contains minimum 3 characters :
Wrong Input : Fist letter Should be capital and must contains minimum 3 characters :
Wrong Input : Fist letter Should be capital and must contains minimum 3 characters :
Wrong Input : Fist letter Should be capital and must contains minimum 3 characters :
Wrong Input : Fist letter Should be capital and must contains minimum 3 characters :
Wrong Input : Fist letter Should be capital and must contains minimum 3 characters :
Wrong Input : Fist letter Should be capital and must contains minimum 3 characters :
Wrong Input : Fist letter Should be capital and must contains minimum 3 characters :
Wrong Input : Fist letter Should be capital and must contains minimum 3 characters :
Wrong Input : Fist letter Should be capital and must contains minimum 3 characters :
Wrong Input : Fist letter Should be capital and must contains minimum 3 characters :
Wrong Input : Fist letter Should be capital and must contains minimum 3 characters :
Wrong Input : Fist letter Should be capital and must contains minimum 3 characters :
Wrong Input : Fist letter Should be capital and must contains minimum 3 characters :
Wrong Input : Fist letter Should be capital and must contains minimum 3 characters :
Wrong Input : Fist letter Should be capital and must contains minimum 3 characters :
Wrong Input : Fist letter Should be capital and must contains minimum 3 characters :
Wrong Input : Fist letter Should be capital and must contains minimum 3 characters :
Wrong Input : Fist letter Should be capital and must contains minimum 3 characters :
Wrong Input : Fist letter Should be capital and must contains minimum 3 characters :
Wrong Input : Fist letter Should be capital and must contains minimum 3 characters :
Wrong Input : Fist letter Should be capital and must contains minimum 3 characters :
Wrong Input : Fist letter Should be capital and must contains minimum 3 characters :
Wrong Input : Fist letter Should be capital and must contains minimum 3 characters :
Wrong Input : Fist letter Should be capital and must contains minimum 3 characters :
Wrong Input : Fist letter Should be capital and must contains minimum 3 characters :
Wrong Input : Fist letter Should be capital and must contains minimum 3 characters :
Wrong Input : Fist letter Should be capital and must contains minimum 3 characters :
Wrong Input : Fist letter Should be capital and must contains minimum 3 characters :
Wrong Input : Fist letter Should be capital and must contains minimum 3 characters :
Wrong Input : Fist letter Should be capital and must contains minimum 3 characters :
Wrong Input : Fist letter Should be capital and must contains minimum 3 characters :
Wrong Input : Fist letter Should be capital and must contains minimum 3 characters :
Wrong Input : Fist letter Should be capital and must contains minimum 3 characters :
Wrong Input : Fist letter Should be capital and must contains minimum 3 characters :
Wrong Input : Fist letter Should be capital and must contains minimum 3 characters :
Wrong Input : Fist letter Should be capital and must contains minimum 3 characters :
Wrong Input : Fist letter Should be capital and must contains minimum 3 characters :
Wrong Input : Fist letter Should be capital and must contains minimum 3 characters :
Wrong Input : Fist letter Should be capital and must contains minimum 3 characters :
Wrong Input : Fist letter Should be capital and must contains minimum 3 characters :
Wrong Input : Fist letter Should be capital and must contains minimum 3 characters :
Wrong Input : Fist letter Should be capital and must contains minimum 3 characters :
Wrong Input : Fist letter Should be capital and must contains minimum 3 characters :
Wrong Input : Fist letter Should be capital and must contains minimum 3 characters :
Wrong Input : Fist letter Should be capital and must contains minimum 3 characters :
Wrong Input : Fist letter Should be capital and must contains minimum 3 characters :
Wrong Input : Fist letter Should be capital and must contains minimum 3 characters :
Wrong Input : Fist letter Should be capital and must contains minimum 3 characters :
Wrong Input : Fist letter Should be capital and must contains minimum 3 characters :
Wrong Input : Fist letter Should be capital and must contains minimum 3 characters :
Wrong Input : Fist letter Should be capital and must contains minimum 3 characters :
Wrong Input : Fist letter Should be capital and must contains minimum 3 characters :
Wrong Input : Fist letter Should be capital and must contains minimum 3 characters :
Wrong Input : Fist letter Should be capital and must contains minimum 3 characters :
Wrong Input : Fist letter Should be capital and must contains minimum 3 characters :
Wrong Input : Fist letter Should be capital and must contains minimum 3 characters :
Wrong Input : Fist letter Should be capital and must contains minimum 3 characters :
Wrong Input : Fist letter Should be capital and must contains minimum 3 characters :
Wrong Input : Fist letter Should be capital and must contains minimum 3 characters :
Wrong Input : Fist letter Should be capital and must contains minimum 3 characters :
Wrong Input : Fist letter Should be capital and must contains minimum 3 characters :
Wrong Input : Fist letter Should be capital and must contains minimum 3 characters :
Wrong Input : Fist letter Should be capital and must contains minimum 3 characters :
Wrong Input : Fist letter Should be capital and must contains minimum 3 characters :
Wrong Input : Fist letter Should be capital and must contains minimum 3 characters :
Wrong Input : Fist letter Should be capital and must contains minimum 3 characters :
Wrong Input : Fist letter Should be capital and must contains minimum 3 characters :
Wrong Input : Fist letter Should be capital and must contains minimum 3 characters :
Wrong Input : Fist letter Should be capital and must contains minimum 3 characters :
Wrong Input : Fist letter Should be capital and must contains minimum 3 characters :
Wrong Input : Fist letter Should be capital and must contains minimum 3 characters :
Wrong Input : Fist letter Should be capital and must contains minimum 3 characters :
Wrong Input : Fist letter Should be capital and must contains minimum 3 characters :
Wrong Input : Fist letter Should be capital and must contains minimum 3 characters :
Wrong Input : Fist letter Should be capital and must contains minimum 3 characters :
Wrong Input : Fist letter Should be capital and must contains minimum 3 characters :
Wrong Input : Fist letter Should be capital and must contains minimum 3 characters :
Wrong Input : Fist letter Should be capital and must contains minimum 3 characters :
Wrong Input : Fist letter Should be capital and must contains minimum 3 characters :
Wrong Input : Fist letter Should be capital and must contains minimum 3 characters :
Wrong Input : Fist letter Should be capital and must contains minimum 3 characters :
Wrong Input : Fist letter Should be capital and must contains minimum 3 characters :
Wrong Input : Fist letter Should be capital and must contains minimum 3 characters :
Wrong Input : Fist letter Should be capital and must contains minimum 3 characters :
Wrong Input : Fist letter Should be capital and must contains minimum 3 characters :
Wrong Input : Fist letter Should be capital and must contains minimum 3 characters :
Wrong Input : Fist letter Should be capital and must contains minimum 3 characters :
Wrong Input : Fist letter Should be capital and must contains minimum 3 characters :
Wrong Input : Fist letter Should be capital and must contains minimum 3 characters :
Wrong Input : Fist letter Should be capital and must contains minimum 3 characters :
Wrong Input : Fist letter Should be capital and must contains minimum 3 characters :
Wrong Input : Fist letter Should be capital and must contains minimum 3 characters :
Wrong Input : Fist letter Should be capital and must contains minimum 3 characters :
Wrong Input : Fist letter Should be capital and must contains minimum 3 characters :
Wrong Input : Fist letter Should be capital and must contains minimum 3 characters :
Wrong Input : Fist letter Should be capital and must contains minimum 3 characters :
Wrong Input : Fist letter Should be capital and must contains minimum 3 characters :
Wrong Input : Fist letter Should be capital and must contains minimum 3 characters :
Wrong Input : Fist letter Should be capital and must contains minimum 3 characters :
Wrong Input : Fist letter Should be capital and must contains minimum 3 characters :
Wrong Input : Fist letter Should be capital and must contains minimum 3 characters :
Wrong Input : Fist letter Should be capital and must contains minimum 3 characters :
Wrong Input : Fist letter Should be capital and must contains minimum 3 characters :
Wrong Input : Fist letter Should be capital and must contains minimum 3 characters :
Wrong Input : Fist letter Should be capital and must contains minimum 3 characters :
Wrong Input : Fist letter Should be capital and must contains minimum 3 characters :
Wrong Input : Fist letter Should be capital and must contains minimum 3 characters :
Wrong Input : Fist letter Should be capital and must contains minimum 3 characters :
Wrong Input : Fist letter Should be capital and must contains minimum 3 characters :
Wrong Input : Fist letter Should be capital and must contains minimum 3 characters :
Wrong Input : Fist letter Should be capital and must contains minimum 3 characters :
Wrong Input : Fist letter Should be capital and must contains minimum 3 characters :
Wrong Input : Fist letter Should be capital and must contains minimum 3 characters :
Wrong Input : Fist letter Should be capital and must contains minimum 3 characters :
Wrong Input : Fist letter Should be capital and must contains minimum 3 characters :
Wrong Input : Fist letter Should be capital and must contains minimum 3 characters :
Wrong Input : Fist letter Should be capital and must contains minimum 3 characters :
Wrong Input : Fist letter Should be capital and must contains minimum 3 characters :
Wrong Input : Fist letter Should be capital and must contains minimum 3 characters :
Wrong Input : Fist letter Should be capital and must contains minimum 3 characters :
Wrong Input : Fist letter Should be capital and must contains minimum 3 characters :
Wrong Input : Fist letter Should be capital and must contains minimum 3 characters :
Wrong Input : Fist letter Should be capital and must contains minimum 3 characters :
Wrong Input : Fist letter Should be capital and must contains minimum 3 characters :
Wrong Input : Fist letter Should be capital and must contains minimum 3 characters :
Wrong Input : Fist letter Should be capital and must contains minimum 3 characters :
Wrong Input : Fist letter Should be capital and must contains minimum 3 characters :
Wrong Input : Fist letter Should be capital and must contains minimum 3 characters :
Wrong Input : Fist letter Should be capital and must contains minimum 3 characters :
Wrong Input : Fist letter Should be capital and must contains minimum 3 characters :
Wrong Input : Fist letter Should be capital and must contains minimum 3 characters :
Wrong Input : Fist letter Should be capital and must contains minimum 3 characters :
Wrong Input : Fist letter Should be capital and must contains minimum 3 characters :
Wrong Input : Fist letter Should be capital and must contains minimum 3 characters :
Wrong Input : Fist letter Should be capital and must contains minimum 3 characters :
Wrong Input : Fist letter Should be capital and must contains minimum 3 characters :
Wrong Input : Fist letter Should be capital and must contains minimum 3 characters :
Wrong Input : Fist letter Should be capital and must contains minimum 3 characters :
Wrong Input : Fist letter Should be capital and must contains minimum 3 characters :
Wrong Input : Fist letter Should be capital and must contains minimum 3 characters :
Wrong Input : Fist letter Should be capital and must contains minimum 3 characters :
Wrong Input : Fist letter Should be capital and must contains minimum 3 characters :
Wrong Input : Fist letter Should be capital and must contains minimum 3 characters :
Wrong Input : Fist letter Should be capital and must contains minimum 3 characters :
Wrong Input : Fist letter Should be capital and must contains minimum 3 characters :
Wrong Input : Fist letter Should be capital and must contains minimum 3 characters :
Wrong Input : Fist letter Should be capital and must contains minimum 3 characters :
Wrong Input : Fist letter Should be capital and must contains minimum 3 characters :
Wrong Input : Fist letter Should be capital and must contains minimum 3 characters :
Wrong Input : Fist letter Should be capital and must contains minimum 3 characters :
Wrong Input : Fist letter Should be capital and must contains minimum 3 characters :
Wrong Input : Fist letter Should be capital and must contains minimum 3 characters :
Wrong Input : Fist letter Should be capital and must contains minimum 3 characters :
Wrong Input : Fist letter Should be capital and must contains minimum 3 characters :
Wrong Input : Fist letter Should be capital and must contains minimum 3 characters :
Wrong Input : Fist letter Should be capital and must contains minimum 3 characters :
Wrong Input : Fist letter Should be capital and must contains minimum 3 characters :
Wrong Input : Fist letter Should be capital and must contains minimum 3 characters :
Wrong Input : Fist letter Should be capital and must contains minimum 3 characters :
Wrong Input : Fist letter Should be capital and must contains minimum 3 characters :
Wrong Input : Fist letter Should be capital and must contains minimum 3 characters :
Wrong Input : Fist letter Should be capital and must contains minimum 3 characters :
Wrong Input : Fist letter Should be capital and must contains minimum 3 characters :
Wrong Input : Fist letter Should be capital and must contains minimum 3 characters :
Wrong Input : Fist letter Should be capital and must contains minimum 3 characters :
Wrong Input : Fist letter Should be capital and must contains minimum 3 characters :
Wrong Input : Fist letter Should be capital and must contains minimum 3 characters :
Wrong Input : Fist letter Should be capital and must contains minimum 3 characters :
Wrong Input : Fist letter Should be capital and must contains minimum 3 characters :
Wrong Input : Fist letter Should be capital and must contains minimum 3 characters :
Wrong Input : Fist letter Should be capital and must contains minimum 3 characters :
Wrong Input : Fist letter Should be capital and must contains minimum 3 characters :
Wrong Input : Fist letter Should be capital and must contains minimum 3 characters :
Wrong Input : Fist letter Should be capital and must contains minimum 3 characters :
Wrong Input : Fist letter Should be capital and must contains minimum 3 characters :
Wrong Input : Fist letter Should be capital and must contains minimum 3 characters :
Wrong Input : Fist letter Should be capital and must contains minimum 3 characters :
Wrong Input : Fist letter Should be capital and must contains minimum 3 characters :
Wrong Input : Fist letter Should be capital and must contains minimum 3 characters :
Wrong Input : Fist letter Should be capital and must contains minimum 3 characters :
Wrong Input : Fist letter Should be capital and must contains minimum 3 characters :
Wrong Input : Fist letter Should be capital and must contains minimum 3 characters :
Wrong Input : Fist letter Should be capital and must contains minimum 3 characters :
Wrong Input : Fist letter Should be capital and must contains minimum 3 characters :
Wrong Input : Fist letter Should be capital and must contains minimum 3 characters :
Wrong Input : Fist letter Should be capital and must contains minimum 3 characters :
Wrong Input : Fist letter Should be capital and must contains minimum 3 characters :
Wrong Input : Fist letter Should be capital and must contains minimum 3 characters :
Wrong Input : Fist letter Should be capital and must contains minimum 3 characters :
Wrong Input : Fist letter Should be capital and must contains minimum 3 characters :
Wrong Input : Fist letter Should be capital and must contains minimum 3 characters :
Wrong Input : Fist letter Should be capital and must contains minimum 3 characters :
Wrong Input : Fist letter Should be capital and must contains minimum 3 characters :
Wrong Input : Fist letter Should be capital and must contains minimum 3 characters :
Wrong Input : Fist letter Should be capital and must contains minimum 3 characters :
Wrong Input : Fist letter Should be capital and must contains minimum 3 characters :
Wrong Input : Fist letter Should be capital and must contains minimum 3 characters :
Wrong Input : Fist letter Should be capital and must contains minimum 3 characters :
Wrong Input : Fist letter Should be capital and must contains minimum 3 characters :
Wrong Input : Fist letter Should be capital and must contains minimum 3 characters :
Wrong Input : Fist letter Should be capital and must contains minimum 3 characters :
Wrong Input : Fist letter Should be capital and must contains minimum 3 characters :
Wrong Input : Fist letter Should be capital and must contains minimum 3 characters :
Wrong Input : Fist letter Should be capital and must contains minimum 3 characters :
Wrong Input : Fist letter Should be capital and must contains minimum 3 characters :
Wrong Input : Fist letter Should be capital and must contains minimum 3 characters :
Wrong Input : Fist letter Should be capital and must contains minimum 3 characters :
Wrong Input : Fist letter Should be capital and must contains minimum 3 characters :
Wrong Input : Fist letter Should be capital and must contains minimum 3 characters :
Wrong Input : Fist letter Should be capital and must contains minimum 3 characters :
Wrong Input : Fist letter Should be capital and must contains minimum 3 characters :
Wrong Input : Fist letter Should be capital and must contains minimum 3 characters :
Wrong Input : Fist letter Should be capital and must contains minimum 3 characters :
Wrong Input : Fist letter Should be capital and must contains minimum 3 characters :
Wrong Input : Fist letter Should be capital and must contains minimum 3 characters :
Wrong Input : Fist letter Should be capital and must contains minimum 3 characters :
Wrong Input : Fist letter Should be capital and must contains minimum 3 characters :
Wrong Input : Fist letter Should be capital and must contains minimum 3 characters :
Wrong Input : Fist letter Should be capital and must contains minimum 3 characters :
Wrong Input : Fist letter Should be capital and must contains minimum 3 characters :
Wrong Input : Fist letter Should be capital and must contains minimum 3 characters :
Wrong Input : Fist letter Should be capital and must contains minimum 3 characters :
Wrong Input : Fist letter Should be capital and must contains minimum 3 characters :
Wrong Input : Fist letter Should be capital and must contains minimum 3 characters :
Wrong Input : Fist letter Should be capital and must contains minimum 3 characters :
Wrong Input : Fist letter Should be capital and must contains minimum 3 characters :
Wrong Input : Fist letter Should be capital and must contains minimum 3 characters :
Wrong Input : Fist letter Should be capital and must contains minimum 3 characters :
Wrong Input : Fist letter Should be capital and must contains minimum 3 characters :
Wrong Input : Fist letter Should be capital and must contains minimum 3 characters :
Wrong Input : Fist letter Should be capital and must contains minimum 3 characters :
Wrong Input : Fist letter Should be capital and must contains minimum 3 characters :
Wrong Input : Fist letter Should be capital and must contains minimum 3 characters :
Wrong Input : Fist letter Should be capital and must contains minimum 3 characters :
Wrong Input : Fist letter Should be capital and must contains minimum 3 characters :
Wrong Input : Fist letter Should be capital and must contains minimum 3 characters :
Wrong Input : Fist letter Should be capital and must contains minimum 3 characters :
Wrong Input : Fist letter Should be capital and must contains minimum 3 characters :
Wrong Input : Fist letter Should be capital and must contains minimum 3 characters :
Wrong Input : Fist letter Should be capital and must contains minimum 3 characters :
Wrong Input : Fist letter Should be capital and must contains minimum 3 characters :
Wrong Input : Fist letter Should be capital and must contains minimum 3 characters :
Wrong Input : Fist letter Should be capital and must contains minimum 3 characters :
Wrong Input : Fist letter Should be capital and must contains minimum 3 characters :
Wrong Input : Fist letter Should be capital and must contains minimum 3 characters :
Wrong Input : Fist letter Should be capital and must contains minimum 3 characters :
Wrong Input : Fist letter Should be capital and must contains minimum 3 characters :
Wrong Input : Fist letter Should be capital and must contains minimum 3 characters :
Wrong Input : Fist letter Should be capital and must contains minimum 3 characters :
Wrong Input : Fist letter Should be capital and must contains minimum 3 characters :
Wrong Input : Fist letter Should be capital and must contains minimum 3 characters :
Wrong Input : Fist letter Should be capital and must contains minimum 3 characters :
Wrong Input : Fist letter Should be capital and must contains minimum 3 characters :
Wrong Input : Fist letter Should be capital and must contains minimum 3 characters :
Wrong Input : Fist letter Should be capital and must contains minimum 3 characters :
Wrong Input : Fist letter Should be capital and must contains minimum 3 characters :
Wrong Input : Fist letter Should be capital and must contains minimum 3 characters :
Wrong Input : Fist letter Should be capital and must contains minimum 3 characters :
Wrong Input : Fist letter Should be capital and must contains minimum 3 characters :
Wrong Input : Fist letter Should be capital and must contains minimum 3 characters :
Wrong Input : Fist letter Should be capital and must contains minimum 3 characters :
Wrong Input : Fist letter Should be capital and must contains minimum 3 characters :
Wrong Input : Fist letter Should be capital and must contains minimum 3 characters :
Wrong Input : Fist letter Should be capital and must contains minimum 3 characters :
Wrong Input : Fist letter Should be capital and must contains minimum 3 characters :
Wrong Input : Fist letter Should be capital and must contains minimum 3 characters :
Wrong Input : Fist letter Should be capital and must contains minimum 3 characters :
Wrong Input : Fist letter Should be capital and must contains minimum 3 characters :
Wrong Input : Fist letter Should be capital and must contains minimum 3 characters :
Wrong Input : Fist letter Should be capital and must contains minimum 3 characters :
Wrong Input : Fist letter Should be capital and must contains minimum 3 characters :
Wrong Input : Fist letter Should be capital and must contains minimum 3 characters :
Wrong Input : Fist letter Should be capital and must contains minimum 3 characters :
Wrong Input : Fist letter Should be capital and must contains minimum 3 characters :
Wrong Input : Fist letter Should be capital and must contains minimum 3 characters :
Wrong Input : Fist letter Should be capital and must contains minimum 3 characters :
Wrong Input : Fist letter Should be capital and must contains minimum 3 characters :
Wrong Input : Fist letter Should be capital and must contains minimum 3 characters :
Wrong Input : Fist letter Should be capital and must contains minimum 3 characters :
Wrong Input : Fist letter Should be capital and must contains minimum 3 characters :
Wrong Input : Fist letter Should be capital and must contains minimum 3 characters :
Wrong Input : Fist letter Should be capital and must contains minimum 3 characters :
Wrong Input : Fist letter Should be capital and must contains minimum 3 characters :
Wrong Input : Fist letter Should be capital and must contains minimum 3 characters :
Wrong Input : Fist letter Should be capital and must contains minimum 3 characters :
Wrong Input : Fist letter Should be capital and must contains minimum 3 characters :
Wrong Input : Fist letter Should be capital and must contains minimum 3 characters :
Wrong Input : Fist letter Should be capital and must contains minimum 3 characters :
Wrong Input : Fist letter Should be capital and must contains minimum 3 characters :
Wrong Input : Fist letter Should be capital and must contains minimum 3 characters :
Wrong Input : Fist letter Should be capital and must contains minimum 3 characters :
Wrong Input : Fist letter Should be capital and must contains minimum 3 characters :
Wrong Input : Fist letter Should be capital and must contains minimum 3 characters :
Wrong Input : Fist letter Should be capital and must contains minimum 3 characters :
Wrong Input : Fist letter Should be capital and must contains minimum 3 characters :
Wrong Input : Fist letter Should be capital and must contains minimum 3 characters :
Wrong Input : Fist letter Should be capital and must contains minimum 3 characters :
Wrong Input : Fist letter Should be capital and must contains minimum 3 characters :
Wrong Input : Fist letter Should be capital and must contains minimum 3 characters :
Wrong Input : Fist letter Should be capital and must contains minimum 3 characters :
Wrong Input : Fist letter Should be capital and must contains minimum 3 characters :
Wrong Input : Fist letter Should be capital and must contains minimum 3 characters :
Wrong Input : Fist letter Should be capital and must contains minimum 3 characters :
Wrong Input : Fist letter Should be capital and must contains minimum 3 characters :
Wrong Input : Fist letter Should be capital and must contains minimum 3 characters :
Wrong Input : Fist letter Should be capital and must contains minimum 3 characters :
Wrong Input : Fist letter Should be capital and must contains minimum 3 characters :
Wrong Input : Fist letter Should be capital and must contains minimum 3 characters :
Wrong Input : Fist letter Should be capital and must contains minimum 3 characters :
Wrong Input : Fist letter Should be capital and must contains minimum 3 characters :
Wrong Input : Fist letter Should be capital and must contains minimum 3 characters :
Wrong Input : Fist letter Should be capital and must contains minimum 3 characters :
Wrong Input : Fist letter Should be capital and must contains minimum 3 characters :
Wrong Input : Fist letter Should be capital and must contains minimum 3 characters :
Wrong Input : Fist letter Should be capital and must contains minimum 3 characters :
Wrong Input : Fist letter Should be capital and must contains minimum 3 characters :
Wrong Input : Fist letter Should be capital and must contains minimum 3 characters :
Wrong Input : Fist letter Should be capital and must contains minimum 3 characters :
Wrong Input : Fist letter Should be capital and must contains minimum 3 characters :
Wrong Input : Fist letter Should be capital and must contains minimum 3 characters :
Wrong Input : Fist letter Should be capital and must contains minimum 3 characters :
Wrong Input : Fist letter Should be capital and must contains minimum 3 characters :
Wrong Input : Fist letter Should be capital and must contains minimum 3 characters :
Wrong Input : Fist letter Should be capital and must contains minimum 3 characters :
Wrong Input : Fist letter Should be capital and must contains minimum 3 characters :
Wrong Input : Fist letter Should be capital and must contains minimum 3 characters :
Wrong Input : Fist letter Should be capital and must contains minimum 3 characters :
Wrong Input : Fist letter Should be capital and must contains minimum 3 characters :
Wrong Input : Fist letter Should be capital and must contains minimum 3 characters :
Wrong Input : Fist letter Should be capital and must contains minimum 3 characters :
Wrong Input : Fist letter Should be capital and must contains minimum 3 characters :
Wrong Input : Fist letter Should be capital and must contains minimum 3 characters :
Wrong Input : Fist letter Should be capital and must contains minimum 3 characters :
Wrong Input : Fist letter Should be capital and must contains minimum 3 characters :
Wrong Input : Fist letter Should be capital and must contains minimum 3 characters :
Wrong Input : Fist letter Should be capital and must contains minimum 3 characters :
Wrong Input : Fist letter Should be capital and must contains minimum 3 characters :
Wrong Input : Fist letter Should be capital and must contains minimum 3 characters :
Wrong Input : Fist letter Should be capital and must contains minimum 3 characters :
Wrong Input : Fist letter Should be capital and must contains minimum 3 characters :
Wrong Input : Fist letter Should be capital and must contains minimum 3 characters :
Wrong Input : Fist letter Should be capital and must contains minimum 3 characters :
Wrong Input : Fist letter Should be capital and must contains minimum 3 characters :
Wrong Input : Fist letter Should be capital and must contains minimum 3 characters :
Wrong Input : Fist letter Should be capital and must contains minimum 3 characters :
Wrong Input : Fist letter Should be capital and must contains minimum 3 characters :
Wrong Input : Fist letter Should be capital and must contains minimum 3 characters :
Wrong Input : Fist letter Should be capital and must contains minimum 3 characters :
Wrong Input : Fist letter Should be capital and must contains minimum 3 characters :
Wrong Input : Fist letter Should be capital and must contains minimum 3 characters :
Wrong Input : Fist letter Should be capital and must contains minimum 3 characters :
Wrong Input : Fist letter Should be capital and must contains minimum 3 characters :
Wrong Input : Fist letter Should be capital and must contains minimum 3 characters :
Wrong Input : Fist letter Should be capital and must contains minimum 3 characters :
Wrong Input : Fist letter Should be capital and must contains minimum 3 characters :
Wrong Input : Fist letter Should be capital and must contains minimum 3 characters :
Wrong Input : Fist letter Should be capital and must contains minimum 3 characters :
Wrong Input : Fist letter Should be capital and must contains minimum 3 characters :
Wrong Input : Fist letter Should be capital and must contains minimum 3 characters :
Wrong Input : Fist letter Should be capital and must contains minimum 3 characters :
Wrong Input : Fist letter Should be capital and must contains minimum 3 characters :
Wrong Input : Fist letter Should be capital and must contains minimum 3 characters :
Wrong Input : Fist letter Should be capital and must contains minimum 3 characters :
Wrong Input : Fist letter Should be capital and must contains minimum 3 characters :
Wrong Input : Fist letter Should be capital and must contains minimum 3 characters :
Wrong Input : Fist letter Should be capital and must contains minimum 3 characters :
Wrong Input : Fist letter Should be capital and must contains minimum 3 characters :
Wrong Input : Fist letter Should be capital and must contains minimum 3 characters :
Wrong Input : Fist letter Should be capital and must contains minimum 3 characters :
Wrong Input : Fist letter Should be capital and must contains minimum 3 characters :
Wrong Input : Fist letter Should be capital and must contains minimum 3 characters :
Wrong Input : Fist letter Should be capital and must contains minimum 3 characters :
Wrong Input : Fist letter Should be capital and must contains minimum 3 characters :
Wrong Input : Fist letter Should be capital and must contains minimum 3 characters :
Wrong Input : Fist letter Should be capital and must contains minimum 3 characters :
Wrong Input : Fist letter Should be capital and must contains minimum 3 characters :
Wrong Input : Fist letter Should be capital and must contains minimum 3 characters :
Wrong Input : Fist letter Should be capital and must contains minimum 3 characters :
Wrong Input : Fist letter Should be capital and must contains minimum 3 characters :
Wrong Input : Fist letter Should be capital and must contains minimum 3 characters :
Wrong Input : Fist letter Should be capital and must contains minimum 3 characters :
Wrong Input : Fist letter Should be capital and must contains minimum 3 characters :
Wrong Input : Fist letter Should be capital and must contains minimum 3 characters :
Wrong Input : Fist letter Should be capital and must contains minimum 3 characters :
Wrong Input : Fist letter Should be capital and must contains minimum 3 characters :
Wrong Input : Fist letter Should be capital and must contains minimum 3 characters :
Wrong Input : Fist letter Should be capital and must contains minimum 3 characters :
Wrong Input : Fist letter Should be capital and must contains minimum 3 characters :
Wrong Input : Fist letter Should be capital and must contains minimum 3 characters :
Wrong Input : Fist letter Should be capital and must contains minimum 3 characters :
Wrong Input : Fist letter Should be capital and must contains minimum 3 characters :
Wrong Input : Fist letter Should be capital and must contains minimum 3 characters :
Wrong Input : Fist letter Should be capital and must contains minimum 3 characters :
Wrong Input : Fist letter Should be capital and must contains minimum 3 characters :
Wrong Input : Fist letter Should be capital and must contains minimum 3 characters :
Wrong Input : Fist letter Should be capital and must contains minimum 3 characters :
Wrong Input : Fist letter Should be capital and must contains minimum 3 characters :
Wrong Input : Fist letter Should be capital and must contains minimum 3 characters :
Wrong Input : Fist letter Should be capital and must contains minimum 3 characters :
Wrong Input : Fist letter Should be capital and must contains minimum 3 characters :
Wrong Input : Fist letter Should be capital and must contains minimum 3 characters :
Wrong Input : Fist letter Should be capital and must contains minimum 3 characters :
Wrong Input : Fist letter Should be capital and must contains minimum 3 characters :
Wrong Input : Fist letter Should be capital and must contains minimum 3 characters :
Wrong Input : Fist letter Should be capital and must contains minimum 3 characters :
Wrong Input : Fist letter Should be capital and must contains minimum 3 characters :
Wrong Input : Fist letter Should be capital and must contains minimum 3 characters :
Wrong Input : Fist letter Should be capital and must contains minimum 3 characters :
Wrong Input : Fist letter Should be capital and must contains minimum 3 characters :
Wrong Input : Fist letter Should be capital and must contains minimum 3 characters :
Wrong Input : Fist letter Should be capital and must contains minimum 3 characters :
Wrong Input : Fist letter Should be capital and must contains minimum 3 characters :
Wrong Input : Fist letter Should be capital and must contains minimum 3 characters :
Wrong Input : Fist letter Should be capital and must contains minimum 3 characters :
Wrong Input : Fist letter Should be capital and must contains minimum 3 characters :
Wrong Input : Fist letter Should be capital and must contains minimum 3 characters :
Wrong Input : Fist letter Should be capital and must contains minimum 3 characters :
Wrong Input : Fist letter Should be capital and must contains minimum 3 characters :
Wrong Input : Fist letter Should be capital and must contains minimum 3 characters :
Wrong Input : Fist letter Should be capital and must contains minimum 3 characters :
Wrong Input : Fist letter Should be capital and must contains minimum 3 characters :
Wrong Input : Fist letter Should be capital and must contains minimum 3 characters :
Wrong Input : Fist letter Should be capital and must contains minimum 3 characters :
Wrong Input : Fist letter Should be capital and must contains minimum 3 characters :
Wrong Input : Fist letter Should be capital and must contains minimum 3 characters :
Wrong Input : Fist letter Should be capital and must contains minimum 3 characters :
Wrong Input : Fist letter Should be capital and must contains minimum 3 characters :
Wrong Input : Fist letter Should be capital and must contains minimum 3 characters :
Wrong Input : Fist letter Should be capital and must contains minimum 3 characters :
Wrong Input : Fist letter Should be capital and must contains minimum 3 characters :
Wrong Input : Fist letter Should be capital and must contains minimum 3 characters :
Wrong Input : Fist letter Should be capital and must contains minimum 3 characters :
Wrong Input : Fist letter Should be capital and must contains minimum 3 characters :
Wrong Input : Fist letter Should be capital and must contains minimum 3 characters :
Wrong Input : Fist letter Should be capital and must contains minimum 3 characters :
Wrong Input : Fist letter Should be capital and must contains minimum 3 characters :
Wrong Input : Fist letter Should be capital and must contains minimum 3 characters :
Wrong Input : Fist letter Should be capital and must contains minimum 3 characters :
Wrong Input : Fist letter Should be capital and must contains minimum 3 characters :
Wrong Input : Fist letter Should be capital and must contains minimum 3 characters :
Wrong Input : Fist letter Should be capital and must contains minimum 3 characters :
Wrong Input : Fist letter Should be capital and must contains minimum 3 characters :
Wrong Input : Fist letter Should be capital and must contains minimum 3 characters :
Wrong Input : Fist letter Should be capital and must contains minimum 3 characters :
Wrong Input : Fist letter Should be capital and must contains minimum 3 characters :
Wrong Input : Fist letter Should be capital and must contains minimum 3 characters :
Wrong Input : Fist letter Should be capital and must contains minimum 3 characters :
Wrong Input : Fist letter Should be capital and must contains minimum 3 characters :
Wrong Input : Fist letter Should be capital and must contains minimum 3 characters :
Wrong Input : Fist letter Should be capital and must contains minimum 3 characters :
Wrong Input : Fist letter Should be capital and must contains minimum 3 characters :
Wrong Input : Fist letter Should be capital and must contains minimum 3 characters :
Wrong Input : Fist letter Should be capital and must contains minimum 3 characters :
Wrong Input : Fist letter Should be capital and must contains minimum 3 characters :
Wrong Input : Fist letter Should be capital and must contains minimum 3 characters :
Wrong Input : Fist letter Should be capital and must contains minimum 3 characters :
Wrong Input : Fist letter Should be capital and must contains minimum 3 characters :
Wrong Input : Fist letter Should be capital and must contains minimum 3 characters :
Wrong Input : Fist letter Should be capital and must contains minimum 3 characters :
Wrong Input : Fist letter Should be capital and must contains minimum 3 characters :
Wrong Input : Fist letter Should be capital and must contains minimum 3 characters :
Wrong Input : Fist letter Should be capital and must contains minimum 3 characters :
Wrong Input : Fist letter Should be capital and must contains minimum 3 characters :
Wrong Input : Fist letter Should be capital and must contains minimum 3 characters :
Wrong Input : Fist letter Should be capital and must contains minimum 3 characters :
Wrong Input : Fist letter Should be capital and must contains minimum 3 characters :
Wrong Input : Fist letter Should be capital and must contains minimum 3 characters :
Wrong Input : Fist letter Should be capital and must contains minimum 3 characters :
Wrong Input : Fist letter Should be capital and must contains minimum 3 characters :
Wrong Input : Fist letter Should be capital and must contains minimum 3 characters :
Wrong Input : Fist letter Should be capital and must contains minimum 3 characters :
Wrong Input : Fist letter Should be capital and must contains minimum 3 characters :
Wrong Input : Fist letter Should be capital and must contains minimum 3 characters :
Wrong Input : Fist letter Should be capital and must contains minimum 3 characters :
Wrong Input : Fist letter Should be capital and must contains minimum 3 characters :
Wrong Input : Fist letter Should be capital and must contains minimum 3 characters :
Wrong Input : Fist letter Should be capital and must contains minimum 3 characters :
Wrong Input : Fist letter Should be capital and must contains minimum 3 characters :
Wrong Input : Fist letter Should be capital and must contains minimum 3 characters :
Wrong Input : Fist letter Should be capital and must contains minimum 3 characters :
Wrong Input : Fist letter Should be capital and must contains minimum 3 characters :
Wrong Input : Fist letter Should be capital and must contains minimum 3 characters :
Wrong Input : Fist letter Should be capital and must contains minimum 3 characters :
Wrong Input : Fist letter Should be capital and must contains minimum 3 characters :
Wrong Input : Fist letter Should be capital and must contains minimum 3 characters :
Wrong Input : Fist letter Should be capital and must contains minimum 3 characters :
Wrong Input : Fist letter Should be capital and must contains minimum 3 characters :
Wrong Input : Fist letter Should be capital and must contains minimum 3 characters :
Wrong Input : Fist letter Should be capital and must contains minimum 3 characters :
Wrong Input : Fist letter Should be capital and must contains minimum 3 characters :
Wrong Input : Fist letter Should be capital and must contains minimum 3 characters :
Wrong Input : Fist letter Should be capital and must contains minimum 3 characters :
Wrong Input : Fist letter Should be capital and must contains minimum 3 characters :
Wrong Input : Fist letter Should be capital and must contains minimum 3 characters :
Wrong Input : Fist letter Should be capital and must contains minimum 3 characters :
Wrong Input : Fist letter Should be capital and must contains minimum 3 characters :
Wrong Input : Fist letter Should be capital and must contains minimum 3 characters :
Wrong Input : Fist letter Should be capital and must contains minimum 3 characters :
Wrong Input : Fist letter Should be capital and must contains minimum 3 characters :
Wrong Input : Fist letter Should be capital and must contains minimum 3 characters :
Wrong Input : Fist letter Should be capital and must contains minimum 3 characters :
Wrong Input : Fist letter Should be capital and must contains minimum 3 characters :
Wrong Input : Fist letter Should be capital and must contains minimum 3 characters :
Wrong Input : Fist letter Should be capital and must contains minimum 3 characters :
Wrong Input : Fist letter Should be capital and must contains minimum 3 characters :
Wrong Input : Fist letter Should be capital and must contains minimum 3 characters :
Wrong Input : Fist letter Should be capital and must contains minimum 3 characters :
Wrong Input : Fist letter Should be capital and must contains minimum 3 characters :
Wrong Input : Fist letter Should be capital and must contains minimum 3 characters :
Wrong Input : Fist letter Should be capital and must contains minimum 3 characters :
Wrong Input : Fist letter Should be capital and must contains minimum 3 characters :
Wrong Input : Fist letter Should be capital and must contains minimum 3 characters :
Wrong Input : Fist letter Should be capital and must contains minimum 3 characters :
Wrong Input : Fist letter Should be capital and must contains minimum 3 characters :
Wrong Input : Fist letter Should be capital and must contains minimum 3 characters :
Wrong Input : Fist letter Should be capital and must contains minimum 3 characters :
Wrong Input : Fist letter Should be capital and must contains minimum 3 characters :
Wrong Input : Fist letter Should be capital and must contains minimum 3 characters :
Wrong Input : Fist letter Should be capital and must contains minimum 3 characters :
Wrong Input : Fist letter Should be capital and must contains minimum 3 characters :
Wrong Input : Fist letter Should be capital and must contains minimum 3 characters :
Wrong Input : Fist letter Should be capital and must contains minimum 3 characters :
Wrong Input : Fist letter Should be capital and must contains minimum 3 characters :
Wrong Input : Fist letter Should be capital and must contains minimum 3 characters :
Wrong Input : Fist letter Should be capital and must contains minimum 3 characters :
Wrong Input : Fist letter Should be capital and must contains minimum 3 characters :
Wrong Input : Fist letter Should be capital and must contains minimum 3 characters :
Wrong Input : Fist letter Should be capital and must contains minimum 3 characters :
Wrong Input : Fist letter Should be capital and must contains minimum 3 characters :
Wrong Input : Fist letter Should be capital and must contains minimum 3 characters :
Wrong Input : Fist letter Should be capital and must contains minimum 3 characters :
Wrong Input : Fist letter Should be capital and must contains minimum 3 characters :
Wrong Input : Fist letter Should be capital and must contains minimum 3 characters :
Wrong Input : Fist letter Should be capital and must contains minimum 3 characters :
Wrong Input : Fist letter Should be capital and must contains minimum 3 characters :
Wrong Input : Fist letter Should be capital and must contains minimum 3 characters :
Wrong Input : Fist letter Should be capital and must contains minimum 3 characters :
Wrong Input : Fist letter Should be capital and must contains minimum 3 characters :
Wrong Input : Fist letter Should be capital and must contains minimum 3 characters :
Wrong Input : Fist letter Should be capital and must contains minimum 3 characters :
Wrong Input : Fist letter Should be capital and must contains minimum 3 characters :
Wrong Input : Fist letter Should be capital and must contains minimum 3 characters :
Wrong Input : Fist letter Should be capital and must contains minimum 3 characters :
Wrong Input : Fist letter Should be capital and must contains minimum 3 characters :
Wrong Input : Fist letter Should be capital and must contains minimum 3 characters :
Wrong Input : Fist letter Should be capital and must contains minimum 3 characters :
Wrong Input : Fist letter Should be capital and must contains minimum 3 characters :
Wrong Input : Fist letter Should be capital and must contains minimum 3 characters :
Wrong Input : Fist letter Should be capital and must contains minimum 3 characters :
Wrong Input : Fist letter Should be capital and must contains minimum 3 characters :
Wrong Input : Fist letter Should be capital and must contains minimum 3 characters :
Wrong Input : Fist letter Should be capital and must contains minimum 3 characters :
Wrong Input : Fist letter Should be capital and must contains minimum 3 characters :
Wrong Input : Fist letter Should be capital and must contains minimum 3 characters :
Wrong Input : Fist letter Should be capital and must contains minimum 3 characters :
Wrong Input : Fist letter Should be capital and must contains minimum 3 characters :
Wrong Input : Fist letter Should be capital and must contains minimum 3 characters :
Wrong Input : Fist letter Should be capital and must contains minimum 3 characters :
Wrong Input : Fist letter Should be capital and must contains minimum 3 characters :
Wrong Input : Fist letter Should be capital and must contains minimum 3 characters :
Wrong Input : Fist letter Should be capital and must contains minimum 3 characters :
Wrong Input : Fist letter Should be capital and must contains minimum 3 characters :
Wrong Input : Fist letter Should be capital and must contains minimum 3 characters :
Wrong Input : Fist letter Should be capital and must contains minimum 3 characters :
Wrong Input : Fist letter Should be capital and must contains minimum 3 characters :
Wrong Input : Fist letter Should be capital and must contains minimum 3 characters :
Wrong Input : Fist letter Should be capital and must contains minimum 3 characters :
Wrong Input : Fist letter Should be capital and must contains minimum 3 characters :
Wrong Input : Fist letter Should be capital and must contains minimum 3 characters :
Wrong Input : Fist letter Should be capital and must contains minimum 3 characters :
Wrong Input : Fist letter Should be capital and must contains minimum 3 characters :
Wrong Input : Fist letter Should be capital and must contains minimum 3 characters :
Wrong Input : Fist letter Should be capital and must contains minimum 3 characters :
Wrong Input : Fist letter Should be capital and must contains minimum 3 characters :
Wrong Input : Fist letter Should be capital and must contains minimum 3 characters :
Wrong Input : Fist letter Should be capital and must contains minimum 3 characters :
Wrong Input : Fist letter Should be capital and must contains minimum 3 characters :
Wrong Input : Fist letter Should be capital and must contains minimum 3 characters :
Wrong Input : Fist letter Should be capital and must contains minimum 3 characters :
Wrong Input : Fist letter Should be capital and must contains minimum 3 characters :
Wrong Input : Fist letter Should be capital and must contains minimum 3 characters :
Wrong Input : Fist letter Should be capital and must contains minimum 3 characters :
Wrong Input : Fist letter Should be capital and must contains minimum 3 characters :
Wrong Input : Fist letter Should be capital and must contains minimum 3 characters :
Wrong Input : Fist letter Should be capital and must contains minimum 3 characters :
Wrong Input : Fist letter Should be capital and must contains minimum 3 characters :
Wrong Input : Fist letter Should be capital and must contains minimum 3 characters :
Wrong Input : Fist letter Should be capital and must contains minimum 3 characters :
Wrong Input : Fist letter Should be capital and must contains minimum 3 characters :
Wrong Input : Fist letter Should be capital and must contains minimum 3 characters :
Wrong Input : Fist letter Should be capital and must contains minimum 3 characters :
Wrong Input : Fist letter Should be capital and must contains minimum 3 characters :
Wrong Input : Fist letter Should be capital and must contains minimum 3 characters :
Wrong Input : Fist letter Should be capital and must contains minimum 3 characters :
Wrong Input : Fist letter Should be capital and must contains minimum 3 characters :
Wrong Input : Fist letter Should be capital and must contains minimum 3 characters :
Wrong Input : Fist letter Should be capital and must contains minimum 3 characters :
Wrong Input : Fist letter Should be capital and must contains minimum 3 characters :
Wrong Input : Fist letter Should be capital and must contains minimum 3 characters :
Wrong Input : Fist letter Should be capital and must contains minimum 3 characters :
Wrong Input : Fist letter Should be capital and must contains minimum 3 characters :
Wrong Input : Fist letter Should be capital and must contains minimum 3 characters :
Wrong Input : Fist letter Should be capital and must contains minimum 3 characters :
Wrong Input : Fist letter Should be capital and must contains minimum 3 characters :
Wrong Input : Fist letter Should be capital and must contains minimum 3 characters :
Wrong Input : Fist letter Should be capital and must contains minimum 3 characters :
Wrong Input : Fist letter Should be capital and must contains minimum 3 characters :
Wrong Input : Fist letter Should be capital and must contains minimum 3 characters :
Wrong Input : Fist letter Should be capital and must contains minimum 3 characters :
Wrong Input : Fist letter Should be capital and must contains minimum 3 characters :
Wrong Input : Fist letter Should be capital and must contains minimum 3 characters :
Wrong Input : Fist letter Should be capital and must contains minimum 3 characters :
Wrong Input : Fist letter Should be capital and must contains minimum 3 characters :
Wrong Input : Fist letter Should be capital and must contains minimum 3 characters :
Wrong Input : Fist letter Should be capital and must contains minimum 3 characters :
Wrong Input : Fist letter Should be capital and must contains minimum 3 characters :
Wrong Input : Fist letter Should be capital and must contains minimum 3 characters :
Wrong Input : Fist letter Should be capital and must contains minimum 3 characters :
Wrong Input : Fist letter Should be capital and must contains minimum 3 characters :
Wrong Input : Fist letter Should be capital and must contains minimum 3 characters :
Wrong Input : Fist letter Should be capital and must contains minimum 3 characters :
Wrong Input : Fist letter Should be capital and must contains minimum 3 characters :
Wrong Input : Fist letter Should be capital and must contains minimum 3 characters :
Wrong Input : Fist letter Should be capital and must contains minimum 3 characters :
Wrong Input : Fist letter Should be capital and must contains minimum 3 characters :
Wrong Input : Fist letter Should be capital and must contains minimum 3 characters :
Wrong Input : Fist letter Should be capital and must contains minimum 3 characters :
Wrong Input : Fist letter Should be capital and must contains minimum 3 characters :
Wrong Input : Fist letter Should be capital and must contains minimum 3 characters :
Wrong Input : Fist letter Should be capital and must contains minimum 3 characters :
Wrong Input : Fist letter Should be capital and must contains minimum 3 characters :
Wrong Input : Fist letter Should be capital and must contains minimum 3 characters :
Wrong Input : Fist letter Should be capital and must contains minimum 3 characters :
Wrong Input : Fist letter Should be capital and must contains minimum 3 characters :
Wrong Input : Fist letter Should be capital and must contains minimum 3 characters :
Wrong Input : Fist letter Should be capital and must contains minimum 3 characters :
Wrong Input : Fist letter Should be capital and must contains minimum 3 characters :
Wrong Input : Fist letter Should be capital and must contains minimum 3 characters :
Wrong Input : Fist letter Should be capital and must contains minimum 3 characters :
Wrong Input : Fist letter Should be capital and must contains minimum 3 characters :
Wrong Input : Fist letter Should be capital and must contains minimum 3 characters :
Wrong Input : Fist letter Should be capital and must contains minimum 3 characters :
Wrong Input : Fist letter Should be capital and must contains minimum 3 characters :
Wrong Input : Fist letter Should be capital and must contains minimum 3 characters :
Wrong Input : Fist letter Should be capital and must contains minimum 3 characters :
Wrong Input : Fist letter Should be capital and must contains minimum 3 characters :
Wrong Input : Fist letter Should be capital and must contains minimum 3 characters :
Wrong Input : Fist letter Should be capital and must contains minimum 3 characters :
Wrong Input : Fist letter Should be capital and must contains minimum 3 characters :
Wrong Input : Fist letter Should be capital and must contains minimum 3 characters :
Wrong Input : Fist letter Should be capital and must contains minimum 3 characters :
Wrong Input : Fist letter Should be capital and must contains minimum 3 characters :
Wrong Input : Fist letter Should be capital and must contains minimum 3 characters :
Wrong Input : Fist letter Should be capital and must contains minimum 3 characters :
Wrong Input : Fist letter Should be capital and must contains minimum 3 characters :
Wrong Input : Fist letter Should be capital and must contains minimum 3 characters :
Wrong Input : Fist letter Should be capital and must contains minimum 3 characters :
Wrong Input : Fist letter Should be capital and must contains minimum 3 characters :
Wrong Input : Fist letter Should be capital and must contains minimum 3 characters :
Wrong Input : Fist letter Should be capital and must contains minimum 3 characters :
Wrong Input : Fist letter Should be capital and must contains minimum 3 characters :
Wrong Input : Fist letter Should be capital and must contains minimum 3 characters :
Wrong Input : Fist letter Should be capital and must contains minimum 3 characters :
Wrong Input : Fist letter Should be capital and must contains minimum 3 characters :
Wrong Input : Fist letter Should be capital and must contains minimum 3 characters :
Wrong Input : Fist letter Should be capital and must contains minimum 3 characters :
Wrong Input : Fist letter Should be capital and must contains minimum 3 characters :
Wrong Input : Fist letter Should be capital and must contains minimum 3 characters :
Wrong Input : Fist letter Should be capital and must contains minimum 3 characters :
Wrong Input : Fist letter Should be capital and must contains minimum 3 characters :
Wrong Input : Fist letter Should be capital and must contains minimum 3 characters :
Wrong Input : Fist letter Should be capital and must contains minimum 3 characters :
Wrong Input : Fist letter Should be capital and must contains minimum 3 characters :
Wrong Input : Fist letter Should be capital and must contains minimum 3 characters :
Wrong Input : Fist letter Should be capital and must contains minimum 3 characters :
Wrong Input : Fist letter Should be capital and must contains minimum 3 characters :
Wrong Input : Fist letter Should be capital and must contains minimum 3 characters :
Wrong Input : Fist letter Should be capital and must contains minimum 3 characters :
Wrong Input : Fist letter Should be capital and must contains minimum 3 characters :
Wrong Input : Fist letter Should be capital and must contains minimum 3 characters :
Wrong Input : Fist letter Should be capital and must contains minimum 3 characters :
Wrong Input : Fist letter Should be capital and must contains minimum 3 characters :
Wrong Input : Fist letter Should be capital and must contains minimum 3 characters :
Wrong Input : Fist letter Should be capital and must contains minimum 3 characters :
Wrong Input : Fist letter Should be capital and must contains minimum 3 characters :
Wrong Input : Fist letter Should be capital and must contains minimum 3 characters :
Wrong Input : Fist letter Should be capital and must contains minimum 3 characters :
Wrong Input : Fist letter Should be capital and must contains minimum 3 characters :
Wrong Input : Fist letter Should be capital and must contains minimum 3 characters :
Wrong Input : Fist letter Should be capital and must contains minimum 3 characters :
Wrong Input : Fist letter Should be capital and must contains minimum 3 characters :
Wrong Input : Fist letter Should be capital and must contains minimum 3 characters :
Wrong Input : Fist letter Should be capital and must contains minimum 3 characters :
Wrong Input : Fist letter Should be capital and must contains minimum 3 characters :
Wrong Input : Fist letter Should be capital and must contains minimum 3 characters :
Wrong Input : Fist letter Should be capital and must contains minimum 3 characters :
Wrong Input : Fist letter Should be capital and must contains minimum 3 characters :
Wrong Input : Fist letter Should be capital and must contains minimum 3 characters :
Wrong Input : Fist letter Should be capital and must contains minimum 3 characters :
Wrong Input : Fist letter Should be capital and must contains minimum 3 characters :
Wrong Input : Fist letter Should be capital and must contains minimum 3 characters :
Wrong Input : Fist letter Should be capital and must contains minimum 3 characters :
Wrong Input : Fist letter Should be capital and must contains minimum 3 characters :
Wrong Input : Fist letter Should be capital and must contains minimum 3 characters :
Wrong Input : Fist letter Should be capital and must contains minimum 3 characters :
Wrong Input : Fist letter Should be capital and must contains minimum 3 characters :
Wrong Input : Fist letter Should be capital and must contains minimum 3 characters :
Wrong Input : Fist letter Should be capital and must contains minimum 3 characters :
Wrong Input : Fist letter Should be capital and must contains minimum 3 characters :
Wrong Input : Fist letter Should be capital and must contains minimum 3 characters :
Wrong Input : Fist letter Should be capital and must contains minimum 3 characters :
Wrong Input : Fist letter Should be capital and must contains minimum 3 characters :
Wrong Input : Fist letter Should be capital and must contains minimum 3 characters :
Wrong Input : Fist letter Should be capital and must contains minimum 3 characters :
Wrong Input : Fist letter Should be capital and must contains minimum 3 characters :
Wrong Input : Fist letter Should be capital and must contains minimum 3 characters :
Wrong Input : Fist letter Should be capital and must contains minimum 3 characters :
Wrong Input : Fist letter Should be capital and must contains minimum 3 characters :
Wrong Input : Fist letter Should be capital and must contains minimum 3 characters :
Wrong Input : Fist letter Should be capital and must contains minimum 3 characters :
Wrong Input : Fist letter Should be capital and must contains minimum 3 characters :
Wrong Input : Fist letter Should be capital and must contains minimum 3 characters :
Wrong Input : Fist letter Should be capital and must contains minimum 3 characters :
Wrong Input : Fist letter Should be capital and must contains minimum 3 characters :
Wrong Input : Fist letter Should be capital and must contains minimum 3 characters :
Wrong Input : Fist letter Should be capital and must contains minimum 3 characters :
Wrong Input : Fist letter Should be capital and must contains minimum 3 characters :
Wrong Input : Fist letter Should be capital and must contains minimum 3 characters :
Wrong Input : Fist letter Should be capital and must contains minimum 3 characters :
Wrong Input : Fist letter Should be capital and must contains minimum 3 characters :
Wrong Input : Fist letter Should be capital and must contains minimum 3 characters :
Wrong Input : Fist letter Should be capital and must contains minimum 3 characters :
Wrong Input : Fist letter Should be capital and must contains minimum 3 characters :
Wrong Input : Fist letter Should be capital and must contains minimum 3 characters :
Wrong Input : Fist letter Should be capital and must contains minimum 3 characters :
Wrong Input : Fist letter Should be capital and must contains minimum 3 characters :
Wrong Input : Fist letter Should be capital and must contains minimum 3 characters :
Wrong Input : Fist letter Should be capital and must contains minimum 3 characters :
Wrong Input : Fist letter Should be capital and must contains minimum 3 characters :
Wrong Input : Fist letter Should be capital and must contains minimum 3 characters :
Wrong Input : Fist letter Should be capital and must contains minimum 3 characters :
Wrong Input : Fist letter Should be capital and must contains minimum 3 characters :
Wrong Input : Fist letter Should be capital and must contains minimum 3 characters :
Wrong Input : Fist letter Should be capital and must contains minimum 3 characters :
Wrong Input : Fist letter Should be capital and must contains minimum 3 characters :
Wrong Input : Fist letter Should be capital and must contains minimum 3 characters :
Wrong Input : Fist letter Should be capital and must contains minimum 3 characters :
Wrong Input : Fist letter Should be capital and must contains minimum 3 characters :
Wrong Input : Fist letter Should be capital and must contains minimum 3 characters :
Wrong Input : Fist letter Should be capital and must contains minimum 3 characters :
Wrong Input : Fist letter Should be capital and must contains minimum 3 characters :
Wrong Input : Fist letter Should be capital and must contains minimum 3 characters :
Wrong Input : Fist letter Should be capital and must contains minimum 3 characters :
Wrong Input : Fist letter Should be capital and must contains minimum 3 characters :
Wrong Input : Fist letter Should be capital and must contains minimum 3 characters :
Wrong Input : Fist letter Should be capital and must contains minimum 3 characters :
Wrong Input : Fist letter Should be capital and must contains minimum 3 characters :
Wrong Input : Fist letter Should be capital and must contains minimum 3 characters :
Wrong Input : Fist letter Should be capital and must contains minimum 3 characters :
Wrong Input : Fist letter Should be capital and must contains minimum 3 characters :
Wrong Input : Fist letter Should be capital and must contains minimum 3 characters :
Wrong Input : Fist letter Should be capital and must contains minimum 3 characters :
Wrong Input : Fist letter Should be capital and must contains minimum 3 characters :
Wrong Input : Fist letter Should be capital and must contains minimum 3 characters :
Wrong Input : Fist letter Should be capital and must contains minimum 3 characters :
Wrong Input : Fist letter Should be capital and must contains minimum 3 characters :
Wrong Input : Fist letter Should be capital and must contains minimum 3 characters :
Wrong Input : Fist letter Should be capital and must contains minimum 3 characters :
Wrong Input : Fist letter Should be capital and must contains minimum 3 characters :
Wrong Input : Fist letter Should be capital and must contains minimum 3 characters :
Wrong Input : Fist letter Should be capital and must contains minimum 3 characters :
Wrong Input : Fist letter Should be capital and must contains minimum 3 characters :
Wrong Input : Fist letter Should be capital and must contains minimum 3 characters :
Wrong Input : Fist letter Should be capital and must contains minimum 3 characters :
Wrong Input : Fist letter Should be capital and must contains minimum 3 characters :
Wrong Input : Fist letter Should be capital and must contains minimum 3 characters :
Wrong Input : Fist letter Should be capital and must contains minimum 3 characters :
Wrong Input : Fist letter Should be capital and must contains minimum 3 characters :
Wrong Input : Fist letter Should be capital and must contains minimum 3 characters :
Wrong Input : Fist letter Should be capital and must contains minimum 3 characters :
Wrong Input : Fist letter Should be capital and must contains minimum 3 characters :
Wrong Input : Fist letter Should be capital and must contains minimum 3 characters :
Wrong Input : Fist letter Should be capital and must contains minimum 3 characters :
Wrong Input : Fist letter Should be capital and must contains minimum 3 characters :
Wrong Input : Fist letter Should be capital and must contains minimum 3 characters :
Wrong Input : Fist letter Should be capital and must contains minimum 3 characters :
Wrong Input : Fist letter Should be capital and must contains minimum 3 characters :
Wrong Input : Fist letter Should be capital and must contains minimum 3 characters :
Wrong Input : Fist letter Should be capital and must contains minimum 3 characters :
Wrong Input : Fist letter Should be capital and must contains minimum 3 characters :
Wrong Input : Fist letter Should be capital and must contains minimum 3 characters :
Wrong Input : Fist letter Should be capital and must contains minimum 3 characters :
Wrong Input : Fist letter Should be capital and must contains minimum 3 characters :
Wrong Input : Fist letter Should be capital and must contains minimum 3 characters :
Wrong Input : Fist letter Should be capital and must contains minimum 3 characters :
Wrong Input : Fist letter Should be capital and must contains minimum 3 characters :
Wrong Input : Fist letter Should be capital and must contains minimum 3 characters :
Wrong Input : Fist letter Should be capital and must contains minimum 3 characters :
Wrong Input : Fist letter Should be capital and must contains minimum 3 characters :
Wrong Input : Fist letter Should be capital and must contains minimum 3 characters :
Wrong Input : Fist letter Should be capital and must contains minimum 3 characters :
Wrong Input : Fist letter Should be capital and must contains minimum 3 characters :
Wrong Input : Fist letter Should be capital and must contains minimum 3 characters :
Wrong Input : Fist letter Should be capital and must contains minimum 3 characters :
Wrong Input : Fist letter Should be capital and must contains minimum 3 characters :
Wrong Input : Fist letter Should be capital and must contains minimum 3 characters :
Wrong Input : Fist letter Should be capital and must contains minimum 3 characters :
Wrong Input : Fist letter Should be capital and must contains minimum 3 characters :
Wrong Input : Fist letter Should be capital and must contains minimum 3 characters :
Wrong Input : Fist letter Should be capital and must contains minimum 3 characters :
Wrong Input : Fist letter Should be capital and must contains minimum 3 characters :
Wrong Input : Fist letter Should be capital and must contains minimum 3 characters :
Wrong Input : Fist letter Should be capital and must contains minimum 3 characters :
Wrong Input : Fist letter Should be capital and must contains minimum 3 characters :
Wrong Input : Fist letter Should be capital and must contains minimum 3 characters :
Wrong Input : Fist letter Should be capital and must contains minimum 3 characters :
Wrong Input : Fist letter Should be capital and must contains minimum 3 characters :
Wrong Input : Fist letter Should be capital and must contains minimum 3 characters :
Wrong Input : Fist letter Should be capital and must contains minimum 3 characters :
Wrong Input : Fist letter Should be capital and must contains minimum 3 characters :
Wrong Input : Fist letter Should be capital and must contains minimum 3 characters :
Wrong Input : Fist letter Should be capital and must contains minimum 3 characters :
Wrong Input : Fist letter Should be capital and must contains minimum 3 characters :
Wrong Input : Fist letter Should be capital and must contains minimum 3 characters :
Wrong Input : Fist letter Should be capital and must contains minimum 3 characters :
Wrong Input : Fist letter Should be capital and must contains minimum 3 characters :
Wrong Input : Fist letter Should be capital and must contains minimum 3 characters :
Wrong Input : Fist letter Should be capital and must contains minimum 3 characters :
Wrong Input : Fist letter Should be capital and must contains minimum 3 characters :
Wrong Input : Fist letter Should be capital and must contains minimum 3 characters :
Wrong Input : Fist letter Should be capital and must contains minimum 3 characters :
Wrong Input : Fist letter Should be capital and must contains minimum 3 characters :
Wrong Input : Fist letter Should be capital and must contains minimum 3 characters :
Wrong Input : Fist letter Should be capital and must contains minimum 3 characters :
Wrong Input : Fist letter Should be capital and must contains minimum 3 characters :
Wrong Input : Fist letter Should be capital and must contains minimum 3 characters :
Wrong Input : Fist letter Should be capital and must contains minimum 3 characters :
Wrong Input : Fist letter Should be capital and must contains minimum 3 characters :
Wrong Input : Fist letter Should be capital and must contains minimum 3 characters :
Wrong Input : Fist letter Should be capital and must contains minimum 3 characters :
Wrong Input : Fist letter Should be capital and must contains minimum 3 characters :
Wrong Input : Fist letter Should be capital and must contains minimum 3 characters :
Wrong Input : Fist letter Should be capital and must contains minimum 3 characters :
Wrong Input : Fist letter Should be capital and must contains minimum 3 characters :
Wrong Input : Fist letter Should be capital and must contains minimum 3 characters :
Wrong Input : Fist letter Should be capital and must contains minimum 3 characters :
Wrong Input : Fist letter Should be capital and must contains minimum 3 characters :
Wrong Input : Fist letter Should be capital and must contains minimum 3 characters :
Wrong Input : Fist letter Should be capital and must contains minimum 3 characters :
Wrong Input : Fist letter Should be capital and must contains minimum 3 characters :
Wrong Input : Fist letter Should be capital and must contains minimum 3 characters :
Wrong Input : Fist letter Should be capital and must contains minimum 3 characters :
Wrong Input : Fist letter Should be capital and must contains minimum 3 characters :
Wrong Input : Fist letter Should be capital and must contains minimum 3 characters :
Wrong Input : Fist letter Should be capital and must contains minimum 3 characters :
Wrong Input : Fist letter Should be capital and must contains minimum 3 characters :
Wrong Input : Fist letter Should be capital and must contains minimum 3 characters :
Wrong Input : Fist letter Should be capital and must contains minimum 3 characters :
Wrong Input : Fist letter Should be capital and must contains minimum 3 characters :
Wrong Input : Fist letter Should be capital and must contains minimum 3 characters :
Wrong Input : Fist letter Should be capital and must contains minimum 3 characters :
Wrong Input : Fist letter Should be capital and must contains minimum 3 characters :
Wrong Input : Fist letter Should be capital and must contains minimum 3 characters :
Wrong Input : Fist letter Should be capital and must contains minimum 3 characters :
Wrong Input : Fist letter Should be capital and must contains minimum 3 characters :
Wrong Input : Fist letter Should be capital and must contains minimum 3 characters :
Wrong Input : Fist letter Should be capital and must contains minimum 3 characters :
Wrong Input : Fist letter Should be capital and must contains minimum 3 characters :
Wrong Input : Fist letter Should be capital and must contains minimum 3 characters :
Wrong Input : Fist letter Should be capital and must contains minimum 3 characters :
Wrong Input : Fist letter Should be capital and must contains minimum 3 characters :
Wrong Input : Fist letter Should be capital and must contains minimum 3 characters :
Wrong Input : Fist letter Should be capital and must contains minimum 3 characters :
Wrong Input : Fist letter Should be capital and must contains minimum 3 characters :
Wrong Input : Fist letter Should be capital and must contains minimum 3 characters :
Wrong Input : Fist letter Should be capital and must contains minimum 3 characters :
Wrong Input : Fist letter Should be capital and must contains minimum 3 characters :
Wrong Input : Fist letter Should be capital and must contains minimum 3 characters :
Wrong Input : Fist letter Should be capital and must contains minimum 3 characters :
Wrong Input : Fist letter Should be capital and must contains minimum 3 characters :
Wrong Input : Fist letter Should be capital and must contains minimum 3 characters :
Wrong Input : Fist letter Should be capital and must contains minimum 3 characters :
Wrong Input : Fist letter Should be capital and must contains minimum 3 characters :
Wrong Input : Fist letter Should be capital and must contains minimum 3 characters :
Wrong Input : Fist letter Should be capital and must contains minimum 3 characters :
Wrong Input : Fist letter Should be capital and must contains minimum 3 characters :
Wrong Input : Fist letter Should be capital and must contains minimum 3 characters :
Wrong Input : Fist letter Should be capital and must contains minimum 3 characters :
Wrong Input : Fist letter Should be capital and must contains minimum 3 characters :
Wrong Input : Fist letter Should be capital and must contains minimum 3 characters :
Wrong Input : Fist letter Should be capital and must contains minimum 3 characters :
Wrong Input : Fist letter Should be capital and must contains minimum 3 characters :
Wrong Input : Fist letter Should be capital and must contains minimum 3 characters :
Wrong Input : Fist letter Should be capital and must contains minimum 3 characters :
Wrong Input : Fist letter Should be capital and must contains minimum 3 characters :
Wrong Input : Fist letter Should be capital and must contains minimum 3 characters :
Wrong Input : Fist letter Should be capital and must contains minimum 3 characters :
Wrong Input : Fist letter Should be capital and must contains minimum 3 characters :
Wrong Input : Fist letter Should be capital and must contains minimum 3 characters :
Wrong Input : Fist letter Should be capital and must contains minimum 3 characters :
Wrong Input : Fist letter Should be capital and must contains minimum 3 characters :
Wrong Input : Fist letter Should be capital and must contains minimum 3 characters :
Wrong Input : Fist letter Should be capital and must contains minimum 3 characters :
Wrong Input : Fist letter Should be capital and must contains minimum 3 characters :
Wrong Input : Fist letter Should be capital and must contains minimum 3 characters :
Wrong Input : Fist letter Should be capital and must contains minimum 3 characters :
Wrong Input : Fist letter Should be capital and must contains minimum 3 characters :
Wrong Input : Fist letter Should be capital and must contains minimum 3 characters :
Wrong Input : Fist letter Should be capital and must contains minimum 3 characters :
Wrong Input : Fist letter Should be capital and must contains minimum 3 characters :
Wrong Input : Fist letter Should be capital and must contains minimum 3 characters :
Wrong Input : Fist letter Should be capital and must contains minimum 3 characters :
Wrong Input : Fist letter Should be capital and must contains minimum 3 characters :
Wrong Input : Fist letter Should be capital and must contains minimum 3 characters :
Wrong Input : Fist letter Should be capital and must contains minimum 3 characters :
Wrong Input : Fist letter Should be capital and must contains minimum 3 characters :
Wrong Input : Fist letter Should be capital and must contains minimum 3 characters :
Wrong Input : Fist letter Should be capital and must contains minimum 3 characters :
Wrong Input : Fist letter Should be capital and must contains minimum 3 characters :
Wrong Input : Fist letter Should be capital and must contains minimum 3 characters :
Wrong Input : Fist letter Should be capital and must contains minimum 3 characters :
Wrong Input : Fist letter Should be capital and must contains minimum 3 characters :
Wrong Input : Fist letter Should be capital and must contains minimum 3 characters :
Wrong Input : Fist letter Should be capital and must contains minimum 3 characters :
Wrong Input : Fist letter Should be capital and must contains minimum 3 characters :
Wrong Input : Fist letter Should be capital and must contains minimum 3 characters :
Wrong Input : Fist letter Should be capital and must contains minimum 3 characters :
Wrong Input : Fist letter Should be capital and must contains minimum 3 characters :
Wrong Input : Fist letter Should be capital and must contains minimum 3 characters :
Wrong Input : Fist letter Should be capital and must contains minimum 3 characters :
Wrong Input : Fist letter Should be capital and must contains minimum 3 characters :
Wrong Input : Fist letter Should be capital and must contains minimum 3 characters :
Wrong Input : Fist letter Should be capital and must contains minimum 3 characters :
Wrong Input : Fist letter Should be capital and must contains minimum 3 characters :
Wrong Input : Fist letter Should be capital and must contains minimum 3 characters :
Wrong Input : Fist letter Should be capital and must contains minimum 3 characters :
Wrong Input : Fist letter Should be capital and must contains minimum 3 characters :
Wrong Input : Fist letter Should be capital and must contains minimum 3 characters :
Wrong Input : Fist letter Should be capital and must contains minimum 3 characters :
Wrong Input : Fist letter Should be capital and must contains minimum 3 characters :
Wrong Input : Fist letter Should be capital and must contains minimum 3 characters :
Wrong Input : Fist letter Should be capital and must contains minimum 3 characters :
Wrong Input : Fist letter Should be capital and must contains minimum 3 characters :
Wrong Input : Fist letter Should be capital and must contains minimum 3 characters :
Wrong Input : Fist letter Should be capital and must contains minimum 3 characters :
Wrong Input : Fist letter Should be capital and must contains minimum 3 characters :
Wrong Input : Fist letter Should be capital and must contains minimum 3 characters :
Wrong Input : Fist letter Should be capital and must contains minimum 3 characters :
Wrong Input : Fist letter Should be capital and must contains minimum 3 characters :
Wrong Input : Fist letter Should be capital and must contains minimum 3 characters :
Wrong Input : Fist letter Should be capital and must contains minimum 3 characters :
Wrong Input : Fist letter Should be capital and must contains minimum 3 characters :
Wrong Input : Fist letter Should be capital and must contains minimum 3 characters :
Wrong Input : Fist letter Should be capital and must contains minimum 3 characters :
Wrong Input : Fist letter Should be capital and must contains minimum 3 characters :
Wrong Input : Fist letter Should be capital and must contains minimum 3 characters :
Wrong Input : Fist letter Should be capital and must contains minimum 3 characters :
Wrong Input : Fist letter Should be capital and must contains minimum 3 characters :
Wrong Input : Fist letter Should be capital and must contains minimum 3 characters :
Wrong Input : Fist letter Should be capital and must contains minimum 3 characters :
Wrong Input : Fist letter Should be capital and must contains minimum 3 characters :
Wrong Input : Fist letter Should be capital and must contains minimum 3 characters :
Wrong Input : Fist letter Should be capital and must contains minimum 3 characters :
Wrong Input : Fist letter Should be capital and must contains minimum 3 characters :
Wrong Input : Fist letter Should be capital and must contains minimum 3 characters :
Wrong Input : Fist letter Should be capital and must contains minimum 3 characters :
Wrong Input : Fist letter Should be capital and must contains minimum 3 characters :
Wrong Input : Fist letter Should be capital and must contains minimum 3 characters :
Wrong Input : Fist letter Should be capital and must contains minimum 3 characters :
Wrong Input : Fist letter Should be capital and must contains minimum 3 characters :
Wrong Input : Fist letter Should be capital and must contains minimum 3 characters :
Wrong Input : Fist letter Should be capital and must contains minimum 3 characters :
Wrong Input : Fist letter Should be capital and must contains minimum 3 characters :
Wrong Input : Fist letter Should be capital and must contains minimum 3 characters :
Wrong Input : Fist letter Should be capital and must contains minimum 3 characters :
Wrong Input : Fist letter Should be capital and must contains minimum 3 characters :
Wrong Input : Fist letter Should be capital and must contains minimum 3 characters :
Wrong Input : Fist letter Should be capital and must contains minimum 3 characters :
Wrong Input : Fist letter Should be capital and must contains minimum 3 characters :
Wrong Input : Fist letter Should be capital and must contains minimum 3 characters :
Wrong Input : Fist letter Should be capital and must contains minimum 3 characters :
Wrong Input : Fist letter Should be capital and must contains minimum 3 characters :
Wrong Input : Fist letter Should be capital and must contains minimum 3 characters :
Wrong Input : Fist letter Should be capital and must contains minimum 3 characters :
Wrong Input : Fist letter Should be capital and must contains minimum 3 characters :
Wrong Input : Fist letter Should be capital and must contains minimum 3 characters :
Wrong Input : Fist letter Should be capital and must contains minimum 3 characters :
Wrong Input : Fist letter Should be capital and must contains minimum 3 characters :
Wrong Input : Fist letter Should be capital and must contains minimum 3 characters :
Wrong Input : Fist letter Should be capital and must contains minimum 3 characters :
Wrong Input : Fist letter Should be capital and must contains minimum 3 characters :
Wrong Input : Fist letter Should be capital and must contains minimum 3 characters :
Wrong Input : Fist letter Should be capital and must contains minimum 3 characters :
Wrong Input : Fist letter Should be capital and must contains minimum 3 characters :
Wrong Input : Fist letter Should be capital and must contains minimum 3 characters :
Wrong Input : Fist letter Should be capital and must contains minimum 3 characters :
Wrong Input : Fist letter Should be capital and must contains minimum 3 characters :
Wrong Input : Fist letter Should be capital and must contains minimum 3 characters :
Wrong Input : Fist letter Should be capital and must contains minimum 3 characters :
Wrong Input : Fist letter Should be capital and must contains minimum 3 characters :
Wrong Input : Fist letter Should be capital and must contains minimum 3 characters :
Wrong Input : Fist letter Should be capital and must contains minimum 3 characters :
Wrong Input : Fist letter Should be capital and must contains minimum 3 characters :
Wrong Input : Fist letter Should be capital and must contains minimum 3 characters :
Wrong Input : Fist letter Should be capital and must contains minimum 3 characters :
Wrong Input : Fist letter Should be capital and must contains minimum 3 characters :
Wrong Input : Fist letter Should be capital and must contains minimum 3 characters :
Wrong Input : Fist letter Should be capital and must contains minimum 3 characters :
Wrong Input : Fist letter Should be capital and must contains minimum 3 characters :
Wrong Input : Fist letter Should be capital and must contains minimum 3 characters :
Wrong Input : Fist letter Should be capital and must contains minimum 3 characters :
Wrong Input : Fist letter Should be capital and must contains minimum 3 characters :
Wrong Input : Fist letter Should be capital and must contains minimum 3 characters :
Wrong Input : Fist letter Should be capital and must contains minimum 3 characters :
Wrong Input : Fist letter Should be capital and must contains minimum 3 characters :
Wrong Input : Fist letter Should be capital and must contains minimum 3 characters :
Wrong Input : Fist letter Should be capital and must contains minimum 3 characters :
Wrong Input : Fist letter Should be capital and must contains minimum 3 characters :
Wrong Input : Fist letter Should be capital and must contains minimum 3 characters :
Wrong Input : Fist letter Should be capital and must contains minimum 3 characters :
Wrong Input : Fist letter Should be capital and must contains minimum 3 characters :
Wrong Input : Fist letter Should be capital and must contains minimum 3 characters :
Wrong Input : Fist letter Should be capital and must contains minimum 3 characters :
Wrong Input : Fist letter Should be capital and must contains minimum 3 characters :
Wrong Input : Fist letter Should be capital and must contains minimum 3 characters :
Wrong Input : Fist letter Should be capital and must contains minimum 3 characters :
Wrong Input : Fist letter Should be capital and must contains minimum 3 characters :
Wrong Input : Fist letter Should be capital and must contains minimum 3 characters :
Wrong Input : Fist letter Should be capital and must contains minimum 3 characters :
Wrong Input : Fist letter Should be capital and must contains minimum 3 characters :
Wrong Input : Fist letter Should be capital and must contains minimum 3 characters :
Wrong Input : Fist letter Should be capital and must contains minimum 3 characters :
Wrong Input : Fist letter Should be capital and must contains minimum 3 characters :
Wrong Input : Fist letter Should be capital and must contains minimum 3 characters :
Wrong Input : Fist letter Should be capital and must contains minimum 3 characters :
Wrong Input : Fist letter Should be capital and must contains minimum 3 characters :
Wrong Input : Fist letter Should be capital and must contains minimum 3 characters :
Wrong Input : Fist letter Should be capital and must contains minimum 3 characters :
Wrong Input : Fist letter Should be capital and must contains minimum 3 characters :
Wrong Input : Fist letter Should be capital and must contains minimum 3 characters :
Wrong Input : Fist letter Should be capital and must contains minimum 3 characters :
Wrong Input : Fist letter Should be capital and must contains minimum 3 characters :
Wrong Input : Fist letter Should be capital and must contains minimum 3 characters :
Wrong Input : Fist letter Should be capital and must contains minimum 3 characters :
Wrong Input : Fist letter Should be capital and must contains minimum 3 characters :
Wrong Input : Fist letter Should be capital and must contains minimum 3 characters :
Wrong Input : Fist letter Should be capital and must contains minimum 3 characters :
Wrong Input : Fist letter Should be capital and must contains minimum 3 characters :
Wrong Input : Fist letter Should be capital and must contains minimum 3 characters :
Wrong Input : Fist letter Should be capital and must contains minimum 3 characters :
Wrong Input : Fist letter Should be capital and must contains minimum 3 characters :
Wrong Input : Fist letter Should be capital and must contains minimum 3 characters :
Wrong Input : Fist letter Should be capital and must contains minimum 3 characters :
Wrong Input : Fist letter Should be capital and must contains minimum 3 characters :
Wrong Input : Fist letter Should be capital and must contains minimum 3 characters :
Wrong Input : Fist letter Should be capital and must contains minimum 3 characters :
Wrong Input : Fist letter Should be capital and must contains minimum 3 characters :
Wrong Input : Fist letter Should be capital and must contains minimum 3 characters :
Wrong Input : Fist letter Should be capital and must contains minimum 3 characters :
Wrong Input : Fist letter Should be capital and must contains minimum 3 characters :
Wrong Input : Fist letter Should be capital and must contains minimum 3 characters :
Wrong Input : Fist letter Should be capital and must contains minimum 3 characters :
Wrong Input : Fist letter Should be capital and must contains minimum 3 characters :
Wrong Input : Fist letter Should be capital and must contains minimum 3 characters :
Wrong Input : Fist letter Should be capital and must contains minimum 3 characters :
Wrong Input : Fist letter Should be capital and must contains minimum 3 characters :
Wrong Input : Fist letter Should be capital and must contains minimum 3 characters :
Wrong Input : Fist letter Should be capital and must contains minimum 3 characters :
Wrong Input : Fist letter Should be capital and must contains minimum 3 characters :
Wrong Input : Fist letter Should be capital and must contains minimum 3 characters :
Wrong Input : Fist letter Should be capital and must contains minimum 3 characters :
Wrong Input : Fist letter Should be capital and must contains minimum 3 characters :
Wrong Input : Fist letter Should be capital and must contains minimum 3 characters :
Wrong Input : Fist letter Should be capital and must contains minimum 3 characters :
Wrong Input : Fist letter Should be capital and must contains minimum 3 characters :
Wrong Input : Fist letter Should be capital and must contains minimum 3 characters :
Wrong Input : Fist letter Should be capital and must contains minimum 3 characters :
Wrong Input : Fist letter Should be capital and must contains minimum 3 characters :
Wrong Input : Fist letter Should be capital and must contains minimum 3 characters :
Wrong Input : Fist letter Should be capital and must contains minimum 3 characters :
Wrong Input : Fist letter Should be capital and must contains minimum 3 characters :
Wrong Input : Fist letter Should be capital and must contains minimum 3 characters :
Wrong Input : Fist letter Should be capital and must contains minimum 3 characters :
Wrong Input : Fist letter Should be capital and must contains minimum 3 characters :
Wrong Input : Fist letter Should be capital and must contains minimum 3 characters :
Wrong Input : Fist letter Should be capital and must contains minimum 3 characters :
Wrong Input : Fist letter Should be capital and must contains minimum 3 characters :
Wrong Input : Fist letter Should be capital and must contains minimum 3 characters :
Wrong Input : Fist letter Should be capital and must contains minimum 3 characters :
Wrong Input : Fist letter Should be capital and must contains minimum 3 characters :
Wrong Input : Fist letter Should be capital and must contains minimum 3 characters :
Wrong Input : Fist letter Should be capital and must contains minimum 3 characters :
Wrong Input : Fist letter Should be capital and must contains minimum 3 characters :
Wrong Input : Fist letter Should be capital and must contains minimum 3 characters :
Wrong Input : Fist letter Should be capital and must contains minimum 3 characters :
Wrong Input : Fist letter Should be capital and must contains minimum 3 characters :
Wrong Input : Fist letter Should be capital and must contains minimum 3 characters :
Wrong Input : Fist letter Should be capital and must contains minimum 3 characters :
Wrong Input : Fist letter Should be capital and must contains minimum 3 characters :
Wrong Input : Fist letter Should be capital and must contains minimum 3 characters :
Wrong Input : Fist letter Should be capital and must contains minimum 3 characters :
Wrong Input : Fist letter Should be capital and must contains minimum 3 characters :
Wrong Input : Fist letter Should be capital and must contains minimum 3 characters :
Wrong Input : Fist letter Should be capital and must contains minimum 3 characters :
Wrong Input : Fist letter Should be capital and must contains minimum 3 characters :
Wrong Input : Fist letter Should be capital and must contains minimum 3 characters :
Wrong Input : Fist letter Should be capital and must contains minimum 3 characters :
Wrong Input : Fist letter Should be capital and must contains minimum 3 characters :
Wrong Input : Fist letter Should be capital and must contains minimum 3 characters :
Wrong Input : Fist letter Should be capital and must contains minimum 3 characters :
Wrong Input : Fist letter Should be capital and must contains minimum 3 characters :
Wrong Input : Fist letter Should be capital and must contains minimum 3 characters :
Wrong Input : Fist letter Should be capital and must contains minimum 3 characters :
Wrong Input : Fist letter Should be capital and must contains minimum 3 characters :
Wrong Input : Fist letter Should be capital and must contains minimum 3 characters :
Wrong Input : Fist letter Should be capital and must contains minimum 3 characters :
Wrong Input : Fist letter Should be capital and must contains minimum 3 characters :
Wrong Input : Fist letter Should be capital and must contains minimum 3 characters :
Wrong Input : Fist letter Should be capital and must contains minimum 3 characters :
Wrong Input : Fist letter Should be capital and must contains minimum 3 characters :
Wrong Input : Fist letter Should be capital and must contains minimum 3 characters :
Wrong Input : Fist letter Should be capital and must contains minimum 3 characters :
Wrong Input : Fist letter Should be capital and must contains minimum 3 characters :
Wrong Input : Fist letter Should be capital and must contains minimum 3 characters :
Wrong Input : Fist letter Should be capital and must contains minimum 3 characters :
Wrong Input : Fist letter Should be capital and must contains minimum 3 characters :
Wrong Input : Fist letter Should be capital and must contains minimum 3 characters :
Wrong Input : Fist letter Should be capital and must contains minimum 3 characters :
Wrong Input : Fist letter Should be capital and must contains minimum 3 characters :
Wrong Input : Fist letter Should be capital and must contains minimum 3 characters :
Wrong Input : Fist letter Should be capital and must contains minimum 3 characters :
Wrong Input : Fist letter Should be capital and must contains minimum 3 characters :
Wrong Input : Fist letter Should be capital and must contains minimum 3 characters :
Wrong Input : Fist letter Should be capital and must contains minimum 3 characters :
Wrong Input : Fist letter Should be capital and must contains minimum 3 characters :
Wrong Input : Fist letter Should be capital and must contains minimum 3 characters :
Wrong Input : Fist letter Should be capital and must contains minimum 3 characters :
Wrong Input : Fist letter Should be capital and must contains minimum 3 characters :
Wrong Input : Fist letter Should be capital and must contains minimum 3 characters :
Wrong Input : Fist letter Should be capital and must contains minimum 3 characters :
Wrong Input : Fist letter Should be capital and must contains minimum 3 characters :
Wrong Input : Fist letter Should be capital and must contains minimum 3 characters :
Wrong Input : Fist letter Should be capital and must contains minimum 3 characters :
Wrong Input : Fist letter Should be capital and must contains minimum 3 characters :
Wrong Input : Fist letter Should be capital and must contains minimum 3 characters :
Wrong Input : Fist letter Should be capital and must contains minimum 3 characters :
Wrong Input : Fist letter Should be capital and must contains minimum 3 characters :
Wrong Input : Fist letter Should be capital and must contains minimum 3 characters :
Wrong Input : Fist letter Should be capital and must contains minimum 3 characters :
Wrong Input : Fist letter Should be capital and must contains minimum 3 characters :
Wrong Input : Fist letter Should be capital and must contains minimum 3 characters :
Wrong Input : Fist letter Should be capital and must contains minimum 3 characters :
Wrong Input : Fist letter Should be capital and must contains minimum 3 characters :
Wrong Input : Fist letter Should be capital and must contains minimum 3 characters :
Wrong Input : Fist letter Should be capital and must contains minimum 3 characters :
Wrong Input : Fist letter Should be capital and must contains minimum 3 characters :
Wrong Input : Fist letter Should be capital and must contains minimum 3 characters :
Wrong Input : Fist letter Should be capital and must contains minimum 3 characters :
Wrong Input : Fist letter Should be capital and must contains minimum 3 characters :
Wrong Input : Fist letter Should be capital and must contains minimum 3 characters :
Wrong Input : Fist letter Should be capital and must contains minimum 3 characters :
Wrong Input : Fist letter Should be capital and must contains minimum 3 characters :
Wrong Input : Fist letter Should be capital and must contains minimum 3 characters :
Wrong Input : Fist letter Should be capital and must contains minimum 3 characters :
Wrong Input : Fist letter Should be capital and must contains minimum 3 characters :
Wrong Input : Fist letter Should be capital and must contains minimum 3 characters :
Wrong Input : Fist letter Should be capital and must contains minimum 3 characters :
Wrong Input : Fist letter Should be capital and must contains minimum 3 characters :
Wrong Input : Fist letter Should be capital and must contains minimum 3 characters :
Wrong Input : Fist letter Should be capital and must contains minimum 3 characters :
Wrong Input : Fist letter Should be capital and must contains minimum 3 characters :
Wrong Input : Fist letter Should be capital and must contains minimum 3 characters :
Wrong Input : Fist letter Should be capital and must contains minimum 3 characters :
Wrong Input : Fist letter Should be capital and must contains minimum 3 characters :
Wrong Input : Fist letter Should be capital and must contains minimum 3 characters :
Wrong Input : Fist letter Should be capital and must contains minimum 3 characters :
Wrong Input : Fist letter Should be capital and must contains minimum 3 characters :
Wrong Input : Fist letter Should be capital and must contains minimum 3 characters :
Wrong Input : Fist letter Should be capital and must contains minimum 3 characters :
Wrong Input : Fist letter Should be capital and must contains minimum 3 characters :
Wrong Input : Fist letter Should be capital and must contains minimum 3 characters :
Wrong Input : Fist letter Should be capital and must contains minimum 3 characters :
Wrong Input : Fist letter Should be capital and must contains minimum 3 characters :
Wrong Input : Fist letter Should be capital and must contains minimum 3 characters :
Wrong Input : Fist letter Should be capital and must contains minimum 3 characters :
Wrong Input : Fist letter Should be capital and must contains minimum 3 characters :
Wrong Input : Fist letter Should be capital and must contains minimum 3 characters :
Wrong Input : Fist letter Should be capital and must contains minimum 3 characters :
Wrong Input : Fist letter Should be capital and must contains minimum 3 characters :
Wrong Input : Fist letter Should be capital and must contains minimum 3 characters :
Wrong Input : Fist letter Should be capital and must contains minimum 3 characters :
Wrong Input : Fist letter Should be capital and must contains minimum 3 characters :
Wrong Input : Fist letter Should be capital and must contains minimum 3 characters :
Wrong Input : Fist letter Should be capital and must contains minimum 3 characters :
Wrong Input : Fist letter Should be capital and must contains minimum 3 characters :
Wrong Input : Fist letter Should be capital and must contains minimum 3 characters :
Wrong Input : Fist letter Should be capital and must contains minimum 3 characters :
Wrong Input : Fist letter Should be capital and must contains minimum 3 characters :
Wrong Input : Fist letter Should be capital and must contains minimum 3 characters :
Wrong Input : Fist letter Should be capital and must contains minimum 3 characters :
Wrong Input : Fist letter Should be capital and must contains minimum 3 characters :
Wrong Input : Fist letter Should be capital and must contains minimum 3 characters :
Wrong Input : Fist letter Should be capital and must contains minimum 3 characters :
Wrong Input : Fist letter Should be capital and must contains minimum 3 characters :
Wrong Input : Fist letter Should be capital and must contains minimum 3 characters :
Wrong Input : Fist letter Should be capital and must contains minimum 3 characters :
Wrong Input : Fist letter Should be capital and must contains minimum 3 characters :
Wrong Input : Fist letter Should be capital and must contains minimum 3 characters :
Wrong Input : Fist letter Should be capital and must contains minimum 3 characters :
Wrong Input : Fist letter Should be capital and must contains minimum 3 characters :
Wrong Input : Fist letter Should be capital and must contains minimum 3 characters :
Wrong Input : Fist letter Should be capital and must contains minimum 3 characters :
Wrong Input : Fist letter Should be capital and must contains minimum 3 characters :
Wrong Input : Fist letter Should be capital and must contains minimum 3 characters :
Wrong Input : Fist letter Should be capital and must contains minimum 3 characters :
Wrong Input : Fist letter Should be capital and must contains minimum 3 characters :
Wrong Input : Fist letter Should be capital and must contains minimum 3 characters :
Wrong Input : Fist letter Should be capital and must contains minimum 3 characters :
Wrong Input : Fist letter Should be capital and must contains minimum 3 characters :
Wrong Input : Fist letter Should be capital and must contains minimum 3 characters :
Wrong Input : Fist letter Should be capital and must contains minimum 3 characters :
Wrong Input : Fist letter Should be capital and must contains minimum 3 characters :
Wrong Input : Fist letter Should be capital and must contains minimum 3 characters :
Wrong Input : Fist letter Should be capital and must contains minimum 3 characters :
Wrong Input : Fist letter Should be capital and must contains minimum 3 characters :
Wrong Input : Fist letter Should be capital and must contains minimum 3 characters :
Wrong Input : Fist letter Should be capital and must contains minimum 3 characters :
Wrong Input : Fist letter Should be capital and must contains minimum 3 characters :
Wrong Input : Fist letter Should be capital and must contains minimum 3 characters :
Wrong Input : Fist letter Should be capital and must contains minimum 3 characters :
Wrong Input : Fist letter Should be capital and must contains minimum 3 characters :
Wrong Input : Fist letter Should be capital and must contains minimum 3 characters :
Wrong Input : Fist letter Should be capital and must contains minimum 3 characters :
Wrong Input : Fist letter Should be capital and must contains minimum 3 characters :
Wrong Input : Fist letter Should be capital and must contains minimum 3 characters :
Wrong Input : Fist letter Should be capital and must contains minimum 3 characters :
Wrong Input : Fist letter Should be capital and must contains minimum 3 characters :
Wrong Input : Fist letter Should be capital and must contains minimum 3 characters :
Wrong Input : Fist letter Should be capital and must contains minimum 3 characters :
Wrong Input : Fist letter Should be capital and must contains minimum 3 characters :
Wrong Input : Fist letter Should be capital and must contains minimum 3 characters :
Wrong Input : Fist letter Should be capital and must contains minimum 3 characters :
Wrong Input : Fist letter Should be capital and must contains minimum 3 characters :
Wrong Input : Fist letter Should be capital and must contains minimum 3 characters :
Wrong Input : Fist letter Should be capital and must contains minimum 3 characters :
Wrong Input : Fist letter Should be capital and must contains minimum 3 characters :
Wrong Input : Fist letter Should be capital and must contains minimum 3 characters :
Wrong Input : Fist letter Should be capital and must contains minimum 3 characters :
Wrong Input : Fist letter Should be capital and must contains minimum 3 characters :
Wrong Input : Fist letter Should be capital and must contains minimum 3 characters :
Wrong Input : Fist letter Should be capital and must contains minimum 3 characters :
Wrong Input : Fist letter Should be capital and must contains minimum 3 characters :
Wrong Input : Fist letter Should be capital and must contains minimum 3 characters :
Wrong Input : Fist letter Should be capital and must contains minimum 3 characters :
Wrong Input : Fist letter Should be capital and must contains minimum 3 characters :
Wrong Input : Fist letter Should be capital and must contains minimum 3 characters :
Wrong Input : Fist letter Should be capital and must contains minimum 3 characters :
Wrong Input : Fist letter Should be capital and must contains minimum 3 characters :
Wrong Input : Fist letter Should be capital and must contains minimum 3 characters :
Wrong Input : Fist letter Should be capital and must contains minimum 3 characters :
Wrong Input : Fist letter Should be capital and must contains minimum 3 characters :
Wrong Input : Fist letter Should be capital and must contains minimum 3 characters :
Wrong Input : Fist letter Should be capital and must contains minimum 3 characters :
Wrong Input : Fist letter Should be capital and must contains minimum 3 characters :
Wrong Input : Fist letter Should be capital and must contains minimum 3 characters :
Wrong Input : Fist letter Should be capital and must contains minimum 3 characters :
Wrong Input : Fist letter Should be capital and must contains minimum 3 characters :
Wrong Input : Fist letter Should be capital and must contains minimum 3 characters :
Wrong Input : Fist letter Should be capital and must contains minimum 3 characters :
Wrong Input : Fist letter Should be capital and must contains minimum 3 characters :
Wrong Input : Fist letter Should be capital and must contains minimum 3 characters :
Wrong Input : Fist letter Should be capital and must contains minimum 3 characters :
Wrong Input : Fist letter Should be capital and must contains minimum 3 characters :
Wrong Input : Fist letter Should be capital and must contains minimum 3 characters :
Wrong Input : Fist letter Should be capital and must contains minimum 3 characters :
Wrong Input : Fist letter Should be capital and must contains minimum 3 characters :
Wrong Input : Fist letter Should be capital and must contains minimum 3 characters :
Wrong Input : Fist letter Should be capital and must contains minimum 3 characters :
Wrong Input : Fist letter Should be capital and must contains minimum 3 characters :
Wrong Input : Fist letter Should be capital and must contains minimum 3 characters :
Wrong Input : Fist letter Should be capital and must contains minimum 3 characters :
Wrong Input : Fist letter Should be capital and must contains minimum 3 characters :
Wrong Input : Fist letter Should be capital and must contains minimum 3 characters :
Wrong Input : Fist letter Should be capital and must contains minimum 3 characters :
Wrong Input : Fist letter Should be capital and must contains minimum 3 characters :
Wrong Input : Fist letter Should be capital and must contains minimum 3 characters :
Wrong Input : Fist letter Should be capital and must contains minimum 3 characters :
Wrong Input : Fist letter Should be capital and must contains minimum 3 characters :
Wrong Input : Fist letter Should be capital and must contains minimum 3 characters :
Wrong Input : Fist letter Should be capital and must contains minimum 3 characters :
Wrong Input : Fist letter Should be capital and must contains minimum 3 characters :
Wrong Input : Fist letter Should be capital and must contains minimum 3 characters :
Wrong Input : Fist letter Should be capital and must contains minimum 3 characters :
Wrong Input : Fist letter Should be capital and must contains minimum 3 characters :
Wrong Input : Fist letter Should be capital and must contains minimum 3 characters :
Wrong Input : Fist letter Should be capital and must contains minimum 3 characters :
Wrong Input : Fist letter Should be capital and must contains minimum 3 characters :
Wrong Input : Fist letter Should be capital and must contains minimum 3 characters :
Wrong Input : Fist letter Should be capital and must contains minimum 3 characters :
Wrong Input : Fist letter Should be capital and must contains minimum 3 characters :
Wrong Input : Fist letter Should be capital and must contains minimum 3 characters :
Wrong Input : Fist letter Should be capital and must contains minimum 3 characters :
Wrong Input : Fist letter Should be capital and must contains minimum 3 characters :
Wrong Input : Fist letter Should be capital and must contains minimum 3 characters :
Wrong Input : Fist letter Should be capital and must contains minimum 3 characters :
Wrong Input : Fist letter Should be capital and must contains minimum 3 characters :
Wrong Input : Fist letter Should be capital and must contains minimum 3 characters :
Wrong Input : Fist letter Should be capital and must contains minimum 3 characters :
Wrong Input : Fist letter Should be capital and must contains minimum 3 characters :
Wrong Input : Fist letter Should be capital and must contains minimum 3 characters :
Wrong Input : Fist letter Should be capital and must contains minimum 3 characters :
Wrong Input : Fist letter Should be capital and must contains minimum 3 characters :
Wrong Input : Fist letter Should be capital and must contains minimum 3 characters :
Wrong Input : Fist letter Should be capital and must contains minimum 3 characters :
Wrong Input : Fist letter Should be capital and must contains minimum 3 characters :
Wrong Input : Fist letter Should be capital and must contains minimum 3 characters :
Wrong Input : Fist letter Should be capital and must contains minimum 3 characters :
Wrong Input : Fist letter Should be capital and must contains minimum 3 characters :
Wrong Input : Fist letter Should be capital and must contains minimum 3 characters :
Wrong Input : Fist letter Should be capital and must contains minimum 3 characters :
Wrong Input : Fist letter Should be capital and must contains minimum 3 characters :
Wrong Input : Fist letter Should be capital and must contains minimum 3 characters :
Wrong Input : Fist letter Should be capital and must contains minimum 3 characters :
Wrong Input : Fist letter Should be capital and must contains minimum 3 characters :
Wrong Input : Fist letter Should be capital and must contains minimum 3 characters :
Wrong Input : Fist letter Should be capital and must contains minimum 3 characters :
Wrong Input : Fist letter Should be capital and must contains minimum 3 characters :
Wrong Input : Fist letter Should be capital and must contains minimum 3 characters :
Wrong Input : Fist letter Should be capital and must contains minimum 3 characters :
Wrong Input : Fist letter Should be capital and must contains minimum 3 characters :
Wrong Input : Fist letter Should be capital and must contains minimum 3 characters :
Wrong Input : Fist letter Should be capital and must contains minimum 3 characters :
Wrong Input : Fist letter Should be capital and must contains minimum 3 characters :
Wrong Input : Fist letter Should be capital and must contains minimum 3 characters :
Wrong Input : Fist letter Should be capital and must contains minimum 3 characters :
Wrong Input : Fist letter Should be capital and must contains minimum 3 characters :
Wrong Input : Fist letter Should be capital and must contains minimum 3 characters :
Wrong Input : Fist letter Should be capital and must contains minimum 3 characters :
Wrong Input : Fist letter Should be capital and must contains minimum 3 characters :
Wrong Input : Fist letter Should be capital and must contains minimum 3 characters :
Wrong Input : Fist letter Should be capital and must contains minimum 3 characters :
Wrong Input : Fist letter Should be capital and must contains minimum 3 characters :
Wrong Input : Fist letter Should be capital and must contains minimum 3 characters :
Wrong Input : Fist letter Should be capital and must contains minimum 3 characters :
Wrong Input : Fist letter Should be capital and must contains minimum 3 characters :
Wrong Input : Fist letter Should be capital and must contains minimum 3 characters :
Wrong Input : Fist letter Should be capital and must contains minimum 3 characters :
Wrong Input : Fist letter Should be capital and must contains minimum 3 characters :
Wrong Input : Fist letter Should be capital and must contains minimum 3 characters :
Wrong Input : Fist letter Should be capital and must contains minimum 3 characters :
Wrong Input : Fist letter Should be capital and must contains minimum 3 characters :
Wrong Input : Fist letter Should be capital and must contains minimum 3 characters :
Wrong Input : Fist letter Should be capital and must contains minimum 3 characters :
Wrong Input : Fist letter Should be capital and must contains minimum 3 characters :
Wrong Input : Fist letter Should be capital and must contains minimum 3 characters :
Wrong Input : Fist letter Should be capital and must contains minimum 3 characters :
Wrong Input : Fist letter Should be capital and must contains minimum 3 characters :
Wrong Input : Fist letter Should be capital and must contains minimum 3 characters :
Wrong Input : Fist letter Should be capital and must contains minimum 3 characters :
Wrong Input : Fist letter Should be capital and must contains minimum 3 characters :
Wrong Input : Fist letter Should be capital and must contains minimum 3 characters :
Wrong Input : Fist letter Should be capital and must contains minimum 3 characters :
Wrong Input : Fist letter Should be capital and must contains minimum 3 characters :
Wrong Input : Fist letter Should be capital and must contains minimum 3 characters :
Wrong Input : Fist letter Should be capital and must contains minimum 3 characters :
Wrong Input : Fist letter Should be capital and must contains minimum 3 characters :
Wrong Input : Fist letter Should be capital and must contains minimum 3 characters :
Wrong Input : Fist letter Should be capital and must contains minimum 3 characters :
Wrong Input : Fist letter Should be capital and must contains minimum 3 characters :
Wrong Input : Fist letter Should be capital and must contains minimum 3 characters :
Wrong Input : Fist letter Should be capital and must contains minimum 3 characters :
Wrong Input : Fist letter Should be capital and must contains minimum 3 characters :
Wrong Input : Fist letter Should be capital and must contains minimum 3 characters :
Wrong Input : Fist letter Should be capital and must contains minimum 3 characters :
Wrong Input : Fist letter Should be capital and must contains minimum 3 characters :
Wrong Input : Fist letter Should be capital and must contains minimum 3 characters :
Wrong Input : Fist letter Should be capital and must contains minimum 3 characters :
Wrong Input : Fist letter Should be capital and must contains minimum 3 characters :
Wrong Input : Fist letter Should be capital and must contains minimum 3 characters :
Wrong Input : Fist letter Should be capital and must contains minimum 3 characters :
Wrong Input : Fist letter Should be capital and must contains minimum 3 characters :
Wrong Input : Fist letter Should be capital and must contains minimum 3 characters :
Wrong Input : Fist letter Should be capital and must contains minimum 3 characters :
Wrong Input : Fist letter Should be capital and must contains minimum 3 characters :
Wrong Input : Fist letter Should be capital and must contains minimum 3 characters :
Wrong Input : Fist letter Should be capital and must contains minimum 3 characters :
Wrong Input : Fist letter Should be capital and must contains minimum 3 characters :
Wrong Input : Fist letter Should be capital and must contains minimum 3 characters :
Wrong Input : Fist letter Should be capital and must contains minimum 3 characters :
Wrong Input : Fist letter Should be capital and must contains minimum 3 characters :
Wrong Input : Fist letter Should be capital and must contains minimum 3 characters :
Wrong Input : Fist letter Should be capital and must contains minimum 3 characters :
Wrong Input : Fist letter Should be capital and must contains minimum 3 characters :
Wrong Input : Fist letter Should be capital and must contains minimum 3 characters :
Wrong Input : Fist letter Should be capital and must contains minimum 3 characters :
Wrong Input : Fist letter Should be capital and must contains minimum 3 characters :
Wrong Input : Fist letter Should be capital and must contains minimum 3 characters :
Wrong Input : Fist letter Should be capital and must contains minimum 3 characters :
Wrong Input : Fist letter Should be capital and must contains minimum 3 characters :
Wrong Input : Fist letter Should be capital and must contains minimum 3 characters :
Wrong Input : Fist letter Should be capital and must contains minimum 3 characters :
Wrong Input : Fist letter Should be capital and must contains minimum 3 characters :
Wrong Input : Fist letter Should be capital and must contains minimum 3 characters :
Wrong Input : Fist letter Should be capital and must contains minimum 3 characters :
Wrong Input : Fist letter Should be capital and must contains minimum 3 characters :
Wrong Input : Fist letter Should be capital and must contains minimum 3 characters :
Wrong Input : Fist letter Should be capital and must contains minimum 3 characters :
Wrong Input : Fist letter Should be capital and must contains minimum 3 characters :
Wrong Input : Fist letter Should be capital and must contains minimum 3 characters :
Wrong Input : Fist letter Should be capital and must contains minimum 3 characters :
Wrong Input : Fist letter Should be capital and must contains minimum 3 characters :
Wrong Input : Fist letter Should be capital and must contains minimum 3 characters :
Wrong Input : Fist letter Should be capital and must contains minimum 3 characters :
Wrong Input : Fist letter Should be capital and must contains minimum 3 characters :
Wrong Input : Fist letter Should be capital and must contains minimum 3 characters :
Wrong Input : Fist letter Should be capital and must contains minimum 3 characters :
Wrong Input : Fist letter Should be capital and must contains minimum 3 characters :
Wrong Input : Fist letter Should be capital and must contains minimum 3 characters :
Wrong Input : Fist letter Should be capital and must contains minimum 3 characters :
Wrong Input : Fist letter Should be capital and must contains minimum 3 characters :
Wrong Input : Fist letter Should be capital and must contains minimum 3 characters :
Wrong Input : Fist letter Should be capital and must contains minimum 3 characters :
Wrong Input : Fist letter Should be capital and must contains minimum 3 characters :
Wrong Input : Fist letter Should be capital and must contains minimum 3 characters :
Wrong Input : Fist letter Should be capital and must contains minimum 3 characters :
Wrong Input : Fist letter Should be capital and must contains minimum 3 characters :
Wrong Input : Fist letter Should be capital and must contains minimum 3 characters :
Wrong Input : Fist letter Should be capital and must contains minimum 3 characters :
Wrong Input : Fist letter Should be capital and must contains minimum 3 characters :
Wrong Input : Fist letter Should be capital and must contains minimum 3 characters :
Wrong Input : Fist letter Should be capital and must contains minimum 3 characters :
Wrong Input : Fist letter Should be capital and must contains minimum 3 characters :
Wrong Input : Fist letter Should be capital and must contains minimum 3 characters :
Wrong Input : Fist letter Should be capital and must contains minimum 3 characters :
Wrong Input : Fist letter Should be capital and must contains minimum 3 characters :
Wrong Input : Fist letter Should be capital and must contains minimum 3 characters :
Wrong Input : Fist letter Should be capital and must contains minimum 3 characters :
Wrong Input : Fist letter Should be capital and must contains minimum 3 characters :
Wrong Input : Fist letter Should be capital and must contains minimum 3 characters :
Wrong Input : Fist letter Should be capital and must contains minimum 3 characters :
Wrong Input : Fist letter Should be capital and must contains minimum 3 characters :
Wrong Input : Fist letter Should be capital and must contains minimum 3 characters :
Wrong Input : Fist letter Should be capital and must contains minimum 3 characters :
Wrong Input : Fist letter Should be capital and must contains minimum 3 characters :
Wrong Input : Fist letter Should be capital and must contains minimum 3 characters :
Wrong Input : Fist letter Should be capital and must contains minimum 3 characters :
Wrong Input : Fist letter Should be capital and must contains minimum 3 characters :
Wrong Input : Fist letter Should be capital and must contains minimum 3 characters :
Wrong Input : Fist letter Should be capital and must contains minimum 3 characters :
Wrong Input : Fist letter Should be capital and must contains minimum 3 characters :
Wrong Input : Fist letter Should be capital and must contains minimum 3 characters :
Wrong Input : Fist letter Should be capital and must contains minimum 3 characters :
Wrong Input : Fist letter Should be capital and must contains minimum 3 characters :
Wrong Input : Fist letter Should be capital and must contains minimum 3 characters :
Wrong Input : Fist letter Should be capital and must contains minimum 3 characters :
Wrong Input : Fist letter Should be capital and must contains minimum 3 characters :
Wrong Input : Fist letter Should be capital and must contains minimum 3 characters :
Wrong Input : Fist letter Should be capital and must contains minimum 3 characters :
Wrong Input : Fist letter Should be capital and must contains minimum 3 characters :
Wrong Input : Fist letter Should be capital and must contains minimum 3 characters :
Wrong Input : Fist letter Should be capital and must contains minimum 3 characters :
Wrong Input : Fist letter Should be capital and must contains minimum 3 characters :
Wrong Input : Fist letter Should be capital and must contains minimum 3 characters :
Wrong Input : Fist letter Should be capital and must contains minimum 3 characters :
Wrong Input : Fist letter Should be capital and must contains minimum 3 characters :
Wrong Input : Fist letter Should be capital and must contains minimum 3 characters :
Wrong Input : Fist letter Should be capital and must contains minimum 3 characters :
Wrong Input : Fist letter Should be capital and must contains minimum 3 characters :
Wrong Input : Fist letter Should be capital and must contains minimum 3 characters :
Wrong Input : Fist letter Should be capital and must contains minimum 3 characters :
Wrong Input : Fist letter Should be capital and must contains minimum 3 characters :
Wrong Input : Fist letter Should be capital and must contains minimum 3 characters :
Wrong Input : Fist letter Should be capital and must contains minimum 3 characters :
Wrong Input : Fist letter Should be capital and must contains minimum 3 characters :
Wrong Input : Fist letter Should be capital and must contains minimum 3 characters :
Wrong Input : Fist letter Should be capital and must contains minimum 3 characters :
Wrong Input : Fist letter Should be capital and must contains minimum 3 characters :
Wrong Input : Fist letter Should be capital and must contains minimum 3 characters :
Wrong Input : Fist letter Should be capital and must contains minimum 3 characters :
Wrong Input : Fist letter Should be capital and must contains minimum 3 characters :
Wrong Input : Fist letter Should be capital and must contains minimum 3 characters :
Wrong Input : Fist letter Should be capital and must contains minimum 3 characters :
Wrong Input : Fist letter Should be capital and must contains minimum 3 characters :
Wrong Input : Fist letter Should be capital and must contains minimum 3 characters :
Wrong Input : Fist letter Should be capital and must contains minimum 3 characters :
Wrong Input : Fist letter Should be capital and must contains minimum 3 characters :
Wrong Input : Fist letter Should be capital and must contains minimum 3 characters :
Wrong Input : Fist letter Should be capital and must contains minimum 3 characters :
Wrong Input : Fist letter Should be capital and must contains minimum 3 characters :
Wrong Input : Fist letter Should be capital and must contains minimum 3 characters :
Wrong Input : Fist letter Should be capital and must contains minimum 3 characters :
Wrong Input : Fist letter Should be capital and must contains minimum 3 characters :
Wrong Input : Fist letter Should be capital and must contains minimum 3 characters :
Wrong Input : Fist letter Should be capital and must contains minimum 3 characters :
Wrong Input : Fist letter Should be capital and must contains minimum 3 characters :
Wrong Input : Fist letter Should be capital and must contains minimum 3 characters :
Wrong Input : Fist letter Should be capital and must contains minimum 3 characters :
Wrong Input : Fist letter Should be capital and must contains minimum 3 characters :
Wrong Input : Fist letter Should be capital and must contains minimum 3 characters :
Wrong Input : Fist letter Should be capital and must contains minimum 3 characters :
Wrong Input : Fist letter Should be capital and must contains minimum 3 characters :
Wrong Input : Fist letter Should be capital and must contains minimum 3 characters :
Wrong Input : Fist letter Should be capital and must contains minimum 3 characters :
Wrong Input : Fist letter Should be capital and must contains minimum 3 characters :
Wrong Input : Fist letter Should be capital and must contains minimum 3 characters :
Wrong Input : Fist letter Should be capital and must contains minimum 3 characters :
Wrong Input : Fist letter Should be capital and must contains minimum 3 characters :
Wrong Input : Fist letter Should be capital and must contains minimum 3 characters :
Wrong Input : Fist letter Should be capital and must contains minimum 3 characters :
Wrong Input : Fist letter Should be capital and must contains minimum 3 characters :
Wrong Input : Fist letter Should be capital and must contains minimum 3 characters :
Wrong Input : Fist letter Should be capital and must contains minimum 3 characters :
Wrong Input : Fist letter Should be capital and must contains minimum 3 characters :
Wrong Input : Fist letter Should be capital and must contains minimum 3 characters :
Wrong Input : Fist letter Should be capital and must contains minimum 3 characters :
Wrong Input : Fist letter Should be capital and must contains minimum 3 characters :
Wrong Input : Fist letter Should be capital and must contains minimum 3 characters :
Wrong Input : Fist letter Should be capital and must contains minimum 3 characters :
Wrong Input : Fist letter Should be capital and must contains minimum 3 characters :
Wrong Input : Fist letter Should be capital and must contains minimum 3 characters :
Wrong Input : Fist letter Should be capital and must contains minimum 3 characters :
Wrong Input : Fist letter Should be capital and must contains minimum 3 characters :
Wrong Input : Fist letter Should be capital and must contains minimum 3 characters :
Wrong Input : Fist letter Should be capital and must contains minimum 3 characters :
Wrong Input : Fist letter Should be capital and must contains minimum 3 characters :
Wrong Input : Fist letter Should be capital and must contains minimum 3 characters :
Wrong Input : Fist letter Should be capital and must contains minimum 3 characters :
Wrong Input : Fist letter Should be capital and must contains minimum 3 characters :
Wrong Input : Fist letter Should be capital and must contains minimum 3 characters :
Wrong Input : Fist letter Should be capital and must contains minimum 3 characters :
Wrong Input : Fist letter Should be capital and must contains minimum 3 characters :
Wrong Input : Fist letter Should be capital and must contains minimum 3 characters :
Wrong Input : Fist letter Should be capital and must contains minimum 3 characters :
Wrong Input : Fist letter Should be capital and must contains minimum 3 characters :
Wrong Input : Fist letter Should be capital and must contains minimum 3 characters :
Wrong Input : Fist letter Should be capital and must contains minimum 3 characters :
Wrong Input : Fist letter Should be capital and must contains minimum 3 characters :
Wrong Input : Fist letter Should be capital and must contains minimum 3 characters :
Wrong Input : Fist letter Should be capital and must contains minimum 3 characters :
Wrong Input : Fist letter Should be capital and must contains minimum 3 characters :
Wrong Input : Fist letter Should be capital and must contains minimum 3 characters :
Wrong Input : Fist letter Should be capital and must contains minimum 3 characters :
Wrong Input : Fist letter Should be capital and must contains minimum 3 characters :
Wrong Input : Fist letter Should be capital and must contains minimum 3 characters :
Wrong Input : Fist letter Should be capital and must contains minimum 3 characters :
Wrong Input : Fist letter Should be capital and must contains minimum 3 characters :
Wrong Input : Fist letter Should be capital and must contains minimum 3 characters :
Wrong Input : Fist letter Should be capital and must contains minimum 3 characters :
Wrong Input : Fist letter Should be capital and must contains minimum 3 characters :
Wrong Input : Fist letter Should be capital and must contains minimum 3 characters :
Wrong Input : Fist letter Should be capital and must contains minimum 3 characters :
Wrong Input : Fist letter Should be capital and must contains minimum 3 characters :
Wrong Input : Fist letter Should be capital and must contains minimum 3 characters :
Wrong Input : Fist letter Should be capital and must contains minimum 3 characters :
Wrong Input : Fist letter Should be capital and must contains minimum 3 characters :
Wrong Input : Fist letter Should be capital and must contains minimum 3 characters :
Wrong Input : Fist letter Should be capital and must contains minimum 3 characters :
Wrong Input : Fist letter Should be capital and must contains minimum 3 characters :
Wrong Input : Fist letter Should be capital and must contains minimum 3 characters :
Wrong Input : Fist letter Should be capital and must contains minimum 3 characters :
Wrong Input : Fist letter Should be capital and must contains minimum 3 characters :
Wrong Input : Fist letter Should be capital and must contains minimum 3 characters :
Wrong Input : Fist letter Should be capital and must contains minimum 3 characters :
Wrong Input : Fist letter Should be capital and must contains minimum 3 characters :
Wrong Input : Fist letter Should be capital and must contains minimum 3 characters :
Wrong Input : Fist letter Should be capital and must contains minimum 3 characters :
Wrong Input : Fist letter Should be capital and must contains minimum 3 characters :
Wrong Input : Fist letter Should be capital and must contains minimum 3 characters :
Wrong Input : Fist letter Should be capital and must contains minimum 3 characters :
Wrong Input : Fist letter Should be capital and must contains minimum 3 characters :
Wrong Input : Fist letter Should be capital and must contains minimum 3 characters :
Wrong Input : Fist letter Should be capital and must contains minimum 3 characters :
Wrong Input : Fist letter Should be capital and must contains minimum 3 characters :
Wrong Input : Fist letter Should be capital and must contains minimum 3 characters :
Wrong Input : Fist letter Should be capital and must contains minimum 3 characters :
Wrong Input : Fist letter Should be capital and must contains minimum 3 characters :
Wrong Input : Fist letter Should be capital and must contains minimum 3 characters :
Wrong Input : Fist letter Should be capital and must contains minimum 3 characters :
Wrong Input : Fist letter Should be capital and must contains minimum 3 characters :
Wrong Input : Fist letter Should be capital and must contains minimum 3 characters :
Wrong Input : Fist letter Should be capital and must contains minimum 3 characters :
Wrong Input : Fist letter Should be capital and must contains minimum 3 characters :
Wrong Input : Fist letter Should be capital and must contains minimum 3 characters :
Wrong Input : Fist letter Should be capital and must contains minimum 3 characters :
Wrong Input : Fist letter Should be capital and must contains minimum 3 characters :
Wrong Input : Fist letter Should be capital and must contains minimum 3 characters :
Wrong Input : Fist letter Should be capital and must contains minimum 3 characters :
Wrong Input : Fist letter Should be capital and must contains minimum 3 characters :
Wrong Input : Fist letter Should be capital and must contains minimum 3 characters :
Wrong Input : Fist letter Should be capital and must contains minimum 3 characters :
Wrong Input : Fist letter Should be capital and must contains minimum 3 characters :
Wrong Input : Fist letter Should be capital and must contains minimum 3 characters :
Wrong Input : Fist letter Should be capital and must contains minimum 3 characters :
Wrong Input : Fist letter Should be capital and must contains minimum 3 characters :
Wrong Input : Fist letter Should be capital and must contains minimum 3 characters :
Wrong Input : Fist letter Should be capital and must contains minimum 3 characters :
Wrong Input : Fist letter Should be capital and must contains minimum 3 characters :
Wrong Input : Fist letter Should be capital and must contains minimum 3 characters :
Wrong Input : Fist letter Should be capital and must contains minimum 3 characters :
Wrong Input : Fist letter Should be capital and must contains minimum 3 characters :
Wrong Input : Fist letter Should be capital and must contains minimum 3 characters :
Wrong Input : Fist letter Should be capital and must contains minimum 3 characters :
Wrong Input : Fist letter Should be capital and must contains minimum 3 characters :
Wrong Input : Fist letter Should be capital and must contains minimum 3 characters :
Wrong Input : Fist letter Should be capital and must contains minimum 3 characters :
Wrong Input : Fist letter Should be capital and must contains minimum 3 characters :
Wrong Input : Fist letter Should be capital and must contains minimum 3 characters :
Wrong Input : Fist letter Should be capital and must contains minimum 3 characters :
Wrong Input : Fist letter Should be capital and must contains minimum 3 characters :
Wrong Input : Fist letter Should be capital and must contains minimum 3 characters :
Wrong Input : Fist letter Should be capital and must contains minimum 3 characters :
Wrong Input : Fist letter Should be capital and must contains minimum 3 characters :
Wrong Input : Fist letter Should be capital and must contains minimum 3 characters :
Wrong Input : Fist letter Should be capital and must contains minimum 3 characters :
Wrong Input : Fist letter Should be capital and must contains minimum 3 characters :
Wrong Input : Fist letter Should be capital and must contains minimum 3 characters :
Wrong Input : Fist letter Should be capital and must contains minimum 3 characters :
Wrong Input : Fist letter Should be capital and must contains minimum 3 characters :
Wrong Input : Fist letter Should be capital and must contains minimum 3 characters :
Wrong Input : Fist letter Should be capital and must contains minimum 3 characters :
Wrong Input : Fist letter Should be capital and must contains minimum 3 characters :
Wrong Input : Fist letter Should be capital and must contains minimum 3 characters :
Wrong Input : Fist letter Should be capital and must contains minimum 3 characters :
Wrong Input : Fist letter Should be capital and must contains minimum 3 characters :
Wrong Input : Fist letter Should be capital and must contains minimum 3 characters :
Wrong Input : Fist letter Should be capital and must contains minimum 3 characters :
Wrong Input : Fist letter Should be capital and must contains minimum 3 characters :
Wrong Input : Fist letter Should be capital and must contains minimum 3 characters :
Wrong Input : Fist letter Should be capital and must contains minimum 3 characters :
Wrong Input : Fist letter Should be capital and must contains minimum 3 characters :
Wrong Input : Fist letter Should be capital and must contains minimum 3 characters :
Wrong Input : Fist letter Should be capital and must contains minimum 3 characters :
Wrong Input : Fist letter Should be capital and must contains minimum 3 characters :
Wrong Input : Fist letter Should be capital and must contains minimum 3 characters :
Wrong Input : Fist letter Should be capital and must contains minimum 3 characters :
Wrong Input : Fist letter Should be capital and must contains minimum 3 characters :
Wrong Input : Fist letter Should be capital and must contains minimum 3 characters :
Wrong Input : Fist letter Should be capital and must contains minimum 3 characters :
Wrong Input : Fist letter Should be capital and must contains minimum 3 characters :
Wrong Input : Fist letter Should be capital and must contains minimum 3 characters :
Wrong Input : Fist letter Should be capital and must contains minimum 3 characters :
Wrong Input : Fist letter Should be capital and must contains minimum 3 characters :
Wrong Input : Fist letter Should be capital and must contains minimum 3 characters :
Wrong Input : Fist letter Should be capital and must contains minimum 3 characters :
Wrong Input : Fist letter Should be capital and must contains minimum 3 characters :
Wrong Input : Fist letter Should be capital and must contains minimum 3 characters :
Wrong Input : Fist letter Should be capital and must contains minimum 3 characters :
Wrong Input : Fist letter Should be capital and must contains minimum 3 characters :
Wrong Input : Fist letter Should be capital and must contains minimum 3 characters :
Wrong Input : Fist letter Should be capital and must contains minimum 3 characters :
Wrong Input : Fist letter Should be capital and must contains minimum 3 characters :
Wrong Input : Fist letter Should be capital and must contains minimum 3 characters :
Wrong Input : Fist letter Should be capital and must contains minimum 3 characters :
Wrong Input : Fist letter Should be capital and must contains minimum 3 characters :
Wrong Input : Fist letter Should be capital and must contains minimum 3 characters :
Wrong Input : Fist letter Should be capital and must contains minimum 3 characters :
Wrong Input : Fist letter Should be capital and must contains minimum 3 characters :
Wrong Input : Fist letter Should be capital and must contains minimum 3 characters :
Wrong Input : Fist letter Should be capital and must contains minimum 3 characters :
Wrong Input : Fist letter Should be capital and must contains minimum 3 characters :
Wrong Input : Fist letter Should be capital and must contains minimum 3 characters :
Wrong Input : Fist letter Should be capital and must contains minimum 3 characters :
Wrong Input : Fist letter Should be capital and must contains minimum 3 characters :
Wrong Input : Fist letter Should be capital and must contains minimum 3 characters :
Wrong Input : Fist letter Should be capital and must contains minimum 3 characters :
Wrong Input : Fist letter Should be capital and must contains minimum 3 characters :
Wrong Input : Fist letter Should be capital and must contains minimum 3 characters :
Wrong Input : Fist letter Should be capital and must contains minimum 3 characters :
Wrong Input : Fist letter Should be capital and must contains minimum 3 characters :
Wrong Input : Fist letter Should be capital and must contains minimum 3 characters :
Wrong Input : Fist letter Should be capital and must contains minimum 3 characters :
Wrong Input : Fist letter Should be capital and must contains minimum 3 characters :
Wrong Input : Fist letter Should be capital and must contains minimum 3 characters :
Wrong Input : Fist letter Should be capital and must contains minimum 3 characters :
Wrong Input : Fist letter Should be capital and must contains minimum 3 characters :
Wrong Input : Fist letter Should be capital and must contains minimum 3 characters :
Wrong Input : Fist letter Should be capital and must contains minimum 3 characters :
Wrong Input : Fist letter Should be capital and must contains minimum 3 characters :
Wrong Input : Fist letter Should be capital and must contains minimum 3 characters :
Wrong Input : Fist letter Should be capital and must contains minimum 3 characters :
Wrong Input : Fist letter Should be capital and must contains minimum 3 characters :
Wrong Input : Fist letter Should be capital and must contains minimum 3 characters :
Wrong Input : Fist letter Should be capital and must contains minimum 3 characters :
Wrong Input : Fist letter Should be capital and must contains minimum 3 characters :
Wrong Input : Fist letter Should be capital and must contains minimum 3 characters :
Wrong Input : Fist letter Should be capital and must contains minimum 3 characters :
Wrong Input : Fist letter Should be capital and must contains minimum 3 characters :
Wrong Input : Fist letter Should be capital and must contains minimum 3 characters :
Wrong Input : Fist letter Should be capital and must contains minimum 3 characters :
Wrong Input : Fist letter Should be capital and must contains minimum 3 characters :
Wrong Input : Fist letter Should be capital and must contains minimum 3 characters :
Wrong Input : Fist letter Should be capital and must contains minimum 3 characters :
Wrong Input : Fist letter Should be capital and must contains minimum 3 characters :
Wrong Input : Fist letter Should be capital and must contains minimum 3 characters :
Wrong Input : Fist letter Should be capital and must contains minimum 3 characters :
Wrong Input : Fist letter Should be capital and must contains minimum 3 characters :
Wrong Input : Fist letter Should be capital and must contains minimum 3 characters :
Wrong Input : Fist letter Should be capital and must contains minimum 3 characters :
Wrong Input : Fist letter Should be capital and must contains minimum 3 characters :
Wrong Input : Fist letter Should be capital and must contains minimum 3 characters :
Wrong Input : Fist letter Should be capital and must contains minimum 3 characters :
Wrong Input : Fist letter Should be capital and must contains minimum 3 characters :
Wrong Input : Fist letter Should be capital and must contains minimum 3 characters :
Wrong Input : Fist letter Should be capital and must contains minimum 3 characters :
Wrong Input : Fist letter Should be capital and must contains minimum 3 characters :
Wrong Input : Fist letter Should be capital and must contains minimum 3 characters :
Wrong Input : Fist letter Should be capital and must contains minimum 3 characters :
Wrong Input : Fist letter Should be capital and must contains minimum 3 characters :
Wrong Input : Fist letter Should be capital and must contains minimum 3 characters :
Wrong Input : Fist letter Should be capital and must contains minimum 3 characters :
Wrong Input : Fist letter Should be capital and must contains minimum 3 characters :
Wrong Input : Fist letter Should be capital and must contains minimum 3 characters :
Wrong Input : Fist letter Should be capital and must contains minimum 3 characters :
Wrong Input : Fist letter Should be capital and must contains minimum 3 characters :
Wrong Input : Fist letter Should be capital and must contains minimum 3 characters :
Wrong Input : Fist letter Should be capital and must contains minimum 3 characters :
Wrong Input : Fist letter Should be capital and must contains minimum 3 characters :
Wrong Input : Fist letter Should be capital and must contains minimum 3 characters :
Wrong Input : Fist letter Should be capital and must contains minimum 3 characters :
Wrong Input : Fist letter Should be capital and must contains minimum 3 characters :
Wrong Input : Fist letter Should be capital and must contains minimum 3 characters :
Wrong Input : Fist letter Should be capital and must contains minimum 3 characters :
Wrong Input : Fist letter Should be capital and must contains minimum 3 characters :
Wrong Input : Fist letter Should be capital and must contains minimum 3 characters :
Wrong Input : Fist letter Should be capital and must contains minimum 3 characters :
Wrong Input : Fist letter Should be capital and must contains minimum 3 characters :
Wrong Input : Fist letter Should be capital and must contains minimum 3 characters :
Wrong Input : Fist letter Should be capital and must contains minimum 3 characters :
Wrong Input : Fist letter Should be capital and must contains minimum 3 characters :
Wrong Input : Fist letter Should be capital and must contains minimum 3 characters :
Wrong Input : Fist letter Should be capital and must contains minimum 3 characters :
Wrong Input : Fist letter Should be capital and must contains minimum 3 characters :
Wrong Input : Fist letter Should be capital and must contains minimum 3 characters :
Wrong Input : Fist letter Should be capital and must contains minimum 3 characters :
Wrong Input : Fist letter Should be capital and must contains minimum 3 characters :
Wrong Input : Fist letter Should be capital and must contains minimum 3 characters :
Wrong Input : Fist letter Should be capital and must contains minimum 3 characters :
Wrong Input : Fist letter Should be capital and must contains minimum 3 characters :
Wrong Input : Fist letter Should be capital and must contains minimum 3 characters :
Wrong Input : Fist letter Should be capital and must contains minimum 3 characters :
Wrong Input : Fist letter Should be capital and must contains minimum 3 characters :
Wrong Input : Fist letter Should be capital and must contains minimum 3 characters :
Wrong Input : Fist letter Should be capital and must contains minimum 3 characters :
Wrong Input : Fist letter Should be capital and must contains minimum 3 characters :
Wrong Input : Fist letter Should be capital and must contains minimum 3 characters :
Wrong Input : Fist letter Should be capital and must contains minimum 3 characters :
Wrong Input : Fist letter Should be capital and must contains minimum 3 characters :
Wrong Input : Fist letter Should be capital and must contains minimum 3 characters :
Wrong Input : Fist letter Should be capital and must contains minimum 3 characters :
Wrong Input : Fist letter Should be capital and must contains minimum 3 characters :
Wrong Input : Fist letter Should be capital and must contains minimum 3 characters :
Wrong Input : Fist letter Should be capital and must contains minimum 3 characters :
Wrong Input : Fist letter Should be capital and must contains minimum 3 characters :
Wrong Input : Fist letter Should be capital and must contains minimum 3 characters :
Wrong Input : Fist letter Should be capital and must contains minimum 3 characters :
Wrong Input : Fist letter Should be capital and must contains minimum 3 characters :
Wrong Input : Fist letter Should be capital and must contains minimum 3 characters :
Wrong Input : Fist letter Should be capital and must contains minimum 3 characters :
Wrong Input : Fist letter Should be capital and must contains minimum 3 characters :
Wrong Input : Fist letter Should be capital and must contains minimum 3 characters :
Wrong Input : Fist letter Should be capital and must contains minimum 3 characters :
Wrong Input : Fist letter Should be capital and must contains minimum 3 characters :
Wrong Input : Fist letter Should be capital and must contains minimum 3 characters :
Wrong Input : Fist letter Should be capital and must contains minimum 3 characters :
Wrong Input : Fist letter Should be capital and must contains minimum 3 characters :
Wrong Input : Fist letter Should be capital and must contains minimum 3 characters :
Wrong Input : Fist letter Should be capital and must contains minimum 3 characters :
Wrong Input : Fist letter Should be capital and must contains minimum 3 characters :
Wrong Input : Fist letter Should be capital and must contains minimum 3 characters :
Wrong Input : Fist letter Should be capital and must contains minimum 3 characters :
Wrong Input : Fist letter Should be capital and must contains minimum 3 characters :
Wrong Input : Fist letter Should be capital and must contains minimum 3 characters :
Wrong Input : Fist letter Should be capital and must contains minimum 3 characters :
Wrong Input : Fist letter Should be capital and must contains minimum 3 characters :
Wrong Input : Fist letter Should be capital and must contains minimum 3 characters :
Wrong Input : Fist letter Should be capital and must contains minimum 3 characters :
Wrong Input : Fist letter Should be capital and must contains minimum 3 characters :
Wrong Input : Fist letter Should be capital and must contains minimum 3 characters :
Wrong Input : Fist letter Should be capital and must contains minimum 3 characters :
Wrong Input : Fist letter Should be capital and must contains minimum 3 characters :
Wrong Input : Fist letter Should be capital and must contains minimum 3 characters :
Wrong Input : Fist letter Should be capital and must contains minimum 3 characters :
Wrong Input : Fist letter Should be capital and must contains minimum 3 characters :
Wrong Input : Fist letter Should be capital and must contains minimum 3 characters :
Wrong Input : Fist letter Should be capital and must contains minimum 3 characters :
Wrong Input : Fist letter Should be capital and must contains minimum 3 characters :
Wrong Input : Fist letter Should be capital and must contains minimum 3 characters :
Wrong Input : Fist letter Should be capital and must contains minimum 3 characters :
Wrong Input : Fist letter Should be capital and must contains minimum 3 characters :
Wrong Input : Fist letter Should be capital and must contains minimum 3 characters :
Wrong Input : Fist letter Should be capital and must contains minimum 3 characters :
Wrong Input : Fist letter Should be capital and must contains minimum 3 characters :
Wrong Input : Fist letter Should be capital and must contains minimum 3 characters :
Wrong Input : Fist letter Should be capital and must contains minimum 3 characters :
Wrong Input : Fist letter Should be capital and must contains minimum 3 characters :
Wrong Input : Fist letter Should be capital and must contains minimum 3 characters :
Wrong Input : Fist letter Should be capital and must contains minimum 3 characters :
Wrong Input : Fist letter Should be capital and must contains minimum 3 characters :
Wrong Input : Fist letter Should be capital and must contains minimum 3 characters :
Wrong Input : Fist letter Should be capital and must contains minimum 3 characters :
Wrong Input : Fist letter Should be capital and must contains minimum 3 characters :
Wrong Input : Fist letter Should be capital and must contains minimum 3 characters :
Wrong Input : Fist letter Should be capital and must contains minimum 3 characters :
Wrong Input : Fist letter Should be capital and must contains minimum 3 characters :
Wrong Input : Fist letter Should be capital and must contains minimum 3 characters :
Wrong Input : Fist letter Should be capital and must contains minimum 3 characters :
Wrong Input : Fist letter Should be capital and must contains minimum 3 characters :
Wrong Input : Fist letter Should be capital and must contains minimum 3 characters :
Wrong Input : Fist letter Should be capital and must contains minimum 3 characters :
Wrong Input : Fist letter Should be capital and must contains minimum 3 characters :
Wrong Input : Fist letter Should be capital and must contains minimum 3 characters :
Wrong Input : Fist letter Should be capital and must contains minimum 3 characters :
Wrong Input : Fist letter Should be capital and must contains minimum 3 characters :
Wrong Input : Fist letter Should be capital and must contains minimum 3 characters :
Wrong Input : Fist letter Should be capital and must contains minimum 3 characters :
Wrong Input : Fist letter Should be capital and must contains minimum 3 characters :
Wrong Input : Fist letter Should be capital and must contains minimum 3 characters :
Wrong Input : Fist letter Should be capital and must contains minimum 3 characters :
Wrong Input : Fist letter Should be capital and must contains minimum 3 characters :
Wrong Input : Fist letter Should be capital and must contains minimum 3 characters :
Wrong Input : Fist letter Should be capital and must contains minimum 3 characters :
Wrong Input : Fist letter Should be capital and must contains minimum 3 characters :
Wrong Input : Fist letter Should be capital and must contains minimum 3 characters :
Wrong Input : Fist letter Should be capital and must contains minimum 3 characters :
Wrong Input : Fist letter Should be capital and must contains minimum 3 characters :
Wrong Input : Fist letter Should be capital and must contains minimum 3 characters :
Wrong Input : Fist letter Should be capital and must contains minimum 3 characters :
Wrong Input : Fist letter Should be capital and must contains minimum 3 characters :
Wrong Input : Fist letter Should be capital and must contains minimum 3 characters :
Wrong Input : Fist letter Should be capital and must contains minimum 3 characters :
Wrong Input : Fist letter Should be capital and must contains minimum 3 characters :
Wrong Input : Fist letter Should be capital and must contains minimum 3 characters :
Wrong Input : Fist letter Should be capital and must contains minimum 3 characters :
Wrong Input : Fist letter Should be capital and must contains minimum 3 characters :
Wrong Input : Fist letter Should be capital and must contains minimum 3 characters :
Wrong Input : Fist letter Should be capital and must contains minimum 3 characters :
Wrong Input : Fist letter Should be capital and must contains minimum 3 characters :
Wrong Input : Fist letter Should be capital and must contains minimum 3 characters :
Wrong Input : Fist letter Should be capital and must contains minimum 3 characters :
Wrong Input : Fist letter Should be capital and must contains minimum 3 characters :
Wrong Input : Fist letter Should be capital and must contains minimum 3 characters :
Wrong Input : Fist letter Should be capital and must contains minimum 3 characters :
Wrong Input : Fist letter Should be capital and must contains minimum 3 characters :
Wrong Input : Fist letter Should be capital and must contains minimum 3 characters :
Wrong Input : Fist letter Should be capital and must contains minimum 3 characters :
Wrong Input : Fist letter Should be capital and must contains minimum 3 characters :
Wrong Input : Fist letter Should be capital and must contains minimum 3 characters :
Wrong Input : Fist letter Should be capital and must contains minimum 3 characters :
Wrong Input : Fist letter Should be capital and must contains minimum 3 characters :
Wrong Input : Fist letter Should be capital and must contains minimum 3 characters :
Wrong Input : Fist letter Should be capital and must contains minimum 3 characters :
Wrong Input : Fist letter Should be capital and must contains minimum 3 characters :
Wrong Input : Fist letter Should be capital and must contains minimum 3 characters :
Wrong Input : Fist letter Should be capital and must contains minimum 3 characters :
Wrong Input : Fist letter Should be capital and must contains minimum 3 characters :
Wrong Input : Fist letter Should be capital and must contains minimum 3 characters :
Wrong Input : Fist letter Should be capital and must contains minimum 3 characters :
Wrong Input : Fist letter Should be capital and must contains minimum 3 characters :
Wrong Input : Fist letter Should be capital and must contains minimum 3 characters :
Wrong Input : Fist letter Should be capital and must contains minimum 3 characters :
Wrong Input : Fist letter Should be capital and must contains minimum 3 characters :
Wrong Input : Fist letter Should be capital and must contains minimum 3 characters :
Wrong Input : Fist letter Should be capital and must contains minimum 3 characters :
Wrong Input : Fist letter Should be capital and must contains minimum 3 characters :
Wrong Input : Fist letter Should be capital and must contains minimum 3 characters :
Wrong Input : Fist letter Should be capital and must contains minimum 3 characters :
Wrong Input : Fist letter Should be capital and must contains minimum 3 characters :
Wrong Input : Fist letter Should be capital and must contains minimum 3 characters :
Wrong Input : Fist letter Should be capital and must contains minimum 3 characters :
Wrong Input : Fist letter Should be capital and must contains minimum 3 characters :
Wrong Input : Fist letter Should be capital and must contains minimum 3 characters :
Wrong Input : Fist letter Should be capital and must contains minimum 3 characters :
Wrong Input : Fist letter Should be capital and must contains minimum 3 characters :
Wrong Input : Fist letter Should be capital and must contains minimum 3 characters :
Wrong Input : Fist letter Should be capital and must contains minimum 3 characters :
Wrong Input : Fist letter Should be capital and must contains minimum 3 characters :
Wrong Input : Fist letter Should be capital and must contains minimum 3 characters :
Wrong Input : Fist letter Should be capital and must contains minimum 3 characters :
Wrong Input : Fist letter Should be capital and must contains minimum 3 characters :
Wrong Input : Fist letter Should be capital and must contains minimum 3 characters :
Wrong Input : Fist letter Should be capital and must contains minimum 3 characters :
Wrong Input : Fist letter Should be capital and must contains minimum 3 characters :
Wrong Input : Fist letter Should be capital and must contains minimum 3 characters :
Wrong Input : Fist letter Should be capital and must contains minimum 3 characters :
Wrong Input : Fist letter Should be capital and must contains minimum 3 characters :
Wrong Input : Fist letter Should be capital and must contains minimum 3 characters :
Wrong Input : Fist letter Should be capital and must contains minimum 3 characters :
Wrong Input : Fist letter Should be capital and must contains minimum 3 characters :
Wrong Input : Fist letter Should be capital and must contains minimum 3 characters :
Wrong Input : Fist letter Should be capital and must contains minimum 3 characters :
Wrong Input : Fist letter Should be capital and must contains minimum 3 characters :
Wrong Input : Fist letter Should be capital and must contains minimum 3 characters :
Wrong Input : Fist letter Should be capital and must contains minimum 3 characters :
Wrong Input : Fist letter Should be capital and must contains minimum 3 characters :
Wrong Input : Fist letter Should be capital and must contains minimum 3 characters :
Wrong Input : Fist letter Should be capital and must contains minimum 3 characters :
Wrong Input : Fist letter Should be capital and must contains minimum 3 characters :
Wrong Input : Fist letter Should be capital and must contains minimum 3 characters :
Wrong Input : Fist letter Should be capital and must contains minimum 3 characters :
Wrong Input : Fist letter Should be capital and must contains minimum 3 characters :
Wrong Input : Fist letter Should be capital and must contains minimum 3 characters :
Wrong Input : Fist letter Should be capital and must contains minimum 3 characters :
Wrong Input : Fist letter Should be capital and must contains minimum 3 characters :
Wrong Input : Fist letter Should be capital and must contains minimum 3 characters :
Wrong Input : Fist letter Should be capital and must contains minimum 3 characters :
Wrong Input : Fist letter Should be capital and must contains minimum 3 characters :
Wrong Input : Fist letter Should be capital and must contains minimum 3 characters :
Wrong Input : Fist letter Should be capital and must contains minimum 3 characters :
Wrong Input : Fist letter Should be capital and must contains minimum 3 characters :
Wrong Input : Fist letter Should be capital and must contains minimum 3 characters :
Wrong Input : Fist letter Should be capital and must contains minimum 3 characters :
Wrong Input : Fist letter Should be capital and must contains minimum 3 characters :
Wrong Input : Fist letter Should be capital and must contains minimum 3 characters :
Wrong Input : Fist letter Should be capital and must contains minimum 3 characters :
Wrong Input : Fist letter Should be capital and must contains minimum 3 characters :
Wrong Input : Fist letter Should be capital and must contains minimum 3 characters :
Wrong Input : Fist letter Should be capital and must contains minimum 3 characters :
Wrong Input : Fist letter Should be capital and must contains minimum 3 characters :
Wrong Input : Fist letter Should be capital and must contains minimum 3 characters :
Wrong Input : Fist letter Should be capital and must contains minimum 3 characters :
Wrong Input : Fist letter Should be capital and must contains minimum 3 characters :
Wrong Input : Fist letter Should be capital and must contains minimum 3 characters :
Wrong Input : Fist letter Should be capital and must contains minimum 3 characters :
Wrong Input : Fist letter Should be capital and must contains minimum 3 characters :
Wrong Input : Fist letter Should be capital and must contains minimum 3 characters :
Wrong Input : Fist letter Should be capital and must contains minimum 3 characters :
Wrong Input : Fist letter Should be capital and must contains minimum 3 characters :
Wrong Input : Fist letter Should be capital and must contains minimum 3 characters :
Wrong Input : Fist letter Should be capital and must contains minimum 3 characters :
Wrong Input : Fist letter Should be capital and must contains minimum 3 characters :
Wrong Input : Fist letter Should be capital and must contains minimum 3 characters :
Wrong Input : Fist letter Should be capital and must contains minimum 3 characters :
Wrong Input : Fist letter Should be capital and must contains minimum 3 characters :
Wrong Input : Fist letter Should be capital and must contains minimum 3 characters :
Wrong Input : Fist letter Should be capital and must contains minimum 3 characters :
Wrong Input : Fist letter Should be capital and must contains minimum 3 characters :
Wrong Input : Fist letter Should be capital and must contains minimum 3 characters :
Wrong Input : Fist letter Should be capital and must contains minimum 3 characters :
Wrong Input : Fist letter Should be capital and must contains minimum 3 characters :
Wrong Input : Fist letter Should be capital and must contains minimum 3 characters :
Wrong Input : Fist letter Should be capital and must contains minimum 3 characters :
Wrong Input : Fist letter Should be capital and must contains minimum 3 characters :
Wrong Input : Fist letter Should be capital and must contains minimum 3 characters :
Wrong Input : Fist letter Should be capital and must contains minimum 3 characters :
Wrong Input : Fist letter Should be capital and must contains minimum 3 characters :
Wrong Input : Fist letter Should be capital and must contains minimum 3 characters :
Wrong Input : Fist letter Should be capital and must contains minimum 3 characters :
Wrong Input : Fist letter Should be capital and must contains minimum 3 characters :
Wrong Input : Fist letter Should be capital and must contains minimum 3 characters :
Wrong Input : Fist letter Should be capital and must contains minimum 3 characters :
Wrong Input : Fist letter Should be capital and must contains minimum 3 characters :
Wrong Input : Fist letter Should be capital and must contains minimum 3 characters :
Wrong Input : Fist letter Should be capital and must contains minimum 3 characters :
Wrong Input : Fist letter Should be capital and must contains minimum 3 characters :
Wrong Input : Fist letter Should be capital and must contains minimum 3 characters :
Wrong Input : Fist letter Should be capital and must contains minimum 3 characters :
Wrong Input : Fist letter Should be capital and must contains minimum 3 characters :
Wrong Input : Fist letter Should be capital and must contains minimum 3 characters :
Wrong Input : Fist letter Should be capital and must contains minimum 3 characters :
Wrong Input : Fist letter Should be capital and must contains minimum 3 characters :
Wrong Input : Fist letter Should be capital and must contains minimum 3 characters :
Wrong Input : Fist letter Should be capital and must contains minimum 3 characters :
Wrong Input : Fist letter Should be capital and must contains minimum 3 characters :
Wrong Input : Fist letter Should be capital and must contains minimum 3 characters :
Wrong Input : Fist letter Should be capital and must contains minimum 3 characters :
Wrong Input : Fist letter Should be capital and must contains minimum 3 characters :
Wrong Input : Fist letter Should be capital and must contains minimum 3 characters :
Wrong Input : Fist letter Should be capital and must contains minimum 3 characters :
Wrong Input : Fist letter Should be capital and must contains minimum 3 characters :
Wrong Input : Fist letter Should be capital and must contains minimum 3 characters :
Wrong Input : Fist letter Should be capital and must contains minimum 3 characters :
Wrong Input : Fist letter Should be capital and must contains minimum 3 characters :
Wrong Input : Fist letter Should be capital and must contains minimum 3 characters :
Wrong Input : Fist letter Should be capital and must contains minimum 3 characters :
Wrong Input : Fist letter Should be capital and must contains minimum 3 characters :
Wrong Input : Fist letter Should be capital and must contains minimum 3 characters :
Wrong Input : Fist letter Should be capital and must contains minimum 3 characters :
Wrong Input : Fist letter Should be capital and must contains minimum 3 characters :
Wrong Input : Fist letter Should be capital and must contains minimum 3 characters :
Wrong Input : Fist letter Should be capital and must contains minimum 3 characters :
Wrong Input : Fist letter Should be capital and must contains minimum 3 characters :
Wrong Input : Fist letter Should be capital and must contains minimum 3 characters :
Wrong Input : Fist letter Should be capital and must contains minimum 3 characters :
Wrong Input : Fist letter Should be capital and must contains minimum 3 characters :
Wrong Input : Fist letter Should be capital and must contains minimum 3 characters :
Wrong Input : Fist letter Should be capital and must contains minimum 3 characters :
Wrong Input : Fist letter Should be capital and must contains minimum 3 characters :
Wrong Input : Fist letter Should be capital and must contains minimum 3 characters :
Wrong Input : Fist letter Should be capital and must contains minimum 3 characters :
Wrong Input : Fist letter Should be capital and must contains minimum 3 characters :
Wrong Input : Fist letter Should be capital and must contains minimum 3 characters :
Wrong Input : Fist letter Should be capital and must contains minimum 3 characters :
Wrong Input : Fist letter Should be capital and must contains minimum 3 characters :
Wrong Input : Fist letter Should be capital and must contains minimum 3 characters :
Wrong Input : Fist letter Should be capital and must contains minimum 3 characters :
Wrong Input : Fist letter Should be capital and must contains minimum 3 characters :
Wrong Input : Fist letter Should be capital and must contains minimum 3 characters :
Wrong Input : Fist letter Should be capital and must contains minimum 3 characters :
Wrong Input : Fist letter Should be capital and must contains minimum 3 characters :
Wrong Input : Fist letter Should be capital and must contains minimum 3 characters :
Wrong Input : Fist letter Should be capital and must contains minimum 3 characters :
Wrong Input : Fist letter Should be capital and must contains minimum 3 characters :
Wrong Input : Fist letter Should be capital and must contains minimum 3 characters :
Wrong Input : Fist letter Should be capital and must contains minimum 3 characters :
Wrong Input : Fist letter Should be capital and must contains minimum 3 characters :
Wrong Input : Fist letter Should be capital and must contains minimum 3 characters :
Wrong Input : Fist letter Should be capital and must contains minimum 3 characters :
Wrong Input : Fist letter Should be capital and must contains minimum 3 characters :
Wrong Input : Fist letter Should be capital and must contains minimum 3 characters :
Wrong Input : Fist letter Should be capital and must contains minimum 3 characters :
Wrong Input : Fist letter Should be capital and must contains minimum 3 characters :
Wrong Input : Fist letter Should be capital and must contains minimum 3 characters :
Wrong Input : Fist letter Should be capital and must contains minimum 3 characters :
Wrong Input : Fist letter Should be capital and must contains minimum 3 characters :
Wrong Input : Fist letter Should be capital and must contains minimum 3 characters :
Wrong Input : Fist letter Should be capital and must contains minimum 3 characters :
Wrong Input : Fist letter Should be capital and must contains minimum 3 characters :
Wrong Input : Fist letter Should be capital and must contains minimum 3 characters :
Wrong Input : Fist letter Should be capital and must contains minimum 3 characters :
Wrong Input : Fist letter Should be capital and must contains minimum 3 characters :
Wrong Input : Fist letter Should be capital and must contains minimum 3 characters :
Wrong Input : Fist letter Should be capital and must contains minimum 3 characters :
Wrong Input : Fist letter Should be capital and must contains minimum 3 characters :
Wrong Input : Fist letter Should be capital and must contains minimum 3 characters :
Wrong Input : Fist letter Should be capital and must contains minimum 3 characters :
Wrong Input : Fist letter Should be capital and must contains minimum 3 characters :
Wrong Input : Fist letter Should be capital and must contains minimum 3 characters :
Wrong Input : Fist letter Should be capital and must contains minimum 3 characters :
Wrong Input : Fist letter Should be capital and must contains minimum 3 characters :
Wrong Input : Fist letter Should be capital and must contains minimum 3 characters :
Wrong Input : Fist letter Should be capital and must contains minimum 3 characters :
Wrong Input : Fist letter Should be capital and must contains minimum 3 characters :
Wrong Input : Fist letter Should be capital and must contains minimum 3 characters :
Wrong Input : Fist letter Should be capital and must contains minimum 3 characters :
Wrong Input : Fist letter Should be capital and must contains minimum 3 characters :
Wrong Input : Fist letter Should be capital and must contains minimum 3 characters :
Wrong Input : Fist letter Should be capital and must contains minimum 3 characters :
Wrong Input : Fist letter Should be capital and must contains minimum 3 characters :
Wrong Input : Fist letter Should be capital and must contains minimum 3 characters :
Wrong Input : Fist letter Should be capital and must contains minimum 3 characters :
Wrong Input : Fist letter Should be capital and must contains minimum 3 characters :
Wrong Input : Fist letter Should be capital and must contains minimum 3 characters :
Wrong Input : Fist letter Should be capital and must contains minimum 3 characters :
Wrong Input : Fist letter Should be capital and must contains minimum 3 characters :
Wrong Input : Fist letter Should be capital and must contains minimum 3 characters :
Wrong Input : Fist letter Should be capital and must contains minimum 3 characters :
Wrong Input : Fist letter Should be capital and must contains minimum 3 characters :
Wrong Input : Fist letter Should be capital and must contains minimum 3 characters :
Wrong Input : Fist letter Should be capital and must contains minimum 3 characters :
Wrong Input : Fist letter Should be capital and must contains minimum 3 characters :
Wrong Input : Fist letter Should be capital and must contains minimum 3 characters :
Wrong Input : Fist letter Should be capital and must contains minimum 3 characters :
Wrong Input : Fist letter Should be capital and must contains minimum 3 characters :
Wrong Input : Fist letter Should be capital and must contains minimum 3 characters :
Wrong Input : Fist letter Should be capital and must contains minimum 3 characters :
Wrong Input : Fist letter Should be capital and must contains minimum 3 characters :
Wrong Input : Fist letter Should be capital and must contains minimum 3 characters :
Wrong Input : Fist letter Should be capital and must contains minimum 3 characters :
Wrong Input : Fist letter Should be capital and must contains minimum 3 characters :
Wrong Input : Fist letter Should be capital and must contains minimum 3 characters :
Wrong Input : Fist letter Should be capital and must contains minimum 3 characters :
Wrong Input : Fist letter Should be capital and must contains minimum 3 characters :
Wrong Input : Fist letter Should be capital and must contains minimum 3 characters :
Wrong Input : Fist letter Should be capital and must contains minimum 3 characters :
Wrong Input : Fist letter Should be capital and must contains minimum 3 characters :
Wrong Input : Fist letter Should be capital and must contains minimum 3 characters :
Wrong Input : Fist letter Should be capital and must contains minimum 3 characters :
Wrong Input : Fist letter Should be capital and must contains minimum 3 characters :
Wrong Input : Fist letter Should be capital and must contains minimum 3 characters :
Wrong Input : Fist letter Should be capital and must contains minimum 3 characters :
Wrong Input : Fist letter Should be capital and must contains minimum 3 characters :
Wrong Input : Fist letter Should be capital and must contains minimum 3 characters :
Wrong Input : Fist letter Should be capital and must contains minimum 3 characters :
Wrong Input : Fist letter Should be capital and must contains minimum 3 characters :
Wrong Input : Fist letter Should be capital and must contains minimum 3 characters :
Wrong Input : Fist letter Should be capital and must contains minimum 3 characters :
Wrong Input : Fist letter Should be capital and must contains minimum 3 characters :
Wrong Input : Fist letter Should be capital and must contains minimum 3 characters :
Wrong Input : Fist letter Should be capital and must contains minimum 3 characters :
Wrong Input : Fist letter Should be capital and must contains minimum 3 characters :
Wrong Input : Fist letter Should be capital and must contains minimum 3 characters :
Wrong Input : Fist letter Should be capital and must contains minimum 3 characters :
Wrong Input : Fist letter Should be capital and must contains minimum 3 characters :
Wrong Input : Fist letter Should be capital and must contains minimum 3 characters :
Wrong Input : Fist letter Should be capital and must contains minimum 3 characters :
Wrong Input : Fist letter Should be capital and must contains minimum 3 characters :
Wrong Input : Fist letter Should be capital and must contains minimum 3 characters :
Wrong Input : Fist letter Should be capital and must contains minimum 3 characters :
Wrong Input : Fist letter Should be capital and must contains minimum 3 characters :
Wrong Input : Fist letter Should be capital and must contains minimum 3 characters :
Wrong Input : Fist letter Should be capital and must contains minimum 3 characters :
Wrong Input : Fist letter Should be capital and must contains minimum 3 characters :
Wrong Input : Fist letter Should be capital and must contains minimum 3 characters :
Wrong Input : Fist letter Should be capital and must contains minimum 3 characters :
Wrong Input : Fist letter Should be capital and must contains minimum 3 characters :
Wrong Input : Fist letter Should be capital and must contains minimum 3 characters :
Wrong Input : Fist letter Should be capital and must contains minimum 3 characters :
Wrong Input : Fist letter Should be capital and must contains minimum 3 characters :
Wrong Input : Fist letter Should be capital and must contains minimum 3 characters :
Wrong Input : Fist letter Should be capital and must contains minimum 3 characters :
Wrong Input : Fist letter Should be capital and must contains minimum 3 characters :
Wrong Input : Fist letter Should be capital and must contains minimum 3 characters :
Wrong Input : Fist letter Should be capital and must contains minimum 3 characters :
Wrong Input : Fist letter Should be capital and must contains minimum 3 characters :
Wrong Input : Fist letter Should be capital and must contains minimum 3 characters :
Wrong Input : Fist letter Should be capital and must contains minimum 3 characters :
Wrong Input : Fist letter Should be capital and must contains minimum 3 characters :
Wrong Input : Fist letter Should be capital and must contains minimum 3 characters :
Wrong Input : Fist letter Should be capital and must contains minimum 3 characters :
Wrong Input : Fist letter Should be capital and must contains minimum 3 characters :
Wrong Input : Fist letter Should be capital and must contains minimum 3 characters :
Wrong Input : Fist letter Should be capital and must contains minimum 3 characters :
Wrong Input : Fist letter Should be capital and must contains minimum 3 characters :
Wrong Input : Fist letter Should be capital and must contains minimum 3 characters :
Wrong Input : Fist letter Should be capital and must contains minimum 3 characters :
Wrong Input : Fist letter Should be capital and must contains minimum 3 characters :
Wrong Input : Fist letter Should be capital and must contains minimum 3 characters :
Wrong Input : Fist letter Should be capital and must contains minimum 3 characters :
Wrong Input : Fist letter Should be capital and must contains minimum 3 characters :
Wrong Input : Fist letter Should be capital and must contains minimum 3 characters :
Wrong Input : Fist letter Should be capital and must contains minimum 3 characters :
Wrong Input : Fist letter Should be capital and must contains minimum 3 characters :
Wrong Input : Fist letter Should be capital and must contains minimum 3 characters :
Wrong Input : Fist letter Should be capital and must contains minimum 3 characters :
Wrong Input : Fist letter Should be capital and must contains minimum 3 characters :
Wrong Input : Fist letter Should be capital and must contains minimum 3 characters :
Wrong Input : Fist letter Should be capital and must contains minimum 3 characters :
Wrong Input : Fist letter Should be capital and must contains minimum 3 characters :
Wrong Input : Fist letter Should be capital and must contains minimum 3 characters :
Wrong Input : Fist letter Should be capital and must contains minimum 3 characters :
Wrong Input : Fist letter Should be capital and must contains minimum 3 characters :
Wrong Input : Fist letter Should be capital and must contains minimum 3 characters :
Wrong Input : Fist letter Should be capital and must contains minimum 3 characters :
Wrong Input : Fist letter Should be capital and must contains minimum 3 characters :
Wrong Input : Fist letter Should be capital and must contains minimum 3 characters :
Wrong Input : Fist letter Should be capital and must contains minimum 3 characters :
Wrong Input : Fist letter Should be capital and must contains minimum 3 characters :
Wrong Input : Fist letter Should be capital and must contains minimum 3 characters :
Wrong Input : Fist letter Should be capital and must contains minimum 3 characters :
Wrong Input : Fist letter Should be capital and must contains minimum 3 characters :
Wrong Input : Fist letter Should be capital and must contains minimum 3 characters :
Wrong Input : Fist letter Should be capital and must contains minimum 3 characters :
Wrong Input : Fist letter Should be capital and must contains minimum 3 characters :
Wrong Input : Fist letter Should be capital and must contains minimum 3 characters :
Wrong Input : Fist letter Should be capital and must contains minimum 3 characters :
Wrong Input : Fist letter Should be capital and must contains minimum 3 characters :
Wrong Input : Fist letter Should be capital and must contains minimum 3 characters :
Wrong Input : Fist letter Should be capital and must contains minimum 3 characters :
Wrong Input : Fist letter Should be capital and must contains minimum 3 characters :
Wrong Input : Fist letter Should be capital and must contains minimum 3 characters :
Wrong Input : Fist letter Should be capital and must contains minimum 3 characters :
Wrong Input : Fist letter Should be capital and must contains minimum 3 characters :
Wrong Input : Fist letter Should be capital and must contains minimum 3 characters :
Wrong Input : Fist letter Should be capital and must contains minimum 3 characters :
Wrong Input : Fist letter Should be capital and must contains minimum 3 characters :
Wrong Input : Fist letter Should be capital and must contains minimum 3 characters :
Wrong Input : Fist letter Should be capital and must contains minimum 3 characters :
Wrong Input : Fist letter Should be capital and must contains minimum 3 characters :
Wrong Input : Fist letter Should be capital and must contains minimum 3 characters :
Wrong Input : Fist letter Should be capital and must contains minimum 3 characters :
Wrong Input : Fist letter Should be capital and must contains minimum 3 characters :
Wrong Input : Fist letter Should be capital and must contains minimum 3 characters :
Wrong Input : Fist letter Should be capital and must contains minimum 3 characters :
Wrong Input : Fist letter Should be capital and must contains minimum 3 characters :
Wrong Input : Fist letter Should be capital and must contains minimum 3 characters :
Wrong Input : Fist letter Should be capital and must contains minimum 3 characters :
Wrong Input : Fist letter Should be capital and must contains minimum 3 characters :
Wrong Input : Fist letter Should be capital and must contains minimum 3 characters :
Wrong Input : Fist letter Should be capital and must contains minimum 3 characters :
Wrong Input : Fist letter Should be capital and must contains minimum 3 characters :
Wrong Input : Fist letter Should be capital and must contains minimum 3 characters :
Wrong Input : Fist letter Should be capital and must contains minimum 3 characters :
Wrong Input : Fist letter Should be capital and must contains minimum 3 characters :
Wrong Input : Fist letter Should be capital and must contains minimum 3 characters :
Wrong Input : Fist letter Should be capital and must contains minimum 3 characters :
Wrong Input : Fist letter Should be capital and must contains minimum 3 characters :
Wrong Input : Fist letter Should be capital and must contains minimum 3 characters :
Wrong Input : Fist letter Should be capital and must contains minimum 3 characters :
Wrong Input : Fist letter Should be capital and must contains minimum 3 characters :
Wrong Input : Fist letter Should be capital and must contains minimum 3 characters :
Wrong Input : Fist letter Should be capital and must contains minimum 3 characters :
Wrong Input : Fist letter Should be capital and must contains minimum 3 characters :
Wrong Input : Fist letter Should be capital and must contains minimum 3 characters :
Wrong Input : Fist letter Should be capital and must contains minimum 3 characters :
Wrong Input : Fist letter Should be capital and must contains minimum 3 characters :
Wrong Input : Fist letter Should be capital and must contains minimum 3 characters :
Wrong Input : Fist letter Should be capital and must contains minimum 3 characters :
Wrong Input : Fist letter Should be capital and must contains minimum 3 characters :
Wrong Input : Fist letter Should be capital and must contains minimum 3 characters :
Wrong Input : Fist letter Should be capital and must contains minimum 3 characters :
Wrong Input : Fist letter Should be capital and must contains minimum 3 characters :
Wrong Input : Fist letter Should be capital and must contains minimum 3 characters :
Wrong Input : Fist letter Should be capital and must contains minimum 3 characters :
Wrong Input : Fist letter Should be capital and must contains minimum 3 characters :
Wrong Input : Fist letter Should be capital and must contains minimum 3 characters :
Wrong Input : Fist letter Should be capital and must contains minimum 3 characters :
Wrong Input : Fist letter Should be capital and must contains minimum 3 characters :
Wrong Input : Fist letter Should be capital and must contains minimum 3 characters :
Wrong Input : Fist letter Should be capital and must contains minimum 3 characters :
Wrong Input : Fist letter Should be capital and must contains minimum 3 characters :
Wrong Input : Fist letter Should be capital and must contains minimum 3 characters :
Wrong Input : Fist letter Should be capital and must contains minimum 3 characters :
Wrong Input : Fist letter Should be capital and must contains minimum 3 characters :
Wrong Input : Fist letter Should be capital and must contains minimum 3 characters :
Wrong Input : Fist letter Should be capital and must contains minimum 3 characters :
Wrong Input : Fist letter Should be capital and must contains minimum 3 characters :
Wrong Input : Fist letter Should be capital and must contains minimum 3 characters :
Wrong Input : Fist letter Should be capital and must contains minimum 3 characters :
Wrong Input : Fist letter Should be capital and must contains minimum 3 characters :
Wrong Input : Fist letter Should be capital and must contains minimum 3 characters :
Wrong Input : Fist letter Should be capital and must contains minimum 3 characters :
Wrong Input : Fist letter Should be capital and must contains minimum 3 characters :
Wrong Input : Fist letter Should be capital and must contains minimum 3 characters :
Wrong Input : Fist letter Should be capital and must contains minimum 3 characters :
Wrong Input : Fist letter Should be capital and must contains minimum 3 characters :
Wrong Input : Fist letter Should be capital and must contains minimum 3 characters :
Wrong Input : Fist letter Should be capital and must contains minimum 3 characters :
Wrong Input : Fist letter Should be capital and must contains minimum 3 characters :
Wrong Input : Fist letter Should be capital and must contains minimum 3 characters :
Wrong Input : Fist letter Should be capital and must contains minimum 3 characters :
Wrong Input : Fist letter Should be capital and must contains minimum 3 characters :
Wrong Input : Fist letter Should be capital and must contains minimum 3 characters :
Wrong Input : Fist letter Should be capital and must contains minimum 3 characters :
Wrong Input : Fist letter Should be capital and must contains minimum 3 characters :
Wrong Input : Fist letter Should be capital and must contains minimum 3 characters :
Wrong Input : Fist letter Should be capital and must contains minimum 3 characters :
Wrong Input : Fist letter Should be capital and must contains minimum 3 characters :
Wrong Input : Fist letter Should be capital and must contains minimum 3 characters :
Wrong Input : Fist letter Should be capital and must contains minimum 3 characters :
Wrong Input : Fist letter Should be capital and must contains minimum 3 characters :
Wrong Input : Fist letter Should be capital and must contains minimum 3 characters :
Wrong Input : Fist letter Should be capital and must contains minimum 3 characters :
Wrong Input : Fist letter Should be capital and must contains minimum 3 characters :
Wrong Input : Fist letter Should be capital and must contains minimum 3 characters :
Wrong Input : Fist letter Should be capital and must contains minimum 3 characters :
Wrong Input : Fist letter Should be capital and must contains minimum 3 characters :
Wrong Input : Fist letter Should be capital and must contains minimum 3 characters :
Wrong Input : Fist letter Should be capital and must contains minimum 3 characters :
Wrong Input : Fist letter Should be capital and must contains minimum 3 characters :
Wrong Input : Fist letter Should be capital and must contains minimum 3 characters :
Wrong Input : Fist letter Should be capital and must contains minimum 3 characters :
Wrong Input : Fist letter Should be capital and must contains minimum 3 characters :
Wrong Input : Fist letter Should be capital and must contains minimum 3 characters :
Wrong Input : Fist letter Should be capital and must contains minimum 3 characters :
Wrong Input : Fist letter Should be capital and must contains minimum 3 characters :
Wrong Input : Fist letter Should be capital and must contains minimum 3 characters :
Wrong Input : Fist letter Should be capital and must contains minimum 3 characters :
Wrong Input : Fist letter Should be capital and must contains minimum 3 characters :
Wrong Input : Fist letter Should be capital and must contains minimum 3 characters :
Wrong Input : Fist letter Should be capital and must contains minimum 3 characters :
Wrong Input : Fist letter Should be capital and must contains minimum 3 characters :
Wrong Input : Fist letter Should be capital and must contains minimum 3 characters :
Wrong Input : Fist letter Should be capital and must contains minimum 3 characters :
Wrong Input : Fist letter Should be capital and must contains minimum 3 characters :
Wrong Input : Fist letter Should be capital and must contains minimum 3 characters :
Wrong Input : Fist letter Should be capital and must contains minimum 3 characters :
Wrong Input : Fist letter Should be capital and must contains minimum 3 characters :
Wrong Input : Fist letter Should be capital and must contains minimum 3 characters :
Wrong Input : Fist letter Should be capital and must contains minimum 3 characters :
Wrong Input : Fist letter Should be capital and must contains minimum 3 characters :
Wrong Input : Fist letter Should be capital and must contains minimum 3 characters :
Wrong Input : Fist letter Should be capital and must contains minimum 3 characters :
Wrong Input : Fist letter Should be capital and must contains minimum 3 characters :
Wrong Input : Fist letter Should be capital and must contains minimum 3 characters :
Wrong Input : Fist letter Should be capital and must contains minimum 3 characters :
Wrong Input : Fist letter Should be capital and must contains minimum 3 characters :
Wrong Input : Fist letter Should be capital and must contains minimum 3 characters :
Wrong Input : Fist letter Should be capital and must contains minimum 3 characters :
Wrong Input : Fist letter Should be capital and must contains minimum 3 characters :
Wrong Input : Fist letter Should be capital and must contains minimum 3 characters :
Wrong Input : Fist letter Should be capital and must contains minimum 3 characters :
Wrong Input : Fist letter Should be capital and must contains minimum 3 characters :
Wrong Input : Fist letter Should be capital and must contains minimum 3 characters :
Wrong Input : Fist letter Should be capital and must contains minimum 3 characters :
Wrong Input : Fist letter Should be capital and must contains minimum 3 characters :
Wrong Input : Fist letter Should be capital and must contains minimum 3 characters :
Wrong Input : Fist letter Should be capital and must contains minimum 3 characters :
Wrong Input : Fist letter Should be capital and must contains minimum 3 characters :
Wrong Input : Fist letter Should be capital and must contains minimum 3 characters :
Wrong Input : Fist letter Should be capital and must contains minimum 3 characters :
Wrong Input : Fist letter Should be capital and must contains minimum 3 characters :
Wrong Input : Fist letter Should be capital and must contains minimum 3 characters :
Wrong Input : Fist letter Should be capital and must contains minimum 3 characters :
Wrong Input : Fist letter Should be capital and must contains minimum 3 characters :
Wrong Input : Fist letter Should be capital and must contains minimum 3 characters :
Wrong Input : Fist letter Should be capital and must contains minimum 3 characters :
Wrong Input : Fist letter Should be capital and must contains minimum 3 characters :
Wrong Input : Fist letter Should be capital and must contains minimum 3 characters :
Wrong Input : Fist letter Should be capital and must contains minimum 3 characters :
Wrong Input : Fist letter Should be capital and must contains minimum 3 characters :
Wrong Input : Fist letter Should be capital and must contains minimum 3 characters :
Wrong Input : Fist letter Should be capital and must contains minimum 3 characters :
Wrong Input : Fist letter Should be capital and must contains minimum 3 characters :
Wrong Input : Fist letter Should be capital and must contains minimum 3 characters :
Wrong Input : Fist letter Should be capital and must contains minimum 3 characters :
Wrong Input : Fist letter Should be capital and must contains minimum 3 characters :
Wrong Input : Fist letter Should be capital and must contains minimum 3 characters :
Wrong Input : Fist letter Should be capital and must contains minimum 3 characters :
Wrong Input : Fist letter Should be capital and must contains minimum 3 characters :
Wrong Input : Fist letter Should be capital and must contains minimum 3 characters :
Wrong Input : Fist letter Should be capital and must contains minimum 3 characters :
Wrong Input : Fist letter Should be capital and must contains minimum 3 characters :
Wrong Input : Fist letter Should be capital and must contains minimum 3 characters :
Wrong Input : Fist letter Should be capital and must contains minimum 3 characters :
Wrong Input : Fist letter Should be capital and must contains minimum 3 characters :
Wrong Input : Fist letter Should be capital and must contains minimum 3 characters :
Wrong Input : Fist letter Should be capital and must contains minimum 3 characters :
Wrong Input : Fist letter Should be capital and must contains minimum 3 characters :
Wrong Input : Fist letter Should be capital and must contains minimum 3 characters :
Wrong Input : Fist letter Should be capital and must contains minimum 3 characters :
Wrong Input : Fist letter Should be capital and must contains minimum 3 characters :
Wrong Input : Fist letter Should be capital and must contains minimum 3 characters :
Wrong Input : Fist letter Should be capital and must contains minimum 3 characters :
Wrong Input : Fist letter Should be capital and must contains minimum 3 characters :
Wrong Input : Fist letter Should be capital and must contains minimum 3 characters :
Wrong Input : Fist letter Should be capital and must contains minimum 3 characters :
Wrong Input : Fist letter Should be capital and must contains minimum 3 characters :
Wrong Input : Fist letter Should be capital and must contains minimum 3 characters :
Wrong Input : Fist letter Should be capital and must contains minimum 3 characters :
Wrong Input : Fist letter Should be capital and must contains minimum 3 characters :
Wrong Input : Fist letter Should be capital and must contains minimum 3 characters :
Wrong Input : Fist letter Should be capital and must contains minimum 3 characters :
Wrong Input : Fist letter Should be capital and must contains minimum 3 characters :
Wrong Input : Fist letter Should be capital and must contains minimum 3 characters :
Wrong Input : Fist letter Should be capital and must contains minimum 3 characters :
Wrong Input : Fist letter Should be capital and must contains minimum 3 characters :
Wrong Input : Fist letter Should be capital and must contains minimum 3 characters :
Wrong Input : Fist letter Should be capital and must contains minimum 3 characters :
Wrong Input : Fist letter Should be capital and must contains minimum 3 characters :
Wrong Input : Fist letter Should be capital and must contains minimum 3 characters :
Wrong Input : Fist letter Should be capital and must contains minimum 3 characters :
Wrong Input : Fist letter Should be capital and must contains minimum 3 characters :
Wrong Input : Fist letter Should be capital and must contains minimum 3 characters :
Wrong Input : Fist letter Should be capital and must contains minimum 3 characters :
Wrong Input : Fist letter Should be capital and must contains minimum 3 characters :
Wrong Input : Fist letter Should be capital and must contains minimum 3 characters :
Wrong Input : Fist letter Should be capital and must contains minimum 3 characters :
Wrong Input : Fist letter Should be capital and must contains minimum 3 characters :
Wrong Input : Fist letter Should be capital and must contains minimum 3 characters :
Wrong Input : Fist letter Should be capital and must contains minimum 3 characters :
Wrong Input : Fist letter Should be capital and must contains minimum 3 characters :
Wrong Input : Fist letter Should be capital and must contains minimum 3 characters :
Wrong Input : Fist letter Should be capital and must contains minimum 3 characters :
Wrong Input : Fist letter Should be capital and must contains minimum 3 characters :
Wrong Input : Fist letter Should be capital and must contains minimum 3 characters :
Wrong Input : Fist letter Should be capital and must contains minimum 3 characters :
Wrong Input : Fist letter Should be capital and must contains minimum 3 characters :
Wrong Input : Fist letter Should be capital and must contains minimum 3 characters :
Wrong Input : Fist letter Should be capital and must contains minimum 3 characters :
Wrong Input : Fist letter Should be capital and must contains minimum 3 characters :
Wrong Input : Fist letter Should be capital and must contains minimum 3 characters :
Wrong Input : Fist letter Should be capital and must contains minimum 3 characters :
Wrong Input : Fist letter Should be capital and must contains minimum 3 characters :
Wrong Input : Fist letter Should be capital and must contains minimum 3 characters :
Wrong Input : Fist letter Should be capital and must contains minimum 3 characters :
Wrong Input : Fist letter Should be capital and must contains minimum 3 characters :
Wrong Input : Fist letter Should be capital and must contains minimum 3 characters :
Wrong Input : Fist letter Should be capital and must contains minimum 3 characters :
Wrong Input : Fist letter Should be capital and must contains minimum 3 characters :
Wrong Input : Fist letter Should be capital and must contains minimum 3 characters :
Wrong Input : Fist letter Should be capital and must contains minimum 3 characters :
Wrong Input : Fist letter Should be capital and must contains minimum 3 characters :
Wrong Input : Fist letter Should be capital and must contains minimum 3 characters :
Wrong Input : Fist letter Should be capital and must contains minimum 3 characters :
Wrong Input : Fist letter Should be capital and must contains minimum 3 characters :
Wrong Input : Fist letter Should be capital and must contains minimum 3 characters :
Wrong Input : Fist letter Should be capital and must contains minimum 3 characters :
Wrong Input : Fist letter Should be capital and must contains minimum 3 characters :
Wrong Input : Fist letter Should be capital and must contains minimum 3 characters :
Wrong Input : Fist letter Should be capital and must contains minimum 3 characters :
Wrong Input : Fist letter Should be capital and must contains minimum 3 characters :
Wrong Input : Fist letter Should be capital and must contains minimum 3 characters :
Wrong Input : Fist letter Should be capital and must contains minimum 3 characters :
Wrong Input : Fist letter Should be capital and must contains minimum 3 characters :
Wrong Input : Fist letter Should be capital and must contains minimum 3 characters :
Wrong Input : Fist letter Should be capital and must contains minimum 3 characters :
Wrong Input : Fist letter Should be capital and must contains minimum 3 characters :
Wrong Input : Fist letter Should be capital and must contains minimum 3 characters :
Wrong Input : Fist letter Should be capital and must contains minimum 3 characters :
Wrong Input : Fist letter Should be capital and must contains minimum 3 characters :
Wrong Input : Fist letter Should be capital and must contains minimum 3 characters :
Wrong Input : Fist letter Should be capital and must contains minimum 3 characters :
Wrong Input : Fist letter Should be capital and must contains minimum 3 characters :
Wrong Input : Fist letter Should be capital and must contains minimum 3 characters :
Wrong Input : Fist letter Should be capital and must contains minimum 3 characters :
Wrong Input : Fist letter Should be capital and must contains minimum 3 characters :
Wrong Input : Fist letter Should be capital and must contains minimum 3 characters :
Wrong Input : Fist letter Should be capital and must contains minimum 3 characters :
Wrong Input : Fist letter Should be capital and must contains minimum 3 characters :
Wrong Input : Fist letter Should be capital and must contains minimum 3 characters :
Wrong Input : Fist letter Should be capital and must contains minimum 3 characters :
Wrong Input : Fist letter Should be capital and must contains minimum 3 characters :
Wrong Input : Fist letter Should be capital and must contains minimum 3 characters :
Wrong Input : Fist letter Should be capital and must contains minimum 3 characters :
Wrong Input : Fist letter Should be capital and must contains minimum 3 characters :
Wrong Input : Fist letter Should be capital and must contains minimum 3 characters :
Wrong Input : Fist letter Should be capital and must contains minimum 3 characters :
Wrong Input : Fist letter Should be capital and must contains minimum 3 characters :
Wrong Input : Fist letter Should be capital and must contains minimum 3 characters :
Wrong Input : Fist letter Should be capital and must contains minimum 3 characters :
Wrong Input : Fist letter Should be capital and must contains minimum 3 characters :
Wrong Input : Fist letter Should be capital and must contains minimum 3 characters :
Wrong Input : Fist letter Should be capital and must contains minimum 3 characters :
Wrong Input : Fist letter Should be capital and must contains minimum 3 characters :
Wrong Input : Fist letter Should be capital and must contains minimum 3 characters :
Wrong Input : Fist letter Should be capital and must contains minimum 3 characters :
Wrong Input : Fist letter Should be capital and must contains minimum 3 characters :
Wrong Input : Fist letter Should be capital and must contains minimum 3 characters :
Wrong Input : Fist letter Should be capital and must contains minimum 3 characters :
Wrong Input : Fist letter Should be capital and must contains minimum 3 characters :
Wrong Input : Fist letter Should be capital and must contains minimum 3 characters :
Wrong Input : Fist letter Should be capital and must contains minimum 3 characters :
Wrong Input : Fist letter Should be capital and must contains minimum 3 characters :
Wrong Input : Fist letter Should be capital and must contains minimum 3 characters :
Wrong Input : Fist letter Should be capital and must contains minimum 3 characters :
Wrong Input : Fist letter Should be capital and must contains minimum 3 characters :
Wrong Input : Fist letter Should be capital and must contains minimum 3 characters :
Wrong Input : Fist letter Should be capital and must contains minimum 3 characters :
Wrong Input : Fist letter Should be capital and must contains minimum 3 characters :
Wrong Input : Fist letter Should be capital and must contains minimum 3 characters :
Wrong Input : Fist letter Should be capital and must contains minimum 3 characters :
Wrong Input : Fist letter Should be capital and must contains minimum 3 characters :
Wrong Input : Fist letter Should be capital and must contains minimum 3 characters :
Wrong Input : Fist letter Should be capital and must contains minimum 3 characters :
Wrong Input : Fist letter Should be capital and must contains minimum 3 characters :
Wrong Input : Fist letter Should be capital and must contains minimum 3 characters :
Wrong Input : Fist letter Should be capital and must contains minimum 3 characters :
Wrong Input : Fist letter Should be capital and must contains minimum 3 characters :
Wrong Input : Fist letter Should be capital and must contains minimum 3 characters :
Wrong Input : Fist letter Should be capital and must contains minimum 3 characters :
Wrong Input : Fist letter Should be capital and must contains minimum 3 characters :
Wrong Input : Fist letter Should be capital and must contains minimum 3 characters :
Wrong Input : Fist letter Should be capital and must contains minimum 3 characters :
Wrong Input : Fist letter Should be capital and must contains minimum 3 characters :
Wrong Input : Fist letter Should be capital and must contains minimum 3 characters :
Wrong Input : Fist letter Should be capital and must contains minimum 3 characters :
Wrong Input : Fist letter Should be capital and must contains minimum 3 characters :
Wrong Input : Fist letter Should be capital and must contains minimum 3 characters :
Wrong Input : Fist letter Should be capital and must contains minimum 3 characters :
Wrong Input : Fist letter Should be capital and must contains minimum 3 characters :
Wrong Input : Fist letter Should be capital and must contains minimum 3 characters :
Wrong Input : Fist letter Should be capital and must contains minimum 3 characters :
Wrong Input : Fist letter Should be capital and must contains minimum 3 characters :
Wrong Input : Fist letter Should be capital and must contains minimum 3 characters :
Wrong Input : Fist letter Should be capital and must contains minimum 3 characters :
Wrong Input : Fist letter Should be capital and must contains minimum 3 characters :
Wrong Input : Fist letter Should be capital and must contains minimum 3 characters :
Wrong Input : Fist letter Should be capital and must contains minimum 3 characters :
Wrong Input : Fist letter Should be capital and must contains minimum 3 characters :
Wrong Input : Fist letter Should be capital and must contains minimum 3 characters :
Wrong Input : Fist letter Should be capital and must contains minimum 3 characters :
Wrong Input : Fist letter Should be capital and must contains minimum 3 characters :
Wrong Input : Fist letter Should be capital and must contains minimum 3 characters :
Wrong Input : Fist letter Should be capital and must contains minimum 3 characters :
Wrong Input : Fist letter Should be capital and must contains minimum 3 characters :
Wrong Input : Fist letter Should be capital and must contains minimum 3 characters :
Wrong Input : Fist letter Should be capital and must contains minimum 3 characters :
Wrong Input : Fist letter Should be capital and must contains minimum 3 characters :
Wrong Input : Fist letter Should be capital and must contains minimum 3 characters :
Wrong Input : Fist letter Should be capital and must contains minimum 3 characters :
Wrong Input : Fist letter Should be capital and must contains minimum 3 characters :
Wrong Input : Fist letter Should be capital and must contains minimum 3 characters :
Wrong Input : Fist letter Should be capital and must contains minimum 3 characters :
Wrong Input : Fist letter Should be capital and must contains minimum 3 characters :
Wrong Input : Fist letter Should be capital and must contains minimum 3 characters :
Wrong Input : Fist letter Should be capital and must contains minimum 3 characters :
Wrong Input : Fist letter Should be capital and must contains minimum 3 characters :
Wrong Input : Fist letter Should be capital and must contains minimum 3 characters :
Wrong Input : Fist letter Should be capital and must contains minimum 3 characters :
Wrong Input : Fist letter Should be capital and must contains minimum 3 characters :
Wrong Input : Fist letter Should be capital and must contains minimum 3 characters :
Wrong Input : Fist letter Should be capital and must contains minimum 3 characters :
Wrong Input : Fist letter Should be capital and must contains minimum 3 characters :
Wrong Input : Fist letter Should be capital and must contains minimum 3 characters :
Wrong Input : Fist letter Should be capital and must contains minimum 3 characters :
Wrong Input : Fist letter Should be capital and must contains minimum 3 characters :
Wrong Input : Fist letter Should be capital and must contains minimum 3 characters :
Wrong Input : Fist letter Should be capital and must contains minimum 3 characters :
Wrong Input : Fist letter Should be capital and must contains minimum 3 characters :
Wrong Input : Fist letter Should be capital and must contains minimum 3 characters :
Wrong Input : Fist letter Should be capital and must contains minimum 3 characters :
Wrong Input : Fist letter Should be capital and must contains minimum 3 characters :
Wrong Input : Fist letter Should be capital and must contains minimum 3 characters :
Wrong Input : Fist letter Should be capital and must contains minimum 3 characters :
Wrong Input : Fist letter Should be capital and must contains minimum 3 characters :
Wrong Input : Fist letter Should be capital and must contains minimum 3 characters :
Wrong Input : Fist letter Should be capital and must contains minimum 3 characters :
Wrong Input : Fist letter Should be capital and must contains minimum 3 characters :
Wrong Input : Fist letter Should be capital and must contains minimum 3 characters :
Wrong Input : Fist letter Should be capital and must contains minimum 3 characters :
Wrong Input : Fist letter Should be capital and must contains minimum 3 characters :
Wrong Input : Fist letter Should be capital and must contains minimum 3 characters :
Wrong Input : Fist letter Should be capital and must contains minimum 3 characters :
Wrong Input : Fist letter Should be capital and must contains minimum 3 characters :
Wrong Input : Fist letter Should be capital and must contains minimum 3 characters :
Wrong Input : Fist letter Should be capital and must contains minimum 3 characters :
Wrong Input : Fist letter Should be capital and must contains minimum 3 characters :
Wrong Input : Fist letter Should be capital and must contains minimum 3 characters :
Wrong Input : Fist letter Should be capital and must contains minimum 3 characters :
Wrong Input : Fist letter Should be capital and must contains minimum 3 characters :
Wrong Input : Fist letter Should be capital and must contains minimum 3 characters :
Wrong Input : Fist letter Should be capital and must contains minimum 3 characters :
Wrong Input : Fist letter Should be capital and must contains minimum 3 characters :
Wrong Input : Fist letter Should be capital and must contains minimum 3 characters :
Wrong Input : Fist letter Should be capital and must contains minimum 3 characters :
Wrong Input : Fist letter Should be capital and must contains minimum 3 characters :
Wrong Input : Fist letter Should be capital and must contains minimum 3 characters :
Wrong Input : Fist letter Should be capital and must contains minimum 3 characters :
Wrong Input : Fist letter Should be capital and must contains minimum 3 characters :
Wrong Input : Fist letter Should be capital and must contains minimum 3 characters :
Wrong Input : Fist letter Should be capital and must contains minimum 3 characters :
Wrong Input : Fist letter Should be capital and must contains minimum 3 characters :
Wrong Input : Fist letter Should be capital and must contains minimum 3 characters :
Wrong Input : Fist letter Should be capital and must contains minimum 3 characters :
Wrong Input : Fist letter Should be capital and must contains minimum 3 characters :
Wrong Input : Fist letter Should be capital and must contains minimum 3 characters :
Wrong Input : Fist letter Should be capital and must contains minimum 3 characters :
Wrong Input : Fist letter Should be capital and must contains minimum 3 characters :
Wrong Input : Fist letter Should be capital and must contains minimum 3 characters :
Wrong Input : Fist letter Should be capital and must contains minimum 3 characters :
Wrong Input : Fist letter Should be capital and must contains minimum 3 characters :
Wrong Input : Fist letter Should be capital and must contains minimum 3 characters :
Wrong Input : Fist letter Should be capital and must contains minimum 3 characters :
Wrong Input : Fist letter Should be capital and must contains minimum 3 characters :
Wrong Input : Fist letter Should be capital and must contains minimum 3 characters :
Wrong Input : Fist letter Should be capital and must contains minimum 3 characters :
Wrong Input : Fist letter Should be capital and must contains minimum 3 characters :
Wrong Input : Fist letter Should be capital and must contains minimum 3 characters :
Wrong Input : Fist letter Should be capital and must contains minimum 3 characters :
Wrong Input : Fist letter Should be capital and must contains minimum 3 characters :
Wrong Input : Fist letter Should be capital and must contains minimum 3 characters :
Wrong Input : Fist letter Should be capital and must contains minimum 3 characters :
Wrong Input : Fist letter Should be capital and must contains minimum 3 characters :
Wrong Input : Fist letter Should be capital and must contains minimum 3 characters :
Wrong Input : Fist letter Should be capital and must contains minimum 3 characters :
Wrong Input : Fist letter Should be capital and must contains minimum 3 characters :
Wrong Input : Fist letter Should be capital and must contains minimum 3 characters :
Wrong Input : Fist letter Should be capital and must contains minimum 3 characters :
Wrong Input : Fist letter Should be capital and must contains minimum 3 characters :
Wrong Input : Fist letter Should be capital and must contains minimum 3 characters :
Wrong Input : Fist letter Should be capital and must contains minimum 3 characters :
Wrong Input : Fist letter Should be capital and must contains minimum 3 characters :
Wrong Input : Fist letter Should be capital and must contains minimum 3 characters :
Wrong Input : Fist letter Should be capital and must contains minimum 3 characters :
Wrong Input : Fist letter Should be capital and must contains minimum 3 characters :
Wrong Input : Fist letter Should be capital and must contains minimum 3 characters :
Wrong Input : Fist letter Should be capital and must contains minimum 3 characters :
Wrong Input : Fist letter Should be capital and must contains minimum 3 characters :
Wrong Input : Fist letter Should be capital and must contains minimum 3 characters :
Wrong Input : Fist letter Should be capital and must contains minimum 3 characters :
Wrong Input : Fist letter Should be capital and must contains minimum 3 characters :
Wrong Input : Fist letter Should be capital and must contains minimum 3 characters :
Wrong Input : Fist letter Should be capital and must contains minimum 3 characters :
Wrong Input : Fist letter Should be capital and must contains minimum 3 characters :
Wrong Input : Fist letter Should be capital and must contains minimum 3 characters :
Wrong Input : Fist letter Should be capital and must contains minimum 3 characters :
Wrong Input : Fist letter Should be capital and must contains minimum 3 characters :
Wrong Input : Fist letter Should be capital and must contains minimum 3 characters :
Wrong Input : Fist letter Should be capital and must contains minimum 3 characters :
Wrong Input : Fist letter Should be capital and must contains minimum 3 characters :
Wrong Input : Fist letter Should be capital and must contains minimum 3 characters :
Wrong Input : Fist letter Should be capital and must contains minimum 3 characters :
Wrong Input : Fist letter Should be capital and must contains minimum 3 characters :
Wrong Input : Fist letter Should be capital and must contains minimum 3 characters :
Wrong Input : Fist letter Should be capital and must contains minimum 3 characters :
Wrong Input : Fist letter Should be capital and must contains minimum 3 characters :
Wrong Input : Fist letter Should be capital and must contains minimum 3 characters :
Wrong Input : Fist letter Should be capital and must contains minimum 3 characters :
Wrong Input : Fist letter Should be capital and must contains minimum 3 characters :
Wrong Input : Fist letter Should be capital and must contains minimum 3 characters :
Wrong Input : Fist letter Should be capital and must contains minimum 3 characters :
Wrong Input : Fist letter Should be capital and must contains minimum 3 characters :
Wrong Input : Fist letter Should be capital and must contains minimum 3 characters :
Wrong Input : Fist letter Should be capital and must contains minimum 3 characters :
Wrong Input : Fist letter Should be capital and must contains minimum 3 characters :
Wrong Input : Fist letter Should be capital and must contains minimum 3 characters :
Wrong Input : Fist letter Should be capital and must contains minimum 3 characters :
Wrong Input : Fist letter Should be capital and must contains minimum 3 characters :
Wrong Input : Fist letter Should be capital and must contains minimum 3 characters :
Wrong Input : Fist letter Should be capital and must contains minimum 3 characters :
Wrong Input : Fist letter Should be capital and must contains minimum 3 characters :
Wrong Input : Fist letter Should be capital and must contains minimum 3 characters :
Wrong Input : Fist letter Should be capital and must contains minimum 3 characters :
Wrong Input : Fist letter Should be capital and must contains minimum 3 characters :
Wrong Input : Fist letter Should be capital and must contains minimum 3 characters :
Wrong Input : Fist letter Should be capital and must contains minimum 3 characters :
Wrong Input : Fist letter Should be capital and must contains minimum 3 characters :
Wrong Input : Fist letter Should be capital and must contains minimum 3 characters :
Wrong Input : Fist letter Should be capital and must contains minimum 3 characters :
Wrong Input : Fist letter Should be capital and must contains minimum 3 characters :
Wrong Input : Fist letter Should be capital and must contains minimum 3 characters :
Wrong Input : Fist letter Should be capital and must contains minimum 3 characters :
Wrong Input : Fist letter Should be capital and must contains minimum 3 characters :
Wrong Input : Fist letter Should be capital and must contains minimum 3 characters :
Wrong Input : Fist letter Should be capital and must contains minimum 3 characters :
Wrong Input : Fist letter Should be capital and must contains minimum 3 characters :
Wrong Input : Fist letter Should be capital and must contains minimum 3 characters :
Wrong Input : Fist letter Should be capital and must contains minimum 3 characters :
Wrong Input : Fist letter Should be capital and must contains minimum 3 characters :
Wrong Input : Fist letter Should be capital and must contains minimum 3 characters :
Wrong Input : Fist letter Should be capital and must contains minimum 3 characters :
Wrong Input : Fist letter Should be capital and must contains minimum 3 characters :
Wrong Input : Fist letter Should be capital and must contains minimum 3 characters :
Wrong Input : Fist letter Should be capital and must contains minimum 3 characters :
Wrong Input : Fist letter Should be capital and must contains minimum 3 characters :
Wrong Input : Fist letter Should be capital and must contains minimum 3 characters :
Wrong Input : Fist letter Should be capital and must contains minimum 3 characters :
Wrong Input : Fist letter Should be capital and must contains minimum 3 characters :
Wrong Input : Fist letter Should be capital and must contains minimum 3 characters :
Wrong Input : Fist letter Should be capital and must contains minimum 3 characters :
Wrong Input : Fist letter Should be capital and must contains minimum 3 characters :
Wrong Input : Fist letter Should be capital and must contains minimum 3 characters :
Wrong Input : Fist letter Should be capital and must contains minimum 3 characters :
Wrong Input : Fist letter Should be capital and must contains minimum 3 characters :
Wrong Input : Fist letter Should be capital and must contains minimum 3 characters :
Wrong Input : Fist letter Should be capital and must contains minimum 3 characters :
Wrong Input : Fist letter Should be capital and must contains minimum 3 characters :
Wrong Input : Fist letter Should be capital and must contains minimum 3 characters :
Wrong Input : Fist letter Should be capital and must contains minimum 3 characters :
Wrong Input : Fist letter Should be capital and must contains minimum 3 characters :
Wrong Input : Fist letter Should be capital and must contains minimum 3 characters :
Wrong Input : Fist letter Should be capital and must contains minimum 3 characters :
Wrong Input : Fist letter Should be capital and must contains minimum 3 characters :
Wrong Input : Fist letter Should be capital and must contains minimum 3 characters :
Wrong Input : Fist letter Should be capital and must contains minimum 3 characters :
Wrong Input : Fist letter Should be capital and must contains minimum 3 characters :
Wrong Input : Fist letter Should be capital and must contains minimum 3 characters :
Wrong Input : Fist letter Should be capital and must contains minimum 3 characters :
Wrong Input : Fist letter Should be capital and must contains minimum 3 characters :
Wrong Input : Fist letter Should be capital and must contains minimum 3 characters :
Wrong Input : Fist letter Should be capital and must contains minimum 3 characters :
Wrong Input : Fist letter Should be capital and must contains minimum 3 characters :
Wrong Input : Fist letter Should be capital and must contains minimum 3 characters :
Wrong Input : Fist letter Should be capital and must contains minimum 3 characters :
Wrong Input : Fist letter Should be capital and must contains minimum 3 characters :
Wrong Input : Fist letter Should be capital and must contains minimum 3 characters :
Wrong Input : Fist letter Should be capital and must contains minimum 3 characters :
Wrong Input : Fist letter Should be capital and must contains minimum 3 characters :
Wrong Input : Fist letter Should be capital and must contains minimum 3 characters :
Wrong Input : Fist letter Should be capital and must contains minimum 3 characters :
Wrong Input : Fist letter Should be capital and must contains minimum 3 characters :
Wrong Input : Fist letter Should be capital and must contains minimum 3 characters :
Wrong Input : Fist letter Should be capital and must contains minimum 3 characters :
Wrong Input : Fist letter Should be capital and must contains minimum 3 characters :
Wrong Input : Fist letter Should be capital and must contains minimum 3 characters :
Wrong Input : Fist letter Should be capital and must contains minimum 3 characters :
Wrong Input : Fist letter Should be capital and must contains minimum 3 characters :
Wrong Input : Fist letter Should be capital and must contains minimum 3 characters :
Wrong Input : Fist letter Should be capital and must contains minimum 3 characters :
Wrong Input : Fist letter Should be capital and must contains minimum 3 characters :
Wrong Input : Fist letter Should be capital and must contains minimum 3 characters :
Wrong Input : Fist letter Should be capital and must contains minimum 3 characters :
Wrong Input : Fist letter Should be capital and must contains minimum 3 characters :
Wrong Input : Fist letter Should be capital and must contains minimum 3 characters :
Wrong Input : Fist letter Should be capital and must contains minimum 3 characters :
Wrong Input : Fist letter Should be capital and must contains minimum 3 characters :
Wrong Input : Fist letter Should be capital and must contains minimum 3 characters :
Wrong Input : Fist letter Should be capital and must contains minimum 3 characters :
Wrong Input : Fist letter Should be capital and must contains minimum 3 characters :
Wrong Input : Fist letter Should be capital and must contains minimum 3 characters :
Wrong Input : Fist letter Should be capital and must contains minimum 3 characters :
Wrong Input : Fist letter Should be capital and must contains minimum 3 characters :
Wrong Input : Fist letter Should be capital and must contains minimum 3 characters :
Wrong Input : Fist letter Should be capital and must contains minimum 3 characters :
Wrong Input : Fist letter Should be capital and must contains minimum 3 characters :
Wrong Input : Fist letter Should be capital and must contains minimum 3 characters :
Wrong Input : Fist letter Should be capital and must contains minimum 3 characters :
Wrong Input : Fist letter Should be capital and must contains minimum 3 characters :
Wrong Input : Fist letter Should be capital and must contains minimum 3 characters :
Wrong Input : Fist letter Should be capital and must contains minimum 3 characters :
Wrong Input : Fist letter Should be capital and must contains minimum 3 characters :
Wrong Input : Fist letter Should be capital and must contains minimum 3 characters :
Wrong Input : Fist letter Should be capital and must contains minimum 3 characters :
Wrong Input : Fist letter Should be capital and must contains minimum 3 characters :
Wrong Input : Fist letter Should be capital and must contains minimum 3 characters :
Wrong Input : Fist letter Should be capital and must contains minimum 3 characters :
Wrong Input : Fist letter Should be capital and must contains minimum 3 characters :
Wrong Input : Fist letter Should be capital and must contains minimum 3 characters :
Wrong Input : Fist letter Should be capital and must contains minimum 3 characters :
Wrong Input : Fist letter Should be capital and must contains minimum 3 characters :
Wrong Input : Fist letter Should be capital and must contains minimum 3 characters :
Wrong Input : Fist letter Should be capital and must contains minimum 3 characters :
Wrong Input : Fist letter Should be capital and must contains minimum 3 characters :
Wrong Input : Fist letter Should be capital and must contains minimum 3 characters :
Wrong Input : Fist letter Should be capital and must contains minimum 3 characters :
Wrong Input : Fist letter Should be capital and must contains minimum 3 characters :
Wrong Input : Fist letter Should be capital and must contains minimum 3 characters :
Wrong Input : Fist letter Should be capital and must contains minimum 3 characters :
Wrong Input : Fist letter Should be capital and must contains minimum 3 characters :
Wrong Input : Fist letter Should be capital and must contains minimum 3 characters :
Wrong Input : Fist letter Should be capital and must contains minimum 3 characters :
Wrong Input : Fist letter Should be capital and must contains minimum 3 characters :
Wrong Input : Fist letter Should be capital and must contains minimum 3 characters :
Wrong Input : Fist letter Should be capital and must contains minimum 3 characters :
Wrong Input : Fist letter Should be capital and must contains minimum 3 characters :
Wrong Input : Fist letter Should be capital and must contains minimum 3 characters :
Wrong Input : Fist letter Should be capital and must contains minimum 3 characters :
Wrong Input : Fist letter Should be capital and must contains minimum 3 characters :
Wrong Input : Fist letter Should be capital and must contains minimum 3 characters :
Wrong Input : Fist letter Should be capital and must contains minimum 3 characters :
Wrong Input : Fist letter Should be capital and must contains minimum 3 characters :
Wrong Input : Fist letter Should be capital and must contains minimum 3 characters :
Wrong Input : Fist letter Should be capital and must contains minimum 3 characters :
Wrong Input : Fist letter Should be capital and must contains minimum 3 characters :
Wrong Input : Fist letter Should be capital and must contains minimum 3 characters :
Wrong Input : Fist letter Should be capital and must contains minimum 3 characters :
Wrong Input : Fist letter Should be capital and must contains minimum 3 characters :
Wrong Input : Fist letter Should be capital and must contains minimum 3 characters :
Wrong Input : Fist letter Should be capital and must contains minimum 3 characters :
Wrong Input : Fist letter Should be capital and must contains minimum 3 characters :
Wrong Input : Fist letter Should be capital and must contains minimum 3 characters :
Wrong Input : Fist letter Should be capital and must contains minimum 3 characters :
Wrong Input : Fist letter Should be capital and must contains minimum 3 characters :
Wrong Input : Fist letter Should be capital and must contains minimum 3 characters :
Wrong Input : Fist letter Should be capital and must contains minimum 3 characters :
Wrong Input : Fist letter Should be capital and must contains minimum 3 characters :
Wrong Input : Fist letter Should be capital and must contains minimum 3 characters :
Wrong Input : Fist letter Should be capital and must contains minimum 3 characters :
Wrong Input : Fist letter Should be capital and must contains minimum 3 characters :
Wrong Input : Fist letter Should be capital and must contains minimum 3 characters :
Wrong Input : Fist letter Should be capital and must contains minimum 3 characters :
Wrong Input : Fist letter Should be capital and must contains minimum 3 characters :
Wrong Input : Fist letter Should be capital and must contains minimum 3 characters :
Wrong Input : Fist letter Should be capital and must contains minimum 3 characters :
Wrong Input : Fist letter Should be capital and must contains minimum 3 characters :
Wrong Input : Fist letter Should be capital and must contains minimum 3 characters :
Wrong Input : Fist letter Should be capital and must contains minimum 3 characters :
Wrong Input : Fist letter Should be capital and must contains minimum 3 characters :
Wrong Input : Fist letter Should be capital and must contains minimum 3 characters :
Wrong Input : Fist letter Should be capital and must contains minimum 3 characters :
Wrong Input : Fist letter Should be capital and must contains minimum 3 characters :
Wrong Input : Fist letter Should be capital and must contains minimum 3 characters :
Wrong Input : Fist letter Should be capital and must contains minimum 3 characters :
Wrong Input : Fist letter Should be capital and must contains minimum 3 characters :
Wrong Input : Fist letter Should be capital and must contains minimum 3 characters :
Wrong Input : Fist letter Should be capital and must contains minimum 3 characters :
Wrong Input : Fist letter Should be capital and must contains minimum 3 characters :
Wrong Input : Fist letter Should be capital and must contains minimum 3 characters :
Wrong Input : Fist letter Should be capital and must contains minimum 3 characters :
Wrong Input : Fist letter Should be capital and must contains minimum 3 characters :
Wrong Input : Fist letter Should be capital and must contains minimum 3 characters :
Wrong Input : Fist letter Should be capital and must contains minimum 3 characters :
Wrong Input : Fist letter Should be capital and must contains minimum 3 characters :
Wrong Input : Fist letter Should be capital and must contains minimum 3 characters :
Wrong Input : Fist letter Should be capital and must contains minimum 3 characters :
Wrong Input : Fist letter Should be capital and must contains minimum 3 characters :
Wrong Input : Fist letter Should be capital and must contains minimum 3 characters :
Wrong Input : Fist letter Should be capital and must contains minimum 3 characters :
Wrong Input : Fist letter Should be capital and must contains minimum 3 characters :
Wrong Input : Fist letter Should be capital and must contains minimum 3 characters :
Wrong Input : Fist letter Should be capital and must contains minimum 3 characters :
Wrong Input : Fist letter Should be capital and must contains minimum 3 characters :
Wrong Input : Fist letter Should be capital and must contains minimum 3 characters :
Wrong Input : Fist letter Should be capital and must contains minimum 3 characters :
Wrong Input : Fist letter Should be capital and must contains minimum 3 characters :
Wrong Input : Fist letter Should be capital and must contains minimum 3 characters :
Wrong Input : Fist letter Should be capital and must contains minimum 3 characters :
Wrong Input : Fist letter Should be capital and must contains minimum 3 characters :
Wrong Input : Fist letter Should be capital and must contains minimum 3 characters :
Wrong Input : Fist letter Should be capital and must contains minimum 3 characters :
Wrong Input : Fist letter Should be capital and must contains minimum 3 characters :
Wrong Input : Fist letter Should be capital and must contains minimum 3 characters :
Wrong Input : Fist letter Should be capital and must contains minimum 3 characters :
Wrong Input : Fist letter Should be capital and must contains minimum 3 characters :
Wrong Input : Fist letter Should be capital and must contains minimum 3 characters :
Wrong Input : Fist letter Should be capital and must contains minimum 3 characters :
Wrong Input : Fist letter Should be capital and must contains minimum 3 characters :
Wrong Input : Fist letter Should be capital and must contains minimum 3 characters :
Wrong Input : Fist letter Should be capital and must contains minimum 3 characters :
Wrong Input : Fist letter Should be capital and must contains minimum 3 characters :
Wrong Input : Fist letter Should be capital and must contains minimum 3 characters :
Wrong Input : Fist letter Should be capital and must contains minimum 3 characters :
Wrong Input : Fist letter Should be capital and must contains minimum 3 characters :
Wrong Input : Fist letter Should be capital and must contains minimum 3 characters :
Wrong Input : Fist letter Should be capital and must contains minimum 3 characters :
Wrong Input : Fist letter Should be capital and must contains minimum 3 characters :
Wrong Input : Fist letter Should be capital and must contains minimum 3 characters :
Wrong Input : Fist letter Should be capital and must contains minimum 3 characters :
Wrong Input : Fist letter Should be capital and must contains minimum 3 characters :
Wrong Input : Fist letter Should be capital and must contains minimum 3 characters :
Wrong Input : Fist letter Should be capital and must contains minimum 3 characters :
Wrong Input : Fist letter Should be capital and must contains minimum 3 characters :
Wrong Input : Fist letter Should be capital and must contains minimum 3 characters :
Wrong Input : Fist letter Should be capital and must contains minimum 3 characters :
Wrong Input : Fist letter Should be capital and must contains minimum 3 characters :
Wrong Input : Fist letter Should be capital and must contains minimum 3 characters :
Wrong Input : Fist letter Should be capital and must contains minimum 3 characters :
Wrong Input : Fist letter Should be capital and must contains minimum 3 characters :
Wrong Input : Fist letter Should be capital and must contains minimum 3 characters :
Wrong Input : Fist letter Should be capital and must contains minimum 3 characters :
Wrong Input : Fist letter Should be capital and must contains minimum 3 characters :
Wrong Input : Fist letter Should be capital and must contains minimum 3 characters :
Wrong Input : Fist letter Should be capital and must contains minimum 3 characters :
Wrong Input : Fist letter Should be capital and must contains minimum 3 characters :
Wrong Input : Fist letter Should be capital and must contains minimum 3 characters :
Wrong Input : Fist letter Should be capital and must contains minimum 3 characters :
Wrong Input : Fist letter Should be capital and must contains minimum 3 characters :
Wrong Input : Fist letter Should be capital and must contains minimum 3 characters :
Wrong Input : Fist letter Should be capital and must contains minimum 3 characters :
Wrong Input : Fist letter Should be capital and must contains minimum 3 characters :
Wrong Input : Fist letter Should be capital and must contains minimum 3 characters :
Wrong Input : Fist letter Should be capital and must contains minimum 3 characters :
Wrong Input : Fist letter Should be capital and must contains minimum 3 characters :
Wrong Input : Fist letter Should be capital and must contains minimum 3 characters :
Wrong Input : Fist letter Should be capital and must contains minimum 3 characters :
Wrong Input : Fist letter Should be capital and must contains minimum 3 characters :
Wrong Input : Fist letter Should be capital and must contains minimum 3 characters :
Wrong Input : Fist letter Should be capital and must contains minimum 3 characters :
Wrong Input : Fist letter Should be capital and must contains minimum 3 characters :
Wrong Input : Fist letter Should be capital and must contains minimum 3 characters :
Wrong Input : Fist letter Should be capital and must contains minimum 3 characters :
Wrong Input : Fist letter Should be capital and must contains minimum 3 characters :
Wrong Input : Fist letter Should be capital and must contains minimum 3 characters :
Wrong Input : Fist letter Should be capital and must contains minimum 3 characters :
Wrong Input : Fist letter Should be capital and must contains minimum 3 characters :
Wrong Input : Fist letter Should be capital and must contains minimum 3 characters :
Wrong Input : Fist letter Should be capital and must contains minimum 3 characters :
Wrong Input : Fist letter Should be capital and must contains minimum 3 characters :
Wrong Input : Fist letter Should be capital and must contains minimum 3 characters :
Wrong Input : Fist letter Should be capital and must contains minimum 3 characters :
Wrong Input : Fist letter Should be capital and must contains minimum 3 characters :
Wrong Input : Fist letter Should be capital and must contains minimum 3 characters :
Wrong Input : Fist letter Should be capital and must contains minimum 3 characters :
Wrong Input : Fist letter Should be capital and must contains minimum 3 characters :
Wrong Input : Fist letter Should be capital and must contains minimum 3 characters :
Wrong Input : Fist letter Should be capital and must contains minimum 3 characters :
Wrong Input : Fist letter Should be capital and must contains minimum 3 characters :
Wrong Input : Fist letter Should be capital and must contains minimum 3 characters :
Wrong Input : Fist letter Should be capital and must contains minimum 3 characters :
Wrong Input : Fist letter Should be capital and must contains minimum 3 characters :
Wrong Input : Fist letter Should be capital and must contains minimum 3 characters :
Wrong Input : Fist letter Should be capital and must contains minimum 3 characters :
Wrong Input : Fist letter Should be capital and must contains minimum 3 characters :
Wrong Input : Fist letter Should be capital and must contains minimum 3 characters :
Wrong Input : Fist letter Should be capital and must contains minimum 3 characters :
Wrong Input : Fist letter Should be capital and must contains minimum 3 characters :
Wrong Input : Fist letter Should be capital and must contains minimum 3 characters :
Wrong Input : Fist letter Should be capital and must contains minimum 3 characters :
Wrong Input : Fist letter Should be capital and must contains minimum 3 characters :
Wrong Input : Fist letter Should be capital and must contains minimum 3 characters :
Wrong Input : Fist letter Should be capital and must contains minimum 3 characters :
Wrong Input : Fist letter Should be capital and must contains minimum 3 characters :
Wrong Input : Fist letter Should be capital and must contains minimum 3 characters :
Wrong Input : Fist letter Should be capital and must contains minimum 3 characters :
Wrong Input : Fist letter Should be capital and must contains minimum 3 characters :
Wrong Input : Fist letter Should be capital and must contains minimum 3 characters :
Wrong Input : Fist letter Should be capital and must contains minimum 3 characters :
Wrong Input : Fist letter Should be capital and must contains minimum 3 characters :
Wrong Input : Fist letter Should be capital and must contains minimum 3 characters :
Wrong Input : Fist letter Should be capital and must contains minimum 3 characters :
Wrong Input : Fist letter Should be capital and must contains minimum 3 characters :
Wrong Input : Fist letter Should be capital and must contains minimum 3 characters :
Wrong Input : Fist letter Should be capital and must contains minimum 3 characters :
Wrong Input : Fist letter Should be capital and must contains minimum 3 characters :
Wrong Input : Fist letter Should be capital and must contains minimum 3 characters :
Wrong Input : Fist letter Should be capital and must contains minimum 3 characters :
Wrong Input : Fist letter Should be capital and must contains minimum 3 characters :
Wrong Input : Fist letter Should be capital and must contains minimum 3 characters :
Wrong Input : Fist letter Should be capital and must contains minimum 3 characters :
Wrong Input : Fist letter Should be capital and must contains minimum 3 characters :
Wrong Input : Fist letter Should be capital and must contains minimum 3 characters :
Wrong Input : Fist letter Should be capital and must contains minimum 3 characters :
Wrong Input : Fist letter Should be capital and must contains minimum 3 characters :
Wrong Input : Fist letter Should be capital and must contains minimum 3 characters :
Wrong Input : Fist letter Should be capital and must contains minimum 3 characters :
Wrong Input : Fist letter Should be capital and must contains minimum 3 characters :
Wrong Input : Fist letter Should be capital and must contains minimum 3 characters :
Wrong Input : Fist letter Should be capital and must contains minimum 3 characters :
Wrong Input : Fist letter Should be capital and must contains minimum 3 characters :
Wrong Input : Fist letter Should be capital and must contains minimum 3 characters :
Wrong Input : Fist letter Should be capital and must contains minimum 3 characters :
Wrong Input : Fist letter Should be capital and must contains minimum 3 characters :
Wrong Input : Fist letter Should be capital and must contains minimum 3 characters :
Wrong Input : Fist letter Should be capital and must contains minimum 3 characters :
Wrong Input : Fist letter Should be capital and must contains minimum 3 characters :
Wrong Input : Fist letter Should be capital and must contains minimum 3 characters :
Wrong Input : Fist letter Should be capital and must contains minimum 3 characters :
Wrong Input : Fist letter Should be capital and must contains minimum 3 characters :
Wrong Input : Fist letter Should be capital and must contains minimum 3 characters :
Wrong Input : Fist letter Should be capital and must contains minimum 3 characters :
Wrong Input : Fist letter Should be capital and must contains minimum 3 characters :
Wrong Input : Fist letter Should be capital and must contains minimum 3 characters :
Wrong Input : Fist letter Should be capital and must contains minimum 3 characters :
Wrong Input : Fist letter Should be capital and must contains minimum 3 characters :
Wrong Input : Fist letter Should be capital and must contains minimum 3 characters :
Wrong Input : Fist letter Should be capital and must contains minimum 3 characters :
Wrong Input : Fist letter Should be capital and must contains minimum 3 characters :
Wrong Input : Fist letter Should be capital and must contains minimum 3 characters :
Wrong Input : Fist letter Should be capital and must contains minimum 3 characters :
Wrong Input : Fist letter Should be capital and must contains minimum 3 characters :
Wrong Input : Fist letter Should be capital and must contains minimum 3 characters :
Wrong Input : Fist letter Should be capital and must contains minimum 3 characters :
Wrong Input : Fist letter Should be capital and must contains minimum 3 characters :
Wrong Input : Fist letter Should be capital and must contains minimum 3 characters :
Wrong Input : Fist letter Should be capital and must contains minimum 3 characters :
Wrong Input : Fist letter Should be capital and must contains minimum 3 characters :
Wrong Input : Fist letter Should be capital and must contains minimum 3 characters :
Wrong Input : Fist letter Should be capital and must contains minimum 3 characters :
Wrong Input : Fist letter Should be capital and must contains minimum 3 characters :
Wrong Input : Fist letter Should be capital and must contains minimum 3 characters :
Wrong Input : Fist letter Should be capital and must contains minimum 3 characters :
Wrong Input : Fist letter Should be capital and must contains minimum 3 characters :
Wrong Input : Fist letter Should be capital and must contains minimum 3 characters :
Wrong Input : Fist letter Should be capital and must contains minimum 3 characters :
Wrong Input : Fist letter Should be capital and must contains minimum 3 characters :
Wrong Input : Fist letter Should be capital and must contains minimum 3 characters :
Wrong Input : Fist letter Should be capital and must contains minimum 3 characters :
Wrong Input : Fist letter Should be capital and must contains minimum 3 characters :
Wrong Input : Fist letter Should be capital and must contains minimum 3 characters :
Wrong Input : Fist letter Should be capital and must contains minimum 3 characters :
Wrong Input : Fist letter Should be capital and must contains minimum 3 characters :
Wrong Input : Fist letter Should be capital and must contains minimum 3 characters :
Wrong Input : Fist letter Should be capital and must contains minimum 3 characters :
Wrong Input : Fist letter Should be capital and must contains minimum 3 characters :
Wrong Input : Fist letter Should be capital and must contains minimum 3 characters :
Wrong Input : Fist letter Should be capital and must contains minimum 3 characters :
Wrong Input : Fist letter Should be capital and must contains minimum 3 characters :
Wrong Input : Fist letter Should be capital and must contains minimum 3 characters :
Wrong Input : Fist letter Should be capital and must contains minimum 3 characters :
Wrong Input : Fist letter Should be capital and must contains minimum 3 characters :
Wrong Input : Fist letter Should be capital and must contains minimum 3 characters :
Wrong Input : Fist letter Should be capital and must contains minimum 3 characters :
Wrong Input : Fist letter Should be capital and must contains minimum 3 characters :
Wrong Input : Fist letter Should be capital and must contains minimum 3 characters :
Wrong Input : Fist letter Should be capital and must contains minimum 3 characters :
Wrong Input : Fist letter Should be capital and must contains minimum 3 characters :
Wrong Input : Fist letter Should be capital and must contains minimum 3 characters :
Wrong Input : Fist letter Should be capital and must contains minimum 3 characters :
Wrong Input : Fist letter Should be capital and must contains minimum 3 characters :
Wrong Input : Fist letter Should be capital and must contains minimum 3 characters :
Wrong Input : Fist letter Should be capital and must contains minimum 3 characters :
Wrong Input : Fist letter Should be capital and must contains minimum 3 characters :
Wrong Input : Fist letter Should be capital and must contains minimum 3 characters :
Wrong Input : Fist letter Should be capital and must contains minimum 3 characters :
Wrong Input : Fist letter Should be capital and must contains minimum 3 characters :
Wrong Input : Fist letter Should be capital and must contains minimum 3 characters :
Wrong Input : Fist letter Should be capital and must contains minimum 3 characters :
Wrong Input : Fist letter Should be capital and must contains minimum 3 characters :
Wrong Input : Fist letter Should be capital and must contains minimum 3 characters :
Wrong Input : Fist letter Should be capital and must contains minimum 3 characters :
Wrong Input : Fist letter Should be capital and must contains minimum 3 characters :
Wrong Input : Fist letter Should be capital and must contains minimum 3 characters :
Wrong Input : Fist letter Should be capital and must contains minimum 3 characters :
Wrong Input : Fist letter Should be capital and must contains minimum 3 characters :
Wrong Input : Fist letter Should be capital and must contains minimum 3 characters :
Wrong Input : Fist letter Should be capital and must contains minimum 3 characters :
Wrong Input : Fist letter Should be capital and must contains minimum 3 characters :
Wrong Input : Fist letter Should be capital and must contains minimum 3 characters :
Wrong Input : Fist letter Should be capital and must contains minimum 3 characters :
Wrong Input : Fist letter Should be capital and must contains minimum 3 characters :
Wrong Input : Fist letter Should be capital and must contains minimum 3 characters :
Wrong Input : Fist letter Should be capital and must contains minimum 3 characters :
Wrong Input : Fist letter Should be capital and must contains minimum 3 characters :
Wrong Input : Fist letter Should be capital and must contains minimum 3 characters :
Wrong Input : Fist letter Should be capital and must contains minimum 3 characters :
Wrong Input : Fist letter Should be capital and must contains minimum 3 characters :
Wrong Input : Fist letter Should be capital and must contains minimum 3 characters :
Wrong Input : Fist letter Should be capital and must contains minimum 3 characters :
Wrong Input : Fist letter Should be capital and must contains minimum 3 characters :
Wrong Input : Fist letter Should be capital and must contains minimum 3 characters :
Wrong Input : Fist letter Should be capital and must contains minimum 3 characters :
Wrong Input : Fist letter Should be capital and must contains minimum 3 characters :
Wrong Input : Fist letter Should be capital and must contains minimum 3 characters :
Wrong Input : Fist letter Should be capital and must contains minimum 3 characters :
Wrong Input : Fist letter Should be capital and must contains minimum 3 characters :
Wrong Input : Fist letter Should be capital and must contains minimum 3 characters :
Wrong Input : Fist letter Should be capital and must contains minimum 3 characters :
Wrong Input : Fist letter Should be capital and must contains minimum 3 characters :
Wrong Input : Fist letter Should be capital and must contains minimum 3 characters :
Wrong Input : Fist letter Should be capital and must contains minimum 3 characters :
Wrong Input : Fist letter Should be capital and must contains minimum 3 characters :
Wrong Input : Fist letter Should be capital and must contains minimum 3 characters :
Wrong Input : Fist letter Should be capital and must contains minimum 3 characters :
Wrong Input : Fist letter Should be capital and must contains minimum 3 characters :
Wrong Input : Fist letter Should be capital and must contains minimum 3 characters :
Wrong Input : Fist letter Should be capital and must contains minimum 3 characters :
Wrong Input : Fist letter Should be capital and must contains minimum 3 characters :
Wrong Input : Fist letter Should be capital and must contains minimum 3 characters :
Wrong Input : Fist letter Should be capital and must contains minimum 3 characters :
Wrong Input : Fist letter Should be capital and must contains minimum 3 characters :
Wrong Input : Fist letter Should be capital and must contains minimum 3 characters :
Wrong Input : Fist letter Should be capital and must contains minimum 3 characters :
Wrong Input : Fist letter Should be capital and must contains minimum 3 characters :
Wrong Input : Fist letter Should be capital and must contains minimum 3 characters :
Wrong Input : Fist letter Should be capital and must contains minimum 3 characters :
Wrong Input : Fist letter Should be capital and must contains minimum 3 characters :
Wrong Input : Fist letter Should be capital and must contains minimum 3 characters :
Wrong Input : Fist letter Should be capital and must contains minimum 3 characters :
Wrong Input : Fist letter Should be capital and must contains minimum 3 characters :
Wrong Input : Fist letter Should be capital and must contains minimum 3 characters :
Wrong Input : Fist letter Should be capital and must contains minimum 3 characters :
Wrong Input : Fist letter Should be capital and must contains minimum 3 characters :
Wrong Input : Fist letter Should be capital and must contains minimum 3 characters :
Wrong Input : Fist letter Should be capital and must contains minimum 3 characters :
Wrong Input : Fist letter Should be capital and must contains minimum 3 characters :
Wrong Input : Fist letter Should be capital and must contains minimum 3 characters :
Wrong Input : Fist letter Should be capital and must contains minimum 3 characters :
Wrong Input : Fist letter Should be capital and must contains minimum 3 characters :
Wrong Input : Fist letter Should be capital and must contains minimum 3 characters :
Wrong Input : Fist letter Should be capital and must contains minimum 3 characters :
Wrong Input : Fist letter Should be capital and must contains minimum 3 characters :
Wrong Input : Fist letter Should be capital and must contains minimum 3 characters :
Wrong Input : Fist letter Should be capital and must contains minimum 3 characters :
Wrong Input : Fist letter Should be capital and must contains minimum 3 characters :
Wrong Input : Fist letter Should be capital and must contains minimum 3 characters :
Wrong Input : Fist letter Should be capital and must contains minimum 3 characters :
Wrong Input : Fist letter Should be capital and must contains minimum 3 characters :
Wrong Input : Fist letter Should be capital and must contains minimum 3 characters :
Wrong Input : Fist letter Should be capital and must contains minimum 3 characters :
Wrong Input : Fist letter Should be capital and must contains minimum 3 characters :
Wrong Input : Fist letter Should be capital and must contains minimum 3 characters :
Wrong Input : Fist letter Should be capital and must contains minimum 3 characters :
Wrong Input : Fist letter Should be capital and must contains minimum 3 characters :
Wrong Input : Fist letter Should be capital and must contains minimum 3 characters :
Wrong Input : Fist letter Should be capital and must contains minimum 3 characters :
Wrong Input : Fist letter Should be capital and must contains minimum 3 characters :
Wrong Input : Fist letter Should be capital and must contains minimum 3 characters :
Wrong Input : Fist letter Should be capital and must contains minimum 3 characters :
Wrong Input : Fist letter Should be capital and must contains minimum 3 characters :
Wrong Input : Fist letter Should be capital and must contains minimum 3 characters :
Wrong Input : Fist letter Should be capital and must contains minimum 3 characters :
Wrong Input : Fist letter Should be capital and must contains minimum 3 characters :
Wrong Input : Fist letter Should be capital and must contains minimum 3 characters :
Wrong Input : Fist letter Should be capital and must contains minimum 3 characters :
Wrong Input : Fist letter Should be capital and must contains minimum 3 characters :
Wrong Input : Fist letter Should be capital and must contains minimum 3 characters :
Wrong Input : Fist letter Should be capital and must contains minimum 3 characters :
Wrong Input : Fist letter Should be capital and must contains minimum 3 characters :
Wrong Input : Fist letter Should be capital and must contains minimum 3 characters :
Wrong Input : Fist letter Should be capital and must contains minimum 3 characters :
Wrong Input : Fist letter Should be capital and must contains minimum 3 characters :
Wrong Input : Fist letter Should be capital and must contains minimum 3 characters :
Wrong Input : Fist letter Should be capital and must contains minimum 3 characters :
Wrong Input : Fist letter Should be capital and must contains minimum 3 characters :
Wrong Input : Fist letter Should be capital and must contains minimum 3 characters :
Wrong Input : Fist letter Should be capital and must contains minimum 3 characters :
Wrong Input : Fist letter Should be capital and must contains minimum 3 characters :
Wrong Input : Fist letter Should be capital and must contains minimum 3 characters :
Wrong Input : Fist letter Should be capital and must contains minimum 3 characters :
Wrong Input : Fist letter Should be capital and must contains minimum 3 characters :
Wrong Input : Fist letter Should be capital and must contains minimum 3 characters :
Wrong Input : Fist letter Should be capital and must contains minimum 3 characters :
Wrong Input : Fist letter Should be capital and must contains minimum 3 characters :
Wrong Input : Fist letter Should be capital and must contains minimum 3 characters :
Wrong Input : Fist letter Should be capital and must contains minimum 3 characters :
Wrong Input : Fist letter Should be capital and must contains minimum 3 characters :
Wrong Input : Fist letter Should be capital and must contains minimum 3 characters :
Wrong Input : Fist letter Should be capital and must contains minimum 3 characters :
Wrong Input : Fist letter Should be capital and must contains minimum 3 characters :
Wrong Input : Fist letter Should be capital and must contains minimum 3 characters :
Wrong Input : Fist letter Should be capital and must contains minimum 3 characters :
Wrong Input : Fist letter Should be capital and must contains minimum 3 characters :
Wrong Input : Fist letter Should be capital and must contains minimum 3 characters :
Wrong Input : Fist letter Should be capital and must contains minimum 3 characters :
Wrong Input : Fist letter Should be capital and must contains minimum 3 characters :
Wrong Input : Fist letter Should be capital and must contains minimum 3 characters :
Wrong Input : Fist letter Should be capital and must contains minimum 3 characters :
Wrong Input : Fist letter Should be capital and must contains minimum 3 characters :
Wrong Input : Fist letter Should be capital and must contains minimum 3 characters :
Wrong Input : Fist letter Should be capital and must contains minimum 3 characters :
Wrong Input : Fist letter Should be capital and must contains minimum 3 characters :
Wrong Input : Fist letter Should be capital and must contains minimum 3 characters :
Wrong Input : Fist letter Should be capital and must contains minimum 3 characters :
Wrong Input : Fist letter Should be capital and must contains minimum 3 characters :
Wrong Input : Fist letter Should be capital and must contains minimum 3 characters :
Wrong Input : Fist letter Should be capital and must contains minimum 3 characters :
Wrong Input : Fist letter Should be capital and must contains minimum 3 characters :
Wrong Input : Fist letter Should be capital and must contains minimum 3 characters :
Wrong Input : Fist letter Should be capital and must contains minimum 3 characters :
Wrong Input : Fist letter Should be capital and must contains minimum 3 characters :
Wrong Input : Fist letter Should be capital and must contains minimum 3 characters :
Wrong Input : Fist letter Should be capital and must contains minimum 3 characters :
Wrong Input : Fist letter Should be capital and must contains minimum 3 characters :
Wrong Input : Fist letter Should be capital and must contains minimum 3 characters :
Wrong Input : Fist letter Should be capital and must contains minimum 3 characters :
Wrong Input : Fist letter Should be capital and must contains minimum 3 characters :
Wrong Input : Fist letter Should be capital and must contains minimum 3 characters :
Wrong Input : Fist letter Should be capital and must contains minimum 3 characters :
Wrong Input : Fist letter Should be capital and must contains minimum 3 characters :
Wrong Input : Fist letter Should be capital and must contains minimum 3 characters :
Wrong Input : Fist letter Should be capital and must contains minimum 3 characters :
Wrong Input : Fist letter Should be capital and must contains minimum 3 characters :
Wrong Input : Fist letter Should be capital and must contains minimum 3 characters :
Wrong Input : Fist letter Should be capital and must contains minimum 3 characters :
Wrong Input : Fist letter Should be capital and must contains minimum 3 characters :
Wrong Input : Fist letter Should be capital and must contains minimum 3 characters :
Wrong Input : Fist letter Should be capital and must contains minimum 3 characters :
Wrong Input : Fist letter Should be capital and must contains minimum 3 characters :
Wrong Input : Fist letter Should be capital and must contains minimum 3 characters :
Wrong Input : Fist letter Should be capital and must contains minimum 3 characters :
Wrong Input : Fist letter Should be capital and must contains minimum 3 characters :
Wrong Input : Fist letter Should be capital and must contains minimum 3 characters :
Wrong Input : Fist letter Should be capital and must contains minimum 3 characters :
Wrong Input : Fist letter Should be capital and must contains minimum 3 characters :
Wrong Input : Fist letter Should be capital and must contains minimum 3 characters :
Wrong Input : Fist letter Should be capital and must contains minimum 3 characters :
Wrong Input : Fist letter Should be capital and must contains minimum 3 characters :
Wrong Input : Fist letter Should be capital and must contains minimum 3 characters :
Wrong Input : Fist letter Should be capital and must contains minimum 3 characters :
Wrong Input : Fist letter Should be capital and must contains minimum 3 characters :
Wrong Input : Fist letter Should be capital and must contains minimum 3 characters :
Wrong Input : Fist letter Should be capital and must contains minimum 3 characters :
Wrong Input : Fist letter Should be capital and must contains minimum 3 characters :
Wrong Input : Fist letter Should be capital and must contains minimum 3 characters :
Wrong Input : Fist letter Should be capital and must contains minimum 3 characters :
Wrong Input : Fist letter Should be capital and must contains minimum 3 characters :
Wrong Input : Fist letter Should be capital and must contains minimum 3 characters :
Wrong Input : Fist letter Should be capital and must contains minimum 3 characters :
Wrong Input : Fist letter Should be capital and must contains minimum 3 characters :
Wrong Input : Fist letter Should be capital and must contains minimum 3 characters :
Wrong Input : Fist letter Should be capital and must contains minimum 3 characters :
Wrong Input : Fist letter Should be capital and must contains minimum 3 characters :
Wrong Input : Fist letter Should be capital and must contains minimum 3 characters :
Wrong Input : Fist letter Should be capital and must contains minimum 3 characters :
Wrong Input : Fist letter Should be capital and must contains minimum 3 characters :
Wrong Input : Fist letter Should be capital and must contains minimum 3 characters :
Wrong Input : Fist letter Should be capital and must contains minimum 3 characters :
Wrong Input : Fist letter Should be capital and must contains minimum 3 characters :
Wrong Input : Fist letter Should be capital and must contains minimum 3 characters :
Wrong Input : Fist letter Should be capital and must contains minimum 3 characters :
Wrong Input : Fist letter Should be capital and must contains minimum 3 characters :
Wrong Input : Fist letter Should be capital and must contains minimum 3 characters :
Wrong Input : Fist letter Should be capital and must contains minimum 3 characters :
Wrong Input : Fist letter Should be capital and must contains minimum 3 characters :
Wrong Input : Fist letter Should be capital and must contains minimum 3 characters :
Wrong Input : Fist letter Should be capital and must contains minimum 3 characters :
Wrong Input : Fist letter Should be capital and must contains minimum 3 characters :
Wrong Input : Fist letter Should be capital and must contains minimum 3 characters :
Wrong Input : Fist letter Should be capital and must contains minimum 3 characters :
Wrong Input : Fist letter Should be capital and must contains minimum 3 characters :
Wrong Input : Fist letter Should be capital and must contains minimum 3 characters :
Wrong Input : Fist letter Should be capital and must contains minimum 3 characters :
Wrong Input : Fist letter Should be capital and must contains minimum 3 characters :
Wrong Input : Fist letter Should be capital and must contains minimum 3 characters :
Wrong Input : Fist letter Should be capital and must contains minimum 3 characters :
Wrong Input : Fist letter Should be capital and must contains minimum 3 characters :
Wrong Input : Fist letter Should be capital and must contains minimum 3 characters :
Wrong Input : Fist letter Should be capital and must contains minimum 3 characters :
Wrong Input : Fist letter Should be capital and must contains minimum 3 characters :
Wrong Input : Fist letter Should be capital and must contains minimum 3 characters :
Wrong Input : Fist letter Should be capital and must contains minimum 3 characters :
Wrong Input : Fist letter Should be capital and must contains minimum 3 characters :
Wrong Input : Fist letter Should be capital and must contains minimum 3 characters :
Wrong Input : Fist letter Should be capital and must contains minimum 3 characters :
Wrong Input : Fist letter Should be capital and must contains minimum 3 characters :
Wrong Input : Fist letter Should be capital and must contains minimum 3 characters :
Wrong Input : Fist letter Should be capital and must contains minimum 3 characters :
Wrong Input : Fist letter Should be capital and must contains minimum 3 characters :
Wrong Input : Fist letter Should be capital and must contains minimum 3 characters :
Wrong Input : Fist letter Should be capital and must contains minimum 3 characters :
Wrong Input : Fist letter Should be capital and must contains minimum 3 characters :
Wrong Input : Fist letter Should be capital and must contains minimum 3 characters :
Wrong Input : Fist letter Should be capital and must contains minimum 3 characters :
Wrong Input : Fist letter Should be capital and must contains minimum 3 characters :
Wrong Input : Fist letter Should be capital and must contains minimum 3 characters :
Wrong Input : Fist letter Should be capital and must contains minimum 3 characters :
Wrong Input : Fist letter Should be capital and must contains minimum 3 characters :
Wrong Input : Fist letter Should be capital and must contains minimum 3 characters :
Wrong Input : Fist letter Should be capital and must contains minimum 3 characters :
Wrong Input : Fist letter Should be capital and must contains minimum 3 characters :
Wrong Input : Fist letter Should be capital and must contains minimum 3 characters :
Wrong Input : Fist letter Should be capital and must contains minimum 3 characters :
Wrong Input : Fist letter Should be capital and must contains minimum 3 characters :
Wrong Input : Fist letter Should be capital and must contains minimum 3 characters :
Wrong Input : Fist letter Should be capital and must contains minimum 3 characters :
Wrong Input : Fist letter Should be capital and must contains minimum 3 characters :
Wrong Input : Fist letter Should be capital and must contains minimum 3 characters :
Wrong Input : Fist letter Should be capital and must contains minimum 3 characters :
Wrong Input : Fist letter Should be capital and must contains minimum 3 characters :
Wrong Input : Fist letter Should be capital and must contains minimum 3 characters :
Wrong Input : Fist letter Should be capital and must contains minimum 3 characters :
Wrong Input : Fist letter Should be capital and must contains minimum 3 characters :
Wrong Input : Fist letter Should be capital and must contains minimum 3 characters :
Wrong Input : Fist letter Should be capital and must contains minimum 3 characters :
Wrong Input : Fist letter Should be capital and must contains minimum 3 characters :
Wrong Input : Fist letter Should be capital and must contains minimum 3 characters :
Wrong Input : Fist letter Should be capital and must contains minimum 3 characters :
Wrong Input : Fist letter Should be capital and must contains minimum 3 characters :
Wrong Input : Fist letter Should be capital and must contains minimum 3 characters :
Wrong Input : Fist letter Should be capital and must contains minimum 3 characters :
Wrong Input : Fist letter Should be capital and must contains minimum 3 characters :
Wrong Input : Fist letter Should be capital and must contains minimum 3 characters :
Wrong Input : Fist letter Should be capital and must contains minimum 3 characters :
Wrong Input : Fist letter Should be capital and must contains minimum 3 characters :
Wrong Input : Fist letter Should be capital and must contains minimum 3 characters :
Wrong Input : Fist letter Should be capital and must contains minimum 3 characters :
Wrong Input : Fist letter Should be capital and must contains minimum 3 characters :
Wrong Input : Fist letter Should be capital and must contains minimum 3 characters :
Wrong Input : Fist letter Should be capital and must contains minimum 3 characters :
Wrong Input : Fist letter Should be capital and must contains minimum 3 characters :
Wrong Input : Fist letter Should be capital and must contains minimum 3 characters :
Wrong Input : Fist letter Should be capital and must contains minimum 3 characters :
Wrong Input : Fist letter Should be capital and must contains minimum 3 characters :
Wrong Input : Fist letter Should be capital and must contains minimum 3 characters :
Wrong Input : Fist letter Should be capital and must contains minimum 3 characters :
Wrong Input : Fist letter Should be capital and must contains minimum 3 characters :
Wrong Input : Fist letter Should be capital and must contains minimum 3 characters :
Wrong Input : Fist letter Should be capital and must contains minimum 3 characters :
Wrong Input : Fist letter Should be capital and must contains minimum 3 characters :
Wrong Input : Fist letter Should be capital and must contains minimum 3 characters :
Wrong Input : Fist letter Should be capital and must contains minimum 3 characters :
Wrong Input : Fist letter Should be capital and must contains minimum 3 characters :
Wrong Input : Fist letter Should be capital and must contains minimum 3 characters :
Wrong Input : Fist letter Should be capital and must contains minimum 3 characters :
Wrong Input : Fist letter Should be capital and must contains minimum 3 characters :
Wrong Input : Fist letter Should be capital and must contains minimum 3 characters :
Wrong Input : Fist letter Should be capital and must contains minimum 3 characters :
Wrong Input : Fist letter Should be capital and must contains minimum 3 characters :
Wrong Input : Fist letter Should be capital and must contains minimum 3 characters :
Wrong Input : Fist letter Should be capital and must contains minimum 3 characters :
Wrong Input : Fist letter Should be capital and must contains minimum 3 characters :
Wrong Input : Fist letter Should be capital and must contains minimum 3 characters :
Wrong Input : Fist letter Should be capital and must contains minimum 3 characters :
Wrong Input : Fist letter Should be capital and must contains minimum 3 characters :
Wrong Input : Fist letter Should be capital and must contains minimum 3 characters :
Wrong Input : Fist letter Should be capital and must contains minimum 3 characters :
Wrong Input : Fist letter Should be capital and must contains minimum 3 characters :
Wrong Input : Fist letter Should be capital and must contains minimum 3 characters :
Wrong Input : Fist letter Should be capital and must contains minimum 3 characters :
Wrong Input : Fist letter Should be capital and must contains minimum 3 characters :
Wrong Input : Fist letter Should be capital and must contains minimum 3 characters :
Wrong Input : Fist letter Should be capital and must contains minimum 3 characters :
Wrong Input : Fist letter Should be capital and must contains minimum 3 characters :
Wrong Input : Fist letter Should be capital and must contains minimum 3 characters :
Wrong Input : Fist letter Should be capital and must contains minimum 3 characters :
Wrong Input : Fist letter Should be capital and must contains minimum 3 characters :
Wrong Input : Fist letter Should be capital and must contains minimum 3 characters :
Wrong Input : Fist letter Should be capital and must contains minimum 3 characters :
Wrong Input : Fist letter Should be capital and must contains minimum 3 characters :
Wrong Input : Fist letter Should be capital and must contains minimum 3 characters :
Wrong Input : Fist letter Should be capital and must contains minimum 3 characters :
Wrong Input : Fist letter Should be capital and must contains minimum 3 characters :
Wrong Input : Fist letter Should be capital and must contains minimum 3 characters :
Wrong Input : Fist letter Should be capital and must contains minimum 3 characters :
Wrong Input : Fist letter Should be capital and must contains minimum 3 characters :
Wrong Input : Fist letter Should be capital and must contains minimum 3 characters :
Wrong Input : Fist letter Should be capital and must contains minimum 3 characters :
Wrong Input : Fist letter Should be capital and must contains minimum 3 characters :
Wrong Input : Fist letter Should be capital and must contains minimum 3 characters :
Wrong Input : Fist letter Should be capital and must contains minimum 3 characters :
Wrong Input : Fist letter Should be capital and must contains minimum 3 characters :
Wrong Input : Fist letter Should be capital and must contains minimum 3 characters :
Wrong Input : Fist letter Should be capital and must contains minimum 3 characters :
Wrong Input : Fist letter Should be capital and must contains minimum 3 characters :
Wrong Input : Fist letter Should be capital and must contains minimum 3 characters :
Wrong Input : Fist letter Should be capital and must contains minimum 3 characters :
Wrong Input : Fist letter Should be capital and must contains minimum 3 characters :
Wrong Input : Fist letter Should be capital and must contains minimum 3 characters :
Wrong Input : Fist letter Should be capital and must contains minimum 3 characters :
Wrong Input : Fist letter Should be capital and must contains minimum 3 characters :
Wrong Input : Fist letter Should be capital and must contains minimum 3 characters :
Wrong Input : Fist letter Should be capital and must contains minimum 3 characters :
Wrong Input : Fist letter Should be capital and must contains minimum 3 characters :
Wrong Input : Fist letter Should be capital and must contains minimum 3 characters :
Wrong Input : Fist letter Should be capital and must contains minimum 3 characters :
Wrong Input : Fist letter Should be capital and must contains minimum 3 characters :
Wrong Input : Fist letter Should be capital and must contains minimum 3 characters :
Wrong Input : Fist letter Should be capital and must contains minimum 3 characters :
Wrong Input : Fist letter Should be capital and must contains minimum 3 characters :
Wrong Input : Fist letter Should be capital and must contains minimum 3 characters :
Wrong Input : Fist letter Should be capital and must contains minimum 3 characters :
Wrong Input : Fist letter Should be capital and must contains minimum 3 characters :
Wrong Input : Fist letter Should be capital and must contains minimum 3 characters :
Wrong Input : Fist letter Should be capital and must contains minimum 3 characters :
Wrong Input : Fist letter Should be capital and must contains minimum 3 characters :
Wrong Input : Fist letter Should be capital and must contains minimum 3 characters :
Wrong Input : Fist letter Should be capital and must contains minimum 3 characters :
Wrong Input : Fist letter Should be capital and must contains minimum 3 characters :
Wrong Input : Fist letter Should be capital and must contains minimum 3 characters :
Wrong Input : Fist letter Should be capital and must contains minimum 3 characters :
Wrong Input : Fist letter Should be capital and must contains minimum 3 characters :
Wrong Input : Fist letter Should be capital and must contains minimum 3 characters :
Wrong Input : Fist letter Should be capital and must contains minimum 3 characters :
Wrong Input : Fist letter Should be capital and must contains minimum 3 characters :
Wrong Input : Fist letter Should be capital and must contains minimum 3 characters :
Wrong Input : Fist letter Should be capital and must contains minimum 3 characters :
Wrong Input : Fist letter Should be capital and must contains minimum 3 characters :
Wrong Input : Fist letter Should be capital and must contains minimum 3 characters :
Wrong Input : Fist letter Should be capital and must contains minimum 3 characters :
Wrong Input : Fist letter Should be capital and must contains minimum 3 characters :
Wrong Input : Fist letter Should be capital and must contains minimum 3 characters :
Wrong Input : Fist letter Should be capital and must contains minimum 3 characters :
Wrong Input : Fist letter Should be capital and must contains minimum 3 characters :
Wrong Input : Fist letter Should be capital and must contains minimum 3 characters :
Wrong Input : Fist letter Should be capital and must contains minimum 3 characters :
Wrong Input : Fist letter Should be capital and must contains minimum 3 characters :
Wrong Input : Fist letter Should be capital and must contains minimum 3 characters :
Wrong Input : Fist letter Should be capital and must contains minimum 3 characters :
Wrong Input : Fist letter Should be capital and must contains minimum 3 characters :
Wrong Input : Fist letter Should be capital and must contains minimum 3 characters :
Wrong Input : Fist letter Should be capital and must contains minimum 3 characters :
Wrong Input : Fist letter Should be capital and must contains minimum 3 characters :
Wrong Input : Fist letter Should be capital and must contains minimum 3 characters :
Wrong Input : Fist letter Should be capital and must contains minimum 3 characters :
Wrong Input : Fist letter Should be capital and must contains minimum 3 characters :
Wrong Input : Fist letter Should be capital and must contains minimum 3 characters :
Wrong Input : Fist letter Should be capital and must contains minimum 3 characters :
Wrong Input : Fist letter Should be capital and must contains minimum 3 characters :
Wrong Input : Fist letter Should be capital and must contains minimum 3 characters :
Wrong Input : Fist letter Should be capital and must contains minimum 3 characters :
Wrong Input : Fist letter Should be capital and must contains minimum 3 characters :
Wrong Input : Fist letter Should be capital and must contains minimum 3 characters :
Wrong Input : Fist letter Should be capital and must contains minimum 3 characters :
Wrong Input : Fist letter Should be capital and must contains minimum 3 characters :
Wrong Input : Fist letter Should be capital and must contains minimum 3 characters :
Wrong Input : Fist letter Should be capital and must contains minimum 3 characters :
Wrong Input : Fist letter Should be capital and must contains minimum 3 characters :
Wrong Input : Fist letter Should be capital and must contains minimum 3 characters :
Wrong Input : Fist letter Should be capital and must contains minimum 3 characters :
Wrong Input : Fist letter Should be capital and must contains minimum 3 characters :
Wrong Input : Fist letter Should be capital and must contains minimum 3 characters :
Wrong Input : Fist letter Should be capital and must contains minimum 3 characters :
Wrong Input : Fist letter Should be capital and must contains minimum 3 characters :
Wrong Input : Fist letter Should be capital and must contains minimum 3 characters :
Wrong Input : Fist letter Should be capital and must contains minimum 3 characters :
Wrong Input : Fist letter Should be capital and must contains minimum 3 characters :
Wrong Input : Fist letter Should be capital and must contains minimum 3 characters :
Wrong Input : Fist letter Should be capital and must contains minimum 3 characters :
Wrong Input : Fist letter Should be capital and must contains minimum 3 characters :
Wrong Input : Fist letter Should be capital and must contains minimum 3 characters :
Wrong Input : Fist letter Should be capital and must contains minimum 3 characters :
Wrong Input : Fist letter Should be capital and must contains minimum 3 characters :
Wrong Input : Fist letter Should be capital and must contains minimum 3 characters :
Wrong Input : Fist letter Should be capital and must contains minimum 3 characters :
Wrong Input : Fist letter Should be capital and must contains minimum 3 characters :
Wrong Input : Fist letter Should be capital and must contains minimum 3 characters :
Wrong Input : Fist letter Should be capital and must contains minimum 3 characters :
Wrong Input : Fist letter Should be capital and must contains minimum 3 characters :
Wrong Input : Fist letter Should be capital and must contains minimum 3 characters :
Wrong Input : Fist letter Should be capital and must contains minimum 3 characters :
Wrong Input : Fist letter Should be capital and must contains minimum 3 characters :
Wrong Input : Fist letter Should be capital and must contains minimum 3 characters :
Wrong Input : Fist letter Should be capital and must contains minimum 3 characters :
Wrong Input : Fist letter Should be capital and must contains minimum 3 characters :
Wrong Input : Fist letter Should be capital and must contains minimum 3 characters :
Wrong Input : Fist letter Should be capital and must contains minimum 3 characters :
Wrong Input : Fist letter Should be capital and must contains minimum 3 characters :
Wrong Input : Fist letter Should be capital and must contains minimum 3 characters :
Wrong Input : Fist letter Should be capital and must contains minimum 3 characters :
Wrong Input : Fist letter Should be capital and must contains minimum 3 characters :
Wrong Input : Fist letter Should be capital and must contains minimum 3 characters :
Wrong Input : Fist letter Should be capital and must contains minimum 3 characters :
Wrong Input : Fist letter Should be capital and must contains minimum 3 characters :
Wrong Input : Fist letter Should be capital and must contains minimum 3 characters :
Wrong Input : Fist letter Should be capital and must contains minimum 3 characters :
Wrong Input : Fist letter Should be capital and must contains minimum 3 characters :
Wrong Input : Fist letter Should be capital and must contains minimum 3 characters :
Wrong Input : Fist letter Should be capital and must contains minimum 3 characters :
Wrong Input : Fist letter Should be capital and must contains minimum 3 characters :
Wrong Input : Fist letter Should be capital and must contains minimum 3 characters :
Wrong Input : Fist letter Should be capital and must contains minimum 3 characters :
Wrong Input : Fist letter Should be capital and must contains minimum 3 characters :
Wrong Input : Fist letter Should be capital and must contains minimum 3 characters :
Wrong Input : Fist letter Should be capital and must contains minimum 3 characters :
Wrong Input : Fist letter Should be capital and must contains minimum 3 characters :
Wrong Input : Fist letter Should be capital and must contains minimum 3 characters :
Wrong Input : Fist letter Should be capital and must contains minimum 3 characters :
Wrong Input : Fist letter Should be capital and must contains minimum 3 characters :
Wrong Input : Fist letter Should be capital and must contains minimum 3 characters :
Wrong Input : Fist letter Should be capital and must contains minimum 3 characters :
Wrong Input : Fist letter Should be capital and must contains minimum 3 characters :
Wrong Input : Fist letter Should be capital and must contains minimum 3 characters :
Wrong Input : Fist letter Should be capital and must contains minimum 3 characters :
Wrong Input : Fist letter Should be capital and must contains minimum 3 characters :
Wrong Input : Fist letter Should be capital and must contains minimum 3 characters :
Wrong Input : Fist letter Should be capital and must contains minimum 3 characters :
Wrong Input : Fist letter Should be capital and must contains minimum 3 characters :
Wrong Input : Fist letter Should be capital and must contains minimum 3 characters :
Wrong Input : Fist letter Should be capital and must contains minimum 3 characters :
Wrong Input : Fist letter Should be capital and must contains minimum 3 characters :
Wrong Input : Fist letter Should be capital and must contains minimum 3 characters :
Wrong Input : Fist letter Should be capital and must contains minimum 3 characters :
Wrong Input : Fist letter Should be capital and must contains minimum 3 characters :
Wrong Input : Fist letter Should be capital and must contains minimum 3 characters :
Wrong Input : Fist letter Should be capital and must contains minimum 3 characters :
Wrong Input : Fist letter Should be capital and must contains minimum 3 characters :
Wrong Input : Fist letter Should be capital and must contains minimum 3 characters :
Wrong Input : Fist letter Should be capital and must contains minimum 3 characters :
Wrong Input : Fist letter Should be capital and must contains minimum 3 characters :
Wrong Input : Fist letter Should be capital and must contains minimum 3 characters :
Wrong Input : Fist letter Should be capital and must contains minimum 3 characters :
Wrong Input : Fist letter Should be capital and must contains minimum 3 characters :
Wrong Input : Fist letter Should be capital and must contains minimum 3 characters :
Wrong Input : Fist letter Should be capital and must contains minimum 3 characters :
Wrong Input : Fist letter Should be capital and must contains minimum 3 characters :
Wrong Input : Fist letter Should be capital and must contains minimum 3 characters :
Wrong Input : Fist letter Should be capital and must contains minimum 3 characters :
Wrong Input : Fist letter Should be capital and must contains minimum 3 characters :
Wrong Input : Fist letter Should be capital and must contains minimum 3 characters :
Wrong Input : Fist letter Should be capital and must contains minimum 3 characters :
Wrong Input : Fist letter Should be capital and must contains minimum 3 characters :
Wrong Input : Fist letter Should be capital and must contains minimum 3 characters :
Wrong Input : Fist letter Should be capital and must contains minimum 3 characters :
Wrong Input : Fist letter Should be capital and must contains minimum 3 characters :
Wrong Input : Fist letter Should be capital and must contains minimum 3 characters :
Wrong Input : Fist letter Should be capital and must contains minimum 3 characters :
Wrong Input : Fist letter Should be capital and must contains minimum 3 characters :
Wrong Input : Fist letter Should be capital and must contains minimum 3 characters :
Wrong Input : Fist letter Should be capital and must contains minimum 3 characters :
Wrong Input : Fist letter Should be capital and must contains minimum 3 characters :
Wrong Input : Fist letter Should be capital and must contains minimum 3 characters :
Wrong Input : Fist letter Should be capital and must contains minimum 3 characters :
Wrong Input : Fist letter Should be capital and must contains minimum 3 characters :
Wrong Input : Fist letter Should be capital and must contains minimum 3 characters :
Wrong Input : Fist letter Should be capital and must contains minimum 3 characters :
Wrong Input : Fist letter Should be capital and must contains minimum 3 characters :
Wrong Input : Fist letter Should be capital and must contains minimum 3 characters :
Wrong Input : Fist letter Should be capital and must contains minimum 3 characters :
Wrong Input : Fist letter Should be capital and must contains minimum 3 characters :
Wrong Input : Fist letter Should be capital and must contains minimum 3 characters :
Wrong Input : Fist letter Should be capital and must contains minimum 3 characters :
Wrong Input : Fist letter Should be capital and must contains minimum 3 characters :
Wrong Input : Fist letter Should be capital and must contains minimum 3 characters :
Wrong Input : Fist letter Should be capital and must contains minimum 3 characters :
Wrong Input : Fist letter Should be capital and must contains minimum 3 characters :
Wrong Input : Fist letter Should be capital and must contains minimum 3 characters :
Wrong Input : Fist letter Should be capital and must contains minimum 3 characters :
Wrong Input : Fist letter Should be capital and must contains minimum 3 characters :
Wrong Input : Fist letter Should be capital and must contains minimum 3 characters :
Wrong Input : Fist letter Should be capital and must contains minimum 3 characters :
Wrong Input : Fist letter Should be capital and must contains minimum 3 characters :
Wrong Input : Fist letter Should be capital and must contains minimum 3 characters :
Wrong Input : Fist letter Should be capital and must contains minimum 3 characters :
Wrong Input : Fist letter Should be capital and must contains minimum 3 characters :
Wrong Input : Fist letter Should be capital and must contains minimum 3 characters :
Wrong Input : Fist letter Should be capital and must contains minimum 3 characters :
Wrong Input : Fist letter Should be capital and must contains minimum 3 characters :
Wrong Input : Fist letter Should be capital and must contains minimum 3 characters :
Wrong Input : Fist letter Should be capital and must contains minimum 3 characters :
Wrong Input : Fist letter Should be capital and must contains minimum 3 characters :
Wrong Input : Fist letter Should be capital and must contains minimum 3 characters :
Wrong Input : Fist letter Should be capital and must contains minimum 3 characters :
Wrong Input : Fist letter Should be capital and must contains minimum 3 characters :
Wrong Input : Fist letter Should be capital and must contains minimum 3 characters :
Wrong Input : Fist letter Should be capital and must contains minimum 3 characters :
Wrong Input : Fist letter Should be capital and must contains minimum 3 characters :
Wrong Input : Fist letter Should be capital and must contains minimum 3 characters :
Wrong Input : Fist letter Should be capital and must contains minimum 3 characters :
Wrong Input : Fist letter Should be capital and must contains minimum 3 characters :
Wrong Input : Fist letter Should be capital and must contains minimum 3 characters :
Wrong Input : Fist letter Should be capital and must contains minimum 3 characters :
Wrong Input : Fist letter Should be capital and must contains minimum 3 characters :
Wrong Input : Fist letter Should be capital and must contains minimum 3 characters :
Wrong Input : Fist letter Should be capital and must contains minimum 3 characters :
Wrong Input : Fist letter Should be capital and must contains minimum 3 characters :
Wrong Input : Fist letter Should be capital and must contains minimum 3 characters :
Wrong Input : Fist letter Should be capital and must contains minimum 3 characters :
Wrong Input : Fist letter Should be capital and must contains minimum 3 characters :
Wrong Input : Fist letter Should be capital and must contains minimum 3 characters :
Wrong Input : Fist letter Should be capital and must contains minimum 3 characters :
Wrong Input : Fist letter Should be capital and must contains minimum 3 characters :
Wrong Input : Fist letter Should be capital and must contains minimum 3 characters :
Wrong Input : Fist letter Should be capital and must contains minimum 3 characters :
Wrong Input : Fist letter Should be capital and must contains minimum 3 characters :
Wrong Input : Fist letter Should be capital and must contains minimum 3 characters :
Wrong Input : Fist letter Should be capital and must contains minimum 3 characters :
Wrong Input : Fist letter Should be capital and must contains minimum 3 characters :
Wrong Input : Fist letter Should be capital and must contains minimum 3 characters :
Wrong Input : Fist letter Should be capital and must contains minimum 3 characters :
Wrong Input : Fist letter Should be capital and must contains minimum 3 characters :
Wrong Input : Fist letter Should be capital and must contains minimum 3 characters :
Wrong Input : Fist letter Should be capital and must contains minimum 3 characters :
Wrong Input : Fist letter Should be capital and must contains minimum 3 characters :
Wrong Input : Fist letter Should be capital and must contains minimum 3 characters :
Wrong Input : Fist letter Should be capital and must contains minimum 3 characters :
Wrong Input : Fist letter Should be capital and must contains minimum 3 characters :
Wrong Input : Fist letter Should be capital and must contains minimum 3 characters :
Wrong Input : Fist letter Should be capital and must contains minimum 3 characters :
Wrong Input : Fist letter Should be capital and must contains minimum 3 characters :
Wrong Input : Fist letter Should be capital and must contains minimum 3 characters :
Wrong Input : Fist letter Should be capital and must contains minimum 3 characters :
Wrong Input : Fist letter Should be capital and must contains minimum 3 characters :
Wrong Input : Fist letter Should be capital and must contains minimum 3 characters :
Wrong Input : Fist letter Should be capital and must contains minimum 3 characters :
Wrong Input : Fist letter Should be capital and must contains minimum 3 characters :
Wrong Input : Fist letter Should be capital and must contains minimum 3 characters :
Wrong Input : Fist letter Should be capital and must contains minimum 3 characters :
Wrong Input : Fist letter Should be capital and must contains minimum 3 characters :
Wrong Input : Fist letter Should be capital and must contains minimum 3 characters :
Wrong Input : Fist letter Should be capital and must contains minimum 3 characters :
Wrong Input : Fist letter Should be capital and must contains minimum 3 characters :
Wrong Input : Fist letter Should be capital and must contains minimum 3 characters :
Wrong Input : Fist letter Should be capital and must contains minimum 3 characters :
Wrong Input : Fist letter Should be capital and must contains minimum 3 characters :
Wrong Input : Fist letter Should be capital and must contains minimum 3 characters :
Wrong Input : Fist letter Should be capital and must contains minimum 3 characters :
Wrong Input : Fist letter Should be capital and must contains minimum 3 characters :
Wrong Input : Fist letter Should be capital and must contains minimum 3 characters :
Wrong Input : Fist letter Should be capital and must contains minimum 3 characters :
Wrong Input : Fist letter Should be capital and must contains minimum 3 characters :
Wrong Input : Fist letter Should be capital and must contains minimum 3 characters :
Wrong Input : Fist letter Should be capital and must contains minimum 3 characters :
Wrong Input : Fist letter Should be capital and must contains minimum 3 characters :
Wrong Input : Fist letter Should be capital and must contains minimum 3 characters :
Wrong Input : Fist letter Should be capital and must contains minimum 3 characters :
Wrong Input : Fist letter Should be capital and must contains minimum 3 characters :
Wrong Input : Fist letter Should be capital and must contains minimum 3 characters :
Wrong Input : Fist letter Should be capital and must contains minimum 3 characters :
Wrong Input : Fist letter Should be capital and must contains minimum 3 characters :
Wrong Input : Fist letter Should be capital and must contains minimum 3 characters :
Wrong Input : Fist letter Should be capital and must contains minimum 3 characters :
Wrong Input : Fist letter Should be capital and must contains minimum 3 characters :
Wrong Input : Fist letter Should be capital and must contains minimum 3 characters :
Wrong Input : Fist letter Should be capital and must contains minimum 3 characters :
Wrong Input : Fist letter Should be capital and must contains minimum 3 characters :
Wrong Input : Fist letter Should be capital and must contains minimum 3 characters :
Wrong Input : Fist letter Should be capital and must contains minimum 3 characters :
Wrong Input : Fist letter Should be capital and must contains minimum 3 characters :
Wrong Input : Fist letter Should be capital and must contains minimum 3 characters :
Wrong Input : Fist letter Should be capital and must contains minimum 3 characters :
Wrong Input : Fist letter Should be capital and must contains minimum 3 characters :
Wrong Input : Fist letter Should be capital and must contains minimum 3 characters :
Wrong Input : Fist letter Should be capital and must contains minimum 3 characters :
Wrong Input : Fist letter Should be capital and must contains minimum 3 characters :
Wrong Input : Fist letter Should be capital and must contains minimum 3 characters :
Wrong Input : Fist letter Should be capital and must contains minimum 3 characters :
Wrong Input : Fist letter Should be capital and must contains minimum 3 characters :
Wrong Input : Fist letter Should be capital and must contains minimum 3 characters :
Wrong Input : Fist letter Should be capital and must contains minimum 3 characters :
Wrong Input : Fist letter Should be capital and must contains minimum 3 characters :
Wrong Input : Fist letter Should be capital and must contains minimum 3 characters :
Wrong Input : Fist letter Should be capital and must contains minimum 3 characters :
Wrong Input : Fist letter Should be capital and must contains minimum 3 characters :
Wrong Input : Fist letter Should be capital and must contains minimum 3 characters :
Wrong Input : Fist letter Should be capital and must contains minimum 3 characters :
Wrong Input : Fist letter Should be capital and must contains minimum 3 characters :
Wrong Input : Fist letter Should be capital and must contains minimum 3 characters :
Wrong Input : Fist letter Should be capital and must contains minimum 3 characters :
Wrong Input : Fist letter Should be capital and must contains minimum 3 characters :
Wrong Input : Fist letter Should be capital and must contains minimum 3 characters :
Wrong Input : Fist letter Should be capital and must contains minimum 3 characters :
Wrong Input : Fist letter Should be capital and must contains minimum 3 characters :
Wrong Input : Fist letter Should be capital and must contains minimum 3 characters :
Wrong Input : Fist letter Should be capital and must contains minimum 3 characters :
Wrong Input : Fist letter Should be capital and must contains minimum 3 characters :
Wrong Input : Fist letter Should be capital and must contains minimum 3 characters :
Wrong Input : Fist letter Should be capital and must contains minimum 3 characters :
Wrong Input : Fist letter Should be capital and must contains minimum 3 characters :
Wrong Input : Fist letter Should be capital and must contains minimum 3 characters :
Wrong Input : Fist letter Should be capital and must contains minimum 3 characters :
Wrong Input : Fist letter Should be capital and must contains minimum 3 characters :
Wrong Input : Fist letter Should be capital and must contains minimum 3 characters :
Wrong Input : Fist letter Should be capital and must contains minimum 3 characters :
Wrong Input : Fist letter Should be capital and must contains minimum 3 characters :
Wrong Input : Fist letter Should be capital and must contains minimum 3 characters :
Wrong Input : Fist letter Should be capital and must contains minimum 3 characters :
Wrong Input : Fist letter Should be capital and must contains minimum 3 characters :
Wrong Input : Fist letter Should be capital and must contains minimum 3 characters :
Wrong Input : Fist letter Should be capital and must contains minimum 3 characters :
Wrong Input : Fist letter Should be capital and must contains minimum 3 characters :
Wrong Input : Fist letter Should be capital and must contains minimum 3 characters :
Wrong Input : Fist letter Should be capital and must contains minimum 3 characters :
Wrong Input : Fist letter Should be capital and must contains minimum 3 characters :
Wrong Input : Fist letter Should be capital and must contains minimum 3 characters :
Wrong Input : Fist letter Should be capital and must contains minimum 3 characters :
Wrong Input : Fist letter Should be capital and must contains minimum 3 characters :
Wrong Input : Fist letter Should be capital and must contains minimum 3 characters :
Wrong Input : Fist letter Should be capital and must contains minimum 3 characters :
Wrong Input : Fist letter Should be capital and must contains minimum 3 characters :
Wrong Input : Fist letter Should be capital and must contains minimum 3 characters :
Wrong Input : Fist letter Should be capital and must contains minimum 3 characters :
Wrong Input : Fist letter Should be capital and must contains minimum 3 characters :
Wrong Input : Fist letter Should be capital and must contains minimum 3 characters :
Wrong Input : Fist letter Should be capital and must contains minimum 3 characters :
Wrong Input : Fist letter Should be capital and must contains minimum 3 characters :
Wrong Input : Fist letter Should be capital and must contains minimum 3 characters :
Wrong Input : Fist letter Should be capital and must contains minimum 3 characters :
Wrong Input : Fist letter Should be capital and must contains minimum 3 characters :
Wrong Input : Fist letter Should be capital and must contains minimum 3 characters :
Wrong Input : Fist letter Should be capital and must contains minimum 3 characters :
Wrong Input : Fist letter Should be capital and must contains minimum 3 characters :
Wrong Input : Fist letter Should be capital and must contains minimum 3 characters :
Wrong Input : Fist letter Should be capital and must contains minimum 3 characters :
Wrong Input : Fist letter Should be capital and must contains minimum 3 characters :
Wrong Input : Fist letter Should be capital and must contains minimum 3 characters :
Wrong Input : Fist letter Should be capital and must contains minimum 3 characters :
Wrong Input : Fist letter Should be capital and must contains minimum 3 characters :
Wrong Input : Fist letter Should be capital and must contains minimum 3 characters :
Wrong Input : Fist letter Should be capital and must contains minimum 3 characters :
Wrong Input : Fist letter Should be capital and must contains minimum 3 characters :
Wrong Input : Fist letter Should be capital and must contains minimum 3 characters :
Wrong Input : Fist letter Should be capital and must contains minimum 3 characters :
Wrong Input : Fist letter Should be capital and must contains minimum 3 characters :
Wrong Input : Fist letter Should be capital and must contains minimum 3 characters :
Wrong Input : Fist letter Should be capital and must contains minimum 3 characters :
Wrong Input : Fist letter Should be capital and must contains minimum 3 characters :
Wrong Input : Fist letter Should be capital and must contains minimum 3 characters :
Wrong Input : Fist letter Should be capital and must contains minimum 3 characters :
Wrong Input : Fist letter Should be capital and must contains minimum 3 characters :
Wrong Input : Fist letter Should be capital and must contains minimum 3 characters :
Wrong Input : Fist letter Should be capital and must contains minimum 3 characters :
Wrong Input : Fist letter Should be capital and must contains minimum 3 characters :
Wrong Input : Fist letter Should be capital and must contains minimum 3 characters :
Wrong Input : Fist letter Should be capital and must contains minimum 3 characters :
Wrong Input : Fist letter Should be capital and must contains minimum 3 characters :
Wrong Input : Fist letter Should be capital and must contains minimum 3 characters :
Wrong Input : Fist letter Should be capital and must contains minimum 3 characters :
Wrong Input : Fist letter Should be capital and must contains minimum 3 characters :
Wrong Input : Fist letter Should be capital and must contains minimum 3 characters :
Wrong Input : Fist letter Should be capital and must contains minimum 3 characters :
Wrong Input : Fist letter Should be capital and must contains minimum 3 characters :
Wrong Input : Fist letter Should be capital and must contains minimum 3 characters :
Wrong Input : Fist letter Should be capital and must contains minimum 3 characters :
Wrong Input : Fist letter Should be capital and must contains minimum 3 characters :
Wrong Input : Fist letter Should be capital and must contains minimum 3 characters :
Wrong Input : Fist letter Should be capital and must contains minimum 3 characters :
Wrong Input : Fist letter Should be capital and must contains minimum 3 characters :
Wrong Input : Fist letter Should be capital and must contains minimum 3 characters :
Wrong Input : Fist letter Should be capital and must contains minimum 3 characters :
Wrong Input : Fist letter Should be capital and must contains minimum 3 characters :
Wrong Input : Fist letter Should be capital and must contains minimum 3 characters :
Wrong Input : Fist letter Should be capital and must contains minimum 3 characters :
Wrong Input : Fist letter Should be capital and must contains minimum 3 characters :
Wrong Input : Fist letter Should be capital and must contains minimum 3 characters :
Wrong Input : Fist letter Should be capital and must contains minimum 3 characters :
Wrong Input : Fist letter Should be capital and must contains minimum 3 characters :
Wrong Input : Fist letter Should be capital and must contains minimum 3 characters :
Wrong Input : Fist letter Should be capital and must contains minimum 3 characters :
Wrong Input : Fist letter Should be capital and must contains minimum 3 characters :
Wrong Input : Fist letter Should be capital and must contains minimum 3 characters :
Wrong Input : Fist letter Should be capital and must contains minimum 3 characters :
Wrong Input : Fist letter Should be capital and must contains minimum 3 characters :
Wrong Input : Fist letter Should be capital and must contains minimum 3 characters :
Wrong Input : Fist letter Should be capital and must contains minimum 3 characters :
Wrong Input : Fist letter Should be capital and must contains minimum 3 characters :
Wrong Input : Fist letter Should be capital and must contains minimum 3 characters :
Wrong Input : Fist letter Should be capital and must contains minimum 3 characters :
Wrong Input : Fist letter Should be capital and must contains minimum 3 characters :
Wrong Input : Fist letter Should be capital and must contains minimum 3 characters :
Wrong Input : Fist letter Should be capital and must contains minimum 3 characters :
Wrong Input : Fist letter Should be capital and must contains minimum 3 characters :
Wrong Input : Fist letter Should be capital and must contains minimum 3 characters :
Wrong Input : Fist letter Should be capital and must contains minimum 3 characters :
Wrong Input : Fist letter Should be capital and must contains minimum 3 characters :
Wrong Input : Fist letter Should be capital and must contains minimum 3 characters :
Wrong Input : Fist letter Should be capital and must contains minimum 3 characters :
Wrong Input : Fist letter Should be capital and must contains minimum 3 characters :
Wrong Input : Fist letter Should be capital and must contains minimum 3 characters :
Wrong Input : Fist letter Should be capital and must contains minimum 3 characters :
Wrong Input : Fist letter Should be capital and must contains minimum 3 characters :
Wrong Input : Fist letter Should be capital and must contains minimum 3 characters :
Wrong Input : Fist letter Should be capital and must contains minimum 3 characters :
Wrong Input : Fist letter Should be capital and must contains minimum 3 characters :
Wrong Input : Fist letter Should be capital and must contains minimum 3 characters :
Wrong Input : Fist letter Should be capital and must contains minimum 3 characters :
Wrong Input : Fist letter Should be capital and must contains minimum 3 characters :
Wrong Input : Fist letter Should be capital and must contains minimum 3 characters :
Wrong Input : Fist letter Should be capital and must contains minimum 3 characters :
Wrong Input : Fist letter Should be capital and must contains minimum 3 characters :
Wrong Input : Fist letter Should be capital and must contains minimum 3 characters :
Wrong Input : Fist letter Should be capital and must contains minimum 3 characters :
Wrong Input : Fist letter Should be capital and must contains minimum 3 characters :
Wrong Input : Fist letter Should be capital and must contains minimum 3 characters :
Wrong Input : Fist letter Should be capital and must contains minimum 3 characters :
Wrong Input : Fist letter Should be capital and must contains minimum 3 characters :
Wrong Input : Fist letter Should be capital and must contains minimum 3 characters :
Wrong Input : Fist letter Should be capital and must contains minimum 3 characters :
Wrong Input : Fist letter Should be capital and must contains minimum 3 characters :
Wrong Input : Fist letter Should be capital and must contains minimum 3 characters :
Wrong Input : Fist letter Should be capital and must contains minimum 3 characters :
Wrong Input : Fist letter Should be capital and must contains minimum 3 characters :
Wrong Input : Fist letter Should be capital and must contains minimum 3 characters :
Wrong Input : Fist letter Should be capital and must contains minimum 3 characters :
Wrong Input : Fist letter Should be capital and must contains minimum 3 characters :
Wrong Input : Fist letter Should be capital and must contains minimum 3 characters :
Wrong Input : Fist letter Should be capital and must contains minimum 3 characters :
Wrong Input : Fist letter Should be capital and must contains minimum 3 characters :
Wrong Input : Fist letter Should be capital and must contains minimum 3 characters :
Wrong Input : Fist letter Should be capital and must contains minimum 3 characters :
Wrong Input : Fist letter Should be capital and must contains minimum 3 characters :
Wrong Input : Fist letter Should be capital and must contains minimum 3 characters :
Wrong Input : Fist letter Should be capital and must contains minimum 3 characters :
Wrong Input : Fist letter Should be capital and must contains minimum 3 characters :
Wrong Input : Fist letter Should be capital and must contains minimum 3 characters :
Wrong Input : Fist letter Should be capital and must contains minimum 3 characters :
Wrong Input : Fist letter Should be capital and must contains minimum 3 characters :
Wrong Input : Fist letter Should be capital and must contains minimum 3 characters :
Wrong Input : Fist letter Should be capital and must contains minimum 3 characters :
Wrong Input : Fist letter Should be capital and must contains minimum 3 characters :
Wrong Input : Fist letter Should be capital and must contains minimum 3 characters :
Wrong Input : Fist letter Should be capital and must contains minimum 3 characters :
Wrong Input : Fist letter Should be capital and must contains minimum 3 characters :
Wrong Input : Fist letter Should be capital and must contains minimum 3 characters :
Wrong Input : Fist letter Should be capital and must contains minimum 3 characters :
Wrong Input : Fist letter Should be capital and must contains minimum 3 characters :
Wrong Input : Fist letter Should be capital and must contains minimum 3 characters :
Wrong Input : Fist letter Should be capital and must contains minimum 3 characters :
Wrong Input : Fist letter Should be capital and must contains minimum 3 characters :
Wrong Input : Fist letter Should be capital and must contains minimum 3 characters :
Wrong Input : Fist letter Should be capital and must contains minimum 3 characters :
Wrong Input : Fist letter Should be capital and must contains minimum 3 characters :
Wrong Input : Fist letter Should be capital and must contains minimum 3 characters :
Wrong Input : Fist letter Should be capital and must contains minimum 3 characters :
Wrong Input : Fist letter Should be capital and must contains minimum 3 characters :
Wrong Input : Fist letter Should be capital and must contains minimum 3 characters :
Wrong Input : Fist letter Should be capital and must contains minimum 3 characters :
Wrong Input : Fist letter Should be capital and must contains minimum 3 characters :
Wrong Input : Fist letter Should be capital and must contains minimum 3 characters :
Wrong Input : Fist letter Should be capital and must contains minimum 3 characters :
Wrong Input : Fist letter Should be capital and must contains minimum 3 characters :
Wrong Input : Fist letter Should be capital and must contains minimum 3 characters :
Wrong Input : Fist letter Should be capital and must contains minimum 3 characters :
Wrong Input : Fist letter Should be capital and must contains minimum 3 characters :
Wrong Input : Fist letter Should be capital and must contains minimum 3 characters :
Wrong Input : Fist letter Should be capital and must contains minimum 3 characters :
Wrong Input : Fist letter Should be capital and must contains minimum 3 characters :
Wrong Input : Fist letter Should be capital and must contains minimum 3 characters :
Wrong Input : Fist letter Should be capital and must contains minimum 3 characters :
Wrong Input : Fist letter Should be capital and must contains minimum 3 characters :
Wrong Input : Fist letter Should be capital and must contains minimum 3 characters :
Wrong Input : Fist letter Should be capital and must contains minimum 3 characters :
Wrong Input : Fist letter Should be capital and must contains minimum 3 characters :
Wrong Input : Fist letter Should be capital and must contains minimum 3 characters :
Wrong Input : Fist letter Should be capital and must contains minimum 3 characters :
Wrong Input : Fist letter Should be capital and must contains minimum 3 characters :
Wrong Input : Fist letter Should be capital and must contains minimum 3 characters :
Wrong Input : Fist letter Should be capital and must contains minimum 3 characters :
Wrong Input : Fist letter Should be capital and must contains minimum 3 characters :
Wrong Input : Fist letter Should be capital and must contains minimum 3 characters :
Wrong Input : Fist letter Should be capital and must contains minimum 3 characters :
Wrong Input : Fist letter Should be capital and must contains minimum 3 characters :
Wrong Input : Fist letter Should be capital and must contains minimum 3 characters :
Wrong Input : Fist letter Should be capital and must contains minimum 3 characters :
Wrong Input : Fist letter Should be capital and must contains minimum 3 characters :
Wrong Input : Fist letter Should be capital and must contains minimum 3 characters :
Wrong Input : Fist letter Should be capital and must contains minimum 3 characters :
Wrong Input : Fist letter Should be capital and must contains minimum 3 characters :
Wrong Input : Fist letter Should be capital and must contains minimum 3 characters :
Wrong Input : Fist letter Should be capital and must contains minimum 3 characters :
Wrong Input : Fist letter Should be capital and must contains minimum 3 characters :
Wrong Input : Fist letter Should be capital and must contains minimum 3 characters :
Wrong Input : Fist letter Should be capital and must contains minimum 3 characters :
Wrong Input : Fist letter Should be capital and must contains minimum 3 characters :
Wrong Input : Fist letter Should be capital and must contains minimum 3 characters :
Wrong Input : Fist letter Should be capital and must contains minimum 3 characters :
Wrong Input : Fist letter Should be capital and must contains minimum 3 characters :
Wrong Input : Fist letter Should be capital and must contains minimum 3 characters :
Wrong Input : Fist letter Should be capital and must contains minimum 3 characters :
Wrong Input : Fist letter Should be capital and must contains minimum 3 characters :
Wrong Input : Fist letter Should be capital and must contains minimum 3 characters :
Wrong Input : Fist letter Should be capital and must contains minimum 3 characters :
Wrong Input : Fist letter Should be capital and must contains minimum 3 characters :
Wrong Input : Fist letter Should be capital and must contains minimum 3 characters :
Wrong Input : Fist letter Should be capital and must contains minimum 3 characters :
Wrong Input : Fist letter Should be capital and must contains minimum 3 characters :
Wrong Input : Fist letter Should be capital and must contains minimum 3 characters :
Wrong Input : Fist letter Should be capital and must contains minimum 3 characters :
Wrong Input : Fist letter Should be capital and must contains minimum 3 characters :
Wrong Input : Fist letter Should be capital and must contains minimum 3 characters :
Wrong Input : Fist letter Should be capital and must contains minimum 3 characters :
Wrong Input : Fist letter Should be capital and must contains minimum 3 characters :
Wrong Input : Fist letter Should be capital and must contains minimum 3 characters :
Wrong Input : Fist letter Should be capital and must contains minimum 3 characters :
Wrong Input : Fist letter Should be capital and must contains minimum 3 characters :
Wrong Input : Fist letter Should be capital and must contains minimum 3 characters :
Wrong Input : Fist letter Should be capital and must contains minimum 3 characters :
Wrong Input : Fist letter Should be capital and must contains minimum 3 characters :
Wrong Input : Fist letter Should be capital and must contains minimum 3 characters :
Wrong Input : Fist letter Should be capital and must contains minimum 3 characters :
Wrong Input : Fist letter Should be capital and must contains minimum 3 characters :
Wrong Input : Fist letter Should be capital and must contains minimum 3 characters :
Wrong Input : Fist letter Should be capital and must contains minimum 3 characters :
Wrong Input : Fist letter Should be capital and must contains minimum 3 characters :
Wrong Input : Fist letter Should be capital and must contains minimum 3 characters :
Wrong Input : Fist letter Should be capital and must contains minimum 3 characters :
Wrong Input : Fist letter Should be capital and must contains minimum 3 characters :
Wrong Input : Fist letter Should be capital and must contains minimum 3 characters :
Wrong Input : Fist letter Should be capital and must contains minimum 3 characters :
Wrong Input : Fist letter Should be capital and must contains minimum 3 characters :
Wrong Input : Fist letter Should be capital and must contains minimum 3 characters :
Wrong Input : Fist letter Should be capital and must contains minimum 3 characters :
Wrong Input : Fist letter Should be capital and must contains minimum 3 characters :
Wrong Input : Fist letter Should be capital and must contains minimum 3 characters :
Wrong Input : Fist letter Should be capital and must contains minimum 3 characters :
Wrong Input : Fist letter Should be capital and must contains minimum 3 characters :
Wrong Input : Fist letter Should be capital and must contains minimum 3 characters :
Wrong Input : Fist letter Should be capital and must contains minimum 3 characters :
Wrong Input : Fist letter Should be capital and must contains minimum 3 characters :
Wrong Input : Fist letter Should be capital and must contains minimum 3 characters :
Wrong Input : Fist letter Should be capital and must contains minimum 3 characters :
Wrong Input : Fist letter Should be capital and must contains minimum 3 characters :
Wrong Input : Fist letter Should be capital and must contains minimum 3 characters :
Wrong Input : Fist letter Should be capital and must contains minimum 3 characters :
Wrong Input : Fist letter Should be capital and must contains minimum 3 characters :
Wrong Input : Fist letter Should be capital and must contains minimum 3 characters :
Wrong Input : Fist letter Should be capital and must contains minimum 3 characters :
Wrong Input : Fist letter Should be capital and must contains minimum 3 characters :
Wrong Input : Fist letter Should be capital and must contains minimum 3 characters :
Wrong Input : Fist letter Should be capital and must contains minimum 3 characters :
Wrong Input : Fist letter Should be capital and must contains minimum 3 characters :
Wrong Input : Fist letter Should be capital and must contains minimum 3 characters :
Wrong Input : Fist letter Should be capital and must contains minimum 3 characters :
Wrong Input : Fist letter Should be capital and must contains minimum 3 characters :
Wrong Input : Fist letter Should be capital and must contains minimum 3 characters :
Wrong Input : Fist letter Should be capital and must contains minimum 3 characters :
Wrong Input : Fist letter Should be capital and must contains minimum 3 characters :
Wrong Input : Fist letter Should be capital and must contains minimum 3 characters :
Wrong Input : Fist letter Should be capital and must contains minimum 3 characters :
Wrong Input : Fist letter Should be capital and must contains minimum 3 characters :
Wrong Input : Fist letter Should be capital and must contains minimum 3 characters :
Wrong Input : Fist letter Should be capital and must contains minimum 3 characters :
Wrong Input : Fist letter Should be capital and must contains minimum 3 characters :
Wrong Input : Fist letter Should be capital and must contains minimum 3 characters :
Wrong Input : Fist letter Should be capital and must contains minimum 3 characters :
Wrong Input : Fist letter Should be capital and must contains minimum 3 characters :
Wrong Input : Fist letter Should be capital and must contains minimum 3 characters :
Wrong Input : Fist letter Should be capital and must contains minimum 3 characters :
Wrong Input : Fist letter Should be capital and must contains minimum 3 characters :
Wrong Input : Fist letter Should be capital and must contains minimum 3 characters :
Wrong Input : Fist letter Should be capital and must contains minimum 3 characters :
Wrong Input : Fist letter Should be capital and must contains minimum 3 characters :
Wrong Input : Fist letter Should be capital and must contains minimum 3 characters :
Wrong Input : Fist letter Should be capital and must contains minimum 3 characters :
Wrong Input : Fist letter Should be capital and must contains minimum 3 characters :
Wrong Input : Fist letter Should be capital and must contains minimum 3 characters :
Wrong Input : Fist letter Should be capital and must contains minimum 3 characters :
Wrong Input : Fist letter Should be capital and must contains minimum 3 characters :
Wrong Input : Fist letter Should be capital and must contains minimum 3 characters :
Wrong Input : Fist letter Should be capital and must contains minimum 3 characters :
Wrong Input : Fist letter Should be capital and must contains minimum 3 characters :
Wrong Input : Fist letter Should be capital and must contains minimum 3 characters :
Wrong Input : Fist letter Should be capital and must contains minimum 3 characters :
Wrong Input : Fist letter Should be capital and must contains minimum 3 characters :
Wrong Input : Fist letter Should be capital and must contains minimum 3 characters :
Wrong Input : Fist letter Should be capital and must contains minimum 3 characters :
Wrong Input : Fist letter Should be capital and must contains minimum 3 characters :
Wrong Input : Fist letter Should be capital and must contains minimum 3 characters :
Wrong Input : Fist letter Should be capital and must contains minimum 3 characters :
Wrong Input : Fist letter Should be capital and must contains minimum 3 characters :
Wrong Input : Fist letter Should be capital and must contains minimum 3 characters :
Wrong Input : Fist letter Should be capital and must contains minimum 3 characters :
Wrong Input : Fist letter Should be capital and must contains minimum 3 characters :
Wrong Input : Fist letter Should be capital and must contains minimum 3 characters :
Wrong Input : Fist letter Should be capital and must contains minimum 3 characters :
Wrong Input : Fist letter Should be capital and must contains minimum 3 characters :
Wrong Input : Fist letter Should be capital and must contains minimum 3 characters :
Wrong Input : Fist letter Should be capital and must contains minimum 3 characters :
Wrong Input : Fist letter Should be capital and must contains minimum 3 characters :
Wrong Input : Fist letter Should be capital and must contains minimum 3 characters :
Wrong Input : Fist letter Should be capital and must contains minimum 3 characters :
Wrong Input : Fist letter Should be capital and must contains minimum 3 characters :
Wrong Input : Fist letter Should be capital and must contains minimum 3 characters :
Wrong Input : Fist letter Should be capital and must contains minimum 3 characters :
Wrong Input : Fist letter Should be capital and must contains minimum 3 characters :
Wrong Input : Fist letter Should be capital and must contains minimum 3 characters :
Wrong Input : Fist letter Should be capital and must contains minimum 3 characters :
Wrong Input : Fist letter Should be capital and must contains minimum 3 characters :
Wrong Input : Fist letter Should be capital and must contains minimum 3 characters :
Wrong Input : Fist letter Should be capital and must contains minimum 3 characters :
Wrong Input : Fist letter Should be capital and must contains minimum 3 characters :
Wrong Input : Fist letter Should be capital and must contains minimum 3 characters :
Wrong Input : Fist letter Should be capital and must contains minimum 3 characters :
Wrong Input : Fist letter Should be capital and must contains minimum 3 characters :
Wrong Input : Fist letter Should be capital and must contains minimum 3 characters :
Wrong Input : Fist letter Should be capital and must contains minimum 3 characters :
Wrong Input : Fist letter Should be capital and must contains minimum 3 characters :
Wrong Input : Fist letter Should be capital and must contains minimum 3 characters :
Wrong Input : Fist letter Should be capital and must contains minimum 3 characters :
Wrong Input : Fist letter Should be capital and must contains minimum 3 characters :
Wrong Input : Fist letter Should be capital and must contains minimum 3 characters :
Wrong Input : Fist letter Should be capital and must contains minimum 3 characters :
Wrong Input : Fist letter Should be capital and must contains minimum 3 characters :
Wrong Input : Fist letter Should be capital and must contains minimum 3 characters :
Wrong Input : Fist letter Should be capital and must contains minimum 3 characters :
Wrong Input : Fist letter Should be capital and must contains minimum 3 characters :
Wrong Input : Fist letter Should be capital and must contains minimum 3 characters :
Wrong Input : Fist letter Should be capital and must contains minimum 3 characters :
Wrong Input : Fist letter Should be capital and must contains minimum 3 characters :
Wrong Input : Fist letter Should be capital and must contains minimum 3 characters :
Wrong Input : Fist letter Should be capital and must contains minimum 3 characters :
Wrong Input : Fist letter Should be capital and must contains minimum 3 characters :
Wrong Input : Fist letter Should be capital and must contains minimum 3 characters :
Wrong Input : Fist letter Should be capital and must contains minimum 3 characters :
Wrong Input : Fist letter Should be capital and must contains minimum 3 characters :
Wrong Input : Fist letter Should be capital and must contains minimum 3 characters :
Wrong Input : Fist letter Should be capital and must contains minimum 3 characters :
Wrong Input : Fist letter Should be capital and must contains minimum 3 characters :
Wrong Input : Fist letter Should be capital and must contains minimum 3 characters :
Wrong Input : Fist letter Should be capital and must contains minimum 3 characters :
Wrong Input : Fist letter Should be capital and must contains minimum 3 characters :
Wrong Input : Fist letter Should be capital and must contains minimum 3 characters :
Wrong Input : Fist letter Should be capital and must contains minimum 3 characters :
Wrong Input : Fist letter Should be capital and must contains minimum 3 characters :
Wrong Input : Fist letter Should be capital and must contains minimum 3 characters :
Wrong Input : Fist letter Should be capital and must contains minimum 3 characters :
Wrong Input : Fist letter Should be capital and must contains minimum 3 characters :
Wrong Input : Fist letter Should be capital and must contains minimum 3 characters :
Wrong Input : Fist letter Should be capital and must contains minimum 3 characters :
Wrong Input : Fist letter Should be capital and must contains minimum 3 characters :
Wrong Input : Fist letter Should be capital and must contains minimum 3 characters :
Wrong Input : Fist letter Should be capital and must contains minimum 3 characters :
Wrong Input : Fist letter Should be capital and must contains minimum 3 characters :
Wrong Input : Fist letter Should be capital and must contains minimum 3 characters :
Wrong Input : Fist letter Should be capital and must contains minimum 3 characters :
Wrong Input : Fist letter Should be capital and must contains minimum 3 characters :
Wrong Input : Fist letter Should be capital and must contains minimum 3 characters :
Wrong Input : Fist letter Should be capital and must contains minimum 3 characters :
Wrong Input : Fist letter Should be capital and must contains minimum 3 characters :
Wrong Input : Fist letter Should be capital and must contains minimum 3 characters :
Wrong Input : Fist letter Should be capital and must contains minimum 3 characters :
Wrong Input : Fist letter Should be capital and must contains minimum 3 characters :
Wrong Input : Fist letter Should be capital and must contains minimum 3 characters :
Wrong Input : Fist letter Should be capital and must contains minimum 3 characters :
Wrong Input : Fist letter Should be capital and must contains minimum 3 characters :
Wrong Input : Fist letter Should be capital and must contains minimum 3 characters :
Wrong Input : Fist letter Should be capital and must contains minimum 3 characters :
Wrong Input : Fist letter Should be capital and must contains minimum 3 characters :
Wrong Input : Fist letter Should be capital and must contains minimum 3 characters :
Wrong Input : Fist letter Should be capital and must contains minimum 3 characters :
Wrong Input : Fist letter Should be capital and must contains minimum 3 characters :
Wrong Input : Fist letter Should be capital and must contains minimum 3 characters :
Wrong Input : Fist letter Should be capital and must contains minimum 3 characters :
Wrong Input : Fist letter Should be capital and must contains minimum 3 characters :
Wrong Input : Fist letter Should be capital and must contains minimum 3 characters :
Wrong Input : Fist letter Should be capital and must contains minimum 3 characters :
Wrong Input : Fist letter Should be capital and must contains minimum 3 characters :
Wrong Input : Fist letter Should be capital and must contains minimum 3 characters :
Wrong Input : Fist letter Should be capital and must contains minimum 3 characters :
Wrong Input : Fist letter Should be capital and must contains minimum 3 characters :
Wrong Input : Fist letter Should be capital and must contains minimum 3 characters :
Wrong Input : Fist letter Should be capital and must contains minimum 3 characters :
Wrong Input : Fist letter Should be capital and must contains minimum 3 characters :
Wrong Input : Fist letter Should be capital and must contains minimum 3 characters :
Wrong Input : Fist letter Should be capital and must contains minimum 3 characters :
Wrong Input : Fist letter Should be capital and must contains minimum 3 characters :
Wrong Input : Fist letter Should be capital and must contains minimum 3 characters :
Wrong Input : Fist letter Should be capital and must contains minimum 3 characters :
Wrong Input : Fist letter Should be capital and must contains minimum 3 characters :
Wrong Input : Fist letter Should be capital and must contains minimum 3 characters :
Wrong Input : Fist letter Should be capital and must contains minimum 3 characters :
Wrong Input : Fist letter Should be capital and must contains minimum 3 characters :
Wrong Input : Fist letter Should be capital and must contains minimum 3 characters :
Wrong Input : Fist letter Should be capital and must contains minimum 3 characters :
Wrong Input : Fist letter Should be capital and must contains minimum 3 characters :
Wrong Input : Fist letter Should be capital and must contains minimum 3 characters :
Wrong Input : Fist letter Should be capital and must contains minimum 3 characters :
Wrong Input : Fist letter Should be capital and must contains minimum 3 characters :
Wrong Input : Fist letter Should be capital and must contains minimum 3 characters :
Wrong Input : Fist letter Should be capital and must contains minimum 3 characters :
Wrong Input : Fist letter Should be capital and must contains minimum 3 characters :
Wrong Input : Fist letter Should be capital and must contains minimum 3 characters :
Wrong Input : Fist letter Should be capital and must contains minimum 3 characters :
Wrong Input : Fist letter Should be capital and must contains minimum 3 characters :
Wrong Input : Fist letter Should be capital and must contains minimum 3 characters :
Wrong Input : Fist letter Should be capital and must contains minimum 3 characters :
Wrong Input : Fist letter Should be capital and must contains minimum 3 characters :
Wrong Input : Fist letter Should be capital and must contains minimum 3 characters :
Wrong Input : Fist letter Should be capital and must contains minimum 3 characters :
Wrong Input : Fist letter Should be capital and must contains minimum 3 characters :
Wrong Input : Fist letter Should be capital and must contains minimum 3 characters :
Wrong Input : Fist letter Should be capital and must contains minimum 3 characters :
Wrong Input : Fist letter Should be capital and must contains minimum 3 characters :
Wrong Input : Fist letter Should be capital and must contains minimum 3 characters :
Wrong Input : Fist letter Should be capital and must contains minimum 3 characters :
Wrong Input : Fist letter Should be capital and must contains minimum 3 characters :
Wrong Input : Fist letter Should be capital and must contains minimum 3 characters :
Wrong Input : Fist letter Should be capital and must contains minimum 3 characters :
Wrong Input : Fist letter Should be capital and must contains minimum 3 characters :
Wrong Input : Fist letter Should be capital and must contains minimum 3 characters :
Wrong Input : Fist letter Should be capital and must contains minimum 3 characters :
Wrong Input : Fist letter Should be capital and must contains minimum 3 characters :
Wrong Input : Fist letter Should be capital and must contains minimum 3 characters :
Wrong Input : Fist letter Should be capital and must contains minimum 3 characters :
Wrong Input : Fist letter Should be capital and must contains minimum 3 characters :
Wrong Input : Fist letter Should be capital and must contains minimum 3 characters :
Wrong Input : Fist letter Should be capital and must contains minimum 3 characters :
Wrong Input : Fist letter Should be capital and must contains minimum 3 characters :
Wrong Input : Fist letter Should be capital and must contains minimum 3 characters :
Wrong Input : Fist letter Should be capital and must contains minimum 3 characters :
Wrong Input : Fist letter Should be capital and must contains minimum 3 characters :
Wrong Input : Fist letter Should be capital and must contains minimum 3 characters :
Wrong Input : Fist letter Should be capital and must contains minimum 3 characters :
Wrong Input : Fist letter Should be capital and must contains minimum 3 characters :
Wrong Input : Fist letter Should be capital and must contains minimum 3 characters :
Wrong Input : Fist letter Should be capital and must contains minimum 3 characters :
Wrong Input : Fist letter Should be capital and must contains minimum 3 characters :
Wrong Input : Fist letter Should be capital and must contains minimum 3 characters :
Wrong Input : Fist letter Should be capital and must contains minimum 3 characters :
Wrong Input : Fist letter Should be capital and must contains minimum 3 characters :
Wrong Input : Fist letter Should be capital and must contains minimum 3 characters :
Wrong Input : Fist letter Should be capital and must contains minimum 3 characters :
Wrong Input : Fist letter Should be capital and must contains minimum 3 characters :
Wrong Input : Fist letter Should be capital and must contains minimum 3 characters :
Wrong Input : Fist letter Should be capital and must contains minimum 3 characters :
Wrong Input : Fist letter Should be capital and must contains minimum 3 characters :
Wrong Input : Fist letter Should be capital and must contains minimum 3 characters :
Wrong Input : Fist letter Should be capital and must contains minimum 3 characters :
Wrong Input : Fist letter Should be capital and must contains minimum 3 characters :
Wrong Input : Fist letter Should be capital and must contains minimum 3 characters :
Wrong Input : Fist letter Should be capital and must contains minimum 3 characters :
Wrong Input : Fist letter Should be capital and must contains minimum 3 characters :
Wrong Input : Fist letter Should be capital and must contains minimum 3 characters :
Wrong Input : Fist letter Should be capital and must contains minimum 3 characters :
Wrong Input : Fist letter Should be capital and must contains minimum 3 characters :
Wrong Input : Fist letter Should be capital and must contains minimum 3 characters :
Wrong Input : Fist letter Should be capital and must contains minimum 3 characters :
Wrong Input : Fist letter Should be capital and must contains minimum 3 characters :
Wrong Input : Fist letter Should be capital and must contains minimum 3 characters :
Wrong Input : Fist letter Should be capital and must contains minimum 3 characters :
Wrong Input : Fist letter Should be capital and must contains minimum 3 characters :
Wrong Input : Fist letter Should be capital and must contains minimum 3 characters :
Wrong Input : Fist letter Should be capital and must contains minimum 3 characters :
Wrong Input : Fist letter Should be capital and must contains minimum 3 characters :
Wrong Input : Fist letter Should be capital and must contains minimum 3 characters :
Wrong Input : Fist letter Should be capital and must contains minimum 3 characters :
Wrong Input : Fist letter Should be capital and must contains minimum 3 characters :
Wrong Input : Fist letter Should be capital and must contains minimum 3 characters :
Wrong Input : Fist letter Should be capital and must contains minimum 3 characters :
Wrong Input : Fist letter Should be capital and must contains minimum 3 characters :
Wrong Input : Fist letter Should be capital and must contains minimum 3 characters :
Wrong Input : Fist letter Should be capital and must contains minimum 3 characters :
Wrong Input : Fist letter Should be capital and must contains minimum 3 characters :
Wrong Input : Fist letter Should be capital and must contains minimum 3 characters :
Wrong Input : Fist letter Should be capital and must contains minimum 3 characters :
Wrong Input : Fist letter Should be capital and must contains minimum 3 characters :
Wrong Input : Fist letter Should be capital and must contains minimum 3 characters :
Wrong Input : Fist letter Should be capital and must contains minimum 3 characters :
Wrong Input : Fist letter Should be capital and must contains minimum 3 characters :
Wrong Input : Fist letter Should be capital and must contains minimum 3 characters :
Wrong Input : Fist letter Should be capital and must contains minimum 3 characters :
Wrong Input : Fist letter Should be capital and must contains minimum 3 characters :
Wrong Input : Fist letter Should be capital and must contains minimum 3 characters :
Wrong Input : Fist letter Should be capital and must contains minimum 3 characters :
Wrong Input : Fist letter Should be capital and must contains minimum 3 characters :
Wrong Input : Fist letter Should be capital and must contains minimum 3 characters :
Wrong Input : Fist letter Should be capital and must contains minimum 3 characters :
Wrong Input : Fist letter Should be capital and must contains minimum 3 characters :
Wrong Input : Fist letter Should be capital and must contains minimum 3 characters :
Wrong Input : Fist letter Should be capital and must contains minimum 3 characters :
Wrong Input : Fist letter Should be capital and must contains minimum 3 characters :
Wrong Input : Fist letter Should be capital and must contains minimum 3 characters :
Wrong Input : Fist letter Should be capital and must contains minimum 3 characters :
Wrong Input : Fist letter Should be capital and must contains minimum 3 characters :
Wrong Input : Fist letter Should be capital and must contains minimum 3 characters :
Wrong Input : Fist letter Should be capital and must contains minimum 3 characters :
Wrong Input : Fist letter Should be capital and must contains minimum 3 characters :
Wrong Input : Fist letter Should be capital and must contains minimum 3 characters :
Wrong Input : Fist letter Should be capital and must contains minimum 3 characters :
Wrong Input : Fist letter Should be capital and must contains minimum 3 characters :
Wrong Input : Fist letter Should be capital and must contains minimum 3 characters :
Wrong Input : Fist letter Should be capital and must contains minimum 3 characters :
Wrong Input : Fist letter Should be capital and must contains minimum 3 characters :
Wrong Input : Fist letter Should be capital and must contains minimum 3 characters :
Wrong Input : Fist letter Should be capital and must contains minimum 3 characters :
Wrong Input : Fist letter Should be capital and must contains minimum 3 characters :
Wrong Input : Fist letter Should be capital and must contains minimum 3 characters :
Wrong Input : Fist letter Should be capital and must contains minimum 3 characters :
Wrong Input : Fist letter Should be capital and must contains minimum 3 characters :
Wrong Input : Fist letter Should be capital and must contains minimum 3 characters :
Wrong Input : Fist letter Should be capital and must contains minimum 3 characters :
Wrong Input : Fist letter Should be capital and must contains minimum 3 characters :
Wrong Input : Fist letter Should be capital and must contains minimum 3 characters :
Wrong Input : Fist letter Should be capital and must contains minimum 3 characters :
Wrong Input : Fist letter Should be capital and must contains minimum 3 characters :
Wrong Input : Fist letter Should be capital and must contains minimum 3 characters :
Wrong Input : Fist letter Should be capital and must contains minimum 3 characters :
Wrong Input : Fist letter Should be capital and must contains minimum 3 characters :
Wrong Input : Fist letter Should be capital and must contains minimum 3 characters :
Wrong Input : Fist letter Should be capital and must contains minimum 3 characters :
Wrong Input : Fist letter Should be capital and must contains minimum 3 characters :
Wrong Input : Fist letter Should be capital and must contains minimum 3 characters :
Wrong Input : Fist letter Should be capital and must contains minimum 3 characters :
Wrong Input : Fist letter Should be capital and must contains minimum 3 characters :
Wrong Input : Fist letter Should be capital and must contains minimum 3 characters :
Wrong Input : Fist letter Should be capital and must contains minimum 3 characters :
Wrong Input : Fist letter Should be capital and must contains minimum 3 characters :
Wrong Input : Fist letter Should be capital and must contains minimum 3 characters :
Wrong Input : Fist letter Should be capital and must contains minimum 3 characters :
Wrong Input : Fist letter Should be capital and must contains minimum 3 characters :
Wrong Input : Fist letter Should be capital and must contains minimum 3 characters :
Wrong Input : Fist letter Should be capital and must contains minimum 3 characters :
Wrong Input : Fist letter Should be capital and must contains minimum 3 characters :
Wrong Input : Fist letter Should be capital and must contains minimum 3 characters :
Wrong Input : Fist letter Should be capital and must contains minimum 3 characters :
Wrong Input : Fist letter Should be capital and must contains minimum 3 characters :
Wrong Input : Fist letter Should be capital and must contains minimum 3 characters :
Wrong Input : Fist letter Should be capital and must contains minimum 3 characters :
Wrong Input : Fist letter Should be capital and must contains minimum 3 characters :
Wrong Input : Fist letter Should be capital and must contains minimum 3 characters :
Wrong Input : Fist letter Should be capital and must contains minimum 3 characters :
Wrong Input : Fist letter Should be capital and must contains minimum 3 characters :
Wrong Input : Fist letter Should be capital and must contains minimum 3 characters :
Wrong Input : Fist letter Should be capital and must contains minimum 3 characters :
Wrong Input : Fist letter Should be capital and must contains minimum 3 characters :
Wrong Input : Fist letter Should be capital and must contains minimum 3 characters :
Wrong Input : Fist letter Should be capital and must contains minimum 3 characters :
Wrong Input : Fist letter Should be capital and must contains minimum 3 characters :
Wrong Input : Fist letter Should be capital and must contains minimum 3 characters :
Wrong Input : Fist letter Should be capital and must contains minimum 3 characters :
Wrong Input : Fist letter Should be capital and must contains minimum 3 characters :
Wrong Input : Fist letter Should be capital and must contains minimum 3 characters :
Wrong Input : Fist letter Should be capital and must contains minimum 3 characters :
Wrong Input : Fist letter Should be capital and must contains minimum 3 characters :
Wrong Input : Fist letter Should be capital and must contains minimum 3 characters :
Wrong Input : Fist letter Should be capital and must contains minimum 3 characters :
Wrong Input : Fist letter Should be capital and must contains minimum 3 characters :
Wrong Input : Fist letter Should be capital and must contains minimum 3 characters :
Wrong Input : Fist letter Should be capital and must contains minimum 3 characters :
Wrong Input : Fist letter Should be capital and must contains minimum 3 characters :
Wrong Input : Fist letter Should be capital and must contains minimum 3 characters :
Wrong Input : Fist letter Should be capital and must contains minimum 3 characters :
Wrong Input : Fist letter Should be capital and must contains minimum 3 characters :
Wrong Input : Fist letter Should be capital and must contains minimum 3 characters :
Wrong Input : Fist letter Should be capital and must contains minimum 3 characters :
Wrong Input : Fist letter Should be capital and must contains minimum 3 characters :
Wrong Input : Fist letter Should be capital and must contains minimum 3 characters :
Wrong Input : Fist letter Should be capital and must contains minimum 3 characters :
Wrong Input : Fist letter Should be capital and must contains minimum 3 characters :
Wrong Input : Fist letter Should be capital and must contains minimum 3 characters :
Wrong Input : Fist letter Should be capital and must contains minimum 3 characters :
Wrong Input : Fist letter Should be capital and must contains minimum 3 characters :
Wrong Input : Fist letter Should be capital and must contains minimum 3 characters :
Wrong Input : Fist letter Should be capital and must contains minimum 3 characters :
Wrong Input : Fist letter Should be capital and must contains minimum 3 characters :
Wrong Input : Fist letter Should be capital and must contains minimum 3 characters :
Wrong Input : Fist letter Should be capital and must contains minimum 3 characters :
Wrong Input : Fist letter Should be capital and must contains minimum 3 characters :
Wrong Input : Fist letter Should be capital and must contains minimum 3 characters :
Wrong Input : Fist letter Should be capital and must contains minimum 3 characters :
Wrong Input : Fist letter Should be capital and must contains minimum 3 characters :
Wrong Input : Fist letter Should be capital and must contains minimum 3 characters :
Wrong Input : Fist letter Should be capital and must contains minimum 3 characters :
Wrong Input : Fist letter Should be capital and must contains minimum 3 characters :
Wrong Input : Fist letter Should be capital and must contains minimum 3 characters :
Wrong Input : Fist letter Should be capital and must contains minimum 3 characters :
Wrong Input : Fist letter Should be capital and must contains minimum 3 characters :
Wrong Input : Fist letter Should be capital and must contains minimum 3 characters :
Wrong Input : Fist letter Should be capital and must contains minimum 3 characters :
Wrong Input : Fist letter Should be capital and must contains minimum 3 characters :
Wrong Input : Fist letter Should be capital and must contains minimum 3 characters :
Wrong Input : Fist letter Should be capital and must contains minimum 3 characters :
Wrong Input : Fist letter Should be capital and must contains minimum 3 characters :
Wrong Input : Fist letter Should be capital and must contains minimum 3 characters :
Wrong Input : Fist letter Should be capital and must contains minimum 3 characters :
Wrong Input : Fist letter Should be capital and must contains minimum 3 characters :
Wrong Input : Fist letter Should be capital and must contains minimum 3 characters :
Wrong Input : Fist letter Should be capital and must contains minimum 3 characters :
Wrong Input : Fist letter Should be capital and must contains minimum 3 characters :
Wrong Input : Fist letter Should be capital and must contains minimum 3 characters :
Wrong Input : Fist letter Should be capital and must contains minimum 3 characters :
Wrong Input : Fist letter Should be capital and must contains minimum 3 characters :
Wrong Input : Fist letter Should be capital and must contains minimum 3 characters :
Wrong Input : Fist letter Should be capital and must contains minimum 3 characters :
Wrong Input : Fist letter Should be capital and must contains minimum 3 characters :
Wrong Input : Fist letter Should be capital and must contains minimum 3 characters :
Wrong Input : Fist letter Should be capital and must contains minimum 3 characters :
Wrong Input : Fist letter Should be capital and must contains minimum 3 characters :
Wrong Input : Fist letter Should be capital and must contains minimum 3 characters :
Wrong Input : Fist letter Should be capital and must contains minimum 3 characters :
Wrong Input : Fist letter Should be capital and must contains minimum 3 characters :
Wrong Input : Fist letter Should be capital and must contains minimum 3 characters :
Wrong Input : Fist letter Should be capital and must contains minimum 3 characters :
Wrong Input : Fist letter Should be capital and must contains minimum 3 characters :
Wrong Input : Fist letter Should be capital and must contains minimum 3 characters :
Wrong Input : Fist letter Should be capital and must contains minimum 3 characters :
Wrong Input : Fist letter Should be capital and must contains minimum 3 characters :
Wrong Input : Fist letter Should be capital and must contains minimum 3 characters :
Wrong Input : Fist letter Should be capital and must contains minimum 3 characters :
Wrong Input : Fist letter Should be capital and must contains minimum 3 characters :
Wrong Input : Fist letter Should be capital and must contains minimum 3 characters :
Wrong Input : Fist letter Should be capital and must contains minimum 3 characters :
Wrong Input : Fist letter Should be capital and must contains minimum 3 characters :
Wrong Input : Fist letter Should be capital and must contains minimum 3 characters :
Wrong Input : Fist letter Should be capital and must contains minimum 3 characters :
Wrong Input : Fist letter Should be capital and must contains minimum 3 characters :
Wrong Input : Fist letter Should be capital and must contains minimum 3 characters :
Wrong Input : Fist letter Should be capital and must contains minimum 3 characters :
Wrong Input : Fist letter Should be capital and must contains minimum 3 characters :
Wrong Input : Fist letter Should be capital and must contains minimum 3 characters :
Wrong Input : Fist letter Should be capital and must contains minimum 3 characters :
Wrong Input : Fist letter Should be capital and must contains minimum 3 characters :
Wrong Input : Fist letter Should be capital and must contains minimum 3 characters :
Wrong Input : Fist letter Should be capital and must contains minimum 3 characters :
Wrong Input : Fist letter Should be capital and must contains minimum 3 characters :
Wrong Input : Fist letter Should be capital and must contains minimum 3 characters :
Wrong Input : Fist letter Should be capital and must contains minimum 3 characters :
Wrong Input : Fist letter Should be capital and must contains minimum 3 characters :
Wrong Input : Fist letter Should be capital and must contains minimum 3 characters :
Wrong Input : Fist letter Should be capital and must contains minimum 3 characters :
Wrong Input : Fist letter Should be capital and must contains minimum 3 characters :
Wrong Input : Fist letter Should be capital and must contains minimum 3 characters :
Wrong Input : Fist letter Should be capital and must contains minimum 3 characters :
Wrong Input : Fist letter Should be capital and must contains minimum 3 characters :
Wrong Input : Fist letter Should be capital and must contains minimum 3 characters :
Wrong Input : Fist letter Should be capital and must contains minimum 3 characters :
Wrong Input : Fist letter Should be capital and must contains minimum 3 characters :
Wrong Input : Fist letter Should be capital and must contains minimum 3 characters :
Wrong Input : Fist letter Should be capital and must contains minimum 3 characters :
Wrong Input : Fist letter Should be capital and must contains minimum 3 characters :
Wrong Input : Fist letter Should be capital and must contains minimum 3 characters :
Wrong Input : Fist letter Should be capital and must contains minimum 3 characters :
Wrong Input : Fist letter Should be capital and must contains minimum 3 characters :
Wrong Input : Fist letter Should be capital and must contains minimum 3 characters :
Wrong Input : Fist letter Should be capital and must contains minimum 3 characters :
Wrong Input : Fist letter Should be capital and must contains minimum 3 characters :
Wrong Input : Fist letter Should be capital and must contains minimum 3 characters :
Wrong Input : Fist letter Should be capital and must contains minimum 3 characters :
Wrong Input : Fist letter Should be capital and must contains minimum 3 characters :
Wrong Input : Fist letter Should be capital and must contains minimum 3 characters :
Wrong Input : Fist letter Should be capital and must contains minimum 3 characters :
Wrong Input : Fist letter Should be capital and must contains minimum 3 characters :
Wrong Input : Fist letter Should be capital and must contains minimum 3 characters :
Wrong Input : Fist letter Should be capital and must contains minimum 3 characters :
Wrong Input : Fist letter Should be capital and must contains minimum 3 characters :
Wrong Input : Fist letter Should be capital and must contains minimum 3 characters :
Wrong Input : Fist letter Should be capital and must contains minimum 3 characters :
Wrong Input : Fist letter Should be capital and must contains minimum 3 characters :
Wrong Input : Fist letter Should be capital and must contains minimum 3 characters :
Wrong Input : Fist letter Should be capital and must contains minimum 3 characters :
Wrong Input : Fist letter Should be capital and must contains minimum 3 characters :
Wrong Input : Fist letter Should be capital and must contains minimum 3 characters :
Wrong Input : Fist letter Should be capital and must contains minimum 3 characters :
Wrong Input : Fist letter Should be capital and must contains minimum 3 characters :
Wrong Input : Fist letter Should be capital and must contains minimum 3 characters :
Wrong Input : Fist letter Should be capital and must contains minimum 3 characters :
Wrong Input : Fist letter Should be capital and must contains minimum 3 characters :
Wrong Input : Fist letter Should be capital and must contains minimum 3 characters :
Wrong Input : Fist letter Should be capital and must contains minimum 3 characters :
Wrong Input : Fist letter Should be capital and must contains minimum 3 characters :
Wrong Input : Fist letter Should be capital and must contains minimum 3 characters :
Wrong Input : Fist letter Should be capital and must contains minimum 3 characters :
Wrong Input : Fist letter Should be capital and must contains minimum 3 characters :
Wrong Input : Fist letter Should be capital and must contains minimum 3 characters :
Wrong Input : Fist letter Should be capital and must contains minimum 3 characters :
Wrong Input : Fist letter Should be capital and must contains minimum 3 characters :
Wrong Input : Fist letter Should be capital and must contains minimum 3 characters :
Wrong Input : Fist letter Should be capital and must contains minimum 3 characters :
Wrong Input : Fist letter Should be capital and must contains minimum 3 characters :
Wrong Input : Fist letter Should be capital and must contains minimum 3 characters :
Wrong Input : Fist letter Should be capital and must contains minimum 3 characters :
Wrong Input : Fist letter Should be capital and must contains minimum 3 characters :
Wrong Input : Fist letter Should be capital and must contains minimum 3 characters :
Wrong Input : Fist letter Should be capital and must contains minimum 3 characters :
Wrong Input : Fist letter Should be capital and must contains minimum 3 characters :
Wrong Input : Fist letter Should be capital and must contains minimum 3 characters :
Wrong Input : Fist letter Should be capital and must contains minimum 3 characters :
Wrong Input : Fist letter Should be capital and must contains minimum 3 characters :
Wrong Input : Fist letter Should be capital and must contains minimum 3 characters :
Wrong Input : Fist letter Should be capital and must contains minimum 3 characters :
Wrong Input : Fist letter Should be capital and must contains minimum 3 characters :
Wrong Input : Fist letter Should be capital and must contains minimum 3 characters :
Wrong Input : Fist letter Should be capital and must contains minimum 3 characters :
Wrong Input : Fist letter Should be capital and must contains minimum 3 characters :
Wrong Input : Fist letter Should be capital and must contains minimum 3 characters :
Wrong Input : Fist letter Should be capital and must contains minimum 3 characters :
Wrong Input : Fist letter Should be capital and must contains minimum 3 characters :
Wrong Input : Fist letter Should be capital and must contains minimum 3 characters :
Wrong Input : Fist letter Should be capital and must contains minimum 3 characters :
Wrong Input : Fist letter Should be capital and must contains minimum 3 characters :
Wrong Input : Fist letter Should be capital and must contains minimum 3 characters :
Wrong Input : Fist letter Should be capital and must contains minimum 3 characters :
Wrong Input : Fist letter Should be capital and must contains minimum 3 characters :
Wrong Input : Fist letter Should be capital and must contains minimum 3 characters :
Wrong Input : Fist letter Should be capital and must contains minimum 3 characters :
Wrong Input : Fist letter Should be capital and must contains minimum 3 characters :
Wrong Input : Fist letter Should be capital and must contains minimum 3 characters :
Wrong Input : Fist letter Should be capital and must contains minimum 3 characters :
Wrong Input : Fist letter Should be capital and must contains minimum 3 characters :
Wrong Input : Fist letter Should be capital and must contains minimum 3 characters :
Wrong Input : Fist letter Should be capital and must contains minimum 3 characters :
Wrong Input : Fist letter Should be capital and must contains minimum 3 characters :
Wrong Input : Fist letter Should be capital and must contains minimum 3 characters :
Wrong Input : Fist letter Should be capital and must contains minimum 3 characters :
Wrong Input : Fist letter Should be capital and must contains minimum 3 characters :
Wrong Input : Fist letter Should be capital and must contains minimum 3 characters :
Wrong Input : Fist letter Should be capital and must contains minimum 3 characters :
Wrong Input : Fist letter Should be capital and must contains minimum 3 characters :
Wrong Input : Fist letter Should be capital and must contains minimum 3 characters :
Wrong Input : Fist letter Should be capital and must contains minimum 3 characters :
Wrong Input : Fist letter Should be capital and must contains minimum 3 characters :
Wrong Input : Fist letter Should be capital and must contains minimum 3 characters :
Wrong Input : Fist letter Should be capital and must contains minimum 3 characters :
Wrong Input : Fist letter Should be capital and must contains minimum 3 characters :
Wrong Input : Fist letter Should be capital and must contains minimum 3 characters :
Wrong Input : Fist letter Should be capital and must contains minimum 3 characters :
Wrong Input : Fist letter Should be capital and must contains minimum 3 characters :
Wrong Input : Fist letter Should be capital and must contains minimum 3 characters :
Wrong Input : Fist letter Should be capital and must contains minimum 3 characters :
Wrong Input : Fist letter Should be capital and must contains minimum 3 characters :
Wrong Input : Fist letter Should be capital and must contains minimum 3 characters :
Wrong Input : Fist letter Should be capital and must contains minimum 3 characters :
Wrong Input : Fist letter Should be capital and must contains minimum 3 characters :
Wrong Input : Fist letter Should be capital and must contains minimum 3 characters :
Wrong Input : Fist letter Should be capital and must contains minimum 3 characters :
Wrong Input : Fist letter Should be capital and must contains minimum 3 characters :
Wrong Input : Fist letter Should be capital and must contains minimum 3 characters :
Wrong Input : Fist letter Should be capital and must contains minimum 3 characters :
Wrong Input : Fist letter Should be capital and must contains minimum 3 characters :
Wrong Input : Fist letter Should be capital and must contains minimum 3 characters :
Wrong Input : Fist letter Should be capital and must contains minimum 3 characters :
Wrong Input : Fist letter Should be capital and must contains minimum 3 characters :
Wrong Input : Fist letter Should be capital and must contains minimum 3 characters :
Wrong Input : Fist letter Should be capital and must contains minimum 3 characters :
Wrong Input : Fist letter Should be capital and must contains minimum 3 characters :
Wrong Input : Fist letter Should be capital and must contains minimum 3 characters :
Wrong Input : Fist letter Should be capital and must contains minimum 3 characters :
Wrong Input : Fist letter Should be capital and must contains minimum 3 characters :
Wrong Input : Fist letter Should be capital and must contains minimum 3 characters :
Wrong Input : Fist letter Should be capital and must contains minimum 3 characters :
Wrong Input : Fist letter Should be capital and must contains minimum 3 characters :
Wrong Input : Fist letter Should be capital and must contains minimum 3 characters :
Wrong Input : Fist letter Should be capital and must contains minimum 3 characters :
Wrong Input : Fist letter Should be capital and must contains minimum 3 characters :
Wrong Input : Fist letter Should be capital and must contains minimum 3 characters :
Wrong Input : Fist letter Should be capital and must contains minimum 3 characters :
Wrong Input : Fist letter Should be capital and must contains minimum 3 characters :
Wrong Input : Fist letter Should be capital and must contains minimum 3 characters :
Wrong Input : Fist letter Should be capital and must contains minimum 3 characters :
Wrong Input : Fist letter Should be capital and must contains minimum 3 characters :
Wrong Input : Fist letter Should be capital and must contains minimum 3 characters :
Wrong Input : Fist letter Should be capital and must contains minimum 3 characters :
Wrong Input : Fist letter Should be capital and must contains minimum 3 characters :
Wrong Input : Fist letter Should be capital and must contains minimum 3 characters :
Wrong Input : Fist letter Should be capital and must contains minimum 3 characters :
Wrong Input : Fist letter Should be capital and must contains minimum 3 characters :
Wrong Input : Fist letter Should be capital and must contains minimum 3 characters :
Wrong Input : Fist letter Should be capital and must contains minimum 3 characters :
Wrong Input : Fist letter Should be capital and must contains minimum 3 characters :
Wrong Input : Fist letter Should be capital and must contains minimum 3 characters :
Wrong Input : Fist letter Should be capital and must contains minimum 3 characters :
Wrong Input : Fist letter Should be capital and must contains minimum 3 characters :
Wrong Input : Fist letter Should be capital and must contains minimum 3 characters :
Wrong Input : Fist letter Should be capital and must contains minimum 3 characters :
Wrong Input : Fist letter Should be capital and must contains minimum 3 characters :
Wrong Input : Fist letter Should be capital and must contains minimum 3 characters :
Wrong Input : Fist letter Should be capital and must contains minimum 3 characters :
Wrong Input : Fist letter Should be capital and must contains minimum 3 characters :
Wrong Input : Fist letter Should be capital and must contains minimum 3 characters :
Wrong Input : Fist letter Should be capital and must contains minimum 3 characters :
Wrong Input : Fist letter Should be capital and must contains minimum 3 characters :
Wrong Input : Fist letter Should be capital and must contains minimum 3 characters :
Wrong Input : Fist letter Should be capital and must contains minimum 3 characters :
Wrong Input : Fist letter Should be capital and must contains minimum 3 characters :
Wrong Input : Fist letter Should be capital and must contains minimum 3 characters :
Wrong Input : Fist letter Should be capital and must contains minimum 3 characters :
Wrong Input : Fist letter Should be capital and must contains minimum 3 characters :
Wrong Input : Fist letter Should be capital and must contains minimum 3 characters :
Wrong Input : Fist letter Should be capital and must contains minimum 3 characters :
Wrong Input : Fist letter Should be capital and must contains minimum 3 characters :
Wrong Input : Fist letter Should be capital and must contains minimum 3 characters :
Wrong Input : Fist letter Should be capital and must contains minimum 3 characters :
Wrong Input : Fist letter Should be capital and must contains minimum 3 characters :
Wrong Input : Fist letter Should be capital and must contains minimum 3 characters :
Wrong Input : Fist letter Should be capital and must contains minimum 3 characters :
Wrong Input : Fist letter Should be capital and must contains minimum 3 characters :
Wrong Input : Fist letter Should be capital and must contains minimum 3 characters :
Wrong Input : Fist letter Should be capital and must contains minimum 3 characters :
Wrong Input : Fist letter Should be capital and must contains minimum 3 characters :
Wrong Input : Fist letter Should be capital and must contains minimum 3 characters :
Wrong Input : Fist letter Should be capital and must contains minimum 3 characters :
Wrong Input : Fist letter Should be capital and must contains minimum 3 characters :
Wrong Input : Fist letter Should be capital and must contains minimum 3 characters :
Wrong Input : Fist letter Should be capital and must contains minimum 3 characters :
Wrong Input : Fist letter Should be capital and must contains minimum 3 characters :
Wrong Input : Fist letter Should be capital and must contains minimum 3 characters :
Wrong Input : Fist letter Should be capital and must contains minimum 3 characters :
Wrong Input : Fist letter Should be capital and must contains minimum 3 characters :
Wrong Input : Fist letter Should be capital and must contains minimum 3 characters :
Wrong Input : Fist letter Should be capital and must contains minimum 3 characters :
Wrong Input : Fist letter Should be capital and must contains minimum 3 characters :
Wrong Input : Fist letter Should be capital and must contains minimum 3 characters :
Wrong Input : Fist letter Should be capital and must contains minimum 3 characters :
Wrong Input : Fist letter Should be capital and must contains minimum 3 characters :
Wrong Input : Fist letter Should be capital and must contains minimum 3 characters :
Wrong Input : Fist letter Should be capital and must contains minimum 3 characters :
Wrong Input : Fist letter Should be capital and must contains minimum 3 characters :
Wrong Input : Fist letter Should be capital and must contains minimum 3 characters :
Wrong Input : Fist letter Should be capital and must contains minimum 3 characters :
Wrong Input : Fist letter Should be capital and must contains minimum 3 characters :
Wrong Input : Fist letter Should be capital and must contains minimum 3 characters :
Wrong Input : Fist letter Should be capital and must contains minimum 3 characters :
Wrong Input : Fist letter Should be capital and must contains minimum 3 characters :
Wrong Input : Fist letter Should be capital and must contains minimum 3 characters :
Wrong Input : Fist letter Should be capital and must contains minimum 3 characters :
Wrong Input : Fist letter Should be capital and must contains minimum 3 characters :
Wrong Input : Fist letter Should be capital and must contains minimum 3 characters :
Wrong Input : Fist letter Should be capital and must contains minimum 3 characters :
Wrong Input : Fist letter Should be capital and must contains minimum 3 characters :
Wrong Input : Fist letter Should be capital and must contains minimum 3 characters :
Wrong Input : Fist letter Should be capital and must contains minimum 3 characters :
Wrong Input : Fist letter Should be capital and must contains minimum 3 characters :
Wrong Input : Fist letter Should be capital and must contains minimum 3 characters :
Wrong Input : Fist letter Should be capital and must contains minimum 3 characters :
Wrong Input : Fist letter Should be capital and must contains minimum 3 characters :
Wrong Input : Fist letter Should be capital and must contains minimum 3 characters :
Wrong Input : Fist letter Should be capital and must contains minimum 3 characters :
Wrong Input : Fist letter Should be capital and must contains minimum 3 characters :
Wrong Input : Fist letter Should be capital and must contains minimum 3 characters :
Wrong Input : Fist letter Should be capital and must contains minimum 3 characters :
Wrong Input : Fist letter Should be capital and must contains minimum 3 characters :
Wrong Input : Fist letter Should be capital and must contains minimum 3 characters :
Wrong Input : Fist letter Should be capital and must contains minimum 3 characters :
Wrong Input : Fist letter Should be capital and must contains minimum 3 characters :
Wrong Input : Fist letter Should be capital and must contains minimum 3 characters :
Wrong Input : Fist letter Should be capital and must contains minimum 3 characters :
Wrong Input : Fist letter Should be capital and must contains minimum 3 characters :
Wrong Input : Fist letter Should be capital and must contains minimum 3 characters :
Wrong Input : Fist letter Should be capital and must contains minimum 3 characters :
Wrong Input : Fist letter Should be capital and must contains minimum 3 characters :
Wrong Input : Fist letter Should be capital and must contains minimum 3 characters :
Wrong Input : Fist letter Should be capital and must contains minimum 3 characters :
Wrong Input : Fist letter Should be capital and must contains minimum 3 characters :
Wrong Input : Fist letter Should be capital and must contains minimum 3 characters :
Wrong Input : Fist letter Should be capital and must contains minimum 3 characters :
Wrong Input : Fist letter Should be capital and must contains minimum 3 characters :
Wrong Input : Fist letter Should be capital and must contains minimum 3 characters :
Wrong Input : Fist letter Should be capital and must contains minimum 3 characters :
Wrong Input : Fist letter Should be capital and must contains minimum 3 characters :
Wrong Input : Fist letter Should be capital and must contains minimum 3 characters :
Wrong Input : Fist letter Should be capital and must contains minimum 3 characters :
Wrong Input : Fist letter Should be capital and must contains minimum 3 characters :
Wrong Input : Fist letter Should be capital and must contains minimum 3 characters :
Wrong Input : Fist letter Should be capital and must contains minimum 3 characters :
Wrong Input : Fist letter Should be capital and must contains minimum 3 characters :
Wrong Input : Fist letter Should be capital and must contains minimum 3 characters :
Wrong Input : Fist letter Should be capital and must contains minimum 3 characters :
Wrong Input : Fist letter Should be capital and must contains minimum 3 characters :
Wrong Input : Fist letter Should be capital and must contains minimum 3 characters :
Wrong Input : Fist letter Should be capital and must contains minimum 3 characters :
Wrong Input : Fist letter Should be capital and must contains minimum 3 characters :
Wrong Input : Fist letter Should be capital and must contains minimum 3 characters :
Wrong Input : Fist letter Should be capital and must contains minimum 3 characters :
Wrong Input : Fist letter Should be capital and must contains minimum 3 characters :
Wrong Input : Fist letter Should be capital and must contains minimum 3 characters :
Wrong Input : Fist letter Should be capital and must contains minimum 3 characters :
Wrong Input : Fist letter Should be capital and must contains minimum 3 characters :
Wrong Input : Fist letter Should be capital and must contains minimum 3 characters :
Wrong Input : Fist letter Should be capital and must contains minimum 3 characters :
Wrong Input : Fist letter Should be capital and must contains minimum 3 characters :
Wrong Input : Fist letter Should be capital and must contains minimum 3 characters :
Wrong Input : Fist letter Should be capital and must contains minimum 3 characters :
Wrong Input : Fist letter Should be capital and must contains minimum 3 characters :
Wrong Input : Fist letter Should be capital and must contains minimum 3 characters :
Wrong Input : Fist letter Should be capital and must contains minimum 3 characters :
Wrong Input : Fist letter Should be capital and must contains minimum 3 characters :
Wrong Input : Fist letter Should be capital and must contains minimum 3 characters :
Wrong Input : Fist letter Should be capital and must contains minimum 3 characters :
Wrong Input : Fist letter Should be capital and must contains minimum 3 characters :
Wrong Input : Fist letter Should be capital and must contains minimum 3 characters :
Wrong Input : Fist letter Should be capital and must contains minimum 3 characters :
Wrong Input : Fist letter Should be capital and must contains minimum 3 characters :
Wrong Input : Fist letter Should be capital and must contains minimum 3 characters :
Wrong Input : Fist letter Should be capital and must contains minimum 3 characters :
Wrong Input : Fist letter Should be capital and must contains minimum 3 characters :
Wrong Input : Fist letter Should be capital and must contains minimum 3 characters :
Wrong Input : Fist letter Should be capital and must contains minimum 3 characters :
Wrong Input : Fist letter Should be capital and must contains minimum 3 characters :
Wrong Input : Fist letter Should be capital and must contains minimum 3 characters :
Wrong Input : Fist letter Should be capital and must contains minimum 3 characters :
Wrong Input : Fist letter Should be capital and must contains minimum 3 characters :
Wrong Input : Fist letter Should be capital and must contains minimum 3 characters :
Wrong Input : Fist letter Should be capital and must contains minimum 3 characters :
Wrong Input : Fist letter Should be capital and must contains minimum 3 characters :
Wrong Input : Fist letter Should be capital and must contains minimum 3 characters :
Wrong Input : Fist letter Should be capital and must contains minimum 3 characters :
Wrong Input : Fist letter Should be capital and must contains minimum 3 characters :
Wrong Input : Fist letter Should be capital and must contains minimum 3 characters :
Wrong Input : Fist letter Should be capital and must contains minimum 3 characters :
Wrong Input : Fist letter Should be capital and must contains minimum 3 characters :
Wrong Input : Fist letter Should be capital and must contains minimum 3 characters :
Wrong Input : Fist letter Should be capital and must contains minimum 3 characters :
Wrong Input : Fist letter Should be capital and must contains minimum 3 characters :
Wrong Input : Fist letter Should be capital and must contains minimum 3 characters :
Wrong Input : Fist letter Should be capital and must contains minimum 3 characters :
Wrong Input : Fist letter Should be capital and must contains minimum 3 characters :
Wrong Input : Fist letter Should be capital and must contains minimum 3 characters :
Wrong Input : Fist letter Should be capital and must contains minimum 3 characters :
Wrong Input : Fist letter Should be capital and must contains minimum 3 characters :
Wrong Input : Fist letter Should be capital and must contains minimum 3 characters :
Wrong Input : Fist letter Should be capital and must contains minimum 3 characters :
Wrong Input : Fist letter Should be capital and must contains minimum 3 characters :
Wrong Input : Fist letter Should be capital and must contains minimum 3 characters :
Wrong Input : Fist letter Should be capital and must contains minimum 3 characters :
Wrong Input : Fist letter Should be capital and must contains minimum 3 characters :
Wrong Input : Fist letter Should be capital and must contains minimum 3 characters :
Wrong Input : Fist letter Should be capital and must contains minimum 3 characters :
Wrong Input : Fist letter Should be capital and must contains minimum 3 characters :
Wrong Input : Fist letter Should be capital and must contains minimum 3 characters :
Wrong Input : Fist letter Should be capital and must contains minimum 3 characters :
Wrong Input : Fist letter Should be capital and must contains minimum 3 characters :
Wrong Input : Fist letter Should be capital and must contains minimum 3 characters :
Wrong Input : Fist letter Should be capital and must contains minimum 3 characters :
Wrong Input : Fist letter Should be capital and must contains minimum 3 characters :
Wrong Input : Fist letter Should be capital and must contains minimum 3 characters :
Wrong Input : Fist letter Should be capital and must contains minimum 3 characters :
Wrong Input : Fist letter Should be capital and must contains minimum 3 characters :
Wrong Input : Fist letter Should be capital and must contains minimum 3 characters :
Wrong Input : Fist letter Should be capital and must contains minimum 3 characters :
Wrong Input : Fist letter Should be capital and must contains minimum 3 characters :
Wrong Input : Fist letter Should be capital and must contains minimum 3 characters :
Wrong Input : Fist letter Should be capital and must contains minimum 3 characters :
Wrong Input : Fist letter Should be capital and must contains minimum 3 characters :
Wrong Input : Fist letter Should be capital and must contains minimum 3 characters :
Wrong Input : Fist letter Should be capital and must contains minimum 3 characters :
Wrong Input : Fist letter Should be capital and must contains minimum 3 characters :
Wrong Input : Fist letter Should be capital and must contains minimum 3 characters :
Wrong Input : Fist letter Should be capital and must contains minimum 3 characters :
Wrong Input : Fist letter Should be capital and must contains minimum 3 characters :
Wrong Input : Fist letter Should be capital and must contains minimum 3 characters :
Wrong Input : Fist letter Should be capital and must contains minimum 3 characters :
Wrong Input : Fist letter Should be capital and must contains minimum 3 characters :
Wrong Input : Fist letter Should be capital and must contains minimum 3 characters :
Wrong Input : Fist letter Should be capital and must contains minimum 3 characters :
Wrong Input : Fist letter Should be capital and must contains minimum 3 characters :
Wrong Input : Fist letter Should be capital and must contains minimum 3 characters :
Wrong Input : Fist letter Should be capital and must contains minimum 3 characters :
Wrong Input : Fist letter Should be capital and must contains minimum 3 characters :
Wrong Input : Fist letter Should be capital and must contains minimum 3 characters :
Wrong Input : Fist letter Should be capital and must contains minimum 3 characters :
Wrong Input : Fist letter Should be capital and must contains minimum 3 characters :
Wrong Input : Fist letter Should be capital and must contains minimum 3 characters :
Wrong Input : Fist letter Should be capital and must contains minimum 3 characters :
Wrong Input : Fist letter Should be capital and must contains minimum 3 characters :
Wrong Input : Fist letter Should be capital and must contains minimum 3 characters :
Wrong Input : Fist letter Should be capital and must contains minimum 3 characters :
Wrong Input : Fist letter Should be capital and must contains minimum 3 characters :
Wrong Input : Fist letter Should be capital and must contains minimum 3 characters :
Wrong Input : Fist letter Should be capital and must contains minimum 3 characters :
Wrong Input : Fist letter Should be capital and must contains minimum 3 characters :
Wrong Input : Fist letter Should be capital and must contains minimum 3 characters :
Wrong Input : Fist letter Should be capital and must contains minimum 3 characters :
Wrong Input : Fist letter Should be capital and must contains minimum 3 characters :
Wrong Input : Fist letter Should be capital and must contains minimum 3 characters :
Wrong Input : Fist letter Should be capital and must contains minimum 3 characters :
Wrong Input : Fist letter Should be capital and must contains minimum 3 characters :
Wrong Input : Fist letter Should be capital and must contains minimum 3 characters :
Wrong Input : Fist letter Should be capital and must contains minimum 3 characters :
Wrong Input : Fist letter Should be capital and must contains minimum 3 characters :
Wrong Input : Fist letter Should be capital and must contains minimum 3 characters :
Wrong Input : Fist letter Should be capital and must contains minimum 3 characters :
Wrong Input : Fist letter Should be capital and must contains minimum 3 characters :
Wrong Input : Fist letter Should be capital and must contains minimum 3 characters :
Wrong Input : Fist letter Should be capital and must contains minimum 3 characters :
Wrong Input : Fist letter Should be capital and must contains minimum 3 characters :
Wrong Input : Fist letter Should be capital and must contains minimum 3 characters :
Wrong Input : Fist letter Should be capital and must contains minimum 3 characters :
Wrong Input : Fist letter Should be capital and must contains minimum 3 characters :
Wrong Input : Fist letter Should be capital and must contains minimum 3 characters :
Wrong Input : Fist letter Should be capital and must contains minimum 3 characters :
Wrong Input : Fist letter Should be capital and must contains minimum 3 characters :
Wrong Input : Fist letter Should be capital and must contains minimum 3 characters :
Wrong Input : Fist letter Should be capital and must contains minimum 3 characters :
Wrong Input : Fist letter Should be capital and must contains minimum 3 characters :
Wrong Input : Fist letter Should be capital and must contains minimum 3 characters :
Wrong Input : Fist letter Should be capital and must contains minimum 3 characters :
Wrong Input : Fist letter Should be capital and must contains minimum 3 characters :
Wrong Input : Fist letter Should be capital and must contains minimum 3 characters :
Wrong Input : Fist letter Should be capital and must contains minimum 3 characters :
Wrong Input : Fist letter Should be capital and must contains minimum 3 characters :
Wrong Input : Fist letter Should be capital and must contains minimum 3 characters :
Wrong Input : Fist letter Should be capital and must contains minimum 3 characters :
Wrong Input : Fist letter Should be capital and must contains minimum 3 characters :
Wrong Input : Fist letter Should be capital and must contains minimum 3 characters :
Wrong Input : Fist letter Should be capital and must contains minimum 3 characters :
Wrong Input : Fist letter Should be capital and must contains minimum 3 characters :
Wrong Input : Fist letter Should be capital and must contains minimum 3 characters :
Wrong Input : Fist letter Should be capital and must contains minimum 3 characters :
Wrong Input : Fist letter Should be capital and must contains minimum 3 characters :
Wrong Input : Fist letter Should be capital and must contains minimum 3 characters :
Wrong Input : Fist letter Should be capital and must contains minimum 3 characters :
Wrong Input : Fist letter Should be capital and must contains minimum 3 characters :
Wrong Input : Fist letter Should be capital and must contains minimum 3 characters :
Wrong Input : Fist letter Should be capital and must contains minimum 3 characters :
Wrong Input : Fist letter Should be capital and must contains minimum 3 characters :
Wrong Input : Fist letter Should be capital and must contains minimum 3 characters :
Wrong Input : Fist letter Should be capital and must contains minimum 3 characters :
Wrong Input : Fist letter Should be capital and must contains minimum 3 characters :
Wrong Input : Fist letter Should be capital and must contains minimum 3 characters :
Wrong Input : Fist letter Should be capital and must contains minimum 3 characters :
Wrong Input : Fist letter Should be capital and must contains minimum 3 characters :
Wrong Input : Fist letter Should be capital and must contains minimum 3 characters :
Wrong Input : Fist letter Should be capital and must contains minimum 3 characters :
Wrong Input : Fist letter Should be capital and must contains minimum 3 characters :
Wrong Input : Fist letter Should be capital and must contains minimum 3 characters :
Wrong Input : Fist letter Should be capital and must contains minimum 3 characters :
Wrong Input : Fist letter Should be capital and must contains minimum 3 characters :
Wrong Input : Fist letter Should be capital and must contains minimum 3 characters :
Wrong Input : Fist letter Should be capital and must contains minimum 3 characters :
Wrong Input : Fist letter Should be capital and must contains minimum 3 characters :
Wrong Input : Fist letter Should be capital and must contains minimum 3 characters :
Wrong Input : Fist letter Should be capital and must contains minimum 3 characters :
Wrong Input : Fist letter Should be capital and must contains minimum 3 characters :
Wrong Input : Fist letter Should be capital and must contains minimum 3 characters :
Wrong Input : Fist letter Should be capital and must contains minimum 3 characters :
Wrong Input : Fist letter Should be capital and must contains minimum 3 characters :
Wrong Input : Fist letter Should be capital and must contains minimum 3 characters :
Wrong Input : Fist letter Should be capital and must contains minimum 3 characters :
Wrong Input : Fist letter Should be capital and must contains minimum 3 characters :
Wrong Input : Fist letter Should be capital and must contains minimum 3 characters :
Wrong Input : Fist letter Should be capital and must contains minimum 3 characters :
Wrong Input : Fist letter Should be capital and must contains minimum 3 characters :
Wrong Input : Fist letter Should be capital and must contains minimum 3 characters :
Wrong Input : Fist letter Should be capital and must contains minimum 3 characters :
Wrong Input : Fist letter Should be capital and must contains minimum 3 characters :
Wrong Input : Fist letter Should be capital and must contains minimum 3 characters :
Wrong Input : Fist letter Should be capital and must contains minimum 3 characters :
Wrong Input : Fist letter Should be capital and must contains minimum 3 characters :
Wrong Input : Fist letter Should be capital and must contains minimum 3 characters :
Wrong Input : Fist letter Should be capital and must contains minimum 3 characters :
Wrong Input : Fist letter Should be capital and must contains minimum 3 characters :
Wrong Input : Fist letter Should be capital and must contains minimum 3 characters :
Wrong Input : Fist letter Should be capital and must contains minimum 3 characters :
Wrong Input : Fist letter Should be capital and must contains minimum 3 characters :
Wrong Input : Fist letter Should be capital and must contains minimum 3 characters :
Wrong Input : Fist letter Should be capital and must contains minimum 3 characters :
Wrong Input : Fist letter Should be capital and must contains minimum 3 characters :
Wrong Input : Fist letter Should be capital and must contains minimum 3 characters :
Wrong Input : Fist letter Should be capital and must contains minimum 3 characters :
Wrong Input : Fist letter Should be capital and must contains minimum 3 characters :
Wrong Input : Fist letter Should be capital and must contains minimum 3 characters :
Wrong Input : Fist letter Should be capital and must contains minimum 3 characters :
Wrong Input : Fist letter Should be capital and must contains minimum 3 characters :
Wrong Input : Fist letter Should be capital and must contains minimum 3 characters :
Wrong Input : Fist letter Should be capital and must contains minimum 3 characters :
Wrong Input : Fist letter Should be capital and must contains minimum 3 characters :
Wrong Input : Fist letter Should be capital and must contains minimum 3 characters :
Wrong Input : Fist letter Should be capital and must contains minimum 3 characters :
Wrong Input : Fist letter Should be capital and must contains minimum 3 characters :
Wrong Input : Fist letter Should be capital and must contains minimum 3 characters :
Wrong Input : Fist letter Should be capital and must contains minimum 3 characters :
Wrong Input : Fist letter Should be capital and must contains minimum 3 characters :
Wrong Input : Fist letter Should be capital and must contains minimum 3 characters :
Wrong Input : Fist letter Should be capital and must contains minimum 3 characters :
Wrong Input : Fist letter Should be capital and must contains minimum 3 characters :
Wrong Input : Fist letter Should be capital and must contains minimum 3 characters :
Wrong Input : Fist letter Should be capital and must contains minimum 3 characters :
Wrong Input : Fist letter Should be capital and must contains minimum 3 characters :
Wrong Input : Fist letter Should be capital and must contains minimum 3 characters :
Wrong Input : Fist letter Should be capital and must contains minimum 3 characters :
Wrong Input : Fist letter Should be capital and must contains minimum 3 characters :
Wrong Input : Fist letter Should be capital and must contains minimum 3 characters :
Wrong Input : Fist letter Should be capital and must contains minimum 3 characters :
Wrong Input : Fist letter Should be capital and must contains minimum 3 characters :
Wrong Input : Fist letter Should be capital and must contains minimum 3 characters :
Wrong Input : Fist letter Should be capital and must contains minimum 3 characters :
Wrong Input : Fist letter Should be capital and must contains minimum 3 characters :
Wrong Input : Fist letter Should be capital and must contains minimum 3 characters :
Wrong Input : Fist letter Should be capital and must contains minimum 3 characters :
Wrong Input : Fist letter Should be capital and must contains minimum 3 characters :
Wrong Input : Fist letter Should be capital and must contains minimum 3 characters :
Wrong Input : Fist letter Should be capital and must contains minimum 3 characters :
Wrong Input : Fist letter Should be capital and must contains minimum 3 characters :
Wrong Input : Fist letter Should be capital and must contains minimum 3 characters :
Wrong Input : Fist letter Should be capital and must contains minimum 3 characters :
Wrong Input : Fist letter Should be capital and must contains minimum 3 characters :
Wrong Input : Fist letter Should be capital and must contains minimum 3 characters :
Wrong Input : Fist letter Should be capital and must contains minimum 3 characters :
Wrong Input : Fist letter Should be capital and must contains minimum 3 characters :
Wrong Input : Fist letter Should be capital and must contains minimum 3 characters :
Wrong Input : Fist letter Should be capital and must contains minimum 3 characters :
Wrong Input : Fist letter Should be capital and must contains minimum 3 characters :
Wrong Input : Fist letter Should be capital and must contains minimum 3 characters :
Wrong Input : Fist letter Should be capital and must contains minimum 3 characters :
Wrong Input : Fist letter Should be capital and must contains minimum 3 characters :
Wrong Input : Fist letter Should be capital and must contains minimum 3 characters :
Wrong Input : Fist letter Should be capital and must contains minimum 3 characters :
Wrong Input : Fist letter Should be capital and must contains minimum 3 characters :
Wrong Input : Fist letter Should be capital and must contains minimum 3 characters :
Wrong Input : Fist letter Should be capital and must contains minimum 3 characters :
Wrong Input : Fist letter Should be capital and must contains minimum 3 characters :
Wrong Input : Fist letter Should be capital and must contains minimum 3 characters :
Wrong Input : Fist letter Should be capital and must contains minimum 3 characters :
Wrong Input : Fist letter Should be capital and must contains minimum 3 characters :
Wrong Input : Fist letter Should be capital and must contains minimum 3 characters :
Wrong Input : Fist letter Should be capital and must contains minimum 3 characters :
Wrong Input : Fist letter Should be capital and must contains minimum 3 characters :
Wrong Input : Fist letter Should be capital and must contains minimum 3 characters :
Wrong Input : Fist letter Should be capital and must contains minimum 3 characters :
Wrong Input : Fist letter Should be capital and must contains minimum 3 characters :
Wrong Input : Fist letter Should be capital and must contains minimum 3 characters :
Wrong Input : Fist letter Should be capital and must contains minimum 3 characters :
Wrong Input : Fist letter Should be capital and must contains minimum 3 characters :
Wrong Input : Fist letter Should be capital and must contains minimum 3 characters :
Wrong Input : Fist letter Should be capital and must contains minimum 3 characters :
Wrong Input : Fist letter Should be capital and must contains minimum 3 characters :
Wrong Input : Fist letter Should be capital and must contains minimum 3 characters :
Wrong Input : Fist letter Should be capital and must contains minimum 3 characters :
Wrong Input : Fist letter Should be capital and must contains minimum 3 characters :
Wrong Input : Fist letter Should be capital and must contains minimum 3 characters :
Wrong Input : Fist letter Should be capital and must contains minimum 3 characters :
Wrong Input : Fist letter Should be capital and must contains minimum 3 characters :
Wrong Input : Fist letter Should be capital and must contains minimum 3 characters :
Wrong Input : Fist letter Should be capital and must contains minimum 3 characters :
Wrong Input : Fist letter Should be capital and must contains minimum 3 characters :
Wrong Input : Fist letter Should be capital and must contains minimum 3 characters :
Wrong Input : Fist letter Should be capital and must contains minimum 3 characters :
Wrong Input : Fist letter Should be capital and must contains minimum 3 characters :
Wrong Input : Fist letter Should be capital and must contains minimum 3 characters :
Wrong Input : Fist letter Should be capital and must contains minimum 3 characters :
Wrong Input : Fist letter Should be capital and must contains minimum 3 characters :
Wrong Input : Fist letter Should be capital and must contains minimum 3 characters :
Wrong Input : Fist letter Should be capital and must contains minimum 3 characters :
Wrong Input : Fist letter Should be capital and must contains minimum 3 characters :
Wrong Input : Fist letter Should be capital and must contains minimum 3 characters :
Wrong Input : Fist letter Should be capital and must contains minimum 3 characters :
Wrong Input : Fist letter Should be capital and must contains minimum 3 characters :
Wrong Input : Fist letter Should be capital and must contains minimum 3 characters :
Wrong Input : Fist letter Should be capital and must contains minimum 3 characters :
Wrong Input : Fist letter Should be capital and must contains minimum 3 characters :
Wrong Input : Fist letter Should be capital and must contains minimum 3 characters :
Wrong Input : Fist letter Should be capital and must contains minimum 3 characters :
Wrong Input : Fist letter Should be capital and must contains minimum 3 characters :
Wrong Input : Fist letter Should be capital and must contains minimum 3 characters :
Wrong Input : Fist letter Should be capital and must contains minimum 3 characters :
Wrong Input : Fist letter Should be capital and must contains minimum 3 characters :
Wrong Input : Fist letter Should be capital and must contains minimum 3 characters :
Wrong Input : Fist letter Should be capital and must contains minimum 3 characters :
Wrong Input : Fist letter Should be capital and must contains minimum 3 characters :
Wrong Input : Fist letter Should be capital and must contains minimum 3 characters :
Wrong Input : Fist letter Should be capital and must contains minimum 3 characters :
Wrong Input : Fist letter Should be capital and must contains minimum 3 characters :
Wrong Input : Fist letter Should be capital and must contains minimum 3 characters :
Wrong Input : Fist letter Should be capital and must contains minimum 3 characters :
Wrong Input : Fist letter Should be capital and must contains minimum 3 characters :
Wrong Input : Fist letter Should be capital and must contains minimum 3 characters :
Wrong Input : Fist letter Should be capital and must contains minimum 3 characters :
Wrong Input : Fist letter Should be capital and must contains minimum 3 characters :
Wrong Input : Fist letter Should be capital and must contains minimum 3 characters :
Wrong Input : Fist letter Should be capital and must contains minimum 3 characters :
Wrong Input : Fist letter Should be capital and must contains minimum 3 characters :
Wrong Input : Fist letter Should be capital and must contains minimum 3 characters :
Wrong Input : Fist letter Should be capital and must contains minimum 3 characters :
Wrong Input : Fist letter Should be capital and must contains minimum 3 characters :
Wrong Input : Fist letter Should be capital and must contains minimum 3 characters :
Wrong Input : Fist letter Should be capital and must contains minimum 3 characters :
Wrong Input : Fist letter Should be capital and must contains minimum 3 characters :
Wrong Input : Fist letter Should be capital and must contains minimum 3 characters :
Wrong Input : Fist letter Should be capital and must contains minimum 3 characters :
Wrong Input : Fist letter Should be capital and must contains minimum 3 characters :
Wrong Input : Fist letter Should be capital and must contains minimum 3 characters :
Wrong Input : Fist letter Should be capital and must contains minimum 3 characters :
Wrong Input : Fist letter Should be capital and must contains minimum 3 characters :
Wrong Input : Fist letter Should be capital and must contains minimum 3 characters :
Wrong Input : Fist letter Should be capital and must contains minimum 3 characters :
Wrong Input : Fist letter Should be capital and must contains minimum 3 characters :
Wrong Input : Fist letter Should be capital and must contains minimum 3 characters :
Wrong Input : Fist letter Should be capital and must contains minimum 3 characters :
Wrong Input : Fist letter Should be capital and must contains minimum 3 characters :
Wrong Input : Fist letter Should be capital and must contains minimum 3 characters :
Wrong Input : Fist letter Should be capital and must contains minimum 3 characters :
Wrong Input : Fist letter Should be capital and must contains minimum 3 characters :
Wrong Input : Fist letter Should be capital and must contains minimum 3 characters :
Wrong Input : Fist letter Should be capital and must contains minimum 3 characters :
Wrong Input : Fist letter Should be capital and must contains minimum 3 characters :
Wrong Input : Fist letter Should be capital and must contains minimum 3 characters :
Wrong Input : Fist letter Should be capital and must contains minimum 3 characters :
Wrong Input : Fist letter Should be capital and must contains minimum 3 characters :
Wrong Input : Fist letter Should be capital and must contains minimum 3 characters :
Wrong Input : Fist letter Should be capital and must contains minimum 3 characters :
Wrong Input : Fist letter Should be capital and must contains minimum 3 characters :
Wrong Input : Fist letter Should be capital and must contains minimum 3 characters :
Wrong Input : Fist letter Should be capital and must contains minimum 3 characters :
Wrong Input : Fist letter Should be capital and must contains minimum 3 characters :
Wrong Input : Fist letter Should be capital and must contains minimum 3 characters :
Wrong Input : Fist letter Should be capital and must contains minimum 3 characters :
Wrong Input : Fist letter Should be capital and must contains minimum 3 characters :
Wrong Input : Fist letter Should be capital and must contains minimum 3 characters :
Wrong Input : Fist letter Should be capital and must contains minimum 3 characters :
Wrong Input : Fist letter Should be capital and must contains minimum 3 characters :
Wrong Input : Fist letter Should be capital and must contains minimum 3 characters :
Wrong Input : Fist letter Should be capital and must contains minimum 3 characters :
Wrong Input : Fist letter Should be capital and must contains minimum 3 characters :
Wrong Input : Fist letter Should be capital and must contains minimum 3 characters :
Wrong Input : Fist letter Should be capital and must contains minimum 3 characters :
Wrong Input : Fist letter Should be capital and must contains minimum 3 characters :
Wrong Input : Fist letter Should be capital and must contains minimum 3 characters :
Wrong Input : Fist letter Should be capital and must contains minimum 3 characters :
Wrong Input : Fist letter Should be capital and must contains minimum 3 characters :
Wrong Input : Fist letter Should be capital and must contains minimum 3 characters :
Wrong Input : Fist letter Should be capital and must contains minimum 3 characters :
Wrong Input : Fist letter Should be capital and must contains minimum 3 characters :
Wrong Input : Fist letter Should be capital and must contains minimum 3 characters :
Wrong Input : Fist letter Should be capital and must contains minimum 3 characters :
Wrong Input : Fist letter Should be capital and must contains minimum 3 characters :
Wrong Input : Fist letter Should be capital and must contains minimum 3 characters :
Wrong Input : Fist letter Should be capital and must contains minimum 3 characters :
Wrong Input : Fist letter Should be capital and must contains minimum 3 characters :
Wrong Input : Fist letter Should be capital and must contains minimum 3 characters :
Wrong Input : Fist letter Should be capital and must contains minimum 3 characters :
Wrong Input : Fist letter Should be capital and must contains minimum 3 characters :
Wrong Input : Fist letter Should be capital and must contains minimum 3 characters :
Wrong Input : Fist letter Should be capital and must contains minimum 3 characters :
Wrong Input : Fist letter Should be capital and must contains minimum 3 characters :
Wrong Input : Fist letter Should be capital and must contains minimum 3 characters :
Wrong Input : Fist letter Should be capital and must contains minimum 3 characters :
Wrong Input : Fist letter Should be capital and must contains minimum 3 characters :
Wrong Input : Fist letter Should be capital and must contains minimum 3 characters :
Wrong Input : Fist letter Should be capital and must contains minimum 3 characters :
Wrong Input : Fist letter Should be capital and must contains minimum 3 characters :
Wrong Input : Fist letter Should be capital and must contains minimum 3 characters :
Wrong Input : Fist letter Should be capital and must contains minimum 3 characters :
Wrong Input : Fist letter Should be capital and must contains minimum 3 characters :
Wrong Input : Fist letter Should be capital and must contains minimum 3 characters :
Wrong Input : Fist letter Should be capital and must contains minimum 3 characters :
Wrong Input : Fist letter Should be capital and must contains minimum 3 characters :
Wrong Input : Fist letter Should be capital and must contains minimum 3 characters :
Wrong Input : Fist letter Should be capital and must contains minimum 3 characters :
Wrong Input : Fist letter Should be capital and must contains minimum 3 characters :
Wrong Input : Fist letter Should be capital and must contains minimum 3 characters :
Wrong Input : Fist letter Should be capital and must contains minimum 3 characters :
Wrong Input : Fist letter Should be capital and must contains minimum 3 characters :
Wrong Input : Fist letter Should be capital and must contains minimum 3 characters :
Wrong Input : Fist letter Should be capital and must contains minimum 3 characters :
Wrong Input : Fist letter Should be capital and must contains minimum 3 characters :
Wrong Input : Fist letter Should be capital and must contains minimum 3 characters :
Wrong Input : Fist letter Should be capital and must contains minimum 3 characters :
Wrong Input : Fist letter Should be capital and must contains minimum 3 characters :
Wrong Input : Fist letter Should be capital and must contains minimum 3 characters :
Wrong Input : Fist letter Should be capital and must contains minimum 3 characters :
Wrong Input : Fist letter Should be capital and must contains minimum 3 characters :
Wrong Input : Fist letter Should be capital and must contains minimum 3 characters :
Wrong Input : Fist letter Should be capital and must contains minimum 3 characters :
Wrong Input : Fist letter Should be capital and must contains minimum 3 characters :
Wrong Input : Fist letter Should be capital and must contains minimum 3 characters :
Wrong Input : Fist letter Should be capital and must contains minimum 3 characters :
Wrong Input : Fist letter Should be capital and must contains minimum 3 characters :
Wrong Input : Fist letter Should be capital and must contains minimum 3 characters :
Wrong Input : Fist letter Should be capital and must contains minimum 3 characters :
Wrong Input : Fist letter Should be capital and must contains minimum 3 characters :
Wrong Input : Fist letter Should be capital and must contains minimum 3 characters :
Wrong Input : Fist letter Should be capital and must contains minimum 3 characters :
Wrong Input : Fist letter Should be capital and must contains minimum 3 characters :
Wrong Input : Fist letter Should be capital and must contains minimum 3 characters :
Wrong Input : Fist letter Should be capital and must contains minimum 3 characters :
Wrong Input : Fist letter Should be capital and must contains minimum 3 characters :
Wrong Input : Fist letter Should be capital and must contains minimum 3 characters :
Wrong Input : Fist letter Should be capital and must contains minimum 3 characters :
Wrong Input : Fist letter Should be capital and must contains minimum 3 characters :
Wrong Input : Fist letter Should be capital and must contains minimum 3 characters :
Wrong Input : Fist letter Should be capital and must contains minimum 3 characters :
Wrong Input : Fist letter Should be capital and must contains minimum 3 characters :
Wrong Input : Fist letter Should be capital and must contains minimum 3 characters :
Wrong Input : Fist letter Should be capital and must contains minimum 3 characters :
Wrong Input : Fist letter Should be capital and must contains minimum 3 characters :
Wrong Input : Fist letter Should be capital and must contains minimum 3 characters :
Wrong Input : Fist letter Should be capital and must contains minimum 3 characters :
Wrong Input : Fist letter Should be capital and must contains minimum 3 characters :
Wrong Input : Fist letter Should be capital and must contains minimum 3 characters :
Wrong Input : Fist letter Should be capital and must contains minimum 3 characters :
Wrong Input : Fist letter Should be capital and must contains minimum 3 characters :
Wrong Input : Fist letter Should be capital and must contains minimum 3 characters :
Wrong Input : Fist letter Should be capital and must contains minimum 3 characters :
Wrong Input : Fist letter Should be capital and must contains minimum 3 characters :
Wrong Input : Fist letter Should be capital and must contains minimum 3 characters :
Wrong Input : Fist letter Should be capital and must contains minimum 3 characters :
Wrong Input : Fist letter Should be capital and must contains minimum 3 characters :
Wrong Input : Fist letter Should be capital and must contains minimum 3 characters :
Wrong Input : Fist letter Should be capital and must contains minimum 3 characters :
Wrong Input : Fist letter Should be capital and must contains minimum 3 characters :
Wrong Input : Fist letter Should be capital and must contains minimum 3 characters :
Wrong Input : Fist letter Should be capital and must contains minimum 3 characters :
Wrong Input : Fist letter Should be capital and must contains minimum 3 characters :
Wrong Input : Fist letter Should be capital and must contains minimum 3 characters :
Wrong Input : Fist letter Should be capital and must contains minimum 3 characters :
Wrong Input : Fist letter Should be capital and must contains minimum 3 characters :
Wrong Input : Fist letter Should be capital and must contains minimum 3 characters :
Wrong Input : Fist letter Should be capital and must contains minimum 3 characters :
Wrong Input : Fist letter Should be capital and must contains minimum 3 characters :
Wrong Input : Fist letter Should be capital and must contains minimum 3 characters :
Wrong Input : Fist letter Should be capital and must contains minimum 3 characters :
Wrong Input : Fist letter Should be capital and must contains minimum 3 characters :
Wrong Input : Fist letter Should be capital and must contains minimum 3 characters :
Wrong Input : Fist letter Should be capital and must contains minimum 3 characters :
Wrong Input : Fist letter Should be capital and must contains minimum 3 characters :
Wrong Input : Fist letter Should be capital and must contains minimum 3 characters :
Wrong Input : Fist letter Should be capital and must contains minimum 3 characters :
Wrong Input : Fist letter Should be capital and must contains minimum 3 characters :
Wrong Input : Fist letter Should be capital and must contains minimum 3 characters :
Wrong Input : Fist letter Should be capital and must contains minimum 3 characters :
Wrong Input : Fist letter Should be capital and must contains minimum 3 characters :
Wrong Input : Fist letter Should be capital and must contains minimum 3 characters :
Wrong Input : Fist letter Should be capital and must contains minimum 3 characters :
Wrong Input : Fist letter Should be capital and must contains minimum 3 characters :
Wrong Input : Fist letter Should be capital and must contains minimum 3 characters :
Wrong Input : Fist letter Should be capital and must contains minimum 3 characters :
Wrong Input : Fist letter Should be capital and must contains minimum 3 characters :
Wrong Input : Fist letter Should be capital and must contains minimum 3 characters :
Wrong Input : Fist letter Should be capital and must contains minimum 3 characters :
Wrong Input : Fist letter Should be capital and must contains minimum 3 characters :
Wrong Input : Fist letter Should be capital and must contains minimum 3 characters :
Wrong Input : Fist letter Should be capital and must contains minimum 3 characters :
Wrong Input : Fist letter Should be capital and must contains minimum 3 characters :
Wrong Input : Fist letter Should be capital and must contains minimum 3 characters :
Wrong Input : Fist letter Should be capital and must contains minimum 3 characters :
Wrong Input : Fist letter Should be capital and must contains minimum 3 characters :
Wrong Input : Fist letter Should be capital and must contains minimum 3 characters :
Wrong Input : Fist letter Should be capital and must contains minimum 3 characters :
Wrong Input : Fist letter Should be capital and must contains minimum 3 characters :
Wrong Input : Fist letter Should be capital and must contains minimum 3 characters :
Wrong Input : Fist letter Should be capital and must contains minimum 3 characters :
Wrong Input : Fist letter Should be capital and must contains minimum 3 characters :
Wrong Input : Fist letter Should be capital and must contains minimum 3 characters :
Wrong Input : Fist letter Should be capital and must contains minimum 3 characters :
Wrong Input : Fist letter Should be capital and must contains minimum 3 characters :
Wrong Input : Fist letter Should be capital and must contains minimum 3 characters :
Wrong Input : Fist letter Should be capital and must contains minimum 3 characters :
Wrong Input : Fist letter Should be capital and must contains minimum 3 characters :
Wrong Input : Fist letter Should be capital and must contains minimum 3 characters :
Wrong Input : Fist letter Should be capital and must contains minimum 3 characters :
Wrong Input : Fist letter Should be capital and must contains minimum 3 characters :
Wrong Input : Fist letter Should be capital and must contains minimum 3 characters :
Wrong Input : Fist letter Should be capital and must contains minimum 3 characters :
Wrong Input : Fist letter Should be capital and must contains minimum 3 characters :
Wrong Input : Fist letter Should be capital and must contains minimum 3 characters :
Wrong Input : Fist letter Should be capital and must contains minimum 3 characters :
Wrong Input : Fist letter Should be capital and must contains minimum 3 characters :
Wrong Input : Fist letter Should be capital and must contains minimum 3 characters :
Wrong Input : Fist letter Should be capital and must contains minimum 3 characters :
Wrong Input : Fist letter Should be capital and must contains minimum 3 characters :
Wrong Input : Fist letter Should be capital and must contains minimum 3 characters :
Wrong Input : Fist letter Should be capital and must contains minimum 3 characters :
Wrong Input : Fist letter Should be capital and must contains minimum 3 characters :
Wrong Input : Fist letter Should be capital and must contains minimum 3 characters :
Wrong Input : Fist letter Should be capital and must contains minimum 3 characters :
Wrong Input : Fist letter Should be capital and must contains minimum 3 characters :
Wrong Input : Fist letter Should be capital and must contains minimum 3 characters :
Wrong Input : Fist letter Should be capital and must contains minimum 3 characters :
Wrong Input : Fist letter Should be capital and must contains minimum 3 characters :
Wrong Input : Fist letter Should be capital and must contains minimum 3 characters :
Wrong Input : Fist letter Should be capital and must contains minimum 3 characters :
Wrong Input : Fist letter Should be capital and must contains minimum 3 characters :
Wrong Input : Fist letter Should be capital and must contains minimum 3 characters :
Wrong Input : Fist letter Should be capital and must contains minimum 3 characters :
Wrong Input : Fist letter Should be capital and must contains minimum 3 characters :
Wrong Input : Fist letter Should be capital and must contains minimum 3 characters :
Wrong Input : Fist letter Should be capital and must contains minimum 3 characters :
Wrong Input : Fist letter Should be capital and must contains minimum 3 characters :
Wrong Input : Fist letter Should be capital and must contains minimum 3 characters :
Wrong Input : Fist letter Should be capital and must contains minimum 3 characters :
Wrong Input : Fist letter Should be capital and must contains minimum 3 characters :
Wrong Input : Fist letter Should be capital and must contains minimum 3 characters :
Wrong Input : Fist letter Should be capital and must contains minimum 3 characters :
Wrong Input : Fist letter Should be capital and must contains minimum 3 characters :
Wrong Input : Fist letter Should be capital and must contains minimum 3 characters :
Wrong Input : Fist letter Should be capital and must contains minimum 3 characters :
Wrong Input : Fist letter Should be capital and must contains minimum 3 characters :
Wrong Input : Fist letter Should be capital and must contains minimum 3 characters :
Wrong Input : Fist letter Should be capital and must contains minimum 3 characters :
Wrong Input : Fist letter Should be capital and must contains minimum 3 characters :
Wrong Input : Fist letter Should be capital and must contains minimum 3 characters :
Wrong Input : Fist letter Should be capital and must contains minimum 3 characters :
Wrong Input : Fist letter Should be capital and must contains minimum 3 characters :
Wrong Input : Fist letter Should be capital and must contains minimum 3 characters :
Wrong Input : Fist letter Should be capital and must contains minimum 3 characters :
Wrong Input : Fist letter Should be capital and must contains minimum 3 characters :
Wrong Input : Fist letter Should be capital and must contains minimum 3 characters :
Wrong Input : Fist letter Should be capital and must contains minimum 3 characters :
Wrong Input : Fist letter Should be capital and must contains minimum 3 characters :
Wrong Input : Fist letter Should be capital and must contains minimum 3 characters :
Wrong Input : Fist letter Should be capital and must contains minimum 3 characters :
Wrong Input : Fist letter Should be capital and must contains minimum 3 characters :
Wrong Input : Fist letter Should be capital and must contains minimum 3 characters :
Wrong Input : Fist letter Should be capital and must contains minimum 3 characters :
Wrong Input : Fist letter Should be capital and must contains minimum 3 characters :
Wrong Input : Fist letter Should be capital and must contains minimum 3 characters :
Wrong Input : Fist letter Should be capital and must contains minimum 3 characters :
Wrong Input : Fist letter Should be capital and must contains minimum 3 characters :
Wrong Input : Fist letter Should be capital and must contains minimum 3 characters :
Wrong Input : Fist letter Should be capital and must contains minimum 3 characters :
Wrong Input : Fist letter Should be capital and must contains minimum 3 characters :
Wrong Input : Fist letter Should be capital and must contains minimum 3 characters :
Wrong Input : Fist letter Should be capital and must contains minimum 3 characters :
Wrong Input : Fist letter Should be capital and must contains minimum 3 characters :
Wrong Input : Fist letter Should be capital and must contains minimum 3 characters :
Wrong Input : Fist letter Should be capital and must contains minimum 3 characters :
Wrong Input : Fist letter Should be capital and must contains minimum 3 characters :
Wrong Input : Fist letter Should be capital and must contains minimum 3 characters :
Wrong Input : Fist letter Should be capital and must contains minimum 3 characters :
Wrong Input : Fist letter Should be capital and must contains minimum 3 characters :
Wrong Input : Fist letter Should be capital and must contains minimum 3 characters :
Wrong Input : Fist letter Should be capital and must contains minimum 3 characters :
Wrong Input : Fist letter Should be capital and must contains minimum 3 characters :
Wrong Input : Fist letter Should be capital and must contains minimum 3 characters :
Wrong Input : Fist letter Should be capital and must contains minimum 3 characters :
Wrong Input : Fist letter Should be capital and must contains minimum 3 characters :
Wrong Input : Fist letter Should be capital and must contains minimum 3 characters :
Wrong Input : Fist letter Should be capital and must contains minimum 3 characters :
Wrong Input : Fist letter Should be capital and must contains minimum 3 characters :
Wrong Input : Fist letter Should be capital and must contains minimum 3 characters :
Wrong Input : Fist letter Should be capital and must contains minimum 3 characters :
Wrong Input : Fist letter Should be capital and must contains minimum 3 characters :
Wrong Input : Fist letter Should be capital and must contains minimum 3 characters :
Wrong Input : Fist letter Should be capital and must contains minimum 3 characters :
Wrong Input : Fist letter Should be capital and must contains minimum 3 characters :
Wrong Input : Fist letter Should be capital and must contains minimum 3 characters :
Wrong Input : Fist letter Should be capital and must contains minimum 3 characters :
Wrong Input : Fist letter Should be capital and must contains minimum 3 characters :
Wrong Input : Fist letter Should be capital and must contains minimum 3 characters :
Wrong Input : Fist letter Should be capital and must contains minimum 3 characters :
Wrong Input : Fist letter Should be capital and must contains minimum 3 characters :
Wrong Input : Fist letter Should be capital and must contains minimum 3 characters :
Wrong Input : Fist letter Should be capital and must contains minimum 3 characters :
Wrong Input : Fist letter Should be capital and must contains minimum 3 characters :
Wrong Input : Fist letter Should be capital and must contains minimum 3 characters :
Wrong Input : Fist letter Should be capital and must contains minimum 3 characters :
Wrong Input : Fist letter Should be capital and must contains minimum 3 characters :
Wrong Input : Fist letter Should be capital and must contains minimum 3 characters :
Wrong Input : Fist letter Should be capital and must contains minimum 3 characters :
Wrong Input : Fist letter Should be capital and must contains minimum 3 characters :
Wrong Input : Fist letter Should be capital and must contains minimum 3 characters :
Wrong Input : Fist letter Should be capital and must contains minimum 3 characters :
Wrong Input : Fist letter Should be capital and must contains minimum 3 characters :
Wrong Input : Fist letter Should be capital and must contains minimum 3 characters :
Wrong Input : Fist letter Should be capital and must contains minimum 3 characters :
Wrong Input : Fist letter Should be capital and must contains minimum 3 characters :
Wrong Input : Fist letter Should be capital and must contains minimum 3 characters :
Wrong Input : Fist letter Should be capital and must contains minimum 3 characters :
Wrong Input : Fist letter Should be capital and must contains minimum 3 characters :
Wrong Input : Fist letter Should be capital and must contains minimum 3 characters :
Wrong Input : Fist letter Should be capital and must contains minimum 3 characters :
Wrong Input : Fist letter Should be capital and must contains minimum 3 characters :
Wrong Input : Fist letter Should be capital and must contains minimum 3 characters :
Wrong Input : Fist letter Should be capital and must contains minimum 3 characters :
Wrong Input : Fist letter Should be capital and must contains minimum 3 characters :
Wrong Input : Fist letter Should be capital and must contains minimum 3 characters :
Wrong Input : Fist letter Should be capital and must contains minimum 3 characters :
Wrong Input : Fist letter Should be capital and must contains minimum 3 characters :
Wrong Input : Fist letter Should be capital and must contains minimum 3 characters :
Wrong Input : Fist letter Should be capital and must contains minimum 3 characters :
Wrong Input : Fist letter Should be capital and must contains minimum 3 characters :
Wrong Input : Fist letter Should be capital and must contains minimum 3 characters :
Wrong Input : Fist letter Should be capital and must contains minimum 3 characters :
Wrong Input : Fist letter Should be capital and must contains minimum 3 characters :
Wrong Input : Fist letter Should be capital and must contains minimum 3 characters :
Wrong Input : Fist letter Should be capital and must contains minimum 3 characters :
Wrong Input : Fist letter Should be capital and must contains minimum 3 characters :
Wrong Input : Fist letter Should be capital and must contains minimum 3 characters :
Wrong Input : Fist letter Should be capital and must contains minimum 3 characters :
Wrong Input : Fist letter Should be capital and must contains minimum 3 characters :
Wrong Input : Fist letter Should be capital and must contains minimum 3 characters :
Wrong Input : Fist letter Should be capital and must contains minimum 3 characters :
Wrong Input : Fist letter Should be capital and must contains minimum 3 characters :
Wrong Input : Fist letter Should be capital and must contains minimum 3 characters :
Wrong Input : Fist letter Should be capital and must contains minimum 3 characters :
Wrong Input : Fist letter Should be capital and must contains minimum 3 characters :
Wrong Input : Fist letter Should be capital and must contains minimum 3 characters :
Wrong Input : Fist letter Should be capital and must contains minimum 3 characters :
Wrong Input : Fist letter Should be capital and must contains minimum 3 characters :
Wrong Input : Fist letter Should be capital and must contains minimum 3 characters :
Wrong Input : Fist letter Should be capital and must contains minimum 3 characters :
Wrong Input : Fist letter Should be capital and must contains minimum 3 characters :
Wrong Input : Fist letter Should be capital and must contains minimum 3 characters :
Wrong Input : Fist letter Should be capital and must contains minimum 3 characters :
Wrong Input : Fist letter Should be capital and must contains minimum 3 characters :
Wrong Input : Fist letter Should be capital and must contains minimum 3 characters :
Wrong Input : Fist letter Should be capital and must contains minimum 3 characters :
Wrong Input : Fist letter Should be capital and must contains minimum 3 characters :
Wrong Input : Fist letter Should be capital and must contains minimum 3 characters :
Wrong Input : Fist letter Should be capital and must contains minimum 3 characters :
Wrong Input : Fist letter Should be capital and must contains minimum 3 characters :
Wrong Input : Fist letter Should be capital and must contains minimum 3 characters :
Wrong Input : Fist letter Should be capital and must contains minimum 3 characters :
Wrong Input : Fist letter Should be capital and must contains minimum 3 characters :
Wrong Input : Fist letter Should be capital and must contains minimum 3 characters :
Wrong Input : Fist letter Should be capital and must contains minimum 3 characters :
Wrong Input : Fist letter Should be capital and must contains minimum 3 characters :
Wrong Input : Fist letter Should be capital and must contains minimum 3 characters :
Wrong Input : Fist letter Should be capital and must contains minimum 3 characters :
Wrong Input : Fist letter Should be capital and must contains minimum 3 characters :
Wrong Input : Fist letter Should be capital and must contains minimum 3 characters :
Wrong Input : Fist letter Should be capital and must contains minimum 3 characters :
Wrong Input : Fist letter Should be capital and must contains minimum 3 characters :
Wrong Input : Fist letter Should be capital and must contains minimum 3 characters :
Wrong Input : Fist letter Should be capital and must contains minimum 3 characters :
Wrong Input : Fist letter Should be capital and must contains minimum 3 characters :
Wrong Input : Fist letter Should be capital and must contains minimum 3 characters :
Wrong Input : Fist letter Should be capital and must contains minimum 3 characters :
Wrong Input : Fist letter Should be capital and must contains minimum 3 characters :
Wrong Input : Fist letter Should be capital and must contains minimum 3 characters :
Wrong Input : Fist letter Should be capital and must contains minimum 3 characters :
Wrong Input : Fist letter Should be capital and must contains minimum 3 characters :
Wrong Input : Fist letter Should be capital and must contains minimum 3 characters :
Wrong Input : Fist letter Should be capital and must contains minimum 3 characters :
Wrong Input : Fist letter Should be capital and must contains minimum 3 characters :
Wrong Input : Fist letter Should be capital and must contains minimum 3 characters :
Wrong Input : Fist letter Should be capital and must contains minimum 3 characters :
Wrong Input : Fist letter Should be capital and must contains minimum 3 characters :
Wrong Input : Fist letter Should be capital and must contains minimum 3 characters :
Wrong Input : Fist letter Should be capital and must contains minimum 3 characters :
Wrong Input : Fist letter Should be capital and must contains minimum 3 characters :
Wrong Input : Fist letter Should be capital and must contains minimum 3 characters :
Wrong Input : Fist letter Should be capital and must contains minimum 3 characters :
Wrong Input : Fist letter Should be capital and must contains minimum 3 characters :
Wrong Input : Fist letter Should be capital and must contains minimum 3 characters :
Wrong Input : Fist letter Should be capital and must contains minimum 3 characters :
Wrong Input : Fist letter Should be capital and must contains minimum 3 characters :
Wrong Input : Fist letter Should be capital and must contains minimum 3 characters :
Wrong Input : Fist letter Should be capital and must contains minimum 3 characters :
Wrong Input : Fist letter Should be capital and must contains minimum 3 characters :
Wrong Input : Fist letter Should be capital and must contains minimum 3 characters :
Wrong Input : Fist letter Should be capital and must contains minimum 3 characters :
Wrong Input : Fist letter Should be capital and must contains minimum 3 characters :
Wrong Input : Fist letter Should be capital and must contains minimum 3 characters :
Wrong Input : Fist letter Should be capital and must contains minimum 3 characters :
Wrong Input : Fist letter Should be capital and must contains minimum 3 characters :
Wrong Input : Fist letter Should be capital and must contains minimum 3 characters :
Wrong Input : Fist letter Should be capital and must contains minimum 3 characters :
Wrong Input : Fist letter Should be capital and must contains minimum 3 characters :
Wrong Input : Fist letter Should be capital and must contains minimum 3 characters :
Wrong Input : Fist letter Should be capital and must contains minimum 3 characters :
Wrong Input : Fist letter Should be capital and must contains minimum 3 characters :
Wrong Input : Fist letter Should be capital and must contains minimum 3 characters :
Wrong Input : Fist letter Should be capital and must contains minimum 3 characters :
Wrong Input : Fist letter Should be capital and must contains minimum 3 characters :
Wrong Input : Fist letter Should be capital and must contains minimum 3 characters :
Wrong Input : Fist letter Should be capital and must contains minimum 3 characters :
Wrong Input : Fist letter Should be capital and must contains minimum 3 characters :
Wrong Input : Fist letter Should be capital and must contains minimum 3 characters :
Wrong Input : Fist letter Should be capital and must contains minimum 3 characters :
Wrong Input : Fist letter Should be capital and must contains minimum 3 characters :
Wrong Input : Fist letter Should be capital and must contains minimum 3 characters :
Wrong Input : Fist letter Should be capital and must contains minimum 3 characters :
Wrong Input : Fist letter Should be capital and must contains minimum 3 characters :
Wrong Input : Fist letter Should be capital and must contains minimum 3 characters :
Wrong Input : Fist letter Should be capital and must contains minimum 3 characters :
Wrong Input : Fist letter Should be capital and must contains minimum 3 characters :
Wrong Input : Fist letter Should be capital and must contains minimum 3 characters :
Wrong Input : Fist letter Should be capital and must contains minimum 3 characters :
Wrong Input : Fist letter Should be capital and must contains minimum 3 characters :
Wrong Input : Fist letter Should be capital and must contains minimum 3 characters :
Wrong Input : Fist letter Should be capital and must contains minimum 3 characters :
Wrong Input : Fist letter Should be capital and must contains minimum 3 characters :
Wrong Input : Fist letter Should be capital and must contains minimum 3 characters :
Wrong Input : Fist letter Should be capital and must contains minimum 3 characters :
Wrong Input : Fist letter Should be capital and must contains minimum 3 characters :
Wrong Input : Fist letter Should be capital and must contains minimum 3 characters :
Wrong Input : Fist letter Should be capital and must contains minimum 3 characters :
Wrong Input : Fist letter Should be capital and must contains minimum 3 characters :
Wrong Input : Fist letter Should be capital and must contains minimum 3 characters :
Wrong Input : Fist letter Should be capital and must contains minimum 3 characters :
Wrong Input : Fist letter Should be capital and must contains minimum 3 characters :
Wrong Input : Fist letter Should be capital and must contains minimum 3 characters :
Wrong Input : Fist letter Should be capital and must contains minimum 3 characters :
Wrong Input : Fist letter Should be capital and must contains minimum 3 characters :
Wrong Input : Fist letter Should be capital and must contains minimum 3 characters :
Wrong Input : Fist letter Should be capital and must contains minimum 3 characters :
Wrong Input : Fist letter Should be capital and must contains minimum 3 characters :
Wrong Input : Fist letter Should be capital and must contains minimum 3 characters :
Wrong Input : Fist letter Should be capital and must contains minimum 3 characters :
Wrong Input : Fist letter Should be capital and must contains minimum 3 characters :
Wrong Input : Fist letter Should be capital and must contains minimum 3 characters :
Wrong Input : Fist letter Should be capital and must contains minimum 3 characters :
Wrong Input : Fist letter Should be capital and must contains minimum 3 characters :
Wrong Input : Fist letter Should be capital and must contains minimum 3 characters :
Wrong Input : Fist letter Should be capital and must contains minimum 3 characters :
Wrong Input : Fist letter Should be capital and must contains minimum 3 characters :
Wrong Input : Fist letter Should be capital and must contains minimum 3 characters :
Wrong Input : Fist letter Should be capital and must contains minimum 3 characters :
Wrong Input : Fist letter Should be capital and must contains minimum 3 characters :
Wrong Input : Fist letter Should be capital and must contains minimum 3 characters :
Wrong Input : Fist letter Should be capital and must contains minimum 3 characters :
Wrong Input : Fist letter Should be capital and must contains minimum 3 characters :
Wrong Input : Fist letter Should be capital and must contains minimum 3 characters :
Wrong Input : Fist letter Should be capital and must contains minimum 3 characters :
Wrong Input : Fist letter Should be capital and must contains minimum 3 characters :
Wrong Input : Fist letter Should be capital and must contains minimum 3 characters :
Wrong Input : Fist letter Should be capital and must contains minimum 3 characters :
Wrong Input : Fist letter Should be capital and must contains minimum 3 characters :
Wrong Input : Fist letter Should be capital and must contains minimum 3 characters :
Wrong Input : Fist letter Should be capital and must contains minimum 3 characters :
Wrong Input : Fist letter Should be capital and must contains minimum 3 characters :
Wrong Input : Fist letter Should be capital and must contains minimum 3 characters :
Wrong Input : Fist letter Should be capital and must contains minimum 3 characters :
Wrong Input : Fist letter Should be capital and must contains minimum 3 characters :
Wrong Input : Fist letter Should be capital and must contains minimum 3 characters :
Wrong Input : Fist letter Should be capital and must contains minimum 3 characters :
Wrong Input : Fist letter Should be capital and must contains minimum 3 characters :
Wrong Input : Fist letter Should be capital and must contains minimum 3 characters :
Wrong Input : Fist letter Should be capital and must contains minimum 3 characters :
Wrong Input : Fist letter Should be capital and must contains minimum 3 characters :
Wrong Input : Fist letter Should be capital and must contains minimum 3 characters :
Wrong Input : Fist letter Should be capital and must contains minimum 3 characters :
Wrong Input : Fist letter Should be capital and must contains minimum 3 characters :
Wrong Input : Fist letter Should be capital and must contains minimum 3 characters :
Wrong Input : Fist letter Should be capital and must contains minimum 3 characters :
Wrong Input : Fist letter Should be capital and must contains minimum 3 characters :
Wrong Input : Fist letter Should be capital and must contains minimum 3 characters :
Wrong Input : Fist letter Should be capital and must contains minimum 3 characters :
Wrong Input : Fist letter Should be capital and must contains minimum 3 characters :
Wrong Input : Fist letter Should be capital and must contains minimum 3 characters :
Wrong Input : Fist letter Should be capital and must contains minimum 3 characters :
Wrong Input : Fist letter Should be capital and must contains minimum 3 characters :
Wrong Input : Fist letter Should be capital and must contains minimum 3 characters :
Wrong Input : Fist letter Should be capital and must contains minimum 3 characters :
Wrong Input : Fist letter Should be capital and must contains minimum 3 characters :
Wrong Input : Fist letter Should be capital and must contains minimum 3 characters :
Wrong Input : Fist letter Should be capital and must contains minimum 3 characters :
Wrong Input : Fist letter Should be capital and must contains minimum 3 characters :
Wrong Input : Fist letter Should be capital and must contains minimum 3 characters :
Wrong Input : Fist letter Should be capital and must contains minimum 3 characters :
Wrong Input : Fist letter Should be capital and must contains minimum 3 characters :
Wrong Input : Fist letter Should be capital and must contains minimum 3 characters :
Wrong Input : Fist letter Should be capital and must contains minimum 3 characters :
Wrong Input : Fist letter Should be capital and must contains minimum 3 characters :
Wrong Input : Fist letter Should be capital and must contains minimum 3 characters :
Wrong Input : Fist letter Should be capital and must contains minimum 3 characters :
Wrong Input : Fist letter Should be capital and must contains minimum 3 characters :
Wrong Input : Fist letter Should be capital and must contains minimum 3 characters :
Wrong Input : Fist letter Should be capital and must contains minimum 3 characters :
Wrong Input : Fist letter Should be capital and must contains minimum 3 characters :
Wrong Input : Fist letter Should be capital and must contains minimum 3 characters :
Wrong Input : Fist letter Should be capital and must contains minimum 3 characters :
Wrong Input : Fist letter Should be capital and must contains minimum 3 characters :
Wrong Input : Fist letter Should be capital and must contains minimum 3 characters :
Wrong Input : Fist letter Should be capital and must contains minimum 3 characters :
Wrong Input : Fist letter Should be capital and must contains minimum 3 characters :
Wrong Input : Fist letter Should be capital and must contains minimum 3 characters :
Wrong Input : Fist letter Should be capital and must contains minimum 3 characters :
Wrong Input : Fist letter Should be capital and must contains minimum 3 characters :
Wrong Input : Fist letter Should be capital and must contains minimum 3 characters :
Wrong Input : Fist letter Should be capital and must contains minimum 3 characters :
Wrong Input : Fist letter Should be capital and must contains minimum 3 characters :
Wrong Input : Fist letter Should be capital and must contains minimum 3 characters :
Wrong Input : Fist letter Should be capital and must contains minimum 3 characters :
Wrong Input : Fist letter Should be capital and must contains minimum 3 characters :
Wrong Input : Fist letter Should be capital and must contains minimum 3 characters :
Wrong Input : Fist letter Should be capital and must contains minimum 3 characters :
Wrong Input : Fist letter Should be capital and must contains minimum 3 characters :
Wrong Input : Fist letter Should be capital and must contains minimum 3 characters :
Wrong Input : Fist letter Should be capital and must contains minimum 3 characters :
Wrong Input : Fist letter Should be capital and must contains minimum 3 characters :
Wrong Input : Fist letter Should be capital and must contains minimum 3 characters :
Wrong Input : Fist letter Should be capital and must contains minimum 3 characters :
Wrong Input : Fist letter Should be capital and must contains minimum 3 characters :
Wrong Input : Fist letter Should be capital and must contains minimum 3 characters :
Wrong Input : Fist letter Should be capital and must contains minimum 3 characters :
Wrong Input : Fist letter Should be capital and must contains minimum 3 characters :
Wrong Input : Fist letter Should be capital and must contains minimum 3 characters :
Wrong Input : Fist letter Should be capital and must contains minimum 3 characters :
Wrong Input : Fist letter Should be capital and must contains minimum 3 characters :
Wrong Input : Fist letter Should be capital and must contains minimum 3 characters :
Wrong Input : Fist letter Should be capital and must contains minimum 3 characters :
Wrong Input : Fist letter Should be capital and must contains minimum 3 characters :
Wrong Input : Fist letter Should be capital and must contains minimum 3 characters :
Wrong Input : Fist letter Should be capital and must contains minimum 3 characters :
Wrong Input : Fist letter Should be capital and must contains minimum 3 characters :
Wrong Input : Fist letter Should be capital and must contains minimum 3 characters :
Wrong Input : Fist letter Should be capital and must contains minimum 3 characters :
Wrong Input : Fist letter Should be capital and must contains minimum 3 characters :
Wrong Input : Fist letter Should be capital and must contains minimum 3 characters :
Wrong Input : Fist letter Should be capital and must contains minimum 3 characters :
Wrong Input : Fist letter Should be capital and must contains minimum 3 characters :
Wrong Input : Fist letter Should be capital and must contains minimum 3 characters :
Wrong Input : Fist letter Should be capital and must contains minimum 3 characters :
Wrong Input : Fist letter Should be capital and must contains minimum 3 characters :
Wrong Input : Fist letter Should be capital and must contains minimum 3 characters :
Wrong Input : Fist letter Should be capital and must contains minimum 3 characters :
Wrong Input : Fist letter Should be capital and must contains minimum 3 characters :
Wrong Input : Fist letter Should be capital and must contains minimum 3 characters :
Wrong Input : Fist letter Should be capital and must contains minimum 3 characters :
Wrong Input : Fist letter Should be capital and must contains minimum 3 characters :
Wrong Input : Fist letter Should be capital and must contains minimum 3 characters :
Wrong Input : Fist letter Should be capital and must contains minimum 3 characters :
Wrong Input : Fist letter Should be capital and must contains minimum 3 characters :
Wrong Input : Fist letter Should be capital and must contains minimum 3 characters :
Wrong Input : Fist letter Should be capital and must contains minimum 3 characters :
Wrong Input : Fist letter Should be capital and must contains minimum 3 characters :
Wrong Input : Fist letter Should be capital and must contains minimum 3 characters :
Wrong Input : Fist letter Should be capital and must contains minimum 3 characters :
Wrong Input : Fist letter Should be capital and must contains minimum 3 characters :
Wrong Input : Fist letter Should be capital and must contains minimum 3 characters :
Wrong Input : Fist letter Should be capital and must contains minimum 3 characters :
Wrong Input : Fist letter Should be capital and must contains minimum 3 characters :
Wrong Input : Fist letter Should be capital and must contains minimum 3 characters :
Wrong Input : Fist letter Should be capital and must contains minimum 3 characters :
Wrong Input : Fist letter Should be capital and must contains minimum 3 characters :
Wrong Input : Fist letter Should be capital and must contains minimum 3 characters :
Wrong Input : Fist letter Should be capital and must contains minimum 3 characters :
Wrong Input : Fist letter Should be capital and must contains minimum 3 characters :
Wrong Input : Fist letter Should be capital and must contains minimum 3 characters :
Wrong Input : Fist letter Should be capital and must contains minimum 3 characters :
Wrong Input : Fist letter Should be capital and must contains minimum 3 characters :
Wrong Input : Fist letter Should be capital and must contains minimum 3 characters :
Wrong Input : Fist letter Should be capital and must contains minimum 3 characters :
Wrong Input : Fist letter Should be capital and must contains minimum 3 characters :
Wrong Input : Fist letter Should be capital and must contains minimum 3 characters :
Wrong Input : Fist letter Should be capital and must contains minimum 3 characters :
Wrong Input : Fist letter Should be capital and must contains minimum 3 characters :
Wrong Input : Fist letter Should be capital and must contains minimum 3 characters :
Wrong Input : Fist letter Should be capital and must contains minimum 3 characters :
Wrong Input : Fist letter Should be capital and must contains minimum 3 characters :
Wrong Input : Fist letter Should be capital and must contains minimum 3 characters :
Wrong Input : Fist letter Should be capital and must contains minimum 3 characters :
Wrong Input : Fist letter Should be capital and must contains minimum 3 characters :
Wrong Input : Fist letter Should be capital and must contains minimum 3 characters :
Wrong Input : Fist letter Should be capital and must contains minimum 3 characters :
Wrong Input : Fist letter Should be capital and must contains minimum 3 characters :
Wrong Input : Fist letter Should be capital and must contains minimum 3 characters :
Wrong Input : Fist letter Should be capital and must contains minimum 3 characters :
Wrong Input : Fist letter Should be capital and must contains minimum 3 characters :
Wrong Input : Fist letter Should be capital and must contains minimum 3 characters :
Wrong Input : Fist letter Should be capital and must contains minimum 3 characters :
Wrong Input : Fist letter Should be capital and must contains minimum 3 characters :
Wrong Input : Fist letter Should be capital and must contains minimum 3 characters :
Wrong Input : Fist letter Should be capital and must contains minimum 3 characters :
Wrong Input : Fist letter Should be capital and must contains minimum 3 characters :
Wrong Input : Fist letter Should be capital and must contains minimum 3 characters :
Wrong Input : Fist letter Should be capital and must contains minimum 3 characters :
Wrong Input : Fist letter Should be capital and must contains minimum 3 characters :
Wrong Input : Fist letter Should be capital and must contains minimum 3 characters :
Wrong Input : Fist letter Should be capital and must contains minimum 3 characters :
Wrong Input : Fist letter Should be capital and must contains minimum 3 characters :
Wrong Input : Fist letter Should be capital and must contains minimum 3 characters :
Wrong Input : Fist letter Should be capital and must contains minimum 3 characters :
Wrong Input : Fist letter Should be capital and must contains minimum 3 characters :
Wrong Input : Fist letter Should be capital and must contains minimum 3 characters :
Wrong Input : Fist letter Should be capital and must contains minimum 3 characters :
Wrong Input : Fist letter Should be capital and must contains minimum 3 characters :
Wrong Input : Fist letter Should be capital and must contains minimum 3 characters :
Wrong Input : Fist letter Should be capital and must contains minimum 3 characters :
Wrong Input : Fist letter Should be capital and must contains minimum 3 characters :
Wrong Input : Fist letter Should be capital and must contains minimum 3 characters :
Wrong Input : Fist letter Should be capital and must contains minimum 3 characters :
Wrong Input : Fist letter Should be capital and must contains minimum 3 characters :
Wrong Input : Fist letter Should be capital and must contains minimum 3 characters :
Wrong Input : Fist letter Should be capital and must contains minimum 3 characters :
Wrong Input : Fist letter Should be capital and must contains minimum 3 characters :
Wrong Input : Fist letter Should be capital and must contains minimum 3 characters :
Wrong Input : Fist letter Should be capital and must contains minimum 3 characters :
Wrong Input : Fist letter Should be capital and must contains minimum 3 characters :
Wrong Input : Fist letter Should be capital and must contains minimum 3 characters :
Wrong Input : Fist letter Should be capital and must contains minimum 3 characters :
Wrong Input : Fist letter Should be capital and must contains minimum 3 characters :
Wrong Input : Fist letter Should be capital and must contains minimum 3 characters :
Wrong Input : Fist letter Should be capital and must contains minimum 3 characters :
Wrong Input : Fist letter Should be capital and must contains minimum 3 characters :
Wrong Input : Fist letter Should be capital and must contains minimum 3 characters :
Wrong Input : Fist letter Should be capital and must contains minimum 3 characters :
Wrong Input : Fist letter Should be capital and must contains minimum 3 characters :
Wrong Input : Fist letter Should be capital and must contains minimum 3 characters :
Wrong Input : Fist letter Should be capital and must contains minimum 3 characters :
Wrong Input : Fist letter Should be capital and must contains minimum 3 characters :
Wrong Input : Fist letter Should be capital and must contains minimum 3 characters :
Wrong Input : Fist letter Should be capital and must contains minimum 3 characters :
Wrong Input : Fist letter Should be capital and must contains minimum 3 characters :
Wrong Input : Fist letter Should be capital and must contains minimum 3 characters :
Wrong Input : Fist letter Should be capital and must contains minimum 3 characters :
Wrong Input : Fist letter Should be capital and must contains minimum 3 characters :
Wrong Input : Fist letter Should be capital and must contains minimum 3 characters :
Wrong Input : Fist letter Should be capital and must contains minimum 3 characters :
Wrong Input : Fist letter Should be capital and must contains minimum 3 characters :
Wrong Input : Fist letter Should be capital and must contains minimum 3 characters :
Wrong Input : Fist letter Should be capital and must contains minimum 3 characters :
Wrong Input : Fist letter Should be capital and must contains minimum 3 characters :
Wrong Input : Fist letter Should be capital and must contains minimum 3 characters :
Wrong Input : Fist letter Should be capital and must contains minimum 3 characters :
Wrong Input : Fist letter Should be capital and must contains minimum 3 characters :
Wrong Input : Fist letter Should be capital and must contains minimum 3 characters :
Wrong Input : Fist letter Should be capital and must contains minimum 3 characters :
Wrong Input : Fist letter Should be capital and must contains minimum 3 characters :
Wrong Input : Fist letter Should be capital and must contains minimum 3 characters :
Wrong Input : Fist letter Should be capital and must contains minimum 3 characters :
Wrong Input : Fist letter Should be capital and must contains minimum 3 characters :
Wrong Input : Fist letter Should be capital and must contains minimum 3 characters :
Wrong Input : Fist letter Should be capital and must contains minimum 3 characters :
Wrong Input : Fist letter Should be capital and must contains minimum 3 characters :
Wrong Input : Fist letter Should be capital and must contains minimum 3 characters :
Wrong Input : Fist letter Should be capital and must contains minimum 3 characters :
Wrong Input : Fist letter Should be capital and must contains minimum 3 characters :
Wrong Input : Fist letter Should be capital and must contains minimum 3 characters :
Wrong Input : Fist letter Should be capital and must contains minimum 3 characters :
Wrong Input : Fist letter Should be capital and must contains minimum 3 characters :
Wrong Input : Fist letter Should be capital and must contains minimum 3 characters :
Wrong Input : Fist letter Should be capital and must contains minimum 3 characters :
Wrong Input : Fist letter Should be capital and must contains minimum 3 characters :
Wrong Input : Fist letter Should be capital and must contains minimum 3 characters :
Wrong Input : Fist letter Should be capital and must contains minimum 3 characters :
Wrong Input : Fist letter Should be capital and must contains minimum 3 characters :
Wrong Input : Fist letter Should be capital and must contains minimum 3 characters :
Wrong Input : Fist letter Should be capital and must contains minimum 3 characters :
Wrong Input : Fist letter Should be capital and must contains minimum 3 characters :
Wrong Input : Fist letter Should be capital and must contains minimum 3 characters :
Wrong Input : Fist letter Should be capital and must contains minimum 3 characters :
Wrong Input : Fist letter Should be capital and must contains minimum 3 characters :
Wrong Input : Fist letter Should be capital and must contains minimum 3 characters :
Wrong Input : Fist letter Should be capital and must contains minimum 3 characters :
Wrong Input : Fist letter Should be capital and must contains minimum 3 characters :
Wrong Input : Fist letter Should be capital and must contains minimum 3 characters :
Wrong Input : Fist letter Should be capital and must contains minimum 3 characters :
Wrong Input : Fist letter Should be capital and must contains minimum 3 characters :
Wrong Input : Fist letter Should be capital and must contains minimum 3 characters :
Wrong Input : Fist letter Should be capital and must contains minimum 3 characters :
Wrong Input : Fist letter Should be capital and must contains minimum 3 characters :
Wrong Input : Fist letter Should be capital and must contains minimum 3 characters :
Wrong Input : Fist letter Should be capital and must contains minimum 3 characters :
Wrong Input : Fist letter Should be capital and must contains minimum 3 characters :
Wrong Input : Fist letter Should be capital and must contains minimum 3 characters :
Wrong Input : Fist letter Should be capital and must contains minimum 3 characters :
Wrong Input : Fist letter Should be capital and must contains minimum 3 characters :
Wrong Input : Fist letter Should be capital and must contains minimum 3 characters :
Wrong Input : Fist letter Should be capital and must contains minimum 3 characters :
Wrong Input : Fist letter Should be capital and must contains minimum 3 characters :
Wrong Input : Fist letter Should be capital and must contains minimum 3 characters :
Wrong Input : Fist letter Should be capital and must contains minimum 3 characters :
Wrong Input : Fist letter Should be capital and must contains minimum 3 characters :
Wrong Input : Fist letter Should be capital and must contains minimum 3 characters :
Wrong Input : Fist letter Should be capital and must contains minimum 3 characters :
Wrong Input : Fist letter Should be capital and must contains minimum 3 characters :
Wrong Input : Fist letter Should be capital and must contains minimum 3 characters :
Wrong Input : Fist letter Should be capital and must contains minimum 3 characters :
Wrong Input : Fist letter Should be capital and must contains minimum 3 characters :
Wrong Input : Fist letter Should be capital and must contains minimum 3 characters :
Wrong Input : Fist letter Should be capital and must contains minimum 3 characters :
Wrong Input : Fist letter Should be capital and must contains minimum 3 characters :
Wrong Input : Fist letter Should be capital and must contains minimum 3 characters :
Wrong Input : Fist letter Should be capital and must contains minimum 3 characters :
Wrong Input : Fist letter Should be capital and must contains minimum 3 characters :
Wrong Input : Fist letter Should be capital and must contains minimum 3 characters :
Wrong Input : Fist letter Should be capital and must contains minimum 3 characters :
Wrong Input : Fist letter Should be capital and must contains minimum 3 characters :
Wrong Input : Fist letter Should be capital and must contains minimum 3 characters :
Wrong Input : Fist letter Should be capital and must contains minimum 3 characters :
Wrong Input : Fist letter Should be capital and must contains minimum 3 characters :
Wrong Input : Fist letter Should be capital and must contains minimum 3 characters :
Wrong Input : Fist letter Should be capital and must contains minimum 3 characters :
Wrong Input : Fist letter Should be capital and must contains minimum 3 characters :
Wrong Input : Fist letter Should be capital and must contains minimum 3 characters :
Wrong Input : Fist letter Should be capital and must contains minimum 3 characters :
Wrong Input : Fist letter Should be capital and must contains minimum 3 characters :
Wrong Input : Fist letter Should be capital and must contains minimum 3 characters :
Wrong Input : Fist letter Should be capital and must contains minimum 3 characters :
Wrong Input : Fist letter Should be capital and must contains minimum 3 characters :
Wrong Input : Fist letter Should be capital and must contains minimum 3 characters :
Wrong Input : Fist letter Should be capital and must contains minimum 3 characters :
Wrong Input : Fist letter Should be capital and must contains minimum 3 characters :
Wrong Input : Fist letter Should be capital and must contains minimum 3 characters :
Wrong Input : Fist letter Should be capital and must contains minimum 3 characters :
Wrong Input : Fist letter Should be capital and must contains minimum 3 characters :
Wrong Input : Fist letter Should be capital and must contains minimum 3 characters :
Wrong Input : Fist letter Should be capital and must contains minimum 3 characters :
Wrong Input : Fist letter Should be capital and must contains minimum 3 characters :
Wrong Input : Fist letter Should be capital and must contains minimum 3 characters :
Wrong Input : Fist letter Should be capital and must contains minimum 3 characters :
Wrong Input : Fist letter Should be capital and must contains minimum 3 characters :
Wrong Input : Fist letter Should be capital and must contains minimum 3 characters :
Wrong Input : Fist letter Should be capital and must contains minimum 3 characters :
Wrong Input : Fist letter Should be capital and must contains minimum 3 characters :
Wrong Input : Fist letter Should be capital and must contains minimum 3 characters :
Wrong Input : Fist letter Should be capital and must contains minimum 3 characters :
Wrong Input : Fist letter Should be capital and must contains minimum 3 characters :
Wrong Input : Fist letter Should be capital and must contains minimum 3 characters :
Wrong Input : Fist letter Should be capital and must contains minimum 3 characters :
Wrong Input : Fist letter Should be capital and must contains minimum 3 characters :
Wrong Input : Fist letter Should be capital and must contains minimum 3 characters :
Wrong Input : Fist letter Should be capital and must contains minimum 3 characters :
Wrong Input : Fist letter Should be capital and must contains minimum 3 characters :
Wrong Input : Fist letter Should be capital and must contains minimum 3 characters :
Wrong Input : Fist letter Should be capital and must contains minimum 3 characters :
Wrong Input : Fist letter Should be capital and must contains minimum 3 characters :
Wrong Input : Fist letter Should be capital and must contains minimum 3 characters :
Wrong Input : Fist letter Should be capital and must contains minimum 3 characters :
Wrong Input : Fist letter Should be capital and must contains minimum 3 characters :
Wrong Input : Fist letter Should be capital and must contains minimum 3 characters :
Wrong Input : Fist letter Should be capital and must contains minimum 3 characters :
Wrong Input : Fist letter Should be capital and must contains minimum 3 characters :
Wrong Input : Fist letter Should be capital and must contains minimum 3 characters :
Wrong Input : Fist letter Should be capital and must contains minimum 3 characters :
Wrong Input : Fist letter Should be capital and must contains minimum 3 characters :
Wrong Input : Fist letter Should be capital and must contains minimum 3 characters :
Wrong Input : Fist letter Should be capital and must contains minimum 3 characters :
Wrong Input : Fist letter Should be capital and must contains minimum 3 characters :
Wrong Input : Fist letter Should be capital and must contains minimum 3 characters :
Wrong Input : Fist letter Should be capital and must contains minimum 3 characters :
Wrong Input : Fist letter Should be capital and must contains minimum 3 characters :
Wrong Input : Fist letter Should be capital and must contains minimum 3 characters :
Wrong Input : Fist letter Should be capital and must contains minimum 3 characters :
Wrong Input : Fist letter Should be capital and must contains minimum 3 characters :
Wrong Input : Fist letter Should be capital and must contains minimum 3 characters :
Wrong Input : Fist letter Should be capital and must contains minimum 3 characters :
Wrong Input : Fist letter Should be capital and must contains minimum 3 characters :
Wrong Input : Fist letter Should be capital and must contains minimum 3 characters :
Wrong Input : Fist letter Should be capital and must contains minimum 3 characters :
Wrong Input : Fist letter Should be capital and must contains minimum 3 characters :
Wrong Input : Fist letter Should be capital and must contains minimum 3 characters :
Wrong Input : Fist letter Should be capital and must contains minimum 3 characters :
Wrong Input : Fist letter Should be capital and must contains minimum 3 characters :
Wrong Input : Fist letter Should be capital and must contains minimum 3 characters :
Wrong Input : Fist letter Should be capital and must contains minimum 3 characters :
Wrong Input : Fist letter Should be capital and must contains minimum 3 characters :
Wrong Input : Fist letter Should be capital and must contains minimum 3 characters :
Wrong Input : Fist letter Should be capital and must contains minimum 3 characters :
Wrong Input : Fist letter Should be capital and must contains minimum 3 characters :
Wrong Input : Fist letter Should be capital and must contains minimum 3 characters :
Wrong Input : Fist letter Should be capital and must contains minimum 3 characters :
Wrong Input : Fist letter Should be capital and must contains minimum 3 characters :
Wrong Input : Fist letter Should be capital and must contains minimum 3 characters :
Wrong Input : Fist letter Should be capital and must contains minimum 3 characters :
Wrong Input : Fist letter Should be capital and must contains minimum 3 characters :
Wrong Input : Fist letter Should be capital and must contains minimum 3 characters :
Wrong Input : Fist letter Should be capital and must contains minimum 3 characters :
Wrong Input : Fist letter Should be capital and must contains minimum 3 characters :
Wrong Input : Fist letter Should be capital and must contains minimum 3 characters :
Wrong Input : Fist letter Should be capital and must contains minimum 3 characters :
Wrong Input : Fist letter Should be capital and must contains minimum 3 characters :
Wrong Input : Fist letter Should be capital and must contains minimum 3 characters :
Wrong Input : Fist letter Should be capital and must contains minimum 3 characters :
Wrong Input : Fist letter Should be capital and must contains minimum 3 characters :
Wrong Input : Fist letter Should be capital and must contains minimum 3 characters :
Wrong Input : Fist letter Should be capital and must contains minimum 3 characters :
Wrong Input : Fist letter Should be capital and must contains minimum 3 characters :
Wrong Input : Fist letter Should be capital and must contains minimum 3 characters :
Wrong Input : Fist letter Should be capital and must contains minimum 3 characters :
Wrong Input : Fist letter Should be capital and must contains minimum 3 characters :
Wrong Input : Fist letter Should be capital and must contains minimum 3 characters :
Wrong Input : Fist letter Should be capital and must contains minimum 3 characters :
Wrong Input : Fist letter Should be capital and must contains minimum 3 characters :
Wrong Input : Fist letter Should be capital and must contains minimum 3 characters :
Wrong Input : Fist letter Should be capital and must contains minimum 3 characters :
Wrong Input : Fist letter Should be capital and must contains minimum 3 characters :
Wrong Input : Fist letter Should be capital and must contains minimum 3 characters :
Wrong Input : Fist letter Should be capital and must contains minimum 3 characters :
Wrong Input : Fist letter Should be capital and must contains minimum 3 characters :
Wrong Input : Fist letter Should be capital and must contains minimum 3 characters :
Wrong Input : Fist letter Should be capital and must contains minimum 3 characters :
Wrong Input : Fist letter Should be capital and must contains minimum 3 characters :
Wrong Input : Fist letter Should be capital and must contains minimum 3 characters :
Wrong Input : Fist letter Should be capital and must contains minimum 3 characters :
Wrong Input : Fist letter Should be capital and must contains minimum 3 characters :
Wrong Input : Fist letter Should be capital and must contains minimum 3 characters :
Wrong Input : Fist letter Should be capital and must contains minimum 3 characters :
Wrong Input : Fist letter Should be capital and must contains minimum 3 characters :
Wrong Input : Fist letter Should be capital and must contains minimum 3 characters :
Wrong Input : Fist letter Should be capital and must contains minimum 3 characters :
Wrong Input : Fist letter Should be capital and must contains minimum 3 characters :
Wrong Input : Fist letter Should be capital and must contains minimum 3 characters :
Wrong Input : Fist letter Should be capital and must contains minimum 3 characters :
Wrong Input : Fist letter Should be capital and must contains minimum 3 characters :
Wrong Input : Fist letter Should be capital and must contains minimum 3 characters :
Wrong Input : Fist letter Should be capital and must contains minimum 3 characters :
Wrong Input : Fist letter Should be capital and must contains minimum 3 characters :
Wrong Input : Fist letter Should be capital and must contains minimum 3 characters :
Wrong Input : Fist letter Should be capital and must contains minimum 3 characters :
Wrong Input : Fist letter Should be capital and must contains minimum 3 characters :
Wrong Input : Fist letter Should be capital and must contains minimum 3 characters :
Wrong Input : Fist letter Should be capital and must contains minimum 3 characters :
Wrong Input : Fist letter Should be capital and must contains minimum 3 characters :
Wrong Input : Fist letter Should be capital and must contains minimum 3 characters :
Wrong Input : Fist letter Should be capital and must contains minimum 3 characters :
Wrong Input : Fist letter Should be capital and must contains minimum 3 characters :
Wrong Input : Fist letter Should be capital and must contains minimum 3 characters :
Wrong Input : Fist letter Should be capital and must contains minimum 3 characters :
Wrong Input : Fist letter Should be capital and must contains minimum 3 characters :
Wrong Input : Fist letter Should be capital and must contains minimum 3 characters :
Wrong Input : Fist letter Should be capital and must contains minimum 3 characters :
Wrong Input : Fist letter Should be capital and must contains minimum 3 characters :
Wrong Input : Fist letter Should be capital and must contains minimum 3 characters :
Wrong Input : Fist letter Should be capital and must contains minimum 3 characters :
Wrong Input : Fist letter Should be capital and must contains minimum 3 characters :
Wrong Input : Fist letter Should be capital and must contains minimum 3 characters :
Wrong Input : Fist letter Should be capital and must contains minimum 3 characters :
Wrong Input : Fist letter Should be capital and must contains minimum 3 characters :
Wrong Input : Fist letter Should be capital and must contains minimum 3 characters :
Wrong Input : Fist letter Should be capital and must contains minimum 3 characters :
Wrong Input : Fist letter Should be capital and must contains minimum 3 characters :
Wrong Input : Fist letter Should be capital and must contains minimum 3 characters :
Wrong Input : Fist letter Should be capital and must contains minimum 3 characters :
Wrong Input : Fist letter Should be capital and must contains minimum 3 characters :
Wrong Input : Fist letter Should be capital and must contains minimum 3 characters :
Wrong Input : Fist letter Should be capital and must contains minimum 3 characters :
Wrong Input : Fist letter Should be capital and must contains minimum 3 characters :
Wrong Input : Fist letter Should be capital and must contains minimum 3 characters :
Wrong Input : Fist letter Should be capital and must contains minimum 3 characters :
Wrong Input : Fist letter Should be capital and must contains minimum 3 characters :
Wrong Input : Fist letter Should be capital and must contains minimum 3 characters :
Wrong Input : Fist letter Should be capital and must contains minimum 3 characters :
Wrong Input : Fist letter Should be capital and must contains minimum 3 characters :
Wrong Input : Fist letter Should be capital and must contains minimum 3 characters :
Wrong Input : Fist letter Should be capital and must contains minimum 3 characters :
Wrong Input : Fist letter Should be capital and must contains minimum 3 characters :
Wrong Input : Fist letter Should be capital and must contains minimum 3 characters :
Wrong Input : Fist letter Should be capital and must contains minimum 3 characters :
Wrong Input : Fist letter Should be capital and must contains minimum 3 characters :
Wrong Input : Fist letter Should be capital and must contains minimum 3 characters :
Wrong Input : Fist letter Should be capital and must contains minimum 3 characters :
Wrong Input : Fist letter Should be capital and must contains minimum 3 characters :
Wrong Input : Fist letter Should be capital and must contains minimum 3 characters :
Wrong Input : Fist letter Should be capital and must contains minimum 3 characters :
Wrong Input : Fist letter Should be capital and must contains minimum 3 characters :
Wrong Input : Fist letter Should be capital and must contains minimum 3 characters :
Wrong Input : Fist letter Should be capital and must contains minimum 3 characters :
Wrong Input : Fist letter Should be capital and must contains minimum 3 characters :
Wrong Input : Fist letter Should be capital and must contains minimum 3 characters :
Wrong Input : Fist letter Should be capital and must contains minimum 3 characters :
Wrong Input : Fist letter Should be capital and must contains minimum 3 characters :
Wrong Input : Fist letter Should be capital and must contains minimum 3 characters :
Wrong Input : Fist letter Should be capital and must contains minimum 3 characters :
Wrong Input : Fist letter Should be capital and must contains minimum 3 characters :
Wrong Input : Fist letter Should be capital and must contains minimum 3 characters :
Wrong Input : Fist letter Should be capital and must contains minimum 3 characters :
Wrong Input : Fist letter Should be capital and must contains minimum 3 characters :
Wrong Input : Fist letter Should be capital and must contains minimum 3 characters :
Wrong Input : Fist letter Should be capital and must contains minimum 3 characters :
Wrong Input : Fist letter Should be capital and must contains minimum 3 characters :
Wrong Input : Fist letter Should be capital and must contains minimum 3 characters :
Wrong Input : Fist letter Should be capital and must contains minimum 3 characters :
Wrong Input : Fist letter Should be capital and must contains minimum 3 characters :
Wrong Input : Fist letter Should be capital and must contains minimum 3 characters :
Wrong Input : Fist letter Should be capital and must contains minimum 3 characters :
Wrong Input : Fist letter Should be capital and must contains minimum 3 characters :
Wrong Input : Fist letter Should be capital and must contains minimum 3 characters :
Wrong Input : Fist letter Should be capital and must contains minimum 3 characters :
Wrong Input : Fist letter Should be capital and must contains minimum 3 characters :
Wrong Input : Fist letter Should be capital and must contains minimum 3 characters :
Wrong Input : Fist letter Should be capital and must contains minimum 3 characters :
Wrong Input : Fist letter Should be capital and must contains minimum 3 characters :
Wrong Input : Fist letter Should be capital and must contains minimum 3 characters :
Wrong Input : Fist letter Should be capital and must contains minimum 3 characters :
Wrong Input : Fist letter Should be capital and must contains minimum 3 characters :
Wrong Input : Fist letter Should be capital and must contains minimum 3 characters :
Wrong Input : Fist letter Should be capital and must contains minimum 3 characters :
Wrong Input : Fist letter Should be capital and must contains minimum 3 characters :
Wrong Input : Fist letter Should be capital and must contains minimum 3 characters :
Wrong Input : Fist letter Should be capital and must contains minimum 3 characters :
Wrong Input : Fist letter Should be capital and must contains minimum 3 characters :
Wrong Input : Fist letter Should be capital and must contains minimum 3 characters :
Wrong Input : Fist letter Should be capital and must contains minimum 3 characters :
Wrong Input : Fist letter Should be capital and must contains minimum 3 characters :
Wrong Input : Fist letter Should be capital and must contains minimum 3 characters :
Wrong Input : Fist letter Should be capital and must contains minimum 3 characters :
Wrong Input : Fist letter Should be capital and must contains minimum 3 characters :
Wrong Input : Fist letter Should be capital and must contains minimum 3 characters :
Wrong Input : Fist letter Should be capital and must contains minimum 3 characters :
Wrong Input : Fist letter Should be capital and must contains minimum 3 characters :
Wrong Input : Fist letter Should be capital and must contains minimum 3 characters :
Wrong Input : Fist letter Should be capital and must contains minimum 3 characters :
Wrong Input : Fist letter Should be capital and must contains minimum 3 characters :
Wrong Input : Fist letter Should be capital and must contains minimum 3 characters :
Wrong Input : Fist letter Should be capital and must contains minimum 3 characters :
Wrong Input : Fist letter Should be capital and must contains minimum 3 characters :
Wrong Input : Fist letter Should be capital and must contains minimum 3 characters :
Wrong Input : Fist letter Should be capital and must contains minimum 3 characters :
Wrong Input : Fist letter Should be capital and must contains minimum 3 characters :
Wrong Input : Fist letter Should be capital and must contains minimum 3 characters :
Wrong Input : Fist letter Should be capital and must contains minimum 3 characters :
Wrong Input : Fist letter Should be capital and must contains minimum 3 characters :
Wrong Input : Fist letter Should be capital and must contains minimum 3 characters :
Wrong Input : Fist letter Should be capital and must contains minimum 3 characters :
Wrong Input : Fist letter Should be capital and must contains minimum 3 characters :
Wrong Input : Fist letter Should be capital and must contains minimum 3 characters :
Wrong Input : Fist letter Should be capital and must contains minimum 3 characters :
Wrong Input : Fist letter Should be capital and must contains minimum 3 characters :
Wrong Input : Fist letter Should be capital and must contains minimum 3 characters :
Wrong Input : Fist letter Should be capital and must contains minimum 3 characters :
Wrong Input : Fist letter Should be capital and must contains minimum 3 characters :
Wrong Input : Fist letter Should be capital and must contains minimum 3 characters :
Wrong Input : Fist letter Should be capital and must contains minimum 3 characters :
Wrong Input : Fist letter Should be capital and must contains minimum 3 characters :
Wrong Input : Fist letter Should be capital and must contains minimum 3 characters :
Wrong Input : Fist letter Should be capital and must contains minimum 3 characters :
Wrong Input : Fist letter Should be capital and must contains minimum 3 characters :
Wrong Input : Fist letter Should be capital and must contains minimum 3 characters :
Wrong Input : Fist letter Should be capital and must contains minimum 3 characters :
Wrong Input : Fist letter Should be capital and must contains minimum 3 characters :
Wrong Input : Fist letter Should be capital and must contains minimum 3 characters :
Wrong Input : Fist letter Should be capital and must contains minimum 3 characters :
Wrong Input : Fist letter Should be capital and must contains minimum 3 characters :
Wrong Input : Fist letter Should be capital and must contains minimum 3 characters :
Wrong Input : Fist letter Should be capital and must contains minimum 3 characters :
Wrong Input : Fist letter Should be capital and must contains minimum 3 characters :
Wrong Input : Fist letter Should be capital and must contains minimum 3 characters :
Wrong Input : Fist letter Should be capital and must contains minimum 3 characters :
Wrong Input : Fist letter Should be capital and must contains minimum 3 characters :
Wrong Input : Fist letter Should be capital and must contains minimum 3 characters :
Wrong Input : Fist letter Should be capital and must contains minimum 3 characters :
Wrong Input : Fist letter Should be capital and must contains minimum 3 characters :
Wrong Input : Fist letter Should be capital and must contains minimum 3 characters :
Wrong Input : Fist letter Should be capital and must contains minimum 3 characters :
Wrong Input : Fist letter Should be capital and must contains minimum 3 characters :
Wrong Input : Fist letter Should be capital and must contains minimum 3 characters :
Wrong Input : Fist letter Should be capital and must contains minimum 3 characters :
Wrong Input : Fist letter Should be capital and must contains minimum 3 characters :
Wrong Input : Fist letter Should be capital and must contains minimum 3 characters :
Wrong Input : Fist letter Should be capital and must contains minimum 3 characters :
Wrong Input : Fist letter Should be capital and must contains minimum 3 characters :
Wrong Input : Fist letter Should be capital and must contains minimum 3 characters :
Wrong Input : Fist letter Should be capital and must contains minimum 3 characters :
Wrong Input : Fist letter Should be capital and must contains minimum 3 characters :
Wrong Input : Fist letter Should be capital and must contains minimum 3 characters :
Wrong Input : Fist letter Should be capital and must contains minimum 3 characters :
Wrong Input : Fist letter Should be capital and must contains minimum 3 characters :
Wrong Input : Fist letter Should be capital and must contains minimum 3 characters :
Wrong Input : Fist letter Should be capital and must contains minimum 3 characters :
Wrong Input : Fist letter Should be capital and must contains minimum 3 characters :
Wrong Input : Fist letter Should be capital and must contains minimum 3 characters :
Wrong Input : Fist letter Should be capital and must contains minimum 3 characters :
Wrong Input : Fist letter Should be capital and must contains minimum 3 characters :
Wrong Input : Fist letter Should be capital and must contains minimum 3 characters :
Wrong Input : Fist letter Should be capital and must contains minimum 3 characters :
Wrong Input : Fist letter Should be capital and must contains minimum 3 characters :
Wrong Input : Fist letter Should be capital and must contains minimum 3 characters :
Wrong Input : Fist letter Should be capital and must contains minimum 3 characters :
Wrong Input : Fist letter Should be capital and must contains minimum 3 characters :
Wrong Input : Fist letter Should be capital and must contains minimum 3 characters :
Wrong Input : Fist letter Should be capital and must contains minimum 3 characters :
Wrong Input : Fist letter Should be capital and must contains minimum 3 characters :
Wrong Input : Fist letter Should be capital and must contains minimum 3 characters :
Wrong Input : Fist letter Should be capital and must contains minimum 3 characters :
Wrong Input : Fist letter Should be capital and must contains minimum 3 characters :
Wrong Input : Fist letter Should be capital and must contains minimum 3 characters :
Wrong Input : Fist letter Should be capital and must contains minimum 3 characters :
Wrong Input : Fist letter Should be capital and must contains minimum 3 characters :
Wrong Input : Fist letter Should be capital and must contains minimum 3 characters :
Wrong Input : Fist letter Should be capital and must contains minimum 3 characters :
Wrong Input : Fist letter Should be capital and must contains minimum 3 characters :
Wrong Input : Fist letter Should be capital and must contains minimum 3 characters :
Wrong Input : Fist letter Should be capital and must contains minimum 3 characters :
Wrong Input : Fist letter Should be capital and must contains minimum 3 characters :
Wrong Input : Fist letter Should be capital and must contains minimum 3 characters :
Wrong Input : Fist letter Should be capital and must contains minimum 3 characters :
Wrong Input : Fist letter Should be capital and must contains minimum 3 characters :
Wrong Input : Fist letter Should be capital and must contains minimum 3 characters :
Wrong Input : Fist letter Should be capital and must contains minimum 3 characters :
Wrong Input : Fist letter Should be capital and must contains minimum 3 characters :
Wrong Input : Fist letter Should be capital and must contains minimum 3 characters :
Wrong Input : Fist letter Should be capital and must contains minimum 3 characters :
Wrong Input : Fist letter Should be capital and must contains minimum 3 characters :
Wrong Input : Fist letter Should be capital and must contains minimum 3 characters :
Wrong Input : Fist letter Should be capital and must contains minimum 3 characters :
Wrong Input : Fist letter Should be capital and must contains minimum 3 characters :
Wrong Input : Fist letter Should be capital and must contains minimum 3 characters :
Wrong Input : Fist letter Should be capital and must contains minimum 3 characters :
Wrong Input : Fist letter Should be capital and must contains minimum 3 characters :
Wrong Input : Fist letter Should be capital and must contains minimum 3 characters :
Wrong Input : Fist letter Should be capital and must contains minimum 3 characters :
Wrong Input : Fist letter Should be capital and must contains minimum 3 characters :
Wrong Input : Fist letter Should be capital and must contains minimum 3 characters :
Wrong Input : Fist letter Should be capital and must contains minimum 3 characters :
Wrong Input : Fist letter Should be capital and must contains minimum 3 characters :
Wrong Input : Fist letter Should be capital and must contains minimum 3 characters :
Wrong Input : Fist letter Should be capital and must contains minimum 3 characters :
Wrong Input : Fist letter Should be capital and must contains minimum 3 characters :
Wrong Input : Fist letter Should be capital and must contains minimum 3 characters :
Wrong Input : Fist letter Should be capital and must contains minimum 3 characters :
Wrong Input : Fist letter Should be capital and must contains minimum 3 characters :
Wrong Input : Fist letter Should be capital and must contains minimum 3 characters :
Wrong Input : Fist letter Should be capital and must contains minimum 3 characters :
Wrong Input : Fist letter Should be capital and must contains minimum 3 characters :
Wrong Input : Fist letter Should be capital and must contains minimum 3 characters :
Wrong Input : Fist letter Should be capital and must contains minimum 3 characters :
Wrong Input : Fist letter Should be capital and must contains minimum 3 characters :
Wrong Input : Fist letter Should be capital and must contains minimum 3 characters :
Wrong Input : Fist letter Should be capital and must contains minimum 3 characters :
Wrong Input : Fist letter Should be capital and must contains minimum 3 characters :
Wrong Input : Fist letter Should be capital and must contains minimum 3 characters :
Wrong Input : Fist letter Should be capital and must contains minimum 3 characters :
Wrong Input : Fist letter Should be capital and must contains minimum 3 characters :
Wrong Input : Fist letter Should be capital and must contains minimum 3 characters :
Wrong Input : Fist letter Should be capital and must contains minimum 3 characters :
Wrong Input : Fist letter Should be capital and must contains minimum 3 characters :
Wrong Input : Fist letter Should be capital and must contains minimum 3 characters :
Wrong Input : Fist letter Should be capital and must contains minimum 3 characters :
Wrong Input : Fist letter Should be capital and must contains minimum 3 characters :
Wrong Input : Fist letter Should be capital and must contains minimum 3 characters :
Wrong Input : Fist letter Should be capital and must contains minimum 3 characters :
Wrong Input : Fist letter Should be capital and must contains minimum 3 characters :
Wrong Input : Fist letter Should be capital and must contains minimum 3 characters :
Wrong Input : Fist letter Should be capital and must contains minimum 3 characters :
Wrong Input : Fist letter Should be capital and must contains minimum 3 characters :
Wrong Input : Fist letter Should be capital and must contains minimum 3 characters :
Wrong Input : Fist letter Should be capital and must contains minimum 3 characters :
Wrong Input : Fist letter Should be capital and must contains minimum 3 characters :
Wrong Input : Fist letter Should be capital and must contains minimum 3 characters :
Wrong Input : Fist letter Should be capital and must contains minimum 3 characters :
Wrong Input : Fist letter Should be capital and must contains minimum 3 characters :
Wrong Input : Fist letter Should be capital and must contains minimum 3 characters :
Wrong Input : Fist letter Should be capital and must contains minimum 3 characters :
Wrong Input : Fist letter Should be capital and must contains minimum 3 characters :
Wrong Input : Fist letter Should be capital and must contains minimum 3 characters :
Wrong Input : Fist letter Should be capital and must contains minimum 3 characters :
Wrong Input : Fist letter Should be capital and must contains minimum 3 characters :
Wrong Input : Fist letter Should be capital and must contains minimum 3 characters :
Wrong Input : Fist letter Should be capital and must contains minimum 3 characters :
Wrong Input : Fist letter Should be capital and must contains minimum 3 characters :
Wrong Input : Fist letter Should be capital and must contains minimum 3 characters :
Wrong Input : Fist letter Should be capital and must contains minimum 3 characters :
Wrong Input : Fist letter Should be capital and must contains minimum 3 characters :
Wrong Input : Fist letter Should be capital and must contains minimum 3 characters :
Wrong Input : Fist letter Should be capital and must contains minimum 3 characters :
Wrong Input : Fist letter Should be capital and must contains minimum 3 characters :
Wrong Input : Fist letter Should be capital and must contains minimum 3 characters :
Wrong Input : Fist letter Should be capital and must contains minimum 3 characters :
Wrong Input : Fist letter Should be capital and must contains minimum 3 characters :
Wrong Input : Fist letter Should be capital and must contains minimum 3 characters :
Wrong Input : Fist letter Should be capital and must contains minimum 3 characters :
Wrong Input : Fist letter Should be capital and must contains minimum 3 characters :
Wrong Input : Fist letter Should be capital and must contains minimum 3 characters :
Wrong Input : Fist letter Should be capital and must contains minimum 3 characters :
Wrong Input : Fist letter Should be capital and must contains minimum 3 characters :
Wrong Input : Fist letter Should be capital and must contains minimum 3 characters :
Wrong Input : Fist letter Should be capital and must contains minimum 3 characters :
Wrong Input : Fist letter Should be capital and must contains minimum 3 characters :
Wrong Input : Fist letter Should be capital and must contains minimum 3 characters :
Wrong Input : Fist letter Should be capital and must contains minimum 3 characters :
Wrong Input : Fist letter Should be capital and must contains minimum 3 characters :
Wrong Input : Fist letter Should be capital and must contains minimum 3 characters :
Wrong Input : Fist letter Should be capital and must contains minimum 3 characters :
Wrong Input : Fist letter Should be capital and must contains minimum 3 characters :
Wrong Input : Fist letter Should be capital and must contains minimum 3 characters :
Wrong Input : Fist letter Should be capital and must contains minimum 3 characters :
Wrong Input : Fist letter Should be capital and must contains minimum 3 characters :
Wrong Input : Fist letter Should be capital and must contains minimum 3 characters :
Wrong Input : Fist letter Should be capital and must contains minimum 3 characters :
Wrong Input : Fist letter Should be capital and must contains minimum 3 characters :
Wrong Input : Fist letter Should be capital and must contains minimum 3 characters :
Wrong Input : Fist letter Should be capital and must contains minimum 3 characters :
Wrong Input : Fist letter Should be capital and must contains minimum 3 characters :
Wrong Input : Fist letter Should be capital and must contains minimum 3 characters :
Wrong Input : Fist letter Should be capital and must contains minimum 3 characters :
Wrong Input : Fist letter Should be capital and must contains minimum 3 characters :
Wrong Input : Fist letter Should be capital and must contains minimum 3 characters :
Wrong Input : Fist letter Should be capital and must contains minimum 3 characters :
Wrong Input : Fist letter Should be capital and must contains minimum 3 characters :
Wrong Input : Fist letter Should be capital and must contains minimum 3 characters :
Wrong Input : Fist letter Should be capital and must contains minimum 3 characters :
Wrong Input : Fist letter Should be capital and must contains minimum 3 characters :
Wrong Input : Fist letter Should be capital and must contains minimum 3 characters :
Wrong Input : Fist letter Should be capital and must contains minimum 3 characters :
Wrong Input : Fist letter Should be capital and must contains minimum 3 characters :
Wrong Input : Fist letter Should be capital and must contains minimum 3 characters :
Wrong Input : Fist letter Should be capital and must contains minimum 3 characters :
Wrong Input : Fist letter Should be capital and must contains minimum 3 characters :
Wrong Input : Fist letter Should be capital and must contains minimum 3 characters :
Wrong Input : Fist letter Should be capital and must contains minimum 3 characters :
Wrong Input : Fist letter Should be capital and must contains minimum 3 characters :
Wrong Input : Fist letter Should be capital and must contains minimum 3 characters :
Wrong Input : Fist letter Should be capital and must contains minimum 3 characters :
Wrong Input : Fist letter Should be capital and must contains minimum 3 characters :
Wrong Input : Fist letter Should be capital and must contains minimum 3 characters :
Wrong Input : Fist letter Should be capital and must contains minimum 3 characters :
Wrong Input : Fist letter Should be capital and must contains minimum 3 characters :
Wrong Input : Fist letter Should be capital and must contains minimum 3 characters :
Wrong Input : Fist letter Should be capital and must contains minimum 3 characters :
Wrong Input : Fist letter Should be capital and must contains minimum 3 characters :
Wrong Input : Fist letter Should be capital and must contains minimum 3 characters :
Wrong Input : Fist letter Should be capital and must contains minimum 3 characters :
Wrong Input : Fist letter Should be capital and must contains minimum 3 characters :
Wrong Input : Fist letter Should be capital and must contains minimum 3 characters :
Wrong Input : Fist letter Should be capital and must contains minimum 3 characters :
Wrong Input : Fist letter Should be capital and must contains minimum 3 characters :
Wrong Input : Fist letter Should be capital and must contains minimum 3 characters :
Wrong Input : Fist letter Should be capital and must contains minimum 3 characters :
Wrong Input : Fist letter Should be capital and must contains minimum 3 characters :
Wrong Input : Fist letter Should be capital and must contains minimum 3 characters :
Wrong Input : Fist letter Should be capital and must contains minimum 3 characters :
Wrong Input : Fist letter Should be capital and must contains minimum 3 characters :
Wrong Input : Fist letter Should be capital and must contains minimum 3 characters :
Wrong Input : Fist letter Should be capital and must contains minimum 3 characters :
Wrong Input : Fist letter Should be capital and must contains minimum 3 characters :
Wrong Input : Fist letter Should be capital and must contains minimum 3 characters :
Wrong Input : Fist letter Should be capital and must contains minimum 3 characters :
Wrong Input : Fist letter Should be capital and must contains minimum 3 characters :
Wrong Input : Fist letter Should be capital and must contains minimum 3 characters :
Wrong Input : Fist letter Should be capital and must contains minimum 3 characters :
Wrong Input : Fist letter Should be capital and must contains minimum 3 characters :
Wrong Input : Fist letter Should be capital and must contains minimum 3 characters :
Wrong Input : Fist letter Should be capital and must contains minimum 3 characters :
Wrong Input : Fist letter Should be capital and must contains minimum 3 characters :
Wrong Input : Fist letter Should be capital and must contains minimum 3 characters :
Wrong Input : Fist letter Should be capital and must contains minimum 3 characters :
Wrong Input : Fist letter Should be capital and must contains minimum 3 characters :
Wrong Input : Fist letter Should be capital and must contains minimum 3 characters :
Wrong Input : Fist letter Should be capital and must contains minimum 3 characters :
Wrong Input : Fist letter Should be capital and must contains minimum 3 characters :
Wrong Input : Fist letter Should be capital and must contains minimum 3 characters :
Wrong Input : Fist letter Should be capital and must contains minimum 3 characters :
Wrong Input : Fist letter Should be capital and must contains minimum 3 characters :
Wrong Input : Fist letter Should be capital and must contains minimum 3 characters :
Wrong Input : Fist letter Should be capital and must contains minimum 3 characters :
Wrong Input : Fist letter Should be capital and must contains minimum 3 characters :
Wrong Input : Fist letter Should be capital and must contains minimum 3 characters :
Wrong Input : Fist letter Should be capital and must contains minimum 3 characters :
Wrong Input : Fist letter Should be capital and must contains minimum 3 characters :
Wrong Input : Fist letter Should be capital and must contains minimum 3 characters :
Wrong Input : Fist letter Should be capital and must contains minimum 3 characters :
Wrong Input : Fist letter Should be capital and must contains minimum 3 characters :
Wrong Input : Fist letter Should be capital and must contains minimum 3 characters :
Wrong Input : Fist letter Should be capital and must contains minimum 3 characters :
Wrong Input : Fist letter Should be capital and must contains minimum 3 characters :
Wrong Input : Fist letter Should be capital and must contains minimum 3 characters :
Wrong Input : Fist letter Should be capital and must contains minimum 3 characters :
Wrong Input : Fist letter Should be capital and must contains minimum 3 characters :
Wrong Input : Fist letter Should be capital and must contains minimum 3 characters :
Wrong Input : Fist letter Should be capital and must contains minimum 3 characters :
Wrong Input : Fist letter Should be capital and must contains minimum 3 characters :
Wrong Input : Fist letter Should be capital and must contains minimum 3 characters :
Wrong Input : Fist letter Should be capital and must contains minimum 3 characters :
Wrong Input : Fist letter Should be capital and must contains minimum 3 characters :
Wrong Input : Fist letter Should be capital and must contains minimum 3 characters :
Wrong Input : Fist letter Should be capital and must contains minimum 3 characters :
Wrong Input : Fist letter Should be capital and must contains minimum 3 characters :
Wrong Input : Fist letter Should be capital and must contains minimum 3 characters :
Wrong Input : Fist letter Should be capital and must contains minimum 3 characters :
Wrong Input : Fist letter Should be capital and must contains minimum 3 characters :
Wrong Input : Fist letter Should be capital and must contains minimum 3 characters :
Wrong Input : Fist letter Should be capital and must contains minimum 3 characters :
Wrong Input : Fist letter Should be capital and must contains minimum 3 characters :
Wrong Input : Fist letter Should be capital and must contains minimum 3 characters :
Wrong Input : Fist letter Should be capital and must contains minimum 3 characters :
Wrong Input : Fist letter Should be capital and must contains minimum 3 characters :
Wrong Input : Fist letter Should be capital and must contains minimum 3 characters :
Wrong Input : Fist letter Should be capital and must contains minimum 3 characters :
Wrong Input : Fist letter Should be capital and must contains minimum 3 characters :
Wrong Input : Fist letter Should be capital and must contains minimum 3 characters :
Wrong Input : Fist letter Should be capital and must contains minimum 3 characters :
Wrong Input : Fist letter Should be capital and must contains minimum 3 characters :
Wrong Input : Fist letter Should be capital and must contains minimum 3 characters :
Wrong Input : Fist letter Should be capital and must contains minimum 3 characters :
Wrong Input : Fist letter Should be capital and must contains minimum 3 characters :
Wrong Input : Fist letter Should be capital and must contains minimum 3 characters :
Wrong Input : Fist letter Should be capital and must contains minimum 3 characters :
Wrong Input : Fist letter Should be capital and must contains minimum 3 characters :
Wrong Input : Fist letter Should be capital and must contains minimum 3 characters :
Wrong Input : Fist letter Should be capital and must contains minimum 3 characters :
Wrong Input : Fist letter Should be capital and must contains minimum 3 characters :
Wrong Input : Fist letter Should be capital and must contains minimum 3 characters :
Wrong Input : Fist letter Should be capital and must contains minimum 3 characters :
Wrong Input : Fist letter Should be capital and must contains minimum 3 characters :
Wrong Input : Fist letter Should be capital and must contains minimum 3 characters :
Wrong Input : Fist letter Should be capital and must contains minimum 3 characters :
Wrong Input : Fist letter Should be capital and must contains minimum 3 characters :
Wrong Input : Fist letter Should be capital and must contains minimum 3 characters :
Wrong Input : Fist letter Should be capital and must contains minimum 3 characters :
Wrong Input : Fist letter Should be capital and must contains minimum 3 characters :
Wrong Input : Fist letter Should be capital and must contains minimum 3 characters :
Wrong Input : Fist letter Should be capital and must contains minimum 3 characters :
Wrong Input : Fist letter Should be capital and must contains minimum 3 characters :
Wrong Input : Fist letter Should be capital and must contains minimum 3 characters :
Wrong Input : Fist letter Should be capital and must contains minimum 3 characters :
Wrong Input : Fist letter Should be capital and must contains minimum 3 characters :
Wrong Input : Fist letter Should be capital and must contains minimum 3 characters :
Wrong Input : Fist letter Should be capital and must contains minimum 3 characters :
Wrong Input : Fist letter Should be capital and must contains minimum 3 characters :
Wrong Input : Fist letter Should be capital and must contains minimum 3 characters :
Wrong Input : Fist letter Should be capital and must contains minimum 3 characters :
Wrong Input : Fist letter Should be capital and must contains minimum 3 characters :
Wrong Input : Fist letter Should be capital and must contains minimum 3 characters :
Wrong Input : Fist letter Should be capital and must contains minimum 3 characters :
Wrong Input : Fist letter Should be capital and must contains minimum 3 characters :
Wrong Input : Fist letter Should be capital and must contains minimum 3 characters :
Wrong Input : Fist letter Should be capital and must contains minimum 3 characters :
Wrong Input : Fist letter Should be capital and must contains minimum 3 characters :
Wrong Input : Fist letter Should be capital and must contains minimum 3 characters :
Wrong Input : Fist letter Should be capital and must contains minimum 3 characters :
Wrong Input : Fist letter Should be capital and must contains minimum 3 characters :
Wrong Input : Fist letter Should be capital and must contains minimum 3 characters :
Wrong Input : Fist letter Should be capital and must contains minimum 3 characters :
Wrong Input : Fist letter Should be capital and must contains minimum 3 characters :
Wrong Input : Fist letter Should be capital and must contains minimum 3 characters :
Wrong Input : Fist letter Should be capital and must contains minimum 3 characters :
Wrong Input : Fist letter Should be capital and must contains minimum 3 characters :
Wrong Input : Fist letter Should be capital and must contains minimum 3 characters :
Wrong Input : Fist letter Should be capital and must contains minimum 3 characters :
Wrong Input : Fist letter Should be capital and must contains minimum 3 characters :
Wrong Input : Fist letter Should be capital and must contains minimum 3 characters :
Wrong Input : Fist letter Should be capital and must contains minimum 3 characters :
Wrong Input : Fist letter Should be capital and must contains minimum 3 characters :
Wrong Input : Fist letter Should be capital and must contains minimum 3 characters :
Wrong Input : Fist letter Should be capital and must contains minimum 3 characters :
Wrong Input : Fist letter Should be capital and must contains minimum 3 characters :
Wrong Input : Fist letter Should be capital and must contains minimum 3 characters :
Wrong Input : Fist letter Should be capital and must contains minimum 3 characters :
Wrong Input : Fist letter Should be capital and must contains minimum 3 characters :
Wrong Input : Fist letter Should be capital and must contains minimum 3 characters :
Wrong Input : Fist letter Should be capital and must contains minimum 3 characters :
Wrong Input : Fist letter Should be capital and must contains minimum 3 characters :
Wrong Input : Fist letter Should be capital and must contains minimum 3 characters :
Wrong Input : Fist letter Should be capital and must contains minimum 3 characters :
Wrong Input : Fist letter Should be capital and must contains minimum 3 characters :
Wrong Input : Fist letter Should be capital and must contains minimum 3 characters :
Wrong Input : Fist letter Should be capital and must contains minimum 3 characters :
Wrong Input : Fist letter Should be capital and must contains minimum 3 characters :
Wrong Input : Fist letter Should be capital and must contains minimum 3 characters :
Wrong Input : Fist letter Should be capital and must contains minimum 3 characters :
Wrong Input : Fist letter Should be capital and must contains minimum 3 characters :
Wrong Input : Fist letter Should be capital and must contains minimum 3 characters :
Wrong Input : Fist letter Should be capital and must contains minimum 3 characters :
Wrong Input : Fist letter Should be capital and must contains minimum 3 characters :
Wrong Input : Fist letter Should be capital and must contains minimum 3 characters :
Wrong Input : Fist letter Should be capital and must contains minimum 3 characters :
Wrong Input : Fist letter Should be capital and must contains minimum 3 characters :
Wrong Input : Fist letter Should be capital and must contains minimum 3 characters :
Wrong Input : Fist letter Should be capital and must contains minimum 3 characters :
Wrong Input : Fist letter Should be capital and must contains minimum 3 characters :
Wrong Input : Fist letter Should be capital and must contains minimum 3 characters :
Wrong Input : Fist letter Should be capital and must contains minimum 3 characters :
Wrong Input : Fist letter Should be capital and must contains minimum 3 characters :
Wrong Input : Fist letter Should be capital and must contains minimum 3 characters :
Wrong Input : Fist letter Should be capital and must contains minimum 3 characters :
Wrong Input : Fist letter Should be capital and must contains minimum 3 characters :
Wrong Input : Fist letter Should be capital and must contains minimum 3 characters :
Wrong Input : Fist letter Should be capital and must contains minimum 3 characters :
Wrong Input : Fist letter Should be capital and must contains minimum 3 characters :
Wrong Input : Fist letter Should be capital and must contains minimum 3 characters :
Wrong Input : Fist letter Should be capital and must contains minimum 3 characters :
Wrong Input : Fist letter Should be capital and must contains minimum 3 characters :
Wrong Input : Fist letter Should be capital and must contains minimum 3 characters :
Wrong Input : Fist letter Should be capital and must contains minimum 3 characters :
Wrong Input : Fist letter Should be capital and must contains minimum 3 characters :
Wrong Input : Fist letter Should be capital and must contains minimum 3 characters :
Wrong Input : Fist letter Should be capital and must contains minimum 3 characters :
Wrong Input : Fist letter Should be capital and must contains minimum 3 characters :
Wrong Input : Fist letter Should be capital and must contains minimum 3 characters :
Wrong Input : Fist letter Should be capital and must contains minimum 3 characters :
Wrong Input : Fist letter Should be capital and must contains minimum 3 characters :
Wrong Input : Fist letter Should be capital and must contains minimum 3 characters :
Wrong Input : Fist letter Should be capital and must contains minimum 3 characters :
Wrong Input : Fist letter Should be capital and must contains minimum 3 characters :
Wrong Input : Fist letter Should be capital and must contains minimum 3 characters :
Wrong Input : Fist letter Should be capital and must contains minimum 3 characters :
Wrong Input : Fist letter Should be capital and must contains minimum 3 characters :
Wrong Input : Fist letter Should be capital and must contains minimum 3 characters :
Wrong Input : Fist letter Should be capital and must contains minimum 3 characters :
Wrong Input : Fist letter Should be capital and must contains minimum 3 characters :
Wrong Input : Fist letter Should be capital and must contains minimum 3 characters :
Wrong Input : Fist letter Should be capital and must contains minimum 3 characters :
Wrong Input : Fist letter Should be capital and must contains minimum 3 characters :
Wrong Input : Fist letter Should be capital and must contains minimum 3 characters :
Wrong Input : Fist letter Should be capital and must contains minimum 3 characters :
Wrong Input : Fist letter Should be capital and must contains minimum 3 characters :
Wrong Input : Fist letter Should be capital and must contains minimum 3 characters :
Wrong Input : Fist letter Should be capital and must contains minimum 3 characters :
Wrong Input : Fist letter Should be capital and must contains minimum 3 characters :
Wrong Input : Fist letter Should be capital and must contains minimum 3 characters :
Wrong Input : Fist letter Should be capital and must contains minimum 3 characters :
Wrong Input : Fist letter Should be capital and must contains minimum 3 characters :
Wrong Input : Fist letter Should be capital and must contains minimum 3 characters :
Wrong Input : Fist letter Should be capital and must contains minimum 3 characters :
Wrong Input : Fist letter Should be capital and must contains minimum 3 characters :
Wrong Input : Fist letter Should be capital and must contains minimum 3 characters :
Wrong Input : Fist letter Should be capital and must contains minimum 3 characters :
Wrong Input : Fist letter Should be capital and must contains minimum 3 characters :
Wrong Input : Fist letter Should be capital and must contains minimum 3 characters :
Wrong Input : Fist letter Should be capital and must contains minimum 3 characters :
Wrong Input : Fist letter Should be capital and must contains minimum 3 characters :
Wrong Input : Fist letter Should be capital and must contains minimum 3 characters :
Wrong Input : Fist letter Should be capital and must contains minimum 3 characters :
Wrong Input : Fist letter Should be capital and must contains minimum 3 characters :
Wrong Input : Fist letter Should be capital and must contains minimum 3 characters :
Wrong Input : Fist letter Should be capital and must contains minimum 3 characters :
Wrong Input : Fist letter Should be capital and must contains minimum 3 characters :
Wrong Input : Fist letter Should be capital and must contains minimum 3 characters :
Wrong Input : Fist letter Should be capital and must contains minimum 3 characters :
Wrong Input : Fist letter Should be capital and must contains minimum 3 characters :
Wrong Input : Fist letter Should be capital and must contains minimum 3 characters :
Wrong Input : Fist letter Should be capital and must contains minimum 3 characters :
Wrong Input : Fist letter Should be capital and must contains minimum 3 characters :
Wrong Input : Fist letter Should be capital and must contains minimum 3 characters :
Wrong Input : Fist letter Should be capital and must contains minimum 3 characters :
Wrong Input : Fist letter Should be capital and must contains minimum 3 characters :
Wrong Input : Fist letter Should be capital and must contains minimum 3 characters :
Wrong Input : Fist letter Should be capital and must contains minimum 3 characters :
Wrong Input : Fist letter Should be capital and must contains minimum 3 characters :
Wrong Input : Fist letter Should be capital and must contains minimum 3 characters :
Wrong Input : Fist letter Should be capital and must contains minimum 3 characters :
Wrong Input : Fist letter Should be capital and must contains minimum 3 characters :
Wrong Input : Fist letter Should be capital and must contains minimum 3 characters :
Wrong Input : Fist letter Should be capital and must contains minimum 3 characters :
Wrong Input : Fist letter Should be capital and must contains minimum 3 characters :
Wrong Input : Fist letter Should be capital and must contains minimum 3 characters :
Wrong Input : Fist letter Should be capital and must contains minimum 3 characters :
Wrong Input : Fist letter Should be capital and must contains minimum 3 characters :
Wrong Input : Fist letter Should be capital and must contains minimum 3 characters :
Wrong Input : Fist letter Should be capital and must contains minimum 3 characters :
Wrong Input : Fist letter Should be capital and must contains minimum 3 characters :
Wrong Input : Fist letter Should be capital and must contains minimum 3 characters :
Wrong Input : Fist letter Should be capital and must contains minimum 3 characters :
Wrong Input : Fist letter Should be capital and must contains minimum 3 characters :
Wrong Input : Fist letter Should be capital and must contains minimum 3 characters :
Wrong Input : Fist letter Should be capital and must contains minimum 3 characters :
Wrong Input : Fist letter Should be capital and must contains minimum 3 characters :
Wrong Input : Fist letter Should be capital and must contains minimum 3 characters :
Wrong Input : Fist letter Should be capital and must contains minimum 3 characters :
Wrong Input : Fist letter Should be capital and must contains minimum 3 characters :
Wrong Input : Fist letter Should be capital and must contains minimum 3 characters :
Wrong Input : Fist letter Should be capital and must contains minimum 3 characters :
Wrong Input : Fist letter Should be capital and must contains minimum 3 characters :
Wrong Input : Fist letter Should be capital and must contains minimum 3 characters :
Wrong Input : Fist letter Should be capital and must contains minimum 3 characters :
Wrong Input : Fist letter Should be capital and must contains minimum 3 characters :
Wrong Input : Fist letter Should be capital and must contains minimum 3 characters :
Wrong Input : Fist letter Should be capital and must contains minimum 3 characters :
Wrong Input : Fist letter Should be capital and must contains minimum 3 characters :
Wrong Input : Fist letter Should be capital and must contains minimum 3 characters :
Wrong Input : Fist letter Should be capital and must contains minimum 3 characters :
Wrong Input : Fist letter Should be capital and must contains minimum 3 characters :
Wrong Input : Fist letter Should be capital and must contains minimum 3 characters :
Wrong Input : Fist letter Should be capital and must contains minimum 3 characters :
Wrong Input : Fist letter Should be capital and must contains minimum 3 characters :
Wrong Input : Fist letter Should be capital and must contains minimum 3 characters :
Wrong Input : Fist letter Should be capital and must contains minimum 3 characters :
Wrong Input : Fist letter Should be capital and must contains minimum 3 characters :
Wrong Input : Fist letter Should be capital and must contains minimum 3 characters :
Wrong Input : Fist letter Should be capital and must contains minimum 3 characters :
Wrong Input : Fist letter Should be capital and must contains minimum 3 characters :
Wrong Input : Fist letter Should be capital and must contains minimum 3 characters :
Wrong Input : Fist letter Should be capital and must contains minimum 3 characters :
Wrong Input : Fist letter Should be capital and must contains minimum 3 characters :
Wrong Input : Fist letter Should be capital and must contains minimum 3 characters :
Wrong Input : Fist letter Should be capital and must contains minimum 3 characters :
Wrong Input : Fist letter Should be capital and must contains minimum 3 characters :
Wrong Input : Fist letter Should be capital and must contains minimum 3 characters :
Wrong Input : Fist letter Should be capital and must contains minimum 3 characters :
Wrong Input : Fist letter Should be capital and must contains minimum 3 characters :
Wrong Input : Fist letter Should be capital and must contains minimum 3 characters :
Wrong Input : Fist letter Should be capital and must contains minimum 3 characters :
Wrong Input : Fist letter Should be capital and must contains minimum 3 characters :
Wrong Input : Fist letter Should be capital and must contains minimum 3 characters :
Wrong Input : Fist letter Should be capital and must contains minimum 3 characters :
Wrong Input : Fist letter Should be capital and must contains minimum 3 characters :
Wrong Input : Fist letter Should be capital and must contains minimum 3 characters :
Wrong Input : Fist letter Should be capital and must contains minimum 3 characters :
Wrong Input : Fist letter Should be capital and must contains minimum 3 characters :
Wrong Input : Fist letter Should be capital and must contains minimum 3 characters :
Wrong Input : Fist letter Should be capital and must contains minimum 3 characters :
Wrong Input : Fist letter Should be capital and must contains minimum 3 characters :
Wrong Input : Fist letter Should be capital and must contains minimum 3 characters :
Wrong Input : Fist letter Should be capital and must contains minimum 3 characters :
Wrong Input : Fist letter Should be capital and must contains minimum 3 characters :
Wrong Input : Fist letter Should be capital and must contains minimum 3 characters :
Wrong Input : Fist letter Should be capital and must contains minimum 3 characters :
Wrong Input : Fist letter Should be capital and must contains minimum 3 characters :
Wrong Input : Fist letter Should be capital and must contains minimum 3 characters :
Wrong Input : Fist letter Should be capital and must contains minimum 3 characters :
Wrong Input : Fist letter Should be capital and must contains minimum 3 characters :
Wrong Input : Fist letter Should be capital and must contains minimum 3 characters :
Wrong Input : Fist letter Should be capital and must contains minimum 3 characters :
Wrong Input : Fist letter Should be capital and must contains minimum 3 characters :
Wrong Input : Fist letter Should be capital and must contains minimum 3 characters :
Wrong Input : Fist letter Should be capital and must contains minimum 3 characters :
Wrong Input : Fist letter Should be capital and must contains minimum 3 characters :
Wrong Input : Fist letter Should be capital and must contains minimum 3 characters :
Wrong Input : Fist letter Should be capital and must contains minimum 3 characters :
Wrong Input : Fist letter Should be capital and must contains minimum 3 characters :
Wrong Input : Fist letter Should be capital and must contains minimum 3 characters :
Wrong Input : Fist letter Should be capital and must contains minimum 3 characters :
Wrong Input : Fist letter Should be capital and must contains minimum 3 characters :
Wrong Input : Fist letter Should be capital and must contains minimum 3 characters :
Wrong Input : Fist letter Should be capital and must contains minimum 3 characters :
Wrong Input : Fist letter Should be capital and must contains minimum 3 characters :
Wrong Input : Fist letter Should be capital and must contains minimum 3 characters :
Wrong Input : Fist letter Should be capital and must contains minimum 3 characters :
Wrong Input : Fist letter Should be capital and must contains minimum 3 characters :
Wrong Input : Fist letter Should be capital and must contains minimum 3 characters :
Wrong Input : Fist letter Should be capital and must contains minimum 3 characters :
Wrong Input : Fist letter Should be capital and must contains minimum 3 characters :
Wrong Input : Fist letter Should be capital and must contains minimum 3 characters :
Wrong Input : Fist letter Should be capital and must contains minimum 3 characters :
Wrong Input : Fist letter Should be capital and must contains minimum 3 characters :
Wrong Input : Fist letter Should be capital and must contains minimum 3 characters :
Wrong Input : Fist letter Should be capital and must contains minimum 3 characters :
Wrong Input : Fist letter Should be capital and must contains minimum 3 characters :
Wrong Input : Fist letter Should be capital and must contains minimum 3 characters :
Wrong Input : Fist letter Should be capital and must contains minimum 3 characters :
Wrong Input : Fist letter Should be capital and must contains minimum 3 characters :
Wrong Input : Fist letter Should be capital and must contains minimum 3 characters :
Wrong Input : Fist letter Should be capital and must contains minimum 3 characters :
Wrong Input : Fist letter Should be capital and must contains minimum 3 characters :
Wrong Input : Fist letter Should be capital and must contains minimum 3 characters :
Wrong Input : Fist letter Should be capital and must contains minimum 3 characters :
Wrong Input : Fist letter Should be capital and must contains minimum 3 characters :
Wrong Input : Fist letter Should be capital and must contains minimum 3 characters :
Wrong Input : Fist letter Should be capital and must contains minimum 3 characters :
Wrong Input : Fist letter Should be capital and must contains minimum 3 characters :
Wrong Input : Fist letter Should be capital and must contains minimum 3 characters :
Wrong Input : Fist letter Should be capital and must contains minimum 3 characters :
Wrong Input : Fist letter Should be capital and must contains minimum 3 characters :
Wrong Input : Fist letter Should be capital and must contains minimum 3 characters :
Wrong Input : Fist letter Should be capital and must contains minimum 3 characters :
Wrong Input : Fist letter Should be capital and must contains minimum 3 characters :
Wrong Input : Fist letter Should be capital and must contains minimum 3 characters :
Wrong Input : Fist letter Should be capital and must contains minimum 3 characters :
Wrong Input : Fist letter Should be capital and must contains minimum 3 characters :
Wrong Input : Fist letter Should be capital and must contains minimum 3 characters :
Wrong Input : Fist letter Should be capital and must contains minimum 3 characters :
Wrong Input : Fist letter Should be capital and must contains minimum 3 characters :
Wrong Input : Fist letter Should be capital and must contains minimum 3 characters :
Wrong Input : Fist letter Should be capital and must contains minimum 3 characters :
Wrong Input : Fist letter Should be capital and must contains minimum 3 characters :
Wrong Input : Fist letter Should be capital and must contains minimum 3 characters :
Wrong Input : Fist letter Should be capital and must contains minimum 3 characters :
Wrong Input : Fist letter Should be capital and must contains minimum 3 characters :
Wrong Input : Fist letter Should be capital and must contains minimum 3 characters :
Wrong Input : Fist letter Should be capital and must contains minimum 3 characters :
Wrong Input : Fist letter Should be capital and must contains minimum 3 characters :
Wrong Input : Fist letter Should be capital and must contains minimum 3 characters :
Wrong Input : Fist letter Should be capital and must contains minimum 3 characters :
Wrong Input : Fist letter Should be capital and must contains minimum 3 characters :
Wrong Input : Fist letter Should be capital and must contains minimum 3 characters :
Wrong Input : Fist letter Should be capital and must contains minimum 3 characters :
Wrong Input : Fist letter Should be capital and must contains minimum 3 characters :
Wrong Input : Fist letter Should be capital and must contains minimum 3 characters :
Wrong Input : Fist letter Should be capital and must contains minimum 3 characters :
Wrong Input : Fist letter Should be capital and must contains minimum 3 characters :
Wrong Input : Fist letter Should be capital and must contains minimum 3 characters :
Wrong Input : Fist letter Should be capital and must contains minimum 3 characters :
Wrong Input : Fist letter Should be capital and must contains minimum 3 characters :
Wrong Input : Fist letter Should be capital and must contains minimum 3 characters :
Wrong Input : Fist letter Should be capital and must contains minimum 3 characters :
Wrong Input : Fist letter Should be capital and must contains minimum 3 characters :
Wrong Input : Fist letter Should be capital and must contains minimum 3 characters :
Wrong Input : Fist letter Should be capital and must contains minimum 3 characters :
Wrong Input : Fist letter Should be capital and must contains minimum 3 characters :
Wrong Input : Fist letter Should be capital and must contains minimum 3 characters :
Wrong Input : Fist letter Should be capital and must contains minimum 3 characters :
Wrong Input : Fist letter Should be capital and must contains minimum 3 characters :
Wrong Input : Fist letter Should be capital and must contains minimum 3 characters :
Wrong Input : Fist letter Should be capital and must contains minimum 3 characters :
Wrong Input : Fist letter Should be capital and must contains minimum 3 characters :
Wrong Input : Fist letter Should be capital and must contains minimum 3 characters :
Wrong Input : Fist letter Should be capital and must contains minimum 3 characters :
Wrong Input : Fist letter Should be capital and must contains minimum 3 characters :
Wrong Input : Fist letter Should be capital and must contains minimum 3 characters :
Wrong Input : Fist letter Should be capital and must contains minimum 3 characters :
Wrong Input : Fist letter Should be capital and must contains minimum 3 characters :
Wrong Input : Fist letter Should be capital and must contains minimum 3 characters :
Wrong Input : Fist letter Should be capital and must contains minimum 3 characters :
Wrong Input : Fist letter Should be capital and must contains minimum 3 characters :
Wrong Input : Fist letter Should be capital and must contains minimum 3 characters :
Wrong Input : Fist letter Should be capital and must contains minimum 3 characters :
Wrong Input : Fist letter Should be capital and must contains minimum 3 characters :
Wrong Input : Fist letter Should be capital and must contains minimum 3 characters :
Wrong Input : Fist letter Should be capital and must contains minimum 3 characters :
Wrong Input : Fist letter Should be capital and must contains minimum 3 characters :
Wrong Input : Fist letter Should be capital and must contains minimum 3 characters :
Wrong Input : Fist letter Should be capital and must contains minimum 3 characters :
Wrong Input : Fist letter Should be capital and must contains minimum 3 characters :
Wrong Input : Fist letter Should be capital and must contains minimum 3 characters :
Wrong Input : Fist letter Should be capital and must contains minimum 3 characters :
Wrong Input : Fist letter Should be capital and must contains minimum 3 characters :
Wrong Input : Fist letter Should be capital and must contains minimum 3 characters :
Wrong Input : Fist letter Should be capital and must contains minimum 3 characters :
Wrong Input : Fist letter Should be capital and must contains minimum 3 characters :
Wrong Input : Fist letter Should be capital and must contains minimum 3 characters :
Wrong Input : Fist letter Should be capital and must contains minimum 3 characters :
Wrong Input : Fist letter Should be capital and must contains minimum 3 characters :
Wrong Input : Fist letter Should be capital and must contains minimum 3 characters :
Wrong Input : Fist letter Should be capital and must contains minimum 3 characters :
Wrong Input : Fist letter Should be capital and must contains minimum 3 characters :
Wrong Input : Fist letter Should be capital and must contains minimum 3 characters :
Wrong Input : Fist letter Should be capital and must contains minimum 3 characters :
Wrong Input : Fist letter Should be capital and must contains minimum 3 characters :
Wrong Input : Fist letter Should be capital and must contains minimum 3 characters :
Wrong Input : Fist letter Should be capital and must contains minimum 3 characters :
Wrong Input : Fist letter Should be capital and must contains minimum 3 characters :
Wrong Input : Fist letter Should be capital and must contains minimum 3 characters :
Wrong Input : Fist letter Should be capital and must contains minimum 3 characters :
Wrong Input : Fist letter Should be capital and must contains minimum 3 characters :
Wrong Input : Fist letter Should be capital and must contains minimum 3 characters :
Wrong Input : Fist letter Should be capital and must contains minimum 3 characters :
Wrong Input : Fist letter Should be capital and must contains minimum 3 characters :
Wrong Input : Fist letter Should be capital and must contains minimum 3 characters :
Wrong Input : Fist letter Should be capital and must contains minimum 3 characters :
Wrong Input : Fist letter Should be capital and must contains minimum 3 characters :
Wrong Input : Fist letter Should be capital and must contains minimum 3 characters :
Wrong Input : Fist letter Should be capital and must contains minimum 3 characters :
Wrong Input : Fist letter Should be capital and must contains minimum 3 characters :
Wrong Input : Fist letter Should be capital and must contains minimum 3 characters :
Wrong Input : Fist letter Should be capital and must contains minimum 3 characters :
Wrong Input : Fist letter Should be capital and must contains minimum 3 characters :
Wrong Input : Fist letter Should be capital and must contains minimum 3 characters :
Wrong Input : Fist letter Should be capital and must contains minimum 3 characters :
Wrong Input : Fist letter Should be capital and must contains minimum 3 characters :
Wrong Input : Fist letter Should be capital and must contains minimum 3 characters :
Wrong Input : Fist letter Should be capital and must contains minimum 3 characters :
Wrong Input : Fist letter Should be capital and must contains minimum 3 characters :
Wrong Input : Fist letter Should be capital and must contains minimum 3 characters :
Wrong Input : Fist letter Should be capital and must contains minimum 3 characters :
Wrong Input : Fist letter Should be capital and must contains minimum 3 characters :
Wrong Input : Fist letter Should be capital and must contains minimum 3 characters :
Wrong Input : Fist letter Should be capital and must contains minimum 3 characters :
Wrong Input : Fist letter Should be capital and must contains minimum 3 characters :
Wrong Input : Fist letter Should be capital and must contains minimum 3 characters :
Wrong Input : Fist letter Should be capital and must contains minimum 3 characters :
Wrong Input : Fist letter Should be capital and must contains minimum 3 characters :
Wrong Input : Fist letter Should be capital and must contains minimum 3 characters :
Wrong Input : Fist letter Should be capital and must contains minimum 3 characters :
Wrong Input : Fist letter Should be capital and must contains minimum 3 characters :
Wrong Input : Fist letter Should be capital and must contains minimum 3 characters :
Wrong Input : Fist letter Should be capital and must contains minimum 3 characters :
Wrong Input : Fist letter Should be capital and must contains minimum 3 characters :
Wrong Input : Fist letter Should be capital and must contains minimum 3 characters :
Wrong Input : Fist letter Should be capital and must contains minimum 3 characters :
Wrong Input : Fist letter Should be capital and must contains minimum 3 characters :
Wrong Input : Fist letter Should be capital and must contains minimum 3 characters :
Wrong Input : Fist letter Should be capital and must contains minimum 3 characters :
Wrong Input : Fist letter Should be capital and must contains minimum 3 characters :
Wrong Input : Fist letter Should be capital and must contains minimum 3 characters :
Wrong Input : Fist letter Should be capital and must contains minimum 3 characters :
Wrong Input : Fist letter Should be capital and must contains minimum 3 characters :
Wrong Input : Fist letter Should be capital and must contains minimum 3 characters :
Wrong Input : Fist letter Should be capital and must contains minimum 3 characters :
Wrong Input : Fist letter Should be capital and must contains minimum 3 characters :
Wrong Input : Fist letter Should be capital and must contains minimum 3 characters :
Wrong Input : Fist letter Should be capital and must contains minimum 3 characters :
Wrong Input : Fist letter Should be capital and must contains minimum 3 characters :
Wrong Input : Fist letter Should be capital and must contains minimum 3 characters :
Wrong Input : Fist letter Should be capital and must contains minimum 3 characters :
Wrong Input : Fist letter Should be capital and must contains minimum 3 characters :
Wrong Input : Fist letter Should be capital and must contains minimum 3 characters :
Wrong Input : Fist letter Should be capital and must contains minimum 3 characters :
Wrong Input : Fist letter Should be capital and must contains minimum 3 characters :
Wrong Input : Fist letter Should be capital and must contains minimum 3 characters :
Wrong Input : Fist letter Should be capital and must contains minimum 3 characters :
Wrong Input : Fist letter Should be capital and must contains minimum 3 characters :
Wrong Input : Fist letter Should be capital and must contains minimum 3 characters :
Wrong Input : Fist letter Should be capital and must contains minimum 3 characters :
Wrong Input : Fist letter Should be capital and must contains minimum 3 characters :
Wrong Input : Fist letter Should be capital and must contains minimum 3 characters :
Wrong Input : Fist letter Should be capital and must contains minimum 3 characters :
Wrong Input : Fist letter Should be capital and must contains minimum 3 characters :
Wrong Input : Fist letter Should be capital and must contains minimum 3 characters :
Wrong Input : Fist letter Should be capital and must contains minimum 3 characters :
Wrong Input : Fist letter Should be capital and must contains minimum 3 characters :
Wrong Input : Fist letter Should be capital and must contains minimum 3 characters :
Wrong Input : Fist letter Should be capital and must contains minimum 3 characters :
Wrong Input : Fist letter Should be capital and must contains minimum 3 characters :
Wrong Input : Fist letter Should be capital and must contains minimum 3 characters :
Wrong Input : Fist letter Should be capital and must contains minimum 3 characters :
Wrong Input : Fist letter Should be capital and must contains minimum 3 characters :
Wrong Input : Fist letter Should be capital and must contains minimum 3 characters :
Wrong Input : Fist letter Should be capital and must contains minimum 3 characters :
Wrong Input : Fist letter Should be capital and must contains minimum 3 characters :
Wrong Input : Fist letter Should be capital and must contains minimum 3 characters :
Wrong Input : Fist letter Should be capital and must contains minimum 3 characters :
Wrong Input : Fist letter Should be capital and must contains minimum 3 characters :
Wrong Input : Fist letter Should be capital and must contains minimum 3 characters :
Wrong Input : Fist letter Should be capital and must contains minimum 3 characters :
Wrong Input : Fist letter Should be capital and must contains minimum 3 characters :
Wrong Input : Fist letter Should be capital and must contains minimum 3 characters :
Wrong Input : Fist letter Should be capital and must contains minimum 3 characters :
Wrong Input : Fist letter Should be capital and must contains minimum 3 characters :
Wrong Input : Fist letter Should be capital and must contains minimum 3 characters :
Wrong Input : Fist letter Should be capital and must contains minimum 3 characters :
Wrong Input : Fist letter Should be capital and must contains minimum 3 characters :
Wrong Input : Fist letter Should be capital and must contains minimum 3 characters :
Wrong Input : Fist letter Should be capital and must contains minimum 3 characters :
Wrong Input : Fist letter Should be capital and must contains minimum 3 characters :
Wrong Input : Fist letter Should be capital and must contains minimum 3 characters :
Wrong Input : Fist letter Should be capital and must contains minimum 3 characters :
Wrong Input : Fist letter Should be capital and must contains minimum 3 characters :
Wrong Input : Fist letter Should be capital and must contains minimum 3 characters :
Wrong Input : Fist letter Should be capital and must contains minimum 3 characters :
Wrong Input : Fist letter Should be capital and must contains minimum 3 characters :
Wrong Input : Fist letter Should be capital and must contains minimum 3 characters :
Wrong Input : Fist letter Should be capital and must contains minimum 3 characters :
Wrong Input : Fist letter Should be capital and must contains minimum 3 characters :
Wrong Input : Fist letter Should be capital and must contains minimum 3 characters :
Wrong Input : Fist letter Should be capital and must contains minimum 3 characters :
Wrong Input : Fist letter Should be capital and must contains minimum 3 characters :
Wrong Input : Fist letter Should be capital and must contains minimum 3 characters :
Wrong Input : Fist letter Should be capital and must contains minimum 3 characters :
Wrong Input : Fist letter Should be capital and must contains minimum 3 characters :
Wrong Input : Fist letter Should be capital and must contains minimum 3 characters :
Wrong Input : Fist letter Should be capital and must contains minimum 3 characters :
Wrong Input : Fist letter Should be capital and must contains minimum 3 characters :
Wrong Input : Fist letter Should be capital and must contains minimum 3 characters :
Wrong Input : Fist letter Should be capital and must contains minimum 3 characters :
Wrong Input : Fist letter Should be capital and must contains minimum 3 characters :
Wrong Input : Fist letter Should be capital and must contains minimum 3 characters :
Wrong Input : Fist letter Should be capital and must contains minimum 3 characters :
Wrong Input : Fist letter Should be capital and must contains minimum 3 characters :
Wrong Input : Fist letter Should be capital and must contains minimum 3 characters :
Wrong Input : Fist letter Should be capital and must contains minimum 3 characters :
Wrong Input : Fist letter Should be capital and must contains minimum 3 characters :
Wrong Input : Fist letter Should be capital and must contains minimum 3 characters :
Wrong Input : Fist letter Should be capital and must contains minimum 3 characters :
Wrong Input : Fist letter Should be capital and must contains minimum 3 characters :
Wrong Input : Fist letter Should be capital and must contains minimum 3 characters :
Wrong Input : Fist letter Should be capital and must contains minimum 3 characters :
Wrong Input : Fist letter Should be capital and must contains minimum 3 characters :
Wrong Input : Fist letter Should be capital and must contains minimum 3 characters :
Wrong Input : Fist letter Should be capital and must contains minimum 3 characters :
Wrong Input : Fist letter Should be capital and must contains minimum 3 characters :
Wrong Input : Fist letter Should be capital and must contains minimum 3 characters :
Wrong Input : Fist letter Should be capital and must contains minimum 3 characters :
Wrong Input : Fist letter Should be capital and must contains minimum 3 characters :
Wrong Input : Fist letter Should be capital and must contains minimum 3 characters :
Wrong Input : Fist letter Should be capital and must contains minimum 3 characters :
Wrong Input : Fist letter Should be capital and must contains minimum 3 characters :
Wrong Input : Fist letter Should be capital and must contains minimum 3 characters :
Wrong Input : Fist letter Should be capital and must contains minimum 3 characters :
Wrong Input : Fist letter Should be capital and must contains minimum 3 characters :
Wrong Input : Fist letter Should be capital and must contains minimum 3 characters :
Wrong Input : Fist letter Should be capital and must contains minimum 3 characters :
Wrong Input : Fist letter Should be capital and must contains minimum 3 characters :
Wrong Input : Fist letter Should be capital and must contains minimum 3 characters :
Wrong Input : Fist letter Should be capital and must contains minimum 3 characters :
Wrong Input : Fist letter Should be capital and must contains minimum 3 characters :
Wrong Input : Fist letter Should be capital and must contains minimum 3 characters :
Wrong Input : Fist letter Should be capital and must contains minimum 3 characters :
Wrong Input : Fist letter Should be capital and must contains minimum 3 characters :
Wrong Input : Fist letter Should be capital and must contains minimum 3 characters :
Wrong Input : Fist letter Should be capital and must contains minimum 3 characters :
Wrong Input : Fist letter Should be capital and must contains minimum 3 characters :
Wrong Input : Fist letter Should be capital and must contains minimum 3 characters :
Wrong Input : Fist letter Should be capital and must contains minimum 3 characters :
Wrong Input : Fist letter Should be capital and must contains minimum 3 characters :
Wrong Input : Fist letter Should be capital and must contains minimum 3 characters :
Wrong Input : Fist letter Should be capital and must contains minimum 3 characters :
Wrong Input : Fist letter Should be capital and must contains minimum 3 characters :
Wrong Input : Fist letter Should be capital and must contains minimum 3 characters :
Wrong Input : Fist letter Should be capital and must contains minimum 3 characters :
Wrong Input : Fist letter Should be capital and must contains minimum 3 characters :
Wrong Input : Fist letter Should be capital and must contains minimum 3 characters :
Wrong Input : Fist letter Should be capital and must contains minimum 3 characters :
Wrong Input : Fist letter Should be capital and must contains minimum 3 characters :
Wrong Input : Fist letter Should be capital and must contains minimum 3 characters :
Wrong Input : Fist letter Should be capital and must contains minimum 3 characters :
Wrong Input : Fist letter Should be capital and must contains minimum 3 characters :
Wrong Input : Fist letter Should be capital and must contains minimum 3 characters :
Wrong Input : Fist letter Should be capital and must contains minimum 3 characters :
Wrong Input : Fist letter Should be capital and must contains minimum 3 characters :
Wrong Input : Fist letter Should be capital and must contains minimum 3 characters :
Wrong Input : Fist letter Should be capital and must contains minimum 3 characters :
Wrong Input : Fist letter Should be capital and must contains minimum 3 characters :
Wrong Input : Fist letter Should be capital and must contains minimum 3 characters :
Wrong Input : Fist letter Should be capital and must contains minimum 3 characters :
Wrong Input : Fist letter Should be capital and must contains minimum 3 characters :
Wrong Input : Fist letter Should be capital and must contains minimum 3 characters :
Wrong Input : Fist letter Should be capital and must contains minimum 3 characters :
Wrong Input : Fist letter Should be capital and must contains minimum 3 characters :
Wrong Input : Fist letter Should be capital and must contains minimum 3 characters :
Wrong Input : Fist letter Should be capital and must contains minimum 3 characters :
Wrong Input : Fist letter Should be capital and must contains minimum 3 characters :
Wrong Input : Fist letter Should be capital and must contains minimum 3 characters :
Wrong Input : Fist letter Should be capital and must contains minimum 3 characters :
Wrong Input : Fist letter Should be capital and must contains minimum 3 characters :
Wrong Input : Fist letter Should be capital and must contains minimum 3 characters :
Wrong Input : Fist letter Should be capital and must contains minimum 3 characters :
Wrong Input : Fist letter Should be capital and must contains minimum 3 characters :
Wrong Input : Fist letter Should be capital and must contains minimum 3 characters :
Wrong Input : Fist letter Should be capital and must contains minimum 3 characters :
Wrong Input : Fist letter Should be capital and must contains minimum 3 characters :
Wrong Input : Fist letter Should be capital and must contains minimum 3 characters :
Wrong Input : Fist letter Should be capital and must contains minimum 3 characters :
Wrong Input : Fist letter Should be capital and must contains minimum 3 characters :
Wrong Input : Fist letter Should be capital and must contains minimum 3 characters :
Wrong Input : Fist letter Should be capital and must contains minimum 3 characters :
Wrong Input : Fist letter Should be capital and must contains minimum 3 characters :
Wrong Input : Fist letter Should be capital and must contains minimum 3 characters :
Wrong Input : Fist letter Should be capital and must contains minimum 3 characters :
Wrong Input : Fist letter Should be capital and must contains minimum 3 characters :
Wrong Input : Fist letter Should be capital and must contains minimum 3 characters :
Wrong Input : Fist letter Should be capital and must contains minimum 3 characters :
Wrong Input : Fist letter Should be capital and must contains minimum 3 characters :
Wrong Input : Fist letter Should be capital and must contains minimum 3 characters :
Wrong Input : Fist letter Should be capital and must contains minimum 3 characters :
Wrong Input : Fist letter Should be capital and must contains minimum 3 characters :
Wrong Input : Fist letter Should be capital and must contains minimum 3 characters :
Wrong Input : Fist letter Should be capital and must contains minimum 3 characters :
Wrong Input : Fist letter Should be capital and must contains minimum 3 characters :
Wrong Input : Fist letter Should be capital and must contains minimum 3 characters :
Wrong Input : Fist letter Should be capital and must contains minimum 3 characters :
Wrong Input : Fist letter Should be capital and must contains minimum 3 characters :
Wrong Input : Fist letter Should be capital and must contains minimum 3 characters :
Wrong Input : Fist letter Should be capital and must contains minimum 3 characters :
Wrong Input : Fist letter Should be capital and must contains minimum 3 characters :
Wrong Input : Fist letter Should be capital and must contains minimum 3 characters :
Wrong Input : Fist letter Should be capital and must contains minimum 3 characters :
Wrong Input : Fist letter Should be capital and must contains minimum 3 characters :
Wrong Input : Fist letter Should be capital and must contains minimum 3 characters :
Wrong Input : Fist letter Should be capital and must contains minimum 3 characters :
Wrong Input : Fist letter Should be capital and must contains minimum 3 characters :
Wrong Input : Fist letter Should be capital and must contains minimum 3 characters :
Wrong Input : Fist letter Should be capital and must contains minimum 3 characters :
Wrong Input : Fist letter Should be capital and must contains minimum 3 characters :
Wrong Input : Fist letter Should be capital and must contains minimum 3 characters :
Wrong Input : Fist letter Should be capital and must contains minimum 3 characters :
Wrong Input : Fist letter Should be capital and must contains minimum 3 characters :
Wrong Input : Fist letter Should be capital and must contains minimum 3 characters :
Wrong Input : Fist letter Should be capital and must contains minimum 3 characters :
Wrong Input : Fist letter Should be capital and must contains minimum 3 characters :
Wrong Input : Fist letter Should be capital and must contains minimum 3 characters :
Wrong Input : Fist letter Should be capital and must contains minimum 3 characters :
Wrong Input : Fist letter Should be capital and must contains minimum 3 characters :
Wrong Input : Fist letter Should be capital and must contains minimum 3 characters :
Wrong Input : Fist letter Should be capital and must contains minimum 3 characters :
Wrong Input : Fist letter Should be capital and must contains minimum 3 characters :
Wrong Input : Fist letter Should be capital and must contains minimum 3 characters :
Wrong Input : Fist letter Should be capital and must contains minimum 3 characters :
Wrong Input : Fist letter Should be capital and must contains minimum 3 characters :
Wrong Input : Fist letter Should be capital and must contains minimum 3 characters :
Wrong Input : Fist letter Should be capital and must contains minimum 3 characters :
Wrong Input : Fist letter Should be capital and must contains minimum 3 characters :
Wrong Input : Fist letter Should be capital and must contains minimum 3 characters :
Wrong Input : Fist letter Should be capital and must contains minimum 3 characters :
Wrong Input : Fist letter Should be capital and must contains minimum 3 characters :
Wrong Input : Fist letter Should be capital and must contains minimum 3 characters :
Wrong Input : Fist letter Should be capital and must contains minimum 3 characters :
Wrong Input : Fist letter Should be capital and must contains minimum 3 characters :
Wrong Input : Fist letter Should be capital and must contains minimum 3 characters :
Wrong Input : Fist letter Should be capital and must contains minimum 3 characters :
Wrong Input : Fist letter Should be capital and must contains minimum 3 characters :
Wrong Input : Fist letter Should be capital and must contains minimum 3 characters :
Wrong Input : Fist letter Should be capital and must contains minimum 3 characters :
Wrong Input : Fist letter Should be capital and must contains minimum 3 characters :
Wrong Input : Fist letter Should be capital and must contains minimum 3 characters :
Wrong Input : Fist letter Should be capital and must contains minimum 3 characters :
Wrong Input : Fist letter Should be capital and must contains minimum 3 characters :
Wrong Input : Fist letter Should be capital and must contains minimum 3 characters :
Wrong Input : Fist letter Should be capital and must contains minimum 3 characters :
Wrong Input : Fist letter Should be capital and must contains minimum 3 characters :
Wrong Input : Fist letter Should be capital and must contains minimum 3 characters :
Wrong Input : Fist letter Should be capital and must contains minimum 3 characters :
Wrong Input : Fist letter Should be capital and must contains minimum 3 characters :
Wrong Input : Fist letter Should be capital and must contains minimum 3 characters :
Wrong Input : Fist letter Should be capital and must contains minimum 3 characters :
Wrong Input : Fist letter Should be capital and must contains minimum 3 characters :
Wrong Input : Fist letter Should be capital and must contains minimum 3 characters :
Wrong Input : Fist letter Should be capital and must contains minimum 3 characters :
Wrong Input : Fist letter Should be capital and must contains minimum 3 characters :
Wrong Input : Fist letter Should be capital and must contains minimum 3 characters :
Wrong Input : Fist letter Should be capital and must contains minimum 3 characters :
Wrong Input : Fist letter Should be capital and must contains minimum 3 characters :
Wrong Input : Fist letter Should be capital and must contains minimum 3 characters :
Wrong Input : Fist letter Should be capital and must contains minimum 3 characters :
Wrong Input : Fist letter Should be capital and must contains minimum 3 characters :
Wrong Input : Fist letter Should be capital and must contains minimum 3 characters :
Wrong Input : Fist letter Should be capital and must contains minimum 3 characters :
Wrong Input : Fist letter Should be capital and must contains minimum 3 characters :
Wrong Input : Fist letter Should be capital and must contains minimum 3 characters :
Wrong Input : Fist letter Should be capital and must contains minimum 3 characters :
Wrong Input : Fist letter Should be capital and must contains minimum 3 characters :
Wrong Input : Fist letter Should be capital and must contains minimum 3 characters :
Wrong Input : Fist letter Should be capital and must contains minimum 3 characters :
Wrong Input : Fist letter Should be capital and must contains minimum 3 characters :
Wrong Input : Fist letter Should be capital and must contains minimum 3 characters :
Wrong Input : Fist letter Should be capital and must contains minimum 3 characters :
Wrong Input : Fist letter Should be capital and must contains minimum 3 characters :
Wrong Input : Fist letter Should be capital and must contains minimum 3 characters :
Wrong Input : Fist letter Should be capital and must contains minimum 3 characters :
Wrong Input : Fist letter Should be capital and must contains minimum 3 characters :
Wrong Input : Fist letter Should be capital and must contains minimum 3 characters :
Wrong Input : Fist letter Should be capital and must contains minimum 3 characters :
Wrong Input : Fist letter Should be capital and must contains minimum 3 characters :
Wrong Input : Fist letter Should be capital and must contains minimum 3 characters :
Wrong Input : Fist letter Should be capital and must contains minimum 3 characters :
Wrong Input : Fist letter Should be capital and must contains minimum 3 characters :
Wrong Input : Fist letter Should be capital and must contains minimum 3 characters :
Wrong Input : Fist letter Should be capital and must contains minimum 3 characters :
Wrong Input : Fist letter Should be capital and must contains minimum 3 characters :
Wrong Input : Fist letter Should be capital and must contains minimum 3 characters :
Wrong Input : Fist letter Should be capital and must contains minimum 3 characters :
Wrong Input : Fist letter Should be capital and must contains minimum 3 characters :
Wrong Input : Fist letter Should be capital and must contains minimum 3 characters :
Wrong Input : Fist letter Should be capital and must contains minimum 3 characters :
Wrong Input : Fist letter Should be capital and must contains minimum 3 characters :
Wrong Input : Fist letter Should be capital and must contains minimum 3 characters :
Wrong Input : Fist letter Should be capital and must contains minimum 3 characters :
Wrong Input : Fist letter Should be capital and must contains minimum 3 characters :
Wrong Input : Fist letter Should be capital and must contains minimum 3 characters :
Wrong Input : Fist letter Should be capital and must contains minimum 3 characters :
Wrong Input : Fist letter Should be capital and must contains minimum 3 characters :
Wrong Input : Fist letter Should be capital and must contains minimum 3 characters :
Wrong Input : Fist letter Should be capital and must contains minimum 3 characters :
Wrong Input : Fist letter Should be capital and must contains minimum 3 characters :
Wrong Input : Fist letter Should be capital and must contains minimum 3 characters :
Wrong Input : Fist letter Should be capital and must contains minimum 3 characters :
Wrong Input : Fist letter Should be capital and must contains minimum 3 characters :
Wrong Input : Fist letter Should be capital and must contains minimum 3 characters :
Wrong Input : Fist letter Should be capital and must contains minimum 3 characters :
Wrong Input : Fist letter Should be capital and must contains minimum 3 characters :
Wrong Input : Fist letter Should be capital and must contains minimum 3 characters :
Wrong Input : Fist letter Should be capital and must contains minimum 3 characters :
Wrong Input : Fist letter Should be capital and must contains minimum 3 characters :
Wrong Input : Fist letter Should be capital and must contains minimum 3 characters :
Wrong Input : Fist letter Should be capital and must contains minimum 3 characters :
Wrong Input : Fist letter Should be capital and must contains minimum 3 characters :
Wrong Input : Fist letter Should be capital and must contains minimum 3 characters :
Wrong Input : Fist letter Should be capital and must contains minimum 3 characters :
Wrong Input : Fist letter Should be capital and must contains minimum 3 characters :
Wrong Input : Fist letter Should be capital and must contains minimum 3 characters :
Wrong Input : Fist letter Should be capital and must contains minimum 3 characters :
Wrong Input : Fist letter Should be capital and must contains minimum 3 characters :
Wrong Input : Fist letter Should be capital and must contains minimum 3 characters :
Wrong Input : Fist letter Should be capital and must contains minimum 3 characters :
Wrong Input : Fist letter Should be capital and must contains minimum 3 characters :
Wrong Input : Fist letter Should be capital and must contains minimum 3 characters :
Wrong Input : Fist letter Should be capital and must contains minimum 3 characters :
Wrong Input : Fist letter Should be capital and must contains minimum 3 characters :
Wrong Input : Fist letter Should be capital and must contains minimum 3 characters :
Wrong Input : Fist letter Should be capital and must contains minimum 3 characters :
Wrong Input : Fist letter Should be capital and must contains minimum 3 characters :
Wrong Input : Fist letter Should be capital and must contains minimum 3 characters :
Wrong Input : Fist letter Should be capital and must contains minimum 3 characters :
Wrong Input : Fist letter Should be capital and must contains minimum 3 characters :
Wrong Input : Fist letter Should be capital and must contains minimum 3 characters :
Wrong Input : Fist letter Should be capital and must contains minimum 3 characters :
Wrong Input : Fist letter Should be capital and must contains minimum 3 characters :
Wrong Input : Fist letter Should be capital and must contains minimum 3 characters :
Wrong Input : Fist letter Should be capital and must contains minimum 3 characters :
Wrong Input : Fist letter Should be capital and must contains minimum 3 characters :
Wrong Input : Fist letter Should be capital and must contains minimum 3 characters :
Wrong Input : Fist letter Should be capital and must contains minimum 3 characters :
Wrong Input : Fist letter Should be capital and must contains minimum 3 characters :
Wrong Input : Fist letter Should be capital and must contains minimum 3 characters :
Wrong Input : Fist letter Should be capital and must contains minimum 3 characters :
Wrong Input : Fist letter Should be capital and must contains minimum 3 characters :
Wrong Input : Fist letter Should be capital and must contains minimum 3 characters :
Wrong Input : Fist letter Should be capital and must contains minimum 3 characters :
Wrong Input : Fist letter Should be capital and must contains minimum 3 characters :
Wrong Input : Fist letter Should be capital and must contains minimum 3 characters :
Wrong Input : Fist letter Should be capital and must contains minimum 3 characters :
Wrong Input : Fist letter Should be capital and must contains minimum 3 characters :
Wrong Input : Fist letter Should be capital and must contains minimum 3 characters :
Wrong Input : Fist letter Should be capital and must contains minimum 3 characters :
Wrong Input : Fist letter Should be capital and must contains minimum 3 characters :
Wrong Input : Fist letter Should be capital and must contains minimum 3 characters :
Wrong Input : Fist letter Should be capital and must contains minimum 3 characters :
Wrong Input : Fist letter Should be capital and must contains minimum 3 characters :
Wrong Input : Fist letter Should be capital and must contains minimum 3 characters :
Wrong Input : Fist letter Should be capital and must contains minimum 3 characters :
Wrong Input : Fist letter Should be capital and must contains minimum 3 characters :
Wrong Input : Fist letter Should be capital and must contains minimum 3 characters :
Wrong Input : Fist letter Should be capital and must contains minimum 3 characters :
Wrong Input : Fist letter Should be capital and must contains minimum 3 characters :
Wrong Input : Fist letter Should be capital and must contains minimum 3 characters :
Wrong Input : Fist letter Should be capital and must contains minimum 3 characters :
Wrong Input : Fist letter Should be capital and must contains minimum 3 characters :
Wrong Input : Fist letter Should be capital and must contains minimum 3 characters :
Wrong Input : Fist letter Should be capital and must contains minimum 3 characters :
Wrong Input : Fist letter Should be capital and must contains minimum 3 characters :
Wrong Input : Fist letter Should be capital and must contains minimum 3 characters :
Wrong Input : Fist letter Should be capital and must contains minimum 3 characters :
Wrong Input : Fist letter Should be capital and must contains minimum 3 characters :
Wrong Input : Fist letter Should be capital and must contains minimum 3 characters :
Wrong Input : Fist letter Should be capital and must contains minimum 3 characters :
Wrong Input : Fist letter Should be capital and must contains minimum 3 characters :
Wrong Input : Fist letter Should be capital and must contains minimum 3 characters :
Wrong Input : Fist letter Should be capital and must contains minimum 3 characters :
Wrong Input : Fist letter Should be capital and must contains minimum 3 characters :
Wrong Input : Fist letter Should be capital and must contains minimum 3 characters :
Wrong Input : Fist letter Should be capital and must contains minimum 3 characters :
Wrong Input : Fist letter Should be capital and must contains minimum 3 characters :
Wrong Input : Fist letter Should be capital and must contains minimum 3 characters :
Wrong Input : Fist letter Should be capital and must contains minimum 3 characters :
Wrong Input : Fist letter Should be capital and must contains minimum 3 characters :
Wrong Input : Fist letter Should be capital and must contains minimum 3 characters :
Wrong Input : Fist letter Should be capital and must contains minimum 3 characters :
Wrong Input : Fist letter Should be capital and must contains minimum 3 characters :
Wrong Input : Fist letter Should be capital and must contains minimum 3 characters :
Wrong Input : Fist letter Should be capital and must contains minimum 3 characters :
Wrong Input : Fist letter Should be capital and must contains minimum 3 characters :
Wrong Input : Fist letter Should be capital and must contains minimum 3 characters :
Wrong Input : Fist letter Should be capital and must contains minimum 3 characters :
Wrong Input : Fist letter Should be capital and must contains minimum 3 characters :
Wrong Input : Fist letter Should be capital and must contains minimum 3 characters :
Wrong Input : Fist letter Should be capital and must contains minimum 3 characters :
Wrong Input : Fist letter Should be capital and must contains minimum 3 characters :
Wrong Input : Fist letter Should be capital and must contains minimum 3 characters :
Wrong Input : Fist letter Should be capital and must contains minimum 3 characters :
Wrong Input : Fist letter Should be capital and must contains minimum 3 characters :
Wrong Input : Fist letter Should be capital and must contains minimum 3 characters :
Wrong Input : Fist letter Should be capital and must contains minimum 3 characters :
Wrong Input : Fist letter Should be capital and must contains minimum 3 characters :
Wrong Input : Fist letter Should be capital and must contains minimum 3 characters :
Wrong Input : Fist letter Should be capital and must contains minimum 3 characters :
Wrong Input : Fist letter Should be capital and must contains minimum 3 characters :
Wrong Input : Fist letter Should be capital and must contains minimum 3 characters :
Wrong Input : Fist letter Should be capital and must contains minimum 3 characters :
Wrong Input : Fist letter Should be capital and must contains minimum 3 characters :
Wrong Input : Fist letter Should be capital and must contains minimum 3 characters :
Wrong Input : Fist letter Should be capital and must contains minimum 3 characters :
Wrong Input : Fist letter Should be capital and must contains minimum 3 characters :
Wrong Input : Fist letter Should be capital and must contains minimum 3 characters :
Wrong Input : Fist letter Should be capital and must contains minimum 3 characters :
Wrong Input : Fist letter Should be capital and must contains minimum 3 characters :
Wrong Input : Fist letter Should be capital and must contains minimum 3 characters :
Wrong Input : Fist letter Should be capital and must contains minimum 3 characters :
Wrong Input : Fist letter Should be capital and must contains minimum 3 characters :
Wrong Input : Fist letter Should be capital and must contains minimum 3 characters :
Wrong Input : Fist letter Should be capital and must contains minimum 3 characters :
Wrong Input : Fist letter Should be capital and must contains minimum 3 characters :
Wrong Input : Fist letter Should be capital and must contains minimum 3 characters :
Wrong Input : Fist letter Should be capital and must contains minimum 3 characters :
Wrong Input : Fist letter Should be capital and must contains minimum 3 characters :
Wrong Input : Fist letter Should be capital and must contains minimum 3 characters :
Wrong Input : Fist letter Should be capital and must contains minimum 3 characters :
Wrong Input : Fist letter Should be capital and must contains minimum 3 characters :
Wrong Input : Fist letter Should be capital and must contains minimum 3 characters :
Wrong Input : Fist letter Should be capital and must contains minimum 3 characters :
Wrong Input : Fist letter Should be capital and must contains minimum 3 characters :
Wrong Input : Fist letter Should be capital and must contains minimum 3 characters :
Wrong Input : Fist letter Should be capital and must contains minimum 3 characters :
Wrong Input : Fist letter Should be capital and must contains minimum 3 characters :
Wrong Input : Fist letter Should be capital and must contains minimum 3 characters :
Wrong Input : Fist letter Should be capital and must contains minimum 3 characters :
Wrong Input : Fist letter Should be capital and must contains minimum 3 characters :
Wrong Input : Fist letter Should be capital and must contains minimum 3 characters :
Wrong Input : Fist letter Should be capital and must contains minimum 3 characters :
Wrong Input : Fist letter Should be capital and must contains minimum 3 characters :
Wrong Input : Fist letter Should be capital and must contains minimum 3 characters :
Wrong Input : Fist letter Should be capital and must contains minimum 3 characters :
Wrong Input : Fist letter Should be capital and must contains minimum 3 characters :
Wrong Input : Fist letter Should be capital and must contains minimum 3 characters :
Wrong Input : Fist letter Should be capital and must contains minimum 3 characters :
Wrong Input : Fist letter Should be capital and must contains minimum 3 characters :
Wrong Input : Fist letter Should be capital and must contains minimum 3 characters :
Wrong Input : Fist letter Should be capital and must contains minimum 3 characters :
Wrong Input : Fist letter Should be capital and must contains minimum 3 characters :
Wrong Input : Fist letter Should be capital and must contains minimum 3 characters :
Wrong Input : Fist letter Should be capital and must contains minimum 3 characters :
Wrong Input : Fist letter Should be capital and must contains minimum 3 characters :
Wrong Input : Fist letter Should be capital and must contains minimum 3 characters :
Wrong Input : Fist letter Should be capital and must contains minimum 3 characters :
Wrong Input : Fist letter Should be capital and must contains minimum 3 characters :
Wrong Input : Fist letter Should be capital and must contains minimum 3 characters :
Wrong Input : Fist letter Should be capital and must contains minimum 3 characters :
Wrong Input : Fist letter Should be capital and must contains minimum 3 characters :
Wrong Input : Fist letter Should be capital and must contains minimum 3 characters :
Wrong Input : Fist letter Should be capital and must contains minimum 3 characters :
Wrong Input : Fist letter Should be capital and must contains minimum 3 characters :
Wrong Input : Fist letter Should be capital and must contains minimum 3 characters :
Wrong Input : Fist letter Should be capital and must contains minimum 3 characters :
Wrong Input : Fist letter Should be capital and must contains minimum 3 characters :
Wrong Input : Fist letter Should be capital and must contains minimum 3 characters :
Wrong Input : Fist letter Should be capital and must contains minimum 3 characters :
Wrong Input : Fist letter Should be capital and must contains minimum 3 characters :
Wrong Input : Fist letter Should be capital and must contains minimum 3 characters :
Wrong Input : Fist letter Should be capital and must contains minimum 3 characters :
Wrong Input : Fist letter Should be capital and must contains minimum 3 characters :
Wrong Input : Fist letter Should be capital and must contains minimum 3 characters :
Wrong Input : Fist letter Should be capital and must contains minimum 3 characters :
Wrong Input : Fist letter Should be capital and must contains minimum 3 characters :
Wrong Input : Fist letter Should be capital and must contains minimum 3 characters :
Wrong Input : Fist letter Should be capital and must contains minimum 3 characters :
Wrong Input : Fist letter Should be capital and must contains minimum 3 characters :
Wrong Input : Fist letter Should be capital and must contains minimum 3 characters :
Wrong Input : Fist letter Should be capital and must contains minimum 3 characters :
Wrong Input : Fist letter Should be capital and must contains minimum 3 characters :
Wrong Input : Fist letter Should be capital and must contains minimum 3 characters :
Wrong Input : Fist letter Should be capital and must contains minimum 3 characters :
Wrong Input : Fist letter Should be capital and must contains minimum 3 characters :
Wrong Input : Fist letter Should be capital and must contains minimum 3 characters :
Wrong Input : Fist letter Should be capital and must contains minimum 3 characters :
Wrong Input : Fist letter Should be capital and must contains minimum 3 characters :
Wrong Input : Fist letter Should be capital and must contains minimum 3 characters :
Wrong Input : Fist letter Should be capital and must contains minimum 3 characters :
Wrong Input : Fist letter Should be capital and must contains minimum 3 characters :
Wrong Input : Fist letter Should be capital and must contains minimum 3 characters :
Wrong Input : Fist letter Should be capital and must contains minimum 3 characters :
Wrong Input : Fist letter Should be capital and must contains minimum 3 characters :
Wrong Input : Fist letter Should be capital and must contains minimum 3 characters :
Wrong Input : Fist letter Should be capital and must contains minimum 3 characters :
Wrong Input : Fist letter Should be capital and must contains minimum 3 characters :
Wrong Input : Fist letter Should be capital and must contains minimum 3 characters :
Wrong Input : Fist letter Should be capital and must contains minimum 3 characters :
Wrong Input : Fist letter Should be capital and must contains minimum 3 characters :
Wrong Input : Fist letter Should be capital and must contains minimum 3 characters :
Wrong Input : Fist letter Should be capital and must contains minimum 3 characters :
Wrong Input : Fist letter Should be capital and must contains minimum 3 characters :
Wrong Input : Fist letter Should be capital and must contains minimum 3 characters :
Wrong Input : Fist letter Should be capital and must contains minimum 3 characters :
Wrong Input : Fist letter Should be capital and must contains minimum 3 characters :
Wrong Input : Fist letter Should be capital and must contains minimum 3 characters :
Wrong Input : Fist letter Should be capital and must contains minimum 3 characters :
Wrong Input : Fist letter Should be capital and must contains minimum 3 characters :
Wrong Input : Fist letter Should be capital and must contains minimum 3 characters :
Wrong Input : Fist letter Should be capital and must contains minimum 3 characters :
Wrong Input : Fist letter Should be capital and must contains minimum 3 characters :
Wrong Input : Fist letter Should be capital and must contains minimum 3 characters :
Wrong Input : Fist letter Should be capital and must contains minimum 3 characters :
Wrong Input : Fist letter Should be capital and must contains minimum 3 characters :
Wrong Input : Fist letter Should be capital and must contains minimum 3 characters :
Wrong Input : Fist letter Should be capital and must contains minimum 3 characters :
Wrong Input : Fist letter Should be capital and must contains minimum 3 characters :
Wrong Input : Fist letter Should be capital and must contains minimum 3 characters :
Wrong Input : Fist letter Should be capital and must contains minimum 3 characters :
Wrong Input : Fist letter Should be capital and must contains minimum 3 characters :
Wrong Input : Fist letter Should be capital and must contains minimum 3 characters :
Wrong Input : Fist letter Should be capital and must contains minimum 3 characters :
Wrong Input : Fist letter Should be capital and must contains minimum 3 characters :
Wrong Input : Fist letter Should be capital and must contains minimum 3 characters :
Wrong Input : Fist letter Should be capital and must contains minimum 3 characters :
Wrong Input : Fist letter Should be capital and must contains minimum 3 characters :
Wrong Input : Fist letter Should be capital and must contains minimum 3 characters :
Wrong Input : Fist letter Should be capital and must contains minimum 3 characters :
Wrong Input : Fist letter Should be capital and must contains minimum 3 characters :
Wrong Input : Fist letter Should be capital and must contains minimum 3 characters :
Wrong Input : Fist letter Should be capital and must contains minimum 3 characters :
Wrong Input : Fist letter Should be capital and must contains minimum 3 characters :
Wrong Input : Fist letter Should be capital and must contains minimum 3 characters :
Wrong Input : Fist letter Should be capital and must contains minimum 3 characters :
Wrong Input : Fist letter Should be capital and must contains minimum 3 characters :
Wrong Input : Fist letter Should be capital and must contains minimum 3 characters :
Wrong Input : Fist letter Should be capital and must contains minimum 3 characters :
Wrong Input : Fist letter Should be capital and must contains minimum 3 characters :
Wrong Input : Fist letter Should be capital and must contains minimum 3 characters :
Wrong Input : Fist letter Should be capital and must contains minimum 3 characters :
Wrong Input : Fist letter Should be capital and must contains minimum 3 characters :
Wrong Input : Fist letter Should be capital and must contains minimum 3 characters :
Wrong Input : Fist letter Should be capital and must contains minimum 3 characters :
Wrong Input : Fist letter Should be capital and must contains minimum 3 characters :
Wrong Input : Fist letter Should be capital and must contains minimum 3 characters :
Wrong Input : Fist letter Should be capital and must contains minimum 3 characters :
Wrong Input : Fist letter Should be capital and must contains minimum 3 characters :
Wrong Input : Fist letter Should be capital and must contains minimum 3 characters :
Wrong Input : Fist letter Should be capital and must contains minimum 3 characters :
Wrong Input : Fist letter Should be capital and must contains minimum 3 characters :
Wrong Input : Fist letter Should be capital and must contains minimum 3 characters :
Wrong Input : Fist letter Should be capital and must contains minimum 3 characters :
Wrong Input : Fist letter Should be capital and must contains minimum 3 characters :
Wrong Input : Fist letter Should be capital and must contains minimum 3 characters :
Wrong Input : Fist letter Should be capital and must contains minimum 3 characters :
Wrong Input : Fist letter Should be capital and must contains minimum 3 characters :
Wrong Input : Fist letter Should be capital and must contains minimum 3 characters :
Wrong Input : Fist letter Should be capital and must contains minimum 3 characters :
Wrong Input : Fist letter Should be capital and must contains minimum 3 characters :
Wrong Input : Fist letter Should be capital and must contains minimum 3 characters :
Wrong Input : Fist letter Should be capital and must contains minimum 3 characters :
Wrong Input : Fist letter Should be capital and must contains minimum 3 characters :
Wrong Input : Fist letter Should be capital and must contains minimum 3 characters :
Wrong Input : Fist letter Should be capital and must contains minimum 3 characters :
Wrong Input : Fist letter Should be capital and must contains minimum 3 characters :
Wrong Input : Fist letter Should be capital and must contains minimum 3 characters :
Wrong Input : Fist letter Should be capital and must contains minimum 3 characters :
Wrong Input : Fist letter Should be capital and must contains minimum 3 characters :
Wrong Input : Fist letter Should be capital and must contains minimum 3 characters :
Wrong Input : Fist letter Should be capital and must contains minimum 3 characters :
Wrong Input : Fist letter Should be capital and must contains minimum 3 characters :
Wrong Input : Fist letter Should be capital and must contains minimum 3 characters :
Wrong Input : Fist letter Should be capital and must contains minimum 3 characters :
Wrong Input : Fist letter Should be capital and must contains minimum 3 characters :
Wrong Input : Fist letter Should be capital and must contains minimum 3 characters :
Wrong Input : Fist letter Should be capital and must contains minimum 3 characters :
Wrong Input : Fist letter Should be capital and must contains minimum 3 characters :
Wrong Input : Fist letter Should be capital and must contains minimum 3 characters :
Wrong Input : Fist letter Should be capital and must contains minimum 3 characters :
Wrong Input : Fist letter Should be capital and must contains minimum 3 characters :
Wrong Input : Fist letter Should be capital and must contains minimum 3 characters :
Wrong Input : Fist letter Should be capital and must contains minimum 3 characters :
Wrong Input : Fist letter Should be capital and must contains minimum 3 characters :
Wrong Input : Fist letter Should be capital and must contains minimum 3 characters :
Wrong Input : Fist letter Should be capital and must contains minimum 3 characters :
Wrong Input : Fist letter Should be capital and must contains minimum 3 characters :
Wrong Input : Fist letter Should be capital and must contains minimum 3 characters :
Wrong Input : Fist letter Should be capital and must contains minimum 3 characters :
Wrong Input : Fist letter Should be capital and must contains minimum 3 characters :
Wrong Input : Fist letter Should be capital and must contains minimum 3 characters :
Wrong Input : Fist letter Should be capital and must contains minimum 3 characters :
Wrong Input : Fist letter Should be capital and must contains minimum 3 characters :
Wrong Input : Fist letter Should be capital and must contains minimum 3 characters :
Wrong Input : Fist letter Should be capital and must contains minimum 3 characters :
Wrong Input : Fist letter Should be capital and must contains minimum 3 characters :
Wrong Input : Fist letter Should be capital and must contains minimum 3 characters :
Wrong Input : Fist letter Should be capital and must contains minimum 3 characters :
Wrong Input : Fist letter Should be capital and must contains minimum 3 characters :
Wrong Input : Fist letter Should be capital and must contains minimum 3 characters :
Wrong Input : Fist letter Should be capital and must contains minimum 3 characters :
Wrong Input : Fist letter Should be capital and must contains minimum 3 characters :
Wrong Input : Fist letter Should be capital and must contains minimum 3 characters :
Wrong Input : Fist letter Should be capital and must contains minimum 3 characters :
Wrong Input : Fist letter Should be capital and must contains minimum 3 characters :
Wrong Input : Fist letter Should be capital and must contains minimum 3 characters :
Wrong Input : Fist letter Should be capital and must contains minimum 3 characters :
Wrong Input : Fist letter Should be capital and must contains minimum 3 characters :
Wrong Input : Fist letter Should be capital and must contains minimum 3 characters :
Wrong Input : Fist letter Should be capital and must contains minimum 3 characters :
Wrong Input : Fist letter Should be capital and must contains minimum 3 characters :
Wrong Input : Fist letter Should be capital and must contains minimum 3 characters :
Wrong Input : Fist letter Should be capital and must contains minimum 3 characters :
Wrong Input : Fist letter Should be capital and must contains minimum 3 characters :
Wrong Input : Fist letter Should be capital and must contains minimum 3 characters :
Wrong Input : Fist letter Should be capital and must contains minimum 3 characters :
Wrong Input : Fist letter Should be capital and must contains minimum 3 characters :
Wrong Input : Fist letter Should be capital and must contains minimum 3 characters :
Wrong Input : Fist letter Should be capital and must contains minimum 3 characters :
Wrong Input : Fist letter Should be capital and must contains minimum 3 characters :
Wrong Input : Fist letter Should be capital and must contains minimum 3 characters :
Wrong Input : Fist letter Should be capital and must contains minimum 3 characters :
Wrong Input : Fist letter Should be capital and must contains minimum 3 characters :
Wrong Input : Fist letter Should be capital and must contains minimum 3 characters :
Wrong Input : Fist letter Should be capital and must contains minimum 3 characters :
Wrong Input : Fist letter Should be capital and must contains minimum 3 characters :
Wrong Input : Fist letter Should be capital and must contains minimum 3 characters :
Wrong Input : Fist letter Should be capital and must contains minimum 3 characters :
Wrong Input : Fist letter Should be capital and must contains minimum 3 characters :
Wrong Input : Fist letter Should be capital and must contains minimum 3 characters :
Wrong Input : Fist letter Should be capital and must contains minimum 3 characters :
Wrong Input : Fist letter Should be capital and must contains minimum 3 characters :
Wrong Input : Fist letter Should be capital and must contains minimum 3 characters :
Wrong Input : Fist letter Should be capital and must contains minimum 3 characters :
Wrong Input : Fist letter Should be capital and must contains minimum 3 characters :
Wrong Input : Fist letter Should be capital and must contains minimum 3 characters :
Wrong Input : Fist letter Should be capital and must contains minimum 3 characters :
Wrong Input : Fist letter Should be capital and must contains minimum 3 characters :
Wrong Input : Fist letter Should be capital and must contains minimum 3 characters :
Wrong Input : Fist letter Should be capital and must contains minimum 3 characters :
Wrong Input : Fist letter Should be capital and must contains minimum 3 characters :
Wrong Input : Fist letter Should be capital and must contains minimum 3 characters :
Wrong Input : Fist letter Should be capital and must contains minimum 3 characters :
Wrong Input : Fist letter Should be capital and must contains minimum 3 characters :
Wrong Input : Fist letter Should be capital and must contains minimum 3 characters :
Wrong Input : Fist letter Should be capital and must contains minimum 3 characters :
Wrong Input : Fist letter Should be capital and must contains minimum 3 characters :
Wrong Input : Fist letter Should be capital and must contains minimum 3 characters :
Wrong Input : Fist letter Should be capital and must contains minimum 3 characters :
Wrong Input : Fist letter Should be capital and must contains minimum 3 characters :
Wrong Input : Fist letter Should be capital and must contains minimum 3 characters :
Wrong Input : Fist letter Should be capital and must contains minimum 3 characters :
Wrong Input : Fist letter Should be capital and must contains minimum 3 characters :
Wrong Input : Fist letter Should be capital and must contains minimum 3 characters :
Wrong Input : Fist letter Should be capital and must contains minimum 3 characters :
Wrong Input : Fist letter Should be capital and must contains minimum 3 characters :
Wrong Input : Fist letter Should be capital and must contains minimum 3 characters :
Wrong Input : Fist letter Should be capital and must contains minimum 3 characters :
Wrong Input : Fist letter Should be capital and must contains minimum 3 characters :
Wrong Input : Fist letter Should be capital and must contains minimum 3 characters :
Wrong Input : Fist letter Should be capital and must contains minimum 3 characters :
Wrong Input : Fist letter Should be capital and must contains minimum 3 characters :
Wrong Input : Fist letter Should be capital and must contains minimum 3 characters :
Wrong Input : Fist letter Should be capital and must contains minimum 3 characters :
Wrong Input : Fist letter Should be capital and must contains minimum 3 characters :
Wrong Input : Fist letter Should be capital and must contains minimum 3 characters :
Wrong Input : Fist letter Should be capital and must contains minimum 3 characters :
Wrong Input : Fist letter Should be capital and must contains minimum 3 characters :
Wrong Input : Fist letter Should be capital and must contains minimum 3 characters :
Wrong Input : Fist letter Should be capital and must contains minimum 3 characters :
Wrong Input : Fist letter Should be capital and must contains minimum 3 characters :
Wrong Input : Fist letter Should be capital and must contains minimum 3 characters :
Wrong Input : Fist letter Should be capital and must contains minimum 3 characters :
Wrong Input : Fist letter Should be capital and must contains minimum 3 characters :
Wrong Input : Fist letter Should be capital and must contains minimum 3 characters :
Wrong Input : Fist letter Should be capital and must contains minimum 3 characters :
Wrong Input : Fist letter Should be capital and must contains minimum 3 characters :
Wrong Input : Fist letter Should be capital and must contains minimum 3 characters :
Wrong Input : Fist letter Should be capital and must contains minimum 3 characters :
Wrong Input : Fist letter Should be capital and must contains minimum 3 characters :
Wrong Input : Fist letter Should be capital and must contains minimum 3 characters :
Wrong Input : Fist letter Should be capital and must contains minimum 3 characters :
Wrong Input : Fist letter Should be capital and must contains minimum 3 characters :
Wrong Input : Fist letter Should be capital and must contains minimum 3 characters :
Wrong Input : Fist letter Should be capital and must contains minimum 3 characters :
Wrong Input : Fist letter Should be capital and must contains minimum 3 characters :
Wrong Input : Fist letter Should be capital and must contains minimum 3 characters :
Wrong Input : Fist letter Should be capital and must contains minimum 3 characters :
Wrong Input : Fist letter Should be capital and must contains minimum 3 characters :
Wrong Input : Fist letter Should be capital and must contains minimum 3 characters :
Wrong Input : Fist letter Should be capital and must contains minimum 3 characters :
Wrong Input : Fist letter Should be capital and must contains minimum 3 characters :
Wrong Input : Fist letter Should be capital and must contains minimum 3 characters :
Wrong Input : Fist letter Should be capital and must contains minimum 3 characters :
Wrong Input : Fist letter Should be capital and must contains minimum 3 characters :
Wrong Input : Fist letter Should be capital and must contains minimum 3 characters :
Wrong Input : Fist letter Should be capital and must contains minimum 3 characters :
Wrong Input : Fist letter Should be capital and must contains minimum 3 characters :
Wrong Input : Fist letter Should be capital and must contains minimum 3 characters :
Wrong Input : Fist letter Should be capital and must contains minimum 3 characters :
Wrong Input : Fist letter Should be capital and must contains minimum 3 characters :
Wrong Input : Fist letter Should be capital and must contains minimum 3 characters :
Wrong Input : Fist letter Should be capital and must contains minimum 3 characters :
Wrong Input : Fist letter Should be capital and must contains minimum 3 characters :
Wrong Input : Fist letter Should be capital and must contains minimum 3 characters :
Wrong Input : Fist letter Should be capital and must contains minimum 3 characters :
Wrong Input : Fist letter Should be capital and must contains minimum 3 characters :
Wrong Input : Fist letter Should be capital and must contains minimum 3 characters :
Wrong Input : Fist letter Should be capital and must contains minimum 3 characters :
Wrong Input : Fist letter Should be capital and must contains minimum 3 characters :
Wrong Input : Fist letter Should be capital and must contains minimum 3 characters :
Wrong Input : Fist letter Should be capital and must contains minimum 3 characters :
Wrong Input : Fist letter Should be capital and must contains minimum 3 characters :
Wrong Input : Fist letter Should be capital and must contains minimum 3 characters :
Wrong Input : Fist letter Should be capital and must contains minimum 3 characters :
Wrong Input : Fist letter Should be capital and must contains minimum 3 characters :
Wrong Input : Fist letter Should be capital and must contains minimum 3 characters :
Wrong Input : Fist letter Should be capital and must contains minimum 3 characters :
Wrong Input : Fist letter Should be capital and must contains minimum 3 characters :
Wrong Input : Fist letter Should be capital and must contains minimum 3 characters :
Wrong Input : Fist letter Should be capital and must contains minimum 3 characters :
Wrong Input : Fist letter Should be capital and must contains minimum 3 characters :
Wrong Input : Fist letter Should be capital and must contains minimum 3 characters :
Wrong Input : Fist letter Should be capital and must contains minimum 3 characters :
Wrong Input : Fist letter Should be capital and must contains minimum 3 characters :
Wrong Input : Fist letter Should be capital and must contains minimum 3 characters :
Wrong Input : Fist letter Should be capital and must contains minimum 3 characters :
Wrong Input : Fist letter Should be capital and must contains minimum 3 characters :
Wrong Input : Fist letter Should be capital and must contains minimum 3 characters :
Wrong Input : Fist letter Should be capital and must contains minimum 3 characters :
Wrong Input : Fist letter Should be capital and must contains minimum 3 characters :
Wrong Input : Fist letter Should be capital and must contains minimum 3 characters :
Wrong Input : Fist letter Should be capital and must contains minimum 3 characters :
Wrong Input : Fist letter Should be capital and must contains minimum 3 characters :
Wrong Input : Fist letter Should be capital and must contains minimum 3 characters :
Wrong Input : Fist letter Should be capital and must contains minimum 3 characters :
Wrong Input : Fist letter Should be capital and must contains minimum 3 characters :
Wrong Input : Fist letter Should be capital and must contains minimum 3 characters :
Wrong Input : Fist letter Should be capital and must contains minimum 3 characters :
Wrong Input : Fist letter Should be capital and must contains minimum 3 characters :
Wrong Input : Fist letter Should be capital and must contains minimum 3 characters :
Wrong Input : Fist letter Should be capital and must contains minimum 3 characters :
Wrong Input : Fist letter Should be capital and must contains minimum 3 characters :
Wrong Input : Fist letter Should be capital and must contains minimum 3 characters :
Wrong Input : Fist letter Should be capital and must contains minimum 3 characters :
Wrong Input : Fist letter Should be capital and must contains minimum 3 characters :
Wrong Input : Fist letter Should be capital and must contains minimum 3 characters :
Wrong Input : Fist letter Should be capital and must contains minimum 3 characters :
Wrong Input : Fist letter Should be capital and must contains minimum 3 characters :
Wrong Input : Fist letter Should be capital and must contains minimum 3 characters :
Wrong Input : Fist letter Should be capital and must contains minimum 3 characters :
Wrong Input : Fist letter Should be capital and must contains minimum 3 characters :
Wrong Input : Fist letter Should be capital and must contains minimum 3 characters :
Wrong Input : Fist letter Should be capital and must contains minimum 3 characters :
Wrong Input : Fist letter Should be capital and must contains minimum 3 characters :
Wrong Input : Fist letter Should be capital and must contains minimum 3 characters :
Wrong Input : Fist letter Should be capital and must contains minimum 3 characters :
Wrong Input : Fist letter Should be capital and must contains minimum 3 characters :
Wrong Input : Fist letter Should be capital and must contains minimum 3 characters :
Wrong Input : Fist letter Should be capital and must contains minimum 3 characters :
Wrong Input : Fist letter Should be capital and must contains minimum 3 characters :
Wrong Input : Fist letter Should be capital and must contains minimum 3 characters :
Wrong Input : Fist letter Should be capital and must contains minimum 3 characters :
Wrong Input : Fist letter Should be capital and must contains minimum 3 characters :
Wrong Input : Fist letter Should be capital and must contains minimum 3 characters :
Wrong Input : Fist letter Should be capital and must contains minimum 3 characters :
Wrong Input : Fist letter Should be capital and must contains minimum 3 characters :
Wrong Input : Fist letter Should be capital and must contains minimum 3 characters :
Wrong Input : Fist letter Should be capital and must contains minimum 3 characters :
Wrong Input : Fist letter Should be capital and must contains minimum 3 characters :
Wrong Input : Fist letter Should be capital and must contains minimum 3 characters :
Wrong Input : Fist letter Should be capital and must contains minimum 3 characters :
Wrong Input : Fist letter Should be capital and must contains minimum 3 characters :
Wrong Input : Fist letter Should be capital and must contains minimum 3 characters :
Wrong Input : Fist letter Should be capital and must contains minimum 3 characters :
Wrong Input : Fist letter Should be capital and must contains minimum 3 characters :
Wrong Input : Fist letter Should be capital and must contains minimum 3 characters :
Wrong Input : Fist letter Should be capital and must contains minimum 3 characters :
Wrong Input : Fist letter Should be capital and must contains minimum 3 characters :
Wrong Input : Fist letter Should be capital and must contains minimum 3 characters :
Wrong Input : Fist letter Should be capital and must contains minimum 3 characters :
Wrong Input : Fist letter Should be capital and must contains minimum 3 characters :
Wrong Input : Fist letter Should be capital and must contains minimum 3 characters :
Wrong Input : Fist letter Should be capital and must contains minimum 3 characters :
Wrong Input : Fist letter Should be capital and must contains minimum 3 characters :
Wrong Input : Fist letter Should be capital and must contains minimum 3 characters :
Wrong Input : Fist letter Should be capital and must contains minimum 3 characters :
Wrong Input : Fist letter Should be capital and must contains minimum 3 characters :
Wrong Input : Fist letter Should be capital and must contains minimum 3 characters :
Wrong Input : Fist letter Should be capital and must contains minimum 3 characters :
Wrong Input : Fist letter Should be capital and must contains minimum 3 characters :
Wrong Input : Fist letter Should be capital and must contains minimum 3 characters :
Wrong Input : Fist letter Should be capital and must contains minimum 3 characters :
Wrong Input : Fist letter Should be capital and must contains minimum 3 characters :
Wrong Input : Fist letter Should be capital and must contains minimum 3 characters :
Wrong Input : Fist letter Should be capital and must contains minimum 3 characters :
Wrong Input : Fist letter Should be capital and must contains minimum 3 characters :
Wrong Input : Fist letter Should be capital and must contains minimum 3 characters :
Wrong Input : Fist letter Should be capital and must contains minimum 3 characters :
Wrong Input : Fist letter Should be capital and must contains minimum 3 characters :
Wrong Input : Fist letter Should be capital and must contains minimum 3 characters :
Wrong Input : Fist letter Should be capital and must contains minimum 3 characters :
Wrong Input : Fist letter Should be capital and must contains minimum 3 characters :
Wrong Input : Fist letter Should be capital and must contains minimum 3 characters :
Wrong Input : Fist letter Should be capital and must contains minimum 3 characters :
Wrong Input : Fist letter Should be capital and must contains minimum 3 characters :
Wrong Input : Fist letter Should be capital and must contains minimum 3 characters :
Wrong Input : Fist letter Should be capital and must contains minimum 3 characters :
Wrong Input : Fist letter Should be capital and must contains minimum 3 characters :
Wrong Input : Fist letter Should be capital and must contains minimum 3 characters :
Wrong Input : Fist letter Should be capital and must contains minimum 3 characters :
Wrong Input : Fist letter Should be capital and must contains minimum 3 characters :
Wrong Input : Fist letter Should be capital and must contains minimum 3 characters :
Wrong Input : Fist letter Should be capital and must contains minimum 3 characters :
Wrong Input : Fist letter Should be capital and must contains minimum 3 characters :
Wrong Input : Fist letter Should be capital and must contains minimum 3 characters :
Wrong Input : Fist letter Should be capital and must contains minimum 3 characters :
Wrong Input : Fist letter Should be capital and must contains minimum 3 characters :
Wrong Input : Fist letter Should be capital and must contains minimum 3 characters :
Wrong Input : Fist letter Should be capital and must contains minimum 3 characters :
Wrong Input : Fist letter Should be capital and must contains minimum 3 characters :
Wrong Input : Fist letter Should be capital and must contains minimum 3 characters :
Wrong Input : Fist letter Should be capital and must contains minimum 3 characters :
Wrong Input : Fist letter Should be capital and must contains minimum 3 characters :
Wrong Input : Fist letter Should be capital and must contains minimum 3 characters :
Wrong Input : Fist letter Should be capital and must contains minimum 3 characters :
Wrong Input : Fist letter Should be capital and must contains minimum 3 characters :
Wrong Input : Fist letter Should be capital and must contains minimum 3 characters :
Wrong Input : Fist letter Should be capital and must contains minimum 3 characters :
Wrong Input : Fist letter Should be capital and must contains minimum 3 characters :
Wrong Input : Fist letter Should be capital and must contains minimum 3 characters :
Wrong Input : Fist letter Should be capital and must contains minimum 3 characters :
Wrong Input : Fist letter Should be capital and must contains minimum 3 characters :
Wrong Input : Fist letter Should be capital and must contains minimum 3 characters :
Wrong Input : Fist letter Should be capital and must contains minimum 3 characters :
Wrong Input : Fist letter Should be capital and must contains minimum 3 characters :
Wrong Input : Fist letter Should be capital and must contains minimum 3 characters :
Wrong Input : Fist letter Should be capital and must contains minimum 3 characters :
Wrong Input : Fist letter Should be capital and must contains minimum 3 characters :
Wrong Input : Fist letter Should be capital and must contains minimum 3 characters :
Wrong Input : Fist letter Should be capital and must contains minimum 3 characters :
Wrong Input : Fist letter Should be capital and must contains minimum 3 characters :
Wrong Input : Fist letter Should be capital and must contains minimum 3 characters :
Wrong Input : Fist letter Should be capital and must contains minimum 3 characters :
Wrong Input : Fist letter Should be capital and must contains minimum 3 characters :
Wrong Input : Fist letter Should be capital and must contains minimum 3 characters :
Wrong Input : Fist letter Should be capital and must contains minimum 3 characters :
Wrong Input : Fist letter Should be capital and must contains minimum 3 characters :
Wrong Input : Fist letter Should be capital and must contains minimum 3 characters :
Wrong Input : Fist letter Should be capital and must contains minimum 3 characters :
Wrong Input : Fist letter Should be capital and must contains minimum 3 characters :
Wrong Input : Fist letter Should be capital and must contains minimum 3 characters :
Wrong Input : Fist letter Should be capital and must contains minimum 3 characters :
Wrong Input : Fist letter Should be capital and must contains minimum 3 characters :
Wrong Input : Fist letter Should be capital and must contains minimum 3 characters :
Wrong Input : Fist letter Should be capital and must contains minimum 3 characters :
Wrong Input : Fist letter Should be capital and must contains minimum 3 characters :
Wrong Input : Fist letter Should be capital and must contains minimum 3 characters :
Wrong Input : Fist letter Should be capital and must contains minimum 3 characters :
Wrong Input : Fist letter Should be capital and must contains minimum 3 characters :
Wrong Input : Fist letter Should be capital and must contains minimum 3 characters :
Wrong Input : Fist letter Should be capital and must contains minimum 3 characters :
Wrong Input : Fist letter Should be capital and must contains minimum 3 characters :
Wrong Input : Fist letter Should be capital and must contains minimum 3 characters :
Wrong Input : Fist letter Should be capital and must contains minimum 3 characters :
Wrong Input : Fist letter Should be capital and must contains minimum 3 characters :
Wrong Input : Fist letter Should be capital and must contains minimum 3 characters :
Wrong Input : Fist letter Should be capital and must contains minimum 3 characters :
Wrong Input : Fist letter Should be capital and must contains minimum 3 characters :
Wrong Input : Fist letter Should be capital and must contains minimum 3 characters :
Wrong Input : Fist letter Should be capital and must contains minimum 3 characters :
Wrong Input : Fist letter Should be capital and must contains minimum 3 characters :
Wrong Input : Fist letter Should be capital and must contains minimum 3 characters :
Wrong Input : Fist letter Should be capital and must contains minimum 3 characters :
Wrong Input : Fist letter Should be capital and must contains minimum 3 characters :
Wrong Input : Fist letter Should be capital and must contains minimum 3 characters :
Wrong Input : Fist letter Should be capital and must contains minimum 3 characters :
Wrong Input : Fist letter Should be capital and must contains minimum 3 characters :
Wrong Input : Fist letter Should be capital and must contains minimum 3 characters :
Wrong Input : Fist letter Should be capital and must contains minimum 3 characters :
Wrong Input : Fist letter Should be capital and must contains minimum 3 characters :
Wrong Input : Fist letter Should be capital and must contains minimum 3 characters :
Wrong Input : Fist letter Should be capital and must contains minimum 3 characters :
Wrong Input : Fist letter Should be capital and must contains minimum 3 characters :
Wrong Input : Fist letter Should be capital and must contains minimum 3 characters :
Wrong Input : Fist letter Should be capital and must contains minimum 3 characters :
Wrong Input : Fist letter Should be capital and must contains minimum 3 characters :
Wrong Input : Fist letter Should be capital and must contains minimum 3 characters :
Wrong Input : Fist letter Should be capital and must contains minimum 3 characters :
Wrong Input : Fist letter Should be capital and must contains minimum 3 characters :
Wrong Input : Fist letter Should be capital and must contains minimum 3 characters :
Wrong Input : Fist letter Should be capital and must contains minimum 3 characters :
Wrong Input : Fist letter Should be capital and must contains minimum 3 characters :
Wrong Input : Fist letter Should be capital and must contains minimum 3 characters :
Wrong Input : Fist letter Should be capital and must contains minimum 3 characters :
Wrong Input : Fist letter Should be capital and must contains minimum 3 characters :
Wrong Input : Fist letter Should be capital and must contains minimum 3 characters :
Wrong Input : Fist letter Should be capital and must contains minimum 3 characters :
Wrong Input : Fist letter Should be capital and must contains minimum 3 characters :
Wrong Input : Fist letter Should be capital and must contains minimum 3 characters :
Wrong Input : Fist letter Should be capital and must contains minimum 3 characters :
Wrong Input : Fist letter Should be capital and must contains minimum 3 characters :
Wrong Input : Fist letter Should be capital and must contains minimum 3 characters :
Wrong Input : Fist letter Should be capital and must contains minimum 3 characters :
Wrong Input : Fist letter Should be capital and must contains minimum 3 characters :
Wrong Input : Fist letter Should be capital and must contains minimum 3 characters :
Wrong Input : Fist letter Should be capital and must contains minimum 3 characters :
Wrong Input : Fist letter Should be capital and must contains minimum 3 characters :
Wrong Input : Fist letter Should be capital and must contains minimum 3 characters :
Wrong Input : Fist letter Should be capital and must contains minimum 3 characters :
Wrong Input : Fist letter Should be capital and must contains minimum 3 characters :
Wrong Input : Fist letter Should be capital and must contains minimum 3 characters :
Wrong Input : Fist letter Should be capital and must contains minimum 3 characters :
Wrong Input : Fist letter Should be capital and must contains minimum 3 characters :
Wrong Input : Fist letter Should be capital and must contains minimum 3 characters :
Wrong Input : Fist letter Should be capital and must contains minimum 3 characters :
Wrong Input : Fist letter Should be capital and must contains minimum 3 characters :
Wrong Input : Fist letter Should be capital and must contains minimum 3 characters :
Wrong Input : Fist letter Should be capital and must contains minimum 3 characters :
Wrong Input : Fist letter Should be capital and must contains minimum 3 characters :
Wrong Input : Fist letter Should be capital and must contains minimum 3 characters :
Wrong Input : Fist letter Should be capital and must contains minimum 3 characters :
Wrong Input : Fist letter Should be capital and must contains minimum 3 characters :
Wrong Input : Fist letter Should be capital and must contains minimum 3 characters :
Wrong Input : Fist letter Should be capital and must contains minimum 3 characters :
Wrong Input : Fist letter Should be capital and must contains minimum 3 characters :
Wrong Input : Fist letter Should be capital and must contains minimum 3 characters :
Wrong Input : Fist letter Should be capital and must contains minimum 3 characters :
Wrong Input : Fist letter Should be capital and must contains minimum 3 characters :
Wrong Input : Fist letter Should be capital and must contains minimum 3 characters :
Wrong Input : Fist letter Should be capital and must contains minimum 3 characters :
Wrong Input : Fist letter Should be capital and must contains minimum 3 characters :
Wrong Input : Fist letter Should be capital and must contains minimum 3 characters :
Wrong Input : Fist letter Should be capital and must contains minimum 3 characters :
Wrong Input : Fist letter Should be capital and must contains minimum 3 characters :
Wrong Input : Fist letter Should be capital and must contains minimum 3 characters :
Wrong Input : Fist letter Should be capital and must contains minimum 3 characters :
Wrong Input : Fist letter Should be capital and must contains minimum 3 characters :
Wrong Input : Fist letter Should be capital and must contains minimum 3 characters :
Wrong Input : Fist letter Should be capital and must contains minimum 3 characters :
Wrong Input : Fist letter Should be capital and must contains minimum 3 characters :
Wrong Input : Fist letter Should be capital and must contains minimum 3 characters :
Wrong Input : Fist letter Should be capital and must contains minimum 3 characters :
Wrong Input : Fist letter Should be capital and must contains minimum 3 characters :
Wrong Input : Fist letter Should be capital and must contains minimum 3 characters :
Wrong Input : Fist letter Should be capital and must contains minimum 3 characters :
Wrong Input : Fist letter Should be capital and must contains minimum 3 characters :
Wrong Input : Fist letter Should be capital and must contains minimum 3 characters :
Wrong Input : Fist letter Should be capital and must contains minimum 3 characters :
Wrong Input : Fist letter Should be capital and must contains minimum 3 characters :
Wrong Input : Fist letter Should be capital and must contains minimum 3 characters :
Wrong Input : Fist letter Should be capital and must contains minimum 3 characters :
Wrong Input : Fist letter Should be capital and must contains minimum 3 characters :
Wrong Input : Fist letter Should be capital and must contains minimum 3 characters :
Wrong Input : Fist letter Should be capital and must contains minimum 3 characters :
Wrong Input : Fist letter Should be capital and must contains minimum 3 characters :
Wrong Input : Fist letter Should be capital and must contains minimum 3 characters :
Wrong Input : Fist letter Should be capital and must contains minimum 3 characters :
Wrong Input : Fist letter Should be capital and must contains minimum 3 characters :
Wrong Input : Fist letter Should be capital and must contains minimum 3 characters :
Wrong Input : Fist letter Should be capital and must contains minimum 3 characters :
Wrong Input : Fist letter Should be capital and must contains minimum 3 characters :
Wrong Input : Fist letter Should be capital and must contains minimum 3 characters :
Wrong Input : Fist letter Should be capital and must contains minimum 3 characters :
Wrong Input : Fist letter Should be capital and must contains minimum 3 characters :
Wrong Input : Fist letter Should be capital and must contains minimum 3 characters :
Wrong Input : Fist letter Should be capital and must contains minimum 3 characters :
Wrong Input : Fist letter Should be capital and must contains minimum 3 characters :
Wrong Input : Fist letter Should be capital and must contains minimum 3 characters :
Wrong Input : Fist letter Should be capital and must contains minimum 3 characters :
Wrong Input : Fist letter Should be capital and must contains minimum 3 characters :
Wrong Input : Fist letter Should be capital and must contains minimum 3 characters :
Wrong Input : Fist letter Should be capital and must contains minimum 3 characters :
Wrong Input : Fist letter Should be capital and must contains minimum 3 characters :
Wrong Input : Fist letter Should be capital and must contains minimum 3 characters :
Wrong Input : Fist letter Should be capital and must contains minimum 3 characters :
Wrong Input : Fist letter Should be capital and must contains minimum 3 characters :
Wrong Input : Fist letter Should be capital and must contains minimum 3 characters :
Wrong Input : Fist letter Should be capital and must contains minimum 3 characters :
Wrong Input : Fist letter Should be capital and must contains minimum 3 characters :
Wrong Input : Fist letter Should be capital and must contains minimum 3 characters :
Wrong Input : Fist letter Should be capital and must contains minimum 3 characters :
Wrong Input : Fist letter Should be capital and must contains minimum 3 characters :
Wrong Input : Fist letter Should be capital and must contains minimum 3 characters :
Wrong Input : Fist letter Should be capital and must contains minimum 3 characters :
Wrong Input : Fist letter Should be capital and must contains minimum 3 characters :
Wrong Input : Fist letter Should be capital and must contains minimum 3 characters :
Wrong Input : Fist letter Should be capital and must contains minimum 3 characters :
Wrong Input : Fist letter Should be capital and must contains minimum 3 characters :
Wrong Input : Fist letter Should be capital and must contains minimum 3 characters :
Wrong Input : Fist letter Should be capital and must contains minimum 3 characters :
Wrong Input : Fist letter Should be capital and must contains minimum 3 characters :
Wrong Input : Fist letter Should be capital and must contains minimum 3 characters :
Wrong Input : Fist letter Should be capital and must contains minimum 3 characters :
Wrong Input : Fist letter Should be capital and must contains minimum 3 characters :
Wrong Input : Fist letter Should be capital and must contains minimum 3 characters :
Wrong Input : Fist letter Should be capital and must contains minimum 3 characters :
Wrong Input : Fist letter Should be capital and must contains minimum 3 characters :
Wrong Input : Fist letter Should be capital and must contains minimum 3 characters :
Wrong Input : Fist letter Should be capital and must contains minimum 3 characters :
Wrong Input : Fist letter Should be capital and must contains minimum 3 characters :
Wrong Input : Fist letter Should be capital and must contains minimum 3 characters :
Wrong Input : Fist letter Should be capital and must contains minimum 3 characters :
Wrong Input : Fist letter Should be capital and must contains minimum 3 characters :
Wrong Input : Fist letter Should be capital and must contains minimum 3 characters :
Wrong Input : Fist letter Should be capital and must contains minimum 3 characters :
Wrong Input : Fist letter Should be capital and must contains minimum 3 characters :
Wrong Input : Fist letter Should be capital and must contains minimum 3 characters :
Wrong Input : Fist letter Should be capital and must contains minimum 3 characters :
Wrong Input : Fist letter Should be capital and must contains minimum 3 characters :
Wrong Input : Fist letter Should be capital and must contains minimum 3 characters :
Wrong Input : Fist letter Should be capital and must contains minimum 3 characters :
Wrong Input : Fist letter Should be capital and must contains minimum 3 characters :
Wrong Input : Fist letter Should be capital and must contains minimum 3 characters :
Wrong Input : Fist letter Should be capital and must contains minimum 3 characters :
Wrong Input : Fist letter Should be capital and must contains minimum 3 characters :
Wrong Input : Fist letter Should be capital and must contains minimum 3 characters :
Wrong Input : Fist letter Should be capital and must contains minimum 3 characters :
Wrong Input : Fist letter Should be capital and must contains minimum 3 characters :
Wrong Input : Fist letter Should be capital and must contains minimum 3 characters :
Wrong Input : Fist letter Should be capital and must contains minimum 3 characters :
Wrong Input : Fist letter Should be capital and must contains minimum 3 characters :
Wrong Input : Fist letter Should be capital and must contains minimum 3 characters :
Wrong Input : Fist letter Should be capital and must contains minimum 3 characters :
Wrong Input : Fist letter Should be capital and must contains minimum 3 characters :
Wrong Input : Fist letter Should be capital and must contains minimum 3 characters :
Wrong Input : Fist letter Should be capital and must contains minimum 3 characters :
Wrong Input : Fist letter Should be capital and must contains minimum 3 characters :
Wrong Input : Fist letter Should be capital and must contains minimum 3 characters :
Wrong Input : Fist letter Should be capital and must contains minimum 3 characters :
Wrong Input : Fist letter Should be capital and must contains minimum 3 characters :
Wrong Input : Fist letter Should be capital and must contains minimum 3 characters :
Wrong Input : Fist letter Should be capital and must contains minimum 3 characters :
Wrong Input : Fist letter Should be capital and must contains minimum 3 characters :
Wrong Input : Fist letter Should be capital and must contains minimum 3 characters :
Wrong Input : Fist letter Should be capital and must contains minimum 3 characters :
Wrong Input : Fist letter Should be capital and must contains minimum 3 characters :
Wrong Input : Fist letter Should be capital and must contains minimum 3 characters :
Wrong Input : Fist letter Should be capital and must contains minimum 3 characters :
Wrong Input : Fist letter Should be capital and must contains minimum 3 characters :
Wrong Input : Fist letter Should be capital and must contains minimum 3 characters :
Wrong Input : Fist letter Should be capital and must contains minimum 3 characters :
Wrong Input : Fist letter Should be capital and must contains minimum 3 characters :
Wrong Input : Fist letter Should be capital and must contains minimum 3 characters :
Wrong Input : Fist letter Should be capital and must contains minimum 3 characters :
Wrong Input : Fist letter Should be capital and must contains minimum 3 characters :
Wrong Input : Fist letter Should be capital and must contains minimum 3 characters :
Wrong Input : Fist letter Should be capital and must contains minimum 3 characters :
Wrong Input : Fist letter Should be capital and must contains minimum 3 characters :
Wrong Input : Fist letter Should be capital and must contains minimum 3 characters :
Wrong Input : Fist letter Should be capital and must contains minimum 3 characters :
Wrong Input : Fist letter Should be capital and must contains minimum 3 characters :
Wrong Input : Fist letter Should be capital and must contains minimum 3 characters :
Wrong Input : Fist letter Should be capital and must contains minimum 3 characters :
Wrong Input : Fist letter Should be capital and must contains minimum 3 characters :
Wrong Input : Fist letter Should be capital and must contains minimum 3 characters :
Wrong Input : Fist letter Should be capital and must contains minimum 3 characters :
Wrong Input : Fist letter Should be capital and must contains minimum 3 characters :
Wrong Input : Fist letter Should be capital and must contains minimum 3 characters :
Wrong Input : Fist letter Should be capital and must contains minimum 3 characters :
Wrong Input : Fist letter Should be capital and must contains minimum 3 characters :
Wrong Input : Fist letter Should be capital and must contains minimum 3 characters :
Wrong Input : Fist letter Should be capital and must contains minimum 3 characters :
Wrong Input : Fist letter Should be capital and must contains minimum 3 characters :
Wrong Input : Fist letter Should be capital and must contains minimum 3 characters :
Wrong Input : Fist letter Should be capital and must contains minimum 3 characters :
Wrong Input : Fist letter Should be capital and must contains minimum 3 characters :
Wrong Input : Fist letter Should be capital and must contains minimum 3 characters :
Wrong Input : Fist letter Should be capital and must contains minimum 3 characters :
Wrong Input : Fist letter Should be capital and must contains minimum 3 characters :
Wrong Input : Fist letter Should be capital and must contains minimum 3 characters :
Wrong Input : Fist letter Should be capital and must contains minimum 3 characters :
Wrong Input : Fist letter Should be capital and must contains minimum 3 characters :
Wrong Input : Fist letter Should be capital and must contains minimum 3 characters :
Wrong Input : Fist letter Should be capital and must contains minimum 3 characters :
Wrong Input : Fist letter Should be capital and must contains minimum 3 characters :
Wrong Input : Fist letter Should be capital and must contains minimum 3 characters :
Wrong Input : Fist letter Should be capital and must contains minimum 3 characters :
Wrong Input : Fist letter Should be capital and must contains minimum 3 characters :
Wrong Input : Fist letter Should be capital and must contains minimum 3 characters :
Wrong Input : Fist letter Should be capital and must contains minimum 3 characters :
Wrong Input : Fist letter Should be capital and must contains minimum 3 characters :
Wrong Input : Fist letter Should be capital and must contains minimum 3 characters :
Wrong Input : Fist letter Should be capital and must contains minimum 3 characters :
Wrong Input : Fist letter Should be capital and must contains minimum 3 characters :
Wrong Input : Fist letter Should be capital and must contains minimum 3 characters :
Wrong Input : Fist letter Should be capital and must contains minimum 3 characters :
Wrong Input : Fist letter Should be capital and must contains minimum 3 characters :
Wrong Input : Fist letter Should be capital and must contains minimum 3 characters :
Wrong Input : Fist letter Should be capital and must contains minimum 3 characters :
Wrong Input : Fist letter Should be capital and must contains minimum 3 characters :
Wrong Input : Fist letter Should be capital and must contains minimum 3 characters :
Wrong Input : Fist letter Should be capital and must contains minimum 3 characters :
Wrong Input : Fist letter Should be capital and must contains minimum 3 characters :
Wrong Input : Fist letter Should be capital and must contains minimum 3 characters :
Wrong Input : Fist letter Should be capital and must contains minimum 3 characters :
Wrong Input : Fist letter Should be capital and must contains minimum 3 characters :
Wrong Input : Fist letter Should be capital and must contains minimum 3 characters :
Wrong Input : Fist letter Should be capital and must contains minimum 3 characters :
Wrong Input : Fist letter Should be capital and must contains minimum 3 characters :
Wrong Input : Fist letter Should be capital and must contains minimum 3 characters :
Wrong Input : Fist letter Should be capital and must contains minimum 3 characters :
Wrong Input : Fist letter Should be capital and must contains minimum 3 characters :
Wrong Input : Fist letter Should be capital and must contains minimum 3 characters :
Wrong Input : Fist letter Should be capital and must contains minimum 3 characters :
Wrong Input : Fist letter Should be capital and must contains minimum 3 characters :
Wrong Input : Fist letter Should be capital and must contains minimum 3 characters :
Wrong Input : Fist letter Should be capital and must contains minimum 3 characters :
Wrong Input : Fist letter Should be capital and must contains minimum 3 characters :
Wrong Input : Fist letter Should be capital and must contains minimum 3 characters :
Wrong Input : Fist letter Should be capital and must contains minimum 3 characters :
Wrong Input : Fist letter Should be capital and must contains minimum 3 characters :
Wrong Input : Fist letter Should be capital and must contains minimum 3 characters :
Wrong Input : Fist letter Should be capital and must contains minimum 3 characters :
Wrong Input : Fist letter Should be capital and must contains minimum 3 characters :
Wrong Input : Fist letter Should be capital and must contains minimum 3 characters :
Wrong Input : Fist letter Should be capital and must contains minimum 3 characters :
Wrong Input : Fist letter Should be capital and must contains minimum 3 characters :
Wrong Input : Fist letter Should be capital and must contains minimum 3 characters :
Wrong Input : Fist letter Should be capital and must contains minimum 3 characters :
Wrong Input : Fist letter Should be capital and must contains minimum 3 characters :
Wrong Input : Fist letter Should be capital and must contains minimum 3 characters :
Wrong Input : Fist letter Should be capital and must contains minimum 3 characters :
Wrong Input : Fist letter Should be capital and must contains minimum 3 characters :
Wrong Input : Fist letter Should be capital and must contains minimum 3 characters :
Wrong Input : Fist letter Should be capital and must contains minimum 3 characters :
Wrong Input : Fist letter Should be capital and must contains minimum 3 characters :
Wrong Input : Fist letter Should be capital and must contains minimum 3 characters :
Wrong Input : Fist letter Should be capital and must contains minimum 3 characters :
Wrong Input : Fist letter Should be capital and must contains minimum 3 characters :
Wrong Input : Fist letter Should be capital and must contains minimum 3 characters :
Wrong Input : Fist letter Should be capital and must contains minimum 3 characters :
Wrong Input : Fist letter Should be capital and must contains minimum 3 characters :
Wrong Input : Fist letter Should be capital and must contains minimum 3 characters :
Wrong Input : Fist letter Should be capital and must contains minimum 3 characters :
Wrong Input : Fist letter Should be capital and must contains minimum 3 characters :
Wrong Input : Fist letter Should be capital and must contains minimum 3 characters :
Wrong Input : Fist letter Should be capital and must contains minimum 3 characters :
Wrong Input : Fist letter Should be capital and must contains minimum 3 characters :
Wrong Input : Fist letter Should be capital and must contains minimum 3 characters :
Wrong Input : Fist letter Should be capital and must contains minimum 3 characters :
Wrong Input : Fist letter Should be capital and must contains minimum 3 characters :
Wrong Input : Fist letter Should be capital and must contains minimum 3 characters :
Wrong Input : Fist letter Should be capital and must contains minimum 3 characters :
Wrong Input : Fist letter Should be capital and must contains minimum 3 characters :
Wrong Input : Fist letter Should be capital and must contains minimum 3 characters :
Wrong Input : Fist letter Should be capital and must contains minimum 3 characters :
Wrong Input : Fist letter Should be capital and must contains minimum 3 characters :
Wrong Input : Fist letter Should be capital and must contains minimum 3 characters :
Wrong Input : Fist letter Should be capital and must contains minimum 3 characters :
Wrong Input : Fist letter Should be capital and must contains minimum 3 characters :
Wrong Input : Fist letter Should be capital and must contains minimum 3 characters :
Wrong Input : Fist letter Should be capital and must contains minimum 3 characters :
Wrong Input : Fist letter Should be capital and must contains minimum 3 characters :
Wrong Input : Fist letter Should be capital and must contains minimum 3 characters :
Wrong Input : Fist letter Should be capital and must contains minimum 3 characters :
Wrong Input : Fist letter Should be capital and must contains minimum 3 characters :
Wrong Input : Fist letter Should be capital and must contains minimum 3 characters :
Wrong Input : Fist letter Should be capital and must contains minimum 3 characters :
Wrong Input : Fist letter Should be capital and must contains minimum 3 characters :
Wrong Input : Fist letter Should be capital and must contains minimum 3 characters :
Wrong Input : Fist letter Should be capital and must contains minimum 3 characters :
Wrong Input : Fist letter Should be capital and must contains minimum 3 characters :
Wrong Input : Fist letter Should be capital and must contains minimum 3 characters :
Wrong Input : Fist letter Should be capital and must contains minimum 3 characters :
Wrong Input : Fist letter Should be capital and must contains minimum 3 characters :
Wrong Input : Fist letter Should be capital and must contains minimum 3 characters :
Wrong Input : Fist letter Should be capital and must contains minimum 3 characters :
Wrong Input : Fist letter Should be capital and must contains minimum 3 characters :
Wrong Input : Fist letter Should be capital and must contains minimum 3 characters :
Wrong Input : Fist letter Should be capital and must contains minimum 3 characters :
Wrong Input : Fist letter Should be capital and must contains minimum 3 characters :
Wrong Input : Fist letter Should be capital and must contains minimum 3 characters :
Wrong Input : Fist letter Should be capital and must contains minimum 3 characters :
Wrong Input : Fist letter Should be capital and must contains minimum 3 characters :
Wrong Input : Fist letter Should be capital and must contains minimum 3 characters :
Wrong Input : Fist letter Should be capital and must contains minimum 3 characters :
Wrong Input : Fist letter Should be capital and must contains minimum 3 characters :
Wrong Input : Fist letter Should be capital and must contains minimum 3 characters :
Wrong Input : Fist letter Should be capital and must contains minimum 3 characters :
Wrong Input : Fist letter Should be capital and must contains minimum 3 characters :
Wrong Input : Fist letter Should be capital and must contains minimum 3 characters :
Wrong Input : Fist letter Should be capital and must contains minimum 3 characters :
Wrong Input : Fist letter Should be capital and must contains minimum 3 characters :
Wrong Input : Fist letter Should be capital and must contains minimum 3 characters :
Wrong Input : Fist letter Should be capital and must contains minimum 3 characters :
Wrong Input : Fist letter Should be capital and must contains minimum 3 characters :
Wrong Input : Fist letter Should be capital and must contains minimum 3 characters :
Wrong Input : Fist letter Should be capital and must contains minimum 3 characters :
Wrong Input : Fist letter Should be capital and must contains minimum 3 characters :
Wrong Input : Fist letter Should be capital and must contains minimum 3 characters :
Wrong Input : Fist letter Should be capital and must contains minimum 3 characters :
Wrong Input : Fist letter Should be capital and must contains minimum 3 characters :
Wrong Input : Fist letter Should be capital and must contains minimum 3 characters :
Wrong Input : Fist letter Should be capital and must contains minimum 3 characters :
Wrong Input : Fist letter Should be capital and must contains minimum 3 characters :
Wrong Input : Fist letter Should be capital and must contains minimum 3 characters :
Wrong Input : Fist letter Should be capital and must contains minimum 3 characters :
Wrong Input : Fist letter Should be capital and must contains minimum 3 characters :
Wrong Input : Fist letter Should be capital and must contains minimum 3 characters :
Wrong Input : Fist letter Should be capital and must contains minimum 3 characters :
Wrong Input : Fist letter Should be capital and must contains minimum 3 characters :
Wrong Input : Fist letter Should be capital and must contains minimum 3 characters :
Wrong Input : Fist letter Should be capital and must contains minimum 3 characters :
Wrong Input : Fist letter Should be capital and must contains minimum 3 characters :
Wrong Input : Fist letter Should be capital and must contains minimum 3 characters :
Wrong Input : Fist letter Should be capital and must contains minimum 3 characters :
Wrong Input : Fist letter Should be capital and must contains minimum 3 characters :
Wrong Input : Fist letter Should be capital and must contains minimum 3 characters :
Wrong Input : Fist letter Should be capital and must contains minimum 3 characters :
Wrong Input : Fist letter Should be capital and must contains minimum 3 characters :
Wrong Input : Fist letter Should be capital and must contains minimum 3 characters :
Wrong Input : Fist letter Should be capital and must contains minimum 3 characters :
Wrong Input : Fist letter Should be capital and must contains minimum 3 characters :
Wrong Input : Fist letter Should be capital and must contains minimum 3 characters :
Wrong Input : Fist letter Should be capital and must contains minimum 3 characters :
Wrong Input : Fist letter Should be capital and must contains minimum 3 characters :
Wrong Input : Fist letter Should be capital and must contains minimum 3 characters :
Wrong Input : Fist letter Should be capital and must contains minimum 3 characters :
Wrong Input : Fist letter Should be capital and must contains minimum 3 characters :
Wrong Input : Fist letter Should be capital and must contains minimum 3 characters :
Wrong Input : Fist letter Should be capital and must contains minimum 3 characters :
Wrong Input : Fist letter Should be capital and must contains minimum 3 characters :
Wrong Input : Fist letter Should be capital and must contains minimum 3 characters :
Wrong Input : Fist letter Should be capital and must contains minimum 3 characters :
Wrong Input : Fist letter Should be capital and must contains minimum 3 characters :
Wrong Input : Fist letter Should be capital and must contains minimum 3 characters :
Wrong Input : Fist letter Should be capital and must contains minimum 3 characters :
Wrong Input : Fist letter Should be capital and must contains minimum 3 characters :
Wrong Input : Fist letter Should be capital and must contains minimum 3 characters :
Wrong Input : Fist letter Should be capital and must contains minimum 3 characters :
Wrong Input : Fist letter Should be capital and must contains minimum 3 characters :
Wrong Input : Fist letter Should be capital and must contains minimum 3 characters :
Wrong Input : Fist letter Should be capital and must contains minimum 3 characters :
Wrong Input : Fist letter Should be capital and must contains minimum 3 characters :
Wrong Input : Fist letter Should be capital and must contains minimum 3 characters :
Wrong Input : Fist letter Should be capital and must contains minimum 3 characters :
Wrong Input : Fist letter Should be capital and must contains minimum 3 characters :
Wrong Input : Fist letter Should be capital and must contains minimum 3 characters :
Wrong Input : Fist letter Should be capital and must contains minimum 3 characters :
Wrong Input : Fist letter Should be capital and must contains minimum 3 characters :
Wrong Input : Fist letter Should be capital and must contains minimum 3 characters :
Wrong Input : Fist letter Should be capital and must contains minimum 3 characters :
Wrong Input : Fist letter Should be capital and must contains minimum 3 characters :
Wrong Input : Fist letter Should be capital and must contains minimum 3 characters :
Wrong Input : Fist letter Should be capital and must contains minimum 3 characters :
Wrong Input : Fist letter Should be capital and must contains minimum 3 characters :
Wrong Input : Fist letter Should be capital and must contains minimum 3 characters :
Wrong Input : Fist letter Should be capital and must contains minimum 3 characters :
Wrong Input : Fist letter Should be capital and must contains minimum 3 characters :
Wrong Input : Fist letter Should be capital and must contains minimum 3 characters :
Wrong Input : Fist letter Should be capital and must contains minimum 3 characters :
Wrong Input : Fist letter Should be capital and must contains minimum 3 characters :
Wrong Input : Fist letter Should be capital and must contains minimum 3 characters :
Wrong Input : Fist letter Should be capital and must contains minimum 3 characters :
Wrong Input : Fist letter Should be capital and must contains minimum 3 characters :
Wrong Input : Fist letter Should be capital and must contains minimum 3 characters :
Wrong Input : Fist letter Should be capital and must contains minimum 3 characters :
Wrong Input : Fist letter Should be capital and must contains minimum 3 characters :
Wrong Input : Fist letter Should be capital and must contains minimum 3 characters :
Wrong Input : Fist letter Should be capital and must contains minimum 3 characters :
Wrong Input : Fist letter Should be capital and must contains minimum 3 characters :
Wrong Input : Fist letter Should be capital and must contains minimum 3 characters :
Wrong Input : Fist letter Should be capital and must contains minimum 3 characters :
Wrong Input : Fist letter Should be capital and must contains minimum 3 characters :
Wrong Input : Fist letter Should be capital and must contains minimum 3 characters :
Wrong Input : Fist letter Should be capital and must contains minimum 3 characters :
Wrong Input : Fist letter Should be capital and must contains minimum 3 characters :
Wrong Input : Fist letter Should be capital and must contains minimum 3 characters :
Wrong Input : Fist letter Should be capital and must contains minimum 3 characters :
Wrong Input : Fist letter Should be capital and must contains minimum 3 characters :
Wrong Input : Fist letter Should be capital and must contains minimum 3 characters :
Wrong Input : Fist letter Should be capital and must contains minimum 3 characters :
Wrong Input : Fist letter Should be capital and must contains minimum 3 characters :
Wrong Input : Fist letter Should be capital and must contains minimum 3 characters :
Wrong Input : Fist letter Should be capital and must contains minimum 3 characters :
Wrong Input : Fist letter Should be capital and must contains minimum 3 characters :
Wrong Input : Fist letter Should be capital and must contains minimum 3 characters :
Wrong Input : Fist letter Should be capital and must contains minimum 3 characters :
Wrong Input : Fist letter Should be capital and must contains minimum 3 characters :
Wrong Input : Fist letter Should be capital and must contains minimum 3 characters :
Wrong Input : Fist letter Should be capital and must contains minimum 3 characters :
Wrong Input : Fist letter Should be capital and must contains minimum 3 characters :
Wrong Input : Fist letter Should be capital and must contains minimum 3 characters :
Wrong Input : Fist letter Should be capital and must contains minimum 3 characters :
Wrong Input : Fist letter Should be capital and must contains minimum 3 characters :
Wrong Input : Fist letter Should be capital and must contains minimum 3 characters :
Wrong Input : Fist letter Should be capital and must contains minimum 3 characters :
Wrong Input : Fist letter Should be capital and must contains minimum 3 characters :
Wrong Input : Fist letter Should be capital and must contains minimum 3 characters :
Wrong Input : Fist letter Should be capital and must contains minimum 3 characters :
Wrong Input : Fist letter Should be capital and must contains minimum 3 characters :
Wrong Input : Fist letter Should be capital and must contains minimum 3 characters :
Wrong Input : Fist letter Should be capital and must contains minimum 3 characters :
Wrong Input : Fist letter Should be capital and must contains minimum 3 characters :
Wrong Input : Fist letter Should be capital and must contains minimum 3 characters :
Wrong Input : Fist letter Should be capital and must contains minimum 3 characters :
Wrong Input : Fist letter Should be capital and must contains minimum 3 characters :
Wrong Input : Fist letter Should be capital and must contains minimum 3 characters :
Wrong Input : Fist letter Should be capital and must contains minimum 3 characters :
Wrong Input : Fist letter Should be capital and must contains minimum 3 characters :
Wrong Input : Fist letter Should be capital and must contains minimum 3 characters :
Wrong Input : Fist letter Should be capital and must contains minimum 3 characters :
Wrong Input : Fist letter Should be capital and must contains minimum 3 characters :
Wrong Input : Fist letter Should be capital and must contains minimum 3 characters :
Wrong Input : Fist letter Should be capital and must contains minimum 3 characters :
Wrong Input : Fist letter Should be capital and must contains minimum 3 characters :
Wrong Input : Fist letter Should be capital and must contains minimum 3 characters :
Wrong Input : Fist letter Should be capital and must contains minimum 3 characters :
Wrong Input : Fist letter Should be capital and must contains minimum 3 characters :
Wrong Input : Fist letter Should be capital and must contains minimum 3 characters :
Wrong Input : Fist letter Should be capital and must contains minimum 3 characters :
Wrong Input : Fist letter Should be capital and must contains minimum 3 characters :
Wrong Input : Fist letter Should be capital and must contains minimum 3 characters :
Wrong Input : Fist letter Should be capital and must contains minimum 3 characters :
Wrong Input : Fist letter Should be capital and must contains minimum 3 characters :
Wrong Input : Fist letter Should be capital and must contains minimum 3 characters :
Wrong Input : Fist letter Should be capital and must contains minimum 3 characters :
Wrong Input : Fist letter Should be capital and must contains minimum 3 characters :
Wrong Input : Fist letter Should be capital and must contains minimum 3 characters :
Wrong Input : Fist letter Should be capital and must contains minimum 3 characters :
Wrong Input : Fist letter Should be capital and must contains minimum 3 characters :
Wrong Input : Fist letter Should be capital and must contains minimum 3 characters :
Wrong Input : Fist letter Should be capital and must contains minimum 3 characters :
Wrong Input : Fist letter Should be capital and must contains minimum 3 characters :
Wrong Input : Fist letter Should be capital and must contains minimum 3 characters :
Wrong Input : Fist letter Should be capital and must contains minimum 3 characters :
Wrong Input : Fist letter Should be capital and must contains minimum 3 characters :
Wrong Input : Fist letter Should be capital and must contains minimum 3 characters :
Wrong Input : Fist letter Should be capital and must contains minimum 3 characters :
Wrong Input : Fist letter Should be capital and must contains minimum 3 characters :
Wrong Input : Fist letter Should be capital and must contains minimum 3 characters :
Wrong Input : Fist letter Should be capital and must contains minimum 3 characters :
Wrong Input : Fist letter Should be capital and must contains minimum 3 characters :
Wrong Input : Fist letter Should be capital and must contains minimum 3 characters :
Wrong Input : Fist letter Should be capital and must contains minimum 3 characters :
Wrong Input : Fist letter Should be capital and must contains minimum 3 characters :
Wrong Input : Fist letter Should be capital and must contains minimum 3 characters :
Wrong Input : Fist letter Should be capital and must contains minimum 3 characters :
Wrong Input : Fist letter Should be capital and must contains minimum 3 characters :
Wrong Input : Fist letter Should be capital and must contains minimum 3 characters :
Wrong Input : Fist letter Should be capital and must contains minimum 3 characters :
Wrong Input : Fist letter Should be capital and must contains minimum 3 characters :
Wrong Input : Fist letter Should be capital and must contains minimum 3 characters :
Wrong Input : Fist letter Should be capital and must contains minimum 3 characters :
Wrong Input : Fist letter Should be capital and must contains minimum 3 characters :
Wrong Input : Fist letter Should be capital and must contains minimum 3 characters :
Wrong Input : Fist letter Should be capital and must contains minimum 3 characters :
Wrong Input : Fist letter Should be capital and must contains minimum 3 characters :
Wrong Input : Fist letter Should be capital and must contains minimum 3 characters :
Wrong Input : Fist letter Should be capital and must contains minimum 3 characters :
Wrong Input : Fist letter Should be capital and must contains minimum 3 characters :
Wrong Input : Fist letter Should be capital and must contains minimum 3 characters :
Wrong Input : Fist letter Should be capital and must contains minimum 3 characters :
Wrong Input : Fist letter Should be capital and must contains minimum 3 characters :
Wrong Input : Fist letter Should be capital and must contains minimum 3 characters :
Wrong Input : Fist letter Should be capital and must contains minimum 3 characters :
Wrong Input : Fist letter Should be capital and must contains minimum 3 characters :
Wrong Input : Fist letter Should be capital and must contains minimum 3 characters :
Wrong Input : Fist letter Should be capital and must contains minimum 3 characters :
Wrong Input : Fist letter Should be capital and must contains minimum 3 characters :
Wrong Input : Fist letter Should be capital and must contains minimum 3 characters :
Wrong Input : Fist letter Should be capital and must contains minimum 3 characters :
Wrong Input : Fist letter Should be capital and must contains minimum 3 characters :
Wrong Input : Fist letter Should be capital and must contains minimum 3 characters :
Wrong Input : Fist letter Should be capital and must contains minimum 3 characters :
Wrong Input : Fist letter Should be capital and must contains minimum 3 characters :
Wrong Input : Fist letter Should be capital and must contains minimum 3 characters :
Wrong Input : Fist letter Should be capital and must contains minimum 3 characters :
Wrong Input : Fist letter Should be capital and must contains minimum 3 characters :
Wrong Input : Fist letter Should be capital and must contains minimum 3 characters :
Wrong Input : Fist letter Should be capital and must contains minimum 3 characters :
Wrong Input : Fist letter Should be capital and must contains minimum 3 characters :
Wrong Input : Fist letter Should be capital and must contains minimum 3 characters :
Wrong Input : Fist letter Should be capital and must contains minimum 3 characters :
Wrong Input : Fist letter Should be capital and must contains minimum 3 characters :
Wrong Input : Fist letter Should be capital and must contains minimum 3 characters :
Wrong Input : Fist letter Should be capital and must contains minimum 3 characters :
Wrong Input : Fist letter Should be capital and must contains minimum 3 characters :
Wrong Input : Fist letter Should be capital and must contains minimum 3 characters :
Wrong Input : Fist letter Should be capital and must contains minimum 3 characters :
Wrong Input : Fist letter Should be capital and must contains minimum 3 characters :
Wrong Input : Fist letter Should be capital and must contains minimum 3 characters :
Wrong Input : Fist letter Should be capital and must contains minimum 3 characters :
Wrong Input : Fist letter Should be capital and must contains minimum 3 characters :
Wrong Input : Fist letter Should be capital and must contains minimum 3 characters :
Wrong Input : Fist letter Should be capital and must contains minimum 3 characters :
Wrong Input : Fist letter Should be capital and must contains minimum 3 characters :
Wrong Input : Fist letter Should be capital and must contains minimum 3 characters :
Wrong Input : Fist letter Should be capital and must contains minimum 3 characters :
Wrong Input : Fist letter Should be capital and must contains minimum 3 characters :
Wrong Input : Fist letter Should be capital and must contains minimum 3 characters :
Wrong Input : Fist letter Should be capital and must contains minimum 3 characters :
Wrong Input : Fist letter Should be capital and must contains minimum 3 characters :
Wrong Input : Fist letter Should be capital and must contains minimum 3 characters :
Wrong Input : Fist letter Should be capital and must contains minimum 3 characters :
Wrong Input : Fist letter Should be capital and must contains minimum 3 characters :
Wrong Input : Fist letter Should be capital and must contains minimum 3 characters :
Wrong Input : Fist letter Should be capital and must contains minimum 3 characters :
Wrong Input : Fist letter Should be capital and must contains minimum 3 characters :
Wrong Input : Fist letter Should be capital and must contains minimum 3 characters :
Wrong Input : Fist letter Should be capital and must contains minimum 3 characters :
Wrong Input : Fist letter Should be capital and must contains minimum 3 characters :
Wrong Input : Fist letter Should be capital and must contains minimum 3 characters :
Wrong Input : Fist letter Should be capital and must contains minimum 3 characters :
Wrong Input : Fist letter Should be capital and must contains minimum 3 characters :
Wrong Input : Fist letter Should be capital and must contains minimum 3 characters :
Wrong Input : Fist letter Should be capital and must contains minimum 3 characters :
Wrong Input : Fist letter Should be capital and must contains minimum 3 characters :
Wrong Input : Fist letter Should be capital and must contains minimum 3 characters :
Wrong Input : Fist letter Should be capital and must contains minimum 3 characters :
Wrong Input : Fist letter Should be capital and must contains minimum 3 characters :
Wrong Input : Fist letter Should be capital and must contains minimum 3 characters :
Wrong Input : Fist letter Should be capital and must contains minimum 3 characters :
Wrong Input : Fist letter Should be capital and must contains minimum 3 characters :
Wrong Input : Fist letter Should be capital and must contains minimum 3 characters :
Wrong Input : Fist letter Should be capital and must contains minimum 3 characters :
Wrong Input : Fist letter Should be capital and must contains minimum 3 characters :
Wrong Input : Fist letter Should be capital and must contains minimum 3 characters :
Wrong Input : Fist letter Should be capital and must contains minimum 3 characters :
Wrong Input : Fist letter Should be capital and must contains minimum 3 characters :
Wrong Input : Fist letter Should be capital and must contains minimum 3 characters :
Wrong Input : Fist letter Should be capital and must contains minimum 3 characters :
Wrong Input : Fist letter Should be capital and must contains minimum 3 characters :
Wrong Input : Fist letter Should be capital and must contains minimum 3 characters :
Wrong Input : Fist letter Should be capital and must contains minimum 3 characters :
Wrong Input : Fist letter Should be capital and must contains minimum 3 characters :
Wrong Input : Fist letter Should be capital and must contains minimum 3 characters :
Wrong Input : Fist letter Should be capital and must contains minimum 3 characters :
Wrong Input : Fist letter Should be capital and must contains minimum 3 characters :
Wrong Input : Fist letter Should be capital and must contains minimum 3 characters :
Wrong Input : Fist letter Should be capital and must contains minimum 3 characters :
Wrong Input : Fist letter Should be capital and must contains minimum 3 characters :
Wrong Input : Fist letter Should be capital and must contains minimum 3 characters :
Wrong Input : Fist letter Should be capital and must contains minimum 3 characters :
Wrong Input : Fist letter Should be capital and must contains minimum 3 characters :
Wrong Input : Fist letter Should be capital and must contains minimum 3 characters :
Wrong Input : Fist letter Should be capital and must contains minimum 3 characters :
Wrong Input : Fist letter Should be capital and must contains minimum 3 characters :
Wrong Input : Fist letter Should be capital and must contains minimum 3 characters :
Wrong Input : Fist letter Should be capital and must contains minimum 3 characters :
Wrong Input : Fist letter Should be capital and must contains minimum 3 characters :
Wrong Input : Fist letter Should be capital and must contains minimum 3 characters :
Wrong Input : Fist letter Should be capital and must contains minimum 3 characters :
Wrong Input : Fist letter Should be capital and must contains minimum 3 characters :
Wrong Input : Fist letter Should be capital and must contains minimum 3 characters :
Wrong Input : Fist letter Should be capital and must contains minimum 3 characters :
Wrong Input : Fist letter Should be capital and must contains minimum 3 characters :
Wrong Input : Fist letter Should be capital and must contains minimum 3 characters :
Wrong Input : Fist letter Should be capital and must contains minimum 3 characters :
Wrong Input : Fist letter Should be capital and must contains minimum 3 characters :
Wrong Input : Fist letter Should be capital and must contains minimum 3 characters :
Wrong Input : Fist letter Should be capital and must contains minimum 3 characters :
Wrong Input : Fist letter Should be capital and must contains minimum 3 characters :
Wrong Input : Fist letter Should be capital and must contains minimum 3 characters :
Wrong Input : Fist letter Should be capital and must contains minimum 3 characters :
Wrong Input : Fist letter Should be capital and must contains minimum 3 characters :
Wrong Input : Fist letter Should be capital and must contains minimum 3 characters :
Wrong Input : Fist letter Should be capital and must contains minimum 3 characters :
Wrong Input : Fist letter Should be capital and must contains minimum 3 characters :
Wrong Input : Fist letter Should be capital and must contains minimum 3 characters :
Wrong Input : Fist letter Should be capital and must contains minimum 3 characters :
Wrong Input : Fist letter Should be capital and must contains minimum 3 characters :
Wrong Input : Fist letter Should be capital and must contains minimum 3 characters :
Wrong Input : Fist letter Should be capital and must contains minimum 3 characters :
Wrong Input : Fist letter Should be capital and must contains minimum 3 characters :
Wrong Input : Fist letter Should be capital and must contains minimum 3 characters :
Wrong Input : Fist letter Should be capital and must contains minimum 3 characters :
Wrong Input : Fist letter Should be capital and must contains minimum 3 characters :
Wrong Input : Fist letter Should be capital and must contains minimum 3 characters :
Wrong Input : Fist letter Should be capital and must contains minimum 3 characters :
Wrong Input : Fist letter Should be capital and must contains minimum 3 characters :
Wrong Input : Fist letter Should be capital and must contains minimum 3 characters :
Wrong Input : Fist letter Should be capital and must contains minimum 3 characters :
Wrong Input : Fist letter Should be capital and must contains minimum 3 characters :
Wrong Input : Fist letter Should be capital and must contains minimum 3 characters :
Wrong Input : Fist letter Should be capital and must contains minimum 3 characters :
Wrong Input : Fist letter Should be capital and must contains minimum 3 characters :
Wrong Input : Fist letter Should be capital and must contains minimum 3 characters :
Wrong Input : Fist letter Should be capital and must contains minimum 3 characters :
Wrong Input : Fist letter Should be capital and must contains minimum 3 characters :
Wrong Input : Fist letter Should be capital and must contains minimum 3 characters :
Wrong Input : Fist letter Should be capital and must contains minimum 3 characters :
Wrong Input : Fist letter Should be capital and must contains minimum 3 characters :
Wrong Input : Fist letter Should be capital and must contains minimum 3 characters :
Wrong Input : Fist letter Should be capital and must contains minimum 3 characters :
Wrong Input : Fist letter Should be capital and must contains minimum 3 characters :
Wrong Input : Fist letter Should be capital and must contains minimum 3 characters :
Wrong Input : Fist letter Should be capital and must contains minimum 3 characters :
Wrong Input : Fist letter Should be capital and must contains minimum 3 characters :
Wrong Input : Fist letter Should be capital and must contains minimum 3 characters :
Wrong Input : Fist letter Should be capital and must contains minimum 3 characters :
Wrong Input : Fist letter Should be capital and must contains minimum 3 characters :
Wrong Input : Fist letter Should be capital and must contains minimum 3 characters :
Wrong Input : Fist letter Should be capital and must contains minimum 3 characters :
Wrong Input : Fist letter Should be capital and must contains minimum 3 characters :
Wrong Input : Fist letter Should be capital and must contains minimum 3 characters :
Wrong Input : Fist letter Should be capital and must contains minimum 3 characters :
Wrong Input : Fist letter Should be capital and must contains minimum 3 characters :
Wrong Input : Fist letter Should be capital and must contains minimum 3 characters :
Wrong Input : Fist letter Should be capital and must contains minimum 3 characters :
Wrong Input : Fist letter Should be capital and must contains minimum 3 characters :
Wrong Input : Fist letter Should be capital and must contains minimum 3 characters :
Wrong Input : Fist letter Should be capital and must contains minimum 3 characters :
Wrong Input : Fist letter Should be capital and must contains minimum 3 characters :
Wrong Input : Fist letter Should be capital and must contains minimum 3 characters :
Wrong Input : Fist letter Should be capital and must contains minimum 3 characters :
Wrong Input : Fist letter Should be capital and must contains minimum 3 characters :
Wrong Input : Fist letter Should be capital and must contains minimum 3 characters :
Wrong Input : Fist letter Should be capital and must contains minimum 3 characters :
Wrong Input : Fist letter Should be capital and must contains minimum 3 characters :
Wrong Input : Fist letter Should be capital and must contains minimum 3 characters :
Wrong Input : Fist letter Should be capital and must contains minimum 3 characters :
Wrong Input : Fist letter Should be capital and must contains minimum 3 characters :
Wrong Input : Fist letter Should be capital and must contains minimum 3 characters :
Wrong Input : Fist letter Should be capital and must contains minimum 3 characters :
Wrong Input : Fist letter Should be capital and must contains minimum 3 characters :
Wrong Input : Fist letter Should be capital and must contains minimum 3 characters :
Wrong Input : Fist letter Should be capital and must contains minimum 3 characters :
Wrong Input : Fist letter Should be capital and must contains minimum 3 characters :
Wrong Input : Fist letter Should be capital and must contains minimum 3 characters :
Wrong Input : Fist letter Should be capital and must contains minimum 3 characters :
Wrong Input : Fist letter Should be capital and must contains minimum 3 characters :
Wrong Input : Fist letter Should be capital and must contains minimum 3 characters :
Wrong Input : Fist letter Should be capital and must contains minimum 3 characters :
Wrong Input : Fist letter Should be capital and must contains minimum 3 characters :
Wrong Input : Fist letter Should be capital and must contains minimum 3 characters :
Wrong Input : Fist letter Should be capital and must contains minimum 3 characters :
Wrong Input : Fist letter Should be capital and must contains minimum 3 characters :
Wrong Input : Fist letter Should be capital and must contains minimum 3 characters :
Wrong Input : Fist letter Should be capital and must contains minimum 3 characters :
Wrong Input : Fist letter Should be capital and must contains minimum 3 characters :
Wrong Input : Fist letter Should be capital and must contains minimum 3 characters :
Wrong Input : Fist letter Should be capital and must contains minimum 3 characters :
Wrong Input : Fist letter Should be capital and must contains minimum 3 characters :
Wrong Input : Fist letter Should be capital and must contains minimum 3 characters :
Wrong Input : Fist letter Should be capital and must contains minimum 3 characters :
Wrong Input : Fist letter Should be capital and must contains minimum 3 characters :
Wrong Input : Fist letter Should be capital and must contains minimum 3 characters :
Wrong Input : Fist letter Should be capital and must contains minimum 3 characters :
Wrong Input : Fist letter Should be capital and must contains minimum 3 characters :
Wrong Input : Fist letter Should be capital and must contains minimum 3 characters :
Wrong Input : Fist letter Should be capital and must contains minimum 3 characters :
Wrong Input : Fist letter Should be capital and must contains minimum 3 characters :
Wrong Input : Fist letter Should be capital and must contains minimum 3 characters :
Wrong Input : Fist letter Should be capital and must contains minimum 3 characters :
Wrong Input : Fist letter Should be capital and must contains minimum 3 characters :
Wrong Input : Fist letter Should be capital and must contains minimum 3 characters :
Wrong Input : Fist letter Should be capital and must contains minimum 3 characters :
Wrong Input : Fist letter Should be capital and must contains minimum 3 characters :
Wrong Input : Fist letter Should be capital and must contains minimum 3 characters :
Wrong Input : Fist letter Should be capital and must contains minimum 3 characters :
Wrong Input : Fist letter Should be capital and must contains minimum 3 characters :
Wrong Input : Fist letter Should be capital and must contains minimum 3 characters :
Wrong Input : Fist letter Should be capital and must contains minimum 3 characters :
Wrong Input : Fist letter Should be capital and must contains minimum 3 characters :
Wrong Input : Fist letter Should be capital and must contains minimum 3 characters :
Wrong Input : Fist letter Should be capital and must contains minimum 3 characters :
Wrong Input : Fist letter Should be capital and must contains minimum 3 characters :
Wrong Input : Fist letter Should be capital and must contains minimum 3 characters :
Wrong Input : Fist letter Should be capital and must contains minimum 3 characters :
Wrong Input : Fist letter Should be capital and must contains minimum 3 characters :
Wrong Input : Fist letter Should be capital and must contains minimum 3 characters :
Wrong Input : Fist letter Should be capital and must contains minimum 3 characters :
Wrong Input : Fist letter Should be capital and must contains minimum 3 characters :
Wrong Input : Fist letter Should be capital and must contains minimum 3 characters :
Wrong Input : Fist letter Should be capital and must contains minimum 3 characters :
Wrong Input : Fist letter Should be capital and must contains minimum 3 characters :
Wrong Input : Fist letter Should be capital and must contains minimum 3 characters :
Wrong Input : Fist letter Should be capital and must contains minimum 3 characters :
Wrong Input : Fist letter Should be capital and must contains minimum 3 characters :
Wrong Input : Fist letter Should be capital and must contains minimum 3 characters :
Wrong Input : Fist letter Should be capital and must contains minimum 3 characters :
Wrong Input : Fist letter Should be capital and must contains minimum 3 characters :
Wrong Input : Fist letter Should be capital and must contains minimum 3 characters :
Wrong Input : Fist letter Should be capital and must contains minimum 3 characters :
Wrong Input : Fist letter Should be capital and must contains minimum 3 characters :
Wrong Input : Fist letter Should be capital and must contains minimum 3 characters :
Wrong Input : Fist letter Should be capital and must contains minimum 3 characters :
Wrong Input : Fist letter Should be capital and must contains minimum 3 characters :
Wrong Input : Fist letter Should be capital and must contains minimum 3 characters :
Wrong Input : Fist letter Should be capital and must contains minimum 3 characters :
Wrong Input : Fist letter Should be capital and must contains minimum 3 characters :
Wrong Input : Fist letter Should be capital and must contains minimum 3 characters :
Wrong Input : Fist letter Should be capital and must contains minimum 3 characters :
Wrong Input : Fist letter Should be capital and must contains minimum 3 characters :
Wrong Input : Fist letter Should be capital and must contains minimum 3 characters :
Wrong Input : Fist letter Should be capital and must contains minimum 3 characters :
Wrong Input : Fist letter Should be capital and must contains minimum 3 characters :
Wrong Input : Fist letter Should be capital and must contains minimum 3 characters :
Wrong Input : Fist letter Should be capital and must contains minimum 3 characters :
Wrong Input : Fist letter Should be capital and must contains minimum 3 characters :
Wrong Input : Fist letter Should be capital and must contains minimum 3 characters :
Wrong Input : Fist letter Should be capital and must contains minimum 3 characters :
Wrong Input : Fist letter Should be capital and must contains minimum 3 characters :
Wrong Input : Fist letter Should be capital and must contains minimum 3 characters :
Wrong Input : Fist letter Should be capital and must contains minimum 3 characters :
Wrong Input : Fist letter Should be capital and must contains minimum 3 characters :
Wrong Input : Fist letter Should be capital and must contains minimum 3 characters :
Wrong Input : Fist letter Should be capital and must contains minimum 3 characters :
Wrong Input : Fist letter Should be capital and must contains minimum 3 characters :
Wrong Input : Fist letter Should be capital and must contains minimum 3 characters :
Wrong Input : Fist letter Should be capital and must contains minimum 3 characters :
Wrong Input : Fist letter Should be capital and must contains minimum 3 characters :
Wrong Input : Fist letter Should be capital and must contains minimum 3 characters :
Wrong Input : Fist letter Should be capital and must contains minimum 3 characters :
Wrong Input : Fist letter Should be capital and must contains minimum 3 characters :
Wrong Input : Fist letter Should be capital and must contains minimum 3 characters :
Wrong Input : Fist letter Should be capital and must contains minimum 3 characters :
Wrong Input : Fist letter Should be capital and must contains minimum 3 characters :
Wrong Input : Fist letter Should be capital and must contains minimum 3 characters :
Wrong Input : Fist letter Should be capital and must contains minimum 3 characters :
Wrong Input : Fist letter Should be capital and must contains minimum 3 characters :
Wrong Input : Fist letter Should be capital and must contains minimum 3 characters :
Wrong Input : Fist letter Should be capital and must contains minimum 3 characters :
Wrong Input : Fist letter Should be capital and must contains minimum 3 characters :
Wrong Input : Fist letter Should be capital and must contains minimum 3 characters :
Wrong Input : Fist letter Should be capital and must contains minimum 3 characters :
Wrong Input : Fist letter Should be capital and must contains minimum 3 characters :
Wrong Input : Fist letter Should be capital and must contains minimum 3 characters :
Wrong Input : Fist letter Should be capital and must contains minimum 3 characters :
Wrong Input : Fist letter Should be capital and must contains minimum 3 characters :
Wrong Input : Fist letter Should be capital and must contains minimum 3 characters :
Wrong Input : Fist letter Should be capital and must contains minimum 3 characters :
Wrong Input : Fist letter Should be capital and must contains minimum 3 characters :
Wrong Input : Fist letter Should be capital and must contains minimum 3 characters :
Wrong Input : Fist letter Should be capital and must contains minimum 3 characters :
Wrong Input : Fist letter Should be capital and must contains minimum 3 characters :
Wrong Input : Fist letter Should be capital and must contains minimum 3 characters :
Wrong Input : Fist letter Should be capital and must contains minimum 3 characters :
Wrong Input : Fist letter Should be capital and must contains minimum 3 characters :
Wrong Input : Fist letter Should be capital and must contains minimum 3 characters :
Wrong Input : Fist letter Should be capital and must contains minimum 3 characters :
Wrong Input : Fist letter Should be capital and must contains minimum 3 characters :
Wrong Input : Fist letter Should be capital and must contains minimum 3 characters :
Wrong Input : Fist letter Should be capital and must contains minimum 3 characters :
Wrong Input : Fist letter Should be capital and must contains minimum 3 characters :
Wrong Input : Fist letter Should be capital and must contains minimum 3 characters :
Wrong Input : Fist letter Should be capital and must contains minimum 3 characters :
Wrong Input : Fist letter Should be capital and must contains minimum 3 characters :
Wrong Input : Fist letter Should be capital and must contains minimum 3 characters :
Wrong Input : Fist letter Should be capital and must contains minimum 3 characters :
Wrong Input : Fist letter Should be capital and must contains minimum 3 characters :
Wrong Input : Fist letter Should be capital and must contains minimum 3 characters :
Wrong Input : Fist letter Should be capital and must contains minimum 3 characters :
Wrong Input : Fist letter Should be capital and must contains minimum 3 characters :
Wrong Input : Fist letter Should be capital and must contains minimum 3 characters :
Wrong Input : Fist letter Should be capital and must contains minimum 3 characters :
Wrong Input : Fist letter Should be capital and must contains minimum 3 characters :
Wrong Input : Fist letter Should be capital and must contains minimum 3 characters :
Wrong Input : Fist letter Should be capital and must contains minimum 3 characters :
Wrong Input : Fist letter Should be capital and must contains minimum 3 characters :
Wrong Input : Fist letter Should be capital and must contains minimum 3 characters :
Wrong Input : Fist letter Should be capital and must contains minimum 3 characters :
Wrong Input : Fist letter Should be capital and must contains minimum 3 characters :
Wrong Input : Fist letter Should be capital and must contains minimum 3 characters :
Wrong Input : Fist letter Should be capital and must contains minimum 3 characters :
Wrong Input : Fist letter Should be capital and must contains minimum 3 characters :
Wrong Input : Fist letter Should be capital and must contains minimum 3 characters :
Wrong Input : Fist letter Should be capital and must contains minimum 3 characters :
Wrong Input : Fist letter Should be capital and must contains minimum 3 characters :
Wrong Input : Fist letter Should be capital and must contains minimum 3 characters :
Wrong Input : Fist letter Should be capital and must contains minimum 3 characters :
Wrong Input : Fist letter Should be capital and must contains minimum 3 characters :
Wrong Input : Fist letter Should be capital and must contains minimum 3 characters :
Wrong Input : Fist letter Should be capital and must contains minimum 3 characters :
Wrong Input : Fist letter Should be capital and must contains minimum 3 characters :
Wrong Input : Fist letter Should be capital and must contains minimum 3 characters :
Wrong Input : Fist letter Should be capital and must contains minimum 3 characters :
Wrong Input : Fist letter Should be capital and must contains minimum 3 characters :
Wrong Input : Fist letter Should be capital and must contains minimum 3 characters :
Wrong Input : Fist letter Should be capital and must contains minimum 3 characters :
Wrong Input : Fist letter Should be capital and must contains minimum 3 characters :
Wrong Input : Fist letter Should be capital and must contains minimum 3 characters :
Wrong Input : Fist letter Should be capital and must contains minimum 3 characters :
Wrong Input : Fist letter Should be capital and must contains minimum 3 characters :
Wrong Input : Fist letter Should be capital and must contains minimum 3 characters :
Wrong Input : Fist letter Should be capital and must contains minimum 3 characters :
Wrong Input : Fist letter Should be capital and must contains minimum 3 characters :
Wrong Input : Fist letter Should be capital and must contains minimum 3 characters :
Wrong Input : Fist letter Should be capital and must contains minimum 3 characters :
Wrong Input : Fist letter Should be capital and must contains minimum 3 characters :
Wrong Input : Fist letter Should be capital and must contains minimum 3 characters :
Wrong Input : Fist letter Should be capital and must contains minimum 3 characters :
Wrong Input : Fist letter Should be capital and must contains minimum 3 characters :
Wrong Input : Fist letter Should be capital and must contains minimum 3 characters :
Wrong Input : Fist letter Should be capital and must contains minimum 3 characters :
Wrong Input : Fist letter Should be capital and must contains minimum 3 characters :
Wrong Input : Fist letter Should be capital and must contains minimum 3 characters :
Wrong Input : Fist letter Should be capital and must contains minimum 3 characters :
Wrong Input : Fist letter Should be capital and must contains minimum 3 characters :
Wrong Input : Fist letter Should be capital and must contains minimum 3 characters :
Wrong Input : Fist letter Should be capital and must contains minimum 3 characters :
Wrong Input : Fist letter Should be capital and must contains minimum 3 characters :
Wrong Input : Fist letter Should be capital and must contains minimum 3 characters :
Wrong Input : Fist letter Should be capital and must contains minimum 3 characters :
Wrong Input : Fist letter Should be capital and must contains minimum 3 characters :
Wrong Input : Fist letter Should be capital and must contains minimum 3 characters :
Wrong Input : Fist letter Should be capital and must contains minimum 3 characters :
Wrong Input : Fist letter Should be capital and must contains minimum 3 characters :
Wrong Input : Fist letter Should be capital and must contains minimum 3 characters :
Wrong Input : Fist letter Should be capital and must contains minimum 3 characters :
Wrong Input : Fist letter Should be capital and must contains minimum 3 characters :
Wrong Input : Fist letter Should be capital and must contains minimum 3 characters :
Wrong Input : Fist letter Should be capital and must contains minimum 3 characters :
Wrong Input : Fist letter Should be capital and must contains minimum 3 characters :
Wrong Input : Fist letter Should be capital and must contains minimum 3 characters :
Wrong Input : Fist letter Should be capital and must contains minimum 3 characters :
Wrong Input : Fist letter Should be capital and must contains minimum 3 characters :
Wrong Input : Fist letter Should be capital and must contains minimum 3 characters :
Wrong Input : Fist letter Should be capital and must contains minimum 3 characters :
Wrong Input : Fist letter Should be capital and must contains minimum 3 characters :
Wrong Input : Fist letter Should be capital and must contains minimum 3 characters :
Wrong Input : Fist letter Should be capital and must contains minimum 3 characters :
Wrong Input : Fist letter Should be capital and must contains minimum 3 characters :
Wrong Input : Fist letter Should be capital and must contains minimum 3 characters :
Wrong Input : Fist letter Should be capital and must contains minimum 3 characters :
Wrong Input : Fist letter Should be capital and must contains minimum 3 characters :
Wrong Input : Fist letter Should be capital and must contains minimum 3 characters :
Wrong Input : Fist letter Should be capital and must contains minimum 3 characters :
Wrong Input : Fist letter Should be capital and must contains minimum 3 characters :
Wrong Input : Fist letter Should be capital and must contains minimum 3 characters :
Wrong Input : Fist letter Should be capital and must contains minimum 3 characters :
Wrong Input : Fist letter Should be capital and must contains minimum 3 characters :
Wrong Input : Fist letter Should be capital and must contains minimum 3 characters :
Wrong Input : Fist letter Should be capital and must contains minimum 3 characters :
Wrong Input : Fist letter Should be capital and must contains minimum 3 characters :
Wrong Input : Fist letter Should be capital and must contains minimum 3 characters :
Wrong Input : Fist letter Should be capital and must contains minimum 3 characters :
Wrong Input : Fist letter Should be capital and must contains minimum 3 characters :
Wrong Input : Fist letter Should be capital and must contains minimum 3 characters :
Wrong Input : Fist letter Should be capital and must contains minimum 3 characters :
Wrong Input : Fist letter Should be capital and must contains minimum 3 characters :
Wrong Input : Fist letter Should be capital and must contains minimum 3 characters :
Wrong Input : Fist letter Should be capital and must contains minimum 3 characters :
Wrong Input : Fist letter Should be capital and must contains minimum 3 characters :
Wrong Input : Fist letter Should be capital and must contains minimum 3 characters :
Wrong Input : Fist letter Should be capital and must contains minimum 3 characters :
Wrong Input : Fist letter Should be capital and must contains minimum 3 characters :
Wrong Input : Fist letter Should be capital and must contains minimum 3 characters :
Wrong Input : Fist letter Should be capital and must contains minimum 3 characters :
Wrong Input : Fist letter Should be capital and must contains minimum 3 characters :
Wrong Input : Fist letter Should be capital and must contains minimum 3 characters :
Wrong Input : Fist letter Should be capital and must contains minimum 3 characters :
Wrong Input : Fist letter Should be capital and must contains minimum 3 characters :
Wrong Input : Fist letter Should be capital and must contains minimum 3 characters :
Wrong Input : Fist letter Should be capital and must contains minimum 3 characters :
Wrong Input : Fist letter Should be capital and must contains minimum 3 characters :
Wrong Input : Fist letter Should be capital and must contains minimum 3 characters :
Wrong Input : Fist letter Should be capital and must contains minimum 3 characters :
Wrong Input : Fist letter Should be capital and must contains minimum 3 characters :
Wrong Input : Fist letter Should be capital and must contains minimum 3 characters :
Wrong Input : Fist letter Should be capital and must contains minimum 3 characters :
Wrong Input : Fist letter Should be capital and must contains minimum 3 characters :
Wrong Input : Fist letter Should be capital and must contains minimum 3 characters :
Wrong Input : Fist letter Should be capital and must contains minimum 3 characters :
Wrong Input : Fist letter Should be capital and must contains minimum 3 characters :
Wrong Input : Fist letter Should be capital and must contains minimum 3 characters :
Wrong Input : Fist letter Should be capital and must contains minimum 3 characters :
Wrong Input : Fist letter Should be capital and must contains minimum 3 characters :
Wrong Input : Fist letter Should be capital and must contains minimum 3 characters :
Wrong Input : Fist letter Should be capital and must contains minimum 3 characters :
Wrong Input : Fist letter Should be capital and must contains minimum 3 characters :
Wrong Input : Fist letter Should be capital and must contains minimum 3 characters :
Wrong Input : Fist letter Should be capital and must contains minimum 3 characters :
Wrong Input : Fist letter Should be capital and must contains minimum 3 characters :
Wrong Input : Fist letter Should be capital and must contains minimum 3 characters :
Wrong Input : Fist letter Should be capital and must contains minimum 3 characters :
Wrong Input : Fist letter Should be capital and must contains minimum 3 characters :
Wrong Input : Fist letter Should be capital and must contains minimum 3 characters :
Wrong Input : Fist letter Should be capital and must contains minimum 3 characters :
Wrong Input : Fist letter Should be capital and must contains minimum 3 characters :
Wrong Input : Fist letter Should be capital and must contains minimum 3 characters :
Wrong Input : Fist letter Should be capital and must contains minimum 3 characters :
Wrong Input : Fist letter Should be capital and must contains minimum 3 characters :
Wrong Input : Fist letter Should be capital and must contains minimum 3 characters :
Wrong Input : Fist letter Should be capital and must contains minimum 3 characters :
Wrong Input : Fist letter Should be capital and must contains minimum 3 characters :
Wrong Input : Fist letter Should be capital and must contains minimum 3 characters :
Wrong Input : Fist letter Should be capital and must contains minimum 3 characters :
Wrong Input : Fist letter Should be capital and must contains minimum 3 characters :
Wrong Input : Fist letter Should be capital and must contains minimum 3 characters :
Wrong Input : Fist letter Should be capital and must contains minimum 3 characters :
Wrong Input : Fist letter Should be capital and must contains minimum 3 characters :
Wrong Input : Fist letter Should be capital and must contains minimum 3 characters :
Wrong Input : Fist letter Should be capital and must contains minimum 3 characters :
Wrong Input : Fist letter Should be capital and must contains minimum 3 characters :
Wrong Input : Fist letter Should be capital and must contains minimum 3 characters :
Wrong Input : Fist letter Should be capital and must contains minimum 3 characters :
Wrong Input : Fist letter Should be capital and must contains minimum 3 characters :
Wrong Input : Fist letter Should be capital and must contains minimum 3 characters :
Wrong Input : Fist letter Should be capital and must contains minimum 3 characters :
Wrong Input : Fist letter Should be capital and must contains minimum 3 characters :
Wrong Input : Fist letter Should be capital and must contains minimum 3 characters :
Wrong Input : Fist letter Should be capital and must contains minimum 3 characters :
Wrong Input : Fist letter Should be capital and must contains minimum 3 characters :
Wrong Input : Fist letter Should be capital and must contains minimum 3 characters :
Wrong Input : Fist letter Should be capital and must contains minimum 3 characters :
Wrong Input : Fist letter Should be capital and must contains minimum 3 characters :
Wrong Input : Fist letter Should be capital and must contains minimum 3 characters :
Wrong Input : Fist letter Should be capital and must contains minimum 3 characters :
Wrong Input : Fist letter Should be capital and must contains minimum 3 characters :
Wrong Input : Fist letter Should be capital and must contains minimum 3 characters :
Wrong Input : Fist letter Should be capital and must contains minimum 3 characters :
Wrong Input : Fist letter Should be capital and must contains minimum 3 characters :
Wrong Input : Fist letter Should be capital and must contains minimum 3 characters :
Wrong Input : Fist letter Should be capital and must contains minimum 3 characters :
Wrong Input : Fist letter Should be capital and must contains minimum 3 characters :
Wrong Input : Fist letter Should be capital and must contains minimum 3 characters :
Wrong Input : Fist letter Should be capital and must contains minimum 3 characters :
Wrong Input : Fist letter Should be capital and must contains minimum 3 characters :
Wrong Input : Fist letter Should be capital and must contains minimum 3 characters :
Wrong Input : Fist letter Should be capital and must contains minimum 3 characters :
Wrong Input : Fist letter Should be capital and must contains minimum 3 characters :
Wrong Input : Fist letter Should be capital and must contains minimum 3 characters :
Wrong Input : Fist letter Should be capital and must contains minimum 3 characters :
Wrong Input : Fist letter Should be capital and must contains minimum 3 characters :
Wrong Input : Fist letter Should be capital and must contains minimum 3 characters :
Wrong Input : Fist letter Should be capital and must contains minimum 3 characters :
Wrong Input : Fist letter Should be capital and must contains minimum 3 characters :
Wrong Input : Fist letter Should be capital and must contains minimum 3 characters :
Wrong Input : Fist letter Should be capital and must contains minimum 3 characters :
Wrong Input : Fist letter Should be capital and must contains minimum 3 characters :
Wrong Input : Fist letter Should be capital and must contains minimum 3 characters :
Wrong Input : Fist letter Should be capital and must contains minimum 3 characters :
Wrong Input : Fist letter Should be capital and must contains minimum 3 characters :
Wrong Input : Fist letter Should be capital and must contains minimum 3 characters :
Wrong Input : Fist letter Should be capital and must contains minimum 3 characters :
Wrong Input : Fist letter Should be capital and must contains minimum 3 characters :
Wrong Input : Fist letter Should be capital and must contains minimum 3 characters :
Wrong Input : Fist letter Should be capital and must contains minimum 3 characters :
Wrong Input : Fist letter Should be capital and must contains minimum 3 characters :
Wrong Input : Fist letter Should be capital and must contains minimum 3 characters :
Wrong Input : Fist letter Should be capital and must contains minimum 3 characters :
Wrong Input : Fist letter Should be capital and must contains minimum 3 characters :
Wrong Input : Fist letter Should be capital and must contains minimum 3 characters :
Wrong Input : Fist letter Should be capital and must contains minimum 3 characters :
Wrong Input : Fist letter Should be capital and must contains minimum 3 characters :
Wrong Input : Fist letter Should be capital and must contains minimum 3 characters :
Wrong Input : Fist letter Should be capital and must contains minimum 3 characters :
Wrong Input : Fist letter Should be capital and must contains minimum 3 characters :
Wrong Input : Fist letter Should be capital and must contains minimum 3 characters :
Wrong Input : Fist letter Should be capital and must contains minimum 3 characters :
Wrong Input : Fist letter Should be capital and must contains minimum 3 characters :
Wrong Input : Fist letter Should be capital and must contains minimum 3 characters :
Wrong Input : Fist letter Should be capital and must contains minimum 3 characters :
Wrong Input : Fist letter Should be capital and must contains minimum 3 characters :
Wrong Input : Fist letter Should be capital and must contains minimum 3 characters :
Wrong Input : Fist letter Should be capital and must contains minimum 3 characters :
Wrong Input : Fist letter Should be capital and must contains minimum 3 characters :
Wrong Input : Fist letter Should be capital and must contains minimum 3 characters :
Wrong Input : Fist letter Should be capital and must contains minimum 3 characters :
Wrong Input : Fist letter Should be capital and must contains minimum 3 characters :
Wrong Input : Fist letter Should be capital and must contains minimum 3 characters :
Wrong Input : Fist letter Should be capital and must contains minimum 3 characters :
Wrong Input : Fist letter Should be capital and must contains minimum 3 characters :
Wrong Input : Fist letter Should be capital and must contains minimum 3 characters :
Wrong Input : Fist letter Should be capital and must contains minimum 3 characters :
Wrong Input : Fist letter Should be capital and must contains minimum 3 characters :
Wrong Input : Fist letter Should be capital and must contains minimum 3 characters :
Wrong Input : Fist letter Should be capital and must contains minimum 3 characters :
Wrong Input : Fist letter Should be capital and must contains minimum 3 characters :
Wrong Input : Fist letter Should be capital and must contains minimum 3 characters :
Wrong Input : Fist letter Should be capital and must contains minimum 3 characters :
Wrong Input : Fist letter Should be capital and must contains minimum 3 characters :
Wrong Input : Fist letter Should be capital and must contains minimum 3 characters :
Wrong Input : Fist letter Should be capital and must contains minimum 3 characters :
Wrong Input : Fist letter Should be capital and must contains minimum 3 characters :
Wrong Input : Fist letter Should be capital and must contains minimum 3 characters :
Wrong Input : Fist letter Should be capital and must contains minimum 3 characters :
Wrong Input : Fist letter Should be capital and must contains minimum 3 characters :
Wrong Input : Fist letter Should be capital and must contains minimum 3 characters :
Wrong Input : Fist letter Should be capital and must contains minimum 3 characters :
Wrong Input : Fist letter Should be capital and must contains minimum 3 characters :
Wrong Input : Fist letter Should be capital and must contains minimum 3 characters :
Wrong Input : Fist letter Should be capital and must contains minimum 3 characters :
Wrong Input : Fist letter Should be capital and must contains minimum 3 characters :
Wrong Input : Fist letter Should be capital and must contains minimum 3 characters :
Wrong Input : Fist letter Should be capital and must contains minimum 3 characters :
Wrong Input : Fist letter Should be capital and must contains minimum 3 characters :
Wrong Input : Fist letter Should be capital and must contains minimum 3 characters :
Wrong Input : Fist letter Should be capital and must contains minimum 3 characters :
Wrong Input : Fist letter Should be capital and must contains minimum 3 characters :
Wrong Input : Fist letter Should be capital and must contains minimum 3 characters :
Wrong Input : Fist letter Should be capital and must contains minimum 3 characters :
Wrong Input : Fist letter Should be capital and must contains minimum 3 characters :
Wrong Input : Fist letter Should be capital and must contains minimum 3 characters :
Wrong Input : Fist letter Should be capital and must contains minimum 3 characters :
Wrong Input : Fist letter Should be capital and must contains minimum 3 characters :
Wrong Input : Fist letter Should be capital and must contains minimum 3 characters :
Wrong Input : Fist letter Should be capital and must contains minimum 3 characters :
Wrong Input : Fist letter Should be capital and must contains minimum 3 characters :
Wrong Input : Fist letter Should be capital and must contains minimum 3 characters :
Wrong Input : Fist letter Should be capital and must contains minimum 3 characters :
Wrong Input : Fist letter Should be capital and must contains minimum 3 characters :
Wrong Input : Fist letter Should be capital and must contains minimum 3 characters :
Wrong Input : Fist letter Should be capital and must contains minimum 3 characters :
Wrong Input : Fist letter Should be capital and must contains minimum 3 characters :
Wrong Input : Fist letter Should be capital and must contains minimum 3 characters :
Wrong Input : Fist letter Should be capital and must contains minimum 3 characters :
Wrong Input : Fist letter Should be capital and must contains minimum 3 characters :
Wrong Input : Fist letter Should be capital and must contains minimum 3 characters :
Wrong Input : Fist letter Should be capital and must contains minimum 3 characters :
Wrong Input : Fist letter Should be capital and must contains minimum 3 characters :
Wrong Input : Fist letter Should be capital and must contains minimum 3 characters :
Wrong Input : Fist letter Should be capital and must contains minimum 3 characters :
Wrong Input : Fist letter Should be capital and must contains minimum 3 characters :
Wrong Input : Fist letter Should be capital and must contains minimum 3 characters :
Wrong Input : Fist letter Should be capital and must contains minimum 3 characters :
Wrong Input : Fist letter Should be capital and must contains minimum 3 characters :
Wrong Input : Fist letter Should be capital and must contains minimum 3 characters :
Wrong Input : Fist letter Should be capital and must contains minimum 3 characters :
Wrong Input : Fist letter Should be capital and must contains minimum 3 characters :
Wrong Input : Fist letter Should be capital and must contains minimum 3 characters :
Wrong Input : Fist letter Should be capital and must contains minimum 3 characters :
Wrong Input : Fist letter Should be capital and must contains minimum 3 characters :
Wrong Input : Fist letter Should be capital and must contains minimum 3 characters :
Wrong Input : Fist letter Should be capital and must contains minimum 3 characters :
Wrong Input : Fist letter Should be capital and must contains minimum 3 characters :
Wrong Input : Fist letter Should be capital and must contains minimum 3 characters :
Wrong Input : Fist letter Should be capital and must contains minimum 3 characters :
Wrong Input : Fist letter Should be capital and must contains minimum 3 characters :
Wrong Input : Fist letter Should be capital and must contains minimum 3 characters :
Wrong Input : Fist letter Should be capital and must contains minimum 3 characters :
Wrong Input : Fist letter Should be capital and must contains minimum 3 characters :
Wrong Input : Fist letter Should be capital and must contains minimum 3 characters :
Wrong Input : Fist letter Should be capital and must contains minimum 3 characters :
Wrong Input : Fist letter Should be capital and must contains minimum 3 characters :
Wrong Input : Fist letter Should be capital and must contains minimum 3 characters :
Wrong Input : Fist letter Should be capital and must contains minimum 3 characters :
Wrong Input : Fist letter Should be capital and must contains minimum 3 characters :
Wrong Input : Fist letter Should be capital and must contains minimum 3 characters :
Wrong Input : Fist letter Should be capital and must contains minimum 3 characters :
Wrong Input : Fist letter Should be capital and must contains minimum 3 characters :
Wrong Input : Fist letter Should be capital and must contains minimum 3 characters :
Wrong Input : Fist letter Should be capital and must contains minimum 3 characters :
Wrong Input : Fist letter Should be capital and must contains minimum 3 characters :
Wrong Input : Fist letter Should be capital and must contains minimum 3 characters :
Wrong Input : Fist letter Should be capital and must contains minimum 3 characters :
Wrong Input : Fist letter Should be capital and must contains minimum 3 characters :
Wrong Input : Fist letter Should be capital and must contains minimum 3 characters :
Wrong Input : Fist letter Should be capital and must contains minimum 3 characters :
Wrong Input : Fist letter Should be capital and must contains minimum 3 characters :
Wrong Input : Fist letter Should be capital and must contains minimum 3 characters :
Wrong Input : Fist letter Should be capital and must contains minimum 3 characters :
Wrong Input : Fist letter Should be capital and must contains minimum 3 characters :
Wrong Input : Fist letter Should be capital and must contains minimum 3 characters :
Wrong Input : Fist letter Should be capital and must contains minimum 3 characters :
Wrong Input : Fist letter Should be capital and must contains minimum 3 characters :
Wrong Input : Fist letter Should be capital and must contains minimum 3 characters :
Wrong Input : Fist letter Should be capital and must contains minimum 3 characters :
Wrong Input : Fist letter Should be capital and must contains minimum 3 characters :
Wrong Input : Fist letter Should be capital and must contains minimum 3 characters :
Wrong Input : Fist letter Should be capital and must contains minimum 3 characters :
Wrong Input : Fist letter Should be capital and must contains minimum 3 characters :
Wrong Input : Fist letter Should be capital and must contains minimum 3 characters :
Wrong Input : Fist letter Should be capital and must contains minimum 3 characters :
Wrong Input : Fist letter Should be capital and must contains minimum 3 characters :
Wrong Input : Fist letter Should be capital and must contains minimum 3 characters :
Wrong Input : Fist letter Should be capital and must contains minimum 3 characters :
Wrong Input : Fist letter Should be capital and must contains minimum 3 characters :
Wrong Input : Fist letter Should be capital and must contains minimum 3 characters :
Wrong Input : Fist letter Should be capital and must contains minimum 3 characters :
Wrong Input : Fist letter Should be capital and must contains minimum 3 characters :
Wrong Input : Fist letter Should be capital and must contains minimum 3 characters :
Wrong Input : Fist letter Should be capital and must contains minimum 3 characters :
Wrong Input : Fist letter Should be capital and must contains minimum 3 characters :
Wrong Input : Fist letter Should be capital and must contains minimum 3 characters :
Wrong Input : Fist letter Should be capital and must contains minimum 3 characters :
Wrong Input : Fist letter Should be capital and must contains minimum 3 characters :
Wrong Input : Fist letter Should be capital and must contains minimum 3 characters :
Wrong Input : Fist letter Should be capital and must contains minimum 3 characters :
Wrong Input : Fist letter Should be capital and must contains minimum 3 characters :
Wrong Input : Fist letter Should be capital and must contains minimum 3 characters :
Wrong Input : Fist letter Should be capital and must contains minimum 3 characters :
Wrong Input : Fist letter Should be capital and must contains minimum 3 characters :
Wrong Input : Fist letter Should be capital and must contains minimum 3 characters :
Wrong Input : Fist letter Should be capital and must contains minimum 3 characters :
Wrong Input : Fist letter Should be capital and must contains minimum 3 characters :
Wrong Input : Fist letter Should be capital and must contains minimum 3 characters :
Wrong Input : Fist letter Should be capital and must contains minimum 3 characters :
Wrong Input : Fist letter Should be capital and must contains minimum 3 characters :
Wrong Input : Fist letter Should be capital and must contains minimum 3 characters :
Wrong Input : Fist letter Should be capital and must contains minimum 3 characters :
Wrong Input : Fist letter Should be capital and must contains minimum 3 characters :
Wrong Input : Fist letter Should be capital and must contains minimum 3 characters :
Wrong Input : Fist letter Should be capital and must contains minimum 3 characters :
Wrong Input : Fist letter Should be capital and must contains minimum 3 characters :
Wrong Input : Fist letter Should be capital and must contains minimum 3 characters :
Wrong Input : Fist letter Should be capital and must contains minimum 3 characters :
Wrong Input : Fist letter Should be capital and must contains minimum 3 characters :
Wrong Input : Fist letter Should be capital and must contains minimum 3 characters :
Wrong Input : Fist letter Should be capital and must contains minimum 3 characters :
Wrong Input : Fist letter Should be capital and must contains minimum 3 characters :
Wrong Input : Fist letter Should be capital and must contains minimum 3 characters :
Wrong Input : Fist letter Should be capital and must contains minimum 3 characters :
Wrong Input : Fist letter Should be capital and must contains minimum 3 characters :
Wrong Input : Fist letter Should be capital and must contains minimum 3 characters :
Wrong Input : Fist letter Should be capital and must contains minimum 3 characters :
Wrong Input : Fist letter Should be capital and must contains minimum 3 characters :
Wrong Input : Fist letter Should be capital and must contains minimum 3 characters :
Wrong Input : Fist letter Should be capital and must contains minimum 3 characters :
Wrong Input : Fist letter Should be capital and must contains minimum 3 characters :
Wrong Input : Fist letter Should be capital and must contains minimum 3 characters :
Wrong Input : Fist letter Should be capital and must contains minimum 3 characters :
Wrong Input : Fist letter Should be capital and must contains minimum 3 characters :
Wrong Input : Fist letter Should be capital and must contains minimum 3 characters :
Wrong Input : Fist letter Should be capital and must contains minimum 3 characters :
Wrong Input : Fist letter Should be capital and must contains minimum 3 characters :
Wrong Input : Fist letter Should be capital and must contains minimum 3 characters :
Wrong Input : Fist letter Should be capital and must contains minimum 3 characters :
Wrong Input : Fist letter Should be capital and must contains minimum 3 characters :
Wrong Input : Fist letter Should be capital and must contains minimum 3 characters :
Wrong Input : Fist letter Should be capital and must contains minimum 3 characters :
Wrong Input : Fist letter Should be capital and must contains minimum 3 characters :
Wrong Input : Fist letter Should be capital and must contains minimum 3 characters :
Wrong Input : Fist letter Should be capital and must contains minimum 3 characters :
Wrong Input : Fist letter Should be capital and must contains minimum 3 characters :
Wrong Input : Fist letter Should be capital and must contains minimum 3 characters :
Wrong Input : Fist letter Should be capital and must contains minimum 3 characters :
Wrong Input : Fist letter Should be capital and must contains minimum 3 characters :
Wrong Input : Fist letter Should be capital and must contains minimum 3 characters :
Wrong Input : Fist letter Should be capital and must contains minimum 3 characters :
Wrong Input : Fist letter Should be capital and must contains minimum 3 characters :
Wrong Input : Fist letter Should be capital and must contains minimum 3 characters :
Wrong Input : Fist letter Should be capital and must contains minimum 3 characters :
Wrong Input : Fist letter Should be capital and must contains minimum 3 characters :
Wrong Input : Fist letter Should be capital and must contains minimum 3 characters :
Wrong Input : Fist letter Should be capital and must contains minimum 3 characters :
Wrong Input : Fist letter Should be capital and must contains minimum 3 characters :
Wrong Input : Fist letter Should be capital and must contains minimum 3 characters :
Wrong Input : Fist letter Should be capital and must contains minimum 3 characters :
Wrong Input : Fist letter Should be capital and must contains minimum 3 characters :
Wrong Input : Fist letter Should be capital and must contains minimum 3 characters :
Wrong Input : Fist letter Should be capital and must contains minimum 3 characters :
Wrong Input : Fist letter Should be capital and must contains minimum 3 characters :
Wrong Input : Fist letter Should be capital and must contains minimum 3 characters :
Wrong Input : Fist letter Should be capital and must contains minimum 3 characters :
Wrong Input : Fist letter Should be capital and must contains minimum 3 characters :
Wrong Input : Fist letter Should be capital and must contains minimum 3 characters :
Wrong Input : Fist letter Should be capital and must contains minimum 3 characters :
Wrong Input : Fist letter Should be capital and must contains minimum 3 characters :
Wrong Input : Fist letter Should be capital and must contains minimum 3 characters :
Wrong Input : Fist letter Should be capital and must contains minimum 3 characters :
Wrong Input : Fist letter Should be capital and must contains minimum 3 characters :
Wrong Input : Fist letter Should be capital and must contains minimum 3 characters :
Wrong Input : Fist letter Should be capital and must contains minimum 3 characters :
Wrong Input : Fist letter Should be capital and must contains minimum 3 characters :
Wrong Input : Fist letter Should be capital and must contains minimum 3 characters :
Wrong Input : Fist letter Should be capital and must contains minimum 3 characters :
Wrong Input : Fist letter Should be capital and must contains minimum 3 characters :
Wrong Input : Fist letter Should be capital and must contains minimum 3 characters :
Wrong Input : Fist letter Should be capital and must contains minimum 3 characters :
Wrong Input : Fist letter Should be capital and must contains minimum 3 characters :
Wrong Input : Fist letter Should be capital and must contains minimum 3 characters :
Wrong Input : Fist letter Should be capital and must contains minimum 3 characters :
Wrong Input : Fist letter Should be capital and must contains minimum 3 characters :
Wrong Input : Fist letter Should be capital and must contains minimum 3 characters :
Wrong Input : Fist letter Should be capital and must contains minimum 3 characters :
Wrong Input : Fist letter Should be capital and must contains minimum 3 characters :
Wrong Input : Fist letter Should be capital and must contains minimum 3 characters :
Wrong Input : Fist letter Should be capital and must contains minimum 3 characters :
Wrong Input : Fist letter Should be capital and must contains minimum 3 characters :
Wrong Input : Fist letter Should be capital and must contains minimum 3 characters :
Wrong Input : Fist letter Should be capital and must contains minimum 3 characters :
Wrong Input : Fist letter Should be capital and must contains minimum 3 characters :
Wrong Input : Fist letter Should be capital and must contains minimum 3 characters :
Wrong Input : Fist letter Should be capital and must contains minimum 3 characters :
Wrong Input : Fist letter Should be capital and must contains minimum 3 characters :
Wrong Input : Fist letter Should be capital and must contains minimum 3 characters :
Wrong Input : Fist letter Should be capital and must contains minimum 3 characters :
Wrong Input : Fist letter Should be capital and must contains minimum 3 characters :
Wrong Input : Fist letter Should be capital and must contains minimum 3 characters :
Wrong Input : Fist letter Should be capital and must contains minimum 3 characters :
Wrong Input : Fist letter Should be capital and must contains minimum 3 characters :
Wrong Input : Fist letter Should be capital and must contains minimum 3 characters :
Wrong Input : Fist letter Should be capital and must contains minimum 3 characters :
Wrong Input : Fist letter Should be capital and must contains minimum 3 characters :
Wrong Input : Fist letter Should be capital and must contains minimum 3 characters :
Wrong Input : Fist letter Should be capital and must contains minimum 3 characters :
Wrong Input : Fist letter Should be capital and must contains minimum 3 characters :
Wrong Input : Fist letter Should be capital and must contains minimum 3 characters :
Wrong Input : Fist letter Should be capital and must contains minimum 3 characters :
Wrong Input : Fist letter Should be capital and must contains minimum 3 characters :
Wrong Input : Fist letter Should be capital and must contains minimum 3 characters :
Wrong Input : Fist letter Should be capital and must contains minimum 3 characters :
Wrong Input : Fist letter Should be capital and must contains minimum 3 characters :
Wrong Input : Fist letter Should be capital and must contains minimum 3 characters :
Wrong Input : Fist letter Should be capital and must contains minimum 3 characters :
Wrong Input : Fist letter Should be capital and must contains minimum 3 characters :
Wrong Input : Fist letter Should be capital and must contains minimum 3 characters :
Wrong Input : Fist letter Should be capital and must contains minimum 3 characters :
Wrong Input : Fist letter Should be capital and must contains minimum 3 characters :
Wrong Input : Fist letter Should be capital and must contains minimum 3 characters :
Wrong Input : Fist letter Should be capital and must contains minimum 3 characters :
Wrong Input : Fist letter Should be capital and must contains minimum 3 characters :
Wrong Input : Fist letter Should be capital and must contains minimum 3 characters :
Wrong Input : Fist letter Should be capital and must contains minimum 3 characters :
Wrong Input : Fist letter Should be capital and must contains minimum 3 characters :
Wrong Input : Fist letter Should be capital and must contains minimum 3 characters :
Wrong Input : Fist letter Should be capital and must contains minimum 3 characters :
Wrong Input : Fist letter Should be capital and must contains minimum 3 characters :
Wrong Input : Fist letter Should be capital and must contains minimum 3 characters :
Wrong Input : Fist letter Should be capital and must contains minimum 3 characters :
Wrong Input : Fist letter Should be capital and must contains minimum 3 characters :
Wrong Input : Fist letter Should be capital and must contains minimum 3 characters :
Wrong Input : Fist letter Should be capital and must contains minimum 3 characters :
Wrong Input : Fist letter Should be capital and must contains minimum 3 characters :
Wrong Input : Fist letter Should be capital and must contains minimum 3 characters :
Wrong Input : Fist letter Should be capital and must contains minimum 3 characters :
Wrong Input : Fist letter Should be capital and must contains minimum 3 characters :
Wrong Input : Fist letter Should be capital and must contains minimum 3 characters :
Wrong Input : Fist letter Should be capital and must contains minimum 3 characters :
Wrong Input : Fist letter Should be capital and must contains minimum 3 characters :
Wrong Input : Fist letter Should be capital and must contains minimum 3 characters :
Wrong Input : Fist letter Should be capital and must contains minimum 3 characters :
Wrong Input : Fist letter Should be capital and must contains minimum 3 characters :
Wrong Input : Fist letter Should be capital and must contains minimum 3 characters :
Wrong Input : Fist letter Should be capital and must contains minimum 3 characters :
Wrong Input : Fist letter Should be capital and must contains minimum 3 characters :
Wrong Input : Fist letter Should be capital and must contains minimum 3 characters :
Wrong Input : Fist letter Should be capital and must contains minimum 3 characters :
Wrong Input : Fist letter Should be capital and must contains minimum 3 characters :
Wrong Input : Fist letter Should be capital and must contains minimum 3 characters :
Wrong Input : Fist letter Should be capital and must contains minimum 3 characters :
Wrong Input : Fist letter Should be capital and must contains minimum 3 characters :
Wrong Input : Fist letter Should be capital and must contains minimum 3 characters :
Wrong Input : Fist letter Should be capital and must contains minimum 3 characters :
Wrong Input : Fist letter Should be capital and must contains minimum 3 characters :
Wrong Input : Fist letter Should be capital and must contains minimum 3 characters :
Wrong Input : Fist letter Should be capital and must contains minimum 3 characters :
Wrong Input : Fist letter Should be capital and must contains minimum 3 characters :
Wrong Input : Fist letter Should be capital and must contains minimum 3 characters :
Wrong Input : Fist letter Should be capital and must contains minimum 3 characters :
Wrong Input : Fist letter Should be capital and must contains minimum 3 characters :
Wrong Input : Fist letter Should be capital and must contains minimum 3 characters :
Wrong Input : Fist letter Should be capital and must contains minimum 3 characters :
Wrong Input : Fist letter Should be capital and must contains minimum 3 characters :
Wrong Input : Fist letter Should be capital and must contains minimum 3 characters :
Wrong Input : Fist letter Should be capital and must contains minimum 3 characters :
Wrong Input : Fist letter Should be capital and must contains minimum 3 characters :
Wrong Input : Fist letter Should be capital and must contains minimum 3 characters :
Wrong Input : Fist letter Should be capital and must contains minimum 3 characters :
Wrong Input : Fist letter Should be capital and must contains minimum 3 characters :
Wrong Input : Fist letter Should be capital and must contains minimum 3 characters :
Wrong Input : Fist letter Should be capital and must contains minimum 3 characters :
Wrong Input : Fist letter Should be capital and must contains minimum 3 characters :
Wrong Input : Fist letter Should be capital and must contains minimum 3 characters :
Wrong Input : Fist letter Should be capital and must contains minimum 3 characters :
Wrong Input : Fist letter Should be capital and must contains minimum 3 characters :
Wrong Input : Fist letter Should be capital and must contains minimum 3 characters :
Wrong Input : Fist letter Should be capital and must contains minimum 3 characters :
Wrong Input : Fist letter Should be capital and must contains minimum 3 characters :
Wrong Input : Fist letter Should be capital and must contains minimum 3 characters :
Wrong Input : Fist letter Should be capital and must contains minimum 3 characters :
Wrong Input : Fist letter Should be capital and must contains minimum 3 characters :
Wrong Input : Fist letter Should be capital and must contains minimum 3 characters :
Wrong Input : Fist letter Should be capital and must contains minimum 3 characters :
Wrong Input : Fist letter Should be capital and must contains minimum 3 characters :
Wrong Input : Fist letter Should be capital and must contains minimum 3 characters :
Wrong Input : Fist letter Should be capital and must contains minimum 3 characters :
Wrong Input : Fist letter Should be capital and must contains minimum 3 characters :
Wrong Input : Fist letter Should be capital and must contains minimum 3 characters :
Wrong Input : Fist letter Should be capital and must contains minimum 3 characters :
Wrong Input : Fist letter Should be capital and must contains minimum 3 characters :
Wrong Input : Fist letter Should be capital and must contains minimum 3 characters :
Wrong Input : Fist letter Should be capital and must contains minimum 3 characters :
Wrong Input : Fist letter Should be capital and must contains minimum 3 characters :
Wrong Input : Fist letter Should be capital and must contains minimum 3 characters :
Wrong Input : Fist letter Should be capital and must contains minimum 3 characters :
Wrong Input : Fist letter Should be capital and must contains minimum 3 characters :
Wrong Input : Fist letter Should be capital and must contains minimum 3 characters :
Wrong Input : Fist letter Should be capital and must contains minimum 3 characters :
Wrong Input : Fist letter Should be capital and must contains minimum 3 characters :
Wrong Input : Fist letter Should be capital and must contains minimum 3 characters :
Wrong Input : Fist letter Should be capital and must contains minimum 3 characters :
Wrong Input : Fist letter Should be capital and must contains minimum 3 characters :
Wrong Input : Fist letter Should be capital and must contains minimum 3 characters :
Wrong Input : Fist letter Should be capital and must contains minimum 3 characters :
Wrong Input : Fist letter Should be capital and must contains minimum 3 characters :
Wrong Input : Fist letter Should be capital and must contains minimum 3 characters :
Wrong Input : Fist letter Should be capital and must contains minimum 3 characters :
Wrong Input : Fist letter Should be capital and must contains minimum 3 characters :
Wrong Input : Fist letter Should be capital and must contains minimum 3 characters :
Wrong Input : Fist letter Should be capital and must contains minimum 3 characters :
Wrong Input : Fist letter Should be capital and must contains minimum 3 characters :
Wrong Input : Fist letter Should be capital and must contains minimum 3 characters :
Wrong Input : Fist letter Should be capital and must contains minimum 3 characters :
Wrong Input : Fist letter Should be capital and must contains minimum 3 characters :
Wrong Input : Fist letter Should be capital and must contains minimum 3 characters :
Wrong Input : Fist letter Should be capital and must contains minimum 3 characters :
Wrong Input : Fist letter Should be capital and must contains minimum 3 characters :
Wrong Input : Fist letter Should be capital and must contains minimum 3 characters :
Wrong Input : Fist letter Should be capital and must contains minimum 3 characters :
Wrong Input : Fist letter Should be capital and must contains minimum 3 characters :
Wrong Input : Fist letter Should be capital and must contains minimum 3 characters :
Wrong Input : Fist letter Should be capital and must contains minimum 3 characters :
Wrong Input : Fist letter Should be capital and must contains minimum 3 characters :
Wrong Input : Fist letter Should be capital and must contains minimum 3 characters :
Wrong Input : Fist letter Should be capital and must contains minimum 3 characters :
Wrong Input : Fist letter Should be capital and must contains minimum 3 characters :
Wrong Input : Fist letter Should be capital and must contains minimum 3 characters :
Wrong Input : Fist letter Should be capital and must contains minimum 3 characters :
Wrong Input : Fist letter Should be capital and must contains minimum 3 characters :
Wrong Input : Fist letter Should be capital and must contains minimum 3 characters :
Wrong Input : Fist letter Should be capital and must contains minimum 3 characters :
Wrong Input : Fist letter Should be capital and must contains minimum 3 characters :
Wrong Input : Fist letter Should be capital and must contains minimum 3 characters :
Wrong Input : Fist letter Should be capital and must contains minimum 3 characters :
Wrong Input : Fist letter Should be capital and must contains minimum 3 characters :
Wrong Input : Fist letter Should be capital and must contains minimum 3 characters :
Wrong Input : Fist letter Should be capital and must contains minimum 3 characters :
Wrong Input : Fist letter Should be capital and must contains minimum 3 characters :
Wrong Input : Fist letter Should be capital and must contains minimum 3 characters :
Wrong Input : Fist letter Should be capital and must contains minimum 3 characters :
Wrong Input : Fist letter Should be capital and must contains minimum 3 characters :
Wrong Input : Fist letter Should be capital and must contains minimum 3 characters :
Wrong Input : Fist letter Should be capital and must contains minimum 3 characters :
Wrong Input : Fist letter Should be capital and must contains minimum 3 characters :
Wrong Input : Fist letter Should be capital and must contains minimum 3 characters :
Wrong Input : Fist letter Should be capital and must contains minimum 3 characters :
Wrong Input : Fist letter Should be capital and must contains minimum 3 characters :
Wrong Input : Fist letter Should be capital and must contains minimum 3 characters :
Wrong Input : Fist letter Should be capital and must contains minimum 3 characters :
Wrong Input : Fist letter Should be capital and must contains minimum 3 characters :
Wrong Input : Fist letter Should be capital and must contains minimum 3 characters :
Wrong Input : Fist letter Should be capital and must contains minimum 3 characters :
Wrong Input : Fist letter Should be capital and must contains minimum 3 characters :
Wrong Input : Fist letter Should be capital and must contains minimum 3 characters :
Wrong Input : Fist letter Should be capital and must contains minimum 3 characters :
Wrong Input : Fist letter Should be capital and must contains minimum 3 characters :
Wrong Input : Fist letter Should be capital and must contains minimum 3 characters :
Wrong Input : Fist letter Should be capital and must contains minimum 3 characters :
Wrong Input : Fist letter Should be capital and must contains minimum 3 characters :
Wrong Input : Fist letter Should be capital and must contains minimum 3 characters :
Wrong Input : Fist letter Should be capital and must contains minimum 3 characters :
Wrong Input : Fist letter Should be capital and must contains minimum 3 characters :
Wrong Input : Fist letter Should be capital and must contains minimum 3 characters :
Wrong Input : Fist letter Should be capital and must contains minimum 3 characters :
Wrong Input : Fist letter Should be capital and must contains minimum 3 characters :
Wrong Input : Fist letter Should be capital and must contains minimum 3 characters :
Wrong Input : Fist letter Should be capital and must contains minimum 3 characters :
Wrong Input : Fist letter Should be capital and must contains minimum 3 characters :
Wrong Input : Fist letter Should be capital and must contains minimum 3 characters :
Wrong Input : Fist letter Should be capital and must contains minimum 3 characters :
Wrong Input : Fist letter Should be capital and must contains minimum 3 characters :
Wrong Input : Fist letter Should be capital and must contains minimum 3 characters :
Wrong Input : Fist letter Should be capital and must contains minimum 3 characters :
Wrong Input : Fist letter Should be capital and must contains minimum 3 characters :
Wrong Input : Fist letter Should be capital and must contains minimum 3 characters :
Wrong Input : Fist letter Should be capital and must contains minimum 3 characters :
Wrong Input : Fist letter Should be capital and must contains minimum 3 characters :
Wrong Input : Fist letter Should be capital and must contains minimum 3 characters :
Wrong Input : Fist letter Should be capital and must contains minimum 3 characters :
Wrong Input : Fist letter Should be capital and must contains minimum 3 characters :
Wrong Input : Fist letter Should be capital and must contains minimum 3 characters :
Wrong Input : Fist letter Should be capital and must contains minimum 3 characters :
Wrong Input : Fist letter Should be capital and must contains minimum 3 characters :
Wrong Input : Fist letter Should be capital and must contains minimum 3 characters :
Wrong Input : Fist letter Should be capital and must contains minimum 3 characters :
Wrong Input : Fist letter Should be capital and must contains minimum 3 characters :
Wrong Input : Fist letter Should be capital and must contains minimum 3 characters :
Wrong Input : Fist letter Should be capital and must contains minimum 3 characters :
Wrong Input : Fist letter Should be capital and must contains minimum 3 characters :
Wrong Input : Fist letter Should be capital and must contains minimum 3 characters :
Wrong Input : Fist letter Should be capital and must contains minimum 3 characters :
Wrong Input : Fist letter Should be capital and must contains minimum 3 characters :
Wrong Input : Fist letter Should be capital and must contains minimum 3 characters :
Wrong Input : Fist letter Should be capital and must contains minimum 3 characters :
Wrong Input : Fist letter Should be capital and must contains minimum 3 characters :
Wrong Input : Fist letter Should be capital and must contains minimum 3 characters :
Wrong Input : Fist letter Should be capital and must contains minimum 3 characters :
Wrong Input : Fist letter Should be capital and must contains minimum 3 characters :
Wrong Input : Fist letter Should be capital and must contains minimum 3 characters :
Wrong Input : Fist letter Should be capital and must contains minimum 3 characters :
Wrong Input : Fist letter Should be capital and must contains minimum 3 characters :
Wrong Input : Fist letter Should be capital and must contains minimum 3 characters :
Wrong Input : Fist letter Should be capital and must contains minimum 3 characters :
Wrong Input : Fist letter Should be capital and must contains minimum 3 characters :
Wrong Input : Fist letter Should be capital and must contains minimum 3 characters :
Wrong Input : Fist letter Should be capital and must contains minimum 3 characters :
Wrong Input : Fist letter Should be capital and must contains minimum 3 characters :
Wrong Input : Fist letter Should be capital and must contains minimum 3 characters :
Wrong Input : Fist letter Should be capital and must contains minimum 3 characters :
Wrong Input : Fist letter Should be capital and must contains minimum 3 characters :
Wrong Input : Fist letter Should be capital and must contains minimum 3 characters :
Wrong Input : Fist letter Should be capital and must contains minimum 3 characters :
Wrong Input : Fist letter Should be capital and must contains minimum 3 characters :
Wrong Input : Fist letter Should be capital and must contains minimum 3 characters :
Wrong Input : Fist letter Should be capital and must contains minimum 3 characters :
Wrong Input : Fist letter Should be capital and must contains minimum 3 characters :
Wrong Input : Fist letter Should be capital and must contains minimum 3 characters :
Wrong Input : Fist letter Should be capital and must contains minimum 3 characters :
Wrong Input : Fist letter Should be capital and must contains minimum 3 characters :
Wrong Input : Fist letter Should be capital and must contains minimum 3 characters :
Wrong Input : Fist letter Should be capital and must contains minimum 3 characters :
Wrong Input : Fist letter Should be capital and must contains minimum 3 characters :
Wrong Input : Fist letter Should be capital and must contains minimum 3 characters :
Wrong Input : Fist letter Should be capital and must contains minimum 3 characters :
Wrong Input : Fist letter Should be capital and must contains minimum 3 characters :
Wrong Input : Fist letter Should be capital and must contains minimum 3 characters :
Wrong Input : Fist letter Should be capital and must contains minimum 3 characters :
Wrong Input : Fist letter Should be capital and must contains minimum 3 characters :
Wrong Input : Fist letter Should be capital and must contains minimum 3 characters :
Wrong Input : Fist letter Should be capital and must contains minimum 3 characters :
Wrong Input : Fist letter Should be capital and must contains minimum 3 characters :
Wrong Input : Fist letter Should be capital and must contains minimum 3 characters :
Wrong Input : Fist letter Should be capital and must contains minimum 3 characters :
Wrong Input : Fist letter Should be capital and must contains minimum 3 characters :
Wrong Input : Fist letter Should be capital and must contains minimum 3 characters :
Wrong Input : Fist letter Should be capital and must contains minimum 3 characters :
Wrong Input : Fist letter Should be capital and must contains minimum 3 characters :
Wrong Input : Fist letter Should be capital and must contains minimum 3 characters :
Wrong Input : Fist letter Should be capital and must contains minimum 3 characters :
Wrong Input : Fist letter Should be capital and must contains minimum 3 characters :
Wrong Input : Fist letter Should be capital and must contains minimum 3 characters :
Wrong Input : Fist letter Should be capital and must contains minimum 3 characters :
Wrong Input : Fist letter Should be capital and must contains minimum 3 characters :
Wrong Input : Fist letter Should be capital and must contains minimum 3 characters :
Wrong Input : Fist letter Should be capital and must contains minimum 3 characters :
Wrong Input : Fist letter Should be capital and must contains minimum 3 characters :
Wrong Input : Fist letter Should be capital and must contains minimum 3 characters :
Wrong Input : Fist letter Should be capital and must contains minimum 3 characters :
Wrong Input : Fist letter Should be capital and must contains minimum 3 characters :
Wrong Input : Fist letter Should be capital and must contains minimum 3 characters :
Wrong Input : Fist letter Should be capital and must contains minimum 3 characters :
Wrong Input : Fist letter Should be capital and must contains minimum 3 characters :
Wrong Input : Fist letter Should be capital and must contains minimum 3 characters :
Wrong Input : Fist letter Should be capital and must contains minimum 3 characters :
Wrong Input : Fist letter Should be capital and must contains minimum 3 characters :
Wrong Input : Fist letter Should be capital and must contains minimum 3 characters :
Wrong Input : Fist letter Should be capital and must contains minimum 3 characters :
Wrong Input : Fist letter Should be capital and must contains minimum 3 characters :
Wrong Input : Fist letter Should be capital and must contains minimum 3 characters :
Wrong Input : Fist letter Should be capital and must contains minimum 3 characters :
Wrong Input : Fist letter Should be capital and must contains minimum 3 characters :
Wrong Input : Fist letter Should be capital and must contains minimum 3 characters :
Wrong Input : Fist letter Should be capital and must contains minimum 3 characters :
Wrong Input : Fist letter Should be capital and must contains minimum 3 characters :
Wrong Input : Fist letter Should be capital and must contains minimum 3 characters :
Wrong Input : Fist letter Should be capital and must contains minimum 3 characters :
Wrong Input : Fist letter Should be capital and must contains minimum 3 characters :
Wrong Input : Fist letter Should be capital and must contains minimum 3 characters :
Wrong Input : Fist letter Should be capital and must contains minimum 3 characters :
Wrong Input : Fist letter Should be capital and must contains minimum 3 characters :
Wrong Input : Fist letter Should be capital and must contains minimum 3 characters :
Wrong Input : Fist letter Should be capital and must contains minimum 3 characters :
Wrong Input : Fist letter Should be capital and must contains minimum 3 characters :
Wrong Input : Fist letter Should be capital and must contains minimum 3 characters :
Wrong Input : Fist letter Should be capital and must contains minimum 3 characters :
Wrong Input : Fist letter Should be capital and must contains minimum 3 characters :
Wrong Input : Fist letter Should be capital and must contains minimum 3 characters :
Wrong Input : Fist letter Should be capital and must contains minimum 3 characters :
Wrong Input : Fist letter Should be capital and must contains minimum 3 characters :
Wrong Input : Fist letter Should be capital and must contains minimum 3 characters :
Wrong Input : Fist letter Should be capital and must contains minimum 3 characters :
Wrong Input : Fist letter Should be capital and must contains minimum 3 characters :
Wrong Input : Fist letter Should be capital and must contains minimum 3 characters :
Wrong Input : Fist letter Should be capital and must contains minimum 3 characters :
Wrong Input : Fist letter Should be capital and must contains minimum 3 characters :
Wrong Input : Fist letter Should be capital and must contains minimum 3 characters :
Wrong Input : Fist letter Should be capital and must contains minimum 3 characters :
Wrong Input : Fist letter Should be capital and must contains minimum 3 characters :
Wrong Input : Fist letter Should be capital and must contains minimum 3 characters :
Wrong Input : Fist letter Should be capital and must contains minimum 3 characters :
Wrong Input : Fist letter Should be capital and must contains minimum 3 characters :
Wrong Input : Fist letter Should be capital and must contains minimum 3 characters :
Wrong Input : Fist letter Should be capital and must contains minimum 3 characters :
Wrong Input : Fist letter Should be capital and must contains minimum 3 characters :
Wrong Input : Fist letter Should be capital and must contains minimum 3 characters :
Wrong Input : Fist letter Should be capital and must contains minimum 3 characters :
Wrong Input : Fist letter Should be capital and must contains minimum 3 characters :
Wrong Input : Fist letter Should be capital and must contains minimum 3 characters :
Wrong Input : Fist letter Should be capital and must contains minimum 3 characters :
Wrong Input : Fist letter Should be capital and must contains minimum 3 characters :
Wrong Input : Fist letter Should be capital and must contains minimum 3 characters :
Wrong Input : Fist letter Should be capital and must contains minimum 3 characters :
Wrong Input : Fist letter Should be capital and must contains minimum 3 characters :
Wrong Input : Fist letter Should be capital and must contains minimum 3 characters :
Wrong Input : Fist letter Should be capital and must contains minimum 3 characters :
Wrong Input : Fist letter Should be capital and must contains minimum 3 characters :
Wrong Input : Fist letter Should be capital and must contains minimum 3 characters :
Wrong Input : Fist letter Should be capital and must contains minimum 3 characters :
Wrong Input : Fist letter Should be capital and must contains minimum 3 characters :
Wrong Input : Fist letter Should be capital and must contains minimum 3 characters :
Wrong Input : Fist letter Should be capital and must contains minimum 3 characters :
Wrong Input : Fist letter Should be capital and must contains minimum 3 characters :
Wrong Input : Fist letter Should be capital and must contains minimum 3 characters :
Wrong Input : Fist letter Should be capital and must contains minimum 3 characters :
Wrong Input : Fist letter Should be capital and must contains minimum 3 characters :
Wrong Input : Fist letter Should be capital and must contains minimum 3 characters :
Wrong Input : Fist letter Should be capital and must contains minimum 3 characters :
Wrong Input : Fist letter Should be capital and must contains minimum 3 characters :
Wrong Input : Fist letter Should be capital and must contains minimum 3 characters :
Wrong Input : Fist letter Should be capital and must contains minimum 3 characters :
Wrong Input : Fist letter Should be capital and must contains minimum 3 characters :
Wrong Input : Fist letter Should be capital and must contains minimum 3 characters :
Wrong Input : Fist letter Should be capital and must contains minimum 3 characters :
Wrong Input : Fist letter Should be capital and must contains minimum 3 characters :
Wrong Input : Fist letter Should be capital and must contains minimum 3 characters :
Wrong Input : Fist letter Should be capital and must contains minimum 3 characters :
Wrong Input : Fist letter Should be capital and must contains minimum 3 characters :
Wrong Input : Fist letter Should be capital and must contains minimum 3 characters :
Wrong Input : Fist letter Should be capital and must contains minimum 3 characters :
Wrong Input : Fist letter Should be capital and must contains minimum 3 characters :
Wrong Input : Fist letter Should be capital and must contains minimum 3 characters :
Wrong Input : Fist letter Should be capital and must contains minimum 3 characters :
Wrong Input : Fist letter Should be capital and must contains minimum 3 characters :
Wrong Input : Fist letter Should be capital and must contains minimum 3 characters :
Wrong Input : Fist letter Should be capital and must contains minimum 3 characters :
Wrong Input : Fist letter Should be capital and must contains minimum 3 characters :
Wrong Input : Fist letter Should be capital and must contains minimum 3 characters :
Wrong Input : Fist letter Should be capital and must contains minimum 3 characters :
Wrong Input : Fist letter Should be capital and must contains minimum 3 characters :
Wrong Input : Fist letter Should be capital and must contains minimum 3 characters :
Wrong Input : Fist letter Should be capital and must contains minimum 3 characters :
Wrong Input : Fist letter Should be capital and must contains minimum 3 characters :
Wrong Input : Fist letter Should be capital and must contains minimum 3 characters :
Wrong Input : Fist letter Should be capital and must contains minimum 3 characters :
Wrong Input : Fist letter Should be capital and must contains minimum 3 characters :
Wrong Input : Fist letter Should be capital and must contains minimum 3 characters :
Wrong Input : Fist letter Should be capital and must contains minimum 3 characters :
Wrong Input : Fist letter Should be capital and must contains minimum 3 characters :
Wrong Input : Fist letter Should be capital and must contains minimum 3 characters :
Wrong Input : Fist letter Should be capital and must contains minimum 3 characters :
Wrong Input : Fist letter Should be capital and must contains minimum 3 characters :
Wrong Input : Fist letter Should be capital and must contains minimum 3 characters :
Wrong Input : Fist letter Should be capital and must contains minimum 3 characters :
Wrong Input : Fist letter Should be capital and must contains minimum 3 characters :
Wrong Input : Fist letter Should be capital and must contains minimum 3 characters :
Wrong Input : Fist letter Should be capital and must contains minimum 3 characters :
Wrong Input : Fist letter Should be capital and must contains minimum 3 characters :
Wrong Input : Fist letter Should be capital and must contains minimum 3 characters :
Wrong Input : Fist letter Should be capital and must contains minimum 3 characters :
Wrong Input : Fist letter Should be capital and must contains minimum 3 characters :
Wrong Input : Fist letter Should be capital and must contains minimum 3 characters :
Wrong Input : Fist letter Should be capital and must contains minimum 3 characters :
Wrong Input : Fist letter Should be capital and must contains minimum 3 characters :
Wrong Input : Fist letter Should be capital and must contains minimum 3 characters :
Wrong Input : Fist letter Should be capital and must contains minimum 3 characters :
Wrong Input : Fist letter Should be capital and must contains minimum 3 characters :
Wrong Input : Fist letter Should be capital and must contains minimum 3 characters :
Wrong Input : Fist letter Should be capital and must contains minimum 3 characters :
Wrong Input : Fist letter Should be capital and must contains minimum 3 characters :
Wrong Input : Fist letter Should be capital and must contains minimum 3 characters :
Wrong Input : Fist letter Should be capital and must contains minimum 3 characters :
Wrong Input : Fist letter Should be capital and must contains minimum 3 characters :
Wrong Input : Fist letter Should be capital and must contains minimum 3 characters :
Wrong Input : Fist letter Should be capital and must contains minimum 3 characters :
Wrong Input : Fist letter Should be capital and must contains minimum 3 characters :
Wrong Input : Fist letter Should be capital and must contains minimum 3 characters :
Wrong Input : Fist letter Should be capital and must contains minimum 3 characters :
Wrong Input : Fist letter Should be capital and must contains minimum 3 characters :
Wrong Input : Fist letter Should be capital and must contains minimum 3 characters :
Wrong Input : Fist letter Should be capital and must contains minimum 3 characters :
Wrong Input : Fist letter Should be capital and must contains minimum 3 characters :
Wrong Input : Fist letter Should be capital and must contains minimum 3 characters :
Wrong Input : Fist letter Should be capital and must contains minimum 3 characters :
Wrong Input : Fist letter Should be capital and must contains minimum 3 characters :
Wrong Input : Fist letter Should be capital and must contains minimum 3 characters :
Wrong Input : Fist letter Should be capital and must contains minimum 3 characters :
Wrong Input : Fist letter Should be capital and must contains minimum 3 characters :
Wrong Input : Fist letter Should be capital and must contains minimum 3 characters :
Wrong Input : Fist letter Should be capital and must contains minimum 3 characters :
Wrong Input : Fist letter Should be capital and must contains minimum 3 characters :
Wrong Input : Fist letter Should be capital and must contains minimum 3 characters :
Wrong Input : Fist letter Should be capital and must contains minimum 3 characters :
Wrong Input : Fist letter Should be capital and must contains minimum 3 characters :
Wrong Input : Fist letter Should be capital and must contains minimum 3 characters :
Wrong Input : Fist letter Should be capital and must contains minimum 3 characters :
Wrong Input : Fist letter Should be capital and must contains minimum 3 characters :
Wrong Input : Fist letter Should be capital and must contains minimum 3 characters :
Wrong Input : Fist letter Should be capital and must contains minimum 3 characters :
Wrong Input : Fist letter Should be capital and must contains minimum 3 characters :
Wrong Input : Fist letter Should be capital and must contains minimum 3 characters :
Wrong Input : Fist letter Should be capital and must contains minimum 3 characters :
Wrong Input : Fist letter Should be capital and must contains minimum 3 characters :
Wrong Input : Fist letter Should be capital and must contains minimum 3 characters :
Wrong Input : Fist letter Should be capital and must contains minimum 3 characters :
Wrong Input : Fist letter Should be capital and must contains minimum 3 characters :
Wrong Input : Fist letter Should be capital and must contains minimum 3 characters :
Wrong Input : Fist letter Should be capital and must contains minimum 3 characters :
Wrong Input : Fist letter Should be capital and must contains minimum 3 characters :
Wrong Input : Fist letter Should be capital and must contains minimum 3 characters :
Wrong Input : Fist letter Should be capital and must contains minimum 3 characters :
Wrong Input : Fist letter Should be capital and must contains minimum 3 characters :
Wrong Input : Fist letter Should be capital and must contains minimum 3 characters :
Wrong Input : Fist letter Should be capital and must contains minimum 3 characters :
Wrong Input : Fist letter Should be capital and must contains minimum 3 characters :
Wrong Input : Fist letter Should be capital and must contains minimum 3 characters :
Wrong Input : Fist letter Should be capital and must contains minimum 3 characters :
Wrong Input : Fist letter Should be capital and must contains minimum 3 characters :
Wrong Input : Fist letter Should be capital and must contains minimum 3 characters :
Wrong Input : Fist letter Should be capital and must contains minimum 3 characters :
Wrong Input : Fist letter Should be capital and must contains minimum 3 characters :
Wrong Input : Fist letter Should be capital and must contains minimum 3 characters :
Wrong Input : Fist letter Should be capital and must contains minimum 3 characters :
Wrong Input : Fist letter Should be capital and must contains minimum 3 characters :
Wrong Input : Fist letter Should be capital and must contains minimum 3 characters :
Wrong Input : Fist letter Should be capital and must contains minimum 3 characters :
Wrong Input : Fist letter Should be capital and must contains minimum 3 characters :
Wrong Input : Fist letter Should be capital and must contains minimum 3 characters :
Wrong Input : Fist letter Should be capital and must contains minimum 3 characters :
Wrong Input : Fist letter Should be capital and must contains minimum 3 characters :
Wrong Input : Fist letter Should be capital and must contains minimum 3 characters :
Wrong Input : Fist letter Should be capital and must contains minimum 3 characters :
Wrong Input : Fist letter Should be capital and must contains minimum 3 characters :
Wrong Input : Fist letter Should be capital and must contains minimum 3 characters :
Wrong Input : Fist letter Should be capital and must contains minimum 3 characters :
Wrong Input : Fist letter Should be capital and must contains minimum 3 characters :
Wrong Input : Fist letter Should be capital and must contains minimum 3 characters :
Wrong Input : Fist letter Should be capital and must contains minimum 3 characters :
Wrong Input : Fist letter Should be capital and must contains minimum 3 characters :
Wrong Input : Fist letter Should be capital and must contains minimum 3 characters :
Wrong Input : Fist letter Should be capital and must contains minimum 3 characters :
Wrong Input : Fist letter Should be capital and must contains minimum 3 characters :
Wrong Input : Fist letter Should be capital and must contains minimum 3 characters :
Wrong Input : Fist letter Should be capital and must contains minimum 3 characters :
Wrong Input : Fist letter Should be capital and must contains minimum 3 characters :
Wrong Input : Fist letter Should be capital and must contains minimum 3 characters :
Wrong Input : Fist letter Should be capital and must contains minimum 3 characters :
Wrong Input : Fist letter Should be capital and must contains minimum 3 characters :
Wrong Input : Fist letter Should be capital and must contains minimum 3 characters :
Wrong Input : Fist letter Should be capital and must contains minimum 3 characters :
Wrong Input : Fist letter Should be capital and must contains minimum 3 characters :
Wrong Input : Fist letter Should be capital and must contains minimum 3 characters :
Wrong Input : Fist letter Should be capital and must contains minimum 3 characters :
Wrong Input : Fist letter Should be capital and must contains minimum 3 characters :
Wrong Input : Fist letter Should be capital and must contains minimum 3 characters :
Wrong Input : Fist letter Should be capital and must contains minimum 3 characters :
Wrong Input : Fist letter Should be capital and must contains minimum 3 characters :
Wrong Input : Fist letter Should be capital and must contains minimum 3 characters :
Wrong Input : Fist letter Should be capital and must contains minimum 3 characters :
Wrong Input : Fist letter Should be capital and must contains minimum 3 characters :
Wrong Input : Fist letter Should be capital and must contains minimum 3 characters :
Wrong Input : Fist letter Should be capital and must contains minimum 3 characters :
Wrong Input : Fist letter Should be capital and must contains minimum 3 characters :
Wrong Input : Fist letter Should be capital and must contains minimum 3 characters :
Wrong Input : Fist letter Should be capital and must contains minimum 3 characters :
Wrong Input : Fist letter Should be capital and must contains minimum 3 characters :
Wrong Input : Fist letter Should be capital and must contains minimum 3 characters :
Wrong Input : Fist letter Should be capital and must contains minimum 3 characters :
Wrong Input : Fist letter Should be capital and must contains minimum 3 characters :
Wrong Input : Fist letter Should be capital and must contains minimum 3 characters :
Wrong Input : Fist letter Should be capital and must contains minimum 3 characters :
Wrong Input : Fist letter Should be capital and must contains minimum 3 characters :
Wrong Input : Fist letter Should be capital and must contains minimum 3 characters :
Wrong Input : Fist letter Should be capital and must contains minimum 3 characters :
Wrong Input : Fist letter Should be capital and must contains minimum 3 characters :
Wrong Input : Fist letter Should be capital and must contains minimum 3 characters :
Wrong Input : Fist letter Should be capital and must contains minimum 3 characters :
Wrong Input : Fist letter Should be capital and must contains minimum 3 characters :
Wrong Input : Fist letter Should be capital and must contains minimum 3 characters :
Wrong Input : Fist letter Should be capital and must contains minimum 3 characters :
Wrong Input : Fist letter Should be capital and must contains minimum 3 characters :
Wrong Input : Fist letter Should be capital and must contains minimum 3 characters :
Wrong Input : Fist letter Should be capital and must contains minimum 3 characters :
Wrong Input : Fist letter Should be capital and must contains minimum 3 characters :
Wrong Input : Fist letter Should be capital and must contains minimum 3 characters :
Wrong Input : Fist letter Should be capital and must contains minimum 3 characters :
Wrong Input : Fist letter Should be capital and must contains minimum 3 characters :
Wrong Input : Fist letter Should be capital and must contains minimum 3 characters :
Wrong Input : Fist letter Should be capital and must contains minimum 3 characters :
Wrong Input : Fist letter Should be capital and must contains minimum 3 characters :
Wrong Input : Fist letter Should be capital and must contains minimum 3 characters :
Wrong Input : Fist letter Should be capital and must contains minimum 3 characters :
Wrong Input : Fist letter Should be capital and must contains minimum 3 characters :
Wrong Input : Fist letter Should be capital and must contains minimum 3 characters :
Wrong Input : Fist letter Should be capital and must contains minimum 3 characters :
Wrong Input : Fist letter Should be capital and must contains minimum 3 characters :
Wrong Input : Fist letter Should be capital and must contains minimum 3 characters :
Wrong Input : Fist letter Should be capital and must contains minimum 3 characters :
Wrong Input : Fist letter Should be capital and must contains minimum 3 characters :
Wrong Input : Fist letter Should be capital and must contains minimum 3 characters :
Wrong Input : Fist letter Should be capital and must contains minimum 3 characters :
Wrong Input : Fist letter Should be capital and must contains minimum 3 characters :
Wrong Input : Fist letter Should be capital and must contains minimum 3 characters :
Wrong Input : Fist letter Should be capital and must contains minimum 3 characters :
Wrong Input : Fist letter Should be capital and must contains minimum 3 characters :
Wrong Input : Fist letter Should be capital and must contains minimum 3 characters :
Wrong Input : Fist letter Should be capital and must contains minimum 3 characters :
Wrong Input : Fist letter Should be capital and must contains minimum 3 characters :
Wrong Input : Fist letter Should be capital and must contains minimum 3 characters :
Wrong Input : Fist letter Should be capital and must contains minimum 3 characters :
Wrong Input : Fist letter Should be capital and must contains minimum 3 characters :
Wrong Input : Fist letter Should be capital and must contains minimum 3 characters :
Wrong Input : Fist letter Should be capital and must contains minimum 3 characters :
Wrong Input : Fist letter Should be capital and must contains minimum 3 characters :
Wrong Input : Fist letter Should be capital and must contains minimum 3 characters :
Wrong Input : Fist letter Should be capital and must contains minimum 3 characters :
Wrong Input : Fist letter Should be capital and must contains minimum 3 characters :
Wrong Input : Fist letter Should be capital and must contains minimum 3 characters :
Wrong Input : Fist letter Should be capital and must contains minimum 3 characters :
Wrong Input : Fist letter Should be capital and must contains minimum 3 characters :
Wrong Input : Fist letter Should be capital and must contains minimum 3 characters :
Wrong Input : Fist letter Should be capital and must contains minimum 3 characters :
Wrong Input : Fist letter Should be capital and must contains minimum 3 characters :
Wrong Input : Fist letter Should be capital and must contains minimum 3 characters :
Wrong Input : Fist letter Should be capital and must contains minimum 3 characters :
Wrong Input : Fist letter Should be capital and must contains minimum 3 characters :
Wrong Input : Fist letter Should be capital and must contains minimum 3 characters :
Wrong Input : Fist letter Should be capital and must contains minimum 3 characters :
Wrong Input : Fist letter Should be capital and must contains minimum 3 characters :
Wrong Input : Fist letter Should be capital and must contains minimum 3 characters :
Wrong Input : Fist letter Should be capital and must contains minimum 3 characters :
Wrong Input : Fist letter Should be capital and must contains minimum 3 characters :
Wrong Input : Fist letter Should be capital and must contains minimum 3 characters :
Wrong Input : Fist letter Should be capital and must contains minimum 3 characters :
Wrong Input : Fist letter Should be capital and must contains minimum 3 characters :
Wrong Input : Fist letter Should be capital and must contains minimum 3 characters :
Wrong Input : Fist letter Should be capital and must contains minimum 3 characters :
Wrong Input : Fist letter Should be capital and must contains minimum 3 characters :
Wrong Input : Fist letter Should be capital and must contains minimum 3 characters :
Wrong Input : Fist letter Should be capital and must contains minimum 3 characters :
Wrong Input : Fist letter Should be capital and must contains minimum 3 characters :
Wrong Input : Fist letter Should be capital and must contains minimum 3 characters :
Wrong Input : Fist letter Should be capital and must contains minimum 3 characters :
Wrong Input : Fist letter Should be capital and must contains minimum 3 characters :
Wrong Input : Fist letter Should be capital and must contains minimum 3 characters :
Wrong Input : Fist letter Should be capital and must contains minimum 3 characters :
Wrong Input : Fist letter Should be capital and must contains minimum 3 characters :
Wrong Input : Fist letter Should be capital and must contains minimum 3 characters :
Wrong Input : Fist letter Should be capital and must contains minimum 3 characters :
Wrong Input : Fist letter Should be capital and must contains minimum 3 characters :
Wrong Input : Fist letter Should be capital and must contains minimum 3 characters :
Wrong Input : Fist letter Should be capital and must contains minimum 3 characters :
Wrong Input : Fist letter Should be capital and must contains minimum 3 characters :
Wrong Input : Fist letter Should be capital and must contains minimum 3 characters :
Wrong Input : Fist letter Should be capital and must contains minimum 3 characters :
Wrong Input : Fist letter Should be capital and must contains minimum 3 characters :
Wrong Input : Fist letter Should be capital and must contains minimum 3 characters :
Wrong Input : Fist letter Should be capital and must contains minimum 3 characters :
Wrong Input : Fist letter Should be capital and must contains minimum 3 characters :
Wrong Input : Fist letter Should be capital and must contains minimum 3 characters :
Wrong Input : Fist letter Should be capital and must contains minimum 3 characters :
Wrong Input : Fist letter Should be capital and must contains minimum 3 characters :
Wrong Input : Fist letter Should be capital and must contains minimum 3 characters :
Wrong Input : Fist letter Should be capital and must contains minimum 3 characters :
Wrong Input : Fist letter Should be capital and must contains minimum 3 characters :
Wrong Input : Fist letter Should be capital and must contains minimum 3 characters :
Wrong Input : Fist letter Should be capital and must contains minimum 3 characters :
Wrong Input : Fist letter Should be capital and must contains minimum 3 characters :
Wrong Input : Fist letter Should be capital and must contains minimum 3 characters :
Wrong Input : Fist letter Should be capital and must contains minimum 3 characters :
Wrong Input : Fist letter Should be capital and must contains minimum 3 characters :
Wrong Input : Fist letter Should be capital and must contains minimum 3 characters :
Wrong Input : Fist letter Should be capital and must contains minimum 3 characters :
Wrong Input : Fist letter Should be capital and must contains minimum 3 characters :
Wrong Input : Fist letter Should be capital and must contains minimum 3 characters :
Wrong Input : Fist letter Should be capital and must contains minimum 3 characters :
Wrong Input : Fist letter Should be capital and must contains minimum 3 characters :
Wrong Input : Fist letter Should be capital and must contains minimum 3 characters :
Wrong Input : Fist letter Should be capital and must contains minimum 3 characters :
Wrong Input : Fist letter Should be capital and must contains minimum 3 characters :
Wrong Input : Fist letter Should be capital and must contains minimum 3 characters :
Wrong Input : Fist letter Should be capital and must contains minimum 3 characters :
Wrong Input : Fist letter Should be capital and must contains minimum 3 characters :
Wrong Input : Fist letter Should be capital and must contains minimum 3 characters :
Wrong Input : Fist letter Should be capital and must contains minimum 3 characters :
Wrong Input : Fist letter Should be capital and must contains minimum 3 characters :
Wrong Input : Fist letter Should be capital and must contains minimum 3 characters :
Wrong Input : Fist letter Should be capital and must contains minimum 3 characters :
Wrong Input : Fist letter Should be capital and must contains minimum 3 characters :
Wrong Input : Fist letter Should be capital and must contains minimum 3 characters :
Wrong Input : Fist letter Should be capital and must contains minimum 3 characters :
Wrong Input : Fist letter Should be capital and must contains minimum 3 characters :
Wrong Input : Fist letter Should be capital and must contains minimum 3 characters :
Wrong Input : Fist letter Should be capital and must contains minimum 3 characters :
Wrong Input : Fist letter Should be capital and must contains minimum 3 characters :
Wrong Input : Fist letter Should be capital and must contains minimum 3 characters :
Wrong Input : Fist letter Should be capital and must contains minimum 3 characters :
Wrong Input : Fist letter Should be capital and must contains minimum 3 characters :
Wrong Input : Fist letter Should be capital and must contains minimum 3 characters :
Wrong Input : Fist letter Should be capital and must contains minimum 3 characters :
Wrong Input : Fist letter Should be capital and must contains minimum 3 characters :
Wrong Input : Fist letter Should be capital and must contains minimum 3 characters :
Wrong Input : Fist letter Should be capital and must contains minimum 3 characters :
Wrong Input : Fist letter Should be capital and must contains minimum 3 characters :
Wrong Input : Fist letter Should be capital and must contains minimum 3 characters :
Wrong Input : Fist letter Should be capital and must contains minimum 3 characters :
Wrong Input : Fist letter Should be capital and must contains minimum 3 characters :
Wrong Input : Fist letter Should be capital and must contains minimum 3 characters :
Wrong Input : Fist letter Should be capital and must contains minimum 3 characters :
Wrong Input : Fist letter Should be capital and must contains minimum 3 characters :
Wrong Input : Fist letter Should be capital and must contains minimum 3 characters :
Wrong Input : Fist letter Should be capital and must contains minimum 3 characters :
Wrong Input : Fist letter Should be capital and must contains minimum 3 characters :
Wrong Input : Fist letter Should be capital and must contains minimum 3 characters :
Wrong Input : Fist letter Should be capital and must contains minimum 3 characters :
Wrong Input : Fist letter Should be capital and must contains minimum 3 characters :
Wrong Input : Fist letter Should be capital and must contains minimum 3 characters :
Wrong Input : Fist letter Should be capital and must contains minimum 3 characters :
Wrong Input : Fist letter Should be capital and must contains minimum 3 characters :
Wrong Input : Fist letter Should be capital and must contains minimum 3 characters :
Wrong Input : Fist letter Should be capital and must contains minimum 3 characters :
Wrong Input : Fist letter Should be capital and must contains minimum 3 characters :
Wrong Input : Fist letter Should be capital and must contains minimum 3 characters :
Wrong Input : Fist letter Should be capital and must contains minimum 3 characters :
Wrong Input : Fist letter Should be capital and must contains minimum 3 characters :
Wrong Input : Fist letter Should be capital and must contains minimum 3 characters :
Wrong Input : Fist letter Should be capital and must contains minimum 3 characters :
Wrong Input : Fist letter Should be capital and must contains minimum 3 characters :
Wrong Input : Fist letter Should be capital and must contains minimum 3 characters :
Wrong Input : Fist letter Should be capital and must contains minimum 3 characters :
Wrong Input : Fist letter Should be capital and must contains minimum 3 characters :
Wrong Input : Fist letter Should be capital and must contains minimum 3 characters :
Wrong Input : Fist letter Should be capital and must contains minimum 3 characters :
Wrong Input : Fist letter Should be capital and must contains minimum 3 characters :
Wrong Input : Fist letter Should be capital and must contains minimum 3 characters :
Wrong Input : Fist letter Should be capital and must contains minimum 3 characters :
Wrong Input : Fist letter Should be capital and must contains minimum 3 characters :
Wrong Input : Fist letter Should be capital and must contains minimum 3 characters :
Wrong Input : Fist letter Should be capital and must contains minimum 3 characters :
Wrong Input : Fist letter Should be capital and must contains minimum 3 characters :
Wrong Input : Fist letter Should be capital and must contains minimum 3 characters :
Wrong Input : Fist letter Should be capital and must contains minimum 3 characters :
Wrong Input : Fist letter Should be capital and must contains minimum 3 characters :
Wrong Input : Fist letter Should be capital and must contains minimum 3 characters :
Wrong Input : Fist letter Should be capital and must contains minimum 3 characters :
Wrong Input : Fist letter Should be capital and must contains minimum 3 characters :
Wrong Input : Fist letter Should be capital and must contains minimum 3 characters :
Wrong Input : Fist letter Should be capital and must contains minimum 3 characters :
Wrong Input : Fist letter Should be capital and must contains minimum 3 characters :
Wrong Input : Fist letter Should be capital and must contains minimum 3 characters :
Wrong Input : Fist letter Should be capital and must contains minimum 3 characters :
Wrong Input : Fist letter Should be capital and must contains minimum 3 characters :
Wrong Input : Fist letter Should be capital and must contains minimum 3 characters :
Wrong Input : Fist letter Should be capital and must contains minimum 3 characters :
Wrong Input : Fist letter Should be capital and must contains minimum 3 characters :
Wrong Input : Fist letter Should be capital and must contains minimum 3 characters :
Wrong Input : Fist letter Should be capital and must contains minimum 3 characters :
Wrong Input : Fist letter Should be capital and must contains minimum 3 characters :
Wrong Input : Fist letter Should be capital and must contains minimum 3 characters :
Wrong Input : Fist letter Should be capital and must contains minimum 3 characters :
Wrong Input : Fist letter Should be capital and must contains minimum 3 characters :
Wrong Input : Fist letter Should be capital and must contains minimum 3 characters :
Wrong Input : Fist letter Should be capital and must contains minimum 3 characters :
Wrong Input : Fist letter Should be capital and must contains minimum 3 characters :
Wrong Input : Fist letter Should be capital and must contains minimum 3 characters :
Wrong Input : Fist letter Should be capital and must contains minimum 3 characters :
Wrong Input : Fist letter Should be capital and must contains minimum 3 characters :
Wrong Input : Fist letter Should be capital and must contains minimum 3 characters :
Wrong Input : Fist letter Should be capital and must contains minimum 3 characters :
Wrong Input : Fist letter Should be capital and must contains minimum 3 characters :
Wrong Input : Fist letter Should be capital and must contains minimum 3 characters :
Wrong Input : Fist letter Should be capital and must contains minimum 3 characters :
Wrong Input : Fist letter Should be capital and must contains minimum 3 characters :
Wrong Input : Fist letter Should be capital and must contains minimum 3 characters :
Wrong Input : Fist letter Should be capital and must contains minimum 3 characters :
Wrong Input : Fist letter Should be capital and must contains minimum 3 characters :
Wrong Input : Fist letter Should be capital and must contains minimum 3 characters :
Wrong Input : Fist letter Should be capital and must contains minimum 3 characters :
Wrong Input : Fist letter Should be capital and must contains minimum 3 characters :
Wrong Input : Fist letter Should be capital and must contains minimum 3 characters :
Wrong Input : Fist letter Should be capital and must contains minimum 3 characters :
Wrong Input : Fist letter Should be capital and must contains minimum 3 characters :
Wrong Input : Fist letter Should be capital and must contains minimum 3 characters :
Wrong Input : Fist letter Should be capital and must contains minimum 3 characters :
Wrong Input : Fist letter Should be capital and must contains minimum 3 characters :
Wrong Input : Fist letter Should be capital and must contains minimum 3 characters :
Wrong Input : Fist letter Should be capital and must contains minimum 3 characters :
Wrong Input : Fist letter Should be capital and must contains minimum 3 characters :
Wrong Input : Fist letter Should be capital and must contains minimum 3 characters :
Wrong Input : Fist letter Should be capital and must contains minimum 3 characters :
Wrong Input : Fist letter Should be capital and must contains minimum 3 characters :
Wrong Input : Fist letter Should be capital and must contains minimum 3 characters :
Wrong Input : Fist letter Should be capital and must contains minimum 3 characters :
Wrong Input : Fist letter Should be capital and must contains minimum 3 characters :
Wrong Input : Fist letter Should be capital and must contains minimum 3 characters :
Wrong Input : Fist letter Should be capital and must contains minimum 3 characters :
Wrong Input : Fist letter Should be capital and must contains minimum 3 characters :
Wrong Input : Fist letter Should be capital and must contains minimum 3 characters :
Wrong Input : Fist letter Should be capital and must contains minimum 3 characters :
Wrong Input : Fist letter Should be capital and must contains minimum 3 characters :
Wrong Input : Fist letter Should be capital and must contains minimum 3 characters :
Wrong Input : Fist letter Should be capital and must contains minimum 3 characters :
Wrong Input : Fist letter Should be capital and must contains minimum 3 characters :
Wrong Input : Fist letter Should be capital and must contains minimum 3 characters :
Wrong Input : Fist letter Should be capital and must contains minimum 3 characters :
Wrong Input : Fist letter Should be capital and must contains minimum 3 characters :
Wrong Input : Fist letter Should be capital and must contains minimum 3 characters :
Wrong Input : Fist letter Should be capital and must contains minimum 3 characters :
Wrong Input : Fist letter Should be capital and must contains minimum 3 characters :
Wrong Input : Fist letter Should be capital and must contains minimum 3 characters :
Wrong Input : Fist letter Should be capital and must contains minimum 3 characters :
Wrong Input : Fist letter Should be capital and must contains minimum 3 characters :
Wrong Input : Fist letter Should be capital and must contains minimum 3 characters :
Wrong Input : Fist letter Should be capital and must contains minimum 3 characters :
Wrong Input : Fist letter Should be capital and must contains minimum 3 characters :
Wrong Input : Fist letter Should be capital and must contains minimum 3 characters :
Wrong Input : Fist letter Should be capital and must contains minimum 3 characters :
Wrong Input : Fist letter Should be capital and must contains minimum 3 characters :
Wrong Input : Fist letter Should be capital and must contains minimum 3 characters :
Wrong Input : Fist letter Should be capital and must contains minimum 3 characters :
Wrong Input : Fist letter Should be capital and must contains minimum 3 characters :
Wrong Input : Fist letter Should be capital and must contains minimum 3 characters :
Wrong Input : Fist letter Should be capital and must contains minimum 3 characters :
Wrong Input : Fist letter Should be capital and must contains minimum 3 characters :
Wrong Input : Fist letter Should be capital and must contains minimum 3 characters :
Wrong Input : Fist letter Should be capital and must contains minimum 3 characters :
Wrong Input : Fist letter Should be capital and must contains minimum 3 characters :
Wrong Input : Fist letter Should be capital and must contains minimum 3 characters :
Wrong Input : Fist letter Should be capital and must contains minimum 3 characters :
Wrong Input : Fist letter Should be capital and must contains minimum 3 characters :
Wrong Input : Fist letter Should be capital and must contains minimum 3 characters :
Wrong Input : Fist letter Should be capital and must contains minimum 3 characters :
Wrong Input : Fist letter Should be capital and must contains minimum 3 characters :
Wrong Input : Fist letter Should be capital and must contains minimum 3 characters :
Wrong Input : Fist letter Should be capital and must contains minimum 3 characters :
Wrong Input : Fist letter Should be capital and must contains minimum 3 characters :
Wrong Input : Fist letter Should be capital and must contains minimum 3 characters :
Wrong Input : Fist letter Should be capital and must contains minimum 3 characters :
Wrong Input : Fist letter Should be capital and must contains minimum 3 characters :
Wrong Input : Fist letter Should be capital and must contains minimum 3 characters :
Wrong Input : Fist letter Should be capital and must contains minimum 3 characters :
Wrong Input : Fist letter Should be capital and must contains minimum 3 characters :
Wrong Input : Fist letter Should be capital and must contains minimum 3 characters :
Wrong Input : Fist letter Should be capital and must contains minimum 3 characters :
Wrong Input : Fist letter Should be capital and must contains minimum 3 characters :
Wrong Input : Fist letter Should be capital and must contains minimum 3 characters :
Wrong Input : Fist letter Should be capital and must contains minimum 3 characters :
Wrong Input : Fist letter Should be capital and must contains minimum 3 characters :
Wrong Input : Fist letter Should be capital and must contains minimum 3 characters :
Wrong Input : Fist letter Should be capital and must contains minimum 3 characters :
Wrong Input : Fist letter Should be capital and must contains minimum 3 characters :
Wrong Input : Fist letter Should be capital and must contains minimum 3 characters :
Wrong Input : Fist letter Should be capital and must contains minimum 3 characters :
Wrong Input : Fist letter Should be capital and must contains minimum 3 characters :
Wrong Input : Fist letter Should be capital and must contains minimum 3 characters :
Wrong Input : Fist letter Should be capital and must contains minimum 3 characters :
Wrong Input : Fist letter Should be capital and must contains minimum 3 characters :
Wrong Input : Fist letter Should be capital and must contains minimum 3 characters :
Wrong Input : Fist letter Should be capital and must contains minimum 3 characters :
Wrong Input : Fist letter Should be capital and must contains minimum 3 characters :
Wrong Input : Fist letter Should be capital and must contains minimum 3 characters :
Wrong Input : Fist letter Should be capital and must contains minimum 3 characters :
Wrong Input : Fist letter Should be capital and must contains minimum 3 characters :
Wrong Input : Fist letter Should be capital and must contains minimum 3 characters :
Wrong Input : Fist letter Should be capital and must contains minimum 3 characters :
Wrong Input : Fist letter Should be capital and must contains minimum 3 characters :
Wrong Input : Fist letter Should be capital and must contains minimum 3 characters :
Wrong Input : Fist letter Should be capital and must contains minimum 3 characters :
Wrong Input : Fist letter Should be capital and must contains minimum 3 characters :
Wrong Input : Fist letter Should be capital and must contains minimum 3 characters :
Wrong Input : Fist letter Should be capital and must contains minimum 3 characters :
Wrong Input : Fist letter Should be capital and must contains minimum 3 characters :
Wrong Input : Fist letter Should be capital and must contains minimum 3 characters :
Wrong Input : Fist letter Should be capital and must contains minimum 3 characters :
Wrong Input : Fist letter Should be capital and must contains minimum 3 characters :
Wrong Input : Fist letter Should be capital and must contains minimum 3 characters :
Wrong Input : Fist letter Should be capital and must contains minimum 3 characters :
Wrong Input : Fist letter Should be capital and must contains minimum 3 characters :
Wrong Input : Fist letter Should be capital and must contains minimum 3 characters :
Wrong Input : Fist letter Should be capital and must contains minimum 3 characters :
Wrong Input : Fist letter Should be capital and must contains minimum 3 characters :
Wrong Input : Fist letter Should be capital and must contains minimum 3 characters :
Wrong Input : Fist letter Should be capital and must contains minimum 3 characters :
Wrong Input : Fist letter Should be capital and must contains minimum 3 characters :
Wrong Input : Fist letter Should be capital and must contains minimum 3 characters :
Wrong Input : Fist letter Should be capital and must contains minimum 3 characters :
Wrong Input : Fist letter Should be capital and must contains minimum 3 characters :
Wrong Input : Fist letter Should be capital and must contains minimum 3 characters :
Wrong Input : Fist letter Should be capital and must contains minimum 3 characters :
Wrong Input : Fist letter Should be capital and must contains minimum 3 characters :
Wrong Input : Fist letter Should be capital and must contains minimum 3 characters :
Wrong Input : Fist letter Should be capital and must contains minimum 3 characters :
Wrong Input : Fist letter Should be capital and must contains minimum 3 characters :
Wrong Input : Fist letter Should be capital and must contains minimum 3 characters :
Wrong Input : Fist letter Should be capital and must contains minimum 3 characters :
Wrong Input : Fist letter Should be capital and must contains minimum 3 characters :
Wrong Input : Fist letter Should be capital and must contains minimum 3 characters :
Wrong Input : Fist letter Should be capital and must contains minimum 3 characters :
Wrong Input : Fist letter Should be capital and must contains minimum 3 characters :
Wrong Input : Fist letter Should be capital and must contains minimum 3 characters :
Wrong Input : Fist letter Should be capital and must contains minimum 3 characters :
Wrong Input : Fist letter Should be capital and must contains minimum 3 characters :
Wrong Input : Fist letter Should be capital and must contains minimum 3 characters :
Wrong Input : Fist letter Should be capital and must contains minimum 3 characters :
Wrong Input : Fist letter Should be capital and must contains minimum 3 characters :
Wrong Input : Fist letter Should be capital and must contains minimum 3 characters :
Wrong Input : Fist letter Should be capital and must contains minimum 3 characters :
Wrong Input : Fist letter Should be capital and must contains minimum 3 characters :
Wrong Input : Fist letter Should be capital and must contains minimum 3 characters :
Wrong Input : Fist letter Should be capital and must contains minimum 3 characters :
Wrong Input : Fist letter Should be capital and must contains minimum 3 characters :
Wrong Input : Fist letter Should be capital and must contains minimum 3 characters :
Wrong Input : Fist letter Should be capital and must contains minimum 3 characters :
Wrong Input : Fist letter Should be capital and must contains minimum 3 characters :
Wrong Input : Fist letter Should be capital and must contains minimum 3 characters :
Wrong Input : Fist letter Should be capital and must contains minimum 3 characters :
Wrong Input : Fist letter Should be capital and must contains minimum 3 characters :
Wrong Input : Fist letter Should be capital and must contains minimum 3 characters :
Wrong Input : Fist letter Should be capital and must contains minimum 3 characters :
Wrong Input : Fist letter Should be capital and must contains minimum 3 characters :
Wrong Input : Fist letter Should be capital and must contains minimum 3 characters :
Wrong Input : Fist letter Should be capital and must contains minimum 3 characters :
Wrong Input : Fist letter Should be capital and must contains minimum 3 characters :
Wrong Input : Fist letter Should be capital and must contains minimum 3 characters :
Wrong Input : Fist letter Should be capital and must contains minimum 3 characters :
Wrong Input : Fist letter Should be capital and must contains minimum 3 characters :
Wrong Input : Fist letter Should be capital and must contains minimum 3 characters :
Wrong Input : Fist letter Should be capital and must contains minimum 3 characters :
Wrong Input : Fist letter Should be capital and must contains minimum 3 characters :
Wrong Input : Fist letter Should be capital and must contains minimum 3 characters :
Wrong Input : Fist letter Should be capital and must contains minimum 3 characters :
Wrong Input : Fist letter Should be capital and must contains minimum 3 characters :
Wrong Input : Fist letter Should be capital and must contains minimum 3 characters :
Wrong Input : Fist letter Should be capital and must contains minimum 3 characters :
Wrong Input : Fist letter Should be capital and must contains minimum 3 characters :
Wrong Input : Fist letter Should be capital and must contains minimum 3 characters :
Wrong Input : Fist letter Should be capital and must contains minimum 3 characters :
Wrong Input : Fist letter Should be capital and must contains minimum 3 characters :
Wrong Input : Fist letter Should be capital and must contains minimum 3 characters :
Wrong Input : Fist letter Should be capital and must contains minimum 3 characters :
Wrong Input : Fist letter Should be capital and must contains minimum 3 characters :
Wrong Input : Fist letter Should be capital and must contains minimum 3 characters :
Wrong Input : Fist letter Should be capital and must contains minimum 3 characters :
Wrong Input : Fist letter Should be capital and must contains minimum 3 characters :
Wrong Input : Fist letter Should be capital and must contains minimum 3 characters :
Wrong Input : Fist letter Should be capital and must contains minimum 3 characters :
Wrong Input : Fist letter Should be capital and must contains minimum 3 characters :
Wrong Input : Fist letter Should be capital and must contains minimum 3 characters :
Wrong Input : Fist letter Should be capital and must contains minimum 3 characters :
Wrong Input : Fist letter Should be capital and must contains minimum 3 characters :
Wrong Input : Fist letter Should be capital and must contains minimum 3 characters :
Wrong Input : Fist letter Should be capital and must contains minimum 3 characters :
Wrong Input : Fist letter Should be capital and must contains minimum 3 characters :
Wrong Input : Fist letter Should be capital and must contains minimum 3 characters :
Wrong Input : Fist letter Should be capital and must contains minimum 3 characters :
Wrong Input : Fist letter Should be capital and must contains minimum 3 characters :
Wrong Input : Fist letter Should be capital and must contains minimum 3 characters :
Wrong Input : Fist letter Should be capital and must contains minimum 3 characters :
Wrong Input : Fist letter Should be capital and must contains minimum 3 characters :
Wrong Input : Fist letter Should be capital and must contains minimum 3 characters :
Wrong Input : Fist letter Should be capital and must contains minimum 3 characters :
Wrong Input : Fist letter Should be capital and must contains minimum 3 characters :
Wrong Input : Fist letter Should be capital and must contains minimum 3 characters :
Wrong Input : Fist letter Should be capital and must contains minimum 3 characters :
Wrong Input : Fist letter Should be capital and must contains minimum 3 characters :
Wrong Input : Fist letter Should be capital and must contains minimum 3 characters :
Wrong Input : Fist letter Should be capital and must contains minimum 3 characters :
Wrong Input : Fist letter Should be capital and must contains minimum 3 characters :
Wrong Input : Fist letter Should be capital and must contains minimum 3 characters :
Wrong Input : Fist letter Should be capital and must contains minimum 3 characters :
Wrong Input : Fist letter Should be capital and must contains minimum 3 characters :
Wrong Input : Fist letter Should be capital and must contains minimum 3 characters :
Wrong Input : Fist letter Should be capital and must contains minimum 3 characters :
Wrong Input : Fist letter Should be capital and must contains minimum 3 characters :
Wrong Input : Fist letter Should be capital and must contains minimum 3 characters :
Wrong Input : Fist letter Should be capital and must contains minimum 3 characters :
Wrong Input : Fist letter Should be capital and must contains minimum 3 characters :
Wrong Input : Fist letter Should be capital and must contains minimum 3 characters :
Wrong Input : Fist letter Should be capital and must contains minimum 3 characters :
Wrong Input : Fist letter Should be capital and must contains minimum 3 characters :
Wrong Input : Fist letter Should be capital and must contains minimum 3 characters :
Wrong Input : Fist letter Should be capital and must contains minimum 3 characters :
Wrong Input : Fist letter Should be capital and must contains minimum 3 characters :
Wrong Input : Fist letter Should be capital and must contains minimum 3 characters :
Wrong Input : Fist letter Should be capital and must contains minimum 3 characters :
Wrong Input : Fist letter Should be capital and must contains minimum 3 characters :
Wrong Input : Fist letter Should be capital and must contains minimum 3 characters :
Wrong Input : Fist letter Should be capital and must contains minimum 3 characters :
Wrong Input : Fist letter Should be capital and must contains minimum 3 characters :
Wrong Input : Fist letter Should be capital and must contains minimum 3 characters :
Wrong Input : Fist letter Should be capital and must contains minimum 3 characters :
Wrong Input : Fist letter Should be capital and must contains minimum 3 characters :
Wrong Input : Fist letter Should be capital and must contains minimum 3 characters :
Wrong Input : Fist letter Should be capital and must contains minimum 3 characters :
Wrong Input : Fist letter Should be capital and must contains minimum 3 characters :
Wrong Input : Fist letter Should be capital and must contains minimum 3 characters :
Wrong Input : Fist letter Should be capital and must contains minimum 3 characters :
Wrong Input : Fist letter Should be capital and must contains minimum 3 characters :
Wrong Input : Fist letter Should be capital and must contains minimum 3 characters :
Wrong Input : Fist letter Should be capital and must contains minimum 3 characters :
Wrong Input : Fist letter Should be capital and must contains minimum 3 characters :
Wrong Input : Fist letter Should be capital and must contains minimum 3 characters :
Wrong Input : Fist letter Should be capital and must contains minimum 3 characters :
Wrong Input : Fist letter Should be capital and must contains minimum 3 characters :
Wrong Input : Fist letter Should be capital and must contains minimum 3 characters :
Wrong Input : Fist letter Should be capital and must contains minimum 3 characters :
Wrong Input : Fist letter Should be capital and must contains minimum 3 characters :
Wrong Input : Fist letter Should be capital and must contains minimum 3 characters :
Wrong Input : Fist letter Should be capital and must contains minimum 3 characters :
Wrong Input : Fist letter Should be capital and must contains minimum 3 characters :
Wrong Input : Fist letter Should be capital and must contains minimum 3 characters :
Wrong Input : Fist letter Should be capital and must contains minimum 3 characters :
Wrong Input : Fist letter Should be capital and must contains minimum 3 characters :
Wrong Input : Fist letter Should be capital and must contains minimum 3 characters :
Wrong Input : Fist letter Should be capital and must contains minimum 3 characters :
Wrong Input : Fist letter Should be capital and must contains minimum 3 characters :
Wrong Input : Fist letter Should be capital and must contains minimum 3 characters :
Wrong Input : Fist letter Should be capital and must contains minimum 3 characters :
Wrong Input : Fist letter Should be capital and must contains minimum 3 characters :
Wrong Input : Fist letter Should be capital and must contains minimum 3 characters :
Wrong Input : Fist letter Should be capital and must contains minimum 3 characters :
Wrong Input : Fist letter Should be capital and must contains minimum 3 characters :
Wrong Input : Fist letter Should be capital and must contains minimum 3 characters :
Wrong Input : Fist letter Should be capital and must contains minimum 3 characters :
Wrong Input : Fist letter Should be capital and must contains minimum 3 characters :
Wrong Input : Fist letter Should be capital and must contains minimum 3 characters :
Wrong Input : Fist letter Should be capital and must contains minimum 3 characters :
Wrong Input : Fist letter Should be capital and must contains minimum 3 characters :
Wrong Input : Fist letter Should be capital and must contains minimum 3 characters :
Wrong Input : Fist letter Should be capital and must contains minimum 3 characters :
Wrong Input : Fist letter Should be capital and must contains minimum 3 characters :
Wrong Input : Fist letter Should be capital and must contains minimum 3 characters :
Wrong Input : Fist letter Should be capital and must contains minimum 3 characters :
Wrong Input : Fist letter Should be capital and must contains minimum 3 characters :
Wrong Input : Fist letter Should be capital and must contains minimum 3 characters :
Wrong Input : Fist letter Should be capital and must contains minimum 3 characters :
Wrong Input : Fist letter Should be capital and must contains minimum 3 characters :
Wrong Input : Fist letter Should be capital and must contains minimum 3 characters :
Wrong Input : Fist letter Should be capital and must contains minimum 3 characters :
Wrong Input : Fist letter Should be capital and must contains minimum 3 characters :
Wrong Input : Fist letter Should be capital and must contains minimum 3 characters :
Wrong Input : Fist letter Should be capital and must contains minimum 3 characters :
Wrong Input : Fist letter Should be capital and must contains minimum 3 characters :
Wrong Input : Fist letter Should be capital and must contains minimum 3 characters :
Wrong Input : Fist letter Should be capital and must contains minimum 3 characters :
Wrong Input : Fist letter Should be capital and must contains minimum 3 characters :
Wrong Input : Fist letter Should be capital and must contains minimum 3 characters :
Wrong Input : Fist letter Should be capital and must contains minimum 3 characters :
Wrong Input : Fist letter Should be capital and must contains minimum 3 characters :
Wrong Input : Fist letter Should be capital and must contains minimum 3 characters :
Wrong Input : Fist letter Should be capital and must contains minimum 3 characters :
Wrong Input : Fist letter Should be capital and must contains minimum 3 characters :
Wrong Input : Fist letter Should be capital and must contains minimum 3 characters :
Wrong Input : Fist letter Should be capital and must contains minimum 3 characters :
Wrong Input : Fist letter Should be capital and must contains minimum 3 characters :
Wrong Input : Fist letter Should be capital and must contains minimum 3 characters :
Wrong Input : Fist letter Should be capital and must contains minimum 3 characters :
Wrong Input : Fist letter Should be capital and must contains minimum 3 characters :
Wrong Input : Fist letter Should be capital and must contains minimum 3 characters :
Wrong Input : Fist letter Should be capital and must contains minimum 3 characters :
Wrong Input : Fist letter Should be capital and must contains minimum 3 characters :
Wrong Input : Fist letter Should be capital and must contains minimum 3 characters :
Wrong Input : Fist letter Should be capital and must contains minimum 3 characters :
Wrong Input : Fist letter Should be capital and must contains minimum 3 characters :
Wrong Input : Fist letter Should be capital and must contains minimum 3 characters :
Wrong Input : Fist letter Should be capital and must contains minimum 3 characters :
Wrong Input : Fist letter Should be capital and must contains minimum 3 characters :
Wrong Input : Fist letter Should be capital and must contains minimum 3 characters :
Wrong Input : Fist letter Should be capital and must contains minimum 3 characters :
Wrong Input : Fist letter Should be capital and must contains minimum 3 characters :
Wrong Input : Fist letter Should be capital and must contains minimum 3 characters :
Wrong Input : Fist letter Should be capital and must contains minimum 3 characters :
Wrong Input : Fist letter Should be capital and must contains minimum 3 characters :
Wrong Input : Fist letter Should be capital and must contains minimum 3 characters :
Wrong Input : Fist letter Should be capital and must contains minimum 3 characters :
Wrong Input : Fist letter Should be capital and must contains minimum 3 characters :
Wrong Input : Fist letter Should be capital and must contains minimum 3 characters :
Wrong Input : Fist letter Should be capital and must contains minimum 3 characters :
Wrong Input : Fist letter Should be capital and must contains minimum 3 characters :
Wrong Input : Fist letter Should be capital and must contains minimum 3 characters :
Wrong Input : Fist letter Should be capital and must contains minimum 3 characters :
Wrong Input : Fist letter Should be capital and must contains minimum 3 characters :
Wrong Input : Fist letter Should be capital and must contains minimum 3 characters :
Wrong Input : Fist letter Should be capital and must contains minimum 3 characters :
Wrong Input : Fist letter Should be capital and must contains minimum 3 characters :
Wrong Input : Fist letter Should be capital and must contains minimum 3 characters :
Wrong Input : Fist letter Should be capital and must contains minimum 3 characters :
Wrong Input : Fist letter Should be capital and must contains minimum 3 characters :
Wrong Input : Fist letter Should be capital and must contains minimum 3 characters :
Wrong Input : Fist letter Should be capital and must contains minimum 3 characters :
Wrong Input : Fist letter Should be capital and must contains minimum 3 characters :
Wrong Input : Fist letter Should be capital and must contains minimum 3 characters :
Wrong Input : Fist letter Should be capital and must contains minimum 3 characters :
Wrong Input : Fist letter Should be capital and must contains minimum 3 characters :
Wrong Input : Fist letter Should be capital and must contains minimum 3 characters :
Wrong Input : Fist letter Should be capital and must contains minimum 3 characters :
Wrong Input : Fist letter Should be capital and must contains minimum 3 characters :
Wrong Input : Fist letter Should be capital and must contains minimum 3 characters :
Wrong Input : Fist letter Should be capital and must contains minimum 3 characters :
Wrong Input : Fist letter Should be capital and must contains minimum 3 characters :
Wrong Input : Fist letter Should be capital and must contains minimum 3 characters :
Wrong Input : Fist letter Should be capital and must contains minimum 3 characters :
Wrong Input : Fist letter Should be capital and must contains minimum 3 characters :
Wrong Input : Fist letter Should be capital and must contains minimum 3 characters :
Wrong Input : Fist letter Should be capital and must contains minimum 3 characters :
Wrong Input : Fist letter Should be capital and must contains minimum 3 characters :
Wrong Input : Fist letter Should be capital and must contains minimum 3 characters :
Wrong Input : Fist letter Should be capital and must contains minimum 3 characters :
Wrong Input : Fist letter Should be capital and must contains minimum 3 characters :
Wrong Input : Fist letter Should be capital and must contains minimum 3 characters :
Wrong Input : Fist letter Should be capital and must contains minimum 3 characters :
Wrong Input : Fist letter Should be capital and must contains minimum 3 characters :
Wrong Input : Fist letter Should be capital and must contains minimum 3 characters :
Wrong Input : Fist letter Should be capital and must contains minimum 3 characters :
Wrong Input : Fist letter Should be capital and must contains minimum 3 characters :
Wrong Input : Fist letter Should be capital and must contains minimum 3 characters :
Wrong Input : Fist letter Should be capital and must contains minimum 3 characters :
Wrong Input : Fist letter Should be capital and must contains minimum 3 characters :
Wrong Input : Fist letter Should be capital and must contains minimum 3 characters :
Wrong Input : Fist letter Should be capital and must contains minimum 3 characters :
Wrong Input : Fist letter Should be capital and must contains minimum 3 characters :
Wrong Input : Fist letter Should be capital and must contains minimum 3 characters :
Wrong Input : Fist letter Should be capital and must contains minimum 3 characters :
Wrong Input : Fist letter Should be capital and must contains minimum 3 characters :
Wrong Input : Fist letter Should be capital and must contains minimum 3 characters :
Wrong Input : Fist letter Should be capital and must contains minimum 3 characters :
Wrong Input : Fist letter Should be capital and must contains minimum 3 characters :
Wrong Input : Fist letter Should be capital and must contains minimum 3 characters :
Wrong Input : Fist letter Should be capital and must contains minimum 3 characters :
Wrong Input : Fist letter Should be capital and must contains minimum 3 characters :
Wrong Input : Fist letter Should be capital and must contains minimum 3 characters :
Wrong Input : Fist letter Should be capital and must contains minimum 3 characters :
Wrong Input : Fist letter Should be capital and must contains minimum 3 characters :
Wrong Input : Fist letter Should be capital and must contains minimum 3 characters :
Wrong Input : Fist letter Should be capital and must contains minimum 3 characters :
Wrong Input : Fist letter Should be capital and must contains minimum 3 characters :
Wrong Input : Fist letter Should be capital and must contains minimum 3 characters :
Wrong Input : Fist letter Should be capital and must contains minimum 3 characters :
Wrong Input : Fist letter Should be capital and must contains minimum 3 characters :
Wrong Input : Fist letter Should be capital and must contains minimum 3 characters :
Wrong Input : Fist letter Should be capital and must contains minimum 3 characters :
Wrong Input : Fist letter Should be capital and must contains minimum 3 characters :
Wrong Input : Fist letter Should be capital and must contains minimum 3 characters :
Wrong Input : Fist letter Should be capital and must contains minimum 3 characters :
Wrong Input : Fist letter Should be capital and must contains minimum 3 characters :
Wrong Input : Fist letter Should be capital and must contains minimum 3 characters :
Wrong Input : Fist letter Should be capital and must contains minimum 3 characters :
Wrong Input : Fist letter Should be capital and must contains minimum 3 characters :
Wrong Input : Fist letter Should be capital and must contains minimum 3 characters :
Wrong Input : Fist letter Should be capital and must contains minimum 3 characters :
Wrong Input : Fist letter Should be capital and must contains minimum 3 characters :
Wrong Input : Fist letter Should be capital and must contains minimum 3 characters :
Wrong Input : Fist letter Should be capital and must contains minimum 3 characters :
Wrong Input : Fist letter Should be capital and must contains minimum 3 characters :
Wrong Input : Fist letter Should be capital and must contains minimum 3 characters :
Wrong Input : Fist letter Should be capital and must contains minimum 3 characters :
Wrong Input : Fist letter Should be capital and must contains minimum 3 characters :
Wrong Input : Fist letter Should be capital and must contains minimum 3 characters :
Wrong Input : Fist letter Should be capital and must contains minimum 3 characters :
Wrong Input : Fist letter Should be capital and must contains minimum 3 characters :
Wrong Input : Fist letter Should be capital and must contains minimum 3 characters :
Wrong Input : Fist letter Should be capital and must contains minimum 3 characters :
Wrong Input : Fist letter Should be capital and must contains minimum 3 characters :
Wrong Input : Fist letter Should be capital and must contains minimum 3 characters :
Wrong Input : Fist letter Should be capital and must contains minimum 3 characters :
Wrong Input : Fist letter Should be capital and must contains minimum 3 characters :
Wrong Input : Fist letter Should be capital and must contains minimum 3 characters :
Wrong Input : Fist letter Should be capital and must contains minimum 3 characters :
Wrong Input : Fist letter Should be capital and must contains minimum 3 characters :
Wrong Input : Fist letter Should be capital and must contains minimum 3 characters :
Wrong Input : Fist letter Should be capital and must contains minimum 3 characters :
Wrong Input : Fist letter Should be capital and must contains minimum 3 characters :
Wrong Input : Fist letter Should be capital and must contains minimum 3 characters :
Wrong Input : Fist letter Should be capital and must contains minimum 3 characters :
Wrong Input : Fist letter Should be capital and must contains minimum 3 characters :
Wrong Input : Fist letter Should be capital and must contains minimum 3 characters :
Wrong Input : Fist letter Should be capital and must contains minimum 3 characters :
Wrong Input : Fist letter Should be capital and must contains minimum 3 characters :
Wrong Input : Fist letter Should be capital and must contains minimum 3 characters :
Wrong Input : Fist letter Should be capital and must contains minimum 3 characters :
Wrong Input : Fist letter Should be capital and must contains minimum 3 characters :
Wrong Input : Fist letter Should be capital and must contains minimum 3 characters :
Wrong Input : Fist letter Should be capital and must contains minimum 3 characters :
Wrong Input : Fist letter Should be capital and must contains minimum 3 characters :
Wrong Input : Fist letter Should be capital and must contains minimum 3 characters :
Wrong Input : Fist letter Should be capital and must contains minimum 3 characters :
Wrong Input : Fist letter Should be capital and must contains minimum 3 characters :
Wrong Input : Fist letter Should be capital and must contains minimum 3 characters :
Wrong Input : Fist letter Should be capital and must contains minimum 3 characters :
Wrong Input : Fist letter Should be capital and must contains minimum 3 characters :
Wrong Input : Fist letter Should be capital and must contains minimum 3 characters :
Wrong Input : Fist letter Should be capital and must contains minimum 3 characters :
Wrong Input : Fist letter Should be capital and must contains minimum 3 characters :
Wrong Input : Fist letter Should be capital and must contains minimum 3 characters :
Wrong Input : Fist letter Should be capital and must contains minimum 3 characters :
Wrong Input : Fist letter Should be capital and must contains minimum 3 characters :
Wrong Input : Fist letter Should be capital and must contains minimum 3 characters :
Wrong Input : Fist letter Should be capital and must contains minimum 3 characters :
Wrong Input : Fist letter Should be capital and must contains minimum 3 characters :
Wrong Input : Fist letter Should be capital and must contains minimum 3 characters :
Wrong Input : Fist letter Should be capital and must contains minimum 3 characters :
Wrong Input : Fist letter Should be capital and must contains minimum 3 characters :
Wrong Input : Fist letter Should be capital and must contains minimum 3 characters :
Wrong Input : Fist letter Should be capital and must contains minimum 3 characters :
Wrong Input : Fist letter Should be capital and must contains minimum 3 characters :
Wrong Input : Fist letter Should be capital and must contains minimum 3 characters :
Wrong Input : Fist letter Should be capital and must contains minimum 3 characters :
Wrong Input : Fist letter Should be capital and must contains minimum 3 characters :
Wrong Input : Fist letter Should be capital and must contains minimum 3 characters :
Wrong Input : Fist letter Should be capital and must contains minimum 3 characters :
Wrong Input : Fist letter Should be capital and must contains minimum 3 characters :
Wrong Input : Fist letter Should be capital and must contains minimum 3 characters :
Wrong Input : Fist letter Should be capital and must contains minimum 3 characters :
Wrong Input : Fist letter Should be capital and must contains minimum 3 characters :
Wrong Input : Fist letter Should be capital and must contains minimum 3 characters :
Wrong Input : Fist letter Should be capital and must contains minimum 3 characters :
Wrong Input : Fist letter Should be capital and must contains minimum 3 characters :
Wrong Input : Fist letter Should be capital and must contains minimum 3 characters :
Wrong Input : Fist letter Should be capital and must contains minimum 3 characters :
Wrong Input : Fist letter Should be capital and must contains minimum 3 characters :
Wrong Input : Fist letter Should be capital and must contains minimum 3 characters :
Wrong Input : Fist letter Should be capital and must contains minimum 3 characters :
Wrong Input : Fist letter Should be capital and must contains minimum 3 characters :
Wrong Input : Fist letter Should be capital and must contains minimum 3 characters :
Wrong Input : Fist letter Should be capital and must contains minimum 3 characters :
Wrong Input : Fist letter Should be capital and must contains minimum 3 characters :
Wrong Input : Fist letter Should be capital and must contains minimum 3 characters :
Wrong Input : Fist letter Should be capital and must contains minimum 3 characters :
Wrong Input : Fist letter Should be capital and must contains minimum 3 characters :
Wrong Input : Fist letter Should be capital and must contains minimum 3 characters :
Wrong Input : Fist letter Should be capital and must contains minimum 3 characters :
Wrong Input : Fist letter Should be capital and must contains minimum 3 characters :
Wrong Input : Fist letter Should be capital and must contains minimum 3 characters :
Wrong Input : Fist letter Should be capital and must contains minimum 3 characters :
Wrong Input : Fist letter Should be capital and must contains minimum 3 characters :
Wrong Input : Fist letter Should be capital and must contains minimum 3 characters :
Wrong Input : Fist letter Should be capital and must contains minimum 3 characters :
Wrong Input : Fist letter Should be capital and must contains minimum 3 characters :
Wrong Input : Fist letter Should be capital and must contains minimum 3 characters :
Wrong Input : Fist letter Should be capital and must contains minimum 3 characters :
Wrong Input : Fist letter Should be capital and must contains minimum 3 characters :
Wrong Input : Fist letter Should be capital and must contains minimum 3 characters :
Wrong Input : Fist letter Should be capital and must contains minimum 3 characters :
Wrong Input : Fist letter Should be capital and must contains minimum 3 characters :
Wrong Input : Fist letter Should be capital and must contains minimum 3 characters :
Wrong Input : Fist letter Should be capital and must contains minimum 3 characters :
Wrong Input : Fist letter Should be capital and must contains minimum 3 characters :
Wrong Input : Fist letter Should be capital and must contains minimum 3 characters :
Wrong Input : Fist letter Should be capital and must contains minimum 3 characters :
Wrong Input : Fist letter Should be capital and must contains minimum 3 characters :
Wrong Input : Fist letter Should be capital and must contains minimum 3 characters :
Wrong Input : Fist letter Should be capital and must contains minimum 3 characters :
Wrong Input : Fist letter Should be capital and must contains minimum 3 characters :
Wrong Input : Fist letter Should be capital and must contains minimum 3 characters :
Wrong Input : Fist letter Should be capital and must contains minimum 3 characters :
Wrong Input : Fist letter Should be capital and must contains minimum 3 characters :
Wrong Input : Fist letter Should be capital and must contains minimum 3 characters :
Wrong Input : Fist letter Should be capital and must contains minimum 3 characters :
Wrong Input : Fist letter Should be capital and must contains minimum 3 characters :
Wrong Input : Fist letter Should be capital and must contains minimum 3 characters :
Wrong Input : Fist letter Should be capital and must contains minimum 3 characters :
Wrong Input : Fist letter Should be capital and must contains minimum 3 characters :
Wrong Input : Fist letter Should be capital and must contains minimum 3 characters :
Wrong Input : Fist letter Should be capital and must contains minimum 3 characters :
Wrong Input : Fist letter Should be capital and must contains minimum 3 characters :
Wrong Input : Fist letter Should be capital and must contains minimum 3 characters :
Wrong Input : Fist letter Should be capital and must contains minimum 3 characters :
Wrong Input : Fist letter Should be capital and must contains minimum 3 characters :
Wrong Input : Fist letter Should be capital and must contains minimum 3 characters :
Wrong Input : Fist letter Should be capital and must contains minimum 3 characters :
Wrong Input : Fist letter Should be capital and must contains minimum 3 characters :
Wrong Input : Fist letter Should be capital and must contains minimum 3 characters :
Wrong Input : Fist letter Should be capital and must contains minimum 3 characters :
Wrong Input : Fist letter Should be capital and must contains minimum 3 characters :
Wrong Input : Fist letter Should be capital and must contains minimum 3 characters :
Wrong Input : Fist letter Should be capital and must contains minimum 3 characters :
Wrong Input : Fist letter Should be capital and must contains minimum 3 characters :
Wrong Input : Fist letter Should be capital and must contains minimum 3 characters :
Wrong Input : Fist letter Should be capital and must contains minimum 3 characters :
Wrong Input : Fist letter Should be capital and must contains minimum 3 characters :
Wrong Input : Fist letter Should be capital and must contains minimum 3 characters :
Wrong Input : Fist letter Should be capital and must contains minimum 3 characters :
Wrong Input : Fist letter Should be capital and must contains minimum 3 characters :
Wrong Input : Fist letter Should be capital and must contains minimum 3 characters :
Wrong Input : Fist letter Should be capital and must contains minimum 3 characters :
Wrong Input : Fist letter Should be capital and must contains minimum 3 characters :
Wrong Input : Fist letter Should be capital and must contains minimum 3 characters :
Wrong Input : Fist letter Should be capital and must contains minimum 3 characters :
Wrong Input : Fist letter Should be capital and must contains minimum 3 characters :
Wrong Input : Fist letter Should be capital and must contains minimum 3 characters :
Wrong Input : Fist letter Should be capital and must contains minimum 3 characters :
Wrong Input : Fist letter Should be capital and must contains minimum 3 characters :
Wrong Input : Fist letter Should be capital and must contains minimum 3 characters :
Wrong Input : Fist letter Should be capital and must contains minimum 3 characters :
Wrong Input : Fist letter Should be capital and must contains minimum 3 characters :
Wrong Input : Fist letter Should be capital and must contains minimum 3 characters :
Wrong Input : Fist letter Should be capital and must contains minimum 3 characters :
Wrong Input : Fist letter Should be capital and must contains minimum 3 characters :
Wrong Input : Fist letter Should be capital and must contains minimum 3 characters :
Wrong Input : Fist letter Should be capital and must contains minimum 3 characters :
Wrong Input : Fist letter Should be capital and must contains minimum 3 characters :
Wrong Input : Fist letter Should be capital and must contains minimum 3 characters :
Wrong Input : Fist letter Should be capital and must contains minimum 3 characters :
Wrong Input : Fist letter Should be capital and must contains minimum 3 characters :
Wrong Input : Fist letter Should be capital and must contains minimum 3 characters :
Wrong Input : Fist letter Should be capital and must contains minimum 3 characters :
Wrong Input : Fist letter Should be capital and must contains minimum 3 characters :
Wrong Input : Fist letter Should be capital and must contains minimum 3 characters :
Wrong Input : Fist letter Should be capital and must contains minimum 3 characters :
Wrong Input : Fist letter Should be capital and must contains minimum 3 characters :
Wrong Input : Fist letter Should be capital and must contains minimum 3 characters :
Wrong Input : Fist letter Should be capital and must contains minimum 3 characters :
Wrong Input : Fist letter Should be capital and must contains minimum 3 characters :
Wrong Input : Fist letter Should be capital and must contains minimum 3 characters :
Wrong Input : Fist letter Should be capital and must contains minimum 3 characters :
Wrong Input : Fist letter Should be capital and must contains minimum 3 characters :
Wrong Input : Fist letter Should be capital and must contains minimum 3 characters :
Wrong Input : Fist letter Should be capital and must contains minimum 3 characters :
Wrong Input : Fist letter Should be capital and must contains minimum 3 characters :
Wrong Input : Fist letter Should be capital and must contains minimum 3 characters :
Wrong Input : Fist letter Should be capital and must contains minimum 3 characters :
Wrong Input : Fist letter Should be capital and must contains minimum 3 characters :
Wrong Input : Fist letter Should be capital and must contains minimum 3 characters :
Wrong Input : Fist letter Should be capital and must contains minimum 3 characters :
Wrong Input : Fist letter Should be capital and must contains minimum 3 characters :
Wrong Input : Fist letter Should be capital and must contains minimum 3 characters :
Wrong Input : Fist letter Should be capital and must contains minimum 3 characters :
Wrong Input : Fist letter Should be capital and must contains minimum 3 characters :
Wrong Input : Fist letter Should be capital and must contains minimum 3 characters :
Wrong Input : Fist letter Should be capital and must contains minimum 3 characters :
Wrong Input : Fist letter Should be capital and must contains minimum 3 characters :
Wrong Input : Fist letter Should be capital and must contains minimum 3 characters :
Wrong Input : Fist letter Should be capital and must contains minimum 3 characters :
Wrong Input : Fist letter Should be capital and must contains minimum 3 characters :
Wrong Input : Fist letter Should be capital and must contains minimum 3 characters :
Wrong Input : Fist letter Should be capital and must contains minimum 3 characters :
Wrong Input : Fist letter Should be capital and must contains minimum 3 characters :
Wrong Input : Fist letter Should be capital and must contains minimum 3 characters :
Wrong Input : Fist letter Should be capital and must contains minimum 3 characters :
Wrong Input : Fist letter Should be capital and must contains minimum 3 characters :
Wrong Input : Fist letter Should be capital and must contains minimum 3 characters :
Wrong Input : Fist letter Should be capital and must contains minimum 3 characters :
Wrong Input : Fist letter Should be capital and must contains minimum 3 characters :
Wrong Input : Fist letter Should be capital and must contains minimum 3 characters :
Wrong Input : Fist letter Should be capital and must contains minimum 3 characters :
Wrong Input : Fist letter Should be capital and must contains minimum 3 characters :
Wrong Input : Fist letter Should be capital and must contains minimum 3 characters :
Wrong Input : Fist letter Should be capital and must contains minimum 3 characters :
Wrong Input : Fist letter Should be capital and must contains minimum 3 characters :
Wrong Input : Fist letter Should be capital and must contains minimum 3 characters :
Wrong Input : Fist letter Should be capital and must contains minimum 3 characters :
Wrong Input : Fist letter Should be capital and must contains minimum 3 characters :
Wrong Input : Fist letter Should be capital and must contains minimum 3 characters :
Wrong Input : Fist letter Should be capital and must contains minimum 3 characters :
Wrong Input : Fist letter Should be capital and must contains minimum 3 characters :
Wrong Input : Fist letter Should be capital and must contains minimum 3 characters :
Wrong Input : Fist letter Should be capital and must contains minimum 3 characters :
Wrong Input : Fist letter Should be capital and must contains minimum 3 characters :
Wrong Input : Fist letter Should be capital and must contains minimum 3 characters :
Wrong Input : Fist letter Should be capital and must contains minimum 3 characters :
Wrong Input : Fist letter Should be capital and must contains minimum 3 characters :
Wrong Input : Fist letter Should be capital and must contains minimum 3 characters :
Wrong Input : Fist letter Should be capital and must contains minimum 3 characters :
Wrong Input : Fist letter Should be capital and must contains minimum 3 characters :
Wrong Input : Fist letter Should be capital and must contains minimum 3 characters :
Wrong Input : Fist letter Should be capital and must contains minimum 3 characters :
Wrong Input : Fist letter Should be capital and must contains minimum 3 characters :
Wrong Input : Fist letter Should be capital and must contains minimum 3 characters :
Wrong Input : Fist letter Should be capital and must contains minimum 3 characters :
Wrong Input : Fist letter Should be capital and must contains minimum 3 characters :
Wrong Input : Fist letter Should be capital and must contains minimum 3 characters :
Wrong Input : Fist letter Should be capital and must contains minimum 3 characters :
Wrong Input : Fist letter Should be capital and must contains minimum 3 characters :
Wrong Input : Fist letter Should be capital and must contains minimum 3 characters :
Wrong Input : Fist letter Should be capital and must contains minimum 3 characters :
Wrong Input : Fist letter Should be capital and must contains minimum 3 characters :
Wrong Input : Fist letter Should be capital and must contains minimum 3 characters :
Wrong Input : Fist letter Should be capital and must contains minimum 3 characters :
Wrong Input : Fist letter Should be capital and must contains minimum 3 characters :
Wrong Input : Fist letter Should be capital and must contains minimum 3 characters :
Wrong Input : Fist letter Should be capital and must contains minimum 3 characters :
Wrong Input : Fist letter Should be capital and must contains minimum 3 characters :
Wrong Input : Fist letter Should be capital and must contains minimum 3 characters :
Wrong Input : Fist letter Should be capital and must contains minimum 3 characters :
Wrong Input : Fist letter Should be capital and must contains minimum 3 characters :
Wrong Input : Fist letter Should be capital and must contains minimum 3 characters :
Wrong Input : Fist letter Should be capital and must contains minimum 3 characters :
Wrong Input : Fist letter Should be capital and must contains minimum 3 characters :
Wrong Input : Fist letter Should be capital and must contains minimum 3 characters :
Wrong Input : Fist letter Should be capital and must contains minimum 3 characters :
Wrong Input : Fist letter Should be capital and must contains minimum 3 characters :
Wrong Input : Fist letter Should be capital and must contains minimum 3 characters :
Wrong Input : Fist letter Should be capital and must contains minimum 3 characters :
Wrong Input : Fist letter Should be capital and must contains minimum 3 characters :
Wrong Input : Fist letter Should be capital and must contains minimum 3 characters :
Wrong Input : Fist letter Should be capital and must contains minimum 3 characters :
Wrong Input : Fist letter Should be capital and must contains minimum 3 characters :
Wrong Input : Fist letter Should be capital and must contains minimum 3 characters :
Wrong Input : Fist letter Should be capital and must contains minimum 3 characters :
Wrong Input : Fist letter Should be capital and must contains minimum 3 characters :
Wrong Input : Fist letter Should be capital and must contains minimum 3 characters :
Wrong Input : Fist letter Should be capital and must contains minimum 3 characters :
Wrong Input : Fist letter Should be capital and must contains minimum 3 characters :
Wrong Input : Fist letter Should be capital and must contains minimum 3 characters :
Wrong Input : Fist letter Should be capital and must contains minimum 3 characters :
Wrong Input : Fist letter Should be capital and must contains minimum 3 characters :
Wrong Input : Fist letter Should be capital and must contains minimum 3 characters :
Wrong Input : Fist letter Should be capital and must contains minimum 3 characters :
Wrong Input : Fist letter Should be capital and must contains minimum 3 characters :
Wrong Input : Fist letter Should be capital and must contains minimum 3 characters :
Wrong Input : Fist letter Should be capital and must contains minimum 3 characters :
Wrong Input : Fist letter Should be capital and must contains minimum 3 characters :
Wrong Input : Fist letter Should be capital and must contains minimum 3 characters :
Wrong Input : Fist letter Should be capital and must contains minimum 3 characters :
Wrong Input : Fist letter Should be capital and must contains minimum 3 characters :
Wrong Input : Fist letter Should be capital and must contains minimum 3 characters :
Wrong Input : Fist letter Should be capital and must contains minimum 3 characters :
Wrong Input : Fist letter Should be capital and must contains minimum 3 characters :
Wrong Input : Fist letter Should be capital and must contains minimum 3 characters :
Wrong Input : Fist letter Should be capital and must contains minimum 3 characters :
Wrong Input : Fist letter Should be capital and must contains minimum 3 characters :
Wrong Input : Fist letter Should be capital and must contains minimum 3 characters :
Wrong Input : Fist letter Should be capital and must contains minimum 3 characters :
Wrong Input : Fist letter Should be capital and must contains minimum 3 characters :
Wrong Input : Fist letter Should be capital and must contains minimum 3 characters :
Wrong Input : Fist letter Should be capital and must contains minimum 3 characters :
Wrong Input : Fist letter Should be capital and must contains minimum 3 characters :
Wrong Input : Fist letter Should be capital and must contains minimum 3 characters :
Wrong Input : Fist letter Should be capital and must contains minimum 3 characters :
Wrong Input : Fist letter Should be capital and must contains minimum 3 characters :
Wrong Input : Fist letter Should be capital and must contains minimum 3 characters :
Wrong Input : Fist letter Should be capital and must contains minimum 3 characters :
Wrong Input : Fist letter Should be capital and must contains minimum 3 characters :
Wrong Input : Fist letter Should be capital and must contains minimum 3 characters :
Wrong Input : Fist letter Should be capital and must contains minimum 3 characters :
Wrong Input : Fist letter Should be capital and must contains minimum 3 characters :
Wrong Input : Fist letter Should be capital and must contains minimum 3 characters :
Wrong Input : Fist letter Should be capital and must contains minimum 3 characters :
Wrong Input : Fist letter Should be capital and must contains minimum 3 characters :
Wrong Input : Fist letter Should be capital and must contains minimum 3 characters :
Wrong Input : Fist letter Should be capital and must contains minimum 3 characters :
Wrong Input : Fist letter Should be capital and must contains minimum 3 characters :
Wrong Input : Fist letter Should be capital and must contains minimum 3 characters :
Wrong Input : Fist letter Should be capital and must contains minimum 3 characters :
Wrong Input : Fist letter Should be capital and must contains minimum 3 characters :
Wrong Input : Fist letter Should be capital and must contains minimum 3 characters :
Wrong Input : Fist letter Should be capital and must contains minimum 3 characters :
Wrong Input : Fist letter Should be capital and must contains minimum 3 characters :
Wrong Input : Fist letter Should be capital and must contains minimum 3 characters :
Wrong Input : Fist letter Should be capital and must contains minimum 3 characters :
Wrong Input : Fist letter Should be capital and must contains minimum 3 characters :
Wrong Input : Fist letter Should be capital and must contains minimum 3 characters :
Wrong Input : Fist letter Should be capital and must contains minimum 3 characters :
Wrong Input : Fist letter Should be capital and must contains minimum 3 characters :
Wrong Input : Fist letter Should be capital and must contains minimum 3 characters :
Wrong Input : Fist letter Should be capital and must contains minimum 3 characters :
Wrong Input : Fist letter Should be capital and must contains minimum 3 characters :
Wrong Input : Fist letter Should be capital and must contains minimum 3 characters :
Wrong Input : Fist letter Should be capital and must contains minimum 3 characters :
Wrong Input : Fist letter Should be capital and must contains minimum 3 characters :
Wrong Input : Fist letter Should be capital and must contains minimum 3 characters :
Wrong Input : Fist letter Should be capital and must contains minimum 3 characters :
Wrong Input : Fist letter Should be capital and must contains minimum 3 characters :
Wrong Input : Fist letter Should be capital and must contains minimum 3 characters :
Wrong Input : Fist letter Should be capital and must contains minimum 3 characters :
Wrong Input : Fist letter Should be capital and must contains minimum 3 characters :
Wrong Input : Fist letter Should be capital and must contains minimum 3 characters :
Wrong Input : Fist letter Should be capital and must contains minimum 3 characters :
Wrong Input : Fist letter Should be capital and must contains minimum 3 characters :
Wrong Input : Fist letter Should be capital and must contains minimum 3 characters :
Wrong Input : Fist letter Should be capital and must contains minimum 3 characters :
Wrong Input : Fist letter Should be capital and must contains minimum 3 characters :
Wrong Input : Fist letter Should be capital and must contains minimum 3 characters :
Wrong Input : Fist letter Should be capital and must contains minimum 3 characters :
Wrong Input : Fist letter Should be capital and must contains minimum 3 characters :
Wrong Input : Fist letter Should be capital and must contains minimum 3 characters :
Wrong Input : Fist letter Should be capital and must contains minimum 3 characters :
Wrong Input : Fist letter Should be capital and must contains minimum 3 characters :
Wrong Input : Fist letter Should be capital and must contains minimum 3 characters :
Wrong Input : Fist letter Should be capital and must contains minimum 3 characters :
Wrong Input : Fist letter Should be capital and must contains minimum 3 characters :
Wrong Input : Fist letter Should be capital and must contains minimum 3 characters :
Wrong Input : Fist letter Should be capital and must contains minimum 3 characters :
Wrong Input : Fist letter Should be capital and must contains minimum 3 characters :
Wrong Input : Fist letter Should be capital and must contains minimum 3 characters :
Wrong Input : Fist letter Should be capital and must contains minimum 3 characters :
Wrong Input : Fist letter Should be capital and must contains minimum 3 characters :
Wrong Input : Fist letter Should be capital and must contains minimum 3 characters :
Wrong Input : Fist letter Should be capital and must contains minimum 3 characters :
Wrong Input : Fist letter Should be capital and must contains minimum 3 characters :
Wrong Input : Fist letter Should be capital and must contains minimum 3 characters :
Wrong Input : Fist letter Should be capital and must contains minimum 3 characters :
Wrong Input : Fist letter Should be capital and must contains minimum 3 characters :
Wrong Input : Fist letter Should be capital and must contains minimum 3 characters :
Wrong Input : Fist letter Should be capital and must contains minimum 3 characters :
Wrong Input : Fist letter Should be capital and must contains minimum 3 characters :
Wrong Input : Fist letter Should be capital and must contains minimum 3 characters :
Wrong Input : Fist letter Should be capital and must contains minimum 3 characters :
Wrong Input : Fist letter Should be capital and must contains minimum 3 characters :
Wrong Input : Fist letter Should be capital and must contains minimum 3 characters :
Wrong Input : Fist letter Should be capital and must contains minimum 3 characters :
Wrong Input : Fist letter Should be capital and must contains minimum 3 characters :
Wrong Input : Fist letter Should be capital and must contains minimum 3 characters :
Wrong Input : Fist letter Should be capital and must contains minimum 3 characters :
Wrong Input : Fist letter Should be capital and must contains minimum 3 characters :
Wrong Input : Fist letter Should be capital and must contains minimum 3 characters :
Wrong Input : Fist letter Should be capital and must contains minimum 3 characters :
Wrong Input : Fist letter Should be capital and must contains minimum 3 characters :
Wrong Input : Fist letter Should be capital and must contains minimum 3 characters :
Wrong Input : Fist letter Should be capital and must contains minimum 3 characters :
Wrong Input : Fist letter Should be capital and must contains minimum 3 characters :
Wrong Input : Fist letter Should be capital and must contains minimum 3 characters :
Wrong Input : Fist letter Should be capital and must contains minimum 3 characters :
Wrong Input : Fist letter Should be capital and must contains minimum 3 characters :
Wrong Input : Fist letter Should be capital and must contains minimum 3 characters :
Wrong Input : Fist letter Should be capital and must contains minimum 3 characters :
Wrong Input : Fist letter Should be capital and must contains minimum 3 characters :
Wrong Input : Fist letter Should be capital and must contains minimum 3 characters :
Wrong Input : Fist letter Should be capital and must contains minimum 3 characters :
Wrong Input : Fist letter Should be capital and must contains minimum 3 characters :
Wrong Input : Fist letter Should be capital and must contains minimum 3 characters :
Wrong Input : Fist letter Should be capital and must contains minimum 3 characters :
Wrong Input : Fist letter Should be capital and must contains minimum 3 characters :
Wrong Input : Fist letter Should be capital and must contains minimum 3 characters :
Wrong Input : Fist letter Should be capital and must contains minimum 3 characters :
Wrong Input : Fist letter Should be capital and must contains minimum 3 characters :
Wrong Input : Fist letter Should be capital and must contains minimum 3 characters :
Wrong Input : Fist letter Should be capital and must contains minimum 3 characters :
Wrong Input : Fist letter Should be capital and must contains minimum 3 characters :
Wrong Input : Fist letter Should be capital and must contains minimum 3 characters :
Wrong Input : Fist letter Should be capital and must contains minimum 3 characters :
Wrong Input : Fist letter Should be capital and must contains minimum 3 characters :
Wrong Input : Fist letter Should be capital and must contains minimum 3 characters :
Wrong Input : Fist letter Should be capital and must contains minimum 3 characters :
Wrong Input : Fist letter Should be capital and must contains minimum 3 characters :
Wrong Input : Fist letter Should be capital and must contains minimum 3 characters :
Wrong Input : Fist letter Should be capital and must contains minimum 3 characters :
Wrong Input : Fist letter Should be capital and must contains minimum 3 characters :
Wrong Input : Fist letter Should be capital and must contains minimum 3 characters :
Wrong Input : Fist letter Should be capital and must contains minimum 3 characters :
Wrong Input : Fist letter Should be capital and must contains minimum 3 characters :
Wrong Input : Fist letter Should be capital and must contains minimum 3 characters :
Wrong Input : Fist letter Should be capital and must contains minimum 3 characters :
Wrong Input : Fist letter Should be capital and must contains minimum 3 characters :
Wrong Input : Fist letter Should be capital and must contains minimum 3 characters :
Wrong Input : Fist letter Should be capital and must contains minimum 3 characters :
Wrong Input : Fist letter Should be capital and must contains minimum 3 characters :
Wrong Input : Fist letter Should be capital and must contains minimum 3 characters :
Wrong Input : Fist letter Should be capital and must contains minimum 3 characters :
Wrong Input : Fist letter Should be capital and must contains minimum 3 characters :
Wrong Input : Fist letter Should be capital and must contains minimum 3 characters :
Wrong Input : Fist letter Should be capital and must contains minimum 3 characters :
Wrong Input : Fist letter Should be capital and must contains minimum 3 characters :
Wrong Input : Fist letter Should be capital and must contains minimum 3 characters :
Wrong Input : Fist letter Should be capital and must contains minimum 3 characters :
Wrong Input : Fist letter Should be capital and must contains minimum 3 characters :
Wrong Input : Fist letter Should be capital and must contains minimum 3 characters :
Wrong Input : Fist letter Should be capital and must contains minimum 3 characters :
Wrong Input : Fist letter Should be capital and must contains minimum 3 characters :
Wrong Input : Fist letter Should be capital and must contains minimum 3 characters :
Wrong Input : Fist letter Should be capital and must contains minimum 3 characters :
Wrong Input : Fist letter Should be capital and must contains minimum 3 characters :
Wrong Input : Fist letter Should be capital and must contains minimum 3 characters :
Wrong Input : Fist letter Should be capital and must contains minimum 3 characters :
Wrong Input : Fist letter Should be capital and must contains minimum 3 characters :
Wrong Input : Fist letter Should be capital and must contains minimum 3 characters :
Wrong Input : Fist letter Should be capital and must contains minimum 3 characters :
Wrong Input : Fist letter Should be capital and must contains minimum 3 characters :
Wrong Input : Fist letter Should be capital and must contains minimum 3 characters :
Wrong Input : Fist letter Should be capital and must contains minimum 3 characters :
Wrong Input : Fist letter Should be capital and must contains minimum 3 characters :
Wrong Input : Fist letter Should be capital and must contains minimum 3 characters :
Wrong Input : Fist letter Should be capital and must contains minimum 3 characters :
Wrong Input : Fist letter Should be capital and must contains minimum 3 characters :
Wrong Input : Fist letter Should be capital and must contains minimum 3 characters :
Wrong Input : Fist letter Should be capital and must contains minimum 3 characters :
Wrong Input : Fist letter Should be capital and must contains minimum 3 characters :
Wrong Input : Fist letter Should be capital and must contains minimum 3 characters :
Wrong Input : Fist letter Should be capital and must contains minimum 3 characters :
Wrong Input : Fist letter Should be capital and must contains minimum 3 characters :
Wrong Input : Fist letter Should be capital and must contains minimum 3 characters :
Wrong Input : Fist letter Should be capital and must contains minimum 3 characters :
Wrong Input : Fist letter Should be capital and must contains minimum 3 characters :
Wrong Input : Fist letter Should be capital and must contains minimum 3 characters :
Wrong Input : Fist letter Should be capital and must contains minimum 3 characters :
Wrong Input : Fist letter Should be capital and must contains minimum 3 characters :
Wrong Input : Fist letter Should be capital and must contains minimum 3 characters :
Wrong Input : Fist letter Should be capital and must contains minimum 3 characters :
Wrong Input : Fist letter Should be capital and must contains minimum 3 characters :
Wrong Input : Fist letter Should be capital and must contains minimum 3 characters :
Wrong Input : Fist letter Should be capital and must contains minimum 3 characters :
Wrong Input : Fist letter Should be capital and must contains minimum 3 characters :
Wrong Input : Fist letter Should be capital and must contains minimum 3 characters :
Wrong Input : Fist letter Should be capital and must contains minimum 3 characters :
Wrong Input : Fist letter Should be capital and must contains minimum 3 characters :
Wrong Input : Fist letter Should be capital and must contains minimum 3 characters :
Wrong Input : Fist letter Should be capital and must contains minimum 3 characters :
Wrong Input : Fist letter Should be capital and must contains minimum 3 characters :
Wrong Input : Fist letter Should be capital and must contains minimum 3 characters :
Wrong Input : Fist letter Should be capital and must contains minimum 3 characters :
Wrong Input : Fist letter Should be capital and must contains minimum 3 characters :
Wrong Input : Fist letter Should be capital and must contains minimum 3 characters :
Wrong Input : Fist letter Should be capital and must contains minimum 3 characters :
Wrong Input : Fist letter Should be capital and must contains minimum 3 characters :
Wrong Input : Fist letter Should be capital and must contains minimum 3 characters :
Wrong Input : Fist letter Should be capital and must contains minimum 3 characters :
Wrong Input : Fist letter Should be capital and must contains minimum 3 characters :
Wrong Input : Fist letter Should be capital and must contains minimum 3 characters :
Wrong Input : Fist letter Should be capital and must contains minimum 3 characters :
Wrong Input : Fist letter Should be capital and must contains minimum 3 characters :
Wrong Input : Fist letter Should be capital and must contains minimum 3 characters :
Wrong Input : Fist letter Should be capital and must contains minimum 3 characters :
Wrong Input : Fist letter Should be capital and must contains minimum 3 characters :
Wrong Input : Fist letter Should be capital and must contains minimum 3 characters :
Wrong Input : Fist letter Should be capital and must contains minimum 3 characters :
Wrong Input : Fist letter Should be capital and must contains minimum 3 characters :
Wrong Input : Fist letter Should be capital and must contains minimum 3 characters :
Wrong Input : Fist letter Should be capital and must contains minimum 3 characters :
Wrong Input : Fist letter Should be capital and must contains minimum 3 characters :
Wrong Input : Fist letter Should be capital and must contains minimum 3 characters :
Wrong Input : Fist letter Should be capital and must contains minimum 3 characters :
Wrong Input : Fist letter Should be capital and must contains minimum 3 characters :
Wrong Input : Fist letter Should be capital and must contains minimum 3 characters :
Wrong Input : Fist letter Should be capital and must contains minimum 3 characters :
Wrong Input : Fist letter Should be capital and must contains minimum 3 characters :
Wrong Input : Fist letter Should be capital and must contains minimum 3 characters :
Wrong Input : Fist letter Should be capital and must contains minimum 3 characters :
Wrong Input : Fist letter Should be capital and must contains minimum 3 characters :
Wrong Input : Fist letter Should be capital and must contains minimum 3 characters :
Wrong Input : Fist letter Should be capital and must contains minimum 3 characters :
Wrong Input : Fist letter Should be capital and must contains minimum 3 characters :
Wrong Input : Fist letter Should be capital and must contains minimum 3 characters :
Wrong Input : Fist letter Should be capital and must contains minimum 3 characters :
Wrong Input : Fist letter Should be capital and must contains minimum 3 characters :
Wrong Input : Fist letter Should be capital and must contains minimum 3 characters :
Wrong Input : Fist letter Should be capital and must contains minimum 3 characters :
Wrong Input : Fist letter Should be capital and must contains minimum 3 characters :
Wrong Input : Fist letter Should be capital and must contains minimum 3 characters :
Wrong Input : Fist letter Should be capital and must contains minimum 3 characters :
Wrong Input : Fist letter Should be capital and must contains minimum 3 characters :
Wrong Input : Fist letter Should be capital and must contains minimum 3 characters :
Wrong Input : Fist letter Should be capital and must contains minimum 3 characters :
Wrong Input : Fist letter Should be capital and must contains minimum 3 characters :
Wrong Input : Fist letter Should be capital and must contains minimum 3 characters :
Wrong Input : Fist letter Should be capital and must contains minimum 3 characters :
Wrong Input : Fist letter Should be capital and must contains minimum 3 characters :
Wrong Input : Fist letter Should be capital and must contains minimum 3 characters :
Wrong Input : Fist letter Should be capital and must contains minimum 3 characters :
Wrong Input : Fist letter Should be capital and must contains minimum 3 characters :
Wrong Input : Fist letter Should be capital and must contains minimum 3 characters :
Wrong Input : Fist letter Should be capital and must contains minimum 3 characters :
Wrong Input : Fist letter Should be capital and must contains minimum 3 characters :
Wrong Input : Fist letter Should be capital and must contains minimum 3 characters :
Wrong Input : Fist letter Should be capital and must contains minimum 3 characters :
Wrong Input : Fist letter Should be capital and must contains minimum 3 characters :
Wrong Input : Fist letter Should be capital and must contains minimum 3 characters :
Wrong Input : Fist letter Should be capital and must contains minimum 3 characters :
Wrong Input : Fist letter Should be capital and must contains minimum 3 characters :
Wrong Input : Fist letter Should be capital and must contains minimum 3 characters :
Wrong Input : Fist letter Should be capital and must contains minimum 3 characters :
Wrong Input : Fist letter Should be capital and must contains minimum 3 characters :
Wrong Input : Fist letter Should be capital and must contains minimum 3 characters :
Wrong Input : Fist letter Should be capital and must contains minimum 3 characters :
Wrong Input : Fist letter Should be capital and must contains minimum 3 characters :
Wrong Input : Fist letter Should be capital and must contains minimum 3 characters :
Wrong Input : Fist letter Should be capital and must contains minimum 3 characters :
Wrong Input : Fist letter Should be capital and must contains minimum 3 characters :
Wrong Input : Fist letter Should be capital and must contains minimum 3 characters :
Wrong Input : Fist letter Should be capital and must contains minimum 3 characters :
Wrong Input : Fist letter Should be capital and must contains minimum 3 characters :
Wrong Input : Fist letter Should be capital and must contains minimum 3 characters :
Wrong Input : Fist letter Should be capital and must contains minimum 3 characters :
Wrong Input : Fist letter Should be capital and must contains minimum 3 characters :
Wrong Input : Fist letter Should be capital and must contains minimum 3 characters :
Wrong Input : Fist letter Should be capital and must contains minimum 3 characters :
Wrong Input : Fist letter Should be capital and must contains minimum 3 characters :
Wrong Input : Fist letter Should be capital and must contains minimum 3 characters :
Wrong Input : Fist letter Should be capital and must contains minimum 3 characters :
Wrong Input : Fist letter Should be capital and must contains minimum 3 characters :
Wrong Input : Fist letter Should be capital and must contains minimum 3 characters :
Wrong Input : Fist letter Should be capital and must contains minimum 3 characters :
Wrong Input : Fist letter Should be capital and must contains minimum 3 characters :
Wrong Input : Fist letter Should be capital and must contains minimum 3 characters :
Wrong Input : Fist letter Should be capital and must contains minimum 3 characters :
Wrong Input : Fist letter Should be capital and must contains minimum 3 characters :
Wrong Input : Fist letter Should be capital and must contains minimum 3 characters :
Wrong Input : Fist letter Should be capital and must contains minimum 3 characters :
Wrong Input : Fist letter Should be capital and must contains minimum 3 characters :
Wrong Input : Fist letter Should be capital and must contains minimum 3 characters :
Wrong Input : Fist letter Should be capital and must contains minimum 3 characters :
Wrong Input : Fist letter Should be capital and must contains minimum 3 characters :
Wrong Input : Fist letter Should be capital and must contains minimum 3 characters :
Wrong Input : Fist letter Should be capital and must contains minimum 3 characters :
Wrong Input : Fist letter Should be capital and must contains minimum 3 characters :
Wrong Input : Fist letter Should be capital and must contains minimum 3 characters :
Wrong Input : Fist letter Should be capital and must contains minimum 3 characters :
Wrong Input : Fist letter Should be capital and must contains minimum 3 characters :
Wrong Input : Fist letter Should be capital and must contains minimum 3 characters :
Wrong Input : Fist letter Should be capital and must contains minimum 3 characters :
Wrong Input : Fist letter Should be capital and must contains minimum 3 characters :
Wrong Input : Fist letter Should be capital and must contains minimum 3 characters :
Wrong Input : Fist letter Should be capital and must contains minimum 3 characters :
Wrong Input : Fist letter Should be capital and must contains minimum 3 characters :
Wrong Input : Fist letter Should be capital and must contains minimum 3 characters :
Wrong Input : Fist letter Should be capital and must contains minimum 3 characters :
Wrong Input : Fist letter Should be capital and must contains minimum 3 characters :
Wrong Input : Fist letter Should be capital and must contains minimum 3 characters :
Wrong Input : Fist letter Should be capital and must contains minimum 3 characters :
Wrong Input : Fist letter Should be capital and must contains minimum 3 characters :
Wrong Input : Fist letter Should be capital and must contains minimum 3 characters :
Wrong Input : Fist letter Should be capital and must contains minimum 3 characters :
Wrong Input : Fist letter Should be capital and must contains minimum 3 characters :
Wrong Input : Fist letter Should be capital and must contains minimum 3 characters :
Wrong Input : Fist letter Should be capital and must contains minimum 3 characters :
Wrong Input : Fist letter Should be capital and must contains minimum 3 characters :
Wrong Input : Fist letter Should be capital and must contains minimum 3 characters :
Wrong Input : Fist letter Should be capital and must contains minimum 3 characters :
Wrong Input : Fist letter Should be capital and must contains minimum 3 characters :
Wrong Input : Fist letter Should be capital and must contains minimum 3 characters :
Wrong Input : Fist letter Should be capital and must contains minimum 3 characters :
Wrong Input : Fist letter Should be capital and must contains minimum 3 characters :
Wrong Input : Fist letter Should be capital and must contains minimum 3 characters :
Wrong Input : Fist letter Should be capital and must contains minimum 3 characters :
Wrong Input : Fist letter Should be capital and must contains minimum 3 characters :
Wrong Input : Fist letter Should be capital and must contains minimum 3 characters :
Wrong Input : Fist letter Should be capital and must contains minimum 3 characters :
Wrong Input : Fist letter Should be capital and must contains minimum 3 characters :
Wrong Input : Fist letter Should be capital and must contains minimum 3 characters :
Wrong Input : Fist letter Should be capital and must contains minimum 3 characters :
Wrong Input : Fist letter Should be capital and must contains minimum 3 characters :
Wrong Input : Fist letter Should be capital and must contains minimum 3 characters :
Wrong Input : Fist letter Should be capital and must contains minimum 3 characters :
Wrong Input : Fist letter Should be capital and must contains minimum 3 characters :
Wrong Input : Fist letter Should be capital and must contains minimum 3 characters :
Wrong Input : Fist letter Should be capital and must contains minimum 3 characters :
Wrong Input : Fist letter Should be capital and must contains minimum 3 characters :
Wrong Input : Fist letter Should be capital and must contains minimum 3 characters :
Wrong Input : Fist letter Should be capital and must contains minimum 3 characters :
Wrong Input : Fist letter Should be capital and must contains minimum 3 characters :
Wrong Input : Fist letter Should be capital and must contains minimum 3 characters :
Wrong Input : Fist letter Should be capital and must contains minimum 3 characters :
Wrong Input : Fist letter Should be capital and must contains minimum 3 characters :
Wrong Input : Fist letter Should be capital and must contains minimum 3 characters :
Wrong Input : Fist letter Should be capital and must contains minimum 3 characters :
Wrong Input : Fist letter Should be capital and must contains minimum 3 characters :
Wrong Input : Fist letter Should be capital and must contains minimum 3 characters :
Wrong Input : Fist letter Should be capital and must contains minimum 3 characters :
Wrong Input : Fist letter Should be capital and must contains minimum 3 characters :
Wrong Input : Fist letter Should be capital and must contains minimum 3 characters :
Wrong Input : Fist letter Should be capital and must contains minimum 3 characters :
Wrong Input : Fist letter Should be capital and must contains minimum 3 characters :
Wrong Input : Fist letter Should be capital and must contains minimum 3 characters :
Wrong Input : Fist letter Should be capital and must contains minimum 3 characters :
Wrong Input : Fist letter Should be capital and must contains minimum 3 characters :
Wrong Input : Fist letter Should be capital and must contains minimum 3 characters :
Wrong Input : Fist letter Should be capital and must contains minimum 3 characters :
Wrong Input : Fist letter Should be capital and must contains minimum 3 characters :
Wrong Input : Fist letter Should be capital and must contains minimum 3 characters :
Wrong Input : Fist letter Should be capital and must contains minimum 3 characters :
Wrong Input : Fist letter Should be capital and must contains minimum 3 characters :
Wrong Input : Fist letter Should be capital and must contains minimum 3 characters :
Wrong Input : Fist letter Should be capital and must contains minimum 3 characters :
Wrong Input : Fist letter Should be capital and must contains minimum 3 characters :
Wrong Input : Fist letter Should be capital and must contains minimum 3 characters :
Wrong Input : Fist letter Should be capital and must contains minimum 3 characters :
Wrong Input : Fist letter Should be capital and must contains minimum 3 characters :
Wrong Input : Fist letter Should be capital and must contains minimum 3 characters :
Wrong Input : Fist letter Should be capital and must contains minimum 3 characters :
Wrong Input : Fist letter Should be capital and must contains minimum 3 characters :
Wrong Input : Fist letter Should be capital and must contains minimum 3 characters :
Wrong Input : Fist letter Should be capital and must contains minimum 3 characters :
Wrong Input : Fist letter Should be capital and must contains minimum 3 characters :
Wrong Input : Fist letter Should be capital and must contains minimum 3 characters :
Wrong Input : Fist letter Should be capital and must contains minimum 3 characters :
Wrong Input : Fist letter Should be capital and must contains minimum 3 characters :
Wrong Input : Fist letter Should be capital and must contains minimum 3 characters :
Wrong Input : Fist letter Should be capital and must contains minimum 3 characters :
Wrong Input : Fist letter Should be capital and must contains minimum 3 characters :
Wrong Input : Fist letter Should be capital and must contains minimum 3 characters :
Wrong Input : Fist letter Should be capital and must contains minimum 3 characters :
Wrong Input : Fist letter Should be capital and must contains minimum 3 characters :
Wrong Input : Fist letter Should be capital and must contains minimum 3 characters :
Wrong Input : Fist letter Should be capital and must contains minimum 3 characters :
Wrong Input : Fist letter Should be capital and must contains minimum 3 characters :
Wrong Input : Fist letter Should be capital and must contains minimum 3 characters :
Wrong Input : Fist letter Should be capital and must contains minimum 3 characters :
Wrong Input : Fist letter Should be capital and must contains minimum 3 characters :
Wrong Input : Fist letter Should be capital and must contains minimum 3 characters :
Wrong Input : Fist letter Should be capital and must contains minimum 3 characters :
Wrong Input : Fist letter Should be capital and must contains minimum 3 characters :
Wrong Input : Fist letter Should be capital and must contains minimum 3 characters :
Wrong Input : Fist letter Should be capital and must contains minimum 3 characters :
Wrong Input : Fist letter Should be capital and must contains minimum 3 characters :
Wrong Input : Fist letter Should be capital and must contains minimum 3 characters :
Wrong Input : Fist letter Should be capital and must contains minimum 3 characters :
Wrong Input : Fist letter Should be capital and must contains minimum 3 characters :
Wrong Input : Fist letter Should be capital and must contains minimum 3 characters :
Wrong Input : Fist letter Should be capital and must contains minimum 3 characters :
Wrong Input : Fist letter Should be capital and must contains minimum 3 characters :
Wrong Input : Fist letter Should be capital and must contains minimum 3 characters :
Wrong Input : Fist letter Should be capital and must contains minimum 3 characters :
Wrong Input : Fist letter Should be capital and must contains minimum 3 characters :
Wrong Input : Fist letter Should be capital and must contains minimum 3 characters :
Wrong Input : Fist letter Should be capital and must contains minimum 3 characters :
Wrong Input : Fist letter Should be capital and must contains minimum 3 characters :
Wrong Input : Fist letter Should be capital and must contains minimum 3 characters :
Wrong Input : Fist letter Should be capital and must contains minimum 3 characters :
Wrong Input : Fist letter Should be capital and must contains minimum 3 characters :
Wrong Input : Fist letter Should be capital and must contains minimum 3 characters :
Wrong Input : Fist letter Should be capital and must contains minimum 3 characters :
Wrong Input : Fist letter Should be capital and must contains minimum 3 characters :
Wrong Input : Fist letter Should be capital and must contains minimum 3 characters :
Wrong Input : Fist letter Should be capital and must contains minimum 3 characters :
Wrong Input : Fist letter Should be capital and must contains minimum 3 characters :
Wrong Input : Fist letter Should be capital and must contains minimum 3 characters :
Wrong Input : Fist letter Should be capital and must contains minimum 3 characters :
Wrong Input : Fist letter Should be capital and must contains minimum 3 characters :
Wrong Input : Fist letter Should be capital and must contains minimum 3 characters :
Wrong Input : Fist letter Should be capital and must contains minimum 3 characters :
Wrong Input : Fist letter Should be capital and must contains minimum 3 characters :
Wrong Input : Fist letter Should be capital and must contains minimum 3 characters :
Wrong Input : Fist letter Should be capital and must contains minimum 3 characters :
Wrong Input : Fist letter Should be capital and must contains minimum 3 characters :
Wrong Input : Fist letter Should be capital and must contains minimum 3 characters :
Wrong Input : Fist letter Should be capital and must contains minimum 3 characters :
Wrong Input : Fist letter Should be capital and must contains minimum 3 characters :
Wrong Input : Fist letter Should be capital and must contains minimum 3 characters :
Wrong Input : Fist letter Should be capital and must contains minimum 3 characters :
Wrong Input : Fist letter Should be capital and must contains minimum 3 characters :
Wrong Input : Fist letter Should be capital and must contains minimum 3 characters :
Wrong Input : Fist letter Should be capital and must contains minimum 3 characters :
Wrong Input : Fist letter Should be capital and must contains minimum 3 characters :
Wrong Input : Fist letter Should be capital and must contains minimum 3 characters :
Wrong Input : Fist letter Should be capital and must contains minimum 3 characters :
Wrong Input : Fist letter Should be capital and must contains minimum 3 characters :
Wrong Input : Fist letter Should be capital and must contains minimum 3 characters :
Wrong Input : Fist letter Should be capital and must contains minimum 3 characters :
Wrong Input : Fist letter Should be capital and must contains minimum 3 characters :
Wrong Input : Fist letter Should be capital and must contains minimum 3 characters :
Wrong Input : Fist letter Should be capital and must contains minimum 3 characters :
Wrong Input : Fist letter Should be capital and must contains minimum 3 characters :
Wrong Input : Fist letter Should be capital and must contains minimum 3 characters :
Wrong Input : Fist letter Should be capital and must contains minimum 3 characters :
Wrong Input : Fist letter Should be capital and must contains minimum 3 characters :
Wrong Input : Fist letter Should be capital and must contains minimum 3 characters :
Wrong Input : Fist letter Should be capital and must contains minimum 3 characters :
Wrong Input : Fist letter Should be capital and must contains minimum 3 characters :
Wrong Input : Fist letter Should be capital and must contains minimum 3 characters :
Wrong Input : Fist letter Should be capital and must contains minimum 3 characters :
Wrong Input : Fist letter Should be capital and must contains minimum 3 characters :
Wrong Input : Fist letter Should be capital and must contains minimum 3 characters :
Wrong Input : Fist letter Should be capital and must contains minimum 3 characters :
Wrong Input : Fist letter Should be capital and must contains minimum 3 characters :
Wrong Input : Fist letter Should be capital and must contains minimum 3 characters :
Wrong Input : Fist letter Should be capital and must contains minimum 3 characters :
Wrong Input : Fist letter Should be capital and must contains minimum 3 characters :
Wrong Input : Fist letter Should be capital and must contains minimum 3 characters :
Wrong Input : Fist letter Should be capital and must contains minimum 3 characters :
Wrong Input : Fist letter Should be capital and must contains minimum 3 characters :
Wrong Input : Fist letter Should be capital and must contains minimum 3 characters :
Wrong Input : Fist letter Should be capital and must contains minimum 3 characters :
Wrong Input : Fist letter Should be capital and must contains minimum 3 characters :
Wrong Input : Fist letter Should be capital and must contains minimum 3 characters :
Wrong Input : Fist letter Should be capital and must contains minimum 3 characters :
Wrong Input : Fist letter Should be capital and must contains minimum 3 characters :
Wrong Input : Fist letter Should be capital and must contains minimum 3 characters :
Wrong Input : Fist letter Should be capital and must contains minimum 3 characters :
Wrong Input : Fist letter Should be capital and must contains minimum 3 characters :
Wrong Input : Fist letter Should be capital and must contains minimum 3 characters :
Wrong Input : Fist letter Should be capital and must contains minimum 3 characters :
Wrong Input : Fist letter Should be capital and must contains minimum 3 characters :
Wrong Input : Fist letter Should be capital and must contains minimum 3 characters :
Wrong Input : Fist letter Should be capital and must contains minimum 3 characters :
Wrong Input : Fist letter Should be capital and must contains minimum 3 characters :
Wrong Input : Fist letter Should be capital and must contains minimum 3 characters :
Wrong Input : Fist letter Should be capital and must contains minimum 3 characters :
Wrong Input : Fist letter Should be capital and must contains minimum 3 characters :
Wrong Input : Fist letter Should be capital and must contains minimum 3 characters :
Wrong Input : Fist letter Should be capital and must contains minimum 3 characters :
Wrong Input : Fist letter Should be capital and must contains minimum 3 characters :
Wrong Input : Fist letter Should be capital and must contains minimum 3 characters :
Wrong Input : Fist letter Should be capital and must contains minimum 3 characters :
Wrong Input : Fist letter Should be capital and must contains minimum 3 characters :
Wrong Input : Fist letter Should be capital and must contains minimum 3 characters :
Wrong Input : Fist letter Should be capital and must contains minimum 3 characters :
Wrong Input : Fist letter Should be capital and must contains minimum 3 characters :
Wrong Input : Fist letter Should be capital and must contains minimum 3 characters :
Wrong Input : Fist letter Should be capital and must contains minimum 3 characters :
Wrong Input : Fist letter Should be capital and must contains minimum 3 characters :
Wrong Input : Fist letter Should be capital and must contains minimum 3 characters :
Wrong Input : Fist letter Should be capital and must contains minimum 3 characters :
Wrong Input : Fist letter Should be capital and must contains minimum 3 characters :
Wrong Input : Fist letter Should be capital and must contains minimum 3 characters :
Wrong Input : Fist letter Should be capital and must contains minimum 3 characters :
Wrong Input : Fist letter Should be capital and must contains minimum 3 characters :
Wrong Input : Fist letter Should be capital and must contains minimum 3 characters :
Wrong Input : Fist letter Should be capital and must contains minimum 3 characters :
Wrong Input : Fist letter Should be capital and must contains minimum 3 characters :
Wrong Input : Fist letter Should be capital and must contains minimum 3 characters :
Wrong Input : Fist letter Should be capital and must contains minimum 3 characters :
Wrong Input : Fist letter Should be capital and must contains minimum 3 characters :
Wrong Input : Fist letter Should be capital and must contains minimum 3 characters :
Wrong Input : Fist letter Should be capital and must contains minimum 3 characters :
Wrong Input : Fist letter Should be capital and must contains minimum 3 characters :
Wrong Input : Fist letter Should be capital and must contains minimum 3 characters :
Wrong Input : Fist letter Should be capital and must contains minimum 3 characters :
Wrong Input : Fist letter Should be capital and must contains minimum 3 characters :
Wrong Input : Fist letter Should be capital and must contains minimum 3 characters :
Wrong Input : Fist letter Should be capital and must contains minimum 3 characters :
Wrong Input : Fist letter Should be capital and must contains minimum 3 characters :
Wrong Input : Fist letter Should be capital and must contains minimum 3 characters :
Wrong Input : Fist letter Should be capital and must contains minimum 3 characters :
Wrong Input : Fist letter Should be capital and must contains minimum 3 characters :
Wrong Input : Fist letter Should be capital and must contains minimum 3 characters :
Wrong Input : Fist letter Should be capital and must contains minimum 3 characters :
Wrong Input : Fist letter Should be capital and must contains minimum 3 characters :
Wrong Input : Fist letter Should be capital and must contains minimum 3 characters :
Wrong Input : Fist letter Should be capital and must contains minimum 3 characters :
Wrong Input : Fist letter Should be capital and must contains minimum 3 characters :
Wrong Input : Fist letter Should be capital and must contains minimum 3 characters :
Wrong Input : Fist letter Should be capital and must contains minimum 3 characters :
Wrong Input : Fist letter Should be capital and must contains minimum 3 characters :
Wrong Input : Fist letter Should be capital and must contains minimum 3 characters :
Wrong Input : Fist letter Should be capital and must contains minimum 3 characters :
Wrong Input : Fist letter Should be capital and must contains minimum 3 characters :
Wrong Input : Fist letter Should be capital and must contains minimum 3 characters :
Wrong Input : Fist letter Should be capital and must contains minimum 3 characters :
Wrong Input : Fist letter Should be capital and must contains minimum 3 characters :
Wrong Input : Fist letter Should be capital and must contains minimum 3 characters :
Wrong Input : Fist letter Should be capital and must contains minimum 3 characters :
Wrong Input : Fist letter Should be capital and must contains minimum 3 characters :
Wrong Input : Fist letter Should be capital and must contains minimum 3 characters :
Wrong Input : Fist letter Should be capital and must contains minimum 3 characters :
Wrong Input : Fist letter Should be capital and must contains minimum 3 characters :
Wrong Input : Fist letter Should be capital and must contains minimum 3 characters :
Wrong Input : Fist letter Should be capital and must contains minimum 3 characters :
Wrong Input : Fist letter Should be capital and must contains minimum 3 characters :
Wrong Input : Fist letter Should be capital and must contains minimum 3 characters :
Wrong Input : Fist letter Should be capital and must contains minimum 3 characters :
Wrong Input : Fist letter Should be capital and must contains minimum 3 characters :
Wrong Input : Fist letter Should be capital and must contains minimum 3 characters :
Wrong Input : Fist letter Should be capital and must contains minimum 3 characters :
Wrong Input : Fist letter Should be capital and must contains minimum 3 characters :
Wrong Input : Fist letter Should be capital and must contains minimum 3 characters :
Wrong Input : Fist letter Should be capital and must contains minimum 3 characters :
Wrong Input : Fist letter Should be capital and must contains minimum 3 characters :
Wrong Input : Fist letter Should be capital and must contains minimum 3 characters :
Wrong Input : Fist letter Should be capital and must contains minimum 3 characters :
Wrong Input : Fist letter Should be capital and must contains minimum 3 characters :
Wrong Input : Fist letter Should be capital and must contains minimum 3 characters :
Wrong Input : Fist letter Should be capital and must contains minimum 3 characters :
Wrong Input : Fist letter Should be capital and must contains minimum 3 characters :
Wrong Input : Fist letter Should be capital and must contains minimum 3 characters :
Wrong Input : Fist letter Should be capital and must contains minimum 3 characters :
Wrong Input : Fist letter Should be capital and must contains minimum 3 characters :
Wrong Input : Fist letter Should be capital and must contains minimum 3 characters :
Wrong Input : Fist letter Should be capital and must contains minimum 3 characters :
Wrong Input : Fist letter Should be capital and must contains minimum 3 characters :
Wrong Input : Fist letter Should be capital and must contains minimum 3 characters :
Wrong Input : Fist letter Should be capital and must contains minimum 3 characters :
Wrong Input : Fist letter Should be capital and must contains minimum 3 characters :
Wrong Input : Fist letter Should be capital and must contains minimum 3 characters :
Wrong Input : Fist letter Should be capital and must contains minimum 3 characters :
Wrong Input : Fist letter Should be capital and must contains minimum 3 characters :
Wrong Input : Fist letter Should be capital and must contains minimum 3 characters :
Wrong Input : Fist letter Should be capital and must contains minimum 3 characters :
Wrong Input : Fist letter Should be capital and must contains minimum 3 characters :
Wrong Input : Fist letter Should be capital and must contains minimum 3 characters :
Wrong Input : Fist letter Should be capital and must contains minimum 3 characters :
Wrong Input : Fist letter Should be capital and must contains minimum 3 characters :
Wrong Input : Fist letter Should be capital and must contains minimum 3 characters :
Wrong Input : Fist letter Should be capital and must contains minimum 3 characters :
Wrong Input : Fist letter Should be capital and must contains minimum 3 characters :
Wrong Input : Fist letter Should be capital and must contains minimum 3 characters :
Wrong Input : Fist letter Should be capital and must contains minimum 3 characters :
Wrong Input : Fist letter Should be capital and must contains minimum 3 characters :
Wrong Input : Fist letter Should be capital and must contains minimum 3 characters :
Wrong Input : Fist letter Should be capital and must contains minimum 3 characters :
Wrong Input : Fist letter Should be capital and must contains minimum 3 characters :
Wrong Input : Fist letter Should be capital and must contains minimum 3 characters :
Wrong Input : Fist letter Should be capital and must contains minimum 3 characters :
Wrong Input : Fist letter Should be capital and must contains minimum 3 characters :
Wrong Input : Fist letter Should be capital and must contains minimum 3 characters :
Wrong Input : Fist letter Should be capital and must contains minimum 3 characters :
Wrong Input : Fist letter Should be capital and must contains minimum 3 characters :
Wrong Input : Fist letter Should be capital and must contains minimum 3 characters :
Wrong Input : Fist letter Should be capital and must contains minimum 3 characters :
Wrong Input : Fist letter Should be capital and must contains minimum 3 characters :
Wrong Input : Fist letter Should be capital and must contains minimum 3 characters :
Wrong Input : Fist letter Should be capital and must contains minimum 3 characters :
Wrong Input : Fist letter Should be capital and must contains minimum 3 characters :
Wrong Input : Fist letter Should be capital and must contains minimum 3 characters :
Wrong Input : Fist letter Should be capital and must contains minimum 3 characters :
Wrong Input : Fist letter Should be capital and must contains minimum 3 characters :
Wrong Input : Fist letter Should be capital and must contains minimum 3 characters :
Wrong Input : Fist letter Should be capital and must contains minimum 3 characters :
Wrong Input : Fist letter Should be capital and must contains minimum 3 characters :
Wrong Input : Fist letter Should be capital and must contains minimum 3 characters :
Wrong Input : Fist letter Should be capital and must contains minimum 3 characters :
Wrong Input : Fist letter Should be capital and must contains minimum 3 characters :
Wrong Input : Fist letter Should be capital and must contains minimum 3 characters :
Wrong Input : Fist letter Should be capital and must contains minimum 3 characters :
Wrong Input : Fist letter Should be capital and must contains minimum 3 characters :
Wrong Input : Fist letter Should be capital and must contains minimum 3 characters :
Wrong Input : Fist letter Should be capital and must contains minimum 3 characters :
Wrong Input : Fist letter Should be capital and must contains minimum 3 characters :
Wrong Input : Fist letter Should be capital and must contains minimum 3 characters :
Wrong Input : Fist letter Should be capital and must contains minimum 3 characters :
Wrong Input : Fist letter Should be capital and must contains minimum 3 characters :
Wrong Input : Fist letter Should be capital and must contains minimum 3 characters :
Wrong Input : Fist letter Should be capital and must contains minimum 3 characters :
Wrong Input : Fist letter Should be capital and must contains minimum 3 characters :
Wrong Input : Fist letter Should be capital and must contains minimum 3 characters :
Wrong Input : Fist letter Should be capital and must contains minimum 3 characters :
Wrong Input : Fist letter Should be capital and must contains minimum 3 characters :
Wrong Input : Fist letter Should be capital and must contains minimum 3 characters :
Wrong Input : Fist letter Should be capital and must contains minimum 3 characters :
Wrong Input : Fist letter Should be capital and must contains minimum 3 characters :
Wrong Input : Fist letter Should be capital and must contains minimum 3 characters :
Wrong Input : Fist letter Should be capital and must contains minimum 3 characters :
Wrong Input : Fist letter Should be capital and must contains minimum 3 characters :
Wrong Input : Fist letter Should be capital and must contains minimum 3 characters :
Wrong Input : Fist letter Should be capital and must contains minimum 3 characters :
Wrong Input : Fist letter Should be capital and must contains minimum 3 characters :
Wrong Input : Fist letter Should be capital and must contains minimum 3 characters :
Wrong Input : Fist letter Should be capital and must contains minimum 3 characters :
Wrong Input : Fist letter Should be capital and must contains minimum 3 characters :
Wrong Input : Fist letter Should be capital and must contains minimum 3 characters :
Wrong Input : Fist letter Should be capital and must contains minimum 3 characters :
Wrong Input : Fist letter Should be capital and must contains minimum 3 characters :
Wrong Input : Fist letter Should be capital and must contains minimum 3 characters :
Wrong Input : Fist letter Should be capital and must contains minimum 3 characters :
Wrong Input : Fist letter Should be capital and must contains minimum 3 characters :
Wrong Input : Fist letter Should be capital and must contains minimum 3 characters :
Wrong Input : Fist letter Should be capital and must contains minimum 3 characters :
Wrong Input : Fist letter Should be capital and must contains minimum 3 characters :
Wrong Input : Fist letter Should be capital and must contains minimum 3 characters :
Wrong Input : Fist letter Should be capital and must contains minimum 3 characters :
Wrong Input : Fist letter Should be capital and must contains minimum 3 characters :
Wrong Input : Fist letter Should be capital and must contains minimum 3 characters :
Wrong Input : Fist letter Should be capital and must contains minimum 3 characters :
Wrong Input : Fist letter Should be capital and must contains minimum 3 characters :
Wrong Input : Fist letter Should be capital and must contains minimum 3 characters :
Wrong Input : Fist letter Should be capital and must contains minimum 3 characters :
Wrong Input : Fist letter Should be capital and must contains minimum 3 characters :
Wrong Input : Fist letter Should be capital and must contains minimum 3 characters :
Wrong Input : Fist letter Should be capital and must contains minimum 3 characters :
Wrong Input : Fist letter Should be capital and must contains minimum 3 characters :
Wrong Input : Fist letter Should be capital and must contains minimum 3 characters :
Wrong Input : Fist letter Should be capital and must contains minimum 3 characters :
Wrong Input : Fist letter Should be capital and must contains minimum 3 characters :
Wrong Input : Fist letter Should be capital and must contains minimum 3 characters :
Wrong Input : Fist letter Should be capital and must contains minimum 3 characters :
Wrong Input : Fist letter Should be capital and must contains minimum 3 characters :
Wrong Input : Fist letter Should be capital and must contains minimum 3 characters :
Wrong Input : Fist letter Should be capital and must contains minimum 3 characters :
Wrong Input : Fist letter Should be capital and must contains minimum 3 characters :
Wrong Input : Fist letter Should be capital and must contains minimum 3 characters :
Wrong Input : Fist letter Should be capital and must contains minimum 3 characters :
Wrong Input : Fist letter Should be capital and must contains minimum 3 characters :
Wrong Input : Fist letter Should be capital and must contains minimum 3 characters :
Wrong Input : Fist letter Should be capital and must contains minimum 3 characters :
Wrong Input : Fist letter Should be capital and must contains minimum 3 characters :
Wrong Input : Fist letter Should be capital and must contains minimum 3 characters :
Wrong Input : Fist letter Should be capital and must contains minimum 3 characters :
Wrong Input : Fist letter Should be capital and must contains minimum 3 characters :
Wrong Input : Fist letter Should be capital and must contains minimum 3 characters :
Wrong Input : Fist letter Should be capital and must contains minimum 3 characters :
Wrong Input : Fist letter Should be capital and must contains minimum 3 characters :
Wrong Input : Fist letter Should be capital and must contains minimum 3 characters :
Wrong Input : Fist letter Should be capital and must contains minimum 3 characters :
Wrong Input : Fist letter Should be capital and must contains minimum 3 characters :
Wrong Input : Fist letter Should be capital and must contains minimum 3 characters :
Wrong Input : Fist letter Should be capital and must contains minimum 3 characters :
Wrong Input : Fist letter Should be capital and must contains minimum 3 characters :
Wrong Input : Fist letter Should be capital and must contains minimum 3 characters :
Wrong Input : Fist letter Should be capital and must contains minimum 3 characters :
Wrong Input : Fist letter Should be capital and must contains minimum 3 characters :
Wrong Input : Fist letter Should be capital and must contains minimum 3 characters :
Wrong Input : Fist letter Should be capital and must contains minimum 3 characters :
Wrong Input : Fist letter Should be capital and must contains minimum 3 characters :
Wrong Input : Fist letter Should be capital and must contains minimum 3 characters :
Wrong Input : Fist letter Should be capital and must contains minimum 3 characters :
Wrong Input : Fist letter Should be capital and must contains minimum 3 characters :
Wrong Input : Fist letter Should be capital and must contains minimum 3 characters :
Wrong Input : Fist letter Should be capital and must contains minimum 3 characters :
Wrong Input : Fist letter Should be capital and must contains minimum 3 characters :
Wrong Input : Fist letter Should be capital and must contains minimum 3 characters :
Wrong Input : Fist letter Should be capital and must contains minimum 3 characters :
Wrong Input : Fist letter Should be capital and must contains minimum 3 characters :
Wrong Input : Fist letter Should be capital and must contains minimum 3 characters :
Wrong Input : Fist letter Should be capital and must contains minimum 3 characters :
Wrong Input : Fist letter Should be capital and must contains minimum 3 characters :
Wrong Input : Fist letter Should be capital and must contains minimum 3 characters :
Wrong Input : Fist letter Should be capital and must contains minimum 3 characters :
Wrong Input : Fist letter Should be capital and must contains minimum 3 characters :
Wrong Input : Fist letter Should be capital and must contains minimum 3 characters :
Wrong Input : Fist letter Should be capital and must contains minimum 3 characters :
Wrong Input : Fist letter Should be capital and must contains minimum 3 characters :
Wrong Input : Fist letter Should be capital and must contains minimum 3 characters :
Wrong Input : Fist letter Should be capital and must contains minimum 3 characters :
Wrong Input : Fist letter Should be capital and must contains minimum 3 characters :
Wrong Input : Fist letter Should be capital and must contains minimum 3 characters :
Wrong Input : Fist letter Should be capital and must contains minimum 3 characters :
Wrong Input : Fist letter Should be capital and must contains minimum 3 characters :
Wrong Input : Fist letter Should be capital and must contains minimum 3 characters :
Wrong Input : Fist letter Should be capital and must contains minimum 3 characters :
Wrong Input : Fist letter Should be capital and must contains minimum 3 characters :
Wrong Input : Fist letter Should be capital and must contains minimum 3 characters :
Wrong Input : Fist letter Should be capital and must contains minimum 3 characters :
Wrong Input : Fist letter Should be capital and must contains minimum 3 characters :
Wrong Input : Fist letter Should be capital and must contains minimum 3 characters :
Wrong Input : Fist letter Should be capital and must contains minimum 3 characters :
Wrong Input : Fist letter Should be capital and must contains minimum 3 characters :
Wrong Input : Fist letter Should be capital and must contains minimum 3 characters :
Wrong Input : Fist letter Should be capital and must contains minimum 3 characters :
Wrong Input : Fist letter Should be capital and must contains minimum 3 characters :
Wrong Input : Fist letter Should be capital and must contains minimum 3 characters :
Wrong Input : Fist letter Should be capital and must contains minimum 3 characters :
Wrong Input : Fist letter Should be capital and must contains minimum 3 characters :
Wrong Input : Fist letter Should be capital and must contains minimum 3 characters :
Wrong Input : Fist letter Should be capital and must contains minimum 3 characters :
Wrong Input : Fist letter Should be capital and must contains minimum 3 characters :
Wrong Input : Fist letter Should be capital and must contains minimum 3 characters :
Wrong Input : Fist letter Should be capital and must contains minimum 3 characters :
Wrong Input : Fist letter Should be capital and must contains minimum 3 characters :
Wrong Input : Fist letter Should be capital and must contains minimum 3 characters :
Wrong Input : Fist letter Should be capital and must contains minimum 3 characters :
Wrong Input : Fist letter Should be capital and must contains minimum 3 characters :
Wrong Input : Fist letter Should be capital and must contains minimum 3 characters :
Wrong Input : Fist letter Should be capital and must contains minimum 3 characters :
Wrong Input : Fist letter Should be capital and must contains minimum 3 characters :
Wrong Input : Fist letter Should be capital and must contains minimum 3 characters :
Wrong Input : Fist letter Should be capital and must contains minimum 3 characters :
Wrong Input : Fist letter Should be capital and must contains minimum 3 characters :
Wrong Input : Fist letter Should be capital and must contains minimum 3 characters :
Wrong Input : Fist letter Should be capital and must contains minimum 3 characters :
Wrong Input : Fist letter Should be capital and must contains minimum 3 characters :
Wrong Input : Fist letter Should be capital and must contains minimum 3 characters :
Wrong Input : Fist letter Should be capital and must contains minimum 3 characters :
Wrong Input : Fist letter Should be capital and must contains minimum 3 characters :
Wrong Input : Fist letter Should be capital and must contains minimum 3 characters :
Wrong Input : Fist letter Should be capital and must contains minimum 3 characters :
Wrong Input : Fist letter Should be capital and must contains minimum 3 characters :
Wrong Input : Fist letter Should be capital and must contains minimum 3 characters :
Wrong Input : Fist letter Should be capital and must contains minimum 3 characters :
Wrong Input : Fist letter Should be capital and must contains minimum 3 characters :
Wrong Input : Fist letter Should be capital and must contains minimum 3 characters :
Wrong Input : Fist letter Should be capital and must contains minimum 3 characters :
Wrong Input : Fist letter Should be capital and must contains minimum 3 characters :
Wrong Input : Fist letter Should be capital and must contains minimum 3 characters :
Wrong Input : Fist letter Should be capital and must contains minimum 3 characters :
Wrong Input : Fist letter Should be capital and must contains minimum 3 characters :
Wrong Input : Fist letter Should be capital and must contains minimum 3 characters :
Wrong Input : Fist letter Should be capital and must contains minimum 3 characters :
Wrong Input : Fist letter Should be capital and must contains minimum 3 characters :
Wrong Input : Fist letter Should be capital and must contains minimum 3 characters :
Wrong Input : Fist letter Should be capital and must contains minimum 3 characters :
Wrong Input : Fist letter Should be capital and must contains minimum 3 characters :
Wrong Input : Fist letter Should be capital and must contains minimum 3 characters :
Wrong Input : Fist letter Should be capital and must contains minimum 3 characters :
Wrong Input : Fist letter Should be capital and must contains minimum 3 characters :
Wrong Input : Fist letter Should be capital and must contains minimum 3 characters :
Wrong Input : Fist letter Should be capital and must contains minimum 3 characters :
Wrong Input : Fist letter Should be capital and must contains minimum 3 characters :
Wrong Input : Fist letter Should be capital and must contains minimum 3 characters :
Wrong Input : Fist letter Should be capital and must contains minimum 3 characters :
Wrong Input : Fist letter Should be capital and must contains minimum 3 characters :
Wrong Input : Fist letter Should be capital and must contains minimum 3 characters :
Wrong Input : Fist letter Should be capital and must contains minimum 3 characters :
Wrong Input : Fist letter Should be capital and must contains minimum 3 characters :
Wrong Input : Fist letter Should be capital and must contains minimum 3 characters :
Wrong Input : Fist letter Should be capital and must contains minimum 3 characters :
Wrong Input : Fist letter Should be capital and must contains minimum 3 characters :
Wrong Input : Fist letter Should be capital and must contains minimum 3 characters :
Wrong Input : Fist letter Should be capital and must contains minimum 3 characters :
Wrong Input : Fist letter Should be capital and must contains minimum 3 characters :
Wrong Input : Fist letter Should be capital and must contains minimum 3 characters :
Wrong Input : Fist letter Should be capital and must contains minimum 3 characters :
Wrong Input : Fist letter Should be capital and must contains minimum 3 characters :
Wrong Input : Fist letter Should be capital and must contains minimum 3 characters :
Wrong Input : Fist letter Should be capital and must contains minimum 3 characters :
Wrong Input : Fist letter Should be capital and must contains minimum 3 characters :
Wrong Input : Fist letter Should be capital and must contains minimum 3 characters :
Wrong Input : Fist letter Should be capital and must contains minimum 3 characters :
Wrong Input : Fist letter Should be capital and must contains minimum 3 characters :
Wrong Input : Fist letter Should be capital and must contains minimum 3 characters :
Wrong Input : Fist letter Should be capital and must contains minimum 3 characters :
Wrong Input : Fist letter Should be capital and must contains minimum 3 characters :
Wrong Input : Fist letter Should be capital and must contains minimum 3 characters :
Wrong Input : Fist letter Should be capital and must contains minimum 3 characters :
Wrong Input : Fist letter Should be capital and must contains minimum 3 characters :
Wrong Input : Fist letter Should be capital and must contains minimum 3 characters :
Wrong Input : Fist letter Should be capital and must contains minimum 3 characters :
Wrong Input : Fist letter Should be capital and must contains minimum 3 characters :
Wrong Input : Fist letter Should be capital and must contains minimum 3 characters :
Wrong Input : Fist letter Should be capital and must contains minimum 3 characters :
Wrong Input : Fist letter Should be capital and must contains minimum 3 characters :
Wrong Input : Fist letter Should be capital and must contains minimum 3 characters :
Wrong Input : Fist letter Should be capital and must contains minimum 3 characters :
Wrong Input : Fist letter Should be capital and must contains minimum 3 characters :
Wrong Input : Fist letter Should be capital and must contains minimum 3 characters :
Wrong Input : Fist letter Should be capital and must contains minimum 3 characters :
Wrong Input : Fist letter Should be capital and must contains minimum 3 characters :
Wrong Input : Fist letter Should be capital and must contains minimum 3 characters :
Wrong Input : Fist letter Should be capital and must contains minimum 3 characters :
Wrong Input : Fist letter Should be capital and must contains minimum 3 characters :
Wrong Input : Fist letter Should be capital and must contains minimum 3 characters :
Wrong Input : Fist letter Should be capital and must contains minimum 3 characters :
Wrong Input : Fist letter Should be capital and must contains minimum 3 characters :
Wrong Input : Fist letter Should be capital and must contains minimum 3 characters :
Wrong Input : Fist letter Should be capital and must contains minimum 3 characters :
Wrong Input : Fist letter Should be capital and must contains minimum 3 characters :
Wrong Input : Fist letter Should be capital and must contains minimum 3 characters :
Wrong Input : Fist letter Should be capital and must contains minimum 3 characters :
Wrong Input : Fist letter Should be capital and must contains minimum 3 characters :
Wrong Input : Fist letter Should be capital and must contains minimum 3 characters :
Wrong Input : Fist letter Should be capital and must contains minimum 3 characters :
Wrong Input : Fist letter Should be capital and must contains minimum 3 characters :
Wrong Input : Fist letter Should be capital and must contains minimum 3 characters :
Wrong Input : Fist letter Should be capital and must contains minimum 3 characters :
Wrong Input : Fist letter Should be capital and must contains minimum 3 characters :
Wrong Input : Fist letter Should be capital and must contains minimum 3 characters :
Wrong Input : Fist letter Should be capital and must contains minimum 3 characters :
Wrong Input : Fist letter Should be capital and must contains minimum 3 characters :
Wrong Input : Fist letter Should be capital and must contains minimum 3 characters :
Wrong Input : Fist letter Should be capital and must contains minimum 3 characters :
Wrong Input : Fist letter Should be capital and must contains minimum 3 characters :
Wrong Input : Fist letter Should be capital and must contains minimum 3 characters :
Wrong Input : Fist letter Should be capital and must contains minimum 3 characters :
Wrong Input : Fist letter Should be capital and must contains minimum 3 characters :
Wrong Input : Fist letter Should be capital and must contains minimum 3 characters :
Wrong Input : Fist letter Should be capital and must contains minimum 3 characters :
Wrong Input : Fist letter Should be capital and must contains minimum 3 characters :
Wrong Input : Fist letter Should be capital and must contains minimum 3 characters :
Wrong Input : Fist letter Should be capital and must contains minimum 3 characters :
Wrong Input : Fist letter Should be capital and must contains minimum 3 characters :
Wrong Input : Fist letter Should be capital and must contains minimum 3 characters :
Wrong Input : Fist letter Should be capital and must contains minimum 3 characters :
Wrong Input : Fist letter Should be capital and must contains minimum 3 characters :
Wrong Input : Fist letter Should be capital and must contains minimum 3 characters :
Wrong Input : Fist letter Should be capital and must contains minimum 3 characters :
Wrong Input : Fist letter Should be capital and must contains minimum 3 characters :
Wrong Input : Fist letter Should be capital and must contains minimum 3 characters :
Wrong Input : Fist letter Should be capital and must contains minimum 3 characters :
Wrong Input : Fist letter Should be capital and must contains minimum 3 characters :
Wrong Input : Fist letter Should be capital and must contains minimum 3 characters :
Wrong Input : Fist letter Should be capital and must contains minimum 3 characters :
Wrong Input : Fist letter Should be capital and must contains minimum 3 characters :
Wrong Input : Fist letter Should be capital and must contains minimum 3 characters :
Wrong Input : Fist letter Should be capital and must contains minimum 3 characters :
Wrong Input : Fist letter Should be capital and must contains minimum 3 characters :
Wrong Input : Fist letter Should be capital and must contains minimum 3 characters :
Wrong Input : Fist letter Should be capital and must contains minimum 3 characters :
Wrong Input : Fist letter Should be capital and must contains minimum 3 characters :
Wrong Input : Fist letter Should be capital and must contains minimum 3 characters :
Wrong Input : Fist letter Should be capital and must contains minimum 3 characters :
Wrong Input : Fist letter Should be capital and must contains minimum 3 characters :
Wrong Input : Fist letter Should be capital and must contains minimum 3 characters :
Wrong Input : Fist letter Should be capital and must contains minimum 3 characters :
Wrong Input : Fist letter Should be capital and must contains minimum 3 characters :
Wrong Input : Fist letter Should be capital and must contains minimum 3 characters :
Wrong Input : Fist letter Should be capital and must contains minimum 3 characters :
Wrong Input : Fist letter Should be capital and must contains minimum 3 characters :
Wrong Input : Fist letter Should be capital and must contains minimum 3 characters :
Wrong Input : Fist letter Should be capital and must contains minimum 3 characters :
Wrong Input : Fist letter Should be capital and must contains minimum 3 characters :
Wrong Input : Fist letter Should be capital and must contains minimum 3 characters :
Wrong Input : Fist letter Should be capital and must contains minimum 3 characters :
Wrong Input : Fist letter Should be capital and must contains minimum 3 characters :
Wrong Input : Fist letter Should be capital and must contains minimum 3 characters :
Wrong Input : Fist letter Should be capital and must contains minimum 3 characters :
Wrong Input : Fist letter Should be capital and must contains minimum 3 characters :
Wrong Input : Fist letter Should be capital and must contains minimum 3 characters :
Wrong Input : Fist letter Should be capital and must contains minimum 3 characters :
Wrong Input : Fist letter Should be capital and must contains minimum 3 characters :
Wrong Input : Fist letter Should be capital and must contains minimum 3 characters :
Wrong Input : Fist letter Should be capital and must contains minimum 3 characters :
Wrong Input : Fist letter Should be capital and must contains minimum 3 characters :
Wrong Input : Fist letter Should be capital and must contains minimum 3 characters :
Wrong Input : Fist letter Should be capital and must contains minimum 3 characters :
Wrong Input : Fist letter Should be capital and must contains minimum 3 characters :
Wrong Input : Fist letter Should be capital and must contains minimum 3 characters :
Wrong Input : Fist letter Should be capital and must contains minimum 3 characters :
Wrong Input : Fist letter Should be capital and must contains minimum 3 characters :
Wrong Input : Fist letter Should be capital and must contains minimum 3 characters :
Wrong Input : Fist letter Should be capital and must contains minimum 3 characters :
Wrong Input : Fist letter Should be capital and must contains minimum 3 characters :
Wrong Input : Fist letter Should be capital and must contains minimum 3 characters :
Wrong Input : Fist letter Should be capital and must contains minimum 3 characters :
Wrong Input : Fist letter Should be capital and must contains minimum 3 characters :
Wrong Input : Fist letter Should be capital and must contains minimum 3 characters :
Wrong Input : Fist letter Should be capital and must contains minimum 3 characters :
Wrong Input : Fist letter Should be capital and must contains minimum 3 characters :
Wrong Input : Fist letter Should be capital and must contains minimum 3 characters :
Wrong Input : Fist letter Should be capital and must contains minimum 3 characters :
Wrong Input : Fist letter Should be capital and must contains minimum 3 characters :
Wrong Input : Fist letter Should be capital and must contains minimum 3 characters :
Wrong Input : Fist letter Should be capital and must contains minimum 3 characters :
Wrong Input : Fist letter Should be capital and must contains minimum 3 characters :
Wrong Input : Fist letter Should be capital and must contains minimum 3 characters :
Wrong Input : Fist letter Should be capital and must contains minimum 3 characters :
Wrong Input : Fist letter Should be capital and must contains minimum 3 characters :
Wrong Input : Fist letter Should be capital and must contains minimum 3 characters :
Wrong Input : Fist letter Should be capital and must contains minimum 3 characters :
Wrong Input : Fist letter Should be capital and must contains minimum 3 characters :
Wrong Input : Fist letter Should be capital and must contains minimum 3 characters :
Wrong Input : Fist letter Should be capital and must contains minimum 3 characters :
Wrong Input : Fist letter Should be capital and must contains minimum 3 characters :
Wrong Input : Fist letter Should be capital and must contains minimum 3 characters :
Wrong Input : Fist letter Should be capital and must contains minimum 3 characters :
Wrong Input : Fist letter Should be capital and must contains minimum 3 characters :
Wrong Input : Fist letter Should be capital and must contains minimum 3 characters :
Wrong Input : Fist letter Should be capital and must contains minimum 3 characters :
Wrong Input : Fist letter Should be capital and must contains minimum 3 characters :
Wrong Input : Fist letter Should be capital and must contains minimum 3 characters :
Wrong Input : Fist letter Should be capital and must contains minimum 3 characters :
Wrong Input : Fist letter Should be capital and must contains minimum 3 characters :
Wrong Input : Fist letter Should be capital and must contains minimum 3 characters :
Wrong Input : Fist letter Should be capital and must contains minimum 3 characters :
Wrong Input : Fist letter Should be capital and must contains minimum 3 characters :
Wrong Input : Fist letter Should be capital and must contains minimum 3 characters :
Wrong Input : Fist letter Should be capital and must contains minimum 3 characters :
Wrong Input : Fist letter Should be capital and must contains minimum 3 characters :
Wrong Input : Fist letter Should be capital and must contains minimum 3 characters :
Wrong Input : Fist letter Should be capital and must contains minimum 3 characters :
Wrong Input : Fist letter Should be capital and must contains minimum 3 characters :
Wrong Input : Fist letter Should be capital and must contains minimum 3 characters :
Wrong Input : Fist letter Should be capital and must contains minimum 3 characters :
Wrong Input : Fist letter Should be capital and must contains minimum 3 characters :
Wrong Input : Fist letter Should be capital and must contains minimum 3 characters :
Wrong Input : Fist letter Should be capital and must contains minimum 3 characters :
Wrong Input : Fist letter Should be capital and must contains minimum 3 characters :
Wrong Input : Fist letter Should be capital and must contains minimum 3 characters :
Wrong Input : Fist letter Should be capital and must contains minimum 3 characters :
Wrong Input : Fist letter Should be capital and must contains minimum 3 characters :
Wrong Input : Fist letter Should be capital and must contains minimum 3 characters :
Wrong Input : Fist letter Should be capital and must contains minimum 3 characters :
Wrong Input : Fist letter Should be capital and must contains minimum 3 characters :
Wrong Input : Fist letter Should be capital and must contains minimum 3 characters :
Wrong Input : Fist letter Should be capital and must contains minimum 3 characters :
Wrong Input : Fist letter Should be capital and must contains minimum 3 characters :
Wrong Input : Fist letter Should be capital and must contains minimum 3 characters :
Wrong Input : Fist letter Should be capital and must contains minimum 3 characters :
Wrong Input : Fist letter Should be capital and must contains minimum 3 characters :
Wrong Input : Fist letter Should be capital and must contains minimum 3 characters :
Wrong Input : Fist letter Should be capital and must contains minimum 3 characters :
Wrong Input : Fist letter Should be capital and must contains minimum 3 characters :
Wrong Input : Fist letter Should be capital and must contains minimum 3 characters :
Wrong Input : Fist letter Should be capital and must contains minimum 3 characters :
Wrong Input : Fist letter Should be capital and must contains minimum 3 characters :
Wrong Input : Fist letter Should be capital and must contains minimum 3 characters :
Wrong Input : Fist letter Should be capital and must contains minimum 3 characters :
Wrong Input : Fist letter Should be capital and must contains minimum 3 characters :
Wrong Input : Fist letter Should be capital and must contains minimum 3 characters :
Wrong Input : Fist letter Should be capital and must contains minimum 3 characters :
Wrong Input : Fist letter Should be capital and must contains minimum 3 characters :
Wrong Input : Fist letter Should be capital and must contains minimum 3 characters :
Wrong Input : Fist letter Should be capital and must contains minimum 3 characters :
Wrong Input : Fist letter Should be capital and must contains minimum 3 characters :
Wrong Input : Fist letter Should be capital and must contains minimum 3 characters :
Wrong Input : Fist letter Should be capital and must contains minimum 3 characters :
Wrong Input : Fist letter Should be capital and must contains minimum 3 characters :
Wrong Input : Fist letter Should be capital and must contains minimum 3 characters :
Wrong Input : Fist letter Should be capital and must contains minimum 3 characters :
Wrong Input : Fist letter Should be capital and must contains minimum 3 characters :
Wrong Input : Fist letter Should be capital and must contains minimum 3 characters :
Wrong Input : Fist letter Should be capital and must contains minimum 3 characters :
Wrong Input : Fist letter Should be capital and must contains minimum 3 characters :
Wrong Input : Fist letter Should be capital and must contains minimum 3 characters :
Wrong Input : Fist letter Should be capital and must contains minimum 3 characters :
Wrong Input : Fist letter Should be capital and must contains minimum 3 characters :
Wrong Input : Fist letter Should be capital and must contains minimum 3 characters :
Wrong Input : Fist letter Should be capital and must contains minimum 3 characters :
Wrong Input : Fist letter Should be capital and must contains minimum 3 characters :
Wrong Input : Fist letter Should be capital and must contains minimum 3 characters :
Wrong Input : Fist letter Should be capital and must contains minimum 3 characters :
Wrong Input : Fist letter Should be capital and must contains minimum 3 characters :
Wrong Input : Fist letter Should be capital and must contains minimum 3 characters :
Wrong Input : Fist letter Should be capital and must contains minimum 3 characters :
Wrong Input : Fist letter Should be capital and must contains minimum 3 characters :
Wrong Input : Fist letter Should be capital and must contains minimum 3 characters :
Wrong Input : Fist letter Should be capital and must contains minimum 3 characters :
Wrong Input : Fist letter Should be capital and must contains minimum 3 characters :
Wrong Input : Fist letter Should be capital and must contains minimum 3 characters :
Wrong Input : Fist letter Should be capital and must contains minimum 3 characters :
Wrong Input : Fist letter Should be capital and must contains minimum 3 characters :
Wrong Input : Fist letter Should be capital and must contains minimum 3 characters :
Wrong Input : Fist letter Should be capital and must contains minimum 3 characters :
Wrong Input : Fist letter Should be capital and must contains minimum 3 characters :
Wrong Input : Fist letter Should be capital and must contains minimum 3 characters :
Wrong Input : Fist letter Should be capital and must contains minimum 3 characters :
Wrong Input : Fist letter Should be capital and must contains minimum 3 characters :
Wrong Input : Fist letter Should be capital and must contains minimum 3 characters :
Wrong Input : Fist letter Should be capital and must contains minimum 3 characters :
Wrong Input : Fist letter Should be capital and must contains minimum 3 characters :
Wrong Input : Fist letter Should be capital and must contains minimum 3 characters :
Wrong Input : Fist letter Should be capital and must contains minimum 3 characters :
Wrong Input : Fist letter Should be capital and must contains minimum 3 characters :
Wrong Input : Fist letter Should be capital and must contains minimum 3 characters :
Wrong Input : Fist letter Should be capital and must contains minimum 3 characters :
Wrong Input : Fist letter Should be capital and must contains minimum 3 characters :
Wrong Input : Fist letter Should be capital and must contains minimum 3 characters :
Wrong Input : Fist letter Should be capital and must contains minimum 3 characters :
Wrong Input : Fist letter Should be capital and must contains minimum 3 characters :
Wrong Input : Fist letter Should be capital and must contains minimum 3 characters :
Wrong Input : Fist letter Should be capital and must contains minimum 3 characters :
Wrong Input : Fist letter Should be capital and must contains minimum 3 characters :
Wrong Input : Fist letter Should be capital and must contains minimum 3 characters :
Wrong Input : Fist letter Should be capital and must contains minimum 3 characters :
Wrong Input : Fist letter Should be capital and must contains minimum 3 characters :
Wrong Input : Fist letter Should be capital and must contains minimum 3 characters :
Wrong Input : Fist letter Should be capital and must contains minimum 3 characters :
Wrong Input : Fist letter Should be capital and must contains minimum 3 characters :
Wrong Input : Fist letter Should be capital and must contains minimum 3 characters :
Wrong Input : Fist letter Should be capital and must contains minimum 3 characters :
Wrong Input : Fist letter Should be capital and must contains minimum 3 characters :
Wrong Input : Fist letter Should be capital and must contains minimum 3 characters :
Wrong Input : Fist letter Should be capital and must contains minimum 3 characters :
Wrong Input : Fist letter Should be capital and must contains minimum 3 characters :
Wrong Input : Fist letter Should be capital and must contains minimum 3 characters :
Wrong Input : Fist letter Should be capital and must contains minimum 3 characters :
Wrong Input : Fist letter Should be capital and must contains minimum 3 characters :
Wrong Input : Fist letter Should be capital and must contains minimum 3 characters :
Wrong Input : Fist letter Should be capital and must contains minimum 3 characters :
Wrong Input : Fist letter Should be capital and must contains minimum 3 characters :
Wrong Input : Fist letter Should be capital and must contains minimum 3 characters :
Wrong Input : Fist letter Should be capital and must contains minimum 3 characters :
Wrong Input : Fist letter Should be capital and must contains minimum 3 characters :
Wrong Input : Fist letter Should be capital and must contains minimum 3 characters :
Wrong Input : Fist letter Should be capital and must contains minimum 3 characters :
Wrong Input : Fist letter Should be capital and must contains minimum 3 characters :
Wrong Input : Fist letter Should be capital and must contains minimum 3 characters :
Wrong Input : Fist letter Should be capital and must contains minimum 3 characters :
Wrong Input : Fist letter Should be capital and must contains minimum 3 characters :
Wrong Input : Fist letter Should be capital and must contains minimum 3 characters :
Wrong Input : Fist letter Should be capital and must contains minimum 3 characters :
Wrong Input : Fist letter Should be capital and must contains minimum 3 characters :
Wrong Input : Fist letter Should be capital and must contains minimum 3 characters :
Wrong Input : Fist letter Should be capital and must contains minimum 3 characters :
Wrong Input : Fist letter Should be capital and must contains minimum 3 characters :
Wrong Input : Fist letter Should be capital and must contains minimum 3 characters :
Wrong Input : Fist letter Should be capital and must contains minimum 3 characters :
Wrong Input : Fist letter Should be capital and must contains minimum 3 characters :
Wrong Input : Fist letter Should be capital and must contains minimum 3 characters :
Wrong Input : Fist letter Should be capital and must contains minimum 3 characters :
Wrong Input : Fist letter Should be capital and must contains minimum 3 characters :
Wrong Input : Fist letter Should be capital and must contains minimum 3 characters :
Wrong Input : Fist letter Should be capital and must contains minimum 3 characters :
Wrong Input : Fist letter Should be capital and must contains minimum 3 characters :
Wrong Input : Fist letter Should be capital and must contains minimum 3 characters :
Wrong Input : Fist letter Should be capital and must contains minimum 3 characters :
Wrong Input : Fist letter Should be capital and must contains minimum 3 characters :
Wrong Input : Fist letter Should be capital and must contains minimum 3 characters :
Wrong Input : Fist letter Should be capital and must contains minimum 3 characters :
Wrong Input : Fist letter Should be capital and must contains minimum 3 characters :
Wrong Input : Fist letter Should be capital and must contains minimum 3 characters :
Wrong Input : Fist letter Should be capital and must contains minimum 3 characters :
Wrong Input : Fist letter Should be capital and must contains minimum 3 characters :
Wrong Input : Fist letter Should be capital and must contains minimum 3 characters :
Wrong Input : Fist letter Should be capital and must contains minimum 3 characters :
Wrong Input : Fist letter Should be capital and must contains minimum 3 characters :
Wrong Input : Fist letter Should be capital and must contains minimum 3 characters :
Wrong Input : Fist letter Should be capital and must contains minimum 3 characters :
Wrong Input : Fist letter Should be capital and must contains minimum 3 characters :
Wrong Input : Fist letter Should be capital and must contains minimum 3 characters :
Wrong Input : Fist letter Should be capital and must contains minimum 3 characters :
Wrong Input : Fist letter Should be capital and must contains minimum 3 characters :
Wrong Input : Fist letter Should be capital and must contains minimum 3 characters :
Wrong Input : Fist letter Should be capital and must contains minimum 3 characters :
Wrong Input : Fist letter Should be capital and must contains minimum 3 characters :
Wrong Input : Fist letter Should be capital and must contains minimum 3 characters :
Wrong Input : Fist letter Should be capital and must contains minimum 3 characters :
Wrong Input : Fist letter Should be capital and must contains minimum 3 characters :
Wrong Input : Fist letter Should be capital and must contains minimum 3 characters :
Wrong Input : Fist letter Should be capital and must contains minimum 3 characters :
Wrong Input : Fist letter Should be capital and must contains minimum 3 characters :
Wrong Input : Fist letter Should be capital and must contains minimum 3 characters :
Wrong Input : Fist letter Should be capital and must contains minimum 3 characters :
Wrong Input : Fist letter Should be capital and must contains minimum 3 characters :
Wrong Input : Fist letter Should be capital and must contains minimum 3 characters :
Wrong Input : Fist letter Should be capital and must contains minimum 3 characters :
Wrong Input : Fist letter Should be capital and must contains minimum 3 characters :
Wrong Input : Fist letter Should be capital and must contains minimum 3 characters :
Wrong Input : Fist letter Should be capital and must contains minimum 3 characters :
Wrong Input : Fist letter Should be capital and must contains minimum 3 characters :
Wrong Input : Fist letter Should be capital and must contains minimum 3 characters :
Wrong Input : Fist letter Should be capital and must contains minimum 3 characters :
Wrong Input : Fist letter Should be capital and must contains minimum 3 characters :
Wrong Input : Fist letter Should be capital and must contains minimum 3 characters :
Wrong Input : Fist letter Should be capital and must contains minimum 3 characters :
Wrong Input : Fist letter Should be capital and must contains minimum 3 characters :
Wrong Input : Fist letter Should be capital and must contains minimum 3 characters :
Wrong Input : Fist letter Should be capital and must contains minimum 3 characters :
Wrong Input : Fist letter Should be capital and must contains minimum 3 characters :
Wrong Input : Fist letter Should be capital and must contains minimum 3 characters :
Wrong Input : Fist letter Should be capital and must contains minimum 3 characters :
Wrong Input : Fist letter Should be capital and must contains minimum 3 characters :
Wrong Input : Fist letter Should be capital and must contains minimum 3 characters :
Wrong Input : Fist letter Should be capital and must contains minimum 3 characters :
Wrong Input : Fist letter Should be capital and must contains minimum 3 characters :
Wrong Input : Fist letter Should be capital and must contains minimum 3 characters :
Wrong Input : Fist letter Should be capital and must contains minimum 3 characters :
Wrong Input : Fist letter Should be capital and must contains minimum 3 characters :
Wrong Input : Fist letter Should be capital and must contains minimum 3 characters :
Wrong Input : Fist letter Should be capital and must contains minimum 3 characters :
Wrong Input : Fist letter Should be capital and must contains minimum 3 characters :
Wrong Input : Fist letter Should be capital and must contains minimum 3 characters :
Wrong Input : Fist letter Should be capital and must contains minimum 3 characters :
Wrong Input : Fist letter Should be capital and must contains minimum 3 characters :
Wrong Input : Fist letter Should be capital and must contains minimum 3 characters :
Wrong Input : Fist letter Should be capital and must contains minimum 3 characters :
Wrong Input : Fist letter Should be capital and must contains minimum 3 characters :
Wrong Input : Fist letter Should be capital and must contains minimum 3 characters :
Wrong Input : Fist letter Should be capital and must contains minimum 3 characters :
Wrong Input : Fist letter Should be capital and must contains minimum 3 characters :
Wrong Input : Fist letter Should be capital and must contains minimum 3 characters :
Wrong Input : Fist letter Should be capital and must contains minimum 3 characters :
Wrong Input : Fist letter Should be capital and must contains minimum 3 characters :
Wrong Input : Fist letter Should be capital and must contains minimum 3 characters :
Wrong Input : Fist letter Should be capital and must contains minimum 3 characters :
Wrong Input : Fist letter Should be capital and must contains minimum 3 characters :
Wrong Input : Fist letter Should be capital and must contains minimum 3 characters :
Wrong Input : Fist letter Should be capital and must contains minimum 3 characters :
Wrong Input : Fist letter Should be capital and must contains minimum 3 characters :
Wrong Input : Fist letter Should be capital and must contains minimum 3 characters :
Wrong Input : Fist letter Should be capital and must contains minimum 3 characters :
Wrong Input : Fist letter Should be capital and must contains minimum 3 characters :
Wrong Input : Fist letter Should be capital and must contains minimum 3 characters :
Wrong Input : Fist letter Should be capital and must contains minimum 3 characters :
Wrong Input : Fist letter Should be capital and must contains minimum 3 characters :
Wrong Input : Fist letter Should be capital and must contains minimum 3 characters :
Wrong Input : Fist letter Should be capital and must contains minimum 3 characters :
Wrong Input : Fist letter Should be capital and must contains minimum 3 characters :
Wrong Input : Fist letter Should be capital and must contains minimum 3 characters :
Wrong Input : Fist letter Should be capital and must contains minimum 3 characters :
Wrong Input : Fist letter Should be capital and must contains minimum 3 characters :
Wrong Input : Fist letter Should be capital and must contains minimum 3 characters :
Wrong Input : Fist letter Should be capital and must contains minimum 3 characters :
Wrong Input : Fist letter Should be capital and must contains minimum 3 characters :
Wrong Input : Fist letter Should be capital and must contains minimum 3 characters :
Wrong Input : Fist letter Should be capital and must contains minimum 3 characters :
Wrong Input : Fist letter Should be capital and must contains minimum 3 characters :
Wrong Input : Fist letter Should be capital and must contains minimum 3 characters :
Wrong Input : Fist letter Should be capital and must contains minimum 3 characters :
Wrong Input : Fist letter Should be capital and must contains minimum 3 characters :
Wrong Input : Fist letter Should be capital and must contains minimum 3 characters :
Wrong Input : Fist letter Should be capital and must contains minimum 3 characters :
Wrong Input : Fist letter Should be capital and must contains minimum 3 characters :
Wrong Input : Fist letter Should be capital and must contains minimum 3 characters :
Wrong Input : Fist letter Should be capital and must contains minimum 3 characters :
Wrong Input : Fist letter Should be capital and must contains minimum 3 characters :
Wrong Input : Fist letter Should be capital and must contains minimum 3 characters :
Wrong Input : Fist letter Should be capital and must contains minimum 3 characters :
Wrong Input : Fist letter Should be capital and must contains minimum 3 characters :
Wrong Input : Fist letter Should be capital and must contains minimum 3 characters :
Wrong Input : Fist letter Should be capital and must contains minimum 3 characters :
Wrong Input : Fist letter Should be capital and must contains minimum 3 characters :
Wrong Input : Fist letter Should be capital and must contains minimum 3 characters :
Wrong Input : Fist letter Should be capital and must contains minimum 3 characters :
Wrong Input : Fist letter Should be capital and must contains minimum 3 characters :
Wrong Input : Fist letter Should be capital and must contains minimum 3 characters :
Wrong Input : Fist letter Should be capital and must contains minimum 3 characters :
Wrong Input : Fist letter Should be capital and must contains minimum 3 characters :
Wrong Input : Fist letter Should be capital and must contains minimum 3 characters :
Wrong Input : Fist letter Should be capital and must contains minimum 3 characters :
Wrong Input : Fist letter Should be capital and must contains minimum 3 characters :
Wrong Input : Fist letter Should be capital and must contains minimum 3 characters :
Wrong Input : Fist letter Should be capital and must contains minimum 3 characters :
Wrong Input : Fist letter Should be capital and must contains minimum 3 characters :
Wrong Input : Fist letter Should be capital and must contains minimum 3 characters :
Wrong Input : Fist letter Should be capital and must contains minimum 3 characters :
Wrong Input : Fist letter Should be capital and must contains minimum 3 characters :
Wrong Input : Fist letter Should be capital and must contains minimum 3 characters :
Wrong Input : Fist letter Should be capital and must contains minimum 3 characters :
Wrong Input : Fist letter Should be capital and must contains minimum 3 characters :
Wrong Input : Fist letter Should be capital and must contains minimum 3 characters :
Wrong Input : Fist letter Should be capital and must contains minimum 3 characters :
Wrong Input : Fist letter Should be capital and must contains minimum 3 characters :
Wrong Input : Fist letter Should be capital and must contains minimum 3 characters :
Wrong Input : Fist letter Should be capital and must contains minimum 3 characters :
Wrong Input : Fist letter Should be capital and must contains minimum 3 characters :
Wrong Input : Fist letter Should be capital and must contains minimum 3 characters :
Wrong Input : Fist letter Should be capital and must contains minimum 3 characters :
Wrong Input : Fist letter Should be capital and must contains minimum 3 characters :
Wrong Input : Fist letter Should be capital and must contains minimum 3 characters :
Wrong Input : Fist letter Should be capital and must contains minimum 3 characters :
Wrong Input : Fist letter Should be capital and must contains minimum 3 characters :
Wrong Input : Fist letter Should be capital and must contains minimum 3 characters :
Wrong Input : Fist letter Should be capital and must contains minimum 3 characters :
Wrong Input : Fist letter Should be capital and must contains minimum 3 characters :
Wrong Input : Fist letter Should be capital and must contains minimum 3 characters :
Wrong Input : Fist letter Should be capital and must contains minimum 3 characters :
Wrong Input : Fist letter Should be capital and must contains minimum 3 characters :
Wrong Input : Fist letter Should be capital and must contains minimum 3 characters :
Wrong Input : Fist letter Should be capital and must contains minimum 3 characters :
Wrong Input : Fist letter Should be capital and must contains minimum 3 characters :
Wrong Input : Fist letter Should be capital and must contains minimum 3 characters :
Wrong Input : Fist letter Should be capital and must contains minimum 3 characters :
Wrong Input : Fist letter Should be capital and must contains minimum 3 characters :
Wrong Input : Fist letter Should be capital and must contains minimum 3 characters :
Wrong Input : Fist letter Should be capital and must contains minimum 3 characters :
Wrong Input : Fist letter Should be capital and must contains minimum 3 characters :
Wrong Input : Fist letter Should be capital and must contains minimum 3 characters :
Wrong Input : Fist letter Should be capital and must contains minimum 3 characters :
Wrong Input : Fist letter Should be capital and must contains minimum 3 characters :
Wrong Input : Fist letter Should be capital and must contains minimum 3 characters :
Wrong Input : Fist letter Should be capital and must contains minimum 3 characters :
Wrong Input : Fist letter Should be capital and must contains minimum 3 characters :
Wrong Input : Fist letter Should be capital and must contains minimum 3 characters :
Wrong Input : Fist letter Should be capital and must contains minimum 3 characters :
Wrong Input : Fist letter Should be capital and must contains minimum 3 characters :
Wrong Input : Fist letter Should be capital and must contains minimum 3 characters :
Wrong Input : Fist letter Should be capital and must contains minimum 3 characters :
Wrong Input : Fist letter Should be capital and must contains minimum 3 characters :
Wrong Input : Fist letter Should be capital and must contains minimum 3 characters :
Wrong Input : Fist letter Should be capital and must contains minimum 3 characters :
Wrong Input : Fist letter Should be capital and must contains minimum 3 characters :
Wrong Input : Fist letter Should be capital and must contains minimum 3 characters :
Wrong Input : Fist letter Should be capital and must contains minimum 3 characters :
Wrong Input : Fist letter Should be capital and must contains minimum 3 characters :
Wrong Input : Fist letter Should be capital and must contains minimum 3 characters :
Wrong Input : Fist letter Should be capital and must contains minimum 3 characters :
Wrong Input : Fist letter Should be capital and must contains minimum 3 characters :
Wrong Input : Fist letter Should be capital and must contains minimum 3 characters :
Wrong Input : Fist letter Should be capital and must contains minimum 3 characters :
Wrong Input : Fist letter Should be capital and must contains minimum 3 characters :
Wrong Input : Fist letter Should be capital and must contains minimum 3 characters :
Wrong Input : Fist letter Should be capital and must contains minimum 3 characters :
Wrong Input : Fist letter Should be capital and must contains minimum 3 characters :
Wrong Input : Fist letter Should be capital and must contains minimum 3 characters :
Wrong Input : Fist letter Should be capital and must contains minimum 3 characters :
Wrong Input : Fist letter Should be capital and must contains minimum 3 characters :
Wrong Input : Fist letter Should be capital and must contains minimum 3 characters :
Wrong Input : Fist letter Should be capital and must contains minimum 3 characters :
Wrong Input : Fist letter Should be capital and must contains minimum 3 characters :
Wrong Input : Fist letter Should be capital and must contains minimum 3 characters :
Wrong Input : Fist letter Should be capital and must contains minimum 3 characters :
Wrong Input : Fist letter Should be capital and must contains minimum 3 characters :
Wrong Input : Fist letter Should be capital and must contains minimum 3 characters :
Wrong Input : Fist letter Should be capital and must contains minimum 3 characters :
Wrong Input : Fist letter Should be capital and must contains minimum 3 characters :
Wrong Input : Fist letter Should be capital and must contains minimum 3 characters :
Wrong Input : Fist letter Should be capital and must contains minimum 3 characters :
Wrong Input : Fist letter Should be capital and must contains minimum 3 characters :
Wrong Input : Fist letter Should be capital and must contains minimum 3 characters :
Wrong Input : Fist letter Should be capital and must contains minimum 3 characters :
Wrong Input : Fist letter Should be capital and must contains minimum 3 characters :
Wrong Input : Fist letter Should be capital and must contains minimum 3 characters :
Wrong Input : Fist letter Should be capital and must contains minimum 3 characters :
Wrong Input : Fist letter Should be capital and must contains minimum 3 characters :
Wrong Input : Fist letter Should be capital and must contains minimum 3 characters :
Wrong Input : Fist letter Should be capital and must contains minimum 3 characters :
Wrong Input : Fist letter Should be capital and must contains minimum 3 characters :
Wrong Input : Fist letter Should be capital and must contains minimum 3 characters :
Wrong Input : Fist letter Should be capital and must contains minimum 3 characters :
Wrong Input : Fist letter Should be capital and must contains minimum 3 characters :
Wrong Input : Fist letter Should be capital and must contains minimum 3 characters :
Wrong Input : Fist letter Should be capital and must contains minimum 3 characters :
Wrong Input : Fist letter Should be capital and must contains minimum 3 characters :
Wrong Input : Fist letter Should be capital and must contains minimum 3 characters :
Wrong Input : Fist letter Should be capital and must contains minimum 3 characters :
Wrong Input : Fist letter Should be capital and must contains minimum 3 characters :
Wrong Input : Fist letter Should be capital and must contains minimum 3 characters :
Wrong Input : Fist letter Should be capital and must contains minimum 3 characters :
Wrong Input : Fist letter Should be capital and must contains minimum 3 characters :
Wrong Input : Fist letter Should be capital and must contains minimum 3 characters :
Wrong Input : Fist letter Should be capital and must contains minimum 3 characters :
Wrong Input : Fist letter Should be capital and must contains minimum 3 characters :
Wrong Input : Fist letter Should be capital and must contains minimum 3 characters :
Wrong Input : Fist letter Should be capital and must contains minimum 3 characters :
Wrong Input : Fist letter Should be capital and must contains minimum 3 characters :
Wrong Input : Fist letter Should be capital and must contains minimum 3 characters :
Wrong Input : Fist letter Should be capital and must contains minimum 3 characters :
Wrong Input : Fist letter Should be capital and must contains minimum 3 characters :
Wrong Input : Fist letter Should be capital and must contains minimum 3 characters :
Wrong Input : Fist letter Should be capital and must contains minimum 3 characters :
Wrong Input : Fist letter Should be capital and must contains minimum 3 characters :
Wrong Input : Fist letter Should be capital and must contains minimum 3 characters :
Wrong Input : Fist letter Should be capital and must contains minimum 3 characters :
Wrong Input : Fist letter Should be capital and must contains minimum 3 characters :
Wrong Input : Fist letter Should be capital and must contains minimum 3 characters :
Wrong Input : Fist letter Should be capital and must contains minimum 3 characters :
Wrong Input : Fist letter Should be capital and must contains minimum 3 characters :
Wrong Input : Fist letter Should be capital and must contains minimum 3 characters :
Wrong Input : Fist letter Should be capital and must contains minimum 3 characters :
Wrong Input : Fist letter Should be capital and must contains minimum 3 characters :
Wrong Input : Fist letter Should be capital and must contains minimum 3 characters :
Wrong Input : Fist letter Should be capital and must contains minimum 3 characters :
Wrong Input : Fist letter Should be capital and must contains minimum 3 characters :
Wrong Input : Fist letter Should be capital and must contains minimum 3 characters :
Wrong Input : Fist letter Should be capital and must contains minimum 3 characters :
Wrong Input : Fist letter Should be capital and must contains minimum 3 characters :
Wrong Input : Fist letter Should be capital and must contains minimum 3 characters :
Wrong Input : Fist letter Should be capital and must contains minimum 3 characters :
Wrong Input : Fist letter Should be capital and must contains minimum 3 characters :
Wrong Input : Fist letter Should be capital and must contains minimum 3 characters :
Wrong Input : Fist letter Should be capital and must contains minimum 3 characters :
Wrong Input : Fist letter Should be capital and must contains minimum 3 characters :
Wrong Input : Fist letter Should be capital and must contains minimum 3 characters :
Wrong Input : Fist letter Should be capital and must contains minimum 3 characters :
Wrong Input : Fist letter Should be capital and must contains minimum 3 characters :
Wrong Input : Fist letter Should be capital and must contains minimum 3 characters :
Wrong Input : Fist letter Should be capital and must contains minimum 3 characters :
Wrong Input : Fist letter Should be capital and must contains minimum 3 characters :
Wrong Input : Fist letter Should be capital and must contains minimum 3 characters :
Wrong Input : Fist letter Should be capital and must contains minimum 3 characters :
Wrong Input : Fist letter Should be capital and must contains minimum 3 characters :
Wrong Input : Fist letter Should be capital and must contains minimum 3 characters :
Wrong Input : Fist letter Should be capital and must contains minimum 3 characters :
Wrong Input : Fist letter Should be capital and must contains minimum 3 characters :
Wrong Input : Fist letter Should be capital and must contains minimum 3 characters :
Wrong Input : Fist letter Should be capital and must contains minimum 3 characters :
Wrong Input : Fist letter Should be capital and must contains minimum 3 characters :
Wrong Input : Fist letter Should be capital and must contains minimum 3 characters :
Wrong Input : Fist letter Should be capital and must contains minimum 3 characters :
Wrong Input : Fist letter Should be capital and must contains minimum 3 characters :
Wrong Input : Fist letter Should be capital and must contains minimum 3 characters :
Wrong Input : Fist letter Should be capital and must contains minimum 3 characters :
Wrong Input : Fist letter Should be capital and must contains minimum 3 characters :
Wrong Input : Fist letter Should be capital and must contains minimum 3 characters :
Wrong Input : Fist letter Should be capital and must contains minimum 3 characters :
Wrong Input : Fist letter Should be capital and must contains minimum 3 characters :
Wrong Input : Fist letter Should be capital and must contains minimum 3 characters :
Wrong Input : Fist letter Should be capital and must contains minimum 3 characters :
Wrong Input : Fist letter Should be capital and must contains minimum 3 characters :
Wrong Input : Fist letter Should be capital and must contains minimum 3 characters :
Wrong Input : Fist letter Should be capital and must contains minimum 3 characters :
Wrong Input : Fist letter Should be capital and must contains minimum 3 characters :
Wrong Input : Fist letter Should be capital and must contains minimum 3 characters :
Wrong Input : Fist letter Should be capital and must contains minimum 3 characters :
Wrong Input : Fist letter Should be capital and must contains minimum 3 characters :
Wrong Input : Fist letter Should be capital and must contains minimum 3 characters :
Wrong Input : Fist letter Should be capital and must contains minimum 3 characters :
Wrong Input : Fist letter Should be capital and must contains minimum 3 characters :
Wrong Input : Fist letter Should be capital and must contains minimum 3 characters :
Wrong Input : Fist letter Should be capital and must contains minimum 3 characters :
Wrong Input : Fist letter Should be capital and must contains minimum 3 characters :
Wrong Input : Fist letter Should be capital and must contains minimum 3 characters :
Wrong Input : Fist letter Should be capital and must contains minimum 3 characters :
Wrong Input : Fist letter Should be capital and must contains minimum 3 characters :
Wrong Input : Fist letter Should be capital and must contains minimum 3 characters :
Wrong Input : Fist letter Should be capital and must contains minimum 3 characters :
Wrong Input : Fist letter Should be capital and must contains minimum 3 characters :
Wrong Input : Fist letter Should be capital and must contains minimum 3 characters :
Wrong Input : Fist letter Should be capital and must contains minimum 3 characters :
Wrong Input : Fist letter Should be capital and must contains minimum 3 characters :
Wrong Input : Fist letter Should be capital and must contains minimum 3 characters :
Wrong Input : Fist letter Should be capital and must contains minimum 3 characters :
Wrong Input : Fist letter Should be capital and must contains minimum 3 characters :
Wrong Input : Fist letter Should be capital and must contains minimum 3 characters :
Wrong Input : Fist letter Should be capital and must contains minimum 3 characters :
Wrong Input : Fist letter Should be capital and must contains minimum 3 characters :
Wrong Input : Fist letter Should be capital and must contains minimum 3 characters :
Wrong Input : Fist letter Should be capital and must contains minimum 3 characters :
Wrong Input : Fist letter Should be capital and must contains minimum 3 characters :
Wrong Input : Fist letter Should be capital and must contains minimum 3 characters :
Wrong Input : Fist letter Should be capital and must contains minimum 3 characters :
Wrong Input : Fist letter Should be capital and must contains minimum 3 characters :
Wrong Input : Fist letter Should be capital and must contains minimum 3 characters :
Wrong Input : Fist letter Should be capital and must contains minimum 3 characters :
Wrong Input : Fist letter Should be capital and must contains minimum 3 characters :
Wrong Input : Fist letter Should be capital and must contains minimum 3 characters :
Wrong Input : Fist letter Should be capital and must contains minimum 3 characters :
Wrong Input : Fist letter Should be capital and must contains minimum 3 characters :
Wrong Input : Fist letter Should be capital and must contains minimum 3 characters :
Wrong Input : Fist letter Should be capital and must contains minimum 3 characters :
Wrong Input : Fist letter Should be capital and must contains minimum 3 characters :
Wrong Input : Fist letter Should be capital and must contains minimum 3 characters :
Wrong Input : Fist letter Should be capital and must contains minimum 3 characters :
Wrong Input : Fist letter Should be capital and must contains minimum 3 characters :
Wrong Input : Fist letter Should be capital and must contains minimum 3 characters :
Wrong Input : Fist letter Should be capital and must contains minimum 3 characters :
Wrong Input : Fist letter Should be capital and must contains minimum 3 characters :
Wrong Input : Fist letter Should be capital and must contains minimum 3 characters :
Wrong Input : Fist letter Should be capital and must contains minimum 3 characters :
Wrong Input : Fist letter Should be capital and must contains minimum 3 characters :
Wrong Input : Fist letter Should be capital and must contains minimum 3 characters :
Wrong Input : Fist letter Should be capital and must contains minimum 3 characters :
Wrong Input : Fist letter Should be capital and must contains minimum 3 characters :
Wrong Input : Fist letter Should be capital and must contains minimum 3 characters :
Wrong Input : Fist letter Should be capital and must contains minimum 3 characters :
Wrong Input : Fist letter Should be capital and must contains minimum 3 characters :
Wrong Input : Fist letter Should be capital and must contains minimum 3 characters :
Wrong Input : Fist letter Should be capital and must contains minimum 3 characters :
Wrong Input : Fist letter Should be capital and must contains minimum 3 characters :
Wrong Input : Fist letter Should be capital and must contains minimum 3 characters :
Wrong Input : Fist letter Should be capital and must contains minimum 3 characters :
Wrong Input : Fist letter Should be capital and must contains minimum 3 characters :
Wrong Input : Fist letter Should be capital and must contains minimum 3 characters :
Wrong Input : Fist letter Should be capital and must contains minimum 3 characters :
Wrong Input : Fist letter Should be capital and must contains minimum 3 characters :
Wrong Input : Fist letter Should be capital and must contains minimum 3 characters :
Wrong Input : Fist letter Should be capital and must contains minimum 3 characters :
Wrong Input : Fist letter Should be capital and must contains minimum 3 characters :
Wrong Input : Fist letter Should be capital and must contains minimum 3 characters :
Wrong Input : Fist letter Should be capital and must contains minimum 3 characters :
Wrong Input : Fist letter Should be capital and must contains minimum 3 characters :
Wrong Input : Fist letter Should be capital and must contains minimum 3 characters :
Wrong Input : Fist letter Should be capital and must contains minimum 3 characters :
Wrong Input : Fist letter Should be capital and must contains minimum 3 characters :
Wrong Input : Fist letter Should be capital and must contains minimum 3 characters :
Wrong Input : Fist letter Should be capital and must contains minimum 3 characters :
Wrong Input : Fist letter Should be capital and must contains minimum 3 characters :
Wrong Input : Fist letter Should be capital and must contains minimum 3 characters :
Wrong Input : Fist letter Should be capital and must contains minimum 3 characters :
Wrong Input : Fist letter Should be capital and must contains minimum 3 characters :
Wrong Input : Fist letter Should be capital and must contains minimum 3 characters :
Wrong Input : Fist letter Should be capital and must contains minimum 3 characters :
Wrong Input : Fist letter Should be capital and must contains minimum 3 characters :
Wrong Input : Fist letter Should be capital and must contains minimum 3 characters :
Wrong Input : Fist letter Should be capital and must contains minimum 3 characters :
Wrong Input : Fist letter Should be capital and must contains minimum 3 characters :
Wrong Input : Fist letter Should be capital and must contains minimum 3 characters :
Wrong Input : Fist letter Should be capital and must contains minimum 3 characters :
Wrong Input : Fist letter Should be capital and must contains minimum 3 characters :
Wrong Input : Fist letter Should be capital and must contains minimum 3 characters :
Wrong Input : Fist letter Should be capital and must contains minimum 3 characters :
Wrong Input : Fist letter Should be capital and must contains minimum 3 characters :
Wrong Input : Fist letter Should be capital and must contains minimum 3 characters :
Wrong Input : Fist letter Should be capital and must contains minimum 3 characters :
Wrong Input : Fist letter Should be capital and must contains minimum 3 characters :
Wrong Input : Fist letter Should be capital and must contains minimum 3 characters :
Wrong Input : Fist letter Should be capital and must contains minimum 3 characters :
Wrong Input : Fist letter Should be capital and must contains minimum 3 characters :
Wrong Input : Fist letter Should be capital and must contains minimum 3 characters :
Wrong Input : Fist letter Should be capital and must contains minimum 3 characters :
Wrong Input : Fist letter Should be capital and must contains minimum 3 characters :
Wrong Input : Fist letter Should be capital and must contains minimum 3 characters :
Wrong Input : Fist letter Should be capital and must contains minimum 3 characters :
Wrong Input : Fist letter Should be capital and must contains minimum 3 characters :
Wrong Input : Fist letter Should be capital and must contains minimum 3 characters :
Wrong Input : Fist letter Should be capital and must contains minimum 3 characters :
Wrong Input : Fist letter Should be capital and must contains minimum 3 characters :
Wrong Input : Fist letter Should be capital and must contains minimum 3 characters :
Wrong Input : Fist letter Should be capital and must contains minimum 3 characters :
Wrong Input : Fist letter Should be capital and must contains minimum 3 characters :
Wrong Input : Fist letter Should be capital and must contains minimum 3 characters :
Wrong Input : Fist letter Should be capital and must contains minimum 3 characters :
Wrong Input : Fist letter Should be capital and must contains minimum 3 characters :
Wrong Input : Fist letter Should be capital and must contains minimum 3 characters :
Wrong Input : Fist letter Should be capital and must contains minimum 3 characters :
Wrong Input : Fist letter Should be capital and must contains minimum 3 characters :
Wrong Input : Fist letter Should be capital and must contains minimum 3 characters :
Wrong Input : Fist letter Should be capital and must contains minimum 3 characters :
Wrong Input : Fist letter Should be capital and must contains minimum 3 characters :
Wrong Input : Fist letter Should be capital and must contains minimum 3 characters :
Wrong Input : Fist letter Should be capital and must contains minimum 3 characters :
Wrong Input : Fist letter Should be capital and must contains minimum 3 characters :
Wrong Input : Fist letter Should be capital and must contains minimum 3 characters :
Wrong Input : Fist letter Should be capital and must contains minimum 3 characters :
Wrong Input : Fist letter Should be capital and must contains minimum 3 characters :
Wrong Input : Fist letter Should be capital and must contains minimum 3 characters :
Wrong Input : Fist letter Should be capital and must contains minimum 3 characters :
Wrong Input : Fist letter Should be capital and must contains minimum 3 characters :
Wrong Input : Fist letter Should be capital and must contains minimum 3 characters :
Wrong Input : Fist letter Should be capital and must contains minimum 3 characters :
Wrong Input : Fist letter Should be capital and must contains minimum 3 characters :
Wrong Input : Fist letter Should be capital and must contains minimum 3 characters :
Wrong Input : Fist letter Should be capital and must contains minimum 3 characters :
Wrong Input : Fist letter Should be capital and must contains minimum 3 characters :
Wrong Input : Fist letter Should be capital and must contains minimum 3 characters :
Wrong Input : Fist letter Should be capital and must contains minimum 3 characters :
Wrong Input : Fist letter Should be capital and must contains minimum 3 characters :
Wrong Input : Fist letter Should be capital and must contains minimum 3 characters :
Wrong Input : Fist letter Should be capital and must contains minimum 3 characters :
Wrong Input : Fist letter Should be capital and must contains minimum 3 characters :
Wrong Input : Fist letter Should be capital and must contains minimum 3 characters :
Wrong Input : Fist letter Should be capital and must contains minimum 3 characters :
Wrong Input : Fist letter Should be capital and must contains minimum 3 characters :
Wrong Input : Fist letter Should be capital and must contains minimum 3 characters :
Wrong Input : Fist letter Should be capital and must contains minimum 3 characters :
Wrong Input : Fist letter Should be capital and must contains minimum 3 characters :
Wrong Input : Fist letter Should be capital and must contains minimum 3 characters :
Wrong Input : Fist letter Should be capital and must contains minimum 3 characters :
Wrong Input : Fist letter Should be capital and must contains minimum 3 characters :
Wrong Input : Fist letter Should be capital and must contains minimum 3 characters :
Wrong Input : Fist letter Should be capital and must contains minimum 3 characters :
Wrong Input : Fist letter Should be capital and must contains minimum 3 characters :
Wrong Input : Fist letter Should be capital and must contains minimum 3 characters :
Wrong Input : Fist letter Should be capital and must contains minimum 3 characters :
Wrong Input : Fist letter Should be capital and must contains minimum 3 characters :
Wrong Input : Fist letter Should be capital and must contains minimum 3 characters :
Wrong Input : Fist letter Should be capital and must contains minimum 3 characters :
Wrong Input : Fist letter Should be capital and must contains minimum 3 characters :
Wrong Input : Fist letter Should be capital and must contains minimum 3 characters :
Wrong Input : Fist letter Should be capital and must contains minimum 3 characters :
Wrong Input : Fist letter Should be capital and must contains minimum 3 characters :
Wrong Input : Fist letter Should be capital and must contains minimum 3 characters :
Wrong Input : Fist letter Should be capital and must contains minimum 3 characters :
Wrong Input : Fist letter Should be capital and must contains minimum 3 characters :
Wrong Input : Fist letter Should be capital and must contains minimum 3 characters :
Wrong Input : Fist letter Should be capital and must contains minimum 3 characters :
Wrong Input : Fist letter Should be capital and must contains minimum 3 characters :
Wrong Input : Fist letter Should be capital and must contains minimum 3 characters :
Wrong Input : Fist letter Should be capital and must contains minimum 3 characters :
Wrong Input : Fist letter Should be capital and must contains minimum 3 characters :
Wrong Input : Fist letter Should be capital and must contains minimum 3 characters :
Wrong Input : Fist letter Should be capital and must contains minimum 3 characters :
Wrong Input : Fist letter Should be capital and must contains minimum 3 characters :
Wrong Input : Fist letter Should be capital and must contains minimum 3 characters :
Wrong Input : Fist letter Should be capital and must contains minimum 3 characters :
Wrong Input : Fist letter Should be capital and must contains minimum 3 characters :
Wrong Input : Fist letter Should be capital and must contains minimum 3 characters :
Wrong Input : Fist letter Should be capital and must contains minimum 3 characters :
Wrong Input : Fist letter Should be capital and must contains minimum 3 characters :
Wrong Input : Fist letter Should be capital and must contains minimum 3 characters :
Wrong Input : Fist letter Should be capital and must contains minimum 3 characters :
Wrong Input : Fist letter Should be capital and must contains minimum 3 characters :
Wrong Input : Fist letter Should be capital and must contains minimum 3 characters :
Wrong Input : Fist letter Should be capital and must contains minimum 3 characters :
Wrong Input : Fist letter Should be capital and must contains minimum 3 characters :
Wrong Input : Fist letter Should be capital and must contains minimum 3 characters :
Wrong Input : Fist letter Should be capital and must contains minimum 3 characters :
Wrong Input : Fist letter Should be capital and must contains minimum 3 characters :
Wrong Input : Fist letter Should be capital and must contains minimum 3 characters :
Wrong Input : Fist letter Should be capital and must contains minimum 3 characters :
Wrong Input : Fist letter Should be capital and must contains minimum 3 characters :
Wrong Input : Fist letter Should be capital and must contains minimum 3 characters :
Wrong Input : Fist letter Should be capital and must contains minimum 3 characters :
Wrong Input : Fist letter Should be capital and must contains minimum 3 characters :
Wrong Input : Fist letter Should be capital and must contains minimum 3 characters :
Wrong Input : Fist letter Should be capital and must contains minimum 3 characters :
Wrong Input : Fist letter Should be capital and must contains minimum 3 characters :
Wrong Input : Fist letter Should be capital and must contains minimum 3 characters :
Wrong Input : Fist letter Should be capital and must contains minimum 3 characters :
Wrong Input : Fist letter Should be capital and must contains minimum 3 characters :
Wrong Input : Fist letter Should be capital and must contains minimum 3 characters :
Wrong Input : Fist letter Should be capital and must contains minimum 3 characters :
Wrong Input : Fist letter Should be capital and must contains minimum 3 characters :
Wrong Input : Fist letter Should be capital and must contains minimum 3 characters :
Wrong Input : Fist letter Should be capital and must contains minimum 3 characters :
Wrong Input : Fist letter Should be capital and must contains minimum 3 characters :
Wrong Input : Fist letter Should be capital and must contains minimum 3 characters :
Wrong Input : Fist letter Should be capital and must contains minimum 3 characters :
Wrong Input : Fist letter Should be capital and must contains minimum 3 characters :
Wrong Input : Fist letter Should be capital and must contains minimum 3 characters :
Wrong Input : Fist letter Should be capital and must contains minimum 3 characters :
Wrong Input : Fist letter Should be capital and must contains minimum 3 characters :
Wrong Input : Fist letter Should be capital and must contains minimum 3 characters :
Wrong Input : Fist letter Should be capital and must contains minimum 3 characters :
Wrong Input : Fist letter Should be capital and must contains minimum 3 characters :
Wrong Input : Fist letter Should be capital and must contains minimum 3 characters :
Wrong Input : Fist letter Should be capital and must contains minimum 3 characters :
Wrong Input : Fist letter Should be capital and must contains minimum 3 characters :
Wrong Input : Fist letter Should be capital and must contains minimum 3 characters :
Wrong Input : Fist letter Should be capital and must contains minimum 3 characters :
Wrong Input : Fist letter Should be capital and must contains minimum 3 characters :
Wrong Input : Fist letter Should be capital and must contains minimum 3 characters :
Wrong Input : Fist letter Should be capital and must contains minimum 3 characters :
Wrong Input : Fist letter Should be capital and must contains minimum 3 characters :
Wrong Input : Fist letter Should be capital and must contains minimum 3 characters :
Wrong Input : Fist letter Should be capital and must contains minimum 3 characters :
Wrong Input : Fist letter Should be capital and must contains minimum 3 characters :
Wrong Input : Fist letter Should be capital and must contains minimum 3 characters :
Wrong Input : Fist letter Should be capital and must contains minimum 3 characters :
Wrong Input : Fist letter Should be capital and must contains minimum 3 characters :
Wrong Input : Fist letter Should be capital and must contains minimum 3 characters :
Wrong Input : Fist letter Should be capital and must contains minimum 3 characters :
Wrong Input : Fist letter Should be capital and must contains minimum 3 characters :
Wrong Input : Fist letter Should be capital and must contains minimum 3 characters :
Wrong Input : Fist letter Should be capital and must contains minimum 3 characters :
Wrong Input : Fist letter Should be capital and must contains minimum 3 characters :
Wrong Input : Fist letter Should be capital and must contains minimum 3 characters :
Wrong Input : Fist letter Should be capital and must contains minimum 3 characters :
Wrong Input : Fist letter Should be capital and must contains minimum 3 characters :
Wrong Input : Fist letter Should be capital and must contains minimum 3 characters :
Wrong Input : Fist letter Should be capital and must contains minimum 3 characters :
Wrong Input : Fist letter Should be capital and must contains minimum 3 characters :
Wrong Input : Fist letter Should be capital and must contains minimum 3 characters :
Wrong Input : Fist letter Should be capital and must contains minimum 3 characters :
Wrong Input : Fist letter Should be capital and must contains minimum 3 characters :
Wrong Input : Fist letter Should be capital and must contains minimum 3 characters :
Wrong Input : Fist letter Should be capital and must contains minimum 3 characters :
Wrong Input : Fist letter Should be capital and must contains minimum 3 characters :
Wrong Input : Fist letter Should be capital and must contains minimum 3 characters :
Wrong Input : Fist letter Should be capital and must contains minimum 3 characters :
Wrong Input : Fist letter Should be capital and must contains minimum 3 characters :
Wrong Input : Fist letter Should be capital and must contains minimum 3 characters :
Wrong Input : Fist letter Should be capital and must contains minimum 3 characters :
Wrong Input : Fist letter Should be capital and must contains minimum 3 characters :
Wrong Input : Fist letter Should be capital and must contains minimum 3 characters :
Wrong Input : Fist letter Should be capital and must contains minimum 3 characters :
Wrong Input : Fist letter Should be capital and must contains minimum 3 characters :
Wrong Input : Fist letter Should be capital and must contains minimum 3 characters :
Wrong Input : Fist letter Should be capital and must contains minimum 3 characters :
Wrong Input : Fist letter Should be capital and must contains minimum 3 characters :
Wrong Input : Fist letter Should be capital and must contains minimum 3 characters :
Wrong Input : Fist letter Should be capital and must contains minimum 3 characters :
Wrong Input : Fist letter Should be capital and must contains minimum 3 characters :
Wrong Input : Fist letter Should be capital and must contains minimum 3 characters :
Wrong Input : Fist letter Should be capital and must contains minimum 3 characters :
Wrong Input : Fist letter Should be capital and must contains minimum 3 characters :
Wrong Input : Fist letter Should be capital and must contains minimum 3 characters :
Wrong Input : Fist letter Should be capital and must contains minimum 3 characters :
Wrong Input : Fist letter Should be capital and must contains minimum 3 characters :
Wrong Input : Fist letter Should be capital and must contains minimum 3 characters :
Wrong Input : Fist letter Should be capital and must contains minimum 3 characters :
Wrong Input : Fist letter Should be capital and must contains minimum 3 characters :
Wrong Input : Fist letter Should be capital and must contains minimum 3 characters :
Wrong Input : Fist letter Should be capital and must contains minimum 3 characters :
Wrong Input : Fist letter Should be capital and must contains minimum 3 characters :
Wrong Input : Fist letter Should be capital and must contains minimum 3 characters :
Wrong Input : Fist letter Should be capital and must contains minimum 3 characters :
Wrong Input : Fist letter Should be capital and must contains minimum 3 characters :
Wrong Input : Fist letter Should be capital and must contains minimum 3 characters :
Wrong Input : Fist letter Should be capital and must contains minimum 3 characters :
Wrong Input : Fist letter Should be capital and must contains minimum 3 characters :
Wrong Input : Fist letter Should be capital and must contains minimum 3 characters :
Wrong Input : Fist letter Should be capital and must contains minimum 3 characters :
Wrong Input : Fist letter Should be capital and must contains minimum 3 characters :
Wrong Input : Fist letter Should be capital and must contains minimum 3 characters :
Wrong Input : Fist letter Should be capital and must contains minimum 3 characters :
Wrong Input : Fist letter Should be capital and must contains minimum 3 characters :
Wrong Input : Fist letter Should be capital and must contains minimum 3 characters :
Wrong Input : Fist letter Should be capital and must contains minimum 3 characters :
Wrong Input : Fist letter Should be capital and must contains minimum 3 characters :
Wrong Input : Fist letter Should be capital and must contains minimum 3 characters :
Wrong Input : Fist letter Should be capital and must contains minimum 3 characters :
Wrong Input : Fist letter Should be capital and must contains minimum 3 characters :
Wrong Input : Fist letter Should be capital and must contains minimum 3 characters :
Wrong Input : Fist letter Should be capital and must contains minimum 3 characters :
Wrong Input : Fist letter Should be capital and must contains minimum 3 characters :
Wrong Input : Fist letter Should be capital and must contains minimum 3 characters :
Wrong Input : Fist letter Should be capital and must contains minimum 3 characters :
Wrong Input : Fist letter Should be capital and must contains minimum 3 characters :
Wrong Input : Fist letter Should be capital and must contains minimum 3 characters :
Wrong Input : Fist letter Should be capital and must contains minimum 3 characters :
Wrong Input : Fist letter Should be capital and must contains minimum 3 characters :
Wrong Input : Fist letter Should be capital and must contains minimum 3 characters :
Wrong Input : Fist letter Should be capital and must contains minimum 3 characters :
Wrong Input : Fist letter Should be capital and must contains minimum 3 characters :
Wrong Input : Fist letter Should be capital and must contains minimum 3 characters :
Wrong Input : Fist letter Should be capital and must contains minimum 3 characters :
Wrong Input : Fist letter Should be capital and must contains minimum 3 characters :
Wrong Input : Fist letter Should be capital and must contains minimum 3 characters :
Wrong Input : Fist letter Should be capital and must contains minimum 3 characters :
Wrong Input : Fist letter Should be capital and must contains minimum 3 characters :
Wrong Input : Fist letter Should be capital and must contains minimum 3 characters :
Wrong Input : Fist letter Should be capital and must contains minimum 3 characters :
Wrong Input : Fist letter Should be capital and must contains minimum 3 characters :
Wrong Input : Fist letter Should be capital and must contains minimum 3 characters :
Wrong Input : Fist letter Should be capital and must contains minimum 3 characters :
Wrong Input : Fist letter Should be capital and must contains minimum 3 characters :
Wrong Input : Fist letter Should be capital and must contains minimum 3 characters :
Wrong Input : Fist letter Should be capital and must contains minimum 3 characters :
Wrong Input : Fist letter Should be capital and must contains minimum 3 characters :
Wrong Input : Fist letter Should be capital and must contains minimum 3 characters :
Wrong Input : Fist letter Should be capital and must contains minimum 3 characters :
Wrong Input : Fist letter Should be capital and must contains minimum 3 characters :
Wrong Input : Fist letter Should be capital and must contains minimum 3 characters :
Wrong Input : Fist letter Should be capital and must contains minimum 3 characters :
Wrong Input : Fist letter Should be capital and must contains minimum 3 characters :
Wrong Input : Fist letter Should be capital and must contains minimum 3 characters :
Wrong Input : Fist letter Should be capital and must contains minimum 3 characters :
Wrong Input : Fist letter Should be capital and must contains minimum 3 characters :
Wrong Input : Fist letter Should be capital and must contains minimum 3 characters :
Wrong Input : Fist letter Should be capital and must contains minimum 3 characters :
Wrong Input : Fist letter Should be capital and must contains minimum 3 characters :
Wrong Input : Fist letter Should be capital and must contains minimum 3 characters :
Wrong Input : Fist letter Should be capital and must contains minimum 3 characters :
Wrong Input : Fist letter Should be capital and must contains minimum 3 characters :
Wrong Input : Fist letter Should be capital and must contains minimum 3 characters :
Wrong Input : Fist letter Should be capital and must contains minimum 3 characters :
Wrong Input : Fist letter Should be capital and must contains minimum 3 characters :
Wrong Input : Fist letter Should be capital and must contains minimum 3 characters :
Wrong Input : Fist letter Should be capital and must contains minimum 3 characters :
Wrong Input : Fist letter Should be capital and must contains minimum 3 characters :
Wrong Input : Fist letter Should be capital and must contains minimum 3 characters :
Wrong Input : Fist letter Should be capital and must contains minimum 3 characters :
Wrong Input : Fist letter Should be capital and must contains minimum 3 characters :
Wrong Input : Fist letter Should be capital and must contains minimum 3 characters :
Wrong Input : Fist letter Should be capital and must contains minimum 3 characters :
Wrong Input : Fist letter Should be capital and must contains minimum 3 characters :
Wrong Input : Fist letter Should be capital and must contains minimum 3 characters :
Wrong Input : Fist letter Should be capital and must contains minimum 3 characters :
Wrong Input : Fist letter Should be capital and must contains minimum 3 characters :
Wrong Input : Fist letter Should be capital and must contains minimum 3 characters :
Wrong Input : Fist letter Should be capital and must contains minimum 3 characters :
Wrong Input : Fist letter Should be capital and must contains minimum 3 characters :
Wrong Input : Fist letter Should be capital and must contains minimum 3 characters :
Wrong Input : Fist letter Should be capital and must contains minimum 3 characters :
Wrong Input : Fist letter Should be capital and must contains minimum 3 characters :
Wrong Input : Fist letter Should be capital and must contains minimum 3 characters :
Wrong Input : Fist letter Should be capital and must contains minimum 3 characters :
Wrong Input : Fist letter Should be capital and must contains minimum 3 characters :
Wrong Input : Fist letter Should be capital and must contains minimum 3 characters :
Wrong Input : Fist letter Should be capital and must contains minimum 3 characters :
Wrong Input : Fist letter Should be capital and must contains minimum 3 characters :
Wrong Input : Fist letter Should be capital and must contains minimum 3 characters :
Wrong Input : Fist letter Should be capital and must contains minimum 3 characters :
Wrong Input : Fist letter Should be capital and must contains minimum 3 characters :
Wrong Input : Fist letter Should be capital and must contains minimum 3 characters :
Wrong Input : Fist letter Should be capital and must contains minimum 3 characters :
Wrong Input : Fist letter Should be capital and must contains minimum 3 characters :
Wrong Input : Fist letter Should be capital and must contains minimum 3 characters :
Wrong Input : Fist letter Should be capital and must contains minimum 3 characters :
Wrong Input : Fist letter Should be capital and must contains minimum 3 characters :
Wrong Input : Fist letter Should be capital and must contains minimum 3 characters :
Wrong Input : Fist letter Should be capital and must contains minimum 3 characters :
Wrong Input : Fist letter Should be capital and must contains minimum 3 characters :
Wrong Input : Fist letter Should be capital and must contains minimum 3 characters :
Wrong Input : Fist letter Should be capital and must contains minimum 3 characters :
Wrong Input : Fist letter Should be capital and must contains minimum 3 characters :
Wrong Input : Fist letter Should be capital and must contains minimum 3 characters :
Wrong Input : Fist letter Should be capital and must contains minimum 3 characters :
Wrong Input : Fist letter Should be capital and must contains minimum 3 characters :
Wrong Input : Fist letter Should be capital and must contains minimum 3 characters :
Wrong Input : Fist letter Should be capital and must contains minimum 3 characters :
Wrong Input : Fist letter Should be capital and must contains minimum 3 characters :
Wrong Input : Fist letter Should be capital and must contains minimum 3 characters :
Wrong Input : Fist letter Should be capital and must contains minimum 3 characters :
Wrong Input : Fist letter Should be capital and must contains minimum 3 characters :
Wrong Input : Fist letter Should be capital and must contains minimum 3 characters :
Wrong Input : Fist letter Should be capital and must contains minimum 3 characters :
Wrong Input : Fist letter Should be capital and must contains minimum 3 characters :
Wrong Input : Fist letter Should be capital and must contains minimum 3 characters :
Wrong Input : Fist letter Should be capital and must contains minimum 3 characters :
Wrong Input : Fist letter Should be capital and must contains minimum 3 characters :
Wrong Input : Fist letter Should be capital and must contains minimum 3 characters :
Wrong Input : Fist letter Should be capital and must contains minimum 3 characters :
Wrong Input : Fist letter Should be capital and must contains minimum 3 characters :
Wrong Input : Fist letter Should be capital and must contains minimum 3 characters :
Wrong Input : Fist letter Should be capital and must contains minimum 3 characters :
Wrong Input : Fist letter Should be capital and must contains minimum 3 characters :
Wrong Input : Fist letter Should be capital and must contains minimum 3 characters :
Wrong Input : Fist letter Should be capital and must contains minimum 3 characters :
Wrong Input : Fist letter Should be capital and must contains minimum 3 characters :
Wrong Input : Fist letter Should be capital and must contains minimum 3 characters :
Wrong Input : Fist letter Should be capital and must contains minimum 3 characters :
Wrong Input : Fist letter Should be capital and must contains minimum 3 characters :
Wrong Input : Fist letter Should be capital and must contains minimum 3 characters :
Wrong Input : Fist letter Should be capital and must contains minimum 3 characters :
Wrong Input : Fist letter Should be capital and must contains minimum 3 characters :
Wrong Input : Fist letter Should be capital and must contains minimum 3 characters :
Wrong Input : Fist letter Should be capital and must contains minimum 3 characters :
Wrong Input : Fist letter Should be capital and must contains minimum 3 characters :
Wrong Input : Fist letter Should be capital and must contains minimum 3 characters :
Wrong Input : Fist letter Should be capital and must contains minimum 3 characters :
Wrong Input : Fist letter Should be capital and must contains minimum 3 characters :
Wrong Input : Fist letter Should be capital and must contains minimum 3 characters :
Wrong Input : Fist letter Should be capital and must contains minimum 3 characters :
Wrong Input : Fist letter Should be capital and must contains minimum 3 characters :
Wrong Input : Fist letter Should be capital and must contains minimum 3 characters :
Wrong Input : Fist letter Should be capital and must contains minimum 3 characters :
Wrong Input : Fist letter Should be capital and must contains minimum 3 characters :
Wrong Input : Fist letter Should be capital and must contains minimum 3 characters :
Wrong Input : Fist letter Should be capital and must contains minimum 3 characters :
Wrong Input : Fist letter Should be capital and must contains minimum 3 characters :
Wrong Input : Fist letter Should be capital and must contains minimum 3 characters :
Wrong Input : Fist letter Should be capital and must contains minimum 3 characters :
Wrong Input : Fist letter Should be capital and must contains minimum 3 characters :
Wrong Input : Fist letter Should be capital and must contains minimum 3 characters :
Wrong Input : Fist letter Should be capital and must contains minimum 3 characters :
Wrong Input : Fist letter Should be capital and must contains minimum 3 characters :
Wrong Input : Fist letter Should be capital and must contains minimum 3 characters :
Wrong Input : Fist letter Should be capital and must contains minimum 3 characters :
Wrong Input : Fist letter Should be capital and must contains minimum 3 characters :
Wrong Input : Fist letter Should be capital and must contains minimum 3 characters :
Wrong Input : Fist letter Should be capital and must contains minimum 3 characters :
Wrong Input : Fist letter Should be capital and must contains minimum 3 characters :
Wrong Input : Fist letter Should be capital and must contains minimum 3 characters :
Wrong Input : Fist letter Should be capital and must contains minimum 3 characters :
Wrong Input : Fist letter Should be capital and must contains minimum 3 characters :
Wrong Input : Fist letter Should be capital and must contains minimum 3 characters :
Wrong Input : Fist letter Should be capital and must contains minimum 3 characters :
Wrong Input : Fist letter Should be capital and must contains minimum 3 characters :
Wrong Input : Fist letter Should be capital and must contains minimum 3 characters :
Wrong Input : Fist letter Should be capital and must contains minimum 3 characters :
Wrong Input : Fist letter Should be capital and must contains minimum 3 characters :
Wrong Input : Fist letter Should be capital and must contains minimum 3 characters :
Wrong Input : Fist letter Should be capital and must contains minimum 3 characters :
Wrong Input : Fist letter Should be capital and must contains minimum 3 characters :
Wrong Input : Fist letter Should be capital and must contains minimum 3 characters :
Wrong Input : Fist letter Should be capital and must contains minimum 3 characters :
Wrong Input : Fist letter Should be capital and must contains minimum 3 characters :
Wrong Input : Fist letter Should be capital and must contains minimum 3 characters :
Wrong Input : Fist letter Should be capital and must contains minimum 3 characters :
Wrong Input : Fist letter Should be capital and must contains minimum 3 characters :
Wrong Input : Fist letter Should be capital and must contains minimum 3 characters :
Wrong Input : Fist letter Should be capital and must contains minimum 3 characters :
Wrong Input : Fist letter Should be capital and must contains minimum 3 characters :
Wrong Input : Fist letter Should be capital and must contains minimum 3 characters :
Wrong Input : Fist letter Should be capital and must contains minimum 3 characters :
Wrong Input : Fist letter Should be capital and must contains minimum 3 characters :
Wrong Input : Fist letter Should be capital and must contains minimum 3 characters :
Wrong Input : Fist letter Should be capital and must contains minimum 3 characters :
Wrong Input : Fist letter Should be capital and must contains minimum 3 characters :
Wrong Input : Fist letter Should be capital and must contains minimum 3 characters :
Wrong Input : Fist letter Should be capital and must contains minimum 3 characters :
Wrong Input : Fist letter Should be capital and must contains minimum 3 characters :
Wrong Input : Fist letter Should be capital and must contains minimum 3 characters :
Wrong Input : Fist letter Should be capital and must contains minimum 3 characters :
Wrong Input : Fist letter Should be capital and must contains minimum 3 characters :
Wrong Input : Fist letter Should be capital and must contains minimum 3 characters :
Wrong Input : Fist letter Should be capital and must contains minimum 3 characters :
Wrong Input : Fist letter Should be capital and must contains minimum 3 characters :
Wrong Input : Fist letter Should be capital and must contains minimum 3 characters :
Wrong Input : Fist letter Should be capital and must contains minimum 3 characters :
Wrong Input : Fist letter Should be capital and must contains minimum 3 characters :
Wrong Input : Fist letter Should be capital and must contains minimum 3 characters :
Wrong Input : Fist letter Should be capital and must contains minimum 3 characters :
Wrong Input : Fist letter Should be capital and must contains minimum 3 characters :
Wrong Input : Fist letter Should be capital and must contains minimum 3 characters :
Wrong Input : Fist letter Should be capital and must contains minimum 3 characters :
Wrong Input : Fist letter Should be capital and must contains minimum 3 characters :
Wrong Input : Fist letter Should be capital and must contains minimum 3 characters :
Wrong Input : Fist letter Should be capital and must contains minimum 3 characters :
Wrong Input : Fist letter Should be capital and must contains minimum 3 characters :
Wrong Input : Fist letter Should be capital and must contains minimum 3 characters :
Wrong Input : Fist letter Should be capital and must contains minimum 3 characters :
Wrong Input : Fist letter Should be capital and must contains minimum 3 characters :
Wrong Input : Fist letter Should be capital and must contains minimum 3 characters :
Wrong Input : Fist letter Should be capital and must contains minimum 3 characters :
Wrong Input : Fist letter Should be capital and must contains minimum 3 characters :
Wrong Input : Fist letter Should be capital and must contains minimum 3 characters :
Wrong Input : Fist letter Should be capital and must contains minimum 3 characters :
Wrong Input : Fist letter Should be capital and must contains minimum 3 characters :
Wrong Input : Fist letter Should be capital and must contains minimum 3 characters :
Wrong Input : Fist letter Should be capital and must contains minimum 3 characters :
Wrong Input : Fist letter Should be capital and must contains minimum 3 characters :
Wrong Input : Fist letter Should be capital and must contains minimum 3 characters :
Wrong Input : Fist letter Should be capital and must contains minimum 3 characters :
Wrong Input : Fist letter Should be capital and must contains minimum 3 characters :
Wrong Input : Fist letter Should be capital and must contains minimum 3 characters :
Wrong Input : Fist letter Should be capital and must contains minimum 3 characters :
Wrong Input : Fist letter Should be capital and must contains minimum 3 characters :
Wrong Input : Fist letter Should be capital and must contains minimum 3 characters :
Wrong Input : Fist letter Should be capital and must contains minimum 3 characters :
Wrong Input : Fist letter Should be capital and must contains minimum 3 characters :
Wrong Input : Fist letter Should be capital and must contains minimum 3 characters :
Wrong Input : Fist letter Should be capital and must contains minimum 3 characters :
Wrong Input : Fist letter Should be capital and must contains minimum 3 characters :
Wrong Input : Fist letter Should be capital and must contains minimum 3 characters :
Wrong Input : Fist letter Should be capital and must contains minimum 3 characters :
Wrong Input : Fist letter Should be capital and must contains minimum 3 characters :
Wrong Input : Fist letter Should be capital and must contains minimum 3 characters :
Wrong Input : Fist letter Should be capital and must contains minimum 3 characters :
Wrong Input : Fist letter Should be capital and must contains minimum 3 characters :
Wrong Input : Fist letter Should be capital and must contains minimum 3 characters :
Wrong Input : Fist letter Should be capital and must contains minimum 3 characters :
Wrong Input : Fist letter Should be capital and must contains minimum 3 characters :
Wrong Input : Fist letter Should be capital and must contains minimum 3 characters :
Wrong Input : Fist letter Should be capital and must contains minimum 3 characters :
Wrong Input : Fist letter Should be capital and must contains minimum 3 characters :
Wrong Input : Fist letter Should be capital and must contains minimum 3 characters :
Wrong Input : Fist letter Should be capital and must contains minimum 3 characters :
Wrong Input : Fist letter Should be capital and must contains minimum 3 characters :
Wrong Input : Fist letter Should be capital and must contains minimum 3 characters :
Wrong Input : Fist letter Should be capital and must contains minimum 3 characters :
Wrong Input : Fist letter Should be capital and must contains minimum 3 characters :
Wrong Input : Fist letter Should be capital and must contains minimum 3 characters :
Wrong Input : Fist letter Should be capital and must contains minimum 3 characters :
Wrong Input : Fist letter Should be capital and must contains minimum 3 characters :
Wrong Input : Fist letter Should be capital and must contains minimum 3 characters :
Wrong Input : Fist letter Should be capital and must contains minimum 3 characters :
Wrong Input : Fist letter Should be capital and must contains minimum 3 characters :
Wrong Input : Fist letter Should be capital and must contains minimum 3 characters :
Wrong Input : Fist letter Should be capital and must contains minimum 3 characters :
Wrong Input : Fist letter Should be capital and must contains minimum 3 characters :
Wrong Input : Fist letter Should be capital and must contains minimum 3 characters :
Wrong Input : Fist letter Should be capital and must contains minimum 3 characters :
Wrong Input : Fist letter Should be capital and must contains minimum 3 characters :
Wrong Input : Fist letter Should be capital and must contains minimum 3 characters :
Wrong Input : Fist letter Should be capital and must contains minimum 3 characters :
Wrong Input : Fist letter Should be capital and must contains minimum 3 characters :
Wrong Input : Fist letter Should be capital and must contains minimum 3 characters :
Wrong Input : Fist letter Should be capital and must contains minimum 3 characters :
Wrong Input : Fist letter Should be capital and must contains minimum 3 characters :
Wrong Input : Fist letter Should be capital and must contains minimum 3 characters :
Wrong Input : Fist letter Should be capital and must contains minimum 3 characters :
Wrong Input : Fist letter Should be capital and must contains minimum 3 characters :
Wrong Input : Fist letter Should be capital and must contains minimum 3 characters :
Wrong Input : Fist letter Should be capital and must contains minimum 3 characters :
Wrong Input : Fist letter Should be capital and must contains minimum 3 characters :
Wrong Input : Fist letter Should be capital and must contains minimum 3 characters :
Wrong Input : Fist letter Should be capital and must contains minimum 3 characters :
Wrong Input : Fist letter Should be capital and must contains minimum 3 characters :
Wrong Input : Fist letter Should be capital and must contains minimum 3 characters :
Wrong Input : Fist letter Should be capital and must contains minimum 3 characters :
Wrong Input : Fist letter Should be capital and must contains minimum 3 characters :
Wrong Input : Fist letter Should be capital and must contains minimum 3 characters :
Wrong Input : Fist letter Should be capital and must contains minimum 3 characters :
Wrong Input : Fist letter Should be capital and must contains minimum 3 characters :
Wrong Input : Fist letter Should be capital and must contains minimum 3 characters :
Wrong Input : Fist letter Should be capital and must contains minimum 3 characters :
Wrong Input : Fist letter Should be capital and must contains minimum 3 characters :
Wrong Input : Fist letter Should be capital and must contains minimum 3 characters :
Wrong Input : Fist letter Should be capital and must contains minimum 3 characters :
Wrong Input : Fist letter Should be capital and must contains minimum 3 characters :
Wrong Input : Fist letter Should be capital and must contains minimum 3 characters :
Wrong Input : Fist letter Should be capital and must contains minimum 3 characters :
Wrong Input : Fist letter Should be capital and must contains minimum 3 characters :
Wrong Input : Fist letter Should be capital and must contains minimum 3 characters :
Wrong Input : Fist letter Should be capital and must contains minimum 3 characters :
Wrong Input : Fist letter Should be capital and must contains minimum 3 characters :
Wrong Input : Fist letter Should be capital and must contains minimum 3 characters :
Wrong Input : Fist letter Should be capital and must contains minimum 3 characters :
Wrong Input : Fist letter Should be capital and must contains minimum 3 characters :
Wrong Input : Fist letter Should be capital and must contains minimum 3 characters :
Wrong Input : Fist letter Should be capital and must contains minimum 3 characters :
Wrong Input : Fist letter Should be capital and must contains minimum 3 characters :
Wrong Input : Fist letter Should be capital and must contains minimum 3 characters :
Wrong Input : Fist letter Should be capital and must contains minimum 3 characters :
Wrong Input : Fist letter Should be capital and must contains minimum 3 characters :
Wrong Input : Fist letter Should be capital and must contains minimum 3 characters :
Wrong Input : Fist letter Should be capital and must contains minimum 3 characters :
Wrong Input : Fist letter Should be capital and must contains minimum 3 characters :
Wrong Input : Fist letter Should be capital and must contains minimum 3 characters :
Wrong Input : Fist letter Should be capital and must contains minimum 3 characters :
Wrong Input : Fist letter Should be capital and must contains minimum 3 characters :
Wrong Input : Fist letter Should be capital and must contains minimum 3 characters :
Wrong Input : Fist letter Should be capital and must contains minimum 3 characters :
Wrong Input : Fist letter Should be capital and must contains minimum 3 characters :
Wrong Input : Fist letter Should be capital and must contains minimum 3 characters :
Wrong Input : Fist letter Should be capital and must contains minimum 3 characters :
Wrong Input : Fist letter Should be capital and must contains minimum 3 characters :
Wrong Input : Fist letter Should be capital and must contains minimum 3 characters :
Wrong Input : Fist letter Should be capital and must contains minimum 3 characters :
Wrong Input : Fist letter Should be capital and must contains minimum 3 characters :
Wrong Input : Fist letter Should be capital and must contains minimum 3 characters :
Wrong Input : Fist letter Should be capital and must contains minimum 3 characters :
Wrong Input : Fist letter Should be capital and must contains minimum 3 characters :
Wrong Input : Fist letter Should be capital and must contains minimum 3 characters :
Wrong Input : Fist letter Should be capital and must contains minimum 3 characters :
Wrong Input : Fist letter Should be capital and must contains minimum 3 characters :
Wrong Input : Fist letter Should be capital and must contains minimum 3 characters :
Wrong Input : Fist letter Should be capital and must contains minimum 3 characters :
Wrong Input : Fist letter Should be capital and must contains minimum 3 characters :
Wrong Input : Fist letter Should be capital and must contains minimum 3 characters :
Wrong Input : Fist letter Should be capital and must contains minimum 3 characters :
Wrong Input : Fist letter Should be capital and must contains minimum 3 characters :
Wrong Input : Fist letter Should be capital and must contains minimum 3 characters :
Wrong Input : Fist letter Should be capital and must contains minimum 3 characters :
Wrong Input : Fist letter Should be capital and must contains minimum 3 characters :
Wrong Input : Fist letter Should be capital and must contains minimum 3 characters :
Wrong Input : Fist letter Should be capital and must contains minimum 3 characters :
Wrong Input : Fist letter Should be capital and must contains minimum 3 characters :
Wrong Input : Fist letter Should be capital and must contains minimum 3 characters :
Wrong Input : Fist letter Should be capital and must contains minimum 3 characters :
Wrong Input : Fist letter Should be capital and must contains minimum 3 characters :
Wrong Input : Fist letter Should be capital and must contains minimum 3 characters :
Wrong Input : Fist letter Should be capital and must contains minimum 3 characters :
Wrong Input : Fist letter Should be capital and must contains minimum 3 characters :
Wrong Input : Fist letter Should be capital and must contains minimum 3 characters :
Wrong Input : Fist letter Should be capital and must contains minimum 3 characters :
Wrong Input : Fist letter Should be capital and must contains minimum 3 characters :
Wrong Input : Fist letter Should be capital and must contains minimum 3 characters :
Wrong Input : Fist letter Should be capital and must contains minimum 3 characters :
Wrong Input : Fist letter Should be capital and must contains minimum 3 characters :
Wrong Input : Fist letter Should be capital and must contains minimum 3 characters :
Wrong Input : Fist letter Should be capital and must contains minimum 3 characters :
Wrong Input : Fist letter Should be capital and must contains minimum 3 characters :
Wrong Input : Fist letter Should be capital and must contains minimum 3 characters :
Wrong Input : Fist letter Should be capital and must contains minimum 3 characters :
Wrong Input : Fist letter Should be capital and must contains minimum 3 characters :
Wrong Input : Fist letter Should be capital and must contains minimum 3 characters :
Wrong Input : Fist letter Should be capital and must contains minimum 3 characters :
Wrong Input : Fist letter Should be capital and must contains minimum 3 characters :
Wrong Input : Fist letter Should be capital and must contains minimum 3 characters :
Wrong Input : Fist letter Should be capital and must contains minimum 3 characters :
Wrong Input : Fist letter Should be capital and must contains minimum 3 characters :
Wrong Input : Fist letter Should be capital and must contains minimum 3 characters :
Wrong Input : Fist letter Should be capital and must contains minimum 3 characters :
Wrong Input : Fist letter Should be capital and must contains minimum 3 characters :
Wrong Input : Fist letter Should be capital and must contains minimum 3 characters :
Wrong Input : Fist letter Should be capital and must contains minimum 3 characters :
Wrong Input : Fist letter Should be capital and must contains minimum 3 characters :
Wrong Input : Fist letter Should be capital and must contains minimum 3 characters :
Wrong Input : Fist letter Should be capital and must contains minimum 3 characters :
Wrong Input : Fist letter Should be capital and must contains minimum 3 characters :
Wrong Input : Fist letter Should be capital and must contains minimum 3 characters :
Wrong Input : Fist letter Should be capital and must contains minimum 3 characters :
Wrong Input : Fist letter Should be capital and must contains minimum 3 characters :
Wrong Input : Fist letter Should be capital and must contains minimum 3 characters :
Wrong Input : Fist letter Should be capital and must contains minimum 3 characters :
Wrong Input : Fist letter Should be capital and must contains minimum 3 characters :
Wrong Input : Fist letter Should be capital and must contains minimum 3 characters :
Wrong Input : Fist letter Should be capital and must contains minimum 3 characters :
Wrong Input : Fist letter Should be capital and must contains minimum 3 characters :
Wrong Input : Fist letter Should be capital and must contains minimum 3 characters :
Wrong Input : Fist letter Should be capital and must contains minimum 3 characters :
Wrong Input : Fist letter Should be capital and must contains minimum 3 characters :
Wrong Input : Fist letter Should be capital and must contains minimum 3 characters :
Wrong Input : Fist letter Should be capital and must contains minimum 3 characters :
Wrong Input : Fist letter Should be capital and must contains minimum 3 characters :
Wrong Input : Fist letter Should be capital and must contains minimum 3 characters :
Wrong Input : Fist letter Should be capital and must contains minimum 3 characters :
Wrong Input : Fist letter Should be capital and must contains minimum 3 characters :
Wrong Input : Fist letter Should be capital and must contains minimum 3 characters :
Wrong Input : Fist letter Should be capital and must contains minimum 3 characters :
Wrong Input : Fist letter Should be capital and must contains minimum 3 characters :
Wrong Input : Fist letter Should be capital and must contains minimum 3 characters :
Wrong Input : Fist letter Should be capital and must contains minimum 3 characters :
Wrong Input : Fist letter Should be capital and must contains minimum 3 characters :
Wrong Input : Fist letter Should be capital and must contains minimum 3 characters :
Wrong Input : Fist letter Should be capital and must contains minimum 3 characters :
Wrong Input : Fist letter Should be capital and must contains minimum 3 characters :
Wrong Input : Fist letter Should be capital and must contains minimum 3 characters :
Wrong Input : Fist letter Should be capital and must contains minimum 3 characters :
Wrong Input : Fist letter Should be capital and must contains minimum 3 characters :
Wrong Input : Fist letter Should be capital and must contains minimum 3 characters :
Wrong Input : Fist letter Should be capital and must contains minimum 3 characters :
Wrong Input : Fist letter Should be capital and must contains minimum 3 characters :
Wrong Input : Fist letter Should be capital and must contains minimum 3 characters :
Wrong Input : Fist letter Should be capital and must contains minimum 3 characters :
Wrong Input : Fist letter Should be capital and must contains minimum 3 characters :
Wrong Input : Fist letter Should be capital and must contains minimum 3 characters :
Wrong Input : Fist letter Should be capital and must contains minimum 3 characters :
Wrong Input : Fist letter Should be capital and must contains minimum 3 characters :
Wrong Input : Fist letter Should be capital and must contains minimum 3 characters :
Wrong Input : Fist letter Should be capital and must contains minimum 3 characters :
Wrong Input : Fist letter Should be capital and must contains minimum 3 characters :
Wrong Input : Fist letter Should be capital and must contains minimum 3 characters :
Wrong Input : Fist letter Should be capital and must contains minimum 3 characters :
Wrong Input : Fist letter Should be capital and must contains minimum 3 characters :
Wrong Input : Fist letter Should be capital and must contains minimum 3 characters :
Wrong Input : Fist letter Should be capital and must contains minimum 3 characters :
Wrong Input : Fist letter Should be capital and must contains minimum 3 characters :
Wrong Input : Fist letter Should be capital and must contains minimum 3 characters :
Wrong Input : Fist letter Should be capital and must contains minimum 3 characters :
Wrong Input : Fist letter Should be capital and must contains minimum 3 characters :
Wrong Input : Fist letter Should be capital and must contains minimum 3 characters :
Wrong Input : Fist letter Should be capital and must contains minimum 3 characters :
Wrong Input : Fist letter Should be capital and must contains minimum 3 characters :
Wrong Input : Fist letter Should be capital and must contains minimum 3 characters :
Wrong Input : Fist letter Should be capital and must contains minimum 3 characters :
Wrong Input : Fist letter Should be capital and must contains minimum 3 characters :
Wrong Input : Fist letter Should be capital and must contains minimum 3 characters :
Wrong Input : Fist letter Should be capital and must contains minimum 3 characters :
Wrong Input : Fist letter Should be capital and must contains minimum 3 characters :
Wrong Input : Fist letter Should be capital and must contains minimum 3 characters :
Wrong Input : Fist letter Should be capital and must contains minimum 3 characters :
Wrong Input : Fist letter Should be capital and must contains minimum 3 characters :
Wrong Input : Fist letter Should be capital and must contains minimum 3 characters :
Wrong Input : Fist letter Should be capital and must contains minimum 3 characters :
Wrong Input : Fist letter Should be capital and must contains minimum 3 characters :
Wrong Input : Fist letter Should be capital and must contains minimum 3 characters :
Wrong Input : Fist letter Should be capital and must contains minimum 3 characters :
Wrong Input : Fist letter Should be capital and must contains minimum 3 characters :
Wrong Input : Fist letter Should be capital and must contains minimum 3 characters :
Wrong Input : Fist letter Should be capital and must contains minimum 3 characters :
Wrong Input : Fist letter Should be capital and must contains minimum 3 characters :
Wrong Input : Fist letter Should be capital and must contains minimum 3 characters :
Wrong Input : Fist letter Should be capital and must contains minimum 3 characters :
Wrong Input : Fist letter Should be capital and must contains minimum 3 characters :
Wrong Input : Fist letter Should be capital and must contains minimum 3 characters :
Wrong Input : Fist letter Should be capital and must contains minimum 3 characters :
Wrong Input : Fist letter Should be capital and must contains minimum 3 characters :
Wrong Input : Fist letter Should be capital and must contains minimum 3 characters :
Wrong Input : Fist letter Should be capital and must contains minimum 3 characters :
Wrong Input : Fist letter Should be capital and must contains minimum 3 characters :
Wrong Input : Fist letter Should be capital and must contains minimum 3 characters :
Wrong Input : Fist letter Should be capital and must contains minimum 3 characters :
Wrong Input : Fist letter Should be capital and must contains minimum 3 characters :
Wrong Input : Fist letter Should be capital and must contains minimum 3 characters :
Wrong Input : Fist letter Should be capital and must contains minimum 3 characters :
Wrong Input : Fist letter Should be capital and must contains minimum 3 characters :
Wrong Input : Fist letter Should be capital and must contains minimum 3 characters :
Wrong Input : Fist letter Should be capital and must contains minimum 3 characters :
Wrong Input : Fist letter Should be capital and must contains minimum 3 characters :
Wrong Input : Fist letter Should be capital and must contains minimum 3 characters :
Wrong Input : Fist letter Should be capital and must contains minimum 3 characters :
Wrong Input : Fist letter Should be capital and must contains minimum 3 characters :
Wrong Input : Fist letter Should be capital and must contains minimum 3 characters :
Wrong Input : Fist letter Should be capital and must contains minimum 3 characters :
Wrong Input : Fist letter Should be capital and must contains minimum 3 characters :
Wrong Input : Fist letter Should be capital and must contains minimum 3 characters :
Wrong Input : Fist letter Should be capital and must contains minimum 3 characters :
Wrong Input : Fist letter Should be capital and must contains minimum 3 characters :
Wrong Input : Fist letter Should be capital and must contains minimum 3 characters :
Wrong Input : Fist letter Should be capital and must contains minimum 3 characters :
Wrong Input : Fist letter Should be capital and must contains minimum 3 characters :
Wrong Input : Fist letter Should be capital and must contains minimum 3 characters :
Wrong Input : Fist letter Should be capital and must contains minimum 3 characters :
Wrong Input : Fist letter Should be capital and must contains minimum 3 characters :
Wrong Input : Fist letter Should be capital and must contains minimum 3 characters :
Wrong Input : Fist letter Should be capital and must contains minimum 3 characters :
Wrong Input : Fist letter Should be capital and must contains minimum 3 characters :
Wrong Input : Fist letter Should be capital and must contains minimum 3 characters :
Wrong Input : Fist letter Should be capital and must contains minimum 3 characters :
Wrong Input : Fist letter Should be capital and must contains minimum 3 characters :
Wrong Input : Fist letter Should be capital and must contains minimum 3 characters :
Wrong Input : Fist letter Should be capital and must contains minimum 3 characters :
Wrong Input : Fist letter Should be capital and must contains minimum 3 characters :
Wrong Input : Fist letter Should be capital and must contains minimum 3 characters :
Wrong Input : Fist letter Should be capital and must contains minimum 3 characters :
Wrong Input : Fist letter Should be capital and must contains minimum 3 characters :
Wrong Input : Fist letter Should be capital and must contains minimum 3 characters :
Wrong Input : Fist letter Should be capital and must contains minimum 3 characters :
Wrong Input : Fist letter Should be capital and must contains minimum 3 characters :
Wrong Input : Fist letter Should be capital and must contains minimum 3 characters :
Wrong Input : Fist letter Should be capital and must contains minimum 3 characters :
Wrong Input : Fist letter Should be capital and must contains minimum 3 characters :
Wrong Input : Fist letter Should be capital and must contains minimum 3 characters :
Wrong Input : Fist letter Should be capital and must contains minimum 3 characters :
Wrong Input : Fist letter Should be capital and must contains minimum 3 characters :
Wrong Input : Fist letter Should be capital and must contains minimum 3 characters :
Wrong Input : Fist letter Should be capital and must contains minimum 3 characters :
Wrong Input : Fist letter Should be capital and must contains minimum 3 characters :
Wrong Input : Fist letter Should be capital and must contains minimum 3 characters :
Wrong Input : Fist letter Should be capital and must contains minimum 3 characters :
Wrong Input : Fist letter Should be capital and must contains minimum 3 characters :
Wrong Input : Fist letter Should be capital and must contains minimum 3 characters :
Wrong Input : Fist letter Should be capital and must contains minimum 3 characters :
Wrong Input : Fist letter Should be capital and must contains minimum 3 characters :
Wrong Input : Fist letter Should be capital and must contains minimum 3 characters :
Wrong Input : Fist letter Should be capital and must contains minimum 3 characters :
Wrong Input : Fist letter Should be capital and must contains minimum 3 characters :
Wrong Input : Fist letter Should be capital and must contains minimum 3 characters :
Wrong Input : Fist letter Should be capital and must contains minimum 3 characters :
Wrong Input : Fist letter Should be capital and must contains minimum 3 characters :
Wrong Input : Fist letter Should be capital and must contains minimum 3 characters :
Wrong Input : Fist letter Should be capital and must contains minimum 3 characters :
Wrong Input : Fist letter Should be capital and must contains minimum 3 characters :
Wrong Input : Fist letter Should be capital and must contains minimum 3 characters :
Wrong Input : Fist letter Should be capital and must contains minimum 3 characters :
Wrong Input : Fist letter Should be capital and must contains minimum 3 characters :
Wrong Input : Fist letter Should be capital and must contains minimum 3 characters :
Wrong Input : Fist letter Should be capital and must contains minimum 3 characters :
Wrong Input : Fist letter Should be capital and must contains minimum 3 characters :
Wrong Input : Fist letter Should be capital and must contains minimum 3 characters :
Wrong Input : Fist letter Should be capital and must contains minimum 3 characters :
Wrong Input : Fist letter Should be capital and must contains minimum 3 characters :
Wrong Input : Fist letter Should be capital and must contains minimum 3 characters :
Wrong Input : Fist letter Should be capital and must contains minimum 3 characters :
Wrong Input : Fist letter Should be capital and must contains minimum 3 characters :
Wrong Input : Fist letter Should be capital and must contains minimum 3 characters :
Wrong Input : Fist letter Should be capital and must contains minimum 3 characters :
Wrong Input : Fist letter Should be capital and must contains minimum 3 characters :
Wrong Input : Fist letter Should be capital and must contains minimum 3 characters :
Wrong Input : Fist letter Should be capital and must contains minimum 3 characters :
Wrong Input : Fist letter Should be capital and must contains minimum 3 characters :
Wrong Input : Fist letter Should be capital and must contains minimum 3 characters :
Wrong Input : Fist letter Should be capital and must contains minimum 3 characters :
Wrong Input : Fist letter Should be capital and must contains minimum 3 characters :
Wrong Input : Fist letter Should be capital and must contains minimum 3 characters :
Wrong Input : Fist letter Should be capital and must contains minimum 3 characters :
Wrong Input : Fist letter Should be capital and must contains minimum 3 characters :
Wrong Input : Fist letter Should be capital and must contains minimum 3 characters :
Wrong Input : Fist letter Should be capital and must contains minimum 3 characters :
Wrong Input : Fist letter Should be capital and must contains minimum 3 characters :
Wrong Input : Fist letter Should be capital and must contains minimum 3 characters :
Wrong Input : Fist letter Should be capital and must contains minimum 3 characters :
Wrong Input : Fist letter Should be capital and must contains minimum 3 characters :
Wrong Input : Fist letter Should be capital and must contains minimum 3 characters :
Wrong Input : Fist letter Should be capital and must contains minimum 3 characters :
Wrong Input : Fist letter Should be capital and must contains minimum 3 characters :
Wrong Input : Fist letter Should be capital and must contains minimum 3 characters :
Wrong Input : Fist letter Should be capital and must contains minimum 3 characters :
Wrong Input : Fist letter Should be capital and must contains minimum 3 characters :
Wrong Input : Fist letter Should be capital and must contains minimum 3 characters :
Wrong Input : Fist letter Should be capital and must contains minimum 3 characters :
Wrong Input : Fist letter Should be capital and must contains minimum 3 characters :
Wrong Input : Fist letter Should be capital and must contains minimum 3 characters :
Wrong Input : Fist letter Should be capital and must contains minimum 3 characters :
Wrong Input : Fist letter Should be capital and must contains minimum 3 characters :
Wrong Input : Fist letter Should be capital and must contains minimum 3 characters :
Wrong Input : Fist letter Should be capital and must contains minimum 3 characters :
Wrong Input : Fist letter Should be capital and must contains minimum 3 characters :
Wrong Input : Fist letter Should be capital and must contains minimum 3 characters :
Wrong Input : Fist letter Should be capital and must contains minimum 3 characters :
Wrong Input : Fist letter Should be capital and must contains minimum 3 characters :
Wrong Input : Fist letter Should be capital and must contains minimum 3 characters :
Wrong Input : Fist letter Should be capital and must contains minimum 3 characters :
Wrong Input : Fist letter Should be capital and must contains minimum 3 characters :
Wrong Input : Fist letter Should be capital and must contains minimum 3 characters :
Wrong Input : Fist letter Should be capital and must contains minimum 3 characters :
Wrong Input : Fist letter Should be capital and must contains minimum 3 characters :
Wrong Input : Fist letter Should be capital and must contains minimum 3 characters :
Wrong Input : Fist letter Should be capital and must contains minimum 3 characters :
Wrong Input : Fist letter Should be capital and must contains minimum 3 characters :
Wrong Input : Fist letter Should be capital and must contains minimum 3 characters :
Wrong Input : Fist letter Should be capital and must contains minimum 3 characters :
Wrong Input : Fist letter Should be capital and must contains minimum 3 characters :
Wrong Input : Fist letter Should be capital and must contains minimum 3 characters :
Wrong Input : Fist letter Should be capital and must contains minimum 3 characters :
Wrong Input : Fist letter Should be capital and must contains minimum 3 characters :
Wrong Input : Fist letter Should be capital and must contains minimum 3 characters :
Wrong Input : Fist letter Should be capital and must contains minimum 3 characters :
Wrong Input : Fist letter Should be capital and must contains minimum 3 characters :
Wrong Input : Fist letter Should be capital and must contains minimum 3 characters :
Wrong Input : Fist letter Should be capital and must contains minimum 3 characters :
Wrong Input : Fist letter Should be capital and must contains minimum 3 characters :
Wrong Input : Fist letter Should be capital and must contains minimum 3 characters :
Wrong Input : Fist letter Should be capital and must contains minimum 3 characters :
Wrong Input : Fist letter Should be capital and must contains minimum 3 characters :
Wrong Input : Fist letter Should be capital and must contains minimum 3 characters :
Wrong Input : Fist letter Should be capital and must contains minimum 3 characters :
Wrong Input : Fist letter Should be capital and must contains minimum 3 characters :
Wrong Input : Fist letter Should be capital and must contains minimum 3 characters :
Wrong Input : Fist letter Should be capital and must contains minimum 3 characters :
Wrong Input : Fist letter Should be capital and must contains minimum 3 characters :
Wrong Input : Fist letter Should be capital and must contains minimum 3 characters :
Wrong Input : Fist letter Should be capital and must contains minimum 3 characters :
Wrong Input : Fist letter Should be capital and must contains minimum 3 characters :
Wrong Input : Fist letter Should be capital and must contains minimum 3 characters :
Wrong Input : Fist letter Should be capital and must contains minimum 3 characters :
Wrong Input : Fist letter Should be capital and must contains minimum 3 characters :
Wrong Input : Fist letter Should be capital and must contains minimum 3 characters :
Wrong Input : Fist letter Should be capital and must contains minimum 3 characters :
Wrong Input : Fist letter Should be capital and must contains minimum 3 characters :
Wrong Input : Fist letter Should be capital and must contains minimum 3 characters :
Wrong Input : Fist letter Should be capital and must contains minimum 3 characters :
Wrong Input : Fist letter Should be capital and must contains minimum 3 characters :
Wrong Input : Fist letter Should be capital and must contains minimum 3 characters :
Wrong Input : Fist letter Should be capital and must contains minimum 3 characters :
Wrong Input : Fist letter Should be capital and must contains minimum 3 characters :
Wrong Input : Fist letter Should be capital and must contains minimum 3 characters :
Wrong Input : Fist letter Should be capital and must contains minimum 3 characters :
Wrong Input : Fist letter Should be capital and must contains minimum 3 characters :
Wrong Input : Fist letter Should be capital and must contains minimum 3 characters :
Wrong Input : Fist letter Should be capital and must contains minimum 3 characters :
Wrong Input : Fist letter Should be capital and must contains minimum 3 characters :
Wrong Input : Fist letter Should be capital and must contains minimum 3 characters :
Wrong Input : Fist letter Should be capital and must contains minimum 3 characters :
Wrong Input : Fist letter Should be capital and must contains minimum 3 characters :
Wrong Input : Fist letter Should be capital and must contains minimum 3 characters :
Wrong Input : Fist letter Should be capital and must contains minimum 3 characters :
Wrong Input : Fist letter Should be capital and must contains minimum 3 characters :
Wrong Input : Fist letter Should be capital and must contains minimum 3 characters :
Wrong Input : Fist letter Should be capital and must contains minimum 3 characters :
Wrong Input : Fist letter Should be capital and must contains minimum 3 characters :
Wrong Input : Fist letter Should be capital and must contains minimum 3 characters :
Wrong Input : Fist letter Should be capital and must contains minimum 3 characters :
Wrong Input : Fist letter Should be capital and must contains minimum 3 characters :
Wrong Input : Fist letter Should be capital and must contains minimum 3 characters :
Wrong Input : Fist letter Should be capital and must contains minimum 3 characters :
Wrong Input : Fist letter Should be capital and must contains minimum 3 characters :
Wrong Input : Fist letter Should be capital and must contains minimum 3 characters :
Wrong Input : Fist letter Should be capital and must contains minimum 3 characters :
Wrong Input : Fist letter Should be capital and must contains minimum 3 characters :
Wrong Input : Fist letter Should be capital and must contains minimum 3 characters :
Wrong Input : Fist letter Should be capital and must contains minimum 3 characters :
Wrong Input : Fist letter Should be capital and must contains minimum 3 characters :
Wrong Input : Fist letter Should be capital and must contains minimum 3 characters :
Wrong Input : Fist letter Should be capital and must contains minimum 3 characters :
Wrong Input : Fist letter Should be capital and must contains minimum 3 characters :
Wrong Input : Fist letter Should be capital and must contains minimum 3 characters :
Wrong Input : Fist letter Should be capital and must contains minimum 3 characters :
Wrong Input : Fist letter Should be capital and must contains minimum 3 characters :
Wrong Input : Fist letter Should be capital and must contains minimum 3 characters :
Wrong Input : Fist letter Should be capital and must contains minimum 3 characters :
Wrong Input : Fist letter Should be capital and must contains minimum 3 characters :
Wrong Input : Fist letter Should be capital and must contains minimum 3 characters :
Wrong Input : Fist letter Should be capital and must contains minimum 3 characters :
Wrong Input : Fist letter Should be capital and must contains minimum 3 characters :
Wrong Input : Fist letter Should be capital and must contains minimum 3 characters :
Wrong Input : Fist letter Should be capital and must contains minimum 3 characters :
Wrong Input : Fist letter Should be capital and must contains minimum 3 characters :
Wrong Input : Fist letter Should be capital and must contains minimum 3 characters :
Wrong Input : Fist letter Should be capital and must contains minimum 3 characters :
Wrong Input : Fist letter Should be capital and must contains minimum 3 characters :
Wrong Input : Fist letter Should be capital and must contains minimum 3 characters :
Wrong Input : Fist letter Should be capital and must contains minimum 3 characters :
Wrong Input : Fist letter Should be capital and must contains minimum 3 characters :
Wrong Input : Fist letter Should be capital and must contains minimum 3 characters :
Wrong Input : Fist letter Should be capital and must contains minimum 3 characters :
Wrong Input : Fist letter Should be capital and must contains minimum 3 characters :
Wrong Input : Fist letter Should be capital and must contains minimum 3 characters :
Wrong Input : Fist letter Should be capital and must contains minimum 3 characters :
Wrong Input : Fist letter Should be capital and must contains minimum 3 characters :
Wrong Input : Fist letter Should be capital and must contains minimum 3 characters :
Wrong Input : Fist letter Should be capital and must contains minimum 3 characters :
Wrong Input : Fist letter Should be capital and must contains minimum 3 characters :
Wrong Input : Fist letter Should be capital and must contains minimum 3 characters :
Wrong Input : Fist letter Should be capital and must contains minimum 3 characters :
Wrong Input : Fist letter Should be capital and must contains minimum 3 characters :
Wrong Input : Fist letter Should be capital and must contains minimum 3 characters :
Wrong Input : Fist letter Should be capital and must contains minimum 3 characters :
Wrong Input : Fist letter Should be capital and must contains minimum 3 characters :
Wrong Input : Fist letter Should be capital and must contains minimum 3 characters :
Wrong Input : Fist letter Should be capital and must contains minimum 3 characters :
Wrong Input : Fist letter Should be capital and must contains minimum 3 characters :
Wrong Input : Fist letter Should be capital and must contains minimum 3 characters :
Wrong Input : Fist letter Should be capital and must contains minimum 3 characters :
Wrong Input : Fist letter Should be capital and must contains minimum 3 characters :
Wrong Input : Fist letter Should be capital and must contains minimum 3 characters :
Wrong Input : Fist letter Should be capital and must contains minimum 3 characters :
Wrong Input : Fist letter Should be capital and must contains minimum 3 characters :
Wrong Input : Fist letter Should be capital and must contains minimum 3 characters :
Wrong Input : Fist letter Should be capital and must contains minimum 3 characters :
Wrong Input : Fist letter Should be capital and must contains minimum 3 characters :
Wrong Input : Fist letter Should be capital and must contains minimum 3 characters :
Wrong Input : Fist letter Should be capital and must contains minimum 3 characters :
Wrong Input : Fist letter Should be capital and must contains minimum 3 characters :
Wrong Input : Fist letter Should be capital and must contains minimum 3 characters :
Wrong Input : Fist letter Should be capital and must contains minimum 3 characters :
Wrong Input : Fist letter Should be capital and must contains minimum 3 characters :
Wrong Input : Fist letter Should be capital and must contains minimum 3 characters :
Wrong Input : Fist letter Should be capital and must contains minimum 3 characters :
Wrong Input : Fist letter Should be capital and must contains minimum 3 characters :
Wrong Input : Fist letter Should be capital and must contains minimum 3 characters :
Wrong Input : Fist letter Should be capital and must contains minimum 3 characters :
Wrong Input : Fist letter Should be capital and must contains minimum 3 characters :
Wrong Input : Fist letter Should be capital and must contains minimum 3 characters :
Wrong Input : Fist letter Should be capital and must contains minimum 3 characters :
Wrong Input : Fist letter Should be capital and must contains minimum 3 characters :
Wrong Input : Fist letter Should be capital and must contains minimum 3 characters :
Wrong Input : Fist letter Should be capital and must contains minimum 3 characters :
Wrong Input : Fist letter Should be capital and must contains minimum 3 characters :
Wrong Input : Fist letter Should be capital and must contains minimum 3 characters :
Wrong Input : Fist letter Should be capital and must contains minimum 3 characters :
Wrong Input : Fist letter Should be capital and must contains minimum 3 characters :
Wrong Input : Fist letter Should be capital and must contains minimum 3 characters :
Wrong Input : Fist letter Should be capital and must contains minimum 3 characters :
Wrong Input : Fist letter Should be capital and must contains minimum 3 characters :
Wrong Input : Fist letter Should be capital and must contains minimum 3 characters :
Wrong Input : Fist letter Should be capital and must contains minimum 3 characters :
Wrong Input : Fist letter Should be capital and must contains minimum 3 characters :
Wrong Input : Fist letter Should be capital and must contains minimum 3 characters :
Wrong Input : Fist letter Should be capital and must contains minimum 3 characters :
Wrong Input : Fist letter Should be capital and must contains minimum 3 characters :
Wrong Input : Fist letter Should be capital and must contains minimum 3 characters :
Wrong Input : Fist letter Should be capital and must contains minimum 3 characters :
Wrong Input : Fist letter Should be capital and must contains minimum 3 characters :
Wrong Input : Fist letter Should be capital and must contains minimum 3 characters :
Wrong Input : Fist letter Should be capital and must contains minimum 3 characters :
Wrong Input : Fist letter Should be capital and must contains minimum 3 characters :
Wrong Input : Fist letter Should be capital and must contains minimum 3 characters :
Wrong Input : Fist letter Should be capital and must contains minimum 3 characters :
Wrong Input : Fist letter Should be capital and must contains minimum 3 characters :
Wrong Input : Fist letter Should be capital and must contains minimum 3 characters :
Wrong Input : Fist letter Should be capital and must contains minimum 3 characters :
Wrong Input : Fist letter Should be capital and must contains minimum 3 characters :
Wrong Input : Fist letter Should be capital and must contains minimum 3 characters :
Wrong Input : Fist letter Should be capital and must contains minimum 3 characters :
Wrong Input : Fist letter Should be capital and must contains minimum 3 characters :
Wrong Input : Fist letter Should be capital and must contains minimum 3 characters :
Wrong Input : Fist letter Should be capital and must contains minimum 3 characters :
Wrong Input : Fist letter Should be capital and must contains minimum 3 characters :
Wrong Input : Fist letter Should be capital and must contains minimum 3 characters :
Wrong Input : Fist letter Should be capital and must contains minimum 3 characters :
Wrong Input : Fist letter Should be capital and must contains minimum 3 characters :
Wrong Input : Fist letter Should be capital and must contains minimum 3 characters :
Wrong Input : Fist letter Should be capital and must contains minimum 3 characters :
Wrong Input : Fist letter Should be capital and must contains minimum 3 characters :
Wrong Input : Fist letter Should be capital and must contains minimum 3 characters :
Wrong Input : Fist letter Should be capital and must contains minimum 3 characters :
Wrong Input : Fist letter Should be capital and must contains minimum 3 characters :
Wrong Input : Fist letter Should be capital and must contains minimum 3 characters :
Wrong Input : Fist letter Should be capital and must contains minimum 3 characters :
Wrong Input : Fist letter Should be capital and must contains minimum 3 characters :
Wrong Input : Fist letter Should be capital and must contains minimum 3 characters :
Wrong Input : Fist letter Should be capital and must contains minimum 3 characters :
Wrong Input : Fist letter Should be capital and must contains minimum 3 characters :
Wrong Input : Fist letter Should be capital and must contains minimum 3 characters :
Wrong Input : Fist letter Should be capital and must contains minimum 3 characters :
Wrong Input : Fist letter Should be capital and must contains minimum 3 characters :
Wrong Input : Fist letter Should be capital and must contains minimum 3 characters :
Wrong Input : Fist letter Should be capital and must contains minimum 3 characters :
Wrong Input : Fist letter Should be capital and must contains minimum 3 characters :
Wrong Input : Fist letter Should be capital and must contains minimum 3 characters :
Wrong Input : Fist letter Should be capital and must contains minimum 3 characters :
Wrong Input : Fist letter Should be capital and must contains minimum 3 characters :
Wrong Input : Fist letter Should be capital and must contains minimum 3 characters :
Wrong Input : Fist letter Should be capital and must contains minimum 3 characters :
Wrong Input : Fist letter Should be capital and must contains minimum 3 characters :
Wrong Input : Fist letter Should be capital and must contains minimum 3 characters :
Wrong Input : Fist letter Should be capital and must contains minimum 3 characters :
Wrong Input : Fist letter Should be capital and must contains minimum 3 characters :
Wrong Input : Fist letter Should be capital and must contains minimum 3 characters :
Wrong Input : Fist letter Should be capital and must contains minimum 3 characters :
Wrong Input : Fist letter Should be capital and must contains minimum 3 characters :
Wrong Input : Fist letter Should be capital and must contains minimum 3 characters :
Wrong Input : Fist letter Should be capital and must contains minimum 3 characters :
Wrong Input : Fist letter Should be capital and must contains minimum 3 characters :
Wrong Input : Fist letter Should be capital and must contains minimum 3 characters :
Wrong Input : Fist letter Should be capital and must contains minimum 3 characters :
Wrong Input : Fist letter Should be capital and must contains minimum 3 characters :
Wrong Input : Fist letter Should be capital and must contains minimum 3 characters :
Wrong Input : Fist letter Should be capital and must contains minimum 3 characters :
Wrong Input : Fist letter Should be capital and must contains minimum 3 characters :
Wrong Input : Fist letter Should be capital and must contains minimum 3 characters :
Wrong Input : Fist letter Should be capital and must contains minimum 3 characters :
Wrong Input : Fist letter Should be capital and must contains minimum 3 characters :
Wrong Input : Fist letter Should be capital and must contains minimum 3 characters :
Wrong Input : Fist letter Should be capital and must contains minimum 3 characters :
Wrong Input : Fist letter Should be capital and must contains minimum 3 characters :
Wrong Input : Fist letter Should be capital and must contains minimum 3 characters :
Wrong Input : Fist letter Should be capital and must contains minimum 3 characters :
Wrong Input : Fist letter Should be capital and must contains minimum 3 characters :
Wrong Input : Fist letter Should be capital and must contains minimum 3 characters :
Wrong Input : Fist letter Should be capital and must contains minimum 3 characters :
Wrong Input : Fist letter Should be capital and must contains minimum 3 characters :
Wrong Input : Fist letter Should be capital and must contains minimum 3 characters :
Wrong Input : Fist letter Should be capital and must contains minimum 3 characters :
Wrong Input : Fist letter Should be capital and must contains minimum 3 characters :
Wrong Input : Fist letter Should be capital and must contains minimum 3 characters :
Wrong Input : Fist letter Should be capital and must contains minimum 3 characters :
Wrong Input : Fist letter Should be capital and must contains minimum 3 characters :
Wrong Input : Fist letter Should be capital and must contains minimum 3 characters :
Wrong Input : Fist letter Should be capital and must contains minimum 3 characters :
Wrong Input : Fist letter Should be capital and must contains minimum 3 characters :
Wrong Input : Fist letter Should be capital and must contains minimum 3 characters :
Wrong Input : Fist letter Should be capital and must contains minimum 3 characters :
Wrong Input : Fist letter Should be capital and must contains minimum 3 characters :
Wrong Input : Fist letter Should be capital and must contains minimum 3 characters :
Wrong Input : Fist letter Should be capital and must contains minimum 3 characters :
Wrong Input : Fist letter Should be capital and must contains minimum 3 characters :
Wrong Input : Fist letter Should be capital and must contains minimum 3 characters :
Wrong Input : Fist letter Should be capital and must contains minimum 3 characters :
Wrong Input : Fist letter Should be capital and must contains minimum 3 characters :
Wrong Input : Fist letter Should be capital and must contains minimum 3 characters :
Wrong Input : Fist letter Should be capital and must contains minimum 3 characters :
Wrong Input : Fist letter Should be capital and must contains minimum 3 characters :
Wrong Input : Fist letter Should be capital and must contains minimum 3 characters :
Wrong Input : Fist letter Should be capital and must contains minimum 3 characters :
Wrong Input : Fist letter Should be capital and must contains minimum 3 characters :
Wrong Input : Fist letter Should be capital and must contains minimum 3 characters :
Wrong Input : Fist letter Should be capital and must contains minimum 3 characters :
Wrong Input : Fist letter Should be capital and must contains minimum 3 characters :
Wrong Input : Fist letter Should be capital and must contains minimum 3 characters :
Wrong Input : Fist letter Should be capital and must contains minimum 3 characters :
Wrong Input : Fist letter Should be capital and must contains minimum 3 characters :
Wrong Input : Fist letter Should be capital and must contains minimum 3 characters :
Wrong Input : Fist letter Should be capital and must contains minimum 3 characters :
Wrong Input : Fist letter Should be capital and must contains minimum 3 characters :
Wrong Input : Fist letter Should be capital and must contains minimum 3 characters :
Wrong Input : Fist letter Should be capital and must contains minimum 3 characters :
Wrong Input : Fist letter Should be capital and must contains minimum 3 characters :
Wrong Input : Fist letter Should be capital and must contains minimum 3 characters :
Wrong Input : Fist letter Should be capital and must contains minimum 3 characters :
Wrong Input : Fist letter Should be capital and must contains minimum 3 characters :
Wrong Input : Fist letter Should be capital and must contains minimum 3 characters :
Wrong Input : Fist letter Should be capital and must contains minimum 3 characters :
Wrong Input : Fist letter Should be capital and must contains minimum 3 characters :
Wrong Input : Fist letter Should be capital and must contains minimum 3 characters :
Wrong Input : Fist letter Should be capital and must contains minimum 3 characters :
Wrong Input : Fist letter Should be capital and must contains minimum 3 characters :
Wrong Input : Fist letter Should be capital and must contains minimum 3 characters :
Wrong Input : Fist letter Should be capital and must contains minimum 3 characters :
Wrong Input : Fist letter Should be capital and must contains minimum 3 characters :
Wrong Input : Fist letter Should be capital and must contains minimum 3 characters :
Wrong Input : Fist letter Should be capital and must contains minimum 3 characters :
Wrong Input : Fist letter Should be capital and must contains minimum 3 characters :
Wrong Input : Fist letter Should be capital and must contains minimum 3 characters :
Wrong Input : Fist letter Should be capital and must contains minimum 3 characters :
Wrong Input : Fist letter Should be capital and must contains minimum 3 characters :
Wrong Input : Fist letter Should be capital and must contains minimum 3 characters :
Wrong Input : Fist letter Should be capital and must contains minimum 3 characters :
Wrong Input : Fist letter Should be capital and must contains minimum 3 characters :
Wrong Input : Fist letter Should be capital and must contains minimum 3 characters :
Wrong Input : Fist letter Should be capital and must contains minimum 3 characters :
Wrong Input : Fist letter Should be capital and must contains minimum 3 characters :
Wrong Input : Fist letter Should be capital and must contains minimum 3 characters :
Wrong Input : Fist letter Should be capital and must contains minimum 3 characters :
Wrong Input : Fist letter Should be capital and must contains minimum 3 characters :
Wrong Input : Fist letter Should be capital and must contains minimum 3 characters :
Wrong Input : Fist letter Should be capital and must contains minimum 3 characters :
Wrong Input : Fist letter Should be capital and must contains minimum 3 characters :
Wrong Input : Fist letter Should be capital and must contains minimum 3 characters :
Wrong Input : Fist letter Should be capital and must contains minimum 3 characters :
Wrong Input : Fist letter Should be capital and must contains minimum 3 characters :
Wrong Input : Fist letter Should be capital and must contains minimum 3 characters :
Wrong Input : Fist letter Should be capital and must contains minimum 3 characters :
Wrong Input : Fist letter Should be capital and must contains minimum 3 characters :
Wrong Input : Fist letter Should be capital and must contains minimum 3 characters :
Wrong Input : Fist letter Should be capital and must contains minimum 3 characters :
Wrong Input : Fist letter Should be capital and must contains minimum 3 characters :
Wrong Input : Fist letter Should be capital and must contains minimum 3 characters :
Wrong Input : Fist letter Should be capital and must contains minimum 3 characters :
Wrong Input : Fist letter Should be capital and must contains minimum 3 characters :
Wrong Input : Fist letter Should be capital and must contains minimum 3 characters :
Wrong Input : Fist letter Should be capital and must contains minimum 3 characters :
Wrong Input : Fist letter Should be capital and must contains minimum 3 characters :
Wrong Input : Fist letter Should be capital and must contains minimum 3 characters :
Wrong Input : Fist letter Should be capital and must contains minimum 3 characters :
Wrong Input : Fist letter Should be capital and must contains minimum 3 characters :
Wrong Input : Fist letter Should be capital and must contains minimum 3 characters :
Wrong Input : Fist letter Should be capital and must contains minimum 3 characters :
Wrong Input : Fist letter Should be capital and must contains minimum 3 characters :
Wrong Input : Fist letter Should be capital and must contains minimum 3 characters :
Wrong Input : Fist letter Should be capital and must contains minimum 3 characters :
Wrong Input : Fist letter Should be capital and must contains minimum 3 characters :
Wrong Input : Fist letter Should be capital and must contains minimum 3 characters :
Wrong Input : Fist letter Should be capital and must contains minimum 3 characters :
Wrong Input : Fist letter Should be capital and must contains minimum 3 characters :
Wrong Input : Fist letter Should be capital and must contains minimum 3 characters :
Wrong Input : Fist letter Should be capital and must contains minimum 3 characters :
Wrong Input : Fist letter Should be capital and must contains minimum 3 characters :
Wrong Input : Fist letter Should be capital and must contains minimum 3 characters :
Wrong Input : Fist letter Should be capital and must contains minimum 3 characters :
Wrong Input : Fist letter Should be capital and must contains minimum 3 characters :
Wrong Input : Fist letter Should be capital and must contains minimum 3 characters :
Wrong Input : Fist letter Should be capital and must contains minimum 3 characters :
Wrong Input : Fist letter Should be capital and must contains minimum 3 characters :
Wrong Input : Fist letter Should be capital and must contains minimum 3 characters :
Wrong Input : Fist letter Should be capital and must contains minimum 3 characters :
Wrong Input : Fist letter Should be capital and must contains minimum 3 characters :
Wrong Input : Fist letter Should be capital and must contains minimum 3 characters :
Wrong Input : Fist letter Should be capital and must contains minimum 3 characters :
Wrong Input : Fist letter Should be capital and must contains minimum 3 characters :
Wrong Input : Fist letter Should be capital and must contains minimum 3 characters :
Wrong Input : Fist letter Should be capital and must contains minimum 3 characters :
Wrong Input : Fist letter Should be capital and must contains minimum 3 characters :
Wrong Input : Fist letter Should be capital and must contains minimum 3 characters :
Wrong Input : Fist letter Should be capital and must contains minimum 3 characters :
Wrong Input : Fist letter Should be capital and must contains minimum 3 characters :
Wrong Input : Fist letter Should be capital and must contains minimum 3 characters :
Wrong Input : Fist letter Should be capital and must contains minimum 3 characters :
Wrong Input : Fist letter Should be capital and must contains minimum 3 characters :
Wrong Input : Fist letter Should be capital and must contains minimum 3 characters :
Wrong Input : Fist letter Should be capital and must contains minimum 3 characters :
Wrong Input : Fist letter Should be capital and must contains minimum 3 characters :
Wrong Input : Fist letter Should be capital and must contains minimum 3 characters :
Wrong Input : Fist letter Should be capital and must contains minimum 3 characters :
Wrong Input : Fist letter Should be capital and must contains minimum 3 characters :
Wrong Input : Fist letter Should be capital and must contains minimum 3 characters :
Wrong Input : Fist letter Should be capital and must contains minimum 3 characters :
Wrong Input : Fist letter Should be capital and must contains minimum 3 characters :
Wrong Input : Fist letter Should be capital and must contains minimum 3 characters :
Wrong Input : Fist letter Should be capital and must contains minimum 3 characters :
Wrong Input : Fist letter Should be capital and must contains minimum 3 characters :
Wrong Input : Fist letter Should be capital and must contains minimum 3 characters :
Wrong Input : Fist letter Should be capital and must contains minimum 3 characters :
Wrong Input : Fist letter Should be capital and must contains minimum 3 characters :
Wrong Input : Fist letter Should be capital and must contains minimum 3 characters :
Wrong Input : Fist letter Should be capital and must contains minimum 3 characters :
Wrong Input : Fist letter Should be capital and must contains minimum 3 characters :
Wrong Input : Fist letter Should be capital and must contains minimum 3 characters :
Wrong Input : Fist letter Should be capital and must contains minimum 3 characters :
Wrong Input : Fist letter Should be capital and must contains minimum 3 characters :
Wrong Input : Fist letter Should be capital and must contains minimum 3 characters :
Wrong Input : Fist letter Should be capital and must contains minimum 3 characters :
Wrong Input : Fist letter Should be capital and must contains minimum 3 characters :
Wrong Input : Fist letter Should be capital and must contains minimum 3 characters :
Wrong Input : Fist letter Should be capital and must contains minimum 3 characters :
Wrong Input : Fist letter Should be capital and must contains minimum 3 characters :
Wrong Input : Fist letter Should be capital and must contains minimum 3 characters :
Wrong Input : Fist letter Should be capital and must contains minimum 3 characters :
Wrong Input : Fist letter Should be capital and must contains minimum 3 characters :
Wrong Input : Fist letter Should be capital and must contains minimum 3 characters :
Wrong Input : Fist letter Should be capital and must contains minimum 3 characters :
Wrong Input : Fist letter Should be capital and must contains minimum 3 characters :
Wrong Input : Fist letter Should be capital and must contains minimum 3 characters :
Wrong Input : Fist letter Should be capital and must contains minimum 3 characters :
Wrong Input : Fist letter Should be capital and must contains minimum 3 characters :
Wrong Input : Fist letter Should be capital and must contains minimum 3 characters :
Wrong Input : Fist letter Should be capital and must contains minimum 3 characters :
Wrong Input : Fist letter Should be capital and must contains minimum 3 characters :
Wrong Input : Fist letter Should be capital and must contains minimum 3 characters :
Wrong Input : Fist letter Should be capital and must contains minimum 3 characters :
Wrong Input : Fist letter Should be capital and must contains minimum 3 characters :
Wrong Input : Fist letter Should be capital and must contains minimum 3 characters :
Wrong Input : Fist letter Should be capital and must contains minimum 3 characters :
Wrong Input : Fist letter Should be capital and must contains minimum 3 characters :
Wrong Input : Fist letter Should be capital and must contains minimum 3 characters :
Wrong Input : Fist letter Should be capital and must contains minimum 3 characters :
Wrong Input : Fist letter Should be capital and must contains minimum 3 characters :
Wrong Input : Fist letter Should be capital and must contains minimum 3 characters :
Wrong Input : Fist letter Should be capital and must contains minimum 3 characters :
Wrong Input : Fist letter Should be capital and must contains minimum 3 characters :
Wrong Input : Fist letter Should be capital and must contains minimum 3 characters :
Wrong Input : Fist letter Should be capital and must contains minimum 3 characters :
Wrong Input : Fist letter Should be capital and must contains minimum 3 characters :
Wrong Input : Fist letter Should be capital and must contains minimum 3 characters :
Wrong Input : Fist letter Should be capital and must contains minimum 3 characters :
Wrong Input : Fist letter Should be capital and must contains minimum 3 characters :
Wrong Input : Fist letter Should be capital and must contains minimum 3 characters :
Wrong Input : Fist letter Should be capital and must contains minimum 3 characters :
Wrong Input : Fist letter Should be capital and must contains minimum 3 characters :
Wrong Input : Fist letter Should be capital and must contains minimum 3 characters :
Wrong Input : Fist letter Should be capital and must contains minimum 3 characters :
Wrong Input : Fist letter Should be capital and must contains minimum 3 characters :
Wrong Input : Fist letter Should be capital and must contains minimum 3 characters :
Wrong Input : Fist letter Should be capital and must contains minimum 3 characters :
Wrong Input : Fist letter Should be capital and must contains minimum 3 characters :
Wrong Input : Fist letter Should be capital and must contains minimum 3 characters :
Wrong Input : Fist letter Should be capital and must contains minimum 3 characters :
Wrong Input : Fist letter Should be capital and must contains minimum 3 characters :
Wrong Input : Fist letter Should be capital and must contains minimum 3 characters :
Wrong Input : Fist letter Should be capital and must contains minimum 3 characters :
Wrong Input : Fist letter Should be capital and must contains minimum 3 characters :
Wrong Input : Fist letter Should be capital and must contains minimum 3 characters :
Wrong Input : Fist letter Should be capital and must contains minimum 3 characters :
Wrong Input : Fist letter Should be capital and must contains minimum 3 characters :
Wrong Input : Fist letter Should be capital and must contains minimum 3 characters :
Wrong Input : Fist letter Should be capital and must contains minimum 3 characters :
Wrong Input : Fist letter Should be capital and must contains minimum 3 characters :
Wrong Input : Fist letter Should be capital and must contains minimum 3 characters :
Wrong Input : Fist letter Should be capital and must contains minimum 3 characters :
Wrong Input : Fist letter Should be capital and must contains minimum 3 characters :
Wrong Input : Fist letter Should be capital and must contains minimum 3 characters :
Wrong Input : Fist letter Should be capital and must contains minimum 3 characters :
Wrong Input : Fist letter Should be capital and must contains minimum 3 characters :
Wrong Input : Fist letter Should be capital and must contains minimum 3 characters :
Wrong Input : Fist letter Should be capital and must contains minimum 3 characters :
Wrong Input : Fist letter Should be capital and must contains minimum 3 characters :
Wrong Input : Fist letter Should be capital and must contains minimum 3 characters :
Wrong Input : Fist letter Should be capital and must contains minimum 3 characters :
Wrong Input : Fist letter Should be capital and must contains minimum 3 characters :
Wrong Input : Fist letter Should be capital and must contains minimum 3 characters :
Wrong Input : Fist letter Should be capital and must contains minimum 3 characters :
Wrong Input : Fist letter Should be capital and must contains minimum 3 characters :
Wrong Input : Fist letter Should be capital and must contains minimum 3 characters :
Wrong Input : Fist letter Should be capital and must contains minimum 3 characters :
Wrong Input : Fist letter Should be capital and must contains minimum 3 characters :
Wrong Input : Fist letter Should be capital and must contains minimum 3 characters :
Wrong Input : Fist letter Should be capital and must contains minimum 3 characters :
Wrong Input : Fist letter Should be capital and must contains minimum 3 characters :
Wrong Input : Fist letter Should be capital and must contains minimum 3 characters :
Wrong Input : Fist letter Should be capital and must contains minimum 3 characters :
Wrong Input : Fist letter Should be capital and must contains minimum 3 characters :
Wrong Input : Fist letter Should be capital and must contains minimum 3 characters :
Wrong Input : Fist letter Should be capital and must contains minimum 3 characters :
Wrong Input : Fist letter Should be capital and must contains minimum 3 characters :
Wrong Input : Fist letter Should be capital and must contains minimum 3 characters :
Wrong Input : Fist letter Should be capital and must contains minimum 3 characters :
Wrong Input : Fist letter Should be capital and must contains minimum 3 characters :
Wrong Input : Fist letter Should be capital and must contains minimum 3 characters :
Wrong Input : Fist letter Should be capital and must contains minimum 3 characters :
Wrong Input : Fist letter Should be capital and must contains minimum 3 characters :
Wrong Input : Fist letter Should be capital and must contains minimum 3 characters :
Wrong Input : Fist letter Should be capital and must contains minimum 3 characters :
Wrong Input : Fist letter Should be capital and must contains minimum 3 characters :
Wrong Input : Fist letter Should be capital and must contains minimum 3 characters :
Wrong Input : Fist letter Should be capital and must contains minimum 3 characters :
Wrong Input : Fist letter Should be capital and must contains minimum 3 characters :
Wrong Input : Fist letter Should be capital and must contains minimum 3 characters :
Wrong Input : Fist letter Should be capital and must contains minimum 3 characters :
Wrong Input : Fist letter Should be capital and must contains minimum 3 characters :
Wrong Input : Fist letter Should be capital and must contains minimum 3 characters :
Wrong Input : Fist letter Should be capital and must contains minimum 3 characters :
Wrong Input : Fist letter Should be capital and must contains minimum 3 characters :
Wrong Input : Fist letter Should be capital and must contains minimum 3 characters :
Wrong Input : Fist letter Should be capital and must contains minimum 3 characters :
Wrong Input : Fist letter Should be capital and must contains minimum 3 characters :
Wrong Input : Fist letter Should be capital and must contains minimum 3 characters :
Wrong Input : Fist letter Should be capital and must contains minimum 3 characters :
Wrong Input : Fist letter Should be capital and must contains minimum 3 characters :
Wrong Input : Fist letter Should be capital and must contains minimum 3 characters :
Wrong Input : Fist letter Should be capital and must contains minimum 3 characters :
Wrong Input : Fist letter Should be capital and must contains minimum 3 characters :
Wrong Input : Fist letter Should be capital and must contains minimum 3 characters :
Wrong Input : Fist letter Should be capital and must contains minimum 3 characters :
Wrong Input : Fist letter Should be capital and must contains minimum 3 characters :
Wrong Input : Fist letter Should be capital and must contains minimum 3 characters :
Wrong Input : Fist letter Should be capital and must contains minimum 3 characters :
Wrong Input : Fist letter Should be capital and must contains minimum 3 characters :
Wrong Input : Fist letter Should be capital and must contains minimum 3 characters :
Wrong Input : Fist letter Should be capital and must contains minimum 3 characters :
Wrong Input : Fist letter Should be capital and must contains minimum 3 characters :
Wrong Input : Fist letter Should be capital and must contains minimum 3 characters :
Wrong Input : Fist letter Should be capital and must contains minimum 3 characters :
Wrong Input : Fist letter Should be capital and must contains minimum 3 characters :
Wrong Input : Fist letter Should be capital and must contains minimum 3 characters :
Wrong Input : Fist letter Should be capital and must contains minimum 3 characters :
Wrong Input : Fist letter Should be capital and must contains minimum 3 characters :
Wrong Input : Fist letter Should be capital and must contains minimum 3 characters :
Wrong Input : Fist letter Should be capital and must contains minimum 3 characters :
Wrong Input : Fist letter Should be capital and must contains minimum 3 characters :
Wrong Input : Fist letter Should be capital and must contains minimum 3 characters :
Wrong Input : Fist letter Should be capital and must contains minimum 3 characters :
Wrong Input : Fist letter Should be capital and must contains minimum 3 characters :
Wrong Input : Fist letter Should be capital and must contains minimum 3 characters :
Wrong Input : Fist letter Should be capital and must contains minimum 3 characters :
Wrong Input : Fist letter Should be capital and must contains minimum 3 characters :
Wrong Input : Fist letter Should be capital and must contains minimum 3 characters :
Wrong Input : Fist letter Should be capital and must contains minimum 3 characters :
Wrong Input : Fist letter Should be capital and must contains minimum 3 characters :
Wrong Input : Fist letter Should be capital and must contains minimum 3 characters :
Wrong Input : Fist letter Should be capital and must contains minimum 3 characters :
Wrong Input : Fist letter Should be capital and must contains minimum 3 characters :
Wrong Input : Fist letter Should be capital and must contains minimum 3 characters :
Wrong Input : Fist letter Should be capital and must contains minimum 3 characters :
Wrong Input : Fist letter Should be capital and must contains minimum 3 characters :
Wrong Input : Fist letter Should be capital and must contains minimum 3 characters :
Wrong Input : Fist letter Should be capital and must contains minimum 3 characters :
Wrong Input : Fist letter Should be capital and must contains minimum 3 characters :
Wrong Input : Fist letter Should be capital and must contains minimum 3 characters :
Wrong Input : Fist letter Should be capital and must contains minimum 3 characters :
Wrong Input : Fist letter Should be capital and must contains minimum 3 characters :
Wrong Input : Fist letter Should be capital and must contains minimum 3 characters :
Wrong Input : Fist letter Should be capital and must contains minimum 3 characters :
Wrong Input : Fist letter Should be capital and must contains minimum 3 characters :
Wrong Input : Fist letter Should be capital and must contains minimum 3 characters :
Wrong Input : Fist letter Should be capital and must contains minimum 3 characters :
Wrong Input : Fist letter Should be capital and must contains minimum 3 characters :
Wrong Input : Fist letter Should be capital and must contains minimum 3 characters :
Wrong Input : Fist letter Should be capital and must contains minimum 3 characters :
Wrong Input : Fist letter Should be capital and must contains minimum 3 characters :
Wrong Input : Fist letter Should be capital and must contains minimum 3 characters :
Wrong Input : Fist letter Should be capital and must contains minimum 3 characters :
Wrong Input : Fist letter Should be capital and must contains minimum 3 characters :
Wrong Input : Fist letter Should be capital and must contains minimum 3 characters :
Wrong Input : Fist letter Should be capital and must contains minimum 3 characters :
Wrong Input : Fist letter Should be capital and must contains minimum 3 characters :
Wrong Input : Fist letter Should be capital and must contains minimum 3 characters :
Wrong Input : Fist letter Should be capital and must contains minimum 3 characters :
Wrong Input : Fist letter Should be capital and must contains minimum 3 characters :
Wrong Input : Fist letter Should be capital and must contains minimum 3 characters :
Wrong Input : Fist letter Should be capital and must contains minimum 3 characters :
Wrong Input : Fist letter Should be capital and must contains minimum 3 characters :
Wrong Input : Fist letter Should be capital and must contains minimum 3 characters :
Wrong Input : Fist letter Should be capital and must contains minimum 3 characters :
Wrong Input : Fist letter Should be capital and must contains minimum 3 characters :
Wrong Input : Fist letter Should be capital and must contains minimum 3 characters :
Wrong Input : Fist letter Should be capital and must contains minimum 3 characters :
Wrong Input : Fist letter Should be capital and must contains minimum 3 characters :
Wrong Input : Fist letter Should be capital and must contains minimum 3 characters :
Wrong Input : Fist letter Should be capital and must contains minimum 3 characters :
Wrong Input : Fist letter Should be capital and must contains minimum 3 characters :
Wrong Input : Fist letter Should be capital and must contains minimum 3 characters :
Wrong Input : Fist letter Should be capital and must contains minimum 3 characters :
Wrong Input : Fist letter Should be capital and must contains minimum 3 characters :
Wrong Input : Fist letter Should be capital and must contains minimum 3 characters :
Wrong Input : Fist letter Should be capital and must contains minimum 3 characters :
Wrong Input : Fist letter Should be capital and must contains minimum 3 characters :
Wrong Input : Fist letter Should be capital and must contains minimum 3 characters :
Wrong Input : Fist letter Should be capital and must contains minimum 3 characters :
Wrong Input : Fist letter Should be capital and must contains minimum 3 characters :
Wrong Input : Fist letter Should be capital and must contains minimum 3 characters :
Wrong Input : Fist letter Should be capital and must contains minimum 3 characters :
Wrong Input : Fist letter Should be capital and must contains minimum 3 characters :
Wrong Input : Fist letter Should be capital and must contains minimum 3 characters :
Wrong Input : Fist letter Should be capital and must contains minimum 3 characters :
Wrong Input : Fist letter Should be capital and must contains minimum 3 characters :
Wrong Input : Fist letter Should be capital and must contains minimum 3 characters :
Wrong Input : Fist letter Should be capital and must contains minimum 3 characters :
Wrong Input : Fist letter Should be capital and must contains minimum 3 characters :
Wrong Input : Fist letter Should be capital and must contains minimum 3 characters :
Wrong Input : Fist letter Should be capital and must contains minimum 3 characters :
Wrong Input : Fist letter Should be capital and must contains minimum 3 characters :
Wrong Input : Fist letter Should be capital and must contains minimum 3 characters :
Wrong Input : Fist letter Should be capital and must contains minimum 3 characters :
Wrong Input : Fist letter Should be capital and must contains minimum 3 characters :
Wrong Input : Fist letter Should be capital and must contains minimum 3 characters :
Wrong Input : Fist letter Should be capital and must contains minimum 3 characters :
Wrong Input : Fist letter Should be capital and must contains minimum 3 characters :
Wrong Input : Fist letter Should be capital and must contains minimum 3 characters :
Wrong Input : Fist letter Should be capital and must contains minimum 3 characters :
Wrong Input : Fist letter Should be capital and must contains minimum 3 characters :
Wrong Input : Fist letter Should be capital and must contains minimum 3 characters :
Wrong Input : Fist letter Should be capital and must contains minimum 3 characters :
Wrong Input : Fist letter Should be capital and must contains minimum 3 characters :
Wrong Input : Fist letter Should be capital and must contains minimum 3 characters :
Wrong Input : Fist letter Should be capital and must contains minimum 3 characters :
Wrong Input : Fist letter Should be capital and must contains minimum 3 characters :
Wrong Input : Fist letter Should be capital and must contains minimum 3 characters :
Wrong Input : Fist letter Should be capital and must contains minimum 3 characters :
Wrong Input : Fist letter Should be capital and must contains minimum 3 characters :
Wrong Input : Fist letter Should be capital and must contains minimum 3 characters :
Wrong Input : Fist letter Should be capital and must contains minimum 3 characters :
Wrong Input : Fist letter Should be capital and must contains minimum 3 characters :
Wrong Input : Fist letter Should be capital and must contains minimum 3 characters :
Wrong Input : Fist letter Should be capital and must contains minimum 3 characters :
Wrong Input : Fist letter Should be capital and must contains minimum 3 characters :
Wrong Input : Fist letter Should be capital and must contains minimum 3 characters :
Wrong Input : Fist letter Should be capital and must contains minimum 3 characters :
Wrong Input : Fist letter Should be capital and must contains minimum 3 characters :
Wrong Input : Fist letter Should be capital and must contains minimum 3 characters :
Wrong Input : Fist letter Should be capital and must contains minimum 3 characters :
Wrong Input : Fist letter Should be capital and must contains minimum 3 characters :
Wrong Input : Fist letter Should be capital and must contains minimum 3 characters :
Wrong Input : Fist letter Should be capital and must contains minimum 3 characters :
Wrong Input : Fist letter Should be capital and must contains minimum 3 characters :
Wrong Input : Fist letter Should be capital and must contains minimum 3 characters :
Wrong Input : Fist letter Should be capital and must contains minimum 3 characters :
Wrong Input : Fist letter Should be capital and must contains minimum 3 characters :
Wrong Input : Fist letter Should be capital and must contains minimum 3 characters :
Wrong Input : Fist letter Should be capital and must contains minimum 3 characters :
Wrong Input : Fist letter Should be capital and must contains minimum 3 characters :
Wrong Input : Fist letter Should be capital and must contains minimum 3 characters :
Wrong Input : Fist letter Should be capital and must contains minimum 3 characters :
Wrong Input : Fist letter Should be capital and must contains minimum 3 characters :
Wrong Input : Fist letter Should be capital and must contains minimum 3 characters :
Wrong Input : Fist letter Should be capital and must contains minimum 3 characters :
Wrong Input : Fist letter Should be capital and must contains minimum 3 characters :
Wrong Input : Fist letter Should be capital and must contains minimum 3 characters :
Wrong Input : Fist letter Should be capital and must contains minimum 3 characters :
Wrong Input : Fist letter Should be capital and must contains minimum 3 characters :
Wrong Input : Fist letter Should be capital and must contains minimum 3 characters :
Wrong Input : Fist letter Should be capital and must contains minimum 3 characters :
Wrong Input : Fist letter Should be capital and must contains minimum 3 characters :
Wrong Input : Fist letter Should be capital and must contains minimum 3 characters :
Wrong Input : Fist letter Should be capital and must contains minimum 3 characters :
Wrong Input : Fist letter Should be capital and must contains minimum 3 characters :
Wrong Input : Fist letter Should be capital and must contains minimum 3 characters :
Wrong Input : Fist letter Should be capital and must contains minimum 3 characters :
Wrong Input : Fist letter Should be capital and must contains minimum 3 characters :
Wrong Input : Fist letter Should be capital and must contains minimum 3 characters :
Wrong Input : Fist letter Should be capital and must contains minimum 3 characters :
Wrong Input : Fist letter Should be capital and must contains minimum 3 characters :
Wrong Input : Fist letter Should be capital and must contains minimum 3 characters :
Wrong Input : Fist letter Should be capital and must contains minimum 3 characters :
Wrong Input : Fist letter Should be capital and must contains minimum 3 characters :
Wrong Input : Fist letter Should be capital and must contains minimum 3 characters :
Wrong Input : Fist letter Should be capital and must contains minimum 3 characters :
Wrong Input : Fist letter Should be capital and must contains minimum 3 characters :
Wrong Input : Fist letter Should be capital and must contains minimum 3 characters :
Wrong Input : Fist letter Should be capital and must contains minimum 3 characters :
Wrong Input : Fist letter Should be capital and must contains minimum 3 characters :
Wrong Input : Fist letter Should be capital and must contains minimum 3 characters :
Wrong Input : Fist letter Should be capital and must contains minimum 3 characters :
Wrong Input : Fist letter Should be capital and must contains minimum 3 characters :
Wrong Input : Fist letter Should be capital and must contains minimum 3 characters :
Wrong Input : Fist letter Should be capital and must contains minimum 3 characters :
Wrong Input : Fist letter Should be capital and must contains minimum 3 characters :
Wrong Input : Fist letter Should be capital and must contains minimum 3 characters :
Wrong Input : Fist letter Should be capital and must contains minimum 3 characters :
Wrong Input : Fist letter Should be capital and must contains minimum 3 characters :
Wrong Input : Fist letter Should be capital and must contains minimum 3 characters :
Wrong Input : Fist letter Should be capital and must contains minimum 3 characters :
Wrong Input : Fist letter Should be capital and must contains minimum 3 characters :
Wrong Input : Fist letter Should be capital and must contains minimum 3 characters :
Wrong Input : Fist letter Should be capital and must contains minimum 3 characters :
Wrong Input : Fist letter Should be capital and must contains minimum 3 characters :
Wrong Input : Fist letter Should be capital and must contains minimum 3 characters :
Wrong Input : Fist letter Should be capital and must contains minimum 3 characters :
Wrong Input : Fist letter Should be capital and must contains minimum 3 characters :
Wrong Input : Fist letter Should be capital and must contains minimum 3 characters :
Wrong Input : Fist letter Should be capital and must contains minimum 3 characters :
Wrong Input : Fist letter Should be capital and must contains minimum 3 characters :
Wrong Input : Fist letter Should be capital and must contains minimum 3 characters :
Wrong Input : Fist letter Should be capital and must contains minimum 3 characters :
Wrong Input : Fist letter Should be capital and must contains minimum 3 characters :
Wrong Input : Fist letter Should be capital and must contains minimum 3 characters :
Wrong Input : Fist letter Should be capital and must contains minimum 3 characters :
Wrong Input : Fist letter Should be capital and must contains minimum 3 characters :
Wrong Input : Fist letter Should be capital and must contains minimum 3 characters :
Wrong Input : Fist letter Should be capital and must contains minimum 3 characters :
Wrong Input : Fist letter Should be capital and must contains minimum 3 characters :
Wrong Input : Fist letter Should be capital and must contains minimum 3 characters :
Wrong Input : Fist letter Should be capital and must contains minimum 3 characters :
Wrong Input : Fist letter Should be capital and must contains minimum 3 characters :
Wrong Input : Fist letter Should be capital and must contains minimum 3 characters :
Wrong Input : Fist letter Should be capital and must contains minimum 3 characters :
Wrong Input : Fist letter Should be capital and must contains minimum 3 characters :
Wrong Input : Fist letter Should be capital and must contains minimum 3 characters :
Wrong Input : Fist letter Should be capital and must contains minimum 3 characters :
Wrong Input : Fist letter Should be capital and must contains minimum 3 characters :
Wrong Input : Fist letter Should be capital and must contains minimum 3 characters :
Wrong Input : Fist letter Should be capital and must contains minimum 3 characters :
Wrong Input : Fist letter Should be capital and must contains minimum 3 characters :
Wrong Input : Fist letter Should be capital and must contains minimum 3 characters :
Wrong Input : Fist letter Should be capital and must contains minimum 3 characters :
Wrong Input : Fist letter Should be capital and must contains minimum 3 characters :
Wrong Input : Fist letter Should be capital and must contains minimum 3 characters :
Wrong Input : Fist letter Should be capital and must contains minimum 3 characters :
Wrong Input : Fist letter Should be capital and must contains minimum 3 characters :
Wrong Input : Fist letter Should be capital and must contains minimum 3 characters :
Wrong Input : Fist letter Should be capital and must contains minimum 3 characters :
Wrong Input : Fist letter Should be capital and must contains minimum 3 characters :
Wrong Input : Fist letter Should be capital and must contains minimum 3 characters :
Wrong Input : Fist letter Should be capital and must contains minimum 3 characters :
Wrong Input : Fist letter Should be capital and must contains minimum 3 characters :
Wrong Input : Fist letter Should be capital and must contains minimum 3 characters :
Wrong Input : Fist letter Should be capital and must contains minimum 3 characters :
Wrong Input : Fist letter Should be capital and must contains minimum 3 characters :
Wrong Input : Fist letter Should be capital and must contains minimum 3 characters :
Wrong Input : Fist letter Should be capital and must contains minimum 3 characters :
Wrong Input : Fist letter Should be capital and must contains minimum 3 characters :
Wrong Input : Fist letter Should be capital and must contains minimum 3 characters :
Wrong Input : Fist letter Should be capital and must contains minimum 3 characters :
Wrong Input : Fist letter Should be capital and must contains minimum 3 characters :
Wrong Input : Fist letter Should be capital and must contains minimum 3 characters :
Wrong Input : Fist letter Should be capital and must contains minimum 3 characters :
Wrong Input : Fist letter Should be capital and must contains minimum 3 characters :
Wrong Input : Fist letter Should be capital and must contains minimum 3 characters :
Wrong Input : Fist letter Should be capital and must contains minimum 3 characters :
Wrong Input : Fist letter Should be capital and must contains minimum 3 characters :
Wrong Input : Fist letter Should be capital and must contains minimum 3 characters :
Wrong Input : Fist letter Should be capital and must contains minimum 3 characters :
Wrong Input : Fist letter Should be capital and must contains minimum 3 characters :
Wrong Input : Fist letter Should be capital and must contains minimum 3 characters :
Wrong Input : Fist letter Should be capital and must contains minimum 3 characters :
Wrong Input : Fist letter Should be capital and must contains minimum 3 characters :
Wrong Input : Fist letter Should be capital and must contains minimum 3 characters :
Wrong Input : Fist letter Should be capital and must contains minimum 3 characters :
Wrong Input : Fist letter Should be capital and must contains minimum 3 characters :
Wrong Input : Fist letter Should be capital and must contains minimum 3 characters :
Wrong Input : Fist letter Should be capital and must contains minimum 3 characters :
Wrong Input : Fist letter Should be capital and must contains minimum 3 characters :
Wrong Input : Fist letter Should be capital and must contains minimum 3 characters :
Wrong Input : Fist letter Should be capital and must contains minimum 3 characters :
Wrong Input : Fist letter Should be capital and must contains minimum 3 characters :
Wrong Input : Fist letter Should be capital and must contains minimum 3 characters :
Wrong Input : Fist letter Should be capital and must contains minimum 3 characters :
Wrong Input : Fist letter Should be capital and must contains minimum 3 characters :
Wrong Input : Fist letter Should be capital and must contains minimum 3 characters :
Wrong Input : Fist letter Should be capital and must contains minimum 3 characters :
Wrong Input : Fist letter Should be capital and must contains minimum 3 characters :
Wrong Input : Fist letter Should be capital and must contains minimum 3 characters :
Wrong Input : Fist letter Should be capital and must contains minimum 3 characters :
Wrong Input : Fist letter Should be capital and must contains minimum 3 characters :
Wrong Input : Fist letter Should be capital and must contains minimum 3 characters :
Wrong Input : Fist letter Should be capital and must contains minimum 3 characters :
Wrong Input : Fist letter Should be capital and must contains minimum 3 characters :
Wrong Input : Fist letter Should be capital and must contains minimum 3 characters :
Wrong Input : Fist letter Should be capital and must contains minimum 3 characters :
Wrong Input : Fist letter Should be capital and must contains minimum 3 characters :
Wrong Input : Fist letter Should be capital and must contains minimum 3 characters :
Wrong Input : Fist letter Should be capital and must contains minimum 3 characters :
Wrong Input : Fist letter Should be capital and must contains minimum 3 characters :
Wrong Input : Fist letter Should be capital and must contains minimum 3 characters :
Wrong Input : Fist letter Should be capital and must contains minimum 3 characters :
Wrong Input : Fist letter Should be capital and must contains minimum 3 characters :
Wrong Input : Fist letter Should be capital and must contains minimum 3 characters :
Wrong Input : Fist letter Should be capital and must contains minimum 3 characters :
Wrong Input : Fist letter Should be capital and must contains minimum 3 characters :
Wrong Input : Fist letter Should be capital and must contains minimum 3 characters :
Wrong Input : Fist letter Should be capital and must contains minimum 3 characters :
Wrong Input : Fist letter Should be capital and must contains minimum 3 characters :
Wrong Input : Fist letter Should be capital and must contains minimum 3 characters :
Wrong Input : Fist letter Should be capital and must contains minimum 3 characters :
Wrong Input : Fist letter Should be capital and must contains minimum 3 characters :
Wrong Input : Fist letter Should be capital and must contains minimum 3 characters :
Wrong Input : Fist letter Should be capital and must contains minimum 3 characters :
Wrong Input : Fist letter Should be capital and must contains minimum 3 characters :
Wrong Input : Fist letter Should be capital and must contains minimum 3 characters :
Wrong Input : Fist letter Should be capital and must contains minimum 3 characters :
Wrong Input : Fist letter Should be capital and must contains minimum 3 characters :
Wrong Input : Fist letter Should be capital and must contains minimum 3 characters :
Wrong Input : Fist letter Should be capital and must contains minimum 3 characters :
Wrong Input : Fist letter Should be capital and must contains minimum 3 characters :
Wrong Input : Fist letter Should be capital and must contains minimum 3 characters :
Wrong Input : Fist letter Should be capital and must contains minimum 3 characters :
Wrong Input : Fist letter Should be capital and must contains minimum 3 characters :
Wrong Input : Fist letter Should be capital and must contains minimum 3 characters :
Wrong Input : Fist letter Should be capital and must contains minimum 3 characters :
Wrong Input : Fist letter Should be capital and must contains minimum 3 characters :
Wrong Input : Fist letter Should be capital and must contains minimum 3 characters :
Wrong Input : Fist letter Should be capital and must contains minimum 3 characters :
Wrong Input : Fist letter Should be capital and must contains minimum 3 characters :
Wrong Input : Fist letter Should be capital and must contains minimum 3 characters :
Wrong Input : Fist letter Should be capital and must contains minimum 3 characters :
Wrong Input : Fist letter Should be capital and must contains minimum 3 characters :
Wrong Input : Fist letter Should be capital and must contains minimum 3 characters :
Wrong Input : Fist letter Should be capital and must contains minimum 3 characters :
Wrong Input : Fist letter Should be capital and must contains minimum 3 characters :
Wrong Input : Fist letter Should be capital and must contains minimum 3 characters :
Wrong Input : Fist letter Should be capital and must contains minimum 3 characters :
Wrong Input : Fist letter Should be capital and must contains minimum 3 characters :
Wrong Input : Fist letter Should be capital and must contains minimum 3 characters :
Wrong Input : Fist letter Should be capital and must contains minimum 3 characters :
Wrong Input : Fist letter Should be capital and must contains minimum 3 characters :
Wrong Input : Fist letter Should be capital and must contains minimum 3 characters :
Wrong Input : Fist letter Should be capital and must contains minimum 3 characters :
Wrong Input : Fist letter Should be capital and must contains minimum 3 characters :
Wrong Input : Fist letter Should be capital and must contains minimum 3 characters :
Wrong Input : Fist letter Should be capital and must contains minimum 3 characters :
Wrong Input : Fist letter Should be capital and must contains minimum 3 characters :
Wrong Input : Fist letter Should be capital and must contains minimum 3 characters :
Wrong Input : Fist letter Should be capital and must contains minimum 3 characters :
Wrong Input : Fist letter Should be capital and must contains minimum 3 characters :
Wrong Input : Fist letter Should be capital and must contains minimum 3 characters :
Wrong Input : Fist letter Should be capital and must contains minimum 3 characters :
Wrong Input : Fist letter Should be capital and must contains minimum 3 characters :
Wrong Input : Fist letter Should be capital and must contains minimum 3 characters :
Wrong Input : Fist letter Should be capital and must contains minimum 3 characters :
Wrong Input : Fist letter Should be capital and must contains minimum 3 characters :
Wrong Input : Fist letter Should be capital and must contains minimum 3 characters :
Wrong Input : Fist letter Should be capital and must contains minimum 3 characters :
Wrong Input : Fist letter Should be capital and must contains minimum 3 characters :
Wrong Input : Fist letter Should be capital and must contains minimum 3 characters :
Wrong Input : Fist letter Should be capital and must contains minimum 3 characters :
Wrong Input : Fist letter Should be capital and must contains minimum 3 characters :
Wrong Input : Fist letter Should be capital and must contains minimum 3 characters :
Wrong Input : Fist letter Should be capital and must contains minimum 3 characters :
Wrong Input : Fist letter Should be capital and must contains minimum 3 characters :
Wrong Input : Fist letter Should be capital and must contains minimum 3 characters :
Wrong Input : Fist letter Should be capital and must contains minimum 3 characters :
Wrong Input : Fist letter Should be capital and must contains minimum 3 characters :
Wrong Input : Fist letter Should be capital and must contains minimum 3 characters :
Wrong Input : Fist letter Should be capital and must contains minimum 3 characters :
Wrong Input : Fist letter Should be capital and must contains minimum 3 characters :
Wrong Input : Fist letter Should be capital and must contains minimum 3 characters :
Wrong Input : Fist letter Should be capital and must contains minimum 3 characters :
Wrong Input : Fist letter Should be capital and must contains minimum 3 characters :
Wrong Input : Fist letter Should be capital and must contains minimum 3 characters :
Wrong Input : Fist letter Should be capital and must contains minimum 3 characters :
Wrong Input : Fist letter Should be capital and must contains minimum 3 characters :
Wrong Input : Fist letter Should be capital and must contains minimum 3 characters :
Wrong Input : Fist letter Should be capital and must contains minimum 3 characters :
Wrong Input : Fist letter Should be capital and must contains minimum 3 characters :
Wrong Input : Fist letter Should be capital and must contains minimum 3 characters :
Wrong Input : Fist letter Should be capital and must contains minimum 3 characters :
Wrong Input : Fist letter Should be capital and must contains minimum 3 characters :
Wrong Input : Fist letter Should be capital and must contains minimum 3 characters :
Wrong Input : Fist letter Should be capital and must contains minimum 3 characters :
Wrong Input : Fist letter Should be capital and must contains minimum 3 characters :
Wrong Input : Fist letter Should be capital and must contains minimum 3 characters :
Wrong Input : Fist letter Should be capital and must contains minimum 3 characters :
Wrong Input : Fist letter Should be capital and must contains minimum 3 characters :
Wrong Input : Fist letter Should be capital and must contains minimum 3 characters :
Wrong Input : Fist letter Should be capital and must contains minimum 3 characters :
Wrong Input : Fist letter Should be capital and must contains minimum 3 characters :
Wrong Input : Fist letter Should be capital and must contains minimum 3 characters :
Wrong Input : Fist letter Should be capital and must contains minimum 3 characters :
Wrong Input : Fist letter Should be capital and must contains minimum 3 characters :
Wrong Input : Fist letter Should be capital and must contains minimum 3 characters :
Wrong Input : Fist letter Should be capital and must contains minimum 3 characters :
Wrong Input : Fist letter Should be capital and must contains minimum 3 characters :
Wrong Input : Fist letter Should be capital and must contains minimum 3 characters :
Wrong Input : Fist letter Should be capital and must contains minimum 3 characters :
Wrong Input : Fist letter Should be capital and must contains minimum 3 characters :
Wrong Input : Fist letter Should be capital and must contains minimum 3 characters :
Wrong Input : Fist letter Should be capital and must contains minimum 3 characters :
Wrong Input : Fist letter Should be capital and must contains minimum 3 characters :
Wrong Input : Fist letter Should be capital and must contains minimum 3 characters :
Wrong Input : Fist letter Should be capital and must contains minimum 3 characters :
Wrong Input : Fist letter Should be capital and must contains minimum 3 characters :
Wrong Input : Fist letter Should be capital and must contains minimum 3 characters :
Wrong Input : Fist letter Should be capital and must contains minimum 3 characters :
Wrong Input : Fist letter Should be capital and must contains minimum 3 characters :
Wrong Input : Fist letter Should be capital and must contains minimum 3 characters :
Wrong Input : Fist letter Should be capital and must contains minimum 3 characters :
Wrong Input : Fist letter Should be capital and must contains minimum 3 characters :
Wrong Input : Fist letter Should be capital and must contains minimum 3 characters :
Wrong Input : Fist letter Should be capital and must contains minimum 3 characters :
Wrong Input : Fist letter Should be capital and must contains minimum 3 characters :
Wrong Input : Fist letter Should be capital and must contains minimum 3 characters :
Wrong Input : Fist letter Should be capital and must contains minimum 3 characters :
Wrong Input : Fist letter Should be capital and must contains minimum 3 characters :
Wrong Input : Fist letter Should be capital and must contains minimum 3 characters :
Wrong Input : Fist letter Should be capital and must contains minimum 3 characters :
Wrong Input : Fist letter Should be capital and must contains minimum 3 characters :
Wrong Input : Fist letter Should be capital and must contains minimum 3 characters :
Wrong Input : Fist letter Should be capital and must contains minimum 3 characters :
Wrong Input : Fist letter Should be capital and must contains minimum 3 characters :
Wrong Input : Fist letter Should be capital and must contains minimum 3 characters :
Wrong Input : Fist letter Should be capital and must contains minimum 3 characters :
Wrong Input : Fist letter Should be capital and must contains minimum 3 characters :
Wrong Input : Fist letter Should be capital and must contains minimum 3 characters :
Wrong Input : Fist letter Should be capital and must contains minimum 3 characters :
Wrong Input : Fist letter Should be capital and must contains minimum 3 characters :
Wrong Input : Fist letter Should be capital and must contains minimum 3 characters :
Wrong Input : Fist letter Should be capital and must contains minimum 3 characters :
Wrong Input : Fist letter Should be capital and must contains minimum 3 characters :
Wrong Input : Fist letter Should be capital and must contains minimum 3 characters :
Wrong Input : Fist letter Should be capital and must contains minimum 3 characters :
Wrong Input : Fist letter Should be capital and must contains minimum 3 characters :
Wrong Input : Fist letter Should be capital and must contains minimum 3 characters :
Wrong Input : Fist letter Should be capital and must contains minimum 3 characters :
Wrong Input : Fist letter Should be capital and must contains minimum 3 characters :
Wrong Input : Fist letter Should be capital and must contains minimum 3 characters :
Wrong Input : Fist letter Should be capital and must contains minimum 3 characters :
Wrong Input : Fist letter Should be capital and must contains minimum 3 characters :
Wrong Input : Fist letter Should be capital and must contains minimum 3 characters :
Wrong Input : Fist letter Should be capital and must contains minimum 3 characters :
Wrong Input : Fist letter Should be capital and must contains minimum 3 characters :
Wrong Input : Fist letter Should be capital and must contains minimum 3 characters :
Wrong Input : Fist letter Should be capital and must contains minimum 3 characters :
Wrong Input : Fist letter Should be capital and must contains minimum 3 characters :
Wrong Input : Fist letter Should be capital and must contains minimum 3 characters :
Wrong Input : Fist letter Should be capital and must contains minimum 3 characters :
Wrong Input : Fist letter Should be capital and must contains minimum 3 characters :
Wrong Input : Fist letter Should be capital and must contains minimum 3 characters :
]]></system-err>
</testsuite>
