<?xml version="1.0" encoding="UTF-8"?>
<testsuite name="com.bridgelab.jubituservalidationtesting.JunitTestingUserRegistrationValidation" tests="1" skipped="0" failures="0" errors="0" timestamp="2021-07-14T19:09:31" hostname="NARUTO" time="0.042">
  <properties/>
  <testcase name="givenLastName_whenNull_shouldReturnCustomizedException()" classname="com.bridgelab.jubituservalidationtesting.JunitTestingUserRegistrationValidation" time="0.042"/>
  <system-out><![CDATA[]]></system-out>
  <system-err><![CDATA[]]></system-err>
</testsuite>
