<?xml version="1.0" encoding="UTF-8"?>
<testsuite name="com.bridgelab.jubituservalidationtesting.JunitTestingUserRegistrationValidation" tests="3" skipped="0" failures="2" errors="0" timestamp="2021-07-12T19:31:22" hostname="NARUTO" time="0.315">
  <properties/>
  <testcase name="givenFirstName_WhenProper_ShouldReturnTrue()" classname="com.bridgelab.jubituservalidationtesting.JunitTestingUserRegistrationValidation" time="0.018"/>
  <testcase name="givenFirstName_whenShort_shouldReturnFalse()" classname="com.bridgelab.jubituservalidationtesting.JunitTestingUserRegistrationValidation" time="0.21">
    <failure message="java.lang.StackOverflowError" type="java.lang.StackOverflowError">java.lang.StackOverflowError
	at org.gradle.internal.remote.internal.hub.MessageHub$ChannelDispatch.dispatch(MessageHub.java:370)
	at org.gradle.internal.dispatch.ProxyDispatchAdapter$DispatchingInvocationHandler.invoke(ProxyDispatchAdapter.java:94)
	at jdk.proxy1/jdk.proxy1.$Proxy3.output(Unknown Source)
	at org.gradle.api.internal.tasks.testing.processors.TestOutputRedirector$Forwarder.onOutput(TestOutputRedirector.java:75)
	at org.gradle.api.internal.tasks.testing.processors.DefaultStandardOutputRedirector$WriteAction.text(DefaultStandardOutputRedirector.java:89)
	at org.gradle.internal.io.LineBufferingOutputStream.flush(LineBufferingOutputStream.java:96)
	at org.gradle.internal.io.LineBufferingOutputStream.write(LineBufferingOutputStream.java:80)
	at java.base/java.io.OutputStream.write(OutputStream.java:162)
	at java.base/java.io.PrintStream.write(PrintStream.java:568)
	at java.base/sun.nio.cs.StreamEncoder.writeBytes(StreamEncoder.java:242)
	at java.base/sun.nio.cs.StreamEncoder.implFlushBuffer(StreamEncoder.java:321)
	at java.base/sun.nio.cs.StreamEncoder.flushBuffer(StreamEncoder.java:110)
	at java.base/java.io.OutputStreamWriter.flushBuffer(OutputStreamWriter.java:178)
	at java.base/java.io.PrintStream.write(PrintStream.java:699)
	at java.base/java.io.PrintStream.print(PrintStream.java:863)
	at org.gradle.internal.io.LinePerThreadBufferingOutputStream.print(LinePerThreadBufferingOutputStream.java:143)
	at com.bridgelab.junituservalidation.UserValidation.enterFirstName(UserValidation.java:43)
	at com.bridgelab.junituservalidation.UserValidation.enterFirstName(UserValidation.java:45)
	at com.bridgelab.junituservalidation.UserValidation.enterFirstName(UserValidation.java:45)
	at com.bridgelab.junituservalidation.UserValidation.enterFirstName(UserValidation.java:45)
	at com.bridgelab.junituservalidation.UserValidation.enterFirstName(UserValidation.java:45)
	at com.bridgelab.junituservalidation.UserValidation.enterFirstName(UserValidation.java:45)
	at com.bridgelab.junituservalidation.UserValidation.enterFirstName(UserValidation.java:45)
	at com.bridgelab.junituservalidation.UserValidation.enterFirstName(UserValidation.java:45)
	at com.bridgelab.junituservalidation.UserValidation.enterFirstName(UserValidation.java:45)
	at com.bridgelab.junituservalidation.UserValidation.enterFirstName(UserValidation.java:45)
	at com.bridgelab.junituservalidation.UserValidation.enterFirstName(UserValidation.java:45)
	at com.bridgelab.junituservalidation.UserValidation.enterFirstName(UserValidation.java:45)
	at com.bridgelab.junituservalidation.UserValidation.enterFirstName(UserValidation.java:45)
	at com.bridgelab.junituservalidation.UserValidation.enterFirstName(UserValidation.java:45)
	at com.bridgelab.junituservalidation.UserValidation.enterFirstName(UserValidation.java:45)
	at com.bridgelab.junituservalidation.UserValidation.enterFirstName(UserValidation.java:45)
	at com.bridgelab.junituservalidation.UserValidation.enterFirstName(UserValidation.java:45)
	at com.bridgelab.junituservalidation.UserValidation.enterFirstName(UserValidation.java:45)
	at com.bridgelab.junituservalidation.UserValidation.enterFirstName(UserValidation.java:45)
	at com.bridgelab.junituservalidation.UserValidation.enterFirstName(UserValidation.java:45)
	at com.bridgelab.junituservalidation.UserValidation.enterFirstName(UserValidation.java:45)
	at com.bridgelab.junituservalidation.UserValidation.enterFirstName(UserValidation.java:45)
	at com.bridgelab.junituservalidation.UserValidation.enterFirstName(UserValidation.java:45)
	at com.bridgelab.junituservalidation.UserValidation.enterFirstName(UserValidation.java:45)
	at com.bridgelab.junituservalidation.UserValidation.enterFirstName(UserValidation.java:45)
	at com.bridgelab.junituservalidation.UserValidation.enterFirstName(UserValidation.java:45)
	at com.bridgelab.junituservalidation.UserValidation.enterFirstName(UserValidation.java:45)
	at com.bridgelab.junituservalidation.UserValidation.enterFirstName(UserValidation.java:45)
	at com.bridgelab.junituservalidation.UserValidation.enterFirstName(UserValidation.java:45)
	at com.bridgelab.junituservalidation.UserValidation.enterFirstName(UserValidation.java:45)
	at com.bridgelab.junituservalidation.UserValidation.enterFirstName(UserValidation.java:45)
	at com.bridgelab.junituservalidation.UserValidation.enterFirstName(UserValidation.java:45)
	at com.bridgelab.junituservalidation.UserValidation.enterFirstName(UserValidation.java:45)
	at com.bridgelab.junituservalidation.UserValidation.enterFirstName(UserValidation.java:45)
	at com.bridgelab.junituservalidation.UserValidation.enterFirstName(UserValidation.java:45)
	at com.bridgelab.junituservalidation.UserValidation.enterFirstName(UserValidation.java:45)
	at com.bridgelab.junituservalidation.UserValidation.enterFirstName(UserValidation.java:45)
	at com.bridgelab.junituservalidation.UserValidation.enterFirstName(UserValidation.java:45)
	at com.bridgelab.junituservalidation.UserValidation.enterFirstName(UserValidation.java:45)
	at com.bridgelab.junituservalidation.UserValidation.enterFirstName(UserValidation.java:45)
	at com.bridgelab.junituservalidation.UserValidation.enterFirstName(UserValidation.java:45)
	at com.bridgelab.junituservalidation.UserValidation.enterFirstName(UserValidation.java:45)
	at com.bridgelab.junituservalidation.UserValidation.enterFirstName(UserValidation.java:45)
	at com.bridgelab.junituservalidation.UserValidation.enterFirstName(UserValidation.java:45)
	at com.bridgelab.junituservalidation.UserValidation.enterFirstName(UserValidation.java:45)
	at com.bridgelab.junituservalidation.UserValidation.enterFirstName(UserValidation.java:45)
	at com.bridgelab.junituservalidation.UserValidation.enterFirstName(UserValidation.java:45)
	at com.bridgelab.junituservalidation.UserValidation.enterFirstName(UserValidation.java:45)
	at com.bridgelab.junituservalidation.UserValidation.enterFirstName(UserValidation.java:45)
	at com.bridgelab.junituservalidation.UserValidation.enterFirstName(UserValidation.java:45)
	at com.bridgelab.junituservalidation.UserValidation.enterFirstName(UserValidation.java:45)
	at com.bridgelab.junituservalidation.UserValidation.enterFirstName(UserValidation.java:45)
	at com.bridgelab.junituservalidation.UserValidation.enterFirstName(UserValidation.java:45)
	at com.bridgelab.junituservalidation.UserValidation.enterFirstName(UserValidation.java:45)
	at com.bridgelab.junituservalidation.UserValidation.enterFirstName(UserValidation.java:45)
	at com.bridgelab.junituservalidation.UserValidation.enterFirstName(UserValidation.java:45)
	at com.bridgelab.junituservalidation.UserValidation.enterFirstName(UserValidation.java:45)
	at com.bridgelab.junituservalidation.UserValidation.enterFirstName(UserValidation.java:45)
	at com.bridgelab.junituservalidation.UserValidation.enterFirstName(UserValidation.java:45)
	at com.bridgelab.junituservalidation.UserValidation.enterFirstName(UserValidation.java:45)
	at com.bridgelab.junituservalidation.UserValidation.enterFirstName(UserValidation.java:45)
	at com.bridgelab.junituservalidation.UserValidation.enterFirstName(UserValidation.java:45)
	at com.bridgelab.junituservalidation.UserValidation.enterFirstName(UserValidation.java:45)
	at com.bridgelab.junituservalidation.UserValidation.enterFirstName(UserValidation.java:45)
	at com.bridgelab.junituservalidation.UserValidation.enterFirstName(UserValidation.java:45)
	at com.bridgelab.junituservalidation.UserValidation.enterFirstName(UserValidation.java:45)
	at com.bridgelab.junituservalidation.UserValidation.enterFirstName(UserValidation.java:45)
	at com.bridgelab.junituservalidation.UserValidation.enterFirstName(UserValidation.java:45)
	at com.bridgelab.junituservalidation.UserValidation.enterFirstName(UserValidation.java:45)
	at com.bridgelab.junituservalidation.UserValidation.enterFirstName(UserValidation.java:45)
	at com.bridgelab.junituservalidation.UserValidation.enterFirstName(UserValidation.java:45)
	at com.bridgelab.junituservalidation.UserValidation.enterFirstName(UserValidation.java:45)
	at com.bridgelab.junituservalidation.UserValidation.enterFirstName(UserValidation.java:45)
	at com.bridgelab.junituservalidation.UserValidation.enterFirstName(UserValidation.java:45)
	at com.bridgelab.junituservalidation.UserValidation.enterFirstName(UserValidation.java:45)
	at com.bridgelab.junituservalidation.UserValidation.enterFirstName(UserValidation.java:45)
	at com.bridgelab.junituservalidation.UserValidation.enterFirstName(UserValidation.java:45)
	at com.bridgelab.junituservalidation.UserValidation.enterFirstName(UserValidation.java:45)
	at com.bridgelab.junituservalidation.UserValidation.enterFirstName(UserValidation.java:45)
	at com.bridgelab.junituservalidation.UserValidation.enterFirstName(UserValidation.java:45)
	at com.bridgelab.junituservalidation.UserValidation.enterFirstName(UserValidation.java:45)
	at com.bridgelab.junituservalidation.UserValidation.enterFirstName(UserValidation.java:45)
	at com.bridgelab.junituservalidation.UserValidation.enterFirstName(UserValidation.java:45)
	at com.bridgelab.junituservalidation.UserValidation.enterFirstName(UserValidation.java:45)
	at com.bridgelab.junituservalidation.UserValidation.enterFirstName(UserValidation.java:45)
	at com.bridgelab.junituservalidation.UserValidation.enterFirstName(UserValidation.java:45)
	at com.bridgelab.junituservalidation.UserValidation.enterFirstName(UserValidation.java:45)
	at com.bridgelab.junituservalidation.UserValidation.enterFirstName(UserValidation.java:45)
	at com.bridgelab.junituservalidation.UserValidation.enterFirstName(UserValidation.java:45)
	at com.bridgelab.junituservalidation.UserValidation.enterFirstName(UserValidation.java:45)
	at com.bridgelab.junituservalidation.UserValidation.enterFirstName(UserValidation.java:45)
	at com.bridgelab.junituservalidation.UserValidation.enterFirstName(UserValidation.java:45)
	at com.bridgelab.junituservalidation.UserValidation.enterFirstName(UserValidation.java:45)
	at com.bridgelab.junituservalidation.UserValidation.enterFirstName(UserValidation.java:45)
	at com.bridgelab.junituservalidation.UserValidation.enterFirstName(UserValidation.java:45)
	at com.bridgelab.junituservalidation.UserValidation.enterFirstName(UserValidation.java:45)
	at com.bridgelab.junituservalidation.UserValidation.enterFirstName(UserValidation.java:45)
	at com.bridgelab.junituservalidation.UserValidation.enterFirstName(UserValidation.java:45)
	at com.bridgelab.junituservalidation.UserValidation.enterFirstName(UserValidation.java:45)
	at com.bridgelab.junituservalidation.UserValidation.enterFirstName(UserValidation.java:45)
	at com.bridgelab.junituservalidation.UserValidation.enterFirstName(UserValidation.java:45)
	at com.bridgelab.junituservalidation.UserValidation.enterFirstName(UserValidation.java:45)
	at com.bridgelab.junituservalidation.UserValidation.enterFirstName(UserValidation.java:45)
	at com.bridgelab.junituservalidation.UserValidation.enterFirstName(UserValidation.java:45)
	at com.bridgelab.junituservalidation.UserValidation.enterFirstName(UserValidation.java:45)
	at com.bridgelab.junituservalidation.UserValidation.enterFirstName(UserValidation.java:45)
	at com.bridgelab.junituservalidation.UserValidation.enterFirstName(UserValidation.java:45)
	at com.bridgelab.junituservalidation.UserValidation.enterFirstName(UserValidation.java:45)
	at com.bridgelab.junituservalidation.UserValidation.enterFirstName(UserValidation.java:45)
	at com.bridgelab.junituservalidation.UserValidation.enterFirstName(UserValidation.java:45)
	at com.bridgelab.junituservalidation.UserValidation.enterFirstName(UserValidation.java:45)
	at com.bridgelab.junituservalidation.UserValidation.enterFirstName(UserValidation.java:45)
	at com.bridgelab.junituservalidation.UserValidation.enterFirstName(UserValidation.java:45)
	at com.bridgelab.junituservalidation.UserValidation.enterFirstName(UserValidation.java:45)
	at com.bridgelab.junituservalidation.UserValidation.enterFirstName(UserValidation.java:45)
	at com.bridgelab.junituservalidation.UserValidation.enterFirstName(UserValidation.java:45)
	at com.bridgelab.junituservalidation.UserValidation.enterFirstName(UserValidation.java:45)
	at com.bridgelab.junituservalidation.UserValidation.enterFirstName(UserValidation.java:45)
	at com.bridgelab.junituservalidation.UserValidation.enterFirstName(UserValidation.java:45)
	at com.bridgelab.junituservalidation.UserValidation.enterFirstName(UserValidation.java:45)
	at com.bridgelab.junituservalidation.UserValidation.enterFirstName(UserValidation.java:45)
	at com.bridgelab.junituservalidation.UserValidation.enterFirstName(UserValidation.java:45)
	at com.bridgelab.junituservalidation.UserValidation.enterFirstName(UserValidation.java:45)
	at com.bridgelab.junituservalidation.UserValidation.enterFirstName(UserValidation.java:45)
	at com.bridgelab.junituservalidation.UserValidation.enterFirstName(UserValidation.java:45)
	at com.bridgelab.junituservalidation.UserValidation.enterFirstName(UserValidation.java:45)
	at com.bridgelab.junituservalidation.UserValidation.enterFirstName(UserValidation.java:45)
	at com.bridgelab.junituservalidation.UserValidation.enterFirstName(UserValidation.java:45)
	at com.bridgelab.junituservalidation.UserValidation.enterFirstName(UserValidation.java:45)
	at com.bridgelab.junituservalidation.UserValidation.enterFirstName(UserValidation.java:45)
	at com.bridgelab.junituservalidation.UserValidation.enterFirstName(UserValidation.java:45)
	at com.bridgelab.junituservalidation.UserValidation.enterFirstName(UserValidation.java:45)
	at com.bridgelab.junituservalidation.UserValidation.enterFirstName(UserValidation.java:45)
	at com.bridgelab.junituservalidation.UserValidation.enterFirstName(UserValidation.java:45)
	at com.bridgelab.junituservalidation.UserValidation.enterFirstName(UserValidation.java:45)
	at com.bridgelab.junituservalidation.UserValidation.enterFirstName(UserValidation.java:45)
	at com.bridgelab.junituservalidation.UserValidation.enterFirstName(UserValidation.java:45)
	at com.bridgelab.junituservalidation.UserValidation.enterFirstName(UserValidation.java:45)
	at com.bridgelab.junituservalidation.UserValidation.enterFirstName(UserValidation.java:45)
	at com.bridgelab.junituservalidation.UserValidation.enterFirstName(UserValidation.java:45)
	at com.bridgelab.junituservalidation.UserValidation.enterFirstName(UserValidation.java:45)
	at com.bridgelab.junituservalidation.UserValidation.enterFirstName(UserValidation.java:45)
	at com.bridgelab.junituservalidation.UserValidation.enterFirstName(UserValidation.java:45)
	at com.bridgelab.junituservalidation.UserValidation.enterFirstName(UserValidation.java:45)
	at com.bridgelab.junituservalidation.UserValidation.enterFirstName(UserValidation.java:45)
	at com.bridgelab.junituservalidation.UserValidation.enterFirstName(UserValidation.java:45)
	at com.bridgelab.junituservalidation.UserValidation.enterFirstName(UserValidation.java:45)
	at com.bridgelab.junituservalidation.UserValidation.enterFirstName(UserValidation.java:45)
	at com.bridgelab.junituservalidation.UserValidation.enterFirstName(UserValidation.java:45)
	at com.bridgelab.junituservalidation.UserValidation.enterFirstName(UserValidation.java:45)
	at com.bridgelab.junituservalidation.UserValidation.enterFirstName(UserValidation.java:45)
	at com.bridgelab.junituservalidation.UserValidation.enterFirstName(UserValidation.java:45)
	at com.bridgelab.junituservalidation.UserValidation.enterFirstName(UserValidation.java:45)
	at com.bridgelab.junituservalidation.UserValidation.enterFirstName(UserValidation.java:45)
	at com.bridgelab.junituservalidation.UserValidation.enterFirstName(UserValidation.java:45)
	at com.bridgelab.junituservalidation.UserValidation.enterFirstName(UserValidation.java:45)
	at com.bridgelab.junituservalidation.UserValidation.enterFirstName(UserValidation.java:45)
	at com.bridgelab.junituservalidation.UserValidation.enterFirstName(UserValidation.java:45)
	at com.bridgelab.junituservalidation.UserValidation.enterFirstName(UserValidation.java:45)
	at com.bridgelab.junituservalidation.UserValidation.enterFirstName(UserValidation.java:45)
	at com.bridgelab.junituservalidation.UserValidation.enterFirstName(UserValidation.java:45)
	at com.bridgelab.junituservalidation.UserValidation.enterFirstName(UserValidation.java:45)
	at com.bridgelab.junituservalidation.UserValidation.enterFirstName(UserValidation.java:45)
	at com.bridgelab.junituservalidation.UserValidation.enterFirstName(UserValidation.java:45)
	at com.bridgelab.junituservalidation.UserValidation.enterFirstName(UserValidation.java:45)
	at com.bridgelab.junituservalidation.UserValidation.enterFirstName(UserValidation.java:45)
	at com.bridgelab.junituservalidation.UserValidation.enterFirstName(UserValidation.java:45)
	at com.bridgelab.junituservalidation.UserValidation.enterFirstName(UserValidation.java:45)
	at com.bridgelab.junituservalidation.UserValidation.enterFirstName(UserValidation.java:45)
	at com.bridgelab.junituservalidation.UserValidation.enterFirstName(UserValidation.java:45)
	at com.bridgelab.junituservalidation.UserValidation.enterFirstName(UserValidation.java:45)
	at com.bridgelab.junituservalidation.UserValidation.enterFirstName(UserValidation.java:45)
	at com.bridgelab.junituservalidation.UserValidation.enterFirstName(UserValidation.java:45)
	at com.bridgelab.junituservalidation.UserValidation.enterFirstName(UserValidation.java:45)
	at com.bridgelab.junituservalidation.UserValidation.enterFirstName(UserValidation.java:45)
	at com.bridgelab.junituservalidation.UserValidation.enterFirstName(UserValidation.java:45)
	at com.bridgelab.junituservalidation.UserValidation.enterFirstName(UserValidation.java:45)
	at com.bridgelab.junituservalidation.UserValidation.enterFirstName(UserValidation.java:45)
	at com.bridgelab.junituservalidation.UserValidation.enterFirstName(UserValidation.java:45)
	at com.bridgelab.junituservalidation.UserValidation.enterFirstName(UserValidation.java:45)
	at com.bridgelab.junituservalidation.UserValidation.enterFirstName(UserValidation.java:45)
	at com.bridgelab.junituservalidation.UserValidation.enterFirstName(UserValidation.java:45)
	at com.bridgelab.junituservalidation.UserValidation.enterFirstName(UserValidation.java:45)
	at com.bridgelab.junituservalidation.UserValidation.enterFirstName(UserValidation.java:45)
	at com.bridgelab.junituservalidation.UserValidation.enterFirstName(UserValidation.java:45)
	at com.bridgelab.junituservalidation.UserValidation.enterFirstName(UserValidation.java:45)
	at com.bridgelab.junituservalidation.UserValidation.enterFirstName(UserValidation.java:45)
	at com.bridgelab.junituservalidation.UserValidation.enterFirstName(UserValidation.java:45)
	at com.bridgelab.junituservalidation.UserValidation.enterFirstName(UserValidation.java:45)
	at com.bridgelab.junituservalidation.UserValidation.enterFirstName(UserValidation.java:45)
	at com.bridgelab.junituservalidation.UserValidation.enterFirstName(UserValidation.java:45)
	at com.bridgelab.junituservalidation.UserValidation.enterFirstName(UserValidation.java:45)
	at com.bridgelab.junituservalidation.UserValidation.enterFirstName(UserValidation.java:45)
	at com.bridgelab.junituservalidation.UserValidation.enterFirstName(UserValidation.java:45)
	at com.bridgelab.junituservalidation.UserValidation.enterFirstName(UserValidation.java:45)
	at com.bridgelab.junituservalidation.UserValidation.enterFirstName(UserValidation.java:45)
	at com.bridgelab.junituservalidation.UserValidation.enterFirstName(UserValidation.java:45)
	at com.bridgelab.junituservalidation.UserValidation.enterFirstName(UserValidation.java:45)
	at com.bridgelab.junituservalidation.UserValidation.enterFirstName(UserValidation.java:45)
	at com.bridgelab.junituservalidation.UserValidation.enterFirstName(UserValidation.java:45)
	at com.bridgelab.junituservalidation.UserValidation.enterFirstName(UserValidation.java:45)
	at com.bridgelab.junituservalidation.UserValidation.enterFirstName(UserValidation.java:45)
	at com.bridgelab.junituservalidation.UserValidation.enterFirstName(UserValidation.java:45)
	at com.bridgelab.junituservalidation.UserValidation.enterFirstName(UserValidation.java:45)
	at com.bridgelab.junituservalidation.UserValidation.enterFirstName(UserValidation.java:45)
	at com.bridgelab.junituservalidation.UserValidation.enterFirstName(UserValidation.java:45)
	at com.bridgelab.junituservalidation.UserValidation.enterFirstName(UserValidation.java:45)
	at com.bridgelab.junituservalidation.UserValidation.enterFirstName(UserValidation.java:45)
	at com.bridgelab.junituservalidation.UserValidation.enterFirstName(UserValidation.java:45)
	at com.bridgelab.junituservalidation.UserValidation.enterFirstName(UserValidation.java:45)
	at com.bridgelab.junituservalidation.UserValidation.enterFirstName(UserValidation.java:45)
	at com.bridgelab.junituservalidation.UserValidation.enterFirstName(UserValidation.java:45)
	at com.bridgelab.junituservalidation.UserValidation.enterFirstName(UserValidation.java:45)
	at com.bridgelab.junituservalidation.UserValidation.enterFirstName(UserValidation.java:45)
	at com.bridgelab.junituservalidation.UserValidation.enterFirstName(UserValidation.java:45)
	at com.bridgelab.junituservalidation.UserValidation.enterFirstName(UserValidation.java:45)
	at com.bridgelab.junituservalidation.UserValidation.enterFirstName(UserValidation.java:45)
	at com.bridgelab.junituservalidation.UserValidation.enterFirstName(UserValidation.java:45)
	at com.bridgelab.junituservalidation.UserValidation.enterFirstName(UserValidation.java:45)
	at com.bridgelab.junituservalidation.UserValidation.enterFirstName(UserValidation.java:45)
	at com.bridgelab.junituservalidation.UserValidation.enterFirstName(UserValidation.java:45)
	at com.bridgelab.junituservalidation.UserValidation.enterFirstName(UserValidation.java:45)
	at com.bridgelab.junituservalidation.UserValidation.enterFirstName(UserValidation.java:45)
	at com.bridgelab.junituservalidation.UserValidation.enterFirstName(UserValidation.java:45)
	at com.bridgelab.junituservalidation.UserValidation.enterFirstName(UserValidation.java:45)
	at com.bridgelab.junituservalidation.UserValidation.enterFirstName(UserValidation.java:45)
	at com.bridgelab.junituservalidation.UserValidation.enterFirstName(UserValidation.java:45)
	at com.bridgelab.junituservalidation.UserValidation.enterFirstName(UserValidation.java:45)
	at com.bridgelab.junituservalidation.UserValidation.enterFirstName(UserValidation.java:45)
	at com.bridgelab.junituservalidation.UserValidation.enterFirstName(UserValidation.java:45)
	at com.bridgelab.junituservalidation.UserValidation.enterFirstName(UserValidation.java:45)
	at com.bridgelab.junituservalidation.UserValidation.enterFirstName(UserValidation.java:45)
	at com.bridgelab.junituservalidation.UserValidation.enterFirstName(UserValidation.java:45)
	at com.bridgelab.junituservalidation.UserValidation.enterFirstName(UserValidation.java:45)
	at com.bridgelab.junituservalidation.UserValidation.enterFirstName(UserValidation.java:45)
	at com.bridgelab.junituservalidation.UserValidation.enterFirstName(UserValidation.java:45)
	at com.bridgelab.junituservalidation.UserValidation.enterFirstName(UserValidation.java:45)
	at com.bridgelab.junituservalidation.UserValidation.enterFirstName(UserValidation.java:45)
	at com.bridgelab.junituservalidation.UserValidation.enterFirstName(UserValidation.java:45)
	at com.bridgelab.junituservalidation.UserValidation.enterFirstName(UserValidation.java:45)
	at com.bridgelab.junituservalidation.UserValidation.enterFirstName(UserValidation.java:45)
	at com.bridgelab.junituservalidation.UserValidation.enterFirstName(UserValidation.java:45)
	at com.bridgelab.junituservalidation.UserValidation.enterFirstName(UserValidation.java:45)
	at com.bridgelab.junituservalidation.UserValidation.enterFirstName(UserValidation.java:45)
	at com.bridgelab.junituservalidation.UserValidation.enterFirstName(UserValidation.java:45)
	at com.bridgelab.junituservalidation.UserValidation.enterFirstName(UserValidation.java:45)
	at com.bridgelab.junituservalidation.UserValidation.enterFirstName(UserValidation.java:45)
	at com.bridgelab.junituservalidation.UserValidation.enterFirstName(UserValidation.java:45)
	at com.bridgelab.junituservalidation.UserValidation.enterFirstName(UserValidation.java:45)
	at com.bridgelab.junituservalidation.UserValidation.enterFirstName(UserValidation.java:45)
	at com.bridgelab.junituservalidation.UserValidation.enterFirstName(UserValidation.java:45)
	at com.bridgelab.junituservalidation.UserValidation.enterFirstName(UserValidation.java:45)
	at com.bridgelab.junituservalidation.UserValidation.enterFirstName(UserValidation.java:45)
	at com.bridgelab.junituservalidation.UserValidation.enterFirstName(UserValidation.java:45)
	at com.bridgelab.junituservalidation.UserValidation.enterFirstName(UserValidation.java:45)
	at com.bridgelab.junituservalidation.UserValidation.enterFirstName(UserValidation.java:45)
	at com.bridgelab.junituservalidation.UserValidation.enterFirstName(UserValidation.java:45)
	at com.bridgelab.junituservalidation.UserValidation.enterFirstName(UserValidation.java:45)
	at com.bridgelab.junituservalidation.UserValidation.enterFirstName(UserValidation.java:45)
	at com.bridgelab.junituservalidation.UserValidation.enterFirstName(UserValidation.java:45)
	at com.bridgelab.junituservalidation.UserValidation.enterFirstName(UserValidation.java:45)
	at com.bridgelab.junituservalidation.UserValidation.enterFirstName(UserValidation.java:45)
	at com.bridgelab.junituservalidation.UserValidation.enterFirstName(UserValidation.java:45)
	at com.bridgelab.junituservalidation.UserValidation.enterFirstName(UserValidation.java:45)
	at com.bridgelab.junituservalidation.UserValidation.enterFirstName(UserValidation.java:45)
	at com.bridgelab.junituservalidation.UserValidation.enterFirstName(UserValidation.java:45)
	at com.bridgelab.junituservalidation.UserValidation.enterFirstName(UserValidation.java:45)
	at com.bridgelab.junituservalidation.UserValidation.enterFirstName(UserValidation.java:45)
	at com.bridgelab.junituservalidation.UserValidation.enterFirstName(UserValidation.java:45)
	at com.bridgelab.junituservalidation.UserValidation.enterFirstName(UserValidation.java:45)
	at com.bridgelab.junituservalidation.UserValidation.enterFirstName(UserValidation.java:45)
	at com.bridgelab.junituservalidation.UserValidation.enterFirstName(UserValidation.java:45)
	at com.bridgelab.junituservalidation.UserValidation.enterFirstName(UserValidation.java:45)
	at com.bridgelab.junituservalidation.UserValidation.enterFirstName(UserValidation.java:45)
	at com.bridgelab.junituservalidation.UserValidation.enterFirstName(UserValidation.java:45)
	at com.bridgelab.junituservalidation.UserValidation.enterFirstName(UserValidation.java:45)
	at com.bridgelab.junituservalidation.UserValidation.enterFirstName(UserValidation.java:45)
	at com.bridgelab.junituservalidation.UserValidation.enterFirstName(UserValidation.java:45)
	at com.bridgelab.junituservalidation.UserValidation.enterFirstName(UserValidation.java:45)
	at com.bridgelab.junituservalidation.UserValidation.enterFirstName(UserValidation.java:45)
	at com.bridgelab.junituservalidation.UserValidation.enterFirstName(UserValidation.java:45)
	at com.bridgelab.junituservalidation.UserValidation.enterFirstName(UserValidation.java:45)
	at com.bridgelab.junituservalidation.UserValidation.enterFirstName(UserValidation.java:45)
	at com.bridgelab.junituservalidation.UserValidation.enterFirstName(UserValidation.java:45)
	at com.bridgelab.junituservalidation.UserValidation.enterFirstName(UserValidation.java:45)
	at com.bridgelab.junituservalidation.UserValidation.enterFirstName(UserValidation.java:45)
	at com.bridgelab.junituservalidation.UserValidation.enterFirstName(UserValidation.java:45)
	at com.bridgelab.junituservalidation.UserValidation.enterFirstName(UserValidation.java:45)
	at com.bridgelab.junituservalidation.UserValidation.enterFirstName(UserValidation.java:45)
	at com.bridgelab.junituservalidation.UserValidation.enterFirstName(UserValidation.java:45)
	at com.bridgelab.junituservalidation.UserValidation.enterFirstName(UserValidation.java:45)
	at com.bridgelab.junituservalidation.UserValidation.enterFirstName(UserValidation.java:45)
	at com.bridgelab.junituservalidation.UserValidation.enterFirstName(UserValidation.java:45)
	at com.bridgelab.junituservalidation.UserValidation.enterFirstName(UserValidation.java:45)
	at com.bridgelab.junituservalidation.UserValidation.enterFirstName(UserValidation.java:45)
	at com.bridgelab.junituservalidation.UserValidation.enterFirstName(UserValidation.java:45)
	at com.bridgelab.junituservalidation.UserValidation.enterFirstName(UserValidation.java:45)
	at com.bridgelab.junituservalidation.UserValidation.enterFirstName(UserValidation.java:45)
	at com.bridgelab.junituservalidation.UserValidation.enterFirstName(UserValidation.java:45)
	at com.bridgelab.junituservalidation.UserValidation.enterFirstName(UserValidation.java:45)
	at com.bridgelab.junituservalidation.UserValidation.enterFirstName(UserValidation.java:45)
	at com.bridgelab.junituservalidation.UserValidation.enterFirstName(UserValidation.java:45)
	at com.bridgelab.junituservalidation.UserValidation.enterFirstName(UserValidation.java:45)
	at com.bridgelab.junituservalidation.UserValidation.enterFirstName(UserValidation.java:45)
	at com.bridgelab.junituservalidation.UserValidation.enterFirstName(UserValidation.java:45)
	at com.bridgelab.junituservalidation.UserValidation.enterFirstName(UserValidation.java:45)
	at com.bridgelab.junituservalidation.UserValidation.enterFirstName(UserValidation.java:45)
	at com.bridgelab.junituservalidation.UserValidation.enterFirstName(UserValidation.java:45)
	at com.bridgelab.junituservalidation.UserValidation.enterFirstName(UserValidation.java:45)
	at com.bridgelab.junituservalidation.UserValidation.enterFirstName(UserValidation.java:45)
	at com.bridgelab.junituservalidation.UserValidation.enterFirstName(UserValidation.java:45)
	at com.bridgelab.junituservalidation.UserValidation.enterFirstName(UserValidation.java:45)
	at com.bridgelab.junituservalidation.UserValidation.enterFirstName(UserValidation.java:45)
	at com.bridgelab.junituservalidation.UserValidation.enterFirstName(UserValidation.java:45)
	at com.bridgelab.junituservalidation.UserValidation.enterFirstName(UserValidation.java:45)
	at com.bridgelab.junituservalidation.UserValidation.enterFirstName(UserValidation.java:45)
	at com.bridgelab.junituservalidation.UserValidation.enterFirstName(UserValidation.java:45)
	at com.bridgelab.junituservalidation.UserValidation.enterFirstName(UserValidation.java:45)
	at com.bridgelab.junituservalidation.UserValidation.enterFirstName(UserValidation.java:45)
	at com.bridgelab.junituservalidation.UserValidation.enterFirstName(UserValidation.java:45)
	at com.bridgelab.junituservalidation.UserValidation.enterFirstName(UserValidation.java:45)
	at com.bridgelab.junituservalidation.UserValidation.enterFirstName(UserValidation.java:45)
	at com.bridgelab.junituservalidation.UserValidation.enterFirstName(UserValidation.java:45)
	at com.bridgelab.junituservalidation.UserValidation.enterFirstName(UserValidation.java:45)
	at com.bridgelab.junituservalidation.UserValidation.enterFirstName(UserValidation.java:45)
	at com.bridgelab.junituservalidation.UserValidation.enterFirstName(UserValidation.java:45)
	at com.bridgelab.junituservalidation.UserValidation.enterFirstName(UserValidation.java:45)
	at com.bridgelab.junituservalidation.UserValidation.enterFirstName(UserValidation.java:45)
	at com.bridgelab.junituservalidation.UserValidation.enterFirstName(UserValidation.java:45)
	at com.bridgelab.junituservalidation.UserValidation.enterFirstName(UserValidation.java:45)
	at com.bridgelab.junituservalidation.UserValidation.enterFirstName(UserValidation.java:45)
	at com.bridgelab.junituservalidation.UserValidation.enterFirstName(UserValidation.java:45)
	at com.bridgelab.junituservalidation.UserValidation.enterFirstName(UserValidation.java:45)
	at com.bridgelab.junituservalidation.UserValidation.enterFirstName(UserValidation.java:45)
	at com.bridgelab.junituservalidation.UserValidation.enterFirstName(UserValidation.java:45)
	at com.bridgelab.junituservalidation.UserValidation.enterFirstName(UserValidation.java:45)
	at com.bridgelab.junituservalidation.UserValidation.enterFirstName(UserValidation.java:45)
	at com.bridgelab.junituservalidation.UserValidation.enterFirstName(UserValidation.java:45)
	at com.bridgelab.junituservalidation.UserValidation.enterFirstName(UserValidation.java:45)
	at com.bridgelab.junituservalidation.UserValidation.enterFirstName(UserValidation.java:45)
	at com.bridgelab.junituservalidation.UserValidation.enterFirstName(UserValidation.java:45)
	at com.bridgelab.junituservalidation.UserValidation.enterFirstName(UserValidation.java:45)
	at com.bridgelab.junituservalidation.UserValidation.enterFirstName(UserValidation.java:45)
	at com.bridgelab.junituservalidation.UserValidation.enterFirstName(UserValidation.java:45)
	at com.bridgelab.junituservalidation.UserValidation.enterFirstName(UserValidation.java:45)
	at com.bridgelab.junituservalidation.UserValidation.enterFirstName(UserValidation.java:45)
	at com.bridgelab.junituservalidation.UserValidation.enterFirstName(UserValidation.java:45)
	at com.bridgelab.junituservalidation.UserValidation.enterFirstName(UserValidation.java:45)
	at com.bridgelab.junituservalidation.UserValidation.enterFirstName(UserValidation.java:45)
	at com.bridgelab.junituservalidation.UserValidation.enterFirstName(UserValidation.java:45)
	at com.bridgelab.junituservalidation.UserValidation.enterFirstName(UserValidation.java:45)
	at com.bridgelab.junituservalidation.UserValidation.enterFirstName(UserValidation.java:45)
	at com.bridgelab.junituservalidation.UserValidation.enterFirstName(UserValidation.java:45)
	at com.bridgelab.junituservalidation.UserValidation.enterFirstName(UserValidation.java:45)
	at com.bridgelab.junituservalidation.UserValidation.enterFirstName(UserValidation.java:45)
	at com.bridgelab.junituservalidation.UserValidation.enterFirstName(UserValidation.java:45)
	at com.bridgelab.junituservalidation.UserValidation.enterFirstName(UserValidation.java:45)
	at com.bridgelab.junituservalidation.UserValidation.enterFirstName(UserValidation.java:45)
	at com.bridgelab.junituservalidation.UserValidation.enterFirstName(UserValidation.java:45)
	at com.bridgelab.junituservalidation.UserValidation.enterFirstName(UserValidation.java:45)
	at com.bridgelab.junituservalidation.UserValidation.enterFirstName(UserValidation.java:45)
	at com.bridgelab.junituservalidation.UserValidation.enterFirstName(UserValidation.java:45)
	at com.bridgelab.junituservalidation.UserValidation.enterFirstName(UserValidation.java:45)
	at com.bridgelab.junituservalidation.UserValidation.enterFirstName(UserValidation.java:45)
	at com.bridgelab.junituservalidation.UserValidation.enterFirstName(UserValidation.java:45)
	at com.bridgelab.junituservalidation.UserValidation.enterFirstName(UserValidation.java:45)
	at com.bridgelab.junituservalidation.UserValidation.enterFirstName(UserValidation.java:45)
	at com.bridgelab.junituservalidation.UserValidation.enterFirstName(UserValidation.java:45)
	at com.bridgelab.junituservalidation.UserValidation.enterFirstName(UserValidation.java:45)
	at com.bridgelab.junituservalidation.UserValidation.enterFirstName(UserValidation.java:45)
	at com.bridgelab.junituservalidation.UserValidation.enterFirstName(UserValidation.java:45)
	at com.bridgelab.junituservalidation.UserValidation.enterFirstName(UserValidation.java:45)
	at com.bridgelab.junituservalidation.UserValidation.enterFirstName(UserValidation.java:45)
	at com.bridgelab.junituservalidation.UserValidation.enterFirstName(UserValidation.java:45)
	at com.bridgelab.junituservalidation.UserValidation.enterFirstName(UserValidation.java:45)
	at com.bridgelab.junituservalidation.UserValidation.enterFirstName(UserValidation.java:45)
	at com.bridgelab.junituservalidation.UserValidation.enterFirstName(UserValidation.java:45)
	at com.bridgelab.junituservalidation.UserValidation.enterFirstName(UserValidation.java:45)
	at com.bridgelab.junituservalidation.UserValidation.enterFirstName(UserValidation.java:45)
	at com.bridgelab.junituservalidation.UserValidation.enterFirstName(UserValidation.java:45)
	at com.bridgelab.junituservalidation.UserValidation.enterFirstName(UserValidation.java:45)
	at com.bridgelab.junituservalidation.UserValidation.enterFirstName(UserValidation.java:45)
	at com.bridgelab.junituservalidation.UserValidation.enterFirstName(UserValidation.java:45)
	at com.bridgelab.junituservalidation.UserValidation.enterFirstName(UserValidation.java:45)
	at com.bridgelab.junituservalidation.UserValidation.enterFirstName(UserValidation.java:45)
	at com.bridgelab.junituservalidation.UserValidation.enterFirstName(UserValidation.java:45)
	at com.bridgelab.junituservalidation.UserValidation.enterFirstName(UserValidation.java:45)
	at com.bridgelab.junituservalidation.UserValidation.enterFirstName(UserValidation.java:45)
	at com.bridgelab.junituservalidation.UserValidation.enterFirstName(UserValidation.java:45)
	at com.bridgelab.junituservalidation.UserValidation.enterFirstName(UserValidation.java:45)
	at com.bridgelab.junituservalidation.UserValidation.enterFirstName(UserValidation.java:45)
	at com.bridgelab.junituservalidation.UserValidation.enterFirstName(UserValidation.java:45)
	at com.bridgelab.junituservalidation.UserValidation.enterFirstName(UserValidation.java:45)
	at com.bridgelab.junituservalidation.UserValidation.enterFirstName(UserValidation.java:45)
	at com.bridgelab.junituservalidation.UserValidation.enterFirstName(UserValidation.java:45)
	at com.bridgelab.junituservalidation.UserValidation.enterFirstName(UserValidation.java:45)
	at com.bridgelab.junituservalidation.UserValidation.enterFirstName(UserValidation.java:45)
	at com.bridgelab.junituservalidation.UserValidation.enterFirstName(UserValidation.java:45)
	at com.bridgelab.junituservalidation.UserValidation.enterFirstName(UserValidation.java:45)
	at com.bridgelab.junituservalidation.UserValidation.enterFirstName(UserValidation.java:45)
	at com.bridgelab.junituservalidation.UserValidation.enterFirstName(UserValidation.java:45)
	at com.bridgelab.junituservalidation.UserValidation.enterFirstName(UserValidation.java:45)
	at com.bridgelab.junituservalidation.UserValidation.enterFirstName(UserValidation.java:45)
	at com.bridgelab.junituservalidation.UserValidation.enterFirstName(UserValidation.java:45)
	at com.bridgelab.junituservalidation.UserValidation.enterFirstName(UserValidation.java:45)
	at com.bridgelab.junituservalidation.UserValidation.enterFirstName(UserValidation.java:45)
	at com.bridgelab.junituservalidation.UserValidation.enterFirstName(UserValidation.java:45)
	at com.bridgelab.junituservalidation.UserValidation.enterFirstName(UserValidation.java:45)
	at com.bridgelab.junituservalidation.UserValidation.enterFirstName(UserValidation.java:45)
	at com.bridgelab.junituservalidation.UserValidation.enterFirstName(UserValidation.java:45)
	at com.bridgelab.junituservalidation.UserValidation.enterFirstName(UserValidation.java:45)
	at com.bridgelab.junituservalidation.UserValidation.enterFirstName(UserValidation.java:45)
	at com.bridgelab.junituservalidation.UserValidation.enterFirstName(UserValidation.java:45)
	at com.bridgelab.junituservalidation.UserValidation.enterFirstName(UserValidation.java:45)
	at com.bridgelab.junituservalidation.UserValidation.enterFirstName(UserValidation.java:45)
	at com.bridgelab.junituservalidation.UserValidation.enterFirstName(UserValidation.java:45)
	at com.bridgelab.junituservalidation.UserValidation.enterFirstName(UserValidation.java:45)
	at com.bridgelab.junituservalidation.UserValidation.enterFirstName(UserValidation.java:45)
	at com.bridgelab.junituservalidation.UserValidation.enterFirstName(UserValidation.java:45)
	at com.bridgelab.junituservalidation.UserValidation.enterFirstName(UserValidation.java:45)
	at com.bridgelab.junituservalidation.UserValidation.enterFirstName(UserValidation.java:45)
	at com.bridgelab.junituservalidation.UserValidation.enterFirstName(UserValidation.java:45)
	at com.bridgelab.junituservalidation.UserValidation.enterFirstName(UserValidation.java:45)
	at com.bridgelab.junituservalidation.UserValidation.enterFirstName(UserValidation.java:45)
	at com.bridgelab.junituservalidation.UserValidation.enterFirstName(UserValidation.java:45)
	at com.bridgelab.junituservalidation.UserValidation.enterFirstName(UserValidation.java:45)
	at com.bridgelab.junituservalidation.UserValidation.enterFirstName(UserValidation.java:45)
	at com.bridgelab.junituservalidation.UserValidation.enterFirstName(UserValidation.java:45)
	at com.bridgelab.junituservalidation.UserValidation.enterFirstName(UserValidation.java:45)
	at com.bridgelab.junituservalidation.UserValidation.enterFirstName(UserValidation.java:45)
	at com.bridgelab.junituservalidation.UserValidation.enterFirstName(UserValidation.java:45)
	at com.bridgelab.junituservalidation.UserValidation.enterFirstName(UserValidation.java:45)
	at com.bridgelab.junituservalidation.UserValidation.enterFirstName(UserValidation.java:45)
	at com.bridgelab.junituservalidation.UserValidation.enterFirstName(UserValidation.java:45)
	at com.bridgelab.junituservalidation.UserValidation.enterFirstName(UserValidation.java:45)
	at com.bridgelab.junituservalidation.UserValidation.enterFirstName(UserValidation.java:45)
	at com.bridgelab.junituservalidation.UserValidation.enterFirstName(UserValidation.java:45)
	at com.bridgelab.junituservalidation.UserValidation.enterFirstName(UserValidation.java:45)
	at com.bridgelab.junituservalidation.UserValidation.enterFirstName(UserValidation.java:45)
	at com.bridgelab.junituservalidation.UserValidation.enterFirstName(UserValidation.java:45)
	at com.bridgelab.junituservalidation.UserValidation.enterFirstName(UserValidation.java:45)
	at com.bridgelab.junituservalidation.UserValidation.enterFirstName(UserValidation.java:45)
	at com.bridgelab.junituservalidation.UserValidation.enterFirstName(UserValidation.java:45)
	at com.bridgelab.junituservalidation.UserValidation.enterFirstName(UserValidation.java:45)
	at com.bridgelab.junituservalidation.UserValidation.enterFirstName(UserValidation.java:45)
	at com.bridgelab.junituservalidation.UserValidation.enterFirstName(UserValidation.java:45)
	at com.bridgelab.junituservalidation.UserValidation.enterFirstName(UserValidation.java:45)
	at com.bridgelab.junituservalidation.UserValidation.enterFirstName(UserValidation.java:45)
	at com.bridgelab.junituservalidation.UserValidation.enterFirstName(UserValidation.java:45)
	at com.bridgelab.junituservalidation.UserValidation.enterFirstName(UserValidation.java:45)
	at com.bridgelab.junituservalidation.UserValidation.enterFirstName(UserValidation.java:45)
	at com.bridgelab.junituservalidation.UserValidation.enterFirstName(UserValidation.java:45)
	at com.bridgelab.junituservalidation.UserValidation.enterFirstName(UserValidation.java:45)
	at com.bridgelab.junituservalidation.UserValidation.enterFirstName(UserValidation.java:45)
	at com.bridgelab.junituservalidation.UserValidation.enterFirstName(UserValidation.java:45)
	at com.bridgelab.junituservalidation.UserValidation.enterFirstName(UserValidation.java:45)
	at com.bridgelab.junituservalidation.UserValidation.enterFirstName(UserValidation.java:45)
	at com.bridgelab.junituservalidation.UserValidation.enterFirstName(UserValidation.java:45)
	at com.bridgelab.junituservalidation.UserValidation.enterFirstName(UserValidation.java:45)
	at com.bridgelab.junituservalidation.UserValidation.enterFirstName(UserValidation.java:45)
	at com.bridgelab.junituservalidation.UserValidation.enterFirstName(UserValidation.java:45)
	at com.bridgelab.junituservalidation.UserValidation.enterFirstName(UserValidation.java:45)
	at com.bridgelab.junituservalidation.UserValidation.enterFirstName(UserValidation.java:45)
	at com.bridgelab.junituservalidation.UserValidation.enterFirstName(UserValidation.java:45)
	at com.bridgelab.junituservalidation.UserValidation.enterFirstName(UserValidation.java:45)
	at com.bridgelab.junituservalidation.UserValidation.enterFirstName(UserValidation.java:45)
	at com.bridgelab.junituservalidation.UserValidation.enterFirstName(UserValidation.java:45)
	at com.bridgelab.junituservalidation.UserValidation.enterFirstName(UserValidation.java:45)
	at com.bridgelab.junituservalidation.UserValidation.enterFirstName(UserValidation.java:45)
	at com.bridgelab.junituservalidation.UserValidation.enterFirstName(UserValidation.java:45)
	at com.bridgelab.junituservalidation.UserValidation.enterFirstName(UserValidation.java:45)
	at com.bridgelab.junituservalidation.UserValidation.enterFirstName(UserValidation.java:45)
	at com.bridgelab.junituservalidation.UserValidation.enterFirstName(UserValidation.java:45)
	at com.bridgelab.junituservalidation.UserValidation.enterFirstName(UserValidation.java:45)
	at com.bridgelab.junituservalidation.UserValidation.enterFirstName(UserValidation.java:45)
	at com.bridgelab.junituservalidation.UserValidation.enterFirstName(UserValidation.java:45)
	at com.bridgelab.junituservalidation.UserValidation.enterFirstName(UserValidation.java:45)
	at com.bridgelab.junituservalidation.UserValidation.enterFirstName(UserValidation.java:45)
	at com.bridgelab.junituservalidation.UserValidation.enterFirstName(UserValidation.java:45)
	at com.bridgelab.junituservalidation.UserValidation.enterFirstName(UserValidation.java:45)
	at com.bridgelab.junituservalidation.UserValidation.enterFirstName(UserValidation.java:45)
	at com.bridgelab.junituservalidation.UserValidation.enterFirstName(UserValidation.java:45)
	at com.bridgelab.junituservalidation.UserValidation.enterFirstName(UserValidation.java:45)
	at com.bridgelab.junituservalidation.UserValidation.enterFirstName(UserValidation.java:45)
	at com.bridgelab.junituservalidation.UserValidation.enterFirstName(UserValidation.java:45)
	at com.bridgelab.junituservalidation.UserValidation.enterFirstName(UserValidation.java:45)
	at com.bridgelab.junituservalidation.UserValidation.enterFirstName(UserValidation.java:45)
	at com.bridgelab.junituservalidation.UserValidation.enterFirstName(UserValidation.java:45)
	at com.bridgelab.junituservalidation.UserValidation.enterFirstName(UserValidation.java:45)
	at com.bridgelab.junituservalidation.UserValidation.enterFirstName(UserValidation.java:45)
	at com.bridgelab.junituservalidation.UserValidation.enterFirstName(UserValidation.java:45)
	at com.bridgelab.junituservalidation.UserValidation.enterFirstName(UserValidation.java:45)
	at com.bridgelab.junituservalidation.UserValidation.enterFirstName(UserValidation.java:45)
	at com.bridgelab.junituservalidation.UserValidation.enterFirstName(UserValidation.java:45)
	at com.bridgelab.junituservalidation.UserValidation.enterFirstName(UserValidation.java:45)
	at com.bridgelab.junituservalidation.UserValidation.enterFirstName(UserValidation.java:45)
	at com.bridgelab.junituservalidation.UserValidation.enterFirstName(UserValidation.java:45)
	at com.bridgelab.junituservalidation.UserValidation.enterFirstName(UserValidation.java:45)
	at com.bridgelab.junituservalidation.UserValidation.enterFirstName(UserValidation.java:45)
	at com.bridgelab.junituservalidation.UserValidation.enterFirstName(UserValidation.java:45)
	at com.bridgelab.junituservalidation.UserValidation.enterFirstName(UserValidation.java:45)
	at com.bridgelab.junituservalidation.UserValidation.enterFirstName(UserValidation.java:45)
	at com.bridgelab.junituservalidation.UserValidation.enterFirstName(UserValidation.java:45)
	at com.bridgelab.junituservalidation.UserValidation.enterFirstName(UserValidation.java:45)
	at com.bridgelab.junituservalidation.UserValidation.enterFirstName(UserValidation.java:45)
	at com.bridgelab.junituservalidation.UserValidation.enterFirstName(UserValidation.java:45)
	at com.bridgelab.junituservalidation.UserValidation.enterFirstName(UserValidation.java:45)
	at com.bridgelab.junituservalidation.UserValidation.enterFirstName(UserValidation.java:45)
	at com.bridgelab.junituservalidation.UserValidation.enterFirstName(UserValidation.java:45)
	at com.bridgelab.junituservalidation.UserValidation.enterFirstName(UserValidation.java:45)
	at com.bridgelab.junituservalidation.UserValidation.enterFirstName(UserValidation.java:45)
	at com.bridgelab.junituservalidation.UserValidation.enterFirstName(UserValidation.java:45)
	at com.bridgelab.junituservalidation.UserValidation.enterFirstName(UserValidation.java:45)
	at com.bridgelab.junituservalidation.UserValidation.enterFirstName(UserValidation.java:45)
	at com.bridgelab.junituservalidation.UserValidation.enterFirstName(UserValidation.java:45)
	at com.bridgelab.junituservalidation.UserValidation.enterFirstName(UserValidation.java:45)
	at com.bridgelab.junituservalidation.UserValidation.enterFirstName(UserValidation.java:45)
	at com.bridgelab.junituservalidation.UserValidation.enterFirstName(UserValidation.java:45)
	at com.bridgelab.junituservalidation.UserValidation.enterFirstName(UserValidation.java:45)
	at com.bridgelab.junituservalidation.UserValidation.enterFirstName(UserValidation.java:45)
	at com.bridgelab.junituservalidation.UserValidation.enterFirstName(UserValidation.java:45)
	at com.bridgelab.junituservalidation.UserValidation.enterFirstName(UserValidation.java:45)
	at com.bridgelab.junituservalidation.UserValidation.enterFirstName(UserValidation.java:45)
	at com.bridgelab.junituservalidation.UserValidation.enterFirstName(UserValidation.java:45)
	at com.bridgelab.junituservalidation.UserValidation.enterFirstName(UserValidation.java:45)
	at com.bridgelab.junituservalidation.UserValidation.enterFirstName(UserValidation.java:45)
	at com.bridgelab.junituservalidation.UserValidation.enterFirstName(UserValidation.java:45)
	at com.bridgelab.junituservalidation.UserValidation.enterFirstName(UserValidation.java:45)
	at com.bridgelab.junituservalidation.UserValidation.enterFirstName(UserValidation.java:45)
	at com.bridgelab.junituservalidation.UserValidation.enterFirstName(UserValidation.java:45)
	at com.bridgelab.junituservalidation.UserValidation.enterFirstName(UserValidation.java:45)
	at com.bridgelab.junituservalidation.UserValidation.enterFirstName(UserValidation.java:45)
	at com.bridgelab.junituservalidation.UserValidation.enterFirstName(UserValidation.java:45)
	at com.bridgelab.junituservalidation.UserValidation.enterFirstName(UserValidation.java:45)
	at com.bridgelab.junituservalidation.UserValidation.enterFirstName(UserValidation.java:45)
	at com.bridgelab.junituservalidation.UserValidation.enterFirstName(UserValidation.java:45)
	at com.bridgelab.junituservalidation.UserValidation.enterFirstName(UserValidation.java:45)
	at com.bridgelab.junituservalidation.UserValidation.enterFirstName(UserValidation.java:45)
	at com.bridgelab.junituservalidation.UserValidation.enterFirstName(UserValidation.java:45)
	at com.bridgelab.junituservalidation.UserValidation.enterFirstName(UserValidation.java:45)
	at com.bridgelab.junituservalidation.UserValidation.enterFirstName(UserValidation.java:45)
	at com.bridgelab.junituservalidation.UserValidation.enterFirstName(UserValidation.java:45)
	at com.bridgelab.junituservalidation.UserValidation.enterFirstName(UserValidation.java:45)
	at com.bridgelab.junituservalidation.UserValidation.enterFirstName(UserValidation.java:45)
	at com.bridgelab.junituservalidation.UserValidation.enterFirstName(UserValidation.java:45)
	at com.bridgelab.junituservalidation.UserValidation.enterFirstName(UserValidation.java:45)
	at com.bridgelab.junituservalidation.UserValidation.enterFirstName(UserValidation.java:45)
	at com.bridgelab.junituservalidation.UserValidation.enterFirstName(UserValidation.java:45)
	at com.bridgelab.junituservalidation.UserValidation.enterFirstName(UserValidation.java:45)
	at com.bridgelab.junituservalidation.UserValidation.enterFirstName(UserValidation.java:45)
	at com.bridgelab.junituservalidation.UserValidation.enterFirstName(UserValidation.java:45)
	at com.bridgelab.junituservalidation.UserValidation.enterFirstName(UserValidation.java:45)
	at com.bridgelab.junituservalidation.UserValidation.enterFirstName(UserValidation.java:45)
	at com.bridgelab.junituservalidation.UserValidation.enterFirstName(UserValidation.java:45)
	at com.bridgelab.junituservalidation.UserValidation.enterFirstName(UserValidation.java:45)
	at com.bridgelab.junituservalidation.UserValidation.enterFirstName(UserValidation.java:45)
	at com.bridgelab.junituservalidation.UserValidation.enterFirstName(UserValidation.java:45)
	at com.bridgelab.junituservalidation.UserValidation.enterFirstName(UserValidation.java:45)
	at com.bridgelab.junituservalidation.UserValidation.enterFirstName(UserValidation.java:45)
	at com.bridgelab.junituservalidation.UserValidation.enterFirstName(UserValidation.java:45)
	at com.bridgelab.junituservalidation.UserValidation.enterFirstName(UserValidation.java:45)
	at com.bridgelab.junituservalidation.UserValidation.enterFirstName(UserValidation.java:45)
	at com.bridgelab.junituservalidation.UserValidation.enterFirstName(UserValidation.java:45)
	at com.bridgelab.junituservalidation.UserValidation.enterFirstName(UserValidation.java:45)
	at com.bridgelab.junituservalidation.UserValidation.enterFirstName(UserValidation.java:45)
	at com.bridgelab.junituservalidation.UserValidation.enterFirstName(UserValidation.java:45)
	at com.bridgelab.junituservalidation.UserValidation.enterFirstName(UserValidation.java:45)
	at com.bridgelab.junituservalidation.UserValidation.enterFirstName(UserValidation.java:45)
	at com.bridgelab.junituservalidation.UserValidation.enterFirstName(UserValidation.java:45)
	at com.bridgelab.junituservalidation.UserValidation.enterFirstName(UserValidation.java:45)
	at com.bridgelab.junituservalidation.UserValidation.enterFirstName(UserValidation.java:45)
	at com.bridgelab.junituservalidation.UserValidation.enterFirstName(UserValidation.java:45)
	at com.bridgelab.junituservalidation.UserValidation.enterFirstName(UserValidation.java:45)
	at com.bridgelab.junituservalidation.UserValidation.enterFirstName(UserValidation.java:45)
	at com.bridgelab.junituservalidation.UserValidation.enterFirstName(UserValidation.java:45)
	at com.bridgelab.junituservalidation.UserValidation.enterFirstName(UserValidation.java:45)
	at com.bridgelab.junituservalidation.UserValidation.enterFirstName(UserValidation.java:45)
	at com.bridgelab.junituservalidation.UserValidation.enterFirstName(UserValidation.java:45)
	at com.bridgelab.junituservalidation.UserValidation.enterFirstName(UserValidation.java:45)
	at com.bridgelab.junituservalidation.UserValidation.enterFirstName(UserValidation.java:45)
	at com.bridgelab.junituservalidation.UserValidation.enterFirstName(UserValidation.java:45)
	at com.bridgelab.junituservalidation.UserValidation.enterFirstName(UserValidation.java:45)
	at com.bridgelab.junituservalidation.UserValidation.enterFirstName(UserValidation.java:45)
	at com.bridgelab.junituservalidation.UserValidation.enterFirstName(UserValidation.java:45)
	at com.bridgelab.junituservalidation.UserValidation.enterFirstName(UserValidation.java:45)
	at com.bridgelab.junituservalidation.UserValidation.enterFirstName(UserValidation.java:45)
	at com.bridgelab.junituservalidation.UserValidation.enterFirstName(UserValidation.java:45)
	at com.bridgelab.junituservalidation.UserValidation.enterFirstName(UserValidation.java:45)
	at com.bridgelab.junituservalidation.UserValidation.enterFirstName(UserValidation.java:45)
	at com.bridgelab.junituservalidation.UserValidation.enterFirstName(UserValidation.java:45)
	at com.bridgelab.junituservalidation.UserValidation.enterFirstName(UserValidation.java:45)
	at com.bridgelab.junituservalidation.UserValidation.enterFirstName(UserValidation.java:45)
	at com.bridgelab.junituservalidation.UserValidation.enterFirstName(UserValidation.java:45)
	at com.bridgelab.junituservalidation.UserValidation.enterFirstName(UserValidation.java:45)
	at com.bridgelab.junituservalidation.UserValidation.enterFirstName(UserValidation.java:45)
	at com.bridgelab.junituservalidation.UserValidation.enterFirstName(UserValidation.java:45)
	at com.bridgelab.junituservalidation.UserValidation.enterFirstName(UserValidation.java:45)
	at com.bridgelab.junituservalidation.UserValidation.enterFirstName(UserValidation.java:45)
	at com.bridgelab.junituservalidation.UserValidation.enterFirstName(UserValidation.java:45)
	at com.bridgelab.junituservalidation.UserValidation.enterFirstName(UserValidation.java:45)
	at com.bridgelab.junituservalidation.UserValidation.enterFirstName(UserValidation.java:45)
	at com.bridgelab.junituservalidation.UserValidation.enterFirstName(UserValidation.java:45)
	at com.bridgelab.junituservalidation.UserValidation.enterFirstName(UserValidation.java:45)
	at com.bridgelab.junituservalidation.UserValidation.enterFirstName(UserValidation.java:45)
	at com.bridgelab.junituservalidation.UserValidation.enterFirstName(UserValidation.java:45)
	at com.bridgelab.junituservalidation.UserValidation.enterFirstName(UserValidation.java:45)
	at com.bridgelab.junituservalidation.UserValidation.enterFirstName(UserValidation.java:45)
	at com.bridgelab.junituservalidation.UserValidation.enterFirstName(UserValidation.java:45)
	at com.bridgelab.junituservalidation.UserValidation.enterFirstName(UserValidation.java:45)
	at com.bridgelab.junituservalidation.UserValidation.enterFirstName(UserValidation.java:45)
	at com.bridgelab.junituservalidation.UserValidation.enterFirstName(UserValidation.java:45)
	at com.bridgelab.junituservalidation.UserValidation.enterFirstName(UserValidation.java:45)
	at com.bridgelab.junituservalidation.UserValidation.enterFirstName(UserValidation.java:45)
	at com.bridgelab.junituservalidation.UserValidation.enterFirstName(UserValidation.java:45)
	at com.bridgelab.junituservalidation.UserValidation.enterFirstName(UserValidation.java:45)
	at com.bridgelab.junituservalidation.UserValidation.enterFirstName(UserValidation.java:45)
	at com.bridgelab.junituservalidation.UserValidation.enterFirstName(UserValidation.java:45)
	at com.bridgelab.junituservalidation.UserValidation.enterFirstName(UserValidation.java:45)
	at com.bridgelab.junituservalidation.UserValidation.enterFirstName(UserValidation.java:45)
	at com.bridgelab.junituservalidation.UserValidation.enterFirstName(UserValidation.java:45)
	at com.bridgelab.junituservalidation.UserValidation.enterFirstName(UserValidation.java:45)
	at com.bridgelab.junituservalidation.UserValidation.enterFirstName(UserValidation.java:45)
	at com.bridgelab.junituservalidation.UserValidation.enterFirstName(UserValidation.java:45)
	at com.bridgelab.junituservalidation.UserValidation.enterFirstName(UserValidation.java:45)
	at com.bridgelab.junituservalidation.UserValidation.enterFirstName(UserValidation.java:45)
	at com.bridgelab.junituservalidation.UserValidation.enterFirstName(UserValidation.java:45)
	at com.bridgelab.junituservalidation.UserValidation.enterFirstName(UserValidation.java:45)
	at com.bridgelab.junituservalidation.UserValidation.enterFirstName(UserValidation.java:45)
	at com.bridgelab.junituservalidation.UserValidation.enterFirstName(UserValidation.java:45)
	at com.bridgelab.junituservalidation.UserValidation.enterFirstName(UserValidation.java:45)
	at com.bridgelab.junituservalidation.UserValidation.enterFirstName(UserValidation.java:45)
	at com.bridgelab.junituservalidation.UserValidation.enterFirstName(UserValidation.java:45)
	at com.bridgelab.junituservalidation.UserValidation.enterFirstName(UserValidation.java:45)
	at com.bridgelab.junituservalidation.UserValidation.enterFirstName(UserValidation.java:45)
	at com.bridgelab.junituservalidation.UserValidation.enterFirstName(UserValidation.java:45)
	at com.bridgelab.junituservalidation.UserValidation.enterFirstName(UserValidation.java:45)
	at com.bridgelab.junituservalidation.UserValidation.enterFirstName(UserValidation.java:45)
	at com.bridgelab.junituservalidation.UserValidation.enterFirstName(UserValidation.java:45)
	at com.bridgelab.junituservalidation.UserValidation.enterFirstName(UserValidation.java:45)
	at com.bridgelab.junituservalidation.UserValidation.enterFirstName(UserValidation.java:45)
	at com.bridgelab.junituservalidation.UserValidation.enterFirstName(UserValidation.java:45)
	at com.bridgelab.junituservalidation.UserValidation.enterFirstName(UserValidation.java:45)
	at com.bridgelab.junituservalidation.UserValidation.enterFirstName(UserValidation.java:45)
	at com.bridgelab.junituservalidation.UserValidation.enterFirstName(UserValidation.java:45)
	at com.bridgelab.junituservalidation.UserValidation.enterFirstName(UserValidation.java:45)
	at com.bridgelab.junituservalidation.UserValidation.enterFirstName(UserValidation.java:45)
	at com.bridgelab.junituservalidation.UserValidation.enterFirstName(UserValidation.java:45)
	at com.bridgelab.junituservalidation.UserValidation.enterFirstName(UserValidation.java:45)
	at com.bridgelab.junituservalidation.UserValidation.enterFirstName(UserValidation.java:45)
	at com.bridgelab.junituservalidation.UserValidation.enterFirstName(UserValidation.java:45)
	at com.bridgelab.junituservalidation.UserValidation.enterFirstName(UserValidation.java:45)
	at com.bridgelab.junituservalidation.UserValidation.enterFirstName(UserValidation.java:45)
	at com.bridgelab.junituservalidation.UserValidation.enterFirstName(UserValidation.java:45)
	at com.bridgelab.junituservalidation.UserValidation.enterFirstName(UserValidation.java:45)
	at com.bridgelab.junituservalidation.UserValidation.enterFirstName(UserValidation.java:45)
	at com.bridgelab.junituservalidation.UserValidation.enterFirstName(UserValidation.java:45)
	at com.bridgelab.junituservalidation.UserValidation.enterFirstName(UserValidation.java:45)
	at com.bridgelab.junituservalidation.UserValidation.enterFirstName(UserValidation.java:45)
	at com.bridgelab.junituservalidation.UserValidation.enterFirstName(UserValidation.java:45)
	at com.bridgelab.junituservalidation.UserValidation.enterFirstName(UserValidation.java:45)
	at com.bridgelab.junituservalidation.UserValidation.enterFirstName(UserValidation.java:45)
	at com.bridgelab.junituservalidation.UserValidation.enterFirstName(UserValidation.java:45)
	at com.bridgelab.junituservalidation.UserValidation.enterFirstName(UserValidation.java:45)
	at com.bridgelab.junituservalidation.UserValidation.enterFirstName(UserValidation.java:45)
	at com.bridgelab.junituservalidation.UserValidation.enterFirstName(UserValidation.java:45)
	at com.bridgelab.junituservalidation.UserValidation.enterFirstName(UserValidation.java:45)
	at com.bridgelab.junituservalidation.UserValidation.enterFirstName(UserValidation.java:45)
	at com.bridgelab.junituservalidation.UserValidation.enterFirstName(UserValidation.java:45)
	at com.bridgelab.junituservalidation.UserValidation.enterFirstName(UserValidation.java:45)
	at com.bridgelab.junituservalidation.UserValidation.enterFirstName(UserValidation.java:45)
	at com.bridgelab.junituservalidation.UserValidation.enterFirstName(UserValidation.java:45)
	at com.bridgelab.junituservalidation.UserValidation.enterFirstName(UserValidation.java:45)
	at com.bridgelab.junituservalidation.UserValidation.enterFirstName(UserValidation.java:45)
	at com.bridgelab.junituservalidation.UserValidation.enterFirstName(UserValidation.java:45)
	at com.bridgelab.junituservalidation.UserValidation.enterFirstName(UserValidation.java:45)
	at com.bridgelab.junituservalidation.UserValidation.enterFirstName(UserValidation.java:45)
	at com.bridgelab.junituservalidation.UserValidation.enterFirstName(UserValidation.java:45)
	at com.bridgelab.junituservalidation.UserValidation.enterFirstName(UserValidation.java:45)
	at com.bridgelab.junituservalidation.UserValidation.enterFirstName(UserValidation.java:45)
	at com.bridgelab.junituservalidation.UserValidation.enterFirstName(UserValidation.java:45)
	at com.bridgelab.junituservalidation.UserValidation.enterFirstName(UserValidation.java:45)
	at com.bridgelab.junituservalidation.UserValidation.enterFirstName(UserValidation.java:45)
	at com.bridgelab.junituservalidation.UserValidation.enterFirstName(UserValidation.java:45)
	at com.bridgelab.junituservalidation.UserValidation.enterFirstName(UserValidation.java:45)
	at com.bridgelab.junituservalidation.UserValidation.enterFirstName(UserValidation.java:45)
	at com.bridgelab.junituservalidation.UserValidation.enterFirstName(UserValidation.java:45)
	at com.bridgelab.junituservalidation.UserValidation.enterFirstName(UserValidation.java:45)
	at com.bridgelab.junituservalidation.UserValidation.enterFirstName(UserValidation.java:45)
	at com.bridgelab.junituservalidation.UserValidation.enterFirstName(UserValidation.java:45)
	at com.bridgelab.junituservalidation.UserValidation.enterFirstName(UserValidation.java:45)
	at com.bridgelab.junituservalidation.UserValidation.enterFirstName(UserValidation.java:45)
	at com.bridgelab.junituservalidation.UserValidation.enterFirstName(UserValidation.java:45)
	at com.bridgelab.junituservalidation.UserValidation.enterFirstName(UserValidation.java:45)
	at com.bridgelab.junituservalidation.UserValidation.enterFirstName(UserValidation.java:45)
	at com.bridgelab.junituservalidation.UserValidation.enterFirstName(UserValidation.java:45)
	at com.bridgelab.junituservalidation.UserValidation.enterFirstName(UserValidation.java:45)
	at com.bridgelab.junituservalidation.UserValidation.enterFirstName(UserValidation.java:45)
	at com.bridgelab.junituservalidation.UserValidation.enterFirstName(UserValidation.java:45)
	at com.bridgelab.junituservalidation.UserValidation.enterFirstName(UserValidation.java:45)
	at com.bridgelab.junituservalidation.UserValidation.enterFirstName(UserValidation.java:45)
	at com.bridgelab.junituservalidation.UserValidation.enterFirstName(UserValidation.java:45)
	at com.bridgelab.junituservalidation.UserValidation.enterFirstName(UserValidation.java:45)
	at com.bridgelab.junituservalidation.UserValidation.enterFirstName(UserValidation.java:45)
	at com.bridgelab.junituservalidation.UserValidation.enterFirstName(UserValidation.java:45)
	at com.bridgelab.junituservalidation.UserValidation.enterFirstName(UserValidation.java:45)
	at com.bridgelab.junituservalidation.UserValidation.enterFirstName(UserValidation.java:45)
	at com.bridgelab.junituservalidation.UserValidation.enterFirstName(UserValidation.java:45)
	at com.bridgelab.junituservalidation.UserValidation.enterFirstName(UserValidation.java:45)
	at com.bridgelab.junituservalidation.UserValidation.enterFirstName(UserValidation.java:45)
	at com.bridgelab.junituservalidation.UserValidation.enterFirstName(UserValidation.java:45)
	at com.bridgelab.junituservalidation.UserValidation.enterFirstName(UserValidation.java:45)
	at com.bridgelab.junituservalidation.UserValidation.enterFirstName(UserValidation.java:45)
	at com.bridgelab.junituservalidation.UserValidation.enterFirstName(UserValidation.java:45)
	at com.bridgelab.junituservalidation.UserValidation.enterFirstName(UserValidation.java:45)
	at com.bridgelab.junituservalidation.UserValidation.enterFirstName(UserValidation.java:45)
	at com.bridgelab.junituservalidation.UserValidation.enterFirstName(UserValidation.java:45)
	at com.bridgelab.junituservalidation.UserValidation.enterFirstName(UserValidation.java:45)
	at com.bridgelab.junituservalidation.UserValidation.enterFirstName(UserValidation.java:45)
	at com.bridgelab.junituservalidation.UserValidation.enterFirstName(UserValidation.java:45)
	at com.bridgelab.junituservalidation.UserValidation.enterFirstName(UserValidation.java:45)
	at com.bridgelab.junituservalidation.UserValidation.enterFirstName(UserValidation.java:45)
	at com.bridgelab.junituservalidation.UserValidation.enterFirstName(UserValidation.java:45)
	at com.bridgelab.junituservalidation.UserValidation.enterFirstName(UserValidation.java:45)
	at com.bridgelab.junituservalidation.UserValidation.enterFirstName(UserValidation.java:45)
	at com.bridgelab.junituservalidation.UserValidation.enterFirstName(UserValidation.java:45)
	at com.bridgelab.junituservalidation.UserValidation.enterFirstName(UserValidation.java:45)
	at com.bridgelab.junituservalidation.UserValidation.enterFirstName(UserValidation.java:45)
	at com.bridgelab.junituservalidation.UserValidation.enterFirstName(UserValidation.java:45)
	at com.bridgelab.junituservalidation.UserValidation.enterFirstName(UserValidation.java:45)
	at com.bridgelab.junituservalidation.UserValidation.enterFirstName(UserValidation.java:45)
	at com.bridgelab.junituservalidation.UserValidation.enterFirstName(UserValidation.java:45)
	at com.bridgelab.junituservalidation.UserValidation.enterFirstName(UserValidation.java:45)
	at com.bridgelab.junituservalidation.UserValidation.enterFirstName(UserValidation.java:45)
	at com.bridgelab.junituservalidation.UserValidation.enterFirstName(UserValidation.java:45)
	at com.bridgelab.junituservalidation.UserValidation.enterFirstName(UserValidation.java:45)
	at com.bridgelab.junituservalidation.UserValidation.enterFirstName(UserValidation.java:45)
	at com.bridgelab.junituservalidation.UserValidation.enterFirstName(UserValidation.java:45)
	at com.bridgelab.junituservalidation.UserValidation.enterFirstName(UserValidation.java:45)
	at com.bridgelab.junituservalidation.UserValidation.enterFirstName(UserValidation.java:45)
	at com.bridgelab.junituservalidation.UserValidation.enterFirstName(UserValidation.java:45)
	at com.bridgelab.junituservalidation.UserValidation.enterFirstName(UserValidation.java:45)
	at com.bridgelab.junituservalidation.UserValidation.enterFirstName(UserValidation.java:45)
	at com.bridgelab.junituservalidation.UserValidation.enterFirstName(UserValidation.java:45)
	at com.bridgelab.junituservalidation.UserValidation.enterFirstName(UserValidation.java:45)
	at com.bridgelab.junituservalidation.UserValidation.enterFirstName(UserValidation.java:45)
	at com.bridgelab.junituservalidation.UserValidation.enterFirstName(UserValidation.java:45)
	at com.bridgelab.junituservalidation.UserValidation.enterFirstName(UserValidation.java:45)
	at com.bridgelab.junituservalidation.UserValidation.enterFirstName(UserValidation.java:45)
	at com.bridgelab.junituservalidation.UserValidation.enterFirstName(UserValidation.java:45)
	at com.bridgelab.junituservalidation.UserValidation.enterFirstName(UserValidation.java:45)
	at com.bridgelab.junituservalidation.UserValidation.enterFirstName(UserValidation.java:45)
	at com.bridgelab.junituservalidation.UserValidation.enterFirstName(UserValidation.java:45)
	at com.bridgelab.junituservalidation.UserValidation.enterFirstName(UserValidation.java:45)
	at com.bridgelab.junituservalidation.UserValidation.enterFirstName(UserValidation.java:45)
	at com.bridgelab.junituservalidation.UserValidation.enterFirstName(UserValidation.java:45)
	at com.bridgelab.junituservalidation.UserValidation.enterFirstName(UserValidation.java:45)
	at com.bridgelab.junituservalidation.UserValidation.enterFirstName(UserValidation.java:45)
	at com.bridgelab.junituservalidation.UserValidation.enterFirstName(UserValidation.java:45)
	at com.bridgelab.junituservalidation.UserValidation.enterFirstName(UserValidation.java:45)
	at com.bridgelab.junituservalidation.UserValidation.enterFirstName(UserValidation.java:45)
	at com.bridgelab.junituservalidation.UserValidation.enterFirstName(UserValidation.java:45)
	at com.bridgelab.junituservalidation.UserValidation.enterFirstName(UserValidation.java:45)
	at com.bridgelab.junituservalidation.UserValidation.enterFirstName(UserValidation.java:45)
	at com.bridgelab.junituservalidation.UserValidation.enterFirstName(UserValidation.java:45)
	at com.bridgelab.junituservalidation.UserValidation.enterFirstName(UserValidation.java:45)
	at com.bridgelab.junituservalidation.UserValidation.enterFirstName(UserValidation.java:45)
	at com.bridgelab.junituservalidation.UserValidation.enterFirstName(UserValidation.java:45)
	at com.bridgelab.junituservalidation.UserValidation.enterFirstName(UserValidation.java:45)
	at com.bridgelab.junituservalidation.UserValidation.enterFirstName(UserValidation.java:45)
	at com.bridgelab.junituservalidation.UserValidation.enterFirstName(UserValidation.java:45)
	at com.bridgelab.junituservalidation.UserValidation.enterFirstName(UserValidation.java:45)
	at com.bridgelab.junituservalidation.UserValidation.enterFirstName(UserValidation.java:45)
	at com.bridgelab.junituservalidation.UserValidation.enterFirstName(UserValidation.java:45)
	at com.bridgelab.junituservalidation.UserValidation.enterFirstName(UserValidation.java:45)
	at com.bridgelab.junituservalidation.UserValidation.enterFirstName(UserValidation.java:45)
	at com.bridgelab.junituservalidation.UserValidation.enterFirstName(UserValidation.java:45)
	at com.bridgelab.junituservalidation.UserValidation.enterFirstName(UserValidation.java:45)
	at com.bridgelab.junituservalidation.UserValidation.enterFirstName(UserValidation.java:45)
	at com.bridgelab.junituservalidation.UserValidation.enterFirstName(UserValidation.java:45)
	at com.bridgelab.junituservalidation.UserValidation.enterFirstName(UserValidation.java:45)
	at com.bridgelab.junituservalidation.UserValidation.enterFirstName(UserValidation.java:45)
	at com.bridgelab.junituservalidation.UserValidation.enterFirstName(UserValidation.java:45)
	at com.bridgelab.junituservalidation.UserValidation.enterFirstName(UserValidation.java:45)
	at com.bridgelab.junituservalidation.UserValidation.enterFirstName(UserValidation.java:45)
	at com.bridgelab.junituservalidation.UserValidation.enterFirstName(UserValidation.java:45)
	at com.bridgelab.junituservalidation.UserValidation.enterFirstName(UserValidation.java:45)
	at com.bridgelab.junituservalidation.UserValidation.enterFirstName(UserValidation.java:45)
	at com.bridgelab.junituservalidation.UserValidation.enterFirstName(UserValidation.java:45)
	at com.bridgelab.junituservalidation.UserValidation.enterFirstName(UserValidation.java:45)
	at com.bridgelab.junituservalidation.UserValidation.enterFirstName(UserValidation.java:45)
	at com.bridgelab.junituservalidation.UserValidation.enterFirstName(UserValidation.java:45)
	at com.bridgelab.junituservalidation.UserValidation.enterFirstName(UserValidation.java:45)
	at com.bridgelab.junituservalidation.UserValidation.enterFirstName(UserValidation.java:45)
	at com.bridgelab.junituservalidation.UserValidation.enterFirstName(UserValidation.java:45)
	at com.bridgelab.junituservalidation.UserValidation.enterFirstName(UserValidation.java:45)
	at com.bridgelab.junituservalidation.UserValidation.enterFirstName(UserValidation.java:45)
	at com.bridgelab.junituservalidation.UserValidation.enterFirstName(UserValidation.java:45)
	at com.bridgelab.junituservalidation.UserValidation.enterFirstName(UserValidation.java:45)
	at com.bridgelab.junituservalidation.UserValidation.enterFirstName(UserValidation.java:45)
	at com.bridgelab.junituservalidation.UserValidation.enterFirstName(UserValidation.java:45)
	at com.bridgelab.junituservalidation.UserValidation.enterFirstName(UserValidation.java:45)
	at com.bridgelab.junituservalidation.UserValidation.enterFirstName(UserValidation.java:45)
	at com.bridgelab.junituservalidation.UserValidation.enterFirstName(UserValidation.java:45)
	at com.bridgelab.junituservalidation.UserValidation.enterFirstName(UserValidation.java:45)
	at com.bridgelab.junituservalidation.UserValidation.enterFirstName(UserValidation.java:45)
	at com.bridgelab.junituservalidation.UserValidation.enterFirstName(UserValidation.java:45)
	at com.bridgelab.junituservalidation.UserValidation.enterFirstName(UserValidation.java:45)
	at com.bridgelab.junituservalidation.UserValidation.enterFirstName(UserValidation.java:45)
	at com.bridgelab.junituservalidation.UserValidation.enterFirstName(UserValidation.java:45)
	at com.bridgelab.junituservalidation.UserValidation.enterFirstName(UserValidation.java:45)
	at com.bridgelab.junituservalidation.UserValidation.enterFirstName(UserValidation.java:45)
	at com.bridgelab.junituservalidation.UserValidation.enterFirstName(UserValidation.java:45)
	at com.bridgelab.junituservalidation.UserValidation.enterFirstName(UserValidation.java:45)
	at com.bridgelab.junituservalidation.UserValidation.enterFirstName(UserValidation.java:45)
	at com.bridgelab.junituservalidation.UserValidation.enterFirstName(UserValidation.java:45)
	at com.bridgelab.junituservalidation.UserValidation.enterFirstName(UserValidation.java:45)
	at com.bridgelab.junituservalidation.UserValidation.enterFirstName(UserValidation.java:45)
	at com.bridgelab.junituservalidation.UserValidation.enterFirstName(UserValidation.java:45)
	at com.bridgelab.junituservalidation.UserValidation.enterFirstName(UserValidation.java:45)
	at com.bridgelab.junituservalidation.UserValidation.enterFirstName(UserValidation.java:45)
	at com.bridgelab.junituservalidation.UserValidation.enterFirstName(UserValidation.java:45)
	at com.bridgelab.junituservalidation.UserValidation.enterFirstName(UserValidation.java:45)
	at com.bridgelab.junituservalidation.UserValidation.enterFirstName(UserValidation.java:45)
	at com.bridgelab.junituservalidation.UserValidation.enterFirstName(UserValidation.java:45)
	at com.bridgelab.junituservalidation.UserValidation.enterFirstName(UserValidation.java:45)
	at com.bridgelab.junituservalidation.UserValidation.enterFirstName(UserValidation.java:45)
	at com.bridgelab.junituservalidation.UserValidation.enterFirstName(UserValidation.java:45)
	at com.bridgelab.junituservalidation.UserValidation.enterFirstName(UserValidation.java:45)
	at com.bridgelab.junituservalidation.UserValidation.enterFirstName(UserValidation.java:45)
	at com.bridgelab.junituservalidation.UserValidation.enterFirstName(UserValidation.java:45)
	at com.bridgelab.junituservalidation.UserValidation.enterFirstName(UserValidation.java:45)
	at com.bridgelab.junituservalidation.UserValidation.enterFirstName(UserValidation.java:45)
	at com.bridgelab.junituservalidation.UserValidation.enterFirstName(UserValidation.java:45)
	at com.bridgelab.junituservalidation.UserValidation.enterFirstName(UserValidation.java:45)
	at com.bridgelab.junituservalidation.UserValidation.enterFirstName(UserValidation.java:45)
	at com.bridgelab.junituservalidation.UserValidation.enterFirstName(UserValidation.java:45)
	at com.bridgelab.junituservalidation.UserValidation.enterFirstName(UserValidation.java:45)
	at com.bridgelab.junituservalidation.UserValidation.enterFirstName(UserValidation.java:45)
	at com.bridgelab.junituservalidation.UserValidation.enterFirstName(UserValidation.java:45)
	at com.bridgelab.junituservalidation.UserValidation.enterFirstName(UserValidation.java:45)
	at com.bridgelab.junituservalidation.UserValidation.enterFirstName(UserValidation.java:45)
	at com.bridgelab.junituservalidation.UserValidation.enterFirstName(UserValidation.java:45)
	at com.bridgelab.junituservalidation.UserValidation.enterFirstName(UserValidation.java:45)
	at com.bridgelab.junituservalidation.UserValidation.enterFirstName(UserValidation.java:45)
	at com.bridgelab.junituservalidation.UserValidation.enterFirstName(UserValidation.java:45)
	at com.bridgelab.junituservalidation.UserValidation.enterFirstName(UserValidation.java:45)
	at com.bridgelab.junituservalidation.UserValidation.enterFirstName(UserValidation.java:45)
	at com.bridgelab.junituservalidation.UserValidation.enterFirstName(UserValidation.java:45)
	at com.bridgelab.junituservalidation.UserValidation.enterFirstName(UserValidation.java:45)
	at com.bridgelab.junituservalidation.UserValidation.enterFirstName(UserValidation.java:45)
	at com.bridgelab.junituservalidation.UserValidation.enterFirstName(UserValidation.java:45)
	at com.bridgelab.junituservalidation.UserValidation.enterFirstName(UserValidation.java:45)
	at com.bridgelab.junituservalidation.UserValidation.enterFirstName(UserValidation.java:45)
	at com.bridgelab.junituservalidation.UserValidation.enterFirstName(UserValidation.java:45)
	at com.bridgelab.junituservalidation.UserValidation.enterFirstName(UserValidation.java:45)
	at com.bridgelab.junituservalidation.UserValidation.enterFirstName(UserValidation.java:45)
	at com.bridgelab.junituservalidation.UserValidation.enterFirstName(UserValidation.java:45)
	at com.bridgelab.junituservalidation.UserValidation.enterFirstName(UserValidation.java:45)
	at com.bridgelab.junituservalidation.UserValidation.enterFirstName(UserValidation.java:45)
	at com.bridgelab.junituservalidation.UserValidation.enterFirstName(UserValidation.java:45)
	at com.bridgelab.junituservalidation.UserValidation.enterFirstName(UserValidation.java:45)
	at com.bridgelab.junituservalidation.UserValidation.enterFirstName(UserValidation.java:45)
	at com.bridgelab.junituservalidation.UserValidation.enterFirstName(UserValidation.java:45)
	at com.bridgelab.junituservalidation.UserValidation.enterFirstName(UserValidation.java:45)
	at com.bridgelab.junituservalidation.UserValidation.enterFirstName(UserValidation.java:45)
	at com.bridgelab.junituservalidation.UserValidation.enterFirstName(UserValidation.java:45)
	at com.bridgelab.junituservalidation.UserValidation.enterFirstName(UserValidation.java:45)
	at com.bridgelab.junituservalidation.UserValidation.enterFirstName(UserValidation.java:45)
	at com.bridgelab.junituservalidation.UserValidation.enterFirstName(UserValidation.java:45)
	at com.bridgelab.junituservalidation.UserValidation.enterFirstName(UserValidation.java:45)
	at com.bridgelab.junituservalidation.UserValidation.enterFirstName(UserValidation.java:45)
	at com.bridgelab.junituservalidation.UserValidation.enterFirstName(UserValidation.java:45)
	at com.bridgelab.junituservalidation.UserValidation.enterFirstName(UserValidation.java:45)
	at com.bridgelab.junituservalidation.UserValidation.enterFirstName(UserValidation.java:45)
	at com.bridgelab.junituservalidation.UserValidation.enterFirstName(UserValidation.java:45)
	at com.bridgelab.junituservalidation.UserValidation.enterFirstName(UserValidation.java:45)
	at com.bridgelab.junituservalidation.UserValidation.enterFirstName(UserValidation.java:45)
	at com.bridgelab.junituservalidation.UserValidation.enterFirstName(UserValidation.java:45)
	at com.bridgelab.junituservalidation.UserValidation.enterFirstName(UserValidation.java:45)
	at com.bridgelab.junituservalidation.UserValidation.enterFirstName(UserValidation.java:45)
	at com.bridgelab.junituservalidation.UserValidation.enterFirstName(UserValidation.java:45)
	at com.bridgelab.junituservalidation.UserValidation.enterFirstName(UserValidation.java:45)
	at com.bridgelab.junituservalidation.UserValidation.enterFirstName(UserValidation.java:45)
	at com.bridgelab.junituservalidation.UserValidation.enterFirstName(UserValidation.java:45)
	at com.bridgelab.junituservalidation.UserValidation.enterFirstName(UserValidation.java:45)
	at com.bridgelab.junituservalidation.UserValidation.enterFirstName(UserValidation.java:45)
	at com.bridgelab.junituservalidation.UserValidation.enterFirstName(UserValidation.java:45)
	at com.bridgelab.junituservalidation.UserValidation.enterFirstName(UserValidation.java:45)
	at com.bridgelab.junituservalidation.UserValidation.enterFirstName(UserValidation.java:45)
	at com.bridgelab.junituservalidation.UserValidation.enterFirstName(UserValidation.java:45)
	at com.bridgelab.junituservalidation.UserValidation.enterFirstName(UserValidation.java:45)
	at com.bridgelab.junituservalidation.UserValidation.enterFirstName(UserValidation.java:45)
	at com.bridgelab.junituservalidation.UserValidation.enterFirstName(UserValidation.java:45)
	at com.bridgelab.junituservalidation.UserValidation.enterFirstName(UserValidation.java:45)
	at com.bridgelab.junituservalidation.UserValidation.enterFirstName(UserValidation.java:45)
	at com.bridgelab.junituservalidation.UserValidation.enterFirstName(UserValidation.java:45)
	at com.bridgelab.junituservalidation.UserValidation.enterFirstName(UserValidation.java:45)
	at com.bridgelab.junituservalidation.UserValidation.enterFirstName(UserValidation.java:45)
	at com.bridgelab.junituservalidation.UserValidation.enterFirstName(UserValidation.java:45)
	at com.bridgelab.junituservalidation.UserValidation.enterFirstName(UserValidation.java:45)
	at com.bridgelab.junituservalidation.UserValidation.enterFirstName(UserValidation.java:45)
	at com.bridgelab.junituservalidation.UserValidation.enterFirstName(UserValidation.java:45)
	at com.bridgelab.junituservalidation.UserValidation.enterFirstName(UserValidation.java:45)
	at com.bridgelab.junituservalidation.UserValidation.enterFirstName(UserValidation.java:45)
	at com.bridgelab.junituservalidation.UserValidation.enterFirstName(UserValidation.java:45)
	at com.bridgelab.junituservalidation.UserValidation.enterFirstName(UserValidation.java:45)
	at com.bridgelab.junituservalidation.UserValidation.enterFirstName(UserValidation.java:45)
	at com.bridgelab.junituservalidation.UserValidation.enterFirstName(UserValidation.java:45)
	at com.bridgelab.junituservalidation.UserValidation.enterFirstName(UserValidation.java:45)
	at com.bridgelab.junituservalidation.UserValidation.enterFirstName(UserValidation.java:45)
	at com.bridgelab.junituservalidation.UserValidation.enterFirstName(UserValidation.java:45)
	at com.bridgelab.junituservalidation.UserValidation.enterFirstName(UserValidation.java:45)
	at com.bridgelab.junituservalidation.UserValidation.enterFirstName(UserValidation.java:45)
	at com.bridgelab.junituservalidation.UserValidation.enterFirstName(UserValidation.java:45)
	at com.bridgelab.junituservalidation.UserValidation.enterFirstName(UserValidation.java:45)
	at com.bridgelab.junituservalidation.UserValidation.enterFirstName(UserValidation.java:45)
	at com.bridgelab.junituservalidation.UserValidation.enterFirstName(UserValidation.java:45)
	at com.bridgelab.junituservalidation.UserValidation.enterFirstName(UserValidation.java:45)
	at com.bridgelab.junituservalidation.UserValidation.enterFirstName(UserValidation.java:45)
	at com.bridgelab.junituservalidation.UserValidation.enterFirstName(UserValidation.java:45)
	at com.bridgelab.junituservalidation.UserValidation.enterFirstName(UserValidation.java:45)
	at com.bridgelab.junituservalidation.UserValidation.enterFirstName(UserValidation.java:45)
	at com.bridgelab.junituservalidation.UserValidation.enterFirstName(UserValidation.java:45)
	at com.bridgelab.junituservalidation.UserValidation.enterFirstName(UserValidation.java:45)
	at com.bridgelab.junituservalidation.UserValidation.enterFirstName(UserValidation.java:45)
	at com.bridgelab.junituservalidation.UserValidation.enterFirstName(UserValidation.java:45)
	at com.bridgelab.junituservalidation.UserValidation.enterFirstName(UserValidation.java:45)
	at com.bridgelab.junituservalidation.UserValidation.enterFirstName(UserValidation.java:45)
	at com.bridgelab.junituservalidation.UserValidation.enterFirstName(UserValidation.java:45)
	at com.bridgelab.junituservalidation.UserValidation.enterFirstName(UserValidation.java:45)
	at com.bridgelab.junituservalidation.UserValidation.enterFirstName(UserValidation.java:45)
	at com.bridgelab.junituservalidation.UserValidation.enterFirstName(UserValidation.java:45)
	at com.bridgelab.junituservalidation.UserValidation.enterFirstName(UserValidation.java:45)
	at com.bridgelab.junituservalidation.UserValidation.enterFirstName(UserValidation.java:45)
	at com.bridgelab.junituservalidation.UserValidation.enterFirstName(UserValidation.java:45)
	at com.bridgelab.junituservalidation.UserValidation.enterFirstName(UserValidation.java:45)
	at com.bridgelab.junituservalidation.UserValidation.enterFirstName(UserValidation.java:45)
	at com.bridgelab.junituservalidation.UserValidation.enterFirstName(UserValidation.java:45)
	at com.bridgelab.junituservalidation.UserValidation.enterFirstName(UserValidation.java:45)
	at com.bridgelab.junituservalidation.UserValidation.enterFirstName(UserValidation.java:45)
	at com.bridgelab.junituservalidation.UserValidation.enterFirstName(UserValidation.java:45)
	at com.bridgelab.junituservalidation.UserValidation.enterFirstName(UserValidation.java:45)
	at com.bridgelab.junituservalidation.UserValidation.enterFirstName(UserValidation.java:45)
	at com.bridgelab.junituservalidation.UserValidation.enterFirstName(UserValidation.java:45)
	at com.bridgelab.junituservalidation.UserValidation.enterFirstName(UserValidation.java:45)
	at com.bridgelab.junituservalidation.UserValidation.enterFirstName(UserValidation.java:45)
	at com.bridgelab.junituservalidation.UserValidation.enterFirstName(UserValidation.java:45)
	at com.bridgelab.junituservalidation.UserValidation.enterFirstName(UserValidation.java:45)
	at com.bridgelab.junituservalidation.UserValidation.enterFirstName(UserValidation.java:45)
	at com.bridgelab.junituservalidation.UserValidation.enterFirstName(UserValidation.java:45)
	at com.bridgelab.junituservalidation.UserValidation.enterFirstName(UserValidation.java:45)
	at com.bridgelab.junituservalidation.UserValidation.enterFirstName(UserValidation.java:45)
	at com.bridgelab.junituservalidation.UserValidation.enterFirstName(UserValidation.java:45)
	at com.bridgelab.junituservalidation.UserValidation.enterFirstName(UserValidation.java:45)
	at com.bridgelab.junituservalidation.UserValidation.enterFirstName(UserValidation.java:45)
	at com.bridgelab.junituservalidation.UserValidation.enterFirstName(UserValidation.java:45)
	at com.bridgelab.junituservalidation.UserValidation.enterFirstName(UserValidation.java:45)
	at com.bridgelab.junituservalidation.UserValidation.enterFirstName(UserValidation.java:45)
	at com.bridgelab.junituservalidation.UserValidation.enterFirstName(UserValidation.java:45)
	at com.bridgelab.junituservalidation.UserValidation.enterFirstName(UserValidation.java:45)
	at com.bridgelab.junituservalidation.UserValidation.enterFirstName(UserValidation.java:45)
	at com.bridgelab.junituservalidation.UserValidation.enterFirstName(UserValidation.java:45)
	at com.bridgelab.junituservalidation.UserValidation.enterFirstName(UserValidation.java:45)
	at com.bridgelab.junituservalidation.UserValidation.enterFirstName(UserValidation.java:45)
	at com.bridgelab.junituservalidation.UserValidation.enterFirstName(UserValidation.java:45)
	at com.bridgelab.junituservalidation.UserValidation.enterFirstName(UserValidation.java:45)
	at com.bridgelab.junituservalidation.UserValidation.enterFirstName(UserValidation.java:45)
	at com.bridgelab.junituservalidation.UserValidation.enterFirstName(UserValidation.java:45)
	at com.bridgelab.junituservalidation.UserValidation.enterFirstName(UserValidation.java:45)
	at com.bridgelab.junituservalidation.UserValidation.enterFirstName(UserValidation.java:45)
	at com.bridgelab.junituservalidation.UserValidation.enterFirstName(UserValidation.java:45)
	at com.bridgelab.junituservalidation.UserValidation.enterFirstName(UserValidation.java:45)
	at com.bridgelab.junituservalidation.UserValidation.enterFirstName(UserValidation.java:45)
	at com.bridgelab.junituservalidation.UserValidation.enterFirstName(UserValidation.java:45)
	at com.bridgelab.junituservalidation.UserValidation.enterFirstName(UserValidation.java:45)
	at com.bridgelab.junituservalidation.UserValidation.enterFirstName(UserValidation.java:45)
	at com.bridgelab.junituservalidation.UserValidation.enterFirstName(UserValidation.java:45)
	at com.bridgelab.junituservalidation.UserValidation.enterFirstName(UserValidation.java:45)
	at com.bridgelab.junituservalidation.UserValidation.enterFirstName(UserValidation.java:45)
	at com.bridgelab.junituservalidation.UserValidation.enterFirstName(UserValidation.java:45)
	at com.bridgelab.junituservalidation.UserValidation.enterFirstName(UserValidation.java:45)
	at com.bridgelab.junituservalidation.UserValidation.enterFirstName(UserValidation.java:45)
	at com.bridgelab.junituservalidation.UserValidation.enterFirstName(UserValidation.java:45)
	at com.bridgelab.junituservalidation.UserValidation.enterFirstName(UserValidation.java:45)
	at com.bridgelab.junituservalidation.UserValidation.enterFirstName(UserValidation.java:45)
	at com.bridgelab.junituservalidation.UserValidation.enterFirstName(UserValidation.java:45)
	at com.bridgelab.junituservalidation.UserValidation.enterFirstName(UserValidation.java:45)
	at com.bridgelab.junituservalidation.UserValidation.enterFirstName(UserValidation.java:45)
	at com.bridgelab.junituservalidation.UserValidation.enterFirstName(UserValidation.java:45)
	at com.bridgelab.junituservalidation.UserValidation.enterFirstName(UserValidation.java:45)
	at com.bridgelab.junituservalidation.UserValidation.enterFirstName(UserValidation.java:45)
	at com.bridgelab.junituservalidation.UserValidation.enterFirstName(UserValidation.java:45)
	at com.bridgelab.junituservalidation.UserValidation.enterFirstName(UserValidation.java:45)
	at com.bridgelab.junituservalidation.UserValidation.enterFirstName(UserValidation.java:45)
	at com.bridgelab.junituservalidation.UserValidation.enterFirstName(UserValidation.java:45)
	at com.bridgelab.junituservalidation.UserValidation.enterFirstName(UserValidation.java:45)
	at com.bridgelab.junituservalidation.UserValidation.enterFirstName(UserValidation.java:45)
	at com.bridgelab.junituservalidation.UserValidation.enterFirstName(UserValidation.java:45)
	at com.bridgelab.junituservalidation.UserValidation.enterFirstName(UserValidation.java:45)
	at com.bridgelab.junituservalidation.UserValidation.enterFirstName(UserValidation.java:45)
	at com.bridgelab.junituservalidation.UserValidation.enterFirstName(UserValidation.java:45)
	at com.bridgelab.junituservalidation.UserValidation.enterFirstName(UserValidation.java:45)
	at com.bridgelab.junituservalidation.UserValidation.enterFirstName(UserValidation.java:45)
	at com.bridgelab.junituservalidation.UserValidation.enterFirstName(UserValidation.java:45)
	at com.bridgelab.junituservalidation.UserValidation.enterFirstName(UserValidation.java:45)
	at com.bridgelab.junituservalidation.UserValidation.enterFirstName(UserValidation.java:45)
	at com.bridgelab.junituservalidation.UserValidation.enterFirstName(UserValidation.java:45)
	at com.bridgelab.junituservalidation.UserValidation.enterFirstName(UserValidation.java:45)
</failure>
  </testcase>
  <testcase name="givenFirstName_WhenFistCharacterSmall_ShouldReturnFalse()" classname="com.bridgelab.jubituservalidationtesting.JunitTestingUserRegistrationValidation" time="0.084">
    <failure message="java.lang.StackOverflowError" type="java.lang.StackOverflowError">java.lang.StackOverflowError
	at org.gradle.internal.remote.internal.hub.MessageHub$ChannelDispatch.dispatch(MessageHub.java:370)
	at org.gradle.internal.dispatch.ProxyDispatchAdapter$DispatchingInvocationHandler.invoke(ProxyDispatchAdapter.java:94)
	at jdk.proxy1/jdk.proxy1.$Proxy3.output(Unknown Source)
	at org.gradle.api.internal.tasks.testing.processors.TestOutputRedirector$Forwarder.onOutput(TestOutputRedirector.java:75)
	at org.gradle.api.internal.tasks.testing.processors.DefaultStandardOutputRedirector$WriteAction.text(DefaultStandardOutputRedirector.java:89)
	at org.gradle.internal.io.LineBufferingOutputStream.flush(LineBufferingOutputStream.java:96)
	at org.gradle.internal.io.LineBufferingOutputStream.write(LineBufferingOutputStream.java:80)
	at java.base/java.io.OutputStream.write(OutputStream.java:162)
	at java.base/java.io.PrintStream.write(PrintStream.java:568)
	at java.base/sun.nio.cs.StreamEncoder.writeBytes(StreamEncoder.java:242)
	at java.base/sun.nio.cs.StreamEncoder.implFlushBuffer(StreamEncoder.java:321)
	at java.base/sun.nio.cs.StreamEncoder.flushBuffer(StreamEncoder.java:110)
	at java.base/java.io.OutputStreamWriter.flushBuffer(OutputStreamWriter.java:178)
	at java.base/java.io.PrintStream.write(PrintStream.java:699)
	at java.base/java.io.PrintStream.print(PrintStream.java:863)
	at org.gradle.internal.io.LinePerThreadBufferingOutputStream.print(LinePerThreadBufferingOutputStream.java:143)
	at com.bridgelab.junituservalidation.UserValidation.enterFirstName(UserValidation.java:43)
	at com.bridgelab.junituservalidation.UserValidation.enterFirstName(UserValidation.java:45)
	at com.bridgelab.junituservalidation.UserValidation.enterFirstName(UserValidation.java:45)
	at com.bridgelab.junituservalidation.UserValidation.enterFirstName(UserValidation.java:45)
	at com.bridgelab.junituservalidation.UserValidation.enterFirstName(UserValidation.java:45)
	at com.bridgelab.junituservalidation.UserValidation.enterFirstName(UserValidation.java:45)
	at com.bridgelab.junituservalidation.UserValidation.enterFirstName(UserValidation.java:45)
	at com.bridgelab.junituservalidation.UserValidation.enterFirstName(UserValidation.java:45)
	at com.bridgelab.junituservalidation.UserValidation.enterFirstName(UserValidation.java:45)
	at com.bridgelab.junituservalidation.UserValidation.enterFirstName(UserValidation.java:45)
	at com.bridgelab.junituservalidation.UserValidation.enterFirstName(UserValidation.java:45)
	at com.bridgelab.junituservalidation.UserValidation.enterFirstName(UserValidation.java:45)
	at com.bridgelab.junituservalidation.UserValidation.enterFirstName(UserValidation.java:45)
	at com.bridgelab.junituservalidation.UserValidation.enterFirstName(UserValidation.java:45)
	at com.bridgelab.junituservalidation.UserValidation.enterFirstName(UserValidation.java:45)
	at com.bridgelab.junituservalidation.UserValidation.enterFirstName(UserValidation.java:45)
	at com.bridgelab.junituservalidation.UserValidation.enterFirstName(UserValidation.java:45)
	at com.bridgelab.junituservalidation.UserValidation.enterFirstName(UserValidation.java:45)
	at com.bridgelab.junituservalidation.UserValidation.enterFirstName(UserValidation.java:45)
	at com.bridgelab.junituservalidation.UserValidation.enterFirstName(UserValidation.java:45)
	at com.bridgelab.junituservalidation.UserValidation.enterFirstName(UserValidation.java:45)
	at com.bridgelab.junituservalidation.UserValidation.enterFirstName(UserValidation.java:45)
	at com.bridgelab.junituservalidation.UserValidation.enterFirstName(UserValidation.java:45)
	at com.bridgelab.junituservalidation.UserValidation.enterFirstName(UserValidation.java:45)
	at com.bridgelab.junituservalidation.UserValidation.enterFirstName(UserValidation.java:45)
	at com.bridgelab.junituservalidation.UserValidation.enterFirstName(UserValidation.java:45)
	at com.bridgelab.junituservalidation.UserValidation.enterFirstName(UserValidation.java:45)
	at com.bridgelab.junituservalidation.UserValidation.enterFirstName(UserValidation.java:45)
	at com.bridgelab.junituservalidation.UserValidation.enterFirstName(UserValidation.java:45)
	at com.bridgelab.junituservalidation.UserValidation.enterFirstName(UserValidation.java:45)
	at com.bridgelab.junituservalidation.UserValidation.enterFirstName(UserValidation.java:45)
	at com.bridgelab.junituservalidation.UserValidation.enterFirstName(UserValidation.java:45)
	at com.bridgelab.junituservalidation.UserValidation.enterFirstName(UserValidation.java:45)
	at com.bridgelab.junituservalidation.UserValidation.enterFirstName(UserValidation.java:45)
	at com.bridgelab.junituservalidation.UserValidation.enterFirstName(UserValidation.java:45)
	at com.bridgelab.junituservalidation.UserValidation.enterFirstName(UserValidation.java:45)
	at com.bridgelab.junituservalidation.UserValidation.enterFirstName(UserValidation.java:45)
	at com.bridgelab.junituservalidation.UserValidation.enterFirstName(UserValidation.java:45)
	at com.bridgelab.junituservalidation.UserValidation.enterFirstName(UserValidation.java:45)
	at com.bridgelab.junituservalidation.UserValidation.enterFirstName(UserValidation.java:45)
	at com.bridgelab.junituservalidation.UserValidation.enterFirstName(UserValidation.java:45)
	at com.bridgelab.junituservalidation.UserValidation.enterFirstName(UserValidation.java:45)
	at com.bridgelab.junituservalidation.UserValidation.enterFirstName(UserValidation.java:45)
	at com.bridgelab.junituservalidation.UserValidation.enterFirstName(UserValidation.java:45)
	at com.bridgelab.junituservalidation.UserValidation.enterFirstName(UserValidation.java:45)
	at com.bridgelab.junituservalidation.UserValidation.enterFirstName(UserValidation.java:45)
	at com.bridgelab.junituservalidation.UserValidation.enterFirstName(UserValidation.java:45)
	at com.bridgelab.junituservalidation.UserValidation.enterFirstName(UserValidation.java:45)
	at com.bridgelab.junituservalidation.UserValidation.enterFirstName(UserValidation.java:45)
	at com.bridgelab.junituservalidation.UserValidation.enterFirstName(UserValidation.java:45)
	at com.bridgelab.junituservalidation.UserValidation.enterFirstName(UserValidation.java:45)
	at com.bridgelab.junituservalidation.UserValidation.enterFirstName(UserValidation.java:45)
	at com.bridgelab.junituservalidation.UserValidation.enterFirstName(UserValidation.java:45)
	at com.bridgelab.junituservalidation.UserValidation.enterFirstName(UserValidation.java:45)
	at com.bridgelab.junituservalidation.UserValidation.enterFirstName(UserValidation.java:45)
	at com.bridgelab.junituservalidation.UserValidation.enterFirstName(UserValidation.java:45)
	at com.bridgelab.junituservalidation.UserValidation.enterFirstName(UserValidation.java:45)
	at com.bridgelab.junituservalidation.UserValidation.enterFirstName(UserValidation.java:45)
	at com.bridgelab.junituservalidation.UserValidation.enterFirstName(UserValidation.java:45)
	at com.bridgelab.junituservalidation.UserValidation.enterFirstName(UserValidation.java:45)
	at com.bridgelab.junituservalidation.UserValidation.enterFirstName(UserValidation.java:45)
	at com.bridgelab.junituservalidation.UserValidation.enterFirstName(UserValidation.java:45)
	at com.bridgelab.junituservalidation.UserValidation.enterFirstName(UserValidation.java:45)
	at com.bridgelab.junituservalidation.UserValidation.enterFirstName(UserValidation.java:45)
	at com.bridgelab.junituservalidation.UserValidation.enterFirstName(UserValidation.java:45)
	at com.bridgelab.junituservalidation.UserValidation.enterFirstName(UserValidation.java:45)
	at com.bridgelab.junituservalidation.UserValidation.enterFirstName(UserValidation.java:45)
	at com.bridgelab.junituservalidation.UserValidation.enterFirstName(UserValidation.java:45)
	at com.bridgelab.junituservalidation.UserValidation.enterFirstName(UserValidation.java:45)
	at com.bridgelab.junituservalidation.UserValidation.enterFirstName(UserValidation.java:45)
	at com.bridgelab.junituservalidation.UserValidation.enterFirstName(UserValidation.java:45)
	at com.bridgelab.junituservalidation.UserValidation.enterFirstName(UserValidation.java:45)
	at com.bridgelab.junituservalidation.UserValidation.enterFirstName(UserValidation.java:45)
	at com.bridgelab.junituservalidation.UserValidation.enterFirstName(UserValidation.java:45)
	at com.bridgelab.junituservalidation.UserValidation.enterFirstName(UserValidation.java:45)
	at com.bridgelab.junituservalidation.UserValidation.enterFirstName(UserValidation.java:45)
	at com.bridgelab.junituservalidation.UserValidation.enterFirstName(UserValidation.java:45)
	at com.bridgelab.junituservalidation.UserValidation.enterFirstName(UserValidation.java:45)
	at com.bridgelab.junituservalidation.UserValidation.enterFirstName(UserValidation.java:45)
	at com.bridgelab.junituservalidation.UserValidation.enterFirstName(UserValidation.java:45)
	at com.bridgelab.junituservalidation.UserValidation.enterFirstName(UserValidation.java:45)
	at com.bridgelab.junituservalidation.UserValidation.enterFirstName(UserValidation.java:45)
	at com.bridgelab.junituservalidation.UserValidation.enterFirstName(UserValidation.java:45)
	at com.bridgelab.junituservalidation.UserValidation.enterFirstName(UserValidation.java:45)
	at com.bridgelab.junituservalidation.UserValidation.enterFirstName(UserValidation.java:45)
	at com.bridgelab.junituservalidation.UserValidation.enterFirstName(UserValidation.java:45)
	at com.bridgelab.junituservalidation.UserValidation.enterFirstName(UserValidation.java:45)
	at com.bridgelab.junituservalidation.UserValidation.enterFirstName(UserValidation.java:45)
	at com.bridgelab.junituservalidation.UserValidation.enterFirstName(UserValidation.java:45)
	at com.bridgelab.junituservalidation.UserValidation.enterFirstName(UserValidation.java:45)
	at com.bridgelab.junituservalidation.UserValidation.enterFirstName(UserValidation.java:45)
	at com.bridgelab.junituservalidation.UserValidation.enterFirstName(UserValidation.java:45)
	at com.bridgelab.junituservalidation.UserValidation.enterFirstName(UserValidation.java:45)
	at com.bridgelab.junituservalidation.UserValidation.enterFirstName(UserValidation.java:45)
	at com.bridgelab.junituservalidation.UserValidation.enterFirstName(UserValidation.java:45)
	at com.bridgelab.junituservalidation.UserValidation.enterFirstName(UserValidation.java:45)
	at com.bridgelab.junituservalidation.UserValidation.enterFirstName(UserValidation.java:45)
	at com.bridgelab.junituservalidation.UserValidation.enterFirstName(UserValidation.java:45)
	at com.bridgelab.junituservalidation.UserValidation.enterFirstName(UserValidation.java:45)
	at com.bridgelab.junituservalidation.UserValidation.enterFirstName(UserValidation.java:45)
	at com.bridgelab.junituservalidation.UserValidation.enterFirstName(UserValidation.java:45)
	at com.bridgelab.junituservalidation.UserValidation.enterFirstName(UserValidation.java:45)
	at com.bridgelab.junituservalidation.UserValidation.enterFirstName(UserValidation.java:45)
	at com.bridgelab.junituservalidation.UserValidation.enterFirstName(UserValidation.java:45)
	at com.bridgelab.junituservalidation.UserValidation.enterFirstName(UserValidation.java:45)
	at com.bridgelab.junituservalidation.UserValidation.enterFirstName(UserValidation.java:45)
	at com.bridgelab.junituservalidation.UserValidation.enterFirstName(UserValidation.java:45)
	at com.bridgelab.junituservalidation.UserValidation.enterFirstName(UserValidation.java:45)
	at com.bridgelab.junituservalidation.UserValidation.enterFirstName(UserValidation.java:45)
	at com.bridgelab.junituservalidation.UserValidation.enterFirstName(UserValidation.java:45)
	at com.bridgelab.junituservalidation.UserValidation.enterFirstName(UserValidation.java:45)
	at com.bridgelab.junituservalidation.UserValidation.enterFirstName(UserValidation.java:45)
	at com.bridgelab.junituservalidation.UserValidation.enterFirstName(UserValidation.java:45)
	at com.bridgelab.junituservalidation.UserValidation.enterFirstName(UserValidation.java:45)
	at com.bridgelab.junituservalidation.UserValidation.enterFirstName(UserValidation.java:45)
	at com.bridgelab.junituservalidation.UserValidation.enterFirstName(UserValidation.java:45)
	at com.bridgelab.junituservalidation.UserValidation.enterFirstName(UserValidation.java:45)
	at com.bridgelab.junituservalidation.UserValidation.enterFirstName(UserValidation.java:45)
	at com.bridgelab.junituservalidation.UserValidation.enterFirstName(UserValidation.java:45)
	at com.bridgelab.junituservalidation.UserValidation.enterFirstName(UserValidation.java:45)
	at com.bridgelab.junituservalidation.UserValidation.enterFirstName(UserValidation.java:45)
	at com.bridgelab.junituservalidation.UserValidation.enterFirstName(UserValidation.java:45)
	at com.bridgelab.junituservalidation.UserValidation.enterFirstName(UserValidation.java:45)
	at com.bridgelab.junituservalidation.UserValidation.enterFirstName(UserValidation.java:45)
	at com.bridgelab.junituservalidation.UserValidation.enterFirstName(UserValidation.java:45)
	at com.bridgelab.junituservalidation.UserValidation.enterFirstName(UserValidation.java:45)
	at com.bridgelab.junituservalidation.UserValidation.enterFirstName(UserValidation.java:45)
	at com.bridgelab.junituservalidation.UserValidation.enterFirstName(UserValidation.java:45)
	at com.bridgelab.junituservalidation.UserValidation.enterFirstName(UserValidation.java:45)
	at com.bridgelab.junituservalidation.UserValidation.enterFirstName(UserValidation.java:45)
	at com.bridgelab.junituservalidation.UserValidation.enterFirstName(UserValidation.java:45)
	at com.bridgelab.junituservalidation.UserValidation.enterFirstName(UserValidation.java:45)
	at com.bridgelab.junituservalidation.UserValidation.enterFirstName(UserValidation.java:45)
	at com.bridgelab.junituservalidation.UserValidation.enterFirstName(UserValidation.java:45)
	at com.bridgelab.junituservalidation.UserValidation.enterFirstName(UserValidation.java:45)
	at com.bridgelab.junituservalidation.UserValidation.enterFirstName(UserValidation.java:45)
	at com.bridgelab.junituservalidation.UserValidation.enterFirstName(UserValidation.java:45)
	at com.bridgelab.junituservalidation.UserValidation.enterFirstName(UserValidation.java:45)
	at com.bridgelab.junituservalidation.UserValidation.enterFirstName(UserValidation.java:45)
	at com.bridgelab.junituservalidation.UserValidation.enterFirstName(UserValidation.java:45)
	at com.bridgelab.junituservalidation.UserValidation.enterFirstName(UserValidation.java:45)
	at com.bridgelab.junituservalidation.UserValidation.enterFirstName(UserValidation.java:45)
	at com.bridgelab.junituservalidation.UserValidation.enterFirstName(UserValidation.java:45)
	at com.bridgelab.junituservalidation.UserValidation.enterFirstName(UserValidation.java:45)
	at com.bridgelab.junituservalidation.UserValidation.enterFirstName(UserValidation.java:45)
	at com.bridgelab.junituservalidation.UserValidation.enterFirstName(UserValidation.java:45)
	at com.bridgelab.junituservalidation.UserValidation.enterFirstName(UserValidation.java:45)
	at com.bridgelab.junituservalidation.UserValidation.enterFirstName(UserValidation.java:45)
	at com.bridgelab.junituservalidation.UserValidation.enterFirstName(UserValidation.java:45)
	at com.bridgelab.junituservalidation.UserValidation.enterFirstName(UserValidation.java:45)
	at com.bridgelab.junituservalidation.UserValidation.enterFirstName(UserValidation.java:45)
	at com.bridgelab.junituservalidation.UserValidation.enterFirstName(UserValidation.java:45)
	at com.bridgelab.junituservalidation.UserValidation.enterFirstName(UserValidation.java:45)
	at com.bridgelab.junituservalidation.UserValidation.enterFirstName(UserValidation.java:45)
	at com.bridgelab.junituservalidation.UserValidation.enterFirstName(UserValidation.java:45)
	at com.bridgelab.junituservalidation.UserValidation.enterFirstName(UserValidation.java:45)
	at com.bridgelab.junituservalidation.UserValidation.enterFirstName(UserValidation.java:45)
	at com.bridgelab.junituservalidation.UserValidation.enterFirstName(UserValidation.java:45)
	at com.bridgelab.junituservalidation.UserValidation.enterFirstName(UserValidation.java:45)
	at com.bridgelab.junituservalidation.UserValidation.enterFirstName(UserValidation.java:45)
	at com.bridgelab.junituservalidation.UserValidation.enterFirstName(UserValidation.java:45)
	at com.bridgelab.junituservalidation.UserValidation.enterFirstName(UserValidation.java:45)
	at com.bridgelab.junituservalidation.UserValidation.enterFirstName(UserValidation.java:45)
	at com.bridgelab.junituservalidation.UserValidation.enterFirstName(UserValidation.java:45)
	at com.bridgelab.junituservalidation.UserValidation.enterFirstName(UserValidation.java:45)
	at com.bridgelab.junituservalidation.UserValidation.enterFirstName(UserValidation.java:45)
	at com.bridgelab.junituservalidation.UserValidation.enterFirstName(UserValidation.java:45)
	at com.bridgelab.junituservalidation.UserValidation.enterFirstName(UserValidation.java:45)
	at com.bridgelab.junituservalidation.UserValidation.enterFirstName(UserValidation.java:45)
	at com.bridgelab.junituservalidation.UserValidation.enterFirstName(UserValidation.java:45)
	at com.bridgelab.junituservalidation.UserValidation.enterFirstName(UserValidation.java:45)
	at com.bridgelab.junituservalidation.UserValidation.enterFirstName(UserValidation.java:45)
	at com.bridgelab.junituservalidation.UserValidation.enterFirstName(UserValidation.java:45)
	at com.bridgelab.junituservalidation.UserValidation.enterFirstName(UserValidation.java:45)
	at com.bridgelab.junituservalidation.UserValidation.enterFirstName(UserValidation.java:45)
	at com.bridgelab.junituservalidation.UserValidation.enterFirstName(UserValidation.java:45)
	at com.bridgelab.junituservalidation.UserValidation.enterFirstName(UserValidation.java:45)
	at com.bridgelab.junituservalidation.UserValidation.enterFirstName(UserValidation.java:45)
	at com.bridgelab.junituservalidation.UserValidation.enterFirstName(UserValidation.java:45)
	at com.bridgelab.junituservalidation.UserValidation.enterFirstName(UserValidation.java:45)
	at com.bridgelab.junituservalidation.UserValidation.enterFirstName(UserValidation.java:45)
	at com.bridgelab.junituservalidation.UserValidation.enterFirstName(UserValidation.java:45)
	at com.bridgelab.junituservalidation.UserValidation.enterFirstName(UserValidation.java:45)
	at com.bridgelab.junituservalidation.UserValidation.enterFirstName(UserValidation.java:45)
	at com.bridgelab.junituservalidation.UserValidation.enterFirstName(UserValidation.java:45)
	at com.bridgelab.junituservalidation.UserValidation.enterFirstName(UserValidation.java:45)
	at com.bridgelab.junituservalidation.UserValidation.enterFirstName(UserValidation.java:45)
	at com.bridgelab.junituservalidation.UserValidation.enterFirstName(UserValidation.java:45)
	at com.bridgelab.junituservalidation.UserValidation.enterFirstName(UserValidation.java:45)
	at com.bridgelab.junituservalidation.UserValidation.enterFirstName(UserValidation.java:45)
	at com.bridgelab.junituservalidation.UserValidation.enterFirstName(UserValidation.java:45)
	at com.bridgelab.junituservalidation.UserValidation.enterFirstName(UserValidation.java:45)
	at com.bridgelab.junituservalidation.UserValidation.enterFirstName(UserValidation.java:45)
	at com.bridgelab.junituservalidation.UserValidation.enterFirstName(UserValidation.java:45)
	at com.bridgelab.junituservalidation.UserValidation.enterFirstName(UserValidation.java:45)
	at com.bridgelab.junituservalidation.UserValidation.enterFirstName(UserValidation.java:45)
	at com.bridgelab.junituservalidation.UserValidation.enterFirstName(UserValidation.java:45)
	at com.bridgelab.junituservalidation.UserValidation.enterFirstName(UserValidation.java:45)
	at com.bridgelab.junituservalidation.UserValidation.enterFirstName(UserValidation.java:45)
	at com.bridgelab.junituservalidation.UserValidation.enterFirstName(UserValidation.java:45)
	at com.bridgelab.junituservalidation.UserValidation.enterFirstName(UserValidation.java:45)
	at com.bridgelab.junituservalidation.UserValidation.enterFirstName(UserValidation.java:45)
	at com.bridgelab.junituservalidation.UserValidation.enterFirstName(UserValidation.java:45)
	at com.bridgelab.junituservalidation.UserValidation.enterFirstName(UserValidation.java:45)
	at com.bridgelab.junituservalidation.UserValidation.enterFirstName(UserValidation.java:45)
	at com.bridgelab.junituservalidation.UserValidation.enterFirstName(UserValidation.java:45)
	at com.bridgelab.junituservalidation.UserValidation.enterFirstName(UserValidation.java:45)
	at com.bridgelab.junituservalidation.UserValidation.enterFirstName(UserValidation.java:45)
	at com.bridgelab.junituservalidation.UserValidation.enterFirstName(UserValidation.java:45)
	at com.bridgelab.junituservalidation.UserValidation.enterFirstName(UserValidation.java:45)
	at com.bridgelab.junituservalidation.UserValidation.enterFirstName(UserValidation.java:45)
	at com.bridgelab.junituservalidation.UserValidation.enterFirstName(UserValidation.java:45)
	at com.bridgelab.junituservalidation.UserValidation.enterFirstName(UserValidation.java:45)
	at com.bridgelab.junituservalidation.UserValidation.enterFirstName(UserValidation.java:45)
	at com.bridgelab.junituservalidation.UserValidation.enterFirstName(UserValidation.java:45)
	at com.bridgelab.junituservalidation.UserValidation.enterFirstName(UserValidation.java:45)
	at com.bridgelab.junituservalidation.UserValidation.enterFirstName(UserValidation.java:45)
	at com.bridgelab.junituservalidation.UserValidation.enterFirstName(UserValidation.java:45)
	at com.bridgelab.junituservalidation.UserValidation.enterFirstName(UserValidation.java:45)
	at com.bridgelab.junituservalidation.UserValidation.enterFirstName(UserValidation.java:45)
	at com.bridgelab.junituservalidation.UserValidation.enterFirstName(UserValidation.java:45)
	at com.bridgelab.junituservalidation.UserValidation.enterFirstName(UserValidation.java:45)
	at com.bridgelab.junituservalidation.UserValidation.enterFirstName(UserValidation.java:45)
	at com.bridgelab.junituservalidation.UserValidation.enterFirstName(UserValidation.java:45)
	at com.bridgelab.junituservalidation.UserValidation.enterFirstName(UserValidation.java:45)
	at com.bridgelab.junituservalidation.UserValidation.enterFirstName(UserValidation.java:45)
	at com.bridgelab.junituservalidation.UserValidation.enterFirstName(UserValidation.java:45)
	at com.bridgelab.junituservalidation.UserValidation.enterFirstName(UserValidation.java:45)
	at com.bridgelab.junituservalidation.UserValidation.enterFirstName(UserValidation.java:45)
	at com.bridgelab.junituservalidation.UserValidation.enterFirstName(UserValidation.java:45)
	at com.bridgelab.junituservalidation.UserValidation.enterFirstName(UserValidation.java:45)
	at com.bridgelab.junituservalidation.UserValidation.enterFirstName(UserValidation.java:45)
	at com.bridgelab.junituservalidation.UserValidation.enterFirstName(UserValidation.java:45)
	at com.bridgelab.junituservalidation.UserValidation.enterFirstName(UserValidation.java:45)
	at com.bridgelab.junituservalidation.UserValidation.enterFirstName(UserValidation.java:45)
	at com.bridgelab.junituservalidation.UserValidation.enterFirstName(UserValidation.java:45)
	at com.bridgelab.junituservalidation.UserValidation.enterFirstName(UserValidation.java:45)
	at com.bridgelab.junituservalidation.UserValidation.enterFirstName(UserValidation.java:45)
	at com.bridgelab.junituservalidation.UserValidation.enterFirstName(UserValidation.java:45)
	at com.bridgelab.junituservalidation.UserValidation.enterFirstName(UserValidation.java:45)
	at com.bridgelab.junituservalidation.UserValidation.enterFirstName(UserValidation.java:45)
	at com.bridgelab.junituservalidation.UserValidation.enterFirstName(UserValidation.java:45)
	at com.bridgelab.junituservalidation.UserValidation.enterFirstName(UserValidation.java:45)
	at com.bridgelab.junituservalidation.UserValidation.enterFirstName(UserValidation.java:45)
	at com.bridgelab.junituservalidation.UserValidation.enterFirstName(UserValidation.java:45)
	at com.bridgelab.junituservalidation.UserValidation.enterFirstName(UserValidation.java:45)
	at com.bridgelab.junituservalidation.UserValidation.enterFirstName(UserValidation.java:45)
	at com.bridgelab.junituservalidation.UserValidation.enterFirstName(UserValidation.java:45)
	at com.bridgelab.junituservalidation.UserValidation.enterFirstName(UserValidation.java:45)
	at com.bridgelab.junituservalidation.UserValidation.enterFirstName(UserValidation.java:45)
	at com.bridgelab.junituservalidation.UserValidation.enterFirstName(UserValidation.java:45)
	at com.bridgelab.junituservalidation.UserValidation.enterFirstName(UserValidation.java:45)
	at com.bridgelab.junituservalidation.UserValidation.enterFirstName(UserValidation.java:45)
	at com.bridgelab.junituservalidation.UserValidation.enterFirstName(UserValidation.java:45)
	at com.bridgelab.junituservalidation.UserValidation.enterFirstName(UserValidation.java:45)
	at com.bridgelab.junituservalidation.UserValidation.enterFirstName(UserValidation.java:45)
	at com.bridgelab.junituservalidation.UserValidation.enterFirstName(UserValidation.java:45)
	at com.bridgelab.junituservalidation.UserValidation.enterFirstName(UserValidation.java:45)
	at com.bridgelab.junituservalidation.UserValidation.enterFirstName(UserValidation.java:45)
	at com.bridgelab.junituservalidation.UserValidation.enterFirstName(UserValidation.java:45)
	at com.bridgelab.junituservalidation.UserValidation.enterFirstName(UserValidation.java:45)
	at com.bridgelab.junituservalidation.UserValidation.enterFirstName(UserValidation.java:45)
	at com.bridgelab.junituservalidation.UserValidation.enterFirstName(UserValidation.java:45)
	at com.bridgelab.junituservalidation.UserValidation.enterFirstName(UserValidation.java:45)
	at com.bridgelab.junituservalidation.UserValidation.enterFirstName(UserValidation.java:45)
	at com.bridgelab.junituservalidation.UserValidation.enterFirstName(UserValidation.java:45)
	at com.bridgelab.junituservalidation.UserValidation.enterFirstName(UserValidation.java:45)
	at com.bridgelab.junituservalidation.UserValidation.enterFirstName(UserValidation.java:45)
	at com.bridgelab.junituservalidation.UserValidation.enterFirstName(UserValidation.java:45)
	at com.bridgelab.junituservalidation.UserValidation.enterFirstName(UserValidation.java:45)
	at com.bridgelab.junituservalidation.UserValidation.enterFirstName(UserValidation.java:45)
	at com.bridgelab.junituservalidation.UserValidation.enterFirstName(UserValidation.java:45)
	at com.bridgelab.junituservalidation.UserValidation.enterFirstName(UserValidation.java:45)
	at com.bridgelab.junituservalidation.UserValidation.enterFirstName(UserValidation.java:45)
	at com.bridgelab.junituservalidation.UserValidation.enterFirstName(UserValidation.java:45)
	at com.bridgelab.junituservalidation.UserValidation.enterFirstName(UserValidation.java:45)
	at com.bridgelab.junituservalidation.UserValidation.enterFirstName(UserValidation.java:45)
	at com.bridgelab.junituservalidation.UserValidation.enterFirstName(UserValidation.java:45)
	at com.bridgelab.junituservalidation.UserValidation.enterFirstName(UserValidation.java:45)
	at com.bridgelab.junituservalidation.UserValidation.enterFirstName(UserValidation.java:45)
	at com.bridgelab.junituservalidation.UserValidation.enterFirstName(UserValidation.java:45)
	at com.bridgelab.junituservalidation.UserValidation.enterFirstName(UserValidation.java:45)
	at com.bridgelab.junituservalidation.UserValidation.enterFirstName(UserValidation.java:45)
	at com.bridgelab.junituservalidation.UserValidation.enterFirstName(UserValidation.java:45)
	at com.bridgelab.junituservalidation.UserValidation.enterFirstName(UserValidation.java:45)
	at com.bridgelab.junituservalidation.UserValidation.enterFirstName(UserValidation.java:45)
	at com.bridgelab.junituservalidation.UserValidation.enterFirstName(UserValidation.java:45)
	at com.bridgelab.junituservalidation.UserValidation.enterFirstName(UserValidation.java:45)
	at com.bridgelab.junituservalidation.UserValidation.enterFirstName(UserValidation.java:45)
	at com.bridgelab.junituservalidation.UserValidation.enterFirstName(UserValidation.java:45)
	at com.bridgelab.junituservalidation.UserValidation.enterFirstName(UserValidation.java:45)
	at com.bridgelab.junituservalidation.UserValidation.enterFirstName(UserValidation.java:45)
	at com.bridgelab.junituservalidation.UserValidation.enterFirstName(UserValidation.java:45)
	at com.bridgelab.junituservalidation.UserValidation.enterFirstName(UserValidation.java:45)
	at com.bridgelab.junituservalidation.UserValidation.enterFirstName(UserValidation.java:45)
	at com.bridgelab.junituservalidation.UserValidation.enterFirstName(UserValidation.java:45)
	at com.bridgelab.junituservalidation.UserValidation.enterFirstName(UserValidation.java:45)
	at com.bridgelab.junituservalidation.UserValidation.enterFirstName(UserValidation.java:45)
	at com.bridgelab.junituservalidation.UserValidation.enterFirstName(UserValidation.java:45)
	at com.bridgelab.junituservalidation.UserValidation.enterFirstName(UserValidation.java:45)
	at com.bridgelab.junituservalidation.UserValidation.enterFirstName(UserValidation.java:45)
	at com.bridgelab.junituservalidation.UserValidation.enterFirstName(UserValidation.java:45)
	at com.bridgelab.junituservalidation.UserValidation.enterFirstName(UserValidation.java:45)
	at com.bridgelab.junituservalidation.UserValidation.enterFirstName(UserValidation.java:45)
	at com.bridgelab.junituservalidation.UserValidation.enterFirstName(UserValidation.java:45)
	at com.bridgelab.junituservalidation.UserValidation.enterFirstName(UserValidation.java:45)
	at com.bridgelab.junituservalidation.UserValidation.enterFirstName(UserValidation.java:45)
	at com.bridgelab.junituservalidation.UserValidation.enterFirstName(UserValidation.java:45)
	at com.bridgelab.junituservalidation.UserValidation.enterFirstName(UserValidation.java:45)
	at com.bridgelab.junituservalidation.UserValidation.enterFirstName(UserValidation.java:45)
	at com.bridgelab.junituservalidation.UserValidation.enterFirstName(UserValidation.java:45)
	at com.bridgelab.junituservalidation.UserValidation.enterFirstName(UserValidation.java:45)
	at com.bridgelab.junituservalidation.UserValidation.enterFirstName(UserValidation.java:45)
	at com.bridgelab.junituservalidation.UserValidation.enterFirstName(UserValidation.java:45)
	at com.bridgelab.junituservalidation.UserValidation.enterFirstName(UserValidation.java:45)
	at com.bridgelab.junituservalidation.UserValidation.enterFirstName(UserValidation.java:45)
	at com.bridgelab.junituservalidation.UserValidation.enterFirstName(UserValidation.java:45)
	at com.bridgelab.junituservalidation.UserValidation.enterFirstName(UserValidation.java:45)
	at com.bridgelab.junituservalidation.UserValidation.enterFirstName(UserValidation.java:45)
	at com.bridgelab.junituservalidation.UserValidation.enterFirstName(UserValidation.java:45)
	at com.bridgelab.junituservalidation.UserValidation.enterFirstName(UserValidation.java:45)
	at com.bridgelab.junituservalidation.UserValidation.enterFirstName(UserValidation.java:45)
	at com.bridgelab.junituservalidation.UserValidation.enterFirstName(UserValidation.java:45)
	at com.bridgelab.junituservalidation.UserValidation.enterFirstName(UserValidation.java:45)
	at com.bridgelab.junituservalidation.UserValidation.enterFirstName(UserValidation.java:45)
	at com.bridgelab.junituservalidation.UserValidation.enterFirstName(UserValidation.java:45)
	at com.bridgelab.junituservalidation.UserValidation.enterFirstName(UserValidation.java:45)
	at com.bridgelab.junituservalidation.UserValidation.enterFirstName(UserValidation.java:45)
	at com.bridgelab.junituservalidation.UserValidation.enterFirstName(UserValidation.java:45)
	at com.bridgelab.junituservalidation.UserValidation.enterFirstName(UserValidation.java:45)
	at com.bridgelab.junituservalidation.UserValidation.enterFirstName(UserValidation.java:45)
	at com.bridgelab.junituservalidation.UserValidation.enterFirstName(UserValidation.java:45)
	at com.bridgelab.junituservalidation.UserValidation.enterFirstName(UserValidation.java:45)
	at com.bridgelab.junituservalidation.UserValidation.enterFirstName(UserValidation.java:45)
	at com.bridgelab.junituservalidation.UserValidation.enterFirstName(UserValidation.java:45)
	at com.bridgelab.junituservalidation.UserValidation.enterFirstName(UserValidation.java:45)
	at com.bridgelab.junituservalidation.UserValidation.enterFirstName(UserValidation.java:45)
	at com.bridgelab.junituservalidation.UserValidation.enterFirstName(UserValidation.java:45)
	at com.bridgelab.junituservalidation.UserValidation.enterFirstName(UserValidation.java:45)
	at com.bridgelab.junituservalidation.UserValidation.enterFirstName(UserValidation.java:45)
	at com.bridgelab.junituservalidation.UserValidation.enterFirstName(UserValidation.java:45)
	at com.bridgelab.junituservalidation.UserValidation.enterFirstName(UserValidation.java:45)
	at com.bridgelab.junituservalidation.UserValidation.enterFirstName(UserValidation.java:45)
	at com.bridgelab.junituservalidation.UserValidation.enterFirstName(UserValidation.java:45)
	at com.bridgelab.junituservalidation.UserValidation.enterFirstName(UserValidation.java:45)
	at com.bridgelab.junituservalidation.UserValidation.enterFirstName(UserValidation.java:45)
	at com.bridgelab.junituservalidation.UserValidation.enterFirstName(UserValidation.java:45)
	at com.bridgelab.junituservalidation.UserValidation.enterFirstName(UserValidation.java:45)
	at com.bridgelab.junituservalidation.UserValidation.enterFirstName(UserValidation.java:45)
	at com.bridgelab.junituservalidation.UserValidation.enterFirstName(UserValidation.java:45)
	at com.bridgelab.junituservalidation.UserValidation.enterFirstName(UserValidation.java:45)
	at com.bridgelab.junituservalidation.UserValidation.enterFirstName(UserValidation.java:45)
	at com.bridgelab.junituservalidation.UserValidation.enterFirstName(UserValidation.java:45)
	at com.bridgelab.junituservalidation.UserValidation.enterFirstName(UserValidation.java:45)
	at com.bridgelab.junituservalidation.UserValidation.enterFirstName(UserValidation.java:45)
	at com.bridgelab.junituservalidation.UserValidation.enterFirstName(UserValidation.java:45)
	at com.bridgelab.junituservalidation.UserValidation.enterFirstName(UserValidation.java:45)
	at com.bridgelab.junituservalidation.UserValidation.enterFirstName(UserValidation.java:45)
	at com.bridgelab.junituservalidation.UserValidation.enterFirstName(UserValidation.java:45)
	at com.bridgelab.junituservalidation.UserValidation.enterFirstName(UserValidation.java:45)
	at com.bridgelab.junituservalidation.UserValidation.enterFirstName(UserValidation.java:45)
	at com.bridgelab.junituservalidation.UserValidation.enterFirstName(UserValidation.java:45)
	at com.bridgelab.junituservalidation.UserValidation.enterFirstName(UserValidation.java:45)
	at com.bridgelab.junituservalidation.UserValidation.enterFirstName(UserValidation.java:45)
	at com.bridgelab.junituservalidation.UserValidation.enterFirstName(UserValidation.java:45)
	at com.bridgelab.junituservalidation.UserValidation.enterFirstName(UserValidation.java:45)
	at com.bridgelab.junituservalidation.UserValidation.enterFirstName(UserValidation.java:45)
	at com.bridgelab.junituservalidation.UserValidation.enterFirstName(UserValidation.java:45)
	at com.bridgelab.junituservalidation.UserValidation.enterFirstName(UserValidation.java:45)
	at com.bridgelab.junituservalidation.UserValidation.enterFirstName(UserValidation.java:45)
	at com.bridgelab.junituservalidation.UserValidation.enterFirstName(UserValidation.java:45)
	at com.bridgelab.junituservalidation.UserValidation.enterFirstName(UserValidation.java:45)
	at com.bridgelab.junituservalidation.UserValidation.enterFirstName(UserValidation.java:45)
	at com.bridgelab.junituservalidation.UserValidation.enterFirstName(UserValidation.java:45)
	at com.bridgelab.junituservalidation.UserValidation.enterFirstName(UserValidation.java:45)
	at com.bridgelab.junituservalidation.UserValidation.enterFirstName(UserValidation.java:45)
	at com.bridgelab.junituservalidation.UserValidation.enterFirstName(UserValidation.java:45)
	at com.bridgelab.junituservalidation.UserValidation.enterFirstName(UserValidation.java:45)
	at com.bridgelab.junituservalidation.UserValidation.enterFirstName(UserValidation.java:45)
	at com.bridgelab.junituservalidation.UserValidation.enterFirstName(UserValidation.java:45)
	at com.bridgelab.junituservalidation.UserValidation.enterFirstName(UserValidation.java:45)
	at com.bridgelab.junituservalidation.UserValidation.enterFirstName(UserValidation.java:45)
	at com.bridgelab.junituservalidation.UserValidation.enterFirstName(UserValidation.java:45)
	at com.bridgelab.junituservalidation.UserValidation.enterFirstName(UserValidation.java:45)
	at com.bridgelab.junituservalidation.UserValidation.enterFirstName(UserValidation.java:45)
	at com.bridgelab.junituservalidation.UserValidation.enterFirstName(UserValidation.java:45)
	at com.bridgelab.junituservalidation.UserValidation.enterFirstName(UserValidation.java:45)
	at com.bridgelab.junituservalidation.UserValidation.enterFirstName(UserValidation.java:45)
	at com.bridgelab.junituservalidation.UserValidation.enterFirstName(UserValidation.java:45)
	at com.bridgelab.junituservalidation.UserValidation.enterFirstName(UserValidation.java:45)
	at com.bridgelab.junituservalidation.UserValidation.enterFirstName(UserValidation.java:45)
	at com.bridgelab.junituservalidation.UserValidation.enterFirstName(UserValidation.java:45)
	at com.bridgelab.junituservalidation.UserValidation.enterFirstName(UserValidation.java:45)
	at com.bridgelab.junituservalidation.UserValidation.enterFirstName(UserValidation.java:45)
	at com.bridgelab.junituservalidation.UserValidation.enterFirstName(UserValidation.java:45)
	at com.bridgelab.junituservalidation.UserValidation.enterFirstName(UserValidation.java:45)
	at com.bridgelab.junituservalidation.UserValidation.enterFirstName(UserValidation.java:45)
	at com.bridgelab.junituservalidation.UserValidation.enterFirstName(UserValidation.java:45)
	at com.bridgelab.junituservalidation.UserValidation.enterFirstName(UserValidation.java:45)
	at com.bridgelab.junituservalidation.UserValidation.enterFirstName(UserValidation.java:45)
	at com.bridgelab.junituservalidation.UserValidation.enterFirstName(UserValidation.java:45)
	at com.bridgelab.junituservalidation.UserValidation.enterFirstName(UserValidation.java:45)
	at com.bridgelab.junituservalidation.UserValidation.enterFirstName(UserValidation.java:45)
	at com.bridgelab.junituservalidation.UserValidation.enterFirstName(UserValidation.java:45)
	at com.bridgelab.junituservalidation.UserValidation.enterFirstName(UserValidation.java:45)
	at com.bridgelab.junituservalidation.UserValidation.enterFirstName(UserValidation.java:45)
	at com.bridgelab.junituservalidation.UserValidation.enterFirstName(UserValidation.java:45)
	at com.bridgelab.junituservalidation.UserValidation.enterFirstName(UserValidation.java:45)
	at com.bridgelab.junituservalidation.UserValidation.enterFirstName(UserValidation.java:45)
	at com.bridgelab.junituservalidation.UserValidation.enterFirstName(UserValidation.java:45)
	at com.bridgelab.junituservalidation.UserValidation.enterFirstName(UserValidation.java:45)
	at com.bridgelab.junituservalidation.UserValidation.enterFirstName(UserValidation.java:45)
	at com.bridgelab.junituservalidation.UserValidation.enterFirstName(UserValidation.java:45)
	at com.bridgelab.junituservalidation.UserValidation.enterFirstName(UserValidation.java:45)
	at com.bridgelab.junituservalidation.UserValidation.enterFirstName(UserValidation.java:45)
	at com.bridgelab.junituservalidation.UserValidation.enterFirstName(UserValidation.java:45)
	at com.bridgelab.junituservalidation.UserValidation.enterFirstName(UserValidation.java:45)
	at com.bridgelab.junituservalidation.UserValidation.enterFirstName(UserValidation.java:45)
	at com.bridgelab.junituservalidation.UserValidation.enterFirstName(UserValidation.java:45)
	at com.bridgelab.junituservalidation.UserValidation.enterFirstName(UserValidation.java:45)
	at com.bridgelab.junituservalidation.UserValidation.enterFirstName(UserValidation.java:45)
	at com.bridgelab.junituservalidation.UserValidation.enterFirstName(UserValidation.java:45)
	at com.bridgelab.junituservalidation.UserValidation.enterFirstName(UserValidation.java:45)
	at com.bridgelab.junituservalidation.UserValidation.enterFirstName(UserValidation.java:45)
	at com.bridgelab.junituservalidation.UserValidation.enterFirstName(UserValidation.java:45)
	at com.bridgelab.junituservalidation.UserValidation.enterFirstName(UserValidation.java:45)
	at com.bridgelab.junituservalidation.UserValidation.enterFirstName(UserValidation.java:45)
	at com.bridgelab.junituservalidation.UserValidation.enterFirstName(UserValidation.java:45)
	at com.bridgelab.junituservalidation.UserValidation.enterFirstName(UserValidation.java:45)
	at com.bridgelab.junituservalidation.UserValidation.enterFirstName(UserValidation.java:45)
	at com.bridgelab.junituservalidation.UserValidation.enterFirstName(UserValidation.java:45)
	at com.bridgelab.junituservalidation.UserValidation.enterFirstName(UserValidation.java:45)
	at com.bridgelab.junituservalidation.UserValidation.enterFirstName(UserValidation.java:45)
	at com.bridgelab.junituservalidation.UserValidation.enterFirstName(UserValidation.java:45)
	at com.bridgelab.junituservalidation.UserValidation.enterFirstName(UserValidation.java:45)
	at com.bridgelab.junituservalidation.UserValidation.enterFirstName(UserValidation.java:45)
	at com.bridgelab.junituservalidation.UserValidation.enterFirstName(UserValidation.java:45)
	at com.bridgelab.junituservalidation.UserValidation.enterFirstName(UserValidation.java:45)
	at com.bridgelab.junituservalidation.UserValidation.enterFirstName(UserValidation.java:45)
	at com.bridgelab.junituservalidation.UserValidation.enterFirstName(UserValidation.java:45)
	at com.bridgelab.junituservalidation.UserValidation.enterFirstName(UserValidation.java:45)
	at com.bridgelab.junituservalidation.UserValidation.enterFirstName(UserValidation.java:45)
	at com.bridgelab.junituservalidation.UserValidation.enterFirstName(UserValidation.java:45)
	at com.bridgelab.junituservalidation.UserValidation.enterFirstName(UserValidation.java:45)
	at com.bridgelab.junituservalidation.UserValidation.enterFirstName(UserValidation.java:45)
	at com.bridgelab.junituservalidation.UserValidation.enterFirstName(UserValidation.java:45)
	at com.bridgelab.junituservalidation.UserValidation.enterFirstName(UserValidation.java:45)
	at com.bridgelab.junituservalidation.UserValidation.enterFirstName(UserValidation.java:45)
	at com.bridgelab.junituservalidation.UserValidation.enterFirstName(UserValidation.java:45)
	at com.bridgelab.junituservalidation.UserValidation.enterFirstName(UserValidation.java:45)
	at com.bridgelab.junituservalidation.UserValidation.enterFirstName(UserValidation.java:45)
	at com.bridgelab.junituservalidation.UserValidation.enterFirstName(UserValidation.java:45)
	at com.bridgelab.junituservalidation.UserValidation.enterFirstName(UserValidation.java:45)
	at com.bridgelab.junituservalidation.UserValidation.enterFirstName(UserValidation.java:45)
	at com.bridgelab.junituservalidation.UserValidation.enterFirstName(UserValidation.java:45)
	at com.bridgelab.junituservalidation.UserValidation.enterFirstName(UserValidation.java:45)
	at com.bridgelab.junituservalidation.UserValidation.enterFirstName(UserValidation.java:45)
	at com.bridgelab.junituservalidation.UserValidation.enterFirstName(UserValidation.java:45)
	at com.bridgelab.junituservalidation.UserValidation.enterFirstName(UserValidation.java:45)
	at com.bridgelab.junituservalidation.UserValidation.enterFirstName(UserValidation.java:45)
	at com.bridgelab.junituservalidation.UserValidation.enterFirstName(UserValidation.java:45)
	at com.bridgelab.junituservalidation.UserValidation.enterFirstName(UserValidation.java:45)
	at com.bridgelab.junituservalidation.UserValidation.enterFirstName(UserValidation.java:45)
	at com.bridgelab.junituservalidation.UserValidation.enterFirstName(UserValidation.java:45)
	at com.bridgelab.junituservalidation.UserValidation.enterFirstName(UserValidation.java:45)
	at com.bridgelab.junituservalidation.UserValidation.enterFirstName(UserValidation.java:45)
	at com.bridgelab.junituservalidation.UserValidation.enterFirstName(UserValidation.java:45)
	at com.bridgelab.junituservalidation.UserValidation.enterFirstName(UserValidation.java:45)
	at com.bridgelab.junituservalidation.UserValidation.enterFirstName(UserValidation.java:45)
	at com.bridgelab.junituservalidation.UserValidation.enterFirstName(UserValidation.java:45)
	at com.bridgelab.junituservalidation.UserValidation.enterFirstName(UserValidation.java:45)
	at com.bridgelab.junituservalidation.UserValidation.enterFirstName(UserValidation.java:45)
	at com.bridgelab.junituservalidation.UserValidation.enterFirstName(UserValidation.java:45)
	at com.bridgelab.junituservalidation.UserValidation.enterFirstName(UserValidation.java:45)
	at com.bridgelab.junituservalidation.UserValidation.enterFirstName(UserValidation.java:45)
	at com.bridgelab.junituservalidation.UserValidation.enterFirstName(UserValidation.java:45)
	at com.bridgelab.junituservalidation.UserValidation.enterFirstName(UserValidation.java:45)
	at com.bridgelab.junituservalidation.UserValidation.enterFirstName(UserValidation.java:45)
	at com.bridgelab.junituservalidation.UserValidation.enterFirstName(UserValidation.java:45)
	at com.bridgelab.junituservalidation.UserValidation.enterFirstName(UserValidation.java:45)
	at com.bridgelab.junituservalidation.UserValidation.enterFirstName(UserValidation.java:45)
	at com.bridgelab.junituservalidation.UserValidation.enterFirstName(UserValidation.java:45)
	at com.bridgelab.junituservalidation.UserValidation.enterFirstName(UserValidation.java:45)
	at com.bridgelab.junituservalidation.UserValidation.enterFirstName(UserValidation.java:45)
	at com.bridgelab.junituservalidation.UserValidation.enterFirstName(UserValidation.java:45)
	at com.bridgelab.junituservalidation.UserValidation.enterFirstName(UserValidation.java:45)
	at com.bridgelab.junituservalidation.UserValidation.enterFirstName(UserValidation.java:45)
	at com.bridgelab.junituservalidation.UserValidation.enterFirstName(UserValidation.java:45)
	at com.bridgelab.junituservalidation.UserValidation.enterFirstName(UserValidation.java:45)
	at com.bridgelab.junituservalidation.UserValidation.enterFirstName(UserValidation.java:45)
	at com.bridgelab.junituservalidation.UserValidation.enterFirstName(UserValidation.java:45)
	at com.bridgelab.junituservalidation.UserValidation.enterFirstName(UserValidation.java:45)
	at com.bridgelab.junituservalidation.UserValidation.enterFirstName(UserValidation.java:45)
	at com.bridgelab.junituservalidation.UserValidation.enterFirstName(UserValidation.java:45)
	at com.bridgelab.junituservalidation.UserValidation.enterFirstName(UserValidation.java:45)
	at com.bridgelab.junituservalidation.UserValidation.enterFirstName(UserValidation.java:45)
	at com.bridgelab.junituservalidation.UserValidation.enterFirstName(UserValidation.java:45)
	at com.bridgelab.junituservalidation.UserValidation.enterFirstName(UserValidation.java:45)
	at com.bridgelab.junituservalidation.UserValidation.enterFirstName(UserValidation.java:45)
	at com.bridgelab.junituservalidation.UserValidation.enterFirstName(UserValidation.java:45)
	at com.bridgelab.junituservalidation.UserValidation.enterFirstName(UserValidation.java:45)
	at com.bridgelab.junituservalidation.UserValidation.enterFirstName(UserValidation.java:45)
	at com.bridgelab.junituservalidation.UserValidation.enterFirstName(UserValidation.java:45)
	at com.bridgelab.junituservalidation.UserValidation.enterFirstName(UserValidation.java:45)
	at com.bridgelab.junituservalidation.UserValidation.enterFirstName(UserValidation.java:45)
	at com.bridgelab.junituservalidation.UserValidation.enterFirstName(UserValidation.java:45)
	at com.bridgelab.junituservalidation.UserValidation.enterFirstName(UserValidation.java:45)
	at com.bridgelab.junituservalidation.UserValidation.enterFirstName(UserValidation.java:45)
	at com.bridgelab.junituservalidation.UserValidation.enterFirstName(UserValidation.java:45)
	at com.bridgelab.junituservalidation.UserValidation.enterFirstName(UserValidation.java:45)
	at com.bridgelab.junituservalidation.UserValidation.enterFirstName(UserValidation.java:45)
	at com.bridgelab.junituservalidation.UserValidation.enterFirstName(UserValidation.java:45)
	at com.bridgelab.junituservalidation.UserValidation.enterFirstName(UserValidation.java:45)
	at com.bridgelab.junituservalidation.UserValidation.enterFirstName(UserValidation.java:45)
	at com.bridgelab.junituservalidation.UserValidation.enterFirstName(UserValidation.java:45)
	at com.bridgelab.junituservalidation.UserValidation.enterFirstName(UserValidation.java:45)
	at com.bridgelab.junituservalidation.UserValidation.enterFirstName(UserValidation.java:45)
	at com.bridgelab.junituservalidation.UserValidation.enterFirstName(UserValidation.java:45)
	at com.bridgelab.junituservalidation.UserValidation.enterFirstName(UserValidation.java:45)
	at com.bridgelab.junituservalidation.UserValidation.enterFirstName(UserValidation.java:45)
	at com.bridgelab.junituservalidation.UserValidation.enterFirstName(UserValidation.java:45)
	at com.bridgelab.junituservalidation.UserValidation.enterFirstName(UserValidation.java:45)
	at com.bridgelab.junituservalidation.UserValidation.enterFirstName(UserValidation.java:45)
	at com.bridgelab.junituservalidation.UserValidation.enterFirstName(UserValidation.java:45)
	at com.bridgelab.junituservalidation.UserValidation.enterFirstName(UserValidation.java:45)
	at com.bridgelab.junituservalidation.UserValidation.enterFirstName(UserValidation.java:45)
	at com.bridgelab.junituservalidation.UserValidation.enterFirstName(UserValidation.java:45)
	at com.bridgelab.junituservalidation.UserValidation.enterFirstName(UserValidation.java:45)
	at com.bridgelab.junituservalidation.UserValidation.enterFirstName(UserValidation.java:45)
	at com.bridgelab.junituservalidation.UserValidation.enterFirstName(UserValidation.java:45)
	at com.bridgelab.junituservalidation.UserValidation.enterFirstName(UserValidation.java:45)
	at com.bridgelab.junituservalidation.UserValidation.enterFirstName(UserValidation.java:45)
	at com.bridgelab.junituservalidation.UserValidation.enterFirstName(UserValidation.java:45)
	at com.bridgelab.junituservalidation.UserValidation.enterFirstName(UserValidation.java:45)
	at com.bridgelab.junituservalidation.UserValidation.enterFirstName(UserValidation.java:45)
	at com.bridgelab.junituservalidation.UserValidation.enterFirstName(UserValidation.java:45)
	at com.bridgelab.junituservalidation.UserValidation.enterFirstName(UserValidation.java:45)
	at com.bridgelab.junituservalidation.UserValidation.enterFirstName(UserValidation.java:45)
	at com.bridgelab.junituservalidation.UserValidation.enterFirstName(UserValidation.java:45)
	at com.bridgelab.junituservalidation.UserValidation.enterFirstName(UserValidation.java:45)
	at com.bridgelab.junituservalidation.UserValidation.enterFirstName(UserValidation.java:45)
	at com.bridgelab.junituservalidation.UserValidation.enterFirstName(UserValidation.java:45)
	at com.bridgelab.junituservalidation.UserValidation.enterFirstName(UserValidation.java:45)
	at com.bridgelab.junituservalidation.UserValidation.enterFirstName(UserValidation.java:45)
	at com.bridgelab.junituservalidation.UserValidation.enterFirstName(UserValidation.java:45)
	at com.bridgelab.junituservalidation.UserValidation.enterFirstName(UserValidation.java:45)
	at com.bridgelab.junituservalidation.UserValidation.enterFirstName(UserValidation.java:45)
	at com.bridgelab.junituservalidation.UserValidation.enterFirstName(UserValidation.java:45)
	at com.bridgelab.junituservalidation.UserValidation.enterFirstName(UserValidation.java:45)
	at com.bridgelab.junituservalidation.UserValidation.enterFirstName(UserValidation.java:45)
	at com.bridgelab.junituservalidation.UserValidation.enterFirstName(UserValidation.java:45)
	at com.bridgelab.junituservalidation.UserValidation.enterFirstName(UserValidation.java:45)
	at com.bridgelab.junituservalidation.UserValidation.enterFirstName(UserValidation.java:45)
	at com.bridgelab.junituservalidation.UserValidation.enterFirstName(UserValidation.java:45)
	at com.bridgelab.junituservalidation.UserValidation.enterFirstName(UserValidation.java:45)
	at com.bridgelab.junituservalidation.UserValidation.enterFirstName(UserValidation.java:45)
	at com.bridgelab.junituservalidation.UserValidation.enterFirstName(UserValidation.java:45)
	at com.bridgelab.junituservalidation.UserValidation.enterFirstName(UserValidation.java:45)
	at com.bridgelab.junituservalidation.UserValidation.enterFirstName(UserValidation.java:45)
	at com.bridgelab.junituservalidation.UserValidation.enterFirstName(UserValidation.java:45)
	at com.bridgelab.junituservalidation.UserValidation.enterFirstName(UserValidation.java:45)
	at com.bridgelab.junituservalidation.UserValidation.enterFirstName(UserValidation.java:45)
	at com.bridgelab.junituservalidation.UserValidation.enterFirstName(UserValidation.java:45)
	at com.bridgelab.junituservalidation.UserValidation.enterFirstName(UserValidation.java:45)
	at com.bridgelab.junituservalidation.UserValidation.enterFirstName(UserValidation.java:45)
	at com.bridgelab.junituservalidation.UserValidation.enterFirstName(UserValidation.java:45)
	at com.bridgelab.junituservalidation.UserValidation.enterFirstName(UserValidation.java:45)
	at com.bridgelab.junituservalidation.UserValidation.enterFirstName(UserValidation.java:45)
	at com.bridgelab.junituservalidation.UserValidation.enterFirstName(UserValidation.java:45)
	at com.bridgelab.junituservalidation.UserValidation.enterFirstName(UserValidation.java:45)
	at com.bridgelab.junituservalidation.UserValidation.enterFirstName(UserValidation.java:45)
	at com.bridgelab.junituservalidation.UserValidation.enterFirstName(UserValidation.java:45)
	at com.bridgelab.junituservalidation.UserValidation.enterFirstName(UserValidation.java:45)
	at com.bridgelab.junituservalidation.UserValidation.enterFirstName(UserValidation.java:45)
	at com.bridgelab.junituservalidation.UserValidation.enterFirstName(UserValidation.java:45)
	at com.bridgelab.junituservalidation.UserValidation.enterFirstName(UserValidation.java:45)
	at com.bridgelab.junituservalidation.UserValidation.enterFirstName(UserValidation.java:45)
	at com.bridgelab.junituservalidation.UserValidation.enterFirstName(UserValidation.java:45)
	at com.bridgelab.junituservalidation.UserValidation.enterFirstName(UserValidation.java:45)
	at com.bridgelab.junituservalidation.UserValidation.enterFirstName(UserValidation.java:45)
	at com.bridgelab.junituservalidation.UserValidation.enterFirstName(UserValidation.java:45)
	at com.bridgelab.junituservalidation.UserValidation.enterFirstName(UserValidation.java:45)
	at com.bridgelab.junituservalidation.UserValidation.enterFirstName(UserValidation.java:45)
	at com.bridgelab.junituservalidation.UserValidation.enterFirstName(UserValidation.java:45)
	at com.bridgelab.junituservalidation.UserValidation.enterFirstName(UserValidation.java:45)
	at com.bridgelab.junituservalidation.UserValidation.enterFirstName(UserValidation.java:45)
	at com.bridgelab.junituservalidation.UserValidation.enterFirstName(UserValidation.java:45)
	at com.bridgelab.junituservalidation.UserValidation.enterFirstName(UserValidation.java:45)
	at com.bridgelab.junituservalidation.UserValidation.enterFirstName(UserValidation.java:45)
	at com.bridgelab.junituservalidation.UserValidation.enterFirstName(UserValidation.java:45)
	at com.bridgelab.junituservalidation.UserValidation.enterFirstName(UserValidation.java:45)
	at com.bridgelab.junituservalidation.UserValidation.enterFirstName(UserValidation.java:45)
	at com.bridgelab.junituservalidation.UserValidation.enterFirstName(UserValidation.java:45)
	at com.bridgelab.junituservalidation.UserValidation.enterFirstName(UserValidation.java:45)
	at com.bridgelab.junituservalidation.UserValidation.enterFirstName(UserValidation.java:45)
	at com.bridgelab.junituservalidation.UserValidation.enterFirstName(UserValidation.java:45)
	at com.bridgelab.junituservalidation.UserValidation.enterFirstName(UserValidation.java:45)
	at com.bridgelab.junituservalidation.UserValidation.enterFirstName(UserValidation.java:45)
	at com.bridgelab.junituservalidation.UserValidation.enterFirstName(UserValidation.java:45)
	at com.bridgelab.junituservalidation.UserValidation.enterFirstName(UserValidation.java:45)
	at com.bridgelab.junituservalidation.UserValidation.enterFirstName(UserValidation.java:45)
	at com.bridgelab.junituservalidation.UserValidation.enterFirstName(UserValidation.java:45)
	at com.bridgelab.junituservalidation.UserValidation.enterFirstName(UserValidation.java:45)
	at com.bridgelab.junituservalidation.UserValidation.enterFirstName(UserValidation.java:45)
	at com.bridgelab.junituservalidation.UserValidation.enterFirstName(UserValidation.java:45)
	at com.bridgelab.junituservalidation.UserValidation.enterFirstName(UserValidation.java:45)
	at com.bridgelab.junituservalidation.UserValidation.enterFirstName(UserValidation.java:45)
	at com.bridgelab.junituservalidation.UserValidation.enterFirstName(UserValidation.java:45)
	at com.bridgelab.junituservalidation.UserValidation.enterFirstName(UserValidation.java:45)
	at com.bridgelab.junituservalidation.UserValidation.enterFirstName(UserValidation.java:45)
	at com.bridgelab.junituservalidation.UserValidation.enterFirstName(UserValidation.java:45)
	at com.bridgelab.junituservalidation.UserValidation.enterFirstName(UserValidation.java:45)
	at com.bridgelab.junituservalidation.UserValidation.enterFirstName(UserValidation.java:45)
	at com.bridgelab.junituservalidation.UserValidation.enterFirstName(UserValidation.java:45)
	at com.bridgelab.junituservalidation.UserValidation.enterFirstName(UserValidation.java:45)
	at com.bridgelab.junituservalidation.UserValidation.enterFirstName(UserValidation.java:45)
	at com.bridgelab.junituservalidation.UserValidation.enterFirstName(UserValidation.java:45)
	at com.bridgelab.junituservalidation.UserValidation.enterFirstName(UserValidation.java:45)
	at com.bridgelab.junituservalidation.UserValidation.enterFirstName(UserValidation.java:45)
	at com.bridgelab.junituservalidation.UserValidation.enterFirstName(UserValidation.java:45)
	at com.bridgelab.junituservalidation.UserValidation.enterFirstName(UserValidation.java:45)
	at com.bridgelab.junituservalidation.UserValidation.enterFirstName(UserValidation.java:45)
	at com.bridgelab.junituservalidation.UserValidation.enterFirstName(UserValidation.java:45)
	at com.bridgelab.junituservalidation.UserValidation.enterFirstName(UserValidation.java:45)
	at com.bridgelab.junituservalidation.UserValidation.enterFirstName(UserValidation.java:45)
	at com.bridgelab.junituservalidation.UserValidation.enterFirstName(UserValidation.java:45)
	at com.bridgelab.junituservalidation.UserValidation.enterFirstName(UserValidation.java:45)
	at com.bridgelab.junituservalidation.UserValidation.enterFirstName(UserValidation.java:45)
	at com.bridgelab.junituservalidation.UserValidation.enterFirstName(UserValidation.java:45)
	at com.bridgelab.junituservalidation.UserValidation.enterFirstName(UserValidation.java:45)
	at com.bridgelab.junituservalidation.UserValidation.enterFirstName(UserValidation.java:45)
	at com.bridgelab.junituservalidation.UserValidation.enterFirstName(UserValidation.java:45)
	at com.bridgelab.junituservalidation.UserValidation.enterFirstName(UserValidation.java:45)
	at com.bridgelab.junituservalidation.UserValidation.enterFirstName(UserValidation.java:45)
	at com.bridgelab.junituservalidation.UserValidation.enterFirstName(UserValidation.java:45)
	at com.bridgelab.junituservalidation.UserValidation.enterFirstName(UserValidation.java:45)
	at com.bridgelab.junituservalidation.UserValidation.enterFirstName(UserValidation.java:45)
	at com.bridgelab.junituservalidation.UserValidation.enterFirstName(UserValidation.java:45)
	at com.bridgelab.junituservalidation.UserValidation.enterFirstName(UserValidation.java:45)
	at com.bridgelab.junituservalidation.UserValidation.enterFirstName(UserValidation.java:45)
	at com.bridgelab.junituservalidation.UserValidation.enterFirstName(UserValidation.java:45)
	at com.bridgelab.junituservalidation.UserValidation.enterFirstName(UserValidation.java:45)
	at com.bridgelab.junituservalidation.UserValidation.enterFirstName(UserValidation.java:45)
	at com.bridgelab.junituservalidation.UserValidation.enterFirstName(UserValidation.java:45)
	at com.bridgelab.junituservalidation.UserValidation.enterFirstName(UserValidation.java:45)
	at com.bridgelab.junituservalidation.UserValidation.enterFirstName(UserValidation.java:45)
	at com.bridgelab.junituservalidation.UserValidation.enterFirstName(UserValidation.java:45)
	at com.bridgelab.junituservalidation.UserValidation.enterFirstName(UserValidation.java:45)
	at com.bridgelab.junituservalidation.UserValidation.enterFirstName(UserValidation.java:45)
	at com.bridgelab.junituservalidation.UserValidation.enterFirstName(UserValidation.java:45)
	at com.bridgelab.junituservalidation.UserValidation.enterFirstName(UserValidation.java:45)
	at com.bridgelab.junituservalidation.UserValidation.enterFirstName(UserValidation.java:45)
	at com.bridgelab.junituservalidation.UserValidation.enterFirstName(UserValidation.java:45)
	at com.bridgelab.junituservalidation.UserValidation.enterFirstName(UserValidation.java:45)
	at com.bridgelab.junituservalidation.UserValidation.enterFirstName(UserValidation.java:45)
	at com.bridgelab.junituservalidation.UserValidation.enterFirstName(UserValidation.java:45)
	at com.bridgelab.junituservalidation.UserValidation.enterFirstName(UserValidation.java:45)
	at com.bridgelab.junituservalidation.UserValidation.enterFirstName(UserValidation.java:45)
	at com.bridgelab.junituservalidation.UserValidation.enterFirstName(UserValidation.java:45)
	at com.bridgelab.junituservalidation.UserValidation.enterFirstName(UserValidation.java:45)
	at com.bridgelab.junituservalidation.UserValidation.enterFirstName(UserValidation.java:45)
	at com.bridgelab.junituservalidation.UserValidation.enterFirstName(UserValidation.java:45)
	at com.bridgelab.junituservalidation.UserValidation.enterFirstName(UserValidation.java:45)
	at com.bridgelab.junituservalidation.UserValidation.enterFirstName(UserValidation.java:45)
	at com.bridgelab.junituservalidation.UserValidation.enterFirstName(UserValidation.java:45)
	at com.bridgelab.junituservalidation.UserValidation.enterFirstName(UserValidation.java:45)
	at com.bridgelab.junituservalidation.UserValidation.enterFirstName(UserValidation.java:45)
	at com.bridgelab.junituservalidation.UserValidation.enterFirstName(UserValidation.java:45)
	at com.bridgelab.junituservalidation.UserValidation.enterFirstName(UserValidation.java:45)
	at com.bridgelab.junituservalidation.UserValidation.enterFirstName(UserValidation.java:45)
	at com.bridgelab.junituservalidation.UserValidation.enterFirstName(UserValidation.java:45)
	at com.bridgelab.junituservalidation.UserValidation.enterFirstName(UserValidation.java:45)
	at com.bridgelab.junituservalidation.UserValidation.enterFirstName(UserValidation.java:45)
	at com.bridgelab.junituservalidation.UserValidation.enterFirstName(UserValidation.java:45)
	at com.bridgelab.junituservalidation.UserValidation.enterFirstName(UserValidation.java:45)
	at com.bridgelab.junituservalidation.UserValidation.enterFirstName(UserValidation.java:45)
	at com.bridgelab.junituservalidation.UserValidation.enterFirstName(UserValidation.java:45)
	at com.bridgelab.junituservalidation.UserValidation.enterFirstName(UserValidation.java:45)
	at com.bridgelab.junituservalidation.UserValidation.enterFirstName(UserValidation.java:45)
	at com.bridgelab.junituservalidation.UserValidation.enterFirstName(UserValidation.java:45)
	at com.bridgelab.junituservalidation.UserValidation.enterFirstName(UserValidation.java:45)
	at com.bridgelab.junituservalidation.UserValidation.enterFirstName(UserValidation.java:45)
	at com.bridgelab.junituservalidation.UserValidation.enterFirstName(UserValidation.java:45)
	at com.bridgelab.junituservalidation.UserValidation.enterFirstName(UserValidation.java:45)
	at com.bridgelab.junituservalidation.UserValidation.enterFirstName(UserValidation.java:45)
	at com.bridgelab.junituservalidation.UserValidation.enterFirstName(UserValidation.java:45)
	at com.bridgelab.junituservalidation.UserValidation.enterFirstName(UserValidation.java:45)
	at com.bridgelab.junituservalidation.UserValidation.enterFirstName(UserValidation.java:45)
	at com.bridgelab.junituservalidation.UserValidation.enterFirstName(UserValidation.java:45)
	at com.bridgelab.junituservalidation.UserValidation.enterFirstName(UserValidation.java:45)
	at com.bridgelab.junituservalidation.UserValidation.enterFirstName(UserValidation.java:45)
	at com.bridgelab.junituservalidation.UserValidation.enterFirstName(UserValidation.java:45)
	at com.bridgelab.junituservalidation.UserValidation.enterFirstName(UserValidation.java:45)
	at com.bridgelab.junituservalidation.UserValidation.enterFirstName(UserValidation.java:45)
	at com.bridgelab.junituservalidation.UserValidation.enterFirstName(UserValidation.java:45)
	at com.bridgelab.junituservalidation.UserValidation.enterFirstName(UserValidation.java:45)
	at com.bridgelab.junituservalidation.UserValidation.enterFirstName(UserValidation.java:45)
	at com.bridgelab.junituservalidation.UserValidation.enterFirstName(UserValidation.java:45)
	at com.bridgelab.junituservalidation.UserValidation.enterFirstName(UserValidation.java:45)
	at com.bridgelab.junituservalidation.UserValidation.enterFirstName(UserValidation.java:45)
	at com.bridgelab.junituservalidation.UserValidation.enterFirstName(UserValidation.java:45)
	at com.bridgelab.junituservalidation.UserValidation.enterFirstName(UserValidation.java:45)
	at com.bridgelab.junituservalidation.UserValidation.enterFirstName(UserValidation.java:45)
	at com.bridgelab.junituservalidation.UserValidation.enterFirstName(UserValidation.java:45)
	at com.bridgelab.junituservalidation.UserValidation.enterFirstName(UserValidation.java:45)
	at com.bridgelab.junituservalidation.UserValidation.enterFirstName(UserValidation.java:45)
	at com.bridgelab.junituservalidation.UserValidation.enterFirstName(UserValidation.java:45)
	at com.bridgelab.junituservalidation.UserValidation.enterFirstName(UserValidation.java:45)
	at com.bridgelab.junituservalidation.UserValidation.enterFirstName(UserValidation.java:45)
	at com.bridgelab.junituservalidation.UserValidation.enterFirstName(UserValidation.java:45)
	at com.bridgelab.junituservalidation.UserValidation.enterFirstName(UserValidation.java:45)
	at com.bridgelab.junituservalidation.UserValidation.enterFirstName(UserValidation.java:45)
	at com.bridgelab.junituservalidation.UserValidation.enterFirstName(UserValidation.java:45)
	at com.bridgelab.junituservalidation.UserValidation.enterFirstName(UserValidation.java:45)
	at com.bridgelab.junituservalidation.UserValidation.enterFirstName(UserValidation.java:45)
	at com.bridgelab.junituservalidation.UserValidation.enterFirstName(UserValidation.java:45)
	at com.bridgelab.junituservalidation.UserValidation.enterFirstName(UserValidation.java:45)
	at com.bridgelab.junituservalidation.UserValidation.enterFirstName(UserValidation.java:45)
	at com.bridgelab.junituservalidation.UserValidation.enterFirstName(UserValidation.java:45)
	at com.bridgelab.junituservalidation.UserValidation.enterFirstName(UserValidation.java:45)
	at com.bridgelab.junituservalidation.UserValidation.enterFirstName(UserValidation.java:45)
	at com.bridgelab.junituservalidation.UserValidation.enterFirstName(UserValidation.java:45)
	at com.bridgelab.junituservalidation.UserValidation.enterFirstName(UserValidation.java:45)
	at com.bridgelab.junituservalidation.UserValidation.enterFirstName(UserValidation.java:45)
	at com.bridgelab.junituservalidation.UserValidation.enterFirstName(UserValidation.java:45)
	at com.bridgelab.junituservalidation.UserValidation.enterFirstName(UserValidation.java:45)
	at com.bridgelab.junituservalidation.UserValidation.enterFirstName(UserValidation.java:45)
	at com.bridgelab.junituservalidation.UserValidation.enterFirstName(UserValidation.java:45)
	at com.bridgelab.junituservalidation.UserValidation.enterFirstName(UserValidation.java:45)
	at com.bridgelab.junituservalidation.UserValidation.enterFirstName(UserValidation.java:45)
	at com.bridgelab.junituservalidation.UserValidation.enterFirstName(UserValidation.java:45)
	at com.bridgelab.junituservalidation.UserValidation.enterFirstName(UserValidation.java:45)
	at com.bridgelab.junituservalidation.UserValidation.enterFirstName(UserValidation.java:45)
	at com.bridgelab.junituservalidation.UserValidation.enterFirstName(UserValidation.java:45)
	at com.bridgelab.junituservalidation.UserValidation.enterFirstName(UserValidation.java:45)
	at com.bridgelab.junituservalidation.UserValidation.enterFirstName(UserValidation.java:45)
	at com.bridgelab.junituservalidation.UserValidation.enterFirstName(UserValidation.java:45)
	at com.bridgelab.junituservalidation.UserValidation.enterFirstName(UserValidation.java:45)
	at com.bridgelab.junituservalidation.UserValidation.enterFirstName(UserValidation.java:45)
	at com.bridgelab.junituservalidation.UserValidation.enterFirstName(UserValidation.java:45)
	at com.bridgelab.junituservalidation.UserValidation.enterFirstName(UserValidation.java:45)
	at com.bridgelab.junituservalidation.UserValidation.enterFirstName(UserValidation.java:45)
	at com.bridgelab.junituservalidation.UserValidation.enterFirstName(UserValidation.java:45)
	at com.bridgelab.junituservalidation.UserValidation.enterFirstName(UserValidation.java:45)
	at com.bridgelab.junituservalidation.UserValidation.enterFirstName(UserValidation.java:45)
	at com.bridgelab.junituservalidation.UserValidation.enterFirstName(UserValidation.java:45)
	at com.bridgelab.junituservalidation.UserValidation.enterFirstName(UserValidation.java:45)
	at com.bridgelab.junituservalidation.UserValidation.enterFirstName(UserValidation.java:45)
	at com.bridgelab.junituservalidation.UserValidation.enterFirstName(UserValidation.java:45)
	at com.bridgelab.junituservalidation.UserValidation.enterFirstName(UserValidation.java:45)
	at com.bridgelab.junituservalidation.UserValidation.enterFirstName(UserValidation.java:45)
	at com.bridgelab.junituservalidation.UserValidation.enterFirstName(UserValidation.java:45)
	at com.bridgelab.junituservalidation.UserValidation.enterFirstName(UserValidation.java:45)
	at com.bridgelab.junituservalidation.UserValidation.enterFirstName(UserValidation.java:45)
	at com.bridgelab.junituservalidation.UserValidation.enterFirstName(UserValidation.java:45)
	at com.bridgelab.junituservalidation.UserValidation.enterFirstName(UserValidation.java:45)
	at com.bridgelab.junituservalidation.UserValidation.enterFirstName(UserValidation.java:45)
	at com.bridgelab.junituservalidation.UserValidation.enterFirstName(UserValidation.java:45)
	at com.bridgelab.junituservalidation.UserValidation.enterFirstName(UserValidation.java:45)
	at com.bridgelab.junituservalidation.UserValidation.enterFirstName(UserValidation.java:45)
	at com.bridgelab.junituservalidation.UserValidation.enterFirstName(UserValidation.java:45)
	at com.bridgelab.junituservalidation.UserValidation.enterFirstName(UserValidation.java:45)
	at com.bridgelab.junituservalidation.UserValidation.enterFirstName(UserValidation.java:45)
	at com.bridgelab.junituservalidation.UserValidation.enterFirstName(UserValidation.java:45)
	at com.bridgelab.junituservalidation.UserValidation.enterFirstName(UserValidation.java:45)
	at com.bridgelab.junituservalidation.UserValidation.enterFirstName(UserValidation.java:45)
	at com.bridgelab.junituservalidation.UserValidation.enterFirstName(UserValidation.java:45)
	at com.bridgelab.junituservalidation.UserValidation.enterFirstName(UserValidation.java:45)
	at com.bridgelab.junituservalidation.UserValidation.enterFirstName(UserValidation.java:45)
	at com.bridgelab.junituservalidation.UserValidation.enterFirstName(UserValidation.java:45)
	at com.bridgelab.junituservalidation.UserValidation.enterFirstName(UserValidation.java:45)
	at com.bridgelab.junituservalidation.UserValidation.enterFirstName(UserValidation.java:45)
	at com.bridgelab.junituservalidation.UserValidation.enterFirstName(UserValidation.java:45)
	at com.bridgelab.junituservalidation.UserValidation.enterFirstName(UserValidation.java:45)
	at com.bridgelab.junituservalidation.UserValidation.enterFirstName(UserValidation.java:45)
	at com.bridgelab.junituservalidation.UserValidation.enterFirstName(UserValidation.java:45)
	at com.bridgelab.junituservalidation.UserValidation.enterFirstName(UserValidation.java:45)
	at com.bridgelab.junituservalidation.UserValidation.enterFirstName(UserValidation.java:45)
	at com.bridgelab.junituservalidation.UserValidation.enterFirstName(UserValidation.java:45)
	at com.bridgelab.junituservalidation.UserValidation.enterFirstName(UserValidation.java:45)
	at com.bridgelab.junituservalidation.UserValidation.enterFirstName(UserValidation.java:45)
	at com.bridgelab.junituservalidation.UserValidation.enterFirstName(UserValidation.java:45)
	at com.bridgelab.junituservalidation.UserValidation.enterFirstName(UserValidation.java:45)
	at com.bridgelab.junituservalidation.UserValidation.enterFirstName(UserValidation.java:45)
	at com.bridgelab.junituservalidation.UserValidation.enterFirstName(UserValidation.java:45)
	at com.bridgelab.junituservalidation.UserValidation.enterFirstName(UserValidation.java:45)
	at com.bridgelab.junituservalidation.UserValidation.enterFirstName(UserValidation.java:45)
	at com.bridgelab.junituservalidation.UserValidation.enterFirstName(UserValidation.java:45)
	at com.bridgelab.junituservalidation.UserValidation.enterFirstName(UserValidation.java:45)
	at com.bridgelab.junituservalidation.UserValidation.enterFirstName(UserValidation.java:45)
	at com.bridgelab.junituservalidation.UserValidation.enterFirstName(UserValidation.java:45)
	at com.bridgelab.junituservalidation.UserValidation.enterFirstName(UserValidation.java:45)
	at com.bridgelab.junituservalidation.UserValidation.enterFirstName(UserValidation.java:45)
	at com.bridgelab.junituservalidation.UserValidation.enterFirstName(UserValidation.java:45)
	at com.bridgelab.junituservalidation.UserValidation.enterFirstName(UserValidation.java:45)
	at com.bridgelab.junituservalidation.UserValidation.enterFirstName(UserValidation.java:45)
	at com.bridgelab.junituservalidation.UserValidation.enterFirstName(UserValidation.java:45)
	at com.bridgelab.junituservalidation.UserValidation.enterFirstName(UserValidation.java:45)
	at com.bridgelab.junituservalidation.UserValidation.enterFirstName(UserValidation.java:45)
	at com.bridgelab.junituservalidation.UserValidation.enterFirstName(UserValidation.java:45)
	at com.bridgelab.junituservalidation.UserValidation.enterFirstName(UserValidation.java:45)
	at com.bridgelab.junituservalidation.UserValidation.enterFirstName(UserValidation.java:45)
	at com.bridgelab.junituservalidation.UserValidation.enterFirstName(UserValidation.java:45)
	at com.bridgelab.junituservalidation.UserValidation.enterFirstName(UserValidation.java:45)
	at com.bridgelab.junituservalidation.UserValidation.enterFirstName(UserValidation.java:45)
	at com.bridgelab.junituservalidation.UserValidation.enterFirstName(UserValidation.java:45)
	at com.bridgelab.junituservalidation.UserValidation.enterFirstName(UserValidation.java:45)
	at com.bridgelab.junituservalidation.UserValidation.enterFirstName(UserValidation.java:45)
	at com.bridgelab.junituservalidation.UserValidation.enterFirstName(UserValidation.java:45)
	at com.bridgelab.junituservalidation.UserValidation.enterFirstName(UserValidation.java:45)
	at com.bridgelab.junituservalidation.UserValidation.enterFirstName(UserValidation.java:45)
	at com.bridgelab.junituservalidation.UserValidation.enterFirstName(UserValidation.java:45)
	at com.bridgelab.junituservalidation.UserValidation.enterFirstName(UserValidation.java:45)
	at com.bridgelab.junituservalidation.UserValidation.enterFirstName(UserValidation.java:45)
	at com.bridgelab.junituservalidation.UserValidation.enterFirstName(UserValidation.java:45)
	at com.bridgelab.junituservalidation.UserValidation.enterFirstName(UserValidation.java:45)
	at com.bridgelab.junituservalidation.UserValidation.enterFirstName(UserValidation.java:45)
	at com.bridgelab.junituservalidation.UserValidation.enterFirstName(UserValidation.java:45)
	at com.bridgelab.junituservalidation.UserValidation.enterFirstName(UserValidation.java:45)
	at com.bridgelab.junituservalidation.UserValidation.enterFirstName(UserValidation.java:45)
	at com.bridgelab.junituservalidation.UserValidation.enterFirstName(UserValidation.java:45)
	at com.bridgelab.junituservalidation.UserValidation.enterFirstName(UserValidation.java:45)
	at com.bridgelab.junituservalidation.UserValidation.enterFirstName(UserValidation.java:45)
	at com.bridgelab.junituservalidation.UserValidation.enterFirstName(UserValidation.java:45)
	at com.bridgelab.junituservalidation.UserValidation.enterFirstName(UserValidation.java:45)
	at com.bridgelab.junituservalidation.UserValidation.enterFirstName(UserValidation.java:45)
	at com.bridgelab.junituservalidation.UserValidation.enterFirstName(UserValidation.java:45)
	at com.bridgelab.junituservalidation.UserValidation.enterFirstName(UserValidation.java:45)
	at com.bridgelab.junituservalidation.UserValidation.enterFirstName(UserValidation.java:45)
	at com.bridgelab.junituservalidation.UserValidation.enterFirstName(UserValidation.java:45)
	at com.bridgelab.junituservalidation.UserValidation.enterFirstName(UserValidation.java:45)
	at com.bridgelab.junituservalidation.UserValidation.enterFirstName(UserValidation.java:45)
	at com.bridgelab.junituservalidation.UserValidation.enterFirstName(UserValidation.java:45)
	at com.bridgelab.junituservalidation.UserValidation.enterFirstName(UserValidation.java:45)
	at com.bridgelab.junituservalidation.UserValidation.enterFirstName(UserValidation.java:45)
	at com.bridgelab.junituservalidation.UserValidation.enterFirstName(UserValidation.java:45)
	at com.bridgelab.junituservalidation.UserValidation.enterFirstName(UserValidation.java:45)
	at com.bridgelab.junituservalidation.UserValidation.enterFirstName(UserValidation.java:45)
	at com.bridgelab.junituservalidation.UserValidation.enterFirstName(UserValidation.java:45)
	at com.bridgelab.junituservalidation.UserValidation.enterFirstName(UserValidation.java:45)
	at com.bridgelab.junituservalidation.UserValidation.enterFirstName(UserValidation.java:45)
	at com.bridgelab.junituservalidation.UserValidation.enterFirstName(UserValidation.java:45)
	at com.bridgelab.junituservalidation.UserValidation.enterFirstName(UserValidation.java:45)
	at com.bridgelab.junituservalidation.UserValidation.enterFirstName(UserValidation.java:45)
	at com.bridgelab.junituservalidation.UserValidation.enterFirstName(UserValidation.java:45)
	at com.bridgelab.junituservalidation.UserValidation.enterFirstName(UserValidation.java:45)
	at com.bridgelab.junituservalidation.UserValidation.enterFirstName(UserValidation.java:45)
	at com.bridgelab.junituservalidation.UserValidation.enterFirstName(UserValidation.java:45)
	at com.bridgelab.junituservalidation.UserValidation.enterFirstName(UserValidation.java:45)
	at com.bridgelab.junituservalidation.UserValidation.enterFirstName(UserValidation.java:45)
	at com.bridgelab.junituservalidation.UserValidation.enterFirstName(UserValidation.java:45)
	at com.bridgelab.junituservalidation.UserValidation.enterFirstName(UserValidation.java:45)
	at com.bridgelab.junituservalidation.UserValidation.enterFirstName(UserValidation.java:45)
	at com.bridgelab.junituservalidation.UserValidation.enterFirstName(UserValidation.java:45)
	at com.bridgelab.junituservalidation.UserValidation.enterFirstName(UserValidation.java:45)
	at com.bridgelab.junituservalidation.UserValidation.enterFirstName(UserValidation.java:45)
	at com.bridgelab.junituservalidation.UserValidation.enterFirstName(UserValidation.java:45)
	at com.bridgelab.junituservalidation.UserValidation.enterFirstName(UserValidation.java:45)
	at com.bridgelab.junituservalidation.UserValidation.enterFirstName(UserValidation.java:45)
	at com.bridgelab.junituservalidation.UserValidation.enterFirstName(UserValidation.java:45)
	at com.bridgelab.junituservalidation.UserValidation.enterFirstName(UserValidation.java:45)
	at com.bridgelab.junituservalidation.UserValidation.enterFirstName(UserValidation.java:45)
	at com.bridgelab.junituservalidation.UserValidation.enterFirstName(UserValidation.java:45)
	at com.bridgelab.junituservalidation.UserValidation.enterFirstName(UserValidation.java:45)
	at com.bridgelab.junituservalidation.UserValidation.enterFirstName(UserValidation.java:45)
	at com.bridgelab.junituservalidation.UserValidation.enterFirstName(UserValidation.java:45)
	at com.bridgelab.junituservalidation.UserValidation.enterFirstName(UserValidation.java:45)
	at com.bridgelab.junituservalidation.UserValidation.enterFirstName(UserValidation.java:45)
	at com.bridgelab.junituservalidation.UserValidation.enterFirstName(UserValidation.java:45)
	at com.bridgelab.junituservalidation.UserValidation.enterFirstName(UserValidation.java:45)
	at com.bridgelab.junituservalidation.UserValidation.enterFirstName(UserValidation.java:45)
	at com.bridgelab.junituservalidation.UserValidation.enterFirstName(UserValidation.java:45)
	at com.bridgelab.junituservalidation.UserValidation.enterFirstName(UserValidation.java:45)
	at com.bridgelab.junituservalidation.UserValidation.enterFirstName(UserValidation.java:45)
	at com.bridgelab.junituservalidation.UserValidation.enterFirstName(UserValidation.java:45)
	at com.bridgelab.junituservalidation.UserValidation.enterFirstName(UserValidation.java:45)
	at com.bridgelab.junituservalidation.UserValidation.enterFirstName(UserValidation.java:45)
	at com.bridgelab.junituservalidation.UserValidation.enterFirstName(UserValidation.java:45)
	at com.bridgelab.junituservalidation.UserValidation.enterFirstName(UserValidation.java:45)
	at com.bridgelab.junituservalidation.UserValidation.enterFirstName(UserValidation.java:45)
	at com.bridgelab.junituservalidation.UserValidation.enterFirstName(UserValidation.java:45)
	at com.bridgelab.junituservalidation.UserValidation.enterFirstName(UserValidation.java:45)
	at com.bridgelab.junituservalidation.UserValidation.enterFirstName(UserValidation.java:45)
	at com.bridgelab.junituservalidation.UserValidation.enterFirstName(UserValidation.java:45)
	at com.bridgelab.junituservalidation.UserValidation.enterFirstName(UserValidation.java:45)
	at com.bridgelab.junituservalidation.UserValidation.enterFirstName(UserValidation.java:45)
	at com.bridgelab.junituservalidation.UserValidation.enterFirstName(UserValidation.java:45)
	at com.bridgelab.junituservalidation.UserValidation.enterFirstName(UserValidation.java:45)
	at com.bridgelab.junituservalidation.UserValidation.enterFirstName(UserValidation.java:45)
	at com.bridgelab.junituservalidation.UserValidation.enterFirstName(UserValidation.java:45)
	at com.bridgelab.junituservalidation.UserValidation.enterFirstName(UserValidation.java:45)
	at com.bridgelab.junituservalidation.UserValidation.enterFirstName(UserValidation.java:45)
	at com.bridgelab.junituservalidation.UserValidation.enterFirstName(UserValidation.java:45)
	at com.bridgelab.junituservalidation.UserValidation.enterFirstName(UserValidation.java:45)
	at com.bridgelab.junituservalidation.UserValidation.enterFirstName(UserValidation.java:45)
	at com.bridgelab.junituservalidation.UserValidation.enterFirstName(UserValidation.java:45)
	at com.bridgelab.junituservalidation.UserValidation.enterFirstName(UserValidation.java:45)
	at com.bridgelab.junituservalidation.UserValidation.enterFirstName(UserValidation.java:45)
	at com.bridgelab.junituservalidation.UserValidation.enterFirstName(UserValidation.java:45)
	at com.bridgelab.junituservalidation.UserValidation.enterFirstName(UserValidation.java:45)
	at com.bridgelab.junituservalidation.UserValidation.enterFirstName(UserValidation.java:45)
	at com.bridgelab.junituservalidation.UserValidation.enterFirstName(UserValidation.java:45)
	at com.bridgelab.junituservalidation.UserValidation.enterFirstName(UserValidation.java:45)
	at com.bridgelab.junituservalidation.UserValidation.enterFirstName(UserValidation.java:45)
	at com.bridgelab.junituservalidation.UserValidation.enterFirstName(UserValidation.java:45)
	at com.bridgelab.junituservalidation.UserValidation.enterFirstName(UserValidation.java:45)
	at com.bridgelab.junituservalidation.UserValidation.enterFirstName(UserValidation.java:45)
	at com.bridgelab.junituservalidation.UserValidation.enterFirstName(UserValidation.java:45)
	at com.bridgelab.junituservalidation.UserValidation.enterFirstName(UserValidation.java:45)
	at com.bridgelab.junituservalidation.UserValidation.enterFirstName(UserValidation.java:45)
	at com.bridgelab.junituservalidation.UserValidation.enterFirstName(UserValidation.java:45)
	at com.bridgelab.junituservalidation.UserValidation.enterFirstName(UserValidation.java:45)
	at com.bridgelab.junituservalidation.UserValidation.enterFirstName(UserValidation.java:45)
	at com.bridgelab.junituservalidation.UserValidation.enterFirstName(UserValidation.java:45)
	at com.bridgelab.junituservalidation.UserValidation.enterFirstName(UserValidation.java:45)
	at com.bridgelab.junituservalidation.UserValidation.enterFirstName(UserValidation.java:45)
	at com.bridgelab.junituservalidation.UserValidation.enterFirstName(UserValidation.java:45)
	at com.bridgelab.junituservalidation.UserValidation.enterFirstName(UserValidation.java:45)
	at com.bridgelab.junituservalidation.UserValidation.enterFirstName(UserValidation.java:45)
	at com.bridgelab.junituservalidation.UserValidation.enterFirstName(UserValidation.java:45)
	at com.bridgelab.junituservalidation.UserValidation.enterFirstName(UserValidation.java:45)
	at com.bridgelab.junituservalidation.UserValidation.enterFirstName(UserValidation.java:45)
	at com.bridgelab.junituservalidation.UserValidation.enterFirstName(UserValidation.java:45)
	at com.bridgelab.junituservalidation.UserValidation.enterFirstName(UserValidation.java:45)
	at com.bridgelab.junituservalidation.UserValidation.enterFirstName(UserValidation.java:45)
	at com.bridgelab.junituservalidation.UserValidation.enterFirstName(UserValidation.java:45)
	at com.bridgelab.junituservalidation.UserValidation.enterFirstName(UserValidation.java:45)
	at com.bridgelab.junituservalidation.UserValidation.enterFirstName(UserValidation.java:45)
	at com.bridgelab.junituservalidation.UserValidation.enterFirstName(UserValidation.java:45)
	at com.bridgelab.junituservalidation.UserValidation.enterFirstName(UserValidation.java:45)
	at com.bridgelab.junituservalidation.UserValidation.enterFirstName(UserValidation.java:45)
	at com.bridgelab.junituservalidation.UserValidation.enterFirstName(UserValidation.java:45)
	at com.bridgelab.junituservalidation.UserValidation.enterFirstName(UserValidation.java:45)
	at com.bridgelab.junituservalidation.UserValidation.enterFirstName(UserValidation.java:45)
	at com.bridgelab.junituservalidation.UserValidation.enterFirstName(UserValidation.java:45)
	at com.bridgelab.junituservalidation.UserValidation.enterFirstName(UserValidation.java:45)
	at com.bridgelab.junituservalidation.UserValidation.enterFirstName(UserValidation.java:45)
	at com.bridgelab.junituservalidation.UserValidation.enterFirstName(UserValidation.java:45)
	at com.bridgelab.junituservalidation.UserValidation.enterFirstName(UserValidation.java:45)
	at com.bridgelab.junituservalidation.UserValidation.enterFirstName(UserValidation.java:45)
	at com.bridgelab.junituservalidation.UserValidation.enterFirstName(UserValidation.java:45)
	at com.bridgelab.junituservalidation.UserValidation.enterFirstName(UserValidation.java:45)
	at com.bridgelab.junituservalidation.UserValidation.enterFirstName(UserValidation.java:45)
	at com.bridgelab.junituservalidation.UserValidation.enterFirstName(UserValidation.java:45)
	at com.bridgelab.junituservalidation.UserValidation.enterFirstName(UserValidation.java:45)
	at com.bridgelab.junituservalidation.UserValidation.enterFirstName(UserValidation.java:45)
	at com.bridgelab.junituservalidation.UserValidation.enterFirstName(UserValidation.java:45)
	at com.bridgelab.junituservalidation.UserValidation.enterFirstName(UserValidation.java:45)
	at com.bridgelab.junituservalidation.UserValidation.enterFirstName(UserValidation.java:45)
	at com.bridgelab.junituservalidation.UserValidation.enterFirstName(UserValidation.java:45)
	at com.bridgelab.junituservalidation.UserValidation.enterFirstName(UserValidation.java:45)
	at com.bridgelab.junituservalidation.UserValidation.enterFirstName(UserValidation.java:45)
	at com.bridgelab.junituservalidation.UserValidation.enterFirstName(UserValidation.java:45)
	at com.bridgelab.junituservalidation.UserValidation.enterFirstName(UserValidation.java:45)
	at com.bridgelab.junituservalidation.UserValidation.enterFirstName(UserValidation.java:45)
	at com.bridgelab.junituservalidation.UserValidation.enterFirstName(UserValidation.java:45)
	at com.bridgelab.junituservalidation.UserValidation.enterFirstName(UserValidation.java:45)
	at com.bridgelab.junituservalidation.UserValidation.enterFirstName(UserValidation.java:45)
	at com.bridgelab.junituservalidation.UserValidation.enterFirstName(UserValidation.java:45)
	at com.bridgelab.junituservalidation.UserValidation.enterFirstName(UserValidation.java:45)
	at com.bridgelab.junituservalidation.UserValidation.enterFirstName(UserValidation.java:45)
	at com.bridgelab.junituservalidation.UserValidation.enterFirstName(UserValidation.java:45)
	at com.bridgelab.junituservalidation.UserValidation.enterFirstName(UserValidation.java:45)
	at com.bridgelab.junituservalidation.UserValidation.enterFirstName(UserValidation.java:45)
	at com.bridgelab.junituservalidation.UserValidation.enterFirstName(UserValidation.java:45)
	at com.bridgelab.junituservalidation.UserValidation.enterFirstName(UserValidation.java:45)
	at com.bridgelab.junituservalidation.UserValidation.enterFirstName(UserValidation.java:45)
	at com.bridgelab.junituservalidation.UserValidation.enterFirstName(UserValidation.java:45)
	at com.bridgelab.junituservalidation.UserValidation.enterFirstName(UserValidation.java:45)
	at com.bridgelab.junituservalidation.UserValidation.enterFirstName(UserValidation.java:45)
	at com.bridgelab.junituservalidation.UserValidation.enterFirstName(UserValidation.java:45)
	at com.bridgelab.junituservalidation.UserValidation.enterFirstName(UserValidation.java:45)
	at com.bridgelab.junituservalidation.UserValidation.enterFirstName(UserValidation.java:45)
	at com.bridgelab.junituservalidation.UserValidation.enterFirstName(UserValidation.java:45)
	at com.bridgelab.junituservalidation.UserValidation.enterFirstName(UserValidation.java:45)
	at com.bridgelab.junituservalidation.UserValidation.enterFirstName(UserValidation.java:45)
	at com.bridgelab.junituservalidation.UserValidation.enterFirstName(UserValidation.java:45)
	at com.bridgelab.junituservalidation.UserValidation.enterFirstName(UserValidation.java:45)
	at com.bridgelab.junituservalidation.UserValidation.enterFirstName(UserValidation.java:45)
	at com.bridgelab.junituservalidation.UserValidation.enterFirstName(UserValidation.java:45)
	at com.bridgelab.junituservalidation.UserValidation.enterFirstName(UserValidation.java:45)
	at com.bridgelab.junituservalidation.UserValidation.enterFirstName(UserValidation.java:45)
	at com.bridgelab.junituservalidation.UserValidation.enterFirstName(UserValidation.java:45)
	at com.bridgelab.junituservalidation.UserValidation.enterFirstName(UserValidation.java:45)
	at com.bridgelab.junituservalidation.UserValidation.enterFirstName(UserValidation.java:45)
	at com.bridgelab.junituservalidation.UserValidation.enterFirstName(UserValidation.java:45)
	at com.bridgelab.junituservalidation.UserValidation.enterFirstName(UserValidation.java:45)
	at com.bridgelab.junituservalidation.UserValidation.enterFirstName(UserValidation.java:45)
	at com.bridgelab.junituservalidation.UserValidation.enterFirstName(UserValidation.java:45)
	at com.bridgelab.junituservalidation.UserValidation.enterFirstName(UserValidation.java:45)
	at com.bridgelab.junituservalidation.UserValidation.enterFirstName(UserValidation.java:45)
	at com.bridgelab.junituservalidation.UserValidation.enterFirstName(UserValidation.java:45)
	at com.bridgelab.junituservalidation.UserValidation.enterFirstName(UserValidation.java:45)
	at com.bridgelab.junituservalidation.UserValidation.enterFirstName(UserValidation.java:45)
	at com.bridgelab.junituservalidation.UserValidation.enterFirstName(UserValidation.java:45)
	at com.bridgelab.junituservalidation.UserValidation.enterFirstName(UserValidation.java:45)
	at com.bridgelab.junituservalidation.UserValidation.enterFirstName(UserValidation.java:45)
	at com.bridgelab.junituservalidation.UserValidation.enterFirstName(UserValidation.java:45)
	at com.bridgelab.junituservalidation.UserValidation.enterFirstName(UserValidation.java:45)
	at com.bridgelab.junituservalidation.UserValidation.enterFirstName(UserValidation.java:45)
	at com.bridgelab.junituservalidation.UserValidation.enterFirstName(UserValidation.java:45)
	at com.bridgelab.junituservalidation.UserValidation.enterFirstName(UserValidation.java:45)
	at com.bridgelab.junituservalidation.UserValidation.enterFirstName(UserValidation.java:45)
	at com.bridgelab.junituservalidation.UserValidation.enterFirstName(UserValidation.java:45)
	at com.bridgelab.junituservalidation.UserValidation.enterFirstName(UserValidation.java:45)
	at com.bridgelab.junituservalidation.UserValidation.enterFirstName(UserValidation.java:45)
	at com.bridgelab.junituservalidation.UserValidation.enterFirstName(UserValidation.java:45)
	at com.bridgelab.junituservalidation.UserValidation.enterFirstName(UserValidation.java:45)
</failure>
  </testcase>
  <system-out><![CDATA[

























































































































































































































































































































































































































































































































































































































































































































































































































































































































































































































































































































































































































































































































































































































































































































































































































































































































































































































































































































































































































































































































































































































































































































































































































































































































































































































































































































































































































































































































































































































































































































































































































































































































































































































































































































































































































































































































































































































































































































































































































































































































































































































































































































































































































































































































































































































































































































































































































































































































































































































































































































































































































































































































































































































































































































































































































































































































































































































































































































































































































































































































































































































































































































































































































































































































































































































































































































































































































































































































































































































































































































































































































































































































































































































































































































































































































































































































































































































































































































































































































































































































































































































































































































































































































































































































































































































































































































































































































































































































































































































































































































































































































































































































































































































































































































































































































































































































































































































































































































































































































































































































































































































































































































































































































































































































































































































































































































































































































































































































































































































































































































































































































































































































































































































































































































































































































































































































































































































































































































































































































































































































































































































































































































































































































































































































































































































































































































































































































































































































































































































































































































































































































































































































































































































































































































































































































































































































































































































































































































































































































































































































































































































































































































































































































































































































































































































































































































































































































































































































































































































































































































































































































































































































































































































































































































































































































































































































































































































































































































































































































































































































































































]]></system-out>
  <system-err><![CDATA[Wrong Input : Fist letter Should be capital and must contains minimum 3 characters :
Wrong Input : Fist letter Should be capital and must contains minimum 3 characters :
Wrong Input : Fist letter Should be capital and must contains minimum 3 characters :
Wrong Input : Fist letter Should be capital and must contains minimum 3 characters :
Wrong Input : Fist letter Should be capital and must contains minimum 3 characters :
Wrong Input : Fist letter Should be capital and must contains minimum 3 characters :
Wrong Input : Fist letter Should be capital and must contains minimum 3 characters :
Wrong Input : Fist letter Should be capital and must contains minimum 3 characters :
Wrong Input : Fist letter Should be capital and must contains minimum 3 characters :
Wrong Input : Fist letter Should be capital and must contains minimum 3 characters :
Wrong Input : Fist letter Should be capital and must contains minimum 3 characters :
Wrong Input : Fist letter Should be capital and must contains minimum 3 characters :
Wrong Input : Fist letter Should be capital and must contains minimum 3 characters :
Wrong Input : Fist letter Should be capital and must contains minimum 3 characters :
Wrong Input : Fist letter Should be capital and must contains minimum 3 characters :
Wrong Input : Fist letter Should be capital and must contains minimum 3 characters :
Wrong Input : Fist letter Should be capital and must contains minimum 3 characters :
Wrong Input : Fist letter Should be capital and must contains minimum 3 characters :
Wrong Input : Fist letter Should be capital and must contains minimum 3 characters :
Wrong Input : Fist letter Should be capital and must contains minimum 3 characters :
Wrong Input : Fist letter Should be capital and must contains minimum 3 characters :
Wrong Input : Fist letter Should be capital and must contains minimum 3 characters :
Wrong Input : Fist letter Should be capital and must contains minimum 3 characters :
Wrong Input : Fist letter Should be capital and must contains minimum 3 characters :
Wrong Input : Fist letter Should be capital and must contains minimum 3 characters :
Wrong Input : Fist letter Should be capital and must contains minimum 3 characters :
Wrong Input : Fist letter Should be capital and must contains minimum 3 characters :
Wrong Input : Fist letter Should be capital and must contains minimum 3 characters :
Wrong Input : Fist letter Should be capital and must contains minimum 3 characters :
Wrong Input : Fist letter Should be capital and must contains minimum 3 characters :
Wrong Input : Fist letter Should be capital and must contains minimum 3 characters :
Wrong Input : Fist letter Should be capital and must contains minimum 3 characters :
Wrong Input : Fist letter Should be capital and must contains minimum 3 characters :
Wrong Input : Fist letter Should be capital and must contains minimum 3 characters :
Wrong Input : Fist letter Should be capital and must contains minimum 3 characters :
Wrong Input : Fist letter Should be capital and must contains minimum 3 characters :
Wrong Input : Fist letter Should be capital and must contains minimum 3 characters :
Wrong Input : Fist letter Should be capital and must contains minimum 3 characters :
Wrong Input : Fist letter Should be capital and must contains minimum 3 characters :
Wrong Input : Fist letter Should be capital and must contains minimum 3 characters :
Wrong Input : Fist letter Should be capital and must contains minimum 3 characters :
Wrong Input : Fist letter Should be capital and must contains minimum 3 characters :
Wrong Input : Fist letter Should be capital and must contains minimum 3 characters :
Wrong Input : Fist letter Should be capital and must contains minimum 3 characters :
Wrong Input : Fist letter Should be capital and must contains minimum 3 characters :
Wrong Input : Fist letter Should be capital and must contains minimum 3 characters :
Wrong Input : Fist letter Should be capital and must contains minimum 3 characters :
Wrong Input : Fist letter Should be capital and must contains minimum 3 characters :
Wrong Input : Fist letter Should be capital and must contains minimum 3 characters :
Wrong Input : Fist letter Should be capital and must contains minimum 3 characters :
Wrong Input : Fist letter Should be capital and must contains minimum 3 characters :
Wrong Input : Fist letter Should be capital and must contains minimum 3 characters :
Wrong Input : Fist letter Should be capital and must contains minimum 3 characters :
Wrong Input : Fist letter Should be capital and must contains minimum 3 characters :
Wrong Input : Fist letter Should be capital and must contains minimum 3 characters :
Wrong Input : Fist letter Should be capital and must contains minimum 3 characters :
Wrong Input : Fist letter Should be capital and must contains minimum 3 characters :
Wrong Input : Fist letter Should be capital and must contains minimum 3 characters :
Wrong Input : Fist letter Should be capital and must contains minimum 3 characters :
Wrong Input : Fist letter Should be capital and must contains minimum 3 characters :
Wrong Input : Fist letter Should be capital and must contains minimum 3 characters :
Wrong Input : Fist letter Should be capital and must contains minimum 3 characters :
Wrong Input : Fist letter Should be capital and must contains minimum 3 characters :
Wrong Input : Fist letter Should be capital and must contains minimum 3 characters :
Wrong Input : Fist letter Should be capital and must contains minimum 3 characters :
Wrong Input : Fist letter Should be capital and must contains minimum 3 characters :
Wrong Input : Fist letter Should be capital and must contains minimum 3 characters :
Wrong Input : Fist letter Should be capital and must contains minimum 3 characters :
Wrong Input : Fist letter Should be capital and must contains minimum 3 characters :
Wrong Input : Fist letter Should be capital and must contains minimum 3 characters :
Wrong Input : Fist letter Should be capital and must contains minimum 3 characters :
Wrong Input : Fist letter Should be capital and must contains minimum 3 characters :
Wrong Input : Fist letter Should be capital and must contains minimum 3 characters :
Wrong Input : Fist letter Should be capital and must contains minimum 3 characters :
Wrong Input : Fist letter Should be capital and must contains minimum 3 characters :
Wrong Input : Fist letter Should be capital and must contains minimum 3 characters :
Wrong Input : Fist letter Should be capital and must contains minimum 3 characters :
Wrong Input : Fist letter Should be capital and must contains minimum 3 characters :
Wrong Input : Fist letter Should be capital and must contains minimum 3 characters :
Wrong Input : Fist letter Should be capital and must contains minimum 3 characters :
Wrong Input : Fist letter Should be capital and must contains minimum 3 characters :
Wrong Input : Fist letter Should be capital and must contains minimum 3 characters :
Wrong Input : Fist letter Should be capital and must contains minimum 3 characters :
Wrong Input : Fist letter Should be capital and must contains minimum 3 characters :
Wrong Input : Fist letter Should be capital and must contains minimum 3 characters :
Wrong Input : Fist letter Should be capital and must contains minimum 3 characters :
Wrong Input : Fist letter Should be capital and must contains minimum 3 characters :
Wrong Input : Fist letter Should be capital and must contains minimum 3 characters :
Wrong Input : Fist letter Should be capital and must contains minimum 3 characters :
Wrong Input : Fist letter Should be capital and must contains minimum 3 characters :
Wrong Input : Fist letter Should be capital and must contains minimum 3 characters :
Wrong Input : Fist letter Should be capital and must contains minimum 3 characters :
Wrong Input : Fist letter Should be capital and must contains minimum 3 characters :
Wrong Input : Fist letter Should be capital and must contains minimum 3 characters :
Wrong Input : Fist letter Should be capital and must contains minimum 3 characters :
Wrong Input : Fist letter Should be capital and must contains minimum 3 characters :
Wrong Input : Fist letter Should be capital and must contains minimum 3 characters :
Wrong Input : Fist letter Should be capital and must contains minimum 3 characters :
Wrong Input : Fist letter Should be capital and must contains minimum 3 characters :
Wrong Input : Fist letter Should be capital and must contains minimum 3 characters :
Wrong Input : Fist letter Should be capital and must contains minimum 3 characters :
Wrong Input : Fist letter Should be capital and must contains minimum 3 characters :
Wrong Input : Fist letter Should be capital and must contains minimum 3 characters :
Wrong Input : Fist letter Should be capital and must contains minimum 3 characters :
Wrong Input : Fist letter Should be capital and must contains minimum 3 characters :
Wrong Input : Fist letter Should be capital and must contains minimum 3 characters :
Wrong Input : Fist letter Should be capital and must contains minimum 3 characters :
Wrong Input : Fist letter Should be capital and must contains minimum 3 characters :
Wrong Input : Fist letter Should be capital and must contains minimum 3 characters :
Wrong Input : Fist letter Should be capital and must contains minimum 3 characters :
Wrong Input : Fist letter Should be capital and must contains minimum 3 characters :
Wrong Input : Fist letter Should be capital and must contains minimum 3 characters :
Wrong Input : Fist letter Should be capital and must contains minimum 3 characters :
Wrong Input : Fist letter Should be capital and must contains minimum 3 characters :
Wrong Input : Fist letter Should be capital and must contains minimum 3 characters :
Wrong Input : Fist letter Should be capital and must contains minimum 3 characters :
Wrong Input : Fist letter Should be capital and must contains minimum 3 characters :
Wrong Input : Fist letter Should be capital and must contains minimum 3 characters :
Wrong Input : Fist letter Should be capital and must contains minimum 3 characters :
Wrong Input : Fist letter Should be capital and must contains minimum 3 characters :
Wrong Input : Fist letter Should be capital and must contains minimum 3 characters :
Wrong Input : Fist letter Should be capital and must contains minimum 3 characters :
Wrong Input : Fist letter Should be capital and must contains minimum 3 characters :
Wrong Input : Fist letter Should be capital and must contains minimum 3 characters :
Wrong Input : Fist letter Should be capital and must contains minimum 3 characters :
Wrong Input : Fist letter Should be capital and must contains minimum 3 characters :
Wrong Input : Fist letter Should be capital and must contains minimum 3 characters :
Wrong Input : Fist letter Should be capital and must contains minimum 3 characters :
Wrong Input : Fist letter Should be capital and must contains minimum 3 characters :
Wrong Input : Fist letter Should be capital and must contains minimum 3 characters :
Wrong Input : Fist letter Should be capital and must contains minimum 3 characters :
Wrong Input : Fist letter Should be capital and must contains minimum 3 characters :
Wrong Input : Fist letter Should be capital and must contains minimum 3 characters :
Wrong Input : Fist letter Should be capital and must contains minimum 3 characters :
Wrong Input : Fist letter Should be capital and must contains minimum 3 characters :
Wrong Input : Fist letter Should be capital and must contains minimum 3 characters :
Wrong Input : Fist letter Should be capital and must contains minimum 3 characters :
Wrong Input : Fist letter Should be capital and must contains minimum 3 characters :
Wrong Input : Fist letter Should be capital and must contains minimum 3 characters :
Wrong Input : Fist letter Should be capital and must contains minimum 3 characters :
Wrong Input : Fist letter Should be capital and must contains minimum 3 characters :
Wrong Input : Fist letter Should be capital and must contains minimum 3 characters :
Wrong Input : Fist letter Should be capital and must contains minimum 3 characters :
Wrong Input : Fist letter Should be capital and must contains minimum 3 characters :
Wrong Input : Fist letter Should be capital and must contains minimum 3 characters :
Wrong Input : Fist letter Should be capital and must contains minimum 3 characters :
Wrong Input : Fist letter Should be capital and must contains minimum 3 characters :
Wrong Input : Fist letter Should be capital and must contains minimum 3 characters :
Wrong Input : Fist letter Should be capital and must contains minimum 3 characters :
Wrong Input : Fist letter Should be capital and must contains minimum 3 characters :
Wrong Input : Fist letter Should be capital and must contains minimum 3 characters :
Wrong Input : Fist letter Should be capital and must contains minimum 3 characters :
Wrong Input : Fist letter Should be capital and must contains minimum 3 characters :
Wrong Input : Fist letter Should be capital and must contains minimum 3 characters :
Wrong Input : Fist letter Should be capital and must contains minimum 3 characters :
Wrong Input : Fist letter Should be capital and must contains minimum 3 characters :
Wrong Input : Fist letter Should be capital and must contains minimum 3 characters :
Wrong Input : Fist letter Should be capital and must contains minimum 3 characters :
Wrong Input : Fist letter Should be capital and must contains minimum 3 characters :
Wrong Input : Fist letter Should be capital and must contains minimum 3 characters :
Wrong Input : Fist letter Should be capital and must contains minimum 3 characters :
Wrong Input : Fist letter Should be capital and must contains minimum 3 characters :
Wrong Input : Fist letter Should be capital and must contains minimum 3 characters :
Wrong Input : Fist letter Should be capital and must contains minimum 3 characters :
Wrong Input : Fist letter Should be capital and must contains minimum 3 characters :
Wrong Input : Fist letter Should be capital and must contains minimum 3 characters :
Wrong Input : Fist letter Should be capital and must contains minimum 3 characters :
Wrong Input : Fist letter Should be capital and must contains minimum 3 characters :
Wrong Input : Fist letter Should be capital and must contains minimum 3 characters :
Wrong Input : Fist letter Should be capital and must contains minimum 3 characters :
Wrong Input : Fist letter Should be capital and must contains minimum 3 characters :
Wrong Input : Fist letter Should be capital and must contains minimum 3 characters :
Wrong Input : Fist letter Should be capital and must contains minimum 3 characters :
Wrong Input : Fist letter Should be capital and must contains minimum 3 characters :
Wrong Input : Fist letter Should be capital and must contains minimum 3 characters :
Wrong Input : Fist letter Should be capital and must contains minimum 3 characters :
Wrong Input : Fist letter Should be capital and must contains minimum 3 characters :
Wrong Input : Fist letter Should be capital and must contains minimum 3 characters :
Wrong Input : Fist letter Should be capital and must contains minimum 3 characters :
Wrong Input : Fist letter Should be capital and must contains minimum 3 characters :
Wrong Input : Fist letter Should be capital and must contains minimum 3 characters :
Wrong Input : Fist letter Should be capital and must contains minimum 3 characters :
Wrong Input : Fist letter Should be capital and must contains minimum 3 characters :
Wrong Input : Fist letter Should be capital and must contains minimum 3 characters :
Wrong Input : Fist letter Should be capital and must contains minimum 3 characters :
Wrong Input : Fist letter Should be capital and must contains minimum 3 characters :
Wrong Input : Fist letter Should be capital and must contains minimum 3 characters :
Wrong Input : Fist letter Should be capital and must contains minimum 3 characters :
Wrong Input : Fist letter Should be capital and must contains minimum 3 characters :
Wrong Input : Fist letter Should be capital and must contains minimum 3 characters :
Wrong Input : Fist letter Should be capital and must contains minimum 3 characters :
Wrong Input : Fist letter Should be capital and must contains minimum 3 characters :
Wrong Input : Fist letter Should be capital and must contains minimum 3 characters :
Wrong Input : Fist letter Should be capital and must contains minimum 3 characters :
Wrong Input : Fist letter Should be capital and must contains minimum 3 characters :
Wrong Input : Fist letter Should be capital and must contains minimum 3 characters :
Wrong Input : Fist letter Should be capital and must contains minimum 3 characters :
Wrong Input : Fist letter Should be capital and must contains minimum 3 characters :
Wrong Input : Fist letter Should be capital and must contains minimum 3 characters :
Wrong Input : Fist letter Should be capital and must contains minimum 3 characters :
Wrong Input : Fist letter Should be capital and must contains minimum 3 characters :
Wrong Input : Fist letter Should be capital and must contains minimum 3 characters :
Wrong Input : Fist letter Should be capital and must contains minimum 3 characters :
Wrong Input : Fist letter Should be capital and must contains minimum 3 characters :
Wrong Input : Fist letter Should be capital and must contains minimum 3 characters :
Wrong Input : Fist letter Should be capital and must contains minimum 3 characters :
Wrong Input : Fist letter Should be capital and must contains minimum 3 characters :
Wrong Input : Fist letter Should be capital and must contains minimum 3 characters :
Wrong Input : Fist letter Should be capital and must contains minimum 3 characters :
Wrong Input : Fist letter Should be capital and must contains minimum 3 characters :
Wrong Input : Fist letter Should be capital and must contains minimum 3 characters :
Wrong Input : Fist letter Should be capital and must contains minimum 3 characters :
Wrong Input : Fist letter Should be capital and must contains minimum 3 characters :
Wrong Input : Fist letter Should be capital and must contains minimum 3 characters :
Wrong Input : Fist letter Should be capital and must contains minimum 3 characters :
Wrong Input : Fist letter Should be capital and must contains minimum 3 characters :
Wrong Input : Fist letter Should be capital and must contains minimum 3 characters :
Wrong Input : Fist letter Should be capital and must contains minimum 3 characters :
Wrong Input : Fist letter Should be capital and must contains minimum 3 characters :
Wrong Input : Fist letter Should be capital and must contains minimum 3 characters :
Wrong Input : Fist letter Should be capital and must contains minimum 3 characters :
Wrong Input : Fist letter Should be capital and must contains minimum 3 characters :
Wrong Input : Fist letter Should be capital and must contains minimum 3 characters :
Wrong Input : Fist letter Should be capital and must contains minimum 3 characters :
Wrong Input : Fist letter Should be capital and must contains minimum 3 characters :
Wrong Input : Fist letter Should be capital and must contains minimum 3 characters :
Wrong Input : Fist letter Should be capital and must contains minimum 3 characters :
Wrong Input : Fist letter Should be capital and must contains minimum 3 characters :
Wrong Input : Fist letter Should be capital and must contains minimum 3 characters :
Wrong Input : Fist letter Should be capital and must contains minimum 3 characters :
Wrong Input : Fist letter Should be capital and must contains minimum 3 characters :
Wrong Input : Fist letter Should be capital and must contains minimum 3 characters :
Wrong Input : Fist letter Should be capital and must contains minimum 3 characters :
Wrong Input : Fist letter Should be capital and must contains minimum 3 characters :
Wrong Input : Fist letter Should be capital and must contains minimum 3 characters :
Wrong Input : Fist letter Should be capital and must contains minimum 3 characters :
Wrong Input : Fist letter Should be capital and must contains minimum 3 characters :
Wrong Input : Fist letter Should be capital and must contains minimum 3 characters :
Wrong Input : Fist letter Should be capital and must contains minimum 3 characters :
Wrong Input : Fist letter Should be capital and must contains minimum 3 characters :
Wrong Input : Fist letter Should be capital and must contains minimum 3 characters :
Wrong Input : Fist letter Should be capital and must contains minimum 3 characters :
Wrong Input : Fist letter Should be capital and must contains minimum 3 characters :
Wrong Input : Fist letter Should be capital and must contains minimum 3 characters :
Wrong Input : Fist letter Should be capital and must contains minimum 3 characters :
Wrong Input : Fist letter Should be capital and must contains minimum 3 characters :
Wrong Input : Fist letter Should be capital and must contains minimum 3 characters :
Wrong Input : Fist letter Should be capital and must contains minimum 3 characters :
Wrong Input : Fist letter Should be capital and must contains minimum 3 characters :
Wrong Input : Fist letter Should be capital and must contains minimum 3 characters :
Wrong Input : Fist letter Should be capital and must contains minimum 3 characters :
Wrong Input : Fist letter Should be capital and must contains minimum 3 characters :
Wrong Input : Fist letter Should be capital and must contains minimum 3 characters :
Wrong Input : Fist letter Should be capital and must contains minimum 3 characters :
Wrong Input : Fist letter Should be capital and must contains minimum 3 characters :
Wrong Input : Fist letter Should be capital and must contains minimum 3 characters :
Wrong Input : Fist letter Should be capital and must contains minimum 3 characters :
Wrong Input : Fist letter Should be capital and must contains minimum 3 characters :
Wrong Input : Fist letter Should be capital and must contains minimum 3 characters :
Wrong Input : Fist letter Should be capital and must contains minimum 3 characters :
Wrong Input : Fist letter Should be capital and must contains minimum 3 characters :
Wrong Input : Fist letter Should be capital and must contains minimum 3 characters :
Wrong Input : Fist letter Should be capital and must contains minimum 3 characters :
Wrong Input : Fist letter Should be capital and must contains minimum 3 characters :
Wrong Input : Fist letter Should be capital and must contains minimum 3 characters :
Wrong Input : Fist letter Should be capital and must contains minimum 3 characters :
Wrong Input : Fist letter Should be capital and must contains minimum 3 characters :
Wrong Input : Fist letter Should be capital and must contains minimum 3 characters :
Wrong Input : Fist letter Should be capital and must contains minimum 3 characters :
Wrong Input : Fist letter Should be capital and must contains minimum 3 characters :
Wrong Input : Fist letter Should be capital and must contains minimum 3 characters :
Wrong Input : Fist letter Should be capital and must contains minimum 3 characters :
Wrong Input : Fist letter Should be capital and must contains minimum 3 characters :
Wrong Input : Fist letter Should be capital and must contains minimum 3 characters :
Wrong Input : Fist letter Should be capital and must contains minimum 3 characters :
Wrong Input : Fist letter Should be capital and must contains minimum 3 characters :
Wrong Input : Fist letter Should be capital and must contains minimum 3 characters :
Wrong Input : Fist letter Should be capital and must contains minimum 3 characters :
Wrong Input : Fist letter Should be capital and must contains minimum 3 characters :
Wrong Input : Fist letter Should be capital and must contains minimum 3 characters :
Wrong Input : Fist letter Should be capital and must contains minimum 3 characters :
Wrong Input : Fist letter Should be capital and must contains minimum 3 characters :
Wrong Input : Fist letter Should be capital and must contains minimum 3 characters :
Wrong Input : Fist letter Should be capital and must contains minimum 3 characters :
Wrong Input : Fist letter Should be capital and must contains minimum 3 characters :
Wrong Input : Fist letter Should be capital and must contains minimum 3 characters :
Wrong Input : Fist letter Should be capital and must contains minimum 3 characters :
Wrong Input : Fist letter Should be capital and must contains minimum 3 characters :
Wrong Input : Fist letter Should be capital and must contains minimum 3 characters :
Wrong Input : Fist letter Should be capital and must contains minimum 3 characters :
Wrong Input : Fist letter Should be capital and must contains minimum 3 characters :
Wrong Input : Fist letter Should be capital and must contains minimum 3 characters :
Wrong Input : Fist letter Should be capital and must contains minimum 3 characters :
Wrong Input : Fist letter Should be capital and must contains minimum 3 characters :
Wrong Input : Fist letter Should be capital and must contains minimum 3 characters :
Wrong Input : Fist letter Should be capital and must contains minimum 3 characters :
Wrong Input : Fist letter Should be capital and must contains minimum 3 characters :
Wrong Input : Fist letter Should be capital and must contains minimum 3 characters :
Wrong Input : Fist letter Should be capital and must contains minimum 3 characters :
Wrong Input : Fist letter Should be capital and must contains minimum 3 characters :
Wrong Input : Fist letter Should be capital and must contains minimum 3 characters :
Wrong Input : Fist letter Should be capital and must contains minimum 3 characters :
Wrong Input : Fist letter Should be capital and must contains minimum 3 characters :
Wrong Input : Fist letter Should be capital and must contains minimum 3 characters :
Wrong Input : Fist letter Should be capital and must contains minimum 3 characters :
Wrong Input : Fist letter Should be capital and must contains minimum 3 characters :
Wrong Input : Fist letter Should be capital and must contains minimum 3 characters :
Wrong Input : Fist letter Should be capital and must contains minimum 3 characters :
Wrong Input : Fist letter Should be capital and must contains minimum 3 characters :
Wrong Input : Fist letter Should be capital and must contains minimum 3 characters :
Wrong Input : Fist letter Should be capital and must contains minimum 3 characters :
Wrong Input : Fist letter Should be capital and must contains minimum 3 characters :
Wrong Input : Fist letter Should be capital and must contains minimum 3 characters :
Wrong Input : Fist letter Should be capital and must contains minimum 3 characters :
Wrong Input : Fist letter Should be capital and must contains minimum 3 characters :
Wrong Input : Fist letter Should be capital and must contains minimum 3 characters :
Wrong Input : Fist letter Should be capital and must contains minimum 3 characters :
Wrong Input : Fist letter Should be capital and must contains minimum 3 characters :
Wrong Input : Fist letter Should be capital and must contains minimum 3 characters :
Wrong Input : Fist letter Should be capital and must contains minimum 3 characters :
Wrong Input : Fist letter Should be capital and must contains minimum 3 characters :
Wrong Input : Fist letter Should be capital and must contains minimum 3 characters :
Wrong Input : Fist letter Should be capital and must contains minimum 3 characters :
Wrong Input : Fist letter Should be capital and must contains minimum 3 characters :
Wrong Input : Fist letter Should be capital and must contains minimum 3 characters :
Wrong Input : Fist letter Should be capital and must contains minimum 3 characters :
Wrong Input : Fist letter Should be capital and must contains minimum 3 characters :
Wrong Input : Fist letter Should be capital and must contains minimum 3 characters :
Wrong Input : Fist letter Should be capital and must contains minimum 3 characters :
Wrong Input : Fist letter Should be capital and must contains minimum 3 characters :
Wrong Input : Fist letter Should be capital and must contains minimum 3 characters :
Wrong Input : Fist letter Should be capital and must contains minimum 3 characters :
Wrong Input : Fist letter Should be capital and must contains minimum 3 characters :
Wrong Input : Fist letter Should be capital and must contains minimum 3 characters :
Wrong Input : Fist letter Should be capital and must contains minimum 3 characters :
Wrong Input : Fist letter Should be capital and must contains minimum 3 characters :
Wrong Input : Fist letter Should be capital and must contains minimum 3 characters :
Wrong Input : Fist letter Should be capital and must contains minimum 3 characters :
Wrong Input : Fist letter Should be capital and must contains minimum 3 characters :
Wrong Input : Fist letter Should be capital and must contains minimum 3 characters :
Wrong Input : Fist letter Should be capital and must contains minimum 3 characters :
Wrong Input : Fist letter Should be capital and must contains minimum 3 characters :
Wrong Input : Fist letter Should be capital and must contains minimum 3 characters :
Wrong Input : Fist letter Should be capital and must contains minimum 3 characters :
Wrong Input : Fist letter Should be capital and must contains minimum 3 characters :
Wrong Input : Fist letter Should be capital and must contains minimum 3 characters :
Wrong Input : Fist letter Should be capital and must contains minimum 3 characters :
Wrong Input : Fist letter Should be capital and must contains minimum 3 characters :
Wrong Input : Fist letter Should be capital and must contains minimum 3 characters :
Wrong Input : Fist letter Should be capital and must contains minimum 3 characters :
Wrong Input : Fist letter Should be capital and must contains minimum 3 characters :
Wrong Input : Fist letter Should be capital and must contains minimum 3 characters :
Wrong Input : Fist letter Should be capital and must contains minimum 3 characters :
Wrong Input : Fist letter Should be capital and must contains minimum 3 characters :
Wrong Input : Fist letter Should be capital and must contains minimum 3 characters :
Wrong Input : Fist letter Should be capital and must contains minimum 3 characters :
Wrong Input : Fist letter Should be capital and must contains minimum 3 characters :
Wrong Input : Fist letter Should be capital and must contains minimum 3 characters :
Wrong Input : Fist letter Should be capital and must contains minimum 3 characters :
Wrong Input : Fist letter Should be capital and must contains minimum 3 characters :
Wrong Input : Fist letter Should be capital and must contains minimum 3 characters :
Wrong Input : Fist letter Should be capital and must contains minimum 3 characters :
Wrong Input : Fist letter Should be capital and must contains minimum 3 characters :
Wrong Input : Fist letter Should be capital and must contains minimum 3 characters :
Wrong Input : Fist letter Should be capital and must contains minimum 3 characters :
Wrong Input : Fist letter Should be capital and must contains minimum 3 characters :
Wrong Input : Fist letter Should be capital and must contains minimum 3 characters :
Wrong Input : Fist letter Should be capital and must contains minimum 3 characters :
Wrong Input : Fist letter Should be capital and must contains minimum 3 characters :
Wrong Input : Fist letter Should be capital and must contains minimum 3 characters :
Wrong Input : Fist letter Should be capital and must contains minimum 3 characters :
Wrong Input : Fist letter Should be capital and must contains minimum 3 characters :
Wrong Input : Fist letter Should be capital and must contains minimum 3 characters :
Wrong Input : Fist letter Should be capital and must contains minimum 3 characters :
Wrong Input : Fist letter Should be capital and must contains minimum 3 characters :
Wrong Input : Fist letter Should be capital and must contains minimum 3 characters :
Wrong Input : Fist letter Should be capital and must contains minimum 3 characters :
Wrong Input : Fist letter Should be capital and must contains minimum 3 characters :
Wrong Input : Fist letter Should be capital and must contains minimum 3 characters :
Wrong Input : Fist letter Should be capital and must contains minimum 3 characters :
Wrong Input : Fist letter Should be capital and must contains minimum 3 characters :
Wrong Input : Fist letter Should be capital and must contains minimum 3 characters :
Wrong Input : Fist letter Should be capital and must contains minimum 3 characters :
Wrong Input : Fist letter Should be capital and must contains minimum 3 characters :
Wrong Input : Fist letter Should be capital and must contains minimum 3 characters :
Wrong Input : Fist letter Should be capital and must contains minimum 3 characters :
Wrong Input : Fist letter Should be capital and must contains minimum 3 characters :
Wrong Input : Fist letter Should be capital and must contains minimum 3 characters :
Wrong Input : Fist letter Should be capital and must contains minimum 3 characters :
Wrong Input : Fist letter Should be capital and must contains minimum 3 characters :
Wrong Input : Fist letter Should be capital and must contains minimum 3 characters :
Wrong Input : Fist letter Should be capital and must contains minimum 3 characters :
Wrong Input : Fist letter Should be capital and must contains minimum 3 characters :
Wrong Input : Fist letter Should be capital and must contains minimum 3 characters :
Wrong Input : Fist letter Should be capital and must contains minimum 3 characters :
Wrong Input : Fist letter Should be capital and must contains minimum 3 characters :
Wrong Input : Fist letter Should be capital and must contains minimum 3 characters :
Wrong Input : Fist letter Should be capital and must contains minimum 3 characters :
Wrong Input : Fist letter Should be capital and must contains minimum 3 characters :
Wrong Input : Fist letter Should be capital and must contains minimum 3 characters :
Wrong Input : Fist letter Should be capital and must contains minimum 3 characters :
Wrong Input : Fist letter Should be capital and must contains minimum 3 characters :
Wrong Input : Fist letter Should be capital and must contains minimum 3 characters :
Wrong Input : Fist letter Should be capital and must contains minimum 3 characters :
Wrong Input : Fist letter Should be capital and must contains minimum 3 characters :
Wrong Input : Fist letter Should be capital and must contains minimum 3 characters :
Wrong Input : Fist letter Should be capital and must contains minimum 3 characters :
Wrong Input : Fist letter Should be capital and must contains minimum 3 characters :
Wrong Input : Fist letter Should be capital and must contains minimum 3 characters :
Wrong Input : Fist letter Should be capital and must contains minimum 3 characters :
Wrong Input : Fist letter Should be capital and must contains minimum 3 characters :
Wrong Input : Fist letter Should be capital and must contains minimum 3 characters :
Wrong Input : Fist letter Should be capital and must contains minimum 3 characters :
Wrong Input : Fist letter Should be capital and must contains minimum 3 characters :
Wrong Input : Fist letter Should be capital and must contains minimum 3 characters :
Wrong Input : Fist letter Should be capital and must contains minimum 3 characters :
Wrong Input : Fist letter Should be capital and must contains minimum 3 characters :
Wrong Input : Fist letter Should be capital and must contains minimum 3 characters :
Wrong Input : Fist letter Should be capital and must contains minimum 3 characters :
Wrong Input : Fist letter Should be capital and must contains minimum 3 characters :
Wrong Input : Fist letter Should be capital and must contains minimum 3 characters :
Wrong Input : Fist letter Should be capital and must contains minimum 3 characters :
Wrong Input : Fist letter Should be capital and must contains minimum 3 characters :
Wrong Input : Fist letter Should be capital and must contains minimum 3 characters :
Wrong Input : Fist letter Should be capital and must contains minimum 3 characters :
Wrong Input : Fist letter Should be capital and must contains minimum 3 characters :
Wrong Input : Fist letter Should be capital and must contains minimum 3 characters :
Wrong Input : Fist letter Should be capital and must contains minimum 3 characters :
Wrong Input : Fist letter Should be capital and must contains minimum 3 characters :
Wrong Input : Fist letter Should be capital and must contains minimum 3 characters :
Wrong Input : Fist letter Should be capital and must contains minimum 3 characters :
Wrong Input : Fist letter Should be capital and must contains minimum 3 characters :
Wrong Input : Fist letter Should be capital and must contains minimum 3 characters :
Wrong Input : Fist letter Should be capital and must contains minimum 3 characters :
Wrong Input : Fist letter Should be capital and must contains minimum 3 characters :
Wrong Input : Fist letter Should be capital and must contains minimum 3 characters :
Wrong Input : Fist letter Should be capital and must contains minimum 3 characters :
Wrong Input : Fist letter Should be capital and must contains minimum 3 characters :
Wrong Input : Fist letter Should be capital and must contains minimum 3 characters :
Wrong Input : Fist letter Should be capital and must contains minimum 3 characters :
Wrong Input : Fist letter Should be capital and must contains minimum 3 characters :
Wrong Input : Fist letter Should be capital and must contains minimum 3 characters :
Wrong Input : Fist letter Should be capital and must contains minimum 3 characters :
Wrong Input : Fist letter Should be capital and must contains minimum 3 characters :
Wrong Input : Fist letter Should be capital and must contains minimum 3 characters :
Wrong Input : Fist letter Should be capital and must contains minimum 3 characters :
Wrong Input : Fist letter Should be capital and must contains minimum 3 characters :
Wrong Input : Fist letter Should be capital and must contains minimum 3 characters :
Wrong Input : Fist letter Should be capital and must contains minimum 3 characters :
Wrong Input : Fist letter Should be capital and must contains minimum 3 characters :
Wrong Input : Fist letter Should be capital and must contains minimum 3 characters :
Wrong Input : Fist letter Should be capital and must contains minimum 3 characters :
Wrong Input : Fist letter Should be capital and must contains minimum 3 characters :
Wrong Input : Fist letter Should be capital and must contains minimum 3 characters :
Wrong Input : Fist letter Should be capital and must contains minimum 3 characters :
Wrong Input : Fist letter Should be capital and must contains minimum 3 characters :
Wrong Input : Fist letter Should be capital and must contains minimum 3 characters :
Wrong Input : Fist letter Should be capital and must contains minimum 3 characters :
Wrong Input : Fist letter Should be capital and must contains minimum 3 characters :
Wrong Input : Fist letter Should be capital and must contains minimum 3 characters :
Wrong Input : Fist letter Should be capital and must contains minimum 3 characters :
Wrong Input : Fist letter Should be capital and must contains minimum 3 characters :
Wrong Input : Fist letter Should be capital and must contains minimum 3 characters :
Wrong Input : Fist letter Should be capital and must contains minimum 3 characters :
Wrong Input : Fist letter Should be capital and must contains minimum 3 characters :
Wrong Input : Fist letter Should be capital and must contains minimum 3 characters :
Wrong Input : Fist letter Should be capital and must contains minimum 3 characters :
Wrong Input : Fist letter Should be capital and must contains minimum 3 characters :
Wrong Input : Fist letter Should be capital and must contains minimum 3 characters :
Wrong Input : Fist letter Should be capital and must contains minimum 3 characters :
Wrong Input : Fist letter Should be capital and must contains minimum 3 characters :
Wrong Input : Fist letter Should be capital and must contains minimum 3 characters :
Wrong Input : Fist letter Should be capital and must contains minimum 3 characters :
Wrong Input : Fist letter Should be capital and must contains minimum 3 characters :
Wrong Input : Fist letter Should be capital and must contains minimum 3 characters :
Wrong Input : Fist letter Should be capital and must contains minimum 3 characters :
Wrong Input : Fist letter Should be capital and must contains minimum 3 characters :
Wrong Input : Fist letter Should be capital and must contains minimum 3 characters :
Wrong Input : Fist letter Should be capital and must contains minimum 3 characters :
Wrong Input : Fist letter Should be capital and must contains minimum 3 characters :
Wrong Input : Fist letter Should be capital and must contains minimum 3 characters :
Wrong Input : Fist letter Should be capital and must contains minimum 3 characters :
Wrong Input : Fist letter Should be capital and must contains minimum 3 characters :
Wrong Input : Fist letter Should be capital and must contains minimum 3 characters :
Wrong Input : Fist letter Should be capital and must contains minimum 3 characters :
Wrong Input : Fist letter Should be capital and must contains minimum 3 characters :
Wrong Input : Fist letter Should be capital and must contains minimum 3 characters :
Wrong Input : Fist letter Should be capital and must contains minimum 3 characters :
Wrong Input : Fist letter Should be capital and must contains minimum 3 characters :
Wrong Input : Fist letter Should be capital and must contains minimum 3 characters :
Wrong Input : Fist letter Should be capital and must contains minimum 3 characters :
Wrong Input : Fist letter Should be capital and must contains minimum 3 characters :
Wrong Input : Fist letter Should be capital and must contains minimum 3 characters :
Wrong Input : Fist letter Should be capital and must contains minimum 3 characters :
Wrong Input : Fist letter Should be capital and must contains minimum 3 characters :
Wrong Input : Fist letter Should be capital and must contains minimum 3 characters :
Wrong Input : Fist letter Should be capital and must contains minimum 3 characters :
Wrong Input : Fist letter Should be capital and must contains minimum 3 characters :
Wrong Input : Fist letter Should be capital and must contains minimum 3 characters :
Wrong Input : Fist letter Should be capital and must contains minimum 3 characters :
Wrong Input : Fist letter Should be capital and must contains minimum 3 characters :
Wrong Input : Fist letter Should be capital and must contains minimum 3 characters :
Wrong Input : Fist letter Should be capital and must contains minimum 3 characters :
Wrong Input : Fist letter Should be capital and must contains minimum 3 characters :
Wrong Input : Fist letter Should be capital and must contains minimum 3 characters :
Wrong Input : Fist letter Should be capital and must contains minimum 3 characters :
Wrong Input : Fist letter Should be capital and must contains minimum 3 characters :
Wrong Input : Fist letter Should be capital and must contains minimum 3 characters :
Wrong Input : Fist letter Should be capital and must contains minimum 3 characters :
Wrong Input : Fist letter Should be capital and must contains minimum 3 characters :
Wrong Input : Fist letter Should be capital and must contains minimum 3 characters :
Wrong Input : Fist letter Should be capital and must contains minimum 3 characters :
Wrong Input : Fist letter Should be capital and must contains minimum 3 characters :
Wrong Input : Fist letter Should be capital and must contains minimum 3 characters :
Wrong Input : Fist letter Should be capital and must contains minimum 3 characters :
Wrong Input : Fist letter Should be capital and must contains minimum 3 characters :
Wrong Input : Fist letter Should be capital and must contains minimum 3 characters :
Wrong Input : Fist letter Should be capital and must contains minimum 3 characters :
Wrong Input : Fist letter Should be capital and must contains minimum 3 characters :
Wrong Input : Fist letter Should be capital and must contains minimum 3 characters :
Wrong Input : Fist letter Should be capital and must contains minimum 3 characters :
Wrong Input : Fist letter Should be capital and must contains minimum 3 characters :
Wrong Input : Fist letter Should be capital and must contains minimum 3 characters :
Wrong Input : Fist letter Should be capital and must contains minimum 3 characters :
Wrong Input : Fist letter Should be capital and must contains minimum 3 characters :
Wrong Input : Fist letter Should be capital and must contains minimum 3 characters :
Wrong Input : Fist letter Should be capital and must contains minimum 3 characters :
Wrong Input : Fist letter Should be capital and must contains minimum 3 characters :
Wrong Input : Fist letter Should be capital and must contains minimum 3 characters :
Wrong Input : Fist letter Should be capital and must contains minimum 3 characters :
Wrong Input : Fist letter Should be capital and must contains minimum 3 characters :
Wrong Input : Fist letter Should be capital and must contains minimum 3 characters :
Wrong Input : Fist letter Should be capital and must contains minimum 3 characters :
Wrong Input : Fist letter Should be capital and must contains minimum 3 characters :
Wrong Input : Fist letter Should be capital and must contains minimum 3 characters :
Wrong Input : Fist letter Should be capital and must contains minimum 3 characters :
Wrong Input : Fist letter Should be capital and must contains minimum 3 characters :
Wrong Input : Fist letter Should be capital and must contains minimum 3 characters :
Wrong Input : Fist letter Should be capital and must contains minimum 3 characters :
Wrong Input : Fist letter Should be capital and must contains minimum 3 characters :
Wrong Input : Fist letter Should be capital and must contains minimum 3 characters :
Wrong Input : Fist letter Should be capital and must contains minimum 3 characters :
Wrong Input : Fist letter Should be capital and must contains minimum 3 characters :
Wrong Input : Fist letter Should be capital and must contains minimum 3 characters :
Wrong Input : Fist letter Should be capital and must contains minimum 3 characters :
Wrong Input : Fist letter Should be capital and must contains minimum 3 characters :
Wrong Input : Fist letter Should be capital and must contains minimum 3 characters :
Wrong Input : Fist letter Should be capital and must contains minimum 3 characters :
Wrong Input : Fist letter Should be capital and must contains minimum 3 characters :
Wrong Input : Fist letter Should be capital and must contains minimum 3 characters :
Wrong Input : Fist letter Should be capital and must contains minimum 3 characters :
Wrong Input : Fist letter Should be capital and must contains minimum 3 characters :
Wrong Input : Fist letter Should be capital and must contains minimum 3 characters :
Wrong Input : Fist letter Should be capital and must contains minimum 3 characters :
Wrong Input : Fist letter Should be capital and must contains minimum 3 characters :
Wrong Input : Fist letter Should be capital and must contains minimum 3 characters :
Wrong Input : Fist letter Should be capital and must contains minimum 3 characters :
Wrong Input : Fist letter Should be capital and must contains minimum 3 characters :
Wrong Input : Fist letter Should be capital and must contains minimum 3 characters :
Wrong Input : Fist letter Should be capital and must contains minimum 3 characters :
Wrong Input : Fist letter Should be capital and must contains minimum 3 characters :
Wrong Input : Fist letter Should be capital and must contains minimum 3 characters :
Wrong Input : Fist letter Should be capital and must contains minimum 3 characters :
Wrong Input : Fist letter Should be capital and must contains minimum 3 characters :
Wrong Input : Fist letter Should be capital and must contains minimum 3 characters :
Wrong Input : Fist letter Should be capital and must contains minimum 3 characters :
Wrong Input : Fist letter Should be capital and must contains minimum 3 characters :
Wrong Input : Fist letter Should be capital and must contains minimum 3 characters :
Wrong Input : Fist letter Should be capital and must contains minimum 3 characters :
Wrong Input : Fist letter Should be capital and must contains minimum 3 characters :
Wrong Input : Fist letter Should be capital and must contains minimum 3 characters :
Wrong Input : Fist letter Should be capital and must contains minimum 3 characters :
Wrong Input : Fist letter Should be capital and must contains minimum 3 characters :
Wrong Input : Fist letter Should be capital and must contains minimum 3 characters :
Wrong Input : Fist letter Should be capital and must contains minimum 3 characters :
Wrong Input : Fist letter Should be capital and must contains minimum 3 characters :
Wrong Input : Fist letter Should be capital and must contains minimum 3 characters :
Wrong Input : Fist letter Should be capital and must contains minimum 3 characters :
Wrong Input : Fist letter Should be capital and must contains minimum 3 characters :
Wrong Input : Fist letter Should be capital and must contains minimum 3 characters :
Wrong Input : Fist letter Should be capital and must contains minimum 3 characters :
Wrong Input : Fist letter Should be capital and must contains minimum 3 characters :
Wrong Input : Fist letter Should be capital and must contains minimum 3 characters :
Wrong Input : Fist letter Should be capital and must contains minimum 3 characters :
Wrong Input : Fist letter Should be capital and must contains minimum 3 characters :
Wrong Input : Fist letter Should be capital and must contains minimum 3 characters :
Wrong Input : Fist letter Should be capital and must contains minimum 3 characters :
Wrong Input : Fist letter Should be capital and must contains minimum 3 characters :
Wrong Input : Fist letter Should be capital and must contains minimum 3 characters :
Wrong Input : Fist letter Should be capital and must contains minimum 3 characters :
Wrong Input : Fist letter Should be capital and must contains minimum 3 characters :
Wrong Input : Fist letter Should be capital and must contains minimum 3 characters :
Wrong Input : Fist letter Should be capital and must contains minimum 3 characters :
Wrong Input : Fist letter Should be capital and must contains minimum 3 characters :
Wrong Input : Fist letter Should be capital and must contains minimum 3 characters :
Wrong Input : Fist letter Should be capital and must contains minimum 3 characters :
Wrong Input : Fist letter Should be capital and must contains minimum 3 characters :
Wrong Input : Fist letter Should be capital and must contains minimum 3 characters :
Wrong Input : Fist letter Should be capital and must contains minimum 3 characters :
Wrong Input : Fist letter Should be capital and must contains minimum 3 characters :
Wrong Input : Fist letter Should be capital and must contains minimum 3 characters :
Wrong Input : Fist letter Should be capital and must contains minimum 3 characters :
Wrong Input : Fist letter Should be capital and must contains minimum 3 characters :
Wrong Input : Fist letter Should be capital and must contains minimum 3 characters :
Wrong Input : Fist letter Should be capital and must contains minimum 3 characters :
Wrong Input : Fist letter Should be capital and must contains minimum 3 characters :
Wrong Input : Fist letter Should be capital and must contains minimum 3 characters :
Wrong Input : Fist letter Should be capital and must contains minimum 3 characters :
Wrong Input : Fist letter Should be capital and must contains minimum 3 characters :
Wrong Input : Fist letter Should be capital and must contains minimum 3 characters :
Wrong Input : Fist letter Should be capital and must contains minimum 3 characters :
Wrong Input : Fist letter Should be capital and must contains minimum 3 characters :
Wrong Input : Fist letter Should be capital and must contains minimum 3 characters :
Wrong Input : Fist letter Should be capital and must contains minimum 3 characters :
Wrong Input : Fist letter Should be capital and must contains minimum 3 characters :
Wrong Input : Fist letter Should be capital and must contains minimum 3 characters :
Wrong Input : Fist letter Should be capital and must contains minimum 3 characters :
Wrong Input : Fist letter Should be capital and must contains minimum 3 characters :
Wrong Input : Fist letter Should be capital and must contains minimum 3 characters :
Wrong Input : Fist letter Should be capital and must contains minimum 3 characters :
Wrong Input : Fist letter Should be capital and must contains minimum 3 characters :
Wrong Input : Fist letter Should be capital and must contains minimum 3 characters :
Wrong Input : Fist letter Should be capital and must contains minimum 3 characters :
Wrong Input : Fist letter Should be capital and must contains minimum 3 characters :
Wrong Input : Fist letter Should be capital and must contains minimum 3 characters :
Wrong Input : Fist letter Should be capital and must contains minimum 3 characters :
Wrong Input : Fist letter Should be capital and must contains minimum 3 characters :
Wrong Input : Fist letter Should be capital and must contains minimum 3 characters :
Wrong Input : Fist letter Should be capital and must contains minimum 3 characters :
Wrong Input : Fist letter Should be capital and must contains minimum 3 characters :
Wrong Input : Fist letter Should be capital and must contains minimum 3 characters :
Wrong Input : Fist letter Should be capital and must contains minimum 3 characters :
Wrong Input : Fist letter Should be capital and must contains minimum 3 characters :
Wrong Input : Fist letter Should be capital and must contains minimum 3 characters :
Wrong Input : Fist letter Should be capital and must contains minimum 3 characters :
Wrong Input : Fist letter Should be capital and must contains minimum 3 characters :
Wrong Input : Fist letter Should be capital and must contains minimum 3 characters :
Wrong Input : Fist letter Should be capital and must contains minimum 3 characters :
Wrong Input : Fist letter Should be capital and must contains minimum 3 characters :
Wrong Input : Fist letter Should be capital and must contains minimum 3 characters :
Wrong Input : Fist letter Should be capital and must contains minimum 3 characters :
Wrong Input : Fist letter Should be capital and must contains minimum 3 characters :
Wrong Input : Fist letter Should be capital and must contains minimum 3 characters :
Wrong Input : Fist letter Should be capital and must contains minimum 3 characters :
Wrong Input : Fist letter Should be capital and must contains minimum 3 characters :
Wrong Input : Fist letter Should be capital and must contains minimum 3 characters :
Wrong Input : Fist letter Should be capital and must contains minimum 3 characters :
Wrong Input : Fist letter Should be capital and must contains minimum 3 characters :
Wrong Input : Fist letter Should be capital and must contains minimum 3 characters :
Wrong Input : Fist letter Should be capital and must contains minimum 3 characters :
Wrong Input : Fist letter Should be capital and must contains minimum 3 characters :
Wrong Input : Fist letter Should be capital and must contains minimum 3 characters :
Wrong Input : Fist letter Should be capital and must contains minimum 3 characters :
Wrong Input : Fist letter Should be capital and must contains minimum 3 characters :
Wrong Input : Fist letter Should be capital and must contains minimum 3 characters :
Wrong Input : Fist letter Should be capital and must contains minimum 3 characters :
Wrong Input : Fist letter Should be capital and must contains minimum 3 characters :
Wrong Input : Fist letter Should be capital and must contains minimum 3 characters :
Wrong Input : Fist letter Should be capital and must contains minimum 3 characters :
Wrong Input : Fist letter Should be capital and must contains minimum 3 characters :
Wrong Input : Fist letter Should be capital and must contains minimum 3 characters :
Wrong Input : Fist letter Should be capital and must contains minimum 3 characters :
Wrong Input : Fist letter Should be capital and must contains minimum 3 characters :
Wrong Input : Fist letter Should be capital and must contains minimum 3 characters :
Wrong Input : Fist letter Should be capital and must contains minimum 3 characters :
Wrong Input : Fist letter Should be capital and must contains minimum 3 characters :
Wrong Input : Fist letter Should be capital and must contains minimum 3 characters :
Wrong Input : Fist letter Should be capital and must contains minimum 3 characters :
Wrong Input : Fist letter Should be capital and must contains minimum 3 characters :
Wrong Input : Fist letter Should be capital and must contains minimum 3 characters :
Wrong Input : Fist letter Should be capital and must contains minimum 3 characters :
Wrong Input : Fist letter Should be capital and must contains minimum 3 characters :
Wrong Input : Fist letter Should be capital and must contains minimum 3 characters :
Wrong Input : Fist letter Should be capital and must contains minimum 3 characters :
Wrong Input : Fist letter Should be capital and must contains minimum 3 characters :
Wrong Input : Fist letter Should be capital and must contains minimum 3 characters :
Wrong Input : Fist letter Should be capital and must contains minimum 3 characters :
Wrong Input : Fist letter Should be capital and must contains minimum 3 characters :
Wrong Input : Fist letter Should be capital and must contains minimum 3 characters :
Wrong Input : Fist letter Should be capital and must contains minimum 3 characters :
Wrong Input : Fist letter Should be capital and must contains minimum 3 characters :
Wrong Input : Fist letter Should be capital and must contains minimum 3 characters :
Wrong Input : Fist letter Should be capital and must contains minimum 3 characters :
Wrong Input : Fist letter Should be capital and must contains minimum 3 characters :
Wrong Input : Fist letter Should be capital and must contains minimum 3 characters :
Wrong Input : Fist letter Should be capital and must contains minimum 3 characters :
Wrong Input : Fist letter Should be capital and must contains minimum 3 characters :
Wrong Input : Fist letter Should be capital and must contains minimum 3 characters :
Wrong Input : Fist letter Should be capital and must contains minimum 3 characters :
Wrong Input : Fist letter Should be capital and must contains minimum 3 characters :
Wrong Input : Fist letter Should be capital and must contains minimum 3 characters :
Wrong Input : Fist letter Should be capital and must contains minimum 3 characters :
Wrong Input : Fist letter Should be capital and must contains minimum 3 characters :
Wrong Input : Fist letter Should be capital and must contains minimum 3 characters :
Wrong Input : Fist letter Should be capital and must contains minimum 3 characters :
Wrong Input : Fist letter Should be capital and must contains minimum 3 characters :
Wrong Input : Fist letter Should be capital and must contains minimum 3 characters :
Wrong Input : Fist letter Should be capital and must contains minimum 3 characters :
Wrong Input : Fist letter Should be capital and must contains minimum 3 characters :
Wrong Input : Fist letter Should be capital and must contains minimum 3 characters :
Wrong Input : Fist letter Should be capital and must contains minimum 3 characters :
Wrong Input : Fist letter Should be capital and must contains minimum 3 characters :
Wrong Input : Fist letter Should be capital and must contains minimum 3 characters :
Wrong Input : Fist letter Should be capital and must contains minimum 3 characters :
Wrong Input : Fist letter Should be capital and must contains minimum 3 characters :
Wrong Input : Fist letter Should be capital and must contains minimum 3 characters :
Wrong Input : Fist letter Should be capital and must contains minimum 3 characters :
Wrong Input : Fist letter Should be capital and must contains minimum 3 characters :
Wrong Input : Fist letter Should be capital and must contains minimum 3 characters :
Wrong Input : Fist letter Should be capital and must contains minimum 3 characters :
Wrong Input : Fist letter Should be capital and must contains minimum 3 characters :
Wrong Input : Fist letter Should be capital and must contains minimum 3 characters :
Wrong Input : Fist letter Should be capital and must contains minimum 3 characters :
Wrong Input : Fist letter Should be capital and must contains minimum 3 characters :
Wrong Input : Fist letter Should be capital and must contains minimum 3 characters :
Wrong Input : Fist letter Should be capital and must contains minimum 3 characters :
Wrong Input : Fist letter Should be capital and must contains minimum 3 characters :
Wrong Input : Fist letter Should be capital and must contains minimum 3 characters :
Wrong Input : Fist letter Should be capital and must contains minimum 3 characters :
Wrong Input : Fist letter Should be capital and must contains minimum 3 characters :
Wrong Input : Fist letter Should be capital and must contains minimum 3 characters :
Wrong Input : Fist letter Should be capital and must contains minimum 3 characters :
Wrong Input : Fist letter Should be capital and must contains minimum 3 characters :
Wrong Input : Fist letter Should be capital and must contains minimum 3 characters :
Wrong Input : Fist letter Should be capital and must contains minimum 3 characters :
Wrong Input : Fist letter Should be capital and must contains minimum 3 characters :
Wrong Input : Fist letter Should be capital and must contains minimum 3 characters :
Wrong Input : Fist letter Should be capital and must contains minimum 3 characters :
Wrong Input : Fist letter Should be capital and must contains minimum 3 characters :
Wrong Input : Fist letter Should be capital and must contains minimum 3 characters :
Wrong Input : Fist letter Should be capital and must contains minimum 3 characters :
Wrong Input : Fist letter Should be capital and must contains minimum 3 characters :
Wrong Input : Fist letter Should be capital and must contains minimum 3 characters :
Wrong Input : Fist letter Should be capital and must contains minimum 3 characters :
Wrong Input : Fist letter Should be capital and must contains minimum 3 characters :
Wrong Input : Fist letter Should be capital and must contains minimum 3 characters :
Wrong Input : Fist letter Should be capital and must contains minimum 3 characters :
Wrong Input : Fist letter Should be capital and must contains minimum 3 characters :
Wrong Input : Fist letter Should be capital and must contains minimum 3 characters :
Wrong Input : Fist letter Should be capital and must contains minimum 3 characters :
Wrong Input : Fist letter Should be capital and must contains minimum 3 characters :
Wrong Input : Fist letter Should be capital and must contains minimum 3 characters :
Wrong Input : Fist letter Should be capital and must contains minimum 3 characters :
Wrong Input : Fist letter Should be capital and must contains minimum 3 characters :
Wrong Input : Fist letter Should be capital and must contains minimum 3 characters :
Wrong Input : Fist letter Should be capital and must contains minimum 3 characters :
Wrong Input : Fist letter Should be capital and must contains minimum 3 characters :
Wrong Input : Fist letter Should be capital and must contains minimum 3 characters :
Wrong Input : Fist letter Should be capital and must contains minimum 3 characters :
Wrong Input : Fist letter Should be capital and must contains minimum 3 characters :
Wrong Input : Fist letter Should be capital and must contains minimum 3 characters :
Wrong Input : Fist letter Should be capital and must contains minimum 3 characters :
Wrong Input : Fist letter Should be capital and must contains minimum 3 characters :
Wrong Input : Fist letter Should be capital and must contains minimum 3 characters :
Wrong Input : Fist letter Should be capital and must contains minimum 3 characters :
Wrong Input : Fist letter Should be capital and must contains minimum 3 characters :
Wrong Input : Fist letter Should be capital and must contains minimum 3 characters :
Wrong Input : Fist letter Should be capital and must contains minimum 3 characters :
Wrong Input : Fist letter Should be capital and must contains minimum 3 characters :
Wrong Input : Fist letter Should be capital and must contains minimum 3 characters :
Wrong Input : Fist letter Should be capital and must contains minimum 3 characters :
Wrong Input : Fist letter Should be capital and must contains minimum 3 characters :
Wrong Input : Fist letter Should be capital and must contains minimum 3 characters :
Wrong Input : Fist letter Should be capital and must contains minimum 3 characters :
Wrong Input : Fist letter Should be capital and must contains minimum 3 characters :
Wrong Input : Fist letter Should be capital and must contains minimum 3 characters :
Wrong Input : Fist letter Should be capital and must contains minimum 3 characters :
Wrong Input : Fist letter Should be capital and must contains minimum 3 characters :
Wrong Input : Fist letter Should be capital and must contains minimum 3 characters :
Wrong Input : Fist letter Should be capital and must contains minimum 3 characters :
Wrong Input : Fist letter Should be capital and must contains minimum 3 characters :
Wrong Input : Fist letter Should be capital and must contains minimum 3 characters :
Wrong Input : Fist letter Should be capital and must contains minimum 3 characters :
Wrong Input : Fist letter Should be capital and must contains minimum 3 characters :
Wrong Input : Fist letter Should be capital and must contains minimum 3 characters :
Wrong Input : Fist letter Should be capital and must contains minimum 3 characters :
Wrong Input : Fist letter Should be capital and must contains minimum 3 characters :
Wrong Input : Fist letter Should be capital and must contains minimum 3 characters :
Wrong Input : Fist letter Should be capital and must contains minimum 3 characters :
Wrong Input : Fist letter Should be capital and must contains minimum 3 characters :
Wrong Input : Fist letter Should be capital and must contains minimum 3 characters :
Wrong Input : Fist letter Should be capital and must contains minimum 3 characters :
Wrong Input : Fist letter Should be capital and must contains minimum 3 characters :
Wrong Input : Fist letter Should be capital and must contains minimum 3 characters :
Wrong Input : Fist letter Should be capital and must contains minimum 3 characters :
Wrong Input : Fist letter Should be capital and must contains minimum 3 characters :
Wrong Input : Fist letter Should be capital and must contains minimum 3 characters :
Wrong Input : Fist letter Should be capital and must contains minimum 3 characters :
Wrong Input : Fist letter Should be capital and must contains minimum 3 characters :
Wrong Input : Fist letter Should be capital and must contains minimum 3 characters :
Wrong Input : Fist letter Should be capital and must contains minimum 3 characters :
Wrong Input : Fist letter Should be capital and must contains minimum 3 characters :
Wrong Input : Fist letter Should be capital and must contains minimum 3 characters :
Wrong Input : Fist letter Should be capital and must contains minimum 3 characters :
Wrong Input : Fist letter Should be capital and must contains minimum 3 characters :
Wrong Input : Fist letter Should be capital and must contains minimum 3 characters :
Wrong Input : Fist letter Should be capital and must contains minimum 3 characters :
Wrong Input : Fist letter Should be capital and must contains minimum 3 characters :
Wrong Input : Fist letter Should be capital and must contains minimum 3 characters :
Wrong Input : Fist letter Should be capital and must contains minimum 3 characters :
Wrong Input : Fist letter Should be capital and must contains minimum 3 characters :
Wrong Input : Fist letter Should be capital and must contains minimum 3 characters :
Wrong Input : Fist letter Should be capital and must contains minimum 3 characters :
Wrong Input : Fist letter Should be capital and must contains minimum 3 characters :
Wrong Input : Fist letter Should be capital and must contains minimum 3 characters :
Wrong Input : Fist letter Should be capital and must contains minimum 3 characters :
Wrong Input : Fist letter Should be capital and must contains minimum 3 characters :
Wrong Input : Fist letter Should be capital and must contains minimum 3 characters :
Wrong Input : Fist letter Should be capital and must contains minimum 3 characters :
Wrong Input : Fist letter Should be capital and must contains minimum 3 characters :
Wrong Input : Fist letter Should be capital and must contains minimum 3 characters :
Wrong Input : Fist letter Should be capital and must contains minimum 3 characters :
Wrong Input : Fist letter Should be capital and must contains minimum 3 characters :
Wrong Input : Fist letter Should be capital and must contains minimum 3 characters :
Wrong Input : Fist letter Should be capital and must contains minimum 3 characters :
Wrong Input : Fist letter Should be capital and must contains minimum 3 characters :
Wrong Input : Fist letter Should be capital and must contains minimum 3 characters :
Wrong Input : Fist letter Should be capital and must contains minimum 3 characters :
Wrong Input : Fist letter Should be capital and must contains minimum 3 characters :
Wrong Input : Fist letter Should be capital and must contains minimum 3 characters :
Wrong Input : Fist letter Should be capital and must contains minimum 3 characters :
Wrong Input : Fist letter Should be capital and must contains minimum 3 characters :
Wrong Input : Fist letter Should be capital and must contains minimum 3 characters :
Wrong Input : Fist letter Should be capital and must contains minimum 3 characters :
Wrong Input : Fist letter Should be capital and must contains minimum 3 characters :
Wrong Input : Fist letter Should be capital and must contains minimum 3 characters :
Wrong Input : Fist letter Should be capital and must contains minimum 3 characters :
Wrong Input : Fist letter Should be capital and must contains minimum 3 characters :
Wrong Input : Fist letter Should be capital and must contains minimum 3 characters :
Wrong Input : Fist letter Should be capital and must contains minimum 3 characters :
Wrong Input : Fist letter Should be capital and must contains minimum 3 characters :
Wrong Input : Fist letter Should be capital and must contains minimum 3 characters :
Wrong Input : Fist letter Should be capital and must contains minimum 3 characters :
Wrong Input : Fist letter Should be capital and must contains minimum 3 characters :
Wrong Input : Fist letter Should be capital and must contains minimum 3 characters :
Wrong Input : Fist letter Should be capital and must contains minimum 3 characters :
Wrong Input : Fist letter Should be capital and must contains minimum 3 characters :
Wrong Input : Fist letter Should be capital and must contains minimum 3 characters :
Wrong Input : Fist letter Should be capital and must contains minimum 3 characters :
Wrong Input : Fist letter Should be capital and must contains minimum 3 characters :
Wrong Input : Fist letter Should be capital and must contains minimum 3 characters :
Wrong Input : Fist letter Should be capital and must contains minimum 3 characters :
Wrong Input : Fist letter Should be capital and must contains minimum 3 characters :
Wrong Input : Fist letter Should be capital and must contains minimum 3 characters :
Wrong Input : Fist letter Should be capital and must contains minimum 3 characters :
Wrong Input : Fist letter Should be capital and must contains minimum 3 characters :
Wrong Input : Fist letter Should be capital and must contains minimum 3 characters :
Wrong Input : Fist letter Should be capital and must contains minimum 3 characters :
Wrong Input : Fist letter Should be capital and must contains minimum 3 characters :
Wrong Input : Fist letter Should be capital and must contains minimum 3 characters :
Wrong Input : Fist letter Should be capital and must contains minimum 3 characters :
Wrong Input : Fist letter Should be capital and must contains minimum 3 characters :
Wrong Input : Fist letter Should be capital and must contains minimum 3 characters :
Wrong Input : Fist letter Should be capital and must contains minimum 3 characters :
Wrong Input : Fist letter Should be capital and must contains minimum 3 characters :
Wrong Input : Fist letter Should be capital and must contains minimum 3 characters :
Wrong Input : Fist letter Should be capital and must contains minimum 3 characters :
Wrong Input : Fist letter Should be capital and must contains minimum 3 characters :
Wrong Input : Fist letter Should be capital and must contains minimum 3 characters :
Wrong Input : Fist letter Should be capital and must contains minimum 3 characters :
Wrong Input : Fist letter Should be capital and must contains minimum 3 characters :
Wrong Input : Fist letter Should be capital and must contains minimum 3 characters :
Wrong Input : Fist letter Should be capital and must contains minimum 3 characters :
Wrong Input : Fist letter Should be capital and must contains minimum 3 characters :
Wrong Input : Fist letter Should be capital and must contains minimum 3 characters :
Wrong Input : Fist letter Should be capital and must contains minimum 3 characters :
Wrong Input : Fist letter Should be capital and must contains minimum 3 characters :
Wrong Input : Fist letter Should be capital and must contains minimum 3 characters :
Wrong Input : Fist letter Should be capital and must contains minimum 3 characters :
Wrong Input : Fist letter Should be capital and must contains minimum 3 characters :
Wrong Input : Fist letter Should be capital and must contains minimum 3 characters :
Wrong Input : Fist letter Should be capital and must contains minimum 3 characters :
Wrong Input : Fist letter Should be capital and must contains minimum 3 characters :
Wrong Input : Fist letter Should be capital and must contains minimum 3 characters :
Wrong Input : Fist letter Should be capital and must contains minimum 3 characters :
Wrong Input : Fist letter Should be capital and must contains minimum 3 characters :
Wrong Input : Fist letter Should be capital and must contains minimum 3 characters :
Wrong Input : Fist letter Should be capital and must contains minimum 3 characters :
Wrong Input : Fist letter Should be capital and must contains minimum 3 characters :
Wrong Input : Fist letter Should be capital and must contains minimum 3 characters :
Wrong Input : Fist letter Should be capital and must contains minimum 3 characters :
Wrong Input : Fist letter Should be capital and must contains minimum 3 characters :
Wrong Input : Fist letter Should be capital and must contains minimum 3 characters :
Wrong Input : Fist letter Should be capital and must contains minimum 3 characters :
Wrong Input : Fist letter Should be capital and must contains minimum 3 characters :
Wrong Input : Fist letter Should be capital and must contains minimum 3 characters :
Wrong Input : Fist letter Should be capital and must contains minimum 3 characters :
Wrong Input : Fist letter Should be capital and must contains minimum 3 characters :
Wrong Input : Fist letter Should be capital and must contains minimum 3 characters :
Wrong Input : Fist letter Should be capital and must contains minimum 3 characters :
Wrong Input : Fist letter Should be capital and must contains minimum 3 characters :
Wrong Input : Fist letter Should be capital and must contains minimum 3 characters :
Wrong Input : Fist letter Should be capital and must contains minimum 3 characters :
Wrong Input : Fist letter Should be capital and must contains minimum 3 characters :
Wrong Input : Fist letter Should be capital and must contains minimum 3 characters :
Wrong Input : Fist letter Should be capital and must contains minimum 3 characters :
Wrong Input : Fist letter Should be capital and must contains minimum 3 characters :
Wrong Input : Fist letter Should be capital and must contains minimum 3 characters :
Wrong Input : Fist letter Should be capital and must contains minimum 3 characters :
Wrong Input : Fist letter Should be capital and must contains minimum 3 characters :
Wrong Input : Fist letter Should be capital and must contains minimum 3 characters :
Wrong Input : Fist letter Should be capital and must contains minimum 3 characters :
Wrong Input : Fist letter Should be capital and must contains minimum 3 characters :
Wrong Input : Fist letter Should be capital and must contains minimum 3 characters :
Wrong Input : Fist letter Should be capital and must contains minimum 3 characters :
Wrong Input : Fist letter Should be capital and must contains minimum 3 characters :
Wrong Input : Fist letter Should be capital and must contains minimum 3 characters :
Wrong Input : Fist letter Should be capital and must contains minimum 3 characters :
Wrong Input : Fist letter Should be capital and must contains minimum 3 characters :
Wrong Input : Fist letter Should be capital and must contains minimum 3 characters :
Wrong Input : Fist letter Should be capital and must contains minimum 3 characters :
Wrong Input : Fist letter Should be capital and must contains minimum 3 characters :
Wrong Input : Fist letter Should be capital and must contains minimum 3 characters :
Wrong Input : Fist letter Should be capital and must contains minimum 3 characters :
Wrong Input : Fist letter Should be capital and must contains minimum 3 characters :
Wrong Input : Fist letter Should be capital and must contains minimum 3 characters :
Wrong Input : Fist letter Should be capital and must contains minimum 3 characters :
Wrong Input : Fist letter Should be capital and must contains minimum 3 characters :
Wrong Input : Fist letter Should be capital and must contains minimum 3 characters :
Wrong Input : Fist letter Should be capital and must contains minimum 3 characters :
Wrong Input : Fist letter Should be capital and must contains minimum 3 characters :
Wrong Input : Fist letter Should be capital and must contains minimum 3 characters :
Wrong Input : Fist letter Should be capital and must contains minimum 3 characters :
Wrong Input : Fist letter Should be capital and must contains minimum 3 characters :
Wrong Input : Fist letter Should be capital and must contains minimum 3 characters :
Wrong Input : Fist letter Should be capital and must contains minimum 3 characters :
Wrong Input : Fist letter Should be capital and must contains minimum 3 characters :
Wrong Input : Fist letter Should be capital and must contains minimum 3 characters :
Wrong Input : Fist letter Should be capital and must contains minimum 3 characters :
Wrong Input : Fist letter Should be capital and must contains minimum 3 characters :
Wrong Input : Fist letter Should be capital and must contains minimum 3 characters :
Wrong Input : Fist letter Should be capital and must contains minimum 3 characters :
Wrong Input : Fist letter Should be capital and must contains minimum 3 characters :
Wrong Input : Fist letter Should be capital and must contains minimum 3 characters :
Wrong Input : Fist letter Should be capital and must contains minimum 3 characters :
Wrong Input : Fist letter Should be capital and must contains minimum 3 characters :
Wrong Input : Fist letter Should be capital and must contains minimum 3 characters :
Wrong Input : Fist letter Should be capital and must contains minimum 3 characters :
Wrong Input : Fist letter Should be capital and must contains minimum 3 characters :
Wrong Input : Fist letter Should be capital and must contains minimum 3 characters :
Wrong Input : Fist letter Should be capital and must contains minimum 3 characters :
Wrong Input : Fist letter Should be capital and must contains minimum 3 characters :
Wrong Input : Fist letter Should be capital and must contains minimum 3 characters :
Wrong Input : Fist letter Should be capital and must contains minimum 3 characters :
Wrong Input : Fist letter Should be capital and must contains minimum 3 characters :
Wrong Input : Fist letter Should be capital and must contains minimum 3 characters :
Wrong Input : Fist letter Should be capital and must contains minimum 3 characters :
Wrong Input : Fist letter Should be capital and must contains minimum 3 characters :
Wrong Input : Fist letter Should be capital and must contains minimum 3 characters :
Wrong Input : Fist letter Should be capital and must contains minimum 3 characters :
Wrong Input : Fist letter Should be capital and must contains minimum 3 characters :
Wrong Input : Fist letter Should be capital and must contains minimum 3 characters :
Wrong Input : Fist letter Should be capital and must contains minimum 3 characters :
Wrong Input : Fist letter Should be capital and must contains minimum 3 characters :
Wrong Input : Fist letter Should be capital and must contains minimum 3 characters :
Wrong Input : Fist letter Should be capital and must contains minimum 3 characters :
Wrong Input : Fist letter Should be capital and must contains minimum 3 characters :
Wrong Input : Fist letter Should be capital and must contains minimum 3 characters :
Wrong Input : Fist letter Should be capital and must contains minimum 3 characters :
Wrong Input : Fist letter Should be capital and must contains minimum 3 characters :
Wrong Input : Fist letter Should be capital and must contains minimum 3 characters :
Wrong Input : Fist letter Should be capital and must contains minimum 3 characters :
Wrong Input : Fist letter Should be capital and must contains minimum 3 characters :
Wrong Input : Fist letter Should be capital and must contains minimum 3 characters :
Wrong Input : Fist letter Should be capital and must contains minimum 3 characters :
Wrong Input : Fist letter Should be capital and must contains minimum 3 characters :
Wrong Input : Fist letter Should be capital and must contains minimum 3 characters :
Wrong Input : Fist letter Should be capital and must contains minimum 3 characters :
Wrong Input : Fist letter Should be capital and must contains minimum 3 characters :
Wrong Input : Fist letter Should be capital and must contains minimum 3 characters :
Wrong Input : Fist letter Should be capital and must contains minimum 3 characters :
Wrong Input : Fist letter Should be capital and must contains minimum 3 characters :
Wrong Input : Fist letter Should be capital and must contains minimum 3 characters :
Wrong Input : Fist letter Should be capital and must contains minimum 3 characters :
Wrong Input : Fist letter Should be capital and must contains minimum 3 characters :
Wrong Input : Fist letter Should be capital and must contains minimum 3 characters :
Wrong Input : Fist letter Should be capital and must contains minimum 3 characters :
Wrong Input : Fist letter Should be capital and must contains minimum 3 characters :
Wrong Input : Fist letter Should be capital and must contains minimum 3 characters :
Wrong Input : Fist letter Should be capital and must contains minimum 3 characters :
Wrong Input : Fist letter Should be capital and must contains minimum 3 characters :
Wrong Input : Fist letter Should be capital and must contains minimum 3 characters :
Wrong Input : Fist letter Should be capital and must contains minimum 3 characters :
Wrong Input : Fist letter Should be capital and must contains minimum 3 characters :
Wrong Input : Fist letter Should be capital and must contains minimum 3 characters :
Wrong Input : Fist letter Should be capital and must contains minimum 3 characters :
Wrong Input : Fist letter Should be capital and must contains minimum 3 characters :
Wrong Input : Fist letter Should be capital and must contains minimum 3 characters :
Wrong Input : Fist letter Should be capital and must contains minimum 3 characters :
Wrong Input : Fist letter Should be capital and must contains minimum 3 characters :
Wrong Input : Fist letter Should be capital and must contains minimum 3 characters :
Wrong Input : Fist letter Should be capital and must contains minimum 3 characters :
Wrong Input : Fist letter Should be capital and must contains minimum 3 characters :
Wrong Input : Fist letter Should be capital and must contains minimum 3 characters :
Wrong Input : Fist letter Should be capital and must contains minimum 3 characters :
Wrong Input : Fist letter Should be capital and must contains minimum 3 characters :
Wrong Input : Fist letter Should be capital and must contains minimum 3 characters :
Wrong Input : Fist letter Should be capital and must contains minimum 3 characters :
Wrong Input : Fist letter Should be capital and must contains minimum 3 characters :
Wrong Input : Fist letter Should be capital and must contains minimum 3 characters :
Wrong Input : Fist letter Should be capital and must contains minimum 3 characters :
Wrong Input : Fist letter Should be capital and must contains minimum 3 characters :
Wrong Input : Fist letter Should be capital and must contains minimum 3 characters :
Wrong Input : Fist letter Should be capital and must contains minimum 3 characters :
Wrong Input : Fist letter Should be capital and must contains minimum 3 characters :
Wrong Input : Fist letter Should be capital and must contains minimum 3 characters :
Wrong Input : Fist letter Should be capital and must contains minimum 3 characters :
Wrong Input : Fist letter Should be capital and must contains minimum 3 characters :
Wrong Input : Fist letter Should be capital and must contains minimum 3 characters :
Wrong Input : Fist letter Should be capital and must contains minimum 3 characters :
Wrong Input : Fist letter Should be capital and must contains minimum 3 characters :
Wrong Input : Fist letter Should be capital and must contains minimum 3 characters :
Wrong Input : Fist letter Should be capital and must contains minimum 3 characters :
Wrong Input : Fist letter Should be capital and must contains minimum 3 characters :
Wrong Input : Fist letter Should be capital and must contains minimum 3 characters :
Wrong Input : Fist letter Should be capital and must contains minimum 3 characters :
Wrong Input : Fist letter Should be capital and must contains minimum 3 characters :
Wrong Input : Fist letter Should be capital and must contains minimum 3 characters :
Wrong Input : Fist letter Should be capital and must contains minimum 3 characters :
Wrong Input : Fist letter Should be capital and must contains minimum 3 characters :
Wrong Input : Fist letter Should be capital and must contains minimum 3 characters :
Wrong Input : Fist letter Should be capital and must contains minimum 3 characters :
Wrong Input : Fist letter Should be capital and must contains minimum 3 characters :
Wrong Input : Fist letter Should be capital and must contains minimum 3 characters :
Wrong Input : Fist letter Should be capital and must contains minimum 3 characters :
Wrong Input : Fist letter Should be capital and must contains minimum 3 characters :
Wrong Input : Fist letter Should be capital and must contains minimum 3 characters :
Wrong Input : Fist letter Should be capital and must contains minimum 3 characters :
Wrong Input : Fist letter Should be capital and must contains minimum 3 characters :
Wrong Input : Fist letter Should be capital and must contains minimum 3 characters :
Wrong Input : Fist letter Should be capital and must contains minimum 3 characters :
Wrong Input : Fist letter Should be capital and must contains minimum 3 characters :
Wrong Input : Fist letter Should be capital and must contains minimum 3 characters :
Wrong Input : Fist letter Should be capital and must contains minimum 3 characters :
Wrong Input : Fist letter Should be capital and must contains minimum 3 characters :
Wrong Input : Fist letter Should be capital and must contains minimum 3 characters :
Wrong Input : Fist letter Should be capital and must contains minimum 3 characters :
Wrong Input : Fist letter Should be capital and must contains minimum 3 characters :
Wrong Input : Fist letter Should be capital and must contains minimum 3 characters :
Wrong Input : Fist letter Should be capital and must contains minimum 3 characters :
Wrong Input : Fist letter Should be capital and must contains minimum 3 characters :
Wrong Input : Fist letter Should be capital and must contains minimum 3 characters :
Wrong Input : Fist letter Should be capital and must contains minimum 3 characters :
Wrong Input : Fist letter Should be capital and must contains minimum 3 characters :
Wrong Input : Fist letter Should be capital and must contains minimum 3 characters :
Wrong Input : Fist letter Should be capital and must contains minimum 3 characters :
Wrong Input : Fist letter Should be capital and must contains minimum 3 characters :
Wrong Input : Fist letter Should be capital and must contains minimum 3 characters :
Wrong Input : Fist letter Should be capital and must contains minimum 3 characters :
Wrong Input : Fist letter Should be capital and must contains minimum 3 characters :
Wrong Input : Fist letter Should be capital and must contains minimum 3 characters :
Wrong Input : Fist letter Should be capital and must contains minimum 3 characters :
Wrong Input : Fist letter Should be capital and must contains minimum 3 characters :
Wrong Input : Fist letter Should be capital and must contains minimum 3 characters :
Wrong Input : Fist letter Should be capital and must contains minimum 3 characters :
Wrong Input : Fist letter Should be capital and must contains minimum 3 characters :
Wrong Input : Fist letter Should be capital and must contains minimum 3 characters :
Wrong Input : Fist letter Should be capital and must contains minimum 3 characters :
Wrong Input : Fist letter Should be capital and must contains minimum 3 characters :
Wrong Input : Fist letter Should be capital and must contains minimum 3 characters :
Wrong Input : Fist letter Should be capital and must contains minimum 3 characters :
Wrong Input : Fist letter Should be capital and must contains minimum 3 characters :
Wrong Input : Fist letter Should be capital and must contains minimum 3 characters :
Wrong Input : Fist letter Should be capital and must contains minimum 3 characters :
Wrong Input : Fist letter Should be capital and must contains minimum 3 characters :
Wrong Input : Fist letter Should be capital and must contains minimum 3 characters :
Wrong Input : Fist letter Should be capital and must contains minimum 3 characters :
Wrong Input : Fist letter Should be capital and must contains minimum 3 characters :
Wrong Input : Fist letter Should be capital and must contains minimum 3 characters :
Wrong Input : Fist letter Should be capital and must contains minimum 3 characters :
Wrong Input : Fist letter Should be capital and must contains minimum 3 characters :
Wrong Input : Fist letter Should be capital and must contains minimum 3 characters :
Wrong Input : Fist letter Should be capital and must contains minimum 3 characters :
Wrong Input : Fist letter Should be capital and must contains minimum 3 characters :
Wrong Input : Fist letter Should be capital and must contains minimum 3 characters :
Wrong Input : Fist letter Should be capital and must contains minimum 3 characters :
Wrong Input : Fist letter Should be capital and must contains minimum 3 characters :
Wrong Input : Fist letter Should be capital and must contains minimum 3 characters :
Wrong Input : Fist letter Should be capital and must contains minimum 3 characters :
Wrong Input : Fist letter Should be capital and must contains minimum 3 characters :
Wrong Input : Fist letter Should be capital and must contains minimum 3 characters :
Wrong Input : Fist letter Should be capital and must contains minimum 3 characters :
Wrong Input : Fist letter Should be capital and must contains minimum 3 characters :
Wrong Input : Fist letter Should be capital and must contains minimum 3 characters :
Wrong Input : Fist letter Should be capital and must contains minimum 3 characters :
Wrong Input : Fist letter Should be capital and must contains minimum 3 characters :
Wrong Input : Fist letter Should be capital and must contains minimum 3 characters :
Wrong Input : Fist letter Should be capital and must contains minimum 3 characters :
Wrong Input : Fist letter Should be capital and must contains minimum 3 characters :
Wrong Input : Fist letter Should be capital and must contains minimum 3 characters :
Wrong Input : Fist letter Should be capital and must contains minimum 3 characters :
Wrong Input : Fist letter Should be capital and must contains minimum 3 characters :
Wrong Input : Fist letter Should be capital and must contains minimum 3 characters :
Wrong Input : Fist letter Should be capital and must contains minimum 3 characters :
Wrong Input : Fist letter Should be capital and must contains minimum 3 characters :
Wrong Input : Fist letter Should be capital and must contains minimum 3 characters :
Wrong Input : Fist letter Should be capital and must contains minimum 3 characters :
Wrong Input : Fist letter Should be capital and must contains minimum 3 characters :
Wrong Input : Fist letter Should be capital and must contains minimum 3 characters :
Wrong Input : Fist letter Should be capital and must contains minimum 3 characters :
Wrong Input : Fist letter Should be capital and must contains minimum 3 characters :
Wrong Input : Fist letter Should be capital and must contains minimum 3 characters :
Wrong Input : Fist letter Should be capital and must contains minimum 3 characters :
Wrong Input : Fist letter Should be capital and must contains minimum 3 characters :
Wrong Input : Fist letter Should be capital and must contains minimum 3 characters :
Wrong Input : Fist letter Should be capital and must contains minimum 3 characters :
Wrong Input : Fist letter Should be capital and must contains minimum 3 characters :
Wrong Input : Fist letter Should be capital and must contains minimum 3 characters :
Wrong Input : Fist letter Should be capital and must contains minimum 3 characters :
Wrong Input : Fist letter Should be capital and must contains minimum 3 characters :
Wrong Input : Fist letter Should be capital and must contains minimum 3 characters :
Wrong Input : Fist letter Should be capital and must contains minimum 3 characters :
Wrong Input : Fist letter Should be capital and must contains minimum 3 characters :
Wrong Input : Fist letter Should be capital and must contains minimum 3 characters :
Wrong Input : Fist letter Should be capital and must contains minimum 3 characters :
Wrong Input : Fist letter Should be capital and must contains minimum 3 characters :
Wrong Input : Fist letter Should be capital and must contains minimum 3 characters :
Wrong Input : Fist letter Should be capital and must contains minimum 3 characters :
Wrong Input : Fist letter Should be capital and must contains minimum 3 characters :
Wrong Input : Fist letter Should be capital and must contains minimum 3 characters :
Wrong Input : Fist letter Should be capital and must contains minimum 3 characters :
Wrong Input : Fist letter Should be capital and must contains minimum 3 characters :
Wrong Input : Fist letter Should be capital and must contains minimum 3 characters :
Wrong Input : Fist letter Should be capital and must contains minimum 3 characters :
Wrong Input : Fist letter Should be capital and must contains minimum 3 characters :
Wrong Input : Fist letter Should be capital and must contains minimum 3 characters :
Wrong Input : Fist letter Should be capital and must contains minimum 3 characters :
Wrong Input : Fist letter Should be capital and must contains minimum 3 characters :
Wrong Input : Fist letter Should be capital and must contains minimum 3 characters :
Wrong Input : Fist letter Should be capital and must contains minimum 3 characters :
Wrong Input : Fist letter Should be capital and must contains minimum 3 characters :
Wrong Input : Fist letter Should be capital and must contains minimum 3 characters :
Wrong Input : Fist letter Should be capital and must contains minimum 3 characters :
Wrong Input : Fist letter Should be capital and must contains minimum 3 characters :
Wrong Input : Fist letter Should be capital and must contains minimum 3 characters :
Wrong Input : Fist letter Should be capital and must contains minimum 3 characters :
Wrong Input : Fist letter Should be capital and must contains minimum 3 characters :
Wrong Input : Fist letter Should be capital and must contains minimum 3 characters :
Wrong Input : Fist letter Should be capital and must contains minimum 3 characters :
Wrong Input : Fist letter Should be capital and must contains minimum 3 characters :
Wrong Input : Fist letter Should be capital and must contains minimum 3 characters :
Wrong Input : Fist letter Should be capital and must contains minimum 3 characters :
Wrong Input : Fist letter Should be capital and must contains minimum 3 characters :
Wrong Input : Fist letter Should be capital and must contains minimum 3 characters :
Wrong Input : Fist letter Should be capital and must contains minimum 3 characters :
Wrong Input : Fist letter Should be capital and must contains minimum 3 characters :
Wrong Input : Fist letter Should be capital and must contains minimum 3 characters :
Wrong Input : Fist letter Should be capital and must contains minimum 3 characters :
Wrong Input : Fist letter Should be capital and must contains minimum 3 characters :
Wrong Input : Fist letter Should be capital and must contains minimum 3 characters :
Wrong Input : Fist letter Should be capital and must contains minimum 3 characters :
Wrong Input : Fist letter Should be capital and must contains minimum 3 characters :
Wrong Input : Fist letter Should be capital and must contains minimum 3 characters :
Wrong Input : Fist letter Should be capital and must contains minimum 3 characters :
Wrong Input : Fist letter Should be capital and must contains minimum 3 characters :
Wrong Input : Fist letter Should be capital and must contains minimum 3 characters :
Wrong Input : Fist letter Should be capital and must contains minimum 3 characters :
Wrong Input : Fist letter Should be capital and must contains minimum 3 characters :
Wrong Input : Fist letter Should be capital and must contains minimum 3 characters :
Wrong Input : Fist letter Should be capital and must contains minimum 3 characters :
Wrong Input : Fist letter Should be capital and must contains minimum 3 characters :
Wrong Input : Fist letter Should be capital and must contains minimum 3 characters :
Wrong Input : Fist letter Should be capital and must contains minimum 3 characters :
Wrong Input : Fist letter Should be capital and must contains minimum 3 characters :
Wrong Input : Fist letter Should be capital and must contains minimum 3 characters :
Wrong Input : Fist letter Should be capital and must contains minimum 3 characters :
Wrong Input : Fist letter Should be capital and must contains minimum 3 characters :
Wrong Input : Fist letter Should be capital and must contains minimum 3 characters :
Wrong Input : Fist letter Should be capital and must contains minimum 3 characters :
Wrong Input : Fist letter Should be capital and must contains minimum 3 characters :
Wrong Input : Fist letter Should be capital and must contains minimum 3 characters :
Wrong Input : Fist letter Should be capital and must contains minimum 3 characters :
Wrong Input : Fist letter Should be capital and must contains minimum 3 characters :
Wrong Input : Fist letter Should be capital and must contains minimum 3 characters :
Wrong Input : Fist letter Should be capital and must contains minimum 3 characters :
Wrong Input : Fist letter Should be capital and must contains minimum 3 characters :
Wrong Input : Fist letter Should be capital and must contains minimum 3 characters :
Wrong Input : Fist letter Should be capital and must contains minimum 3 characters :
Wrong Input : Fist letter Should be capital and must contains minimum 3 characters :
Wrong Input : Fist letter Should be capital and must contains minimum 3 characters :
Wrong Input : Fist letter Should be capital and must contains minimum 3 characters :
Wrong Input : Fist letter Should be capital and must contains minimum 3 characters :
Wrong Input : Fist letter Should be capital and must contains minimum 3 characters :
Wrong Input : Fist letter Should be capital and must contains minimum 3 characters :
Wrong Input : Fist letter Should be capital and must contains minimum 3 characters :
Wrong Input : Fist letter Should be capital and must contains minimum 3 characters :
Wrong Input : Fist letter Should be capital and must contains minimum 3 characters :
Wrong Input : Fist letter Should be capital and must contains minimum 3 characters :
Wrong Input : Fist letter Should be capital and must contains minimum 3 characters :
Wrong Input : Fist letter Should be capital and must contains minimum 3 characters :
Wrong Input : Fist letter Should be capital and must contains minimum 3 characters :
Wrong Input : Fist letter Should be capital and must contains minimum 3 characters :
Wrong Input : Fist letter Should be capital and must contains minimum 3 characters :
Wrong Input : Fist letter Should be capital and must contains minimum 3 characters :
Wrong Input : Fist letter Should be capital and must contains minimum 3 characters :
Wrong Input : Fist letter Should be capital and must contains minimum 3 characters :
Wrong Input : Fist letter Should be capital and must contains minimum 3 characters :
Wrong Input : Fist letter Should be capital and must contains minimum 3 characters :
Wrong Input : Fist letter Should be capital and must contains minimum 3 characters :
Wrong Input : Fist letter Should be capital and must contains minimum 3 characters :
Wrong Input : Fist letter Should be capital and must contains minimum 3 characters :
Wrong Input : Fist letter Should be capital and must contains minimum 3 characters :
Wrong Input : Fist letter Should be capital and must contains minimum 3 characters :
Wrong Input : Fist letter Should be capital and must contains minimum 3 characters :
Wrong Input : Fist letter Should be capital and must contains minimum 3 characters :
Wrong Input : Fist letter Should be capital and must contains minimum 3 characters :
Wrong Input : Fist letter Should be capital and must contains minimum 3 characters :
Wrong Input : Fist letter Should be capital and must contains minimum 3 characters :
Wrong Input : Fist letter Should be capital and must contains minimum 3 characters :
Wrong Input : Fist letter Should be capital and must contains minimum 3 characters :
Wrong Input : Fist letter Should be capital and must contains minimum 3 characters :
Wrong Input : Fist letter Should be capital and must contains minimum 3 characters :
Wrong Input : Fist letter Should be capital and must contains minimum 3 characters :
Wrong Input : Fist letter Should be capital and must contains minimum 3 characters :
Wrong Input : Fist letter Should be capital and must contains minimum 3 characters :
Wrong Input : Fist letter Should be capital and must contains minimum 3 characters :
Wrong Input : Fist letter Should be capital and must contains minimum 3 characters :
Wrong Input : Fist letter Should be capital and must contains minimum 3 characters :
Wrong Input : Fist letter Should be capital and must contains minimum 3 characters :
Wrong Input : Fist letter Should be capital and must contains minimum 3 characters :
Wrong Input : Fist letter Should be capital and must contains minimum 3 characters :
Wrong Input : Fist letter Should be capital and must contains minimum 3 characters :
Wrong Input : Fist letter Should be capital and must contains minimum 3 characters :
Wrong Input : Fist letter Should be capital and must contains minimum 3 characters :
Wrong Input : Fist letter Should be capital and must contains minimum 3 characters :
Wrong Input : Fist letter Should be capital and must contains minimum 3 characters :
Wrong Input : Fist letter Should be capital and must contains minimum 3 characters :
Wrong Input : Fist letter Should be capital and must contains minimum 3 characters :
Wrong Input : Fist letter Should be capital and must contains minimum 3 characters :
Wrong Input : Fist letter Should be capital and must contains minimum 3 characters :
Wrong Input : Fist letter Should be capital and must contains minimum 3 characters :
Wrong Input : Fist letter Should be capital and must contains minimum 3 characters :
Wrong Input : Fist letter Should be capital and must contains minimum 3 characters :
Wrong Input : Fist letter Should be capital and must contains minimum 3 characters :
Wrong Input : Fist letter Should be capital and must contains minimum 3 characters :
Wrong Input : Fist letter Should be capital and must contains minimum 3 characters :
Wrong Input : Fist letter Should be capital and must contains minimum 3 characters :
Wrong Input : Fist letter Should be capital and must contains minimum 3 characters :
Wrong Input : Fist letter Should be capital and must contains minimum 3 characters :
Wrong Input : Fist letter Should be capital and must contains minimum 3 characters :
Wrong Input : Fist letter Should be capital and must contains minimum 3 characters :
Wrong Input : Fist letter Should be capital and must contains minimum 3 characters :
Wrong Input : Fist letter Should be capital and must contains minimum 3 characters :
Wrong Input : Fist letter Should be capital and must contains minimum 3 characters :
Wrong Input : Fist letter Should be capital and must contains minimum 3 characters :
Wrong Input : Fist letter Should be capital and must contains minimum 3 characters :
Wrong Input : Fist letter Should be capital and must contains minimum 3 characters :
Wrong Input : Fist letter Should be capital and must contains minimum 3 characters :
Wrong Input : Fist letter Should be capital and must contains minimum 3 characters :
Wrong Input : Fist letter Should be capital and must contains minimum 3 characters :
Wrong Input : Fist letter Should be capital and must contains minimum 3 characters :
Wrong Input : Fist letter Should be capital and must contains minimum 3 characters :
Wrong Input : Fist letter Should be capital and must contains minimum 3 characters :
Wrong Input : Fist letter Should be capital and must contains minimum 3 characters :
Wrong Input : Fist letter Should be capital and must contains minimum 3 characters :
Wrong Input : Fist letter Should be capital and must contains minimum 3 characters :
Wrong Input : Fist letter Should be capital and must contains minimum 3 characters :
Wrong Input : Fist letter Should be capital and must contains minimum 3 characters :
Wrong Input : Fist letter Should be capital and must contains minimum 3 characters :
Wrong Input : Fist letter Should be capital and must contains minimum 3 characters :
Wrong Input : Fist letter Should be capital and must contains minimum 3 characters :
Wrong Input : Fist letter Should be capital and must contains minimum 3 characters :
Wrong Input : Fist letter Should be capital and must contains minimum 3 characters :
Wrong Input : Fist letter Should be capital and must contains minimum 3 characters :
Wrong Input : Fist letter Should be capital and must contains minimum 3 characters :
Wrong Input : Fist letter Should be capital and must contains minimum 3 characters :
Wrong Input : Fist letter Should be capital and must contains minimum 3 characters :
Wrong Input : Fist letter Should be capital and must contains minimum 3 characters :
Wrong Input : Fist letter Should be capital and must contains minimum 3 characters :
Wrong Input : Fist letter Should be capital and must contains minimum 3 characters :
Wrong Input : Fist letter Should be capital and must contains minimum 3 characters :
Wrong Input : Fist letter Should be capital and must contains minimum 3 characters :
Wrong Input : Fist letter Should be capital and must contains minimum 3 characters :
Wrong Input : Fist letter Should be capital and must contains minimum 3 characters :
Wrong Input : Fist letter Should be capital and must contains minimum 3 characters :
Wrong Input : Fist letter Should be capital and must contains minimum 3 characters :
Wrong Input : Fist letter Should be capital and must contains minimum 3 characters :
Wrong Input : Fist letter Should be capital and must contains minimum 3 characters :
Wrong Input : Fist letter Should be capital and must contains minimum 3 characters :
Wrong Input : Fist letter Should be capital and must contains minimum 3 characters :
Wrong Input : Fist letter Should be capital and must contains minimum 3 characters :
Wrong Input : Fist letter Should be capital and must contains minimum 3 characters :
Wrong Input : Fist letter Should be capital and must contains minimum 3 characters :
Wrong Input : Fist letter Should be capital and must contains minimum 3 characters :
Wrong Input : Fist letter Should be capital and must contains minimum 3 characters :
Wrong Input : Fist letter Should be capital and must contains minimum 3 characters :
Wrong Input : Fist letter Should be capital and must contains minimum 3 characters :
Wrong Input : Fist letter Should be capital and must contains minimum 3 characters :
Wrong Input : Fist letter Should be capital and must contains minimum 3 characters :
Wrong Input : Fist letter Should be capital and must contains minimum 3 characters :
Wrong Input : Fist letter Should be capital and must contains minimum 3 characters :
Wrong Input : Fist letter Should be capital and must contains minimum 3 characters :
Wrong Input : Fist letter Should be capital and must contains minimum 3 characters :
Wrong Input : Fist letter Should be capital and must contains minimum 3 characters :
Wrong Input : Fist letter Should be capital and must contains minimum 3 characters :
Wrong Input : Fist letter Should be capital and must contains minimum 3 characters :
Wrong Input : Fist letter Should be capital and must contains minimum 3 characters :
Wrong Input : Fist letter Should be capital and must contains minimum 3 characters :
Wrong Input : Fist letter Should be capital and must contains minimum 3 characters :
Wrong Input : Fist letter Should be capital and must contains minimum 3 characters :
Wrong Input : Fist letter Should be capital and must contains minimum 3 characters :
Wrong Input : Fist letter Should be capital and must contains minimum 3 characters :
Wrong Input : Fist letter Should be capital and must contains minimum 3 characters :
Wrong Input : Fist letter Should be capital and must contains minimum 3 characters :
Wrong Input : Fist letter Should be capital and must contains minimum 3 characters :
Wrong Input : Fist letter Should be capital and must contains minimum 3 characters :
Wrong Input : Fist letter Should be capital and must contains minimum 3 characters :
Wrong Input : Fist letter Should be capital and must contains minimum 3 characters :
Wrong Input : Fist letter Should be capital and must contains minimum 3 characters :
Wrong Input : Fist letter Should be capital and must contains minimum 3 characters :
Wrong Input : Fist letter Should be capital and must contains minimum 3 characters :
Wrong Input : Fist letter Should be capital and must contains minimum 3 characters :
Wrong Input : Fist letter Should be capital and must contains minimum 3 characters :
Wrong Input : Fist letter Should be capital and must contains minimum 3 characters :
Wrong Input : Fist letter Should be capital and must contains minimum 3 characters :
Wrong Input : Fist letter Should be capital and must contains minimum 3 characters :
Wrong Input : Fist letter Should be capital and must contains minimum 3 characters :
Wrong Input : Fist letter Should be capital and must contains minimum 3 characters :
Wrong Input : Fist letter Should be capital and must contains minimum 3 characters :
Wrong Input : Fist letter Should be capital and must contains minimum 3 characters :
Wrong Input : Fist letter Should be capital and must contains minimum 3 characters :
Wrong Input : Fist letter Should be capital and must contains minimum 3 characters :
Wrong Input : Fist letter Should be capital and must contains minimum 3 characters :
Wrong Input : Fist letter Should be capital and must contains minimum 3 characters :
Wrong Input : Fist letter Should be capital and must contains minimum 3 characters :
Wrong Input : Fist letter Should be capital and must contains minimum 3 characters :
Wrong Input : Fist letter Should be capital and must contains minimum 3 characters :
Wrong Input : Fist letter Should be capital and must contains minimum 3 characters :
Wrong Input : Fist letter Should be capital and must contains minimum 3 characters :
Wrong Input : Fist letter Should be capital and must contains minimum 3 characters :
Wrong Input : Fist letter Should be capital and must contains minimum 3 characters :
Wrong Input : Fist letter Should be capital and must contains minimum 3 characters :
Wrong Input : Fist letter Should be capital and must contains minimum 3 characters :
Wrong Input : Fist letter Should be capital and must contains minimum 3 characters :
Wrong Input : Fist letter Should be capital and must contains minimum 3 characters :
Wrong Input : Fist letter Should be capital and must contains minimum 3 characters :
Wrong Input : Fist letter Should be capital and must contains minimum 3 characters :
Wrong Input : Fist letter Should be capital and must contains minimum 3 characters :
Wrong Input : Fist letter Should be capital and must contains minimum 3 characters :
Wrong Input : Fist letter Should be capital and must contains minimum 3 characters :
Wrong Input : Fist letter Should be capital and must contains minimum 3 characters :
Wrong Input : Fist letter Should be capital and must contains minimum 3 characters :
Wrong Input : Fist letter Should be capital and must contains minimum 3 characters :
Wrong Input : Fist letter Should be capital and must contains minimum 3 characters :
Wrong Input : Fist letter Should be capital and must contains minimum 3 characters :
Wrong Input : Fist letter Should be capital and must contains minimum 3 characters :
Wrong Input : Fist letter Should be capital and must contains minimum 3 characters :
Wrong Input : Fist letter Should be capital and must contains minimum 3 characters :
Wrong Input : Fist letter Should be capital and must contains minimum 3 characters :
Wrong Input : Fist letter Should be capital and must contains minimum 3 characters :
Wrong Input : Fist letter Should be capital and must contains minimum 3 characters :
Wrong Input : Fist letter Should be capital and must contains minimum 3 characters :
Wrong Input : Fist letter Should be capital and must contains minimum 3 characters :
Wrong Input : Fist letter Should be capital and must contains minimum 3 characters :
Wrong Input : Fist letter Should be capital and must contains minimum 3 characters :
Wrong Input : Fist letter Should be capital and must contains minimum 3 characters :
Wrong Input : Fist letter Should be capital and must contains minimum 3 characters :
Wrong Input : Fist letter Should be capital and must contains minimum 3 characters :
Wrong Input : Fist letter Should be capital and must contains minimum 3 characters :
Wrong Input : Fist letter Should be capital and must contains minimum 3 characters :
Wrong Input : Fist letter Should be capital and must contains minimum 3 characters :
Wrong Input : Fist letter Should be capital and must contains minimum 3 characters :
Wrong Input : Fist letter Should be capital and must contains minimum 3 characters :
Wrong Input : Fist letter Should be capital and must contains minimum 3 characters :
Wrong Input : Fist letter Should be capital and must contains minimum 3 characters :
Wrong Input : Fist letter Should be capital and must contains minimum 3 characters :
Wrong Input : Fist letter Should be capital and must contains minimum 3 characters :
Wrong Input : Fist letter Should be capital and must contains minimum 3 characters :
Wrong Input : Fist letter Should be capital and must contains minimum 3 characters :
Wrong Input : Fist letter Should be capital and must contains minimum 3 characters :
Wrong Input : Fist letter Should be capital and must contains minimum 3 characters :
Wrong Input : Fist letter Should be capital and must contains minimum 3 characters :
Wrong Input : Fist letter Should be capital and must contains minimum 3 characters :
Wrong Input : Fist letter Should be capital and must contains minimum 3 characters :
Wrong Input : Fist letter Should be capital and must contains minimum 3 characters :
Wrong Input : Fist letter Should be capital and must contains minimum 3 characters :
Wrong Input : Fist letter Should be capital and must contains minimum 3 characters :
Wrong Input : Fist letter Should be capital and must contains minimum 3 characters :
Wrong Input : Fist letter Should be capital and must contains minimum 3 characters :
Wrong Input : Fist letter Should be capital and must contains minimum 3 characters :
Wrong Input : Fist letter Should be capital and must contains minimum 3 characters :
Wrong Input : Fist letter Should be capital and must contains minimum 3 characters :
Wrong Input : Fist letter Should be capital and must contains minimum 3 characters :
Wrong Input : Fist letter Should be capital and must contains minimum 3 characters :
Wrong Input : Fist letter Should be capital and must contains minimum 3 characters :
Wrong Input : Fist letter Should be capital and must contains minimum 3 characters :
Wrong Input : Fist letter Should be capital and must contains minimum 3 characters :
Wrong Input : Fist letter Should be capital and must contains minimum 3 characters :
Wrong Input : Fist letter Should be capital and must contains minimum 3 characters :
Wrong Input : Fist letter Should be capital and must contains minimum 3 characters :
Wrong Input : Fist letter Should be capital and must contains minimum 3 characters :
Wrong Input : Fist letter Should be capital and must contains minimum 3 characters :
Wrong Input : Fist letter Should be capital and must contains minimum 3 characters :
Wrong Input : Fist letter Should be capital and must contains minimum 3 characters :
Wrong Input : Fist letter Should be capital and must contains minimum 3 characters :
Wrong Input : Fist letter Should be capital and must contains minimum 3 characters :
Wrong Input : Fist letter Should be capital and must contains minimum 3 characters :
Wrong Input : Fist letter Should be capital and must contains minimum 3 characters :
Wrong Input : Fist letter Should be capital and must contains minimum 3 characters :
Wrong Input : Fist letter Should be capital and must contains minimum 3 characters :
Wrong Input : Fist letter Should be capital and must contains minimum 3 characters :
Wrong Input : Fist letter Should be capital and must contains minimum 3 characters :
Wrong Input : Fist letter Should be capital and must contains minimum 3 characters :
Wrong Input : Fist letter Should be capital and must contains minimum 3 characters :
Wrong Input : Fist letter Should be capital and must contains minimum 3 characters :
Wrong Input : Fist letter Should be capital and must contains minimum 3 characters :
Wrong Input : Fist letter Should be capital and must contains minimum 3 characters :
Wrong Input : Fist letter Should be capital and must contains minimum 3 characters :
Wrong Input : Fist letter Should be capital and must contains minimum 3 characters :
Wrong Input : Fist letter Should be capital and must contains minimum 3 characters :
Wrong Input : Fist letter Should be capital and must contains minimum 3 characters :
Wrong Input : Fist letter Should be capital and must contains minimum 3 characters :
Wrong Input : Fist letter Should be capital and must contains minimum 3 characters :
Wrong Input : Fist letter Should be capital and must contains minimum 3 characters :
Wrong Input : Fist letter Should be capital and must contains minimum 3 characters :
Wrong Input : Fist letter Should be capital and must contains minimum 3 characters :
Wrong Input : Fist letter Should be capital and must contains minimum 3 characters :
Wrong Input : Fist letter Should be capital and must contains minimum 3 characters :
Wrong Input : Fist letter Should be capital and must contains minimum 3 characters :
Wrong Input : Fist letter Should be capital and must contains minimum 3 characters :
Wrong Input : Fist letter Should be capital and must contains minimum 3 characters :
Wrong Input : Fist letter Should be capital and must contains minimum 3 characters :
Wrong Input : Fist letter Should be capital and must contains minimum 3 characters :
Wrong Input : Fist letter Should be capital and must contains minimum 3 characters :
Wrong Input : Fist letter Should be capital and must contains minimum 3 characters :
Wrong Input : Fist letter Should be capital and must contains minimum 3 characters :
Wrong Input : Fist letter Should be capital and must contains minimum 3 characters :
Wrong Input : Fist letter Should be capital and must contains minimum 3 characters :
Wrong Input : Fist letter Should be capital and must contains minimum 3 characters :
Wrong Input : Fist letter Should be capital and must contains minimum 3 characters :
Wrong Input : Fist letter Should be capital and must contains minimum 3 characters :
Wrong Input : Fist letter Should be capital and must contains minimum 3 characters :
Wrong Input : Fist letter Should be capital and must contains minimum 3 characters :
Wrong Input : Fist letter Should be capital and must contains minimum 3 characters :
Wrong Input : Fist letter Should be capital and must contains minimum 3 characters :
Wrong Input : Fist letter Should be capital and must contains minimum 3 characters :
Wrong Input : Fist letter Should be capital and must contains minimum 3 characters :
Wrong Input : Fist letter Should be capital and must contains minimum 3 characters :
Wrong Input : Fist letter Should be capital and must contains minimum 3 characters :
Wrong Input : Fist letter Should be capital and must contains minimum 3 characters :
Wrong Input : Fist letter Should be capital and must contains minimum 3 characters :
Wrong Input : Fist letter Should be capital and must contains minimum 3 characters :
Wrong Input : Fist letter Should be capital and must contains minimum 3 characters :
Wrong Input : Fist letter Should be capital and must contains minimum 3 characters :
Wrong Input : Fist letter Should be capital and must contains minimum 3 characters :
Wrong Input : Fist letter Should be capital and must contains minimum 3 characters :
Wrong Input : Fist letter Should be capital and must contains minimum 3 characters :
Wrong Input : Fist letter Should be capital and must contains minimum 3 characters :
Wrong Input : Fist letter Should be capital and must contains minimum 3 characters :
Wrong Input : Fist letter Should be capital and must contains minimum 3 characters :
Wrong Input : Fist letter Should be capital and must contains minimum 3 characters :
Wrong Input : Fist letter Should be capital and must contains minimum 3 characters :
Wrong Input : Fist letter Should be capital and must contains minimum 3 characters :
Wrong Input : Fist letter Should be capital and must contains minimum 3 characters :
Wrong Input : Fist letter Should be capital and must contains minimum 3 characters :
Wrong Input : Fist letter Should be capital and must contains minimum 3 characters :
Wrong Input : Fist letter Should be capital and must contains minimum 3 characters :
Wrong Input : Fist letter Should be capital and must contains minimum 3 characters :
Wrong Input : Fist letter Should be capital and must contains minimum 3 characters :
Wrong Input : Fist letter Should be capital and must contains minimum 3 characters :
Wrong Input : Fist letter Should be capital and must contains minimum 3 characters :
Wrong Input : Fist letter Should be capital and must contains minimum 3 characters :
Wrong Input : Fist letter Should be capital and must contains minimum 3 characters :
Wrong Input : Fist letter Should be capital and must contains minimum 3 characters :
Wrong Input : Fist letter Should be capital and must contains minimum 3 characters :
Wrong Input : Fist letter Should be capital and must contains minimum 3 characters :
Wrong Input : Fist letter Should be capital and must contains minimum 3 characters :
Wrong Input : Fist letter Should be capital and must contains minimum 3 characters :
Wrong Input : Fist letter Should be capital and must contains minimum 3 characters :
Wrong Input : Fist letter Should be capital and must contains minimum 3 characters :
Wrong Input : Fist letter Should be capital and must contains minimum 3 characters :
Wrong Input : Fist letter Should be capital and must contains minimum 3 characters :
Wrong Input : Fist letter Should be capital and must contains minimum 3 characters :
Wrong Input : Fist letter Should be capital and must contains minimum 3 characters :
Wrong Input : Fist letter Should be capital and must contains minimum 3 characters :
Wrong Input : Fist letter Should be capital and must contains minimum 3 characters :
Wrong Input : Fist letter Should be capital and must contains minimum 3 characters :
Wrong Input : Fist letter Should be capital and must contains minimum 3 characters :
Wrong Input : Fist letter Should be capital and must contains minimum 3 characters :
Wrong Input : Fist letter Should be capital and must contains minimum 3 characters :
Wrong Input : Fist letter Should be capital and must contains minimum 3 characters :
Wrong Input : Fist letter Should be capital and must contains minimum 3 characters :
Wrong Input : Fist letter Should be capital and must contains minimum 3 characters :
Wrong Input : Fist letter Should be capital and must contains minimum 3 characters :
Wrong Input : Fist letter Should be capital and must contains minimum 3 characters :
Wrong Input : Fist letter Should be capital and must contains minimum 3 characters :
Wrong Input : Fist letter Should be capital and must contains minimum 3 characters :
Wrong Input : Fist letter Should be capital and must contains minimum 3 characters :
Wrong Input : Fist letter Should be capital and must contains minimum 3 characters :
Wrong Input : Fist letter Should be capital and must contains minimum 3 characters :
Wrong Input : Fist letter Should be capital and must contains minimum 3 characters :
Wrong Input : Fist letter Should be capital and must contains minimum 3 characters :
Wrong Input : Fist letter Should be capital and must contains minimum 3 characters :
Wrong Input : Fist letter Should be capital and must contains minimum 3 characters :
Wrong Input : Fist letter Should be capital and must contains minimum 3 characters :
Wrong Input : Fist letter Should be capital and must contains minimum 3 characters :
Wrong Input : Fist letter Should be capital and must contains minimum 3 characters :
Wrong Input : Fist letter Should be capital and must contains minimum 3 characters :
Wrong Input : Fist letter Should be capital and must contains minimum 3 characters :
Wrong Input : Fist letter Should be capital and must contains minimum 3 characters :
Wrong Input : Fist letter Should be capital and must contains minimum 3 characters :
Wrong Input : Fist letter Should be capital and must contains minimum 3 characters :
Wrong Input : Fist letter Should be capital and must contains minimum 3 characters :
Wrong Input : Fist letter Should be capital and must contains minimum 3 characters :
Wrong Input : Fist letter Should be capital and must contains minimum 3 characters :
Wrong Input : Fist letter Should be capital and must contains minimum 3 characters :
Wrong Input : Fist letter Should be capital and must contains minimum 3 characters :
Wrong Input : Fist letter Should be capital and must contains minimum 3 characters :
Wrong Input : Fist letter Should be capital and must contains minimum 3 characters :
Wrong Input : Fist letter Should be capital and must contains minimum 3 characters :
Wrong Input : Fist letter Should be capital and must contains minimum 3 characters :
Wrong Input : Fist letter Should be capital and must contains minimum 3 characters :
Wrong Input : Fist letter Should be capital and must contains minimum 3 characters :
Wrong Input : Fist letter Should be capital and must contains minimum 3 characters :
Wrong Input : Fist letter Should be capital and must contains minimum 3 characters :
Wrong Input : Fist letter Should be capital and must contains minimum 3 characters :
Wrong Input : Fist letter Should be capital and must contains minimum 3 characters :
Wrong Input : Fist letter Should be capital and must contains minimum 3 characters :
Wrong Input : Fist letter Should be capital and must contains minimum 3 characters :
Wrong Input : Fist letter Should be capital and must contains minimum 3 characters :
Wrong Input : Fist letter Should be capital and must contains minimum 3 characters :
Wrong Input : Fist letter Should be capital and must contains minimum 3 characters :
Wrong Input : Fist letter Should be capital and must contains minimum 3 characters :
Wrong Input : Fist letter Should be capital and must contains minimum 3 characters :
Wrong Input : Fist letter Should be capital and must contains minimum 3 characters :
Wrong Input : Fist letter Should be capital and must contains minimum 3 characters :
Wrong Input : Fist letter Should be capital and must contains minimum 3 characters :
Wrong Input : Fist letter Should be capital and must contains minimum 3 characters :
Wrong Input : Fist letter Should be capital and must contains minimum 3 characters :
Wrong Input : Fist letter Should be capital and must contains minimum 3 characters :
Wrong Input : Fist letter Should be capital and must contains minimum 3 characters :
Wrong Input : Fist letter Should be capital and must contains minimum 3 characters :
Wrong Input : Fist letter Should be capital and must contains minimum 3 characters :
Wrong Input : Fist letter Should be capital and must contains minimum 3 characters :
Wrong Input : Fist letter Should be capital and must contains minimum 3 characters :
Wrong Input : Fist letter Should be capital and must contains minimum 3 characters :
Wrong Input : Fist letter Should be capital and must contains minimum 3 characters :
Wrong Input : Fist letter Should be capital and must contains minimum 3 characters :
Wrong Input : Fist letter Should be capital and must contains minimum 3 characters :
Wrong Input : Fist letter Should be capital and must contains minimum 3 characters :
Wrong Input : Fist letter Should be capital and must contains minimum 3 characters :
Wrong Input : Fist letter Should be capital and must contains minimum 3 characters :
Wrong Input : Fist letter Should be capital and must contains minimum 3 characters :
Wrong Input : Fist letter Should be capital and must contains minimum 3 characters :
Wrong Input : Fist letter Should be capital and must contains minimum 3 characters :
Wrong Input : Fist letter Should be capital and must contains minimum 3 characters :
Wrong Input : Fist letter Should be capital and must contains minimum 3 characters :
Wrong Input : Fist letter Should be capital and must contains minimum 3 characters :
Wrong Input : Fist letter Should be capital and must contains minimum 3 characters :
Wrong Input : Fist letter Should be capital and must contains minimum 3 characters :
Wrong Input : Fist letter Should be capital and must contains minimum 3 characters :
Wrong Input : Fist letter Should be capital and must contains minimum 3 characters :
Wrong Input : Fist letter Should be capital and must contains minimum 3 characters :
Wrong Input : Fist letter Should be capital and must contains minimum 3 characters :
Wrong Input : Fist letter Should be capital and must contains minimum 3 characters :
Wrong Input : Fist letter Should be capital and must contains minimum 3 characters :
Wrong Input : Fist letter Should be capital and must contains minimum 3 characters :
Wrong Input : Fist letter Should be capital and must contains minimum 3 characters :
Wrong Input : Fist letter Should be capital and must contains minimum 3 characters :
Wrong Input : Fist letter Should be capital and must contains minimum 3 characters :
Wrong Input : Fist letter Should be capital and must contains minimum 3 characters :
Wrong Input : Fist letter Should be capital and must contains minimum 3 characters :
Wrong Input : Fist letter Should be capital and must contains minimum 3 characters :
Wrong Input : Fist letter Should be capital and must contains minimum 3 characters :
Wrong Input : Fist letter Should be capital and must contains minimum 3 characters :
Wrong Input : Fist letter Should be capital and must contains minimum 3 characters :
Wrong Input : Fist letter Should be capital and must contains minimum 3 characters :
Wrong Input : Fist letter Should be capital and must contains minimum 3 characters :
Wrong Input : Fist letter Should be capital and must contains minimum 3 characters :
Wrong Input : Fist letter Should be capital and must contains minimum 3 characters :
Wrong Input : Fist letter Should be capital and must contains minimum 3 characters :
Wrong Input : Fist letter Should be capital and must contains minimum 3 characters :
Wrong Input : Fist letter Should be capital and must contains minimum 3 characters :
Wrong Input : Fist letter Should be capital and must contains minimum 3 characters :
Wrong Input : Fist letter Should be capital and must contains minimum 3 characters :
Wrong Input : Fist letter Should be capital and must contains minimum 3 characters :
Wrong Input : Fist letter Should be capital and must contains minimum 3 characters :
Wrong Input : Fist letter Should be capital and must contains minimum 3 characters :
Wrong Input : Fist letter Should be capital and must contains minimum 3 characters :
Wrong Input : Fist letter Should be capital and must contains minimum 3 characters :
Wrong Input : Fist letter Should be capital and must contains minimum 3 characters :
Wrong Input : Fist letter Should be capital and must contains minimum 3 characters :
Wrong Input : Fist letter Should be capital and must contains minimum 3 characters :
Wrong Input : Fist letter Should be capital and must contains minimum 3 characters :
Wrong Input : Fist letter Should be capital and must contains minimum 3 characters :
Wrong Input : Fist letter Should be capital and must contains minimum 3 characters :
Wrong Input : Fist letter Should be capital and must contains minimum 3 characters :
Wrong Input : Fist letter Should be capital and must contains minimum 3 characters :
Wrong Input : Fist letter Should be capital and must contains minimum 3 characters :
Wrong Input : Fist letter Should be capital and must contains minimum 3 characters :
Wrong Input : Fist letter Should be capital and must contains minimum 3 characters :
Wrong Input : Fist letter Should be capital and must contains minimum 3 characters :
Wrong Input : Fist letter Should be capital and must contains minimum 3 characters :
Wrong Input : Fist letter Should be capital and must contains minimum 3 characters :
Wrong Input : Fist letter Should be capital and must contains minimum 3 characters :
Wrong Input : Fist letter Should be capital and must contains minimum 3 characters :
Wrong Input : Fist letter Should be capital and must contains minimum 3 characters :
Wrong Input : Fist letter Should be capital and must contains minimum 3 characters :
Wrong Input : Fist letter Should be capital and must contains minimum 3 characters :
Wrong Input : Fist letter Should be capital and must contains minimum 3 characters :
Wrong Input : Fist letter Should be capital and must contains minimum 3 characters :
Wrong Input : Fist letter Should be capital and must contains minimum 3 characters :
Wrong Input : Fist letter Should be capital and must contains minimum 3 characters :
Wrong Input : Fist letter Should be capital and must contains minimum 3 characters :
Wrong Input : Fist letter Should be capital and must contains minimum 3 characters :
Wrong Input : Fist letter Should be capital and must contains minimum 3 characters :
Wrong Input : Fist letter Should be capital and must contains minimum 3 characters :
Wrong Input : Fist letter Should be capital and must contains minimum 3 characters :
Wrong Input : Fist letter Should be capital and must contains minimum 3 characters :
Wrong Input : Fist letter Should be capital and must contains minimum 3 characters :
Wrong Input : Fist letter Should be capital and must contains minimum 3 characters :
Wrong Input : Fist letter Should be capital and must contains minimum 3 characters :
Wrong Input : Fist letter Should be capital and must contains minimum 3 characters :
Wrong Input : Fist letter Should be capital and must contains minimum 3 characters :
Wrong Input : Fist letter Should be capital and must contains minimum 3 characters :
Wrong Input : Fist letter Should be capital and must contains minimum 3 characters :
Wrong Input : Fist letter Should be capital and must contains minimum 3 characters :
Wrong Input : Fist letter Should be capital and must contains minimum 3 characters :
Wrong Input : Fist letter Should be capital and must contains minimum 3 characters :
Wrong Input : Fist letter Should be capital and must contains minimum 3 characters :
Wrong Input : Fist letter Should be capital and must contains minimum 3 characters :
Wrong Input : Fist letter Should be capital and must contains minimum 3 characters :
Wrong Input : Fist letter Should be capital and must contains minimum 3 characters :
Wrong Input : Fist letter Should be capital and must contains minimum 3 characters :
Wrong Input : Fist letter Should be capital and must contains minimum 3 characters :
Wrong Input : Fist letter Should be capital and must contains minimum 3 characters :
Wrong Input : Fist letter Should be capital and must contains minimum 3 characters :
Wrong Input : Fist letter Should be capital and must contains minimum 3 characters :
Wrong Input : Fist letter Should be capital and must contains minimum 3 characters :
Wrong Input : Fist letter Should be capital and must contains minimum 3 characters :
Wrong Input : Fist letter Should be capital and must contains minimum 3 characters :
Wrong Input : Fist letter Should be capital and must contains minimum 3 characters :
Wrong Input : Fist letter Should be capital and must contains minimum 3 characters :
Wrong Input : Fist letter Should be capital and must contains minimum 3 characters :
Wrong Input : Fist letter Should be capital and must contains minimum 3 characters :
Wrong Input : Fist letter Should be capital and must contains minimum 3 characters :
Wrong Input : Fist letter Should be capital and must contains minimum 3 characters :
Wrong Input : Fist letter Should be capital and must contains minimum 3 characters :
Wrong Input : Fist letter Should be capital and must contains minimum 3 characters :
Wrong Input : Fist letter Should be capital and must contains minimum 3 characters :
Wrong Input : Fist letter Should be capital and must contains minimum 3 characters :
Wrong Input : Fist letter Should be capital and must contains minimum 3 characters :
Wrong Input : Fist letter Should be capital and must contains minimum 3 characters :
Wrong Input : Fist letter Should be capital and must contains minimum 3 characters :
Wrong Input : Fist letter Should be capital and must contains minimum 3 characters :
Wrong Input : Fist letter Should be capital and must contains minimum 3 characters :
Wrong Input : Fist letter Should be capital and must contains minimum 3 characters :
Wrong Input : Fist letter Should be capital and must contains minimum 3 characters :
Wrong Input : Fist letter Should be capital and must contains minimum 3 characters :
Wrong Input : Fist letter Should be capital and must contains minimum 3 characters :
Wrong Input : Fist letter Should be capital and must contains minimum 3 characters :
Wrong Input : Fist letter Should be capital and must contains minimum 3 characters :
Wrong Input : Fist letter Should be capital and must contains minimum 3 characters :
Wrong Input : Fist letter Should be capital and must contains minimum 3 characters :
Wrong Input : Fist letter Should be capital and must contains minimum 3 characters :
Wrong Input : Fist letter Should be capital and must contains minimum 3 characters :
Wrong Input : Fist letter Should be capital and must contains minimum 3 characters :
Wrong Input : Fist letter Should be capital and must contains minimum 3 characters :
Wrong Input : Fist letter Should be capital and must contains minimum 3 characters :
Wrong Input : Fist letter Should be capital and must contains minimum 3 characters :
Wrong Input : Fist letter Should be capital and must contains minimum 3 characters :
Wrong Input : Fist letter Should be capital and must contains minimum 3 characters :
Wrong Input : Fist letter Should be capital and must contains minimum 3 characters :
Wrong Input : Fist letter Should be capital and must contains minimum 3 characters :
Wrong Input : Fist letter Should be capital and must contains minimum 3 characters :
Wrong Input : Fist letter Should be capital and must contains minimum 3 characters :
Wrong Input : Fist letter Should be capital and must contains minimum 3 characters :
Wrong Input : Fist letter Should be capital and must contains minimum 3 characters :
Wrong Input : Fist letter Should be capital and must contains minimum 3 characters :
Wrong Input : Fist letter Should be capital and must contains minimum 3 characters :
Wrong Input : Fist letter Should be capital and must contains minimum 3 characters :
Wrong Input : Fist letter Should be capital and must contains minimum 3 characters :
Wrong Input : Fist letter Should be capital and must contains minimum 3 characters :
Wrong Input : Fist letter Should be capital and must contains minimum 3 characters :
Wrong Input : Fist letter Should be capital and must contains minimum 3 characters :
Wrong Input : Fist letter Should be capital and must contains minimum 3 characters :
Wrong Input : Fist letter Should be capital and must contains minimum 3 characters :
Wrong Input : Fist letter Should be capital and must contains minimum 3 characters :
Wrong Input : Fist letter Should be capital and must contains minimum 3 characters :
Wrong Input : Fist letter Should be capital and must contains minimum 3 characters :
Wrong Input : Fist letter Should be capital and must contains minimum 3 characters :
Wrong Input : Fist letter Should be capital and must contains minimum 3 characters :
Wrong Input : Fist letter Should be capital and must contains minimum 3 characters :
Wrong Input : Fist letter Should be capital and must contains minimum 3 characters :
Wrong Input : Fist letter Should be capital and must contains minimum 3 characters :
Wrong Input : Fist letter Should be capital and must contains minimum 3 characters :
Wrong Input : Fist letter Should be capital and must contains minimum 3 characters :
Wrong Input : Fist letter Should be capital and must contains minimum 3 characters :
Wrong Input : Fist letter Should be capital and must contains minimum 3 characters :
Wrong Input : Fist letter Should be capital and must contains minimum 3 characters :
Wrong Input : Fist letter Should be capital and must contains minimum 3 characters :
Wrong Input : Fist letter Should be capital and must contains minimum 3 characters :
Wrong Input : Fist letter Should be capital and must contains minimum 3 characters :
Wrong Input : Fist letter Should be capital and must contains minimum 3 characters :
Wrong Input : Fist letter Should be capital and must contains minimum 3 characters :
Wrong Input : Fist letter Should be capital and must contains minimum 3 characters :
Wrong Input : Fist letter Should be capital and must contains minimum 3 characters :
Wrong Input : Fist letter Should be capital and must contains minimum 3 characters :
Wrong Input : Fist letter Should be capital and must contains minimum 3 characters :
Wrong Input : Fist letter Should be capital and must contains minimum 3 characters :
Wrong Input : Fist letter Should be capital and must contains minimum 3 characters :
Wrong Input : Fist letter Should be capital and must contains minimum 3 characters :
Wrong Input : Fist letter Should be capital and must contains minimum 3 characters :
Wrong Input : Fist letter Should be capital and must contains minimum 3 characters :
Wrong Input : Fist letter Should be capital and must contains minimum 3 characters :
Wrong Input : Fist letter Should be capital and must contains minimum 3 characters :
Wrong Input : Fist letter Should be capital and must contains minimum 3 characters :
Wrong Input : Fist letter Should be capital and must contains minimum 3 characters :
Wrong Input : Fist letter Should be capital and must contains minimum 3 characters :
Wrong Input : Fist letter Should be capital and must contains minimum 3 characters :
Wrong Input : Fist letter Should be capital and must contains minimum 3 characters :
Wrong Input : Fist letter Should be capital and must contains minimum 3 characters :
Wrong Input : Fist letter Should be capital and must contains minimum 3 characters :
Wrong Input : Fist letter Should be capital and must contains minimum 3 characters :
Wrong Input : Fist letter Should be capital and must contains minimum 3 characters :
Wrong Input : Fist letter Should be capital and must contains minimum 3 characters :
Wrong Input : Fist letter Should be capital and must contains minimum 3 characters :
Wrong Input : Fist letter Should be capital and must contains minimum 3 characters :
Wrong Input : Fist letter Should be capital and must contains minimum 3 characters :
Wrong Input : Fist letter Should be capital and must contains minimum 3 characters :
Wrong Input : Fist letter Should be capital and must contains minimum 3 characters :
Wrong Input : Fist letter Should be capital and must contains minimum 3 characters :
Wrong Input : Fist letter Should be capital and must contains minimum 3 characters :
Wrong Input : Fist letter Should be capital and must contains minimum 3 characters :
Wrong Input : Fist letter Should be capital and must contains minimum 3 characters :
Wrong Input : Fist letter Should be capital and must contains minimum 3 characters :
Wrong Input : Fist letter Should be capital and must contains minimum 3 characters :
Wrong Input : Fist letter Should be capital and must contains minimum 3 characters :
Wrong Input : Fist letter Should be capital and must contains minimum 3 characters :
Wrong Input : Fist letter Should be capital and must contains minimum 3 characters :
Wrong Input : Fist letter Should be capital and must contains minimum 3 characters :
Wrong Input : Fist letter Should be capital and must contains minimum 3 characters :
Wrong Input : Fist letter Should be capital and must contains minimum 3 characters :
Wrong Input : Fist letter Should be capital and must contains minimum 3 characters :
Wrong Input : Fist letter Should be capital and must contains minimum 3 characters :
Wrong Input : Fist letter Should be capital and must contains minimum 3 characters :
Wrong Input : Fist letter Should be capital and must contains minimum 3 characters :
Wrong Input : Fist letter Should be capital and must contains minimum 3 characters :
Wrong Input : Fist letter Should be capital and must contains minimum 3 characters :
Wrong Input : Fist letter Should be capital and must contains minimum 3 characters :
Wrong Input : Fist letter Should be capital and must contains minimum 3 characters :
Wrong Input : Fist letter Should be capital and must contains minimum 3 characters :
Wrong Input : Fist letter Should be capital and must contains minimum 3 characters :
Wrong Input : Fist letter Should be capital and must contains minimum 3 characters :
Wrong Input : Fist letter Should be capital and must contains minimum 3 characters :
Wrong Input : Fist letter Should be capital and must contains minimum 3 characters :
Wrong Input : Fist letter Should be capital and must contains minimum 3 characters :
Wrong Input : Fist letter Should be capital and must contains minimum 3 characters :
Wrong Input : Fist letter Should be capital and must contains minimum 3 characters :
Wrong Input : Fist letter Should be capital and must contains minimum 3 characters :
Wrong Input : Fist letter Should be capital and must contains minimum 3 characters :
Wrong Input : Fist letter Should be capital and must contains minimum 3 characters :
Wrong Input : Fist letter Should be capital and must contains minimum 3 characters :
Wrong Input : Fist letter Should be capital and must contains minimum 3 characters :
Wrong Input : Fist letter Should be capital and must contains minimum 3 characters :
Wrong Input : Fist letter Should be capital and must contains minimum 3 characters :
Wrong Input : Fist letter Should be capital and must contains minimum 3 characters :
Wrong Input : Fist letter Should be capital and must contains minimum 3 characters :
Wrong Input : Fist letter Should be capital and must contains minimum 3 characters :
Wrong Input : Fist letter Should be capital and must contains minimum 3 characters :
Wrong Input : Fist letter Should be capital and must contains minimum 3 characters :
Wrong Input : Fist letter Should be capital and must contains minimum 3 characters :
Wrong Input : Fist letter Should be capital and must contains minimum 3 characters :
Wrong Input : Fist letter Should be capital and must contains minimum 3 characters :
Wrong Input : Fist letter Should be capital and must contains minimum 3 characters :
Wrong Input : Fist letter Should be capital and must contains minimum 3 characters :
Wrong Input : Fist letter Should be capital and must contains minimum 3 characters :
Wrong Input : Fist letter Should be capital and must contains minimum 3 characters :
Wrong Input : Fist letter Should be capital and must contains minimum 3 characters :
Wrong Input : Fist letter Should be capital and must contains minimum 3 characters :
Wrong Input : Fist letter Should be capital and must contains minimum 3 characters :
Wrong Input : Fist letter Should be capital and must contains minimum 3 characters :
Wrong Input : Fist letter Should be capital and must contains minimum 3 characters :
Wrong Input : Fist letter Should be capital and must contains minimum 3 characters :
Wrong Input : Fist letter Should be capital and must contains minimum 3 characters :
Wrong Input : Fist letter Should be capital and must contains minimum 3 characters :
Wrong Input : Fist letter Should be capital and must contains minimum 3 characters :
Wrong Input : Fist letter Should be capital and must contains minimum 3 characters :
Wrong Input : Fist letter Should be capital and must contains minimum 3 characters :
Wrong Input : Fist letter Should be capital and must contains minimum 3 characters :
Wrong Input : Fist letter Should be capital and must contains minimum 3 characters :
Wrong Input : Fist letter Should be capital and must contains minimum 3 characters :
Wrong Input : Fist letter Should be capital and must contains minimum 3 characters :
Wrong Input : Fist letter Should be capital and must contains minimum 3 characters :
Wrong Input : Fist letter Should be capital and must contains minimum 3 characters :
Wrong Input : Fist letter Should be capital and must contains minimum 3 characters :
Wrong Input : Fist letter Should be capital and must contains minimum 3 characters :
Wrong Input : Fist letter Should be capital and must contains minimum 3 characters :
Wrong Input : Fist letter Should be capital and must contains minimum 3 characters :
Wrong Input : Fist letter Should be capital and must contains minimum 3 characters :
Wrong Input : Fist letter Should be capital and must contains minimum 3 characters :
Wrong Input : Fist letter Should be capital and must contains minimum 3 characters :
Wrong Input : Fist letter Should be capital and must contains minimum 3 characters :
Wrong Input : Fist letter Should be capital and must contains minimum 3 characters :
Wrong Input : Fist letter Should be capital and must contains minimum 3 characters :
Wrong Input : Fist letter Should be capital and must contains minimum 3 characters :
Wrong Input : Fist letter Should be capital and must contains minimum 3 characters :
Wrong Input : Fist letter Should be capital and must contains minimum 3 characters :
Wrong Input : Fist letter Should be capital and must contains minimum 3 characters :
Wrong Input : Fist letter Should be capital and must contains minimum 3 characters :
Wrong Input : Fist letter Should be capital and must contains minimum 3 characters :
Wrong Input : Fist letter Should be capital and must contains minimum 3 characters :
Wrong Input : Fist letter Should be capital and must contains minimum 3 characters :
Wrong Input : Fist letter Should be capital and must contains minimum 3 characters :
Wrong Input : Fist letter Should be capital and must contains minimum 3 characters :
Wrong Input : Fist letter Should be capital and must contains minimum 3 characters :
Wrong Input : Fist letter Should be capital and must contains minimum 3 characters :
Wrong Input : Fist letter Should be capital and must contains minimum 3 characters :
Wrong Input : Fist letter Should be capital and must contains minimum 3 characters :
Wrong Input : Fist letter Should be capital and must contains minimum 3 characters :
Wrong Input : Fist letter Should be capital and must contains minimum 3 characters :
Wrong Input : Fist letter Should be capital and must contains minimum 3 characters :
Wrong Input : Fist letter Should be capital and must contains minimum 3 characters :
Wrong Input : Fist letter Should be capital and must contains minimum 3 characters :
Wrong Input : Fist letter Should be capital and must contains minimum 3 characters :
Wrong Input : Fist letter Should be capital and must contains minimum 3 characters :
Wrong Input : Fist letter Should be capital and must contains minimum 3 characters :
Wrong Input : Fist letter Should be capital and must contains minimum 3 characters :
Wrong Input : Fist letter Should be capital and must contains minimum 3 characters :
Wrong Input : Fist letter Should be capital and must contains minimum 3 characters :
Wrong Input : Fist letter Should be capital and must contains minimum 3 characters :
Wrong Input : Fist letter Should be capital and must contains minimum 3 characters :
Wrong Input : Fist letter Should be capital and must contains minimum 3 characters :
Wrong Input : Fist letter Should be capital and must contains minimum 3 characters :
Wrong Input : Fist letter Should be capital and must contains minimum 3 characters :
Wrong Input : Fist letter Should be capital and must contains minimum 3 characters :
Wrong Input : Fist letter Should be capital and must contains minimum 3 characters :
Wrong Input : Fist letter Should be capital and must contains minimum 3 characters :
Wrong Input : Fist letter Should be capital and must contains minimum 3 characters :
Wrong Input : Fist letter Should be capital and must contains minimum 3 characters :
Wrong Input : Fist letter Should be capital and must contains minimum 3 characters :
Wrong Input : Fist letter Should be capital and must contains minimum 3 characters :
Wrong Input : Fist letter Should be capital and must contains minimum 3 characters :
Wrong Input : Fist letter Should be capital and must contains minimum 3 characters :
Wrong Input : Fist letter Should be capital and must contains minimum 3 characters :
Wrong Input : Fist letter Should be capital and must contains minimum 3 characters :
Wrong Input : Fist letter Should be capital and must contains minimum 3 characters :
Wrong Input : Fist letter Should be capital and must contains minimum 3 characters :
Wrong Input : Fist letter Should be capital and must contains minimum 3 characters :
Wrong Input : Fist letter Should be capital and must contains minimum 3 characters :
Wrong Input : Fist letter Should be capital and must contains minimum 3 characters :
Wrong Input : Fist letter Should be capital and must contains minimum 3 characters :
Wrong Input : Fist letter Should be capital and must contains minimum 3 characters :
Wrong Input : Fist letter Should be capital and must contains minimum 3 characters :
Wrong Input : Fist letter Should be capital and must contains minimum 3 characters :
Wrong Input : Fist letter Should be capital and must contains minimum 3 characters :
Wrong Input : Fist letter Should be capital and must contains minimum 3 characters :
Wrong Input : Fist letter Should be capital and must contains minimum 3 characters :
Wrong Input : Fist letter Should be capital and must contains minimum 3 characters :
Wrong Input : Fist letter Should be capital and must contains minimum 3 characters :
Wrong Input : Fist letter Should be capital and must contains minimum 3 characters :
Wrong Input : Fist letter Should be capital and must contains minimum 3 characters :
Wrong Input : Fist letter Should be capital and must contains minimum 3 characters :
Wrong Input : Fist letter Should be capital and must contains minimum 3 characters :
Wrong Input : Fist letter Should be capital and must contains minimum 3 characters :
Wrong Input : Fist letter Should be capital and must contains minimum 3 characters :
Wrong Input : Fist letter Should be capital and must contains minimum 3 characters :
Wrong Input : Fist letter Should be capital and must contains minimum 3 characters :
Wrong Input : Fist letter Should be capital and must contains minimum 3 characters :
Wrong Input : Fist letter Should be capital and must contains minimum 3 characters :
Wrong Input : Fist letter Should be capital and must contains minimum 3 characters :
Wrong Input : Fist letter Should be capital and must contains minimum 3 characters :
Wrong Input : Fist letter Should be capital and must contains minimum 3 characters :
Wrong Input : Fist letter Should be capital and must contains minimum 3 characters :
Wrong Input : Fist letter Should be capital and must contains minimum 3 characters :
Wrong Input : Fist letter Should be capital and must contains minimum 3 characters :
Wrong Input : Fist letter Should be capital and must contains minimum 3 characters :
Wrong Input : Fist letter Should be capital and must contains minimum 3 characters :
Wrong Input : Fist letter Should be capital and must contains minimum 3 characters :
Wrong Input : Fist letter Should be capital and must contains minimum 3 characters :
Wrong Input : Fist letter Should be capital and must contains minimum 3 characters :
Wrong Input : Fist letter Should be capital and must contains minimum 3 characters :
Wrong Input : Fist letter Should be capital and must contains minimum 3 characters :
Wrong Input : Fist letter Should be capital and must contains minimum 3 characters :
Wrong Input : Fist letter Should be capital and must contains minimum 3 characters :
Wrong Input : Fist letter Should be capital and must contains minimum 3 characters :
Wrong Input : Fist letter Should be capital and must contains minimum 3 characters :
Wrong Input : Fist letter Should be capital and must contains minimum 3 characters :
Wrong Input : Fist letter Should be capital and must contains minimum 3 characters :
Wrong Input : Fist letter Should be capital and must contains minimum 3 characters :
Wrong Input : Fist letter Should be capital and must contains minimum 3 characters :
Wrong Input : Fist letter Should be capital and must contains minimum 3 characters :
Wrong Input : Fist letter Should be capital and must contains minimum 3 characters :
Wrong Input : Fist letter Should be capital and must contains minimum 3 characters :
Wrong Input : Fist letter Should be capital and must contains minimum 3 characters :
Wrong Input : Fist letter Should be capital and must contains minimum 3 characters :
Wrong Input : Fist letter Should be capital and must contains minimum 3 characters :
Wrong Input : Fist letter Should be capital and must contains minimum 3 characters :
Wrong Input : Fist letter Should be capital and must contains minimum 3 characters :
Wrong Input : Fist letter Should be capital and must contains minimum 3 characters :
Wrong Input : Fist letter Should be capital and must contains minimum 3 characters :
Wrong Input : Fist letter Should be capital and must contains minimum 3 characters :
Wrong Input : Fist letter Should be capital and must contains minimum 3 characters :
Wrong Input : Fist letter Should be capital and must contains minimum 3 characters :
Wrong Input : Fist letter Should be capital and must contains minimum 3 characters :
Wrong Input : Fist letter Should be capital and must contains minimum 3 characters :
Wrong Input : Fist letter Should be capital and must contains minimum 3 characters :
Wrong Input : Fist letter Should be capital and must contains minimum 3 characters :
Wrong Input : Fist letter Should be capital and must contains minimum 3 characters :
Wrong Input : Fist letter Should be capital and must contains minimum 3 characters :
Wrong Input : Fist letter Should be capital and must contains minimum 3 characters :
Wrong Input : Fist letter Should be capital and must contains minimum 3 characters :
Wrong Input : Fist letter Should be capital and must contains minimum 3 characters :
Wrong Input : Fist letter Should be capital and must contains minimum 3 characters :
Wrong Input : Fist letter Should be capital and must contains minimum 3 characters :
Wrong Input : Fist letter Should be capital and must contains minimum 3 characters :
Wrong Input : Fist letter Should be capital and must contains minimum 3 characters :
Wrong Input : Fist letter Should be capital and must contains minimum 3 characters :
Wrong Input : Fist letter Should be capital and must contains minimum 3 characters :
Wrong Input : Fist letter Should be capital and must contains minimum 3 characters :
Wrong Input : Fist letter Should be capital and must contains minimum 3 characters :
Wrong Input : Fist letter Should be capital and must contains minimum 3 characters :
Wrong Input : Fist letter Should be capital and must contains minimum 3 characters :
Wrong Input : Fist letter Should be capital and must contains minimum 3 characters :
Wrong Input : Fist letter Should be capital and must contains minimum 3 characters :
Wrong Input : Fist letter Should be capital and must contains minimum 3 characters :
Wrong Input : Fist letter Should be capital and must contains minimum 3 characters :
Wrong Input : Fist letter Should be capital and must contains minimum 3 characters :
Wrong Input : Fist letter Should be capital and must contains minimum 3 characters :
Wrong Input : Fist letter Should be capital and must contains minimum 3 characters :
Wrong Input : Fist letter Should be capital and must contains minimum 3 characters :
Wrong Input : Fist letter Should be capital and must contains minimum 3 characters :
Wrong Input : Fist letter Should be capital and must contains minimum 3 characters :
Wrong Input : Fist letter Should be capital and must contains minimum 3 characters :
Wrong Input : Fist letter Should be capital and must contains minimum 3 characters :
Wrong Input : Fist letter Should be capital and must contains minimum 3 characters :
Wrong Input : Fist letter Should be capital and must contains minimum 3 characters :
Wrong Input : Fist letter Should be capital and must contains minimum 3 characters :
Wrong Input : Fist letter Should be capital and must contains minimum 3 characters :
Wrong Input : Fist letter Should be capital and must contains minimum 3 characters :
Wrong Input : Fist letter Should be capital and must contains minimum 3 characters :
Wrong Input : Fist letter Should be capital and must contains minimum 3 characters :
Wrong Input : Fist letter Should be capital and must contains minimum 3 characters :
Wrong Input : Fist letter Should be capital and must contains minimum 3 characters :
Wrong Input : Fist letter Should be capital and must contains minimum 3 characters :
Wrong Input : Fist letter Should be capital and must contains minimum 3 characters :
Wrong Input : Fist letter Should be capital and must contains minimum 3 characters :
Wrong Input : Fist letter Should be capital and must contains minimum 3 characters :
Wrong Input : Fist letter Should be capital and must contains minimum 3 characters :
Wrong Input : Fist letter Should be capital and must contains minimum 3 characters :
Wrong Input : Fist letter Should be capital and must contains minimum 3 characters :
Wrong Input : Fist letter Should be capital and must contains minimum 3 characters :
Wrong Input : Fist letter Should be capital and must contains minimum 3 characters :
Wrong Input : Fist letter Should be capital and must contains minimum 3 characters :
Wrong Input : Fist letter Should be capital and must contains minimum 3 characters :
Wrong Input : Fist letter Should be capital and must contains minimum 3 characters :
Wrong Input : Fist letter Should be capital and must contains minimum 3 characters :
Wrong Input : Fist letter Should be capital and must contains minimum 3 characters :
Wrong Input : Fist letter Should be capital and must contains minimum 3 characters :
Wrong Input : Fist letter Should be capital and must contains minimum 3 characters :
Wrong Input : Fist letter Should be capital and must contains minimum 3 characters :
Wrong Input : Fist letter Should be capital and must contains minimum 3 characters :
Wrong Input : Fist letter Should be capital and must contains minimum 3 characters :
Wrong Input : Fist letter Should be capital and must contains minimum 3 characters :
Wrong Input : Fist letter Should be capital and must contains minimum 3 characters :
Wrong Input : Fist letter Should be capital and must contains minimum 3 characters :
Wrong Input : Fist letter Should be capital and must contains minimum 3 characters :
Wrong Input : Fist letter Should be capital and must contains minimum 3 characters :
Wrong Input : Fist letter Should be capital and must contains minimum 3 characters :
Wrong Input : Fist letter Should be capital and must contains minimum 3 characters :
Wrong Input : Fist letter Should be capital and must contains minimum 3 characters :
Wrong Input : Fist letter Should be capital and must contains minimum 3 characters :
Wrong Input : Fist letter Should be capital and must contains minimum 3 characters :
Wrong Input : Fist letter Should be capital and must contains minimum 3 characters :
Wrong Input : Fist letter Should be capital and must contains minimum 3 characters :
Wrong Input : Fist letter Should be capital and must contains minimum 3 characters :
Wrong Input : Fist letter Should be capital and must contains minimum 3 characters :
Wrong Input : Fist letter Should be capital and must contains minimum 3 characters :
Wrong Input : Fist letter Should be capital and must contains minimum 3 characters :
Wrong Input : Fist letter Should be capital and must contains minimum 3 characters :
Wrong Input : Fist letter Should be capital and must contains minimum 3 characters :
Wrong Input : Fist letter Should be capital and must contains minimum 3 characters :
Wrong Input : Fist letter Should be capital and must contains minimum 3 characters :
Wrong Input : Fist letter Should be capital and must contains minimum 3 characters :
Wrong Input : Fist letter Should be capital and must contains minimum 3 characters :
Wrong Input : Fist letter Should be capital and must contains minimum 3 characters :
Wrong Input : Fist letter Should be capital and must contains minimum 3 characters :
Wrong Input : Fist letter Should be capital and must contains minimum 3 characters :
Wrong Input : Fist letter Should be capital and must contains minimum 3 characters :
Wrong Input : Fist letter Should be capital and must contains minimum 3 characters :
Wrong Input : Fist letter Should be capital and must contains minimum 3 characters :
Wrong Input : Fist letter Should be capital and must contains minimum 3 characters :
Wrong Input : Fist letter Should be capital and must contains minimum 3 characters :
Wrong Input : Fist letter Should be capital and must contains minimum 3 characters :
Wrong Input : Fist letter Should be capital and must contains minimum 3 characters :
Wrong Input : Fist letter Should be capital and must contains minimum 3 characters :
Wrong Input : Fist letter Should be capital and must contains minimum 3 characters :
Wrong Input : Fist letter Should be capital and must contains minimum 3 characters :
Wrong Input : Fist letter Should be capital and must contains minimum 3 characters :
Wrong Input : Fist letter Should be capital and must contains minimum 3 characters :
Wrong Input : Fist letter Should be capital and must contains minimum 3 characters :
Wrong Input : Fist letter Should be capital and must contains minimum 3 characters :
Wrong Input : Fist letter Should be capital and must contains minimum 3 characters :
Wrong Input : Fist letter Should be capital and must contains minimum 3 characters :
Wrong Input : Fist letter Should be capital and must contains minimum 3 characters :
Wrong Input : Fist letter Should be capital and must contains minimum 3 characters :
Wrong Input : Fist letter Should be capital and must contains minimum 3 characters :
Wrong Input : Fist letter Should be capital and must contains minimum 3 characters :
Wrong Input : Fist letter Should be capital and must contains minimum 3 characters :
Wrong Input : Fist letter Should be capital and must contains minimum 3 characters :
Wrong Input : Fist letter Should be capital and must contains minimum 3 characters :
Wrong Input : Fist letter Should be capital and must contains minimum 3 characters :
Wrong Input : Fist letter Should be capital and must contains minimum 3 characters :
Wrong Input : Fist letter Should be capital and must contains minimum 3 characters :
Wrong Input : Fist letter Should be capital and must contains minimum 3 characters :
Wrong Input : Fist letter Should be capital and must contains minimum 3 characters :
Wrong Input : Fist letter Should be capital and must contains minimum 3 characters :
Wrong Input : Fist letter Should be capital and must contains minimum 3 characters :
Wrong Input : Fist letter Should be capital and must contains minimum 3 characters :
Wrong Input : Fist letter Should be capital and must contains minimum 3 characters :
Wrong Input : Fist letter Should be capital and must contains minimum 3 characters :
Wrong Input : Fist letter Should be capital and must contains minimum 3 characters :
Wrong Input : Fist letter Should be capital and must contains minimum 3 characters :
Wrong Input : Fist letter Should be capital and must contains minimum 3 characters :
Wrong Input : Fist letter Should be capital and must contains minimum 3 characters :
Wrong Input : Fist letter Should be capital and must contains minimum 3 characters :
Wrong Input : Fist letter Should be capital and must contains minimum 3 characters :
Wrong Input : Fist letter Should be capital and must contains minimum 3 characters :
Wrong Input : Fist letter Should be capital and must contains minimum 3 characters :
Wrong Input : Fist letter Should be capital and must contains minimum 3 characters :
Wrong Input : Fist letter Should be capital and must contains minimum 3 characters :
Wrong Input : Fist letter Should be capital and must contains minimum 3 characters :
Wrong Input : Fist letter Should be capital and must contains minimum 3 characters :
Wrong Input : Fist letter Should be capital and must contains minimum 3 characters :
Wrong Input : Fist letter Should be capital and must contains minimum 3 characters :
Wrong Input : Fist letter Should be capital and must contains minimum 3 characters :
Wrong Input : Fist letter Should be capital and must contains minimum 3 characters :
Wrong Input : Fist letter Should be capital and must contains minimum 3 characters :
Wrong Input : Fist letter Should be capital and must contains minimum 3 characters :
Wrong Input : Fist letter Should be capital and must contains minimum 3 characters :
Wrong Input : Fist letter Should be capital and must contains minimum 3 characters :
Wrong Input : Fist letter Should be capital and must contains minimum 3 characters :
Wrong Input : Fist letter Should be capital and must contains minimum 3 characters :
Wrong Input : Fist letter Should be capital and must contains minimum 3 characters :
Wrong Input : Fist letter Should be capital and must contains minimum 3 characters :
Wrong Input : Fist letter Should be capital and must contains minimum 3 characters :
Wrong Input : Fist letter Should be capital and must contains minimum 3 characters :
Wrong Input : Fist letter Should be capital and must contains minimum 3 characters :
Wrong Input : Fist letter Should be capital and must contains minimum 3 characters :
Wrong Input : Fist letter Should be capital and must contains minimum 3 characters :
Wrong Input : Fist letter Should be capital and must contains minimum 3 characters :
Wrong Input : Fist letter Should be capital and must contains minimum 3 characters :
Wrong Input : Fist letter Should be capital and must contains minimum 3 characters :
Wrong Input : Fist letter Should be capital and must contains minimum 3 characters :
Wrong Input : Fist letter Should be capital and must contains minimum 3 characters :
Wrong Input : Fist letter Should be capital and must contains minimum 3 characters :
Wrong Input : Fist letter Should be capital and must contains minimum 3 characters :
Wrong Input : Fist letter Should be capital and must contains minimum 3 characters :
Wrong Input : Fist letter Should be capital and must contains minimum 3 characters :
Wrong Input : Fist letter Should be capital and must contains minimum 3 characters :
Wrong Input : Fist letter Should be capital and must contains minimum 3 characters :
Wrong Input : Fist letter Should be capital and must contains minimum 3 characters :
Wrong Input : Fist letter Should be capital and must contains minimum 3 characters :
Wrong Input : Fist letter Should be capital and must contains minimum 3 characters :
Wrong Input : Fist letter Should be capital and must contains minimum 3 characters :
Wrong Input : Fist letter Should be capital and must contains minimum 3 characters :
Wrong Input : Fist letter Should be capital and must contains minimum 3 characters :
Wrong Input : Fist letter Should be capital and must contains minimum 3 characters :
Wrong Input : Fist letter Should be capital and must contains minimum 3 characters :
Wrong Input : Fist letter Should be capital and must contains minimum 3 characters :
Wrong Input : Fist letter Should be capital and must contains minimum 3 characters :
Wrong Input : Fist letter Should be capital and must contains minimum 3 characters :
Wrong Input : Fist letter Should be capital and must contains minimum 3 characters :
Wrong Input : Fist letter Should be capital and must contains minimum 3 characters :
Wrong Input : Fist letter Should be capital and must contains minimum 3 characters :
Wrong Input : Fist letter Should be capital and must contains minimum 3 characters :
Wrong Input : Fist letter Should be capital and must contains minimum 3 characters :
Wrong Input : Fist letter Should be capital and must contains minimum 3 characters :
Wrong Input : Fist letter Should be capital and must contains minimum 3 characters :
Wrong Input : Fist letter Should be capital and must contains minimum 3 characters :
Wrong Input : Fist letter Should be capital and must contains minimum 3 characters :
Wrong Input : Fist letter Should be capital and must contains minimum 3 characters :
Wrong Input : Fist letter Should be capital and must contains minimum 3 characters :
Wrong Input : Fist letter Should be capital and must contains minimum 3 characters :
Wrong Input : Fist letter Should be capital and must contains minimum 3 characters :
Wrong Input : Fist letter Should be capital and must contains minimum 3 characters :
Wrong Input : Fist letter Should be capital and must contains minimum 3 characters :
Wrong Input : Fist letter Should be capital and must contains minimum 3 characters :
Wrong Input : Fist letter Should be capital and must contains minimum 3 characters :
Wrong Input : Fist letter Should be capital and must contains minimum 3 characters :
Wrong Input : Fist letter Should be capital and must contains minimum 3 characters :
Wrong Input : Fist letter Should be capital and must contains minimum 3 characters :
Wrong Input : Fist letter Should be capital and must contains minimum 3 characters :
Wrong Input : Fist letter Should be capital and must contains minimum 3 characters :
Wrong Input : Fist letter Should be capital and must contains minimum 3 characters :
Wrong Input : Fist letter Should be capital and must contains minimum 3 characters :
Wrong Input : Fist letter Should be capital and must contains minimum 3 characters :
Wrong Input : Fist letter Should be capital and must contains minimum 3 characters :
Wrong Input : Fist letter Should be capital and must contains minimum 3 characters :
Wrong Input : Fist letter Should be capital and must contains minimum 3 characters :
Wrong Input : Fist letter Should be capital and must contains minimum 3 characters :
Wrong Input : Fist letter Should be capital and must contains minimum 3 characters :
Wrong Input : Fist letter Should be capital and must contains minimum 3 characters :
Wrong Input : Fist letter Should be capital and must contains minimum 3 characters :
Wrong Input : Fist letter Should be capital and must contains minimum 3 characters :
Wrong Input : Fist letter Should be capital and must contains minimum 3 characters :
Wrong Input : Fist letter Should be capital and must contains minimum 3 characters :
Wrong Input : Fist letter Should be capital and must contains minimum 3 characters :
Wrong Input : Fist letter Should be capital and must contains minimum 3 characters :
Wrong Input : Fist letter Should be capital and must contains minimum 3 characters :
Wrong Input : Fist letter Should be capital and must contains minimum 3 characters :
Wrong Input : Fist letter Should be capital and must contains minimum 3 characters :
Wrong Input : Fist letter Should be capital and must contains minimum 3 characters :
Wrong Input : Fist letter Should be capital and must contains minimum 3 characters :
Wrong Input : Fist letter Should be capital and must contains minimum 3 characters :
Wrong Input : Fist letter Should be capital and must contains minimum 3 characters :
Wrong Input : Fist letter Should be capital and must contains minimum 3 characters :
Wrong Input : Fist letter Should be capital and must contains minimum 3 characters :
Wrong Input : Fist letter Should be capital and must contains minimum 3 characters :
Wrong Input : Fist letter Should be capital and must contains minimum 3 characters :
Wrong Input : Fist letter Should be capital and must contains minimum 3 characters :
Wrong Input : Fist letter Should be capital and must contains minimum 3 characters :
Wrong Input : Fist letter Should be capital and must contains minimum 3 characters :
Wrong Input : Fist letter Should be capital and must contains minimum 3 characters :
Wrong Input : Fist letter Should be capital and must contains minimum 3 characters :
Wrong Input : Fist letter Should be capital and must contains minimum 3 characters :
Wrong Input : Fist letter Should be capital and must contains minimum 3 characters :
Wrong Input : Fist letter Should be capital and must contains minimum 3 characters :
Wrong Input : Fist letter Should be capital and must contains minimum 3 characters :
Wrong Input : Fist letter Should be capital and must contains minimum 3 characters :
Wrong Input : Fist letter Should be capital and must contains minimum 3 characters :
Wrong Input : Fist letter Should be capital and must contains minimum 3 characters :
Wrong Input : Fist letter Should be capital and must contains minimum 3 characters :
Wrong Input : Fist letter Should be capital and must contains minimum 3 characters :
Wrong Input : Fist letter Should be capital and must contains minimum 3 characters :
Wrong Input : Fist letter Should be capital and must contains minimum 3 characters :
Wrong Input : Fist letter Should be capital and must contains minimum 3 characters :
Wrong Input : Fist letter Should be capital and must contains minimum 3 characters :
Wrong Input : Fist letter Should be capital and must contains minimum 3 characters :
Wrong Input : Fist letter Should be capital and must contains minimum 3 characters :
Wrong Input : Fist letter Should be capital and must contains minimum 3 characters :
Wrong Input : Fist letter Should be capital and must contains minimum 3 characters :
Wrong Input : Fist letter Should be capital and must contains minimum 3 characters :
Wrong Input : Fist letter Should be capital and must contains minimum 3 characters :
Wrong Input : Fist letter Should be capital and must contains minimum 3 characters :
Wrong Input : Fist letter Should be capital and must contains minimum 3 characters :
Wrong Input : Fist letter Should be capital and must contains minimum 3 characters :
Wrong Input : Fist letter Should be capital and must contains minimum 3 characters :
Wrong Input : Fist letter Should be capital and must contains minimum 3 characters :
Wrong Input : Fist letter Should be capital and must contains minimum 3 characters :
Wrong Input : Fist letter Should be capital and must contains minimum 3 characters :
Wrong Input : Fist letter Should be capital and must contains minimum 3 characters :
Wrong Input : Fist letter Should be capital and must contains minimum 3 characters :
Wrong Input : Fist letter Should be capital and must contains minimum 3 characters :
Wrong Input : Fist letter Should be capital and must contains minimum 3 characters :
Wrong Input : Fist letter Should be capital and must contains minimum 3 characters :
Wrong Input : Fist letter Should be capital and must contains minimum 3 characters :
Wrong Input : Fist letter Should be capital and must contains minimum 3 characters :
Wrong Input : Fist letter Should be capital and must contains minimum 3 characters :
Wrong Input : Fist letter Should be capital and must contains minimum 3 characters :
Wrong Input : Fist letter Should be capital and must contains minimum 3 characters :
Wrong Input : Fist letter Should be capital and must contains minimum 3 characters :
Wrong Input : Fist letter Should be capital and must contains minimum 3 characters :
Wrong Input : Fist letter Should be capital and must contains minimum 3 characters :
Wrong Input : Fist letter Should be capital and must contains minimum 3 characters :
Wrong Input : Fist letter Should be capital and must contains minimum 3 characters :
Wrong Input : Fist letter Should be capital and must contains minimum 3 characters :
Wrong Input : Fist letter Should be capital and must contains minimum 3 characters :
Wrong Input : Fist letter Should be capital and must contains minimum 3 characters :
Wrong Input : Fist letter Should be capital and must contains minimum 3 characters :
Wrong Input : Fist letter Should be capital and must contains minimum 3 characters :
Wrong Input : Fist letter Should be capital and must contains minimum 3 characters :
Wrong Input : Fist letter Should be capital and must contains minimum 3 characters :
Wrong Input : Fist letter Should be capital and must contains minimum 3 characters :
Wrong Input : Fist letter Should be capital and must contains minimum 3 characters :
Wrong Input : Fist letter Should be capital and must contains minimum 3 characters :
Wrong Input : Fist letter Should be capital and must contains minimum 3 characters :
Wrong Input : Fist letter Should be capital and must contains minimum 3 characters :
Wrong Input : Fist letter Should be capital and must contains minimum 3 characters :
Wrong Input : Fist letter Should be capital and must contains minimum 3 characters :
Wrong Input : Fist letter Should be capital and must contains minimum 3 characters :
Wrong Input : Fist letter Should be capital and must contains minimum 3 characters :
Wrong Input : Fist letter Should be capital and must contains minimum 3 characters :
Wrong Input : Fist letter Should be capital and must contains minimum 3 characters :
Wrong Input : Fist letter Should be capital and must contains minimum 3 characters :
Wrong Input : Fist letter Should be capital and must contains minimum 3 characters :
Wrong Input : Fist letter Should be capital and must contains minimum 3 characters :
Wrong Input : Fist letter Should be capital and must contains minimum 3 characters :
Wrong Input : Fist letter Should be capital and must contains minimum 3 characters :
Wrong Input : Fist letter Should be capital and must contains minimum 3 characters :
Wrong Input : Fist letter Should be capital and must contains minimum 3 characters :
Wrong Input : Fist letter Should be capital and must contains minimum 3 characters :
Wrong Input : Fist letter Should be capital and must contains minimum 3 characters :
Wrong Input : Fist letter Should be capital and must contains minimum 3 characters :
Wrong Input : Fist letter Should be capital and must contains minimum 3 characters :
Wrong Input : Fist letter Should be capital and must contains minimum 3 characters :
Wrong Input : Fist letter Should be capital and must contains minimum 3 characters :
Wrong Input : Fist letter Should be capital and must contains minimum 3 characters :
Wrong Input : Fist letter Should be capital and must contains minimum 3 characters :
Wrong Input : Fist letter Should be capital and must contains minimum 3 characters :
Wrong Input : Fist letter Should be capital and must contains minimum 3 characters :
Wrong Input : Fist letter Should be capital and must contains minimum 3 characters :
Wrong Input : Fist letter Should be capital and must contains minimum 3 characters :
Wrong Input : Fist letter Should be capital and must contains minimum 3 characters :
Wrong Input : Fist letter Should be capital and must contains minimum 3 characters :
Wrong Input : Fist letter Should be capital and must contains minimum 3 characters :
Wrong Input : Fist letter Should be capital and must contains minimum 3 characters :
Wrong Input : Fist letter Should be capital and must contains minimum 3 characters :
Wrong Input : Fist letter Should be capital and must contains minimum 3 characters :
Wrong Input : Fist letter Should be capital and must contains minimum 3 characters :
Wrong Input : Fist letter Should be capital and must contains minimum 3 characters :
Wrong Input : Fist letter Should be capital and must contains minimum 3 characters :
Wrong Input : Fist letter Should be capital and must contains minimum 3 characters :
Wrong Input : Fist letter Should be capital and must contains minimum 3 characters :
Wrong Input : Fist letter Should be capital and must contains minimum 3 characters :
Wrong Input : Fist letter Should be capital and must contains minimum 3 characters :
Wrong Input : Fist letter Should be capital and must contains minimum 3 characters :
Wrong Input : Fist letter Should be capital and must contains minimum 3 characters :
Wrong Input : Fist letter Should be capital and must contains minimum 3 characters :
Wrong Input : Fist letter Should be capital and must contains minimum 3 characters :
Wrong Input : Fist letter Should be capital and must contains minimum 3 characters :
Wrong Input : Fist letter Should be capital and must contains minimum 3 characters :
Wrong Input : Fist letter Should be capital and must contains minimum 3 characters :
Wrong Input : Fist letter Should be capital and must contains minimum 3 characters :
Wrong Input : Fist letter Should be capital and must contains minimum 3 characters :
Wrong Input : Fist letter Should be capital and must contains minimum 3 characters :
Wrong Input : Fist letter Should be capital and must contains minimum 3 characters :
Wrong Input : Fist letter Should be capital and must contains minimum 3 characters :
Wrong Input : Fist letter Should be capital and must contains minimum 3 characters :
Wrong Input : Fist letter Should be capital and must contains minimum 3 characters :
Wrong Input : Fist letter Should be capital and must contains minimum 3 characters :
Wrong Input : Fist letter Should be capital and must contains minimum 3 characters :
Wrong Input : Fist letter Should be capital and must contains minimum 3 characters :
Wrong Input : Fist letter Should be capital and must contains minimum 3 characters :
Wrong Input : Fist letter Should be capital and must contains minimum 3 characters :
Wrong Input : Fist letter Should be capital and must contains minimum 3 characters :
Wrong Input : Fist letter Should be capital and must contains minimum 3 characters :
Wrong Input : Fist letter Should be capital and must contains minimum 3 characters :
Wrong Input : Fist letter Should be capital and must contains minimum 3 characters :
Wrong Input : Fist letter Should be capital and must contains minimum 3 characters :
Wrong Input : Fist letter Should be capital and must contains minimum 3 characters :
Wrong Input : Fist letter Should be capital and must contains minimum 3 characters :
Wrong Input : Fist letter Should be capital and must contains minimum 3 characters :
Wrong Input : Fist letter Should be capital and must contains minimum 3 characters :
Wrong Input : Fist letter Should be capital and must contains minimum 3 characters :
Wrong Input : Fist letter Should be capital and must contains minimum 3 characters :
Wrong Input : Fist letter Should be capital and must contains minimum 3 characters :
Wrong Input : Fist letter Should be capital and must contains minimum 3 characters :
Wrong Input : Fist letter Should be capital and must contains minimum 3 characters :
Wrong Input : Fist letter Should be capital and must contains minimum 3 characters :
Wrong Input : Fist letter Should be capital and must contains minimum 3 characters :
Wrong Input : Fist letter Should be capital and must contains minimum 3 characters :
Wrong Input : Fist letter Should be capital and must contains minimum 3 characters :
Wrong Input : Fist letter Should be capital and must contains minimum 3 characters :
Wrong Input : Fist letter Should be capital and must contains minimum 3 characters :
Wrong Input : Fist letter Should be capital and must contains minimum 3 characters :
Wrong Input : Fist letter Should be capital and must contains minimum 3 characters :
Wrong Input : Fist letter Should be capital and must contains minimum 3 characters :
Wrong Input : Fist letter Should be capital and must contains minimum 3 characters :
Wrong Input : Fist letter Should be capital and must contains minimum 3 characters :
Wrong Input : Fist letter Should be capital and must contains minimum 3 characters :
Wrong Input : Fist letter Should be capital and must contains minimum 3 characters :
Wrong Input : Fist letter Should be capital and must contains minimum 3 characters :
Wrong Input : Fist letter Should be capital and must contains minimum 3 characters :
Wrong Input : Fist letter Should be capital and must contains minimum 3 characters :
Wrong Input : Fist letter Should be capital and must contains minimum 3 characters :
Wrong Input : Fist letter Should be capital and must contains minimum 3 characters :
Wrong Input : Fist letter Should be capital and must contains minimum 3 characters :
Wrong Input : Fist letter Should be capital and must contains minimum 3 characters :
Wrong Input : Fist letter Should be capital and must contains minimum 3 characters :
Wrong Input : Fist letter Should be capital and must contains minimum 3 characters :
Wrong Input : Fist letter Should be capital and must contains minimum 3 characters :
Wrong Input : Fist letter Should be capital and must contains minimum 3 characters :
Wrong Input : Fist letter Should be capital and must contains minimum 3 characters :
Wrong Input : Fist letter Should be capital and must contains minimum 3 characters :
Wrong Input : Fist letter Should be capital and must contains minimum 3 characters :
Wrong Input : Fist letter Should be capital and must contains minimum 3 characters :
Wrong Input : Fist letter Should be capital and must contains minimum 3 characters :
Wrong Input : Fist letter Should be capital and must contains minimum 3 characters :
Wrong Input : Fist letter Should be capital and must contains minimum 3 characters :
Wrong Input : Fist letter Should be capital and must contains minimum 3 characters :
Wrong Input : Fist letter Should be capital and must contains minimum 3 characters :
Wrong Input : Fist letter Should be capital and must contains minimum 3 characters :
Wrong Input : Fist letter Should be capital and must contains minimum 3 characters :
Wrong Input : Fist letter Should be capital and must contains minimum 3 characters :
Wrong Input : Fist letter Should be capital and must contains minimum 3 characters :
Wrong Input : Fist letter Should be capital and must contains minimum 3 characters :
Wrong Input : Fist letter Should be capital and must contains minimum 3 characters :
Wrong Input : Fist letter Should be capital and must contains minimum 3 characters :
Wrong Input : Fist letter Should be capital and must contains minimum 3 characters :
Wrong Input : Fist letter Should be capital and must contains minimum 3 characters :
Wrong Input : Fist letter Should be capital and must contains minimum 3 characters :
Wrong Input : Fist letter Should be capital and must contains minimum 3 characters :
Wrong Input : Fist letter Should be capital and must contains minimum 3 characters :
Wrong Input : Fist letter Should be capital and must contains minimum 3 characters :
Wrong Input : Fist letter Should be capital and must contains minimum 3 characters :
Wrong Input : Fist letter Should be capital and must contains minimum 3 characters :
Wrong Input : Fist letter Should be capital and must contains minimum 3 characters :
Wrong Input : Fist letter Should be capital and must contains minimum 3 characters :
Wrong Input : Fist letter Should be capital and must contains minimum 3 characters :
Wrong Input : Fist letter Should be capital and must contains minimum 3 characters :
Wrong Input : Fist letter Should be capital and must contains minimum 3 characters :
Wrong Input : Fist letter Should be capital and must contains minimum 3 characters :
Wrong Input : Fist letter Should be capital and must contains minimum 3 characters :
Wrong Input : Fist letter Should be capital and must contains minimum 3 characters :
Wrong Input : Fist letter Should be capital and must contains minimum 3 characters :
Wrong Input : Fist letter Should be capital and must contains minimum 3 characters :
Wrong Input : Fist letter Should be capital and must contains minimum 3 characters :
Wrong Input : Fist letter Should be capital and must contains minimum 3 characters :
Wrong Input : Fist letter Should be capital and must contains minimum 3 characters :
Wrong Input : Fist letter Should be capital and must contains minimum 3 characters :
Wrong Input : Fist letter Should be capital and must contains minimum 3 characters :
Wrong Input : Fist letter Should be capital and must contains minimum 3 characters :
Wrong Input : Fist letter Should be capital and must contains minimum 3 characters :
Wrong Input : Fist letter Should be capital and must contains minimum 3 characters :
Wrong Input : Fist letter Should be capital and must contains minimum 3 characters :
Wrong Input : Fist letter Should be capital and must contains minimum 3 characters :
Wrong Input : Fist letter Should be capital and must contains minimum 3 characters :
Wrong Input : Fist letter Should be capital and must contains minimum 3 characters :
Wrong Input : Fist letter Should be capital and must contains minimum 3 characters :
Wrong Input : Fist letter Should be capital and must contains minimum 3 characters :
Wrong Input : Fist letter Should be capital and must contains minimum 3 characters :
Wrong Input : Fist letter Should be capital and must contains minimum 3 characters :
Wrong Input : Fist letter Should be capital and must contains minimum 3 characters :
Wrong Input : Fist letter Should be capital and must contains minimum 3 characters :
Wrong Input : Fist letter Should be capital and must contains minimum 3 characters :
Wrong Input : Fist letter Should be capital and must contains minimum 3 characters :
Wrong Input : Fist letter Should be capital and must contains minimum 3 characters :
Wrong Input : Fist letter Should be capital and must contains minimum 3 characters :
Wrong Input : Fist letter Should be capital and must contains minimum 3 characters :
Wrong Input : Fist letter Should be capital and must contains minimum 3 characters :
Wrong Input : Fist letter Should be capital and must contains minimum 3 characters :
Wrong Input : Fist letter Should be capital and must contains minimum 3 characters :
Wrong Input : Fist letter Should be capital and must contains minimum 3 characters :
Wrong Input : Fist letter Should be capital and must contains minimum 3 characters :
Wrong Input : Fist letter Should be capital and must contains minimum 3 characters :
Wrong Input : Fist letter Should be capital and must contains minimum 3 characters :
Wrong Input : Fist letter Should be capital and must contains minimum 3 characters :
Wrong Input : Fist letter Should be capital and must contains minimum 3 characters :
Wrong Input : Fist letter Should be capital and must contains minimum 3 characters :
Wrong Input : Fist letter Should be capital and must contains minimum 3 characters :
Wrong Input : Fist letter Should be capital and must contains minimum 3 characters :
Wrong Input : Fist letter Should be capital and must contains minimum 3 characters :
Wrong Input : Fist letter Should be capital and must contains minimum 3 characters :
Wrong Input : Fist letter Should be capital and must contains minimum 3 characters :
Wrong Input : Fist letter Should be capital and must contains minimum 3 characters :
Wrong Input : Fist letter Should be capital and must contains minimum 3 characters :
Wrong Input : Fist letter Should be capital and must contains minimum 3 characters :
Wrong Input : Fist letter Should be capital and must contains minimum 3 characters :
Wrong Input : Fist letter Should be capital and must contains minimum 3 characters :
Wrong Input : Fist letter Should be capital and must contains minimum 3 characters :
Wrong Input : Fist letter Should be capital and must contains minimum 3 characters :
Wrong Input : Fist letter Should be capital and must contains minimum 3 characters :
Wrong Input : Fist letter Should be capital and must contains minimum 3 characters :
Wrong Input : Fist letter Should be capital and must contains minimum 3 characters :
Wrong Input : Fist letter Should be capital and must contains minimum 3 characters :
Wrong Input : Fist letter Should be capital and must contains minimum 3 characters :
Wrong Input : Fist letter Should be capital and must contains minimum 3 characters :
Wrong Input : Fist letter Should be capital and must contains minimum 3 characters :
Wrong Input : Fist letter Should be capital and must contains minimum 3 characters :
Wrong Input : Fist letter Should be capital and must contains minimum 3 characters :
Wrong Input : Fist letter Should be capital and must contains minimum 3 characters :
Wrong Input : Fist letter Should be capital and must contains minimum 3 characters :
Wrong Input : Fist letter Should be capital and must contains minimum 3 characters :
Wrong Input : Fist letter Should be capital and must contains minimum 3 characters :
Wrong Input : Fist letter Should be capital and must contains minimum 3 characters :
Wrong Input : Fist letter Should be capital and must contains minimum 3 characters :
Wrong Input : Fist letter Should be capital and must contains minimum 3 characters :
Wrong Input : Fist letter Should be capital and must contains minimum 3 characters :
Wrong Input : Fist letter Should be capital and must contains minimum 3 characters :
Wrong Input : Fist letter Should be capital and must contains minimum 3 characters :
Wrong Input : Fist letter Should be capital and must contains minimum 3 characters :
Wrong Input : Fist letter Should be capital and must contains minimum 3 characters :
Wrong Input : Fist letter Should be capital and must contains minimum 3 characters :
Wrong Input : Fist letter Should be capital and must contains minimum 3 characters :
Wrong Input : Fist letter Should be capital and must contains minimum 3 characters :
Wrong Input : Fist letter Should be capital and must contains minimum 3 characters :
Wrong Input : Fist letter Should be capital and must contains minimum 3 characters :
Wrong Input : Fist letter Should be capital and must contains minimum 3 characters :
Wrong Input : Fist letter Should be capital and must contains minimum 3 characters :
Wrong Input : Fist letter Should be capital and must contains minimum 3 characters :
Wrong Input : Fist letter Should be capital and must contains minimum 3 characters :
Wrong Input : Fist letter Should be capital and must contains minimum 3 characters :
Wrong Input : Fist letter Should be capital and must contains minimum 3 characters :
Wrong Input : Fist letter Should be capital and must contains minimum 3 characters :
Wrong Input : Fist letter Should be capital and must contains minimum 3 characters :
Wrong Input : Fist letter Should be capital and must contains minimum 3 characters :
Wrong Input : Fist letter Should be capital and must contains minimum 3 characters :
Wrong Input : Fist letter Should be capital and must contains minimum 3 characters :
Wrong Input : Fist letter Should be capital and must contains minimum 3 characters :
Wrong Input : Fist letter Should be capital and must contains minimum 3 characters :
Wrong Input : Fist letter Should be capital and must contains minimum 3 characters :
Wrong Input : Fist letter Should be capital and must contains minimum 3 characters :
Wrong Input : Fist letter Should be capital and must contains minimum 3 characters :
Wrong Input : Fist letter Should be capital and must contains minimum 3 characters :
Wrong Input : Fist letter Should be capital and must contains minimum 3 characters :
Wrong Input : Fist letter Should be capital and must contains minimum 3 characters :
Wrong Input : Fist letter Should be capital and must contains minimum 3 characters :
Wrong Input : Fist letter Should be capital and must contains minimum 3 characters :
Wrong Input : Fist letter Should be capital and must contains minimum 3 characters :
Wrong Input : Fist letter Should be capital and must contains minimum 3 characters :
Wrong Input : Fist letter Should be capital and must contains minimum 3 characters :
Wrong Input : Fist letter Should be capital and must contains minimum 3 characters :
Wrong Input : Fist letter Should be capital and must contains minimum 3 characters :
Wrong Input : Fist letter Should be capital and must contains minimum 3 characters :
Wrong Input : Fist letter Should be capital and must contains minimum 3 characters :
Wrong Input : Fist letter Should be capital and must contains minimum 3 characters :
Wrong Input : Fist letter Should be capital and must contains minimum 3 characters :
Wrong Input : Fist letter Should be capital and must contains minimum 3 characters :
Wrong Input : Fist letter Should be capital and must contains minimum 3 characters :
Wrong Input : Fist letter Should be capital and must contains minimum 3 characters :
Wrong Input : Fist letter Should be capital and must contains minimum 3 characters :
Wrong Input : Fist letter Should be capital and must contains minimum 3 characters :
Wrong Input : Fist letter Should be capital and must contains minimum 3 characters :
Wrong Input : Fist letter Should be capital and must contains minimum 3 characters :
Wrong Input : Fist letter Should be capital and must contains minimum 3 characters :
Wrong Input : Fist letter Should be capital and must contains minimum 3 characters :
Wrong Input : Fist letter Should be capital and must contains minimum 3 characters :
Wrong Input : Fist letter Should be capital and must contains minimum 3 characters :
Wrong Input : Fist letter Should be capital and must contains minimum 3 characters :
Wrong Input : Fist letter Should be capital and must contains minimum 3 characters :
Wrong Input : Fist letter Should be capital and must contains minimum 3 characters :
Wrong Input : Fist letter Should be capital and must contains minimum 3 characters :
Wrong Input : Fist letter Should be capital and must contains minimum 3 characters :
Wrong Input : Fist letter Should be capital and must contains minimum 3 characters :
Wrong Input : Fist letter Should be capital and must contains minimum 3 characters :
Wrong Input : Fist letter Should be capital and must contains minimum 3 characters :
Wrong Input : Fist letter Should be capital and must contains minimum 3 characters :
Wrong Input : Fist letter Should be capital and must contains minimum 3 characters :
Wrong Input : Fist letter Should be capital and must contains minimum 3 characters :
Wrong Input : Fist letter Should be capital and must contains minimum 3 characters :
Wrong Input : Fist letter Should be capital and must contains minimum 3 characters :
Wrong Input : Fist letter Should be capital and must contains minimum 3 characters :
Wrong Input : Fist letter Should be capital and must contains minimum 3 characters :
Wrong Input : Fist letter Should be capital and must contains minimum 3 characters :
Wrong Input : Fist letter Should be capital and must contains minimum 3 characters :
Wrong Input : Fist letter Should be capital and must contains minimum 3 characters :
Wrong Input : Fist letter Should be capital and must contains minimum 3 characters :
Wrong Input : Fist letter Should be capital and must contains minimum 3 characters :
Wrong Input : Fist letter Should be capital and must contains minimum 3 characters :
Wrong Input : Fist letter Should be capital and must contains minimum 3 characters :
Wrong Input : Fist letter Should be capital and must contains minimum 3 characters :
Wrong Input : Fist letter Should be capital and must contains minimum 3 characters :
Wrong Input : Fist letter Should be capital and must contains minimum 3 characters :
Wrong Input : Fist letter Should be capital and must contains minimum 3 characters :
Wrong Input : Fist letter Should be capital and must contains minimum 3 characters :
Wrong Input : Fist letter Should be capital and must contains minimum 3 characters :
Wrong Input : Fist letter Should be capital and must contains minimum 3 characters :
Wrong Input : Fist letter Should be capital and must contains minimum 3 characters :
Wrong Input : Fist letter Should be capital and must contains minimum 3 characters :
Wrong Input : Fist letter Should be capital and must contains minimum 3 characters :
Wrong Input : Fist letter Should be capital and must contains minimum 3 characters :
Wrong Input : Fist letter Should be capital and must contains minimum 3 characters :
Wrong Input : Fist letter Should be capital and must contains minimum 3 characters :
Wrong Input : Fist letter Should be capital and must contains minimum 3 characters :
Wrong Input : Fist letter Should be capital and must contains minimum 3 characters :
Wrong Input : Fist letter Should be capital and must contains minimum 3 characters :
Wrong Input : Fist letter Should be capital and must contains minimum 3 characters :
Wrong Input : Fist letter Should be capital and must contains minimum 3 characters :
Wrong Input : Fist letter Should be capital and must contains minimum 3 characters :
Wrong Input : Fist letter Should be capital and must contains minimum 3 characters :
Wrong Input : Fist letter Should be capital and must contains minimum 3 characters :
Wrong Input : Fist letter Should be capital and must contains minimum 3 characters :
Wrong Input : Fist letter Should be capital and must contains minimum 3 characters :
Wrong Input : Fist letter Should be capital and must contains minimum 3 characters :
Wrong Input : Fist letter Should be capital and must contains minimum 3 characters :
Wrong Input : Fist letter Should be capital and must contains minimum 3 characters :
Wrong Input : Fist letter Should be capital and must contains minimum 3 characters :
Wrong Input : Fist letter Should be capital and must contains minimum 3 characters :
Wrong Input : Fist letter Should be capital and must contains minimum 3 characters :
Wrong Input : Fist letter Should be capital and must contains minimum 3 characters :
Wrong Input : Fist letter Should be capital and must contains minimum 3 characters :
Wrong Input : Fist letter Should be capital and must contains minimum 3 characters :
Wrong Input : Fist letter Should be capital and must contains minimum 3 characters :
Wrong Input : Fist letter Should be capital and must contains minimum 3 characters :
Wrong Input : Fist letter Should be capital and must contains minimum 3 characters :
Wrong Input : Fist letter Should be capital and must contains minimum 3 characters :
Wrong Input : Fist letter Should be capital and must contains minimum 3 characters :
Wrong Input : Fist letter Should be capital and must contains minimum 3 characters :
Wrong Input : Fist letter Should be capital and must contains minimum 3 characters :
Wrong Input : Fist letter Should be capital and must contains minimum 3 characters :
Wrong Input : Fist letter Should be capital and must contains minimum 3 characters :
Wrong Input : Fist letter Should be capital and must contains minimum 3 characters :
Wrong Input : Fist letter Should be capital and must contains minimum 3 characters :
Wrong Input : Fist letter Should be capital and must contains minimum 3 characters :
Wrong Input : Fist letter Should be capital and must contains minimum 3 characters :
Wrong Input : Fist letter Should be capital and must contains minimum 3 characters :
Wrong Input : Fist letter Should be capital and must contains minimum 3 characters :
Wrong Input : Fist letter Should be capital and must contains minimum 3 characters :
Wrong Input : Fist letter Should be capital and must contains minimum 3 characters :
Wrong Input : Fist letter Should be capital and must contains minimum 3 characters :
Wrong Input : Fist letter Should be capital and must contains minimum 3 characters :
Wrong Input : Fist letter Should be capital and must contains minimum 3 characters :
Wrong Input : Fist letter Should be capital and must contains minimum 3 characters :
Wrong Input : Fist letter Should be capital and must contains minimum 3 characters :
Wrong Input : Fist letter Should be capital and must contains minimum 3 characters :
Wrong Input : Fist letter Should be capital and must contains minimum 3 characters :
Wrong Input : Fist letter Should be capital and must contains minimum 3 characters :
Wrong Input : Fist letter Should be capital and must contains minimum 3 characters :
Wrong Input : Fist letter Should be capital and must contains minimum 3 characters :
Wrong Input : Fist letter Should be capital and must contains minimum 3 characters :
Wrong Input : Fist letter Should be capital and must contains minimum 3 characters :
Wrong Input : Fist letter Should be capital and must contains minimum 3 characters :
Wrong Input : Fist letter Should be capital and must contains minimum 3 characters :
Wrong Input : Fist letter Should be capital and must contains minimum 3 characters :
Wrong Input : Fist letter Should be capital and must contains minimum 3 characters :
Wrong Input : Fist letter Should be capital and must contains minimum 3 characters :
Wrong Input : Fist letter Should be capital and must contains minimum 3 characters :
Wrong Input : Fist letter Should be capital and must contains minimum 3 characters :
Wrong Input : Fist letter Should be capital and must contains minimum 3 characters :
Wrong Input : Fist letter Should be capital and must contains minimum 3 characters :
Wrong Input : Fist letter Should be capital and must contains minimum 3 characters :
Wrong Input : Fist letter Should be capital and must contains minimum 3 characters :
Wrong Input : Fist letter Should be capital and must contains minimum 3 characters :
Wrong Input : Fist letter Should be capital and must contains minimum 3 characters :
Wrong Input : Fist letter Should be capital and must contains minimum 3 characters :
Wrong Input : Fist letter Should be capital and must contains minimum 3 characters :
Wrong Input : Fist letter Should be capital and must contains minimum 3 characters :
Wrong Input : Fist letter Should be capital and must contains minimum 3 characters :
Wrong Input : Fist letter Should be capital and must contains minimum 3 characters :
Wrong Input : Fist letter Should be capital and must contains minimum 3 characters :
Wrong Input : Fist letter Should be capital and must contains minimum 3 characters :
Wrong Input : Fist letter Should be capital and must contains minimum 3 characters :
Wrong Input : Fist letter Should be capital and must contains minimum 3 characters :
Wrong Input : Fist letter Should be capital and must contains minimum 3 characters :
Wrong Input : Fist letter Should be capital and must contains minimum 3 characters :
Wrong Input : Fist letter Should be capital and must contains minimum 3 characters :
Wrong Input : Fist letter Should be capital and must contains minimum 3 characters :
Wrong Input : Fist letter Should be capital and must contains minimum 3 characters :
Wrong Input : Fist letter Should be capital and must contains minimum 3 characters :
Wrong Input : Fist letter Should be capital and must contains minimum 3 characters :
Wrong Input : Fist letter Should be capital and must contains minimum 3 characters :
Wrong Input : Fist letter Should be capital and must contains minimum 3 characters :
Wrong Input : Fist letter Should be capital and must contains minimum 3 characters :
Wrong Input : Fist letter Should be capital and must contains minimum 3 characters :
Wrong Input : Fist letter Should be capital and must contains minimum 3 characters :
Wrong Input : Fist letter Should be capital and must contains minimum 3 characters :
Wrong Input : Fist letter Should be capital and must contains minimum 3 characters :
Wrong Input : Fist letter Should be capital and must contains minimum 3 characters :
Wrong Input : Fist letter Should be capital and must contains minimum 3 characters :
Wrong Input : Fist letter Should be capital and must contains minimum 3 characters :
Wrong Input : Fist letter Should be capital and must contains minimum 3 characters :
Wrong Input : Fist letter Should be capital and must contains minimum 3 characters :
Wrong Input : Fist letter Should be capital and must contains minimum 3 characters :
Wrong Input : Fist letter Should be capital and must contains minimum 3 characters :
Wrong Input : Fist letter Should be capital and must contains minimum 3 characters :
Wrong Input : Fist letter Should be capital and must contains minimum 3 characters :
Wrong Input : Fist letter Should be capital and must contains minimum 3 characters :
Wrong Input : Fist letter Should be capital and must contains minimum 3 characters :
Wrong Input : Fist letter Should be capital and must contains minimum 3 characters :
Wrong Input : Fist letter Should be capital and must contains minimum 3 characters :
Wrong Input : Fist letter Should be capital and must contains minimum 3 characters :
Wrong Input : Fist letter Should be capital and must contains minimum 3 characters :
Wrong Input : Fist letter Should be capital and must contains minimum 3 characters :
Wrong Input : Fist letter Should be capital and must contains minimum 3 characters :
Wrong Input : Fist letter Should be capital and must contains minimum 3 characters :
Wrong Input : Fist letter Should be capital and must contains minimum 3 characters :
Wrong Input : Fist letter Should be capital and must contains minimum 3 characters :
Wrong Input : Fist letter Should be capital and must contains minimum 3 characters :
Wrong Input : Fist letter Should be capital and must contains minimum 3 characters :
Wrong Input : Fist letter Should be capital and must contains minimum 3 characters :
Wrong Input : Fist letter Should be capital and must contains minimum 3 characters :
Wrong Input : Fist letter Should be capital and must contains minimum 3 characters :
Wrong Input : Fist letter Should be capital and must contains minimum 3 characters :
Wrong Input : Fist letter Should be capital and must contains minimum 3 characters :
Wrong Input : Fist letter Should be capital and must contains minimum 3 characters :
Wrong Input : Fist letter Should be capital and must contains minimum 3 characters :
Wrong Input : Fist letter Should be capital and must contains minimum 3 characters :
Wrong Input : Fist letter Should be capital and must contains minimum 3 characters :
Wrong Input : Fist letter Should be capital and must contains minimum 3 characters :
Wrong Input : Fist letter Should be capital and must contains minimum 3 characters :
Wrong Input : Fist letter Should be capital and must contains minimum 3 characters :
Wrong Input : Fist letter Should be capital and must contains minimum 3 characters :
Wrong Input : Fist letter Should be capital and must contains minimum 3 characters :
Wrong Input : Fist letter Should be capital and must contains minimum 3 characters :
Wrong Input : Fist letter Should be capital and must contains minimum 3 characters :
Wrong Input : Fist letter Should be capital and must contains minimum 3 characters :
Wrong Input : Fist letter Should be capital and must contains minimum 3 characters :
Wrong Input : Fist letter Should be capital and must contains minimum 3 characters :
Wrong Input : Fist letter Should be capital and must contains minimum 3 characters :
Wrong Input : Fist letter Should be capital and must contains minimum 3 characters :
Wrong Input : Fist letter Should be capital and must contains minimum 3 characters :
Wrong Input : Fist letter Should be capital and must contains minimum 3 characters :
Wrong Input : Fist letter Should be capital and must contains minimum 3 characters :
Wrong Input : Fist letter Should be capital and must contains minimum 3 characters :
Wrong Input : Fist letter Should be capital and must contains minimum 3 characters :
Wrong Input : Fist letter Should be capital and must contains minimum 3 characters :
Wrong Input : Fist letter Should be capital and must contains minimum 3 characters :
Wrong Input : Fist letter Should be capital and must contains minimum 3 characters :
Wrong Input : Fist letter Should be capital and must contains minimum 3 characters :
Wrong Input : Fist letter Should be capital and must contains minimum 3 characters :
Wrong Input : Fist letter Should be capital and must contains minimum 3 characters :
Wrong Input : Fist letter Should be capital and must contains minimum 3 characters :
Wrong Input : Fist letter Should be capital and must contains minimum 3 characters :
Wrong Input : Fist letter Should be capital and must contains minimum 3 characters :
Wrong Input : Fist letter Should be capital and must contains minimum 3 characters :
Wrong Input : Fist letter Should be capital and must contains minimum 3 characters :
Wrong Input : Fist letter Should be capital and must contains minimum 3 characters :
Wrong Input : Fist letter Should be capital and must contains minimum 3 characters :
Wrong Input : Fist letter Should be capital and must contains minimum 3 characters :
Wrong Input : Fist letter Should be capital and must contains minimum 3 characters :
Wrong Input : Fist letter Should be capital and must contains minimum 3 characters :
Wrong Input : Fist letter Should be capital and must contains minimum 3 characters :
Wrong Input : Fist letter Should be capital and must contains minimum 3 characters :
Wrong Input : Fist letter Should be capital and must contains minimum 3 characters :
Wrong Input : Fist letter Should be capital and must contains minimum 3 characters :
Wrong Input : Fist letter Should be capital and must contains minimum 3 characters :
Wrong Input : Fist letter Should be capital and must contains minimum 3 characters :
Wrong Input : Fist letter Should be capital and must contains minimum 3 characters :
Wrong Input : Fist letter Should be capital and must contains minimum 3 characters :
Wrong Input : Fist letter Should be capital and must contains minimum 3 characters :
Wrong Input : Fist letter Should be capital and must contains minimum 3 characters :
Wrong Input : Fist letter Should be capital and must contains minimum 3 characters :
Wrong Input : Fist letter Should be capital and must contains minimum 3 characters :
Wrong Input : Fist letter Should be capital and must contains minimum 3 characters :
Wrong Input : Fist letter Should be capital and must contains minimum 3 characters :
Wrong Input : Fist letter Should be capital and must contains minimum 3 characters :
Wrong Input : Fist letter Should be capital and must contains minimum 3 characters :
Wrong Input : Fist letter Should be capital and must contains minimum 3 characters :
Wrong Input : Fist letter Should be capital and must contains minimum 3 characters :
Wrong Input : Fist letter Should be capital and must contains minimum 3 characters :
Wrong Input : Fist letter Should be capital and must contains minimum 3 characters :
Wrong Input : Fist letter Should be capital and must contains minimum 3 characters :
Wrong Input : Fist letter Should be capital and must contains minimum 3 characters :
Wrong Input : Fist letter Should be capital and must contains minimum 3 characters :
Wrong Input : Fist letter Should be capital and must contains minimum 3 characters :
Wrong Input : Fist letter Should be capital and must contains minimum 3 characters :
Wrong Input : Fist letter Should be capital and must contains minimum 3 characters :
Wrong Input : Fist letter Should be capital and must contains minimum 3 characters :
Wrong Input : Fist letter Should be capital and must contains minimum 3 characters :
Wrong Input : Fist letter Should be capital and must contains minimum 3 characters :
Wrong Input : Fist letter Should be capital and must contains minimum 3 characters :
Wrong Input : Fist letter Should be capital and must contains minimum 3 characters :
Wrong Input : Fist letter Should be capital and must contains minimum 3 characters :
Wrong Input : Fist letter Should be capital and must contains minimum 3 characters :
Wrong Input : Fist letter Should be capital and must contains minimum 3 characters :
Wrong Input : Fist letter Should be capital and must contains minimum 3 characters :
Wrong Input : Fist letter Should be capital and must contains minimum 3 characters :
Wrong Input : Fist letter Should be capital and must contains minimum 3 characters :
Wrong Input : Fist letter Should be capital and must contains minimum 3 characters :
Wrong Input : Fist letter Should be capital and must contains minimum 3 characters :
Wrong Input : Fist letter Should be capital and must contains minimum 3 characters :
Wrong Input : Fist letter Should be capital and must contains minimum 3 characters :
Wrong Input : Fist letter Should be capital and must contains minimum 3 characters :
Wrong Input : Fist letter Should be capital and must contains minimum 3 characters :
Wrong Input : Fist letter Should be capital and must contains minimum 3 characters :
Wrong Input : Fist letter Should be capital and must contains minimum 3 characters :
Wrong Input : Fist letter Should be capital and must contains minimum 3 characters :
Wrong Input : Fist letter Should be capital and must contains minimum 3 characters :
Wrong Input : Fist letter Should be capital and must contains minimum 3 characters :
Wrong Input : Fist letter Should be capital and must contains minimum 3 characters :
Wrong Input : Fist letter Should be capital and must contains minimum 3 characters :
Wrong Input : Fist letter Should be capital and must contains minimum 3 characters :
Wrong Input : Fist letter Should be capital and must contains minimum 3 characters :
Wrong Input : Fist letter Should be capital and must contains minimum 3 characters :
Wrong Input : Fist letter Should be capital and must contains minimum 3 characters :
Wrong Input : Fist letter Should be capital and must contains minimum 3 characters :
Wrong Input : Fist letter Should be capital and must contains minimum 3 characters :
Wrong Input : Fist letter Should be capital and must contains minimum 3 characters :
Wrong Input : Fist letter Should be capital and must contains minimum 3 characters :
Wrong Input : Fist letter Should be capital and must contains minimum 3 characters :
Wrong Input : Fist letter Should be capital and must contains minimum 3 characters :
Wrong Input : Fist letter Should be capital and must contains minimum 3 characters :
Wrong Input : Fist letter Should be capital and must contains minimum 3 characters :
Wrong Input : Fist letter Should be capital and must contains minimum 3 characters :
Wrong Input : Fist letter Should be capital and must contains minimum 3 characters :
Wrong Input : Fist letter Should be capital and must contains minimum 3 characters :
Wrong Input : Fist letter Should be capital and must contains minimum 3 characters :
Wrong Input : Fist letter Should be capital and must contains minimum 3 characters :
Wrong Input : Fist letter Should be capital and must contains minimum 3 characters :
Wrong Input : Fist letter Should be capital and must contains minimum 3 characters :
Wrong Input : Fist letter Should be capital and must contains minimum 3 characters :
Wrong Input : Fist letter Should be capital and must contains minimum 3 characters :
Wrong Input : Fist letter Should be capital and must contains minimum 3 characters :
Wrong Input : Fist letter Should be capital and must contains minimum 3 characters :
Wrong Input : Fist letter Should be capital and must contains minimum 3 characters :
Wrong Input : Fist letter Should be capital and must contains minimum 3 characters :
Wrong Input : Fist letter Should be capital and must contains minimum 3 characters :
Wrong Input : Fist letter Should be capital and must contains minimum 3 characters :
Wrong Input : Fist letter Should be capital and must contains minimum 3 characters :
Wrong Input : Fist letter Should be capital and must contains minimum 3 characters :
Wrong Input : Fist letter Should be capital and must contains minimum 3 characters :
Wrong Input : Fist letter Should be capital and must contains minimum 3 characters :
Wrong Input : Fist letter Should be capital and must contains minimum 3 characters :
Wrong Input : Fist letter Should be capital and must contains minimum 3 characters :
Wrong Input : Fist letter Should be capital and must contains minimum 3 characters :
Wrong Input : Fist letter Should be capital and must contains minimum 3 characters :
Wrong Input : Fist letter Should be capital and must contains minimum 3 characters :
Wrong Input : Fist letter Should be capital and must contains minimum 3 characters :
Wrong Input : Fist letter Should be capital and must contains minimum 3 characters :
Wrong Input : Fist letter Should be capital and must contains minimum 3 characters :
Wrong Input : Fist letter Should be capital and must contains minimum 3 characters :
Wrong Input : Fist letter Should be capital and must contains minimum 3 characters :
Wrong Input : Fist letter Should be capital and must contains minimum 3 characters :
Wrong Input : Fist letter Should be capital and must contains minimum 3 characters :
Wrong Input : Fist letter Should be capital and must contains minimum 3 characters :
Wrong Input : Fist letter Should be capital and must contains minimum 3 characters :
Wrong Input : Fist letter Should be capital and must contains minimum 3 characters :
Wrong Input : Fist letter Should be capital and must contains minimum 3 characters :
Wrong Input : Fist letter Should be capital and must contains minimum 3 characters :
Wrong Input : Fist letter Should be capital and must contains minimum 3 characters :
Wrong Input : Fist letter Should be capital and must contains minimum 3 characters :
Wrong Input : Fist letter Should be capital and must contains minimum 3 characters :
Wrong Input : Fist letter Should be capital and must contains minimum 3 characters :
Wrong Input : Fist letter Should be capital and must contains minimum 3 characters :
Wrong Input : Fist letter Should be capital and must contains minimum 3 characters :
Wrong Input : Fist letter Should be capital and must contains minimum 3 characters :
Wrong Input : Fist letter Should be capital and must contains minimum 3 characters :
Wrong Input : Fist letter Should be capital and must contains minimum 3 characters :
Wrong Input : Fist letter Should be capital and must contains minimum 3 characters :
Wrong Input : Fist letter Should be capital and must contains minimum 3 characters :
Wrong Input : Fist letter Should be capital and must contains minimum 3 characters :
Wrong Input : Fist letter Should be capital and must contains minimum 3 characters :
Wrong Input : Fist letter Should be capital and must contains minimum 3 characters :
Wrong Input : Fist letter Should be capital and must contains minimum 3 characters :
Wrong Input : Fist letter Should be capital and must contains minimum 3 characters :
Wrong Input : Fist letter Should be capital and must contains minimum 3 characters :
Wrong Input : Fist letter Should be capital and must contains minimum 3 characters :
Wrong Input : Fist letter Should be capital and must contains minimum 3 characters :
Wrong Input : Fist letter Should be capital and must contains minimum 3 characters :
Wrong Input : Fist letter Should be capital and must contains minimum 3 characters :
Wrong Input : Fist letter Should be capital and must contains minimum 3 characters :
Wrong Input : Fist letter Should be capital and must contains minimum 3 characters :
Wrong Input : Fist letter Should be capital and must contains minimum 3 characters :
Wrong Input : Fist letter Should be capital and must contains minimum 3 characters :
Wrong Input : Fist letter Should be capital and must contains minimum 3 characters :
Wrong Input : Fist letter Should be capital and must contains minimum 3 characters :
Wrong Input : Fist letter Should be capital and must contains minimum 3 characters :
Wrong Input : Fist letter Should be capital and must contains minimum 3 characters :
Wrong Input : Fist letter Should be capital and must contains minimum 3 characters :
Wrong Input : Fist letter Should be capital and must contains minimum 3 characters :
Wrong Input : Fist letter Should be capital and must contains minimum 3 characters :
Wrong Input : Fist letter Should be capital and must contains minimum 3 characters :
Wrong Input : Fist letter Should be capital and must contains minimum 3 characters :
Wrong Input : Fist letter Should be capital and must contains minimum 3 characters :
Wrong Input : Fist letter Should be capital and must contains minimum 3 characters :
Wrong Input : Fist letter Should be capital and must contains minimum 3 characters :
Wrong Input : Fist letter Should be capital and must contains minimum 3 characters :
Wrong Input : Fist letter Should be capital and must contains minimum 3 characters :
Wrong Input : Fist letter Should be capital and must contains minimum 3 characters :
Wrong Input : Fist letter Should be capital and must contains minimum 3 characters :
Wrong Input : Fist letter Should be capital and must contains minimum 3 characters :
Wrong Input : Fist letter Should be capital and must contains minimum 3 characters :
Wrong Input : Fist letter Should be capital and must contains minimum 3 characters :
Wrong Input : Fist letter Should be capital and must contains minimum 3 characters :
Wrong Input : Fist letter Should be capital and must contains minimum 3 characters :
Wrong Input : Fist letter Should be capital and must contains minimum 3 characters :
Wrong Input : Fist letter Should be capital and must contains minimum 3 characters :
Wrong Input : Fist letter Should be capital and must contains minimum 3 characters :
Wrong Input : Fist letter Should be capital and must contains minimum 3 characters :
Wrong Input : Fist letter Should be capital and must contains minimum 3 characters :
Wrong Input : Fist letter Should be capital and must contains minimum 3 characters :
Wrong Input : Fist letter Should be capital and must contains minimum 3 characters :
Wrong Input : Fist letter Should be capital and must contains minimum 3 characters :
Wrong Input : Fist letter Should be capital and must contains minimum 3 characters :
Wrong Input : Fist letter Should be capital and must contains minimum 3 characters :
Wrong Input : Fist letter Should be capital and must contains minimum 3 characters :
Wrong Input : Fist letter Should be capital and must contains minimum 3 characters :
Wrong Input : Fist letter Should be capital and must contains minimum 3 characters :
Wrong Input : Fist letter Should be capital and must contains minimum 3 characters :
Wrong Input : Fist letter Should be capital and must contains minimum 3 characters :
Wrong Input : Fist letter Should be capital and must contains minimum 3 characters :
Wrong Input : Fist letter Should be capital and must contains minimum 3 characters :
Wrong Input : Fist letter Should be capital and must contains minimum 3 characters :
Wrong Input : Fist letter Should be capital and must contains minimum 3 characters :
Wrong Input : Fist letter Should be capital and must contains minimum 3 characters :
Wrong Input : Fist letter Should be capital and must contains minimum 3 characters :
Wrong Input : Fist letter Should be capital and must contains minimum 3 characters :
Wrong Input : Fist letter Should be capital and must contains minimum 3 characters :
Wrong Input : Fist letter Should be capital and must contains minimum 3 characters :
Wrong Input : Fist letter Should be capital and must contains minimum 3 characters :
Wrong Input : Fist letter Should be capital and must contains minimum 3 characters :
Wrong Input : Fist letter Should be capital and must contains minimum 3 characters :
Wrong Input : Fist letter Should be capital and must contains minimum 3 characters :
Wrong Input : Fist letter Should be capital and must contains minimum 3 characters :
Wrong Input : Fist letter Should be capital and must contains minimum 3 characters :
Wrong Input : Fist letter Should be capital and must contains minimum 3 characters :
Wrong Input : Fist letter Should be capital and must contains minimum 3 characters :
Wrong Input : Fist letter Should be capital and must contains minimum 3 characters :
Wrong Input : Fist letter Should be capital and must contains minimum 3 characters :
Wrong Input : Fist letter Should be capital and must contains minimum 3 characters :
Wrong Input : Fist letter Should be capital and must contains minimum 3 characters :
Wrong Input : Fist letter Should be capital and must contains minimum 3 characters :
Wrong Input : Fist letter Should be capital and must contains minimum 3 characters :
Wrong Input : Fist letter Should be capital and must contains minimum 3 characters :
Wrong Input : Fist letter Should be capital and must contains minimum 3 characters :
Wrong Input : Fist letter Should be capital and must contains minimum 3 characters :
Wrong Input : Fist letter Should be capital and must contains minimum 3 characters :
Wrong Input : Fist letter Should be capital and must contains minimum 3 characters :
Wrong Input : Fist letter Should be capital and must contains minimum 3 characters :
Wrong Input : Fist letter Should be capital and must contains minimum 3 characters :
Wrong Input : Fist letter Should be capital and must contains minimum 3 characters :
Wrong Input : Fist letter Should be capital and must contains minimum 3 characters :
Wrong Input : Fist letter Should be capital and must contains minimum 3 characters :
Wrong Input : Fist letter Should be capital and must contains minimum 3 characters :
Wrong Input : Fist letter Should be capital and must contains minimum 3 characters :
Wrong Input : Fist letter Should be capital and must contains minimum 3 characters :
Wrong Input : Fist letter Should be capital and must contains minimum 3 characters :
Wrong Input : Fist letter Should be capital and must contains minimum 3 characters :
Wrong Input : Fist letter Should be capital and must contains minimum 3 characters :
Wrong Input : Fist letter Should be capital and must contains minimum 3 characters :
Wrong Input : Fist letter Should be capital and must contains minimum 3 characters :
Wrong Input : Fist letter Should be capital and must contains minimum 3 characters :
Wrong Input : Fist letter Should be capital and must contains minimum 3 characters :
Wrong Input : Fist letter Should be capital and must contains minimum 3 characters :
Wrong Input : Fist letter Should be capital and must contains minimum 3 characters :
Wrong Input : Fist letter Should be capital and must contains minimum 3 characters :
Wrong Input : Fist letter Should be capital and must contains minimum 3 characters :
Wrong Input : Fist letter Should be capital and must contains minimum 3 characters :
Wrong Input : Fist letter Should be capital and must contains minimum 3 characters :
Wrong Input : Fist letter Should be capital and must contains minimum 3 characters :
Wrong Input : Fist letter Should be capital and must contains minimum 3 characters :
Wrong Input : Fist letter Should be capital and must contains minimum 3 characters :
Wrong Input : Fist letter Should be capital and must contains minimum 3 characters :
Wrong Input : Fist letter Should be capital and must contains minimum 3 characters :
Wrong Input : Fist letter Should be capital and must contains minimum 3 characters :
Wrong Input : Fist letter Should be capital and must contains minimum 3 characters :
Wrong Input : Fist letter Should be capital and must contains minimum 3 characters :
Wrong Input : Fist letter Should be capital and must contains minimum 3 characters :
Wrong Input : Fist letter Should be capital and must contains minimum 3 characters :
Wrong Input : Fist letter Should be capital and must contains minimum 3 characters :
Wrong Input : Fist letter Should be capital and must contains minimum 3 characters :
Wrong Input : Fist letter Should be capital and must contains minimum 3 characters :
Wrong Input : Fist letter Should be capital and must contains minimum 3 characters :
Wrong Input : Fist letter Should be capital and must contains minimum 3 characters :
Wrong Input : Fist letter Should be capital and must contains minimum 3 characters :
Wrong Input : Fist letter Should be capital and must contains minimum 3 characters :
Wrong Input : Fist letter Should be capital and must contains minimum 3 characters :
Wrong Input : Fist letter Should be capital and must contains minimum 3 characters :
Wrong Input : Fist letter Should be capital and must contains minimum 3 characters :
Wrong Input : Fist letter Should be capital and must contains minimum 3 characters :
Wrong Input : Fist letter Should be capital and must contains minimum 3 characters :
Wrong Input : Fist letter Should be capital and must contains minimum 3 characters :
Wrong Input : Fist letter Should be capital and must contains minimum 3 characters :
Wrong Input : Fist letter Should be capital and must contains minimum 3 characters :
Wrong Input : Fist letter Should be capital and must contains minimum 3 characters :
Wrong Input : Fist letter Should be capital and must contains minimum 3 characters :
Wrong Input : Fist letter Should be capital and must contains minimum 3 characters :
Wrong Input : Fist letter Should be capital and must contains minimum 3 characters :
Wrong Input : Fist letter Should be capital and must contains minimum 3 characters :
Wrong Input : Fist letter Should be capital and must contains minimum 3 characters :
Wrong Input : Fist letter Should be capital and must contains minimum 3 characters :
Wrong Input : Fist letter Should be capital and must contains minimum 3 characters :
Wrong Input : Fist letter Should be capital and must contains minimum 3 characters :
Wrong Input : Fist letter Should be capital and must contains minimum 3 characters :
Wrong Input : Fist letter Should be capital and must contains minimum 3 characters :
Wrong Input : Fist letter Should be capital and must contains minimum 3 characters :
Wrong Input : Fist letter Should be capital and must contains minimum 3 characters :
Wrong Input : Fist letter Should be capital and must contains minimum 3 characters :
Wrong Input : Fist letter Should be capital and must contains minimum 3 characters :
Wrong Input : Fist letter Should be capital and must contains minimum 3 characters :
Wrong Input : Fist letter Should be capital and must contains minimum 3 characters :
Wrong Input : Fist letter Should be capital and must contains minimum 3 characters :
Wrong Input : Fist letter Should be capital and must contains minimum 3 characters :
Wrong Input : Fist letter Should be capital and must contains minimum 3 characters :
Wrong Input : Fist letter Should be capital and must contains minimum 3 characters :
Wrong Input : Fist letter Should be capital and must contains minimum 3 characters :
Wrong Input : Fist letter Should be capital and must contains minimum 3 characters :
Wrong Input : Fist letter Should be capital and must contains minimum 3 characters :
Wrong Input : Fist letter Should be capital and must contains minimum 3 characters :
Wrong Input : Fist letter Should be capital and must contains minimum 3 characters :
Wrong Input : Fist letter Should be capital and must contains minimum 3 characters :
Wrong Input : Fist letter Should be capital and must contains minimum 3 characters :
Wrong Input : Fist letter Should be capital and must contains minimum 3 characters :
Wrong Input : Fist letter Should be capital and must contains minimum 3 characters :
Wrong Input : Fist letter Should be capital and must contains minimum 3 characters :
Wrong Input : Fist letter Should be capital and must contains minimum 3 characters :
Wrong Input : Fist letter Should be capital and must contains minimum 3 characters :
Wrong Input : Fist letter Should be capital and must contains minimum 3 characters :
Wrong Input : Fist letter Should be capital and must contains minimum 3 characters :
Wrong Input : Fist letter Should be capital and must contains minimum 3 characters :
Wrong Input : Fist letter Should be capital and must contains minimum 3 characters :
Wrong Input : Fist letter Should be capital and must contains minimum 3 characters :
Wrong Input : Fist letter Should be capital and must contains minimum 3 characters :
Wrong Input : Fist letter Should be capital and must contains minimum 3 characters :
Wrong Input : Fist letter Should be capital and must contains minimum 3 characters :
Wrong Input : Fist letter Should be capital and must contains minimum 3 characters :
Wrong Input : Fist letter Should be capital and must contains minimum 3 characters :
Wrong Input : Fist letter Should be capital and must contains minimum 3 characters :
Wrong Input : Fist letter Should be capital and must contains minimum 3 characters :
Wrong Input : Fist letter Should be capital and must contains minimum 3 characters :
Wrong Input : Fist letter Should be capital and must contains minimum 3 characters :
Wrong Input : Fist letter Should be capital and must contains minimum 3 characters :
Wrong Input : Fist letter Should be capital and must contains minimum 3 characters :
Wrong Input : Fist letter Should be capital and must contains minimum 3 characters :
Wrong Input : Fist letter Should be capital and must contains minimum 3 characters :
Wrong Input : Fist letter Should be capital and must contains minimum 3 characters :
Wrong Input : Fist letter Should be capital and must contains minimum 3 characters :
Wrong Input : Fist letter Should be capital and must contains minimum 3 characters :
Wrong Input : Fist letter Should be capital and must contains minimum 3 characters :
Wrong Input : Fist letter Should be capital and must contains minimum 3 characters :
Wrong Input : Fist letter Should be capital and must contains minimum 3 characters :
Wrong Input : Fist letter Should be capital and must contains minimum 3 characters :
Wrong Input : Fist letter Should be capital and must contains minimum 3 characters :
Wrong Input : Fist letter Should be capital and must contains minimum 3 characters :
Wrong Input : Fist letter Should be capital and must contains minimum 3 characters :
Wrong Input : Fist letter Should be capital and must contains minimum 3 characters :
Wrong Input : Fist letter Should be capital and must contains minimum 3 characters :
Wrong Input : Fist letter Should be capital and must contains minimum 3 characters :
Wrong Input : Fist letter Should be capital and must contains minimum 3 characters :
Wrong Input : Fist letter Should be capital and must contains minimum 3 characters :
Wrong Input : Fist letter Should be capital and must contains minimum 3 characters :
Wrong Input : Fist letter Should be capital and must contains minimum 3 characters :
Wrong Input : Fist letter Should be capital and must contains minimum 3 characters :
Wrong Input : Fist letter Should be capital and must contains minimum 3 characters :
Wrong Input : Fist letter Should be capital and must contains minimum 3 characters :
Wrong Input : Fist letter Should be capital and must contains minimum 3 characters :
Wrong Input : Fist letter Should be capital and must contains minimum 3 characters :
Wrong Input : Fist letter Should be capital and must contains minimum 3 characters :
Wrong Input : Fist letter Should be capital and must contains minimum 3 characters :
Wrong Input : Fist letter Should be capital and must contains minimum 3 characters :
Wrong Input : Fist letter Should be capital and must contains minimum 3 characters :
Wrong Input : Fist letter Should be capital and must contains minimum 3 characters :
Wrong Input : Fist letter Should be capital and must contains minimum 3 characters :
Wrong Input : Fist letter Should be capital and must contains minimum 3 characters :
Wrong Input : Fist letter Should be capital and must contains minimum 3 characters :
Wrong Input : Fist letter Should be capital and must contains minimum 3 characters :
Wrong Input : Fist letter Should be capital and must contains minimum 3 characters :
Wrong Input : Fist letter Should be capital and must contains minimum 3 characters :
Wrong Input : Fist letter Should be capital and must contains minimum 3 characters :
Wrong Input : Fist letter Should be capital and must contains minimum 3 characters :
Wrong Input : Fist letter Should be capital and must contains minimum 3 characters :
Wrong Input : Fist letter Should be capital and must contains minimum 3 characters :
Wrong Input : Fist letter Should be capital and must contains minimum 3 characters :
Wrong Input : Fist letter Should be capital and must contains minimum 3 characters :
Wrong Input : Fist letter Should be capital and must contains minimum 3 characters :
Wrong Input : Fist letter Should be capital and must contains minimum 3 characters :
Wrong Input : Fist letter Should be capital and must contains minimum 3 characters :
Wrong Input : Fist letter Should be capital and must contains minimum 3 characters :
Wrong Input : Fist letter Should be capital and must contains minimum 3 characters :
Wrong Input : Fist letter Should be capital and must contains minimum 3 characters :
Wrong Input : Fist letter Should be capital and must contains minimum 3 characters :
Wrong Input : Fist letter Should be capital and must contains minimum 3 characters :
Wrong Input : Fist letter Should be capital and must contains minimum 3 characters :
Wrong Input : Fist letter Should be capital and must contains minimum 3 characters :
Wrong Input : Fist letter Should be capital and must contains minimum 3 characters :
Wrong Input : Fist letter Should be capital and must contains minimum 3 characters :
Wrong Input : Fist letter Should be capital and must contains minimum 3 characters :
Wrong Input : Fist letter Should be capital and must contains minimum 3 characters :
Wrong Input : Fist letter Should be capital and must contains minimum 3 characters :
Wrong Input : Fist letter Should be capital and must contains minimum 3 characters :
Wrong Input : Fist letter Should be capital and must contains minimum 3 characters :
Wrong Input : Fist letter Should be capital and must contains minimum 3 characters :
Wrong Input : Fist letter Should be capital and must contains minimum 3 characters :
Wrong Input : Fist letter Should be capital and must contains minimum 3 characters :
Wrong Input : Fist letter Should be capital and must contains minimum 3 characters :
Wrong Input : Fist letter Should be capital and must contains minimum 3 characters :
Wrong Input : Fist letter Should be capital and must contains minimum 3 characters :
Wrong Input : Fist letter Should be capital and must contains minimum 3 characters :
Wrong Input : Fist letter Should be capital and must contains minimum 3 characters :
Wrong Input : Fist letter Should be capital and must contains minimum 3 characters :
Wrong Input : Fist letter Should be capital and must contains minimum 3 characters :
Wrong Input : Fist letter Should be capital and must contains minimum 3 characters :
Wrong Input : Fist letter Should be capital and must contains minimum 3 characters :
Wrong Input : Fist letter Should be capital and must contains minimum 3 characters :
Wrong Input : Fist letter Should be capital and must contains minimum 3 characters :
Wrong Input : Fist letter Should be capital and must contains minimum 3 characters :
Wrong Input : Fist letter Should be capital and must contains minimum 3 characters :
Wrong Input : Fist letter Should be capital and must contains minimum 3 characters :
Wrong Input : Fist letter Should be capital and must contains minimum 3 characters :
Wrong Input : Fist letter Should be capital and must contains minimum 3 characters :
Wrong Input : Fist letter Should be capital and must contains minimum 3 characters :
Wrong Input : Fist letter Should be capital and must contains minimum 3 characters :
Wrong Input : Fist letter Should be capital and must contains minimum 3 characters :
Wrong Input : Fist letter Should be capital and must contains minimum 3 characters :
Wrong Input : Fist letter Should be capital and must contains minimum 3 characters :
Wrong Input : Fist letter Should be capital and must contains minimum 3 characters :
Wrong Input : Fist letter Should be capital and must contains minimum 3 characters :
Wrong Input : Fist letter Should be capital and must contains minimum 3 characters :
Wrong Input : Fist letter Should be capital and must contains minimum 3 characters :
Wrong Input : Fist letter Should be capital and must contains minimum 3 characters :
Wrong Input : Fist letter Should be capital and must contains minimum 3 characters :
Wrong Input : Fist letter Should be capital and must contains minimum 3 characters :
Wrong Input : Fist letter Should be capital and must contains minimum 3 characters :
Wrong Input : Fist letter Should be capital and must contains minimum 3 characters :
Wrong Input : Fist letter Should be capital and must contains minimum 3 characters :
Wrong Input : Fist letter Should be capital and must contains minimum 3 characters :
Wrong Input : Fist letter Should be capital and must contains minimum 3 characters :
Wrong Input : Fist letter Should be capital and must contains minimum 3 characters :
Wrong Input : Fist letter Should be capital and must contains minimum 3 characters :
Wrong Input : Fist letter Should be capital and must contains minimum 3 characters :
Wrong Input : Fist letter Should be capital and must contains minimum 3 characters :
Wrong Input : Fist letter Should be capital and must contains minimum 3 characters :
Wrong Input : Fist letter Should be capital and must contains minimum 3 characters :
Wrong Input : Fist letter Should be capital and must contains minimum 3 characters :
Wrong Input : Fist letter Should be capital and must contains minimum 3 characters :
Wrong Input : Fist letter Should be capital and must contains minimum 3 characters :
Wrong Input : Fist letter Should be capital and must contains minimum 3 characters :
Wrong Input : Fist letter Should be capital and must contains minimum 3 characters :
Wrong Input : Fist letter Should be capital and must contains minimum 3 characters :
Wrong Input : Fist letter Should be capital and must contains minimum 3 characters :
Wrong Input : Fist letter Should be capital and must contains minimum 3 characters :
Wrong Input : Fist letter Should be capital and must contains minimum 3 characters :
Wrong Input : Fist letter Should be capital and must contains minimum 3 characters :
Wrong Input : Fist letter Should be capital and must contains minimum 3 characters :
Wrong Input : Fist letter Should be capital and must contains minimum 3 characters :
Wrong Input : Fist letter Should be capital and must contains minimum 3 characters :
Wrong Input : Fist letter Should be capital and must contains minimum 3 characters :
Wrong Input : Fist letter Should be capital and must contains minimum 3 characters :
Wrong Input : Fist letter Should be capital and must contains minimum 3 characters :
Wrong Input : Fist letter Should be capital and must contains minimum 3 characters :
Wrong Input : Fist letter Should be capital and must contains minimum 3 characters :
Wrong Input : Fist letter Should be capital and must contains minimum 3 characters :
Wrong Input : Fist letter Should be capital and must contains minimum 3 characters :
Wrong Input : Fist letter Should be capital and must contains minimum 3 characters :
Wrong Input : Fist letter Should be capital and must contains minimum 3 characters :
Wrong Input : Fist letter Should be capital and must contains minimum 3 characters :
Wrong Input : Fist letter Should be capital and must contains minimum 3 characters :
Wrong Input : Fist letter Should be capital and must contains minimum 3 characters :
Wrong Input : Fist letter Should be capital and must contains minimum 3 characters :
Wrong Input : Fist letter Should be capital and must contains minimum 3 characters :
Wrong Input : Fist letter Should be capital and must contains minimum 3 characters :
Wrong Input : Fist letter Should be capital and must contains minimum 3 characters :
Wrong Input : Fist letter Should be capital and must contains minimum 3 characters :
Wrong Input : Fist letter Should be capital and must contains minimum 3 characters :
Wrong Input : Fist letter Should be capital and must contains minimum 3 characters :
Wrong Input : Fist letter Should be capital and must contains minimum 3 characters :
Wrong Input : Fist letter Should be capital and must contains minimum 3 characters :
Wrong Input : Fist letter Should be capital and must contains minimum 3 characters :
Wrong Input : Fist letter Should be capital and must contains minimum 3 characters :
Wrong Input : Fist letter Should be capital and must contains minimum 3 characters :
Wrong Input : Fist letter Should be capital and must contains minimum 3 characters :
Wrong Input : Fist letter Should be capital and must contains minimum 3 characters :
Wrong Input : Fist letter Should be capital and must contains minimum 3 characters :
Wrong Input : Fist letter Should be capital and must contains minimum 3 characters :
Wrong Input : Fist letter Should be capital and must contains minimum 3 characters :
Wrong Input : Fist letter Should be capital and must contains minimum 3 characters :
Wrong Input : Fist letter Should be capital and must contains minimum 3 characters :
Wrong Input : Fist letter Should be capital and must contains minimum 3 characters :
Wrong Input : Fist letter Should be capital and must contains minimum 3 characters :
Wrong Input : Fist letter Should be capital and must contains minimum 3 characters :
Wrong Input : Fist letter Should be capital and must contains minimum 3 characters :
Wrong Input : Fist letter Should be capital and must contains minimum 3 characters :
Wrong Input : Fist letter Should be capital and must contains minimum 3 characters :
Wrong Input : Fist letter Should be capital and must contains minimum 3 characters :
Wrong Input : Fist letter Should be capital and must contains minimum 3 characters :
Wrong Input : Fist letter Should be capital and must contains minimum 3 characters :
Wrong Input : Fist letter Should be capital and must contains minimum 3 characters :
Wrong Input : Fist letter Should be capital and must contains minimum 3 characters :
Wrong Input : Fist letter Should be capital and must contains minimum 3 characters :
Wrong Input : Fist letter Should be capital and must contains minimum 3 characters :
Wrong Input : Fist letter Should be capital and must contains minimum 3 characters :
Wrong Input : Fist letter Should be capital and must contains minimum 3 characters :
Wrong Input : Fist letter Should be capital and must contains minimum 3 characters :
Wrong Input : Fist letter Should be capital and must contains minimum 3 characters :
Wrong Input : Fist letter Should be capital and must contains minimum 3 characters :
Wrong Input : Fist letter Should be capital and must contains minimum 3 characters :
Wrong Input : Fist letter Should be capital and must contains minimum 3 characters :
Wrong Input : Fist letter Should be capital and must contains minimum 3 characters :
Wrong Input : Fist letter Should be capital and must contains minimum 3 characters :
Wrong Input : Fist letter Should be capital and must contains minimum 3 characters :
Wrong Input : Fist letter Should be capital and must contains minimum 3 characters :
Wrong Input : Fist letter Should be capital and must contains minimum 3 characters :
Wrong Input : Fist letter Should be capital and must contains minimum 3 characters :
Wrong Input : Fist letter Should be capital and must contains minimum 3 characters :
Wrong Input : Fist letter Should be capital and must contains minimum 3 characters :
Wrong Input : Fist letter Should be capital and must contains minimum 3 characters :
Wrong Input : Fist letter Should be capital and must contains minimum 3 characters :
Wrong Input : Fist letter Should be capital and must contains minimum 3 characters :
Wrong Input : Fist letter Should be capital and must contains minimum 3 characters :
Wrong Input : Fist letter Should be capital and must contains minimum 3 characters :
Wrong Input : Fist letter Should be capital and must contains minimum 3 characters :
Wrong Input : Fist letter Should be capital and must contains minimum 3 characters :
Wrong Input : Fist letter Should be capital and must contains minimum 3 characters :
Wrong Input : Fist letter Should be capital and must contains minimum 3 characters :
Wrong Input : Fist letter Should be capital and must contains minimum 3 characters :
Wrong Input : Fist letter Should be capital and must contains minimum 3 characters :
Wrong Input : Fist letter Should be capital and must contains minimum 3 characters :
Wrong Input : Fist letter Should be capital and must contains minimum 3 characters :
Wrong Input : Fist letter Should be capital and must contains minimum 3 characters :
Wrong Input : Fist letter Should be capital and must contains minimum 3 characters :
Wrong Input : Fist letter Should be capital and must contains minimum 3 characters :
Wrong Input : Fist letter Should be capital and must contains minimum 3 characters :
Wrong Input : Fist letter Should be capital and must contains minimum 3 characters :
Wrong Input : Fist letter Should be capital and must contains minimum 3 characters :
Wrong Input : Fist letter Should be capital and must contains minimum 3 characters :
Wrong Input : Fist letter Should be capital and must contains minimum 3 characters :
Wrong Input : Fist letter Should be capital and must contains minimum 3 characters :
Wrong Input : Fist letter Should be capital and must contains minimum 3 characters :
Wrong Input : Fist letter Should be capital and must contains minimum 3 characters :
Wrong Input : Fist letter Should be capital and must contains minimum 3 characters :
Wrong Input : Fist letter Should be capital and must contains minimum 3 characters :
Wrong Input : Fist letter Should be capital and must contains minimum 3 characters :
Wrong Input : Fist letter Should be capital and must contains minimum 3 characters :
Wrong Input : Fist letter Should be capital and must contains minimum 3 characters :
Wrong Input : Fist letter Should be capital and must contains minimum 3 characters :
Wrong Input : Fist letter Should be capital and must contains minimum 3 characters :
Wrong Input : Fist letter Should be capital and must contains minimum 3 characters :
Wrong Input : Fist letter Should be capital and must contains minimum 3 characters :
Wrong Input : Fist letter Should be capital and must contains minimum 3 characters :
Wrong Input : Fist letter Should be capital and must contains minimum 3 characters :
Wrong Input : Fist letter Should be capital and must contains minimum 3 characters :
Wrong Input : Fist letter Should be capital and must contains minimum 3 characters :
Wrong Input : Fist letter Should be capital and must contains minimum 3 characters :
Wrong Input : Fist letter Should be capital and must contains minimum 3 characters :
Wrong Input : Fist letter Should be capital and must contains minimum 3 characters :
Wrong Input : Fist letter Should be capital and must contains minimum 3 characters :
Wrong Input : Fist letter Should be capital and must contains minimum 3 characters :
Wrong Input : Fist letter Should be capital and must contains minimum 3 characters :
Wrong Input : Fist letter Should be capital and must contains minimum 3 characters :
Wrong Input : Fist letter Should be capital and must contains minimum 3 characters :
Wrong Input : Fist letter Should be capital and must contains minimum 3 characters :
Wrong Input : Fist letter Should be capital and must contains minimum 3 characters :
Wrong Input : Fist letter Should be capital and must contains minimum 3 characters :
Wrong Input : Fist letter Should be capital and must contains minimum 3 characters :
Wrong Input : Fist letter Should be capital and must contains minimum 3 characters :
Wrong Input : Fist letter Should be capital and must contains minimum 3 characters :
Wrong Input : Fist letter Should be capital and must contains minimum 3 characters :
Wrong Input : Fist letter Should be capital and must contains minimum 3 characters :
Wrong Input : Fist letter Should be capital and must contains minimum 3 characters :
Wrong Input : Fist letter Should be capital and must contains minimum 3 characters :
Wrong Input : Fist letter Should be capital and must contains minimum 3 characters :
Wrong Input : Fist letter Should be capital and must contains minimum 3 characters :
Wrong Input : Fist letter Should be capital and must contains minimum 3 characters :
Wrong Input : Fist letter Should be capital and must contains minimum 3 characters :
Wrong Input : Fist letter Should be capital and must contains minimum 3 characters :
Wrong Input : Fist letter Should be capital and must contains minimum 3 characters :
Wrong Input : Fist letter Should be capital and must contains minimum 3 characters :
Wrong Input : Fist letter Should be capital and must contains minimum 3 characters :
Wrong Input : Fist letter Should be capital and must contains minimum 3 characters :
Wrong Input : Fist letter Should be capital and must contains minimum 3 characters :
Wrong Input : Fist letter Should be capital and must contains minimum 3 characters :
Wrong Input : Fist letter Should be capital and must contains minimum 3 characters :
Wrong Input : Fist letter Should be capital and must contains minimum 3 characters :
Wrong Input : Fist letter Should be capital and must contains minimum 3 characters :
Wrong Input : Fist letter Should be capital and must contains minimum 3 characters :
Wrong Input : Fist letter Should be capital and must contains minimum 3 characters :
Wrong Input : Fist letter Should be capital and must contains minimum 3 characters :
Wrong Input : Fist letter Should be capital and must contains minimum 3 characters :
Wrong Input : Fist letter Should be capital and must contains minimum 3 characters :
Wrong Input : Fist letter Should be capital and must contains minimum 3 characters :
Wrong Input : Fist letter Should be capital and must contains minimum 3 characters :
Wrong Input : Fist letter Should be capital and must contains minimum 3 characters :
Wrong Input : Fist letter Should be capital and must contains minimum 3 characters :
Wrong Input : Fist letter Should be capital and must contains minimum 3 characters :
Wrong Input : Fist letter Should be capital and must contains minimum 3 characters :
Wrong Input : Fist letter Should be capital and must contains minimum 3 characters :
Wrong Input : Fist letter Should be capital and must contains minimum 3 characters :
Wrong Input : Fist letter Should be capital and must contains minimum 3 characters :
Wrong Input : Fist letter Should be capital and must contains minimum 3 characters :
Wrong Input : Fist letter Should be capital and must contains minimum 3 characters :
Wrong Input : Fist letter Should be capital and must contains minimum 3 characters :
Wrong Input : Fist letter Should be capital and must contains minimum 3 characters :
Wrong Input : Fist letter Should be capital and must contains minimum 3 characters :
Wrong Input : Fist letter Should be capital and must contains minimum 3 characters :
Wrong Input : Fist letter Should be capital and must contains minimum 3 characters :
Wrong Input : Fist letter Should be capital and must contains minimum 3 characters :
Wrong Input : Fist letter Should be capital and must contains minimum 3 characters :
Wrong Input : Fist letter Should be capital and must contains minimum 3 characters :
Wrong Input : Fist letter Should be capital and must contains minimum 3 characters :
Wrong Input : Fist letter Should be capital and must contains minimum 3 characters :
Wrong Input : Fist letter Should be capital and must contains minimum 3 characters :
Wrong Input : Fist letter Should be capital and must contains minimum 3 characters :
Wrong Input : Fist letter Should be capital and must contains minimum 3 characters :
Wrong Input : Fist letter Should be capital and must contains minimum 3 characters :
Wrong Input : Fist letter Should be capital and must contains minimum 3 characters :
Wrong Input : Fist letter Should be capital and must contains minimum 3 characters :
Wrong Input : Fist letter Should be capital and must contains minimum 3 characters :
Wrong Input : Fist letter Should be capital and must contains minimum 3 characters :
Wrong Input : Fist letter Should be capital and must contains minimum 3 characters :
Wrong Input : Fist letter Should be capital and must contains minimum 3 characters :
Wrong Input : Fist letter Should be capital and must contains minimum 3 characters :
Wrong Input : Fist letter Should be capital and must contains minimum 3 characters :
Wrong Input : Fist letter Should be capital and must contains minimum 3 characters :
Wrong Input : Fist letter Should be capital and must contains minimum 3 characters :
Wrong Input : Fist letter Should be capital and must contains minimum 3 characters :
Wrong Input : Fist letter Should be capital and must contains minimum 3 characters :
Wrong Input : Fist letter Should be capital and must contains minimum 3 characters :
Wrong Input : Fist letter Should be capital and must contains minimum 3 characters :
Wrong Input : Fist letter Should be capital and must contains minimum 3 characters :
Wrong Input : Fist letter Should be capital and must contains minimum 3 characters :
Wrong Input : Fist letter Should be capital and must contains minimum 3 characters :
Wrong Input : Fist letter Should be capital and must contains minimum 3 characters :
Wrong Input : Fist letter Should be capital and must contains minimum 3 characters :
Wrong Input : Fist letter Should be capital and must contains minimum 3 characters :
Wrong Input : Fist letter Should be capital and must contains minimum 3 characters :
Wrong Input : Fist letter Should be capital and must contains minimum 3 characters :
Wrong Input : Fist letter Should be capital and must contains minimum 3 characters :
Wrong Input : Fist letter Should be capital and must contains minimum 3 characters :
Wrong Input : Fist letter Should be capital and must contains minimum 3 characters :
Wrong Input : Fist letter Should be capital and must contains minimum 3 characters :
Wrong Input : Fist letter Should be capital and must contains minimum 3 characters :
Wrong Input : Fist letter Should be capital and must contains minimum 3 characters :
Wrong Input : Fist letter Should be capital and must contains minimum 3 characters :
Wrong Input : Fist letter Should be capital and must contains minimum 3 characters :
Wrong Input : Fist letter Should be capital and must contains minimum 3 characters :
Wrong Input : Fist letter Should be capital and must contains minimum 3 characters :
Wrong Input : Fist letter Should be capital and must contains minimum 3 characters :
Wrong Input : Fist letter Should be capital and must contains minimum 3 characters :
Wrong Input : Fist letter Should be capital and must contains minimum 3 characters :
Wrong Input : Fist letter Should be capital and must contains minimum 3 characters :
Wrong Input : Fist letter Should be capital and must contains minimum 3 characters :
Wrong Input : Fist letter Should be capital and must contains minimum 3 characters :
Wrong Input : Fist letter Should be capital and must contains minimum 3 characters :
Wrong Input : Fist letter Should be capital and must contains minimum 3 characters :
Wrong Input : Fist letter Should be capital and must contains minimum 3 characters :
Wrong Input : Fist letter Should be capital and must contains minimum 3 characters :
Wrong Input : Fist letter Should be capital and must contains minimum 3 characters :
Wrong Input : Fist letter Should be capital and must contains minimum 3 characters :
Wrong Input : Fist letter Should be capital and must contains minimum 3 characters :
Wrong Input : Fist letter Should be capital and must contains minimum 3 characters :
Wrong Input : Fist letter Should be capital and must contains minimum 3 characters :
Wrong Input : Fist letter Should be capital and must contains minimum 3 characters :
Wrong Input : Fist letter Should be capital and must contains minimum 3 characters :
Wrong Input : Fist letter Should be capital and must contains minimum 3 characters :
Wrong Input : Fist letter Should be capital and must contains minimum 3 characters :
Wrong Input : Fist letter Should be capital and must contains minimum 3 characters :
Wrong Input : Fist letter Should be capital and must contains minimum 3 characters :
Wrong Input : Fist letter Should be capital and must contains minimum 3 characters :
Wrong Input : Fist letter Should be capital and must contains minimum 3 characters :
Wrong Input : Fist letter Should be capital and must contains minimum 3 characters :
Wrong Input : Fist letter Should be capital and must contains minimum 3 characters :
Wrong Input : Fist letter Should be capital and must contains minimum 3 characters :
Wrong Input : Fist letter Should be capital and must contains minimum 3 characters :
Wrong Input : Fist letter Should be capital and must contains minimum 3 characters :
Wrong Input : Fist letter Should be capital and must contains minimum 3 characters :
Wrong Input : Fist letter Should be capital and must contains minimum 3 characters :
Wrong Input : Fist letter Should be capital and must contains minimum 3 characters :
Wrong Input : Fist letter Should be capital and must contains minimum 3 characters :
Wrong Input : Fist letter Should be capital and must contains minimum 3 characters :
Wrong Input : Fist letter Should be capital and must contains minimum 3 characters :
Wrong Input : Fist letter Should be capital and must contains minimum 3 characters :
Wrong Input : Fist letter Should be capital and must contains minimum 3 characters :
Wrong Input : Fist letter Should be capital and must contains minimum 3 characters :
Wrong Input : Fist letter Should be capital and must contains minimum 3 characters :
Wrong Input : Fist letter Should be capital and must contains minimum 3 characters :
Wrong Input : Fist letter Should be capital and must contains minimum 3 characters :
Wrong Input : Fist letter Should be capital and must contains minimum 3 characters :
Wrong Input : Fist letter Should be capital and must contains minimum 3 characters :
Wrong Input : Fist letter Should be capital and must contains minimum 3 characters :
Wrong Input : Fist letter Should be capital and must contains minimum 3 characters :
Wrong Input : Fist letter Should be capital and must contains minimum 3 characters :
Wrong Input : Fist letter Should be capital and must contains minimum 3 characters :
Wrong Input : Fist letter Should be capital and must contains minimum 3 characters :
Wrong Input : Fist letter Should be capital and must contains minimum 3 characters :
Wrong Input : Fist letter Should be capital and must contains minimum 3 characters :
Wrong Input : Fist letter Should be capital and must contains minimum 3 characters :
Wrong Input : Fist letter Should be capital and must contains minimum 3 characters :
Wrong Input : Fist letter Should be capital and must contains minimum 3 characters :
Wrong Input : Fist letter Should be capital and must contains minimum 3 characters :
Wrong Input : Fist letter Should be capital and must contains minimum 3 characters :
Wrong Input : Fist letter Should be capital and must contains minimum 3 characters :
Wrong Input : Fist letter Should be capital and must contains minimum 3 characters :
Wrong Input : Fist letter Should be capital and must contains minimum 3 characters :
Wrong Input : Fist letter Should be capital and must contains minimum 3 characters :
Wrong Input : Fist letter Should be capital and must contains minimum 3 characters :
Wrong Input : Fist letter Should be capital and must contains minimum 3 characters :
Wrong Input : Fist letter Should be capital and must contains minimum 3 characters :
Wrong Input : Fist letter Should be capital and must contains minimum 3 characters :
Wrong Input : Fist letter Should be capital and must contains minimum 3 characters :
Wrong Input : Fist letter Should be capital and must contains minimum 3 characters :
Wrong Input : Fist letter Should be capital and must contains minimum 3 characters :
Wrong Input : Fist letter Should be capital and must contains minimum 3 characters :
Wrong Input : Fist letter Should be capital and must contains minimum 3 characters :
Wrong Input : Fist letter Should be capital and must contains minimum 3 characters :
Wrong Input : Fist letter Should be capital and must contains minimum 3 characters :
Wrong Input : Fist letter Should be capital and must contains minimum 3 characters :
Wrong Input : Fist letter Should be capital and must contains minimum 3 characters :
Wrong Input : Fist letter Should be capital and must contains minimum 3 characters :
Wrong Input : Fist letter Should be capital and must contains minimum 3 characters :
Wrong Input : Fist letter Should be capital and must contains minimum 3 characters :
Wrong Input : Fist letter Should be capital and must contains minimum 3 characters :
Wrong Input : Fist letter Should be capital and must contains minimum 3 characters :
Wrong Input : Fist letter Should be capital and must contains minimum 3 characters :
Wrong Input : Fist letter Should be capital and must contains minimum 3 characters :
Wrong Input : Fist letter Should be capital and must contains minimum 3 characters :
Wrong Input : Fist letter Should be capital and must contains minimum 3 characters :
Wrong Input : Fist letter Should be capital and must contains minimum 3 characters :
Wrong Input : Fist letter Should be capital and must contains minimum 3 characters :
Wrong Input : Fist letter Should be capital and must contains minimum 3 characters :
Wrong Input : Fist letter Should be capital and must contains minimum 3 characters :
Wrong Input : Fist letter Should be capital and must contains minimum 3 characters :
Wrong Input : Fist letter Should be capital and must contains minimum 3 characters :
Wrong Input : Fist letter Should be capital and must contains minimum 3 characters :
Wrong Input : Fist letter Should be capital and must contains minimum 3 characters :
Wrong Input : Fist letter Should be capital and must contains minimum 3 characters :
Wrong Input : Fist letter Should be capital and must contains minimum 3 characters :
Wrong Input : Fist letter Should be capital and must contains minimum 3 characters :
Wrong Input : Fist letter Should be capital and must contains minimum 3 characters :
Wrong Input : Fist letter Should be capital and must contains minimum 3 characters :
Wrong Input : Fist letter Should be capital and must contains minimum 3 characters :
Wrong Input : Fist letter Should be capital and must contains minimum 3 characters :
Wrong Input : Fist letter Should be capital and must contains minimum 3 characters :
Wrong Input : Fist letter Should be capital and must contains minimum 3 characters :
Wrong Input : Fist letter Should be capital and must contains minimum 3 characters :
Wrong Input : Fist letter Should be capital and must contains minimum 3 characters :
Wrong Input : Fist letter Should be capital and must contains minimum 3 characters :
Wrong Input : Fist letter Should be capital and must contains minimum 3 characters :
Wrong Input : Fist letter Should be capital and must contains minimum 3 characters :
Wrong Input : Fist letter Should be capital and must contains minimum 3 characters :
Wrong Input : Fist letter Should be capital and must contains minimum 3 characters :
Wrong Input : Fist letter Should be capital and must contains minimum 3 characters :
Wrong Input : Fist letter Should be capital and must contains minimum 3 characters :
Wrong Input : Fist letter Should be capital and must contains minimum 3 characters :
Wrong Input : Fist letter Should be capital and must contains minimum 3 characters :
Wrong Input : Fist letter Should be capital and must contains minimum 3 characters :
Wrong Input : Fist letter Should be capital and must contains minimum 3 characters :
Wrong Input : Fist letter Should be capital and must contains minimum 3 characters :
Wrong Input : Fist letter Should be capital and must contains minimum 3 characters :
Wrong Input : Fist letter Should be capital and must contains minimum 3 characters :
Wrong Input : Fist letter Should be capital and must contains minimum 3 characters :
Wrong Input : Fist letter Should be capital and must contains minimum 3 characters :
Wrong Input : Fist letter Should be capital and must contains minimum 3 characters :
Wrong Input : Fist letter Should be capital and must contains minimum 3 characters :
Wrong Input : Fist letter Should be capital and must contains minimum 3 characters :
Wrong Input : Fist letter Should be capital and must contains minimum 3 characters :
Wrong Input : Fist letter Should be capital and must contains minimum 3 characters :
Wrong Input : Fist letter Should be capital and must contains minimum 3 characters :
Wrong Input : Fist letter Should be capital and must contains minimum 3 characters :
Wrong Input : Fist letter Should be capital and must contains minimum 3 characters :
Wrong Input : Fist letter Should be capital and must contains minimum 3 characters :
Wrong Input : Fist letter Should be capital and must contains minimum 3 characters :
Wrong Input : Fist letter Should be capital and must contains minimum 3 characters :
Wrong Input : Fist letter Should be capital and must contains minimum 3 characters :
Wrong Input : Fist letter Should be capital and must contains minimum 3 characters :
Wrong Input : Fist letter Should be capital and must contains minimum 3 characters :
Wrong Input : Fist letter Should be capital and must contains minimum 3 characters :
Wrong Input : Fist letter Should be capital and must contains minimum 3 characters :
Wrong Input : Fist letter Should be capital and must contains minimum 3 characters :
Wrong Input : Fist letter Should be capital and must contains minimum 3 characters :
Wrong Input : Fist letter Should be capital and must contains minimum 3 characters :
Wrong Input : Fist letter Should be capital and must contains minimum 3 characters :
Wrong Input : Fist letter Should be capital and must contains minimum 3 characters :
Wrong Input : Fist letter Should be capital and must contains minimum 3 characters :
Wrong Input : Fist letter Should be capital and must contains minimum 3 characters :
Wrong Input : Fist letter Should be capital and must contains minimum 3 characters :
Wrong Input : Fist letter Should be capital and must contains minimum 3 characters :
Wrong Input : Fist letter Should be capital and must contains minimum 3 characters :
Wrong Input : Fist letter Should be capital and must contains minimum 3 characters :
Wrong Input : Fist letter Should be capital and must contains minimum 3 characters :
Wrong Input : Fist letter Should be capital and must contains minimum 3 characters :
Wrong Input : Fist letter Should be capital and must contains minimum 3 characters :
Wrong Input : Fist letter Should be capital and must contains minimum 3 characters :
Wrong Input : Fist letter Should be capital and must contains minimum 3 characters :
Wrong Input : Fist letter Should be capital and must contains minimum 3 characters :
Wrong Input : Fist letter Should be capital and must contains minimum 3 characters :
Wrong Input : Fist letter Should be capital and must contains minimum 3 characters :
Wrong Input : Fist letter Should be capital and must contains minimum 3 characters :
Wrong Input : Fist letter Should be capital and must contains minimum 3 characters :
Wrong Input : Fist letter Should be capital and must contains minimum 3 characters :
Wrong Input : Fist letter Should be capital and must contains minimum 3 characters :
Wrong Input : Fist letter Should be capital and must contains minimum 3 characters :
Wrong Input : Fist letter Should be capital and must contains minimum 3 characters :
Wrong Input : Fist letter Should be capital and must contains minimum 3 characters :
Wrong Input : Fist letter Should be capital and must contains minimum 3 characters :
Wrong Input : Fist letter Should be capital and must contains minimum 3 characters :
Wrong Input : Fist letter Should be capital and must contains minimum 3 characters :
Wrong Input : Fist letter Should be capital and must contains minimum 3 characters :
Wrong Input : Fist letter Should be capital and must contains minimum 3 characters :
Wrong Input : Fist letter Should be capital and must contains minimum 3 characters :
Wrong Input : Fist letter Should be capital and must contains minimum 3 characters :
Wrong Input : Fist letter Should be capital and must contains minimum 3 characters :
Wrong Input : Fist letter Should be capital and must contains minimum 3 characters :
Wrong Input : Fist letter Should be capital and must contains minimum 3 characters :
Wrong Input : Fist letter Should be capital and must contains minimum 3 characters :
Wrong Input : Fist letter Should be capital and must contains minimum 3 characters :
Wrong Input : Fist letter Should be capital and must contains minimum 3 characters :
Wrong Input : Fist letter Should be capital and must contains minimum 3 characters :
Wrong Input : Fist letter Should be capital and must contains minimum 3 characters :
Wrong Input : Fist letter Should be capital and must contains minimum 3 characters :
Wrong Input : Fist letter Should be capital and must contains minimum 3 characters :
Wrong Input : Fist letter Should be capital and must contains minimum 3 characters :
Wrong Input : Fist letter Should be capital and must contains minimum 3 characters :
Wrong Input : Fist letter Should be capital and must contains minimum 3 characters :
Wrong Input : Fist letter Should be capital and must contains minimum 3 characters :
Wrong Input : Fist letter Should be capital and must contains minimum 3 characters :
Wrong Input : Fist letter Should be capital and must contains minimum 3 characters :
Wrong Input : Fist letter Should be capital and must contains minimum 3 characters :
Wrong Input : Fist letter Should be capital and must contains minimum 3 characters :
Wrong Input : Fist letter Should be capital and must contains minimum 3 characters :
Wrong Input : Fist letter Should be capital and must contains minimum 3 characters :
Wrong Input : Fist letter Should be capital and must contains minimum 3 characters :
Wrong Input : Fist letter Should be capital and must contains minimum 3 characters :
Wrong Input : Fist letter Should be capital and must contains minimum 3 characters :
Wrong Input : Fist letter Should be capital and must contains minimum 3 characters :
Wrong Input : Fist letter Should be capital and must contains minimum 3 characters :
Wrong Input : Fist letter Should be capital and must contains minimum 3 characters :
Wrong Input : Fist letter Should be capital and must contains minimum 3 characters :
Wrong Input : Fist letter Should be capital and must contains minimum 3 characters :
Wrong Input : Fist letter Should be capital and must contains minimum 3 characters :
Wrong Input : Fist letter Should be capital and must contains minimum 3 characters :
Wrong Input : Fist letter Should be capital and must contains minimum 3 characters :
Wrong Input : Fist letter Should be capital and must contains minimum 3 characters :
Wrong Input : Fist letter Should be capital and must contains minimum 3 characters :
Wrong Input : Fist letter Should be capital and must contains minimum 3 characters :
Wrong Input : Fist letter Should be capital and must contains minimum 3 characters :
Wrong Input : Fist letter Should be capital and must contains minimum 3 characters :
Wrong Input : Fist letter Should be capital and must contains minimum 3 characters :
Wrong Input : Fist letter Should be capital and must contains minimum 3 characters :
Wrong Input : Fist letter Should be capital and must contains minimum 3 characters :
Wrong Input : Fist letter Should be capital and must contains minimum 3 characters :
Wrong Input : Fist letter Should be capital and must contains minimum 3 characters :
Wrong Input : Fist letter Should be capital and must contains minimum 3 characters :
Wrong Input : Fist letter Should be capital and must contains minimum 3 characters :
Wrong Input : Fist letter Should be capital and must contains minimum 3 characters :
Wrong Input : Fist letter Should be capital and must contains minimum 3 characters :
Wrong Input : Fist letter Should be capital and must contains minimum 3 characters :
Wrong Input : Fist letter Should be capital and must contains minimum 3 characters :
Wrong Input : Fist letter Should be capital and must contains minimum 3 characters :
Wrong Input : Fist letter Should be capital and must contains minimum 3 characters :
Wrong Input : Fist letter Should be capital and must contains minimum 3 characters :
Wrong Input : Fist letter Should be capital and must contains minimum 3 characters :
Wrong Input : Fist letter Should be capital and must contains minimum 3 characters :
Wrong Input : Fist letter Should be capital and must contains minimum 3 characters :
Wrong Input : Fist letter Should be capital and must contains minimum 3 characters :
Wrong Input : Fist letter Should be capital and must contains minimum 3 characters :
Wrong Input : Fist letter Should be capital and must contains minimum 3 characters :
Wrong Input : Fist letter Should be capital and must contains minimum 3 characters :
Wrong Input : Fist letter Should be capital and must contains minimum 3 characters :
Wrong Input : Fist letter Should be capital and must contains minimum 3 characters :
Wrong Input : Fist letter Should be capital and must contains minimum 3 characters :
Wrong Input : Fist letter Should be capital and must contains minimum 3 characters :
Wrong Input : Fist letter Should be capital and must contains minimum 3 characters :
Wrong Input : Fist letter Should be capital and must contains minimum 3 characters :
Wrong Input : Fist letter Should be capital and must contains minimum 3 characters :
Wrong Input : Fist letter Should be capital and must contains minimum 3 characters :
Wrong Input : Fist letter Should be capital and must contains minimum 3 characters :
Wrong Input : Fist letter Should be capital and must contains minimum 3 characters :
Wrong Input : Fist letter Should be capital and must contains minimum 3 characters :
Wrong Input : Fist letter Should be capital and must contains minimum 3 characters :
Wrong Input : Fist letter Should be capital and must contains minimum 3 characters :
Wrong Input : Fist letter Should be capital and must contains minimum 3 characters :
Wrong Input : Fist letter Should be capital and must contains minimum 3 characters :
Wrong Input : Fist letter Should be capital and must contains minimum 3 characters :
Wrong Input : Fist letter Should be capital and must contains minimum 3 characters :
Wrong Input : Fist letter Should be capital and must contains minimum 3 characters :
Wrong Input : Fist letter Should be capital and must contains minimum 3 characters :
Wrong Input : Fist letter Should be capital and must contains minimum 3 characters :
Wrong Input : Fist letter Should be capital and must contains minimum 3 characters :
Wrong Input : Fist letter Should be capital and must contains minimum 3 characters :
Wrong Input : Fist letter Should be capital and must contains minimum 3 characters :
Wrong Input : Fist letter Should be capital and must contains minimum 3 characters :
Wrong Input : Fist letter Should be capital and must contains minimum 3 characters :
Wrong Input : Fist letter Should be capital and must contains minimum 3 characters :
Wrong Input : Fist letter Should be capital and must contains minimum 3 characters :
Wrong Input : Fist letter Should be capital and must contains minimum 3 characters :
Wrong Input : Fist letter Should be capital and must contains minimum 3 characters :
Wrong Input : Fist letter Should be capital and must contains minimum 3 characters :
Wrong Input : Fist letter Should be capital and must contains minimum 3 characters :
Wrong Input : Fist letter Should be capital and must contains minimum 3 characters :
Wrong Input : Fist letter Should be capital and must contains minimum 3 characters :
Wrong Input : Fist letter Should be capital and must contains minimum 3 characters :
Wrong Input : Fist letter Should be capital and must contains minimum 3 characters :
Wrong Input : Fist letter Should be capital and must contains minimum 3 characters :
Wrong Input : Fist letter Should be capital and must contains minimum 3 characters :
Wrong Input : Fist letter Should be capital and must contains minimum 3 characters :
Wrong Input : Fist letter Should be capital and must contains minimum 3 characters :
Wrong Input : Fist letter Should be capital and must contains minimum 3 characters :
Wrong Input : Fist letter Should be capital and must contains minimum 3 characters :
Wrong Input : Fist letter Should be capital and must contains minimum 3 characters :
Wrong Input : Fist letter Should be capital and must contains minimum 3 characters :
Wrong Input : Fist letter Should be capital and must contains minimum 3 characters :
Wrong Input : Fist letter Should be capital and must contains minimum 3 characters :
Wrong Input : Fist letter Should be capital and must contains minimum 3 characters :
Wrong Input : Fist letter Should be capital and must contains minimum 3 characters :
Wrong Input : Fist letter Should be capital and must contains minimum 3 characters :
Wrong Input : Fist letter Should be capital and must contains minimum 3 characters :
Wrong Input : Fist letter Should be capital and must contains minimum 3 characters :
Wrong Input : Fist letter Should be capital and must contains minimum 3 characters :
Wrong Input : Fist letter Should be capital and must contains minimum 3 characters :
Wrong Input : Fist letter Should be capital and must contains minimum 3 characters :
Wrong Input : Fist letter Should be capital and must contains minimum 3 characters :
Wrong Input : Fist letter Should be capital and must contains minimum 3 characters :
Wrong Input : Fist letter Should be capital and must contains minimum 3 characters :
Wrong Input : Fist letter Should be capital and must contains minimum 3 characters :
Wrong Input : Fist letter Should be capital and must contains minimum 3 characters :
Wrong Input : Fist letter Should be capital and must contains minimum 3 characters :
Wrong Input : Fist letter Should be capital and must contains minimum 3 characters :
Wrong Input : Fist letter Should be capital and must contains minimum 3 characters :
Wrong Input : Fist letter Should be capital and must contains minimum 3 characters :
Wrong Input : Fist letter Should be capital and must contains minimum 3 characters :
Wrong Input : Fist letter Should be capital and must contains minimum 3 characters :
Wrong Input : Fist letter Should be capital and must contains minimum 3 characters :
Wrong Input : Fist letter Should be capital and must contains minimum 3 characters :
Wrong Input : Fist letter Should be capital and must contains minimum 3 characters :
Wrong Input : Fist letter Should be capital and must contains minimum 3 characters :
Wrong Input : Fist letter Should be capital and must contains minimum 3 characters :
Wrong Input : Fist letter Should be capital and must contains minimum 3 characters :
Wrong Input : Fist letter Should be capital and must contains minimum 3 characters :
Wrong Input : Fist letter Should be capital and must contains minimum 3 characters :
Wrong Input : Fist letter Should be capital and must contains minimum 3 characters :
Wrong Input : Fist letter Should be capital and must contains minimum 3 characters :
Wrong Input : Fist letter Should be capital and must contains minimum 3 characters :
Wrong Input : Fist letter Should be capital and must contains minimum 3 characters :
Wrong Input : Fist letter Should be capital and must contains minimum 3 characters :
Wrong Input : Fist letter Should be capital and must contains minimum 3 characters :
Wrong Input : Fist letter Should be capital and must contains minimum 3 characters :
Wrong Input : Fist letter Should be capital and must contains minimum 3 characters :
Wrong Input : Fist letter Should be capital and must contains minimum 3 characters :
Wrong Input : Fist letter Should be capital and must contains minimum 3 characters :
Wrong Input : Fist letter Should be capital and must contains minimum 3 characters :
Wrong Input : Fist letter Should be capital and must contains minimum 3 characters :
Wrong Input : Fist letter Should be capital and must contains minimum 3 characters :
Wrong Input : Fist letter Should be capital and must contains minimum 3 characters :
Wrong Input : Fist letter Should be capital and must contains minimum 3 characters :
Wrong Input : Fist letter Should be capital and must contains minimum 3 characters :
Wrong Input : Fist letter Should be capital and must contains minimum 3 characters :
Wrong Input : Fist letter Should be capital and must contains minimum 3 characters :
Wrong Input : Fist letter Should be capital and must contains minimum 3 characters :
Wrong Input : Fist letter Should be capital and must contains minimum 3 characters :
Wrong Input : Fist letter Should be capital and must contains minimum 3 characters :
Wrong Input : Fist letter Should be capital and must contains minimum 3 characters :
Wrong Input : Fist letter Should be capital and must contains minimum 3 characters :
Wrong Input : Fist letter Should be capital and must contains minimum 3 characters :
Wrong Input : Fist letter Should be capital and must contains minimum 3 characters :
Wrong Input : Fist letter Should be capital and must contains minimum 3 characters :
Wrong Input : Fist letter Should be capital and must contains minimum 3 characters :
Wrong Input : Fist letter Should be capital and must contains minimum 3 characters :
Wrong Input : Fist letter Should be capital and must contains minimum 3 characters :
Wrong Input : Fist letter Should be capital and must contains minimum 3 characters :
Wrong Input : Fist letter Should be capital and must contains minimum 3 characters :
Wrong Input : Fist letter Should be capital and must contains minimum 3 characters :
Wrong Input : Fist letter Should be capital and must contains minimum 3 characters :
Wrong Input : Fist letter Should be capital and must contains minimum 3 characters :
Wrong Input : Fist letter Should be capital and must contains minimum 3 characters :
Wrong Input : Fist letter Should be capital and must contains minimum 3 characters :
Wrong Input : Fist letter Should be capital and must contains minimum 3 characters :
Wrong Input : Fist letter Should be capital and must contains minimum 3 characters :
Wrong Input : Fist letter Should be capital and must contains minimum 3 characters :
Wrong Input : Fist letter Should be capital and must contains minimum 3 characters :
Wrong Input : Fist letter Should be capital and must contains minimum 3 characters :
Wrong Input : Fist letter Should be capital and must contains minimum 3 characters :
Wrong Input : Fist letter Should be capital and must contains minimum 3 characters :
Wrong Input : Fist letter Should be capital and must contains minimum 3 characters :
Wrong Input : Fist letter Should be capital and must contains minimum 3 characters :
Wrong Input : Fist letter Should be capital and must contains minimum 3 characters :
Wrong Input : Fist letter Should be capital and must contains minimum 3 characters :
Wrong Input : Fist letter Should be capital and must contains minimum 3 characters :
Wrong Input : Fist letter Should be capital and must contains minimum 3 characters :
Wrong Input : Fist letter Should be capital and must contains minimum 3 characters :
Wrong Input : Fist letter Should be capital and must contains minimum 3 characters :
Wrong Input : Fist letter Should be capital and must contains minimum 3 characters :
Wrong Input : Fist letter Should be capital and must contains minimum 3 characters :
Wrong Input : Fist letter Should be capital and must contains minimum 3 characters :
Wrong Input : Fist letter Should be capital and must contains minimum 3 characters :
Wrong Input : Fist letter Should be capital and must contains minimum 3 characters :
Wrong Input : Fist letter Should be capital and must contains minimum 3 characters :
Wrong Input : Fist letter Should be capital and must contains minimum 3 characters :
Wrong Input : Fist letter Should be capital and must contains minimum 3 characters :
Wrong Input : Fist letter Should be capital and must contains minimum 3 characters :
Wrong Input : Fist letter Should be capital and must contains minimum 3 characters :
Wrong Input : Fist letter Should be capital and must contains minimum 3 characters :
Wrong Input : Fist letter Should be capital and must contains minimum 3 characters :
Wrong Input : Fist letter Should be capital and must contains minimum 3 characters :
Wrong Input : Fist letter Should be capital and must contains minimum 3 characters :
Wrong Input : Fist letter Should be capital and must contains minimum 3 characters :
Wrong Input : Fist letter Should be capital and must contains minimum 3 characters :
Wrong Input : Fist letter Should be capital and must contains minimum 3 characters :
Wrong Input : Fist letter Should be capital and must contains minimum 3 characters :
Wrong Input : Fist letter Should be capital and must contains minimum 3 characters :
Wrong Input : Fist letter Should be capital and must contains minimum 3 characters :
Wrong Input : Fist letter Should be capital and must contains minimum 3 characters :
Wrong Input : Fist letter Should be capital and must contains minimum 3 characters :
Wrong Input : Fist letter Should be capital and must contains minimum 3 characters :
Wrong Input : Fist letter Should be capital and must contains minimum 3 characters :
Wrong Input : Fist letter Should be capital and must contains minimum 3 characters :
Wrong Input : Fist letter Should be capital and must contains minimum 3 characters :
Wrong Input : Fist letter Should be capital and must contains minimum 3 characters :
Wrong Input : Fist letter Should be capital and must contains minimum 3 characters :
Wrong Input : Fist letter Should be capital and must contains minimum 3 characters :
Wrong Input : Fist letter Should be capital and must contains minimum 3 characters :
Wrong Input : Fist letter Should be capital and must contains minimum 3 characters :
Wrong Input : Fist letter Should be capital and must contains minimum 3 characters :
Wrong Input : Fist letter Should be capital and must contains minimum 3 characters :
Wrong Input : Fist letter Should be capital and must contains minimum 3 characters :
Wrong Input : Fist letter Should be capital and must contains minimum 3 characters :
Wrong Input : Fist letter Should be capital and must contains minimum 3 characters :
Wrong Input : Fist letter Should be capital and must contains minimum 3 characters :
Wrong Input : Fist letter Should be capital and must contains minimum 3 characters :
Wrong Input : Fist letter Should be capital and must contains minimum 3 characters :
Wrong Input : Fist letter Should be capital and must contains minimum 3 characters :
Wrong Input : Fist letter Should be capital and must contains minimum 3 characters :
Wrong Input : Fist letter Should be capital and must contains minimum 3 characters :
Wrong Input : Fist letter Should be capital and must contains minimum 3 characters :
Wrong Input : Fist letter Should be capital and must contains minimum 3 characters :
Wrong Input : Fist letter Should be capital and must contains minimum 3 characters :
Wrong Input : Fist letter Should be capital and must contains minimum 3 characters :
Wrong Input : Fist letter Should be capital and must contains minimum 3 characters :
Wrong Input : Fist letter Should be capital and must contains minimum 3 characters :
Wrong Input : Fist letter Should be capital and must contains minimum 3 characters :
Wrong Input : Fist letter Should be capital and must contains minimum 3 characters :
Wrong Input : Fist letter Should be capital and must contains minimum 3 characters :
Wrong Input : Fist letter Should be capital and must contains minimum 3 characters :
Wrong Input : Fist letter Should be capital and must contains minimum 3 characters :
Wrong Input : Fist letter Should be capital and must contains minimum 3 characters :
Wrong Input : Fist letter Should be capital and must contains minimum 3 characters :
Wrong Input : Fist letter Should be capital and must contains minimum 3 characters :
Wrong Input : Fist letter Should be capital and must contains minimum 3 characters :
Wrong Input : Fist letter Should be capital and must contains minimum 3 characters :
Wrong Input : Fist letter Should be capital and must contains minimum 3 characters :
Wrong Input : Fist letter Should be capital and must contains minimum 3 characters :
Wrong Input : Fist letter Should be capital and must contains minimum 3 characters :
Wrong Input : Fist letter Should be capital and must contains minimum 3 characters :
Wrong Input : Fist letter Should be capital and must contains minimum 3 characters :
Wrong Input : Fist letter Should be capital and must contains minimum 3 characters :
Wrong Input : Fist letter Should be capital and must contains minimum 3 characters :
Wrong Input : Fist letter Should be capital and must contains minimum 3 characters :
Wrong Input : Fist letter Should be capital and must contains minimum 3 characters :
Wrong Input : Fist letter Should be capital and must contains minimum 3 characters :
Wrong Input : Fist letter Should be capital and must contains minimum 3 characters :
Wrong Input : Fist letter Should be capital and must contains minimum 3 characters :
Wrong Input : Fist letter Should be capital and must contains minimum 3 characters :
Wrong Input : Fist letter Should be capital and must contains minimum 3 characters :
Wrong Input : Fist letter Should be capital and must contains minimum 3 characters :
Wrong Input : Fist letter Should be capital and must contains minimum 3 characters :
Wrong Input : Fist letter Should be capital and must contains minimum 3 characters :
Wrong Input : Fist letter Should be capital and must contains minimum 3 characters :
Wrong Input : Fist letter Should be capital and must contains minimum 3 characters :
Wrong Input : Fist letter Should be capital and must contains minimum 3 characters :
Wrong Input : Fist letter Should be capital and must contains minimum 3 characters :
Wrong Input : Fist letter Should be capital and must contains minimum 3 characters :
Wrong Input : Fist letter Should be capital and must contains minimum 3 characters :
Wrong Input : Fist letter Should be capital and must contains minimum 3 characters :
Wrong Input : Fist letter Should be capital and must contains minimum 3 characters :
Wrong Input : Fist letter Should be capital and must contains minimum 3 characters :
Wrong Input : Fist letter Should be capital and must contains minimum 3 characters :
Wrong Input : Fist letter Should be capital and must contains minimum 3 characters :
Wrong Input : Fist letter Should be capital and must contains minimum 3 characters :
Wrong Input : Fist letter Should be capital and must contains minimum 3 characters :
Wrong Input : Fist letter Should be capital and must contains minimum 3 characters :
Wrong Input : Fist letter Should be capital and must contains minimum 3 characters :
Wrong Input : Fist letter Should be capital and must contains minimum 3 characters :
Wrong Input : Fist letter Should be capital and must contains minimum 3 characters :
Wrong Input : Fist letter Should be capital and must contains minimum 3 characters :
Wrong Input : Fist letter Should be capital and must contains minimum 3 characters :
Wrong Input : Fist letter Should be capital and must contains minimum 3 characters :
Wrong Input : Fist letter Should be capital and must contains minimum 3 characters :
Wrong Input : Fist letter Should be capital and must contains minimum 3 characters :
Wrong Input : Fist letter Should be capital and must contains minimum 3 characters :
Wrong Input : Fist letter Should be capital and must contains minimum 3 characters :
Wrong Input : Fist letter Should be capital and must contains minimum 3 characters :
Wrong Input : Fist letter Should be capital and must contains minimum 3 characters :
Wrong Input : Fist letter Should be capital and must contains minimum 3 characters :
Wrong Input : Fist letter Should be capital and must contains minimum 3 characters :
Wrong Input : Fist letter Should be capital and must contains minimum 3 characters :
Wrong Input : Fist letter Should be capital and must contains minimum 3 characters :
Wrong Input : Fist letter Should be capital and must contains minimum 3 characters :
Wrong Input : Fist letter Should be capital and must contains minimum 3 characters :
Wrong Input : Fist letter Should be capital and must contains minimum 3 characters :
Wrong Input : Fist letter Should be capital and must contains minimum 3 characters :
Wrong Input : Fist letter Should be capital and must contains minimum 3 characters :
Wrong Input : Fist letter Should be capital and must contains minimum 3 characters :
Wrong Input : Fist letter Should be capital and must contains minimum 3 characters :
Wrong Input : Fist letter Should be capital and must contains minimum 3 characters :
Wrong Input : Fist letter Should be capital and must contains minimum 3 characters :
Wrong Input : Fist letter Should be capital and must contains minimum 3 characters :
Wrong Input : Fist letter Should be capital and must contains minimum 3 characters :
Wrong Input : Fist letter Should be capital and must contains minimum 3 characters :
Wrong Input : Fist letter Should be capital and must contains minimum 3 characters :
Wrong Input : Fist letter Should be capital and must contains minimum 3 characters :
Wrong Input : Fist letter Should be capital and must contains minimum 3 characters :
Wrong Input : Fist letter Should be capital and must contains minimum 3 characters :
Wrong Input : Fist letter Should be capital and must contains minimum 3 characters :
Wrong Input : Fist letter Should be capital and must contains minimum 3 characters :
Wrong Input : Fist letter Should be capital and must contains minimum 3 characters :
Wrong Input : Fist letter Should be capital and must contains minimum 3 characters :
Wrong Input : Fist letter Should be capital and must contains minimum 3 characters :
Wrong Input : Fist letter Should be capital and must contains minimum 3 characters :
Wrong Input : Fist letter Should be capital and must contains minimum 3 characters :
Wrong Input : Fist letter Should be capital and must contains minimum 3 characters :
Wrong Input : Fist letter Should be capital and must contains minimum 3 characters :
Wrong Input : Fist letter Should be capital and must contains minimum 3 characters :
Wrong Input : Fist letter Should be capital and must contains minimum 3 characters :
Wrong Input : Fist letter Should be capital and must contains minimum 3 characters :
Wrong Input : Fist letter Should be capital and must contains minimum 3 characters :
Wrong Input : Fist letter Should be capital and must contains minimum 3 characters :
Wrong Input : Fist letter Should be capital and must contains minimum 3 characters :
Wrong Input : Fist letter Should be capital and must contains minimum 3 characters :
Wrong Input : Fist letter Should be capital and must contains minimum 3 characters :
Wrong Input : Fist letter Should be capital and must contains minimum 3 characters :
Wrong Input : Fist letter Should be capital and must contains minimum 3 characters :
Wrong Input : Fist letter Should be capital and must contains minimum 3 characters :
Wrong Input : Fist letter Should be capital and must contains minimum 3 characters :
Wrong Input : Fist letter Should be capital and must contains minimum 3 characters :
Wrong Input : Fist letter Should be capital and must contains minimum 3 characters :
Wrong Input : Fist letter Should be capital and must contains minimum 3 characters :
Wrong Input : Fist letter Should be capital and must contains minimum 3 characters :
Wrong Input : Fist letter Should be capital and must contains minimum 3 characters :
Wrong Input : Fist letter Should be capital and must contains minimum 3 characters :
Wrong Input : Fist letter Should be capital and must contains minimum 3 characters :
Wrong Input : Fist letter Should be capital and must contains minimum 3 characters :
Wrong Input : Fist letter Should be capital and must contains minimum 3 characters :
Wrong Input : Fist letter Should be capital and must contains minimum 3 characters :
Wrong Input : Fist letter Should be capital and must contains minimum 3 characters :
Wrong Input : Fist letter Should be capital and must contains minimum 3 characters :
Wrong Input : Fist letter Should be capital and must contains minimum 3 characters :
Wrong Input : Fist letter Should be capital and must contains minimum 3 characters :
Wrong Input : Fist letter Should be capital and must contains minimum 3 characters :
Wrong Input : Fist letter Should be capital and must contains minimum 3 characters :
Wrong Input : Fist letter Should be capital and must contains minimum 3 characters :
Wrong Input : Fist letter Should be capital and must contains minimum 3 characters :
Wrong Input : Fist letter Should be capital and must contains minimum 3 characters :
Wrong Input : Fist letter Should be capital and must contains minimum 3 characters :
Wrong Input : Fist letter Should be capital and must contains minimum 3 characters :
Wrong Input : Fist letter Should be capital and must contains minimum 3 characters :
Wrong Input : Fist letter Should be capital and must contains minimum 3 characters :
Wrong Input : Fist letter Should be capital and must contains minimum 3 characters :
Wrong Input : Fist letter Should be capital and must contains minimum 3 characters :
Wrong Input : Fist letter Should be capital and must contains minimum 3 characters :
Wrong Input : Fist letter Should be capital and must contains minimum 3 characters :
Wrong Input : Fist letter Should be capital and must contains minimum 3 characters :
Wrong Input : Fist letter Should be capital and must contains minimum 3 characters :
Wrong Input : Fist letter Should be capital and must contains minimum 3 characters :
Wrong Input : Fist letter Should be capital and must contains minimum 3 characters :
Wrong Input : Fist letter Should be capital and must contains minimum 3 characters :
Wrong Input : Fist letter Should be capital and must contains minimum 3 characters :
Wrong Input : Fist letter Should be capital and must contains minimum 3 characters :
Wrong Input : Fist letter Should be capital and must contains minimum 3 characters :
Wrong Input : Fist letter Should be capital and must contains minimum 3 characters :
Wrong Input : Fist letter Should be capital and must contains minimum 3 characters :
Wrong Input : Fist letter Should be capital and must contains minimum 3 characters :
Wrong Input : Fist letter Should be capital and must contains minimum 3 characters :
Wrong Input : Fist letter Should be capital and must contains minimum 3 characters :
Wrong Input : Fist letter Should be capital and must contains minimum 3 characters :
Wrong Input : Fist letter Should be capital and must contains minimum 3 characters :
Wrong Input : Fist letter Should be capital and must contains minimum 3 characters :
Wrong Input : Fist letter Should be capital and must contains minimum 3 characters :
Wrong Input : Fist letter Should be capital and must contains minimum 3 characters :
Wrong Input : Fist letter Should be capital and must contains minimum 3 characters :
Wrong Input : Fist letter Should be capital and must contains minimum 3 characters :
Wrong Input : Fist letter Should be capital and must contains minimum 3 characters :
Wrong Input : Fist letter Should be capital and must contains minimum 3 characters :
Wrong Input : Fist letter Should be capital and must contains minimum 3 characters :
Wrong Input : Fist letter Should be capital and must contains minimum 3 characters :
Wrong Input : Fist letter Should be capital and must contains minimum 3 characters :
Wrong Input : Fist letter Should be capital and must contains minimum 3 characters :
Wrong Input : Fist letter Should be capital and must contains minimum 3 characters :
Wrong Input : Fist letter Should be capital and must contains minimum 3 characters :
Wrong Input : Fist letter Should be capital and must contains minimum 3 characters :
Wrong Input : Fist letter Should be capital and must contains minimum 3 characters :
Wrong Input : Fist letter Should be capital and must contains minimum 3 characters :
Wrong Input : Fist letter Should be capital and must contains minimum 3 characters :
Wrong Input : Fist letter Should be capital and must contains minimum 3 characters :
Wrong Input : Fist letter Should be capital and must contains minimum 3 characters :
Wrong Input : Fist letter Should be capital and must contains minimum 3 characters :
Wrong Input : Fist letter Should be capital and must contains minimum 3 characters :
Wrong Input : Fist letter Should be capital and must contains minimum 3 characters :
Wrong Input : Fist letter Should be capital and must contains minimum 3 characters :
Wrong Input : Fist letter Should be capital and must contains minimum 3 characters :
Wrong Input : Fist letter Should be capital and must contains minimum 3 characters :
Wrong Input : Fist letter Should be capital and must contains minimum 3 characters :
Wrong Input : Fist letter Should be capital and must contains minimum 3 characters :
Wrong Input : Fist letter Should be capital and must contains minimum 3 characters :
Wrong Input : Fist letter Should be capital and must contains minimum 3 characters :
Wrong Input : Fist letter Should be capital and must contains minimum 3 characters :
Wrong Input : Fist letter Should be capital and must contains minimum 3 characters :
Wrong Input : Fist letter Should be capital and must contains minimum 3 characters :
Wrong Input : Fist letter Should be capital and must contains minimum 3 characters :
Wrong Input : Fist letter Should be capital and must contains minimum 3 characters :
Wrong Input : Fist letter Should be capital and must contains minimum 3 characters :
Wrong Input : Fist letter Should be capital and must contains minimum 3 characters :
Wrong Input : Fist letter Should be capital and must contains minimum 3 characters :
Wrong Input : Fist letter Should be capital and must contains minimum 3 characters :
Wrong Input : Fist letter Should be capital and must contains minimum 3 characters :
Wrong Input : Fist letter Should be capital and must contains minimum 3 characters :
Wrong Input : Fist letter Should be capital and must contains minimum 3 characters :
Wrong Input : Fist letter Should be capital and must contains minimum 3 characters :
Wrong Input : Fist letter Should be capital and must contains minimum 3 characters :
Wrong Input : Fist letter Should be capital and must contains minimum 3 characters :
Wrong Input : Fist letter Should be capital and must contains minimum 3 characters :
Wrong Input : Fist letter Should be capital and must contains minimum 3 characters :
Wrong Input : Fist letter Should be capital and must contains minimum 3 characters :
Wrong Input : Fist letter Should be capital and must contains minimum 3 characters :
Wrong Input : Fist letter Should be capital and must contains minimum 3 characters :
Wrong Input : Fist letter Should be capital and must contains minimum 3 characters :
Wrong Input : Fist letter Should be capital and must contains minimum 3 characters :
Wrong Input : Fist letter Should be capital and must contains minimum 3 characters :
Wrong Input : Fist letter Should be capital and must contains minimum 3 characters :
Wrong Input : Fist letter Should be capital and must contains minimum 3 characters :
Wrong Input : Fist letter Should be capital and must contains minimum 3 characters :
Wrong Input : Fist letter Should be capital and must contains minimum 3 characters :
Wrong Input : Fist letter Should be capital and must contains minimum 3 characters :
Wrong Input : Fist letter Should be capital and must contains minimum 3 characters :
Wrong Input : Fist letter Should be capital and must contains minimum 3 characters :
Wrong Input : Fist letter Should be capital and must contains minimum 3 characters :
Wrong Input : Fist letter Should be capital and must contains minimum 3 characters :
Wrong Input : Fist letter Should be capital and must contains minimum 3 characters :
Wrong Input : Fist letter Should be capital and must contains minimum 3 characters :
Wrong Input : Fist letter Should be capital and must contains minimum 3 characters :
Wrong Input : Fist letter Should be capital and must contains minimum 3 characters :
Wrong Input : Fist letter Should be capital and must contains minimum 3 characters :
Wrong Input : Fist letter Should be capital and must contains minimum 3 characters :
Wrong Input : Fist letter Should be capital and must contains minimum 3 characters :
Wrong Input : Fist letter Should be capital and must contains minimum 3 characters :
Wrong Input : Fist letter Should be capital and must contains minimum 3 characters :
Wrong Input : Fist letter Should be capital and must contains minimum 3 characters :
Wrong Input : Fist letter Should be capital and must contains minimum 3 characters :
Wrong Input : Fist letter Should be capital and must contains minimum 3 characters :
Wrong Input : Fist letter Should be capital and must contains minimum 3 characters :
Wrong Input : Fist letter Should be capital and must contains minimum 3 characters :
Wrong Input : Fist letter Should be capital and must contains minimum 3 characters :
Wrong Input : Fist letter Should be capital and must contains minimum 3 characters :
Wrong Input : Fist letter Should be capital and must contains minimum 3 characters :
Wrong Input : Fist letter Should be capital and must contains minimum 3 characters :
Wrong Input : Fist letter Should be capital and must contains minimum 3 characters :
Wrong Input : Fist letter Should be capital and must contains minimum 3 characters :
Wrong Input : Fist letter Should be capital and must contains minimum 3 characters :
Wrong Input : Fist letter Should be capital and must contains minimum 3 characters :
Wrong Input : Fist letter Should be capital and must contains minimum 3 characters :
Wrong Input : Fist letter Should be capital and must contains minimum 3 characters :
Wrong Input : Fist letter Should be capital and must contains minimum 3 characters :
Wrong Input : Fist letter Should be capital and must contains minimum 3 characters :
Wrong Input : Fist letter Should be capital and must contains minimum 3 characters :
Wrong Input : Fist letter Should be capital and must contains minimum 3 characters :
Wrong Input : Fist letter Should be capital and must contains minimum 3 characters :
Wrong Input : Fist letter Should be capital and must contains minimum 3 characters :
Wrong Input : Fist letter Should be capital and must contains minimum 3 characters :
Wrong Input : Fist letter Should be capital and must contains minimum 3 characters :
Wrong Input : Fist letter Should be capital and must contains minimum 3 characters :
Wrong Input : Fist letter Should be capital and must contains minimum 3 characters :
Wrong Input : Fist letter Should be capital and must contains minimum 3 characters :
Wrong Input : Fist letter Should be capital and must contains minimum 3 characters :
Wrong Input : Fist letter Should be capital and must contains minimum 3 characters :
Wrong Input : Fist letter Should be capital and must contains minimum 3 characters :
Wrong Input : Fist letter Should be capital and must contains minimum 3 characters :
Wrong Input : Fist letter Should be capital and must contains minimum 3 characters :
Wrong Input : Fist letter Should be capital and must contains minimum 3 characters :
Wrong Input : Fist letter Should be capital and must contains minimum 3 characters :
Wrong Input : Fist letter Should be capital and must contains minimum 3 characters :
Wrong Input : Fist letter Should be capital and must contains minimum 3 characters :
Wrong Input : Fist letter Should be capital and must contains minimum 3 characters :
Wrong Input : Fist letter Should be capital and must contains minimum 3 characters :
Wrong Input : Fist letter Should be capital and must contains minimum 3 characters :
Wrong Input : Fist letter Should be capital and must contains minimum 3 characters :
Wrong Input : Fist letter Should be capital and must contains minimum 3 characters :
Wrong Input : Fist letter Should be capital and must contains minimum 3 characters :
Wrong Input : Fist letter Should be capital and must contains minimum 3 characters :
Wrong Input : Fist letter Should be capital and must contains minimum 3 characters :
Wrong Input : Fist letter Should be capital and must contains minimum 3 characters :
Wrong Input : Fist letter Should be capital and must contains minimum 3 characters :
Wrong Input : Fist letter Should be capital and must contains minimum 3 characters :
Wrong Input : Fist letter Should be capital and must contains minimum 3 characters :
Wrong Input : Fist letter Should be capital and must contains minimum 3 characters :
Wrong Input : Fist letter Should be capital and must contains minimum 3 characters :
Wrong Input : Fist letter Should be capital and must contains minimum 3 characters :
Wrong Input : Fist letter Should be capital and must contains minimum 3 characters :
Wrong Input : Fist letter Should be capital and must contains minimum 3 characters :
Wrong Input : Fist letter Should be capital and must contains minimum 3 characters :
Wrong Input : Fist letter Should be capital and must contains minimum 3 characters :
Wrong Input : Fist letter Should be capital and must contains minimum 3 characters :
Wrong Input : Fist letter Should be capital and must contains minimum 3 characters :
Wrong Input : Fist letter Should be capital and must contains minimum 3 characters :
Wrong Input : Fist letter Should be capital and must contains minimum 3 characters :
Wrong Input : Fist letter Should be capital and must contains minimum 3 characters :
Wrong Input : Fist letter Should be capital and must contains minimum 3 characters :
Wrong Input : Fist letter Should be capital and must contains minimum 3 characters :
Wrong Input : Fist letter Should be capital and must contains minimum 3 characters :
Wrong Input : Fist letter Should be capital and must contains minimum 3 characters :
Wrong Input : Fist letter Should be capital and must contains minimum 3 characters :
Wrong Input : Fist letter Should be capital and must contains minimum 3 characters :
Wrong Input : Fist letter Should be capital and must contains minimum 3 characters :
Wrong Input : Fist letter Should be capital and must contains minimum 3 characters :
Wrong Input : Fist letter Should be capital and must contains minimum 3 characters :
Wrong Input : Fist letter Should be capital and must contains minimum 3 characters :
Wrong Input : Fist letter Should be capital and must contains minimum 3 characters :
Wrong Input : Fist letter Should be capital and must contains minimum 3 characters :
Wrong Input : Fist letter Should be capital and must contains minimum 3 characters :
Wrong Input : Fist letter Should be capital and must contains minimum 3 characters :
Wrong Input : Fist letter Should be capital and must contains minimum 3 characters :
Wrong Input : Fist letter Should be capital and must contains minimum 3 characters :
Wrong Input : Fist letter Should be capital and must contains minimum 3 characters :
Wrong Input : Fist letter Should be capital and must contains minimum 3 characters :
Wrong Input : Fist letter Should be capital and must contains minimum 3 characters :
Wrong Input : Fist letter Should be capital and must contains minimum 3 characters :
Wrong Input : Fist letter Should be capital and must contains minimum 3 characters :
Wrong Input : Fist letter Should be capital and must contains minimum 3 characters :
Wrong Input : Fist letter Should be capital and must contains minimum 3 characters :
Wrong Input : Fist letter Should be capital and must contains minimum 3 characters :
Wrong Input : Fist letter Should be capital and must contains minimum 3 characters :
Wrong Input : Fist letter Should be capital and must contains minimum 3 characters :
Wrong Input : Fist letter Should be capital and must contains minimum 3 characters :
Wrong Input : Fist letter Should be capital and must contains minimum 3 characters :
Wrong Input : Fist letter Should be capital and must contains minimum 3 characters :
Wrong Input : Fist letter Should be capital and must contains minimum 3 characters :
Wrong Input : Fist letter Should be capital and must contains minimum 3 characters :
Wrong Input : Fist letter Should be capital and must contains minimum 3 characters :
Wrong Input : Fist letter Should be capital and must contains minimum 3 characters :
Wrong Input : Fist letter Should be capital and must contains minimum 3 characters :
Wrong Input : Fist letter Should be capital and must contains minimum 3 characters :
Wrong Input : Fist letter Should be capital and must contains minimum 3 characters :
Wrong Input : Fist letter Should be capital and must contains minimum 3 characters :
Wrong Input : Fist letter Should be capital and must contains minimum 3 characters :
Wrong Input : Fist letter Should be capital and must contains minimum 3 characters :
Wrong Input : Fist letter Should be capital and must contains minimum 3 characters :
Wrong Input : Fist letter Should be capital and must contains minimum 3 characters :
Wrong Input : Fist letter Should be capital and must contains minimum 3 characters :
Wrong Input : Fist letter Should be capital and must contains minimum 3 characters :
Wrong Input : Fist letter Should be capital and must contains minimum 3 characters :
Wrong Input : Fist letter Should be capital and must contains minimum 3 characters :
Wrong Input : Fist letter Should be capital and must contains minimum 3 characters :
Wrong Input : Fist letter Should be capital and must contains minimum 3 characters :
Wrong Input : Fist letter Should be capital and must contains minimum 3 characters :
Wrong Input : Fist letter Should be capital and must contains minimum 3 characters :
Wrong Input : Fist letter Should be capital and must contains minimum 3 characters :
Wrong Input : Fist letter Should be capital and must contains minimum 3 characters :
Wrong Input : Fist letter Should be capital and must contains minimum 3 characters :
Wrong Input : Fist letter Should be capital and must contains minimum 3 characters :
Wrong Input : Fist letter Should be capital and must contains minimum 3 characters :
Wrong Input : Fist letter Should be capital and must contains minimum 3 characters :
Wrong Input : Fist letter Should be capital and must contains minimum 3 characters :
Wrong Input : Fist letter Should be capital and must contains minimum 3 characters :
Wrong Input : Fist letter Should be capital and must contains minimum 3 characters :
Wrong Input : Fist letter Should be capital and must contains minimum 3 characters :
Wrong Input : Fist letter Should be capital and must contains minimum 3 characters :
Wrong Input : Fist letter Should be capital and must contains minimum 3 characters :
Wrong Input : Fist letter Should be capital and must contains minimum 3 characters :
Wrong Input : Fist letter Should be capital and must contains minimum 3 characters :
Wrong Input : Fist letter Should be capital and must contains minimum 3 characters :
Wrong Input : Fist letter Should be capital and must contains minimum 3 characters :
Wrong Input : Fist letter Should be capital and must contains minimum 3 characters :
Wrong Input : Fist letter Should be capital and must contains minimum 3 characters :
Wrong Input : Fist letter Should be capital and must contains minimum 3 characters :
Wrong Input : Fist letter Should be capital and must contains minimum 3 characters :
Wrong Input : Fist letter Should be capital and must contains minimum 3 characters :
Wrong Input : Fist letter Should be capital and must contains minimum 3 characters :
Wrong Input : Fist letter Should be capital and must contains minimum 3 characters :
Wrong Input : Fist letter Should be capital and must contains minimum 3 characters :
Wrong Input : Fist letter Should be capital and must contains minimum 3 characters :
Wrong Input : Fist letter Should be capital and must contains minimum 3 characters :
Wrong Input : Fist letter Should be capital and must contains minimum 3 characters :
Wrong Input : Fist letter Should be capital and must contains minimum 3 characters :
Wrong Input : Fist letter Should be capital and must contains minimum 3 characters :
Wrong Input : Fist letter Should be capital and must contains minimum 3 characters :
Wrong Input : Fist letter Should be capital and must contains minimum 3 characters :
Wrong Input : Fist letter Should be capital and must contains minimum 3 characters :
Wrong Input : Fist letter Should be capital and must contains minimum 3 characters :
Wrong Input : Fist letter Should be capital and must contains minimum 3 characters :
Wrong Input : Fist letter Should be capital and must contains minimum 3 characters :
Wrong Input : Fist letter Should be capital and must contains minimum 3 characters :
Wrong Input : Fist letter Should be capital and must contains minimum 3 characters :
Wrong Input : Fist letter Should be capital and must contains minimum 3 characters :
Wrong Input : Fist letter Should be capital and must contains minimum 3 characters :
Wrong Input : Fist letter Should be capital and must contains minimum 3 characters :
Wrong Input : Fist letter Should be capital and must contains minimum 3 characters :
Wrong Input : Fist letter Should be capital and must contains minimum 3 characters :
Wrong Input : Fist letter Should be capital and must contains minimum 3 characters :
Wrong Input : Fist letter Should be capital and must contains minimum 3 characters :
Wrong Input : Fist letter Should be capital and must contains minimum 3 characters :
Wrong Input : Fist letter Should be capital and must contains minimum 3 characters :
Wrong Input : Fist letter Should be capital and must contains minimum 3 characters :
Wrong Input : Fist letter Should be capital and must contains minimum 3 characters :
Wrong Input : Fist letter Should be capital and must contains minimum 3 characters :
Wrong Input : Fist letter Should be capital and must contains minimum 3 characters :
Wrong Input : Fist letter Should be capital and must contains minimum 3 characters :
Wrong Input : Fist letter Should be capital and must contains minimum 3 characters :
Wrong Input : Fist letter Should be capital and must contains minimum 3 characters :
Wrong Input : Fist letter Should be capital and must contains minimum 3 characters :
Wrong Input : Fist letter Should be capital and must contains minimum 3 characters :
Wrong Input : Fist letter Should be capital and must contains minimum 3 characters :
Wrong Input : Fist letter Should be capital and must contains minimum 3 characters :
Wrong Input : Fist letter Should be capital and must contains minimum 3 characters :
Wrong Input : Fist letter Should be capital and must contains minimum 3 characters :
Wrong Input : Fist letter Should be capital and must contains minimum 3 characters :
Wrong Input : Fist letter Should be capital and must contains minimum 3 characters :
Wrong Input : Fist letter Should be capital and must contains minimum 3 characters :
Wrong Input : Fist letter Should be capital and must contains minimum 3 characters :
Wrong Input : Fist letter Should be capital and must contains minimum 3 characters :
Wrong Input : Fist letter Should be capital and must contains minimum 3 characters :
Wrong Input : Fist letter Should be capital and must contains minimum 3 characters :
Wrong Input : Fist letter Should be capital and must contains minimum 3 characters :
Wrong Input : Fist letter Should be capital and must contains minimum 3 characters :
Wrong Input : Fist letter Should be capital and must contains minimum 3 characters :
Wrong Input : Fist letter Should be capital and must contains minimum 3 characters :
Wrong Input : Fist letter Should be capital and must contains minimum 3 characters :
Wrong Input : Fist letter Should be capital and must contains minimum 3 characters :
Wrong Input : Fist letter Should be capital and must contains minimum 3 characters :
Wrong Input : Fist letter Should be capital and must contains minimum 3 characters :
Wrong Input : Fist letter Should be capital and must contains minimum 3 characters :
Wrong Input : Fist letter Should be capital and must contains minimum 3 characters :
Wrong Input : Fist letter Should be capital and must contains minimum 3 characters :
Wrong Input : Fist letter Should be capital and must contains minimum 3 characters :
Wrong Input : Fist letter Should be capital and must contains minimum 3 characters :
Wrong Input : Fist letter Should be capital and must contains minimum 3 characters :
Wrong Input : Fist letter Should be capital and must contains minimum 3 characters :
Wrong Input : Fist letter Should be capital and must contains minimum 3 characters :
Wrong Input : Fist letter Should be capital and must contains minimum 3 characters :
Wrong Input : Fist letter Should be capital and must contains minimum 3 characters :
Wrong Input : Fist letter Should be capital and must contains minimum 3 characters :
Wrong Input : Fist letter Should be capital and must contains minimum 3 characters :
Wrong Input : Fist letter Should be capital and must contains minimum 3 characters :
Wrong Input : Fist letter Should be capital and must contains minimum 3 characters :
Wrong Input : Fist letter Should be capital and must contains minimum 3 characters :
Wrong Input : Fist letter Should be capital and must contains minimum 3 characters :
Wrong Input : Fist letter Should be capital and must contains minimum 3 characters :
Wrong Input : Fist letter Should be capital and must contains minimum 3 characters :
Wrong Input : Fist letter Should be capital and must contains minimum 3 characters :
Wrong Input : Fist letter Should be capital and must contains minimum 3 characters :
Wrong Input : Fist letter Should be capital and must contains minimum 3 characters :
Wrong Input : Fist letter Should be capital and must contains minimum 3 characters :
Wrong Input : Fist letter Should be capital and must contains minimum 3 characters :
Wrong Input : Fist letter Should be capital and must contains minimum 3 characters :
Wrong Input : Fist letter Should be capital and must contains minimum 3 characters :
Wrong Input : Fist letter Should be capital and must contains minimum 3 characters :
Wrong Input : Fist letter Should be capital and must contains minimum 3 characters :
Wrong Input : Fist letter Should be capital and must contains minimum 3 characters :
Wrong Input : Fist letter Should be capital and must contains minimum 3 characters :
Wrong Input : Fist letter Should be capital and must contains minimum 3 characters :
Wrong Input : Fist letter Should be capital and must contains minimum 3 characters :
Wrong Input : Fist letter Should be capital and must contains minimum 3 characters :
Wrong Input : Fist letter Should be capital and must contains minimum 3 characters :
Wrong Input : Fist letter Should be capital and must contains minimum 3 characters :
Wrong Input : Fist letter Should be capital and must contains minimum 3 characters :
Wrong Input : Fist letter Should be capital and must contains minimum 3 characters :
Wrong Input : Fist letter Should be capital and must contains minimum 3 characters :
Wrong Input : Fist letter Should be capital and must contains minimum 3 characters :
Wrong Input : Fist letter Should be capital and must contains minimum 3 characters :
Wrong Input : Fist letter Should be capital and must contains minimum 3 characters :
Wrong Input : Fist letter Should be capital and must contains minimum 3 characters :
Wrong Input : Fist letter Should be capital and must contains minimum 3 characters :
Wrong Input : Fist letter Should be capital and must contains minimum 3 characters :
Wrong Input : Fist letter Should be capital and must contains minimum 3 characters :
Wrong Input : Fist letter Should be capital and must contains minimum 3 characters :
Wrong Input : Fist letter Should be capital and must contains minimum 3 characters :
Wrong Input : Fist letter Should be capital and must contains minimum 3 characters :
Wrong Input : Fist letter Should be capital and must contains minimum 3 characters :
Wrong Input : Fist letter Should be capital and must contains minimum 3 characters :
Wrong Input : Fist letter Should be capital and must contains minimum 3 characters :
Wrong Input : Fist letter Should be capital and must contains minimum 3 characters :
Wrong Input : Fist letter Should be capital and must contains minimum 3 characters :
Wrong Input : Fist letter Should be capital and must contains minimum 3 characters :
Wrong Input : Fist letter Should be capital and must contains minimum 3 characters :
Wrong Input : Fist letter Should be capital and must contains minimum 3 characters :
Wrong Input : Fist letter Should be capital and must contains minimum 3 characters :
Wrong Input : Fist letter Should be capital and must contains minimum 3 characters :
Wrong Input : Fist letter Should be capital and must contains minimum 3 characters :
Wrong Input : Fist letter Should be capital and must contains minimum 3 characters :
Wrong Input : Fist letter Should be capital and must contains minimum 3 characters :
Wrong Input : Fist letter Should be capital and must contains minimum 3 characters :
Wrong Input : Fist letter Should be capital and must contains minimum 3 characters :
Wrong Input : Fist letter Should be capital and must contains minimum 3 characters :
Wrong Input : Fist letter Should be capital and must contains minimum 3 characters :
Wrong Input : Fist letter Should be capital and must contains minimum 3 characters :
Wrong Input : Fist letter Should be capital and must contains minimum 3 characters :
Wrong Input : Fist letter Should be capital and must contains minimum 3 characters :
Wrong Input : Fist letter Should be capital and must contains minimum 3 characters :
Wrong Input : Fist letter Should be capital and must contains minimum 3 characters :
Wrong Input : Fist letter Should be capital and must contains minimum 3 characters :
Wrong Input : Fist letter Should be capital and must contains minimum 3 characters :
Wrong Input : Fist letter Should be capital and must contains minimum 3 characters :
Wrong Input : Fist letter Should be capital and must contains minimum 3 characters :
Wrong Input : Fist letter Should be capital and must contains minimum 3 characters :
Wrong Input : Fist letter Should be capital and must contains minimum 3 characters :
Wrong Input : Fist letter Should be capital and must contains minimum 3 characters :
Wrong Input : Fist letter Should be capital and must contains minimum 3 characters :
Wrong Input : Fist letter Should be capital and must contains minimum 3 characters :
Wrong Input : Fist letter Should be capital and must contains minimum 3 characters :
Wrong Input : Fist letter Should be capital and must contains minimum 3 characters :
Wrong Input : Fist letter Should be capital and must contains minimum 3 characters :
Wrong Input : Fist letter Should be capital and must contains minimum 3 characters :
Wrong Input : Fist letter Should be capital and must contains minimum 3 characters :
Wrong Input : Fist letter Should be capital and must contains minimum 3 characters :
Wrong Input : Fist letter Should be capital and must contains minimum 3 characters :
Wrong Input : Fist letter Should be capital and must contains minimum 3 characters :
Wrong Input : Fist letter Should be capital and must contains minimum 3 characters :
Wrong Input : Fist letter Should be capital and must contains minimum 3 characters :
Wrong Input : Fist letter Should be capital and must contains minimum 3 characters :
Wrong Input : Fist letter Should be capital and must contains minimum 3 characters :
Wrong Input : Fist letter Should be capital and must contains minimum 3 characters :
Wrong Input : Fist letter Should be capital and must contains minimum 3 characters :
Wrong Input : Fist letter Should be capital and must contains minimum 3 characters :
Wrong Input : Fist letter Should be capital and must contains minimum 3 characters :
Wrong Input : Fist letter Should be capital and must contains minimum 3 characters :
Wrong Input : Fist letter Should be capital and must contains minimum 3 characters :
Wrong Input : Fist letter Should be capital and must contains minimum 3 characters :
Wrong Input : Fist letter Should be capital and must contains minimum 3 characters :
Wrong Input : Fist letter Should be capital and must contains minimum 3 characters :
Wrong Input : Fist letter Should be capital and must contains minimum 3 characters :
Wrong Input : Fist letter Should be capital and must contains minimum 3 characters :
Wrong Input : Fist letter Should be capital and must contains minimum 3 characters :
Wrong Input : Fist letter Should be capital and must contains minimum 3 characters :
Wrong Input : Fist letter Should be capital and must contains minimum 3 characters :
Wrong Input : Fist letter Should be capital and must contains minimum 3 characters :
Wrong Input : Fist letter Should be capital and must contains minimum 3 characters :
Wrong Input : Fist letter Should be capital and must contains minimum 3 characters :
Wrong Input : Fist letter Should be capital and must contains minimum 3 characters :
Wrong Input : Fist letter Should be capital and must contains minimum 3 characters :
Wrong Input : Fist letter Should be capital and must contains minimum 3 characters :
Wrong Input : Fist letter Should be capital and must contains minimum 3 characters :
Wrong Input : Fist letter Should be capital and must contains minimum 3 characters :
Wrong Input : Fist letter Should be capital and must contains minimum 3 characters :
Wrong Input : Fist letter Should be capital and must contains minimum 3 characters :
Wrong Input : Fist letter Should be capital and must contains minimum 3 characters :
Wrong Input : Fist letter Should be capital and must contains minimum 3 characters :
Wrong Input : Fist letter Should be capital and must contains minimum 3 characters :
Wrong Input : Fist letter Should be capital and must contains minimum 3 characters :
Wrong Input : Fist letter Should be capital and must contains minimum 3 characters :
Wrong Input : Fist letter Should be capital and must contains minimum 3 characters :
Wrong Input : Fist letter Should be capital and must contains minimum 3 characters :
Wrong Input : Fist letter Should be capital and must contains minimum 3 characters :
Wrong Input : Fist letter Should be capital and must contains minimum 3 characters :
Wrong Input : Fist letter Should be capital and must contains minimum 3 characters :
Wrong Input : Fist letter Should be capital and must contains minimum 3 characters :
Wrong Input : Fist letter Should be capital and must contains minimum 3 characters :
Wrong Input : Fist letter Should be capital and must contains minimum 3 characters :
Wrong Input : Fist letter Should be capital and must contains minimum 3 characters :
Wrong Input : Fist letter Should be capital and must contains minimum 3 characters :
Wrong Input : Fist letter Should be capital and must contains minimum 3 characters :
Wrong Input : Fist letter Should be capital and must contains minimum 3 characters :
Wrong Input : Fist letter Should be capital and must contains minimum 3 characters :
Wrong Input : Fist letter Should be capital and must contains minimum 3 characters :
Wrong Input : Fist letter Should be capital and must contains minimum 3 characters :
Wrong Input : Fist letter Should be capital and must contains minimum 3 characters :
Wrong Input : Fist letter Should be capital and must contains minimum 3 characters :
Wrong Input : Fist letter Should be capital and must contains minimum 3 characters :
Wrong Input : Fist letter Should be capital and must contains minimum 3 characters :
Wrong Input : Fist letter Should be capital and must contains minimum 3 characters :
Wrong Input : Fist letter Should be capital and must contains minimum 3 characters :
Wrong Input : Fist letter Should be capital and must contains minimum 3 characters :
Wrong Input : Fist letter Should be capital and must contains minimum 3 characters :
Wrong Input : Fist letter Should be capital and must contains minimum 3 characters :
Wrong Input : Fist letter Should be capital and must contains minimum 3 characters :
Wrong Input : Fist letter Should be capital and must contains minimum 3 characters :
Wrong Input : Fist letter Should be capital and must contains minimum 3 characters :
Wrong Input : Fist letter Should be capital and must contains minimum 3 characters :
Wrong Input : Fist letter Should be capital and must contains minimum 3 characters :
Wrong Input : Fist letter Should be capital and must contains minimum 3 characters :
Wrong Input : Fist letter Should be capital and must contains minimum 3 characters :
Wrong Input : Fist letter Should be capital and must contains minimum 3 characters :
Wrong Input : Fist letter Should be capital and must contains minimum 3 characters :
Wrong Input : Fist letter Should be capital and must contains minimum 3 characters :
Wrong Input : Fist letter Should be capital and must contains minimum 3 characters :
Wrong Input : Fist letter Should be capital and must contains minimum 3 characters :
Wrong Input : Fist letter Should be capital and must contains minimum 3 characters :
Wrong Input : Fist letter Should be capital and must contains minimum 3 characters :
Wrong Input : Fist letter Should be capital and must contains minimum 3 characters :
Wrong Input : Fist letter Should be capital and must contains minimum 3 characters :
Wrong Input : Fist letter Should be capital and must contains minimum 3 characters :
Wrong Input : Fist letter Should be capital and must contains minimum 3 characters :
Wrong Input : Fist letter Should be capital and must contains minimum 3 characters :
Wrong Input : Fist letter Should be capital and must contains minimum 3 characters :
Wrong Input : Fist letter Should be capital and must contains minimum 3 characters :
Wrong Input : Fist letter Should be capital and must contains minimum 3 characters :
Wrong Input : Fist letter Should be capital and must contains minimum 3 characters :
Wrong Input : Fist letter Should be capital and must contains minimum 3 characters :
Wrong Input : Fist letter Should be capital and must contains minimum 3 characters :
Wrong Input : Fist letter Should be capital and must contains minimum 3 characters :
Wrong Input : Fist letter Should be capital and must contains minimum 3 characters :
Wrong Input : Fist letter Should be capital and must contains minimum 3 characters :
Wrong Input : Fist letter Should be capital and must contains minimum 3 characters :
Wrong Input : Fist letter Should be capital and must contains minimum 3 characters :
Wrong Input : Fist letter Should be capital and must contains minimum 3 characters :
Wrong Input : Fist letter Should be capital and must contains minimum 3 characters :
Wrong Input : Fist letter Should be capital and must contains minimum 3 characters :
Wrong Input : Fist letter Should be capital and must contains minimum 3 characters :
Wrong Input : Fist letter Should be capital and must contains minimum 3 characters :
Wrong Input : Fist letter Should be capital and must contains minimum 3 characters :
Wrong Input : Fist letter Should be capital and must contains minimum 3 characters :
Wrong Input : Fist letter Should be capital and must contains minimum 3 characters :
Wrong Input : Fist letter Should be capital and must contains minimum 3 characters :
Wrong Input : Fist letter Should be capital and must contains minimum 3 characters :
Wrong Input : Fist letter Should be capital and must contains minimum 3 characters :
Wrong Input : Fist letter Should be capital and must contains minimum 3 characters :
Wrong Input : Fist letter Should be capital and must contains minimum 3 characters :
Wrong Input : Fist letter Should be capital and must contains minimum 3 characters :
Wrong Input : Fist letter Should be capital and must contains minimum 3 characters :
Wrong Input : Fist letter Should be capital and must contains minimum 3 characters :
Wrong Input : Fist letter Should be capital and must contains minimum 3 characters :
Wrong Input : Fist letter Should be capital and must contains minimum 3 characters :
Wrong Input : Fist letter Should be capital and must contains minimum 3 characters :
Wrong Input : Fist letter Should be capital and must contains minimum 3 characters :
Wrong Input : Fist letter Should be capital and must contains minimum 3 characters :
Wrong Input : Fist letter Should be capital and must contains minimum 3 characters :
Wrong Input : Fist letter Should be capital and must contains minimum 3 characters :
Wrong Input : Fist letter Should be capital and must contains minimum 3 characters :
Wrong Input : Fist letter Should be capital and must contains minimum 3 characters :
Wrong Input : Fist letter Should be capital and must contains minimum 3 characters :
Wrong Input : Fist letter Should be capital and must contains minimum 3 characters :
Wrong Input : Fist letter Should be capital and must contains minimum 3 characters :
Wrong Input : Fist letter Should be capital and must contains minimum 3 characters :
Wrong Input : Fist letter Should be capital and must contains minimum 3 characters :
Wrong Input : Fist letter Should be capital and must contains minimum 3 characters :
Wrong Input : Fist letter Should be capital and must contains minimum 3 characters :
Wrong Input : Fist letter Should be capital and must contains minimum 3 characters :
Wrong Input : Fist letter Should be capital and must contains minimum 3 characters :
Wrong Input : Fist letter Should be capital and must contains minimum 3 characters :
Wrong Input : Fist letter Should be capital and must contains minimum 3 characters :
Wrong Input : Fist letter Should be capital and must contains minimum 3 characters :
Wrong Input : Fist letter Should be capital and must contains minimum 3 characters :
Wrong Input : Fist letter Should be capital and must contains minimum 3 characters :
Wrong Input : Fist letter Should be capital and must contains minimum 3 characters :
Wrong Input : Fist letter Should be capital and must contains minimum 3 characters :
Wrong Input : Fist letter Should be capital and must contains minimum 3 characters :
Wrong Input : Fist letter Should be capital and must contains minimum 3 characters :
Wrong Input : Fist letter Should be capital and must contains minimum 3 characters :
Wrong Input : Fist letter Should be capital and must contains minimum 3 characters :
Wrong Input : Fist letter Should be capital and must contains minimum 3 characters :
Wrong Input : Fist letter Should be capital and must contains minimum 3 characters :
Wrong Input : Fist letter Should be capital and must contains minimum 3 characters :
Wrong Input : Fist letter Should be capital and must contains minimum 3 characters :
Wrong Input : Fist letter Should be capital and must contains minimum 3 characters :
Wrong Input : Fist letter Should be capital and must contains minimum 3 characters :
Wrong Input : Fist letter Should be capital and must contains minimum 3 characters :
Wrong Input : Fist letter Should be capital and must contains minimum 3 characters :
Wrong Input : Fist letter Should be capital and must contains minimum 3 characters :
Wrong Input : Fist letter Should be capital and must contains minimum 3 characters :
Wrong Input : Fist letter Should be capital and must contains minimum 3 characters :
Wrong Input : Fist letter Should be capital and must contains minimum 3 characters :
Wrong Input : Fist letter Should be capital and must contains minimum 3 characters :
Wrong Input : Fist letter Should be capital and must contains minimum 3 characters :
Wrong Input : Fist letter Should be capital and must contains minimum 3 characters :
Wrong Input : Fist letter Should be capital and must contains minimum 3 characters :
Wrong Input : Fist letter Should be capital and must contains minimum 3 characters :
Wrong Input : Fist letter Should be capital and must contains minimum 3 characters :
Wrong Input : Fist letter Should be capital and must contains minimum 3 characters :
Wrong Input : Fist letter Should be capital and must contains minimum 3 characters :
Wrong Input : Fist letter Should be capital and must contains minimum 3 characters :
Wrong Input : Fist letter Should be capital and must contains minimum 3 characters :
Wrong Input : Fist letter Should be capital and must contains minimum 3 characters :
Wrong Input : Fist letter Should be capital and must contains minimum 3 characters :
Wrong Input : Fist letter Should be capital and must contains minimum 3 characters :
Wrong Input : Fist letter Should be capital and must contains minimum 3 characters :
Wrong Input : Fist letter Should be capital and must contains minimum 3 characters :
Wrong Input : Fist letter Should be capital and must contains minimum 3 characters :
Wrong Input : Fist letter Should be capital and must contains minimum 3 characters :
Wrong Input : Fist letter Should be capital and must contains minimum 3 characters :
Wrong Input : Fist letter Should be capital and must contains minimum 3 characters :
Wrong Input : Fist letter Should be capital and must contains minimum 3 characters :
Wrong Input : Fist letter Should be capital and must contains minimum 3 characters :
Wrong Input : Fist letter Should be capital and must contains minimum 3 characters :
Wrong Input : Fist letter Should be capital and must contains minimum 3 characters :
Wrong Input : Fist letter Should be capital and must contains minimum 3 characters :
Wrong Input : Fist letter Should be capital and must contains minimum 3 characters :
Wrong Input : Fist letter Should be capital and must contains minimum 3 characters :
Wrong Input : Fist letter Should be capital and must contains minimum 3 characters :
Wrong Input : Fist letter Should be capital and must contains minimum 3 characters :
Wrong Input : Fist letter Should be capital and must contains minimum 3 characters :
Wrong Input : Fist letter Should be capital and must contains minimum 3 characters :
Wrong Input : Fist letter Should be capital and must contains minimum 3 characters :
Wrong Input : Fist letter Should be capital and must contains minimum 3 characters :
Wrong Input : Fist letter Should be capital and must contains minimum 3 characters :
Wrong Input : Fist letter Should be capital and must contains minimum 3 characters :
Wrong Input : Fist letter Should be capital and must contains minimum 3 characters :
Wrong Input : Fist letter Should be capital and must contains minimum 3 characters :
Wrong Input : Fist letter Should be capital and must contains minimum 3 characters :
Wrong Input : Fist letter Should be capital and must contains minimum 3 characters :
Wrong Input : Fist letter Should be capital and must contains minimum 3 characters :
Wrong Input : Fist letter Should be capital and must contains minimum 3 characters :
Wrong Input : Fist letter Should be capital and must contains minimum 3 characters :
Wrong Input : Fist letter Should be capital and must contains minimum 3 characters :
Wrong Input : Fist letter Should be capital and must contains minimum 3 characters :
Wrong Input : Fist letter Should be capital and must contains minimum 3 characters :
Wrong Input : Fist letter Should be capital and must contains minimum 3 characters :
Wrong Input : Fist letter Should be capital and must contains minimum 3 characters :
Wrong Input : Fist letter Should be capital and must contains minimum 3 characters :
Wrong Input : Fist letter Should be capital and must contains minimum 3 characters :
Wrong Input : Fist letter Should be capital and must contains minimum 3 characters :
Wrong Input : Fist letter Should be capital and must contains minimum 3 characters :
Wrong Input : Fist letter Should be capital and must contains minimum 3 characters :
Wrong Input : Fist letter Should be capital and must contains minimum 3 characters :
Wrong Input : Fist letter Should be capital and must contains minimum 3 characters :
Wrong Input : Fist letter Should be capital and must contains minimum 3 characters :
Wrong Input : Fist letter Should be capital and must contains minimum 3 characters :
Wrong Input : Fist letter Should be capital and must contains minimum 3 characters :
Wrong Input : Fist letter Should be capital and must contains minimum 3 characters :
Wrong Input : Fist letter Should be capital and must contains minimum 3 characters :
Wrong Input : Fist letter Should be capital and must contains minimum 3 characters :
Wrong Input : Fist letter Should be capital and must contains minimum 3 characters :
Wrong Input : Fist letter Should be capital and must contains minimum 3 characters :
Wrong Input : Fist letter Should be capital and must contains minimum 3 characters :
Wrong Input : Fist letter Should be capital and must contains minimum 3 characters :
Wrong Input : Fist letter Should be capital and must contains minimum 3 characters :
Wrong Input : Fist letter Should be capital and must contains minimum 3 characters :
Wrong Input : Fist letter Should be capital and must contains minimum 3 characters :
Wrong Input : Fist letter Should be capital and must contains minimum 3 characters :
Wrong Input : Fist letter Should be capital and must contains minimum 3 characters :
Wrong Input : Fist letter Should be capital and must contains minimum 3 characters :
Wrong Input : Fist letter Should be capital and must contains minimum 3 characters :
Wrong Input : Fist letter Should be capital and must contains minimum 3 characters :
Wrong Input : Fist letter Should be capital and must contains minimum 3 characters :
Wrong Input : Fist letter Should be capital and must contains minimum 3 characters :
Wrong Input : Fist letter Should be capital and must contains minimum 3 characters :
Wrong Input : Fist letter Should be capital and must contains minimum 3 characters :
Wrong Input : Fist letter Should be capital and must contains minimum 3 characters :
Wrong Input : Fist letter Should be capital and must contains minimum 3 characters :
Wrong Input : Fist letter Should be capital and must contains minimum 3 characters :
Wrong Input : Fist letter Should be capital and must contains minimum 3 characters :
Wrong Input : Fist letter Should be capital and must contains minimum 3 characters :
Wrong Input : Fist letter Should be capital and must contains minimum 3 characters :
Wrong Input : Fist letter Should be capital and must contains minimum 3 characters :
Wrong Input : Fist letter Should be capital and must contains minimum 3 characters :
Wrong Input : Fist letter Should be capital and must contains minimum 3 characters :
Wrong Input : Fist letter Should be capital and must contains minimum 3 characters :
Wrong Input : Fist letter Should be capital and must contains minimum 3 characters :
Wrong Input : Fist letter Should be capital and must contains minimum 3 characters :
Wrong Input : Fist letter Should be capital and must contains minimum 3 characters :
Wrong Input : Fist letter Should be capital and must contains minimum 3 characters :
Wrong Input : Fist letter Should be capital and must contains minimum 3 characters :
Wrong Input : Fist letter Should be capital and must contains minimum 3 characters :
Wrong Input : Fist letter Should be capital and must contains minimum 3 characters :
Wrong Input : Fist letter Should be capital and must contains minimum 3 characters :
Wrong Input : Fist letter Should be capital and must contains minimum 3 characters :
Wrong Input : Fist letter Should be capital and must contains minimum 3 characters :
Wrong Input : Fist letter Should be capital and must contains minimum 3 characters :
Wrong Input : Fist letter Should be capital and must contains minimum 3 characters :
Wrong Input : Fist letter Should be capital and must contains minimum 3 characters :
Wrong Input : Fist letter Should be capital and must contains minimum 3 characters :
Wrong Input : Fist letter Should be capital and must contains minimum 3 characters :
Wrong Input : Fist letter Should be capital and must contains minimum 3 characters :
Wrong Input : Fist letter Should be capital and must contains minimum 3 characters :
Wrong Input : Fist letter Should be capital and must contains minimum 3 characters :
Wrong Input : Fist letter Should be capital and must contains minimum 3 characters :
Wrong Input : Fist letter Should be capital and must contains minimum 3 characters :
Wrong Input : Fist letter Should be capital and must contains minimum 3 characters :
Wrong Input : Fist letter Should be capital and must contains minimum 3 characters :
Wrong Input : Fist letter Should be capital and must contains minimum 3 characters :
Wrong Input : Fist letter Should be capital and must contains minimum 3 characters :
Wrong Input : Fist letter Should be capital and must contains minimum 3 characters :
Wrong Input : Fist letter Should be capital and must contains minimum 3 characters :
Wrong Input : Fist letter Should be capital and must contains minimum 3 characters :
Wrong Input : Fist letter Should be capital and must contains minimum 3 characters :
Wrong Input : Fist letter Should be capital and must contains minimum 3 characters :
Wrong Input : Fist letter Should be capital and must contains minimum 3 characters :
Wrong Input : Fist letter Should be capital and must contains minimum 3 characters :
Wrong Input : Fist letter Should be capital and must contains minimum 3 characters :
Wrong Input : Fist letter Should be capital and must contains minimum 3 characters :
Wrong Input : Fist letter Should be capital and must contains minimum 3 characters :
Wrong Input : Fist letter Should be capital and must contains minimum 3 characters :
Wrong Input : Fist letter Should be capital and must contains minimum 3 characters :
Wrong Input : Fist letter Should be capital and must contains minimum 3 characters :
Wrong Input : Fist letter Should be capital and must contains minimum 3 characters :
Wrong Input : Fist letter Should be capital and must contains minimum 3 characters :
Wrong Input : Fist letter Should be capital and must contains minimum 3 characters :
Wrong Input : Fist letter Should be capital and must contains minimum 3 characters :
Wrong Input : Fist letter Should be capital and must contains minimum 3 characters :
Wrong Input : Fist letter Should be capital and must contains minimum 3 characters :
Wrong Input : Fist letter Should be capital and must contains minimum 3 characters :
Wrong Input : Fist letter Should be capital and must contains minimum 3 characters :
Wrong Input : Fist letter Should be capital and must contains minimum 3 characters :
Wrong Input : Fist letter Should be capital and must contains minimum 3 characters :
Wrong Input : Fist letter Should be capital and must contains minimum 3 characters :
Wrong Input : Fist letter Should be capital and must contains minimum 3 characters :
Wrong Input : Fist letter Should be capital and must contains minimum 3 characters :
Wrong Input : Fist letter Should be capital and must contains minimum 3 characters :
Wrong Input : Fist letter Should be capital and must contains minimum 3 characters :
Wrong Input : Fist letter Should be capital and must contains minimum 3 characters :
Wrong Input : Fist letter Should be capital and must contains minimum 3 characters :
Wrong Input : Fist letter Should be capital and must contains minimum 3 characters :
Wrong Input : Fist letter Should be capital and must contains minimum 3 characters :
Wrong Input : Fist letter Should be capital and must contains minimum 3 characters :
Wrong Input : Fist letter Should be capital and must contains minimum 3 characters :
Wrong Input : Fist letter Should be capital and must contains minimum 3 characters :
Wrong Input : Fist letter Should be capital and must contains minimum 3 characters :
Wrong Input : Fist letter Should be capital and must contains minimum 3 characters :
Wrong Input : Fist letter Should be capital and must contains minimum 3 characters :
Wrong Input : Fist letter Should be capital and must contains minimum 3 characters :
Wrong Input : Fist letter Should be capital and must contains minimum 3 characters :
Wrong Input : Fist letter Should be capital and must contains minimum 3 characters :
Wrong Input : Fist letter Should be capital and must contains minimum 3 characters :
Wrong Input : Fist letter Should be capital and must contains minimum 3 characters :
Wrong Input : Fist letter Should be capital and must contains minimum 3 characters :
Wrong Input : Fist letter Should be capital and must contains minimum 3 characters :
Wrong Input : Fist letter Should be capital and must contains minimum 3 characters :
Wrong Input : Fist letter Should be capital and must contains minimum 3 characters :
Wrong Input : Fist letter Should be capital and must contains minimum 3 characters :
Wrong Input : Fist letter Should be capital and must contains minimum 3 characters :
Wrong Input : Fist letter Should be capital and must contains minimum 3 characters :
Wrong Input : Fist letter Should be capital and must contains minimum 3 characters :
Wrong Input : Fist letter Should be capital and must contains minimum 3 characters :
Wrong Input : Fist letter Should be capital and must contains minimum 3 characters :
Wrong Input : Fist letter Should be capital and must contains minimum 3 characters :
Wrong Input : Fist letter Should be capital and must contains minimum 3 characters :
Wrong Input : Fist letter Should be capital and must contains minimum 3 characters :
Wrong Input : Fist letter Should be capital and must contains minimum 3 characters :
Wrong Input : Fist letter Should be capital and must contains minimum 3 characters :
Wrong Input : Fist letter Should be capital and must contains minimum 3 characters :
Wrong Input : Fist letter Should be capital and must contains minimum 3 characters :
Wrong Input : Fist letter Should be capital and must contains minimum 3 characters :
Wrong Input : Fist letter Should be capital and must contains minimum 3 characters :
Wrong Input : Fist letter Should be capital and must contains minimum 3 characters :
Wrong Input : Fist letter Should be capital and must contains minimum 3 characters :
Wrong Input : Fist letter Should be capital and must contains minimum 3 characters :
Wrong Input : Fist letter Should be capital and must contains minimum 3 characters :
Wrong Input : Fist letter Should be capital and must contains minimum 3 characters :
Wrong Input : Fist letter Should be capital and must contains minimum 3 characters :
Wrong Input : Fist letter Should be capital and must contains minimum 3 characters :
Wrong Input : Fist letter Should be capital and must contains minimum 3 characters :
Wrong Input : Fist letter Should be capital and must contains minimum 3 characters :
Wrong Input : Fist letter Should be capital and must contains minimum 3 characters :
Wrong Input : Fist letter Should be capital and must contains minimum 3 characters :
Wrong Input : Fist letter Should be capital and must contains minimum 3 characters :
Wrong Input : Fist letter Should be capital and must contains minimum 3 characters :
Wrong Input : Fist letter Should be capital and must contains minimum 3 characters :
Wrong Input : Fist letter Should be capital and must contains minimum 3 characters :
Wrong Input : Fist letter Should be capital and must contains minimum 3 characters :
Wrong Input : Fist letter Should be capital and must contains minimum 3 characters :
Wrong Input : Fist letter Should be capital and must contains minimum 3 characters :
Wrong Input : Fist letter Should be capital and must contains minimum 3 characters :
Wrong Input : Fist letter Should be capital and must contains minimum 3 characters :
Wrong Input : Fist letter Should be capital and must contains minimum 3 characters :
Wrong Input : Fist letter Should be capital and must contains minimum 3 characters :
Wrong Input : Fist letter Should be capital and must contains minimum 3 characters :
Wrong Input : Fist letter Should be capital and must contains minimum 3 characters :
Wrong Input : Fist letter Should be capital and must contains minimum 3 characters :
Wrong Input : Fist letter Should be capital and must contains minimum 3 characters :
Wrong Input : Fist letter Should be capital and must contains minimum 3 characters :
Wrong Input : Fist letter Should be capital and must contains minimum 3 characters :
Wrong Input : Fist letter Should be capital and must contains minimum 3 characters :
Wrong Input : Fist letter Should be capital and must contains minimum 3 characters :
Wrong Input : Fist letter Should be capital and must contains minimum 3 characters :
Wrong Input : Fist letter Should be capital and must contains minimum 3 characters :
Wrong Input : Fist letter Should be capital and must contains minimum 3 characters :
Wrong Input : Fist letter Should be capital and must contains minimum 3 characters :
Wrong Input : Fist letter Should be capital and must contains minimum 3 characters :
Wrong Input : Fist letter Should be capital and must contains minimum 3 characters :
Wrong Input : Fist letter Should be capital and must contains minimum 3 characters :
Wrong Input : Fist letter Should be capital and must contains minimum 3 characters :
Wrong Input : Fist letter Should be capital and must contains minimum 3 characters :
Wrong Input : Fist letter Should be capital and must contains minimum 3 characters :
Wrong Input : Fist letter Should be capital and must contains minimum 3 characters :
Wrong Input : Fist letter Should be capital and must contains minimum 3 characters :
Wrong Input : Fist letter Should be capital and must contains minimum 3 characters :
Wrong Input : Fist letter Should be capital and must contains minimum 3 characters :
Wrong Input : Fist letter Should be capital and must contains minimum 3 characters :
Wrong Input : Fist letter Should be capital and must contains minimum 3 characters :
Wrong Input : Fist letter Should be capital and must contains minimum 3 characters :
Wrong Input : Fist letter Should be capital and must contains minimum 3 characters :
Wrong Input : Fist letter Should be capital and must contains minimum 3 characters :
Wrong Input : Fist letter Should be capital and must contains minimum 3 characters :
Wrong Input : Fist letter Should be capital and must contains minimum 3 characters :
Wrong Input : Fist letter Should be capital and must contains minimum 3 characters :
Wrong Input : Fist letter Should be capital and must contains minimum 3 characters :
Wrong Input : Fist letter Should be capital and must contains minimum 3 characters :
Wrong Input : Fist letter Should be capital and must contains minimum 3 characters :
Wrong Input : Fist letter Should be capital and must contains minimum 3 characters :
Wrong Input : Fist letter Should be capital and must contains minimum 3 characters :
Wrong Input : Fist letter Should be capital and must contains minimum 3 characters :
Wrong Input : Fist letter Should be capital and must contains minimum 3 characters :
Wrong Input : Fist letter Should be capital and must contains minimum 3 characters :
Wrong Input : Fist letter Should be capital and must contains minimum 3 characters :
Wrong Input : Fist letter Should be capital and must contains minimum 3 characters :
Wrong Input : Fist letter Should be capital and must contains minimum 3 characters :
Wrong Input : Fist letter Should be capital and must contains minimum 3 characters :
Wrong Input : Fist letter Should be capital and must contains minimum 3 characters :
Wrong Input : Fist letter Should be capital and must contains minimum 3 characters :
Wrong Input : Fist letter Should be capital and must contains minimum 3 characters :
Wrong Input : Fist letter Should be capital and must contains minimum 3 characters :
Wrong Input : Fist letter Should be capital and must contains minimum 3 characters :
Wrong Input : Fist letter Should be capital and must contains minimum 3 characters :
Wrong Input : Fist letter Should be capital and must contains minimum 3 characters :
Wrong Input : Fist letter Should be capital and must contains minimum 3 characters :
Wrong Input : Fist letter Should be capital and must contains minimum 3 characters :
Wrong Input : Fist letter Should be capital and must contains minimum 3 characters :
Wrong Input : Fist letter Should be capital and must contains minimum 3 characters :
Wrong Input : Fist letter Should be capital and must contains minimum 3 characters :
Wrong Input : Fist letter Should be capital and must contains minimum 3 characters :
Wrong Input : Fist letter Should be capital and must contains minimum 3 characters :
Wrong Input : Fist letter Should be capital and must contains minimum 3 characters :
Wrong Input : Fist letter Should be capital and must contains minimum 3 characters :
Wrong Input : Fist letter Should be capital and must contains minimum 3 characters :
Wrong Input : Fist letter Should be capital and must contains minimum 3 characters :
Wrong Input : Fist letter Should be capital and must contains minimum 3 characters :
Wrong Input : Fist letter Should be capital and must contains minimum 3 characters :
Wrong Input : Fist letter Should be capital and must contains minimum 3 characters :
Wrong Input : Fist letter Should be capital and must contains minimum 3 characters :
Wrong Input : Fist letter Should be capital and must contains minimum 3 characters :
Wrong Input : Fist letter Should be capital and must contains minimum 3 characters :
Wrong Input : Fist letter Should be capital and must contains minimum 3 characters :
Wrong Input : Fist letter Should be capital and must contains minimum 3 characters :
Wrong Input : Fist letter Should be capital and must contains minimum 3 characters :
Wrong Input : Fist letter Should be capital and must contains minimum 3 characters :
Wrong Input : Fist letter Should be capital and must contains minimum 3 characters :
Wrong Input : Fist letter Should be capital and must contains minimum 3 characters :
Wrong Input : Fist letter Should be capital and must contains minimum 3 characters :
Wrong Input : Fist letter Should be capital and must contains minimum 3 characters :
Wrong Input : Fist letter Should be capital and must contains minimum 3 characters :
Wrong Input : Fist letter Should be capital and must contains minimum 3 characters :
Wrong Input : Fist letter Should be capital and must contains minimum 3 characters :
Wrong Input : Fist letter Should be capital and must contains minimum 3 characters :
Wrong Input : Fist letter Should be capital and must contains minimum 3 characters :
Wrong Input : Fist letter Should be capital and must contains minimum 3 characters :
Wrong Input : Fist letter Should be capital and must contains minimum 3 characters :
Wrong Input : Fist letter Should be capital and must contains minimum 3 characters :
Wrong Input : Fist letter Should be capital and must contains minimum 3 characters :
Wrong Input : Fist letter Should be capital and must contains minimum 3 characters :
Wrong Input : Fist letter Should be capital and must contains minimum 3 characters :
Wrong Input : Fist letter Should be capital and must contains minimum 3 characters :
Wrong Input : Fist letter Should be capital and must contains minimum 3 characters :
Wrong Input : Fist letter Should be capital and must contains minimum 3 characters :
Wrong Input : Fist letter Should be capital and must contains minimum 3 characters :
Wrong Input : Fist letter Should be capital and must contains minimum 3 characters :
Wrong Input : Fist letter Should be capital and must contains minimum 3 characters :
Wrong Input : Fist letter Should be capital and must contains minimum 3 characters :
Wrong Input : Fist letter Should be capital and must contains minimum 3 characters :
Wrong Input : Fist letter Should be capital and must contains minimum 3 characters :
Wrong Input : Fist letter Should be capital and must contains minimum 3 characters :
Wrong Input : Fist letter Should be capital and must contains minimum 3 characters :
Wrong Input : Fist letter Should be capital and must contains minimum 3 characters :
Wrong Input : Fist letter Should be capital and must contains minimum 3 characters :
Wrong Input : Fist letter Should be capital and must contains minimum 3 characters :
Wrong Input : Fist letter Should be capital and must contains minimum 3 characters :
Wrong Input : Fist letter Should be capital and must contains minimum 3 characters :
Wrong Input : Fist letter Should be capital and must contains minimum 3 characters :
Wrong Input : Fist letter Should be capital and must contains minimum 3 characters :
Wrong Input : Fist letter Should be capital and must contains minimum 3 characters :
Wrong Input : Fist letter Should be capital and must contains minimum 3 characters :
Wrong Input : Fist letter Should be capital and must contains minimum 3 characters :
Wrong Input : Fist letter Should be capital and must contains minimum 3 characters :
Wrong Input : Fist letter Should be capital and must contains minimum 3 characters :
Wrong Input : Fist letter Should be capital and must contains minimum 3 characters :
Wrong Input : Fist letter Should be capital and must contains minimum 3 characters :
Wrong Input : Fist letter Should be capital and must contains minimum 3 characters :
Wrong Input : Fist letter Should be capital and must contains minimum 3 characters :
Wrong Input : Fist letter Should be capital and must contains minimum 3 characters :
Wrong Input : Fist letter Should be capital and must contains minimum 3 characters :
Wrong Input : Fist letter Should be capital and must contains minimum 3 characters :
Wrong Input : Fist letter Should be capital and must contains minimum 3 characters :
Wrong Input : Fist letter Should be capital and must contains minimum 3 characters :
Wrong Input : Fist letter Should be capital and must contains minimum 3 characters :
Wrong Input : Fist letter Should be capital and must contains minimum 3 characters :
Wrong Input : Fist letter Should be capital and must contains minimum 3 characters :
Wrong Input : Fist letter Should be capital and must contains minimum 3 characters :
Wrong Input : Fist letter Should be capital and must contains minimum 3 characters :
Wrong Input : Fist letter Should be capital and must contains minimum 3 characters :
Wrong Input : Fist letter Should be capital and must contains minimum 3 characters :
Wrong Input : Fist letter Should be capital and must contains minimum 3 characters :
Wrong Input : Fist letter Should be capital and must contains minimum 3 characters :
Wrong Input : Fist letter Should be capital and must contains minimum 3 characters :
Wrong Input : Fist letter Should be capital and must contains minimum 3 characters :
Wrong Input : Fist letter Should be capital and must contains minimum 3 characters :
Wrong Input : Fist letter Should be capital and must contains minimum 3 characters :
Wrong Input : Fist letter Should be capital and must contains minimum 3 characters :
Wrong Input : Fist letter Should be capital and must contains minimum 3 characters :
Wrong Input : Fist letter Should be capital and must contains minimum 3 characters :
Wrong Input : Fist letter Should be capital and must contains minimum 3 characters :
Wrong Input : Fist letter Should be capital and must contains minimum 3 characters :
Wrong Input : Fist letter Should be capital and must contains minimum 3 characters :
Wrong Input : Fist letter Should be capital and must contains minimum 3 characters :
Wrong Input : Fist letter Should be capital and must contains minimum 3 characters :
Wrong Input : Fist letter Should be capital and must contains minimum 3 characters :
Wrong Input : Fist letter Should be capital and must contains minimum 3 characters :
Wrong Input : Fist letter Should be capital and must contains minimum 3 characters :
Wrong Input : Fist letter Should be capital and must contains minimum 3 characters :
Wrong Input : Fist letter Should be capital and must contains minimum 3 characters :
Wrong Input : Fist letter Should be capital and must contains minimum 3 characters :
Wrong Input : Fist letter Should be capital and must contains minimum 3 characters :
Wrong Input : Fist letter Should be capital and must contains minimum 3 characters :
Wrong Input : Fist letter Should be capital and must contains minimum 3 characters :
Wrong Input : Fist letter Should be capital and must contains minimum 3 characters :
Wrong Input : Fist letter Should be capital and must contains minimum 3 characters :
Wrong Input : Fist letter Should be capital and must contains minimum 3 characters :
Wrong Input : Fist letter Should be capital and must contains minimum 3 characters :
Wrong Input : Fist letter Should be capital and must contains minimum 3 characters :
Wrong Input : Fist letter Should be capital and must contains minimum 3 characters :
Wrong Input : Fist letter Should be capital and must contains minimum 3 characters :
Wrong Input : Fist letter Should be capital and must contains minimum 3 characters :
Wrong Input : Fist letter Should be capital and must contains minimum 3 characters :
Wrong Input : Fist letter Should be capital and must contains minimum 3 characters :
Wrong Input : Fist letter Should be capital and must contains minimum 3 characters :
Wrong Input : Fist letter Should be capital and must contains minimum 3 characters :
Wrong Input : Fist letter Should be capital and must contains minimum 3 characters :
Wrong Input : Fist letter Should be capital and must contains minimum 3 characters :
Wrong Input : Fist letter Should be capital and must contains minimum 3 characters :
Wrong Input : Fist letter Should be capital and must contains minimum 3 characters :
Wrong Input : Fist letter Should be capital and must contains minimum 3 characters :
Wrong Input : Fist letter Should be capital and must contains minimum 3 characters :
Wrong Input : Fist letter Should be capital and must contains minimum 3 characters :
Wrong Input : Fist letter Should be capital and must contains minimum 3 characters :
Wrong Input : Fist letter Should be capital and must contains minimum 3 characters :
Wrong Input : Fist letter Should be capital and must contains minimum 3 characters :
Wrong Input : Fist letter Should be capital and must contains minimum 3 characters :
Wrong Input : Fist letter Should be capital and must contains minimum 3 characters :
Wrong Input : Fist letter Should be capital and must contains minimum 3 characters :
Wrong Input : Fist letter Should be capital and must contains minimum 3 characters :
Wrong Input : Fist letter Should be capital and must contains minimum 3 characters :
Wrong Input : Fist letter Should be capital and must contains minimum 3 characters :
Wrong Input : Fist letter Should be capital and must contains minimum 3 characters :
Wrong Input : Fist letter Should be capital and must contains minimum 3 characters :
Wrong Input : Fist letter Should be capital and must contains minimum 3 characters :
Wrong Input : Fist letter Should be capital and must contains minimum 3 characters :
Wrong Input : Fist letter Should be capital and must contains minimum 3 characters :
Wrong Input : Fist letter Should be capital and must contains minimum 3 characters :
Wrong Input : Fist letter Should be capital and must contains minimum 3 characters :
Wrong Input : Fist letter Should be capital and must contains minimum 3 characters :
Wrong Input : Fist letter Should be capital and must contains minimum 3 characters :
Wrong Input : Fist letter Should be capital and must contains minimum 3 characters :
Wrong Input : Fist letter Should be capital and must contains minimum 3 characters :
Wrong Input : Fist letter Should be capital and must contains minimum 3 characters :
Wrong Input : Fist letter Should be capital and must contains minimum 3 characters :
Wrong Input : Fist letter Should be capital and must contains minimum 3 characters :
Wrong Input : Fist letter Should be capital and must contains minimum 3 characters :
Wrong Input : Fist letter Should be capital and must contains minimum 3 characters :
Wrong Input : Fist letter Should be capital and must contains minimum 3 characters :
Wrong Input : Fist letter Should be capital and must contains minimum 3 characters :
Wrong Input : Fist letter Should be capital and must contains minimum 3 characters :
Wrong Input : Fist letter Should be capital and must contains minimum 3 characters :
Wrong Input : Fist letter Should be capital and must contains minimum 3 characters :
Wrong Input : Fist letter Should be capital and must contains minimum 3 characters :
Wrong Input : Fist letter Should be capital and must contains minimum 3 characters :
Wrong Input : Fist letter Should be capital and must contains minimum 3 characters :
Wrong Input : Fist letter Should be capital and must contains minimum 3 characters :
Wrong Input : Fist letter Should be capital and must contains minimum 3 characters :
Wrong Input : Fist letter Should be capital and must contains minimum 3 characters :
Wrong Input : Fist letter Should be capital and must contains minimum 3 characters :
Wrong Input : Fist letter Should be capital and must contains minimum 3 characters :
Wrong Input : Fist letter Should be capital and must contains minimum 3 characters :
Wrong Input : Fist letter Should be capital and must contains minimum 3 characters :
Wrong Input : Fist letter Should be capital and must contains minimum 3 characters :
Wrong Input : Fist letter Should be capital and must contains minimum 3 characters :
Wrong Input : Fist letter Should be capital and must contains minimum 3 characters :
Wrong Input : Fist letter Should be capital and must contains minimum 3 characters :
Wrong Input : Fist letter Should be capital and must contains minimum 3 characters :
Wrong Input : Fist letter Should be capital and must contains minimum 3 characters :
Wrong Input : Fist letter Should be capital and must contains minimum 3 characters :
Wrong Input : Fist letter Should be capital and must contains minimum 3 characters :
Wrong Input : Fist letter Should be capital and must contains minimum 3 characters :
Wrong Input : Fist letter Should be capital and must contains minimum 3 characters :
Wrong Input : Fist letter Should be capital and must contains minimum 3 characters :
Wrong Input : Fist letter Should be capital and must contains minimum 3 characters :
Wrong Input : Fist letter Should be capital and must contains minimum 3 characters :
Wrong Input : Fist letter Should be capital and must contains minimum 3 characters :
Wrong Input : Fist letter Should be capital and must contains minimum 3 characters :
Wrong Input : Fist letter Should be capital and must contains minimum 3 characters :
Wrong Input : Fist letter Should be capital and must contains minimum 3 characters :
Wrong Input : Fist letter Should be capital and must contains minimum 3 characters :
Wrong Input : Fist letter Should be capital and must contains minimum 3 characters :
Wrong Input : Fist letter Should be capital and must contains minimum 3 characters :
Wrong Input : Fist letter Should be capital and must contains minimum 3 characters :
Wrong Input : Fist letter Should be capital and must contains minimum 3 characters :
Wrong Input : Fist letter Should be capital and must contains minimum 3 characters :
Wrong Input : Fist letter Should be capital and must contains minimum 3 characters :
Wrong Input : Fist letter Should be capital and must contains minimum 3 characters :
Wrong Input : Fist letter Should be capital and must contains minimum 3 characters :
Wrong Input : Fist letter Should be capital and must contains minimum 3 characters :
Wrong Input : Fist letter Should be capital and must contains minimum 3 characters :
Wrong Input : Fist letter Should be capital and must contains minimum 3 characters :
Wrong Input : Fist letter Should be capital and must contains minimum 3 characters :
Wrong Input : Fist letter Should be capital and must contains minimum 3 characters :
Wrong Input : Fist letter Should be capital and must contains minimum 3 characters :
Wrong Input : Fist letter Should be capital and must contains minimum 3 characters :
Wrong Input : Fist letter Should be capital and must contains minimum 3 characters :
Wrong Input : Fist letter Should be capital and must contains minimum 3 characters :
Wrong Input : Fist letter Should be capital and must contains minimum 3 characters :
Wrong Input : Fist letter Should be capital and must contains minimum 3 characters :
Wrong Input : Fist letter Should be capital and must contains minimum 3 characters :
Wrong Input : Fist letter Should be capital and must contains minimum 3 characters :
Wrong Input : Fist letter Should be capital and must contains minimum 3 characters :
Wrong Input : Fist letter Should be capital and must contains minimum 3 characters :
Wrong Input : Fist letter Should be capital and must contains minimum 3 characters :
Wrong Input : Fist letter Should be capital and must contains minimum 3 characters :
Wrong Input : Fist letter Should be capital and must contains minimum 3 characters :
Wrong Input : Fist letter Should be capital and must contains minimum 3 characters :
Wrong Input : Fist letter Should be capital and must contains minimum 3 characters :
Wrong Input : Fist letter Should be capital and must contains minimum 3 characters :
Wrong Input : Fist letter Should be capital and must contains minimum 3 characters :
Wrong Input : Fist letter Should be capital and must contains minimum 3 characters :
Wrong Input : Fist letter Should be capital and must contains minimum 3 characters :
Wrong Input : Fist letter Should be capital and must contains minimum 3 characters :
Wrong Input : Fist letter Should be capital and must contains minimum 3 characters :
Wrong Input : Fist letter Should be capital and must contains minimum 3 characters :
Wrong Input : Fist letter Should be capital and must contains minimum 3 characters :
Wrong Input : Fist letter Should be capital and must contains minimum 3 characters :
Wrong Input : Fist letter Should be capital and must contains minimum 3 characters :
Wrong Input : Fist letter Should be capital and must contains minimum 3 characters :
Wrong Input : Fist letter Should be capital and must contains minimum 3 characters :
Wrong Input : Fist letter Should be capital and must contains minimum 3 characters :
Wrong Input : Fist letter Should be capital and must contains minimum 3 characters :
Wrong Input : Fist letter Should be capital and must contains minimum 3 characters :
Wrong Input : Fist letter Should be capital and must contains minimum 3 characters :
Wrong Input : Fist letter Should be capital and must contains minimum 3 characters :
Wrong Input : Fist letter Should be capital and must contains minimum 3 characters :
Wrong Input : Fist letter Should be capital and must contains minimum 3 characters :
Wrong Input : Fist letter Should be capital and must contains minimum 3 characters :
Wrong Input : Fist letter Should be capital and must contains minimum 3 characters :
Wrong Input : Fist letter Should be capital and must contains minimum 3 characters :
Wrong Input : Fist letter Should be capital and must contains minimum 3 characters :
Wrong Input : Fist letter Should be capital and must contains minimum 3 characters :
Wrong Input : Fist letter Should be capital and must contains minimum 3 characters :
Wrong Input : Fist letter Should be capital and must contains minimum 3 characters :
Wrong Input : Fist letter Should be capital and must contains minimum 3 characters :
Wrong Input : Fist letter Should be capital and must contains minimum 3 characters :
Wrong Input : Fist letter Should be capital and must contains minimum 3 characters :
Wrong Input : Fist letter Should be capital and must contains minimum 3 characters :
Wrong Input : Fist letter Should be capital and must contains minimum 3 characters :
Wrong Input : Fist letter Should be capital and must contains minimum 3 characters :
Wrong Input : Fist letter Should be capital and must contains minimum 3 characters :
Wrong Input : Fist letter Should be capital and must contains minimum 3 characters :
Wrong Input : Fist letter Should be capital and must contains minimum 3 characters :
Wrong Input : Fist letter Should be capital and must contains minimum 3 characters :
Wrong Input : Fist letter Should be capital and must contains minimum 3 characters :
Wrong Input : Fist letter Should be capital and must contains minimum 3 characters :
Wrong Input : Fist letter Should be capital and must contains minimum 3 characters :
Wrong Input : Fist letter Should be capital and must contains minimum 3 characters :
Wrong Input : Fist letter Should be capital and must contains minimum 3 characters :
Wrong Input : Fist letter Should be capital and must contains minimum 3 characters :
Wrong Input : Fist letter Should be capital and must contains minimum 3 characters :
Wrong Input : Fist letter Should be capital and must contains minimum 3 characters :
Wrong Input : Fist letter Should be capital and must contains minimum 3 characters :
Wrong Input : Fist letter Should be capital and must contains minimum 3 characters :
Wrong Input : Fist letter Should be capital and must contains minimum 3 characters :
Wrong Input : Fist letter Should be capital and must contains minimum 3 characters :
Wrong Input : Fist letter Should be capital and must contains minimum 3 characters :
Wrong Input : Fist letter Should be capital and must contains minimum 3 characters :
Wrong Input : Fist letter Should be capital and must contains minimum 3 characters :
Wrong Input : Fist letter Should be capital and must contains minimum 3 characters :
Wrong Input : Fist letter Should be capital and must contains minimum 3 characters :
Wrong Input : Fist letter Should be capital and must contains minimum 3 characters :
Wrong Input : Fist letter Should be capital and must contains minimum 3 characters :
Wrong Input : Fist letter Should be capital and must contains minimum 3 characters :
Wrong Input : Fist letter Should be capital and must contains minimum 3 characters :
Wrong Input : Fist letter Should be capital and must contains minimum 3 characters :
Wrong Input : Fist letter Should be capital and must contains minimum 3 characters :
Wrong Input : Fist letter Should be capital and must contains minimum 3 characters :
Wrong Input : Fist letter Should be capital and must contains minimum 3 characters :
Wrong Input : Fist letter Should be capital and must contains minimum 3 characters :
Wrong Input : Fist letter Should be capital and must contains minimum 3 characters :
Wrong Input : Fist letter Should be capital and must contains minimum 3 characters :
Wrong Input : Fist letter Should be capital and must contains minimum 3 characters :
Wrong Input : Fist letter Should be capital and must contains minimum 3 characters :
Wrong Input : Fist letter Should be capital and must contains minimum 3 characters :
Wrong Input : Fist letter Should be capital and must contains minimum 3 characters :
Wrong Input : Fist letter Should be capital and must contains minimum 3 characters :
Wrong Input : Fist letter Should be capital and must contains minimum 3 characters :
Wrong Input : Fist letter Should be capital and must contains minimum 3 characters :
Wrong Input : Fist letter Should be capital and must contains minimum 3 characters :
Wrong Input : Fist letter Should be capital and must contains minimum 3 characters :
Wrong Input : Fist letter Should be capital and must contains minimum 3 characters :
Wrong Input : Fist letter Should be capital and must contains minimum 3 characters :
Wrong Input : Fist letter Should be capital and must contains minimum 3 characters :
Wrong Input : Fist letter Should be capital and must contains minimum 3 characters :
Wrong Input : Fist letter Should be capital and must contains minimum 3 characters :
Wrong Input : Fist letter Should be capital and must contains minimum 3 characters :
Wrong Input : Fist letter Should be capital and must contains minimum 3 characters :
Wrong Input : Fist letter Should be capital and must contains minimum 3 characters :
Wrong Input : Fist letter Should be capital and must contains minimum 3 characters :
Wrong Input : Fist letter Should be capital and must contains minimum 3 characters :
Wrong Input : Fist letter Should be capital and must contains minimum 3 characters :
Wrong Input : Fist letter Should be capital and must contains minimum 3 characters :
Wrong Input : Fist letter Should be capital and must contains minimum 3 characters :
Wrong Input : Fist letter Should be capital and must contains minimum 3 characters :
Wrong Input : Fist letter Should be capital and must contains minimum 3 characters :
Wrong Input : Fist letter Should be capital and must contains minimum 3 characters :
Wrong Input : Fist letter Should be capital and must contains minimum 3 characters :
Wrong Input : Fist letter Should be capital and must contains minimum 3 characters :
Wrong Input : Fist letter Should be capital and must contains minimum 3 characters :
Wrong Input : Fist letter Should be capital and must contains minimum 3 characters :
Wrong Input : Fist letter Should be capital and must contains minimum 3 characters :
Wrong Input : Fist letter Should be capital and must contains minimum 3 characters :
Wrong Input : Fist letter Should be capital and must contains minimum 3 characters :
Wrong Input : Fist letter Should be capital and must contains minimum 3 characters :
Wrong Input : Fist letter Should be capital and must contains minimum 3 characters :
Wrong Input : Fist letter Should be capital and must contains minimum 3 characters :
Wrong Input : Fist letter Should be capital and must contains minimum 3 characters :
Wrong Input : Fist letter Should be capital and must contains minimum 3 characters :
Wrong Input : Fist letter Should be capital and must contains minimum 3 characters :
Wrong Input : Fist letter Should be capital and must contains minimum 3 characters :
Wrong Input : Fist letter Should be capital and must contains minimum 3 characters :
Wrong Input : Fist letter Should be capital and must contains minimum 3 characters :
Wrong Input : Fist letter Should be capital and must contains minimum 3 characters :
Wrong Input : Fist letter Should be capital and must contains minimum 3 characters :
Wrong Input : Fist letter Should be capital and must contains minimum 3 characters :
Wrong Input : Fist letter Should be capital and must contains minimum 3 characters :
Wrong Input : Fist letter Should be capital and must contains minimum 3 characters :
Wrong Input : Fist letter Should be capital and must contains minimum 3 characters :
Wrong Input : Fist letter Should be capital and must contains minimum 3 characters :
Wrong Input : Fist letter Should be capital and must contains minimum 3 characters :
Wrong Input : Fist letter Should be capital and must contains minimum 3 characters :
Wrong Input : Fist letter Should be capital and must contains minimum 3 characters :
Wrong Input : Fist letter Should be capital and must contains minimum 3 characters :
Wrong Input : Fist letter Should be capital and must contains minimum 3 characters :
Wrong Input : Fist letter Should be capital and must contains minimum 3 characters :
Wrong Input : Fist letter Should be capital and must contains minimum 3 characters :
Wrong Input : Fist letter Should be capital and must contains minimum 3 characters :
Wrong Input : Fist letter Should be capital and must contains minimum 3 characters :
Wrong Input : Fist letter Should be capital and must contains minimum 3 characters :
Wrong Input : Fist letter Should be capital and must contains minimum 3 characters :
Wrong Input : Fist letter Should be capital and must contains minimum 3 characters :
Wrong Input : Fist letter Should be capital and must contains minimum 3 characters :
Wrong Input : Fist letter Should be capital and must contains minimum 3 characters :
Wrong Input : Fist letter Should be capital and must contains minimum 3 characters :
Wrong Input : Fist letter Should be capital and must contains minimum 3 characters :
Wrong Input : Fist letter Should be capital and must contains minimum 3 characters :
Wrong Input : Fist letter Should be capital and must contains minimum 3 characters :
Wrong Input : Fist letter Should be capital and must contains minimum 3 characters :
Wrong Input : Fist letter Should be capital and must contains minimum 3 characters :
Wrong Input : Fist letter Should be capital and must contains minimum 3 characters :
Wrong Input : Fist letter Should be capital and must contains minimum 3 characters :
Wrong Input : Fist letter Should be capital and must contains minimum 3 characters :
Wrong Input : Fist letter Should be capital and must contains minimum 3 characters :
Wrong Input : Fist letter Should be capital and must contains minimum 3 characters :
Wrong Input : Fist letter Should be capital and must contains minimum 3 characters :
Wrong Input : Fist letter Should be capital and must contains minimum 3 characters :
Wrong Input : Fist letter Should be capital and must contains minimum 3 characters :
Wrong Input : Fist letter Should be capital and must contains minimum 3 characters :
Wrong Input : Fist letter Should be capital and must contains minimum 3 characters :
Wrong Input : Fist letter Should be capital and must contains minimum 3 characters :
Wrong Input : Fist letter Should be capital and must contains minimum 3 characters :
Wrong Input : Fist letter Should be capital and must contains minimum 3 characters :
Wrong Input : Fist letter Should be capital and must contains minimum 3 characters :
Wrong Input : Fist letter Should be capital and must contains minimum 3 characters :
Wrong Input : Fist letter Should be capital and must contains minimum 3 characters :
Wrong Input : Fist letter Should be capital and must contains minimum 3 characters :
Wrong Input : Fist letter Should be capital and must contains minimum 3 characters :
Wrong Input : Fist letter Should be capital and must contains minimum 3 characters :
Wrong Input : Fist letter Should be capital and must contains minimum 3 characters :
Wrong Input : Fist letter Should be capital and must contains minimum 3 characters :
Wrong Input : Fist letter Should be capital and must contains minimum 3 characters :
Wrong Input : Fist letter Should be capital and must contains minimum 3 characters :
Wrong Input : Fist letter Should be capital and must contains minimum 3 characters :
Wrong Input : Fist letter Should be capital and must contains minimum 3 characters :
Wrong Input : Fist letter Should be capital and must contains minimum 3 characters :
Wrong Input : Fist letter Should be capital and must contains minimum 3 characters :
Wrong Input : Fist letter Should be capital and must contains minimum 3 characters :
Wrong Input : Fist letter Should be capital and must contains minimum 3 characters :
Wrong Input : Fist letter Should be capital and must contains minimum 3 characters :
Wrong Input : Fist letter Should be capital and must contains minimum 3 characters :
Wrong Input : Fist letter Should be capital and must contains minimum 3 characters :
Wrong Input : Fist letter Should be capital and must contains minimum 3 characters :
Wrong Input : Fist letter Should be capital and must contains minimum 3 characters :
Wrong Input : Fist letter Should be capital and must contains minimum 3 characters :
Wrong Input : Fist letter Should be capital and must contains minimum 3 characters :
Wrong Input : Fist letter Should be capital and must contains minimum 3 characters :
Wrong Input : Fist letter Should be capital and must contains minimum 3 characters :
Wrong Input : Fist letter Should be capital and must contains minimum 3 characters :
Wrong Input : Fist letter Should be capital and must contains minimum 3 characters :
Wrong Input : Fist letter Should be capital and must contains minimum 3 characters :
Wrong Input : Fist letter Should be capital and must contains minimum 3 characters :
Wrong Input : Fist letter Should be capital and must contains minimum 3 characters :
Wrong Input : Fist letter Should be capital and must contains minimum 3 characters :
Wrong Input : Fist letter Should be capital and must contains minimum 3 characters :
Wrong Input : Fist letter Should be capital and must contains minimum 3 characters :
Wrong Input : Fist letter Should be capital and must contains minimum 3 characters :
Wrong Input : Fist letter Should be capital and must contains minimum 3 characters :
Wrong Input : Fist letter Should be capital and must contains minimum 3 characters :
Wrong Input : Fist letter Should be capital and must contains minimum 3 characters :
Wrong Input : Fist letter Should be capital and must contains minimum 3 characters :
Wrong Input : Fist letter Should be capital and must contains minimum 3 characters :
Wrong Input : Fist letter Should be capital and must contains minimum 3 characters :
Wrong Input : Fist letter Should be capital and must contains minimum 3 characters :
Wrong Input : Fist letter Should be capital and must contains minimum 3 characters :
Wrong Input : Fist letter Should be capital and must contains minimum 3 characters :
Wrong Input : Fist letter Should be capital and must contains minimum 3 characters :
Wrong Input : Fist letter Should be capital and must contains minimum 3 characters :
Wrong Input : Fist letter Should be capital and must contains minimum 3 characters :
Wrong Input : Fist letter Should be capital and must contains minimum 3 characters :
Wrong Input : Fist letter Should be capital and must contains minimum 3 characters :
Wrong Input : Fist letter Should be capital and must contains minimum 3 characters :
Wrong Input : Fist letter Should be capital and must contains minimum 3 characters :
Wrong Input : Fist letter Should be capital and must contains minimum 3 characters :
Wrong Input : Fist letter Should be capital and must contains minimum 3 characters :
Wrong Input : Fist letter Should be capital and must contains minimum 3 characters :
Wrong Input : Fist letter Should be capital and must contains minimum 3 characters :
Wrong Input : Fist letter Should be capital and must contains minimum 3 characters :
Wrong Input : Fist letter Should be capital and must contains minimum 3 characters :
Wrong Input : Fist letter Should be capital and must contains minimum 3 characters :
Wrong Input : Fist letter Should be capital and must contains minimum 3 characters :
Wrong Input : Fist letter Should be capital and must contains minimum 3 characters :
Wrong Input : Fist letter Should be capital and must contains minimum 3 characters :
Wrong Input : Fist letter Should be capital and must contains minimum 3 characters :
Wrong Input : Fist letter Should be capital and must contains minimum 3 characters :
Wrong Input : Fist letter Should be capital and must contains minimum 3 characters :
Wrong Input : Fist letter Should be capital and must contains minimum 3 characters :
Wrong Input : Fist letter Should be capital and must contains minimum 3 characters :
Wrong Input : Fist letter Should be capital and must contains minimum 3 characters :
Wrong Input : Fist letter Should be capital and must contains minimum 3 characters :
Wrong Input : Fist letter Should be capital and must contains minimum 3 characters :
Wrong Input : Fist letter Should be capital and must contains minimum 3 characters :
Wrong Input : Fist letter Should be capital and must contains minimum 3 characters :
Wrong Input : Fist letter Should be capital and must contains minimum 3 characters :
Wrong Input : Fist letter Should be capital and must contains minimum 3 characters :
Wrong Input : Fist letter Should be capital and must contains minimum 3 characters :
Wrong Input : Fist letter Should be capital and must contains minimum 3 characters :
Wrong Input : Fist letter Should be capital and must contains minimum 3 characters :
Wrong Input : Fist letter Should be capital and must contains minimum 3 characters :
Wrong Input : Fist letter Should be capital and must contains minimum 3 characters :
Wrong Input : Fist letter Should be capital and must contains minimum 3 characters :
Wrong Input : Fist letter Should be capital and must contains minimum 3 characters :
Wrong Input : Fist letter Should be capital and must contains minimum 3 characters :
Wrong Input : Fist letter Should be capital and must contains minimum 3 characters :
Wrong Input : Fist letter Should be capital and must contains minimum 3 characters :
Wrong Input : Fist letter Should be capital and must contains minimum 3 characters :
Wrong Input : Fist letter Should be capital and must contains minimum 3 characters :
Wrong Input : Fist letter Should be capital and must contains minimum 3 characters :
Wrong Input : Fist letter Should be capital and must contains minimum 3 characters :
Wrong Input : Fist letter Should be capital and must contains minimum 3 characters :
Wrong Input : Fist letter Should be capital and must contains minimum 3 characters :
Wrong Input : Fist letter Should be capital and must contains minimum 3 characters :
Wrong Input : Fist letter Should be capital and must contains minimum 3 characters :
Wrong Input : Fist letter Should be capital and must contains minimum 3 characters :
Wrong Input : Fist letter Should be capital and must contains minimum 3 characters :
Wrong Input : Fist letter Should be capital and must contains minimum 3 characters :
Wrong Input : Fist letter Should be capital and must contains minimum 3 characters :
Wrong Input : Fist letter Should be capital and must contains minimum 3 characters :
Wrong Input : Fist letter Should be capital and must contains minimum 3 characters :
Wrong Input : Fist letter Should be capital and must contains minimum 3 characters :
Wrong Input : Fist letter Should be capital and must contains minimum 3 characters :
Wrong Input : Fist letter Should be capital and must contains minimum 3 characters :
Wrong Input : Fist letter Should be capital and must contains minimum 3 characters :
Wrong Input : Fist letter Should be capital and must contains minimum 3 characters :
Wrong Input : Fist letter Should be capital and must contains minimum 3 characters :
Wrong Input : Fist letter Should be capital and must contains minimum 3 characters :
Wrong Input : Fist letter Should be capital and must contains minimum 3 characters :
Wrong Input : Fist letter Should be capital and must contains minimum 3 characters :
Wrong Input : Fist letter Should be capital and must contains minimum 3 characters :
Wrong Input : Fist letter Should be capital and must contains minimum 3 characters :
Wrong Input : Fist letter Should be capital and must contains minimum 3 characters :
Wrong Input : Fist letter Should be capital and must contains minimum 3 characters :
Wrong Input : Fist letter Should be capital and must contains minimum 3 characters :
Wrong Input : Fist letter Should be capital and must contains minimum 3 characters :
Wrong Input : Fist letter Should be capital and must contains minimum 3 characters :
Wrong Input : Fist letter Should be capital and must contains minimum 3 characters :
Wrong Input : Fist letter Should be capital and must contains minimum 3 characters :
Wrong Input : Fist letter Should be capital and must contains minimum 3 characters :
Wrong Input : Fist letter Should be capital and must contains minimum 3 characters :
Wrong Input : Fist letter Should be capital and must contains minimum 3 characters :
Wrong Input : Fist letter Should be capital and must contains minimum 3 characters :
Wrong Input : Fist letter Should be capital and must contains minimum 3 characters :
Wrong Input : Fist letter Should be capital and must contains minimum 3 characters :
Wrong Input : Fist letter Should be capital and must contains minimum 3 characters :
Wrong Input : Fist letter Should be capital and must contains minimum 3 characters :
Wrong Input : Fist letter Should be capital and must contains minimum 3 characters :
Wrong Input : Fist letter Should be capital and must contains minimum 3 characters :
Wrong Input : Fist letter Should be capital and must contains minimum 3 characters :
Wrong Input : Fist letter Should be capital and must contains minimum 3 characters :
Wrong Input : Fist letter Should be capital and must contains minimum 3 characters :
Wrong Input : Fist letter Should be capital and must contains minimum 3 characters :
Wrong Input : Fist letter Should be capital and must contains minimum 3 characters :
Wrong Input : Fist letter Should be capital and must contains minimum 3 characters :
Wrong Input : Fist letter Should be capital and must contains minimum 3 characters :
Wrong Input : Fist letter Should be capital and must contains minimum 3 characters :
Wrong Input : Fist letter Should be capital and must contains minimum 3 characters :
Wrong Input : Fist letter Should be capital and must contains minimum 3 characters :
Wrong Input : Fist letter Should be capital and must contains minimum 3 characters :
Wrong Input : Fist letter Should be capital and must contains minimum 3 characters :
Wrong Input : Fist letter Should be capital and must contains minimum 3 characters :
Wrong Input : Fist letter Should be capital and must contains minimum 3 characters :
Wrong Input : Fist letter Should be capital and must contains minimum 3 characters :
Wrong Input : Fist letter Should be capital and must contains minimum 3 characters :
Wrong Input : Fist letter Should be capital and must contains minimum 3 characters :
Wrong Input : Fist letter Should be capital and must contains minimum 3 characters :
Wrong Input : Fist letter Should be capital and must contains minimum 3 characters :
Wrong Input : Fist letter Should be capital and must contains minimum 3 characters :
Wrong Input : Fist letter Should be capital and must contains minimum 3 characters :
Wrong Input : Fist letter Should be capital and must contains minimum 3 characters :
Wrong Input : Fist letter Should be capital and must contains minimum 3 characters :
Wrong Input : Fist letter Should be capital and must contains minimum 3 characters :
Wrong Input : Fist letter Should be capital and must contains minimum 3 characters :
Wrong Input : Fist letter Should be capital and must contains minimum 3 characters :
Wrong Input : Fist letter Should be capital and must contains minimum 3 characters :
Wrong Input : Fist letter Should be capital and must contains minimum 3 characters :
Wrong Input : Fist letter Should be capital and must contains minimum 3 characters :
Wrong Input : Fist letter Should be capital and must contains minimum 3 characters :
Wrong Input : Fist letter Should be capital and must contains minimum 3 characters :
Wrong Input : Fist letter Should be capital and must contains minimum 3 characters :
Wrong Input : Fist letter Should be capital and must contains minimum 3 characters :
Wrong Input : Fist letter Should be capital and must contains minimum 3 characters :
Wrong Input : Fist letter Should be capital and must contains minimum 3 characters :
Wrong Input : Fist letter Should be capital and must contains minimum 3 characters :
Wrong Input : Fist letter Should be capital and must contains minimum 3 characters :
Wrong Input : Fist letter Should be capital and must contains minimum 3 characters :
Wrong Input : Fist letter Should be capital and must contains minimum 3 characters :
Wrong Input : Fist letter Should be capital and must contains minimum 3 characters :
Wrong Input : Fist letter Should be capital and must contains minimum 3 characters :
Wrong Input : Fist letter Should be capital and must contains minimum 3 characters :
Wrong Input : Fist letter Should be capital and must contains minimum 3 characters :
Wrong Input : Fist letter Should be capital and must contains minimum 3 characters :
Wrong Input : Fist letter Should be capital and must contains minimum 3 characters :
Wrong Input : Fist letter Should be capital and must contains minimum 3 characters :
Wrong Input : Fist letter Should be capital and must contains minimum 3 characters :
Wrong Input : Fist letter Should be capital and must contains minimum 3 characters :
Wrong Input : Fist letter Should be capital and must contains minimum 3 characters :
Wrong Input : Fist letter Should be capital and must contains minimum 3 characters :
Wrong Input : Fist letter Should be capital and must contains minimum 3 characters :
Wrong Input : Fist letter Should be capital and must contains minimum 3 characters :
Wrong Input : Fist letter Should be capital and must contains minimum 3 characters :
Wrong Input : Fist letter Should be capital and must contains minimum 3 characters :
Wrong Input : Fist letter Should be capital and must contains minimum 3 characters :
Wrong Input : Fist letter Should be capital and must contains minimum 3 characters :
Wrong Input : Fist letter Should be capital and must contains minimum 3 characters :
Wrong Input : Fist letter Should be capital and must contains minimum 3 characters :
Wrong Input : Fist letter Should be capital and must contains minimum 3 characters :
Wrong Input : Fist letter Should be capital and must contains minimum 3 characters :
Wrong Input : Fist letter Should be capital and must contains minimum 3 characters :
Wrong Input : Fist letter Should be capital and must contains minimum 3 characters :
Wrong Input : Fist letter Should be capital and must contains minimum 3 characters :
Wrong Input : Fist letter Should be capital and must contains minimum 3 characters :
Wrong Input : Fist letter Should be capital and must contains minimum 3 characters :
Wrong Input : Fist letter Should be capital and must contains minimum 3 characters :
Wrong Input : Fist letter Should be capital and must contains minimum 3 characters :
Wrong Input : Fist letter Should be capital and must contains minimum 3 characters :
Wrong Input : Fist letter Should be capital and must contains minimum 3 characters :
Wrong Input : Fist letter Should be capital and must contains minimum 3 characters :
Wrong Input : Fist letter Should be capital and must contains minimum 3 characters :
Wrong Input : Fist letter Should be capital and must contains minimum 3 characters :
Wrong Input : Fist letter Should be capital and must contains minimum 3 characters :
Wrong Input : Fist letter Should be capital and must contains minimum 3 characters :
Wrong Input : Fist letter Should be capital and must contains minimum 3 characters :
Wrong Input : Fist letter Should be capital and must contains minimum 3 characters :
Wrong Input : Fist letter Should be capital and must contains minimum 3 characters :
Wrong Input : Fist letter Should be capital and must contains minimum 3 characters :
Wrong Input : Fist letter Should be capital and must contains minimum 3 characters :
Wrong Input : Fist letter Should be capital and must contains minimum 3 characters :
Wrong Input : Fist letter Should be capital and must contains minimum 3 characters :
Wrong Input : Fist letter Should be capital and must contains minimum 3 characters :
Wrong Input : Fist letter Should be capital and must contains minimum 3 characters :
Wrong Input : Fist letter Should be capital and must contains minimum 3 characters :
Wrong Input : Fist letter Should be capital and must contains minimum 3 characters :
Wrong Input : Fist letter Should be capital and must contains minimum 3 characters :
Wrong Input : Fist letter Should be capital and must contains minimum 3 characters :
Wrong Input : Fist letter Should be capital and must contains minimum 3 characters :
Wrong Input : Fist letter Should be capital and must contains minimum 3 characters :
Wrong Input : Fist letter Should be capital and must contains minimum 3 characters :
Wrong Input : Fist letter Should be capital and must contains minimum 3 characters :
Wrong Input : Fist letter Should be capital and must contains minimum 3 characters :
Wrong Input : Fist letter Should be capital and must contains minimum 3 characters :
Wrong Input : Fist letter Should be capital and must contains minimum 3 characters :
Wrong Input : Fist letter Should be capital and must contains minimum 3 characters :
Wrong Input : Fist letter Should be capital and must contains minimum 3 characters :
Wrong Input : Fist letter Should be capital and must contains minimum 3 characters :
Wrong Input : Fist letter Should be capital and must contains minimum 3 characters :
Wrong Input : Fist letter Should be capital and must contains minimum 3 characters :
Wrong Input : Fist letter Should be capital and must contains minimum 3 characters :
Wrong Input : Fist letter Should be capital and must contains minimum 3 characters :
Wrong Input : Fist letter Should be capital and must contains minimum 3 characters :
Wrong Input : Fist letter Should be capital and must contains minimum 3 characters :
Wrong Input : Fist letter Should be capital and must contains minimum 3 characters :
Wrong Input : Fist letter Should be capital and must contains minimum 3 characters :
Wrong Input : Fist letter Should be capital and must contains minimum 3 characters :
Wrong Input : Fist letter Should be capital and must contains minimum 3 characters :
Wrong Input : Fist letter Should be capital and must contains minimum 3 characters :
Wrong Input : Fist letter Should be capital and must contains minimum 3 characters :
Wrong Input : Fist letter Should be capital and must contains minimum 3 characters :
Wrong Input : Fist letter Should be capital and must contains minimum 3 characters :
Wrong Input : Fist letter Should be capital and must contains minimum 3 characters :
Wrong Input : Fist letter Should be capital and must contains minimum 3 characters :
Wrong Input : Fist letter Should be capital and must contains minimum 3 characters :
Wrong Input : Fist letter Should be capital and must contains minimum 3 characters :
Wrong Input : Fist letter Should be capital and must contains minimum 3 characters :
Wrong Input : Fist letter Should be capital and must contains minimum 3 characters :
Wrong Input : Fist letter Should be capital and must contains minimum 3 characters :
Wrong Input : Fist letter Should be capital and must contains minimum 3 characters :
Wrong Input : Fist letter Should be capital and must contains minimum 3 characters :
Wrong Input : Fist letter Should be capital and must contains minimum 3 characters :
Wrong Input : Fist letter Should be capital and must contains minimum 3 characters :
Wrong Input : Fist letter Should be capital and must contains minimum 3 characters :
Wrong Input : Fist letter Should be capital and must contains minimum 3 characters :
Wrong Input : Fist letter Should be capital and must contains minimum 3 characters :
Wrong Input : Fist letter Should be capital and must contains minimum 3 characters :
Wrong Input : Fist letter Should be capital and must contains minimum 3 characters :
Wrong Input : Fist letter Should be capital and must contains minimum 3 characters :
Wrong Input : Fist letter Should be capital and must contains minimum 3 characters :
Wrong Input : Fist letter Should be capital and must contains minimum 3 characters :
Wrong Input : Fist letter Should be capital and must contains minimum 3 characters :
Wrong Input : Fist letter Should be capital and must contains minimum 3 characters :
Wrong Input : Fist letter Should be capital and must contains minimum 3 characters :
Wrong Input : Fist letter Should be capital and must contains minimum 3 characters :
Wrong Input : Fist letter Should be capital and must contains minimum 3 characters :
Wrong Input : Fist letter Should be capital and must contains minimum 3 characters :
Wrong Input : Fist letter Should be capital and must contains minimum 3 characters :
Wrong Input : Fist letter Should be capital and must contains minimum 3 characters :
Wrong Input : Fist letter Should be capital and must contains minimum 3 characters :
Wrong Input : Fist letter Should be capital and must contains minimum 3 characters :
Wrong Input : Fist letter Should be capital and must contains minimum 3 characters :
Wrong Input : Fist letter Should be capital and must contains minimum 3 characters :
Wrong Input : Fist letter Should be capital and must contains minimum 3 characters :
Wrong Input : Fist letter Should be capital and must contains minimum 3 characters :
Wrong Input : Fist letter Should be capital and must contains minimum 3 characters :
Wrong Input : Fist letter Should be capital and must contains minimum 3 characters :
Wrong Input : Fist letter Should be capital and must contains minimum 3 characters :
Wrong Input : Fist letter Should be capital and must contains minimum 3 characters :
Wrong Input : Fist letter Should be capital and must contains minimum 3 characters :
Wrong Input : Fist letter Should be capital and must contains minimum 3 characters :
Wrong Input : Fist letter Should be capital and must contains minimum 3 characters :
Wrong Input : Fist letter Should be capital and must contains minimum 3 characters :
Wrong Input : Fist letter Should be capital and must contains minimum 3 characters :
Wrong Input : Fist letter Should be capital and must contains minimum 3 characters :
Wrong Input : Fist letter Should be capital and must contains minimum 3 characters :
Wrong Input : Fist letter Should be capital and must contains minimum 3 characters :
Wrong Input : Fist letter Should be capital and must contains minimum 3 characters :
Wrong Input : Fist letter Should be capital and must contains minimum 3 characters :
Wrong Input : Fist letter Should be capital and must contains minimum 3 characters :
Wrong Input : Fist letter Should be capital and must contains minimum 3 characters :
Wrong Input : Fist letter Should be capital and must contains minimum 3 characters :
Wrong Input : Fist letter Should be capital and must contains minimum 3 characters :
Wrong Input : Fist letter Should be capital and must contains minimum 3 characters :
Wrong Input : Fist letter Should be capital and must contains minimum 3 characters :
Wrong Input : Fist letter Should be capital and must contains minimum 3 characters :
Wrong Input : Fist letter Should be capital and must contains minimum 3 characters :
Wrong Input : Fist letter Should be capital and must contains minimum 3 characters :
Wrong Input : Fist letter Should be capital and must contains minimum 3 characters :
Wrong Input : Fist letter Should be capital and must contains minimum 3 characters :
Wrong Input : Fist letter Should be capital and must contains minimum 3 characters :
Wrong Input : Fist letter Should be capital and must contains minimum 3 characters :
Wrong Input : Fist letter Should be capital and must contains minimum 3 characters :
Wrong Input : Fist letter Should be capital and must contains minimum 3 characters :
Wrong Input : Fist letter Should be capital and must contains minimum 3 characters :
Wrong Input : Fist letter Should be capital and must contains minimum 3 characters :
Wrong Input : Fist letter Should be capital and must contains minimum 3 characters :
Wrong Input : Fist letter Should be capital and must contains minimum 3 characters :
Wrong Input : Fist letter Should be capital and must contains minimum 3 characters :
Wrong Input : Fist letter Should be capital and must contains minimum 3 characters :
Wrong Input : Fist letter Should be capital and must contains minimum 3 characters :
Wrong Input : Fist letter Should be capital and must contains minimum 3 characters :
Wrong Input : Fist letter Should be capital and must contains minimum 3 characters :
Wrong Input : Fist letter Should be capital and must contains minimum 3 characters :
Wrong Input : Fist letter Should be capital and must contains minimum 3 characters :
Wrong Input : Fist letter Should be capital and must contains minimum 3 characters :
Wrong Input : Fist letter Should be capital and must contains minimum 3 characters :
Wrong Input : Fist letter Should be capital and must contains minimum 3 characters :
Wrong Input : Fist letter Should be capital and must contains minimum 3 characters :
Wrong Input : Fist letter Should be capital and must contains minimum 3 characters :
Wrong Input : Fist letter Should be capital and must contains minimum 3 characters :
Wrong Input : Fist letter Should be capital and must contains minimum 3 characters :
Wrong Input : Fist letter Should be capital and must contains minimum 3 characters :
Wrong Input : Fist letter Should be capital and must contains minimum 3 characters :
Wrong Input : Fist letter Should be capital and must contains minimum 3 characters :
Wrong Input : Fist letter Should be capital and must contains minimum 3 characters :
Wrong Input : Fist letter Should be capital and must contains minimum 3 characters :
Wrong Input : Fist letter Should be capital and must contains minimum 3 characters :
Wrong Input : Fist letter Should be capital and must contains minimum 3 characters :
Wrong Input : Fist letter Should be capital and must contains minimum 3 characters :
Wrong Input : Fist letter Should be capital and must contains minimum 3 characters :
Wrong Input : Fist letter Should be capital and must contains minimum 3 characters :
Wrong Input : Fist letter Should be capital and must contains minimum 3 characters :
Wrong Input : Fist letter Should be capital and must contains minimum 3 characters :
Wrong Input : Fist letter Should be capital and must contains minimum 3 characters :
Wrong Input : Fist letter Should be capital and must contains minimum 3 characters :
Wrong Input : Fist letter Should be capital and must contains minimum 3 characters :
Wrong Input : Fist letter Should be capital and must contains minimum 3 characters :
Wrong Input : Fist letter Should be capital and must contains minimum 3 characters :
Wrong Input : Fist letter Should be capital and must contains minimum 3 characters :
Wrong Input : Fist letter Should be capital and must contains minimum 3 characters :
Wrong Input : Fist letter Should be capital and must contains minimum 3 characters :
Wrong Input : Fist letter Should be capital and must contains minimum 3 characters :
Wrong Input : Fist letter Should be capital and must contains minimum 3 characters :
Wrong Input : Fist letter Should be capital and must contains minimum 3 characters :
Wrong Input : Fist letter Should be capital and must contains minimum 3 characters :
Wrong Input : Fist letter Should be capital and must contains minimum 3 characters :
Wrong Input : Fist letter Should be capital and must contains minimum 3 characters :
Wrong Input : Fist letter Should be capital and must contains minimum 3 characters :
Wrong Input : Fist letter Should be capital and must contains minimum 3 characters :
Wrong Input : Fist letter Should be capital and must contains minimum 3 characters :
Wrong Input : Fist letter Should be capital and must contains minimum 3 characters :
Wrong Input : Fist letter Should be capital and must contains minimum 3 characters :
Wrong Input : Fist letter Should be capital and must contains minimum 3 characters :
Wrong Input : Fist letter Should be capital and must contains minimum 3 characters :
Wrong Input : Fist letter Should be capital and must contains minimum 3 characters :
Wrong Input : Fist letter Should be capital and must contains minimum 3 characters :
Wrong Input : Fist letter Should be capital and must contains minimum 3 characters :
Wrong Input : Fist letter Should be capital and must contains minimum 3 characters :
Wrong Input : Fist letter Should be capital and must contains minimum 3 characters :
Wrong Input : Fist letter Should be capital and must contains minimum 3 characters :
Wrong Input : Fist letter Should be capital and must contains minimum 3 characters :
Wrong Input : Fist letter Should be capital and must contains minimum 3 characters :
Wrong Input : Fist letter Should be capital and must contains minimum 3 characters :
Wrong Input : Fist letter Should be capital and must contains minimum 3 characters :
Wrong Input : Fist letter Should be capital and must contains minimum 3 characters :
Wrong Input : Fist letter Should be capital and must contains minimum 3 characters :
Wrong Input : Fist letter Should be capital and must contains minimum 3 characters :
Wrong Input : Fist letter Should be capital and must contains minimum 3 characters :
Wrong Input : Fist letter Should be capital and must contains minimum 3 characters :
Wrong Input : Fist letter Should be capital and must contains minimum 3 characters :
Wrong Input : Fist letter Should be capital and must contains minimum 3 characters :
Wrong Input : Fist letter Should be capital and must contains minimum 3 characters :
Wrong Input : Fist letter Should be capital and must contains minimum 3 characters :
Wrong Input : Fist letter Should be capital and must contains minimum 3 characters :
Wrong Input : Fist letter Should be capital and must contains minimum 3 characters :
Wrong Input : Fist letter Should be capital and must contains minimum 3 characters :
Wrong Input : Fist letter Should be capital and must contains minimum 3 characters :
Wrong Input : Fist letter Should be capital and must contains minimum 3 characters :
Wrong Input : Fist letter Should be capital and must contains minimum 3 characters :
Wrong Input : Fist letter Should be capital and must contains minimum 3 characters :
Wrong Input : Fist letter Should be capital and must contains minimum 3 characters :
Wrong Input : Fist letter Should be capital and must contains minimum 3 characters :
Wrong Input : Fist letter Should be capital and must contains minimum 3 characters :
Wrong Input : Fist letter Should be capital and must contains minimum 3 characters :
Wrong Input : Fist letter Should be capital and must contains minimum 3 characters :
Wrong Input : Fist letter Should be capital and must contains minimum 3 characters :
Wrong Input : Fist letter Should be capital and must contains minimum 3 characters :
Wrong Input : Fist letter Should be capital and must contains minimum 3 characters :
Wrong Input : Fist letter Should be capital and must contains minimum 3 characters :
Wrong Input : Fist letter Should be capital and must contains minimum 3 characters :
Wrong Input : Fist letter Should be capital and must contains minimum 3 characters :
Wrong Input : Fist letter Should be capital and must contains minimum 3 characters :
Wrong Input : Fist letter Should be capital and must contains minimum 3 characters :
Wrong Input : Fist letter Should be capital and must contains minimum 3 characters :
Wrong Input : Fist letter Should be capital and must contains minimum 3 characters :
Wrong Input : Fist letter Should be capital and must contains minimum 3 characters :
Wrong Input : Fist letter Should be capital and must contains minimum 3 characters :
Wrong Input : Fist letter Should be capital and must contains minimum 3 characters :
Wrong Input : Fist letter Should be capital and must contains minimum 3 characters :
Wrong Input : Fist letter Should be capital and must contains minimum 3 characters :
Wrong Input : Fist letter Should be capital and must contains minimum 3 characters :
Wrong Input : Fist letter Should be capital and must contains minimum 3 characters :
Wrong Input : Fist letter Should be capital and must contains minimum 3 characters :
Wrong Input : Fist letter Should be capital and must contains minimum 3 characters :
Wrong Input : Fist letter Should be capital and must contains minimum 3 characters :
Wrong Input : Fist letter Should be capital and must contains minimum 3 characters :
Wrong Input : Fist letter Should be capital and must contains minimum 3 characters :
Wrong Input : Fist letter Should be capital and must contains minimum 3 characters :
Wrong Input : Fist letter Should be capital and must contains minimum 3 characters :
Wrong Input : Fist letter Should be capital and must contains minimum 3 characters :
Wrong Input : Fist letter Should be capital and must contains minimum 3 characters :
Wrong Input : Fist letter Should be capital and must contains minimum 3 characters :
Wrong Input : Fist letter Should be capital and must contains minimum 3 characters :
Wrong Input : Fist letter Should be capital and must contains minimum 3 characters :
Wrong Input : Fist letter Should be capital and must contains minimum 3 characters :
Wrong Input : Fist letter Should be capital and must contains minimum 3 characters :
Wrong Input : Fist letter Should be capital and must contains minimum 3 characters :
Wrong Input : Fist letter Should be capital and must contains minimum 3 characters :
Wrong Input : Fist letter Should be capital and must contains minimum 3 characters :
Wrong Input : Fist letter Should be capital and must contains minimum 3 characters :
Wrong Input : Fist letter Should be capital and must contains minimum 3 characters :
Wrong Input : Fist letter Should be capital and must contains minimum 3 characters :
Wrong Input : Fist letter Should be capital and must contains minimum 3 characters :
Wrong Input : Fist letter Should be capital and must contains minimum 3 characters :
Wrong Input : Fist letter Should be capital and must contains minimum 3 characters :
Wrong Input : Fist letter Should be capital and must contains minimum 3 characters :
Wrong Input : Fist letter Should be capital and must contains minimum 3 characters :
Wrong Input : Fist letter Should be capital and must contains minimum 3 characters :
Wrong Input : Fist letter Should be capital and must contains minimum 3 characters :
Wrong Input : Fist letter Should be capital and must contains minimum 3 characters :
Wrong Input : Fist letter Should be capital and must contains minimum 3 characters :
Wrong Input : Fist letter Should be capital and must contains minimum 3 characters :
Wrong Input : Fist letter Should be capital and must contains minimum 3 characters :
Wrong Input : Fist letter Should be capital and must contains minimum 3 characters :
Wrong Input : Fist letter Should be capital and must contains minimum 3 characters :
Wrong Input : Fist letter Should be capital and must contains minimum 3 characters :
Wrong Input : Fist letter Should be capital and must contains minimum 3 characters :
Wrong Input : Fist letter Should be capital and must contains minimum 3 characters :
Wrong Input : Fist letter Should be capital and must contains minimum 3 characters :
Wrong Input : Fist letter Should be capital and must contains minimum 3 characters :
Wrong Input : Fist letter Should be capital and must contains minimum 3 characters :
Wrong Input : Fist letter Should be capital and must contains minimum 3 characters :
Wrong Input : Fist letter Should be capital and must contains minimum 3 characters :
Wrong Input : Fist letter Should be capital and must contains minimum 3 characters :
Wrong Input : Fist letter Should be capital and must contains minimum 3 characters :
Wrong Input : Fist letter Should be capital and must contains minimum 3 characters :
Wrong Input : Fist letter Should be capital and must contains minimum 3 characters :
Wrong Input : Fist letter Should be capital and must contains minimum 3 characters :
Wrong Input : Fist letter Should be capital and must contains minimum 3 characters :
Wrong Input : Fist letter Should be capital and must contains minimum 3 characters :
Wrong Input : Fist letter Should be capital and must contains minimum 3 characters :
Wrong Input : Fist letter Should be capital and must contains minimum 3 characters :
Wrong Input : Fist letter Should be capital and must contains minimum 3 characters :
Wrong Input : Fist letter Should be capital and must contains minimum 3 characters :
Wrong Input : Fist letter Should be capital and must contains minimum 3 characters :
Wrong Input : Fist letter Should be capital and must contains minimum 3 characters :
Wrong Input : Fist letter Should be capital and must contains minimum 3 characters :
Wrong Input : Fist letter Should be capital and must contains minimum 3 characters :
Wrong Input : Fist letter Should be capital and must contains minimum 3 characters :
Wrong Input : Fist letter Should be capital and must contains minimum 3 characters :
Wrong Input : Fist letter Should be capital and must contains minimum 3 characters :
Wrong Input : Fist letter Should be capital and must contains minimum 3 characters :
Wrong Input : Fist letter Should be capital and must contains minimum 3 characters :
Wrong Input : Fist letter Should be capital and must contains minimum 3 characters :
Wrong Input : Fist letter Should be capital and must contains minimum 3 characters :
Wrong Input : Fist letter Should be capital and must contains minimum 3 characters :
Wrong Input : Fist letter Should be capital and must contains minimum 3 characters :
Wrong Input : Fist letter Should be capital and must contains minimum 3 characters :
Wrong Input : Fist letter Should be capital and must contains minimum 3 characters :
Wrong Input : Fist letter Should be capital and must contains minimum 3 characters :
Wrong Input : Fist letter Should be capital and must contains minimum 3 characters :
Wrong Input : Fist letter Should be capital and must contains minimum 3 characters :
Wrong Input : Fist letter Should be capital and must contains minimum 3 characters :
Wrong Input : Fist letter Should be capital and must contains minimum 3 characters :
Wrong Input : Fist letter Should be capital and must contains minimum 3 characters :
Wrong Input : Fist letter Should be capital and must contains minimum 3 characters :
Wrong Input : Fist letter Should be capital and must contains minimum 3 characters :
Wrong Input : Fist letter Should be capital and must contains minimum 3 characters :
Wrong Input : Fist letter Should be capital and must contains minimum 3 characters :
Wrong Input : Fist letter Should be capital and must contains minimum 3 characters :
Wrong Input : Fist letter Should be capital and must contains minimum 3 characters :
Wrong Input : Fist letter Should be capital and must contains minimum 3 characters :
Wrong Input : Fist letter Should be capital and must contains minimum 3 characters :
Wrong Input : Fist letter Should be capital and must contains minimum 3 characters :
Wrong Input : Fist letter Should be capital and must contains minimum 3 characters :
Wrong Input : Fist letter Should be capital and must contains minimum 3 characters :
Wrong Input : Fist letter Should be capital and must contains minimum 3 characters :
Wrong Input : Fist letter Should be capital and must contains minimum 3 characters :
Wrong Input : Fist letter Should be capital and must contains minimum 3 characters :
Wrong Input : Fist letter Should be capital and must contains minimum 3 characters :
Wrong Input : Fist letter Should be capital and must contains minimum 3 characters :
Wrong Input : Fist letter Should be capital and must contains minimum 3 characters :
Wrong Input : Fist letter Should be capital and must contains minimum 3 characters :
Wrong Input : Fist letter Should be capital and must contains minimum 3 characters :
Wrong Input : Fist letter Should be capital and must contains minimum 3 characters :
Wrong Input : Fist letter Should be capital and must contains minimum 3 characters :
Wrong Input : Fist letter Should be capital and must contains minimum 3 characters :
Wrong Input : Fist letter Should be capital and must contains minimum 3 characters :
Wrong Input : Fist letter Should be capital and must contains minimum 3 characters :
Wrong Input : Fist letter Should be capital and must contains minimum 3 characters :
Wrong Input : Fist letter Should be capital and must contains minimum 3 characters :
Wrong Input : Fist letter Should be capital and must contains minimum 3 characters :
Wrong Input : Fist letter Should be capital and must contains minimum 3 characters :
Wrong Input : Fist letter Should be capital and must contains minimum 3 characters :
Wrong Input : Fist letter Should be capital and must contains minimum 3 characters :
Wrong Input : Fist letter Should be capital and must contains minimum 3 characters :
Wrong Input : Fist letter Should be capital and must contains minimum 3 characters :
Wrong Input : Fist letter Should be capital and must contains minimum 3 characters :
Wrong Input : Fist letter Should be capital and must contains minimum 3 characters :
Wrong Input : Fist letter Should be capital and must contains minimum 3 characters :
Wrong Input : Fist letter Should be capital and must contains minimum 3 characters :
Wrong Input : Fist letter Should be capital and must contains minimum 3 characters :
Wrong Input : Fist letter Should be capital and must contains minimum 3 characters :
Wrong Input : Fist letter Should be capital and must contains minimum 3 characters :
Wrong Input : Fist letter Should be capital and must contains minimum 3 characters :
Wrong Input : Fist letter Should be capital and must contains minimum 3 characters :
Wrong Input : Fist letter Should be capital and must contains minimum 3 characters :
Wrong Input : Fist letter Should be capital and must contains minimum 3 characters :
Wrong Input : Fist letter Should be capital and must contains minimum 3 characters :
Wrong Input : Fist letter Should be capital and must contains minimum 3 characters :
Wrong Input : Fist letter Should be capital and must contains minimum 3 characters :
Wrong Input : Fist letter Should be capital and must contains minimum 3 characters :
Wrong Input : Fist letter Should be capital and must contains minimum 3 characters :
Wrong Input : Fist letter Should be capital and must contains minimum 3 characters :
Wrong Input : Fist letter Should be capital and must contains minimum 3 characters :
Wrong Input : Fist letter Should be capital and must contains minimum 3 characters :
Wrong Input : Fist letter Should be capital and must contains minimum 3 characters :
Wrong Input : Fist letter Should be capital and must contains minimum 3 characters :
Wrong Input : Fist letter Should be capital and must contains minimum 3 characters :
Wrong Input : Fist letter Should be capital and must contains minimum 3 characters :
Wrong Input : Fist letter Should be capital and must contains minimum 3 characters :
Wrong Input : Fist letter Should be capital and must contains minimum 3 characters :
Wrong Input : Fist letter Should be capital and must contains minimum 3 characters :
Wrong Input : Fist letter Should be capital and must contains minimum 3 characters :
Wrong Input : Fist letter Should be capital and must contains minimum 3 characters :
Wrong Input : Fist letter Should be capital and must contains minimum 3 characters :
Wrong Input : Fist letter Should be capital and must contains minimum 3 characters :
Wrong Input : Fist letter Should be capital and must contains minimum 3 characters :
Wrong Input : Fist letter Should be capital and must contains minimum 3 characters :
Wrong Input : Fist letter Should be capital and must contains minimum 3 characters :
Wrong Input : Fist letter Should be capital and must contains minimum 3 characters :
Wrong Input : Fist letter Should be capital and must contains minimum 3 characters :
Wrong Input : Fist letter Should be capital and must contains minimum 3 characters :
Wrong Input : Fist letter Should be capital and must contains minimum 3 characters :
Wrong Input : Fist letter Should be capital and must contains minimum 3 characters :
Wrong Input : Fist letter Should be capital and must contains minimum 3 characters :
Wrong Input : Fist letter Should be capital and must contains minimum 3 characters :
Wrong Input : Fist letter Should be capital and must contains minimum 3 characters :
Wrong Input : Fist letter Should be capital and must contains minimum 3 characters :
Wrong Input : Fist letter Should be capital and must contains minimum 3 characters :
Wrong Input : Fist letter Should be capital and must contains minimum 3 characters :
Wrong Input : Fist letter Should be capital and must contains minimum 3 characters :
Wrong Input : Fist letter Should be capital and must contains minimum 3 characters :
Wrong Input : Fist letter Should be capital and must contains minimum 3 characters :
Wrong Input : Fist letter Should be capital and must contains minimum 3 characters :
Wrong Input : Fist letter Should be capital and must contains minimum 3 characters :
Wrong Input : Fist letter Should be capital and must contains minimum 3 characters :
Wrong Input : Fist letter Should be capital and must contains minimum 3 characters :
Wrong Input : Fist letter Should be capital and must contains minimum 3 characters :
Wrong Input : Fist letter Should be capital and must contains minimum 3 characters :
Wrong Input : Fist letter Should be capital and must contains minimum 3 characters :
Wrong Input : Fist letter Should be capital and must contains minimum 3 characters :
Wrong Input : Fist letter Should be capital and must contains minimum 3 characters :
Wrong Input : Fist letter Should be capital and must contains minimum 3 characters :
Wrong Input : Fist letter Should be capital and must contains minimum 3 characters :
Wrong Input : Fist letter Should be capital and must contains minimum 3 characters :
Wrong Input : Fist letter Should be capital and must contains minimum 3 characters :
Wrong Input : Fist letter Should be capital and must contains minimum 3 characters :
Wrong Input : Fist letter Should be capital and must contains minimum 3 characters :
Wrong Input : Fist letter Should be capital and must contains minimum 3 characters :
Wrong Input : Fist letter Should be capital and must contains minimum 3 characters :
Wrong Input : Fist letter Should be capital and must contains minimum 3 characters :
Wrong Input : Fist letter Should be capital and must contains minimum 3 characters :
Wrong Input : Fist letter Should be capital and must contains minimum 3 characters :
Wrong Input : Fist letter Should be capital and must contains minimum 3 characters :
Wrong Input : Fist letter Should be capital and must contains minimum 3 characters :
Wrong Input : Fist letter Should be capital and must contains minimum 3 characters :
Wrong Input : Fist letter Should be capital and must contains minimum 3 characters :
Wrong Input : Fist letter Should be capital and must contains minimum 3 characters :
Wrong Input : Fist letter Should be capital and must contains minimum 3 characters :
Wrong Input : Fist letter Should be capital and must contains minimum 3 characters :
Wrong Input : Fist letter Should be capital and must contains minimum 3 characters :
Wrong Input : Fist letter Should be capital and must contains minimum 3 characters :
Wrong Input : Fist letter Should be capital and must contains minimum 3 characters :
Wrong Input : Fist letter Should be capital and must contains minimum 3 characters :
Wrong Input : Fist letter Should be capital and must contains minimum 3 characters :
Wrong Input : Fist letter Should be capital and must contains minimum 3 characters :
Wrong Input : Fist letter Should be capital and must contains minimum 3 characters :
Wrong Input : Fist letter Should be capital and must contains minimum 3 characters :
Wrong Input : Fist letter Should be capital and must contains minimum 3 characters :
Wrong Input : Fist letter Should be capital and must contains minimum 3 characters :
Wrong Input : Fist letter Should be capital and must contains minimum 3 characters :
Wrong Input : Fist letter Should be capital and must contains minimum 3 characters :
Wrong Input : Fist letter Should be capital and must contains minimum 3 characters :
Wrong Input : Fist letter Should be capital and must contains minimum 3 characters :
Wrong Input : Fist letter Should be capital and must contains minimum 3 characters :
Wrong Input : Fist letter Should be capital and must contains minimum 3 characters :
Wrong Input : Fist letter Should be capital and must contains minimum 3 characters :
Wrong Input : Fist letter Should be capital and must contains minimum 3 characters :
Wrong Input : Fist letter Should be capital and must contains minimum 3 characters :
Wrong Input : Fist letter Should be capital and must contains minimum 3 characters :
Wrong Input : Fist letter Should be capital and must contains minimum 3 characters :
Wrong Input : Fist letter Should be capital and must contains minimum 3 characters :
Wrong Input : Fist letter Should be capital and must contains minimum 3 characters :
Wrong Input : Fist letter Should be capital and must contains minimum 3 characters :
Wrong Input : Fist letter Should be capital and must contains minimum 3 characters :
Wrong Input : Fist letter Should be capital and must contains minimum 3 characters :
Wrong Input : Fist letter Should be capital and must contains minimum 3 characters :
Wrong Input : Fist letter Should be capital and must contains minimum 3 characters :
Wrong Input : Fist letter Should be capital and must contains minimum 3 characters :
Wrong Input : Fist letter Should be capital and must contains minimum 3 characters :
Wrong Input : Fist letter Should be capital and must contains minimum 3 characters :
Wrong Input : Fist letter Should be capital and must contains minimum 3 characters :
Wrong Input : Fist letter Should be capital and must contains minimum 3 characters :
Wrong Input : Fist letter Should be capital and must contains minimum 3 characters :
Wrong Input : Fist letter Should be capital and must contains minimum 3 characters :
Wrong Input : Fist letter Should be capital and must contains minimum 3 characters :
Wrong Input : Fist letter Should be capital and must contains minimum 3 characters :
Wrong Input : Fist letter Should be capital and must contains minimum 3 characters :
Wrong Input : Fist letter Should be capital and must contains minimum 3 characters :
Wrong Input : Fist letter Should be capital and must contains minimum 3 characters :
Wrong Input : Fist letter Should be capital and must contains minimum 3 characters :
Wrong Input : Fist letter Should be capital and must contains minimum 3 characters :
Wrong Input : Fist letter Should be capital and must contains minimum 3 characters :
Wrong Input : Fist letter Should be capital and must contains minimum 3 characters :
Wrong Input : Fist letter Should be capital and must contains minimum 3 characters :
Wrong Input : Fist letter Should be capital and must contains minimum 3 characters :
Wrong Input : Fist letter Should be capital and must contains minimum 3 characters :
Wrong Input : Fist letter Should be capital and must contains minimum 3 characters :
Wrong Input : Fist letter Should be capital and must contains minimum 3 characters :
Wrong Input : Fist letter Should be capital and must contains minimum 3 characters :
Wrong Input : Fist letter Should be capital and must contains minimum 3 characters :
Wrong Input : Fist letter Should be capital and must contains minimum 3 characters :
Wrong Input : Fist letter Should be capital and must contains minimum 3 characters :
Wrong Input : Fist letter Should be capital and must contains minimum 3 characters :
Wrong Input : Fist letter Should be capital and must contains minimum 3 characters :
Wrong Input : Fist letter Should be capital and must contains minimum 3 characters :
Wrong Input : Fist letter Should be capital and must contains minimum 3 characters :
Wrong Input : Fist letter Should be capital and must contains minimum 3 characters :
Wrong Input : Fist letter Should be capital and must contains minimum 3 characters :
Wrong Input : Fist letter Should be capital and must contains minimum 3 characters :
Wrong Input : Fist letter Should be capital and must contains minimum 3 characters :
Wrong Input : Fist letter Should be capital and must contains minimum 3 characters :
Wrong Input : Fist letter Should be capital and must contains minimum 3 characters :
Wrong Input : Fist letter Should be capital and must contains minimum 3 characters :
Wrong Input : Fist letter Should be capital and must contains minimum 3 characters :
Wrong Input : Fist letter Should be capital and must contains minimum 3 characters :
Wrong Input : Fist letter Should be capital and must contains minimum 3 characters :
Wrong Input : Fist letter Should be capital and must contains minimum 3 characters :
Wrong Input : Fist letter Should be capital and must contains minimum 3 characters :
Wrong Input : Fist letter Should be capital and must contains minimum 3 characters :
Wrong Input : Fist letter Should be capital and must contains minimum 3 characters :
Wrong Input : Fist letter Should be capital and must contains minimum 3 characters :
Wrong Input : Fist letter Should be capital and must contains minimum 3 characters :
Wrong Input : Fist letter Should be capital and must contains minimum 3 characters :
Wrong Input : Fist letter Should be capital and must contains minimum 3 characters :
Wrong Input : Fist letter Should be capital and must contains minimum 3 characters :
Wrong Input : Fist letter Should be capital and must contains minimum 3 characters :
Wrong Input : Fist letter Should be capital and must contains minimum 3 characters :
Wrong Input : Fist letter Should be capital and must contains minimum 3 characters :
Wrong Input : Fist letter Should be capital and must contains minimum 3 characters :
Wrong Input : Fist letter Should be capital and must contains minimum 3 characters :
Wrong Input : Fist letter Should be capital and must contains minimum 3 characters :
Wrong Input : Fist letter Should be capital and must contains minimum 3 characters :
Wrong Input : Fist letter Should be capital and must contains minimum 3 characters :
Wrong Input : Fist letter Should be capital and must contains minimum 3 characters :
Wrong Input : Fist letter Should be capital and must contains minimum 3 characters :
Wrong Input : Fist letter Should be capital and must contains minimum 3 characters :
Wrong Input : Fist letter Should be capital and must contains minimum 3 characters :
Wrong Input : Fist letter Should be capital and must contains minimum 3 characters :
Wrong Input : Fist letter Should be capital and must contains minimum 3 characters :
Wrong Input : Fist letter Should be capital and must contains minimum 3 characters :
Wrong Input : Fist letter Should be capital and must contains minimum 3 characters :
Wrong Input : Fist letter Should be capital and must contains minimum 3 characters :
Wrong Input : Fist letter Should be capital and must contains minimum 3 characters :
Wrong Input : Fist letter Should be capital and must contains minimum 3 characters :
Wrong Input : Fist letter Should be capital and must contains minimum 3 characters :
Wrong Input : Fist letter Should be capital and must contains minimum 3 characters :
Wrong Input : Fist letter Should be capital and must contains minimum 3 characters :
Wrong Input : Fist letter Should be capital and must contains minimum 3 characters :
Wrong Input : Fist letter Should be capital and must contains minimum 3 characters :
Wrong Input : Fist letter Should be capital and must contains minimum 3 characters :
Wrong Input : Fist letter Should be capital and must contains minimum 3 characters :
Wrong Input : Fist letter Should be capital and must contains minimum 3 characters :
Wrong Input : Fist letter Should be capital and must contains minimum 3 characters :
Wrong Input : Fist letter Should be capital and must contains minimum 3 characters :
Wrong Input : Fist letter Should be capital and must contains minimum 3 characters :
Wrong Input : Fist letter Should be capital and must contains minimum 3 characters :
Wrong Input : Fist letter Should be capital and must contains minimum 3 characters :
Wrong Input : Fist letter Should be capital and must contains minimum 3 characters :
Wrong Input : Fist letter Should be capital and must contains minimum 3 characters :
Wrong Input : Fist letter Should be capital and must contains minimum 3 characters :
Wrong Input : Fist letter Should be capital and must contains minimum 3 characters :
Wrong Input : Fist letter Should be capital and must contains minimum 3 characters :
Wrong Input : Fist letter Should be capital and must contains minimum 3 characters :
Wrong Input : Fist letter Should be capital and must contains minimum 3 characters :
Wrong Input : Fist letter Should be capital and must contains minimum 3 characters :
Wrong Input : Fist letter Should be capital and must contains minimum 3 characters :
Wrong Input : Fist letter Should be capital and must contains minimum 3 characters :
Wrong Input : Fist letter Should be capital and must contains minimum 3 characters :
Wrong Input : Fist letter Should be capital and must contains minimum 3 characters :
Wrong Input : Fist letter Should be capital and must contains minimum 3 characters :
Wrong Input : Fist letter Should be capital and must contains minimum 3 characters :
Wrong Input : Fist letter Should be capital and must contains minimum 3 characters :
Wrong Input : Fist letter Should be capital and must contains minimum 3 characters :
Wrong Input : Fist letter Should be capital and must contains minimum 3 characters :
Wrong Input : Fist letter Should be capital and must contains minimum 3 characters :
Wrong Input : Fist letter Should be capital and must contains minimum 3 characters :
Wrong Input : Fist letter Should be capital and must contains minimum 3 characters :
Wrong Input : Fist letter Should be capital and must contains minimum 3 characters :
Wrong Input : Fist letter Should be capital and must contains minimum 3 characters :
Wrong Input : Fist letter Should be capital and must contains minimum 3 characters :
Wrong Input : Fist letter Should be capital and must contains minimum 3 characters :
Wrong Input : Fist letter Should be capital and must contains minimum 3 characters :
Wrong Input : Fist letter Should be capital and must contains minimum 3 characters :
Wrong Input : Fist letter Should be capital and must contains minimum 3 characters :
Wrong Input : Fist letter Should be capital and must contains minimum 3 characters :
Wrong Input : Fist letter Should be capital and must contains minimum 3 characters :
Wrong Input : Fist letter Should be capital and must contains minimum 3 characters :
Wrong Input : Fist letter Should be capital and must contains minimum 3 characters :
Wrong Input : Fist letter Should be capital and must contains minimum 3 characters :
Wrong Input : Fist letter Should be capital and must contains minimum 3 characters :
Wrong Input : Fist letter Should be capital and must contains minimum 3 characters :
Wrong Input : Fist letter Should be capital and must contains minimum 3 characters :
Wrong Input : Fist letter Should be capital and must contains minimum 3 characters :
Wrong Input : Fist letter Should be capital and must contains minimum 3 characters :
Wrong Input : Fist letter Should be capital and must contains minimum 3 characters :
Wrong Input : Fist letter Should be capital and must contains minimum 3 characters :
Wrong Input : Fist letter Should be capital and must contains minimum 3 characters :
Wrong Input : Fist letter Should be capital and must contains minimum 3 characters :
Wrong Input : Fist letter Should be capital and must contains minimum 3 characters :
Wrong Input : Fist letter Should be capital and must contains minimum 3 characters :
Wrong Input : Fist letter Should be capital and must contains minimum 3 characters :
Wrong Input : Fist letter Should be capital and must contains minimum 3 characters :
Wrong Input : Fist letter Should be capital and must contains minimum 3 characters :
Wrong Input : Fist letter Should be capital and must contains minimum 3 characters :
Wrong Input : Fist letter Should be capital and must contains minimum 3 characters :
Wrong Input : Fist letter Should be capital and must contains minimum 3 characters :
Wrong Input : Fist letter Should be capital and must contains minimum 3 characters :
Wrong Input : Fist letter Should be capital and must contains minimum 3 characters :
Wrong Input : Fist letter Should be capital and must contains minimum 3 characters :
Wrong Input : Fist letter Should be capital and must contains minimum 3 characters :
Wrong Input : Fist letter Should be capital and must contains minimum 3 characters :
Wrong Input : Fist letter Should be capital and must contains minimum 3 characters :
Wrong Input : Fist letter Should be capital and must contains minimum 3 characters :
Wrong Input : Fist letter Should be capital and must contains minimum 3 characters :
Wrong Input : Fist letter Should be capital and must contains minimum 3 characters :
Wrong Input : Fist letter Should be capital and must contains minimum 3 characters :
Wrong Input : Fist letter Should be capital and must contains minimum 3 characters :
Wrong Input : Fist letter Should be capital and must contains minimum 3 characters :
Wrong Input : Fist letter Should be capital and must contains minimum 3 characters :
Wrong Input : Fist letter Should be capital and must contains minimum 3 characters :
Wrong Input : Fist letter Should be capital and must contains minimum 3 characters :
Wrong Input : Fist letter Should be capital and must contains minimum 3 characters :
Wrong Input : Fist letter Should be capital and must contains minimum 3 characters :
Wrong Input : Fist letter Should be capital and must contains minimum 3 characters :
Wrong Input : Fist letter Should be capital and must contains minimum 3 characters :
Wrong Input : Fist letter Should be capital and must contains minimum 3 characters :
Wrong Input : Fist letter Should be capital and must contains minimum 3 characters :
Wrong Input : Fist letter Should be capital and must contains minimum 3 characters :
Wrong Input : Fist letter Should be capital and must contains minimum 3 characters :
Wrong Input : Fist letter Should be capital and must contains minimum 3 characters :
Wrong Input : Fist letter Should be capital and must contains minimum 3 characters :
Wrong Input : Fist letter Should be capital and must contains minimum 3 characters :
Wrong Input : Fist letter Should be capital and must contains minimum 3 characters :
Wrong Input : Fist letter Should be capital and must contains minimum 3 characters :
Wrong Input : Fist letter Should be capital and must contains minimum 3 characters :
Wrong Input : Fist letter Should be capital and must contains minimum 3 characters :
Wrong Input : Fist letter Should be capital and must contains minimum 3 characters :
Wrong Input : Fist letter Should be capital and must contains minimum 3 characters :
Wrong Input : Fist letter Should be capital and must contains minimum 3 characters :
Wrong Input : Fist letter Should be capital and must contains minimum 3 characters :
Wrong Input : Fist letter Should be capital and must contains minimum 3 characters :
Wrong Input : Fist letter Should be capital and must contains minimum 3 characters :
Wrong Input : Fist letter Should be capital and must contains minimum 3 characters :
Wrong Input : Fist letter Should be capital and must contains minimum 3 characters :
Wrong Input : Fist letter Should be capital and must contains minimum 3 characters :
Wrong Input : Fist letter Should be capital and must contains minimum 3 characters :
Wrong Input : Fist letter Should be capital and must contains minimum 3 characters :
Wrong Input : Fist letter Should be capital and must contains minimum 3 characters :
Wrong Input : Fist letter Should be capital and must contains minimum 3 characters :
Wrong Input : Fist letter Should be capital and must contains minimum 3 characters :
Wrong Input : Fist letter Should be capital and must contains minimum 3 characters :
Wrong Input : Fist letter Should be capital and must contains minimum 3 characters :
Wrong Input : Fist letter Should be capital and must contains minimum 3 characters :
Wrong Input : Fist letter Should be capital and must contains minimum 3 characters :
Wrong Input : Fist letter Should be capital and must contains minimum 3 characters :
Wrong Input : Fist letter Should be capital and must contains minimum 3 characters :
Wrong Input : Fist letter Should be capital and must contains minimum 3 characters :
Wrong Input : Fist letter Should be capital and must contains minimum 3 characters :
Wrong Input : Fist letter Should be capital and must contains minimum 3 characters :
Wrong Input : Fist letter Should be capital and must contains minimum 3 characters :
Wrong Input : Fist letter Should be capital and must contains minimum 3 characters :
Wrong Input : Fist letter Should be capital and must contains minimum 3 characters :
Wrong Input : Fist letter Should be capital and must contains minimum 3 characters :
Wrong Input : Fist letter Should be capital and must contains minimum 3 characters :
Wrong Input : Fist letter Should be capital and must contains minimum 3 characters :
Wrong Input : Fist letter Should be capital and must contains minimum 3 characters :
Wrong Input : Fist letter Should be capital and must contains minimum 3 characters :
Wrong Input : Fist letter Should be capital and must contains minimum 3 characters :
Wrong Input : Fist letter Should be capital and must contains minimum 3 characters :
Wrong Input : Fist letter Should be capital and must contains minimum 3 characters :
Wrong Input : Fist letter Should be capital and must contains minimum 3 characters :
Wrong Input : Fist letter Should be capital and must contains minimum 3 characters :
Wrong Input : Fist letter Should be capital and must contains minimum 3 characters :
Wrong Input : Fist letter Should be capital and must contains minimum 3 characters :
Wrong Input : Fist letter Should be capital and must contains minimum 3 characters :
Wrong Input : Fist letter Should be capital and must contains minimum 3 characters :
Wrong Input : Fist letter Should be capital and must contains minimum 3 characters :
Wrong Input : Fist letter Should be capital and must contains minimum 3 characters :
Wrong Input : Fist letter Should be capital and must contains minimum 3 characters :
Wrong Input : Fist letter Should be capital and must contains minimum 3 characters :
Wrong Input : Fist letter Should be capital and must contains minimum 3 characters :
Wrong Input : Fist letter Should be capital and must contains minimum 3 characters :
Wrong Input : Fist letter Should be capital and must contains minimum 3 characters :
Wrong Input : Fist letter Should be capital and must contains minimum 3 characters :
Wrong Input : Fist letter Should be capital and must contains minimum 3 characters :
Wrong Input : Fist letter Should be capital and must contains minimum 3 characters :
Wrong Input : Fist letter Should be capital and must contains minimum 3 characters :
Wrong Input : Fist letter Should be capital and must contains minimum 3 characters :
Wrong Input : Fist letter Should be capital and must contains minimum 3 characters :
Wrong Input : Fist letter Should be capital and must contains minimum 3 characters :
Wrong Input : Fist letter Should be capital and must contains minimum 3 characters :
Wrong Input : Fist letter Should be capital and must contains minimum 3 characters :
Wrong Input : Fist letter Should be capital and must contains minimum 3 characters :
Wrong Input : Fist letter Should be capital and must contains minimum 3 characters :
Wrong Input : Fist letter Should be capital and must contains minimum 3 characters :
Wrong Input : Fist letter Should be capital and must contains minimum 3 characters :
Wrong Input : Fist letter Should be capital and must contains minimum 3 characters :
Wrong Input : Fist letter Should be capital and must contains minimum 3 characters :
Wrong Input : Fist letter Should be capital and must contains minimum 3 characters :
Wrong Input : Fist letter Should be capital and must contains minimum 3 characters :
Wrong Input : Fist letter Should be capital and must contains minimum 3 characters :
Wrong Input : Fist letter Should be capital and must contains minimum 3 characters :
Wrong Input : Fist letter Should be capital and must contains minimum 3 characters :
Wrong Input : Fist letter Should be capital and must contains minimum 3 characters :
Wrong Input : Fist letter Should be capital and must contains minimum 3 characters :
Wrong Input : Fist letter Should be capital and must contains minimum 3 characters :
Wrong Input : Fist letter Should be capital and must contains minimum 3 characters :
Wrong Input : Fist letter Should be capital and must contains minimum 3 characters :
Wrong Input : Fist letter Should be capital and must contains minimum 3 characters :
Wrong Input : Fist letter Should be capital and must contains minimum 3 characters :
Wrong Input : Fist letter Should be capital and must contains minimum 3 characters :
Wrong Input : Fist letter Should be capital and must contains minimum 3 characters :
Wrong Input : Fist letter Should be capital and must contains minimum 3 characters :
Wrong Input : Fist letter Should be capital and must contains minimum 3 characters :
Wrong Input : Fist letter Should be capital and must contains minimum 3 characters :
Wrong Input : Fist letter Should be capital and must contains minimum 3 characters :
Wrong Input : Fist letter Should be capital and must contains minimum 3 characters :
Wrong Input : Fist letter Should be capital and must contains minimum 3 characters :
Wrong Input : Fist letter Should be capital and must contains minimum 3 characters :
Wrong Input : Fist letter Should be capital and must contains minimum 3 characters :
Wrong Input : Fist letter Should be capital and must contains minimum 3 characters :
Wrong Input : Fist letter Should be capital and must contains minimum 3 characters :
Wrong Input : Fist letter Should be capital and must contains minimum 3 characters :
Wrong Input : Fist letter Should be capital and must contains minimum 3 characters :
Wrong Input : Fist letter Should be capital and must contains minimum 3 characters :
Wrong Input : Fist letter Should be capital and must contains minimum 3 characters :
Wrong Input : Fist letter Should be capital and must contains minimum 3 characters :
Wrong Input : Fist letter Should be capital and must contains minimum 3 characters :
Wrong Input : Fist letter Should be capital and must contains minimum 3 characters :
Wrong Input : Fist letter Should be capital and must contains minimum 3 characters :
Wrong Input : Fist letter Should be capital and must contains minimum 3 characters :
Wrong Input : Fist letter Should be capital and must contains minimum 3 characters :
Wrong Input : Fist letter Should be capital and must contains minimum 3 characters :
Wrong Input : Fist letter Should be capital and must contains minimum 3 characters :
Wrong Input : Fist letter Should be capital and must contains minimum 3 characters :
Wrong Input : Fist letter Should be capital and must contains minimum 3 characters :
Wrong Input : Fist letter Should be capital and must contains minimum 3 characters :
Wrong Input : Fist letter Should be capital and must contains minimum 3 characters :
Wrong Input : Fist letter Should be capital and must contains minimum 3 characters :
Wrong Input : Fist letter Should be capital and must contains minimum 3 characters :
Wrong Input : Fist letter Should be capital and must contains minimum 3 characters :
Wrong Input : Fist letter Should be capital and must contains minimum 3 characters :
Wrong Input : Fist letter Should be capital and must contains minimum 3 characters :
Wrong Input : Fist letter Should be capital and must contains minimum 3 characters :
Wrong Input : Fist letter Should be capital and must contains minimum 3 characters :
Wrong Input : Fist letter Should be capital and must contains minimum 3 characters :
Wrong Input : Fist letter Should be capital and must contains minimum 3 characters :
Wrong Input : Fist letter Should be capital and must contains minimum 3 characters :
Wrong Input : Fist letter Should be capital and must contains minimum 3 characters :
Wrong Input : Fist letter Should be capital and must contains minimum 3 characters :
Wrong Input : Fist letter Should be capital and must contains minimum 3 characters :
Wrong Input : Fist letter Should be capital and must contains minimum 3 characters :
Wrong Input : Fist letter Should be capital and must contains minimum 3 characters :
Wrong Input : Fist letter Should be capital and must contains minimum 3 characters :
Wrong Input : Fist letter Should be capital and must contains minimum 3 characters :
Wrong Input : Fist letter Should be capital and must contains minimum 3 characters :
Wrong Input : Fist letter Should be capital and must contains minimum 3 characters :
Wrong Input : Fist letter Should be capital and must contains minimum 3 characters :
Wrong Input : Fist letter Should be capital and must contains minimum 3 characters :
Wrong Input : Fist letter Should be capital and must contains minimum 3 characters :
Wrong Input : Fist letter Should be capital and must contains minimum 3 characters :
Wrong Input : Fist letter Should be capital and must contains minimum 3 characters :
Wrong Input : Fist letter Should be capital and must contains minimum 3 characters :
Wrong Input : Fist letter Should be capital and must contains minimum 3 characters :
Wrong Input : Fist letter Should be capital and must contains minimum 3 characters :
Wrong Input : Fist letter Should be capital and must contains minimum 3 characters :
Wrong Input : Fist letter Should be capital and must contains minimum 3 characters :
Wrong Input : Fist letter Should be capital and must contains minimum 3 characters :
Wrong Input : Fist letter Should be capital and must contains minimum 3 characters :
Wrong Input : Fist letter Should be capital and must contains minimum 3 characters :
Wrong Input : Fist letter Should be capital and must contains minimum 3 characters :
Wrong Input : Fist letter Should be capital and must contains minimum 3 characters :
Wrong Input : Fist letter Should be capital and must contains minimum 3 characters :
Wrong Input : Fist letter Should be capital and must contains minimum 3 characters :
Wrong Input : Fist letter Should be capital and must contains minimum 3 characters :
Wrong Input : Fist letter Should be capital and must contains minimum 3 characters :
Wrong Input : Fist letter Should be capital and must contains minimum 3 characters :
Wrong Input : Fist letter Should be capital and must contains minimum 3 characters :
Wrong Input : Fist letter Should be capital and must contains minimum 3 characters :
Wrong Input : Fist letter Should be capital and must contains minimum 3 characters :
Wrong Input : Fist letter Should be capital and must contains minimum 3 characters :
Wrong Input : Fist letter Should be capital and must contains minimum 3 characters :
Wrong Input : Fist letter Should be capital and must contains minimum 3 characters :
Wrong Input : Fist letter Should be capital and must contains minimum 3 characters :
Wrong Input : Fist letter Should be capital and must contains minimum 3 characters :
Wrong Input : Fist letter Should be capital and must contains minimum 3 characters :
Wrong Input : Fist letter Should be capital and must contains minimum 3 characters :
Wrong Input : Fist letter Should be capital and must contains minimum 3 characters :
Wrong Input : Fist letter Should be capital and must contains minimum 3 characters :
Wrong Input : Fist letter Should be capital and must contains minimum 3 characters :
Wrong Input : Fist letter Should be capital and must contains minimum 3 characters :
Wrong Input : Fist letter Should be capital and must contains minimum 3 characters :
Wrong Input : Fist letter Should be capital and must contains minimum 3 characters :
Wrong Input : Fist letter Should be capital and must contains minimum 3 characters :
Wrong Input : Fist letter Should be capital and must contains minimum 3 characters :
Wrong Input : Fist letter Should be capital and must contains minimum 3 characters :
Wrong Input : Fist letter Should be capital and must contains minimum 3 characters :
Wrong Input : Fist letter Should be capital and must contains minimum 3 characters :
Wrong Input : Fist letter Should be capital and must contains minimum 3 characters :
Wrong Input : Fist letter Should be capital and must contains minimum 3 characters :
Wrong Input : Fist letter Should be capital and must contains minimum 3 characters :
Wrong Input : Fist letter Should be capital and must contains minimum 3 characters :
Wrong Input : Fist letter Should be capital and must contains minimum 3 characters :
Wrong Input : Fist letter Should be capital and must contains minimum 3 characters :
Wrong Input : Fist letter Should be capital and must contains minimum 3 characters :
Wrong Input : Fist letter Should be capital and must contains minimum 3 characters :
Wrong Input : Fist letter Should be capital and must contains minimum 3 characters :
Wrong Input : Fist letter Should be capital and must contains minimum 3 characters :
Wrong Input : Fist letter Should be capital and must contains minimum 3 characters :
Wrong Input : Fist letter Should be capital and must contains minimum 3 characters :
Wrong Input : Fist letter Should be capital and must contains minimum 3 characters :
Wrong Input : Fist letter Should be capital and must contains minimum 3 characters :
Wrong Input : Fist letter Should be capital and must contains minimum 3 characters :
Wrong Input : Fist letter Should be capital and must contains minimum 3 characters :
Wrong Input : Fist letter Should be capital and must contains minimum 3 characters :
Wrong Input : Fist letter Should be capital and must contains minimum 3 characters :
Wrong Input : Fist letter Should be capital and must contains minimum 3 characters :
Wrong Input : Fist letter Should be capital and must contains minimum 3 characters :
Wrong Input : Fist letter Should be capital and must contains minimum 3 characters :
Wrong Input : Fist letter Should be capital and must contains minimum 3 characters :
Wrong Input : Fist letter Should be capital and must contains minimum 3 characters :
Wrong Input : Fist letter Should be capital and must contains minimum 3 characters :
Wrong Input : Fist letter Should be capital and must contains minimum 3 characters :
Wrong Input : Fist letter Should be capital and must contains minimum 3 characters :
Wrong Input : Fist letter Should be capital and must contains minimum 3 characters :
Wrong Input : Fist letter Should be capital and must contains minimum 3 characters :
Wrong Input : Fist letter Should be capital and must contains minimum 3 characters :
Wrong Input : Fist letter Should be capital and must contains minimum 3 characters :
Wrong Input : Fist letter Should be capital and must contains minimum 3 characters :
Wrong Input : Fist letter Should be capital and must contains minimum 3 characters :
Wrong Input : Fist letter Should be capital and must contains minimum 3 characters :
Wrong Input : Fist letter Should be capital and must contains minimum 3 characters :
Wrong Input : Fist letter Should be capital and must contains minimum 3 characters :
Wrong Input : Fist letter Should be capital and must contains minimum 3 characters :
Wrong Input : Fist letter Should be capital and must contains minimum 3 characters :
Wrong Input : Fist letter Should be capital and must contains minimum 3 characters :
Wrong Input : Fist letter Should be capital and must contains minimum 3 characters :
Wrong Input : Fist letter Should be capital and must contains minimum 3 characters :
Wrong Input : Fist letter Should be capital and must contains minimum 3 characters :
Wrong Input : Fist letter Should be capital and must contains minimum 3 characters :
Wrong Input : Fist letter Should be capital and must contains minimum 3 characters :
Wrong Input : Fist letter Should be capital and must contains minimum 3 characters :
Wrong Input : Fist letter Should be capital and must contains minimum 3 characters :
Wrong Input : Fist letter Should be capital and must contains minimum 3 characters :
Wrong Input : Fist letter Should be capital and must contains minimum 3 characters :
Wrong Input : Fist letter Should be capital and must contains minimum 3 characters :
Wrong Input : Fist letter Should be capital and must contains minimum 3 characters :
Wrong Input : Fist letter Should be capital and must contains minimum 3 characters :
Wrong Input : Fist letter Should be capital and must contains minimum 3 characters :
Wrong Input : Fist letter Should be capital and must contains minimum 3 characters :
Wrong Input : Fist letter Should be capital and must contains minimum 3 characters :
Wrong Input : Fist letter Should be capital and must contains minimum 3 characters :
Wrong Input : Fist letter Should be capital and must contains minimum 3 characters :
Wrong Input : Fist letter Should be capital and must contains minimum 3 characters :
Wrong Input : Fist letter Should be capital and must contains minimum 3 characters :
Wrong Input : Fist letter Should be capital and must contains minimum 3 characters :
Wrong Input : Fist letter Should be capital and must contains minimum 3 characters :
Wrong Input : Fist letter Should be capital and must contains minimum 3 characters :
Wrong Input : Fist letter Should be capital and must contains minimum 3 characters :
Wrong Input : Fist letter Should be capital and must contains minimum 3 characters :
Wrong Input : Fist letter Should be capital and must contains minimum 3 characters :
Wrong Input : Fist letter Should be capital and must contains minimum 3 characters :
Wrong Input : Fist letter Should be capital and must contains minimum 3 characters :
Wrong Input : Fist letter Should be capital and must contains minimum 3 characters :
Wrong Input : Fist letter Should be capital and must contains minimum 3 characters :
Wrong Input : Fist letter Should be capital and must contains minimum 3 characters :
Wrong Input : Fist letter Should be capital and must contains minimum 3 characters :
Wrong Input : Fist letter Should be capital and must contains minimum 3 characters :
Wrong Input : Fist letter Should be capital and must contains minimum 3 characters :
Wrong Input : Fist letter Should be capital and must contains minimum 3 characters :
Wrong Input : Fist letter Should be capital and must contains minimum 3 characters :
Wrong Input : Fist letter Should be capital and must contains minimum 3 characters :
Wrong Input : Fist letter Should be capital and must contains minimum 3 characters :
Wrong Input : Fist letter Should be capital and must contains minimum 3 characters :
Wrong Input : Fist letter Should be capital and must contains minimum 3 characters :
Wrong Input : Fist letter Should be capital and must contains minimum 3 characters :
Wrong Input : Fist letter Should be capital and must contains minimum 3 characters :
Wrong Input : Fist letter Should be capital and must contains minimum 3 characters :
Wrong Input : Fist letter Should be capital and must contains minimum 3 characters :
Wrong Input : Fist letter Should be capital and must contains minimum 3 characters :
Wrong Input : Fist letter Should be capital and must contains minimum 3 characters :
Wrong Input : Fist letter Should be capital and must contains minimum 3 characters :
Wrong Input : Fist letter Should be capital and must contains minimum 3 characters :
Wrong Input : Fist letter Should be capital and must contains minimum 3 characters :
Wrong Input : Fist letter Should be capital and must contains minimum 3 characters :
Wrong Input : Fist letter Should be capital and must contains minimum 3 characters :
Wrong Input : Fist letter Should be capital and must contains minimum 3 characters :
Wrong Input : Fist letter Should be capital and must contains minimum 3 characters :
Wrong Input : Fist letter Should be capital and must contains minimum 3 characters :
Wrong Input : Fist letter Should be capital and must contains minimum 3 characters :
Wrong Input : Fist letter Should be capital and must contains minimum 3 characters :
Wrong Input : Fist letter Should be capital and must contains minimum 3 characters :
Wrong Input : Fist letter Should be capital and must contains minimum 3 characters :
Wrong Input : Fist letter Should be capital and must contains minimum 3 characters :
Wrong Input : Fist letter Should be capital and must contains minimum 3 characters :
Wrong Input : Fist letter Should be capital and must contains minimum 3 characters :
Wrong Input : Fist letter Should be capital and must contains minimum 3 characters :
Wrong Input : Fist letter Should be capital and must contains minimum 3 characters :
Wrong Input : Fist letter Should be capital and must contains minimum 3 characters :
Wrong Input : Fist letter Should be capital and must contains minimum 3 characters :
Wrong Input : Fist letter Should be capital and must contains minimum 3 characters :
Wrong Input : Fist letter Should be capital and must contains minimum 3 characters :
Wrong Input : Fist letter Should be capital and must contains minimum 3 characters :
Wrong Input : Fist letter Should be capital and must contains minimum 3 characters :
Wrong Input : Fist letter Should be capital and must contains minimum 3 characters :
Wrong Input : Fist letter Should be capital and must contains minimum 3 characters :
Wrong Input : Fist letter Should be capital and must contains minimum 3 characters :
Wrong Input : Fist letter Should be capital and must contains minimum 3 characters :
Wrong Input : Fist letter Should be capital and must contains minimum 3 characters :
Wrong Input : Fist letter Should be capital and must contains minimum 3 characters :
Wrong Input : Fist letter Should be capital and must contains minimum 3 characters :
Wrong Input : Fist letter Should be capital and must contains minimum 3 characters :
Wrong Input : Fist letter Should be capital and must contains minimum 3 characters :
Wrong Input : Fist letter Should be capital and must contains minimum 3 characters :
Wrong Input : Fist letter Should be capital and must contains minimum 3 characters :
Wrong Input : Fist letter Should be capital and must contains minimum 3 characters :
Wrong Input : Fist letter Should be capital and must contains minimum 3 characters :
Wrong Input : Fist letter Should be capital and must contains minimum 3 characters :
Wrong Input : Fist letter Should be capital and must contains minimum 3 characters :
Wrong Input : Fist letter Should be capital and must contains minimum 3 characters :
Wrong Input : Fist letter Should be capital and must contains minimum 3 characters :
Wrong Input : Fist letter Should be capital and must contains minimum 3 characters :
Wrong Input : Fist letter Should be capital and must contains minimum 3 characters :
Wrong Input : Fist letter Should be capital and must contains minimum 3 characters :
Wrong Input : Fist letter Should be capital and must contains minimum 3 characters :
Wrong Input : Fist letter Should be capital and must contains minimum 3 characters :
Wrong Input : Fist letter Should be capital and must contains minimum 3 characters :
Wrong Input : Fist letter Should be capital and must contains minimum 3 characters :
Wrong Input : Fist letter Should be capital and must contains minimum 3 characters :
Wrong Input : Fist letter Should be capital and must contains minimum 3 characters :
Wrong Input : Fist letter Should be capital and must contains minimum 3 characters :
Wrong Input : Fist letter Should be capital and must contains minimum 3 characters :
Wrong Input : Fist letter Should be capital and must contains minimum 3 characters :
Wrong Input : Fist letter Should be capital and must contains minimum 3 characters :
Wrong Input : Fist letter Should be capital and must contains minimum 3 characters :
Wrong Input : Fist letter Should be capital and must contains minimum 3 characters :
Wrong Input : Fist letter Should be capital and must contains minimum 3 characters :
Wrong Input : Fist letter Should be capital and must contains minimum 3 characters :
Wrong Input : Fist letter Should be capital and must contains minimum 3 characters :
Wrong Input : Fist letter Should be capital and must contains minimum 3 characters :
Wrong Input : Fist letter Should be capital and must contains minimum 3 characters :
Wrong Input : Fist letter Should be capital and must contains minimum 3 characters :
Wrong Input : Fist letter Should be capital and must contains minimum 3 characters :
Wrong Input : Fist letter Should be capital and must contains minimum 3 characters :
Wrong Input : Fist letter Should be capital and must contains minimum 3 characters :
Wrong Input : Fist letter Should be capital and must contains minimum 3 characters :
Wrong Input : Fist letter Should be capital and must contains minimum 3 characters :
Wrong Input : Fist letter Should be capital and must contains minimum 3 characters :
Wrong Input : Fist letter Should be capital and must contains minimum 3 characters :
Wrong Input : Fist letter Should be capital and must contains minimum 3 characters :
Wrong Input : Fist letter Should be capital and must contains minimum 3 characters :
Wrong Input : Fist letter Should be capital and must contains minimum 3 characters :
Wrong Input : Fist letter Should be capital and must contains minimum 3 characters :
Wrong Input : Fist letter Should be capital and must contains minimum 3 characters :
Wrong Input : Fist letter Should be capital and must contains minimum 3 characters :
Wrong Input : Fist letter Should be capital and must contains minimum 3 characters :
Wrong Input : Fist letter Should be capital and must contains minimum 3 characters :
Wrong Input : Fist letter Should be capital and must contains minimum 3 characters :
Wrong Input : Fist letter Should be capital and must contains minimum 3 characters :
Wrong Input : Fist letter Should be capital and must contains minimum 3 characters :
Wrong Input : Fist letter Should be capital and must contains minimum 3 characters :
Wrong Input : Fist letter Should be capital and must contains minimum 3 characters :
Wrong Input : Fist letter Should be capital and must contains minimum 3 characters :
Wrong Input : Fist letter Should be capital and must contains minimum 3 characters :
Wrong Input : Fist letter Should be capital and must contains minimum 3 characters :
Wrong Input : Fist letter Should be capital and must contains minimum 3 characters :
Wrong Input : Fist letter Should be capital and must contains minimum 3 characters :
Wrong Input : Fist letter Should be capital and must contains minimum 3 characters :
Wrong Input : Fist letter Should be capital and must contains minimum 3 characters :
Wrong Input : Fist letter Should be capital and must contains minimum 3 characters :
Wrong Input : Fist letter Should be capital and must contains minimum 3 characters :
Wrong Input : Fist letter Should be capital and must contains minimum 3 characters :
Wrong Input : Fist letter Should be capital and must contains minimum 3 characters :
Wrong Input : Fist letter Should be capital and must contains minimum 3 characters :
Wrong Input : Fist letter Should be capital and must contains minimum 3 characters :
Wrong Input : Fist letter Should be capital and must contains minimum 3 characters :
Wrong Input : Fist letter Should be capital and must contains minimum 3 characters :
Wrong Input : Fist letter Should be capital and must contains minimum 3 characters :
Wrong Input : Fist letter Should be capital and must contains minimum 3 characters :
Wrong Input : Fist letter Should be capital and must contains minimum 3 characters :
Wrong Input : Fist letter Should be capital and must contains minimum 3 characters :
Wrong Input : Fist letter Should be capital and must contains minimum 3 characters :
Wrong Input : Fist letter Should be capital and must contains minimum 3 characters :
Wrong Input : Fist letter Should be capital and must contains minimum 3 characters :
Wrong Input : Fist letter Should be capital and must contains minimum 3 characters :
Wrong Input : Fist letter Should be capital and must contains minimum 3 characters :
Wrong Input : Fist letter Should be capital and must contains minimum 3 characters :
Wrong Input : Fist letter Should be capital and must contains minimum 3 characters :
Wrong Input : Fist letter Should be capital and must contains minimum 3 characters :
Wrong Input : Fist letter Should be capital and must contains minimum 3 characters :
Wrong Input : Fist letter Should be capital and must contains minimum 3 characters :
Wrong Input : Fist letter Should be capital and must contains minimum 3 characters :
Wrong Input : Fist letter Should be capital and must contains minimum 3 characters :
Wrong Input : Fist letter Should be capital and must contains minimum 3 characters :
Wrong Input : Fist letter Should be capital and must contains minimum 3 characters :
Wrong Input : Fist letter Should be capital and must contains minimum 3 characters :
Wrong Input : Fist letter Should be capital and must contains minimum 3 characters :
Wrong Input : Fist letter Should be capital and must contains minimum 3 characters :
Wrong Input : Fist letter Should be capital and must contains minimum 3 characters :
Wrong Input : Fist letter Should be capital and must contains minimum 3 characters :
Wrong Input : Fist letter Should be capital and must contains minimum 3 characters :
Wrong Input : Fist letter Should be capital and must contains minimum 3 characters :
Wrong Input : Fist letter Should be capital and must contains minimum 3 characters :
Wrong Input : Fist letter Should be capital and must contains minimum 3 characters :
Wrong Input : Fist letter Should be capital and must contains minimum 3 characters :
Wrong Input : Fist letter Should be capital and must contains minimum 3 characters :
Wrong Input : Fist letter Should be capital and must contains minimum 3 characters :
Wrong Input : Fist letter Should be capital and must contains minimum 3 characters :
Wrong Input : Fist letter Should be capital and must contains minimum 3 characters :
Wrong Input : Fist letter Should be capital and must contains minimum 3 characters :
Wrong Input : Fist letter Should be capital and must contains minimum 3 characters :
Wrong Input : Fist letter Should be capital and must contains minimum 3 characters :
Wrong Input : Fist letter Should be capital and must contains minimum 3 characters :
Wrong Input : Fist letter Should be capital and must contains minimum 3 characters :
Wrong Input : Fist letter Should be capital and must contains minimum 3 characters :
Wrong Input : Fist letter Should be capital and must contains minimum 3 characters :
Wrong Input : Fist letter Should be capital and must contains minimum 3 characters :
Wrong Input : Fist letter Should be capital and must contains minimum 3 characters :
Wrong Input : Fist letter Should be capital and must contains minimum 3 characters :
Wrong Input : Fist letter Should be capital and must contains minimum 3 characters :
Wrong Input : Fist letter Should be capital and must contains minimum 3 characters :
Wrong Input : Fist letter Should be capital and must contains minimum 3 characters :
Wrong Input : Fist letter Should be capital and must contains minimum 3 characters :
Wrong Input : Fist letter Should be capital and must contains minimum 3 characters :
Wrong Input : Fist letter Should be capital and must contains minimum 3 characters :
Wrong Input : Fist letter Should be capital and must contains minimum 3 characters :
Wrong Input : Fist letter Should be capital and must contains minimum 3 characters :
Wrong Input : Fist letter Should be capital and must contains minimum 3 characters :
Wrong Input : Fist letter Should be capital and must contains minimum 3 characters :
Wrong Input : Fist letter Should be capital and must contains minimum 3 characters :
Wrong Input : Fist letter Should be capital and must contains minimum 3 characters :
Wrong Input : Fist letter Should be capital and must contains minimum 3 characters :
Wrong Input : Fist letter Should be capital and must contains minimum 3 characters :
Wrong Input : Fist letter Should be capital and must contains minimum 3 characters :
Wrong Input : Fist letter Should be capital and must contains minimum 3 characters :
Wrong Input : Fist letter Should be capital and must contains minimum 3 characters :
Wrong Input : Fist letter Should be capital and must contains minimum 3 characters :
Wrong Input : Fist letter Should be capital and must contains minimum 3 characters :
Wrong Input : Fist letter Should be capital and must contains minimum 3 characters :
Wrong Input : Fist letter Should be capital and must contains minimum 3 characters :
Wrong Input : Fist letter Should be capital and must contains minimum 3 characters :
Wrong Input : Fist letter Should be capital and must contains minimum 3 characters :
Wrong Input : Fist letter Should be capital and must contains minimum 3 characters :
Wrong Input : Fist letter Should be capital and must contains minimum 3 characters :
Wrong Input : Fist letter Should be capital and must contains minimum 3 characters :
Wrong Input : Fist letter Should be capital and must contains minimum 3 characters :
Wrong Input : Fist letter Should be capital and must contains minimum 3 characters :
Wrong Input : Fist letter Should be capital and must contains minimum 3 characters :
Wrong Input : Fist letter Should be capital and must contains minimum 3 characters :
Wrong Input : Fist letter Should be capital and must contains minimum 3 characters :
Wrong Input : Fist letter Should be capital and must contains minimum 3 characters :
Wrong Input : Fist letter Should be capital and must contains minimum 3 characters :
Wrong Input : Fist letter Should be capital and must contains minimum 3 characters :
Wrong Input : Fist letter Should be capital and must contains minimum 3 characters :
Wrong Input : Fist letter Should be capital and must contains minimum 3 characters :
Wrong Input : Fist letter Should be capital and must contains minimum 3 characters :
Wrong Input : Fist letter Should be capital and must contains minimum 3 characters :
Wrong Input : Fist letter Should be capital and must contains minimum 3 characters :
Wrong Input : Fist letter Should be capital and must contains minimum 3 characters :
Wrong Input : Fist letter Should be capital and must contains minimum 3 characters :
Wrong Input : Fist letter Should be capital and must contains minimum 3 characters :
Wrong Input : Fist letter Should be capital and must contains minimum 3 characters :
Wrong Input : Fist letter Should be capital and must contains minimum 3 characters :
Wrong Input : Fist letter Should be capital and must contains minimum 3 characters :
Wrong Input : Fist letter Should be capital and must contains minimum 3 characters :
Wrong Input : Fist letter Should be capital and must contains minimum 3 characters :
Wrong Input : Fist letter Should be capital and must contains minimum 3 characters :
Wrong Input : Fist letter Should be capital and must contains minimum 3 characters :
Wrong Input : Fist letter Should be capital and must contains minimum 3 characters :
Wrong Input : Fist letter Should be capital and must contains minimum 3 characters :
Wrong Input : Fist letter Should be capital and must contains minimum 3 characters :
Wrong Input : Fist letter Should be capital and must contains minimum 3 characters :
Wrong Input : Fist letter Should be capital and must contains minimum 3 characters :
Wrong Input : Fist letter Should be capital and must contains minimum 3 characters :
Wrong Input : Fist letter Should be capital and must contains minimum 3 characters :
Wrong Input : Fist letter Should be capital and must contains minimum 3 characters :
Wrong Input : Fist letter Should be capital and must contains minimum 3 characters :
Wrong Input : Fist letter Should be capital and must contains minimum 3 characters :
Wrong Input : Fist letter Should be capital and must contains minimum 3 characters :
Wrong Input : Fist letter Should be capital and must contains minimum 3 characters :
Wrong Input : Fist letter Should be capital and must contains minimum 3 characters :
Wrong Input : Fist letter Should be capital and must contains minimum 3 characters :
Wrong Input : Fist letter Should be capital and must contains minimum 3 characters :
Wrong Input : Fist letter Should be capital and must contains minimum 3 characters :
Wrong Input : Fist letter Should be capital and must contains minimum 3 characters :
Wrong Input : Fist letter Should be capital and must contains minimum 3 characters :
Wrong Input : Fist letter Should be capital and must contains minimum 3 characters :
Wrong Input : Fist letter Should be capital and must contains minimum 3 characters :
Wrong Input : Fist letter Should be capital and must contains minimum 3 characters :
Wrong Input : Fist letter Should be capital and must contains minimum 3 characters :
Wrong Input : Fist letter Should be capital and must contains minimum 3 characters :
Wrong Input : Fist letter Should be capital and must contains minimum 3 characters :
Wrong Input : Fist letter Should be capital and must contains minimum 3 characters :
Wrong Input : Fist letter Should be capital and must contains minimum 3 characters :
Wrong Input : Fist letter Should be capital and must contains minimum 3 characters :
Wrong Input : Fist letter Should be capital and must contains minimum 3 characters :
Wrong Input : Fist letter Should be capital and must contains minimum 3 characters :
Wrong Input : Fist letter Should be capital and must contains minimum 3 characters :
Wrong Input : Fist letter Should be capital and must contains minimum 3 characters :
Wrong Input : Fist letter Should be capital and must contains minimum 3 characters :
Wrong Input : Fist letter Should be capital and must contains minimum 3 characters :
Wrong Input : Fist letter Should be capital and must contains minimum 3 characters :
Wrong Input : Fist letter Should be capital and must contains minimum 3 characters :
Wrong Input : Fist letter Should be capital and must contains minimum 3 characters :
Wrong Input : Fist letter Should be capital and must contains minimum 3 characters :
Wrong Input : Fist letter Should be capital and must contains minimum 3 characters :
Wrong Input : Fist letter Should be capital and must contains minimum 3 characters :
Wrong Input : Fist letter Should be capital and must contains minimum 3 characters :
Wrong Input : Fist letter Should be capital and must contains minimum 3 characters :
Wrong Input : Fist letter Should be capital and must contains minimum 3 characters :
Wrong Input : Fist letter Should be capital and must contains minimum 3 characters :
Wrong Input : Fist letter Should be capital and must contains minimum 3 characters :
Wrong Input : Fist letter Should be capital and must contains minimum 3 characters :
Wrong Input : Fist letter Should be capital and must contains minimum 3 characters :
Wrong Input : Fist letter Should be capital and must contains minimum 3 characters :
Wrong Input : Fist letter Should be capital and must contains minimum 3 characters :
Wrong Input : Fist letter Should be capital and must contains minimum 3 characters :
Wrong Input : Fist letter Should be capital and must contains minimum 3 characters :
Wrong Input : Fist letter Should be capital and must contains minimum 3 characters :
Wrong Input : Fist letter Should be capital and must contains minimum 3 characters :
Wrong Input : Fist letter Should be capital and must contains minimum 3 characters :
Wrong Input : Fist letter Should be capital and must contains minimum 3 characters :
Wrong Input : Fist letter Should be capital and must contains minimum 3 characters :
Wrong Input : Fist letter Should be capital and must contains minimum 3 characters :
Wrong Input : Fist letter Should be capital and must contains minimum 3 characters :
Wrong Input : Fist letter Should be capital and must contains minimum 3 characters :
Wrong Input : Fist letter Should be capital and must contains minimum 3 characters :
Wrong Input : Fist letter Should be capital and must contains minimum 3 characters :
Wrong Input : Fist letter Should be capital and must contains minimum 3 characters :
Wrong Input : Fist letter Should be capital and must contains minimum 3 characters :
Wrong Input : Fist letter Should be capital and must contains minimum 3 characters :
Wrong Input : Fist letter Should be capital and must contains minimum 3 characters :
Wrong Input : Fist letter Should be capital and must contains minimum 3 characters :
Wrong Input : Fist letter Should be capital and must contains minimum 3 characters :
Wrong Input : Fist letter Should be capital and must contains minimum 3 characters :
Wrong Input : Fist letter Should be capital and must contains minimum 3 characters :
Wrong Input : Fist letter Should be capital and must contains minimum 3 characters :
Wrong Input : Fist letter Should be capital and must contains minimum 3 characters :
Wrong Input : Fist letter Should be capital and must contains minimum 3 characters :
Wrong Input : Fist letter Should be capital and must contains minimum 3 characters :
Wrong Input : Fist letter Should be capital and must contains minimum 3 characters :
Wrong Input : Fist letter Should be capital and must contains minimum 3 characters :
Wrong Input : Fist letter Should be capital and must contains minimum 3 characters :
Wrong Input : Fist letter Should be capital and must contains minimum 3 characters :
Wrong Input : Fist letter Should be capital and must contains minimum 3 characters :
Wrong Input : Fist letter Should be capital and must contains minimum 3 characters :
Wrong Input : Fist letter Should be capital and must contains minimum 3 characters :
Wrong Input : Fist letter Should be capital and must contains minimum 3 characters :
Wrong Input : Fist letter Should be capital and must contains minimum 3 characters :
Wrong Input : Fist letter Should be capital and must contains minimum 3 characters :
Wrong Input : Fist letter Should be capital and must contains minimum 3 characters :
Wrong Input : Fist letter Should be capital and must contains minimum 3 characters :
Wrong Input : Fist letter Should be capital and must contains minimum 3 characters :
Wrong Input : Fist letter Should be capital and must contains minimum 3 characters :
Wrong Input : Fist letter Should be capital and must contains minimum 3 characters :
Wrong Input : Fist letter Should be capital and must contains minimum 3 characters :
Wrong Input : Fist letter Should be capital and must contains minimum 3 characters :
Wrong Input : Fist letter Should be capital and must contains minimum 3 characters :
Wrong Input : Fist letter Should be capital and must contains minimum 3 characters :
Wrong Input : Fist letter Should be capital and must contains minimum 3 characters :
Wrong Input : Fist letter Should be capital and must contains minimum 3 characters :
Wrong Input : Fist letter Should be capital and must contains minimum 3 characters :
Wrong Input : Fist letter Should be capital and must contains minimum 3 characters :
Wrong Input : Fist letter Should be capital and must contains minimum 3 characters :
Wrong Input : Fist letter Should be capital and must contains minimum 3 characters :
Wrong Input : Fist letter Should be capital and must contains minimum 3 characters :
Wrong Input : Fist letter Should be capital and must contains minimum 3 characters :
Wrong Input : Fist letter Should be capital and must contains minimum 3 characters :
Wrong Input : Fist letter Should be capital and must contains minimum 3 characters :
Wrong Input : Fist letter Should be capital and must contains minimum 3 characters :
Wrong Input : Fist letter Should be capital and must contains minimum 3 characters :
Wrong Input : Fist letter Should be capital and must contains minimum 3 characters :
Wrong Input : Fist letter Should be capital and must contains minimum 3 characters :
Wrong Input : Fist letter Should be capital and must contains minimum 3 characters :
Wrong Input : Fist letter Should be capital and must contains minimum 3 characters :
Wrong Input : Fist letter Should be capital and must contains minimum 3 characters :
Wrong Input : Fist letter Should be capital and must contains minimum 3 characters :
Wrong Input : Fist letter Should be capital and must contains minimum 3 characters :
Wrong Input : Fist letter Should be capital and must contains minimum 3 characters :
Wrong Input : Fist letter Should be capital and must contains minimum 3 characters :
Wrong Input : Fist letter Should be capital and must contains minimum 3 characters :
Wrong Input : Fist letter Should be capital and must contains minimum 3 characters :
Wrong Input : Fist letter Should be capital and must contains minimum 3 characters :
Wrong Input : Fist letter Should be capital and must contains minimum 3 characters :
Wrong Input : Fist letter Should be capital and must contains minimum 3 characters :
Wrong Input : Fist letter Should be capital and must contains minimum 3 characters :
Wrong Input : Fist letter Should be capital and must contains minimum 3 characters :
Wrong Input : Fist letter Should be capital and must contains minimum 3 characters :
Wrong Input : Fist letter Should be capital and must contains minimum 3 characters :
Wrong Input : Fist letter Should be capital and must contains minimum 3 characters :
Wrong Input : Fist letter Should be capital and must contains minimum 3 characters :
Wrong Input : Fist letter Should be capital and must contains minimum 3 characters :
Wrong Input : Fist letter Should be capital and must contains minimum 3 characters :
Wrong Input : Fist letter Should be capital and must contains minimum 3 characters :
Wrong Input : Fist letter Should be capital and must contains minimum 3 characters :
Wrong Input : Fist letter Should be capital and must contains minimum 3 characters :
Wrong Input : Fist letter Should be capital and must contains minimum 3 characters :
Wrong Input : Fist letter Should be capital and must contains minimum 3 characters :
Wrong Input : Fist letter Should be capital and must contains minimum 3 characters :
Wrong Input : Fist letter Should be capital and must contains minimum 3 characters :
Wrong Input : Fist letter Should be capital and must contains minimum 3 characters :
Wrong Input : Fist letter Should be capital and must contains minimum 3 characters :
Wrong Input : Fist letter Should be capital and must contains minimum 3 characters :
Wrong Input : Fist letter Should be capital and must contains minimum 3 characters :
Wrong Input : Fist letter Should be capital and must contains minimum 3 characters :
Wrong Input : Fist letter Should be capital and must contains minimum 3 characters :
Wrong Input : Fist letter Should be capital and must contains minimum 3 characters :
Wrong Input : Fist letter Should be capital and must contains minimum 3 characters :
Wrong Input : Fist letter Should be capital and must contains minimum 3 characters :
Wrong Input : Fist letter Should be capital and must contains minimum 3 characters :
Wrong Input : Fist letter Should be capital and must contains minimum 3 characters :
Wrong Input : Fist letter Should be capital and must contains minimum 3 characters :
Wrong Input : Fist letter Should be capital and must contains minimum 3 characters :
Wrong Input : Fist letter Should be capital and must contains minimum 3 characters :
Wrong Input : Fist letter Should be capital and must contains minimum 3 characters :
Wrong Input : Fist letter Should be capital and must contains minimum 3 characters :
Wrong Input : Fist letter Should be capital and must contains minimum 3 characters :
Wrong Input : Fist letter Should be capital and must contains minimum 3 characters :
Wrong Input : Fist letter Should be capital and must contains minimum 3 characters :
Wrong Input : Fist letter Should be capital and must contains minimum 3 characters :
Wrong Input : Fist letter Should be capital and must contains minimum 3 characters :
Wrong Input : Fist letter Should be capital and must contains minimum 3 characters :
Wrong Input : Fist letter Should be capital and must contains minimum 3 characters :
Wrong Input : Fist letter Should be capital and must contains minimum 3 characters :
Wrong Input : Fist letter Should be capital and must contains minimum 3 characters :
Wrong Input : Fist letter Should be capital and must contains minimum 3 characters :
Wrong Input : Fist letter Should be capital and must contains minimum 3 characters :
Wrong Input : Fist letter Should be capital and must contains minimum 3 characters :
Wrong Input : Fist letter Should be capital and must contains minimum 3 characters :
Wrong Input : Fist letter Should be capital and must contains minimum 3 characters :
Wrong Input : Fist letter Should be capital and must contains minimum 3 characters :
Wrong Input : Fist letter Should be capital and must contains minimum 3 characters :
Wrong Input : Fist letter Should be capital and must contains minimum 3 characters :
Wrong Input : Fist letter Should be capital and must contains minimum 3 characters :
Wrong Input : Fist letter Should be capital and must contains minimum 3 characters :
Wrong Input : Fist letter Should be capital and must contains minimum 3 characters :
Wrong Input : Fist letter Should be capital and must contains minimum 3 characters :
Wrong Input : Fist letter Should be capital and must contains minimum 3 characters :
Wrong Input : Fist letter Should be capital and must contains minimum 3 characters :
Wrong Input : Fist letter Should be capital and must contains minimum 3 characters :
Wrong Input : Fist letter Should be capital and must contains minimum 3 characters :
Wrong Input : Fist letter Should be capital and must contains minimum 3 characters :
Wrong Input : Fist letter Should be capital and must contains minimum 3 characters :
Wrong Input : Fist letter Should be capital and must contains minimum 3 characters :
Wrong Input : Fist letter Should be capital and must contains minimum 3 characters :
Wrong Input : Fist letter Should be capital and must contains minimum 3 characters :
Wrong Input : Fist letter Should be capital and must contains minimum 3 characters :
Wrong Input : Fist letter Should be capital and must contains minimum 3 characters :
Wrong Input : Fist letter Should be capital and must contains minimum 3 characters :
Wrong Input : Fist letter Should be capital and must contains minimum 3 characters :
Wrong Input : Fist letter Should be capital and must contains minimum 3 characters :
Wrong Input : Fist letter Should be capital and must contains minimum 3 characters :
Wrong Input : Fist letter Should be capital and must contains minimum 3 characters :
Wrong Input : Fist letter Should be capital and must contains minimum 3 characters :
Wrong Input : Fist letter Should be capital and must contains minimum 3 characters :
Wrong Input : Fist letter Should be capital and must contains minimum 3 characters :
Wrong Input : Fist letter Should be capital and must contains minimum 3 characters :
Wrong Input : Fist letter Should be capital and must contains minimum 3 characters :
Wrong Input : Fist letter Should be capital and must contains minimum 3 characters :
Wrong Input : Fist letter Should be capital and must contains minimum 3 characters :
Wrong Input : Fist letter Should be capital and must contains minimum 3 characters :
Wrong Input : Fist letter Should be capital and must contains minimum 3 characters :
Wrong Input : Fist letter Should be capital and must contains minimum 3 characters :
Wrong Input : Fist letter Should be capital and must contains minimum 3 characters :
Wrong Input : Fist letter Should be capital and must contains minimum 3 characters :
Wrong Input : Fist letter Should be capital and must contains minimum 3 characters :
Wrong Input : Fist letter Should be capital and must contains minimum 3 characters :
Wrong Input : Fist letter Should be capital and must contains minimum 3 characters :
Wrong Input : Fist letter Should be capital and must contains minimum 3 characters :
Wrong Input : Fist letter Should be capital and must contains minimum 3 characters :
Wrong Input : Fist letter Should be capital and must contains minimum 3 characters :
Wrong Input : Fist letter Should be capital and must contains minimum 3 characters :
Wrong Input : Fist letter Should be capital and must contains minimum 3 characters :
Wrong Input : Fist letter Should be capital and must contains minimum 3 characters :
Wrong Input : Fist letter Should be capital and must contains minimum 3 characters :
Wrong Input : Fist letter Should be capital and must contains minimum 3 characters :
Wrong Input : Fist letter Should be capital and must contains minimum 3 characters :
Wrong Input : Fist letter Should be capital and must contains minimum 3 characters :
Wrong Input : Fist letter Should be capital and must contains minimum 3 characters :
Wrong Input : Fist letter Should be capital and must contains minimum 3 characters :
Wrong Input : Fist letter Should be capital and must contains minimum 3 characters :
Wrong Input : Fist letter Should be capital and must contains minimum 3 characters :
Wrong Input : Fist letter Should be capital and must contains minimum 3 characters :
Wrong Input : Fist letter Should be capital and must contains minimum 3 characters :
Wrong Input : Fist letter Should be capital and must contains minimum 3 characters :
Wrong Input : Fist letter Should be capital and must contains minimum 3 characters :
Wrong Input : Fist letter Should be capital and must contains minimum 3 characters :
Wrong Input : Fist letter Should be capital and must contains minimum 3 characters :
Wrong Input : Fist letter Should be capital and must contains minimum 3 characters :
Wrong Input : Fist letter Should be capital and must contains minimum 3 characters :
Wrong Input : Fist letter Should be capital and must contains minimum 3 characters :
Wrong Input : Fist letter Should be capital and must contains minimum 3 characters :
Wrong Input : Fist letter Should be capital and must contains minimum 3 characters :
Wrong Input : Fist letter Should be capital and must contains minimum 3 characters :
Wrong Input : Fist letter Should be capital and must contains minimum 3 characters :
Wrong Input : Fist letter Should be capital and must contains minimum 3 characters :
Wrong Input : Fist letter Should be capital and must contains minimum 3 characters :
Wrong Input : Fist letter Should be capital and must contains minimum 3 characters :
Wrong Input : Fist letter Should be capital and must contains minimum 3 characters :
Wrong Input : Fist letter Should be capital and must contains minimum 3 characters :
Wrong Input : Fist letter Should be capital and must contains minimum 3 characters :
Wrong Input : Fist letter Should be capital and must contains minimum 3 characters :
Wrong Input : Fist letter Should be capital and must contains minimum 3 characters :
Wrong Input : Fist letter Should be capital and must contains minimum 3 characters :
Wrong Input : Fist letter Should be capital and must contains minimum 3 characters :
Wrong Input : Fist letter Should be capital and must contains minimum 3 characters :
Wrong Input : Fist letter Should be capital and must contains minimum 3 characters :
Wrong Input : Fist letter Should be capital and must contains minimum 3 characters :
Wrong Input : Fist letter Should be capital and must contains minimum 3 characters :
Wrong Input : Fist letter Should be capital and must contains minimum 3 characters :
Wrong Input : Fist letter Should be capital and must contains minimum 3 characters :
Wrong Input : Fist letter Should be capital and must contains minimum 3 characters :
Wrong Input : Fist letter Should be capital and must contains minimum 3 characters :
Wrong Input : Fist letter Should be capital and must contains minimum 3 characters :
Wrong Input : Fist letter Should be capital and must contains minimum 3 characters :
Wrong Input : Fist letter Should be capital and must contains minimum 3 characters :
Wrong Input : Fist letter Should be capital and must contains minimum 3 characters :
Wrong Input : Fist letter Should be capital and must contains minimum 3 characters :
Wrong Input : Fist letter Should be capital and must contains minimum 3 characters :
Wrong Input : Fist letter Should be capital and must contains minimum 3 characters :
Wrong Input : Fist letter Should be capital and must contains minimum 3 characters :
Wrong Input : Fist letter Should be capital and must contains minimum 3 characters :
Wrong Input : Fist letter Should be capital and must contains minimum 3 characters :
Wrong Input : Fist letter Should be capital and must contains minimum 3 characters :
Wrong Input : Fist letter Should be capital and must contains minimum 3 characters :
Wrong Input : Fist letter Should be capital and must contains minimum 3 characters :
Wrong Input : Fist letter Should be capital and must contains minimum 3 characters :
Wrong Input : Fist letter Should be capital and must contains minimum 3 characters :
Wrong Input : Fist letter Should be capital and must contains minimum 3 characters :
Wrong Input : Fist letter Should be capital and must contains minimum 3 characters :
Wrong Input : Fist letter Should be capital and must contains minimum 3 characters :
Wrong Input : Fist letter Should be capital and must contains minimum 3 characters :
Wrong Input : Fist letter Should be capital and must contains minimum 3 characters :
Wrong Input : Fist letter Should be capital and must contains minimum 3 characters :
Wrong Input : Fist letter Should be capital and must contains minimum 3 characters :
Wrong Input : Fist letter Should be capital and must contains minimum 3 characters :
Wrong Input : Fist letter Should be capital and must contains minimum 3 characters :
Wrong Input : Fist letter Should be capital and must contains minimum 3 characters :
Wrong Input : Fist letter Should be capital and must contains minimum 3 characters :
Wrong Input : Fist letter Should be capital and must contains minimum 3 characters :
Wrong Input : Fist letter Should be capital and must contains minimum 3 characters :
Wrong Input : Fist letter Should be capital and must contains minimum 3 characters :
Wrong Input : Fist letter Should be capital and must contains minimum 3 characters :
Wrong Input : Fist letter Should be capital and must contains minimum 3 characters :
Wrong Input : Fist letter Should be capital and must contains minimum 3 characters :
Wrong Input : Fist letter Should be capital and must contains minimum 3 characters :
Wrong Input : Fist letter Should be capital and must contains minimum 3 characters :
Wrong Input : Fist letter Should be capital and must contains minimum 3 characters :
Wrong Input : Fist letter Should be capital and must contains minimum 3 characters :
Wrong Input : Fist letter Should be capital and must contains minimum 3 characters :
Wrong Input : Fist letter Should be capital and must contains minimum 3 characters :
Wrong Input : Fist letter Should be capital and must contains minimum 3 characters :
Wrong Input : Fist letter Should be capital and must contains minimum 3 characters :
Wrong Input : Fist letter Should be capital and must contains minimum 3 characters :
Wrong Input : Fist letter Should be capital and must contains minimum 3 characters :
Wrong Input : Fist letter Should be capital and must contains minimum 3 characters :
Wrong Input : Fist letter Should be capital and must contains minimum 3 characters :
Wrong Input : Fist letter Should be capital and must contains minimum 3 characters :
Wrong Input : Fist letter Should be capital and must contains minimum 3 characters :
Wrong Input : Fist letter Should be capital and must contains minimum 3 characters :
Wrong Input : Fist letter Should be capital and must contains minimum 3 characters :
Wrong Input : Fist letter Should be capital and must contains minimum 3 characters :
Wrong Input : Fist letter Should be capital and must contains minimum 3 characters :
Wrong Input : Fist letter Should be capital and must contains minimum 3 characters :
Wrong Input : Fist letter Should be capital and must contains minimum 3 characters :
Wrong Input : Fist letter Should be capital and must contains minimum 3 characters :
Wrong Input : Fist letter Should be capital and must contains minimum 3 characters :
Wrong Input : Fist letter Should be capital and must contains minimum 3 characters :
Wrong Input : Fist letter Should be capital and must contains minimum 3 characters :
Wrong Input : Fist letter Should be capital and must contains minimum 3 characters :
Wrong Input : Fist letter Should be capital and must contains minimum 3 characters :
Wrong Input : Fist letter Should be capital and must contains minimum 3 characters :
Wrong Input : Fist letter Should be capital and must contains minimum 3 characters :
Wrong Input : Fist letter Should be capital and must contains minimum 3 characters :
Wrong Input : Fist letter Should be capital and must contains minimum 3 characters :
Wrong Input : Fist letter Should be capital and must contains minimum 3 characters :
Wrong Input : Fist letter Should be capital and must contains minimum 3 characters :
Wrong Input : Fist letter Should be capital and must contains minimum 3 characters :
Wrong Input : Fist letter Should be capital and must contains minimum 3 characters :
Wrong Input : Fist letter Should be capital and must contains minimum 3 characters :
Wrong Input : Fist letter Should be capital and must contains minimum 3 characters :
Wrong Input : Fist letter Should be capital and must contains minimum 3 characters :
Wrong Input : Fist letter Should be capital and must contains minimum 3 characters :
Wrong Input : Fist letter Should be capital and must contains minimum 3 characters :
Wrong Input : Fist letter Should be capital and must contains minimum 3 characters :
Wrong Input : Fist letter Should be capital and must contains minimum 3 characters :
Wrong Input : Fist letter Should be capital and must contains minimum 3 characters :
Wrong Input : Fist letter Should be capital and must contains minimum 3 characters :
Wrong Input : Fist letter Should be capital and must contains minimum 3 characters :
Wrong Input : Fist letter Should be capital and must contains minimum 3 characters :
Wrong Input : Fist letter Should be capital and must contains minimum 3 characters :
Wrong Input : Fist letter Should be capital and must contains minimum 3 characters :
Wrong Input : Fist letter Should be capital and must contains minimum 3 characters :
Wrong Input : Fist letter Should be capital and must contains minimum 3 characters :
Wrong Input : Fist letter Should be capital and must contains minimum 3 characters :
Wrong Input : Fist letter Should be capital and must contains minimum 3 characters :
Wrong Input : Fist letter Should be capital and must contains minimum 3 characters :
Wrong Input : Fist letter Should be capital and must contains minimum 3 characters :
Wrong Input : Fist letter Should be capital and must contains minimum 3 characters :
Wrong Input : Fist letter Should be capital and must contains minimum 3 characters :
Wrong Input : Fist letter Should be capital and must contains minimum 3 characters :
Wrong Input : Fist letter Should be capital and must contains minimum 3 characters :
Wrong Input : Fist letter Should be capital and must contains minimum 3 characters :
Wrong Input : Fist letter Should be capital and must contains minimum 3 characters :
Wrong Input : Fist letter Should be capital and must contains minimum 3 characters :
Wrong Input : Fist letter Should be capital and must contains minimum 3 characters :
Wrong Input : Fist letter Should be capital and must contains minimum 3 characters :
Wrong Input : Fist letter Should be capital and must contains minimum 3 characters :
Wrong Input : Fist letter Should be capital and must contains minimum 3 characters :
Wrong Input : Fist letter Should be capital and must contains minimum 3 characters :
Wrong Input : Fist letter Should be capital and must contains minimum 3 characters :
Wrong Input : Fist letter Should be capital and must contains minimum 3 characters :
Wrong Input : Fist letter Should be capital and must contains minimum 3 characters :
Wrong Input : Fist letter Should be capital and must contains minimum 3 characters :
Wrong Input : Fist letter Should be capital and must contains minimum 3 characters :
Wrong Input : Fist letter Should be capital and must contains minimum 3 characters :
Wrong Input : Fist letter Should be capital and must contains minimum 3 characters :
Wrong Input : Fist letter Should be capital and must contains minimum 3 characters :
Wrong Input : Fist letter Should be capital and must contains minimum 3 characters :
Wrong Input : Fist letter Should be capital and must contains minimum 3 characters :
Wrong Input : Fist letter Should be capital and must contains minimum 3 characters :
Wrong Input : Fist letter Should be capital and must contains minimum 3 characters :
Wrong Input : Fist letter Should be capital and must contains minimum 3 characters :
Wrong Input : Fist letter Should be capital and must contains minimum 3 characters :
Wrong Input : Fist letter Should be capital and must contains minimum 3 characters :
Wrong Input : Fist letter Should be capital and must contains minimum 3 characters :
Wrong Input : Fist letter Should be capital and must contains minimum 3 characters :
Wrong Input : Fist letter Should be capital and must contains minimum 3 characters :
Wrong Input : Fist letter Should be capital and must contains minimum 3 characters :
Wrong Input : Fist letter Should be capital and must contains minimum 3 characters :
Wrong Input : Fist letter Should be capital and must contains minimum 3 characters :
Wrong Input : Fist letter Should be capital and must contains minimum 3 characters :
Wrong Input : Fist letter Should be capital and must contains minimum 3 characters :
Wrong Input : Fist letter Should be capital and must contains minimum 3 characters :
Wrong Input : Fist letter Should be capital and must contains minimum 3 characters :
Wrong Input : Fist letter Should be capital and must contains minimum 3 characters :
Wrong Input : Fist letter Should be capital and must contains minimum 3 characters :
Wrong Input : Fist letter Should be capital and must contains minimum 3 characters :
Wrong Input : Fist letter Should be capital and must contains minimum 3 characters :
Wrong Input : Fist letter Should be capital and must contains minimum 3 characters :
Wrong Input : Fist letter Should be capital and must contains minimum 3 characters :
Wrong Input : Fist letter Should be capital and must contains minimum 3 characters :
Wrong Input : Fist letter Should be capital and must contains minimum 3 characters :
Wrong Input : Fist letter Should be capital and must contains minimum 3 characters :
Wrong Input : Fist letter Should be capital and must contains minimum 3 characters :
Wrong Input : Fist letter Should be capital and must contains minimum 3 characters :
Wrong Input : Fist letter Should be capital and must contains minimum 3 characters :
Wrong Input : Fist letter Should be capital and must contains minimum 3 characters :
Wrong Input : Fist letter Should be capital and must contains minimum 3 characters :
Wrong Input : Fist letter Should be capital and must contains minimum 3 characters :
Wrong Input : Fist letter Should be capital and must contains minimum 3 characters :
Wrong Input : Fist letter Should be capital and must contains minimum 3 characters :
Wrong Input : Fist letter Should be capital and must contains minimum 3 characters :
Wrong Input : Fist letter Should be capital and must contains minimum 3 characters :
Wrong Input : Fist letter Should be capital and must contains minimum 3 characters :
Wrong Input : Fist letter Should be capital and must contains minimum 3 characters :
Wrong Input : Fist letter Should be capital and must contains minimum 3 characters :
Wrong Input : Fist letter Should be capital and must contains minimum 3 characters :
Wrong Input : Fist letter Should be capital and must contains minimum 3 characters :
Wrong Input : Fist letter Should be capital and must contains minimum 3 characters :
Wrong Input : Fist letter Should be capital and must contains minimum 3 characters :
Wrong Input : Fist letter Should be capital and must contains minimum 3 characters :
Wrong Input : Fist letter Should be capital and must contains minimum 3 characters :
Wrong Input : Fist letter Should be capital and must contains minimum 3 characters :
Wrong Input : Fist letter Should be capital and must contains minimum 3 characters :
Wrong Input : Fist letter Should be capital and must contains minimum 3 characters :
Wrong Input : Fist letter Should be capital and must contains minimum 3 characters :
Wrong Input : Fist letter Should be capital and must contains minimum 3 characters :
Wrong Input : Fist letter Should be capital and must contains minimum 3 characters :
Wrong Input : Fist letter Should be capital and must contains minimum 3 characters :
Wrong Input : Fist letter Should be capital and must contains minimum 3 characters :
Wrong Input : Fist letter Should be capital and must contains minimum 3 characters :
Wrong Input : Fist letter Should be capital and must contains minimum 3 characters :
Wrong Input : Fist letter Should be capital and must contains minimum 3 characters :
Wrong Input : Fist letter Should be capital and must contains minimum 3 characters :
Wrong Input : Fist letter Should be capital and must contains minimum 3 characters :
Wrong Input : Fist letter Should be capital and must contains minimum 3 characters :
Wrong Input : Fist letter Should be capital and must contains minimum 3 characters :
Wrong Input : Fist letter Should be capital and must contains minimum 3 characters :
Wrong Input : Fist letter Should be capital and must contains minimum 3 characters :
Wrong Input : Fist letter Should be capital and must contains minimum 3 characters :
Wrong Input : Fist letter Should be capital and must contains minimum 3 characters :
Wrong Input : Fist letter Should be capital and must contains minimum 3 characters :
Wrong Input : Fist letter Should be capital and must contains minimum 3 characters :
Wrong Input : Fist letter Should be capital and must contains minimum 3 characters :
Wrong Input : Fist letter Should be capital and must contains minimum 3 characters :
Wrong Input : Fist letter Should be capital and must contains minimum 3 characters :
Wrong Input : Fist letter Should be capital and must contains minimum 3 characters :
Wrong Input : Fist letter Should be capital and must contains minimum 3 characters :
Wrong Input : Fist letter Should be capital and must contains minimum 3 characters :
Wrong Input : Fist letter Should be capital and must contains minimum 3 characters :
Wrong Input : Fist letter Should be capital and must contains minimum 3 characters :
Wrong Input : Fist letter Should be capital and must contains minimum 3 characters :
Wrong Input : Fist letter Should be capital and must contains minimum 3 characters :
Wrong Input : Fist letter Should be capital and must contains minimum 3 characters :
Wrong Input : Fist letter Should be capital and must contains minimum 3 characters :
Wrong Input : Fist letter Should be capital and must contains minimum 3 characters :
Wrong Input : Fist letter Should be capital and must contains minimum 3 characters :
Wrong Input : Fist letter Should be capital and must contains minimum 3 characters :
Wrong Input : Fist letter Should be capital and must contains minimum 3 characters :
Wrong Input : Fist letter Should be capital and must contains minimum 3 characters :
Wrong Input : Fist letter Should be capital and must contains minimum 3 characters :
Wrong Input : Fist letter Should be capital and must contains minimum 3 characters :
Wrong Input : Fist letter Should be capital and must contains minimum 3 characters :
Wrong Input : Fist letter Should be capital and must contains minimum 3 characters :
Wrong Input : Fist letter Should be capital and must contains minimum 3 characters :
Wrong Input : Fist letter Should be capital and must contains minimum 3 characters :
Wrong Input : Fist letter Should be capital and must contains minimum 3 characters :
Wrong Input : Fist letter Should be capital and must contains minimum 3 characters :
Wrong Input : Fist letter Should be capital and must contains minimum 3 characters :
Wrong Input : Fist letter Should be capital and must contains minimum 3 characters :
Wrong Input : Fist letter Should be capital and must contains minimum 3 characters :
Wrong Input : Fist letter Should be capital and must contains minimum 3 characters :
Wrong Input : Fist letter Should be capital and must contains minimum 3 characters :
Wrong Input : Fist letter Should be capital and must contains minimum 3 characters :
Wrong Input : Fist letter Should be capital and must contains minimum 3 characters :
Wrong Input : Fist letter Should be capital and must contains minimum 3 characters :
Wrong Input : Fist letter Should be capital and must contains minimum 3 characters :
Wrong Input : Fist letter Should be capital and must contains minimum 3 characters :
Wrong Input : Fist letter Should be capital and must contains minimum 3 characters :
Wrong Input : Fist letter Should be capital and must contains minimum 3 characters :
Wrong Input : Fist letter Should be capital and must contains minimum 3 characters :
Wrong Input : Fist letter Should be capital and must contains minimum 3 characters :
Wrong Input : Fist letter Should be capital and must contains minimum 3 characters :
Wrong Input : Fist letter Should be capital and must contains minimum 3 characters :
Wrong Input : Fist letter Should be capital and must contains minimum 3 characters :
Wrong Input : Fist letter Should be capital and must contains minimum 3 characters :
Wrong Input : Fist letter Should be capital and must contains minimum 3 characters :
Wrong Input : Fist letter Should be capital and must contains minimum 3 characters :
Wrong Input : Fist letter Should be capital and must contains minimum 3 characters :
Wrong Input : Fist letter Should be capital and must contains minimum 3 characters :
Wrong Input : Fist letter Should be capital and must contains minimum 3 characters :
Wrong Input : Fist letter Should be capital and must contains minimum 3 characters :
Wrong Input : Fist letter Should be capital and must contains minimum 3 characters :
Wrong Input : Fist letter Should be capital and must contains minimum 3 characters :
Wrong Input : Fist letter Should be capital and must contains minimum 3 characters :
Wrong Input : Fist letter Should be capital and must contains minimum 3 characters :
Wrong Input : Fist letter Should be capital and must contains minimum 3 characters :
Wrong Input : Fist letter Should be capital and must contains minimum 3 characters :
Wrong Input : Fist letter Should be capital and must contains minimum 3 characters :
Wrong Input : Fist letter Should be capital and must contains minimum 3 characters :
Wrong Input : Fist letter Should be capital and must contains minimum 3 characters :
Wrong Input : Fist letter Should be capital and must contains minimum 3 characters :
Wrong Input : Fist letter Should be capital and must contains minimum 3 characters :
Wrong Input : Fist letter Should be capital and must contains minimum 3 characters :
Wrong Input : Fist letter Should be capital and must contains minimum 3 characters :
Wrong Input : Fist letter Should be capital and must contains minimum 3 characters :
Wrong Input : Fist letter Should be capital and must contains minimum 3 characters :
Wrong Input : Fist letter Should be capital and must contains minimum 3 characters :
Wrong Input : Fist letter Should be capital and must contains minimum 3 characters :
Wrong Input : Fist letter Should be capital and must contains minimum 3 characters :
Wrong Input : Fist letter Should be capital and must contains minimum 3 characters :
Wrong Input : Fist letter Should be capital and must contains minimum 3 characters :
Wrong Input : Fist letter Should be capital and must contains minimum 3 characters :
Wrong Input : Fist letter Should be capital and must contains minimum 3 characters :
Wrong Input : Fist letter Should be capital and must contains minimum 3 characters :
Wrong Input : Fist letter Should be capital and must contains minimum 3 characters :
Wrong Input : Fist letter Should be capital and must contains minimum 3 characters :
Wrong Input : Fist letter Should be capital and must contains minimum 3 characters :
Wrong Input : Fist letter Should be capital and must contains minimum 3 characters :
Wrong Input : Fist letter Should be capital and must contains minimum 3 characters :
Wrong Input : Fist letter Should be capital and must contains minimum 3 characters :
Wrong Input : Fist letter Should be capital and must contains minimum 3 characters :
Wrong Input : Fist letter Should be capital and must contains minimum 3 characters :
Wrong Input : Fist letter Should be capital and must contains minimum 3 characters :
Wrong Input : Fist letter Should be capital and must contains minimum 3 characters :
Wrong Input : Fist letter Should be capital and must contains minimum 3 characters :
Wrong Input : Fist letter Should be capital and must contains minimum 3 characters :
Wrong Input : Fist letter Should be capital and must contains minimum 3 characters :
Wrong Input : Fist letter Should be capital and must contains minimum 3 characters :
Wrong Input : Fist letter Should be capital and must contains minimum 3 characters :
Wrong Input : Fist letter Should be capital and must contains minimum 3 characters :
Wrong Input : Fist letter Should be capital and must contains minimum 3 characters :
Wrong Input : Fist letter Should be capital and must contains minimum 3 characters :
Wrong Input : Fist letter Should be capital and must contains minimum 3 characters :
Wrong Input : Fist letter Should be capital and must contains minimum 3 characters :
Wrong Input : Fist letter Should be capital and must contains minimum 3 characters :
Wrong Input : Fist letter Should be capital and must contains minimum 3 characters :
Wrong Input : Fist letter Should be capital and must contains minimum 3 characters :
Wrong Input : Fist letter Should be capital and must contains minimum 3 characters :
Wrong Input : Fist letter Should be capital and must contains minimum 3 characters :
Wrong Input : Fist letter Should be capital and must contains minimum 3 characters :
Wrong Input : Fist letter Should be capital and must contains minimum 3 characters :
Wrong Input : Fist letter Should be capital and must contains minimum 3 characters :
Wrong Input : Fist letter Should be capital and must contains minimum 3 characters :
Wrong Input : Fist letter Should be capital and must contains minimum 3 characters :
Wrong Input : Fist letter Should be capital and must contains minimum 3 characters :
Wrong Input : Fist letter Should be capital and must contains minimum 3 characters :
Wrong Input : Fist letter Should be capital and must contains minimum 3 characters :
Wrong Input : Fist letter Should be capital and must contains minimum 3 characters :
Wrong Input : Fist letter Should be capital and must contains minimum 3 characters :
Wrong Input : Fist letter Should be capital and must contains minimum 3 characters :
Wrong Input : Fist letter Should be capital and must contains minimum 3 characters :
Wrong Input : Fist letter Should be capital and must contains minimum 3 characters :
Wrong Input : Fist letter Should be capital and must contains minimum 3 characters :
Wrong Input : Fist letter Should be capital and must contains minimum 3 characters :
Wrong Input : Fist letter Should be capital and must contains minimum 3 characters :
Wrong Input : Fist letter Should be capital and must contains minimum 3 characters :
Wrong Input : Fist letter Should be capital and must contains minimum 3 characters :
Wrong Input : Fist letter Should be capital and must contains minimum 3 characters :
Wrong Input : Fist letter Should be capital and must contains minimum 3 characters :
Wrong Input : Fist letter Should be capital and must contains minimum 3 characters :
Wrong Input : Fist letter Should be capital and must contains minimum 3 characters :
Wrong Input : Fist letter Should be capital and must contains minimum 3 characters :
Wrong Input : Fist letter Should be capital and must contains minimum 3 characters :
Wrong Input : Fist letter Should be capital and must contains minimum 3 characters :
Wrong Input : Fist letter Should be capital and must contains minimum 3 characters :
Wrong Input : Fist letter Should be capital and must contains minimum 3 characters :
Wrong Input : Fist letter Should be capital and must contains minimum 3 characters :
Wrong Input : Fist letter Should be capital and must contains minimum 3 characters :
Wrong Input : Fist letter Should be capital and must contains minimum 3 characters :
Wrong Input : Fist letter Should be capital and must contains minimum 3 characters :
Wrong Input : Fist letter Should be capital and must contains minimum 3 characters :
Wrong Input : Fist letter Should be capital and must contains minimum 3 characters :
Wrong Input : Fist letter Should be capital and must contains minimum 3 characters :
Wrong Input : Fist letter Should be capital and must contains minimum 3 characters :
Wrong Input : Fist letter Should be capital and must contains minimum 3 characters :
Wrong Input : Fist letter Should be capital and must contains minimum 3 characters :
Wrong Input : Fist letter Should be capital and must contains minimum 3 characters :
Wrong Input : Fist letter Should be capital and must contains minimum 3 characters :
Wrong Input : Fist letter Should be capital and must contains minimum 3 characters :
Wrong Input : Fist letter Should be capital and must contains minimum 3 characters :
Wrong Input : Fist letter Should be capital and must contains minimum 3 characters :
Wrong Input : Fist letter Should be capital and must contains minimum 3 characters :
Wrong Input : Fist letter Should be capital and must contains minimum 3 characters :
Wrong Input : Fist letter Should be capital and must contains minimum 3 characters :
Wrong Input : Fist letter Should be capital and must contains minimum 3 characters :
Wrong Input : Fist letter Should be capital and must contains minimum 3 characters :
Wrong Input : Fist letter Should be capital and must contains minimum 3 characters :
Wrong Input : Fist letter Should be capital and must contains minimum 3 characters :
Wrong Input : Fist letter Should be capital and must contains minimum 3 characters :
Wrong Input : Fist letter Should be capital and must contains minimum 3 characters :
Wrong Input : Fist letter Should be capital and must contains minimum 3 characters :
Wrong Input : Fist letter Should be capital and must contains minimum 3 characters :
Wrong Input : Fist letter Should be capital and must contains minimum 3 characters :
Wrong Input : Fist letter Should be capital and must contains minimum 3 characters :
Wrong Input : Fist letter Should be capital and must contains minimum 3 characters :
Wrong Input : Fist letter Should be capital and must contains minimum 3 characters :
Wrong Input : Fist letter Should be capital and must contains minimum 3 characters :
Wrong Input : Fist letter Should be capital and must contains minimum 3 characters :
Wrong Input : Fist letter Should be capital and must contains minimum 3 characters :
Wrong Input : Fist letter Should be capital and must contains minimum 3 characters :
Wrong Input : Fist letter Should be capital and must contains minimum 3 characters :
Wrong Input : Fist letter Should be capital and must contains minimum 3 characters :
Wrong Input : Fist letter Should be capital and must contains minimum 3 characters :
Wrong Input : Fist letter Should be capital and must contains minimum 3 characters :
Wrong Input : Fist letter Should be capital and must contains minimum 3 characters :
Wrong Input : Fist letter Should be capital and must contains minimum 3 characters :
Wrong Input : Fist letter Should be capital and must contains minimum 3 characters :
Wrong Input : Fist letter Should be capital and must contains minimum 3 characters :
Wrong Input : Fist letter Should be capital and must contains minimum 3 characters :
Wrong Input : Fist letter Should be capital and must contains minimum 3 characters :
Wrong Input : Fist letter Should be capital and must contains minimum 3 characters :
Wrong Input : Fist letter Should be capital and must contains minimum 3 characters :
Wrong Input : Fist letter Should be capital and must contains minimum 3 characters :
Wrong Input : Fist letter Should be capital and must contains minimum 3 characters :
Wrong Input : Fist letter Should be capital and must contains minimum 3 characters :
Wrong Input : Fist letter Should be capital and must contains minimum 3 characters :
Wrong Input : Fist letter Should be capital and must contains minimum 3 characters :
Wrong Input : Fist letter Should be capital and must contains minimum 3 characters :
Wrong Input : Fist letter Should be capital and must contains minimum 3 characters :
Wrong Input : Fist letter Should be capital and must contains minimum 3 characters :
Wrong Input : Fist letter Should be capital and must contains minimum 3 characters :
Wrong Input : Fist letter Should be capital and must contains minimum 3 characters :
Wrong Input : Fist letter Should be capital and must contains minimum 3 characters :
Wrong Input : Fist letter Should be capital and must contains minimum 3 characters :
Wrong Input : Fist letter Should be capital and must contains minimum 3 characters :
Wrong Input : Fist letter Should be capital and must contains minimum 3 characters :
Wrong Input : Fist letter Should be capital and must contains minimum 3 characters :
Wrong Input : Fist letter Should be capital and must contains minimum 3 characters :
Wrong Input : Fist letter Should be capital and must contains minimum 3 characters :
Wrong Input : Fist letter Should be capital and must contains minimum 3 characters :
Wrong Input : Fist letter Should be capital and must contains minimum 3 characters :
Wrong Input : Fist letter Should be capital and must contains minimum 3 characters :
Wrong Input : Fist letter Should be capital and must contains minimum 3 characters :
Wrong Input : Fist letter Should be capital and must contains minimum 3 characters :
Wrong Input : Fist letter Should be capital and must contains minimum 3 characters :
Wrong Input : Fist letter Should be capital and must contains minimum 3 characters :
Wrong Input : Fist letter Should be capital and must contains minimum 3 characters :
Wrong Input : Fist letter Should be capital and must contains minimum 3 characters :
Wrong Input : Fist letter Should be capital and must contains minimum 3 characters :
Wrong Input : Fist letter Should be capital and must contains minimum 3 characters :
Wrong Input : Fist letter Should be capital and must contains minimum 3 characters :
Wrong Input : Fist letter Should be capital and must contains minimum 3 characters :
Wrong Input : Fist letter Should be capital and must contains minimum 3 characters :
Wrong Input : Fist letter Should be capital and must contains minimum 3 characters :
Wrong Input : Fist letter Should be capital and must contains minimum 3 characters :
Wrong Input : Fist letter Should be capital and must contains minimum 3 characters :
Wrong Input : Fist letter Should be capital and must contains minimum 3 characters :
Wrong Input : Fist letter Should be capital and must contains minimum 3 characters :
Wrong Input : Fist letter Should be capital and must contains minimum 3 characters :
Wrong Input : Fist letter Should be capital and must contains minimum 3 characters :
Wrong Input : Fist letter Should be capital and must contains minimum 3 characters :
Wrong Input : Fist letter Should be capital and must contains minimum 3 characters :
Wrong Input : Fist letter Should be capital and must contains minimum 3 characters :
Wrong Input : Fist letter Should be capital and must contains minimum 3 characters :
Wrong Input : Fist letter Should be capital and must contains minimum 3 characters :
Wrong Input : Fist letter Should be capital and must contains minimum 3 characters :
Wrong Input : Fist letter Should be capital and must contains minimum 3 characters :
Wrong Input : Fist letter Should be capital and must contains minimum 3 characters :
Wrong Input : Fist letter Should be capital and must contains minimum 3 characters :
Wrong Input : Fist letter Should be capital and must contains minimum 3 characters :
Wrong Input : Fist letter Should be capital and must contains minimum 3 characters :
Wrong Input : Fist letter Should be capital and must contains minimum 3 characters :
Wrong Input : Fist letter Should be capital and must contains minimum 3 characters :
Wrong Input : Fist letter Should be capital and must contains minimum 3 characters :
Wrong Input : Fist letter Should be capital and must contains minimum 3 characters :
Wrong Input : Fist letter Should be capital and must contains minimum 3 characters :
Wrong Input : Fist letter Should be capital and must contains minimum 3 characters :
Wrong Input : Fist letter Should be capital and must contains minimum 3 characters :
Wrong Input : Fist letter Should be capital and must contains minimum 3 characters :
Wrong Input : Fist letter Should be capital and must contains minimum 3 characters :
Wrong Input : Fist letter Should be capital and must contains minimum 3 characters :
Wrong Input : Fist letter Should be capital and must contains minimum 3 characters :
Wrong Input : Fist letter Should be capital and must contains minimum 3 characters :
Wrong Input : Fist letter Should be capital and must contains minimum 3 characters :
Wrong Input : Fist letter Should be capital and must contains minimum 3 characters :
Wrong Input : Fist letter Should be capital and must contains minimum 3 characters :
Wrong Input : Fist letter Should be capital and must contains minimum 3 characters :
Wrong Input : Fist letter Should be capital and must contains minimum 3 characters :
Wrong Input : Fist letter Should be capital and must contains minimum 3 characters :
Wrong Input : Fist letter Should be capital and must contains minimum 3 characters :
Wrong Input : Fist letter Should be capital and must contains minimum 3 characters :
Wrong Input : Fist letter Should be capital and must contains minimum 3 characters :
Wrong Input : Fist letter Should be capital and must contains minimum 3 characters :
Wrong Input : Fist letter Should be capital and must contains minimum 3 characters :
Wrong Input : Fist letter Should be capital and must contains minimum 3 characters :
Wrong Input : Fist letter Should be capital and must contains minimum 3 characters :
Wrong Input : Fist letter Should be capital and must contains minimum 3 characters :
Wrong Input : Fist letter Should be capital and must contains minimum 3 characters :
Wrong Input : Fist letter Should be capital and must contains minimum 3 characters :
Wrong Input : Fist letter Should be capital and must contains minimum 3 characters :
Wrong Input : Fist letter Should be capital and must contains minimum 3 characters :
Wrong Input : Fist letter Should be capital and must contains minimum 3 characters :
Wrong Input : Fist letter Should be capital and must contains minimum 3 characters :
Wrong Input : Fist letter Should be capital and must contains minimum 3 characters :
Wrong Input : Fist letter Should be capital and must contains minimum 3 characters :
Wrong Input : Fist letter Should be capital and must contains minimum 3 characters :
Wrong Input : Fist letter Should be capital and must contains minimum 3 characters :
Wrong Input : Fist letter Should be capital and must contains minimum 3 characters :
Wrong Input : Fist letter Should be capital and must contains minimum 3 characters :
Wrong Input : Fist letter Should be capital and must contains minimum 3 characters :
Wrong Input : Fist letter Should be capital and must contains minimum 3 characters :
Wrong Input : Fist letter Should be capital and must contains minimum 3 characters :
Wrong Input : Fist letter Should be capital and must contains minimum 3 characters :
Wrong Input : Fist letter Should be capital and must contains minimum 3 characters :
Wrong Input : Fist letter Should be capital and must contains minimum 3 characters :
Wrong Input : Fist letter Should be capital and must contains minimum 3 characters :
Wrong Input : Fist letter Should be capital and must contains minimum 3 characters :
Wrong Input : Fist letter Should be capital and must contains minimum 3 characters :
Wrong Input : Fist letter Should be capital and must contains minimum 3 characters :
Wrong Input : Fist letter Should be capital and must contains minimum 3 characters :
Wrong Input : Fist letter Should be capital and must contains minimum 3 characters :
Wrong Input : Fist letter Should be capital and must contains minimum 3 characters :
Wrong Input : Fist letter Should be capital and must contains minimum 3 characters :
Wrong Input : Fist letter Should be capital and must contains minimum 3 characters :
Wrong Input : Fist letter Should be capital and must contains minimum 3 characters :
Wrong Input : Fist letter Should be capital and must contains minimum 3 characters :
Wrong Input : Fist letter Should be capital and must contains minimum 3 characters :
Wrong Input : Fist letter Should be capital and must contains minimum 3 characters :
Wrong Input : Fist letter Should be capital and must contains minimum 3 characters :
Wrong Input : Fist letter Should be capital and must contains minimum 3 characters :
Wrong Input : Fist letter Should be capital and must contains minimum 3 characters :
Wrong Input : Fist letter Should be capital and must contains minimum 3 characters :
Wrong Input : Fist letter Should be capital and must contains minimum 3 characters :
Wrong Input : Fist letter Should be capital and must contains minimum 3 characters :
Wrong Input : Fist letter Should be capital and must contains minimum 3 characters :
Wrong Input : Fist letter Should be capital and must contains minimum 3 characters :
Wrong Input : Fist letter Should be capital and must contains minimum 3 characters :
Wrong Input : Fist letter Should be capital and must contains minimum 3 characters :
Wrong Input : Fist letter Should be capital and must contains minimum 3 characters :
Wrong Input : Fist letter Should be capital and must contains minimum 3 characters :
Wrong Input : Fist letter Should be capital and must contains minimum 3 characters :
Wrong Input : Fist letter Should be capital and must contains minimum 3 characters :
Wrong Input : Fist letter Should be capital and must contains minimum 3 characters :
Wrong Input : Fist letter Should be capital and must contains minimum 3 characters :
Wrong Input : Fist letter Should be capital and must contains minimum 3 characters :
Wrong Input : Fist letter Should be capital and must contains minimum 3 characters :
Wrong Input : Fist letter Should be capital and must contains minimum 3 characters :
Wrong Input : Fist letter Should be capital and must contains minimum 3 characters :
Wrong Input : Fist letter Should be capital and must contains minimum 3 characters :
Wrong Input : Fist letter Should be capital and must contains minimum 3 characters :
Wrong Input : Fist letter Should be capital and must contains minimum 3 characters :
Wrong Input : Fist letter Should be capital and must contains minimum 3 characters :
Wrong Input : Fist letter Should be capital and must contains minimum 3 characters :
Wrong Input : Fist letter Should be capital and must contains minimum 3 characters :
Wrong Input : Fist letter Should be capital and must contains minimum 3 characters :
Wrong Input : Fist letter Should be capital and must contains minimum 3 characters :
Wrong Input : Fist letter Should be capital and must contains minimum 3 characters :
Wrong Input : Fist letter Should be capital and must contains minimum 3 characters :
Wrong Input : Fist letter Should be capital and must contains minimum 3 characters :
Wrong Input : Fist letter Should be capital and must contains minimum 3 characters :
Wrong Input : Fist letter Should be capital and must contains minimum 3 characters :
Wrong Input : Fist letter Should be capital and must contains minimum 3 characters :
Wrong Input : Fist letter Should be capital and must contains minimum 3 characters :
Wrong Input : Fist letter Should be capital and must contains minimum 3 characters :
Wrong Input : Fist letter Should be capital and must contains minimum 3 characters :
Wrong Input : Fist letter Should be capital and must contains minimum 3 characters :
Wrong Input : Fist letter Should be capital and must contains minimum 3 characters :
Wrong Input : Fist letter Should be capital and must contains minimum 3 characters :
Wrong Input : Fist letter Should be capital and must contains minimum 3 characters :
Wrong Input : Fist letter Should be capital and must contains minimum 3 characters :
Wrong Input : Fist letter Should be capital and must contains minimum 3 characters :
Wrong Input : Fist letter Should be capital and must contains minimum 3 characters :
Wrong Input : Fist letter Should be capital and must contains minimum 3 characters :
Wrong Input : Fist letter Should be capital and must contains minimum 3 characters :
Wrong Input : Fist letter Should be capital and must contains minimum 3 characters :
Wrong Input : Fist letter Should be capital and must contains minimum 3 characters :
Wrong Input : Fist letter Should be capital and must contains minimum 3 characters :
Wrong Input : Fist letter Should be capital and must contains minimum 3 characters :
Wrong Input : Fist letter Should be capital and must contains minimum 3 characters :
Wrong Input : Fist letter Should be capital and must contains minimum 3 characters :
Wrong Input : Fist letter Should be capital and must contains minimum 3 characters :
Wrong Input : Fist letter Should be capital and must contains minimum 3 characters :
Wrong Input : Fist letter Should be capital and must contains minimum 3 characters :
Wrong Input : Fist letter Should be capital and must contains minimum 3 characters :
Wrong Input : Fist letter Should be capital and must contains minimum 3 characters :
Wrong Input : Fist letter Should be capital and must contains minimum 3 characters :
Wrong Input : Fist letter Should be capital and must contains minimum 3 characters :
Wrong Input : Fist letter Should be capital and must contains minimum 3 characters :
Wrong Input : Fist letter Should be capital and must contains minimum 3 characters :
Wrong Input : Fist letter Should be capital and must contains minimum 3 characters :
Wrong Input : Fist letter Should be capital and must contains minimum 3 characters :
Wrong Input : Fist letter Should be capital and must contains minimum 3 characters :
Wrong Input : Fist letter Should be capital and must contains minimum 3 characters :
Wrong Input : Fist letter Should be capital and must contains minimum 3 characters :
Wrong Input : Fist letter Should be capital and must contains minimum 3 characters :
Wrong Input : Fist letter Should be capital and must contains minimum 3 characters :
Wrong Input : Fist letter Should be capital and must contains minimum 3 characters :
Wrong Input : Fist letter Should be capital and must contains minimum 3 characters :
Wrong Input : Fist letter Should be capital and must contains minimum 3 characters :
Wrong Input : Fist letter Should be capital and must contains minimum 3 characters :
Wrong Input : Fist letter Should be capital and must contains minimum 3 characters :
Wrong Input : Fist letter Should be capital and must contains minimum 3 characters :
Wrong Input : Fist letter Should be capital and must contains minimum 3 characters :
Wrong Input : Fist letter Should be capital and must contains minimum 3 characters :
Wrong Input : Fist letter Should be capital and must contains minimum 3 characters :
Wrong Input : Fist letter Should be capital and must contains minimum 3 characters :
Wrong Input : Fist letter Should be capital and must contains minimum 3 characters :
Wrong Input : Fist letter Should be capital and must contains minimum 3 characters :
Wrong Input : Fist letter Should be capital and must contains minimum 3 characters :
Wrong Input : Fist letter Should be capital and must contains minimum 3 characters :
Wrong Input : Fist letter Should be capital and must contains minimum 3 characters :
Wrong Input : Fist letter Should be capital and must contains minimum 3 characters :
Wrong Input : Fist letter Should be capital and must contains minimum 3 characters :
Wrong Input : Fist letter Should be capital and must contains minimum 3 characters :
Wrong Input : Fist letter Should be capital and must contains minimum 3 characters :
Wrong Input : Fist letter Should be capital and must contains minimum 3 characters :
Wrong Input : Fist letter Should be capital and must contains minimum 3 characters :
Wrong Input : Fist letter Should be capital and must contains minimum 3 characters :
Wrong Input : Fist letter Should be capital and must contains minimum 3 characters :
Wrong Input : Fist letter Should be capital and must contains minimum 3 characters :
Wrong Input : Fist letter Should be capital and must contains minimum 3 characters :
Wrong Input : Fist letter Should be capital and must contains minimum 3 characters :
Wrong Input : Fist letter Should be capital and must contains minimum 3 characters :
Wrong Input : Fist letter Should be capital and must contains minimum 3 characters :
Wrong Input : Fist letter Should be capital and must contains minimum 3 characters :
Wrong Input : Fist letter Should be capital and must contains minimum 3 characters :
Wrong Input : Fist letter Should be capital and must contains minimum 3 characters :
Wrong Input : Fist letter Should be capital and must contains minimum 3 characters :
Wrong Input : Fist letter Should be capital and must contains minimum 3 characters :
Wrong Input : Fist letter Should be capital and must contains minimum 3 characters :
Wrong Input : Fist letter Should be capital and must contains minimum 3 characters :
Wrong Input : Fist letter Should be capital and must contains minimum 3 characters :
Wrong Input : Fist letter Should be capital and must contains minimum 3 characters :
Wrong Input : Fist letter Should be capital and must contains minimum 3 characters :
Wrong Input : Fist letter Should be capital and must contains minimum 3 characters :
Wrong Input : Fist letter Should be capital and must contains minimum 3 characters :
Wrong Input : Fist letter Should be capital and must contains minimum 3 characters :
Wrong Input : Fist letter Should be capital and must contains minimum 3 characters :
Wrong Input : Fist letter Should be capital and must contains minimum 3 characters :
Wrong Input : Fist letter Should be capital and must contains minimum 3 characters :
Wrong Input : Fist letter Should be capital and must contains minimum 3 characters :
Wrong Input : Fist letter Should be capital and must contains minimum 3 characters :
Wrong Input : Fist letter Should be capital and must contains minimum 3 characters :
Wrong Input : Fist letter Should be capital and must contains minimum 3 characters :
Wrong Input : Fist letter Should be capital and must contains minimum 3 characters :
Wrong Input : Fist letter Should be capital and must contains minimum 3 characters :
Wrong Input : Fist letter Should be capital and must contains minimum 3 characters :
Wrong Input : Fist letter Should be capital and must contains minimum 3 characters :
Wrong Input : Fist letter Should be capital and must contains minimum 3 characters :
Wrong Input : Fist letter Should be capital and must contains minimum 3 characters :
Wrong Input : Fist letter Should be capital and must contains minimum 3 characters :
Wrong Input : Fist letter Should be capital and must contains minimum 3 characters :
Wrong Input : Fist letter Should be capital and must contains minimum 3 characters :
Wrong Input : Fist letter Should be capital and must contains minimum 3 characters :
Wrong Input : Fist letter Should be capital and must contains minimum 3 characters :
Wrong Input : Fist letter Should be capital and must contains minimum 3 characters :
Wrong Input : Fist letter Should be capital and must contains minimum 3 characters :
Wrong Input : Fist letter Should be capital and must contains minimum 3 characters :
Wrong Input : Fist letter Should be capital and must contains minimum 3 characters :
Wrong Input : Fist letter Should be capital and must contains minimum 3 characters :
Wrong Input : Fist letter Should be capital and must contains minimum 3 characters :
Wrong Input : Fist letter Should be capital and must contains minimum 3 characters :
Wrong Input : Fist letter Should be capital and must contains minimum 3 characters :
Wrong Input : Fist letter Should be capital and must contains minimum 3 characters :
Wrong Input : Fist letter Should be capital and must contains minimum 3 characters :
Wrong Input : Fist letter Should be capital and must contains minimum 3 characters :
Wrong Input : Fist letter Should be capital and must contains minimum 3 characters :
Wrong Input : Fist letter Should be capital and must contains minimum 3 characters :
Wrong Input : Fist letter Should be capital and must contains minimum 3 characters :
Wrong Input : Fist letter Should be capital and must contains minimum 3 characters :
Wrong Input : Fist letter Should be capital and must contains minimum 3 characters :
Wrong Input : Fist letter Should be capital and must contains minimum 3 characters :
Wrong Input : Fist letter Should be capital and must contains minimum 3 characters :
Wrong Input : Fist letter Should be capital and must contains minimum 3 characters :
Wrong Input : Fist letter Should be capital and must contains minimum 3 characters :
Wrong Input : Fist letter Should be capital and must contains minimum 3 characters :
Wrong Input : Fist letter Should be capital and must contains minimum 3 characters :
Wrong Input : Fist letter Should be capital and must contains minimum 3 characters :
Wrong Input : Fist letter Should be capital and must contains minimum 3 characters :
Wrong Input : Fist letter Should be capital and must contains minimum 3 characters :
Wrong Input : Fist letter Should be capital and must contains minimum 3 characters :
Wrong Input : Fist letter Should be capital and must contains minimum 3 characters :
Wrong Input : Fist letter Should be capital and must contains minimum 3 characters :
Wrong Input : Fist letter Should be capital and must contains minimum 3 characters :
Wrong Input : Fist letter Should be capital and must contains minimum 3 characters :
Wrong Input : Fist letter Should be capital and must contains minimum 3 characters :
Wrong Input : Fist letter Should be capital and must contains minimum 3 characters :
Wrong Input : Fist letter Should be capital and must contains minimum 3 characters :
Wrong Input : Fist letter Should be capital and must contains minimum 3 characters :
Wrong Input : Fist letter Should be capital and must contains minimum 3 characters :
Wrong Input : Fist letter Should be capital and must contains minimum 3 characters :
Wrong Input : Fist letter Should be capital and must contains minimum 3 characters :
Wrong Input : Fist letter Should be capital and must contains minimum 3 characters :
Wrong Input : Fist letter Should be capital and must contains minimum 3 characters :
Wrong Input : Fist letter Should be capital and must contains minimum 3 characters :
Wrong Input : Fist letter Should be capital and must contains minimum 3 characters :
Wrong Input : Fist letter Should be capital and must contains minimum 3 characters :
Wrong Input : Fist letter Should be capital and must contains minimum 3 characters :
Wrong Input : Fist letter Should be capital and must contains minimum 3 characters :
Wrong Input : Fist letter Should be capital and must contains minimum 3 characters :
Wrong Input : Fist letter Should be capital and must contains minimum 3 characters :
Wrong Input : Fist letter Should be capital and must contains minimum 3 characters :
Wrong Input : Fist letter Should be capital and must contains minimum 3 characters :
Wrong Input : Fist letter Should be capital and must contains minimum 3 characters :
Wrong Input : Fist letter Should be capital and must contains minimum 3 characters :
Wrong Input : Fist letter Should be capital and must contains minimum 3 characters :
Wrong Input : Fist letter Should be capital and must contains minimum 3 characters :
Wrong Input : Fist letter Should be capital and must contains minimum 3 characters :
Wrong Input : Fist letter Should be capital and must contains minimum 3 characters :
Wrong Input : Fist letter Should be capital and must contains minimum 3 characters :
Wrong Input : Fist letter Should be capital and must contains minimum 3 characters :
Wrong Input : Fist letter Should be capital and must contains minimum 3 characters :
Wrong Input : Fist letter Should be capital and must contains minimum 3 characters :
Wrong Input : Fist letter Should be capital and must contains minimum 3 characters :
Wrong Input : Fist letter Should be capital and must contains minimum 3 characters :
Wrong Input : Fist letter Should be capital and must contains minimum 3 characters :
Wrong Input : Fist letter Should be capital and must contains minimum 3 characters :
Wrong Input : Fist letter Should be capital and must contains minimum 3 characters :
Wrong Input : Fist letter Should be capital and must contains minimum 3 characters :
Wrong Input : Fist letter Should be capital and must contains minimum 3 characters :
Wrong Input : Fist letter Should be capital and must contains minimum 3 characters :
Wrong Input : Fist letter Should be capital and must contains minimum 3 characters :
Wrong Input : Fist letter Should be capital and must contains minimum 3 characters :
Wrong Input : Fist letter Should be capital and must contains minimum 3 characters :
Wrong Input : Fist letter Should be capital and must contains minimum 3 characters :
Wrong Input : Fist letter Should be capital and must contains minimum 3 characters :
Wrong Input : Fist letter Should be capital and must contains minimum 3 characters :
Wrong Input : Fist letter Should be capital and must contains minimum 3 characters :
Wrong Input : Fist letter Should be capital and must contains minimum 3 characters :
Wrong Input : Fist letter Should be capital and must contains minimum 3 characters :
Wrong Input : Fist letter Should be capital and must contains minimum 3 characters :
Wrong Input : Fist letter Should be capital and must contains minimum 3 characters :
Wrong Input : Fist letter Should be capital and must contains minimum 3 characters :
Wrong Input : Fist letter Should be capital and must contains minimum 3 characters :
Wrong Input : Fist letter Should be capital and must contains minimum 3 characters :
Wrong Input : Fist letter Should be capital and must contains minimum 3 characters :
Wrong Input : Fist letter Should be capital and must contains minimum 3 characters :
Wrong Input : Fist letter Should be capital and must contains minimum 3 characters :
Wrong Input : Fist letter Should be capital and must contains minimum 3 characters :
Wrong Input : Fist letter Should be capital and must contains minimum 3 characters :
Wrong Input : Fist letter Should be capital and must contains minimum 3 characters :
Wrong Input : Fist letter Should be capital and must contains minimum 3 characters :
Wrong Input : Fist letter Should be capital and must contains minimum 3 characters :
Wrong Input : Fist letter Should be capital and must contains minimum 3 characters :
Wrong Input : Fist letter Should be capital and must contains minimum 3 characters :
Wrong Input : Fist letter Should be capital and must contains minimum 3 characters :
Wrong Input : Fist letter Should be capital and must contains minimum 3 characters :
Wrong Input : Fist letter Should be capital and must contains minimum 3 characters :
Wrong Input : Fist letter Should be capital and must contains minimum 3 characters :
Wrong Input : Fist letter Should be capital and must contains minimum 3 characters :
Wrong Input : Fist letter Should be capital and must contains minimum 3 characters :
Wrong Input : Fist letter Should be capital and must contains minimum 3 characters :
Wrong Input : Fist letter Should be capital and must contains minimum 3 characters :
Wrong Input : Fist letter Should be capital and must contains minimum 3 characters :
Wrong Input : Fist letter Should be capital and must contains minimum 3 characters :
Wrong Input : Fist letter Should be capital and must contains minimum 3 characters :
Wrong Input : Fist letter Should be capital and must contains minimum 3 characters :
Wrong Input : Fist letter Should be capital and must contains minimum 3 characters :
Wrong Input : Fist letter Should be capital and must contains minimum 3 characters :
Wrong Input : Fist letter Should be capital and must contains minimum 3 characters :
Wrong Input : Fist letter Should be capital and must contains minimum 3 characters :
Wrong Input : Fist letter Should be capital and must contains minimum 3 characters :
Wrong Input : Fist letter Should be capital and must contains minimum 3 characters :
Wrong Input : Fist letter Should be capital and must contains minimum 3 characters :
Wrong Input : Fist letter Should be capital and must contains minimum 3 characters :
Wrong Input : Fist letter Should be capital and must contains minimum 3 characters :
Wrong Input : Fist letter Should be capital and must contains minimum 3 characters :
Wrong Input : Fist letter Should be capital and must contains minimum 3 characters :
Wrong Input : Fist letter Should be capital and must contains minimum 3 characters :
Wrong Input : Fist letter Should be capital and must contains minimum 3 characters :
Wrong Input : Fist letter Should be capital and must contains minimum 3 characters :
Wrong Input : Fist letter Should be capital and must contains minimum 3 characters :
Wrong Input : Fist letter Should be capital and must contains minimum 3 characters :
Wrong Input : Fist letter Should be capital and must contains minimum 3 characters :
Wrong Input : Fist letter Should be capital and must contains minimum 3 characters :
Wrong Input : Fist letter Should be capital and must contains minimum 3 characters :
Wrong Input : Fist letter Should be capital and must contains minimum 3 characters :
Wrong Input : Fist letter Should be capital and must contains minimum 3 characters :
Wrong Input : Fist letter Should be capital and must contains minimum 3 characters :
Wrong Input : Fist letter Should be capital and must contains minimum 3 characters :
Wrong Input : Fist letter Should be capital and must contains minimum 3 characters :
Wrong Input : Fist letter Should be capital and must contains minimum 3 characters :
Wrong Input : Fist letter Should be capital and must contains minimum 3 characters :
Wrong Input : Fist letter Should be capital and must contains minimum 3 characters :
Wrong Input : Fist letter Should be capital and must contains minimum 3 characters :
Wrong Input : Fist letter Should be capital and must contains minimum 3 characters :
Wrong Input : Fist letter Should be capital and must contains minimum 3 characters :
Wrong Input : Fist letter Should be capital and must contains minimum 3 characters :
Wrong Input : Fist letter Should be capital and must contains minimum 3 characters :
Wrong Input : Fist letter Should be capital and must contains minimum 3 characters :
Wrong Input : Fist letter Should be capital and must contains minimum 3 characters :
Wrong Input : Fist letter Should be capital and must contains minimum 3 characters :
Wrong Input : Fist letter Should be capital and must contains minimum 3 characters :
Wrong Input : Fist letter Should be capital and must contains minimum 3 characters :
Wrong Input : Fist letter Should be capital and must contains minimum 3 characters :
Wrong Input : Fist letter Should be capital and must contains minimum 3 characters :
Wrong Input : Fist letter Should be capital and must contains minimum 3 characters :
Wrong Input : Fist letter Should be capital and must contains minimum 3 characters :
Wrong Input : Fist letter Should be capital and must contains minimum 3 characters :
Wrong Input : Fist letter Should be capital and must contains minimum 3 characters :
Wrong Input : Fist letter Should be capital and must contains minimum 3 characters :
Wrong Input : Fist letter Should be capital and must contains minimum 3 characters :
Wrong Input : Fist letter Should be capital and must contains minimum 3 characters :
Wrong Input : Fist letter Should be capital and must contains minimum 3 characters :
Wrong Input : Fist letter Should be capital and must contains minimum 3 characters :
Wrong Input : Fist letter Should be capital and must contains minimum 3 characters :
Wrong Input : Fist letter Should be capital and must contains minimum 3 characters :
Wrong Input : Fist letter Should be capital and must contains minimum 3 characters :
Wrong Input : Fist letter Should be capital and must contains minimum 3 characters :
Wrong Input : Fist letter Should be capital and must contains minimum 3 characters :
Wrong Input : Fist letter Should be capital and must contains minimum 3 characters :
Wrong Input : Fist letter Should be capital and must contains minimum 3 characters :
Wrong Input : Fist letter Should be capital and must contains minimum 3 characters :
Wrong Input : Fist letter Should be capital and must contains minimum 3 characters :
Wrong Input : Fist letter Should be capital and must contains minimum 3 characters :
Wrong Input : Fist letter Should be capital and must contains minimum 3 characters :
Wrong Input : Fist letter Should be capital and must contains minimum 3 characters :
Wrong Input : Fist letter Should be capital and must contains minimum 3 characters :
Wrong Input : Fist letter Should be capital and must contains minimum 3 characters :
Wrong Input : Fist letter Should be capital and must contains minimum 3 characters :
Wrong Input : Fist letter Should be capital and must contains minimum 3 characters :
Wrong Input : Fist letter Should be capital and must contains minimum 3 characters :
Wrong Input : Fist letter Should be capital and must contains minimum 3 characters :
Wrong Input : Fist letter Should be capital and must contains minimum 3 characters :
Wrong Input : Fist letter Should be capital and must contains minimum 3 characters :
Wrong Input : Fist letter Should be capital and must contains minimum 3 characters :
Wrong Input : Fist letter Should be capital and must contains minimum 3 characters :
Wrong Input : Fist letter Should be capital and must contains minimum 3 characters :
Wrong Input : Fist letter Should be capital and must contains minimum 3 characters :
Wrong Input : Fist letter Should be capital and must contains minimum 3 characters :
Wrong Input : Fist letter Should be capital and must contains minimum 3 characters :
Wrong Input : Fist letter Should be capital and must contains minimum 3 characters :
Wrong Input : Fist letter Should be capital and must contains minimum 3 characters :
Wrong Input : Fist letter Should be capital and must contains minimum 3 characters :
Wrong Input : Fist letter Should be capital and must contains minimum 3 characters :
Wrong Input : Fist letter Should be capital and must contains minimum 3 characters :
Wrong Input : Fist letter Should be capital and must contains minimum 3 characters :
Wrong Input : Fist letter Should be capital and must contains minimum 3 characters :
Wrong Input : Fist letter Should be capital and must contains minimum 3 characters :
Wrong Input : Fist letter Should be capital and must contains minimum 3 characters :
Wrong Input : Fist letter Should be capital and must contains minimum 3 characters :
Wrong Input : Fist letter Should be capital and must contains minimum 3 characters :
Wrong Input : Fist letter Should be capital and must contains minimum 3 characters :
Wrong Input : Fist letter Should be capital and must contains minimum 3 characters :
Wrong Input : Fist letter Should be capital and must contains minimum 3 characters :
Wrong Input : Fist letter Should be capital and must contains minimum 3 characters :
Wrong Input : Fist letter Should be capital and must contains minimum 3 characters :
Wrong Input : Fist letter Should be capital and must contains minimum 3 characters :
Wrong Input : Fist letter Should be capital and must contains minimum 3 characters :
Wrong Input : Fist letter Should be capital and must contains minimum 3 characters :
Wrong Input : Fist letter Should be capital and must contains minimum 3 characters :
Wrong Input : Fist letter Should be capital and must contains minimum 3 characters :
Wrong Input : Fist letter Should be capital and must contains minimum 3 characters :
Wrong Input : Fist letter Should be capital and must contains minimum 3 characters :
Wrong Input : Fist letter Should be capital and must contains minimum 3 characters :
Wrong Input : Fist letter Should be capital and must contains minimum 3 characters :
Wrong Input : Fist letter Should be capital and must contains minimum 3 characters :
Wrong Input : Fist letter Should be capital and must contains minimum 3 characters :
Wrong Input : Fist letter Should be capital and must contains minimum 3 characters :
Wrong Input : Fist letter Should be capital and must contains minimum 3 characters :
Wrong Input : Fist letter Should be capital and must contains minimum 3 characters :
Wrong Input : Fist letter Should be capital and must contains minimum 3 characters :
Wrong Input : Fist letter Should be capital and must contains minimum 3 characters :
Wrong Input : Fist letter Should be capital and must contains minimum 3 characters :
Wrong Input : Fist letter Should be capital and must contains minimum 3 characters :
Wrong Input : Fist letter Should be capital and must contains minimum 3 characters :
Wrong Input : Fist letter Should be capital and must contains minimum 3 characters :
Wrong Input : Fist letter Should be capital and must contains minimum 3 characters :
Wrong Input : Fist letter Should be capital and must contains minimum 3 characters :
Wrong Input : Fist letter Should be capital and must contains minimum 3 characters :
Wrong Input : Fist letter Should be capital and must contains minimum 3 characters :
Wrong Input : Fist letter Should be capital and must contains minimum 3 characters :
Wrong Input : Fist letter Should be capital and must contains minimum 3 characters :
Wrong Input : Fist letter Should be capital and must contains minimum 3 characters :
Wrong Input : Fist letter Should be capital and must contains minimum 3 characters :
Wrong Input : Fist letter Should be capital and must contains minimum 3 characters :
Wrong Input : Fist letter Should be capital and must contains minimum 3 characters :
Wrong Input : Fist letter Should be capital and must contains minimum 3 characters :
Wrong Input : Fist letter Should be capital and must contains minimum 3 characters :
Wrong Input : Fist letter Should be capital and must contains minimum 3 characters :
Wrong Input : Fist letter Should be capital and must contains minimum 3 characters :
Wrong Input : Fist letter Should be capital and must contains minimum 3 characters :
Wrong Input : Fist letter Should be capital and must contains minimum 3 characters :
Wrong Input : Fist letter Should be capital and must contains minimum 3 characters :
Wrong Input : Fist letter Should be capital and must contains minimum 3 characters :
Wrong Input : Fist letter Should be capital and must contains minimum 3 characters :
Wrong Input : Fist letter Should be capital and must contains minimum 3 characters :
Wrong Input : Fist letter Should be capital and must contains minimum 3 characters :
Wrong Input : Fist letter Should be capital and must contains minimum 3 characters :
Wrong Input : Fist letter Should be capital and must contains minimum 3 characters :
Wrong Input : Fist letter Should be capital and must contains minimum 3 characters :
Wrong Input : Fist letter Should be capital and must contains minimum 3 characters :
Wrong Input : Fist letter Should be capital and must contains minimum 3 characters :
Wrong Input : Fist letter Should be capital and must contains minimum 3 characters :
Wrong Input : Fist letter Should be capital and must contains minimum 3 characters :
Wrong Input : Fist letter Should be capital and must contains minimum 3 characters :
Wrong Input : Fist letter Should be capital and must contains minimum 3 characters :
Wrong Input : Fist letter Should be capital and must contains minimum 3 characters :
Wrong Input : Fist letter Should be capital and must contains minimum 3 characters :
Wrong Input : Fist letter Should be capital and must contains minimum 3 characters :
Wrong Input : Fist letter Should be capital and must contains minimum 3 characters :
Wrong Input : Fist letter Should be capital and must contains minimum 3 characters :
Wrong Input : Fist letter Should be capital and must contains minimum 3 characters :
Wrong Input : Fist letter Should be capital and must contains minimum 3 characters :
Wrong Input : Fist letter Should be capital and must contains minimum 3 characters :
Wrong Input : Fist letter Should be capital and must contains minimum 3 characters :
Wrong Input : Fist letter Should be capital and must contains minimum 3 characters :
Wrong Input : Fist letter Should be capital and must contains minimum 3 characters :
Wrong Input : Fist letter Should be capital and must contains minimum 3 characters :
Wrong Input : Fist letter Should be capital and must contains minimum 3 characters :
Wrong Input : Fist letter Should be capital and must contains minimum 3 characters :
Wrong Input : Fist letter Should be capital and must contains minimum 3 characters :
Wrong Input : Fist letter Should be capital and must contains minimum 3 characters :
Wrong Input : Fist letter Should be capital and must contains minimum 3 characters :
Wrong Input : Fist letter Should be capital and must contains minimum 3 characters :
Wrong Input : Fist letter Should be capital and must contains minimum 3 characters :
Wrong Input : Fist letter Should be capital and must contains minimum 3 characters :
Wrong Input : Fist letter Should be capital and must contains minimum 3 characters :
Wrong Input : Fist letter Should be capital and must contains minimum 3 characters :
Wrong Input : Fist letter Should be capital and must contains minimum 3 characters :
Wrong Input : Fist letter Should be capital and must contains minimum 3 characters :
Wrong Input : Fist letter Should be capital and must contains minimum 3 characters :
Wrong Input : Fist letter Should be capital and must contains minimum 3 characters :
Wrong Input : Fist letter Should be capital and must contains minimum 3 characters :
Wrong Input : Fist letter Should be capital and must contains minimum 3 characters :
Wrong Input : Fist letter Should be capital and must contains minimum 3 characters :
Wrong Input : Fist letter Should be capital and must contains minimum 3 characters :
Wrong Input : Fist letter Should be capital and must contains minimum 3 characters :
Wrong Input : Fist letter Should be capital and must contains minimum 3 characters :
Wrong Input : Fist letter Should be capital and must contains minimum 3 characters :
Wrong Input : Fist letter Should be capital and must contains minimum 3 characters :
Wrong Input : Fist letter Should be capital and must contains minimum 3 characters :
Wrong Input : Fist letter Should be capital and must contains minimum 3 characters :
Wrong Input : Fist letter Should be capital and must contains minimum 3 characters :
Wrong Input : Fist letter Should be capital and must contains minimum 3 characters :
Wrong Input : Fist letter Should be capital and must contains minimum 3 characters :
Wrong Input : Fist letter Should be capital and must contains minimum 3 characters :
Wrong Input : Fist letter Should be capital and must contains minimum 3 characters :
Wrong Input : Fist letter Should be capital and must contains minimum 3 characters :
Wrong Input : Fist letter Should be capital and must contains minimum 3 characters :
Wrong Input : Fist letter Should be capital and must contains minimum 3 characters :
Wrong Input : Fist letter Should be capital and must contains minimum 3 characters :
Wrong Input : Fist letter Should be capital and must contains minimum 3 characters :
Wrong Input : Fist letter Should be capital and must contains minimum 3 characters :
Wrong Input : Fist letter Should be capital and must contains minimum 3 characters :
Wrong Input : Fist letter Should be capital and must contains minimum 3 characters :
Wrong Input : Fist letter Should be capital and must contains minimum 3 characters :
Wrong Input : Fist letter Should be capital and must contains minimum 3 characters :
Wrong Input : Fist letter Should be capital and must contains minimum 3 characters :
Wrong Input : Fist letter Should be capital and must contains minimum 3 characters :
Wrong Input : Fist letter Should be capital and must contains minimum 3 characters :
Wrong Input : Fist letter Should be capital and must contains minimum 3 characters :
Wrong Input : Fist letter Should be capital and must contains minimum 3 characters :
Wrong Input : Fist letter Should be capital and must contains minimum 3 characters :
Wrong Input : Fist letter Should be capital and must contains minimum 3 characters :
Wrong Input : Fist letter Should be capital and must contains minimum 3 characters :
Wrong Input : Fist letter Should be capital and must contains minimum 3 characters :
Wrong Input : Fist letter Should be capital and must contains minimum 3 characters :
Wrong Input : Fist letter Should be capital and must contains minimum 3 characters :
Wrong Input : Fist letter Should be capital and must contains minimum 3 characters :
Wrong Input : Fist letter Should be capital and must contains minimum 3 characters :
Wrong Input : Fist letter Should be capital and must contains minimum 3 characters :
Wrong Input : Fist letter Should be capital and must contains minimum 3 characters :
Wrong Input : Fist letter Should be capital and must contains minimum 3 characters :
Wrong Input : Fist letter Should be capital and must contains minimum 3 characters :
Wrong Input : Fist letter Should be capital and must contains minimum 3 characters :
Wrong Input : Fist letter Should be capital and must contains minimum 3 characters :
Wrong Input : Fist letter Should be capital and must contains minimum 3 characters :
Wrong Input : Fist letter Should be capital and must contains minimum 3 characters :
Wrong Input : Fist letter Should be capital and must contains minimum 3 characters :
Wrong Input : Fist letter Should be capital and must contains minimum 3 characters :
Wrong Input : Fist letter Should be capital and must contains minimum 3 characters :
Wrong Input : Fist letter Should be capital and must contains minimum 3 characters :
Wrong Input : Fist letter Should be capital and must contains minimum 3 characters :
Wrong Input : Fist letter Should be capital and must contains minimum 3 characters :
Wrong Input : Fist letter Should be capital and must contains minimum 3 characters :
Wrong Input : Fist letter Should be capital and must contains minimum 3 characters :
Wrong Input : Fist letter Should be capital and must contains minimum 3 characters :
Wrong Input : Fist letter Should be capital and must contains minimum 3 characters :
Wrong Input : Fist letter Should be capital and must contains minimum 3 characters :
Wrong Input : Fist letter Should be capital and must contains minimum 3 characters :
Wrong Input : Fist letter Should be capital and must contains minimum 3 characters :
Wrong Input : Fist letter Should be capital and must contains minimum 3 characters :
Wrong Input : Fist letter Should be capital and must contains minimum 3 characters :
Wrong Input : Fist letter Should be capital and must contains minimum 3 characters :
Wrong Input : Fist letter Should be capital and must contains minimum 3 characters :
Wrong Input : Fist letter Should be capital and must contains minimum 3 characters :
Wrong Input : Fist letter Should be capital and must contains minimum 3 characters :
Wrong Input : Fist letter Should be capital and must contains minimum 3 characters :
Wrong Input : Fist letter Should be capital and must contains minimum 3 characters :
Wrong Input : Fist letter Should be capital and must contains minimum 3 characters :
Wrong Input : Fist letter Should be capital and must contains minimum 3 characters :
Wrong Input : Fist letter Should be capital and must contains minimum 3 characters :
Wrong Input : Fist letter Should be capital and must contains minimum 3 characters :
Wrong Input : Fist letter Should be capital and must contains minimum 3 characters :
Wrong Input : Fist letter Should be capital and must contains minimum 3 characters :
Wrong Input : Fist letter Should be capital and must contains minimum 3 characters :
Wrong Input : Fist letter Should be capital and must contains minimum 3 characters :
Wrong Input : Fist letter Should be capital and must contains minimum 3 characters :
Wrong Input : Fist letter Should be capital and must contains minimum 3 characters :
Wrong Input : Fist letter Should be capital and must contains minimum 3 characters :
Wrong Input : Fist letter Should be capital and must contains minimum 3 characters :
Wrong Input : Fist letter Should be capital and must contains minimum 3 characters :
Wrong Input : Fist letter Should be capital and must contains minimum 3 characters :
Wrong Input : Fist letter Should be capital and must contains minimum 3 characters :
Wrong Input : Fist letter Should be capital and must contains minimum 3 characters :
Wrong Input : Fist letter Should be capital and must contains minimum 3 characters :
Wrong Input : Fist letter Should be capital and must contains minimum 3 characters :
Wrong Input : Fist letter Should be capital and must contains minimum 3 characters :
Wrong Input : Fist letter Should be capital and must contains minimum 3 characters :
Wrong Input : Fist letter Should be capital and must contains minimum 3 characters :
Wrong Input : Fist letter Should be capital and must contains minimum 3 characters :
Wrong Input : Fist letter Should be capital and must contains minimum 3 characters :
Wrong Input : Fist letter Should be capital and must contains minimum 3 characters :
Wrong Input : Fist letter Should be capital and must contains minimum 3 characters :
Wrong Input : Fist letter Should be capital and must contains minimum 3 characters :
Wrong Input : Fist letter Should be capital and must contains minimum 3 characters :
Wrong Input : Fist letter Should be capital and must contains minimum 3 characters :
Wrong Input : Fist letter Should be capital and must contains minimum 3 characters :
Wrong Input : Fist letter Should be capital and must contains minimum 3 characters :
Wrong Input : Fist letter Should be capital and must contains minimum 3 characters :
Wrong Input : Fist letter Should be capital and must contains minimum 3 characters :
Wrong Input : Fist letter Should be capital and must contains minimum 3 characters :
Wrong Input : Fist letter Should be capital and must contains minimum 3 characters :
Wrong Input : Fist letter Should be capital and must contains minimum 3 characters :
Wrong Input : Fist letter Should be capital and must contains minimum 3 characters :
Wrong Input : Fist letter Should be capital and must contains minimum 3 characters :
Wrong Input : Fist letter Should be capital and must contains minimum 3 characters :
Wrong Input : Fist letter Should be capital and must contains minimum 3 characters :
Wrong Input : Fist letter Should be capital and must contains minimum 3 characters :
Wrong Input : Fist letter Should be capital and must contains minimum 3 characters :
Wrong Input : Fist letter Should be capital and must contains minimum 3 characters :
Wrong Input : Fist letter Should be capital and must contains minimum 3 characters :
Wrong Input : Fist letter Should be capital and must contains minimum 3 characters :
Wrong Input : Fist letter Should be capital and must contains minimum 3 characters :
Wrong Input : Fist letter Should be capital and must contains minimum 3 characters :
Wrong Input : Fist letter Should be capital and must contains minimum 3 characters :
Wrong Input : Fist letter Should be capital and must contains minimum 3 characters :
Wrong Input : Fist letter Should be capital and must contains minimum 3 characters :
Wrong Input : Fist letter Should be capital and must contains minimum 3 characters :
Wrong Input : Fist letter Should be capital and must contains minimum 3 characters :
Wrong Input : Fist letter Should be capital and must contains minimum 3 characters :
Wrong Input : Fist letter Should be capital and must contains minimum 3 characters :
Wrong Input : Fist letter Should be capital and must contains minimum 3 characters :
Wrong Input : Fist letter Should be capital and must contains minimum 3 characters :
Wrong Input : Fist letter Should be capital and must contains minimum 3 characters :
Wrong Input : Fist letter Should be capital and must contains minimum 3 characters :
Wrong Input : Fist letter Should be capital and must contains minimum 3 characters :
Wrong Input : Fist letter Should be capital and must contains minimum 3 characters :
Wrong Input : Fist letter Should be capital and must contains minimum 3 characters :
Wrong Input : Fist letter Should be capital and must contains minimum 3 characters :
Wrong Input : Fist letter Should be capital and must contains minimum 3 characters :
Wrong Input : Fist letter Should be capital and must contains minimum 3 characters :
Wrong Input : Fist letter Should be capital and must contains minimum 3 characters :
Wrong Input : Fist letter Should be capital and must contains minimum 3 characters :
Wrong Input : Fist letter Should be capital and must contains minimum 3 characters :
Wrong Input : Fist letter Should be capital and must contains minimum 3 characters :
Wrong Input : Fist letter Should be capital and must contains minimum 3 characters :
Wrong Input : Fist letter Should be capital and must contains minimum 3 characters :
Wrong Input : Fist letter Should be capital and must contains minimum 3 characters :
Wrong Input : Fist letter Should be capital and must contains minimum 3 characters :
Wrong Input : Fist letter Should be capital and must contains minimum 3 characters :
Wrong Input : Fist letter Should be capital and must contains minimum 3 characters :
Wrong Input : Fist letter Should be capital and must contains minimum 3 characters :
Wrong Input : Fist letter Should be capital and must contains minimum 3 characters :
Wrong Input : Fist letter Should be capital and must contains minimum 3 characters :
Wrong Input : Fist letter Should be capital and must contains minimum 3 characters :
Wrong Input : Fist letter Should be capital and must contains minimum 3 characters :
Wrong Input : Fist letter Should be capital and must contains minimum 3 characters :
Wrong Input : Fist letter Should be capital and must contains minimum 3 characters :
Wrong Input : Fist letter Should be capital and must contains minimum 3 characters :
Wrong Input : Fist letter Should be capital and must contains minimum 3 characters :
Wrong Input : Fist letter Should be capital and must contains minimum 3 characters :
Wrong Input : Fist letter Should be capital and must contains minimum 3 characters :
Wrong Input : Fist letter Should be capital and must contains minimum 3 characters :
Wrong Input : Fist letter Should be capital and must contains minimum 3 characters :
Wrong Input : Fist letter Should be capital and must contains minimum 3 characters :
Wrong Input : Fist letter Should be capital and must contains minimum 3 characters :
Wrong Input : Fist letter Should be capital and must contains minimum 3 characters :
Wrong Input : Fist letter Should be capital and must contains minimum 3 characters :
Wrong Input : Fist letter Should be capital and must contains minimum 3 characters :
Wrong Input : Fist letter Should be capital and must contains minimum 3 characters :
Wrong Input : Fist letter Should be capital and must contains minimum 3 characters :
Wrong Input : Fist letter Should be capital and must contains minimum 3 characters :
Wrong Input : Fist letter Should be capital and must contains minimum 3 characters :
Wrong Input : Fist letter Should be capital and must contains minimum 3 characters :
Wrong Input : Fist letter Should be capital and must contains minimum 3 characters :
Wrong Input : Fist letter Should be capital and must contains minimum 3 characters :
Wrong Input : Fist letter Should be capital and must contains minimum 3 characters :
Wrong Input : Fist letter Should be capital and must contains minimum 3 characters :
Wrong Input : Fist letter Should be capital and must contains minimum 3 characters :
Wrong Input : Fist letter Should be capital and must contains minimum 3 characters :
Wrong Input : Fist letter Should be capital and must contains minimum 3 characters :
Wrong Input : Fist letter Should be capital and must contains minimum 3 characters :
Wrong Input : Fist letter Should be capital and must contains minimum 3 characters :
Wrong Input : Fist letter Should be capital and must contains minimum 3 characters :
Wrong Input : Fist letter Should be capital and must contains minimum 3 characters :
Wrong Input : Fist letter Should be capital and must contains minimum 3 characters :
Wrong Input : Fist letter Should be capital and must contains minimum 3 characters :
Wrong Input : Fist letter Should be capital and must contains minimum 3 characters :
Wrong Input : Fist letter Should be capital and must contains minimum 3 characters :
Wrong Input : Fist letter Should be capital and must contains minimum 3 characters :
Wrong Input : Fist letter Should be capital and must contains minimum 3 characters :
Wrong Input : Fist letter Should be capital and must contains minimum 3 characters :
Wrong Input : Fist letter Should be capital and must contains minimum 3 characters :
Wrong Input : Fist letter Should be capital and must contains minimum 3 characters :
Wrong Input : Fist letter Should be capital and must contains minimum 3 characters :
Wrong Input : Fist letter Should be capital and must contains minimum 3 characters :
Wrong Input : Fist letter Should be capital and must contains minimum 3 characters :
Wrong Input : Fist letter Should be capital and must contains minimum 3 characters :
Wrong Input : Fist letter Should be capital and must contains minimum 3 characters :
Wrong Input : Fist letter Should be capital and must contains minimum 3 characters :
Wrong Input : Fist letter Should be capital and must contains minimum 3 characters :
Wrong Input : Fist letter Should be capital and must contains minimum 3 characters :
Wrong Input : Fist letter Should be capital and must contains minimum 3 characters :
Wrong Input : Fist letter Should be capital and must contains minimum 3 characters :
Wrong Input : Fist letter Should be capital and must contains minimum 3 characters :
Wrong Input : Fist letter Should be capital and must contains minimum 3 characters :
Wrong Input : Fist letter Should be capital and must contains minimum 3 characters :
Wrong Input : Fist letter Should be capital and must contains minimum 3 characters :
Wrong Input : Fist letter Should be capital and must contains minimum 3 characters :
Wrong Input : Fist letter Should be capital and must contains minimum 3 characters :
Wrong Input : Fist letter Should be capital and must contains minimum 3 characters :
Wrong Input : Fist letter Should be capital and must contains minimum 3 characters :
Wrong Input : Fist letter Should be capital and must contains minimum 3 characters :
Wrong Input : Fist letter Should be capital and must contains minimum 3 characters :
Wrong Input : Fist letter Should be capital and must contains minimum 3 characters :
Wrong Input : Fist letter Should be capital and must contains minimum 3 characters :
Wrong Input : Fist letter Should be capital and must contains minimum 3 characters :
Wrong Input : Fist letter Should be capital and must contains minimum 3 characters :
Wrong Input : Fist letter Should be capital and must contains minimum 3 characters :
Wrong Input : Fist letter Should be capital and must contains minimum 3 characters :
Wrong Input : Fist letter Should be capital and must contains minimum 3 characters :
Wrong Input : Fist letter Should be capital and must contains minimum 3 characters :
Wrong Input : Fist letter Should be capital and must contains minimum 3 characters :
Wrong Input : Fist letter Should be capital and must contains minimum 3 characters :
Wrong Input : Fist letter Should be capital and must contains minimum 3 characters :
Wrong Input : Fist letter Should be capital and must contains minimum 3 characters :
Wrong Input : Fist letter Should be capital and must contains minimum 3 characters :
Wrong Input : Fist letter Should be capital and must contains minimum 3 characters :
Wrong Input : Fist letter Should be capital and must contains minimum 3 characters :
Wrong Input : Fist letter Should be capital and must contains minimum 3 characters :
Wrong Input : Fist letter Should be capital and must contains minimum 3 characters :
Wrong Input : Fist letter Should be capital and must contains minimum 3 characters :
Wrong Input : Fist letter Should be capital and must contains minimum 3 characters :
Wrong Input : Fist letter Should be capital and must contains minimum 3 characters :
Wrong Input : Fist letter Should be capital and must contains minimum 3 characters :
Wrong Input : Fist letter Should be capital and must contains minimum 3 characters :
Wrong Input : Fist letter Should be capital and must contains minimum 3 characters :
Wrong Input : Fist letter Should be capital and must contains minimum 3 characters :
Wrong Input : Fist letter Should be capital and must contains minimum 3 characters :
Wrong Input : Fist letter Should be capital and must contains minimum 3 characters :
Wrong Input : Fist letter Should be capital and must contains minimum 3 characters :
Wrong Input : Fist letter Should be capital and must contains minimum 3 characters :
Wrong Input : Fist letter Should be capital and must contains minimum 3 characters :
Wrong Input : Fist letter Should be capital and must contains minimum 3 characters :
Wrong Input : Fist letter Should be capital and must contains minimum 3 characters :
Wrong Input : Fist letter Should be capital and must contains minimum 3 characters :
Wrong Input : Fist letter Should be capital and must contains minimum 3 characters :
Wrong Input : Fist letter Should be capital and must contains minimum 3 characters :
Wrong Input : Fist letter Should be capital and must contains minimum 3 characters :
Wrong Input : Fist letter Should be capital and must contains minimum 3 characters :
Wrong Input : Fist letter Should be capital and must contains minimum 3 characters :
Wrong Input : Fist letter Should be capital and must contains minimum 3 characters :
Wrong Input : Fist letter Should be capital and must contains minimum 3 characters :
Wrong Input : Fist letter Should be capital and must contains minimum 3 characters :
Wrong Input : Fist letter Should be capital and must contains minimum 3 characters :
Wrong Input : Fist letter Should be capital and must contains minimum 3 characters :
Wrong Input : Fist letter Should be capital and must contains minimum 3 characters :
Wrong Input : Fist letter Should be capital and must contains minimum 3 characters :
Wrong Input : Fist letter Should be capital and must contains minimum 3 characters :
Wrong Input : Fist letter Should be capital and must contains minimum 3 characters :
Wrong Input : Fist letter Should be capital and must contains minimum 3 characters :
Wrong Input : Fist letter Should be capital and must contains minimum 3 characters :
Wrong Input : Fist letter Should be capital and must contains minimum 3 characters :
Wrong Input : Fist letter Should be capital and must contains minimum 3 characters :
Wrong Input : Fist letter Should be capital and must contains minimum 3 characters :
Wrong Input : Fist letter Should be capital and must contains minimum 3 characters :
Wrong Input : Fist letter Should be capital and must contains minimum 3 characters :
Wrong Input : Fist letter Should be capital and must contains minimum 3 characters :
Wrong Input : Fist letter Should be capital and must contains minimum 3 characters :
Wrong Input : Fist letter Should be capital and must contains minimum 3 characters :
Wrong Input : Fist letter Should be capital and must contains minimum 3 characters :
Wrong Input : Fist letter Should be capital and must contains minimum 3 characters :
Wrong Input : Fist letter Should be capital and must contains minimum 3 characters :
Wrong Input : Fist letter Should be capital and must contains minimum 3 characters :
Wrong Input : Fist letter Should be capital and must contains minimum 3 characters :
Wrong Input : Fist letter Should be capital and must contains minimum 3 characters :
Wrong Input : Fist letter Should be capital and must contains minimum 3 characters :
Wrong Input : Fist letter Should be capital and must contains minimum 3 characters :
Wrong Input : Fist letter Should be capital and must contains minimum 3 characters :
Wrong Input : Fist letter Should be capital and must contains minimum 3 characters :
Wrong Input : Fist letter Should be capital and must contains minimum 3 characters :
Wrong Input : Fist letter Should be capital and must contains minimum 3 characters :
Wrong Input : Fist letter Should be capital and must contains minimum 3 characters :
Wrong Input : Fist letter Should be capital and must contains minimum 3 characters :
Wrong Input : Fist letter Should be capital and must contains minimum 3 characters :
Wrong Input : Fist letter Should be capital and must contains minimum 3 characters :
Wrong Input : Fist letter Should be capital and must contains minimum 3 characters :
Wrong Input : Fist letter Should be capital and must contains minimum 3 characters :
Wrong Input : Fist letter Should be capital and must contains minimum 3 characters :
Wrong Input : Fist letter Should be capital and must contains minimum 3 characters :
Wrong Input : Fist letter Should be capital and must contains minimum 3 characters :
Wrong Input : Fist letter Should be capital and must contains minimum 3 characters :
Wrong Input : Fist letter Should be capital and must contains minimum 3 characters :
Wrong Input : Fist letter Should be capital and must contains minimum 3 characters :
Wrong Input : Fist letter Should be capital and must contains minimum 3 characters :
Wrong Input : Fist letter Should be capital and must contains minimum 3 characters :
Wrong Input : Fist letter Should be capital and must contains minimum 3 characters :
Wrong Input : Fist letter Should be capital and must contains minimum 3 characters :
Wrong Input : Fist letter Should be capital and must contains minimum 3 characters :
Wrong Input : Fist letter Should be capital and must contains minimum 3 characters :
Wrong Input : Fist letter Should be capital and must contains minimum 3 characters :
Wrong Input : Fist letter Should be capital and must contains minimum 3 characters :
Wrong Input : Fist letter Should be capital and must contains minimum 3 characters :
Wrong Input : Fist letter Should be capital and must contains minimum 3 characters :
Wrong Input : Fist letter Should be capital and must contains minimum 3 characters :
Wrong Input : Fist letter Should be capital and must contains minimum 3 characters :
Wrong Input : Fist letter Should be capital and must contains minimum 3 characters :
Wrong Input : Fist letter Should be capital and must contains minimum 3 characters :
Wrong Input : Fist letter Should be capital and must contains minimum 3 characters :
Wrong Input : Fist letter Should be capital and must contains minimum 3 characters :
Wrong Input : Fist letter Should be capital and must contains minimum 3 characters :
Wrong Input : Fist letter Should be capital and must contains minimum 3 characters :
Wrong Input : Fist letter Should be capital and must contains minimum 3 characters :
Wrong Input : Fist letter Should be capital and must contains minimum 3 characters :
Wrong Input : Fist letter Should be capital and must contains minimum 3 characters :
Wrong Input : Fist letter Should be capital and must contains minimum 3 characters :
Wrong Input : Fist letter Should be capital and must contains minimum 3 characters :
Wrong Input : Fist letter Should be capital and must contains minimum 3 characters :
Wrong Input : Fist letter Should be capital and must contains minimum 3 characters :
Wrong Input : Fist letter Should be capital and must contains minimum 3 characters :
Wrong Input : Fist letter Should be capital and must contains minimum 3 characters :
Wrong Input : Fist letter Should be capital and must contains minimum 3 characters :
Wrong Input : Fist letter Should be capital and must contains minimum 3 characters :
Wrong Input : Fist letter Should be capital and must contains minimum 3 characters :
Wrong Input : Fist letter Should be capital and must contains minimum 3 characters :
Wrong Input : Fist letter Should be capital and must contains minimum 3 characters :
Wrong Input : Fist letter Should be capital and must contains minimum 3 characters :
Wrong Input : Fist letter Should be capital and must contains minimum 3 characters :
Wrong Input : Fist letter Should be capital and must contains minimum 3 characters :
Wrong Input : Fist letter Should be capital and must contains minimum 3 characters :
Wrong Input : Fist letter Should be capital and must contains minimum 3 characters :
Wrong Input : Fist letter Should be capital and must contains minimum 3 characters :
Wrong Input : Fist letter Should be capital and must contains minimum 3 characters :
Wrong Input : Fist letter Should be capital and must contains minimum 3 characters :
Wrong Input : Fist letter Should be capital and must contains minimum 3 characters :
Wrong Input : Fist letter Should be capital and must contains minimum 3 characters :
Wrong Input : Fist letter Should be capital and must contains minimum 3 characters :
Wrong Input : Fist letter Should be capital and must contains minimum 3 characters :
Wrong Input : Fist letter Should be capital and must contains minimum 3 characters :
Wrong Input : Fist letter Should be capital and must contains minimum 3 characters :
Wrong Input : Fist letter Should be capital and must contains minimum 3 characters :
Wrong Input : Fist letter Should be capital and must contains minimum 3 characters :
Wrong Input : Fist letter Should be capital and must contains minimum 3 characters :
Wrong Input : Fist letter Should be capital and must contains minimum 3 characters :
Wrong Input : Fist letter Should be capital and must contains minimum 3 characters :
Wrong Input : Fist letter Should be capital and must contains minimum 3 characters :
Wrong Input : Fist letter Should be capital and must contains minimum 3 characters :
Wrong Input : Fist letter Should be capital and must contains minimum 3 characters :
Wrong Input : Fist letter Should be capital and must contains minimum 3 characters :
Wrong Input : Fist letter Should be capital and must contains minimum 3 characters :
Wrong Input : Fist letter Should be capital and must contains minimum 3 characters :
Wrong Input : Fist letter Should be capital and must contains minimum 3 characters :
Wrong Input : Fist letter Should be capital and must contains minimum 3 characters :
Wrong Input : Fist letter Should be capital and must contains minimum 3 characters :
Wrong Input : Fist letter Should be capital and must contains minimum 3 characters :
Wrong Input : Fist letter Should be capital and must contains minimum 3 characters :
Wrong Input : Fist letter Should be capital and must contains minimum 3 characters :
Wrong Input : Fist letter Should be capital and must contains minimum 3 characters :
Wrong Input : Fist letter Should be capital and must contains minimum 3 characters :
Wrong Input : Fist letter Should be capital and must contains minimum 3 characters :
Wrong Input : Fist letter Should be capital and must contains minimum 3 characters :
Wrong Input : Fist letter Should be capital and must contains minimum 3 characters :
Wrong Input : Fist letter Should be capital and must contains minimum 3 characters :
Wrong Input : Fist letter Should be capital and must contains minimum 3 characters :
Wrong Input : Fist letter Should be capital and must contains minimum 3 characters :
Wrong Input : Fist letter Should be capital and must contains minimum 3 characters :
Wrong Input : Fist letter Should be capital and must contains minimum 3 characters :
Wrong Input : Fist letter Should be capital and must contains minimum 3 characters :
Wrong Input : Fist letter Should be capital and must contains minimum 3 characters :
Wrong Input : Fist letter Should be capital and must contains minimum 3 characters :
Wrong Input : Fist letter Should be capital and must contains minimum 3 characters :
Wrong Input : Fist letter Should be capital and must contains minimum 3 characters :
Wrong Input : Fist letter Should be capital and must contains minimum 3 characters :
Wrong Input : Fist letter Should be capital and must contains minimum 3 characters :
Wrong Input : Fist letter Should be capital and must contains minimum 3 characters :
Wrong Input : Fist letter Should be capital and must contains minimum 3 characters :
Wrong Input : Fist letter Should be capital and must contains minimum 3 characters :
Wrong Input : Fist letter Should be capital and must contains minimum 3 characters :
Wrong Input : Fist letter Should be capital and must contains minimum 3 characters :
Wrong Input : Fist letter Should be capital and must contains minimum 3 characters :
Wrong Input : Fist letter Should be capital and must contains minimum 3 characters :
Wrong Input : Fist letter Should be capital and must contains minimum 3 characters :
Wrong Input : Fist letter Should be capital and must contains minimum 3 characters :
Wrong Input : Fist letter Should be capital and must contains minimum 3 characters :
Wrong Input : Fist letter Should be capital and must contains minimum 3 characters :
Wrong Input : Fist letter Should be capital and must contains minimum 3 characters :
Wrong Input : Fist letter Should be capital and must contains minimum 3 characters :
Wrong Input : Fist letter Should be capital and must contains minimum 3 characters :
Wrong Input : Fist letter Should be capital and must contains minimum 3 characters :
Wrong Input : Fist letter Should be capital and must contains minimum 3 characters :
Wrong Input : Fist letter Should be capital and must contains minimum 3 characters :
Wrong Input : Fist letter Should be capital and must contains minimum 3 characters :
Wrong Input : Fist letter Should be capital and must contains minimum 3 characters :
Wrong Input : Fist letter Should be capital and must contains minimum 3 characters :
Wrong Input : Fist letter Should be capital and must contains minimum 3 characters :
Wrong Input : Fist letter Should be capital and must contains minimum 3 characters :
Wrong Input : Fist letter Should be capital and must contains minimum 3 characters :
Wrong Input : Fist letter Should be capital and must contains minimum 3 characters :
Wrong Input : Fist letter Should be capital and must contains minimum 3 characters :
Wrong Input : Fist letter Should be capital and must contains minimum 3 characters :
Wrong Input : Fist letter Should be capital and must contains minimum 3 characters :
Wrong Input : Fist letter Should be capital and must contains minimum 3 characters :
Wrong Input : Fist letter Should be capital and must contains minimum 3 characters :
Wrong Input : Fist letter Should be capital and must contains minimum 3 characters :
Wrong Input : Fist letter Should be capital and must contains minimum 3 characters :
Wrong Input : Fist letter Should be capital and must contains minimum 3 characters :
Wrong Input : Fist letter Should be capital and must contains minimum 3 characters :
Wrong Input : Fist letter Should be capital and must contains minimum 3 characters :
Wrong Input : Fist letter Should be capital and must contains minimum 3 characters :
Wrong Input : Fist letter Should be capital and must contains minimum 3 characters :
Wrong Input : Fist letter Should be capital and must contains minimum 3 characters :
Wrong Input : Fist letter Should be capital and must contains minimum 3 characters :
Wrong Input : Fist letter Should be capital and must contains minimum 3 characters :
Wrong Input : Fist letter Should be capital and must contains minimum 3 characters :
Wrong Input : Fist letter Should be capital and must contains minimum 3 characters :
Wrong Input : Fist letter Should be capital and must contains minimum 3 characters :
Wrong Input : Fist letter Should be capital and must contains minimum 3 characters :
Wrong Input : Fist letter Should be capital and must contains minimum 3 characters :
Wrong Input : Fist letter Should be capital and must contains minimum 3 characters :
Wrong Input : Fist letter Should be capital and must contains minimum 3 characters :
Wrong Input : Fist letter Should be capital and must contains minimum 3 characters :
Wrong Input : Fist letter Should be capital and must contains minimum 3 characters :
Wrong Input : Fist letter Should be capital and must contains minimum 3 characters :
Wrong Input : Fist letter Should be capital and must contains minimum 3 characters :
Wrong Input : Fist letter Should be capital and must contains minimum 3 characters :
Wrong Input : Fist letter Should be capital and must contains minimum 3 characters :
Wrong Input : Fist letter Should be capital and must contains minimum 3 characters :
Wrong Input : Fist letter Should be capital and must contains minimum 3 characters :
Wrong Input : Fist letter Should be capital and must contains minimum 3 characters :
Wrong Input : Fist letter Should be capital and must contains minimum 3 characters :
Wrong Input : Fist letter Should be capital and must contains minimum 3 characters :
Wrong Input : Fist letter Should be capital and must contains minimum 3 characters :
Wrong Input : Fist letter Should be capital and must contains minimum 3 characters :
Wrong Input : Fist letter Should be capital and must contains minimum 3 characters :
Wrong Input : Fist letter Should be capital and must contains minimum 3 characters :
Wrong Input : Fist letter Should be capital and must contains minimum 3 characters :
Wrong Input : Fist letter Should be capital and must contains minimum 3 characters :
Wrong Input : Fist letter Should be capital and must contains minimum 3 characters :
Wrong Input : Fist letter Should be capital and must contains minimum 3 characters :
Wrong Input : Fist letter Should be capital and must contains minimum 3 characters :
Wrong Input : Fist letter Should be capital and must contains minimum 3 characters :
Wrong Input : Fist letter Should be capital and must contains minimum 3 characters :
Wrong Input : Fist letter Should be capital and must contains minimum 3 characters :
Wrong Input : Fist letter Should be capital and must contains minimum 3 characters :
Wrong Input : Fist letter Should be capital and must contains minimum 3 characters :
Wrong Input : Fist letter Should be capital and must contains minimum 3 characters :
Wrong Input : Fist letter Should be capital and must contains minimum 3 characters :
Wrong Input : Fist letter Should be capital and must contains minimum 3 characters :
Wrong Input : Fist letter Should be capital and must contains minimum 3 characters :
Wrong Input : Fist letter Should be capital and must contains minimum 3 characters :
Wrong Input : Fist letter Should be capital and must contains minimum 3 characters :
Wrong Input : Fist letter Should be capital and must contains minimum 3 characters :
Wrong Input : Fist letter Should be capital and must contains minimum 3 characters :
Wrong Input : Fist letter Should be capital and must contains minimum 3 characters :
Wrong Input : Fist letter Should be capital and must contains minimum 3 characters :
Wrong Input : Fist letter Should be capital and must contains minimum 3 characters :
Wrong Input : Fist letter Should be capital and must contains minimum 3 characters :
Wrong Input : Fist letter Should be capital and must contains minimum 3 characters :
Wrong Input : Fist letter Should be capital and must contains minimum 3 characters :
Wrong Input : Fist letter Should be capital and must contains minimum 3 characters :
Wrong Input : Fist letter Should be capital and must contains minimum 3 characters :
Wrong Input : Fist letter Should be capital and must contains minimum 3 characters :
Wrong Input : Fist letter Should be capital and must contains minimum 3 characters :
Wrong Input : Fist letter Should be capital and must contains minimum 3 characters :
Wrong Input : Fist letter Should be capital and must contains minimum 3 characters :
Wrong Input : Fist letter Should be capital and must contains minimum 3 characters :
Wrong Input : Fist letter Should be capital and must contains minimum 3 characters :
Wrong Input : Fist letter Should be capital and must contains minimum 3 characters :
Wrong Input : Fist letter Should be capital and must contains minimum 3 characters :
Wrong Input : Fist letter Should be capital and must contains minimum 3 characters :
Wrong Input : Fist letter Should be capital and must contains minimum 3 characters :
Wrong Input : Fist letter Should be capital and must contains minimum 3 characters :
Wrong Input : Fist letter Should be capital and must contains minimum 3 characters :
Wrong Input : Fist letter Should be capital and must contains minimum 3 characters :
Wrong Input : Fist letter Should be capital and must contains minimum 3 characters :
Wrong Input : Fist letter Should be capital and must contains minimum 3 characters :
Wrong Input : Fist letter Should be capital and must contains minimum 3 characters :
Wrong Input : Fist letter Should be capital and must contains minimum 3 characters :
Wrong Input : Fist letter Should be capital and must contains minimum 3 characters :
Wrong Input : Fist letter Should be capital and must contains minimum 3 characters :
Wrong Input : Fist letter Should be capital and must contains minimum 3 characters :
Wrong Input : Fist letter Should be capital and must contains minimum 3 characters :
Wrong Input : Fist letter Should be capital and must contains minimum 3 characters :
Wrong Input : Fist letter Should be capital and must contains minimum 3 characters :
Wrong Input : Fist letter Should be capital and must contains minimum 3 characters :
Wrong Input : Fist letter Should be capital and must contains minimum 3 characters :
Wrong Input : Fist letter Should be capital and must contains minimum 3 characters :
Wrong Input : Fist letter Should be capital and must contains minimum 3 characters :
Wrong Input : Fist letter Should be capital and must contains minimum 3 characters :
Wrong Input : Fist letter Should be capital and must contains minimum 3 characters :
Wrong Input : Fist letter Should be capital and must contains minimum 3 characters :
Wrong Input : Fist letter Should be capital and must contains minimum 3 characters :
Wrong Input : Fist letter Should be capital and must contains minimum 3 characters :
Wrong Input : Fist letter Should be capital and must contains minimum 3 characters :
Wrong Input : Fist letter Should be capital and must contains minimum 3 characters :
Wrong Input : Fist letter Should be capital and must contains minimum 3 characters :
Wrong Input : Fist letter Should be capital and must contains minimum 3 characters :
Wrong Input : Fist letter Should be capital and must contains minimum 3 characters :
Wrong Input : Fist letter Should be capital and must contains minimum 3 characters :
Wrong Input : Fist letter Should be capital and must contains minimum 3 characters :
Wrong Input : Fist letter Should be capital and must contains minimum 3 characters :
Wrong Input : Fist letter Should be capital and must contains minimum 3 characters :
Wrong Input : Fist letter Should be capital and must contains minimum 3 characters :
Wrong Input : Fist letter Should be capital and must contains minimum 3 characters :
Wrong Input : Fist letter Should be capital and must contains minimum 3 characters :
Wrong Input : Fist letter Should be capital and must contains minimum 3 characters :
Wrong Input : Fist letter Should be capital and must contains minimum 3 characters :
Wrong Input : Fist letter Should be capital and must contains minimum 3 characters :
Wrong Input : Fist letter Should be capital and must contains minimum 3 characters :
Wrong Input : Fist letter Should be capital and must contains minimum 3 characters :
Wrong Input : Fist letter Should be capital and must contains minimum 3 characters :
Wrong Input : Fist letter Should be capital and must contains minimum 3 characters :
Wrong Input : Fist letter Should be capital and must contains minimum 3 characters :
Wrong Input : Fist letter Should be capital and must contains minimum 3 characters :
Wrong Input : Fist letter Should be capital and must contains minimum 3 characters :
Wrong Input : Fist letter Should be capital and must contains minimum 3 characters :
Wrong Input : Fist letter Should be capital and must contains minimum 3 characters :
Wrong Input : Fist letter Should be capital and must contains minimum 3 characters :
Wrong Input : Fist letter Should be capital and must contains minimum 3 characters :
Wrong Input : Fist letter Should be capital and must contains minimum 3 characters :
Wrong Input : Fist letter Should be capital and must contains minimum 3 characters :
Wrong Input : Fist letter Should be capital and must contains minimum 3 characters :
Wrong Input : Fist letter Should be capital and must contains minimum 3 characters :
Wrong Input : Fist letter Should be capital and must contains minimum 3 characters :
Wrong Input : Fist letter Should be capital and must contains minimum 3 characters :
Wrong Input : Fist letter Should be capital and must contains minimum 3 characters :
Wrong Input : Fist letter Should be capital and must contains minimum 3 characters :
Wrong Input : Fist letter Should be capital and must contains minimum 3 characters :
Wrong Input : Fist letter Should be capital and must contains minimum 3 characters :
Wrong Input : Fist letter Should be capital and must contains minimum 3 characters :
Wrong Input : Fist letter Should be capital and must contains minimum 3 characters :
Wrong Input : Fist letter Should be capital and must contains minimum 3 characters :
Wrong Input : Fist letter Should be capital and must contains minimum 3 characters :
Wrong Input : Fist letter Should be capital and must contains minimum 3 characters :
Wrong Input : Fist letter Should be capital and must contains minimum 3 characters :
Wrong Input : Fist letter Should be capital and must contains minimum 3 characters :
Wrong Input : Fist letter Should be capital and must contains minimum 3 characters :
Wrong Input : Fist letter Should be capital and must contains minimum 3 characters :
Wrong Input : Fist letter Should be capital and must contains minimum 3 characters :
Wrong Input : Fist letter Should be capital and must contains minimum 3 characters :
Wrong Input : Fist letter Should be capital and must contains minimum 3 characters :
Wrong Input : Fist letter Should be capital and must contains minimum 3 characters :
Wrong Input : Fist letter Should be capital and must contains minimum 3 characters :
Wrong Input : Fist letter Should be capital and must contains minimum 3 characters :
Wrong Input : Fist letter Should be capital and must contains minimum 3 characters :
Wrong Input : Fist letter Should be capital and must contains minimum 3 characters :
Wrong Input : Fist letter Should be capital and must contains minimum 3 characters :
Wrong Input : Fist letter Should be capital and must contains minimum 3 characters :
Wrong Input : Fist letter Should be capital and must contains minimum 3 characters :
Wrong Input : Fist letter Should be capital and must contains minimum 3 characters :
Wrong Input : Fist letter Should be capital and must contains minimum 3 characters :
Wrong Input : Fist letter Should be capital and must contains minimum 3 characters :
Wrong Input : Fist letter Should be capital and must contains minimum 3 characters :
Wrong Input : Fist letter Should be capital and must contains minimum 3 characters :
Wrong Input : Fist letter Should be capital and must contains minimum 3 characters :
Wrong Input : Fist letter Should be capital and must contains minimum 3 characters :
Wrong Input : Fist letter Should be capital and must contains minimum 3 characters :
Wrong Input : Fist letter Should be capital and must contains minimum 3 characters :
Wrong Input : Fist letter Should be capital and must contains minimum 3 characters :
Wrong Input : Fist letter Should be capital and must contains minimum 3 characters :
Wrong Input : Fist letter Should be capital and must contains minimum 3 characters :
Wrong Input : Fist letter Should be capital and must contains minimum 3 characters :
Wrong Input : Fist letter Should be capital and must contains minimum 3 characters :
Wrong Input : Fist letter Should be capital and must contains minimum 3 characters :
Wrong Input : Fist letter Should be capital and must contains minimum 3 characters :
Wrong Input : Fist letter Should be capital and must contains minimum 3 characters :
Wrong Input : Fist letter Should be capital and must contains minimum 3 characters :
Wrong Input : Fist letter Should be capital and must contains minimum 3 characters :
Wrong Input : Fist letter Should be capital and must contains minimum 3 characters :
Wrong Input : Fist letter Should be capital and must contains minimum 3 characters :
Wrong Input : Fist letter Should be capital and must contains minimum 3 characters :
Wrong Input : Fist letter Should be capital and must contains minimum 3 characters :
Wrong Input : Fist letter Should be capital and must contains minimum 3 characters :
Wrong Input : Fist letter Should be capital and must contains minimum 3 characters :
Wrong Input : Fist letter Should be capital and must contains minimum 3 characters :
Wrong Input : Fist letter Should be capital and must contains minimum 3 characters :
Wrong Input : Fist letter Should be capital and must contains minimum 3 characters :
Wrong Input : Fist letter Should be capital and must contains minimum 3 characters :
Wrong Input : Fist letter Should be capital and must contains minimum 3 characters :
Wrong Input : Fist letter Should be capital and must contains minimum 3 characters :
Wrong Input : Fist letter Should be capital and must contains minimum 3 characters :
Wrong Input : Fist letter Should be capital and must contains minimum 3 characters :
Wrong Input : Fist letter Should be capital and must contains minimum 3 characters :
Wrong Input : Fist letter Should be capital and must contains minimum 3 characters :
Wrong Input : Fist letter Should be capital and must contains minimum 3 characters :
Wrong Input : Fist letter Should be capital and must contains minimum 3 characters :
Wrong Input : Fist letter Should be capital and must contains minimum 3 characters :
Wrong Input : Fist letter Should be capital and must contains minimum 3 characters :
Wrong Input : Fist letter Should be capital and must contains minimum 3 characters :
Wrong Input : Fist letter Should be capital and must contains minimum 3 characters :
Wrong Input : Fist letter Should be capital and must contains minimum 3 characters :
Wrong Input : Fist letter Should be capital and must contains minimum 3 characters :
Wrong Input : Fist letter Should be capital and must contains minimum 3 characters :
Wrong Input : Fist letter Should be capital and must contains minimum 3 characters :
Wrong Input : Fist letter Should be capital and must contains minimum 3 characters :
Wrong Input : Fist letter Should be capital and must contains minimum 3 characters :
Wrong Input : Fist letter Should be capital and must contains minimum 3 characters :
Wrong Input : Fist letter Should be capital and must contains minimum 3 characters :
Wrong Input : Fist letter Should be capital and must contains minimum 3 characters :
Wrong Input : Fist letter Should be capital and must contains minimum 3 characters :
Wrong Input : Fist letter Should be capital and must contains minimum 3 characters :
Wrong Input : Fist letter Should be capital and must contains minimum 3 characters :
Wrong Input : Fist letter Should be capital and must contains minimum 3 characters :
Wrong Input : Fist letter Should be capital and must contains minimum 3 characters :
Wrong Input : Fist letter Should be capital and must contains minimum 3 characters :
Wrong Input : Fist letter Should be capital and must contains minimum 3 characters :
Wrong Input : Fist letter Should be capital and must contains minimum 3 characters :
Wrong Input : Fist letter Should be capital and must contains minimum 3 characters :
Wrong Input : Fist letter Should be capital and must contains minimum 3 characters :
Wrong Input : Fist letter Should be capital and must contains minimum 3 characters :
Wrong Input : Fist letter Should be capital and must contains minimum 3 characters :
Wrong Input : Fist letter Should be capital and must contains minimum 3 characters :
Wrong Input : Fist letter Should be capital and must contains minimum 3 characters :
Wrong Input : Fist letter Should be capital and must contains minimum 3 characters :
Wrong Input : Fist letter Should be capital and must contains minimum 3 characters :
Wrong Input : Fist letter Should be capital and must contains minimum 3 characters :
Wrong Input : Fist letter Should be capital and must contains minimum 3 characters :
Wrong Input : Fist letter Should be capital and must contains minimum 3 characters :
Wrong Input : Fist letter Should be capital and must contains minimum 3 characters :
Wrong Input : Fist letter Should be capital and must contains minimum 3 characters :
Wrong Input : Fist letter Should be capital and must contains minimum 3 characters :
Wrong Input : Fist letter Should be capital and must contains minimum 3 characters :
Wrong Input : Fist letter Should be capital and must contains minimum 3 characters :
Wrong Input : Fist letter Should be capital and must contains minimum 3 characters :
Wrong Input : Fist letter Should be capital and must contains minimum 3 characters :
Wrong Input : Fist letter Should be capital and must contains minimum 3 characters :
Wrong Input : Fist letter Should be capital and must contains minimum 3 characters :
Wrong Input : Fist letter Should be capital and must contains minimum 3 characters :
Wrong Input : Fist letter Should be capital and must contains minimum 3 characters :
Wrong Input : Fist letter Should be capital and must contains minimum 3 characters :
Wrong Input : Fist letter Should be capital and must contains minimum 3 characters :
Wrong Input : Fist letter Should be capital and must contains minimum 3 characters :
Wrong Input : Fist letter Should be capital and must contains minimum 3 characters :
Wrong Input : Fist letter Should be capital and must contains minimum 3 characters :
Wrong Input : Fist letter Should be capital and must contains minimum 3 characters :
Wrong Input : Fist letter Should be capital and must contains minimum 3 characters :
Wrong Input : Fist letter Should be capital and must contains minimum 3 characters :
Wrong Input : Fist letter Should be capital and must contains minimum 3 characters :
Wrong Input : Fist letter Should be capital and must contains minimum 3 characters :
Wrong Input : Fist letter Should be capital and must contains minimum 3 characters :
Wrong Input : Fist letter Should be capital and must contains minimum 3 characters :
Wrong Input : Fist letter Should be capital and must contains minimum 3 characters :
Wrong Input : Fist letter Should be capital and must contains minimum 3 characters :
Wrong Input : Fist letter Should be capital and must contains minimum 3 characters :
Wrong Input : Fist letter Should be capital and must contains minimum 3 characters :
Wrong Input : Fist letter Should be capital and must contains minimum 3 characters :
Wrong Input : Fist letter Should be capital and must contains minimum 3 characters :
Wrong Input : Fist letter Should be capital and must contains minimum 3 characters :
Wrong Input : Fist letter Should be capital and must contains minimum 3 characters :
Wrong Input : Fist letter Should be capital and must contains minimum 3 characters :
Wrong Input : Fist letter Should be capital and must contains minimum 3 characters :
Wrong Input : Fist letter Should be capital and must contains minimum 3 characters :
Wrong Input : Fist letter Should be capital and must contains minimum 3 characters :
Wrong Input : Fist letter Should be capital and must contains minimum 3 characters :
Wrong Input : Fist letter Should be capital and must contains minimum 3 characters :
Wrong Input : Fist letter Should be capital and must contains minimum 3 characters :
Wrong Input : Fist letter Should be capital and must contains minimum 3 characters :
Wrong Input : Fist letter Should be capital and must contains minimum 3 characters :
Wrong Input : Fist letter Should be capital and must contains minimum 3 characters :
Wrong Input : Fist letter Should be capital and must contains minimum 3 characters :
Wrong Input : Fist letter Should be capital and must contains minimum 3 characters :
Wrong Input : Fist letter Should be capital and must contains minimum 3 characters :
Wrong Input : Fist letter Should be capital and must contains minimum 3 characters :
Wrong Input : Fist letter Should be capital and must contains minimum 3 characters :
Wrong Input : Fist letter Should be capital and must contains minimum 3 characters :
Wrong Input : Fist letter Should be capital and must contains minimum 3 characters :
Wrong Input : Fist letter Should be capital and must contains minimum 3 characters :
Wrong Input : Fist letter Should be capital and must contains minimum 3 characters :
Wrong Input : Fist letter Should be capital and must contains minimum 3 characters :
Wrong Input : Fist letter Should be capital and must contains minimum 3 characters :
Wrong Input : Fist letter Should be capital and must contains minimum 3 characters :
Wrong Input : Fist letter Should be capital and must contains minimum 3 characters :
Wrong Input : Fist letter Should be capital and must contains minimum 3 characters :
Wrong Input : Fist letter Should be capital and must contains minimum 3 characters :
Wrong Input : Fist letter Should be capital and must contains minimum 3 characters :
Wrong Input : Fist letter Should be capital and must contains minimum 3 characters :
Wrong Input : Fist letter Should be capital and must contains minimum 3 characters :
Wrong Input : Fist letter Should be capital and must contains minimum 3 characters :
Wrong Input : Fist letter Should be capital and must contains minimum 3 characters :
Wrong Input : Fist letter Should be capital and must contains minimum 3 characters :
Wrong Input : Fist letter Should be capital and must contains minimum 3 characters :
Wrong Input : Fist letter Should be capital and must contains minimum 3 characters :
Wrong Input : Fist letter Should be capital and must contains minimum 3 characters :
Wrong Input : Fist letter Should be capital and must contains minimum 3 characters :
Wrong Input : Fist letter Should be capital and must contains minimum 3 characters :
Wrong Input : Fist letter Should be capital and must contains minimum 3 characters :
Wrong Input : Fist letter Should be capital and must contains minimum 3 characters :
Wrong Input : Fist letter Should be capital and must contains minimum 3 characters :
Wrong Input : Fist letter Should be capital and must contains minimum 3 characters :
Wrong Input : Fist letter Should be capital and must contains minimum 3 characters :
Wrong Input : Fist letter Should be capital and must contains minimum 3 characters :
Wrong Input : Fist letter Should be capital and must contains minimum 3 characters :
Wrong Input : Fist letter Should be capital and must contains minimum 3 characters :
Wrong Input : Fist letter Should be capital and must contains minimum 3 characters :
Wrong Input : Fist letter Should be capital and must contains minimum 3 characters :
Wrong Input : Fist letter Should be capital and must contains minimum 3 characters :
Wrong Input : Fist letter Should be capital and must contains minimum 3 characters :
Wrong Input : Fist letter Should be capital and must contains minimum 3 characters :
Wrong Input : Fist letter Should be capital and must contains minimum 3 characters :
Wrong Input : Fist letter Should be capital and must contains minimum 3 characters :
Wrong Input : Fist letter Should be capital and must contains minimum 3 characters :
Wrong Input : Fist letter Should be capital and must contains minimum 3 characters :
Wrong Input : Fist letter Should be capital and must contains minimum 3 characters :
Wrong Input : Fist letter Should be capital and must contains minimum 3 characters :
Wrong Input : Fist letter Should be capital and must contains minimum 3 characters :
Wrong Input : Fist letter Should be capital and must contains minimum 3 characters :
Wrong Input : Fist letter Should be capital and must contains minimum 3 characters :
Wrong Input : Fist letter Should be capital and must contains minimum 3 characters :
Wrong Input : Fist letter Should be capital and must contains minimum 3 characters :
Wrong Input : Fist letter Should be capital and must contains minimum 3 characters :
Wrong Input : Fist letter Should be capital and must contains minimum 3 characters :
Wrong Input : Fist letter Should be capital and must contains minimum 3 characters :
Wrong Input : Fist letter Should be capital and must contains minimum 3 characters :
Wrong Input : Fist letter Should be capital and must contains minimum 3 characters :
Wrong Input : Fist letter Should be capital and must contains minimum 3 characters :
Wrong Input : Fist letter Should be capital and must contains minimum 3 characters :
Wrong Input : Fist letter Should be capital and must contains minimum 3 characters :
Wrong Input : Fist letter Should be capital and must contains minimum 3 characters :
Wrong Input : Fist letter Should be capital and must contains minimum 3 characters :
Wrong Input : Fist letter Should be capital and must contains minimum 3 characters :
Wrong Input : Fist letter Should be capital and must contains minimum 3 characters :
Wrong Input : Fist letter Should be capital and must contains minimum 3 characters :
Wrong Input : Fist letter Should be capital and must contains minimum 3 characters :
Wrong Input : Fist letter Should be capital and must contains minimum 3 characters :
Wrong Input : Fist letter Should be capital and must contains minimum 3 characters :
Wrong Input : Fist letter Should be capital and must contains minimum 3 characters :
Wrong Input : Fist letter Should be capital and must contains minimum 3 characters :
Wrong Input : Fist letter Should be capital and must contains minimum 3 characters :
Wrong Input : Fist letter Should be capital and must contains minimum 3 characters :
Wrong Input : Fist letter Should be capital and must contains minimum 3 characters :
Wrong Input : Fist letter Should be capital and must contains minimum 3 characters :
Wrong Input : Fist letter Should be capital and must contains minimum 3 characters :
Wrong Input : Fist letter Should be capital and must contains minimum 3 characters :
Wrong Input : Fist letter Should be capital and must contains minimum 3 characters :
Wrong Input : Fist letter Should be capital and must contains minimum 3 characters :
Wrong Input : Fist letter Should be capital and must contains minimum 3 characters :
Wrong Input : Fist letter Should be capital and must contains minimum 3 characters :
Wrong Input : Fist letter Should be capital and must contains minimum 3 characters :
Wrong Input : Fist letter Should be capital and must contains minimum 3 characters :
Wrong Input : Fist letter Should be capital and must contains minimum 3 characters :
Wrong Input : Fist letter Should be capital and must contains minimum 3 characters :
Wrong Input : Fist letter Should be capital and must contains minimum 3 characters :
Wrong Input : Fist letter Should be capital and must contains minimum 3 characters :
Wrong Input : Fist letter Should be capital and must contains minimum 3 characters :
Wrong Input : Fist letter Should be capital and must contains minimum 3 characters :
Wrong Input : Fist letter Should be capital and must contains minimum 3 characters :
Wrong Input : Fist letter Should be capital and must contains minimum 3 characters :
Wrong Input : Fist letter Should be capital and must contains minimum 3 characters :
Wrong Input : Fist letter Should be capital and must contains minimum 3 characters :
Wrong Input : Fist letter Should be capital and must contains minimum 3 characters :
Wrong Input : Fist letter Should be capital and must contains minimum 3 characters :
Wrong Input : Fist letter Should be capital and must contains minimum 3 characters :
Wrong Input : Fist letter Should be capital and must contains minimum 3 characters :
Wrong Input : Fist letter Should be capital and must contains minimum 3 characters :
Wrong Input : Fist letter Should be capital and must contains minimum 3 characters :
Wrong Input : Fist letter Should be capital and must contains minimum 3 characters :
Wrong Input : Fist letter Should be capital and must contains minimum 3 characters :
Wrong Input : Fist letter Should be capital and must contains minimum 3 characters :
Wrong Input : Fist letter Should be capital and must contains minimum 3 characters :
Wrong Input : Fist letter Should be capital and must contains minimum 3 characters :
Wrong Input : Fist letter Should be capital and must contains minimum 3 characters :
Wrong Input : Fist letter Should be capital and must contains minimum 3 characters :
Wrong Input : Fist letter Should be capital and must contains minimum 3 characters :
Wrong Input : Fist letter Should be capital and must contains minimum 3 characters :
Wrong Input : Fist letter Should be capital and must contains minimum 3 characters :
Wrong Input : Fist letter Should be capital and must contains minimum 3 characters :
Wrong Input : Fist letter Should be capital and must contains minimum 3 characters :
Wrong Input : Fist letter Should be capital and must contains minimum 3 characters :
Wrong Input : Fist letter Should be capital and must contains minimum 3 characters :
Wrong Input : Fist letter Should be capital and must contains minimum 3 characters :
Wrong Input : Fist letter Should be capital and must contains minimum 3 characters :
Wrong Input : Fist letter Should be capital and must contains minimum 3 characters :
Wrong Input : Fist letter Should be capital and must contains minimum 3 characters :
Wrong Input : Fist letter Should be capital and must contains minimum 3 characters :
Wrong Input : Fist letter Should be capital and must contains minimum 3 characters :
Wrong Input : Fist letter Should be capital and must contains minimum 3 characters :
Wrong Input : Fist letter Should be capital and must contains minimum 3 characters :
Wrong Input : Fist letter Should be capital and must contains minimum 3 characters :
Wrong Input : Fist letter Should be capital and must contains minimum 3 characters :
Wrong Input : Fist letter Should be capital and must contains minimum 3 characters :
Wrong Input : Fist letter Should be capital and must contains minimum 3 characters :
Wrong Input : Fist letter Should be capital and must contains minimum 3 characters :
Wrong Input : Fist letter Should be capital and must contains minimum 3 characters :
Wrong Input : Fist letter Should be capital and must contains minimum 3 characters :
Wrong Input : Fist letter Should be capital and must contains minimum 3 characters :
Wrong Input : Fist letter Should be capital and must contains minimum 3 characters :
Wrong Input : Fist letter Should be capital and must contains minimum 3 characters :
Wrong Input : Fist letter Should be capital and must contains minimum 3 characters :
Wrong Input : Fist letter Should be capital and must contains minimum 3 characters :
Wrong Input : Fist letter Should be capital and must contains minimum 3 characters :
Wrong Input : Fist letter Should be capital and must contains minimum 3 characters :
Wrong Input : Fist letter Should be capital and must contains minimum 3 characters :
Wrong Input : Fist letter Should be capital and must contains minimum 3 characters :
Wrong Input : Fist letter Should be capital and must contains minimum 3 characters :
Wrong Input : Fist letter Should be capital and must contains minimum 3 characters :
Wrong Input : Fist letter Should be capital and must contains minimum 3 characters :
Wrong Input : Fist letter Should be capital and must contains minimum 3 characters :
Wrong Input : Fist letter Should be capital and must contains minimum 3 characters :
Wrong Input : Fist letter Should be capital and must contains minimum 3 characters :
Wrong Input : Fist letter Should be capital and must contains minimum 3 characters :
Wrong Input : Fist letter Should be capital and must contains minimum 3 characters :
Wrong Input : Fist letter Should be capital and must contains minimum 3 characters :
Wrong Input : Fist letter Should be capital and must contains minimum 3 characters :
Wrong Input : Fist letter Should be capital and must contains minimum 3 characters :
Wrong Input : Fist letter Should be capital and must contains minimum 3 characters :
Wrong Input : Fist letter Should be capital and must contains minimum 3 characters :
Wrong Input : Fist letter Should be capital and must contains minimum 3 characters :
Wrong Input : Fist letter Should be capital and must contains minimum 3 characters :
Wrong Input : Fist letter Should be capital and must contains minimum 3 characters :
Wrong Input : Fist letter Should be capital and must contains minimum 3 characters :
Wrong Input : Fist letter Should be capital and must contains minimum 3 characters :
Wrong Input : Fist letter Should be capital and must contains minimum 3 characters :
Wrong Input : Fist letter Should be capital and must contains minimum 3 characters :
Wrong Input : Fist letter Should be capital and must contains minimum 3 characters :
Wrong Input : Fist letter Should be capital and must contains minimum 3 characters :
Wrong Input : Fist letter Should be capital and must contains minimum 3 characters :
Wrong Input : Fist letter Should be capital and must contains minimum 3 characters :
Wrong Input : Fist letter Should be capital and must contains minimum 3 characters :
Wrong Input : Fist letter Should be capital and must contains minimum 3 characters :
Wrong Input : Fist letter Should be capital and must contains minimum 3 characters :
Wrong Input : Fist letter Should be capital and must contains minimum 3 characters :
Wrong Input : Fist letter Should be capital and must contains minimum 3 characters :
Wrong Input : Fist letter Should be capital and must contains minimum 3 characters :
Wrong Input : Fist letter Should be capital and must contains minimum 3 characters :
Wrong Input : Fist letter Should be capital and must contains minimum 3 characters :
Wrong Input : Fist letter Should be capital and must contains minimum 3 characters :
Wrong Input : Fist letter Should be capital and must contains minimum 3 characters :
Wrong Input : Fist letter Should be capital and must contains minimum 3 characters :
Wrong Input : Fist letter Should be capital and must contains minimum 3 characters :
Wrong Input : Fist letter Should be capital and must contains minimum 3 characters :
Wrong Input : Fist letter Should be capital and must contains minimum 3 characters :
Wrong Input : Fist letter Should be capital and must contains minimum 3 characters :
Wrong Input : Fist letter Should be capital and must contains minimum 3 characters :
Wrong Input : Fist letter Should be capital and must contains minimum 3 characters :
Wrong Input : Fist letter Should be capital and must contains minimum 3 characters :
Wrong Input : Fist letter Should be capital and must contains minimum 3 characters :
Wrong Input : Fist letter Should be capital and must contains minimum 3 characters :
Wrong Input : Fist letter Should be capital and must contains minimum 3 characters :
Wrong Input : Fist letter Should be capital and must contains minimum 3 characters :
Wrong Input : Fist letter Should be capital and must contains minimum 3 characters :
Wrong Input : Fist letter Should be capital and must contains minimum 3 characters :
Wrong Input : Fist letter Should be capital and must contains minimum 3 characters :
Wrong Input : Fist letter Should be capital and must contains minimum 3 characters :
Wrong Input : Fist letter Should be capital and must contains minimum 3 characters :
Wrong Input : Fist letter Should be capital and must contains minimum 3 characters :
Wrong Input : Fist letter Should be capital and must contains minimum 3 characters :
Wrong Input : Fist letter Should be capital and must contains minimum 3 characters :
Wrong Input : Fist letter Should be capital and must contains minimum 3 characters :
Wrong Input : Fist letter Should be capital and must contains minimum 3 characters :
Wrong Input : Fist letter Should be capital and must contains minimum 3 characters :
Wrong Input : Fist letter Should be capital and must contains minimum 3 characters :
Wrong Input : Fist letter Should be capital and must contains minimum 3 characters :
Wrong Input : Fist letter Should be capital and must contains minimum 3 characters :
Wrong Input : Fist letter Should be capital and must contains minimum 3 characters :
Wrong Input : Fist letter Should be capital and must contains minimum 3 characters :
Wrong Input : Fist letter Should be capital and must contains minimum 3 characters :
Wrong Input : Fist letter Should be capital and must contains minimum 3 characters :
Wrong Input : Fist letter Should be capital and must contains minimum 3 characters :
Wrong Input : Fist letter Should be capital and must contains minimum 3 characters :
Wrong Input : Fist letter Should be capital and must contains minimum 3 characters :
Wrong Input : Fist letter Should be capital and must contains minimum 3 characters :
Wrong Input : Fist letter Should be capital and must contains minimum 3 characters :
Wrong Input : Fist letter Should be capital and must contains minimum 3 characters :
Wrong Input : Fist letter Should be capital and must contains minimum 3 characters :
Wrong Input : Fist letter Should be capital and must contains minimum 3 characters :
Wrong Input : Fist letter Should be capital and must contains minimum 3 characters :
Wrong Input : Fist letter Should be capital and must contains minimum 3 characters :
Wrong Input : Fist letter Should be capital and must contains minimum 3 characters :
Wrong Input : Fist letter Should be capital and must contains minimum 3 characters :
Wrong Input : Fist letter Should be capital and must contains minimum 3 characters :
Wrong Input : Fist letter Should be capital and must contains minimum 3 characters :
Wrong Input : Fist letter Should be capital and must contains minimum 3 characters :
Wrong Input : Fist letter Should be capital and must contains minimum 3 characters :
Wrong Input : Fist letter Should be capital and must contains minimum 3 characters :
Wrong Input : Fist letter Should be capital and must contains minimum 3 characters :
Wrong Input : Fist letter Should be capital and must contains minimum 3 characters :
Wrong Input : Fist letter Should be capital and must contains minimum 3 characters :
Wrong Input : Fist letter Should be capital and must contains minimum 3 characters :
Wrong Input : Fist letter Should be capital and must contains minimum 3 characters :
Wrong Input : Fist letter Should be capital and must contains minimum 3 characters :
Wrong Input : Fist letter Should be capital and must contains minimum 3 characters :
Wrong Input : Fist letter Should be capital and must contains minimum 3 characters :
Wrong Input : Fist letter Should be capital and must contains minimum 3 characters :
Wrong Input : Fist letter Should be capital and must contains minimum 3 characters :
Wrong Input : Fist letter Should be capital and must contains minimum 3 characters :
Wrong Input : Fist letter Should be capital and must contains minimum 3 characters :
Wrong Input : Fist letter Should be capital and must contains minimum 3 characters :
Wrong Input : Fist letter Should be capital and must contains minimum 3 characters :
Wrong Input : Fist letter Should be capital and must contains minimum 3 characters :
Wrong Input : Fist letter Should be capital and must contains minimum 3 characters :
Wrong Input : Fist letter Should be capital and must contains minimum 3 characters :
Wrong Input : Fist letter Should be capital and must contains minimum 3 characters :
Wrong Input : Fist letter Should be capital and must contains minimum 3 characters :
Wrong Input : Fist letter Should be capital and must contains minimum 3 characters :
Wrong Input : Fist letter Should be capital and must contains minimum 3 characters :
Wrong Input : Fist letter Should be capital and must contains minimum 3 characters :
Wrong Input : Fist letter Should be capital and must contains minimum 3 characters :
Wrong Input : Fist letter Should be capital and must contains minimum 3 characters :
Wrong Input : Fist letter Should be capital and must contains minimum 3 characters :
Wrong Input : Fist letter Should be capital and must contains minimum 3 characters :
Wrong Input : Fist letter Should be capital and must contains minimum 3 characters :
Wrong Input : Fist letter Should be capital and must contains minimum 3 characters :
Wrong Input : Fist letter Should be capital and must contains minimum 3 characters :
Wrong Input : Fist letter Should be capital and must contains minimum 3 characters :
Wrong Input : Fist letter Should be capital and must contains minimum 3 characters :
Wrong Input : Fist letter Should be capital and must contains minimum 3 characters :
Wrong Input : Fist letter Should be capital and must contains minimum 3 characters :
Wrong Input : Fist letter Should be capital and must contains minimum 3 characters :
Wrong Input : Fist letter Should be capital and must contains minimum 3 characters :
Wrong Input : Fist letter Should be capital and must contains minimum 3 characters :
Wrong Input : Fist letter Should be capital and must contains minimum 3 characters :
Wrong Input : Fist letter Should be capital and must contains minimum 3 characters :
Wrong Input : Fist letter Should be capital and must contains minimum 3 characters :
Wrong Input : Fist letter Should be capital and must contains minimum 3 characters :
Wrong Input : Fist letter Should be capital and must contains minimum 3 characters :
Wrong Input : Fist letter Should be capital and must contains minimum 3 characters :
Wrong Input : Fist letter Should be capital and must contains minimum 3 characters :
Wrong Input : Fist letter Should be capital and must contains minimum 3 characters :
Wrong Input : Fist letter Should be capital and must contains minimum 3 characters :
Wrong Input : Fist letter Should be capital and must contains minimum 3 characters :
Wrong Input : Fist letter Should be capital and must contains minimum 3 characters :
Wrong Input : Fist letter Should be capital and must contains minimum 3 characters :
Wrong Input : Fist letter Should be capital and must contains minimum 3 characters :
Wrong Input : Fist letter Should be capital and must contains minimum 3 characters :
Wrong Input : Fist letter Should be capital and must contains minimum 3 characters :
Wrong Input : Fist letter Should be capital and must contains minimum 3 characters :
Wrong Input : Fist letter Should be capital and must contains minimum 3 characters :
Wrong Input : Fist letter Should be capital and must contains minimum 3 characters :
Wrong Input : Fist letter Should be capital and must contains minimum 3 characters :
Wrong Input : Fist letter Should be capital and must contains minimum 3 characters :
Wrong Input : Fist letter Should be capital and must contains minimum 3 characters :
Wrong Input : Fist letter Should be capital and must contains minimum 3 characters :
Wrong Input : Fist letter Should be capital and must contains minimum 3 characters :
Wrong Input : Fist letter Should be capital and must contains minimum 3 characters :
Wrong Input : Fist letter Should be capital and must contains minimum 3 characters :
Wrong Input : Fist letter Should be capital and must contains minimum 3 characters :
Wrong Input : Fist letter Should be capital and must contains minimum 3 characters :
Wrong Input : Fist letter Should be capital and must contains minimum 3 characters :
Wrong Input : Fist letter Should be capital and must contains minimum 3 characters :
Wrong Input : Fist letter Should be capital and must contains minimum 3 characters :
Wrong Input : Fist letter Should be capital and must contains minimum 3 characters :
Wrong Input : Fist letter Should be capital and must contains minimum 3 characters :
Wrong Input : Fist letter Should be capital and must contains minimum 3 characters :
Wrong Input : Fist letter Should be capital and must contains minimum 3 characters :
Wrong Input : Fist letter Should be capital and must contains minimum 3 characters :
Wrong Input : Fist letter Should be capital and must contains minimum 3 characters :
Wrong Input : Fist letter Should be capital and must contains minimum 3 characters :
Wrong Input : Fist letter Should be capital and must contains minimum 3 characters :
Wrong Input : Fist letter Should be capital and must contains minimum 3 characters :
Wrong Input : Fist letter Should be capital and must contains minimum 3 characters :
Wrong Input : Fist letter Should be capital and must contains minimum 3 characters :
Wrong Input : Fist letter Should be capital and must contains minimum 3 characters :
Wrong Input : Fist letter Should be capital and must contains minimum 3 characters :
Wrong Input : Fist letter Should be capital and must contains minimum 3 characters :
Wrong Input : Fist letter Should be capital and must contains minimum 3 characters :
Wrong Input : Fist letter Should be capital and must contains minimum 3 characters :
Wrong Input : Fist letter Should be capital and must contains minimum 3 characters :
Wrong Input : Fist letter Should be capital and must contains minimum 3 characters :
Wrong Input : Fist letter Should be capital and must contains minimum 3 characters :
Wrong Input : Fist letter Should be capital and must contains minimum 3 characters :
Wrong Input : Fist letter Should be capital and must contains minimum 3 characters :
Wrong Input : Fist letter Should be capital and must contains minimum 3 characters :
Wrong Input : Fist letter Should be capital and must contains minimum 3 characters :
Wrong Input : Fist letter Should be capital and must contains minimum 3 characters :
Wrong Input : Fist letter Should be capital and must contains minimum 3 characters :
Wrong Input : Fist letter Should be capital and must contains minimum 3 characters :
Wrong Input : Fist letter Should be capital and must contains minimum 3 characters :
Wrong Input : Fist letter Should be capital and must contains minimum 3 characters :
Wrong Input : Fist letter Should be capital and must contains minimum 3 characters :
Wrong Input : Fist letter Should be capital and must contains minimum 3 characters :
Wrong Input : Fist letter Should be capital and must contains minimum 3 characters :
Wrong Input : Fist letter Should be capital and must contains minimum 3 characters :
Wrong Input : Fist letter Should be capital and must contains minimum 3 characters :
Wrong Input : Fist letter Should be capital and must contains minimum 3 characters :
Wrong Input : Fist letter Should be capital and must contains minimum 3 characters :
Wrong Input : Fist letter Should be capital and must contains minimum 3 characters :
Wrong Input : Fist letter Should be capital and must contains minimum 3 characters :
Wrong Input : Fist letter Should be capital and must contains minimum 3 characters :
Wrong Input : Fist letter Should be capital and must contains minimum 3 characters :
Wrong Input : Fist letter Should be capital and must contains minimum 3 characters :
Wrong Input : Fist letter Should be capital and must contains minimum 3 characters :
Wrong Input : Fist letter Should be capital and must contains minimum 3 characters :
Wrong Input : Fist letter Should be capital and must contains minimum 3 characters :
Wrong Input : Fist letter Should be capital and must contains minimum 3 characters :
Wrong Input : Fist letter Should be capital and must contains minimum 3 characters :
Wrong Input : Fist letter Should be capital and must contains minimum 3 characters :
Wrong Input : Fist letter Should be capital and must contains minimum 3 characters :
Wrong Input : Fist letter Should be capital and must contains minimum 3 characters :
Wrong Input : Fist letter Should be capital and must contains minimum 3 characters :
Wrong Input : Fist letter Should be capital and must contains minimum 3 characters :
Wrong Input : Fist letter Should be capital and must contains minimum 3 characters :
Wrong Input : Fist letter Should be capital and must contains minimum 3 characters :
Wrong Input : Fist letter Should be capital and must contains minimum 3 characters :
Wrong Input : Fist letter Should be capital and must contains minimum 3 characters :
Wrong Input : Fist letter Should be capital and must contains minimum 3 characters :
Wrong Input : Fist letter Should be capital and must contains minimum 3 characters :
Wrong Input : Fist letter Should be capital and must contains minimum 3 characters :
Wrong Input : Fist letter Should be capital and must contains minimum 3 characters :
Wrong Input : Fist letter Should be capital and must contains minimum 3 characters :
Wrong Input : Fist letter Should be capital and must contains minimum 3 characters :
Wrong Input : Fist letter Should be capital and must contains minimum 3 characters :
Wrong Input : Fist letter Should be capital and must contains minimum 3 characters :
Wrong Input : Fist letter Should be capital and must contains minimum 3 characters :
Wrong Input : Fist letter Should be capital and must contains minimum 3 characters :
Wrong Input : Fist letter Should be capital and must contains minimum 3 characters :
Wrong Input : Fist letter Should be capital and must contains minimum 3 characters :
Wrong Input : Fist letter Should be capital and must contains minimum 3 characters :
Wrong Input : Fist letter Should be capital and must contains minimum 3 characters :
Wrong Input : Fist letter Should be capital and must contains minimum 3 characters :
Wrong Input : Fist letter Should be capital and must contains minimum 3 characters :
Wrong Input : Fist letter Should be capital and must contains minimum 3 characters :
Wrong Input : Fist letter Should be capital and must contains minimum 3 characters :
Wrong Input : Fist letter Should be capital and must contains minimum 3 characters :
Wrong Input : Fist letter Should be capital and must contains minimum 3 characters :
Wrong Input : Fist letter Should be capital and must contains minimum 3 characters :
Wrong Input : Fist letter Should be capital and must contains minimum 3 characters :
Wrong Input : Fist letter Should be capital and must contains minimum 3 characters :
Wrong Input : Fist letter Should be capital and must contains minimum 3 characters :
Wrong Input : Fist letter Should be capital and must contains minimum 3 characters :
Wrong Input : Fist letter Should be capital and must contains minimum 3 characters :
Wrong Input : Fist letter Should be capital and must contains minimum 3 characters :
Wrong Input : Fist letter Should be capital and must contains minimum 3 characters :
Wrong Input : Fist letter Should be capital and must contains minimum 3 characters :
Wrong Input : Fist letter Should be capital and must contains minimum 3 characters :
Wrong Input : Fist letter Should be capital and must contains minimum 3 characters :
Wrong Input : Fist letter Should be capital and must contains minimum 3 characters :
Wrong Input : Fist letter Should be capital and must contains minimum 3 characters :
Wrong Input : Fist letter Should be capital and must contains minimum 3 characters :
Wrong Input : Fist letter Should be capital and must contains minimum 3 characters :
Wrong Input : Fist letter Should be capital and must contains minimum 3 characters :
Wrong Input : Fist letter Should be capital and must contains minimum 3 characters :
Wrong Input : Fist letter Should be capital and must contains minimum 3 characters :
Wrong Input : Fist letter Should be capital and must contains minimum 3 characters :
Wrong Input : Fist letter Should be capital and must contains minimum 3 characters :
Wrong Input : Fist letter Should be capital and must contains minimum 3 characters :
Wrong Input : Fist letter Should be capital and must contains minimum 3 characters :
Wrong Input : Fist letter Should be capital and must contains minimum 3 characters :
Wrong Input : Fist letter Should be capital and must contains minimum 3 characters :
Wrong Input : Fist letter Should be capital and must contains minimum 3 characters :
Wrong Input : Fist letter Should be capital and must contains minimum 3 characters :
Wrong Input : Fist letter Should be capital and must contains minimum 3 characters :
Wrong Input : Fist letter Should be capital and must contains minimum 3 characters :
Wrong Input : Fist letter Should be capital and must contains minimum 3 characters :
Wrong Input : Fist letter Should be capital and must contains minimum 3 characters :
Wrong Input : Fist letter Should be capital and must contains minimum 3 characters :
Wrong Input : Fist letter Should be capital and must contains minimum 3 characters :
Wrong Input : Fist letter Should be capital and must contains minimum 3 characters :
Wrong Input : Fist letter Should be capital and must contains minimum 3 characters :
Wrong Input : Fist letter Should be capital and must contains minimum 3 characters :
Wrong Input : Fist letter Should be capital and must contains minimum 3 characters :
Wrong Input : Fist letter Should be capital and must contains minimum 3 characters :
Wrong Input : Fist letter Should be capital and must contains minimum 3 characters :
Wrong Input : Fist letter Should be capital and must contains minimum 3 characters :
Wrong Input : Fist letter Should be capital and must contains minimum 3 characters :
Wrong Input : Fist letter Should be capital and must contains minimum 3 characters :
Wrong Input : Fist letter Should be capital and must contains minimum 3 characters :
Wrong Input : Fist letter Should be capital and must contains minimum 3 characters :
Wrong Input : Fist letter Should be capital and must contains minimum 3 characters :
Wrong Input : Fist letter Should be capital and must contains minimum 3 characters :
Wrong Input : Fist letter Should be capital and must contains minimum 3 characters :
Wrong Input : Fist letter Should be capital and must contains minimum 3 characters :
Wrong Input : Fist letter Should be capital and must contains minimum 3 characters :
Wrong Input : Fist letter Should be capital and must contains minimum 3 characters :
Wrong Input : Fist letter Should be capital and must contains minimum 3 characters :
Wrong Input : Fist letter Should be capital and must contains minimum 3 characters :
Wrong Input : Fist letter Should be capital and must contains minimum 3 characters :
Wrong Input : Fist letter Should be capital and must contains minimum 3 characters :
Wrong Input : Fist letter Should be capital and must contains minimum 3 characters :
Wrong Input : Fist letter Should be capital and must contains minimum 3 characters :
Wrong Input : Fist letter Should be capital and must contains minimum 3 characters :
Wrong Input : Fist letter Should be capital and must contains minimum 3 characters :
Wrong Input : Fist letter Should be capital and must contains minimum 3 characters :
Wrong Input : Fist letter Should be capital and must contains minimum 3 characters :
Wrong Input : Fist letter Should be capital and must contains minimum 3 characters :
Wrong Input : Fist letter Should be capital and must contains minimum 3 characters :
Wrong Input : Fist letter Should be capital and must contains minimum 3 characters :
Wrong Input : Fist letter Should be capital and must contains minimum 3 characters :
Wrong Input : Fist letter Should be capital and must contains minimum 3 characters :
Wrong Input : Fist letter Should be capital and must contains minimum 3 characters :
Wrong Input : Fist letter Should be capital and must contains minimum 3 characters :
Wrong Input : Fist letter Should be capital and must contains minimum 3 characters :
Wrong Input : Fist letter Should be capital and must contains minimum 3 characters :
Wrong Input : Fist letter Should be capital and must contains minimum 3 characters :
Wrong Input : Fist letter Should be capital and must contains minimum 3 characters :
Wrong Input : Fist letter Should be capital and must contains minimum 3 characters :
Wrong Input : Fist letter Should be capital and must contains minimum 3 characters :
Wrong Input : Fist letter Should be capital and must contains minimum 3 characters :
Wrong Input : Fist letter Should be capital and must contains minimum 3 characters :
Wrong Input : Fist letter Should be capital and must contains minimum 3 characters :
Wrong Input : Fist letter Should be capital and must contains minimum 3 characters :
Wrong Input : Fist letter Should be capital and must contains minimum 3 characters :
Wrong Input : Fist letter Should be capital and must contains minimum 3 characters :
Wrong Input : Fist letter Should be capital and must contains minimum 3 characters :
Wrong Input : Fist letter Should be capital and must contains minimum 3 characters :
Wrong Input : Fist letter Should be capital and must contains minimum 3 characters :
Wrong Input : Fist letter Should be capital and must contains minimum 3 characters :
Wrong Input : Fist letter Should be capital and must contains minimum 3 characters :
Wrong Input : Fist letter Should be capital and must contains minimum 3 characters :
Wrong Input : Fist letter Should be capital and must contains minimum 3 characters :
Wrong Input : Fist letter Should be capital and must contains minimum 3 characters :
Wrong Input : Fist letter Should be capital and must contains minimum 3 characters :
Wrong Input : Fist letter Should be capital and must contains minimum 3 characters :
Wrong Input : Fist letter Should be capital and must contains minimum 3 characters :
Wrong Input : Fist letter Should be capital and must contains minimum 3 characters :
Wrong Input : Fist letter Should be capital and must contains minimum 3 characters :
Wrong Input : Fist letter Should be capital and must contains minimum 3 characters :
Wrong Input : Fist letter Should be capital and must contains minimum 3 characters :
Wrong Input : Fist letter Should be capital and must contains minimum 3 characters :
Wrong Input : Fist letter Should be capital and must contains minimum 3 characters :
Wrong Input : Fist letter Should be capital and must contains minimum 3 characters :
Wrong Input : Fist letter Should be capital and must contains minimum 3 characters :
Wrong Input : Fist letter Should be capital and must contains minimum 3 characters :
Wrong Input : Fist letter Should be capital and must contains minimum 3 characters :
Wrong Input : Fist letter Should be capital and must contains minimum 3 characters :
Wrong Input : Fist letter Should be capital and must contains minimum 3 characters :
Wrong Input : Fist letter Should be capital and must contains minimum 3 characters :
Wrong Input : Fist letter Should be capital and must contains minimum 3 characters :
Wrong Input : Fist letter Should be capital and must contains minimum 3 characters :
Wrong Input : Fist letter Should be capital and must contains minimum 3 characters :
Wrong Input : Fist letter Should be capital and must contains minimum 3 characters :
Wrong Input : Fist letter Should be capital and must contains minimum 3 characters :
Wrong Input : Fist letter Should be capital and must contains minimum 3 characters :
Wrong Input : Fist letter Should be capital and must contains minimum 3 characters :
Wrong Input : Fist letter Should be capital and must contains minimum 3 characters :
Wrong Input : Fist letter Should be capital and must contains minimum 3 characters :
Wrong Input : Fist letter Should be capital and must contains minimum 3 characters :
Wrong Input : Fist letter Should be capital and must contains minimum 3 characters :
Wrong Input : Fist letter Should be capital and must contains minimum 3 characters :
Wrong Input : Fist letter Should be capital and must contains minimum 3 characters :
Wrong Input : Fist letter Should be capital and must contains minimum 3 characters :
Wrong Input : Fist letter Should be capital and must contains minimum 3 characters :
Wrong Input : Fist letter Should be capital and must contains minimum 3 characters :
Wrong Input : Fist letter Should be capital and must contains minimum 3 characters :
Wrong Input : Fist letter Should be capital and must contains minimum 3 characters :
Wrong Input : Fist letter Should be capital and must contains minimum 3 characters :
Wrong Input : Fist letter Should be capital and must contains minimum 3 characters :
Wrong Input : Fist letter Should be capital and must contains minimum 3 characters :
Wrong Input : Fist letter Should be capital and must contains minimum 3 characters :
Wrong Input : Fist letter Should be capital and must contains minimum 3 characters :
Wrong Input : Fist letter Should be capital and must contains minimum 3 characters :
Wrong Input : Fist letter Should be capital and must contains minimum 3 characters :
Wrong Input : Fist letter Should be capital and must contains minimum 3 characters :
Wrong Input : Fist letter Should be capital and must contains minimum 3 characters :
Wrong Input : Fist letter Should be capital and must contains minimum 3 characters :
Wrong Input : Fist letter Should be capital and must contains minimum 3 characters :
Wrong Input : Fist letter Should be capital and must contains minimum 3 characters :
Wrong Input : Fist letter Should be capital and must contains minimum 3 characters :
Wrong Input : Fist letter Should be capital and must contains minimum 3 characters :
Wrong Input : Fist letter Should be capital and must contains minimum 3 characters :
Wrong Input : Fist letter Should be capital and must contains minimum 3 characters :
Wrong Input : Fist letter Should be capital and must contains minimum 3 characters :
Wrong Input : Fist letter Should be capital and must contains minimum 3 characters :
Wrong Input : Fist letter Should be capital and must contains minimum 3 characters :
Wrong Input : Fist letter Should be capital and must contains minimum 3 characters :
Wrong Input : Fist letter Should be capital and must contains minimum 3 characters :
Wrong Input : Fist letter Should be capital and must contains minimum 3 characters :
Wrong Input : Fist letter Should be capital and must contains minimum 3 characters :
Wrong Input : Fist letter Should be capital and must contains minimum 3 characters :
Wrong Input : Fist letter Should be capital and must contains minimum 3 characters :
Wrong Input : Fist letter Should be capital and must contains minimum 3 characters :
Wrong Input : Fist letter Should be capital and must contains minimum 3 characters :
Wrong Input : Fist letter Should be capital and must contains minimum 3 characters :
Wrong Input : Fist letter Should be capital and must contains minimum 3 characters :
Wrong Input : Fist letter Should be capital and must contains minimum 3 characters :
Wrong Input : Fist letter Should be capital and must contains minimum 3 characters :
Wrong Input : Fist letter Should be capital and must contains minimum 3 characters :
Wrong Input : Fist letter Should be capital and must contains minimum 3 characters :
Wrong Input : Fist letter Should be capital and must contains minimum 3 characters :
Wrong Input : Fist letter Should be capital and must contains minimum 3 characters :
Wrong Input : Fist letter Should be capital and must contains minimum 3 characters :
Wrong Input : Fist letter Should be capital and must contains minimum 3 characters :
Wrong Input : Fist letter Should be capital and must contains minimum 3 characters :
Wrong Input : Fist letter Should be capital and must contains minimum 3 characters :
Wrong Input : Fist letter Should be capital and must contains minimum 3 characters :
Wrong Input : Fist letter Should be capital and must contains minimum 3 characters :
Wrong Input : Fist letter Should be capital and must contains minimum 3 characters :
Wrong Input : Fist letter Should be capital and must contains minimum 3 characters :
Wrong Input : Fist letter Should be capital and must contains minimum 3 characters :
Wrong Input : Fist letter Should be capital and must contains minimum 3 characters :
Wrong Input : Fist letter Should be capital and must contains minimum 3 characters :
Wrong Input : Fist letter Should be capital and must contains minimum 3 characters :
Wrong Input : Fist letter Should be capital and must contains minimum 3 characters :
Wrong Input : Fist letter Should be capital and must contains minimum 3 characters :
Wrong Input : Fist letter Should be capital and must contains minimum 3 characters :
Wrong Input : Fist letter Should be capital and must contains minimum 3 characters :
Wrong Input : Fist letter Should be capital and must contains minimum 3 characters :
Wrong Input : Fist letter Should be capital and must contains minimum 3 characters :
Wrong Input : Fist letter Should be capital and must contains minimum 3 characters :
Wrong Input : Fist letter Should be capital and must contains minimum 3 characters :
Wrong Input : Fist letter Should be capital and must contains minimum 3 characters :
Wrong Input : Fist letter Should be capital and must contains minimum 3 characters :
Wrong Input : Fist letter Should be capital and must contains minimum 3 characters :
Wrong Input : Fist letter Should be capital and must contains minimum 3 characters :
Wrong Input : Fist letter Should be capital and must contains minimum 3 characters :
Wrong Input : Fist letter Should be capital and must contains minimum 3 characters :
Wrong Input : Fist letter Should be capital and must contains minimum 3 characters :
Wrong Input : Fist letter Should be capital and must contains minimum 3 characters :
Wrong Input : Fist letter Should be capital and must contains minimum 3 characters :
Wrong Input : Fist letter Should be capital and must contains minimum 3 characters :
Wrong Input : Fist letter Should be capital and must contains minimum 3 characters :
Wrong Input : Fist letter Should be capital and must contains minimum 3 characters :
Wrong Input : Fist letter Should be capital and must contains minimum 3 characters :
Wrong Input : Fist letter Should be capital and must contains minimum 3 characters :
Wrong Input : Fist letter Should be capital and must contains minimum 3 characters :
Wrong Input : Fist letter Should be capital and must contains minimum 3 characters :
Wrong Input : Fist letter Should be capital and must contains minimum 3 characters :
Wrong Input : Fist letter Should be capital and must contains minimum 3 characters :
Wrong Input : Fist letter Should be capital and must contains minimum 3 characters :
Wrong Input : Fist letter Should be capital and must contains minimum 3 characters :
Wrong Input : Fist letter Should be capital and must contains minimum 3 characters :
Wrong Input : Fist letter Should be capital and must contains minimum 3 characters :
Wrong Input : Fist letter Should be capital and must contains minimum 3 characters :
Wrong Input : Fist letter Should be capital and must contains minimum 3 characters :
Wrong Input : Fist letter Should be capital and must contains minimum 3 characters :
Wrong Input : Fist letter Should be capital and must contains minimum 3 characters :
Wrong Input : Fist letter Should be capital and must contains minimum 3 characters :
Wrong Input : Fist letter Should be capital and must contains minimum 3 characters :
Wrong Input : Fist letter Should be capital and must contains minimum 3 characters :
Wrong Input : Fist letter Should be capital and must contains minimum 3 characters :
Wrong Input : Fist letter Should be capital and must contains minimum 3 characters :
Wrong Input : Fist letter Should be capital and must contains minimum 3 characters :
Wrong Input : Fist letter Should be capital and must contains minimum 3 characters :
Wrong Input : Fist letter Should be capital and must contains minimum 3 characters :
Wrong Input : Fist letter Should be capital and must contains minimum 3 characters :
Wrong Input : Fist letter Should be capital and must contains minimum 3 characters :
Wrong Input : Fist letter Should be capital and must contains minimum 3 characters :
Wrong Input : Fist letter Should be capital and must contains minimum 3 characters :
Wrong Input : Fist letter Should be capital and must contains minimum 3 characters :
Wrong Input : Fist letter Should be capital and must contains minimum 3 characters :
Wrong Input : Fist letter Should be capital and must contains minimum 3 characters :
Wrong Input : Fist letter Should be capital and must contains minimum 3 characters :
Wrong Input : Fist letter Should be capital and must contains minimum 3 characters :
Wrong Input : Fist letter Should be capital and must contains minimum 3 characters :
Wrong Input : Fist letter Should be capital and must contains minimum 3 characters :
Wrong Input : Fist letter Should be capital and must contains minimum 3 characters :
Wrong Input : Fist letter Should be capital and must contains minimum 3 characters :
Wrong Input : Fist letter Should be capital and must contains minimum 3 characters :
Wrong Input : Fist letter Should be capital and must contains minimum 3 characters :
Wrong Input : Fist letter Should be capital and must contains minimum 3 characters :
Wrong Input : Fist letter Should be capital and must contains minimum 3 characters :
Wrong Input : Fist letter Should be capital and must contains minimum 3 characters :
Wrong Input : Fist letter Should be capital and must contains minimum 3 characters :
Wrong Input : Fist letter Should be capital and must contains minimum 3 characters :
Wrong Input : Fist letter Should be capital and must contains minimum 3 characters :
Wrong Input : Fist letter Should be capital and must contains minimum 3 characters :
Wrong Input : Fist letter Should be capital and must contains minimum 3 characters :
Wrong Input : Fist letter Should be capital and must contains minimum 3 characters :
Wrong Input : Fist letter Should be capital and must contains minimum 3 characters :
Wrong Input : Fist letter Should be capital and must contains minimum 3 characters :
Wrong Input : Fist letter Should be capital and must contains minimum 3 characters :
Wrong Input : Fist letter Should be capital and must contains minimum 3 characters :
Wrong Input : Fist letter Should be capital and must contains minimum 3 characters :
Wrong Input : Fist letter Should be capital and must contains minimum 3 characters :
Wrong Input : Fist letter Should be capital and must contains minimum 3 characters :
Wrong Input : Fist letter Should be capital and must contains minimum 3 characters :
Wrong Input : Fist letter Should be capital and must contains minimum 3 characters :
Wrong Input : Fist letter Should be capital and must contains minimum 3 characters :
Wrong Input : Fist letter Should be capital and must contains minimum 3 characters :
Wrong Input : Fist letter Should be capital and must contains minimum 3 characters :
Wrong Input : Fist letter Should be capital and must contains minimum 3 characters :
Wrong Input : Fist letter Should be capital and must contains minimum 3 characters :
Wrong Input : Fist letter Should be capital and must contains minimum 3 characters :
Wrong Input : Fist letter Should be capital and must contains minimum 3 characters :
Wrong Input : Fist letter Should be capital and must contains minimum 3 characters :
Wrong Input : Fist letter Should be capital and must contains minimum 3 characters :
Wrong Input : Fist letter Should be capital and must contains minimum 3 characters :
Wrong Input : Fist letter Should be capital and must contains minimum 3 characters :
Wrong Input : Fist letter Should be capital and must contains minimum 3 characters :
Wrong Input : Fist letter Should be capital and must contains minimum 3 characters :
Wrong Input : Fist letter Should be capital and must contains minimum 3 characters :
Wrong Input : Fist letter Should be capital and must contains minimum 3 characters :
Wrong Input : Fist letter Should be capital and must contains minimum 3 characters :
Wrong Input : Fist letter Should be capital and must contains minimum 3 characters :
Wrong Input : Fist letter Should be capital and must contains minimum 3 characters :
Wrong Input : Fist letter Should be capital and must contains minimum 3 characters :
Wrong Input : Fist letter Should be capital and must contains minimum 3 characters :
Wrong Input : Fist letter Should be capital and must contains minimum 3 characters :
Wrong Input : Fist letter Should be capital and must contains minimum 3 characters :
Wrong Input : Fist letter Should be capital and must contains minimum 3 characters :
Wrong Input : Fist letter Should be capital and must contains minimum 3 characters :
Wrong Input : Fist letter Should be capital and must contains minimum 3 characters :
Wrong Input : Fist letter Should be capital and must contains minimum 3 characters :
Wrong Input : Fist letter Should be capital and must contains minimum 3 characters :
Wrong Input : Fist letter Should be capital and must contains minimum 3 characters :
Wrong Input : Fist letter Should be capital and must contains minimum 3 characters :
Wrong Input : Fist letter Should be capital and must contains minimum 3 characters :
Wrong Input : Fist letter Should be capital and must contains minimum 3 characters :
Wrong Input : Fist letter Should be capital and must contains minimum 3 characters :
Wrong Input : Fist letter Should be capital and must contains minimum 3 characters :
Wrong Input : Fist letter Should be capital and must contains minimum 3 characters :
Wrong Input : Fist letter Should be capital and must contains minimum 3 characters :
Wrong Input : Fist letter Should be capital and must contains minimum 3 characters :
Wrong Input : Fist letter Should be capital and must contains minimum 3 characters :
Wrong Input : Fist letter Should be capital and must contains minimum 3 characters :
Wrong Input : Fist letter Should be capital and must contains minimum 3 characters :
Wrong Input : Fist letter Should be capital and must contains minimum 3 characters :
Wrong Input : Fist letter Should be capital and must contains minimum 3 characters :
Wrong Input : Fist letter Should be capital and must contains minimum 3 characters :
Wrong Input : Fist letter Should be capital and must contains minimum 3 characters :
Wrong Input : Fist letter Should be capital and must contains minimum 3 characters :
Wrong Input : Fist letter Should be capital and must contains minimum 3 characters :
Wrong Input : Fist letter Should be capital and must contains minimum 3 characters :
Wrong Input : Fist letter Should be capital and must contains minimum 3 characters :
Wrong Input : Fist letter Should be capital and must contains minimum 3 characters :
Wrong Input : Fist letter Should be capital and must contains minimum 3 characters :
Wrong Input : Fist letter Should be capital and must contains minimum 3 characters :
Wrong Input : Fist letter Should be capital and must contains minimum 3 characters :
Wrong Input : Fist letter Should be capital and must contains minimum 3 characters :
Wrong Input : Fist letter Should be capital and must contains minimum 3 characters :
Wrong Input : Fist letter Should be capital and must contains minimum 3 characters :
Wrong Input : Fist letter Should be capital and must contains minimum 3 characters :
Wrong Input : Fist letter Should be capital and must contains minimum 3 characters :
Wrong Input : Fist letter Should be capital and must contains minimum 3 characters :
Wrong Input : Fist letter Should be capital and must contains minimum 3 characters :
Wrong Input : Fist letter Should be capital and must contains minimum 3 characters :
Wrong Input : Fist letter Should be capital and must contains minimum 3 characters :
Wrong Input : Fist letter Should be capital and must contains minimum 3 characters :
Wrong Input : Fist letter Should be capital and must contains minimum 3 characters :
Wrong Input : Fist letter Should be capital and must contains minimum 3 characters :
Wrong Input : Fist letter Should be capital and must contains minimum 3 characters :
Wrong Input : Fist letter Should be capital and must contains minimum 3 characters :
Wrong Input : Fist letter Should be capital and must contains minimum 3 characters :
Wrong Input : Fist letter Should be capital and must contains minimum 3 characters :
Wrong Input : Fist letter Should be capital and must contains minimum 3 characters :
Wrong Input : Fist letter Should be capital and must contains minimum 3 characters :
Wrong Input : Fist letter Should be capital and must contains minimum 3 characters :
Wrong Input : Fist letter Should be capital and must contains minimum 3 characters :
Wrong Input : Fist letter Should be capital and must contains minimum 3 characters :
Wrong Input : Fist letter Should be capital and must contains minimum 3 characters :
Wrong Input : Fist letter Should be capital and must contains minimum 3 characters :
Wrong Input : Fist letter Should be capital and must contains minimum 3 characters :
Wrong Input : Fist letter Should be capital and must contains minimum 3 characters :
Wrong Input : Fist letter Should be capital and must contains minimum 3 characters :
Wrong Input : Fist letter Should be capital and must contains minimum 3 characters :
Wrong Input : Fist letter Should be capital and must contains minimum 3 characters :
Wrong Input : Fist letter Should be capital and must contains minimum 3 characters :
Wrong Input : Fist letter Should be capital and must contains minimum 3 characters :
Wrong Input : Fist letter Should be capital and must contains minimum 3 characters :
Wrong Input : Fist letter Should be capital and must contains minimum 3 characters :
Wrong Input : Fist letter Should be capital and must contains minimum 3 characters :
Wrong Input : Fist letter Should be capital and must contains minimum 3 characters :
Wrong Input : Fist letter Should be capital and must contains minimum 3 characters :
Wrong Input : Fist letter Should be capital and must contains minimum 3 characters :
Wrong Input : Fist letter Should be capital and must contains minimum 3 characters :
Wrong Input : Fist letter Should be capital and must contains minimum 3 characters :
Wrong Input : Fist letter Should be capital and must contains minimum 3 characters :
Wrong Input : Fist letter Should be capital and must contains minimum 3 characters :
Wrong Input : Fist letter Should be capital and must contains minimum 3 characters :
Wrong Input : Fist letter Should be capital and must contains minimum 3 characters :
Wrong Input : Fist letter Should be capital and must contains minimum 3 characters :
Wrong Input : Fist letter Should be capital and must contains minimum 3 characters :
Wrong Input : Fist letter Should be capital and must contains minimum 3 characters :
Wrong Input : Fist letter Should be capital and must contains minimum 3 characters :
Wrong Input : Fist letter Should be capital and must contains minimum 3 characters :
Wrong Input : Fist letter Should be capital and must contains minimum 3 characters :
Wrong Input : Fist letter Should be capital and must contains minimum 3 characters :
Wrong Input : Fist letter Should be capital and must contains minimum 3 characters :
Wrong Input : Fist letter Should be capital and must contains minimum 3 characters :
Wrong Input : Fist letter Should be capital and must contains minimum 3 characters :
Wrong Input : Fist letter Should be capital and must contains minimum 3 characters :
Wrong Input : Fist letter Should be capital and must contains minimum 3 characters :
Wrong Input : Fist letter Should be capital and must contains minimum 3 characters :
Wrong Input : Fist letter Should be capital and must contains minimum 3 characters :
Wrong Input : Fist letter Should be capital and must contains minimum 3 characters :
Wrong Input : Fist letter Should be capital and must contains minimum 3 characters :
Wrong Input : Fist letter Should be capital and must contains minimum 3 characters :
Wrong Input : Fist letter Should be capital and must contains minimum 3 characters :
Wrong Input : Fist letter Should be capital and must contains minimum 3 characters :
Wrong Input : Fist letter Should be capital and must contains minimum 3 characters :
Wrong Input : Fist letter Should be capital and must contains minimum 3 characters :
Wrong Input : Fist letter Should be capital and must contains minimum 3 characters :
Wrong Input : Fist letter Should be capital and must contains minimum 3 characters :
Wrong Input : Fist letter Should be capital and must contains minimum 3 characters :
Wrong Input : Fist letter Should be capital and must contains minimum 3 characters :
Wrong Input : Fist letter Should be capital and must contains minimum 3 characters :
Wrong Input : Fist letter Should be capital and must contains minimum 3 characters :
Wrong Input : Fist letter Should be capital and must contains minimum 3 characters :
Wrong Input : Fist letter Should be capital and must contains minimum 3 characters :
Wrong Input : Fist letter Should be capital and must contains minimum 3 characters :
Wrong Input : Fist letter Should be capital and must contains minimum 3 characters :
Wrong Input : Fist letter Should be capital and must contains minimum 3 characters :
Wrong Input : Fist letter Should be capital and must contains minimum 3 characters :
Wrong Input : Fist letter Should be capital and must contains minimum 3 characters :
Wrong Input : Fist letter Should be capital and must contains minimum 3 characters :
Wrong Input : Fist letter Should be capital and must contains minimum 3 characters :
Wrong Input : Fist letter Should be capital and must contains minimum 3 characters :
Wrong Input : Fist letter Should be capital and must contains minimum 3 characters :
Wrong Input : Fist letter Should be capital and must contains minimum 3 characters :
Wrong Input : Fist letter Should be capital and must contains minimum 3 characters :
Wrong Input : Fist letter Should be capital and must contains minimum 3 characters :
Wrong Input : Fist letter Should be capital and must contains minimum 3 characters :
Wrong Input : Fist letter Should be capital and must contains minimum 3 characters :
Wrong Input : Fist letter Should be capital and must contains minimum 3 characters :
Wrong Input : Fist letter Should be capital and must contains minimum 3 characters :
Wrong Input : Fist letter Should be capital and must contains minimum 3 characters :
Wrong Input : Fist letter Should be capital and must contains minimum 3 characters :
Wrong Input : Fist letter Should be capital and must contains minimum 3 characters :
Wrong Input : Fist letter Should be capital and must contains minimum 3 characters :
Wrong Input : Fist letter Should be capital and must contains minimum 3 characters :
Wrong Input : Fist letter Should be capital and must contains minimum 3 characters :
Wrong Input : Fist letter Should be capital and must contains minimum 3 characters :
Wrong Input : Fist letter Should be capital and must contains minimum 3 characters :
Wrong Input : Fist letter Should be capital and must contains minimum 3 characters :
Wrong Input : Fist letter Should be capital and must contains minimum 3 characters :
Wrong Input : Fist letter Should be capital and must contains minimum 3 characters :
Wrong Input : Fist letter Should be capital and must contains minimum 3 characters :
Wrong Input : Fist letter Should be capital and must contains minimum 3 characters :
Wrong Input : Fist letter Should be capital and must contains minimum 3 characters :
Wrong Input : Fist letter Should be capital and must contains minimum 3 characters :
Wrong Input : Fist letter Should be capital and must contains minimum 3 characters :
Wrong Input : Fist letter Should be capital and must contains minimum 3 characters :
Wrong Input : Fist letter Should be capital and must contains minimum 3 characters :
Wrong Input : Fist letter Should be capital and must contains minimum 3 characters :
Wrong Input : Fist letter Should be capital and must contains minimum 3 characters :
Wrong Input : Fist letter Should be capital and must contains minimum 3 characters :
Wrong Input : Fist letter Should be capital and must contains minimum 3 characters :
Wrong Input : Fist letter Should be capital and must contains minimum 3 characters :
Wrong Input : Fist letter Should be capital and must contains minimum 3 characters :
Wrong Input : Fist letter Should be capital and must contains minimum 3 characters :
Wrong Input : Fist letter Should be capital and must contains minimum 3 characters :
Wrong Input : Fist letter Should be capital and must contains minimum 3 characters :
Wrong Input : Fist letter Should be capital and must contains minimum 3 characters :
Wrong Input : Fist letter Should be capital and must contains minimum 3 characters :
Wrong Input : Fist letter Should be capital and must contains minimum 3 characters :
Wrong Input : Fist letter Should be capital and must contains minimum 3 characters :
Wrong Input : Fist letter Should be capital and must contains minimum 3 characters :
Wrong Input : Fist letter Should be capital and must contains minimum 3 characters :
Wrong Input : Fist letter Should be capital and must contains minimum 3 characters :
Wrong Input : Fist letter Should be capital and must contains minimum 3 characters :
Wrong Input : Fist letter Should be capital and must contains minimum 3 characters :
Wrong Input : Fist letter Should be capital and must contains minimum 3 characters :
Wrong Input : Fist letter Should be capital and must contains minimum 3 characters :
Wrong Input : Fist letter Should be capital and must contains minimum 3 characters :
Wrong Input : Fist letter Should be capital and must contains minimum 3 characters :
Wrong Input : Fist letter Should be capital and must contains minimum 3 characters :
Wrong Input : Fist letter Should be capital and must contains minimum 3 characters :
Wrong Input : Fist letter Should be capital and must contains minimum 3 characters :
Wrong Input : Fist letter Should be capital and must contains minimum 3 characters :
Wrong Input : Fist letter Should be capital and must contains minimum 3 characters :
Wrong Input : Fist letter Should be capital and must contains minimum 3 characters :
Wrong Input : Fist letter Should be capital and must contains minimum 3 characters :
Wrong Input : Fist letter Should be capital and must contains minimum 3 characters :
Wrong Input : Fist letter Should be capital and must contains minimum 3 characters :
Wrong Input : Fist letter Should be capital and must contains minimum 3 characters :
Wrong Input : Fist letter Should be capital and must contains minimum 3 characters :
Wrong Input : Fist letter Should be capital and must contains minimum 3 characters :
Wrong Input : Fist letter Should be capital and must contains minimum 3 characters :
Wrong Input : Fist letter Should be capital and must contains minimum 3 characters :
Wrong Input : Fist letter Should be capital and must contains minimum 3 characters :
Wrong Input : Fist letter Should be capital and must contains minimum 3 characters :
Wrong Input : Fist letter Should be capital and must contains minimum 3 characters :
Wrong Input : Fist letter Should be capital and must contains minimum 3 characters :
Wrong Input : Fist letter Should be capital and must contains minimum 3 characters :
Wrong Input : Fist letter Should be capital and must contains minimum 3 characters :
Wrong Input : Fist letter Should be capital and must contains minimum 3 characters :
Wrong Input : Fist letter Should be capital and must contains minimum 3 characters :
Wrong Input : Fist letter Should be capital and must contains minimum 3 characters :
Wrong Input : Fist letter Should be capital and must contains minimum 3 characters :
Wrong Input : Fist letter Should be capital and must contains minimum 3 characters :
Wrong Input : Fist letter Should be capital and must contains minimum 3 characters :
Wrong Input : Fist letter Should be capital and must contains minimum 3 characters :
Wrong Input : Fist letter Should be capital and must contains minimum 3 characters :
Wrong Input : Fist letter Should be capital and must contains minimum 3 characters :
Wrong Input : Fist letter Should be capital and must contains minimum 3 characters :
Wrong Input : Fist letter Should be capital and must contains minimum 3 characters :
Wrong Input : Fist letter Should be capital and must contains minimum 3 characters :
Wrong Input : Fist letter Should be capital and must contains minimum 3 characters :
Wrong Input : Fist letter Should be capital and must contains minimum 3 characters :
Wrong Input : Fist letter Should be capital and must contains minimum 3 characters :
Wrong Input : Fist letter Should be capital and must contains minimum 3 characters :
Wrong Input : Fist letter Should be capital and must contains minimum 3 characters :
Wrong Input : Fist letter Should be capital and must contains minimum 3 characters :
Wrong Input : Fist letter Should be capital and must contains minimum 3 characters :
Wrong Input : Fist letter Should be capital and must contains minimum 3 characters :
Wrong Input : Fist letter Should be capital and must contains minimum 3 characters :
Wrong Input : Fist letter Should be capital and must contains minimum 3 characters :
Wrong Input : Fist letter Should be capital and must contains minimum 3 characters :
Wrong Input : Fist letter Should be capital and must contains minimum 3 characters :
Wrong Input : Fist letter Should be capital and must contains minimum 3 characters :
Wrong Input : Fist letter Should be capital and must contains minimum 3 characters :
Wrong Input : Fist letter Should be capital and must contains minimum 3 characters :
Wrong Input : Fist letter Should be capital and must contains minimum 3 characters :
Wrong Input : Fist letter Should be capital and must contains minimum 3 characters :
Wrong Input : Fist letter Should be capital and must contains minimum 3 characters :
Wrong Input : Fist letter Should be capital and must contains minimum 3 characters :
Wrong Input : Fist letter Should be capital and must contains minimum 3 characters :
Wrong Input : Fist letter Should be capital and must contains minimum 3 characters :
Wrong Input : Fist letter Should be capital and must contains minimum 3 characters :
Wrong Input : Fist letter Should be capital and must contains minimum 3 characters :
Wrong Input : Fist letter Should be capital and must contains minimum 3 characters :
Wrong Input : Fist letter Should be capital and must contains minimum 3 characters :
Wrong Input : Fist letter Should be capital and must contains minimum 3 characters :
Wrong Input : Fist letter Should be capital and must contains minimum 3 characters :
Wrong Input : Fist letter Should be capital and must contains minimum 3 characters :
Wrong Input : Fist letter Should be capital and must contains minimum 3 characters :
Wrong Input : Fist letter Should be capital and must contains minimum 3 characters :
Wrong Input : Fist letter Should be capital and must contains minimum 3 characters :
Wrong Input : Fist letter Should be capital and must contains minimum 3 characters :
Wrong Input : Fist letter Should be capital and must contains minimum 3 characters :
Wrong Input : Fist letter Should be capital and must contains minimum 3 characters :
Wrong Input : Fist letter Should be capital and must contains minimum 3 characters :
Wrong Input : Fist letter Should be capital and must contains minimum 3 characters :
Wrong Input : Fist letter Should be capital and must contains minimum 3 characters :
Wrong Input : Fist letter Should be capital and must contains minimum 3 characters :
Wrong Input : Fist letter Should be capital and must contains minimum 3 characters :
Wrong Input : Fist letter Should be capital and must contains minimum 3 characters :
Wrong Input : Fist letter Should be capital and must contains minimum 3 characters :
Wrong Input : Fist letter Should be capital and must contains minimum 3 characters :
Wrong Input : Fist letter Should be capital and must contains minimum 3 characters :
Wrong Input : Fist letter Should be capital and must contains minimum 3 characters :
Wrong Input : Fist letter Should be capital and must contains minimum 3 characters :
Wrong Input : Fist letter Should be capital and must contains minimum 3 characters :
Wrong Input : Fist letter Should be capital and must contains minimum 3 characters :
Wrong Input : Fist letter Should be capital and must contains minimum 3 characters :
Wrong Input : Fist letter Should be capital and must contains minimum 3 characters :
Wrong Input : Fist letter Should be capital and must contains minimum 3 characters :
Wrong Input : Fist letter Should be capital and must contains minimum 3 characters :
Wrong Input : Fist letter Should be capital and must contains minimum 3 characters :
Wrong Input : Fist letter Should be capital and must contains minimum 3 characters :
Wrong Input : Fist letter Should be capital and must contains minimum 3 characters :
Wrong Input : Fist letter Should be capital and must contains minimum 3 characters :
Wrong Input : Fist letter Should be capital and must contains minimum 3 characters :
Wrong Input : Fist letter Should be capital and must contains minimum 3 characters :
Wrong Input : Fist letter Should be capital and must contains minimum 3 characters :
Wrong Input : Fist letter Should be capital and must contains minimum 3 characters :
Wrong Input : Fist letter Should be capital and must contains minimum 3 characters :
Wrong Input : Fist letter Should be capital and must contains minimum 3 characters :
Wrong Input : Fist letter Should be capital and must contains minimum 3 characters :
Wrong Input : Fist letter Should be capital and must contains minimum 3 characters :
Wrong Input : Fist letter Should be capital and must contains minimum 3 characters :
Wrong Input : Fist letter Should be capital and must contains minimum 3 characters :
Wrong Input : Fist letter Should be capital and must contains minimum 3 characters :
Wrong Input : Fist letter Should be capital and must contains minimum 3 characters :
Wrong Input : Fist letter Should be capital and must contains minimum 3 characters :
Wrong Input : Fist letter Should be capital and must contains minimum 3 characters :
Wrong Input : Fist letter Should be capital and must contains minimum 3 characters :
Wrong Input : Fist letter Should be capital and must contains minimum 3 characters :
Wrong Input : Fist letter Should be capital and must contains minimum 3 characters :
Wrong Input : Fist letter Should be capital and must contains minimum 3 characters :
Wrong Input : Fist letter Should be capital and must contains minimum 3 characters :
Wrong Input : Fist letter Should be capital and must contains minimum 3 characters :
Wrong Input : Fist letter Should be capital and must contains minimum 3 characters :
Wrong Input : Fist letter Should be capital and must contains minimum 3 characters :
Wrong Input : Fist letter Should be capital and must contains minimum 3 characters :
Wrong Input : Fist letter Should be capital and must contains minimum 3 characters :
Wrong Input : Fist letter Should be capital and must contains minimum 3 characters :
Wrong Input : Fist letter Should be capital and must contains minimum 3 characters :
Wrong Input : Fist letter Should be capital and must contains minimum 3 characters :
Wrong Input : Fist letter Should be capital and must contains minimum 3 characters :
Wrong Input : Fist letter Should be capital and must contains minimum 3 characters :
Wrong Input : Fist letter Should be capital and must contains minimum 3 characters :
Wrong Input : Fist letter Should be capital and must contains minimum 3 characters :
Wrong Input : Fist letter Should be capital and must contains minimum 3 characters :
Wrong Input : Fist letter Should be capital and must contains minimum 3 characters :
Wrong Input : Fist letter Should be capital and must contains minimum 3 characters :
Wrong Input : Fist letter Should be capital and must contains minimum 3 characters :
Wrong Input : Fist letter Should be capital and must contains minimum 3 characters :
Wrong Input : Fist letter Should be capital and must contains minimum 3 characters :
Wrong Input : Fist letter Should be capital and must contains minimum 3 characters :
Wrong Input : Fist letter Should be capital and must contains minimum 3 characters :
Wrong Input : Fist letter Should be capital and must contains minimum 3 characters :
Wrong Input : Fist letter Should be capital and must contains minimum 3 characters :
Wrong Input : Fist letter Should be capital and must contains minimum 3 characters :
Wrong Input : Fist letter Should be capital and must contains minimum 3 characters :
Wrong Input : Fist letter Should be capital and must contains minimum 3 characters :
Wrong Input : Fist letter Should be capital and must contains minimum 3 characters :
Wrong Input : Fist letter Should be capital and must contains minimum 3 characters :
Wrong Input : Fist letter Should be capital and must contains minimum 3 characters :
Wrong Input : Fist letter Should be capital and must contains minimum 3 characters :
Wrong Input : Fist letter Should be capital and must contains minimum 3 characters :
Wrong Input : Fist letter Should be capital and must contains minimum 3 characters :
Wrong Input : Fist letter Should be capital and must contains minimum 3 characters :
Wrong Input : Fist letter Should be capital and must contains minimum 3 characters :
Wrong Input : Fist letter Should be capital and must contains minimum 3 characters :
Wrong Input : Fist letter Should be capital and must contains minimum 3 characters :
Wrong Input : Fist letter Should be capital and must contains minimum 3 characters :
Wrong Input : Fist letter Should be capital and must contains minimum 3 characters :
Wrong Input : Fist letter Should be capital and must contains minimum 3 characters :
Wrong Input : Fist letter Should be capital and must contains minimum 3 characters :
Wrong Input : Fist letter Should be capital and must contains minimum 3 characters :
Wrong Input : Fist letter Should be capital and must contains minimum 3 characters :
Wrong Input : Fist letter Should be capital and must contains minimum 3 characters :
Wrong Input : Fist letter Should be capital and must contains minimum 3 characters :
Wrong Input : Fist letter Should be capital and must contains minimum 3 characters :
Wrong Input : Fist letter Should be capital and must contains minimum 3 characters :
Wrong Input : Fist letter Should be capital and must contains minimum 3 characters :
Wrong Input : Fist letter Should be capital and must contains minimum 3 characters :
Wrong Input : Fist letter Should be capital and must contains minimum 3 characters :
Wrong Input : Fist letter Should be capital and must contains minimum 3 characters :
Wrong Input : Fist letter Should be capital and must contains minimum 3 characters :
Wrong Input : Fist letter Should be capital and must contains minimum 3 characters :
Wrong Input : Fist letter Should be capital and must contains minimum 3 characters :
Wrong Input : Fist letter Should be capital and must contains minimum 3 characters :
Wrong Input : Fist letter Should be capital and must contains minimum 3 characters :
Wrong Input : Fist letter Should be capital and must contains minimum 3 characters :
Wrong Input : Fist letter Should be capital and must contains minimum 3 characters :
Wrong Input : Fist letter Should be capital and must contains minimum 3 characters :
Wrong Input : Fist letter Should be capital and must contains minimum 3 characters :
Wrong Input : Fist letter Should be capital and must contains minimum 3 characters :
Wrong Input : Fist letter Should be capital and must contains minimum 3 characters :
Wrong Input : Fist letter Should be capital and must contains minimum 3 characters :
Wrong Input : Fist letter Should be capital and must contains minimum 3 characters :
Wrong Input : Fist letter Should be capital and must contains minimum 3 characters :
Wrong Input : Fist letter Should be capital and must contains minimum 3 characters :
Wrong Input : Fist letter Should be capital and must contains minimum 3 characters :
Wrong Input : Fist letter Should be capital and must contains minimum 3 characters :
Wrong Input : Fist letter Should be capital and must contains minimum 3 characters :
Wrong Input : Fist letter Should be capital and must contains minimum 3 characters :
Wrong Input : Fist letter Should be capital and must contains minimum 3 characters :
Wrong Input : Fist letter Should be capital and must contains minimum 3 characters :
Wrong Input : Fist letter Should be capital and must contains minimum 3 characters :
Wrong Input : Fist letter Should be capital and must contains minimum 3 characters :
Wrong Input : Fist letter Should be capital and must contains minimum 3 characters :
Wrong Input : Fist letter Should be capital and must contains minimum 3 characters :
Wrong Input : Fist letter Should be capital and must contains minimum 3 characters :
Wrong Input : Fist letter Should be capital and must contains minimum 3 characters :
Wrong Input : Fist letter Should be capital and must contains minimum 3 characters :
Wrong Input : Fist letter Should be capital and must contains minimum 3 characters :
Wrong Input : Fist letter Should be capital and must contains minimum 3 characters :
Wrong Input : Fist letter Should be capital and must contains minimum 3 characters :
Wrong Input : Fist letter Should be capital and must contains minimum 3 characters :
Wrong Input : Fist letter Should be capital and must contains minimum 3 characters :
Wrong Input : Fist letter Should be capital and must contains minimum 3 characters :
Wrong Input : Fist letter Should be capital and must contains minimum 3 characters :
Wrong Input : Fist letter Should be capital and must contains minimum 3 characters :
Wrong Input : Fist letter Should be capital and must contains minimum 3 characters :
Wrong Input : Fist letter Should be capital and must contains minimum 3 characters :
Wrong Input : Fist letter Should be capital and must contains minimum 3 characters :
Wrong Input : Fist letter Should be capital and must contains minimum 3 characters :
Wrong Input : Fist letter Should be capital and must contains minimum 3 characters :
Wrong Input : Fist letter Should be capital and must contains minimum 3 characters :
Wrong Input : Fist letter Should be capital and must contains minimum 3 characters :
Wrong Input : Fist letter Should be capital and must contains minimum 3 characters :
Wrong Input : Fist letter Should be capital and must contains minimum 3 characters :
Wrong Input : Fist letter Should be capital and must contains minimum 3 characters :
Wrong Input : Fist letter Should be capital and must contains minimum 3 characters :
Wrong Input : Fist letter Should be capital and must contains minimum 3 characters :
Wrong Input : Fist letter Should be capital and must contains minimum 3 characters :
Wrong Input : Fist letter Should be capital and must contains minimum 3 characters :
Wrong Input : Fist letter Should be capital and must contains minimum 3 characters :
Wrong Input : Fist letter Should be capital and must contains minimum 3 characters :
Wrong Input : Fist letter Should be capital and must contains minimum 3 characters :
Wrong Input : Fist letter Should be capital and must contains minimum 3 characters :
Wrong Input : Fist letter Should be capital and must contains minimum 3 characters :
Wrong Input : Fist letter Should be capital and must contains minimum 3 characters :
Wrong Input : Fist letter Should be capital and must contains minimum 3 characters :
Wrong Input : Fist letter Should be capital and must contains minimum 3 characters :
Wrong Input : Fist letter Should be capital and must contains minimum 3 characters :
Wrong Input : Fist letter Should be capital and must contains minimum 3 characters :
Wrong Input : Fist letter Should be capital and must contains minimum 3 characters :
Wrong Input : Fist letter Should be capital and must contains minimum 3 characters :
Wrong Input : Fist letter Should be capital and must contains minimum 3 characters :
Wrong Input : Fist letter Should be capital and must contains minimum 3 characters :
Wrong Input : Fist letter Should be capital and must contains minimum 3 characters :
Wrong Input : Fist letter Should be capital and must contains minimum 3 characters :
Wrong Input : Fist letter Should be capital and must contains minimum 3 characters :
Wrong Input : Fist letter Should be capital and must contains minimum 3 characters :
Wrong Input : Fist letter Should be capital and must contains minimum 3 characters :
Wrong Input : Fist letter Should be capital and must contains minimum 3 characters :
Wrong Input : Fist letter Should be capital and must contains minimum 3 characters :
Wrong Input : Fist letter Should be capital and must contains minimum 3 characters :
Wrong Input : Fist letter Should be capital and must contains minimum 3 characters :
Wrong Input : Fist letter Should be capital and must contains minimum 3 characters :
Wrong Input : Fist letter Should be capital and must contains minimum 3 characters :
Wrong Input : Fist letter Should be capital and must contains minimum 3 characters :
Wrong Input : Fist letter Should be capital and must contains minimum 3 characters :
Wrong Input : Fist letter Should be capital and must contains minimum 3 characters :
Wrong Input : Fist letter Should be capital and must contains minimum 3 characters :
Wrong Input : Fist letter Should be capital and must contains minimum 3 characters :
Wrong Input : Fist letter Should be capital and must contains minimum 3 characters :
Wrong Input : Fist letter Should be capital and must contains minimum 3 characters :
Wrong Input : Fist letter Should be capital and must contains minimum 3 characters :
Wrong Input : Fist letter Should be capital and must contains minimum 3 characters :
Wrong Input : Fist letter Should be capital and must contains minimum 3 characters :
Wrong Input : Fist letter Should be capital and must contains minimum 3 characters :
Wrong Input : Fist letter Should be capital and must contains minimum 3 characters :
Wrong Input : Fist letter Should be capital and must contains minimum 3 characters :
Wrong Input : Fist letter Should be capital and must contains minimum 3 characters :
Wrong Input : Fist letter Should be capital and must contains minimum 3 characters :
Wrong Input : Fist letter Should be capital and must contains minimum 3 characters :
Wrong Input : Fist letter Should be capital and must contains minimum 3 characters :
Wrong Input : Fist letter Should be capital and must contains minimum 3 characters :
Wrong Input : Fist letter Should be capital and must contains minimum 3 characters :
Wrong Input : Fist letter Should be capital and must contains minimum 3 characters :
Wrong Input : Fist letter Should be capital and must contains minimum 3 characters :
Wrong Input : Fist letter Should be capital and must contains minimum 3 characters :
Wrong Input : Fist letter Should be capital and must contains minimum 3 characters :
Wrong Input : Fist letter Should be capital and must contains minimum 3 characters :
Wrong Input : Fist letter Should be capital and must contains minimum 3 characters :
Wrong Input : Fist letter Should be capital and must contains minimum 3 characters :
Wrong Input : Fist letter Should be capital and must contains minimum 3 characters :
Wrong Input : Fist letter Should be capital and must contains minimum 3 characters :
Wrong Input : Fist letter Should be capital and must contains minimum 3 characters :
Wrong Input : Fist letter Should be capital and must contains minimum 3 characters :
Wrong Input : Fist letter Should be capital and must contains minimum 3 characters :
Wrong Input : Fist letter Should be capital and must contains minimum 3 characters :
Wrong Input : Fist letter Should be capital and must contains minimum 3 characters :
Wrong Input : Fist letter Should be capital and must contains minimum 3 characters :
Wrong Input : Fist letter Should be capital and must contains minimum 3 characters :
Wrong Input : Fist letter Should be capital and must contains minimum 3 characters :
Wrong Input : Fist letter Should be capital and must contains minimum 3 characters :
Wrong Input : Fist letter Should be capital and must contains minimum 3 characters :
Wrong Input : Fist letter Should be capital and must contains minimum 3 characters :
Wrong Input : Fist letter Should be capital and must contains minimum 3 characters :
Wrong Input : Fist letter Should be capital and must contains minimum 3 characters :
Wrong Input : Fist letter Should be capital and must contains minimum 3 characters :
Wrong Input : Fist letter Should be capital and must contains minimum 3 characters :
Wrong Input : Fist letter Should be capital and must contains minimum 3 characters :
Wrong Input : Fist letter Should be capital and must contains minimum 3 characters :
Wrong Input : Fist letter Should be capital and must contains minimum 3 characters :
Wrong Input : Fist letter Should be capital and must contains minimum 3 characters :
Wrong Input : Fist letter Should be capital and must contains minimum 3 characters :
Wrong Input : Fist letter Should be capital and must contains minimum 3 characters :
Wrong Input : Fist letter Should be capital and must contains minimum 3 characters :
Wrong Input : Fist letter Should be capital and must contains minimum 3 characters :
Wrong Input : Fist letter Should be capital and must contains minimum 3 characters :
Wrong Input : Fist letter Should be capital and must contains minimum 3 characters :
Wrong Input : Fist letter Should be capital and must contains minimum 3 characters :
Wrong Input : Fist letter Should be capital and must contains minimum 3 characters :
Wrong Input : Fist letter Should be capital and must contains minimum 3 characters :
Wrong Input : Fist letter Should be capital and must contains minimum 3 characters :
Wrong Input : Fist letter Should be capital and must contains minimum 3 characters :
Wrong Input : Fist letter Should be capital and must contains minimum 3 characters :
Wrong Input : Fist letter Should be capital and must contains minimum 3 characters :
Wrong Input : Fist letter Should be capital and must contains minimum 3 characters :
Wrong Input : Fist letter Should be capital and must contains minimum 3 characters :
Wrong Input : Fist letter Should be capital and must contains minimum 3 characters :
Wrong Input : Fist letter Should be capital and must contains minimum 3 characters :
Wrong Input : Fist letter Should be capital and must contains minimum 3 characters :
Wrong Input : Fist letter Should be capital and must contains minimum 3 characters :
Wrong Input : Fist letter Should be capital and must contains minimum 3 characters :
Wrong Input : Fist letter Should be capital and must contains minimum 3 characters :
Wrong Input : Fist letter Should be capital and must contains minimum 3 characters :
Wrong Input : Fist letter Should be capital and must contains minimum 3 characters :
Wrong Input : Fist letter Should be capital and must contains minimum 3 characters :
Wrong Input : Fist letter Should be capital and must contains minimum 3 characters :
Wrong Input : Fist letter Should be capital and must contains minimum 3 characters :
Wrong Input : Fist letter Should be capital and must contains minimum 3 characters :
Wrong Input : Fist letter Should be capital and must contains minimum 3 characters :
Wrong Input : Fist letter Should be capital and must contains minimum 3 characters :
Wrong Input : Fist letter Should be capital and must contains minimum 3 characters :
Wrong Input : Fist letter Should be capital and must contains minimum 3 characters :
Wrong Input : Fist letter Should be capital and must contains minimum 3 characters :
Wrong Input : Fist letter Should be capital and must contains minimum 3 characters :
Wrong Input : Fist letter Should be capital and must contains minimum 3 characters :
Wrong Input : Fist letter Should be capital and must contains minimum 3 characters :
Wrong Input : Fist letter Should be capital and must contains minimum 3 characters :
Wrong Input : Fist letter Should be capital and must contains minimum 3 characters :
Wrong Input : Fist letter Should be capital and must contains minimum 3 characters :
Wrong Input : Fist letter Should be capital and must contains minimum 3 characters :
Wrong Input : Fist letter Should be capital and must contains minimum 3 characters :
Wrong Input : Fist letter Should be capital and must contains minimum 3 characters :
Wrong Input : Fist letter Should be capital and must contains minimum 3 characters :
Wrong Input : Fist letter Should be capital and must contains minimum 3 characters :
Wrong Input : Fist letter Should be capital and must contains minimum 3 characters :
Wrong Input : Fist letter Should be capital and must contains minimum 3 characters :
Wrong Input : Fist letter Should be capital and must contains minimum 3 characters :
Wrong Input : Fist letter Should be capital and must contains minimum 3 characters :
Wrong Input : Fist letter Should be capital and must contains minimum 3 characters :
Wrong Input : Fist letter Should be capital and must contains minimum 3 characters :
Wrong Input : Fist letter Should be capital and must contains minimum 3 characters :
Wrong Input : Fist letter Should be capital and must contains minimum 3 characters :
Wrong Input : Fist letter Should be capital and must contains minimum 3 characters :
Wrong Input : Fist letter Should be capital and must contains minimum 3 characters :
Wrong Input : Fist letter Should be capital and must contains minimum 3 characters :
Wrong Input : Fist letter Should be capital and must contains minimum 3 characters :
Wrong Input : Fist letter Should be capital and must contains minimum 3 characters :
Wrong Input : Fist letter Should be capital and must contains minimum 3 characters :
Wrong Input : Fist letter Should be capital and must contains minimum 3 characters :
Wrong Input : Fist letter Should be capital and must contains minimum 3 characters :
Wrong Input : Fist letter Should be capital and must contains minimum 3 characters :
Wrong Input : Fist letter Should be capital and must contains minimum 3 characters :
Wrong Input : Fist letter Should be capital and must contains minimum 3 characters :
Wrong Input : Fist letter Should be capital and must contains minimum 3 characters :
Wrong Input : Fist letter Should be capital and must contains minimum 3 characters :
Wrong Input : Fist letter Should be capital and must contains minimum 3 characters :
Wrong Input : Fist letter Should be capital and must contains minimum 3 characters :
Wrong Input : Fist letter Should be capital and must contains minimum 3 characters :
Wrong Input : Fist letter Should be capital and must contains minimum 3 characters :
Wrong Input : Fist letter Should be capital and must contains minimum 3 characters :
Wrong Input : Fist letter Should be capital and must contains minimum 3 characters :
Wrong Input : Fist letter Should be capital and must contains minimum 3 characters :
Wrong Input : Fist letter Should be capital and must contains minimum 3 characters :
Wrong Input : Fist letter Should be capital and must contains minimum 3 characters :
Wrong Input : Fist letter Should be capital and must contains minimum 3 characters :
Wrong Input : Fist letter Should be capital and must contains minimum 3 characters :
Wrong Input : Fist letter Should be capital and must contains minimum 3 characters :
Wrong Input : Fist letter Should be capital and must contains minimum 3 characters :
Wrong Input : Fist letter Should be capital and must contains minimum 3 characters :
Wrong Input : Fist letter Should be capital and must contains minimum 3 characters :
Wrong Input : Fist letter Should be capital and must contains minimum 3 characters :
Wrong Input : Fist letter Should be capital and must contains minimum 3 characters :
Wrong Input : Fist letter Should be capital and must contains minimum 3 characters :
Wrong Input : Fist letter Should be capital and must contains minimum 3 characters :
Wrong Input : Fist letter Should be capital and must contains minimum 3 characters :
Wrong Input : Fist letter Should be capital and must contains minimum 3 characters :
Wrong Input : Fist letter Should be capital and must contains minimum 3 characters :
Wrong Input : Fist letter Should be capital and must contains minimum 3 characters :
Wrong Input : Fist letter Should be capital and must contains minimum 3 characters :
Wrong Input : Fist letter Should be capital and must contains minimum 3 characters :
Wrong Input : Fist letter Should be capital and must contains minimum 3 characters :
Wrong Input : Fist letter Should be capital and must contains minimum 3 characters :
Wrong Input : Fist letter Should be capital and must contains minimum 3 characters :
Wrong Input : Fist letter Should be capital and must contains minimum 3 characters :
Wrong Input : Fist letter Should be capital and must contains minimum 3 characters :
Wrong Input : Fist letter Should be capital and must contains minimum 3 characters :
Wrong Input : Fist letter Should be capital and must contains minimum 3 characters :
Wrong Input : Fist letter Should be capital and must contains minimum 3 characters :
Wrong Input : Fist letter Should be capital and must contains minimum 3 characters :
Wrong Input : Fist letter Should be capital and must contains minimum 3 characters :
Wrong Input : Fist letter Should be capital and must contains minimum 3 characters :
Wrong Input : Fist letter Should be capital and must contains minimum 3 characters :
Wrong Input : Fist letter Should be capital and must contains minimum 3 characters :
Wrong Input : Fist letter Should be capital and must contains minimum 3 characters :
Wrong Input : Fist letter Should be capital and must contains minimum 3 characters :
Wrong Input : Fist letter Should be capital and must contains minimum 3 characters :
Wrong Input : Fist letter Should be capital and must contains minimum 3 characters :
Wrong Input : Fist letter Should be capital and must contains minimum 3 characters :
Wrong Input : Fist letter Should be capital and must contains minimum 3 characters :
Wrong Input : Fist letter Should be capital and must contains minimum 3 characters :
Wrong Input : Fist letter Should be capital and must contains minimum 3 characters :
Wrong Input : Fist letter Should be capital and must contains minimum 3 characters :
Wrong Input : Fist letter Should be capital and must contains minimum 3 characters :
Wrong Input : Fist letter Should be capital and must contains minimum 3 characters :
Wrong Input : Fist letter Should be capital and must contains minimum 3 characters :
Wrong Input : Fist letter Should be capital and must contains minimum 3 characters :
Wrong Input : Fist letter Should be capital and must contains minimum 3 characters :
Wrong Input : Fist letter Should be capital and must contains minimum 3 characters :
Wrong Input : Fist letter Should be capital and must contains minimum 3 characters :
Wrong Input : Fist letter Should be capital and must contains minimum 3 characters :
Wrong Input : Fist letter Should be capital and must contains minimum 3 characters :
Wrong Input : Fist letter Should be capital and must contains minimum 3 characters :
Wrong Input : Fist letter Should be capital and must contains minimum 3 characters :
Wrong Input : Fist letter Should be capital and must contains minimum 3 characters :
Wrong Input : Fist letter Should be capital and must contains minimum 3 characters :
Wrong Input : Fist letter Should be capital and must contains minimum 3 characters :
Wrong Input : Fist letter Should be capital and must contains minimum 3 characters :
Wrong Input : Fist letter Should be capital and must contains minimum 3 characters :
Wrong Input : Fist letter Should be capital and must contains minimum 3 characters :
Wrong Input : Fist letter Should be capital and must contains minimum 3 characters :
Wrong Input : Fist letter Should be capital and must contains minimum 3 characters :
Wrong Input : Fist letter Should be capital and must contains minimum 3 characters :
Wrong Input : Fist letter Should be capital and must contains minimum 3 characters :
Wrong Input : Fist letter Should be capital and must contains minimum 3 characters :
Wrong Input : Fist letter Should be capital and must contains minimum 3 characters :
Wrong Input : Fist letter Should be capital and must contains minimum 3 characters :
Wrong Input : Fist letter Should be capital and must contains minimum 3 characters :
Wrong Input : Fist letter Should be capital and must contains minimum 3 characters :
Wrong Input : Fist letter Should be capital and must contains minimum 3 characters :
Wrong Input : Fist letter Should be capital and must contains minimum 3 characters :
Wrong Input : Fist letter Should be capital and must contains minimum 3 characters :
Wrong Input : Fist letter Should be capital and must contains minimum 3 characters :
Wrong Input : Fist letter Should be capital and must contains minimum 3 characters :
Wrong Input : Fist letter Should be capital and must contains minimum 3 characters :
Wrong Input : Fist letter Should be capital and must contains minimum 3 characters :
Wrong Input : Fist letter Should be capital and must contains minimum 3 characters :
Wrong Input : Fist letter Should be capital and must contains minimum 3 characters :
Wrong Input : Fist letter Should be capital and must contains minimum 3 characters :
Wrong Input : Fist letter Should be capital and must contains minimum 3 characters :
Wrong Input : Fist letter Should be capital and must contains minimum 3 characters :
Wrong Input : Fist letter Should be capital and must contains minimum 3 characters :
Wrong Input : Fist letter Should be capital and must contains minimum 3 characters :
Wrong Input : Fist letter Should be capital and must contains minimum 3 characters :
Wrong Input : Fist letter Should be capital and must contains minimum 3 characters :
Wrong Input : Fist letter Should be capital and must contains minimum 3 characters :
Wrong Input : Fist letter Should be capital and must contains minimum 3 characters :
Wrong Input : Fist letter Should be capital and must contains minimum 3 characters :
Wrong Input : Fist letter Should be capital and must contains minimum 3 characters :
Wrong Input : Fist letter Should be capital and must contains minimum 3 characters :
Wrong Input : Fist letter Should be capital and must contains minimum 3 characters :
Wrong Input : Fist letter Should be capital and must contains minimum 3 characters :
Wrong Input : Fist letter Should be capital and must contains minimum 3 characters :
Wrong Input : Fist letter Should be capital and must contains minimum 3 characters :
Wrong Input : Fist letter Should be capital and must contains minimum 3 characters :
Wrong Input : Fist letter Should be capital and must contains minimum 3 characters :
Wrong Input : Fist letter Should be capital and must contains minimum 3 characters :
Wrong Input : Fist letter Should be capital and must contains minimum 3 characters :
Wrong Input : Fist letter Should be capital and must contains minimum 3 characters :
Wrong Input : Fist letter Should be capital and must contains minimum 3 characters :
Wrong Input : Fist letter Should be capital and must contains minimum 3 characters :
Wrong Input : Fist letter Should be capital and must contains minimum 3 characters :
Wrong Input : Fist letter Should be capital and must contains minimum 3 characters :
Wrong Input : Fist letter Should be capital and must contains minimum 3 characters :
Wrong Input : Fist letter Should be capital and must contains minimum 3 characters :
Wrong Input : Fist letter Should be capital and must contains minimum 3 characters :
Wrong Input : Fist letter Should be capital and must contains minimum 3 characters :
Wrong Input : Fist letter Should be capital and must contains minimum 3 characters :
Wrong Input : Fist letter Should be capital and must contains minimum 3 characters :
Wrong Input : Fist letter Should be capital and must contains minimum 3 characters :
Wrong Input : Fist letter Should be capital and must contains minimum 3 characters :
Wrong Input : Fist letter Should be capital and must contains minimum 3 characters :
Wrong Input : Fist letter Should be capital and must contains minimum 3 characters :
Wrong Input : Fist letter Should be capital and must contains minimum 3 characters :
Wrong Input : Fist letter Should be capital and must contains minimum 3 characters :
Wrong Input : Fist letter Should be capital and must contains minimum 3 characters :
Wrong Input : Fist letter Should be capital and must contains minimum 3 characters :
Wrong Input : Fist letter Should be capital and must contains minimum 3 characters :
Wrong Input : Fist letter Should be capital and must contains minimum 3 characters :
Wrong Input : Fist letter Should be capital and must contains minimum 3 characters :
Wrong Input : Fist letter Should be capital and must contains minimum 3 characters :
Wrong Input : Fist letter Should be capital and must contains minimum 3 characters :
Wrong Input : Fist letter Should be capital and must contains minimum 3 characters :
Wrong Input : Fist letter Should be capital and must contains minimum 3 characters :
Wrong Input : Fist letter Should be capital and must contains minimum 3 characters :
Wrong Input : Fist letter Should be capital and must contains minimum 3 characters :
Wrong Input : Fist letter Should be capital and must contains minimum 3 characters :
Wrong Input : Fist letter Should be capital and must contains minimum 3 characters :
Wrong Input : Fist letter Should be capital and must contains minimum 3 characters :
Wrong Input : Fist letter Should be capital and must contains minimum 3 characters :
Wrong Input : Fist letter Should be capital and must contains minimum 3 characters :
Wrong Input : Fist letter Should be capital and must contains minimum 3 characters :
Wrong Input : Fist letter Should be capital and must contains minimum 3 characters :
Wrong Input : Fist letter Should be capital and must contains minimum 3 characters :
Wrong Input : Fist letter Should be capital and must contains minimum 3 characters :
Wrong Input : Fist letter Should be capital and must contains minimum 3 characters :
Wrong Input : Fist letter Should be capital and must contains minimum 3 characters :
Wrong Input : Fist letter Should be capital and must contains minimum 3 characters :
Wrong Input : Fist letter Should be capital and must contains minimum 3 characters :
Wrong Input : Fist letter Should be capital and must contains minimum 3 characters :
Wrong Input : Fist letter Should be capital and must contains minimum 3 characters :
Wrong Input : Fist letter Should be capital and must contains minimum 3 characters :
Wrong Input : Fist letter Should be capital and must contains minimum 3 characters :
Wrong Input : Fist letter Should be capital and must contains minimum 3 characters :
Wrong Input : Fist letter Should be capital and must contains minimum 3 characters :
Wrong Input : Fist letter Should be capital and must contains minimum 3 characters :
Wrong Input : Fist letter Should be capital and must contains minimum 3 characters :
Wrong Input : Fist letter Should be capital and must contains minimum 3 characters :
Wrong Input : Fist letter Should be capital and must contains minimum 3 characters :
Wrong Input : Fist letter Should be capital and must contains minimum 3 characters :
Wrong Input : Fist letter Should be capital and must contains minimum 3 characters :
Wrong Input : Fist letter Should be capital and must contains minimum 3 characters :
Wrong Input : Fist letter Should be capital and must contains minimum 3 characters :
Wrong Input : Fist letter Should be capital and must contains minimum 3 characters :
Wrong Input : Fist letter Should be capital and must contains minimum 3 characters :
Wrong Input : Fist letter Should be capital and must contains minimum 3 characters :
Wrong Input : Fist letter Should be capital and must contains minimum 3 characters :
Wrong Input : Fist letter Should be capital and must contains minimum 3 characters :
Wrong Input : Fist letter Should be capital and must contains minimum 3 characters :
Wrong Input : Fist letter Should be capital and must contains minimum 3 characters :
Wrong Input : Fist letter Should be capital and must contains minimum 3 characters :
Wrong Input : Fist letter Should be capital and must contains minimum 3 characters :
Wrong Input : Fist letter Should be capital and must contains minimum 3 characters :
Wrong Input : Fist letter Should be capital and must contains minimum 3 characters :
Wrong Input : Fist letter Should be capital and must contains minimum 3 characters :
Wrong Input : Fist letter Should be capital and must contains minimum 3 characters :
Wrong Input : Fist letter Should be capital and must contains minimum 3 characters :
Wrong Input : Fist letter Should be capital and must contains minimum 3 characters :
Wrong Input : Fist letter Should be capital and must contains minimum 3 characters :
Wrong Input : Fist letter Should be capital and must contains minimum 3 characters :
Wrong Input : Fist letter Should be capital and must contains minimum 3 characters :
Wrong Input : Fist letter Should be capital and must contains minimum 3 characters :
Wrong Input : Fist letter Should be capital and must contains minimum 3 characters :
Wrong Input : Fist letter Should be capital and must contains minimum 3 characters :
Wrong Input : Fist letter Should be capital and must contains minimum 3 characters :
Wrong Input : Fist letter Should be capital and must contains minimum 3 characters :
Wrong Input : Fist letter Should be capital and must contains minimum 3 characters :
Wrong Input : Fist letter Should be capital and must contains minimum 3 characters :
Wrong Input : Fist letter Should be capital and must contains minimum 3 characters :
Wrong Input : Fist letter Should be capital and must contains minimum 3 characters :
Wrong Input : Fist letter Should be capital and must contains minimum 3 characters :
Wrong Input : Fist letter Should be capital and must contains minimum 3 characters :
Wrong Input : Fist letter Should be capital and must contains minimum 3 characters :
Wrong Input : Fist letter Should be capital and must contains minimum 3 characters :
Wrong Input : Fist letter Should be capital and must contains minimum 3 characters :
Wrong Input : Fist letter Should be capital and must contains minimum 3 characters :
Wrong Input : Fist letter Should be capital and must contains minimum 3 characters :
Wrong Input : Fist letter Should be capital and must contains minimum 3 characters :
Wrong Input : Fist letter Should be capital and must contains minimum 3 characters :
Wrong Input : Fist letter Should be capital and must contains minimum 3 characters :
Wrong Input : Fist letter Should be capital and must contains minimum 3 characters :
Wrong Input : Fist letter Should be capital and must contains minimum 3 characters :
Wrong Input : Fist letter Should be capital and must contains minimum 3 characters :
Wrong Input : Fist letter Should be capital and must contains minimum 3 characters :
Wrong Input : Fist letter Should be capital and must contains minimum 3 characters :
Wrong Input : Fist letter Should be capital and must contains minimum 3 characters :
Wrong Input : Fist letter Should be capital and must contains minimum 3 characters :
Wrong Input : Fist letter Should be capital and must contains minimum 3 characters :
Wrong Input : Fist letter Should be capital and must contains minimum 3 characters :
Wrong Input : Fist letter Should be capital and must contains minimum 3 characters :
Wrong Input : Fist letter Should be capital and must contains minimum 3 characters :
Wrong Input : Fist letter Should be capital and must contains minimum 3 characters :
Wrong Input : Fist letter Should be capital and must contains minimum 3 characters :
Wrong Input : Fist letter Should be capital and must contains minimum 3 characters :
Wrong Input : Fist letter Should be capital and must contains minimum 3 characters :
Wrong Input : Fist letter Should be capital and must contains minimum 3 characters :
Wrong Input : Fist letter Should be capital and must contains minimum 3 characters :
Wrong Input : Fist letter Should be capital and must contains minimum 3 characters :
Wrong Input : Fist letter Should be capital and must contains minimum 3 characters :
Wrong Input : Fist letter Should be capital and must contains minimum 3 characters :
Wrong Input : Fist letter Should be capital and must contains minimum 3 characters :
Wrong Input : Fist letter Should be capital and must contains minimum 3 characters :
Wrong Input : Fist letter Should be capital and must contains minimum 3 characters :
Wrong Input : Fist letter Should be capital and must contains minimum 3 characters :
Wrong Input : Fist letter Should be capital and must contains minimum 3 characters :
Wrong Input : Fist letter Should be capital and must contains minimum 3 characters :
Wrong Input : Fist letter Should be capital and must contains minimum 3 characters :
Wrong Input : Fist letter Should be capital and must contains minimum 3 characters :
Wrong Input : Fist letter Should be capital and must contains minimum 3 characters :
Wrong Input : Fist letter Should be capital and must contains minimum 3 characters :
Wrong Input : Fist letter Should be capital and must contains minimum 3 characters :
Wrong Input : Fist letter Should be capital and must contains minimum 3 characters :
Wrong Input : Fist letter Should be capital and must contains minimum 3 characters :
Wrong Input : Fist letter Should be capital and must contains minimum 3 characters :
Wrong Input : Fist letter Should be capital and must contains minimum 3 characters :
Wrong Input : Fist letter Should be capital and must contains minimum 3 characters :
Wrong Input : Fist letter Should be capital and must contains minimum 3 characters :
Wrong Input : Fist letter Should be capital and must contains minimum 3 characters :
Wrong Input : Fist letter Should be capital and must contains minimum 3 characters :
Wrong Input : Fist letter Should be capital and must contains minimum 3 characters :
Wrong Input : Fist letter Should be capital and must contains minimum 3 characters :
Wrong Input : Fist letter Should be capital and must contains minimum 3 characters :
Wrong Input : Fist letter Should be capital and must contains minimum 3 characters :
Wrong Input : Fist letter Should be capital and must contains minimum 3 characters :
Wrong Input : Fist letter Should be capital and must contains minimum 3 characters :
Wrong Input : Fist letter Should be capital and must contains minimum 3 characters :
Wrong Input : Fist letter Should be capital and must contains minimum 3 characters :
Wrong Input : Fist letter Should be capital and must contains minimum 3 characters :
Wrong Input : Fist letter Should be capital and must contains minimum 3 characters :
Wrong Input : Fist letter Should be capital and must contains minimum 3 characters :
Wrong Input : Fist letter Should be capital and must contains minimum 3 characters :
Wrong Input : Fist letter Should be capital and must contains minimum 3 characters :
Wrong Input : Fist letter Should be capital and must contains minimum 3 characters :
Wrong Input : Fist letter Should be capital and must contains minimum 3 characters :
Wrong Input : Fist letter Should be capital and must contains minimum 3 characters :
Wrong Input : Fist letter Should be capital and must contains minimum 3 characters :
Wrong Input : Fist letter Should be capital and must contains minimum 3 characters :
Wrong Input : Fist letter Should be capital and must contains minimum 3 characters :
Wrong Input : Fist letter Should be capital and must contains minimum 3 characters :
Wrong Input : Fist letter Should be capital and must contains minimum 3 characters :
Wrong Input : Fist letter Should be capital and must contains minimum 3 characters :
Wrong Input : Fist letter Should be capital and must contains minimum 3 characters :
Wrong Input : Fist letter Should be capital and must contains minimum 3 characters :
Wrong Input : Fist letter Should be capital and must contains minimum 3 characters :
Wrong Input : Fist letter Should be capital and must contains minimum 3 characters :
Wrong Input : Fist letter Should be capital and must contains minimum 3 characters :
Wrong Input : Fist letter Should be capital and must contains minimum 3 characters :
Wrong Input : Fist letter Should be capital and must contains minimum 3 characters :
Wrong Input : Fist letter Should be capital and must contains minimum 3 characters :
Wrong Input : Fist letter Should be capital and must contains minimum 3 characters :
Wrong Input : Fist letter Should be capital and must contains minimum 3 characters :
Wrong Input : Fist letter Should be capital and must contains minimum 3 characters :
Wrong Input : Fist letter Should be capital and must contains minimum 3 characters :
Wrong Input : Fist letter Should be capital and must contains minimum 3 characters :
Wrong Input : Fist letter Should be capital and must contains minimum 3 characters :
Wrong Input : Fist letter Should be capital and must contains minimum 3 characters :
Wrong Input : Fist letter Should be capital and must contains minimum 3 characters :
Wrong Input : Fist letter Should be capital and must contains minimum 3 characters :
Wrong Input : Fist letter Should be capital and must contains minimum 3 characters :
Wrong Input : Fist letter Should be capital and must contains minimum 3 characters :
Wrong Input : Fist letter Should be capital and must contains minimum 3 characters :
Wrong Input : Fist letter Should be capital and must contains minimum 3 characters :
Wrong Input : Fist letter Should be capital and must contains minimum 3 characters :
Wrong Input : Fist letter Should be capital and must contains minimum 3 characters :
Wrong Input : Fist letter Should be capital and must contains minimum 3 characters :
Wrong Input : Fist letter Should be capital and must contains minimum 3 characters :
Wrong Input : Fist letter Should be capital and must contains minimum 3 characters :
Wrong Input : Fist letter Should be capital and must contains minimum 3 characters :
Wrong Input : Fist letter Should be capital and must contains minimum 3 characters :
Wrong Input : Fist letter Should be capital and must contains minimum 3 characters :
Wrong Input : Fist letter Should be capital and must contains minimum 3 characters :
Wrong Input : Fist letter Should be capital and must contains minimum 3 characters :
Wrong Input : Fist letter Should be capital and must contains minimum 3 characters :
Wrong Input : Fist letter Should be capital and must contains minimum 3 characters :
Wrong Input : Fist letter Should be capital and must contains minimum 3 characters :
Wrong Input : Fist letter Should be capital and must contains minimum 3 characters :
Wrong Input : Fist letter Should be capital and must contains minimum 3 characters :
Wrong Input : Fist letter Should be capital and must contains minimum 3 characters :
Wrong Input : Fist letter Should be capital and must contains minimum 3 characters :
Wrong Input : Fist letter Should be capital and must contains minimum 3 characters :
Wrong Input : Fist letter Should be capital and must contains minimum 3 characters :
Wrong Input : Fist letter Should be capital and must contains minimum 3 characters :
Wrong Input : Fist letter Should be capital and must contains minimum 3 characters :
Wrong Input : Fist letter Should be capital and must contains minimum 3 characters :
Wrong Input : Fist letter Should be capital and must contains minimum 3 characters :
Wrong Input : Fist letter Should be capital and must contains minimum 3 characters :
Wrong Input : Fist letter Should be capital and must contains minimum 3 characters :
Wrong Input : Fist letter Should be capital and must contains minimum 3 characters :
Wrong Input : Fist letter Should be capital and must contains minimum 3 characters :
Wrong Input : Fist letter Should be capital and must contains minimum 3 characters :
Wrong Input : Fist letter Should be capital and must contains minimum 3 characters :
Wrong Input : Fist letter Should be capital and must contains minimum 3 characters :
Wrong Input : Fist letter Should be capital and must contains minimum 3 characters :
Wrong Input : Fist letter Should be capital and must contains minimum 3 characters :
Wrong Input : Fist letter Should be capital and must contains minimum 3 characters :
Wrong Input : Fist letter Should be capital and must contains minimum 3 characters :
Wrong Input : Fist letter Should be capital and must contains minimum 3 characters :
Wrong Input : Fist letter Should be capital and must contains minimum 3 characters :
Wrong Input : Fist letter Should be capital and must contains minimum 3 characters :
Wrong Input : Fist letter Should be capital and must contains minimum 3 characters :
Wrong Input : Fist letter Should be capital and must contains minimum 3 characters :
Wrong Input : Fist letter Should be capital and must contains minimum 3 characters :
Wrong Input : Fist letter Should be capital and must contains minimum 3 characters :
Wrong Input : Fist letter Should be capital and must contains minimum 3 characters :
Wrong Input : Fist letter Should be capital and must contains minimum 3 characters :
Wrong Input : Fist letter Should be capital and must contains minimum 3 characters :
Wrong Input : Fist letter Should be capital and must contains minimum 3 characters :
Wrong Input : Fist letter Should be capital and must contains minimum 3 characters :
Wrong Input : Fist letter Should be capital and must contains minimum 3 characters :
Wrong Input : Fist letter Should be capital and must contains minimum 3 characters :
Wrong Input : Fist letter Should be capital and must contains minimum 3 characters :
Wrong Input : Fist letter Should be capital and must contains minimum 3 characters :
Wrong Input : Fist letter Should be capital and must contains minimum 3 characters :
Wrong Input : Fist letter Should be capital and must contains minimum 3 characters :
Wrong Input : Fist letter Should be capital and must contains minimum 3 characters :
Wrong Input : Fist letter Should be capital and must contains minimum 3 characters :
Wrong Input : Fist letter Should be capital and must contains minimum 3 characters :
Wrong Input : Fist letter Should be capital and must contains minimum 3 characters :
Wrong Input : Fist letter Should be capital and must contains minimum 3 characters :
Wrong Input : Fist letter Should be capital and must contains minimum 3 characters :
Wrong Input : Fist letter Should be capital and must contains minimum 3 characters :
Wrong Input : Fist letter Should be capital and must contains minimum 3 characters :
Wrong Input : Fist letter Should be capital and must contains minimum 3 characters :
Wrong Input : Fist letter Should be capital and must contains minimum 3 characters :
Wrong Input : Fist letter Should be capital and must contains minimum 3 characters :
Wrong Input : Fist letter Should be capital and must contains minimum 3 characters :
Wrong Input : Fist letter Should be capital and must contains minimum 3 characters :
Wrong Input : Fist letter Should be capital and must contains minimum 3 characters :
Wrong Input : Fist letter Should be capital and must contains minimum 3 characters :
Wrong Input : Fist letter Should be capital and must contains minimum 3 characters :
Wrong Input : Fist letter Should be capital and must contains minimum 3 characters :
Wrong Input : Fist letter Should be capital and must contains minimum 3 characters :
Wrong Input : Fist letter Should be capital and must contains minimum 3 characters :
Wrong Input : Fist letter Should be capital and must contains minimum 3 characters :
Wrong Input : Fist letter Should be capital and must contains minimum 3 characters :
Wrong Input : Fist letter Should be capital and must contains minimum 3 characters :
Wrong Input : Fist letter Should be capital and must contains minimum 3 characters :
Wrong Input : Fist letter Should be capital and must contains minimum 3 characters :
Wrong Input : Fist letter Should be capital and must contains minimum 3 characters :
Wrong Input : Fist letter Should be capital and must contains minimum 3 characters :
Wrong Input : Fist letter Should be capital and must contains minimum 3 characters :
Wrong Input : Fist letter Should be capital and must contains minimum 3 characters :
Wrong Input : Fist letter Should be capital and must contains minimum 3 characters :
Wrong Input : Fist letter Should be capital and must contains minimum 3 characters :
Wrong Input : Fist letter Should be capital and must contains minimum 3 characters :
Wrong Input : Fist letter Should be capital and must contains minimum 3 characters :
Wrong Input : Fist letter Should be capital and must contains minimum 3 characters :
Wrong Input : Fist letter Should be capital and must contains minimum 3 characters :
Wrong Input : Fist letter Should be capital and must contains minimum 3 characters :
Wrong Input : Fist letter Should be capital and must contains minimum 3 characters :
Wrong Input : Fist letter Should be capital and must contains minimum 3 characters :
Wrong Input : Fist letter Should be capital and must contains minimum 3 characters :
Wrong Input : Fist letter Should be capital and must contains minimum 3 characters :
Wrong Input : Fist letter Should be capital and must contains minimum 3 characters :
Wrong Input : Fist letter Should be capital and must contains minimum 3 characters :
Wrong Input : Fist letter Should be capital and must contains minimum 3 characters :
Wrong Input : Fist letter Should be capital and must contains minimum 3 characters :
Wrong Input : Fist letter Should be capital and must contains minimum 3 characters :
Wrong Input : Fist letter Should be capital and must contains minimum 3 characters :
Wrong Input : Fist letter Should be capital and must contains minimum 3 characters :
Wrong Input : Fist letter Should be capital and must contains minimum 3 characters :
Wrong Input : Fist letter Should be capital and must contains minimum 3 characters :
Wrong Input : Fist letter Should be capital and must contains minimum 3 characters :
Wrong Input : Fist letter Should be capital and must contains minimum 3 characters :
Wrong Input : Fist letter Should be capital and must contains minimum 3 characters :
Wrong Input : Fist letter Should be capital and must contains minimum 3 characters :
Wrong Input : Fist letter Should be capital and must contains minimum 3 characters :
Wrong Input : Fist letter Should be capital and must contains minimum 3 characters :
Wrong Input : Fist letter Should be capital and must contains minimum 3 characters :
Wrong Input : Fist letter Should be capital and must contains minimum 3 characters :
Wrong Input : Fist letter Should be capital and must contains minimum 3 characters :
Wrong Input : Fist letter Should be capital and must contains minimum 3 characters :
Wrong Input : Fist letter Should be capital and must contains minimum 3 characters :
Wrong Input : Fist letter Should be capital and must contains minimum 3 characters :
Wrong Input : Fist letter Should be capital and must contains minimum 3 characters :
Wrong Input : Fist letter Should be capital and must contains minimum 3 characters :
Wrong Input : Fist letter Should be capital and must contains minimum 3 characters :
Wrong Input : Fist letter Should be capital and must contains minimum 3 characters :
Wrong Input : Fist letter Should be capital and must contains minimum 3 characters :
Wrong Input : Fist letter Should be capital and must contains minimum 3 characters :
Wrong Input : Fist letter Should be capital and must contains minimum 3 characters :
Wrong Input : Fist letter Should be capital and must contains minimum 3 characters :
Wrong Input : Fist letter Should be capital and must contains minimum 3 characters :
Wrong Input : Fist letter Should be capital and must contains minimum 3 characters :
Wrong Input : Fist letter Should be capital and must contains minimum 3 characters :
Wrong Input : Fist letter Should be capital and must contains minimum 3 characters :
Wrong Input : Fist letter Should be capital and must contains minimum 3 characters :
Wrong Input : Fist letter Should be capital and must contains minimum 3 characters :
Wrong Input : Fist letter Should be capital and must contains minimum 3 characters :
Wrong Input : Fist letter Should be capital and must contains minimum 3 characters :
Wrong Input : Fist letter Should be capital and must contains minimum 3 characters :
Wrong Input : Fist letter Should be capital and must contains minimum 3 characters :
Wrong Input : Fist letter Should be capital and must contains minimum 3 characters :
Wrong Input : Fist letter Should be capital and must contains minimum 3 characters :
Wrong Input : Fist letter Should be capital and must contains minimum 3 characters :
Wrong Input : Fist letter Should be capital and must contains minimum 3 characters :
Wrong Input : Fist letter Should be capital and must contains minimum 3 characters :
Wrong Input : Fist letter Should be capital and must contains minimum 3 characters :
Wrong Input : Fist letter Should be capital and must contains minimum 3 characters :
Wrong Input : Fist letter Should be capital and must contains minimum 3 characters :
Wrong Input : Fist letter Should be capital and must contains minimum 3 characters :
Wrong Input : Fist letter Should be capital and must contains minimum 3 characters :
Wrong Input : Fist letter Should be capital and must contains minimum 3 characters :
Wrong Input : Fist letter Should be capital and must contains minimum 3 characters :
Wrong Input : Fist letter Should be capital and must contains minimum 3 characters :
Wrong Input : Fist letter Should be capital and must contains minimum 3 characters :
Wrong Input : Fist letter Should be capital and must contains minimum 3 characters :
Wrong Input : Fist letter Should be capital and must contains minimum 3 characters :
Wrong Input : Fist letter Should be capital and must contains minimum 3 characters :
Wrong Input : Fist letter Should be capital and must contains minimum 3 characters :
Wrong Input : Fist letter Should be capital and must contains minimum 3 characters :
Wrong Input : Fist letter Should be capital and must contains minimum 3 characters :
Wrong Input : Fist letter Should be capital and must contains minimum 3 characters :
Wrong Input : Fist letter Should be capital and must contains minimum 3 characters :
Wrong Input : Fist letter Should be capital and must contains minimum 3 characters :
Wrong Input : Fist letter Should be capital and must contains minimum 3 characters :
Wrong Input : Fist letter Should be capital and must contains minimum 3 characters :
Wrong Input : Fist letter Should be capital and must contains minimum 3 characters :
Wrong Input : Fist letter Should be capital and must contains minimum 3 characters :
Wrong Input : Fist letter Should be capital and must contains minimum 3 characters :
Wrong Input : Fist letter Should be capital and must contains minimum 3 characters :
Wrong Input : Fist letter Should be capital and must contains minimum 3 characters :
Wrong Input : Fist letter Should be capital and must contains minimum 3 characters :
Wrong Input : Fist letter Should be capital and must contains minimum 3 characters :
Wrong Input : Fist letter Should be capital and must contains minimum 3 characters :
Wrong Input : Fist letter Should be capital and must contains minimum 3 characters :
Wrong Input : Fist letter Should be capital and must contains minimum 3 characters :
Wrong Input : Fist letter Should be capital and must contains minimum 3 characters :
Wrong Input : Fist letter Should be capital and must contains minimum 3 characters :
Wrong Input : Fist letter Should be capital and must contains minimum 3 characters :
Wrong Input : Fist letter Should be capital and must contains minimum 3 characters :
Wrong Input : Fist letter Should be capital and must contains minimum 3 characters :
Wrong Input : Fist letter Should be capital and must contains minimum 3 characters :
Wrong Input : Fist letter Should be capital and must contains minimum 3 characters :
Wrong Input : Fist letter Should be capital and must contains minimum 3 characters :
Wrong Input : Fist letter Should be capital and must contains minimum 3 characters :
Wrong Input : Fist letter Should be capital and must contains minimum 3 characters :
Wrong Input : Fist letter Should be capital and must contains minimum 3 characters :
Wrong Input : Fist letter Should be capital and must contains minimum 3 characters :
Wrong Input : Fist letter Should be capital and must contains minimum 3 characters :
Wrong Input : Fist letter Should be capital and must contains minimum 3 characters :
Wrong Input : Fist letter Should be capital and must contains minimum 3 characters :
Wrong Input : Fist letter Should be capital and must contains minimum 3 characters :
Wrong Input : Fist letter Should be capital and must contains minimum 3 characters :
Wrong Input : Fist letter Should be capital and must contains minimum 3 characters :
Wrong Input : Fist letter Should be capital and must contains minimum 3 characters :
Wrong Input : Fist letter Should be capital and must contains minimum 3 characters :
Wrong Input : Fist letter Should be capital and must contains minimum 3 characters :
Wrong Input : Fist letter Should be capital and must contains minimum 3 characters :
Wrong Input : Fist letter Should be capital and must contains minimum 3 characters :
Wrong Input : Fist letter Should be capital and must contains minimum 3 characters :
Wrong Input : Fist letter Should be capital and must contains minimum 3 characters :
Wrong Input : Fist letter Should be capital and must contains minimum 3 characters :
Wrong Input : Fist letter Should be capital and must contains minimum 3 characters :
Wrong Input : Fist letter Should be capital and must contains minimum 3 characters :
Wrong Input : Fist letter Should be capital and must contains minimum 3 characters :
Wrong Input : Fist letter Should be capital and must contains minimum 3 characters :
Wrong Input : Fist letter Should be capital and must contains minimum 3 characters :
Wrong Input : Fist letter Should be capital and must contains minimum 3 characters :
Wrong Input : Fist letter Should be capital and must contains minimum 3 characters :
Wrong Input : Fist letter Should be capital and must contains minimum 3 characters :
Wrong Input : Fist letter Should be capital and must contains minimum 3 characters :
Wrong Input : Fist letter Should be capital and must contains minimum 3 characters :
Wrong Input : Fist letter Should be capital and must contains minimum 3 characters :
Wrong Input : Fist letter Should be capital and must contains minimum 3 characters :
Wrong Input : Fist letter Should be capital and must contains minimum 3 characters :
Wrong Input : Fist letter Should be capital and must contains minimum 3 characters :
Wrong Input : Fist letter Should be capital and must contains minimum 3 characters :
Wrong Input : Fist letter Should be capital and must contains minimum 3 characters :
Wrong Input : Fist letter Should be capital and must contains minimum 3 characters :
Wrong Input : Fist letter Should be capital and must contains minimum 3 characters :
Wrong Input : Fist letter Should be capital and must contains minimum 3 characters :
Wrong Input : Fist letter Should be capital and must contains minimum 3 characters :
Wrong Input : Fist letter Should be capital and must contains minimum 3 characters :
Wrong Input : Fist letter Should be capital and must contains minimum 3 characters :
Wrong Input : Fist letter Should be capital and must contains minimum 3 characters :
Wrong Input : Fist letter Should be capital and must contains minimum 3 characters :
Wrong Input : Fist letter Should be capital and must contains minimum 3 characters :
Wrong Input : Fist letter Should be capital and must contains minimum 3 characters :
Wrong Input : Fist letter Should be capital and must contains minimum 3 characters :
Wrong Input : Fist letter Should be capital and must contains minimum 3 characters :
Wrong Input : Fist letter Should be capital and must contains minimum 3 characters :
Wrong Input : Fist letter Should be capital and must contains minimum 3 characters :
Wrong Input : Fist letter Should be capital and must contains minimum 3 characters :
Wrong Input : Fist letter Should be capital and must contains minimum 3 characters :
Wrong Input : Fist letter Should be capital and must contains minimum 3 characters :
Wrong Input : Fist letter Should be capital and must contains minimum 3 characters :
Wrong Input : Fist letter Should be capital and must contains minimum 3 characters :
Wrong Input : Fist letter Should be capital and must contains minimum 3 characters :
Wrong Input : Fist letter Should be capital and must contains minimum 3 characters :
Wrong Input : Fist letter Should be capital and must contains minimum 3 characters :
Wrong Input : Fist letter Should be capital and must contains minimum 3 characters :
Wrong Input : Fist letter Should be capital and must contains minimum 3 characters :
Wrong Input : Fist letter Should be capital and must contains minimum 3 characters :
Wrong Input : Fist letter Should be capital and must contains minimum 3 characters :
Wrong Input : Fist letter Should be capital and must contains minimum 3 characters :
Wrong Input : Fist letter Should be capital and must contains minimum 3 characters :
Wrong Input : Fist letter Should be capital and must contains minimum 3 characters :
Wrong Input : Fist letter Should be capital and must contains minimum 3 characters :
Wrong Input : Fist letter Should be capital and must contains minimum 3 characters :
Wrong Input : Fist letter Should be capital and must contains minimum 3 characters :
Wrong Input : Fist letter Should be capital and must contains minimum 3 characters :
Wrong Input : Fist letter Should be capital and must contains minimum 3 characters :
Wrong Input : Fist letter Should be capital and must contains minimum 3 characters :
Wrong Input : Fist letter Should be capital and must contains minimum 3 characters :
Wrong Input : Fist letter Should be capital and must contains minimum 3 characters :
Wrong Input : Fist letter Should be capital and must contains minimum 3 characters :
Wrong Input : Fist letter Should be capital and must contains minimum 3 characters :
Wrong Input : Fist letter Should be capital and must contains minimum 3 characters :
Wrong Input : Fist letter Should be capital and must contains minimum 3 characters :
Wrong Input : Fist letter Should be capital and must contains minimum 3 characters :
Wrong Input : Fist letter Should be capital and must contains minimum 3 characters :
Wrong Input : Fist letter Should be capital and must contains minimum 3 characters :
Wrong Input : Fist letter Should be capital and must contains minimum 3 characters :
Wrong Input : Fist letter Should be capital and must contains minimum 3 characters :
Wrong Input : Fist letter Should be capital and must contains minimum 3 characters :
Wrong Input : Fist letter Should be capital and must contains minimum 3 characters :
Wrong Input : Fist letter Should be capital and must contains minimum 3 characters :
Wrong Input : Fist letter Should be capital and must contains minimum 3 characters :
Wrong Input : Fist letter Should be capital and must contains minimum 3 characters :
Wrong Input : Fist letter Should be capital and must contains minimum 3 characters :
Wrong Input : Fist letter Should be capital and must contains minimum 3 characters :
Wrong Input : Fist letter Should be capital and must contains minimum 3 characters :
Wrong Input : Fist letter Should be capital and must contains minimum 3 characters :
Wrong Input : Fist letter Should be capital and must contains minimum 3 characters :
Wrong Input : Fist letter Should be capital and must contains minimum 3 characters :
Wrong Input : Fist letter Should be capital and must contains minimum 3 characters :
Wrong Input : Fist letter Should be capital and must contains minimum 3 characters :
Wrong Input : Fist letter Should be capital and must contains minimum 3 characters :
Wrong Input : Fist letter Should be capital and must contains minimum 3 characters :
Wrong Input : Fist letter Should be capital and must contains minimum 3 characters :
Wrong Input : Fist letter Should be capital and must contains minimum 3 characters :
Wrong Input : Fist letter Should be capital and must contains minimum 3 characters :
Wrong Input : Fist letter Should be capital and must contains minimum 3 characters :
Wrong Input : Fist letter Should be capital and must contains minimum 3 characters :
Wrong Input : Fist letter Should be capital and must contains minimum 3 characters :
Wrong Input : Fist letter Should be capital and must contains minimum 3 characters :
Wrong Input : Fist letter Should be capital and must contains minimum 3 characters :
Wrong Input : Fist letter Should be capital and must contains minimum 3 characters :
Wrong Input : Fist letter Should be capital and must contains minimum 3 characters :
Wrong Input : Fist letter Should be capital and must contains minimum 3 characters :
Wrong Input : Fist letter Should be capital and must contains minimum 3 characters :
Wrong Input : Fist letter Should be capital and must contains minimum 3 characters :
Wrong Input : Fist letter Should be capital and must contains minimum 3 characters :
Wrong Input : Fist letter Should be capital and must contains minimum 3 characters :
Wrong Input : Fist letter Should be capital and must contains minimum 3 characters :
Wrong Input : Fist letter Should be capital and must contains minimum 3 characters :
Wrong Input : Fist letter Should be capital and must contains minimum 3 characters :
Wrong Input : Fist letter Should be capital and must contains minimum 3 characters :
Wrong Input : Fist letter Should be capital and must contains minimum 3 characters :
Wrong Input : Fist letter Should be capital and must contains minimum 3 characters :
Wrong Input : Fist letter Should be capital and must contains minimum 3 characters :
Wrong Input : Fist letter Should be capital and must contains minimum 3 characters :
Wrong Input : Fist letter Should be capital and must contains minimum 3 characters :
Wrong Input : Fist letter Should be capital and must contains minimum 3 characters :
Wrong Input : Fist letter Should be capital and must contains minimum 3 characters :
Wrong Input : Fist letter Should be capital and must contains minimum 3 characters :
Wrong Input : Fist letter Should be capital and must contains minimum 3 characters :
Wrong Input : Fist letter Should be capital and must contains minimum 3 characters :
Wrong Input : Fist letter Should be capital and must contains minimum 3 characters :
Wrong Input : Fist letter Should be capital and must contains minimum 3 characters :
Wrong Input : Fist letter Should be capital and must contains minimum 3 characters :
Wrong Input : Fist letter Should be capital and must contains minimum 3 characters :
Wrong Input : Fist letter Should be capital and must contains minimum 3 characters :
Wrong Input : Fist letter Should be capital and must contains minimum 3 characters :
Wrong Input : Fist letter Should be capital and must contains minimum 3 characters :
Wrong Input : Fist letter Should be capital and must contains minimum 3 characters :
Wrong Input : Fist letter Should be capital and must contains minimum 3 characters :
Wrong Input : Fist letter Should be capital and must contains minimum 3 characters :
Wrong Input : Fist letter Should be capital and must contains minimum 3 characters :
Wrong Input : Fist letter Should be capital and must contains minimum 3 characters :
Wrong Input : Fist letter Should be capital and must contains minimum 3 characters :
Wrong Input : Fist letter Should be capital and must contains minimum 3 characters :
Wrong Input : Fist letter Should be capital and must contains minimum 3 characters :
Wrong Input : Fist letter Should be capital and must contains minimum 3 characters :
Wrong Input : Fist letter Should be capital and must contains minimum 3 characters :
Wrong Input : Fist letter Should be capital and must contains minimum 3 characters :
Wrong Input : Fist letter Should be capital and must contains minimum 3 characters :
Wrong Input : Fist letter Should be capital and must contains minimum 3 characters :
Wrong Input : Fist letter Should be capital and must contains minimum 3 characters :
Wrong Input : Fist letter Should be capital and must contains minimum 3 characters :
Wrong Input : Fist letter Should be capital and must contains minimum 3 characters :
Wrong Input : Fist letter Should be capital and must contains minimum 3 characters :
Wrong Input : Fist letter Should be capital and must contains minimum 3 characters :
Wrong Input : Fist letter Should be capital and must contains minimum 3 characters :
Wrong Input : Fist letter Should be capital and must contains minimum 3 characters :
Wrong Input : Fist letter Should be capital and must contains minimum 3 characters :
Wrong Input : Fist letter Should be capital and must contains minimum 3 characters :
Wrong Input : Fist letter Should be capital and must contains minimum 3 characters :
Wrong Input : Fist letter Should be capital and must contains minimum 3 characters :
Wrong Input : Fist letter Should be capital and must contains minimum 3 characters :
Wrong Input : Fist letter Should be capital and must contains minimum 3 characters :
Wrong Input : Fist letter Should be capital and must contains minimum 3 characters :
Wrong Input : Fist letter Should be capital and must contains minimum 3 characters :
Wrong Input : Fist letter Should be capital and must contains minimum 3 characters :
Wrong Input : Fist letter Should be capital and must contains minimum 3 characters :
Wrong Input : Fist letter Should be capital and must contains minimum 3 characters :
Wrong Input : Fist letter Should be capital and must contains minimum 3 characters :
Wrong Input : Fist letter Should be capital and must contains minimum 3 characters :
Wrong Input : Fist letter Should be capital and must contains minimum 3 characters :
Wrong Input : Fist letter Should be capital and must contains minimum 3 characters :
Wrong Input : Fist letter Should be capital and must contains minimum 3 characters :
Wrong Input : Fist letter Should be capital and must contains minimum 3 characters :
Wrong Input : Fist letter Should be capital and must contains minimum 3 characters :
Wrong Input : Fist letter Should be capital and must contains minimum 3 characters :
Wrong Input : Fist letter Should be capital and must contains minimum 3 characters :
Wrong Input : Fist letter Should be capital and must contains minimum 3 characters :
Wrong Input : Fist letter Should be capital and must contains minimum 3 characters :
Wrong Input : Fist letter Should be capital and must contains minimum 3 characters :
Wrong Input : Fist letter Should be capital and must contains minimum 3 characters :
Wrong Input : Fist letter Should be capital and must contains minimum 3 characters :
Wrong Input : Fist letter Should be capital and must contains minimum 3 characters :
Wrong Input : Fist letter Should be capital and must contains minimum 3 characters :
Wrong Input : Fist letter Should be capital and must contains minimum 3 characters :
Wrong Input : Fist letter Should be capital and must contains minimum 3 characters :
Wrong Input : Fist letter Should be capital and must contains minimum 3 characters :
Wrong Input : Fist letter Should be capital and must contains minimum 3 characters :
Wrong Input : Fist letter Should be capital and must contains minimum 3 characters :
Wrong Input : Fist letter Should be capital and must contains minimum 3 characters :
Wrong Input : Fist letter Should be capital and must contains minimum 3 characters :
Wrong Input : Fist letter Should be capital and must contains minimum 3 characters :
Wrong Input : Fist letter Should be capital and must contains minimum 3 characters :
Wrong Input : Fist letter Should be capital and must contains minimum 3 characters :
Wrong Input : Fist letter Should be capital and must contains minimum 3 characters :
Wrong Input : Fist letter Should be capital and must contains minimum 3 characters :
Wrong Input : Fist letter Should be capital and must contains minimum 3 characters :
Wrong Input : Fist letter Should be capital and must contains minimum 3 characters :
Wrong Input : Fist letter Should be capital and must contains minimum 3 characters :
Wrong Input : Fist letter Should be capital and must contains minimum 3 characters :
Wrong Input : Fist letter Should be capital and must contains minimum 3 characters :
Wrong Input : Fist letter Should be capital and must contains minimum 3 characters :
Wrong Input : Fist letter Should be capital and must contains minimum 3 characters :
Wrong Input : Fist letter Should be capital and must contains minimum 3 characters :
Wrong Input : Fist letter Should be capital and must contains minimum 3 characters :
Wrong Input : Fist letter Should be capital and must contains minimum 3 characters :
Wrong Input : Fist letter Should be capital and must contains minimum 3 characters :
Wrong Input : Fist letter Should be capital and must contains minimum 3 characters :
Wrong Input : Fist letter Should be capital and must contains minimum 3 characters :
Wrong Input : Fist letter Should be capital and must contains minimum 3 characters :
Wrong Input : Fist letter Should be capital and must contains minimum 3 characters :
Wrong Input : Fist letter Should be capital and must contains minimum 3 characters :
Wrong Input : Fist letter Should be capital and must contains minimum 3 characters :
Wrong Input : Fist letter Should be capital and must contains minimum 3 characters :
Wrong Input : Fist letter Should be capital and must contains minimum 3 characters :
Wrong Input : Fist letter Should be capital and must contains minimum 3 characters :
Wrong Input : Fist letter Should be capital and must contains minimum 3 characters :
Wrong Input : Fist letter Should be capital and must contains minimum 3 characters :
Wrong Input : Fist letter Should be capital and must contains minimum 3 characters :
Wrong Input : Fist letter Should be capital and must contains minimum 3 characters :
Wrong Input : Fist letter Should be capital and must contains minimum 3 characters :
Wrong Input : Fist letter Should be capital and must contains minimum 3 characters :
Wrong Input : Fist letter Should be capital and must contains minimum 3 characters :
Wrong Input : Fist letter Should be capital and must contains minimum 3 characters :
Wrong Input : Fist letter Should be capital and must contains minimum 3 characters :
Wrong Input : Fist letter Should be capital and must contains minimum 3 characters :
Wrong Input : Fist letter Should be capital and must contains minimum 3 characters :
Wrong Input : Fist letter Should be capital and must contains minimum 3 characters :
Wrong Input : Fist letter Should be capital and must contains minimum 3 characters :
Wrong Input : Fist letter Should be capital and must contains minimum 3 characters :
Wrong Input : Fist letter Should be capital and must contains minimum 3 characters :
Wrong Input : Fist letter Should be capital and must contains minimum 3 characters :
Wrong Input : Fist letter Should be capital and must contains minimum 3 characters :
Wrong Input : Fist letter Should be capital and must contains minimum 3 characters :
Wrong Input : Fist letter Should be capital and must contains minimum 3 characters :
Wrong Input : Fist letter Should be capital and must contains minimum 3 characters :
Wrong Input : Fist letter Should be capital and must contains minimum 3 characters :
Wrong Input : Fist letter Should be capital and must contains minimum 3 characters :
Wrong Input : Fist letter Should be capital and must contains minimum 3 characters :
Wrong Input : Fist letter Should be capital and must contains minimum 3 characters :
Wrong Input : Fist letter Should be capital and must contains minimum 3 characters :
Wrong Input : Fist letter Should be capital and must contains minimum 3 characters :
Wrong Input : Fist letter Should be capital and must contains minimum 3 characters :
Wrong Input : Fist letter Should be capital and must contains minimum 3 characters :
Wrong Input : Fist letter Should be capital and must contains minimum 3 characters :
Wrong Input : Fist letter Should be capital and must contains minimum 3 characters :
Wrong Input : Fist letter Should be capital and must contains minimum 3 characters :
Wrong Input : Fist letter Should be capital and must contains minimum 3 characters :
Wrong Input : Fist letter Should be capital and must contains minimum 3 characters :
Wrong Input : Fist letter Should be capital and must contains minimum 3 characters :
Wrong Input : Fist letter Should be capital and must contains minimum 3 characters :
Wrong Input : Fist letter Should be capital and must contains minimum 3 characters :
Wrong Input : Fist letter Should be capital and must contains minimum 3 characters :
Wrong Input : Fist letter Should be capital and must contains minimum 3 characters :
Wrong Input : Fist letter Should be capital and must contains minimum 3 characters :
Wrong Input : Fist letter Should be capital and must contains minimum 3 characters :
Wrong Input : Fist letter Should be capital and must contains minimum 3 characters :
Wrong Input : Fist letter Should be capital and must contains minimum 3 characters :
Wrong Input : Fist letter Should be capital and must contains minimum 3 characters :
Wrong Input : Fist letter Should be capital and must contains minimum 3 characters :
Wrong Input : Fist letter Should be capital and must contains minimum 3 characters :
Wrong Input : Fist letter Should be capital and must contains minimum 3 characters :
Wrong Input : Fist letter Should be capital and must contains minimum 3 characters :
Wrong Input : Fist letter Should be capital and must contains minimum 3 characters :
Wrong Input : Fist letter Should be capital and must contains minimum 3 characters :
Wrong Input : Fist letter Should be capital and must contains minimum 3 characters :
Wrong Input : Fist letter Should be capital and must contains minimum 3 characters :
Wrong Input : Fist letter Should be capital and must contains minimum 3 characters :
Wrong Input : Fist letter Should be capital and must contains minimum 3 characters :
Wrong Input : Fist letter Should be capital and must contains minimum 3 characters :
Wrong Input : Fist letter Should be capital and must contains minimum 3 characters :
Wrong Input : Fist letter Should be capital and must contains minimum 3 characters :
Wrong Input : Fist letter Should be capital and must contains minimum 3 characters :
Wrong Input : Fist letter Should be capital and must contains minimum 3 characters :
Wrong Input : Fist letter Should be capital and must contains minimum 3 characters :
Wrong Input : Fist letter Should be capital and must contains minimum 3 characters :
Wrong Input : Fist letter Should be capital and must contains minimum 3 characters :
Wrong Input : Fist letter Should be capital and must contains minimum 3 characters :
Wrong Input : Fist letter Should be capital and must contains minimum 3 characters :
Wrong Input : Fist letter Should be capital and must contains minimum 3 characters :
Wrong Input : Fist letter Should be capital and must contains minimum 3 characters :
Wrong Input : Fist letter Should be capital and must contains minimum 3 characters :
Wrong Input : Fist letter Should be capital and must contains minimum 3 characters :
Wrong Input : Fist letter Should be capital and must contains minimum 3 characters :
Wrong Input : Fist letter Should be capital and must contains minimum 3 characters :
Wrong Input : Fist letter Should be capital and must contains minimum 3 characters :
Wrong Input : Fist letter Should be capital and must contains minimum 3 characters :
Wrong Input : Fist letter Should be capital and must contains minimum 3 characters :
Wrong Input : Fist letter Should be capital and must contains minimum 3 characters :
Wrong Input : Fist letter Should be capital and must contains minimum 3 characters :
Wrong Input : Fist letter Should be capital and must contains minimum 3 characters :
Wrong Input : Fist letter Should be capital and must contains minimum 3 characters :
Wrong Input : Fist letter Should be capital and must contains minimum 3 characters :
Wrong Input : Fist letter Should be capital and must contains minimum 3 characters :
Wrong Input : Fist letter Should be capital and must contains minimum 3 characters :
Wrong Input : Fist letter Should be capital and must contains minimum 3 characters :
Wrong Input : Fist letter Should be capital and must contains minimum 3 characters :
Wrong Input : Fist letter Should be capital and must contains minimum 3 characters :
Wrong Input : Fist letter Should be capital and must contains minimum 3 characters :
Wrong Input : Fist letter Should be capital and must contains minimum 3 characters :
Wrong Input : Fist letter Should be capital and must contains minimum 3 characters :
Wrong Input : Fist letter Should be capital and must contains minimum 3 characters :
Wrong Input : Fist letter Should be capital and must contains minimum 3 characters :
Wrong Input : Fist letter Should be capital and must contains minimum 3 characters :
Wrong Input : Fist letter Should be capital and must contains minimum 3 characters :
Wrong Input : Fist letter Should be capital and must contains minimum 3 characters :
Wrong Input : Fist letter Should be capital and must contains minimum 3 characters :
Wrong Input : Fist letter Should be capital and must contains minimum 3 characters :
Wrong Input : Fist letter Should be capital and must contains minimum 3 characters :
Wrong Input : Fist letter Should be capital and must contains minimum 3 characters :
Wrong Input : Fist letter Should be capital and must contains minimum 3 characters :
Wrong Input : Fist letter Should be capital and must contains minimum 3 characters :
Wrong Input : Fist letter Should be capital and must contains minimum 3 characters :
Wrong Input : Fist letter Should be capital and must contains minimum 3 characters :
Wrong Input : Fist letter Should be capital and must contains minimum 3 characters :
Wrong Input : Fist letter Should be capital and must contains minimum 3 characters :
Wrong Input : Fist letter Should be capital and must contains minimum 3 characters :
Wrong Input : Fist letter Should be capital and must contains minimum 3 characters :
Wrong Input : Fist letter Should be capital and must contains minimum 3 characters :
Wrong Input : Fist letter Should be capital and must contains minimum 3 characters :
Wrong Input : Fist letter Should be capital and must contains minimum 3 characters :
Wrong Input : Fist letter Should be capital and must contains minimum 3 characters :
Wrong Input : Fist letter Should be capital and must contains minimum 3 characters :
Wrong Input : Fist letter Should be capital and must contains minimum 3 characters :
Wrong Input : Fist letter Should be capital and must contains minimum 3 characters :
Wrong Input : Fist letter Should be capital and must contains minimum 3 characters :
Wrong Input : Fist letter Should be capital and must contains minimum 3 characters :
Wrong Input : Fist letter Should be capital and must contains minimum 3 characters :
Wrong Input : Fist letter Should be capital and must contains minimum 3 characters :
Wrong Input : Fist letter Should be capital and must contains minimum 3 characters :
Wrong Input : Fist letter Should be capital and must contains minimum 3 characters :
Wrong Input : Fist letter Should be capital and must contains minimum 3 characters :
Wrong Input : Fist letter Should be capital and must contains minimum 3 characters :
Wrong Input : Fist letter Should be capital and must contains minimum 3 characters :
Wrong Input : Fist letter Should be capital and must contains minimum 3 characters :
Wrong Input : Fist letter Should be capital and must contains minimum 3 characters :
Wrong Input : Fist letter Should be capital and must contains minimum 3 characters :
Wrong Input : Fist letter Should be capital and must contains minimum 3 characters :
Wrong Input : Fist letter Should be capital and must contains minimum 3 characters :
Wrong Input : Fist letter Should be capital and must contains minimum 3 characters :
Wrong Input : Fist letter Should be capital and must contains minimum 3 characters :
Wrong Input : Fist letter Should be capital and must contains minimum 3 characters :
Wrong Input : Fist letter Should be capital and must contains minimum 3 characters :
Wrong Input : Fist letter Should be capital and must contains minimum 3 characters :
Wrong Input : Fist letter Should be capital and must contains minimum 3 characters :
Wrong Input : Fist letter Should be capital and must contains minimum 3 characters :
Wrong Input : Fist letter Should be capital and must contains minimum 3 characters :
Wrong Input : Fist letter Should be capital and must contains minimum 3 characters :
Wrong Input : Fist letter Should be capital and must contains minimum 3 characters :
Wrong Input : Fist letter Should be capital and must contains minimum 3 characters :
Wrong Input : Fist letter Should be capital and must contains minimum 3 characters :
Wrong Input : Fist letter Should be capital and must contains minimum 3 characters :
Wrong Input : Fist letter Should be capital and must contains minimum 3 characters :
Wrong Input : Fist letter Should be capital and must contains minimum 3 characters :
Wrong Input : Fist letter Should be capital and must contains minimum 3 characters :
Wrong Input : Fist letter Should be capital and must contains minimum 3 characters :
Wrong Input : Fist letter Should be capital and must contains minimum 3 characters :
Wrong Input : Fist letter Should be capital and must contains minimum 3 characters :
Wrong Input : Fist letter Should be capital and must contains minimum 3 characters :
Wrong Input : Fist letter Should be capital and must contains minimum 3 characters :
Wrong Input : Fist letter Should be capital and must contains minimum 3 characters :
Wrong Input : Fist letter Should be capital and must contains minimum 3 characters :
Wrong Input : Fist letter Should be capital and must contains minimum 3 characters :
Wrong Input : Fist letter Should be capital and must contains minimum 3 characters :
Wrong Input : Fist letter Should be capital and must contains minimum 3 characters :
Wrong Input : Fist letter Should be capital and must contains minimum 3 characters :
Wrong Input : Fist letter Should be capital and must contains minimum 3 characters :
Wrong Input : Fist letter Should be capital and must contains minimum 3 characters :
Wrong Input : Fist letter Should be capital and must contains minimum 3 characters :
Wrong Input : Fist letter Should be capital and must contains minimum 3 characters :
Wrong Input : Fist letter Should be capital and must contains minimum 3 characters :
Wrong Input : Fist letter Should be capital and must contains minimum 3 characters :
Wrong Input : Fist letter Should be capital and must contains minimum 3 characters :
Wrong Input : Fist letter Should be capital and must contains minimum 3 characters :
Wrong Input : Fist letter Should be capital and must contains minimum 3 characters :
Wrong Input : Fist letter Should be capital and must contains minimum 3 characters :
Wrong Input : Fist letter Should be capital and must contains minimum 3 characters :
Wrong Input : Fist letter Should be capital and must contains minimum 3 characters :
Wrong Input : Fist letter Should be capital and must contains minimum 3 characters :
Wrong Input : Fist letter Should be capital and must contains minimum 3 characters :
Wrong Input : Fist letter Should be capital and must contains minimum 3 characters :
Wrong Input : Fist letter Should be capital and must contains minimum 3 characters :
Wrong Input : Fist letter Should be capital and must contains minimum 3 characters :
Wrong Input : Fist letter Should be capital and must contains minimum 3 characters :
Wrong Input : Fist letter Should be capital and must contains minimum 3 characters :
Wrong Input : Fist letter Should be capital and must contains minimum 3 characters :
Wrong Input : Fist letter Should be capital and must contains minimum 3 characters :
Wrong Input : Fist letter Should be capital and must contains minimum 3 characters :
Wrong Input : Fist letter Should be capital and must contains minimum 3 characters :
Wrong Input : Fist letter Should be capital and must contains minimum 3 characters :
Wrong Input : Fist letter Should be capital and must contains minimum 3 characters :
Wrong Input : Fist letter Should be capital and must contains minimum 3 characters :
Wrong Input : Fist letter Should be capital and must contains minimum 3 characters :
Wrong Input : Fist letter Should be capital and must contains minimum 3 characters :
Wrong Input : Fist letter Should be capital and must contains minimum 3 characters :
Wrong Input : Fist letter Should be capital and must contains minimum 3 characters :
Wrong Input : Fist letter Should be capital and must contains minimum 3 characters :
Wrong Input : Fist letter Should be capital and must contains minimum 3 characters :
Wrong Input : Fist letter Should be capital and must contains minimum 3 characters :
Wrong Input : Fist letter Should be capital and must contains minimum 3 characters :
Wrong Input : Fist letter Should be capital and must contains minimum 3 characters :
Wrong Input : Fist letter Should be capital and must contains minimum 3 characters :
Wrong Input : Fist letter Should be capital and must contains minimum 3 characters :
Wrong Input : Fist letter Should be capital and must contains minimum 3 characters :
Wrong Input : Fist letter Should be capital and must contains minimum 3 characters :
Wrong Input : Fist letter Should be capital and must contains minimum 3 characters :
Wrong Input : Fist letter Should be capital and must contains minimum 3 characters :
Wrong Input : Fist letter Should be capital and must contains minimum 3 characters :
Wrong Input : Fist letter Should be capital and must contains minimum 3 characters :
Wrong Input : Fist letter Should be capital and must contains minimum 3 characters :
Wrong Input : Fist letter Should be capital and must contains minimum 3 characters :
Wrong Input : Fist letter Should be capital and must contains minimum 3 characters :
Wrong Input : Fist letter Should be capital and must contains minimum 3 characters :
Wrong Input : Fist letter Should be capital and must contains minimum 3 characters :
Wrong Input : Fist letter Should be capital and must contains minimum 3 characters :
Wrong Input : Fist letter Should be capital and must contains minimum 3 characters :
Wrong Input : Fist letter Should be capital and must contains minimum 3 characters :
Wrong Input : Fist letter Should be capital and must contains minimum 3 characters :
Wrong Input : Fist letter Should be capital and must contains minimum 3 characters :
Wrong Input : Fist letter Should be capital and must contains minimum 3 characters :
Wrong Input : Fist letter Should be capital and must contains minimum 3 characters :
Wrong Input : Fist letter Should be capital and must contains minimum 3 characters :
Wrong Input : Fist letter Should be capital and must contains minimum 3 characters :
Wrong Input : Fist letter Should be capital and must contains minimum 3 characters :
Wrong Input : Fist letter Should be capital and must contains minimum 3 characters :
Wrong Input : Fist letter Should be capital and must contains minimum 3 characters :
Wrong Input : Fist letter Should be capital and must contains minimum 3 characters :
Wrong Input : Fist letter Should be capital and must contains minimum 3 characters :
Wrong Input : Fist letter Should be capital and must contains minimum 3 characters :
Wrong Input : Fist letter Should be capital and must contains minimum 3 characters :
Wrong Input : Fist letter Should be capital and must contains minimum 3 characters :
Wrong Input : Fist letter Should be capital and must contains minimum 3 characters :
Wrong Input : Fist letter Should be capital and must contains minimum 3 characters :
Wrong Input : Fist letter Should be capital and must contains minimum 3 characters :
Wrong Input : Fist letter Should be capital and must contains minimum 3 characters :
Wrong Input : Fist letter Should be capital and must contains minimum 3 characters :
Wrong Input : Fist letter Should be capital and must contains minimum 3 characters :
Wrong Input : Fist letter Should be capital and must contains minimum 3 characters :
Wrong Input : Fist letter Should be capital and must contains minimum 3 characters :
Wrong Input : Fist letter Should be capital and must contains minimum 3 characters :
Wrong Input : Fist letter Should be capital and must contains minimum 3 characters :
Wrong Input : Fist letter Should be capital and must contains minimum 3 characters :
Wrong Input : Fist letter Should be capital and must contains minimum 3 characters :
Wrong Input : Fist letter Should be capital and must contains minimum 3 characters :
Wrong Input : Fist letter Should be capital and must contains minimum 3 characters :
Wrong Input : Fist letter Should be capital and must contains minimum 3 characters :
Wrong Input : Fist letter Should be capital and must contains minimum 3 characters :
Wrong Input : Fist letter Should be capital and must contains minimum 3 characters :
Wrong Input : Fist letter Should be capital and must contains minimum 3 characters :
Wrong Input : Fist letter Should be capital and must contains minimum 3 characters :
Wrong Input : Fist letter Should be capital and must contains minimum 3 characters :
Wrong Input : Fist letter Should be capital and must contains minimum 3 characters :
Wrong Input : Fist letter Should be capital and must contains minimum 3 characters :
Wrong Input : Fist letter Should be capital and must contains minimum 3 characters :
Wrong Input : Fist letter Should be capital and must contains minimum 3 characters :
Wrong Input : Fist letter Should be capital and must contains minimum 3 characters :
Wrong Input : Fist letter Should be capital and must contains minimum 3 characters :
Wrong Input : Fist letter Should be capital and must contains minimum 3 characters :
Wrong Input : Fist letter Should be capital and must contains minimum 3 characters :
Wrong Input : Fist letter Should be capital and must contains minimum 3 characters :
Wrong Input : Fist letter Should be capital and must contains minimum 3 characters :
Wrong Input : Fist letter Should be capital and must contains minimum 3 characters :
Wrong Input : Fist letter Should be capital and must contains minimum 3 characters :
Wrong Input : Fist letter Should be capital and must contains minimum 3 characters :
Wrong Input : Fist letter Should be capital and must contains minimum 3 characters :
Wrong Input : Fist letter Should be capital and must contains minimum 3 characters :
Wrong Input : Fist letter Should be capital and must contains minimum 3 characters :
Wrong Input : Fist letter Should be capital and must contains minimum 3 characters :
Wrong Input : Fist letter Should be capital and must contains minimum 3 characters :
Wrong Input : Fist letter Should be capital and must contains minimum 3 characters :
Wrong Input : Fist letter Should be capital and must contains minimum 3 characters :
Wrong Input : Fist letter Should be capital and must contains minimum 3 characters :
Wrong Input : Fist letter Should be capital and must contains minimum 3 characters :
Wrong Input : Fist letter Should be capital and must contains minimum 3 characters :
Wrong Input : Fist letter Should be capital and must contains minimum 3 characters :
Wrong Input : Fist letter Should be capital and must contains minimum 3 characters :
Wrong Input : Fist letter Should be capital and must contains minimum 3 characters :
Wrong Input : Fist letter Should be capital and must contains minimum 3 characters :
Wrong Input : Fist letter Should be capital and must contains minimum 3 characters :
Wrong Input : Fist letter Should be capital and must contains minimum 3 characters :
Wrong Input : Fist letter Should be capital and must contains minimum 3 characters :
Wrong Input : Fist letter Should be capital and must contains minimum 3 characters :
Wrong Input : Fist letter Should be capital and must contains minimum 3 characters :
Wrong Input : Fist letter Should be capital and must contains minimum 3 characters :
Wrong Input : Fist letter Should be capital and must contains minimum 3 characters :
Wrong Input : Fist letter Should be capital and must contains minimum 3 characters :
Wrong Input : Fist letter Should be capital and must contains minimum 3 characters :
Wrong Input : Fist letter Should be capital and must contains minimum 3 characters :
Wrong Input : Fist letter Should be capital and must contains minimum 3 characters :
Wrong Input : Fist letter Should be capital and must contains minimum 3 characters :
Wrong Input : Fist letter Should be capital and must contains minimum 3 characters :
Wrong Input : Fist letter Should be capital and must contains minimum 3 characters :
Wrong Input : Fist letter Should be capital and must contains minimum 3 characters :
Wrong Input : Fist letter Should be capital and must contains minimum 3 characters :
Wrong Input : Fist letter Should be capital and must contains minimum 3 characters :
Wrong Input : Fist letter Should be capital and must contains minimum 3 characters :
Wrong Input : Fist letter Should be capital and must contains minimum 3 characters :
Wrong Input : Fist letter Should be capital and must contains minimum 3 characters :
Wrong Input : Fist letter Should be capital and must contains minimum 3 characters :
Wrong Input : Fist letter Should be capital and must contains minimum 3 characters :
Wrong Input : Fist letter Should be capital and must contains minimum 3 characters :
Wrong Input : Fist letter Should be capital and must contains minimum 3 characters :
Wrong Input : Fist letter Should be capital and must contains minimum 3 characters :
Wrong Input : Fist letter Should be capital and must contains minimum 3 characters :
Wrong Input : Fist letter Should be capital and must contains minimum 3 characters :
Wrong Input : Fist letter Should be capital and must contains minimum 3 characters :
Wrong Input : Fist letter Should be capital and must contains minimum 3 characters :
Wrong Input : Fist letter Should be capital and must contains minimum 3 characters :
Wrong Input : Fist letter Should be capital and must contains minimum 3 characters :
Wrong Input : Fist letter Should be capital and must contains minimum 3 characters :
Wrong Input : Fist letter Should be capital and must contains minimum 3 characters :
Wrong Input : Fist letter Should be capital and must contains minimum 3 characters :
Wrong Input : Fist letter Should be capital and must contains minimum 3 characters :
Wrong Input : Fist letter Should be capital and must contains minimum 3 characters :
Wrong Input : Fist letter Should be capital and must contains minimum 3 characters :
Wrong Input : Fist letter Should be capital and must contains minimum 3 characters :
Wrong Input : Fist letter Should be capital and must contains minimum 3 characters :
Wrong Input : Fist letter Should be capital and must contains minimum 3 characters :
Wrong Input : Fist letter Should be capital and must contains minimum 3 characters :
Wrong Input : Fist letter Should be capital and must contains minimum 3 characters :
Wrong Input : Fist letter Should be capital and must contains minimum 3 characters :
Wrong Input : Fist letter Should be capital and must contains minimum 3 characters :
Wrong Input : Fist letter Should be capital and must contains minimum 3 characters :
Wrong Input : Fist letter Should be capital and must contains minimum 3 characters :
Wrong Input : Fist letter Should be capital and must contains minimum 3 characters :
Wrong Input : Fist letter Should be capital and must contains minimum 3 characters :
Wrong Input : Fist letter Should be capital and must contains minimum 3 characters :
Wrong Input : Fist letter Should be capital and must contains minimum 3 characters :
Wrong Input : Fist letter Should be capital and must contains minimum 3 characters :
Wrong Input : Fist letter Should be capital and must contains minimum 3 characters :
Wrong Input : Fist letter Should be capital and must contains minimum 3 characters :
Wrong Input : Fist letter Should be capital and must contains minimum 3 characters :
Wrong Input : Fist letter Should be capital and must contains minimum 3 characters :
Wrong Input : Fist letter Should be capital and must contains minimum 3 characters :
Wrong Input : Fist letter Should be capital and must contains minimum 3 characters :
Wrong Input : Fist letter Should be capital and must contains minimum 3 characters :
Wrong Input : Fist letter Should be capital and must contains minimum 3 characters :
Wrong Input : Fist letter Should be capital and must contains minimum 3 characters :
Wrong Input : Fist letter Should be capital and must contains minimum 3 characters :
Wrong Input : Fist letter Should be capital and must contains minimum 3 characters :
Wrong Input : Fist letter Should be capital and must contains minimum 3 characters :
Wrong Input : Fist letter Should be capital and must contains minimum 3 characters :
Wrong Input : Fist letter Should be capital and must contains minimum 3 characters :
Wrong Input : Fist letter Should be capital and must contains minimum 3 characters :
Wrong Input : Fist letter Should be capital and must contains minimum 3 characters :
Wrong Input : Fist letter Should be capital and must contains minimum 3 characters :
Wrong Input : Fist letter Should be capital and must contains minimum 3 characters :
Wrong Input : Fist letter Should be capital and must contains minimum 3 characters :
Wrong Input : Fist letter Should be capital and must contains minimum 3 characters :
Wrong Input : Fist letter Should be capital and must contains minimum 3 characters :
Wrong Input : Fist letter Should be capital and must contains minimum 3 characters :
Wrong Input : Fist letter Should be capital and must contains minimum 3 characters :
Wrong Input : Fist letter Should be capital and must contains minimum 3 characters :
Wrong Input : Fist letter Should be capital and must contains minimum 3 characters :
Wrong Input : Fist letter Should be capital and must contains minimum 3 characters :
Wrong Input : Fist letter Should be capital and must contains minimum 3 characters :
Wrong Input : Fist letter Should be capital and must contains minimum 3 characters :
Wrong Input : Fist letter Should be capital and must contains minimum 3 characters :
Wrong Input : Fist letter Should be capital and must contains minimum 3 characters :
Wrong Input : Fist letter Should be capital and must contains minimum 3 characters :
Wrong Input : Fist letter Should be capital and must contains minimum 3 characters :
Wrong Input : Fist letter Should be capital and must contains minimum 3 characters :
Wrong Input : Fist letter Should be capital and must contains minimum 3 characters :
Wrong Input : Fist letter Should be capital and must contains minimum 3 characters :
Wrong Input : Fist letter Should be capital and must contains minimum 3 characters :
Wrong Input : Fist letter Should be capital and must contains minimum 3 characters :
Wrong Input : Fist letter Should be capital and must contains minimum 3 characters :
Wrong Input : Fist letter Should be capital and must contains minimum 3 characters :
Wrong Input : Fist letter Should be capital and must contains minimum 3 characters :
Wrong Input : Fist letter Should be capital and must contains minimum 3 characters :
Wrong Input : Fist letter Should be capital and must contains minimum 3 characters :
Wrong Input : Fist letter Should be capital and must contains minimum 3 characters :
Wrong Input : Fist letter Should be capital and must contains minimum 3 characters :
Wrong Input : Fist letter Should be capital and must contains minimum 3 characters :
Wrong Input : Fist letter Should be capital and must contains minimum 3 characters :
Wrong Input : Fist letter Should be capital and must contains minimum 3 characters :
Wrong Input : Fist letter Should be capital and must contains minimum 3 characters :
Wrong Input : Fist letter Should be capital and must contains minimum 3 characters :
Wrong Input : Fist letter Should be capital and must contains minimum 3 characters :
Wrong Input : Fist letter Should be capital and must contains minimum 3 characters :
Wrong Input : Fist letter Should be capital and must contains minimum 3 characters :
Wrong Input : Fist letter Should be capital and must contains minimum 3 characters :
Wrong Input : Fist letter Should be capital and must contains minimum 3 characters :
Wrong Input : Fist letter Should be capital and must contains minimum 3 characters :
Wrong Input : Fist letter Should be capital and must contains minimum 3 characters :
Wrong Input : Fist letter Should be capital and must contains minimum 3 characters :
Wrong Input : Fist letter Should be capital and must contains minimum 3 characters :
Wrong Input : Fist letter Should be capital and must contains minimum 3 characters :
Wrong Input : Fist letter Should be capital and must contains minimum 3 characters :
Wrong Input : Fist letter Should be capital and must contains minimum 3 characters :
Wrong Input : Fist letter Should be capital and must contains minimum 3 characters :
Wrong Input : Fist letter Should be capital and must contains minimum 3 characters :
Wrong Input : Fist letter Should be capital and must contains minimum 3 characters :
Wrong Input : Fist letter Should be capital and must contains minimum 3 characters :
Wrong Input : Fist letter Should be capital and must contains minimum 3 characters :
Wrong Input : Fist letter Should be capital and must contains minimum 3 characters :
Wrong Input : Fist letter Should be capital and must contains minimum 3 characters :
Wrong Input : Fist letter Should be capital and must contains minimum 3 characters :
Wrong Input : Fist letter Should be capital and must contains minimum 3 characters :
Wrong Input : Fist letter Should be capital and must contains minimum 3 characters :
Wrong Input : Fist letter Should be capital and must contains minimum 3 characters :
Wrong Input : Fist letter Should be capital and must contains minimum 3 characters :
Wrong Input : Fist letter Should be capital and must contains minimum 3 characters :
Wrong Input : Fist letter Should be capital and must contains minimum 3 characters :
Wrong Input : Fist letter Should be capital and must contains minimum 3 characters :
Wrong Input : Fist letter Should be capital and must contains minimum 3 characters :
Wrong Input : Fist letter Should be capital and must contains minimum 3 characters :
Wrong Input : Fist letter Should be capital and must contains minimum 3 characters :
Wrong Input : Fist letter Should be capital and must contains minimum 3 characters :
Wrong Input : Fist letter Should be capital and must contains minimum 3 characters :
Wrong Input : Fist letter Should be capital and must contains minimum 3 characters :
Wrong Input : Fist letter Should be capital and must contains minimum 3 characters :
Wrong Input : Fist letter Should be capital and must contains minimum 3 characters :
Wrong Input : Fist letter Should be capital and must contains minimum 3 characters :
Wrong Input : Fist letter Should be capital and must contains minimum 3 characters :
Wrong Input : Fist letter Should be capital and must contains minimum 3 characters :
Wrong Input : Fist letter Should be capital and must contains minimum 3 characters :
Wrong Input : Fist letter Should be capital and must contains minimum 3 characters :
Wrong Input : Fist letter Should be capital and must contains minimum 3 characters :
Wrong Input : Fist letter Should be capital and must contains minimum 3 characters :
Wrong Input : Fist letter Should be capital and must contains minimum 3 characters :
Wrong Input : Fist letter Should be capital and must contains minimum 3 characters :
Wrong Input : Fist letter Should be capital and must contains minimum 3 characters :
Wrong Input : Fist letter Should be capital and must contains minimum 3 characters :
Wrong Input : Fist letter Should be capital and must contains minimum 3 characters :
Wrong Input : Fist letter Should be capital and must contains minimum 3 characters :
Wrong Input : Fist letter Should be capital and must contains minimum 3 characters :
Wrong Input : Fist letter Should be capital and must contains minimum 3 characters :
Wrong Input : Fist letter Should be capital and must contains minimum 3 characters :
Wrong Input : Fist letter Should be capital and must contains minimum 3 characters :
Wrong Input : Fist letter Should be capital and must contains minimum 3 characters :
Wrong Input : Fist letter Should be capital and must contains minimum 3 characters :
Wrong Input : Fist letter Should be capital and must contains minimum 3 characters :
Wrong Input : Fist letter Should be capital and must contains minimum 3 characters :
Wrong Input : Fist letter Should be capital and must contains minimum 3 characters :
Wrong Input : Fist letter Should be capital and must contains minimum 3 characters :
Wrong Input : Fist letter Should be capital and must contains minimum 3 characters :
Wrong Input : Fist letter Should be capital and must contains minimum 3 characters :
Wrong Input : Fist letter Should be capital and must contains minimum 3 characters :
Wrong Input : Fist letter Should be capital and must contains minimum 3 characters :
Wrong Input : Fist letter Should be capital and must contains minimum 3 characters :
Wrong Input : Fist letter Should be capital and must contains minimum 3 characters :
Wrong Input : Fist letter Should be capital and must contains minimum 3 characters :
Wrong Input : Fist letter Should be capital and must contains minimum 3 characters :
Wrong Input : Fist letter Should be capital and must contains minimum 3 characters :
Wrong Input : Fist letter Should be capital and must contains minimum 3 characters :
Wrong Input : Fist letter Should be capital and must contains minimum 3 characters :
Wrong Input : Fist letter Should be capital and must contains minimum 3 characters :
Wrong Input : Fist letter Should be capital and must contains minimum 3 characters :
Wrong Input : Fist letter Should be capital and must contains minimum 3 characters :
Wrong Input : Fist letter Should be capital and must contains minimum 3 characters :
Wrong Input : Fist letter Should be capital and must contains minimum 3 characters :
Wrong Input : Fist letter Should be capital and must contains minimum 3 characters :
Wrong Input : Fist letter Should be capital and must contains minimum 3 characters :
Wrong Input : Fist letter Should be capital and must contains minimum 3 characters :
Wrong Input : Fist letter Should be capital and must contains minimum 3 characters :
Wrong Input : Fist letter Should be capital and must contains minimum 3 characters :
Wrong Input : Fist letter Should be capital and must contains minimum 3 characters :
Wrong Input : Fist letter Should be capital and must contains minimum 3 characters :
Wrong Input : Fist letter Should be capital and must contains minimum 3 characters :
Wrong Input : Fist letter Should be capital and must contains minimum 3 characters :
Wrong Input : Fist letter Should be capital and must contains minimum 3 characters :
Wrong Input : Fist letter Should be capital and must contains minimum 3 characters :
Wrong Input : Fist letter Should be capital and must contains minimum 3 characters :
Wrong Input : Fist letter Should be capital and must contains minimum 3 characters :
Wrong Input : Fist letter Should be capital and must contains minimum 3 characters :
Wrong Input : Fist letter Should be capital and must contains minimum 3 characters :
Wrong Input : Fist letter Should be capital and must contains minimum 3 characters :
Wrong Input : Fist letter Should be capital and must contains minimum 3 characters :
Wrong Input : Fist letter Should be capital and must contains minimum 3 characters :
Wrong Input : Fist letter Should be capital and must contains minimum 3 characters :
Wrong Input : Fist letter Should be capital and must contains minimum 3 characters :
Wrong Input : Fist letter Should be capital and must contains minimum 3 characters :
Wrong Input : Fist letter Should be capital and must contains minimum 3 characters :
Wrong Input : Fist letter Should be capital and must contains minimum 3 characters :
Wrong Input : Fist letter Should be capital and must contains minimum 3 characters :
Wrong Input : Fist letter Should be capital and must contains minimum 3 characters :
Wrong Input : Fist letter Should be capital and must contains minimum 3 characters :
Wrong Input : Fist letter Should be capital and must contains minimum 3 characters :
Wrong Input : Fist letter Should be capital and must contains minimum 3 characters :
Wrong Input : Fist letter Should be capital and must contains minimum 3 characters :
Wrong Input : Fist letter Should be capital and must contains minimum 3 characters :
Wrong Input : Fist letter Should be capital and must contains minimum 3 characters :
Wrong Input : Fist letter Should be capital and must contains minimum 3 characters :
Wrong Input : Fist letter Should be capital and must contains minimum 3 characters :
Wrong Input : Fist letter Should be capital and must contains minimum 3 characters :
Wrong Input : Fist letter Should be capital and must contains minimum 3 characters :
Wrong Input : Fist letter Should be capital and must contains minimum 3 characters :
Wrong Input : Fist letter Should be capital and must contains minimum 3 characters :
Wrong Input : Fist letter Should be capital and must contains minimum 3 characters :
Wrong Input : Fist letter Should be capital and must contains minimum 3 characters :
Wrong Input : Fist letter Should be capital and must contains minimum 3 characters :
Wrong Input : Fist letter Should be capital and must contains minimum 3 characters :
Wrong Input : Fist letter Should be capital and must contains minimum 3 characters :
Wrong Input : Fist letter Should be capital and must contains minimum 3 characters :
Wrong Input : Fist letter Should be capital and must contains minimum 3 characters :
Wrong Input : Fist letter Should be capital and must contains minimum 3 characters :
Wrong Input : Fist letter Should be capital and must contains minimum 3 characters :
Wrong Input : Fist letter Should be capital and must contains minimum 3 characters :
Wrong Input : Fist letter Should be capital and must contains minimum 3 characters :
Wrong Input : Fist letter Should be capital and must contains minimum 3 characters :
Wrong Input : Fist letter Should be capital and must contains minimum 3 characters :
Wrong Input : Fist letter Should be capital and must contains minimum 3 characters :
Wrong Input : Fist letter Should be capital and must contains minimum 3 characters :
Wrong Input : Fist letter Should be capital and must contains minimum 3 characters :
Wrong Input : Fist letter Should be capital and must contains minimum 3 characters :
Wrong Input : Fist letter Should be capital and must contains minimum 3 characters :
Wrong Input : Fist letter Should be capital and must contains minimum 3 characters :
Wrong Input : Fist letter Should be capital and must contains minimum 3 characters :
Wrong Input : Fist letter Should be capital and must contains minimum 3 characters :
Wrong Input : Fist letter Should be capital and must contains minimum 3 characters :
Wrong Input : Fist letter Should be capital and must contains minimum 3 characters :
Wrong Input : Fist letter Should be capital and must contains minimum 3 characters :
Wrong Input : Fist letter Should be capital and must contains minimum 3 characters :
Wrong Input : Fist letter Should be capital and must contains minimum 3 characters :
Wrong Input : Fist letter Should be capital and must contains minimum 3 characters :
Wrong Input : Fist letter Should be capital and must contains minimum 3 characters :
Wrong Input : Fist letter Should be capital and must contains minimum 3 characters :
Wrong Input : Fist letter Should be capital and must contains minimum 3 characters :
Wrong Input : Fist letter Should be capital and must contains minimum 3 characters :
Wrong Input : Fist letter Should be capital and must contains minimum 3 characters :
Wrong Input : Fist letter Should be capital and must contains minimum 3 characters :
Wrong Input : Fist letter Should be capital and must contains minimum 3 characters :
Wrong Input : Fist letter Should be capital and must contains minimum 3 characters :
Wrong Input : Fist letter Should be capital and must contains minimum 3 characters :
Wrong Input : Fist letter Should be capital and must contains minimum 3 characters :
Wrong Input : Fist letter Should be capital and must contains minimum 3 characters :
Wrong Input : Fist letter Should be capital and must contains minimum 3 characters :
Wrong Input : Fist letter Should be capital and must contains minimum 3 characters :
Wrong Input : Fist letter Should be capital and must contains minimum 3 characters :
Wrong Input : Fist letter Should be capital and must contains minimum 3 characters :
Wrong Input : Fist letter Should be capital and must contains minimum 3 characters :
Wrong Input : Fist letter Should be capital and must contains minimum 3 characters :
Wrong Input : Fist letter Should be capital and must contains minimum 3 characters :
Wrong Input : Fist letter Should be capital and must contains minimum 3 characters :
Wrong Input : Fist letter Should be capital and must contains minimum 3 characters :
Wrong Input : Fist letter Should be capital and must contains minimum 3 characters :
Wrong Input : Fist letter Should be capital and must contains minimum 3 characters :
Wrong Input : Fist letter Should be capital and must contains minimum 3 characters :
Wrong Input : Fist letter Should be capital and must contains minimum 3 characters :
Wrong Input : Fist letter Should be capital and must contains minimum 3 characters :
Wrong Input : Fist letter Should be capital and must contains minimum 3 characters :
Wrong Input : Fist letter Should be capital and must contains minimum 3 characters :
Wrong Input : Fist letter Should be capital and must contains minimum 3 characters :
Wrong Input : Fist letter Should be capital and must contains minimum 3 characters :
Wrong Input : Fist letter Should be capital and must contains minimum 3 characters :
Wrong Input : Fist letter Should be capital and must contains minimum 3 characters :
Wrong Input : Fist letter Should be capital and must contains minimum 3 characters :
Wrong Input : Fist letter Should be capital and must contains minimum 3 characters :
Wrong Input : Fist letter Should be capital and must contains minimum 3 characters :
Wrong Input : Fist letter Should be capital and must contains minimum 3 characters :
Wrong Input : Fist letter Should be capital and must contains minimum 3 characters :
Wrong Input : Fist letter Should be capital and must contains minimum 3 characters :
Wrong Input : Fist letter Should be capital and must contains minimum 3 characters :
Wrong Input : Fist letter Should be capital and must contains minimum 3 characters :
Wrong Input : Fist letter Should be capital and must contains minimum 3 characters :
Wrong Input : Fist letter Should be capital and must contains minimum 3 characters :
Wrong Input : Fist letter Should be capital and must contains minimum 3 characters :
Wrong Input : Fist letter Should be capital and must contains minimum 3 characters :
Wrong Input : Fist letter Should be capital and must contains minimum 3 characters :
Wrong Input : Fist letter Should be capital and must contains minimum 3 characters :
Wrong Input : Fist letter Should be capital and must contains minimum 3 characters :
Wrong Input : Fist letter Should be capital and must contains minimum 3 characters :
Wrong Input : Fist letter Should be capital and must contains minimum 3 characters :
Wrong Input : Fist letter Should be capital and must contains minimum 3 characters :
Wrong Input : Fist letter Should be capital and must contains minimum 3 characters :
Wrong Input : Fist letter Should be capital and must contains minimum 3 characters :
Wrong Input : Fist letter Should be capital and must contains minimum 3 characters :
Wrong Input : Fist letter Should be capital and must contains minimum 3 characters :
Wrong Input : Fist letter Should be capital and must contains minimum 3 characters :
Wrong Input : Fist letter Should be capital and must contains minimum 3 characters :
Wrong Input : Fist letter Should be capital and must contains minimum 3 characters :
Wrong Input : Fist letter Should be capital and must contains minimum 3 characters :
Wrong Input : Fist letter Should be capital and must contains minimum 3 characters :
Wrong Input : Fist letter Should be capital and must contains minimum 3 characters :
Wrong Input : Fist letter Should be capital and must contains minimum 3 characters :
Wrong Input : Fist letter Should be capital and must contains minimum 3 characters :
Wrong Input : Fist letter Should be capital and must contains minimum 3 characters :
Wrong Input : Fist letter Should be capital and must contains minimum 3 characters :
Wrong Input : Fist letter Should be capital and must contains minimum 3 characters :
Wrong Input : Fist letter Should be capital and must contains minimum 3 characters :
Wrong Input : Fist letter Should be capital and must contains minimum 3 characters :
Wrong Input : Fist letter Should be capital and must contains minimum 3 characters :
Wrong Input : Fist letter Should be capital and must contains minimum 3 characters :
Wrong Input : Fist letter Should be capital and must contains minimum 3 characters :
Wrong Input : Fist letter Should be capital and must contains minimum 3 characters :
Wrong Input : Fist letter Should be capital and must contains minimum 3 characters :
Wrong Input : Fist letter Should be capital and must contains minimum 3 characters :
Wrong Input : Fist letter Should be capital and must contains minimum 3 characters :
Wrong Input : Fist letter Should be capital and must contains minimum 3 characters :
Wrong Input : Fist letter Should be capital and must contains minimum 3 characters :
Wrong Input : Fist letter Should be capital and must contains minimum 3 characters :
Wrong Input : Fist letter Should be capital and must contains minimum 3 characters :
Wrong Input : Fist letter Should be capital and must contains minimum 3 characters :
Wrong Input : Fist letter Should be capital and must contains minimum 3 characters :
Wrong Input : Fist letter Should be capital and must contains minimum 3 characters :
Wrong Input : Fist letter Should be capital and must contains minimum 3 characters :
Wrong Input : Fist letter Should be capital and must contains minimum 3 characters :
Wrong Input : Fist letter Should be capital and must contains minimum 3 characters :
Wrong Input : Fist letter Should be capital and must contains minimum 3 characters :
Wrong Input : Fist letter Should be capital and must contains minimum 3 characters :
Wrong Input : Fist letter Should be capital and must contains minimum 3 characters :
Wrong Input : Fist letter Should be capital and must contains minimum 3 characters :
Wrong Input : Fist letter Should be capital and must contains minimum 3 characters :
Wrong Input : Fist letter Should be capital and must contains minimum 3 characters :
Wrong Input : Fist letter Should be capital and must contains minimum 3 characters :
Wrong Input : Fist letter Should be capital and must contains minimum 3 characters :
Wrong Input : Fist letter Should be capital and must contains minimum 3 characters :
Wrong Input : Fist letter Should be capital and must contains minimum 3 characters :
Wrong Input : Fist letter Should be capital and must contains minimum 3 characters :
Wrong Input : Fist letter Should be capital and must contains minimum 3 characters :
Wrong Input : Fist letter Should be capital and must contains minimum 3 characters :
Wrong Input : Fist letter Should be capital and must contains minimum 3 characters :
Wrong Input : Fist letter Should be capital and must contains minimum 3 characters :
Wrong Input : Fist letter Should be capital and must contains minimum 3 characters :
Wrong Input : Fist letter Should be capital and must contains minimum 3 characters :
Wrong Input : Fist letter Should be capital and must contains minimum 3 characters :
Wrong Input : Fist letter Should be capital and must contains minimum 3 characters :
Wrong Input : Fist letter Should be capital and must contains minimum 3 characters :
Wrong Input : Fist letter Should be capital and must contains minimum 3 characters :
Wrong Input : Fist letter Should be capital and must contains minimum 3 characters :
Wrong Input : Fist letter Should be capital and must contains minimum 3 characters :
Wrong Input : Fist letter Should be capital and must contains minimum 3 characters :
Wrong Input : Fist letter Should be capital and must contains minimum 3 characters :
Wrong Input : Fist letter Should be capital and must contains minimum 3 characters :
Wrong Input : Fist letter Should be capital and must contains minimum 3 characters :
Wrong Input : Fist letter Should be capital and must contains minimum 3 characters :
Wrong Input : Fist letter Should be capital and must contains minimum 3 characters :
Wrong Input : Fist letter Should be capital and must contains minimum 3 characters :
Wrong Input : Fist letter Should be capital and must contains minimum 3 characters :
Wrong Input : Fist letter Should be capital and must contains minimum 3 characters :
Wrong Input : Fist letter Should be capital and must contains minimum 3 characters :
Wrong Input : Fist letter Should be capital and must contains minimum 3 characters :
Wrong Input : Fist letter Should be capital and must contains minimum 3 characters :
Wrong Input : Fist letter Should be capital and must contains minimum 3 characters :
Wrong Input : Fist letter Should be capital and must contains minimum 3 characters :
Wrong Input : Fist letter Should be capital and must contains minimum 3 characters :
Wrong Input : Fist letter Should be capital and must contains minimum 3 characters :
Wrong Input : Fist letter Should be capital and must contains minimum 3 characters :
Wrong Input : Fist letter Should be capital and must contains minimum 3 characters :
Wrong Input : Fist letter Should be capital and must contains minimum 3 characters :
Wrong Input : Fist letter Should be capital and must contains minimum 3 characters :
Wrong Input : Fist letter Should be capital and must contains minimum 3 characters :
Wrong Input : Fist letter Should be capital and must contains minimum 3 characters :
Wrong Input : Fist letter Should be capital and must contains minimum 3 characters :
Wrong Input : Fist letter Should be capital and must contains minimum 3 characters :
Wrong Input : Fist letter Should be capital and must contains minimum 3 characters :
Wrong Input : Fist letter Should be capital and must contains minimum 3 characters :
Wrong Input : Fist letter Should be capital and must contains minimum 3 characters :
Wrong Input : Fist letter Should be capital and must contains minimum 3 characters :
Wrong Input : Fist letter Should be capital and must contains minimum 3 characters :
Wrong Input : Fist letter Should be capital and must contains minimum 3 characters :
Wrong Input : Fist letter Should be capital and must contains minimum 3 characters :
Wrong Input : Fist letter Should be capital and must contains minimum 3 characters :
Wrong Input : Fist letter Should be capital and must contains minimum 3 characters :
Wrong Input : Fist letter Should be capital and must contains minimum 3 characters :
Wrong Input : Fist letter Should be capital and must contains minimum 3 characters :
Wrong Input : Fist letter Should be capital and must contains minimum 3 characters :
Wrong Input : Fist letter Should be capital and must contains minimum 3 characters :
Wrong Input : Fist letter Should be capital and must contains minimum 3 characters :
Wrong Input : Fist letter Should be capital and must contains minimum 3 characters :
Wrong Input : Fist letter Should be capital and must contains minimum 3 characters :
Wrong Input : Fist letter Should be capital and must contains minimum 3 characters :
Wrong Input : Fist letter Should be capital and must contains minimum 3 characters :
Wrong Input : Fist letter Should be capital and must contains minimum 3 characters :
Wrong Input : Fist letter Should be capital and must contains minimum 3 characters :
Wrong Input : Fist letter Should be capital and must contains minimum 3 characters :
Wrong Input : Fist letter Should be capital and must contains minimum 3 characters :
Wrong Input : Fist letter Should be capital and must contains minimum 3 characters :
Wrong Input : Fist letter Should be capital and must contains minimum 3 characters :
Wrong Input : Fist letter Should be capital and must contains minimum 3 characters :
Wrong Input : Fist letter Should be capital and must contains minimum 3 characters :
Wrong Input : Fist letter Should be capital and must contains minimum 3 characters :
Wrong Input : Fist letter Should be capital and must contains minimum 3 characters :
Wrong Input : Fist letter Should be capital and must contains minimum 3 characters :
Wrong Input : Fist letter Should be capital and must contains minimum 3 characters :
Wrong Input : Fist letter Should be capital and must contains minimum 3 characters :
Wrong Input : Fist letter Should be capital and must contains minimum 3 characters :
Wrong Input : Fist letter Should be capital and must contains minimum 3 characters :
Wrong Input : Fist letter Should be capital and must contains minimum 3 characters :
Wrong Input : Fist letter Should be capital and must contains minimum 3 characters :
Wrong Input : Fist letter Should be capital and must contains minimum 3 characters :
Wrong Input : Fist letter Should be capital and must contains minimum 3 characters :
Wrong Input : Fist letter Should be capital and must contains minimum 3 characters :
Wrong Input : Fist letter Should be capital and must contains minimum 3 characters :
Wrong Input : Fist letter Should be capital and must contains minimum 3 characters :
Wrong Input : Fist letter Should be capital and must contains minimum 3 characters :
Wrong Input : Fist letter Should be capital and must contains minimum 3 characters :
Wrong Input : Fist letter Should be capital and must contains minimum 3 characters :
Wrong Input : Fist letter Should be capital and must contains minimum 3 characters :
Wrong Input : Fist letter Should be capital and must contains minimum 3 characters :
Wrong Input : Fist letter Should be capital and must contains minimum 3 characters :
Wrong Input : Fist letter Should be capital and must contains minimum 3 characters :
Wrong Input : Fist letter Should be capital and must contains minimum 3 characters :
Wrong Input : Fist letter Should be capital and must contains minimum 3 characters :
Wrong Input : Fist letter Should be capital and must contains minimum 3 characters :
Wrong Input : Fist letter Should be capital and must contains minimum 3 characters :
Wrong Input : Fist letter Should be capital and must contains minimum 3 characters :
Wrong Input : Fist letter Should be capital and must contains minimum 3 characters :
Wrong Input : Fist letter Should be capital and must contains minimum 3 characters :
Wrong Input : Fist letter Should be capital and must contains minimum 3 characters :
Wrong Input : Fist letter Should be capital and must contains minimum 3 characters :
Wrong Input : Fist letter Should be capital and must contains minimum 3 characters :
Wrong Input : Fist letter Should be capital and must contains minimum 3 characters :
Wrong Input : Fist letter Should be capital and must contains minimum 3 characters :
Wrong Input : Fist letter Should be capital and must contains minimum 3 characters :
Wrong Input : Fist letter Should be capital and must contains minimum 3 characters :
Wrong Input : Fist letter Should be capital and must contains minimum 3 characters :
Wrong Input : Fist letter Should be capital and must contains minimum 3 characters :
Wrong Input : Fist letter Should be capital and must contains minimum 3 characters :
Wrong Input : Fist letter Should be capital and must contains minimum 3 characters :
Wrong Input : Fist letter Should be capital and must contains minimum 3 characters :
Wrong Input : Fist letter Should be capital and must contains minimum 3 characters :
Wrong Input : Fist letter Should be capital and must contains minimum 3 characters :
Wrong Input : Fist letter Should be capital and must contains minimum 3 characters :
Wrong Input : Fist letter Should be capital and must contains minimum 3 characters :
Wrong Input : Fist letter Should be capital and must contains minimum 3 characters :
Wrong Input : Fist letter Should be capital and must contains minimum 3 characters :
Wrong Input : Fist letter Should be capital and must contains minimum 3 characters :
Wrong Input : Fist letter Should be capital and must contains minimum 3 characters :
Wrong Input : Fist letter Should be capital and must contains minimum 3 characters :
Wrong Input : Fist letter Should be capital and must contains minimum 3 characters :
Wrong Input : Fist letter Should be capital and must contains minimum 3 characters :
Wrong Input : Fist letter Should be capital and must contains minimum 3 characters :
Wrong Input : Fist letter Should be capital and must contains minimum 3 characters :
Wrong Input : Fist letter Should be capital and must contains minimum 3 characters :
Wrong Input : Fist letter Should be capital and must contains minimum 3 characters :
Wrong Input : Fist letter Should be capital and must contains minimum 3 characters :
Wrong Input : Fist letter Should be capital and must contains minimum 3 characters :
Wrong Input : Fist letter Should be capital and must contains minimum 3 characters :
Wrong Input : Fist letter Should be capital and must contains minimum 3 characters :
Wrong Input : Fist letter Should be capital and must contains minimum 3 characters :
Wrong Input : Fist letter Should be capital and must contains minimum 3 characters :
Wrong Input : Fist letter Should be capital and must contains minimum 3 characters :
Wrong Input : Fist letter Should be capital and must contains minimum 3 characters :
Wrong Input : Fist letter Should be capital and must contains minimum 3 characters :
Wrong Input : Fist letter Should be capital and must contains minimum 3 characters :
Wrong Input : Fist letter Should be capital and must contains minimum 3 characters :
Wrong Input : Fist letter Should be capital and must contains minimum 3 characters :
Wrong Input : Fist letter Should be capital and must contains minimum 3 characters :
Wrong Input : Fist letter Should be capital and must contains minimum 3 characters :
Wrong Input : Fist letter Should be capital and must contains minimum 3 characters :
Wrong Input : Fist letter Should be capital and must contains minimum 3 characters :
Wrong Input : Fist letter Should be capital and must contains minimum 3 characters :
Wrong Input : Fist letter Should be capital and must contains minimum 3 characters :
Wrong Input : Fist letter Should be capital and must contains minimum 3 characters :
Wrong Input : Fist letter Should be capital and must contains minimum 3 characters :
Wrong Input : Fist letter Should be capital and must contains minimum 3 characters :
Wrong Input : Fist letter Should be capital and must contains minimum 3 characters :
Wrong Input : Fist letter Should be capital and must contains minimum 3 characters :
Wrong Input : Fist letter Should be capital and must contains minimum 3 characters :
Wrong Input : Fist letter Should be capital and must contains minimum 3 characters :
Wrong Input : Fist letter Should be capital and must contains minimum 3 characters :
Wrong Input : Fist letter Should be capital and must contains minimum 3 characters :
Wrong Input : Fist letter Should be capital and must contains minimum 3 characters :
Wrong Input : Fist letter Should be capital and must contains minimum 3 characters :
Wrong Input : Fist letter Should be capital and must contains minimum 3 characters :
Wrong Input : Fist letter Should be capital and must contains minimum 3 characters :
Wrong Input : Fist letter Should be capital and must contains minimum 3 characters :
Wrong Input : Fist letter Should be capital and must contains minimum 3 characters :
Wrong Input : Fist letter Should be capital and must contains minimum 3 characters :
Wrong Input : Fist letter Should be capital and must contains minimum 3 characters :
Wrong Input : Fist letter Should be capital and must contains minimum 3 characters :
Wrong Input : Fist letter Should be capital and must contains minimum 3 characters :
Wrong Input : Fist letter Should be capital and must contains minimum 3 characters :
Wrong Input : Fist letter Should be capital and must contains minimum 3 characters :
Wrong Input : Fist letter Should be capital and must contains minimum 3 characters :
Wrong Input : Fist letter Should be capital and must contains minimum 3 characters :
Wrong Input : Fist letter Should be capital and must contains minimum 3 characters :
Wrong Input : Fist letter Should be capital and must contains minimum 3 characters :
Wrong Input : Fist letter Should be capital and must contains minimum 3 characters :
Wrong Input : Fist letter Should be capital and must contains minimum 3 characters :
Wrong Input : Fist letter Should be capital and must contains minimum 3 characters :
Wrong Input : Fist letter Should be capital and must contains minimum 3 characters :
Wrong Input : Fist letter Should be capital and must contains minimum 3 characters :
Wrong Input : Fist letter Should be capital and must contains minimum 3 characters :
Wrong Input : Fist letter Should be capital and must contains minimum 3 characters :
Wrong Input : Fist letter Should be capital and must contains minimum 3 characters :
Wrong Input : Fist letter Should be capital and must contains minimum 3 characters :
Wrong Input : Fist letter Should be capital and must contains minimum 3 characters :
Wrong Input : Fist letter Should be capital and must contains minimum 3 characters :
Wrong Input : Fist letter Should be capital and must contains minimum 3 characters :
Wrong Input : Fist letter Should be capital and must contains minimum 3 characters :
Wrong Input : Fist letter Should be capital and must contains minimum 3 characters :
Wrong Input : Fist letter Should be capital and must contains minimum 3 characters :
Wrong Input : Fist letter Should be capital and must contains minimum 3 characters :
Wrong Input : Fist letter Should be capital and must contains minimum 3 characters :
Wrong Input : Fist letter Should be capital and must contains minimum 3 characters :
Wrong Input : Fist letter Should be capital and must contains minimum 3 characters :
Wrong Input : Fist letter Should be capital and must contains minimum 3 characters :
Wrong Input : Fist letter Should be capital and must contains minimum 3 characters :
Wrong Input : Fist letter Should be capital and must contains minimum 3 characters :
Wrong Input : Fist letter Should be capital and must contains minimum 3 characters :
Wrong Input : Fist letter Should be capital and must contains minimum 3 characters :
Wrong Input : Fist letter Should be capital and must contains minimum 3 characters :
Wrong Input : Fist letter Should be capital and must contains minimum 3 characters :
Wrong Input : Fist letter Should be capital and must contains minimum 3 characters :
Wrong Input : Fist letter Should be capital and must contains minimum 3 characters :
Wrong Input : Fist letter Should be capital and must contains minimum 3 characters :
Wrong Input : Fist letter Should be capital and must contains minimum 3 characters :
Wrong Input : Fist letter Should be capital and must contains minimum 3 characters :
Wrong Input : Fist letter Should be capital and must contains minimum 3 characters :
Wrong Input : Fist letter Should be capital and must contains minimum 3 characters :
Wrong Input : Fist letter Should be capital and must contains minimum 3 characters :
Wrong Input : Fist letter Should be capital and must contains minimum 3 characters :
Wrong Input : Fist letter Should be capital and must contains minimum 3 characters :
Wrong Input : Fist letter Should be capital and must contains minimum 3 characters :
Wrong Input : Fist letter Should be capital and must contains minimum 3 characters :
Wrong Input : Fist letter Should be capital and must contains minimum 3 characters :
Wrong Input : Fist letter Should be capital and must contains minimum 3 characters :
Wrong Input : Fist letter Should be capital and must contains minimum 3 characters :
Wrong Input : Fist letter Should be capital and must contains minimum 3 characters :
Wrong Input : Fist letter Should be capital and must contains minimum 3 characters :
Wrong Input : Fist letter Should be capital and must contains minimum 3 characters :
Wrong Input : Fist letter Should be capital and must contains minimum 3 characters :
Wrong Input : Fist letter Should be capital and must contains minimum 3 characters :
Wrong Input : Fist letter Should be capital and must contains minimum 3 characters :
Wrong Input : Fist letter Should be capital and must contains minimum 3 characters :
Wrong Input : Fist letter Should be capital and must contains minimum 3 characters :
Wrong Input : Fist letter Should be capital and must contains minimum 3 characters :
Wrong Input : Fist letter Should be capital and must contains minimum 3 characters :
Wrong Input : Fist letter Should be capital and must contains minimum 3 characters :
Wrong Input : Fist letter Should be capital and must contains minimum 3 characters :
Wrong Input : Fist letter Should be capital and must contains minimum 3 characters :
Wrong Input : Fist letter Should be capital and must contains minimum 3 characters :
Wrong Input : Fist letter Should be capital and must contains minimum 3 characters :
Wrong Input : Fist letter Should be capital and must contains minimum 3 characters :
Wrong Input : Fist letter Should be capital and must contains minimum 3 characters :
Wrong Input : Fist letter Should be capital and must contains minimum 3 characters :
Wrong Input : Fist letter Should be capital and must contains minimum 3 characters :
Wrong Input : Fist letter Should be capital and must contains minimum 3 characters :
Wrong Input : Fist letter Should be capital and must contains minimum 3 characters :
Wrong Input : Fist letter Should be capital and must contains minimum 3 characters :
Wrong Input : Fist letter Should be capital and must contains minimum 3 characters :
Wrong Input : Fist letter Should be capital and must contains minimum 3 characters :
Wrong Input : Fist letter Should be capital and must contains minimum 3 characters :
Wrong Input : Fist letter Should be capital and must contains minimum 3 characters :
Wrong Input : Fist letter Should be capital and must contains minimum 3 characters :
Wrong Input : Fist letter Should be capital and must contains minimum 3 characters :
Wrong Input : Fist letter Should be capital and must contains minimum 3 characters :
Wrong Input : Fist letter Should be capital and must contains minimum 3 characters :
Wrong Input : Fist letter Should be capital and must contains minimum 3 characters :
Wrong Input : Fist letter Should be capital and must contains minimum 3 characters :
Wrong Input : Fist letter Should be capital and must contains minimum 3 characters :
Wrong Input : Fist letter Should be capital and must contains minimum 3 characters :
Wrong Input : Fist letter Should be capital and must contains minimum 3 characters :
Wrong Input : Fist letter Should be capital and must contains minimum 3 characters :
Wrong Input : Fist letter Should be capital and must contains minimum 3 characters :
Wrong Input : Fist letter Should be capital and must contains minimum 3 characters :
Wrong Input : Fist letter Should be capital and must contains minimum 3 characters :
Wrong Input : Fist letter Should be capital and must contains minimum 3 characters :
Wrong Input : Fist letter Should be capital and must contains minimum 3 characters :
Wrong Input : Fist letter Should be capital and must contains minimum 3 characters :
Wrong Input : Fist letter Should be capital and must contains minimum 3 characters :
Wrong Input : Fist letter Should be capital and must contains minimum 3 characters :
Wrong Input : Fist letter Should be capital and must contains minimum 3 characters :
Wrong Input : Fist letter Should be capital and must contains minimum 3 characters :
Wrong Input : Fist letter Should be capital and must contains minimum 3 characters :
Wrong Input : Fist letter Should be capital and must contains minimum 3 characters :
Wrong Input : Fist letter Should be capital and must contains minimum 3 characters :
Wrong Input : Fist letter Should be capital and must contains minimum 3 characters :
Wrong Input : Fist letter Should be capital and must contains minimum 3 characters :
Wrong Input : Fist letter Should be capital and must contains minimum 3 characters :
Wrong Input : Fist letter Should be capital and must contains minimum 3 characters :
Wrong Input : Fist letter Should be capital and must contains minimum 3 characters :
Wrong Input : Fist letter Should be capital and must contains minimum 3 characters :
Wrong Input : Fist letter Should be capital and must contains minimum 3 characters :
Wrong Input : Fist letter Should be capital and must contains minimum 3 characters :
Wrong Input : Fist letter Should be capital and must contains minimum 3 characters :
Wrong Input : Fist letter Should be capital and must contains minimum 3 characters :
Wrong Input : Fist letter Should be capital and must contains minimum 3 characters :
Wrong Input : Fist letter Should be capital and must contains minimum 3 characters :
Wrong Input : Fist letter Should be capital and must contains minimum 3 characters :
Wrong Input : Fist letter Should be capital and must contains minimum 3 characters :
Wrong Input : Fist letter Should be capital and must contains minimum 3 characters :
Wrong Input : Fist letter Should be capital and must contains minimum 3 characters :
Wrong Input : Fist letter Should be capital and must contains minimum 3 characters :
Wrong Input : Fist letter Should be capital and must contains minimum 3 characters :
Wrong Input : Fist letter Should be capital and must contains minimum 3 characters :
Wrong Input : Fist letter Should be capital and must contains minimum 3 characters :
Wrong Input : Fist letter Should be capital and must contains minimum 3 characters :
Wrong Input : Fist letter Should be capital and must contains minimum 3 characters :
Wrong Input : Fist letter Should be capital and must contains minimum 3 characters :
Wrong Input : Fist letter Should be capital and must contains minimum 3 characters :
Wrong Input : Fist letter Should be capital and must contains minimum 3 characters :
Wrong Input : Fist letter Should be capital and must contains minimum 3 characters :
Wrong Input : Fist letter Should be capital and must contains minimum 3 characters :
Wrong Input : Fist letter Should be capital and must contains minimum 3 characters :
Wrong Input : Fist letter Should be capital and must contains minimum 3 characters :
Wrong Input : Fist letter Should be capital and must contains minimum 3 characters :
Wrong Input : Fist letter Should be capital and must contains minimum 3 characters :
Wrong Input : Fist letter Should be capital and must contains minimum 3 characters :
Wrong Input : Fist letter Should be capital and must contains minimum 3 characters :
Wrong Input : Fist letter Should be capital and must contains minimum 3 characters :
Wrong Input : Fist letter Should be capital and must contains minimum 3 characters :
Wrong Input : Fist letter Should be capital and must contains minimum 3 characters :
Wrong Input : Fist letter Should be capital and must contains minimum 3 characters :
Wrong Input : Fist letter Should be capital and must contains minimum 3 characters :
Wrong Input : Fist letter Should be capital and must contains minimum 3 characters :
Wrong Input : Fist letter Should be capital and must contains minimum 3 characters :
Wrong Input : Fist letter Should be capital and must contains minimum 3 characters :
Wrong Input : Fist letter Should be capital and must contains minimum 3 characters :
Wrong Input : Fist letter Should be capital and must contains minimum 3 characters :
Wrong Input : Fist letter Should be capital and must contains minimum 3 characters :
Wrong Input : Fist letter Should be capital and must contains minimum 3 characters :
Wrong Input : Fist letter Should be capital and must contains minimum 3 characters :
Wrong Input : Fist letter Should be capital and must contains minimum 3 characters :
Wrong Input : Fist letter Should be capital and must contains minimum 3 characters :
Wrong Input : Fist letter Should be capital and must contains minimum 3 characters :
Wrong Input : Fist letter Should be capital and must contains minimum 3 characters :
Wrong Input : Fist letter Should be capital and must contains minimum 3 characters :
Wrong Input : Fist letter Should be capital and must contains minimum 3 characters :
Wrong Input : Fist letter Should be capital and must contains minimum 3 characters :
Wrong Input : Fist letter Should be capital and must contains minimum 3 characters :
Wrong Input : Fist letter Should be capital and must contains minimum 3 characters :
Wrong Input : Fist letter Should be capital and must contains minimum 3 characters :
Wrong Input : Fist letter Should be capital and must contains minimum 3 characters :
Wrong Input : Fist letter Should be capital and must contains minimum 3 characters :
Wrong Input : Fist letter Should be capital and must contains minimum 3 characters :
Wrong Input : Fist letter Should be capital and must contains minimum 3 characters :
Wrong Input : Fist letter Should be capital and must contains minimum 3 characters :
Wrong Input : Fist letter Should be capital and must contains minimum 3 characters :
Wrong Input : Fist letter Should be capital and must contains minimum 3 characters :
Wrong Input : Fist letter Should be capital and must contains minimum 3 characters :
Wrong Input : Fist letter Should be capital and must contains minimum 3 characters :
Wrong Input : Fist letter Should be capital and must contains minimum 3 characters :
Wrong Input : Fist letter Should be capital and must contains minimum 3 characters :
Wrong Input : Fist letter Should be capital and must contains minimum 3 characters :
Wrong Input : Fist letter Should be capital and must contains minimum 3 characters :
Wrong Input : Fist letter Should be capital and must contains minimum 3 characters :
Wrong Input : Fist letter Should be capital and must contains minimum 3 characters :
Wrong Input : Fist letter Should be capital and must contains minimum 3 characters :
Wrong Input : Fist letter Should be capital and must contains minimum 3 characters :
Wrong Input : Fist letter Should be capital and must contains minimum 3 characters :
Wrong Input : Fist letter Should be capital and must contains minimum 3 characters :
Wrong Input : Fist letter Should be capital and must contains minimum 3 characters :
Wrong Input : Fist letter Should be capital and must contains minimum 3 characters :
Wrong Input : Fist letter Should be capital and must contains minimum 3 characters :
Wrong Input : Fist letter Should be capital and must contains minimum 3 characters :
Wrong Input : Fist letter Should be capital and must contains minimum 3 characters :
Wrong Input : Fist letter Should be capital and must contains minimum 3 characters :
Wrong Input : Fist letter Should be capital and must contains minimum 3 characters :
Wrong Input : Fist letter Should be capital and must contains minimum 3 characters :
Wrong Input : Fist letter Should be capital and must contains minimum 3 characters :
Wrong Input : Fist letter Should be capital and must contains minimum 3 characters :
Wrong Input : Fist letter Should be capital and must contains minimum 3 characters :
Wrong Input : Fist letter Should be capital and must contains minimum 3 characters :
Wrong Input : Fist letter Should be capital and must contains minimum 3 characters :
Wrong Input : Fist letter Should be capital and must contains minimum 3 characters :
Wrong Input : Fist letter Should be capital and must contains minimum 3 characters :
Wrong Input : Fist letter Should be capital and must contains minimum 3 characters :
Wrong Input : Fist letter Should be capital and must contains minimum 3 characters :
Wrong Input : Fist letter Should be capital and must contains minimum 3 characters :
Wrong Input : Fist letter Should be capital and must contains minimum 3 characters :
Wrong Input : Fist letter Should be capital and must contains minimum 3 characters :
Wrong Input : Fist letter Should be capital and must contains minimum 3 characters :
Wrong Input : Fist letter Should be capital and must contains minimum 3 characters :
Wrong Input : Fist letter Should be capital and must contains minimum 3 characters :
Wrong Input : Fist letter Should be capital and must contains minimum 3 characters :
Wrong Input : Fist letter Should be capital and must contains minimum 3 characters :
Wrong Input : Fist letter Should be capital and must contains minimum 3 characters :
Wrong Input : Fist letter Should be capital and must contains minimum 3 characters :
Wrong Input : Fist letter Should be capital and must contains minimum 3 characters :
Wrong Input : Fist letter Should be capital and must contains minimum 3 characters :
Wrong Input : Fist letter Should be capital and must contains minimum 3 characters :
Wrong Input : Fist letter Should be capital and must contains minimum 3 characters :
Wrong Input : Fist letter Should be capital and must contains minimum 3 characters :
Wrong Input : Fist letter Should be capital and must contains minimum 3 characters :
Wrong Input : Fist letter Should be capital and must contains minimum 3 characters :
Wrong Input : Fist letter Should be capital and must contains minimum 3 characters :
Wrong Input : Fist letter Should be capital and must contains minimum 3 characters :
Wrong Input : Fist letter Should be capital and must contains minimum 3 characters :
Wrong Input : Fist letter Should be capital and must contains minimum 3 characters :
Wrong Input : Fist letter Should be capital and must contains minimum 3 characters :
Wrong Input : Fist letter Should be capital and must contains minimum 3 characters :
Wrong Input : Fist letter Should be capital and must contains minimum 3 characters :
Wrong Input : Fist letter Should be capital and must contains minimum 3 characters :
Wrong Input : Fist letter Should be capital and must contains minimum 3 characters :
Wrong Input : Fist letter Should be capital and must contains minimum 3 characters :
Wrong Input : Fist letter Should be capital and must contains minimum 3 characters :
Wrong Input : Fist letter Should be capital and must contains minimum 3 characters :
Wrong Input : Fist letter Should be capital and must contains minimum 3 characters :
Wrong Input : Fist letter Should be capital and must contains minimum 3 characters :
Wrong Input : Fist letter Should be capital and must contains minimum 3 characters :
Wrong Input : Fist letter Should be capital and must contains minimum 3 characters :
Wrong Input : Fist letter Should be capital and must contains minimum 3 characters :
Wrong Input : Fist letter Should be capital and must contains minimum 3 characters :
Wrong Input : Fist letter Should be capital and must contains minimum 3 characters :
Wrong Input : Fist letter Should be capital and must contains minimum 3 characters :
Wrong Input : Fist letter Should be capital and must contains minimum 3 characters :
Wrong Input : Fist letter Should be capital and must contains minimum 3 characters :
Wrong Input : Fist letter Should be capital and must contains minimum 3 characters :
Wrong Input : Fist letter Should be capital and must contains minimum 3 characters :
Wrong Input : Fist letter Should be capital and must contains minimum 3 characters :
Wrong Input : Fist letter Should be capital and must contains minimum 3 characters :
Wrong Input : Fist letter Should be capital and must contains minimum 3 characters :
Wrong Input : Fist letter Should be capital and must contains minimum 3 characters :
Wrong Input : Fist letter Should be capital and must contains minimum 3 characters :
Wrong Input : Fist letter Should be capital and must contains minimum 3 characters :
Wrong Input : Fist letter Should be capital and must contains minimum 3 characters :
Wrong Input : Fist letter Should be capital and must contains minimum 3 characters :
Wrong Input : Fist letter Should be capital and must contains minimum 3 characters :
Wrong Input : Fist letter Should be capital and must contains minimum 3 characters :
Wrong Input : Fist letter Should be capital and must contains minimum 3 characters :
Wrong Input : Fist letter Should be capital and must contains minimum 3 characters :
Wrong Input : Fist letter Should be capital and must contains minimum 3 characters :
Wrong Input : Fist letter Should be capital and must contains minimum 3 characters :
Wrong Input : Fist letter Should be capital and must contains minimum 3 characters :
Wrong Input : Fist letter Should be capital and must contains minimum 3 characters :
Wrong Input : Fist letter Should be capital and must contains minimum 3 characters :
Wrong Input : Fist letter Should be capital and must contains minimum 3 characters :
Wrong Input : Fist letter Should be capital and must contains minimum 3 characters :
Wrong Input : Fist letter Should be capital and must contains minimum 3 characters :
Wrong Input : Fist letter Should be capital and must contains minimum 3 characters :
Wrong Input : Fist letter Should be capital and must contains minimum 3 characters :
Wrong Input : Fist letter Should be capital and must contains minimum 3 characters :
Wrong Input : Fist letter Should be capital and must contains minimum 3 characters :
Wrong Input : Fist letter Should be capital and must contains minimum 3 characters :
Wrong Input : Fist letter Should be capital and must contains minimum 3 characters :
Wrong Input : Fist letter Should be capital and must contains minimum 3 characters :
Wrong Input : Fist letter Should be capital and must contains minimum 3 characters :
Wrong Input : Fist letter Should be capital and must contains minimum 3 characters :
Wrong Input : Fist letter Should be capital and must contains minimum 3 characters :
Wrong Input : Fist letter Should be capital and must contains minimum 3 characters :
Wrong Input : Fist letter Should be capital and must contains minimum 3 characters :
Wrong Input : Fist letter Should be capital and must contains minimum 3 characters :
Wrong Input : Fist letter Should be capital and must contains minimum 3 characters :
Wrong Input : Fist letter Should be capital and must contains minimum 3 characters :
Wrong Input : Fist letter Should be capital and must contains minimum 3 characters :
Wrong Input : Fist letter Should be capital and must contains minimum 3 characters :
Wrong Input : Fist letter Should be capital and must contains minimum 3 characters :
Wrong Input : Fist letter Should be capital and must contains minimum 3 characters :
Wrong Input : Fist letter Should be capital and must contains minimum 3 characters :
Wrong Input : Fist letter Should be capital and must contains minimum 3 characters :
Wrong Input : Fist letter Should be capital and must contains minimum 3 characters :
Wrong Input : Fist letter Should be capital and must contains minimum 3 characters :
Wrong Input : Fist letter Should be capital and must contains minimum 3 characters :
Wrong Input : Fist letter Should be capital and must contains minimum 3 characters :
Wrong Input : Fist letter Should be capital and must contains minimum 3 characters :
Wrong Input : Fist letter Should be capital and must contains minimum 3 characters :
Wrong Input : Fist letter Should be capital and must contains minimum 3 characters :
Wrong Input : Fist letter Should be capital and must contains minimum 3 characters :
Wrong Input : Fist letter Should be capital and must contains minimum 3 characters :
Wrong Input : Fist letter Should be capital and must contains minimum 3 characters :
Wrong Input : Fist letter Should be capital and must contains minimum 3 characters :
Wrong Input : Fist letter Should be capital and must contains minimum 3 characters :
Wrong Input : Fist letter Should be capital and must contains minimum 3 characters :
Wrong Input : Fist letter Should be capital and must contains minimum 3 characters :
Wrong Input : Fist letter Should be capital and must contains minimum 3 characters :
Wrong Input : Fist letter Should be capital and must contains minimum 3 characters :
Wrong Input : Fist letter Should be capital and must contains minimum 3 characters :
Wrong Input : Fist letter Should be capital and must contains minimum 3 characters :
Wrong Input : Fist letter Should be capital and must contains minimum 3 characters :
Wrong Input : Fist letter Should be capital and must contains minimum 3 characters :
Wrong Input : Fist letter Should be capital and must contains minimum 3 characters :
Wrong Input : Fist letter Should be capital and must contains minimum 3 characters :
Wrong Input : Fist letter Should be capital and must contains minimum 3 characters :
Wrong Input : Fist letter Should be capital and must contains minimum 3 characters :
Wrong Input : Fist letter Should be capital and must contains minimum 3 characters :
Wrong Input : Fist letter Should be capital and must contains minimum 3 characters :
Wrong Input : Fist letter Should be capital and must contains minimum 3 characters :
Wrong Input : Fist letter Should be capital and must contains minimum 3 characters :
Wrong Input : Fist letter Should be capital and must contains minimum 3 characters :
Wrong Input : Fist letter Should be capital and must contains minimum 3 characters :
Wrong Input : Fist letter Should be capital and must contains minimum 3 characters :
Wrong Input : Fist letter Should be capital and must contains minimum 3 characters :
Wrong Input : Fist letter Should be capital and must contains minimum 3 characters :
Wrong Input : Fist letter Should be capital and must contains minimum 3 characters :
Wrong Input : Fist letter Should be capital and must contains minimum 3 characters :
Wrong Input : Fist letter Should be capital and must contains minimum 3 characters :
Wrong Input : Fist letter Should be capital and must contains minimum 3 characters :
Wrong Input : Fist letter Should be capital and must contains minimum 3 characters :
Wrong Input : Fist letter Should be capital and must contains minimum 3 characters :
Wrong Input : Fist letter Should be capital and must contains minimum 3 characters :
Wrong Input : Fist letter Should be capital and must contains minimum 3 characters :
Wrong Input : Fist letter Should be capital and must contains minimum 3 characters :
Wrong Input : Fist letter Should be capital and must contains minimum 3 characters :
Wrong Input : Fist letter Should be capital and must contains minimum 3 characters :
Wrong Input : Fist letter Should be capital and must contains minimum 3 characters :
Wrong Input : Fist letter Should be capital and must contains minimum 3 characters :
Wrong Input : Fist letter Should be capital and must contains minimum 3 characters :
Wrong Input : Fist letter Should be capital and must contains minimum 3 characters :
Wrong Input : Fist letter Should be capital and must contains minimum 3 characters :
Wrong Input : Fist letter Should be capital and must contains minimum 3 characters :
Wrong Input : Fist letter Should be capital and must contains minimum 3 characters :
Wrong Input : Fist letter Should be capital and must contains minimum 3 characters :
Wrong Input : Fist letter Should be capital and must contains minimum 3 characters :
Wrong Input : Fist letter Should be capital and must contains minimum 3 characters :
Wrong Input : Fist letter Should be capital and must contains minimum 3 characters :
Wrong Input : Fist letter Should be capital and must contains minimum 3 characters :
Wrong Input : Fist letter Should be capital and must contains minimum 3 characters :
Wrong Input : Fist letter Should be capital and must contains minimum 3 characters :
Wrong Input : Fist letter Should be capital and must contains minimum 3 characters :
Wrong Input : Fist letter Should be capital and must contains minimum 3 characters :
Wrong Input : Fist letter Should be capital and must contains minimum 3 characters :
Wrong Input : Fist letter Should be capital and must contains minimum 3 characters :
Wrong Input : Fist letter Should be capital and must contains minimum 3 characters :
Wrong Input : Fist letter Should be capital and must contains minimum 3 characters :
Wrong Input : Fist letter Should be capital and must contains minimum 3 characters :
Wrong Input : Fist letter Should be capital and must contains minimum 3 characters :
Wrong Input : Fist letter Should be capital and must contains minimum 3 characters :
Wrong Input : Fist letter Should be capital and must contains minimum 3 characters :
Wrong Input : Fist letter Should be capital and must contains minimum 3 characters :
Wrong Input : Fist letter Should be capital and must contains minimum 3 characters :
Wrong Input : Fist letter Should be capital and must contains minimum 3 characters :
Wrong Input : Fist letter Should be capital and must contains minimum 3 characters :
Wrong Input : Fist letter Should be capital and must contains minimum 3 characters :
Wrong Input : Fist letter Should be capital and must contains minimum 3 characters :
Wrong Input : Fist letter Should be capital and must contains minimum 3 characters :
Wrong Input : Fist letter Should be capital and must contains minimum 3 characters :
Wrong Input : Fist letter Should be capital and must contains minimum 3 characters :
Wrong Input : Fist letter Should be capital and must contains minimum 3 characters :
Wrong Input : Fist letter Should be capital and must contains minimum 3 characters :
Wrong Input : Fist letter Should be capital and must contains minimum 3 characters :
Wrong Input : Fist letter Should be capital and must contains minimum 3 characters :
Wrong Input : Fist letter Should be capital and must contains minimum 3 characters :
Wrong Input : Fist letter Should be capital and must contains minimum 3 characters :
Wrong Input : Fist letter Should be capital and must contains minimum 3 characters :
Wrong Input : Fist letter Should be capital and must contains minimum 3 characters :
Wrong Input : Fist letter Should be capital and must contains minimum 3 characters :
Wrong Input : Fist letter Should be capital and must contains minimum 3 characters :
Wrong Input : Fist letter Should be capital and must contains minimum 3 characters :
Wrong Input : Fist letter Should be capital and must contains minimum 3 characters :
Wrong Input : Fist letter Should be capital and must contains minimum 3 characters :
Wrong Input : Fist letter Should be capital and must contains minimum 3 characters :
Wrong Input : Fist letter Should be capital and must contains minimum 3 characters :
Wrong Input : Fist letter Should be capital and must contains minimum 3 characters :
Wrong Input : Fist letter Should be capital and must contains minimum 3 characters :
Wrong Input : Fist letter Should be capital and must contains minimum 3 characters :
Wrong Input : Fist letter Should be capital and must contains minimum 3 characters :
Wrong Input : Fist letter Should be capital and must contains minimum 3 characters :
Wrong Input : Fist letter Should be capital and must contains minimum 3 characters :
Wrong Input : Fist letter Should be capital and must contains minimum 3 characters :
Wrong Input : Fist letter Should be capital and must contains minimum 3 characters :
Wrong Input : Fist letter Should be capital and must contains minimum 3 characters :
Wrong Input : Fist letter Should be capital and must contains minimum 3 characters :
Wrong Input : Fist letter Should be capital and must contains minimum 3 characters :
Wrong Input : Fist letter Should be capital and must contains minimum 3 characters :
Wrong Input : Fist letter Should be capital and must contains minimum 3 characters :
Wrong Input : Fist letter Should be capital and must contains minimum 3 characters :
Wrong Input : Fist letter Should be capital and must contains minimum 3 characters :
Wrong Input : Fist letter Should be capital and must contains minimum 3 characters :
Wrong Input : Fist letter Should be capital and must contains minimum 3 characters :
Wrong Input : Fist letter Should be capital and must contains minimum 3 characters :
Wrong Input : Fist letter Should be capital and must contains minimum 3 characters :
Wrong Input : Fist letter Should be capital and must contains minimum 3 characters :
Wrong Input : Fist letter Should be capital and must contains minimum 3 characters :
Wrong Input : Fist letter Should be capital and must contains minimum 3 characters :
Wrong Input : Fist letter Should be capital and must contains minimum 3 characters :
Wrong Input : Fist letter Should be capital and must contains minimum 3 characters :
Wrong Input : Fist letter Should be capital and must contains minimum 3 characters :
Wrong Input : Fist letter Should be capital and must contains minimum 3 characters :
Wrong Input : Fist letter Should be capital and must contains minimum 3 characters :
Wrong Input : Fist letter Should be capital and must contains minimum 3 characters :
Wrong Input : Fist letter Should be capital and must contains minimum 3 characters :
Wrong Input : Fist letter Should be capital and must contains minimum 3 characters :
Wrong Input : Fist letter Should be capital and must contains minimum 3 characters :
Wrong Input : Fist letter Should be capital and must contains minimum 3 characters :
Wrong Input : Fist letter Should be capital and must contains minimum 3 characters :
Wrong Input : Fist letter Should be capital and must contains minimum 3 characters :
Wrong Input : Fist letter Should be capital and must contains minimum 3 characters :
Wrong Input : Fist letter Should be capital and must contains minimum 3 characters :
Wrong Input : Fist letter Should be capital and must contains minimum 3 characters :
Wrong Input : Fist letter Should be capital and must contains minimum 3 characters :
Wrong Input : Fist letter Should be capital and must contains minimum 3 characters :
Wrong Input : Fist letter Should be capital and must contains minimum 3 characters :
Wrong Input : Fist letter Should be capital and must contains minimum 3 characters :
Wrong Input : Fist letter Should be capital and must contains minimum 3 characters :
Wrong Input : Fist letter Should be capital and must contains minimum 3 characters :
Wrong Input : Fist letter Should be capital and must contains minimum 3 characters :
Wrong Input : Fist letter Should be capital and must contains minimum 3 characters :
Wrong Input : Fist letter Should be capital and must contains minimum 3 characters :
Wrong Input : Fist letter Should be capital and must contains minimum 3 characters :
Wrong Input : Fist letter Should be capital and must contains minimum 3 characters :
Wrong Input : Fist letter Should be capital and must contains minimum 3 characters :
Wrong Input : Fist letter Should be capital and must contains minimum 3 characters :
Wrong Input : Fist letter Should be capital and must contains minimum 3 characters :
Wrong Input : Fist letter Should be capital and must contains minimum 3 characters :
Wrong Input : Fist letter Should be capital and must contains minimum 3 characters :
Wrong Input : Fist letter Should be capital and must contains minimum 3 characters :
Wrong Input : Fist letter Should be capital and must contains minimum 3 characters :
Wrong Input : Fist letter Should be capital and must contains minimum 3 characters :
Wrong Input : Fist letter Should be capital and must contains minimum 3 characters :
Wrong Input : Fist letter Should be capital and must contains minimum 3 characters :
Wrong Input : Fist letter Should be capital and must contains minimum 3 characters :
Wrong Input : Fist letter Should be capital and must contains minimum 3 characters :
Wrong Input : Fist letter Should be capital and must contains minimum 3 characters :
Wrong Input : Fist letter Should be capital and must contains minimum 3 characters :
Wrong Input : Fist letter Should be capital and must contains minimum 3 characters :
Wrong Input : Fist letter Should be capital and must contains minimum 3 characters :
Wrong Input : Fist letter Should be capital and must contains minimum 3 characters :
Wrong Input : Fist letter Should be capital and must contains minimum 3 characters :
Wrong Input : Fist letter Should be capital and must contains minimum 3 characters :
Wrong Input : Fist letter Should be capital and must contains minimum 3 characters :
Wrong Input : Fist letter Should be capital and must contains minimum 3 characters :
Wrong Input : Fist letter Should be capital and must contains minimum 3 characters :
Wrong Input : Fist letter Should be capital and must contains minimum 3 characters :
Wrong Input : Fist letter Should be capital and must contains minimum 3 characters :
Wrong Input : Fist letter Should be capital and must contains minimum 3 characters :
Wrong Input : Fist letter Should be capital and must contains minimum 3 characters :
Wrong Input : Fist letter Should be capital and must contains minimum 3 characters :
Wrong Input : Fist letter Should be capital and must contains minimum 3 characters :
Wrong Input : Fist letter Should be capital and must contains minimum 3 characters :
Wrong Input : Fist letter Should be capital and must contains minimum 3 characters :
Wrong Input : Fist letter Should be capital and must contains minimum 3 characters :
Wrong Input : Fist letter Should be capital and must contains minimum 3 characters :
Wrong Input : Fist letter Should be capital and must contains minimum 3 characters :
Wrong Input : Fist letter Should be capital and must contains minimum 3 characters :
Wrong Input : Fist letter Should be capital and must contains minimum 3 characters :
Wrong Input : Fist letter Should be capital and must contains minimum 3 characters :
Wrong Input : Fist letter Should be capital and must contains minimum 3 characters :
Wrong Input : Fist letter Should be capital and must contains minimum 3 characters :
Wrong Input : Fist letter Should be capital and must contains minimum 3 characters :
Wrong Input : Fist letter Should be capital and must contains minimum 3 characters :
Wrong Input : Fist letter Should be capital and must contains minimum 3 characters :
Wrong Input : Fist letter Should be capital and must contains minimum 3 characters :
Wrong Input : Fist letter Should be capital and must contains minimum 3 characters :
Wrong Input : Fist letter Should be capital and must contains minimum 3 characters :
Wrong Input : Fist letter Should be capital and must contains minimum 3 characters :
Wrong Input : Fist letter Should be capital and must contains minimum 3 characters :
Wrong Input : Fist letter Should be capital and must contains minimum 3 characters :
Wrong Input : Fist letter Should be capital and must contains minimum 3 characters :
Wrong Input : Fist letter Should be capital and must contains minimum 3 characters :
Wrong Input : Fist letter Should be capital and must contains minimum 3 characters :
Wrong Input : Fist letter Should be capital and must contains minimum 3 characters :
Wrong Input : Fist letter Should be capital and must contains minimum 3 characters :
Wrong Input : Fist letter Should be capital and must contains minimum 3 characters :
Wrong Input : Fist letter Should be capital and must contains minimum 3 characters :
Wrong Input : Fist letter Should be capital and must contains minimum 3 characters :
Wrong Input : Fist letter Should be capital and must contains minimum 3 characters :
Wrong Input : Fist letter Should be capital and must contains minimum 3 characters :
Wrong Input : Fist letter Should be capital and must contains minimum 3 characters :
Wrong Input : Fist letter Should be capital and must contains minimum 3 characters :
Wrong Input : Fist letter Should be capital and must contains minimum 3 characters :
Wrong Input : Fist letter Should be capital and must contains minimum 3 characters :
Wrong Input : Fist letter Should be capital and must contains minimum 3 characters :
Wrong Input : Fist letter Should be capital and must contains minimum 3 characters :
Wrong Input : Fist letter Should be capital and must contains minimum 3 characters :
Wrong Input : Fist letter Should be capital and must contains minimum 3 characters :
Wrong Input : Fist letter Should be capital and must contains minimum 3 characters :
Wrong Input : Fist letter Should be capital and must contains minimum 3 characters :
Wrong Input : Fist letter Should be capital and must contains minimum 3 characters :
Wrong Input : Fist letter Should be capital and must contains minimum 3 characters :
Wrong Input : Fist letter Should be capital and must contains minimum 3 characters :
Wrong Input : Fist letter Should be capital and must contains minimum 3 characters :
Wrong Input : Fist letter Should be capital and must contains minimum 3 characters :
Wrong Input : Fist letter Should be capital and must contains minimum 3 characters :
Wrong Input : Fist letter Should be capital and must contains minimum 3 characters :
Wrong Input : Fist letter Should be capital and must contains minimum 3 characters :
Wrong Input : Fist letter Should be capital and must contains minimum 3 characters :
Wrong Input : Fist letter Should be capital and must contains minimum 3 characters :
Wrong Input : Fist letter Should be capital and must contains minimum 3 characters :
Wrong Input : Fist letter Should be capital and must contains minimum 3 characters :
Wrong Input : Fist letter Should be capital and must contains minimum 3 characters :
Wrong Input : Fist letter Should be capital and must contains minimum 3 characters :
Wrong Input : Fist letter Should be capital and must contains minimum 3 characters :
Wrong Input : Fist letter Should be capital and must contains minimum 3 characters :
Wrong Input : Fist letter Should be capital and must contains minimum 3 characters :
Wrong Input : Fist letter Should be capital and must contains minimum 3 characters :
Wrong Input : Fist letter Should be capital and must contains minimum 3 characters :
Wrong Input : Fist letter Should be capital and must contains minimum 3 characters :
Wrong Input : Fist letter Should be capital and must contains minimum 3 characters :
Wrong Input : Fist letter Should be capital and must contains minimum 3 characters :
Wrong Input : Fist letter Should be capital and must contains minimum 3 characters :
Wrong Input : Fist letter Should be capital and must contains minimum 3 characters :
Wrong Input : Fist letter Should be capital and must contains minimum 3 characters :
Wrong Input : Fist letter Should be capital and must contains minimum 3 characters :
Wrong Input : Fist letter Should be capital and must contains minimum 3 characters :
Wrong Input : Fist letter Should be capital and must contains minimum 3 characters :
Wrong Input : Fist letter Should be capital and must contains minimum 3 characters :
Wrong Input : Fist letter Should be capital and must contains minimum 3 characters :
Wrong Input : Fist letter Should be capital and must contains minimum 3 characters :
Wrong Input : Fist letter Should be capital and must contains minimum 3 characters :
Wrong Input : Fist letter Should be capital and must contains minimum 3 characters :
Wrong Input : Fist letter Should be capital and must contains minimum 3 characters :
Wrong Input : Fist letter Should be capital and must contains minimum 3 characters :
Wrong Input : Fist letter Should be capital and must contains minimum 3 characters :
Wrong Input : Fist letter Should be capital and must contains minimum 3 characters :
Wrong Input : Fist letter Should be capital and must contains minimum 3 characters :
Wrong Input : Fist letter Should be capital and must contains minimum 3 characters :
Wrong Input : Fist letter Should be capital and must contains minimum 3 characters :
Wrong Input : Fist letter Should be capital and must contains minimum 3 characters :
Wrong Input : Fist letter Should be capital and must contains minimum 3 characters :
Wrong Input : Fist letter Should be capital and must contains minimum 3 characters :
Wrong Input : Fist letter Should be capital and must contains minimum 3 characters :
Wrong Input : Fist letter Should be capital and must contains minimum 3 characters :
Wrong Input : Fist letter Should be capital and must contains minimum 3 characters :
Wrong Input : Fist letter Should be capital and must contains minimum 3 characters :
Wrong Input : Fist letter Should be capital and must contains minimum 3 characters :
Wrong Input : Fist letter Should be capital and must contains minimum 3 characters :
Wrong Input : Fist letter Should be capital and must contains minimum 3 characters :
Wrong Input : Fist letter Should be capital and must contains minimum 3 characters :
Wrong Input : Fist letter Should be capital and must contains minimum 3 characters :
Wrong Input : Fist letter Should be capital and must contains minimum 3 characters :
Wrong Input : Fist letter Should be capital and must contains minimum 3 characters :
Wrong Input : Fist letter Should be capital and must contains minimum 3 characters :
Wrong Input : Fist letter Should be capital and must contains minimum 3 characters :
Wrong Input : Fist letter Should be capital and must contains minimum 3 characters :
Wrong Input : Fist letter Should be capital and must contains minimum 3 characters :
Wrong Input : Fist letter Should be capital and must contains minimum 3 characters :
Wrong Input : Fist letter Should be capital and must contains minimum 3 characters :
Wrong Input : Fist letter Should be capital and must contains minimum 3 characters :
Wrong Input : Fist letter Should be capital and must contains minimum 3 characters :
Wrong Input : Fist letter Should be capital and must contains minimum 3 characters :
Wrong Input : Fist letter Should be capital and must contains minimum 3 characters :
Wrong Input : Fist letter Should be capital and must contains minimum 3 characters :
Wrong Input : Fist letter Should be capital and must contains minimum 3 characters :
Wrong Input : Fist letter Should be capital and must contains minimum 3 characters :
Wrong Input : Fist letter Should be capital and must contains minimum 3 characters :
Wrong Input : Fist letter Should be capital and must contains minimum 3 characters :
Wrong Input : Fist letter Should be capital and must contains minimum 3 characters :
Wrong Input : Fist letter Should be capital and must contains minimum 3 characters :
Wrong Input : Fist letter Should be capital and must contains minimum 3 characters :
Wrong Input : Fist letter Should be capital and must contains minimum 3 characters :
Wrong Input : Fist letter Should be capital and must contains minimum 3 characters :
Wrong Input : Fist letter Should be capital and must contains minimum 3 characters :
Wrong Input : Fist letter Should be capital and must contains minimum 3 characters :
Wrong Input : Fist letter Should be capital and must contains minimum 3 characters :
Wrong Input : Fist letter Should be capital and must contains minimum 3 characters :
Wrong Input : Fist letter Should be capital and must contains minimum 3 characters :
Wrong Input : Fist letter Should be capital and must contains minimum 3 characters :
Wrong Input : Fist letter Should be capital and must contains minimum 3 characters :
Wrong Input : Fist letter Should be capital and must contains minimum 3 characters :
Wrong Input : Fist letter Should be capital and must contains minimum 3 characters :
Wrong Input : Fist letter Should be capital and must contains minimum 3 characters :
Wrong Input : Fist letter Should be capital and must contains minimum 3 characters :
Wrong Input : Fist letter Should be capital and must contains minimum 3 characters :
Wrong Input : Fist letter Should be capital and must contains minimum 3 characters :
Wrong Input : Fist letter Should be capital and must contains minimum 3 characters :
Wrong Input : Fist letter Should be capital and must contains minimum 3 characters :
Wrong Input : Fist letter Should be capital and must contains minimum 3 characters :
Wrong Input : Fist letter Should be capital and must contains minimum 3 characters :
Wrong Input : Fist letter Should be capital and must contains minimum 3 characters :
Wrong Input : Fist letter Should be capital and must contains minimum 3 characters :
Wrong Input : Fist letter Should be capital and must contains minimum 3 characters :
Wrong Input : Fist letter Should be capital and must contains minimum 3 characters :
Wrong Input : Fist letter Should be capital and must contains minimum 3 characters :
Wrong Input : Fist letter Should be capital and must contains minimum 3 characters :
Wrong Input : Fist letter Should be capital and must contains minimum 3 characters :
Wrong Input : Fist letter Should be capital and must contains minimum 3 characters :
Wrong Input : Fist letter Should be capital and must contains minimum 3 characters :
Wrong Input : Fist letter Should be capital and must contains minimum 3 characters :
Wrong Input : Fist letter Should be capital and must contains minimum 3 characters :
Wrong Input : Fist letter Should be capital and must contains minimum 3 characters :
Wrong Input : Fist letter Should be capital and must contains minimum 3 characters :
Wrong Input : Fist letter Should be capital and must contains minimum 3 characters :
Wrong Input : Fist letter Should be capital and must contains minimum 3 characters :
Wrong Input : Fist letter Should be capital and must contains minimum 3 characters :
Wrong Input : Fist letter Should be capital and must contains minimum 3 characters :
Wrong Input : Fist letter Should be capital and must contains minimum 3 characters :
Wrong Input : Fist letter Should be capital and must contains minimum 3 characters :
Wrong Input : Fist letter Should be capital and must contains minimum 3 characters :
Wrong Input : Fist letter Should be capital and must contains minimum 3 characters :
Wrong Input : Fist letter Should be capital and must contains minimum 3 characters :
Wrong Input : Fist letter Should be capital and must contains minimum 3 characters :
Wrong Input : Fist letter Should be capital and must contains minimum 3 characters :
Wrong Input : Fist letter Should be capital and must contains minimum 3 characters :
Wrong Input : Fist letter Should be capital and must contains minimum 3 characters :
Wrong Input : Fist letter Should be capital and must contains minimum 3 characters :
Wrong Input : Fist letter Should be capital and must contains minimum 3 characters :
Wrong Input : Fist letter Should be capital and must contains minimum 3 characters :
Wrong Input : Fist letter Should be capital and must contains minimum 3 characters :
Wrong Input : Fist letter Should be capital and must contains minimum 3 characters :
Wrong Input : Fist letter Should be capital and must contains minimum 3 characters :
Wrong Input : Fist letter Should be capital and must contains minimum 3 characters :
Wrong Input : Fist letter Should be capital and must contains minimum 3 characters :
Wrong Input : Fist letter Should be capital and must contains minimum 3 characters :
Wrong Input : Fist letter Should be capital and must contains minimum 3 characters :
Wrong Input : Fist letter Should be capital and must contains minimum 3 characters :
Wrong Input : Fist letter Should be capital and must contains minimum 3 characters :
Wrong Input : Fist letter Should be capital and must contains minimum 3 characters :
Wrong Input : Fist letter Should be capital and must contains minimum 3 characters :
Wrong Input : Fist letter Should be capital and must contains minimum 3 characters :
Wrong Input : Fist letter Should be capital and must contains minimum 3 characters :
Wrong Input : Fist letter Should be capital and must contains minimum 3 characters :
Wrong Input : Fist letter Should be capital and must contains minimum 3 characters :
Wrong Input : Fist letter Should be capital and must contains minimum 3 characters :
Wrong Input : Fist letter Should be capital and must contains minimum 3 characters :
Wrong Input : Fist letter Should be capital and must contains minimum 3 characters :
Wrong Input : Fist letter Should be capital and must contains minimum 3 characters :
Wrong Input : Fist letter Should be capital and must contains minimum 3 characters :
Wrong Input : Fist letter Should be capital and must contains minimum 3 characters :
Wrong Input : Fist letter Should be capital and must contains minimum 3 characters :
Wrong Input : Fist letter Should be capital and must contains minimum 3 characters :
Wrong Input : Fist letter Should be capital and must contains minimum 3 characters :
Wrong Input : Fist letter Should be capital and must contains minimum 3 characters :
Wrong Input : Fist letter Should be capital and must contains minimum 3 characters :
Wrong Input : Fist letter Should be capital and must contains minimum 3 characters :
Wrong Input : Fist letter Should be capital and must contains minimum 3 characters :
Wrong Input : Fist letter Should be capital and must contains minimum 3 characters :
Wrong Input : Fist letter Should be capital and must contains minimum 3 characters :
Wrong Input : Fist letter Should be capital and must contains minimum 3 characters :
Wrong Input : Fist letter Should be capital and must contains minimum 3 characters :
Wrong Input : Fist letter Should be capital and must contains minimum 3 characters :
Wrong Input : Fist letter Should be capital and must contains minimum 3 characters :
Wrong Input : Fist letter Should be capital and must contains minimum 3 characters :
Wrong Input : Fist letter Should be capital and must contains minimum 3 characters :
Wrong Input : Fist letter Should be capital and must contains minimum 3 characters :
Wrong Input : Fist letter Should be capital and must contains minimum 3 characters :
Wrong Input : Fist letter Should be capital and must contains minimum 3 characters :
Wrong Input : Fist letter Should be capital and must contains minimum 3 characters :
Wrong Input : Fist letter Should be capital and must contains minimum 3 characters :
Wrong Input : Fist letter Should be capital and must contains minimum 3 characters :
Wrong Input : Fist letter Should be capital and must contains minimum 3 characters :
Wrong Input : Fist letter Should be capital and must contains minimum 3 characters :
Wrong Input : Fist letter Should be capital and must contains minimum 3 characters :
Wrong Input : Fist letter Should be capital and must contains minimum 3 characters :
Wrong Input : Fist letter Should be capital and must contains minimum 3 characters :
Wrong Input : Fist letter Should be capital and must contains minimum 3 characters :
Wrong Input : Fist letter Should be capital and must contains minimum 3 characters :
Wrong Input : Fist letter Should be capital and must contains minimum 3 characters :
Wrong Input : Fist letter Should be capital and must contains minimum 3 characters :
Wrong Input : Fist letter Should be capital and must contains minimum 3 characters :
Wrong Input : Fist letter Should be capital and must contains minimum 3 characters :
Wrong Input : Fist letter Should be capital and must contains minimum 3 characters :
Wrong Input : Fist letter Should be capital and must contains minimum 3 characters :
Wrong Input : Fist letter Should be capital and must contains minimum 3 characters :
Wrong Input : Fist letter Should be capital and must contains minimum 3 characters :
Wrong Input : Fist letter Should be capital and must contains minimum 3 characters :
Wrong Input : Fist letter Should be capital and must contains minimum 3 characters :
Wrong Input : Fist letter Should be capital and must contains minimum 3 characters :
Wrong Input : Fist letter Should be capital and must contains minimum 3 characters :
Wrong Input : Fist letter Should be capital and must contains minimum 3 characters :
Wrong Input : Fist letter Should be capital and must contains minimum 3 characters :
Wrong Input : Fist letter Should be capital and must contains minimum 3 characters :
Wrong Input : Fist letter Should be capital and must contains minimum 3 characters :
Wrong Input : Fist letter Should be capital and must contains minimum 3 characters :
Wrong Input : Fist letter Should be capital and must contains minimum 3 characters :
Wrong Input : Fist letter Should be capital and must contains minimum 3 characters :
Wrong Input : Fist letter Should be capital and must contains minimum 3 characters :
Wrong Input : Fist letter Should be capital and must contains minimum 3 characters :
Wrong Input : Fist letter Should be capital and must contains minimum 3 characters :
Wrong Input : Fist letter Should be capital and must contains minimum 3 characters :
Wrong Input : Fist letter Should be capital and must contains minimum 3 characters :
Wrong Input : Fist letter Should be capital and must contains minimum 3 characters :
Wrong Input : Fist letter Should be capital and must contains minimum 3 characters :
Wrong Input : Fist letter Should be capital and must contains minimum 3 characters :
Wrong Input : Fist letter Should be capital and must contains minimum 3 characters :
Wrong Input : Fist letter Should be capital and must contains minimum 3 characters :
Wrong Input : Fist letter Should be capital and must contains minimum 3 characters :
Wrong Input : Fist letter Should be capital and must contains minimum 3 characters :
Wrong Input : Fist letter Should be capital and must contains minimum 3 characters :
Wrong Input : Fist letter Should be capital and must contains minimum 3 characters :
Wrong Input : Fist letter Should be capital and must contains minimum 3 characters :
Wrong Input : Fist letter Should be capital and must contains minimum 3 characters :
Wrong Input : Fist letter Should be capital and must contains minimum 3 characters :
Wrong Input : Fist letter Should be capital and must contains minimum 3 characters :
Wrong Input : Fist letter Should be capital and must contains minimum 3 characters :
Wrong Input : Fist letter Should be capital and must contains minimum 3 characters :
Wrong Input : Fist letter Should be capital and must contains minimum 3 characters :
Wrong Input : Fist letter Should be capital and must contains minimum 3 characters :
Wrong Input : Fist letter Should be capital and must contains minimum 3 characters :
Wrong Input : Fist letter Should be capital and must contains minimum 3 characters :
Wrong Input : Fist letter Should be capital and must contains minimum 3 characters :
Wrong Input : Fist letter Should be capital and must contains minimum 3 characters :
Wrong Input : Fist letter Should be capital and must contains minimum 3 characters :
Wrong Input : Fist letter Should be capital and must contains minimum 3 characters :
Wrong Input : Fist letter Should be capital and must contains minimum 3 characters :
Wrong Input : Fist letter Should be capital and must contains minimum 3 characters :
Wrong Input : Fist letter Should be capital and must contains minimum 3 characters :
Wrong Input : Fist letter Should be capital and must contains minimum 3 characters :
Wrong Input : Fist letter Should be capital and must contains minimum 3 characters :
Wrong Input : Fist letter Should be capital and must contains minimum 3 characters :
Wrong Input : Fist letter Should be capital and must contains minimum 3 characters :
Wrong Input : Fist letter Should be capital and must contains minimum 3 characters :
Wrong Input : Fist letter Should be capital and must contains minimum 3 characters :
Wrong Input : Fist letter Should be capital and must contains minimum 3 characters :
Wrong Input : Fist letter Should be capital and must contains minimum 3 characters :
Wrong Input : Fist letter Should be capital and must contains minimum 3 characters :
Wrong Input : Fist letter Should be capital and must contains minimum 3 characters :
Wrong Input : Fist letter Should be capital and must contains minimum 3 characters :
Wrong Input : Fist letter Should be capital and must contains minimum 3 characters :
Wrong Input : Fist letter Should be capital and must contains minimum 3 characters :
Wrong Input : Fist letter Should be capital and must contains minimum 3 characters :
Wrong Input : Fist letter Should be capital and must contains minimum 3 characters :
Wrong Input : Fist letter Should be capital and must contains minimum 3 characters :
Wrong Input : Fist letter Should be capital and must contains minimum 3 characters :
Wrong Input : Fist letter Should be capital and must contains minimum 3 characters :
Wrong Input : Fist letter Should be capital and must contains minimum 3 characters :
Wrong Input : Fist letter Should be capital and must contains minimum 3 characters :
Wrong Input : Fist letter Should be capital and must contains minimum 3 characters :
Wrong Input : Fist letter Should be capital and must contains minimum 3 characters :
Wrong Input : Fist letter Should be capital and must contains minimum 3 characters :
Wrong Input : Fist letter Should be capital and must contains minimum 3 characters :
Wrong Input : Fist letter Should be capital and must contains minimum 3 characters :
Wrong Input : Fist letter Should be capital and must contains minimum 3 characters :
Wrong Input : Fist letter Should be capital and must contains minimum 3 characters :
Wrong Input : Fist letter Should be capital and must contains minimum 3 characters :
Wrong Input : Fist letter Should be capital and must contains minimum 3 characters :
Wrong Input : Fist letter Should be capital and must contains minimum 3 characters :
Wrong Input : Fist letter Should be capital and must contains minimum 3 characters :
Wrong Input : Fist letter Should be capital and must contains minimum 3 characters :
Wrong Input : Fist letter Should be capital and must contains minimum 3 characters :
Wrong Input : Fist letter Should be capital and must contains minimum 3 characters :
Wrong Input : Fist letter Should be capital and must contains minimum 3 characters :
Wrong Input : Fist letter Should be capital and must contains minimum 3 characters :
Wrong Input : Fist letter Should be capital and must contains minimum 3 characters :
Wrong Input : Fist letter Should be capital and must contains minimum 3 characters :
Wrong Input : Fist letter Should be capital and must contains minimum 3 characters :
Wrong Input : Fist letter Should be capital and must contains minimum 3 characters :
Wrong Input : Fist letter Should be capital and must contains minimum 3 characters :
Wrong Input : Fist letter Should be capital and must contains minimum 3 characters :
Wrong Input : Fist letter Should be capital and must contains minimum 3 characters :
Wrong Input : Fist letter Should be capital and must contains minimum 3 characters :
Wrong Input : Fist letter Should be capital and must contains minimum 3 characters :
Wrong Input : Fist letter Should be capital and must contains minimum 3 characters :
Wrong Input : Fist letter Should be capital and must contains minimum 3 characters :
Wrong Input : Fist letter Should be capital and must contains minimum 3 characters :
Wrong Input : Fist letter Should be capital and must contains minimum 3 characters :
Wrong Input : Fist letter Should be capital and must contains minimum 3 characters :
Wrong Input : Fist letter Should be capital and must contains minimum 3 characters :
Wrong Input : Fist letter Should be capital and must contains minimum 3 characters :
Wrong Input : Fist letter Should be capital and must contains minimum 3 characters :
Wrong Input : Fist letter Should be capital and must contains minimum 3 characters :
Wrong Input : Fist letter Should be capital and must contains minimum 3 characters :
Wrong Input : Fist letter Should be capital and must contains minimum 3 characters :
Wrong Input : Fist letter Should be capital and must contains minimum 3 characters :
Wrong Input : Fist letter Should be capital and must contains minimum 3 characters :
Wrong Input : Fist letter Should be capital and must contains minimum 3 characters :
Wrong Input : Fist letter Should be capital and must contains minimum 3 characters :
Wrong Input : Fist letter Should be capital and must contains minimum 3 characters :
Wrong Input : Fist letter Should be capital and must contains minimum 3 characters :
Wrong Input : Fist letter Should be capital and must contains minimum 3 characters :
Wrong Input : Fist letter Should be capital and must contains minimum 3 characters :
Wrong Input : Fist letter Should be capital and must contains minimum 3 characters :
Wrong Input : Fist letter Should be capital and must contains minimum 3 characters :
Wrong Input : Fist letter Should be capital and must contains minimum 3 characters :
Wrong Input : Fist letter Should be capital and must contains minimum 3 characters :
Wrong Input : Fist letter Should be capital and must contains minimum 3 characters :
Wrong Input : Fist letter Should be capital and must contains minimum 3 characters :
Wrong Input : Fist letter Should be capital and must contains minimum 3 characters :
Wrong Input : Fist letter Should be capital and must contains minimum 3 characters :
Wrong Input : Fist letter Should be capital and must contains minimum 3 characters :
Wrong Input : Fist letter Should be capital and must contains minimum 3 characters :
Wrong Input : Fist letter Should be capital and must contains minimum 3 characters :
Wrong Input : Fist letter Should be capital and must contains minimum 3 characters :
Wrong Input : Fist letter Should be capital and must contains minimum 3 characters :
Wrong Input : Fist letter Should be capital and must contains minimum 3 characters :
Wrong Input : Fist letter Should be capital and must contains minimum 3 characters :
Wrong Input : Fist letter Should be capital and must contains minimum 3 characters :
Wrong Input : Fist letter Should be capital and must contains minimum 3 characters :
Wrong Input : Fist letter Should be capital and must contains minimum 3 characters :
Wrong Input : Fist letter Should be capital and must contains minimum 3 characters :
Wrong Input : Fist letter Should be capital and must contains minimum 3 characters :
Wrong Input : Fist letter Should be capital and must contains minimum 3 characters :
Wrong Input : Fist letter Should be capital and must contains minimum 3 characters :
Wrong Input : Fist letter Should be capital and must contains minimum 3 characters :
Wrong Input : Fist letter Should be capital and must contains minimum 3 characters :
Wrong Input : Fist letter Should be capital and must contains minimum 3 characters :
Wrong Input : Fist letter Should be capital and must contains minimum 3 characters :
Wrong Input : Fist letter Should be capital and must contains minimum 3 characters :
Wrong Input : Fist letter Should be capital and must contains minimum 3 characters :
Wrong Input : Fist letter Should be capital and must contains minimum 3 characters :
Wrong Input : Fist letter Should be capital and must contains minimum 3 characters :
Wrong Input : Fist letter Should be capital and must contains minimum 3 characters :
Wrong Input : Fist letter Should be capital and must contains minimum 3 characters :
Wrong Input : Fist letter Should be capital and must contains minimum 3 characters :
Wrong Input : Fist letter Should be capital and must contains minimum 3 characters :
Wrong Input : Fist letter Should be capital and must contains minimum 3 characters :
Wrong Input : Fist letter Should be capital and must contains minimum 3 characters :
Wrong Input : Fist letter Should be capital and must contains minimum 3 characters :
Wrong Input : Fist letter Should be capital and must contains minimum 3 characters :
Wrong Input : Fist letter Should be capital and must contains minimum 3 characters :
Wrong Input : Fist letter Should be capital and must contains minimum 3 characters :
Wrong Input : Fist letter Should be capital and must contains minimum 3 characters :
Wrong Input : Fist letter Should be capital and must contains minimum 3 characters :
Wrong Input : Fist letter Should be capital and must contains minimum 3 characters :
Wrong Input : Fist letter Should be capital and must contains minimum 3 characters :
Wrong Input : Fist letter Should be capital and must contains minimum 3 characters :
Wrong Input : Fist letter Should be capital and must contains minimum 3 characters :
Wrong Input : Fist letter Should be capital and must contains minimum 3 characters :
Wrong Input : Fist letter Should be capital and must contains minimum 3 characters :
Wrong Input : Fist letter Should be capital and must contains minimum 3 characters :
Wrong Input : Fist letter Should be capital and must contains minimum 3 characters :
Wrong Input : Fist letter Should be capital and must contains minimum 3 characters :
Wrong Input : Fist letter Should be capital and must contains minimum 3 characters :
Wrong Input : Fist letter Should be capital and must contains minimum 3 characters :
Wrong Input : Fist letter Should be capital and must contains minimum 3 characters :
Wrong Input : Fist letter Should be capital and must contains minimum 3 characters :
Wrong Input : Fist letter Should be capital and must contains minimum 3 characters :
Wrong Input : Fist letter Should be capital and must contains minimum 3 characters :
Wrong Input : Fist letter Should be capital and must contains minimum 3 characters :
Wrong Input : Fist letter Should be capital and must contains minimum 3 characters :
Wrong Input : Fist letter Should be capital and must contains minimum 3 characters :
Wrong Input : Fist letter Should be capital and must contains minimum 3 characters :
Wrong Input : Fist letter Should be capital and must contains minimum 3 characters :
Wrong Input : Fist letter Should be capital and must contains minimum 3 characters :
Wrong Input : Fist letter Should be capital and must contains minimum 3 characters :
Wrong Input : Fist letter Should be capital and must contains minimum 3 characters :
Wrong Input : Fist letter Should be capital and must contains minimum 3 characters :
Wrong Input : Fist letter Should be capital and must contains minimum 3 characters :
Wrong Input : Fist letter Should be capital and must contains minimum 3 characters :
Wrong Input : Fist letter Should be capital and must contains minimum 3 characters :
Wrong Input : Fist letter Should be capital and must contains minimum 3 characters :
Wrong Input : Fist letter Should be capital and must contains minimum 3 characters :
Wrong Input : Fist letter Should be capital and must contains minimum 3 characters :
Wrong Input : Fist letter Should be capital and must contains minimum 3 characters :
Wrong Input : Fist letter Should be capital and must contains minimum 3 characters :
Wrong Input : Fist letter Should be capital and must contains minimum 3 characters :
Wrong Input : Fist letter Should be capital and must contains minimum 3 characters :
Wrong Input : Fist letter Should be capital and must contains minimum 3 characters :
Wrong Input : Fist letter Should be capital and must contains minimum 3 characters :
Wrong Input : Fist letter Should be capital and must contains minimum 3 characters :
Wrong Input : Fist letter Should be capital and must contains minimum 3 characters :
Wrong Input : Fist letter Should be capital and must contains minimum 3 characters :
Wrong Input : Fist letter Should be capital and must contains minimum 3 characters :
Wrong Input : Fist letter Should be capital and must contains minimum 3 characters :
Wrong Input : Fist letter Should be capital and must contains minimum 3 characters :
Wrong Input : Fist letter Should be capital and must contains minimum 3 characters :
Wrong Input : Fist letter Should be capital and must contains minimum 3 characters :
Wrong Input : Fist letter Should be capital and must contains minimum 3 characters :
Wrong Input : Fist letter Should be capital and must contains minimum 3 characters :
Wrong Input : Fist letter Should be capital and must contains minimum 3 characters :
Wrong Input : Fist letter Should be capital and must contains minimum 3 characters :
Wrong Input : Fist letter Should be capital and must contains minimum 3 characters :
Wrong Input : Fist letter Should be capital and must contains minimum 3 characters :
Wrong Input : Fist letter Should be capital and must contains minimum 3 characters :
Wrong Input : Fist letter Should be capital and must contains minimum 3 characters :
Wrong Input : Fist letter Should be capital and must contains minimum 3 characters :
Wrong Input : Fist letter Should be capital and must contains minimum 3 characters :
Wrong Input : Fist letter Should be capital and must contains minimum 3 characters :
Wrong Input : Fist letter Should be capital and must contains minimum 3 characters :
Wrong Input : Fist letter Should be capital and must contains minimum 3 characters :
Wrong Input : Fist letter Should be capital and must contains minimum 3 characters :
Wrong Input : Fist letter Should be capital and must contains minimum 3 characters :
Wrong Input : Fist letter Should be capital and must contains minimum 3 characters :
Wrong Input : Fist letter Should be capital and must contains minimum 3 characters :
Wrong Input : Fist letter Should be capital and must contains minimum 3 characters :
Wrong Input : Fist letter Should be capital and must contains minimum 3 characters :
Wrong Input : Fist letter Should be capital and must contains minimum 3 characters :
Wrong Input : Fist letter Should be capital and must contains minimum 3 characters :
Wrong Input : Fist letter Should be capital and must contains minimum 3 characters :
Wrong Input : Fist letter Should be capital and must contains minimum 3 characters :
Wrong Input : Fist letter Should be capital and must contains minimum 3 characters :
Wrong Input : Fist letter Should be capital and must contains minimum 3 characters :
Wrong Input : Fist letter Should be capital and must contains minimum 3 characters :
Wrong Input : Fist letter Should be capital and must contains minimum 3 characters :
Wrong Input : Fist letter Should be capital and must contains minimum 3 characters :
Wrong Input : Fist letter Should be capital and must contains minimum 3 characters :
Wrong Input : Fist letter Should be capital and must contains minimum 3 characters :
Wrong Input : Fist letter Should be capital and must contains minimum 3 characters :
Wrong Input : Fist letter Should be capital and must contains minimum 3 characters :
Wrong Input : Fist letter Should be capital and must contains minimum 3 characters :
Wrong Input : Fist letter Should be capital and must contains minimum 3 characters :
Wrong Input : Fist letter Should be capital and must contains minimum 3 characters :
Wrong Input : Fist letter Should be capital and must contains minimum 3 characters :
Wrong Input : Fist letter Should be capital and must contains minimum 3 characters :
Wrong Input : Fist letter Should be capital and must contains minimum 3 characters :
Wrong Input : Fist letter Should be capital and must contains minimum 3 characters :
Wrong Input : Fist letter Should be capital and must contains minimum 3 characters :
Wrong Input : Fist letter Should be capital and must contains minimum 3 characters :
Wrong Input : Fist letter Should be capital and must contains minimum 3 characters :
Wrong Input : Fist letter Should be capital and must contains minimum 3 characters :
Wrong Input : Fist letter Should be capital and must contains minimum 3 characters :
Wrong Input : Fist letter Should be capital and must contains minimum 3 characters :
Wrong Input : Fist letter Should be capital and must contains minimum 3 characters :
Wrong Input : Fist letter Should be capital and must contains minimum 3 characters :
Wrong Input : Fist letter Should be capital and must contains minimum 3 characters :
Wrong Input : Fist letter Should be capital and must contains minimum 3 characters :
Wrong Input : Fist letter Should be capital and must contains minimum 3 characters :
Wrong Input : Fist letter Should be capital and must contains minimum 3 characters :
Wrong Input : Fist letter Should be capital and must contains minimum 3 characters :
Wrong Input : Fist letter Should be capital and must contains minimum 3 characters :
Wrong Input : Fist letter Should be capital and must contains minimum 3 characters :
Wrong Input : Fist letter Should be capital and must contains minimum 3 characters :
Wrong Input : Fist letter Should be capital and must contains minimum 3 characters :
Wrong Input : Fist letter Should be capital and must contains minimum 3 characters :
Wrong Input : Fist letter Should be capital and must contains minimum 3 characters :
Wrong Input : Fist letter Should be capital and must contains minimum 3 characters :
Wrong Input : Fist letter Should be capital and must contains minimum 3 characters :
Wrong Input : Fist letter Should be capital and must contains minimum 3 characters :
Wrong Input : Fist letter Should be capital and must contains minimum 3 characters :
Wrong Input : Fist letter Should be capital and must contains minimum 3 characters :
Wrong Input : Fist letter Should be capital and must contains minimum 3 characters :
Wrong Input : Fist letter Should be capital and must contains minimum 3 characters :
Wrong Input : Fist letter Should be capital and must contains minimum 3 characters :
Wrong Input : Fist letter Should be capital and must contains minimum 3 characters :
Wrong Input : Fist letter Should be capital and must contains minimum 3 characters :
Wrong Input : Fist letter Should be capital and must contains minimum 3 characters :
Wrong Input : Fist letter Should be capital and must contains minimum 3 characters :
Wrong Input : Fist letter Should be capital and must contains minimum 3 characters :
Wrong Input : Fist letter Should be capital and must contains minimum 3 characters :
Wrong Input : Fist letter Should be capital and must contains minimum 3 characters :
Wrong Input : Fist letter Should be capital and must contains minimum 3 characters :
Wrong Input : Fist letter Should be capital and must contains minimum 3 characters :
Wrong Input : Fist letter Should be capital and must contains minimum 3 characters :
Wrong Input : Fist letter Should be capital and must contains minimum 3 characters :
Wrong Input : Fist letter Should be capital and must contains minimum 3 characters :
Wrong Input : Fist letter Should be capital and must contains minimum 3 characters :
Wrong Input : Fist letter Should be capital and must contains minimum 3 characters :
Wrong Input : Fist letter Should be capital and must contains minimum 3 characters :
Wrong Input : Fist letter Should be capital and must contains minimum 3 characters :
Wrong Input : Fist letter Should be capital and must contains minimum 3 characters :
Wrong Input : Fist letter Should be capital and must contains minimum 3 characters :
Wrong Input : Fist letter Should be capital and must contains minimum 3 characters :
Wrong Input : Fist letter Should be capital and must contains minimum 3 characters :
Wrong Input : Fist letter Should be capital and must contains minimum 3 characters :
Wrong Input : Fist letter Should be capital and must contains minimum 3 characters :
Wrong Input : Fist letter Should be capital and must contains minimum 3 characters :
Wrong Input : Fist letter Should be capital and must contains minimum 3 characters :
Wrong Input : Fist letter Should be capital and must contains minimum 3 characters :
Wrong Input : Fist letter Should be capital and must contains minimum 3 characters :
Wrong Input : Fist letter Should be capital and must contains minimum 3 characters :
Wrong Input : Fist letter Should be capital and must contains minimum 3 characters :
Wrong Input : Fist letter Should be capital and must contains minimum 3 characters :
Wrong Input : Fist letter Should be capital and must contains minimum 3 characters :
Wrong Input : Fist letter Should be capital and must contains minimum 3 characters :
Wrong Input : Fist letter Should be capital and must contains minimum 3 characters :
Wrong Input : Fist letter Should be capital and must contains minimum 3 characters :
Wrong Input : Fist letter Should be capital and must contains minimum 3 characters :
Wrong Input : Fist letter Should be capital and must contains minimum 3 characters :
Wrong Input : Fist letter Should be capital and must contains minimum 3 characters :
Wrong Input : Fist letter Should be capital and must contains minimum 3 characters :
Wrong Input : Fist letter Should be capital and must contains minimum 3 characters :
Wrong Input : Fist letter Should be capital and must contains minimum 3 characters :
Wrong Input : Fist letter Should be capital and must contains minimum 3 characters :
Wrong Input : Fist letter Should be capital and must contains minimum 3 characters :
Wrong Input : Fist letter Should be capital and must contains minimum 3 characters :
Wrong Input : Fist letter Should be capital and must contains minimum 3 characters :
Wrong Input : Fist letter Should be capital and must contains minimum 3 characters :
Wrong Input : Fist letter Should be capital and must contains minimum 3 characters :
Wrong Input : Fist letter Should be capital and must contains minimum 3 characters :
Wrong Input : Fist letter Should be capital and must contains minimum 3 characters :
Wrong Input : Fist letter Should be capital and must contains minimum 3 characters :
Wrong Input : Fist letter Should be capital and must contains minimum 3 characters :
Wrong Input : Fist letter Should be capital and must contains minimum 3 characters :
Wrong Input : Fist letter Should be capital and must contains minimum 3 characters :
Wrong Input : Fist letter Should be capital and must contains minimum 3 characters :
Wrong Input : Fist letter Should be capital and must contains minimum 3 characters :
Wrong Input : Fist letter Should be capital and must contains minimum 3 characters :
Wrong Input : Fist letter Should be capital and must contains minimum 3 characters :
Wrong Input : Fist letter Should be capital and must contains minimum 3 characters :
Wrong Input : Fist letter Should be capital and must contains minimum 3 characters :
Wrong Input : Fist letter Should be capital and must contains minimum 3 characters :
Wrong Input : Fist letter Should be capital and must contains minimum 3 characters :
Wrong Input : Fist letter Should be capital and must contains minimum 3 characters :
Wrong Input : Fist letter Should be capital and must contains minimum 3 characters :
Wrong Input : Fist letter Should be capital and must contains minimum 3 characters :
Wrong Input : Fist letter Should be capital and must contains minimum 3 characters :
Wrong Input : Fist letter Should be capital and must contains minimum 3 characters :
Wrong Input : Fist letter Should be capital and must contains minimum 3 characters :
Wrong Input : Fist letter Should be capital and must contains minimum 3 characters :
Wrong Input : Fist letter Should be capital and must contains minimum 3 characters :
Wrong Input : Fist letter Should be capital and must contains minimum 3 characters :
Wrong Input : Fist letter Should be capital and must contains minimum 3 characters :
Wrong Input : Fist letter Should be capital and must contains minimum 3 characters :
Wrong Input : Fist letter Should be capital and must contains minimum 3 characters :
Wrong Input : Fist letter Should be capital and must contains minimum 3 characters :
Wrong Input : Fist letter Should be capital and must contains minimum 3 characters :
Wrong Input : Fist letter Should be capital and must contains minimum 3 characters :
Wrong Input : Fist letter Should be capital and must contains minimum 3 characters :
Wrong Input : Fist letter Should be capital and must contains minimum 3 characters :
Wrong Input : Fist letter Should be capital and must contains minimum 3 characters :
Wrong Input : Fist letter Should be capital and must contains minimum 3 characters :
Wrong Input : Fist letter Should be capital and must contains minimum 3 characters :
Wrong Input : Fist letter Should be capital and must contains minimum 3 characters :
Wrong Input : Fist letter Should be capital and must contains minimum 3 characters :
Wrong Input : Fist letter Should be capital and must contains minimum 3 characters :
Wrong Input : Fist letter Should be capital and must contains minimum 3 characters :
Wrong Input : Fist letter Should be capital and must contains minimum 3 characters :
Wrong Input : Fist letter Should be capital and must contains minimum 3 characters :
Wrong Input : Fist letter Should be capital and must contains minimum 3 characters :
Wrong Input : Fist letter Should be capital and must contains minimum 3 characters :
Wrong Input : Fist letter Should be capital and must contains minimum 3 characters :
Wrong Input : Fist letter Should be capital and must contains minimum 3 characters :
Wrong Input : Fist letter Should be capital and must contains minimum 3 characters :
Wrong Input : Fist letter Should be capital and must contains minimum 3 characters :
Wrong Input : Fist letter Should be capital and must contains minimum 3 characters :
Wrong Input : Fist letter Should be capital and must contains minimum 3 characters :
Wrong Input : Fist letter Should be capital and must contains minimum 3 characters :
Wrong Input : Fist letter Should be capital and must contains minimum 3 characters :
Wrong Input : Fist letter Should be capital and must contains minimum 3 characters :
Wrong Input : Fist letter Should be capital and must contains minimum 3 characters :
Wrong Input : Fist letter Should be capital and must contains minimum 3 characters :
Wrong Input : Fist letter Should be capital and must contains minimum 3 characters :
Wrong Input : Fist letter Should be capital and must contains minimum 3 characters :
Wrong Input : Fist letter Should be capital and must contains minimum 3 characters :
Wrong Input : Fist letter Should be capital and must contains minimum 3 characters :
Wrong Input : Fist letter Should be capital and must contains minimum 3 characters :
Wrong Input : Fist letter Should be capital and must contains minimum 3 characters :
Wrong Input : Fist letter Should be capital and must contains minimum 3 characters :
Wrong Input : Fist letter Should be capital and must contains minimum 3 characters :
Wrong Input : Fist letter Should be capital and must contains minimum 3 characters :
Wrong Input : Fist letter Should be capital and must contains minimum 3 characters :
Wrong Input : Fist letter Should be capital and must contains minimum 3 characters :
Wrong Input : Fist letter Should be capital and must contains minimum 3 characters :
Wrong Input : Fist letter Should be capital and must contains minimum 3 characters :
Wrong Input : Fist letter Should be capital and must contains minimum 3 characters :
Wrong Input : Fist letter Should be capital and must contains minimum 3 characters :
Wrong Input : Fist letter Should be capital and must contains minimum 3 characters :
Wrong Input : Fist letter Should be capital and must contains minimum 3 characters :
Wrong Input : Fist letter Should be capital and must contains minimum 3 characters :
Wrong Input : Fist letter Should be capital and must contains minimum 3 characters :
Wrong Input : Fist letter Should be capital and must contains minimum 3 characters :
Wrong Input : Fist letter Should be capital and must contains minimum 3 characters :
Wrong Input : Fist letter Should be capital and must contains minimum 3 characters :
Wrong Input : Fist letter Should be capital and must contains minimum 3 characters :
Wrong Input : Fist letter Should be capital and must contains minimum 3 characters :
Wrong Input : Fist letter Should be capital and must contains minimum 3 characters :
Wrong Input : Fist letter Should be capital and must contains minimum 3 characters :
Wrong Input : Fist letter Should be capital and must contains minimum 3 characters :
Wrong Input : Fist letter Should be capital and must contains minimum 3 characters :
Wrong Input : Fist letter Should be capital and must contains minimum 3 characters :
Wrong Input : Fist letter Should be capital and must contains minimum 3 characters :
Wrong Input : Fist letter Should be capital and must contains minimum 3 characters :
Wrong Input : Fist letter Should be capital and must contains minimum 3 characters :
Wrong Input : Fist letter Should be capital and must contains minimum 3 characters :
Wrong Input : Fist letter Should be capital and must contains minimum 3 characters :
Wrong Input : Fist letter Should be capital and must contains minimum 3 characters :
Wrong Input : Fist letter Should be capital and must contains minimum 3 characters :
Wrong Input : Fist letter Should be capital and must contains minimum 3 characters :
Wrong Input : Fist letter Should be capital and must contains minimum 3 characters :
Wrong Input : Fist letter Should be capital and must contains minimum 3 characters :
Wrong Input : Fist letter Should be capital and must contains minimum 3 characters :
Wrong Input : Fist letter Should be capital and must contains minimum 3 characters :
Wrong Input : Fist letter Should be capital and must contains minimum 3 characters :
Wrong Input : Fist letter Should be capital and must contains minimum 3 characters :
Wrong Input : Fist letter Should be capital and must contains minimum 3 characters :
Wrong Input : Fist letter Should be capital and must contains minimum 3 characters :
Wrong Input : Fist letter Should be capital and must contains minimum 3 characters :
Wrong Input : Fist letter Should be capital and must contains minimum 3 characters :
Wrong Input : Fist letter Should be capital and must contains minimum 3 characters :
Wrong Input : Fist letter Should be capital and must contains minimum 3 characters :
Wrong Input : Fist letter Should be capital and must contains minimum 3 characters :
Wrong Input : Fist letter Should be capital and must contains minimum 3 characters :
Wrong Input : Fist letter Should be capital and must contains minimum 3 characters :
Wrong Input : Fist letter Should be capital and must contains minimum 3 characters :
Wrong Input : Fist letter Should be capital and must contains minimum 3 characters :
Wrong Input : Fist letter Should be capital and must contains minimum 3 characters :
Wrong Input : Fist letter Should be capital and must contains minimum 3 characters :
Wrong Input : Fist letter Should be capital and must contains minimum 3 characters :
Wrong Input : Fist letter Should be capital and must contains minimum 3 characters :
Wrong Input : Fist letter Should be capital and must contains minimum 3 characters :
Wrong Input : Fist letter Should be capital and must contains minimum 3 characters :
Wrong Input : Fist letter Should be capital and must contains minimum 3 characters :
Wrong Input : Fist letter Should be capital and must contains minimum 3 characters :
Wrong Input : Fist letter Should be capital and must contains minimum 3 characters :
Wrong Input : Fist letter Should be capital and must contains minimum 3 characters :
Wrong Input : Fist letter Should be capital and must contains minimum 3 characters :
Wrong Input : Fist letter Should be capital and must contains minimum 3 characters :
Wrong Input : Fist letter Should be capital and must contains minimum 3 characters :
Wrong Input : Fist letter Should be capital and must contains minimum 3 characters :
Wrong Input : Fist letter Should be capital and must contains minimum 3 characters :
Wrong Input : Fist letter Should be capital and must contains minimum 3 characters :
Wrong Input : Fist letter Should be capital and must contains minimum 3 characters :
Wrong Input : Fist letter Should be capital and must contains minimum 3 characters :
Wrong Input : Fist letter Should be capital and must contains minimum 3 characters :
Wrong Input : Fist letter Should be capital and must contains minimum 3 characters :
Wrong Input : Fist letter Should be capital and must contains minimum 3 characters :
Wrong Input : Fist letter Should be capital and must contains minimum 3 characters :
Wrong Input : Fist letter Should be capital and must contains minimum 3 characters :
Wrong Input : Fist letter Should be capital and must contains minimum 3 characters :
Wrong Input : Fist letter Should be capital and must contains minimum 3 characters :
Wrong Input : Fist letter Should be capital and must contains minimum 3 characters :
Wrong Input : Fist letter Should be capital and must contains minimum 3 characters :
Wrong Input : Fist letter Should be capital and must contains minimum 3 characters :
Wrong Input : Fist letter Should be capital and must contains minimum 3 characters :
Wrong Input : Fist letter Should be capital and must contains minimum 3 characters :
Wrong Input : Fist letter Should be capital and must contains minimum 3 characters :
Wrong Input : Fist letter Should be capital and must contains minimum 3 characters :
Wrong Input : Fist letter Should be capital and must contains minimum 3 characters :
Wrong Input : Fist letter Should be capital and must contains minimum 3 characters :
Wrong Input : Fist letter Should be capital and must contains minimum 3 characters :
Wrong Input : Fist letter Should be capital and must contains minimum 3 characters :
Wrong Input : Fist letter Should be capital and must contains minimum 3 characters :
Wrong Input : Fist letter Should be capital and must contains minimum 3 characters :
Wrong Input : Fist letter Should be capital and must contains minimum 3 characters :
Wrong Input : Fist letter Should be capital and must contains minimum 3 characters :
Wrong Input : Fist letter Should be capital and must contains minimum 3 characters :
Wrong Input : Fist letter Should be capital and must contains minimum 3 characters :
Wrong Input : Fist letter Should be capital and must contains minimum 3 characters :
Wrong Input : Fist letter Should be capital and must contains minimum 3 characters :
Wrong Input : Fist letter Should be capital and must contains minimum 3 characters :
Wrong Input : Fist letter Should be capital and must contains minimum 3 characters :
Wrong Input : Fist letter Should be capital and must contains minimum 3 characters :
Wrong Input : Fist letter Should be capital and must contains minimum 3 characters :
Wrong Input : Fist letter Should be capital and must contains minimum 3 characters :
Wrong Input : Fist letter Should be capital and must contains minimum 3 characters :
Wrong Input : Fist letter Should be capital and must contains minimum 3 characters :
Wrong Input : Fist letter Should be capital and must contains minimum 3 characters :
Wrong Input : Fist letter Should be capital and must contains minimum 3 characters :
Wrong Input : Fist letter Should be capital and must contains minimum 3 characters :
Wrong Input : Fist letter Should be capital and must contains minimum 3 characters :
Wrong Input : Fist letter Should be capital and must contains minimum 3 characters :
Wrong Input : Fist letter Should be capital and must contains minimum 3 characters :
Wrong Input : Fist letter Should be capital and must contains minimum 3 characters :
Wrong Input : Fist letter Should be capital and must contains minimum 3 characters :
Wrong Input : Fist letter Should be capital and must contains minimum 3 characters :
Wrong Input : Fist letter Should be capital and must contains minimum 3 characters :
Wrong Input : Fist letter Should be capital and must contains minimum 3 characters :
Wrong Input : Fist letter Should be capital and must contains minimum 3 characters :
Wrong Input : Fist letter Should be capital and must contains minimum 3 characters :
Wrong Input : Fist letter Should be capital and must contains minimum 3 characters :
Wrong Input : Fist letter Should be capital and must contains minimum 3 characters :
Wrong Input : Fist letter Should be capital and must contains minimum 3 characters :
Wrong Input : Fist letter Should be capital and must contains minimum 3 characters :
Wrong Input : Fist letter Should be capital and must contains minimum 3 characters :
Wrong Input : Fist letter Should be capital and must contains minimum 3 characters :
Wrong Input : Fist letter Should be capital and must contains minimum 3 characters :
Wrong Input : Fist letter Should be capital and must contains minimum 3 characters :
Wrong Input : Fist letter Should be capital and must contains minimum 3 characters :
Wrong Input : Fist letter Should be capital and must contains minimum 3 characters :
Wrong Input : Fist letter Should be capital and must contains minimum 3 characters :
Wrong Input : Fist letter Should be capital and must contains minimum 3 characters :
Wrong Input : Fist letter Should be capital and must contains minimum 3 characters :
Wrong Input : Fist letter Should be capital and must contains minimum 3 characters :
Wrong Input : Fist letter Should be capital and must contains minimum 3 characters :
Wrong Input : Fist letter Should be capital and must contains minimum 3 characters :
Wrong Input : Fist letter Should be capital and must contains minimum 3 characters :
Wrong Input : Fist letter Should be capital and must contains minimum 3 characters :
Wrong Input : Fist letter Should be capital and must contains minimum 3 characters :
Wrong Input : Fist letter Should be capital and must contains minimum 3 characters :
Wrong Input : Fist letter Should be capital and must contains minimum 3 characters :
Wrong Input : Fist letter Should be capital and must contains minimum 3 characters :
Wrong Input : Fist letter Should be capital and must contains minimum 3 characters :
Wrong Input : Fist letter Should be capital and must contains minimum 3 characters :
Wrong Input : Fist letter Should be capital and must contains minimum 3 characters :
Wrong Input : Fist letter Should be capital and must contains minimum 3 characters :
Wrong Input : Fist letter Should be capital and must contains minimum 3 characters :
Wrong Input : Fist letter Should be capital and must contains minimum 3 characters :
Wrong Input : Fist letter Should be capital and must contains minimum 3 characters :
Wrong Input : Fist letter Should be capital and must contains minimum 3 characters :
Wrong Input : Fist letter Should be capital and must contains minimum 3 characters :
Wrong Input : Fist letter Should be capital and must contains minimum 3 characters :
Wrong Input : Fist letter Should be capital and must contains minimum 3 characters :
Wrong Input : Fist letter Should be capital and must contains minimum 3 characters :
Wrong Input : Fist letter Should be capital and must contains minimum 3 characters :
Wrong Input : Fist letter Should be capital and must contains minimum 3 characters :
Wrong Input : Fist letter Should be capital and must contains minimum 3 characters :
Wrong Input : Fist letter Should be capital and must contains minimum 3 characters :
Wrong Input : Fist letter Should be capital and must contains minimum 3 characters :
Wrong Input : Fist letter Should be capital and must contains minimum 3 characters :
Wrong Input : Fist letter Should be capital and must contains minimum 3 characters :
Wrong Input : Fist letter Should be capital and must contains minimum 3 characters :
Wrong Input : Fist letter Should be capital and must contains minimum 3 characters :
Wrong Input : Fist letter Should be capital and must contains minimum 3 characters :
Wrong Input : Fist letter Should be capital and must contains minimum 3 characters :
Wrong Input : Fist letter Should be capital and must contains minimum 3 characters :
Wrong Input : Fist letter Should be capital and must contains minimum 3 characters :
Wrong Input : Fist letter Should be capital and must contains minimum 3 characters :
Wrong Input : Fist letter Should be capital and must contains minimum 3 characters :
Wrong Input : Fist letter Should be capital and must contains minimum 3 characters :
Wrong Input : Fist letter Should be capital and must contains minimum 3 characters :
Wrong Input : Fist letter Should be capital and must contains minimum 3 characters :
Wrong Input : Fist letter Should be capital and must contains minimum 3 characters :
Wrong Input : Fist letter Should be capital and must contains minimum 3 characters :
Wrong Input : Fist letter Should be capital and must contains minimum 3 characters :
Wrong Input : Fist letter Should be capital and must contains minimum 3 characters :
Wrong Input : Fist letter Should be capital and must contains minimum 3 characters :
Wrong Input : Fist letter Should be capital and must contains minimum 3 characters :
Wrong Input : Fist letter Should be capital and must contains minimum 3 characters :
Wrong Input : Fist letter Should be capital and must contains minimum 3 characters :
Wrong Input : Fist letter Should be capital and must contains minimum 3 characters :
Wrong Input : Fist letter Should be capital and must contains minimum 3 characters :
Wrong Input : Fist letter Should be capital and must contains minimum 3 characters :
Wrong Input : Fist letter Should be capital and must contains minimum 3 characters :
Wrong Input : Fist letter Should be capital and must contains minimum 3 characters :
Wrong Input : Fist letter Should be capital and must contains minimum 3 characters :
Wrong Input : Fist letter Should be capital and must contains minimum 3 characters :
Wrong Input : Fist letter Should be capital and must contains minimum 3 characters :
Wrong Input : Fist letter Should be capital and must contains minimum 3 characters :
Wrong Input : Fist letter Should be capital and must contains minimum 3 characters :
Wrong Input : Fist letter Should be capital and must contains minimum 3 characters :
Wrong Input : Fist letter Should be capital and must contains minimum 3 characters :
Wrong Input : Fist letter Should be capital and must contains minimum 3 characters :
Wrong Input : Fist letter Should be capital and must contains minimum 3 characters :
Wrong Input : Fist letter Should be capital and must contains minimum 3 characters :
Wrong Input : Fist letter Should be capital and must contains minimum 3 characters :
Wrong Input : Fist letter Should be capital and must contains minimum 3 characters :
Wrong Input : Fist letter Should be capital and must contains minimum 3 characters :
Wrong Input : Fist letter Should be capital and must contains minimum 3 characters :
Wrong Input : Fist letter Should be capital and must contains minimum 3 characters :
Wrong Input : Fist letter Should be capital and must contains minimum 3 characters :
Wrong Input : Fist letter Should be capital and must contains minimum 3 characters :
Wrong Input : Fist letter Should be capital and must contains minimum 3 characters :
Wrong Input : Fist letter Should be capital and must contains minimum 3 characters :
Wrong Input : Fist letter Should be capital and must contains minimum 3 characters :
Wrong Input : Fist letter Should be capital and must contains minimum 3 characters :
Wrong Input : Fist letter Should be capital and must contains minimum 3 characters :
Wrong Input : Fist letter Should be capital and must contains minimum 3 characters :
Wrong Input : Fist letter Should be capital and must contains minimum 3 characters :
Wrong Input : Fist letter Should be capital and must contains minimum 3 characters :
Wrong Input : Fist letter Should be capital and must contains minimum 3 characters :
Wrong Input : Fist letter Should be capital and must contains minimum 3 characters :
Wrong Input : Fist letter Should be capital and must contains minimum 3 characters :
Wrong Input : Fist letter Should be capital and must contains minimum 3 characters :
Wrong Input : Fist letter Should be capital and must contains minimum 3 characters :
Wrong Input : Fist letter Should be capital and must contains minimum 3 characters :
Wrong Input : Fist letter Should be capital and must contains minimum 3 characters :
Wrong Input : Fist letter Should be capital and must contains minimum 3 characters :
Wrong Input : Fist letter Should be capital and must contains minimum 3 characters :
Wrong Input : Fist letter Should be capital and must contains minimum 3 characters :
Wrong Input : Fist letter Should be capital and must contains minimum 3 characters :
Wrong Input : Fist letter Should be capital and must contains minimum 3 characters :
Wrong Input : Fist letter Should be capital and must contains minimum 3 characters :
Wrong Input : Fist letter Should be capital and must contains minimum 3 characters :
Wrong Input : Fist letter Should be capital and must contains minimum 3 characters :
Wrong Input : Fist letter Should be capital and must contains minimum 3 characters :
Wrong Input : Fist letter Should be capital and must contains minimum 3 characters :
Wrong Input : Fist letter Should be capital and must contains minimum 3 characters :
Wrong Input : Fist letter Should be capital and must contains minimum 3 characters :
Wrong Input : Fist letter Should be capital and must contains minimum 3 characters :
Wrong Input : Fist letter Should be capital and must contains minimum 3 characters :
Wrong Input : Fist letter Should be capital and must contains minimum 3 characters :
Wrong Input : Fist letter Should be capital and must contains minimum 3 characters :
Wrong Input : Fist letter Should be capital and must contains minimum 3 characters :
Wrong Input : Fist letter Should be capital and must contains minimum 3 characters :
Wrong Input : Fist letter Should be capital and must contains minimum 3 characters :
Wrong Input : Fist letter Should be capital and must contains minimum 3 characters :
Wrong Input : Fist letter Should be capital and must contains minimum 3 characters :
Wrong Input : Fist letter Should be capital and must contains minimum 3 characters :
Wrong Input : Fist letter Should be capital and must contains minimum 3 characters :
Wrong Input : Fist letter Should be capital and must contains minimum 3 characters :
Wrong Input : Fist letter Should be capital and must contains minimum 3 characters :
Wrong Input : Fist letter Should be capital and must contains minimum 3 characters :
Wrong Input : Fist letter Should be capital and must contains minimum 3 characters :
Wrong Input : Fist letter Should be capital and must contains minimum 3 characters :
Wrong Input : Fist letter Should be capital and must contains minimum 3 characters :
Wrong Input : Fist letter Should be capital and must contains minimum 3 characters :
Wrong Input : Fist letter Should be capital and must contains minimum 3 characters :
Wrong Input : Fist letter Should be capital and must contains minimum 3 characters :
Wrong Input : Fist letter Should be capital and must contains minimum 3 characters :
Wrong Input : Fist letter Should be capital and must contains minimum 3 characters :
Wrong Input : Fist letter Should be capital and must contains minimum 3 characters :
Wrong Input : Fist letter Should be capital and must contains minimum 3 characters :
Wrong Input : Fist letter Should be capital and must contains minimum 3 characters :
Wrong Input : Fist letter Should be capital and must contains minimum 3 characters :
Wrong Input : Fist letter Should be capital and must contains minimum 3 characters :
Wrong Input : Fist letter Should be capital and must contains minimum 3 characters :
Wrong Input : Fist letter Should be capital and must contains minimum 3 characters :
Wrong Input : Fist letter Should be capital and must contains minimum 3 characters :
Wrong Input : Fist letter Should be capital and must contains minimum 3 characters :
Wrong Input : Fist letter Should be capital and must contains minimum 3 characters :
Wrong Input : Fist letter Should be capital and must contains minimum 3 characters :
Wrong Input : Fist letter Should be capital and must contains minimum 3 characters :
Wrong Input : Fist letter Should be capital and must contains minimum 3 characters :
Wrong Input : Fist letter Should be capital and must contains minimum 3 characters :
Wrong Input : Fist letter Should be capital and must contains minimum 3 characters :
Wrong Input : Fist letter Should be capital and must contains minimum 3 characters :
Wrong Input : Fist letter Should be capital and must contains minimum 3 characters :
Wrong Input : Fist letter Should be capital and must contains minimum 3 characters :
Wrong Input : Fist letter Should be capital and must contains minimum 3 characters :
Wrong Input : Fist letter Should be capital and must contains minimum 3 characters :
Wrong Input : Fist letter Should be capital and must contains minimum 3 characters :
Wrong Input : Fist letter Should be capital and must contains minimum 3 characters :
Wrong Input : Fist letter Should be capital and must contains minimum 3 characters :
Wrong Input : Fist letter Should be capital and must contains minimum 3 characters :
Wrong Input : Fist letter Should be capital and must contains minimum 3 characters :
Wrong Input : Fist letter Should be capital and must contains minimum 3 characters :
Wrong Input : Fist letter Should be capital and must contains minimum 3 characters :
Wrong Input : Fist letter Should be capital and must contains minimum 3 characters :
Wrong Input : Fist letter Should be capital and must contains minimum 3 characters :
Wrong Input : Fist letter Should be capital and must contains minimum 3 characters :
Wrong Input : Fist letter Should be capital and must contains minimum 3 characters :
Wrong Input : Fist letter Should be capital and must contains minimum 3 characters :
Wrong Input : Fist letter Should be capital and must contains minimum 3 characters :
Wrong Input : Fist letter Should be capital and must contains minimum 3 characters :
Wrong Input : Fist letter Should be capital and must contains minimum 3 characters :
Wrong Input : Fist letter Should be capital and must contains minimum 3 characters :
Wrong Input : Fist letter Should be capital and must contains minimum 3 characters :
Wrong Input : Fist letter Should be capital and must contains minimum 3 characters :
Wrong Input : Fist letter Should be capital and must contains minimum 3 characters :
Wrong Input : Fist letter Should be capital and must contains minimum 3 characters :
Wrong Input : Fist letter Should be capital and must contains minimum 3 characters :
Wrong Input : Fist letter Should be capital and must contains minimum 3 characters :
Wrong Input : Fist letter Should be capital and must contains minimum 3 characters :
Wrong Input : Fist letter Should be capital and must contains minimum 3 characters :
Wrong Input : Fist letter Should be capital and must contains minimum 3 characters :
Wrong Input : Fist letter Should be capital and must contains minimum 3 characters :
Wrong Input : Fist letter Should be capital and must contains minimum 3 characters :
Wrong Input : Fist letter Should be capital and must contains minimum 3 characters :
Wrong Input : Fist letter Should be capital and must contains minimum 3 characters :
Wrong Input : Fist letter Should be capital and must contains minimum 3 characters :
Wrong Input : Fist letter Should be capital and must contains minimum 3 characters :
Wrong Input : Fist letter Should be capital and must contains minimum 3 characters :
Wrong Input : Fist letter Should be capital and must contains minimum 3 characters :
Wrong Input : Fist letter Should be capital and must contains minimum 3 characters :
Wrong Input : Fist letter Should be capital and must contains minimum 3 characters :
Wrong Input : Fist letter Should be capital and must contains minimum 3 characters :
Wrong Input : Fist letter Should be capital and must contains minimum 3 characters :
Wrong Input : Fist letter Should be capital and must contains minimum 3 characters :
Wrong Input : Fist letter Should be capital and must contains minimum 3 characters :
Wrong Input : Fist letter Should be capital and must contains minimum 3 characters :
Wrong Input : Fist letter Should be capital and must contains minimum 3 characters :
Wrong Input : Fist letter Should be capital and must contains minimum 3 characters :
Wrong Input : Fist letter Should be capital and must contains minimum 3 characters :
Wrong Input : Fist letter Should be capital and must contains minimum 3 characters :
Wrong Input : Fist letter Should be capital and must contains minimum 3 characters :
Wrong Input : Fist letter Should be capital and must contains minimum 3 characters :
Wrong Input : Fist letter Should be capital and must contains minimum 3 characters :
Wrong Input : Fist letter Should be capital and must contains minimum 3 characters :
Wrong Input : Fist letter Should be capital and must contains minimum 3 characters :
Wrong Input : Fist letter Should be capital and must contains minimum 3 characters :
Wrong Input : Fist letter Should be capital and must contains minimum 3 characters :
Wrong Input : Fist letter Should be capital and must contains minimum 3 characters :
Wrong Input : Fist letter Should be capital and must contains minimum 3 characters :
Wrong Input : Fist letter Should be capital and must contains minimum 3 characters :
Wrong Input : Fist letter Should be capital and must contains minimum 3 characters :
Wrong Input : Fist letter Should be capital and must contains minimum 3 characters :
Wrong Input : Fist letter Should be capital and must contains minimum 3 characters :
Wrong Input : Fist letter Should be capital and must contains minimum 3 characters :
Wrong Input : Fist letter Should be capital and must contains minimum 3 characters :
Wrong Input : Fist letter Should be capital and must contains minimum 3 characters :
Wrong Input : Fist letter Should be capital and must contains minimum 3 characters :
Wrong Input : Fist letter Should be capital and must contains minimum 3 characters :
Wrong Input : Fist letter Should be capital and must contains minimum 3 characters :
Wrong Input : Fist letter Should be capital and must contains minimum 3 characters :
Wrong Input : Fist letter Should be capital and must contains minimum 3 characters :
Wrong Input : Fist letter Should be capital and must contains minimum 3 characters :
Wrong Input : Fist letter Should be capital and must contains minimum 3 characters :
Wrong Input : Fist letter Should be capital and must contains minimum 3 characters :
Wrong Input : Fist letter Should be capital and must contains minimum 3 characters :
Wrong Input : Fist letter Should be capital and must contains minimum 3 characters :
Wrong Input : Fist letter Should be capital and must contains minimum 3 characters :
Wrong Input : Fist letter Should be capital and must contains minimum 3 characters :
Wrong Input : Fist letter Should be capital and must contains minimum 3 characters :
Wrong Input : Fist letter Should be capital and must contains minimum 3 characters :
Wrong Input : Fist letter Should be capital and must contains minimum 3 characters :
Wrong Input : Fist letter Should be capital and must contains minimum 3 characters :
Wrong Input : Fist letter Should be capital and must contains minimum 3 characters :
Wrong Input : Fist letter Should be capital and must contains minimum 3 characters :
Wrong Input : Fist letter Should be capital and must contains minimum 3 characters :
Wrong Input : Fist letter Should be capital and must contains minimum 3 characters :
Wrong Input : Fist letter Should be capital and must contains minimum 3 characters :
Wrong Input : Fist letter Should be capital and must contains minimum 3 characters :
Wrong Input : Fist letter Should be capital and must contains minimum 3 characters :
Wrong Input : Fist letter Should be capital and must contains minimum 3 characters :
Wrong Input : Fist letter Should be capital and must contains minimum 3 characters :
Wrong Input : Fist letter Should be capital and must contains minimum 3 characters :
Wrong Input : Fist letter Should be capital and must contains minimum 3 characters :
Wrong Input : Fist letter Should be capital and must contains minimum 3 characters :
Wrong Input : Fist letter Should be capital and must contains minimum 3 characters :
Wrong Input : Fist letter Should be capital and must contains minimum 3 characters :
Wrong Input : Fist letter Should be capital and must contains minimum 3 characters :
Wrong Input : Fist letter Should be capital and must contains minimum 3 characters :
Wrong Input : Fist letter Should be capital and must contains minimum 3 characters :
Wrong Input : Fist letter Should be capital and must contains minimum 3 characters :
Wrong Input : Fist letter Should be capital and must contains minimum 3 characters :
Wrong Input : Fist letter Should be capital and must contains minimum 3 characters :
Wrong Input : Fist letter Should be capital and must contains minimum 3 characters :
Wrong Input : Fist letter Should be capital and must contains minimum 3 characters :
Wrong Input : Fist letter Should be capital and must contains minimum 3 characters :
Wrong Input : Fist letter Should be capital and must contains minimum 3 characters :
Wrong Input : Fist letter Should be capital and must contains minimum 3 characters :
Wrong Input : Fist letter Should be capital and must contains minimum 3 characters :
Wrong Input : Fist letter Should be capital and must contains minimum 3 characters :
Wrong Input : Fist letter Should be capital and must contains minimum 3 characters :
Wrong Input : Fist letter Should be capital and must contains minimum 3 characters :
Wrong Input : Fist letter Should be capital and must contains minimum 3 characters :
Wrong Input : Fist letter Should be capital and must contains minimum 3 characters :
Wrong Input : Fist letter Should be capital and must contains minimum 3 characters :
Wrong Input : Fist letter Should be capital and must contains minimum 3 characters :
Wrong Input : Fist letter Should be capital and must contains minimum 3 characters :
Wrong Input : Fist letter Should be capital and must contains minimum 3 characters :
Wrong Input : Fist letter Should be capital and must contains minimum 3 characters :
Wrong Input : Fist letter Should be capital and must contains minimum 3 characters :
Wrong Input : Fist letter Should be capital and must contains minimum 3 characters :
Wrong Input : Fist letter Should be capital and must contains minimum 3 characters :
Wrong Input : Fist letter Should be capital and must contains minimum 3 characters :
Wrong Input : Fist letter Should be capital and must contains minimum 3 characters :
Wrong Input : Fist letter Should be capital and must contains minimum 3 characters :
Wrong Input : Fist letter Should be capital and must contains minimum 3 characters :
Wrong Input : Fist letter Should be capital and must contains minimum 3 characters :
Wrong Input : Fist letter Should be capital and must contains minimum 3 characters :
Wrong Input : Fist letter Should be capital and must contains minimum 3 characters :
Wrong Input : Fist letter Should be capital and must contains minimum 3 characters :
Wrong Input : Fist letter Should be capital and must contains minimum 3 characters :
Wrong Input : Fist letter Should be capital and must contains minimum 3 characters :
Wrong Input : Fist letter Should be capital and must contains minimum 3 characters :
Wrong Input : Fist letter Should be capital and must contains minimum 3 characters :
Wrong Input : Fist letter Should be capital and must contains minimum 3 characters :
Wrong Input : Fist letter Should be capital and must contains minimum 3 characters :
Wrong Input : Fist letter Should be capital and must contains minimum 3 characters :
Wrong Input : Fist letter Should be capital and must contains minimum 3 characters :
Wrong Input : Fist letter Should be capital and must contains minimum 3 characters :
Wrong Input : Fist letter Should be capital and must contains minimum 3 characters :
Wrong Input : Fist letter Should be capital and must contains minimum 3 characters :
Wrong Input : Fist letter Should be capital and must contains minimum 3 characters :
Wrong Input : Fist letter Should be capital and must contains minimum 3 characters :
Wrong Input : Fist letter Should be capital and must contains minimum 3 characters :
Wrong Input : Fist letter Should be capital and must contains minimum 3 characters :
Wrong Input : Fist letter Should be capital and must contains minimum 3 characters :
Wrong Input : Fist letter Should be capital and must contains minimum 3 characters :
Wrong Input : Fist letter Should be capital and must contains minimum 3 characters :
Wrong Input : Fist letter Should be capital and must contains minimum 3 characters :
Wrong Input : Fist letter Should be capital and must contains minimum 3 characters :
Wrong Input : Fist letter Should be capital and must contains minimum 3 characters :
Wrong Input : Fist letter Should be capital and must contains minimum 3 characters :
Wrong Input : Fist letter Should be capital and must contains minimum 3 characters :
Wrong Input : Fist letter Should be capital and must contains minimum 3 characters :
Wrong Input : Fist letter Should be capital and must contains minimum 3 characters :
Wrong Input : Fist letter Should be capital and must contains minimum 3 characters :
Wrong Input : Fist letter Should be capital and must contains minimum 3 characters :
Wrong Input : Fist letter Should be capital and must contains minimum 3 characters :
Wrong Input : Fist letter Should be capital and must contains minimum 3 characters :
Wrong Input : Fist letter Should be capital and must contains minimum 3 characters :
Wrong Input : Fist letter Should be capital and must contains minimum 3 characters :
Wrong Input : Fist letter Should be capital and must contains minimum 3 characters :
Wrong Input : Fist letter Should be capital and must contains minimum 3 characters :
Wrong Input : Fist letter Should be capital and must contains minimum 3 characters :
Wrong Input : Fist letter Should be capital and must contains minimum 3 characters :
Wrong Input : Fist letter Should be capital and must contains minimum 3 characters :
Wrong Input : Fist letter Should be capital and must contains minimum 3 characters :
Wrong Input : Fist letter Should be capital and must contains minimum 3 characters :
Wrong Input : Fist letter Should be capital and must contains minimum 3 characters :
Wrong Input : Fist letter Should be capital and must contains minimum 3 characters :
Wrong Input : Fist letter Should be capital and must contains minimum 3 characters :
Wrong Input : Fist letter Should be capital and must contains minimum 3 characters :
Wrong Input : Fist letter Should be capital and must contains minimum 3 characters :
Wrong Input : Fist letter Should be capital and must contains minimum 3 characters :
Wrong Input : Fist letter Should be capital and must contains minimum 3 characters :
Wrong Input : Fist letter Should be capital and must contains minimum 3 characters :
Wrong Input : Fist letter Should be capital and must contains minimum 3 characters :
Wrong Input : Fist letter Should be capital and must contains minimum 3 characters :
Wrong Input : Fist letter Should be capital and must contains minimum 3 characters :
Wrong Input : Fist letter Should be capital and must contains minimum 3 characters :
Wrong Input : Fist letter Should be capital and must contains minimum 3 characters :
Wrong Input : Fist letter Should be capital and must contains minimum 3 characters :
Wrong Input : Fist letter Should be capital and must contains minimum 3 characters :
Wrong Input : Fist letter Should be capital and must contains minimum 3 characters :
Wrong Input : Fist letter Should be capital and must contains minimum 3 characters :
Wrong Input : Fist letter Should be capital and must contains minimum 3 characters :
Wrong Input : Fist letter Should be capital and must contains minimum 3 characters :
Wrong Input : Fist letter Should be capital and must contains minimum 3 characters :
Wrong Input : Fist letter Should be capital and must contains minimum 3 characters :
Wrong Input : Fist letter Should be capital and must contains minimum 3 characters :
Wrong Input : Fist letter Should be capital and must contains minimum 3 characters :
Wrong Input : Fist letter Should be capital and must contains minimum 3 characters :
Wrong Input : Fist letter Should be capital and must contains minimum 3 characters :
Wrong Input : Fist letter Should be capital and must contains minimum 3 characters :
Wrong Input : Fist letter Should be capital and must contains minimum 3 characters :
Wrong Input : Fist letter Should be capital and must contains minimum 3 characters :
Wrong Input : Fist letter Should be capital and must contains minimum 3 characters :
Wrong Input : Fist letter Should be capital and must contains minimum 3 characters :
Wrong Input : Fist letter Should be capital and must contains minimum 3 characters :
Wrong Input : Fist letter Should be capital and must contains minimum 3 characters :
Wrong Input : Fist letter Should be capital and must contains minimum 3 characters :
Wrong Input : Fist letter Should be capital and must contains minimum 3 characters :
Wrong Input : Fist letter Should be capital and must contains minimum 3 characters :
Wrong Input : Fist letter Should be capital and must contains minimum 3 characters :
Wrong Input : Fist letter Should be capital and must contains minimum 3 characters :
Wrong Input : Fist letter Should be capital and must contains minimum 3 characters :
Wrong Input : Fist letter Should be capital and must contains minimum 3 characters :
Wrong Input : Fist letter Should be capital and must contains minimum 3 characters :
Wrong Input : Fist letter Should be capital and must contains minimum 3 characters :
Wrong Input : Fist letter Should be capital and must contains minimum 3 characters :
Wrong Input : Fist letter Should be capital and must contains minimum 3 characters :
Wrong Input : Fist letter Should be capital and must contains minimum 3 characters :
Wrong Input : Fist letter Should be capital and must contains minimum 3 characters :
Wrong Input : Fist letter Should be capital and must contains minimum 3 characters :
Wrong Input : Fist letter Should be capital and must contains minimum 3 characters :
Wrong Input : Fist letter Should be capital and must contains minimum 3 characters :
Wrong Input : Fist letter Should be capital and must contains minimum 3 characters :
Wrong Input : Fist letter Should be capital and must contains minimum 3 characters :
Wrong Input : Fist letter Should be capital and must contains minimum 3 characters :
Wrong Input : Fist letter Should be capital and must contains minimum 3 characters :
Wrong Input : Fist letter Should be capital and must contains minimum 3 characters :
Wrong Input : Fist letter Should be capital and must contains minimum 3 characters :
Wrong Input : Fist letter Should be capital and must contains minimum 3 characters :
Wrong Input : Fist letter Should be capital and must contains minimum 3 characters :
Wrong Input : Fist letter Should be capital and must contains minimum 3 characters :
Wrong Input : Fist letter Should be capital and must contains minimum 3 characters :
Wrong Input : Fist letter Should be capital and must contains minimum 3 characters :
Wrong Input : Fist letter Should be capital and must contains minimum 3 characters :
Wrong Input : Fist letter Should be capital and must contains minimum 3 characters :
Wrong Input : Fist letter Should be capital and must contains minimum 3 characters :
Wrong Input : Fist letter Should be capital and must contains minimum 3 characters :
Wrong Input : Fist letter Should be capital and must contains minimum 3 characters :
Wrong Input : Fist letter Should be capital and must contains minimum 3 characters :
Wrong Input : Fist letter Should be capital and must contains minimum 3 characters :
Wrong Input : Fist letter Should be capital and must contains minimum 3 characters :
Wrong Input : Fist letter Should be capital and must contains minimum 3 characters :
Wrong Input : Fist letter Should be capital and must contains minimum 3 characters :
Wrong Input : Fist letter Should be capital and must contains minimum 3 characters :
Wrong Input : Fist letter Should be capital and must contains minimum 3 characters :
Wrong Input : Fist letter Should be capital and must contains minimum 3 characters :
Wrong Input : Fist letter Should be capital and must contains minimum 3 characters :
Wrong Input : Fist letter Should be capital and must contains minimum 3 characters :
Wrong Input : Fist letter Should be capital and must contains minimum 3 characters :
Wrong Input : Fist letter Should be capital and must contains minimum 3 characters :
Wrong Input : Fist letter Should be capital and must contains minimum 3 characters :
Wrong Input : Fist letter Should be capital and must contains minimum 3 characters :
Wrong Input : Fist letter Should be capital and must contains minimum 3 characters :
Wrong Input : Fist letter Should be capital and must contains minimum 3 characters :
Wrong Input : Fist letter Should be capital and must contains minimum 3 characters :
Wrong Input : Fist letter Should be capital and must contains minimum 3 characters :
Wrong Input : Fist letter Should be capital and must contains minimum 3 characters :
Wrong Input : Fist letter Should be capital and must contains minimum 3 characters :
Wrong Input : Fist letter Should be capital and must contains minimum 3 characters :
Wrong Input : Fist letter Should be capital and must contains minimum 3 characters :
Wrong Input : Fist letter Should be capital and must contains minimum 3 characters :
Wrong Input : Fist letter Should be capital and must contains minimum 3 characters :
Wrong Input : Fist letter Should be capital and must contains minimum 3 characters :
Wrong Input : Fist letter Should be capital and must contains minimum 3 characters :
Wrong Input : Fist letter Should be capital and must contains minimum 3 characters :
Wrong Input : Fist letter Should be capital and must contains minimum 3 characters :
Wrong Input : Fist letter Should be capital and must contains minimum 3 characters :
Wrong Input : Fist letter Should be capital and must contains minimum 3 characters :
Wrong Input : Fist letter Should be capital and must contains minimum 3 characters :
Wrong Input : Fist letter Should be capital and must contains minimum 3 characters :
Wrong Input : Fist letter Should be capital and must contains minimum 3 characters :
Wrong Input : Fist letter Should be capital and must contains minimum 3 characters :
Wrong Input : Fist letter Should be capital and must contains minimum 3 characters :
Wrong Input : Fist letter Should be capital and must contains minimum 3 characters :
Wrong Input : Fist letter Should be capital and must contains minimum 3 characters :
Wrong Input : Fist letter Should be capital and must contains minimum 3 characters :
Wrong Input : Fist letter Should be capital and must contains minimum 3 characters :
Wrong Input : Fist letter Should be capital and must contains minimum 3 characters :
Wrong Input : Fist letter Should be capital and must contains minimum 3 characters :
Wrong Input : Fist letter Should be capital and must contains minimum 3 characters :
Wrong Input : Fist letter Should be capital and must contains minimum 3 characters :
Wrong Input : Fist letter Should be capital and must contains minimum 3 characters :
Wrong Input : Fist letter Should be capital and must contains minimum 3 characters :
Wrong Input : Fist letter Should be capital and must contains minimum 3 characters :
Wrong Input : Fist letter Should be capital and must contains minimum 3 characters :
Wrong Input : Fist letter Should be capital and must contains minimum 3 characters :
Wrong Input : Fist letter Should be capital and must contains minimum 3 characters :
Wrong Input : Fist letter Should be capital and must contains minimum 3 characters :
Wrong Input : Fist letter Should be capital and must contains minimum 3 characters :
Wrong Input : Fist letter Should be capital and must contains minimum 3 characters :
Wrong Input : Fist letter Should be capital and must contains minimum 3 characters :
Wrong Input : Fist letter Should be capital and must contains minimum 3 characters :
Wrong Input : Fist letter Should be capital and must contains minimum 3 characters :
Wrong Input : Fist letter Should be capital and must contains minimum 3 characters :
Wrong Input : Fist letter Should be capital and must contains minimum 3 characters :
Wrong Input : Fist letter Should be capital and must contains minimum 3 characters :
Wrong Input : Fist letter Should be capital and must contains minimum 3 characters :
Wrong Input : Fist letter Should be capital and must contains minimum 3 characters :
Wrong Input : Fist letter Should be capital and must contains minimum 3 characters :
Wrong Input : Fist letter Should be capital and must contains minimum 3 characters :
Wrong Input : Fist letter Should be capital and must contains minimum 3 characters :
Wrong Input : Fist letter Should be capital and must contains minimum 3 characters :
Wrong Input : Fist letter Should be capital and must contains minimum 3 characters :
Wrong Input : Fist letter Should be capital and must contains minimum 3 characters :
Wrong Input : Fist letter Should be capital and must contains minimum 3 characters :
Wrong Input : Fist letter Should be capital and must contains minimum 3 characters :
Wrong Input : Fist letter Should be capital and must contains minimum 3 characters :
Wrong Input : Fist letter Should be capital and must contains minimum 3 characters :
Wrong Input : Fist letter Should be capital and must contains minimum 3 characters :
Wrong Input : Fist letter Should be capital and must contains minimum 3 characters :
Wrong Input : Fist letter Should be capital and must contains minimum 3 characters :
Wrong Input : Fist letter Should be capital and must contains minimum 3 characters :
Wrong Input : Fist letter Should be capital and must contains minimum 3 characters :
Wrong Input : Fist letter Should be capital and must contains minimum 3 characters :
Wrong Input : Fist letter Should be capital and must contains minimum 3 characters :
Wrong Input : Fist letter Should be capital and must contains minimum 3 characters :
Wrong Input : Fist letter Should be capital and must contains minimum 3 characters :
Wrong Input : Fist letter Should be capital and must contains minimum 3 characters :
Wrong Input : Fist letter Should be capital and must contains minimum 3 characters :
Wrong Input : Fist letter Should be capital and must contains minimum 3 characters :
Wrong Input : Fist letter Should be capital and must contains minimum 3 characters :
Wrong Input : Fist letter Should be capital and must contains minimum 3 characters :
Wrong Input : Fist letter Should be capital and must contains minimum 3 characters :
Wrong Input : Fist letter Should be capital and must contains minimum 3 characters :
Wrong Input : Fist letter Should be capital and must contains minimum 3 characters :
Wrong Input : Fist letter Should be capital and must contains minimum 3 characters :
Wrong Input : Fist letter Should be capital and must contains minimum 3 characters :
Wrong Input : Fist letter Should be capital and must contains minimum 3 characters :
Wrong Input : Fist letter Should be capital and must contains minimum 3 characters :
Wrong Input : Fist letter Should be capital and must contains minimum 3 characters :
Wrong Input : Fist letter Should be capital and must contains minimum 3 characters :
Wrong Input : Fist letter Should be capital and must contains minimum 3 characters :
Wrong Input : Fist letter Should be capital and must contains minimum 3 characters :
Wrong Input : Fist letter Should be capital and must contains minimum 3 characters :
Wrong Input : Fist letter Should be capital and must contains minimum 3 characters :
Wrong Input : Fist letter Should be capital and must contains minimum 3 characters :
Wrong Input : Fist letter Should be capital and must contains minimum 3 characters :
Wrong Input : Fist letter Should be capital and must contains minimum 3 characters :
Wrong Input : Fist letter Should be capital and must contains minimum 3 characters :
Wrong Input : Fist letter Should be capital and must contains minimum 3 characters :
Wrong Input : Fist letter Should be capital and must contains minimum 3 characters :
Wrong Input : Fist letter Should be capital and must contains minimum 3 characters :
Wrong Input : Fist letter Should be capital and must contains minimum 3 characters :
Wrong Input : Fist letter Should be capital and must contains minimum 3 characters :
Wrong Input : Fist letter Should be capital and must contains minimum 3 characters :
Wrong Input : Fist letter Should be capital and must contains minimum 3 characters :
Wrong Input : Fist letter Should be capital and must contains minimum 3 characters :
Wrong Input : Fist letter Should be capital and must contains minimum 3 characters :
Wrong Input : Fist letter Should be capital and must contains minimum 3 characters :
Wrong Input : Fist letter Should be capital and must contains minimum 3 characters :
Wrong Input : Fist letter Should be capital and must contains minimum 3 characters :
Wrong Input : Fist letter Should be capital and must contains minimum 3 characters :
Wrong Input : Fist letter Should be capital and must contains minimum 3 characters :
Wrong Input : Fist letter Should be capital and must contains minimum 3 characters :
Wrong Input : Fist letter Should be capital and must contains minimum 3 characters :
Wrong Input : Fist letter Should be capital and must contains minimum 3 characters :
Wrong Input : Fist letter Should be capital and must contains minimum 3 characters :
Wrong Input : Fist letter Should be capital and must contains minimum 3 characters :
Wrong Input : Fist letter Should be capital and must contains minimum 3 characters :
Wrong Input : Fist letter Should be capital and must contains minimum 3 characters :
Wrong Input : Fist letter Should be capital and must contains minimum 3 characters :
Wrong Input : Fist letter Should be capital and must contains minimum 3 characters :
Wrong Input : Fist letter Should be capital and must contains minimum 3 characters :
Wrong Input : Fist letter Should be capital and must contains minimum 3 characters :
Wrong Input : Fist letter Should be capital and must contains minimum 3 characters :
Wrong Input : Fist letter Should be capital and must contains minimum 3 characters :
Wrong Input : Fist letter Should be capital and must contains minimum 3 characters :
Wrong Input : Fist letter Should be capital and must contains minimum 3 characters :
Wrong Input : Fist letter Should be capital and must contains minimum 3 characters :
Wrong Input : Fist letter Should be capital and must contains minimum 3 characters :
Wrong Input : Fist letter Should be capital and must contains minimum 3 characters :
Wrong Input : Fist letter Should be capital and must contains minimum 3 characters :
Wrong Input : Fist letter Should be capital and must contains minimum 3 characters :
Wrong Input : Fist letter Should be capital and must contains minimum 3 characters :
Wrong Input : Fist letter Should be capital and must contains minimum 3 characters :
Wrong Input : Fist letter Should be capital and must contains minimum 3 characters :
Wrong Input : Fist letter Should be capital and must contains minimum 3 characters :
Wrong Input : Fist letter Should be capital and must contains minimum 3 characters :
Wrong Input : Fist letter Should be capital and must contains minimum 3 characters :
Wrong Input : Fist letter Should be capital and must contains minimum 3 characters :
Wrong Input : Fist letter Should be capital and must contains minimum 3 characters :
Wrong Input : Fist letter Should be capital and must contains minimum 3 characters :
Wrong Input : Fist letter Should be capital and must contains minimum 3 characters :
Wrong Input : Fist letter Should be capital and must contains minimum 3 characters :
Wrong Input : Fist letter Should be capital and must contains minimum 3 characters :
Wrong Input : Fist letter Should be capital and must contains minimum 3 characters :
Wrong Input : Fist letter Should be capital and must contains minimum 3 characters :
Wrong Input : Fist letter Should be capital and must contains minimum 3 characters :
Wrong Input : Fist letter Should be capital and must contains minimum 3 characters :
Wrong Input : Fist letter Should be capital and must contains minimum 3 characters :
Wrong Input : Fist letter Should be capital and must contains minimum 3 characters :
Wrong Input : Fist letter Should be capital and must contains minimum 3 characters :
Wrong Input : Fist letter Should be capital and must contains minimum 3 characters :
Wrong Input : Fist letter Should be capital and must contains minimum 3 characters :
Wrong Input : Fist letter Should be capital and must contains minimum 3 characters :
Wrong Input : Fist letter Should be capital and must contains minimum 3 characters :
Wrong Input : Fist letter Should be capital and must contains minimum 3 characters :
Wrong Input : Fist letter Should be capital and must contains minimum 3 characters :
Wrong Input : Fist letter Should be capital and must contains minimum 3 characters :
Wrong Input : Fist letter Should be capital and must contains minimum 3 characters :
Wrong Input : Fist letter Should be capital and must contains minimum 3 characters :
Wrong Input : Fist letter Should be capital and must contains minimum 3 characters :
Wrong Input : Fist letter Should be capital and must contains minimum 3 characters :
Wrong Input : Fist letter Should be capital and must contains minimum 3 characters :
Wrong Input : Fist letter Should be capital and must contains minimum 3 characters :
Wrong Input : Fist letter Should be capital and must contains minimum 3 characters :
Wrong Input : Fist letter Should be capital and must contains minimum 3 characters :
Wrong Input : Fist letter Should be capital and must contains minimum 3 characters :
Wrong Input : Fist letter Should be capital and must contains minimum 3 characters :
Wrong Input : Fist letter Should be capital and must contains minimum 3 characters :
Wrong Input : Fist letter Should be capital and must contains minimum 3 characters :
Wrong Input : Fist letter Should be capital and must contains minimum 3 characters :
Wrong Input : Fist letter Should be capital and must contains minimum 3 characters :
Wrong Input : Fist letter Should be capital and must contains minimum 3 characters :
Wrong Input : Fist letter Should be capital and must contains minimum 3 characters :
Wrong Input : Fist letter Should be capital and must contains minimum 3 characters :
Wrong Input : Fist letter Should be capital and must contains minimum 3 characters :
Wrong Input : Fist letter Should be capital and must contains minimum 3 characters :
Wrong Input : Fist letter Should be capital and must contains minimum 3 characters :
Wrong Input : Fist letter Should be capital and must contains minimum 3 characters :
Wrong Input : Fist letter Should be capital and must contains minimum 3 characters :
Wrong Input : Fist letter Should be capital and must contains minimum 3 characters :
Wrong Input : Fist letter Should be capital and must contains minimum 3 characters :
Wrong Input : Fist letter Should be capital and must contains minimum 3 characters :
Wrong Input : Fist letter Should be capital and must contains minimum 3 characters :
Wrong Input : Fist letter Should be capital and must contains minimum 3 characters :
Wrong Input : Fist letter Should be capital and must contains minimum 3 characters :
Wrong Input : Fist letter Should be capital and must contains minimum 3 characters :
Wrong Input : Fist letter Should be capital and must contains minimum 3 characters :
Wrong Input : Fist letter Should be capital and must contains minimum 3 characters :
Wrong Input : Fist letter Should be capital and must contains minimum 3 characters :
Wrong Input : Fist letter Should be capital and must contains minimum 3 characters :
Wrong Input : Fist letter Should be capital and must contains minimum 3 characters :
Wrong Input : Fist letter Should be capital and must contains minimum 3 characters :
Wrong Input : Fist letter Should be capital and must contains minimum 3 characters :
Wrong Input : Fist letter Should be capital and must contains minimum 3 characters :
Wrong Input : Fist letter Should be capital and must contains minimum 3 characters :
Wrong Input : Fist letter Should be capital and must contains minimum 3 characters :
Wrong Input : Fist letter Should be capital and must contains minimum 3 characters :
Wrong Input : Fist letter Should be capital and must contains minimum 3 characters :
Wrong Input : Fist letter Should be capital and must contains minimum 3 characters :
Wrong Input : Fist letter Should be capital and must contains minimum 3 characters :
Wrong Input : Fist letter Should be capital and must contains minimum 3 characters :
Wrong Input : Fist letter Should be capital and must contains minimum 3 characters :
Wrong Input : Fist letter Should be capital and must contains minimum 3 characters :
Wrong Input : Fist letter Should be capital and must contains minimum 3 characters :
Wrong Input : Fist letter Should be capital and must contains minimum 3 characters :
Wrong Input : Fist letter Should be capital and must contains minimum 3 characters :
Wrong Input : Fist letter Should be capital and must contains minimum 3 characters :
Wrong Input : Fist letter Should be capital and must contains minimum 3 characters :
Wrong Input : Fist letter Should be capital and must contains minimum 3 characters :
Wrong Input : Fist letter Should be capital and must contains minimum 3 characters :
Wrong Input : Fist letter Should be capital and must contains minimum 3 characters :
Wrong Input : Fist letter Should be capital and must contains minimum 3 characters :
Wrong Input : Fist letter Should be capital and must contains minimum 3 characters :
Wrong Input : Fist letter Should be capital and must contains minimum 3 characters :
Wrong Input : Fist letter Should be capital and must contains minimum 3 characters :
Wrong Input : Fist letter Should be capital and must contains minimum 3 characters :
Wrong Input : Fist letter Should be capital and must contains minimum 3 characters :
Wrong Input : Fist letter Should be capital and must contains minimum 3 characters :
Wrong Input : Fist letter Should be capital and must contains minimum 3 characters :
Wrong Input : Fist letter Should be capital and must contains minimum 3 characters :
Wrong Input : Fist letter Should be capital and must contains minimum 3 characters :
Wrong Input : Fist letter Should be capital and must contains minimum 3 characters :
Wrong Input : Fist letter Should be capital and must contains minimum 3 characters :
Wrong Input : Fist letter Should be capital and must contains minimum 3 characters :
Wrong Input : Fist letter Should be capital and must contains minimum 3 characters :
Wrong Input : Fist letter Should be capital and must contains minimum 3 characters :
Wrong Input : Fist letter Should be capital and must contains minimum 3 characters :
Wrong Input : Fist letter Should be capital and must contains minimum 3 characters :
Wrong Input : Fist letter Should be capital and must contains minimum 3 characters :
Wrong Input : Fist letter Should be capital and must contains minimum 3 characters :
Wrong Input : Fist letter Should be capital and must contains minimum 3 characters :
Wrong Input : Fist letter Should be capital and must contains minimum 3 characters :
Wrong Input : Fist letter Should be capital and must contains minimum 3 characters :
Wrong Input : Fist letter Should be capital and must contains minimum 3 characters :
Wrong Input : Fist letter Should be capital and must contains minimum 3 characters :
Wrong Input : Fist letter Should be capital and must contains minimum 3 characters :
Wrong Input : Fist letter Should be capital and must contains minimum 3 characters :
Wrong Input : Fist letter Should be capital and must contains minimum 3 characters :
Wrong Input : Fist letter Should be capital and must contains minimum 3 characters :
Wrong Input : Fist letter Should be capital and must contains minimum 3 characters :
Wrong Input : Fist letter Should be capital and must contains minimum 3 characters :
Wrong Input : Fist letter Should be capital and must contains minimum 3 characters :
Wrong Input : Fist letter Should be capital and must contains minimum 3 characters :
Wrong Input : Fist letter Should be capital and must contains minimum 3 characters :
Wrong Input : Fist letter Should be capital and must contains minimum 3 characters :
Wrong Input : Fist letter Should be capital and must contains minimum 3 characters :
Wrong Input : Fist letter Should be capital and must contains minimum 3 characters :
Wrong Input : Fist letter Should be capital and must contains minimum 3 characters :
Wrong Input : Fist letter Should be capital and must contains minimum 3 characters :
Wrong Input : Fist letter Should be capital and must contains minimum 3 characters :
Wrong Input : Fist letter Should be capital and must contains minimum 3 characters :
Wrong Input : Fist letter Should be capital and must contains minimum 3 characters :
Wrong Input : Fist letter Should be capital and must contains minimum 3 characters :
Wrong Input : Fist letter Should be capital and must contains minimum 3 characters :
Wrong Input : Fist letter Should be capital and must contains minimum 3 characters :
Wrong Input : Fist letter Should be capital and must contains minimum 3 characters :
Wrong Input : Fist letter Should be capital and must contains minimum 3 characters :
Wrong Input : Fist letter Should be capital and must contains minimum 3 characters :
Wrong Input : Fist letter Should be capital and must contains minimum 3 characters :
Wrong Input : Fist letter Should be capital and must contains minimum 3 characters :
Wrong Input : Fist letter Should be capital and must contains minimum 3 characters :
Wrong Input : Fist letter Should be capital and must contains minimum 3 characters :
Wrong Input : Fist letter Should be capital and must contains minimum 3 characters :
Wrong Input : Fist letter Should be capital and must contains minimum 3 characters :
Wrong Input : Fist letter Should be capital and must contains minimum 3 characters :
Wrong Input : Fist letter Should be capital and must contains minimum 3 characters :
Wrong Input : Fist letter Should be capital and must contains minimum 3 characters :
Wrong Input : Fist letter Should be capital and must contains minimum 3 characters :
Wrong Input : Fist letter Should be capital and must contains minimum 3 characters :
Wrong Input : Fist letter Should be capital and must contains minimum 3 characters :
Wrong Input : Fist letter Should be capital and must contains minimum 3 characters :
Wrong Input : Fist letter Should be capital and must contains minimum 3 characters :
Wrong Input : Fist letter Should be capital and must contains minimum 3 characters :
Wrong Input : Fist letter Should be capital and must contains minimum 3 characters :
Wrong Input : Fist letter Should be capital and must contains minimum 3 characters :
Wrong Input : Fist letter Should be capital and must contains minimum 3 characters :
Wrong Input : Fist letter Should be capital and must contains minimum 3 characters :
Wrong Input : Fist letter Should be capital and must contains minimum 3 characters :
Wrong Input : Fist letter Should be capital and must contains minimum 3 characters :
Wrong Input : Fist letter Should be capital and must contains minimum 3 characters :
Wrong Input : Fist letter Should be capital and must contains minimum 3 characters :
Wrong Input : Fist letter Should be capital and must contains minimum 3 characters :
Wrong Input : Fist letter Should be capital and must contains minimum 3 characters :
Wrong Input : Fist letter Should be capital and must contains minimum 3 characters :
Wrong Input : Fist letter Should be capital and must contains minimum 3 characters :
Wrong Input : Fist letter Should be capital and must contains minimum 3 characters :
Wrong Input : Fist letter Should be capital and must contains minimum 3 characters :
Wrong Input : Fist letter Should be capital and must contains minimum 3 characters :
Wrong Input : Fist letter Should be capital and must contains minimum 3 characters :
Wrong Input : Fist letter Should be capital and must contains minimum 3 characters :
Wrong Input : Fist letter Should be capital and must contains minimum 3 characters :
Wrong Input : Fist letter Should be capital and must contains minimum 3 characters :
Wrong Input : Fist letter Should be capital and must contains minimum 3 characters :
Wrong Input : Fist letter Should be capital and must contains minimum 3 characters :
Wrong Input : Fist letter Should be capital and must contains minimum 3 characters :
Wrong Input : Fist letter Should be capital and must contains minimum 3 characters :
Wrong Input : Fist letter Should be capital and must contains minimum 3 characters :
Wrong Input : Fist letter Should be capital and must contains minimum 3 characters :
Wrong Input : Fist letter Should be capital and must contains minimum 3 characters :
Wrong Input : Fist letter Should be capital and must contains minimum 3 characters :
Wrong Input : Fist letter Should be capital and must contains minimum 3 characters :
Wrong Input : Fist letter Should be capital and must contains minimum 3 characters :
Wrong Input : Fist letter Should be capital and must contains minimum 3 characters :
Wrong Input : Fist letter Should be capital and must contains minimum 3 characters :
Wrong Input : Fist letter Should be capital and must contains minimum 3 characters :
Wrong Input : Fist letter Should be capital and must contains minimum 3 characters :
Wrong Input : Fist letter Should be capital and must contains minimum 3 characters :
Wrong Input : Fist letter Should be capital and must contains minimum 3 characters :
Wrong Input : Fist letter Should be capital and must contains minimum 3 characters :
Wrong Input : Fist letter Should be capital and must contains minimum 3 characters :
Wrong Input : Fist letter Should be capital and must contains minimum 3 characters :
Wrong Input : Fist letter Should be capital and must contains minimum 3 characters :
Wrong Input : Fist letter Should be capital and must contains minimum 3 characters :
Wrong Input : Fist letter Should be capital and must contains minimum 3 characters :
Wrong Input : Fist letter Should be capital and must contains minimum 3 characters :
Wrong Input : Fist letter Should be capital and must contains minimum 3 characters :
Wrong Input : Fist letter Should be capital and must contains minimum 3 characters :
Wrong Input : Fist letter Should be capital and must contains minimum 3 characters :
Wrong Input : Fist letter Should be capital and must contains minimum 3 characters :
Wrong Input : Fist letter Should be capital and must contains minimum 3 characters :
Wrong Input : Fist letter Should be capital and must contains minimum 3 characters :
Wrong Input : Fist letter Should be capital and must contains minimum 3 characters :
Wrong Input : Fist letter Should be capital and must contains minimum 3 characters :
Wrong Input : Fist letter Should be capital and must contains minimum 3 characters :
Wrong Input : Fist letter Should be capital and must contains minimum 3 characters :
Wrong Input : Fist letter Should be capital and must contains minimum 3 characters :
Wrong Input : Fist letter Should be capital and must contains minimum 3 characters :
Wrong Input : Fist letter Should be capital and must contains minimum 3 characters :
Wrong Input : Fist letter Should be capital and must contains minimum 3 characters :
Wrong Input : Fist letter Should be capital and must contains minimum 3 characters :
Wrong Input : Fist letter Should be capital and must contains minimum 3 characters :
Wrong Input : Fist letter Should be capital and must contains minimum 3 characters :
Wrong Input : Fist letter Should be capital and must contains minimum 3 characters :
Wrong Input : Fist letter Should be capital and must contains minimum 3 characters :
Wrong Input : Fist letter Should be capital and must contains minimum 3 characters :
Wrong Input : Fist letter Should be capital and must contains minimum 3 characters :
Wrong Input : Fist letter Should be capital and must contains minimum 3 characters :
Wrong Input : Fist letter Should be capital and must contains minimum 3 characters :
Wrong Input : Fist letter Should be capital and must contains minimum 3 characters :
Wrong Input : Fist letter Should be capital and must contains minimum 3 characters :
Wrong Input : Fist letter Should be capital and must contains minimum 3 characters :
Wrong Input : Fist letter Should be capital and must contains minimum 3 characters :
Wrong Input : Fist letter Should be capital and must contains minimum 3 characters :
Wrong Input : Fist letter Should be capital and must contains minimum 3 characters :
Wrong Input : Fist letter Should be capital and must contains minimum 3 characters :
Wrong Input : Fist letter Should be capital and must contains minimum 3 characters :
Wrong Input : Fist letter Should be capital and must contains minimum 3 characters :
Wrong Input : Fist letter Should be capital and must contains minimum 3 characters :
Wrong Input : Fist letter Should be capital and must contains minimum 3 characters :
Wrong Input : Fist letter Should be capital and must contains minimum 3 characters :
Wrong Input : Fist letter Should be capital and must contains minimum 3 characters :
Wrong Input : Fist letter Should be capital and must contains minimum 3 characters :
Wrong Input : Fist letter Should be capital and must contains minimum 3 characters :
Wrong Input : Fist letter Should be capital and must contains minimum 3 characters :
Wrong Input : Fist letter Should be capital and must contains minimum 3 characters :
Wrong Input : Fist letter Should be capital and must contains minimum 3 characters :
Wrong Input : Fist letter Should be capital and must contains minimum 3 characters :
Wrong Input : Fist letter Should be capital and must contains minimum 3 characters :
Wrong Input : Fist letter Should be capital and must contains minimum 3 characters :
Wrong Input : Fist letter Should be capital and must contains minimum 3 characters :
Wrong Input : Fist letter Should be capital and must contains minimum 3 characters :
Wrong Input : Fist letter Should be capital and must contains minimum 3 characters :
Wrong Input : Fist letter Should be capital and must contains minimum 3 characters :
Wrong Input : Fist letter Should be capital and must contains minimum 3 characters :
Wrong Input : Fist letter Should be capital and must contains minimum 3 characters :
Wrong Input : Fist letter Should be capital and must contains minimum 3 characters :
Wrong Input : Fist letter Should be capital and must contains minimum 3 characters :
Wrong Input : Fist letter Should be capital and must contains minimum 3 characters :
Wrong Input : Fist letter Should be capital and must contains minimum 3 characters :
Wrong Input : Fist letter Should be capital and must contains minimum 3 characters :
Wrong Input : Fist letter Should be capital and must contains minimum 3 characters :
Wrong Input : Fist letter Should be capital and must contains minimum 3 characters :
Wrong Input : Fist letter Should be capital and must contains minimum 3 characters :
Wrong Input : Fist letter Should be capital and must contains minimum 3 characters :
Wrong Input : Fist letter Should be capital and must contains minimum 3 characters :
Wrong Input : Fist letter Should be capital and must contains minimum 3 characters :
Wrong Input : Fist letter Should be capital and must contains minimum 3 characters :
Wrong Input : Fist letter Should be capital and must contains minimum 3 characters :
Wrong Input : Fist letter Should be capital and must contains minimum 3 characters :
Wrong Input : Fist letter Should be capital and must contains minimum 3 characters :
Wrong Input : Fist letter Should be capital and must contains minimum 3 characters :
Wrong Input : Fist letter Should be capital and must contains minimum 3 characters :
Wrong Input : Fist letter Should be capital and must contains minimum 3 characters :
Wrong Input : Fist letter Should be capital and must contains minimum 3 characters :
Wrong Input : Fist letter Should be capital and must contains minimum 3 characters :
Wrong Input : Fist letter Should be capital and must contains minimum 3 characters :
Wrong Input : Fist letter Should be capital and must contains minimum 3 characters :
Wrong Input : Fist letter Should be capital and must contains minimum 3 characters :
Wrong Input : Fist letter Should be capital and must contains minimum 3 characters :
Wrong Input : Fist letter Should be capital and must contains minimum 3 characters :
Wrong Input : Fist letter Should be capital and must contains minimum 3 characters :
Wrong Input : Fist letter Should be capital and must contains minimum 3 characters :
Wrong Input : Fist letter Should be capital and must contains minimum 3 characters :
Wrong Input : Fist letter Should be capital and must contains minimum 3 characters :
Wrong Input : Fist letter Should be capital and must contains minimum 3 characters :
Wrong Input : Fist letter Should be capital and must contains minimum 3 characters :
Wrong Input : Fist letter Should be capital and must contains minimum 3 characters :
Wrong Input : Fist letter Should be capital and must contains minimum 3 characters :
Wrong Input : Fist letter Should be capital and must contains minimum 3 characters :
Wrong Input : Fist letter Should be capital and must contains minimum 3 characters :
Wrong Input : Fist letter Should be capital and must contains minimum 3 characters :
Wrong Input : Fist letter Should be capital and must contains minimum 3 characters :
Wrong Input : Fist letter Should be capital and must contains minimum 3 characters :
Wrong Input : Fist letter Should be capital and must contains minimum 3 characters :
Wrong Input : Fist letter Should be capital and must contains minimum 3 characters :
Wrong Input : Fist letter Should be capital and must contains minimum 3 characters :
Wrong Input : Fist letter Should be capital and must contains minimum 3 characters :
Wrong Input : Fist letter Should be capital and must contains minimum 3 characters :
Wrong Input : Fist letter Should be capital and must contains minimum 3 characters :
Wrong Input : Fist letter Should be capital and must contains minimum 3 characters :
Wrong Input : Fist letter Should be capital and must contains minimum 3 characters :
Wrong Input : Fist letter Should be capital and must contains minimum 3 characters :
Wrong Input : Fist letter Should be capital and must contains minimum 3 characters :
Wrong Input : Fist letter Should be capital and must contains minimum 3 characters :
Wrong Input : Fist letter Should be capital and must contains minimum 3 characters :
Wrong Input : Fist letter Should be capital and must contains minimum 3 characters :
Wrong Input : Fist letter Should be capital and must contains minimum 3 characters :
Wrong Input : Fist letter Should be capital and must contains minimum 3 characters :
Wrong Input : Fist letter Should be capital and must contains minimum 3 characters :
Wrong Input : Fist letter Should be capital and must contains minimum 3 characters :
Wrong Input : Fist letter Should be capital and must contains minimum 3 characters :
Wrong Input : Fist letter Should be capital and must contains minimum 3 characters :
Wrong Input : Fist letter Should be capital and must contains minimum 3 characters :
Wrong Input : Fist letter Should be capital and must contains minimum 3 characters :
Wrong Input : Fist letter Should be capital and must contains minimum 3 characters :
Wrong Input : Fist letter Should be capital and must contains minimum 3 characters :
Wrong Input : Fist letter Should be capital and must contains minimum 3 characters :
Wrong Input : Fist letter Should be capital and must contains minimum 3 characters :
Wrong Input : Fist letter Should be capital and must contains minimum 3 characters :
Wrong Input : Fist letter Should be capital and must contains minimum 3 characters :
Wrong Input : Fist letter Should be capital and must contains minimum 3 characters :
Wrong Input : Fist letter Should be capital and must contains minimum 3 characters :
Wrong Input : Fist letter Should be capital and must contains minimum 3 characters :
Wrong Input : Fist letter Should be capital and must contains minimum 3 characters :
Wrong Input : Fist letter Should be capital and must contains minimum 3 characters :
Wrong Input : Fist letter Should be capital and must contains minimum 3 characters :
Wrong Input : Fist letter Should be capital and must contains minimum 3 characters :
Wrong Input : Fist letter Should be capital and must contains minimum 3 characters :
Wrong Input : Fist letter Should be capital and must contains minimum 3 characters :
Wrong Input : Fist letter Should be capital and must contains minimum 3 characters :
Wrong Input : Fist letter Should be capital and must contains minimum 3 characters :
Wrong Input : Fist letter Should be capital and must contains minimum 3 characters :
Wrong Input : Fist letter Should be capital and must contains minimum 3 characters :
Wrong Input : Fist letter Should be capital and must contains minimum 3 characters :
Wrong Input : Fist letter Should be capital and must contains minimum 3 characters :
Wrong Input : Fist letter Should be capital and must contains minimum 3 characters :
Wrong Input : Fist letter Should be capital and must contains minimum 3 characters :
Wrong Input : Fist letter Should be capital and must contains minimum 3 characters :
Wrong Input : Fist letter Should be capital and must contains minimum 3 characters :
Wrong Input : Fist letter Should be capital and must contains minimum 3 characters :
Wrong Input : Fist letter Should be capital and must contains minimum 3 characters :
Wrong Input : Fist letter Should be capital and must contains minimum 3 characters :
Wrong Input : Fist letter Should be capital and must contains minimum 3 characters :
Wrong Input : Fist letter Should be capital and must contains minimum 3 characters :
Wrong Input : Fist letter Should be capital and must contains minimum 3 characters :
Wrong Input : Fist letter Should be capital and must contains minimum 3 characters :
Wrong Input : Fist letter Should be capital and must contains minimum 3 characters :
Wrong Input : Fist letter Should be capital and must contains minimum 3 characters :
Wrong Input : Fist letter Should be capital and must contains minimum 3 characters :
Wrong Input : Fist letter Should be capital and must contains minimum 3 characters :
Wrong Input : Fist letter Should be capital and must contains minimum 3 characters :
Wrong Input : Fist letter Should be capital and must contains minimum 3 characters :
Wrong Input : Fist letter Should be capital and must contains minimum 3 characters :
Wrong Input : Fist letter Should be capital and must contains minimum 3 characters :
Wrong Input : Fist letter Should be capital and must contains minimum 3 characters :
Wrong Input : Fist letter Should be capital and must contains minimum 3 characters :
Wrong Input : Fist letter Should be capital and must contains minimum 3 characters :
Wrong Input : Fist letter Should be capital and must contains minimum 3 characters :
Wrong Input : Fist letter Should be capital and must contains minimum 3 characters :
Wrong Input : Fist letter Should be capital and must contains minimum 3 characters :
Wrong Input : Fist letter Should be capital and must contains minimum 3 characters :
Wrong Input : Fist letter Should be capital and must contains minimum 3 characters :
Wrong Input : Fist letter Should be capital and must contains minimum 3 characters :
Wrong Input : Fist letter Should be capital and must contains minimum 3 characters :
Wrong Input : Fist letter Should be capital and must contains minimum 3 characters :
Wrong Input : Fist letter Should be capital and must contains minimum 3 characters :
Wrong Input : Fist letter Should be capital and must contains minimum 3 characters :
Wrong Input : Fist letter Should be capital and must contains minimum 3 characters :
Wrong Input : Fist letter Should be capital and must contains minimum 3 characters :
Wrong Input : Fist letter Should be capital and must contains minimum 3 characters :
Wrong Input : Fist letter Should be capital and must contains minimum 3 characters :
Wrong Input : Fist letter Should be capital and must contains minimum 3 characters :
Wrong Input : Fist letter Should be capital and must contains minimum 3 characters :
Wrong Input : Fist letter Should be capital and must contains minimum 3 characters :
Wrong Input : Fist letter Should be capital and must contains minimum 3 characters :
Wrong Input : Fist letter Should be capital and must contains minimum 3 characters :
Wrong Input : Fist letter Should be capital and must contains minimum 3 characters :
Wrong Input : Fist letter Should be capital and must contains minimum 3 characters :
Wrong Input : Fist letter Should be capital and must contains minimum 3 characters :
Wrong Input : Fist letter Should be capital and must contains minimum 3 characters :
Wrong Input : Fist letter Should be capital and must contains minimum 3 characters :
Wrong Input : Fist letter Should be capital and must contains minimum 3 characters :
Wrong Input : Fist letter Should be capital and must contains minimum 3 characters :
Wrong Input : Fist letter Should be capital and must contains minimum 3 characters :
Wrong Input : Fist letter Should be capital and must contains minimum 3 characters :
Wrong Input : Fist letter Should be capital and must contains minimum 3 characters :
Wrong Input : Fist letter Should be capital and must contains minimum 3 characters :
Wrong Input : Fist letter Should be capital and must contains minimum 3 characters :
Wrong Input : Fist letter Should be capital and must contains minimum 3 characters :
Wrong Input : Fist letter Should be capital and must contains minimum 3 characters :
Wrong Input : Fist letter Should be capital and must contains minimum 3 characters :
Wrong Input : Fist letter Should be capital and must contains minimum 3 characters :
Wrong Input : Fist letter Should be capital and must contains minimum 3 characters :
Wrong Input : Fist letter Should be capital and must contains minimum 3 characters :
Wrong Input : Fist letter Should be capital and must contains minimum 3 characters :
Wrong Input : Fist letter Should be capital and must contains minimum 3 characters :
Wrong Input : Fist letter Should be capital and must contains minimum 3 characters :
Wrong Input : Fist letter Should be capital and must contains minimum 3 characters :
Wrong Input : Fist letter Should be capital and must contains minimum 3 characters :
Wrong Input : Fist letter Should be capital and must contains minimum 3 characters :
Wrong Input : Fist letter Should be capital and must contains minimum 3 characters :
Wrong Input : Fist letter Should be capital and must contains minimum 3 characters :
Wrong Input : Fist letter Should be capital and must contains minimum 3 characters :
Wrong Input : Fist letter Should be capital and must contains minimum 3 characters :
Wrong Input : Fist letter Should be capital and must contains minimum 3 characters :
Wrong Input : Fist letter Should be capital and must contains minimum 3 characters :
Wrong Input : Fist letter Should be capital and must contains minimum 3 characters :
Wrong Input : Fist letter Should be capital and must contains minimum 3 characters :
Wrong Input : Fist letter Should be capital and must contains minimum 3 characters :
Wrong Input : Fist letter Should be capital and must contains minimum 3 characters :
Wrong Input : Fist letter Should be capital and must contains minimum 3 characters :
Wrong Input : Fist letter Should be capital and must contains minimum 3 characters :
Wrong Input : Fist letter Should be capital and must contains minimum 3 characters :
Wrong Input : Fist letter Should be capital and must contains minimum 3 characters :
Wrong Input : Fist letter Should be capital and must contains minimum 3 characters :
Wrong Input : Fist letter Should be capital and must contains minimum 3 characters :
Wrong Input : Fist letter Should be capital and must contains minimum 3 characters :
Wrong Input : Fist letter Should be capital and must contains minimum 3 characters :
Wrong Input : Fist letter Should be capital and must contains minimum 3 characters :
Wrong Input : Fist letter Should be capital and must contains minimum 3 characters :
Wrong Input : Fist letter Should be capital and must contains minimum 3 characters :
Wrong Input : Fist letter Should be capital and must contains minimum 3 characters :
Wrong Input : Fist letter Should be capital and must contains minimum 3 characters :
Wrong Input : Fist letter Should be capital and must contains minimum 3 characters :
Wrong Input : Fist letter Should be capital and must contains minimum 3 characters :
Wrong Input : Fist letter Should be capital and must contains minimum 3 characters :
Wrong Input : Fist letter Should be capital and must contains minimum 3 characters :
Wrong Input : Fist letter Should be capital and must contains minimum 3 characters :
Wrong Input : Fist letter Should be capital and must contains minimum 3 characters :
Wrong Input : Fist letter Should be capital and must contains minimum 3 characters :
Wrong Input : Fist letter Should be capital and must contains minimum 3 characters :
Wrong Input : Fist letter Should be capital and must contains minimum 3 characters :
Wrong Input : Fist letter Should be capital and must contains minimum 3 characters :
Wrong Input : Fist letter Should be capital and must contains minimum 3 characters :
Wrong Input : Fist letter Should be capital and must contains minimum 3 characters :
Wrong Input : Fist letter Should be capital and must contains minimum 3 characters :
Wrong Input : Fist letter Should be capital and must contains minimum 3 characters :
Wrong Input : Fist letter Should be capital and must contains minimum 3 characters :
Wrong Input : Fist letter Should be capital and must contains minimum 3 characters :
Wrong Input : Fist letter Should be capital and must contains minimum 3 characters :
Wrong Input : Fist letter Should be capital and must contains minimum 3 characters :
Wrong Input : Fist letter Should be capital and must contains minimum 3 characters :
Wrong Input : Fist letter Should be capital and must contains minimum 3 characters :
Wrong Input : Fist letter Should be capital and must contains minimum 3 characters :
Wrong Input : Fist letter Should be capital and must contains minimum 3 characters :
Wrong Input : Fist letter Should be capital and must contains minimum 3 characters :
Wrong Input : Fist letter Should be capital and must contains minimum 3 characters :
Wrong Input : Fist letter Should be capital and must contains minimum 3 characters :
Wrong Input : Fist letter Should be capital and must contains minimum 3 characters :
Wrong Input : Fist letter Should be capital and must contains minimum 3 characters :
Wrong Input : Fist letter Should be capital and must contains minimum 3 characters :
Wrong Input : Fist letter Should be capital and must contains minimum 3 characters :
Wrong Input : Fist letter Should be capital and must contains minimum 3 characters :
Wrong Input : Fist letter Should be capital and must contains minimum 3 characters :
Wrong Input : Fist letter Should be capital and must contains minimum 3 characters :
Wrong Input : Fist letter Should be capital and must contains minimum 3 characters :
Wrong Input : Fist letter Should be capital and must contains minimum 3 characters :
Wrong Input : Fist letter Should be capital and must contains minimum 3 characters :
Wrong Input : Fist letter Should be capital and must contains minimum 3 characters :
Wrong Input : Fist letter Should be capital and must contains minimum 3 characters :
Wrong Input : Fist letter Should be capital and must contains minimum 3 characters :
Wrong Input : Fist letter Should be capital and must contains minimum 3 characters :
Wrong Input : Fist letter Should be capital and must contains minimum 3 characters :
Wrong Input : Fist letter Should be capital and must contains minimum 3 characters :
Wrong Input : Fist letter Should be capital and must contains minimum 3 characters :
Wrong Input : Fist letter Should be capital and must contains minimum 3 characters :
Wrong Input : Fist letter Should be capital and must contains minimum 3 characters :
Wrong Input : Fist letter Should be capital and must contains minimum 3 characters :
Wrong Input : Fist letter Should be capital and must contains minimum 3 characters :
Wrong Input : Fist letter Should be capital and must contains minimum 3 characters :
Wrong Input : Fist letter Should be capital and must contains minimum 3 characters :
Wrong Input : Fist letter Should be capital and must contains minimum 3 characters :
Wrong Input : Fist letter Should be capital and must contains minimum 3 characters :
Wrong Input : Fist letter Should be capital and must contains minimum 3 characters :
Wrong Input : Fist letter Should be capital and must contains minimum 3 characters :
Wrong Input : Fist letter Should be capital and must contains minimum 3 characters :
Wrong Input : Fist letter Should be capital and must contains minimum 3 characters :
Wrong Input : Fist letter Should be capital and must contains minimum 3 characters :
Wrong Input : Fist letter Should be capital and must contains minimum 3 characters :
Wrong Input : Fist letter Should be capital and must contains minimum 3 characters :
Wrong Input : Fist letter Should be capital and must contains minimum 3 characters :
Wrong Input : Fist letter Should be capital and must contains minimum 3 characters :
Wrong Input : Fist letter Should be capital and must contains minimum 3 characters :
Wrong Input : Fist letter Should be capital and must contains minimum 3 characters :
Wrong Input : Fist letter Should be capital and must contains minimum 3 characters :
Wrong Input : Fist letter Should be capital and must contains minimum 3 characters :
Wrong Input : Fist letter Should be capital and must contains minimum 3 characters :
Wrong Input : Fist letter Should be capital and must contains minimum 3 characters :
Wrong Input : Fist letter Should be capital and must contains minimum 3 characters :
Wrong Input : Fist letter Should be capital and must contains minimum 3 characters :
Wrong Input : Fist letter Should be capital and must contains minimum 3 characters :
Wrong Input : Fist letter Should be capital and must contains minimum 3 characters :
Wrong Input : Fist letter Should be capital and must contains minimum 3 characters :
Wrong Input : Fist letter Should be capital and must contains minimum 3 characters :
Wrong Input : Fist letter Should be capital and must contains minimum 3 characters :
Wrong Input : Fist letter Should be capital and must contains minimum 3 characters :
Wrong Input : Fist letter Should be capital and must contains minimum 3 characters :
Wrong Input : Fist letter Should be capital and must contains minimum 3 characters :
Wrong Input : Fist letter Should be capital and must contains minimum 3 characters :
Wrong Input : Fist letter Should be capital and must contains minimum 3 characters :
Wrong Input : Fist letter Should be capital and must contains minimum 3 characters :
Wrong Input : Fist letter Should be capital and must contains minimum 3 characters :
Wrong Input : Fist letter Should be capital and must contains minimum 3 characters :
Wrong Input : Fist letter Should be capital and must contains minimum 3 characters :
Wrong Input : Fist letter Should be capital and must contains minimum 3 characters :
Wrong Input : Fist letter Should be capital and must contains minimum 3 characters :
Wrong Input : Fist letter Should be capital and must contains minimum 3 characters :
Wrong Input : Fist letter Should be capital and must contains minimum 3 characters :
Wrong Input : Fist letter Should be capital and must contains minimum 3 characters :
Wrong Input : Fist letter Should be capital and must contains minimum 3 characters :
Wrong Input : Fist letter Should be capital and must contains minimum 3 characters :
Wrong Input : Fist letter Should be capital and must contains minimum 3 characters :
Wrong Input : Fist letter Should be capital and must contains minimum 3 characters :
Wrong Input : Fist letter Should be capital and must contains minimum 3 characters :
Wrong Input : Fist letter Should be capital and must contains minimum 3 characters :
Wrong Input : Fist letter Should be capital and must contains minimum 3 characters :
Wrong Input : Fist letter Should be capital and must contains minimum 3 characters :
Wrong Input : Fist letter Should be capital and must contains minimum 3 characters :
Wrong Input : Fist letter Should be capital and must contains minimum 3 characters :
Wrong Input : Fist letter Should be capital and must contains minimum 3 characters :
Wrong Input : Fist letter Should be capital and must contains minimum 3 characters :
Wrong Input : Fist letter Should be capital and must contains minimum 3 characters :
Wrong Input : Fist letter Should be capital and must contains minimum 3 characters :
Wrong Input : Fist letter Should be capital and must contains minimum 3 characters :
Wrong Input : Fist letter Should be capital and must contains minimum 3 characters :
Wrong Input : Fist letter Should be capital and must contains minimum 3 characters :
Wrong Input : Fist letter Should be capital and must contains minimum 3 characters :
Wrong Input : Fist letter Should be capital and must contains minimum 3 characters :
Wrong Input : Fist letter Should be capital and must contains minimum 3 characters :
Wrong Input : Fist letter Should be capital and must contains minimum 3 characters :
Wrong Input : Fist letter Should be capital and must contains minimum 3 characters :
Wrong Input : Fist letter Should be capital and must contains minimum 3 characters :
Wrong Input : Fist letter Should be capital and must contains minimum 3 characters :
Wrong Input : Fist letter Should be capital and must contains minimum 3 characters :
Wrong Input : Fist letter Should be capital and must contains minimum 3 characters :
Wrong Input : Fist letter Should be capital and must contains minimum 3 characters :
Wrong Input : Fist letter Should be capital and must contains minimum 3 characters :
Wrong Input : Fist letter Should be capital and must contains minimum 3 characters :
Wrong Input : Fist letter Should be capital and must contains minimum 3 characters :
Wrong Input : Fist letter Should be capital and must contains minimum 3 characters :
Wrong Input : Fist letter Should be capital and must contains minimum 3 characters :
Wrong Input : Fist letter Should be capital and must contains minimum 3 characters :
Wrong Input : Fist letter Should be capital and must contains minimum 3 characters :
Wrong Input : Fist letter Should be capital and must contains minimum 3 characters :
Wrong Input : Fist letter Should be capital and must contains minimum 3 characters :
Wrong Input : Fist letter Should be capital and must contains minimum 3 characters :
Wrong Input : Fist letter Should be capital and must contains minimum 3 characters :
Wrong Input : Fist letter Should be capital and must contains minimum 3 characters :
Wrong Input : Fist letter Should be capital and must contains minimum 3 characters :
Wrong Input : Fist letter Should be capital and must contains minimum 3 characters :
Wrong Input : Fist letter Should be capital and must contains minimum 3 characters :
Wrong Input : Fist letter Should be capital and must contains minimum 3 characters :
Wrong Input : Fist letter Should be capital and must contains minimum 3 characters :
Wrong Input : Fist letter Should be capital and must contains minimum 3 characters :
Wrong Input : Fist letter Should be capital and must contains minimum 3 characters :
Wrong Input : Fist letter Should be capital and must contains minimum 3 characters :
Wrong Input : Fist letter Should be capital and must contains minimum 3 characters :
Wrong Input : Fist letter Should be capital and must contains minimum 3 characters :
Wrong Input : Fist letter Should be capital and must contains minimum 3 characters :
Wrong Input : Fist letter Should be capital and must contains minimum 3 characters :
Wrong Input : Fist letter Should be capital and must contains minimum 3 characters :
Wrong Input : Fist letter Should be capital and must contains minimum 3 characters :
Wrong Input : Fist letter Should be capital and must contains minimum 3 characters :
Wrong Input : Fist letter Should be capital and must contains minimum 3 characters :
Wrong Input : Fist letter Should be capital and must contains minimum 3 characters :
Wrong Input : Fist letter Should be capital and must contains minimum 3 characters :
Wrong Input : Fist letter Should be capital and must contains minimum 3 characters :
Wrong Input : Fist letter Should be capital and must contains minimum 3 characters :
Wrong Input : Fist letter Should be capital and must contains minimum 3 characters :
Wrong Input : Fist letter Should be capital and must contains minimum 3 characters :
Wrong Input : Fist letter Should be capital and must contains minimum 3 characters :
Wrong Input : Fist letter Should be capital and must contains minimum 3 characters :
Wrong Input : Fist letter Should be capital and must contains minimum 3 characters :
Wrong Input : Fist letter Should be capital and must contains minimum 3 characters :
Wrong Input : Fist letter Should be capital and must contains minimum 3 characters :
Wrong Input : Fist letter Should be capital and must contains minimum 3 characters :
Wrong Input : Fist letter Should be capital and must contains minimum 3 characters :
Wrong Input : Fist letter Should be capital and must contains minimum 3 characters :
Wrong Input : Fist letter Should be capital and must contains minimum 3 characters :
Wrong Input : Fist letter Should be capital and must contains minimum 3 characters :
Wrong Input : Fist letter Should be capital and must contains minimum 3 characters :
Wrong Input : Fist letter Should be capital and must contains minimum 3 characters :
Wrong Input : Fist letter Should be capital and must contains minimum 3 characters :
Wrong Input : Fist letter Should be capital and must contains minimum 3 characters :
Wrong Input : Fist letter Should be capital and must contains minimum 3 characters :
Wrong Input : Fist letter Should be capital and must contains minimum 3 characters :
Wrong Input : Fist letter Should be capital and must contains minimum 3 characters :
Wrong Input : Fist letter Should be capital and must contains minimum 3 characters :
Wrong Input : Fist letter Should be capital and must contains minimum 3 characters :
Wrong Input : Fist letter Should be capital and must contains minimum 3 characters :
Wrong Input : Fist letter Should be capital and must contains minimum 3 characters :
Wrong Input : Fist letter Should be capital and must contains minimum 3 characters :
Wrong Input : Fist letter Should be capital and must contains minimum 3 characters :
Wrong Input : Fist letter Should be capital and must contains minimum 3 characters :
Wrong Input : Fist letter Should be capital and must contains minimum 3 characters :
Wrong Input : Fist letter Should be capital and must contains minimum 3 characters :
Wrong Input : Fist letter Should be capital and must contains minimum 3 characters :
Wrong Input : Fist letter Should be capital and must contains minimum 3 characters :
Wrong Input : Fist letter Should be capital and must contains minimum 3 characters :
Wrong Input : Fist letter Should be capital and must contains minimum 3 characters :
Wrong Input : Fist letter Should be capital and must contains minimum 3 characters :
Wrong Input : Fist letter Should be capital and must contains minimum 3 characters :
Wrong Input : Fist letter Should be capital and must contains minimum 3 characters :
Wrong Input : Fist letter Should be capital and must contains minimum 3 characters :
Wrong Input : Fist letter Should be capital and must contains minimum 3 characters :
Wrong Input : Fist letter Should be capital and must contains minimum 3 characters :
Wrong Input : Fist letter Should be capital and must contains minimum 3 characters :
Wrong Input : Fist letter Should be capital and must contains minimum 3 characters :
Wrong Input : Fist letter Should be capital and must contains minimum 3 characters :
Wrong Input : Fist letter Should be capital and must contains minimum 3 characters :
Wrong Input : Fist letter Should be capital and must contains minimum 3 characters :
Wrong Input : Fist letter Should be capital and must contains minimum 3 characters :
Wrong Input : Fist letter Should be capital and must contains minimum 3 characters :
Wrong Input : Fist letter Should be capital and must contains minimum 3 characters :
Wrong Input : Fist letter Should be capital and must contains minimum 3 characters :
Wrong Input : Fist letter Should be capital and must contains minimum 3 characters :
Wrong Input : Fist letter Should be capital and must contains minimum 3 characters :
Wrong Input : Fist letter Should be capital and must contains minimum 3 characters :
Wrong Input : Fist letter Should be capital and must contains minimum 3 characters :
Wrong Input : Fist letter Should be capital and must contains minimum 3 characters :
Wrong Input : Fist letter Should be capital and must contains minimum 3 characters :
Wrong Input : Fist letter Should be capital and must contains minimum 3 characters :
Wrong Input : Fist letter Should be capital and must contains minimum 3 characters :
Wrong Input : Fist letter Should be capital and must contains minimum 3 characters :
Wrong Input : Fist letter Should be capital and must contains minimum 3 characters :
Wrong Input : Fist letter Should be capital and must contains minimum 3 characters :
Wrong Input : Fist letter Should be capital and must contains minimum 3 characters :
Wrong Input : Fist letter Should be capital and must contains minimum 3 characters :
Wrong Input : Fist letter Should be capital and must contains minimum 3 characters :
Wrong Input : Fist letter Should be capital and must contains minimum 3 characters :
Wrong Input : Fist letter Should be capital and must contains minimum 3 characters :
Wrong Input : Fist letter Should be capital and must contains minimum 3 characters :
Wrong Input : Fist letter Should be capital and must contains minimum 3 characters :
Wrong Input : Fist letter Should be capital and must contains minimum 3 characters :
Wrong Input : Fist letter Should be capital and must contains minimum 3 characters :
Wrong Input : Fist letter Should be capital and must contains minimum 3 characters :
Wrong Input : Fist letter Should be capital and must contains minimum 3 characters :
Wrong Input : Fist letter Should be capital and must contains minimum 3 characters :
Wrong Input : Fist letter Should be capital and must contains minimum 3 characters :
Wrong Input : Fist letter Should be capital and must contains minimum 3 characters :
Wrong Input : Fist letter Should be capital and must contains minimum 3 characters :
Wrong Input : Fist letter Should be capital and must contains minimum 3 characters :
Wrong Input : Fist letter Should be capital and must contains minimum 3 characters :
Wrong Input : Fist letter Should be capital and must contains minimum 3 characters :
Wrong Input : Fist letter Should be capital and must contains minimum 3 characters :
Wrong Input : Fist letter Should be capital and must contains minimum 3 characters :
Wrong Input : Fist letter Should be capital and must contains minimum 3 characters :
Wrong Input : Fist letter Should be capital and must contains minimum 3 characters :
Wrong Input : Fist letter Should be capital and must contains minimum 3 characters :
Wrong Input : Fist letter Should be capital and must contains minimum 3 characters :
Wrong Input : Fist letter Should be capital and must contains minimum 3 characters :
Wrong Input : Fist letter Should be capital and must contains minimum 3 characters :
Wrong Input : Fist letter Should be capital and must contains minimum 3 characters :
Wrong Input : Fist letter Should be capital and must contains minimum 3 characters :
Wrong Input : Fist letter Should be capital and must contains minimum 3 characters :
Wrong Input : Fist letter Should be capital and must contains minimum 3 characters :
Wrong Input : Fist letter Should be capital and must contains minimum 3 characters :
Wrong Input : Fist letter Should be capital and must contains minimum 3 characters :
Wrong Input : Fist letter Should be capital and must contains minimum 3 characters :
Wrong Input : Fist letter Should be capital and must contains minimum 3 characters :
Wrong Input : Fist letter Should be capital and must contains minimum 3 characters :
Wrong Input : Fist letter Should be capital and must contains minimum 3 characters :
Wrong Input : Fist letter Should be capital and must contains minimum 3 characters :
Wrong Input : Fist letter Should be capital and must contains minimum 3 characters :
Wrong Input : Fist letter Should be capital and must contains minimum 3 characters :
Wrong Input : Fist letter Should be capital and must contains minimum 3 characters :
Wrong Input : Fist letter Should be capital and must contains minimum 3 characters :
Wrong Input : Fist letter Should be capital and must contains minimum 3 characters :
Wrong Input : Fist letter Should be capital and must contains minimum 3 characters :
Wrong Input : Fist letter Should be capital and must contains minimum 3 characters :
Wrong Input : Fist letter Should be capital and must contains minimum 3 characters :
Wrong Input : Fist letter Should be capital and must contains minimum 3 characters :
Wrong Input : Fist letter Should be capital and must contains minimum 3 characters :
Wrong Input : Fist letter Should be capital and must contains minimum 3 characters :
Wrong Input : Fist letter Should be capital and must contains minimum 3 characters :
Wrong Input : Fist letter Should be capital and must contains minimum 3 characters :
Wrong Input : Fist letter Should be capital and must contains minimum 3 characters :
Wrong Input : Fist letter Should be capital and must contains minimum 3 characters :
Wrong Input : Fist letter Should be capital and must contains minimum 3 characters :
Wrong Input : Fist letter Should be capital and must contains minimum 3 characters :
Wrong Input : Fist letter Should be capital and must contains minimum 3 characters :
Wrong Input : Fist letter Should be capital and must contains minimum 3 characters :
Wrong Input : Fist letter Should be capital and must contains minimum 3 characters :
Wrong Input : Fist letter Should be capital and must contains minimum 3 characters :
Wrong Input : Fist letter Should be capital and must contains minimum 3 characters :
Wrong Input : Fist letter Should be capital and must contains minimum 3 characters :
Wrong Input : Fist letter Should be capital and must contains minimum 3 characters :
Wrong Input : Fist letter Should be capital and must contains minimum 3 characters :
Wrong Input : Fist letter Should be capital and must contains minimum 3 characters :
Wrong Input : Fist letter Should be capital and must contains minimum 3 characters :
Wrong Input : Fist letter Should be capital and must contains minimum 3 characters :
Wrong Input : Fist letter Should be capital and must contains minimum 3 characters :
Wrong Input : Fist letter Should be capital and must contains minimum 3 characters :
Wrong Input : Fist letter Should be capital and must contains minimum 3 characters :
Wrong Input : Fist letter Should be capital and must contains minimum 3 characters :
Wrong Input : Fist letter Should be capital and must contains minimum 3 characters :
Wrong Input : Fist letter Should be capital and must contains minimum 3 characters :
Wrong Input : Fist letter Should be capital and must contains minimum 3 characters :
Wrong Input : Fist letter Should be capital and must contains minimum 3 characters :
Wrong Input : Fist letter Should be capital and must contains minimum 3 characters :
Wrong Input : Fist letter Should be capital and must contains minimum 3 characters :
Wrong Input : Fist letter Should be capital and must contains minimum 3 characters :
Wrong Input : Fist letter Should be capital and must contains minimum 3 characters :
Wrong Input : Fist letter Should be capital and must contains minimum 3 characters :
Wrong Input : Fist letter Should be capital and must contains minimum 3 characters :
Wrong Input : Fist letter Should be capital and must contains minimum 3 characters :
Wrong Input : Fist letter Should be capital and must contains minimum 3 characters :
Wrong Input : Fist letter Should be capital and must contains minimum 3 characters :
Wrong Input : Fist letter Should be capital and must contains minimum 3 characters :
Wrong Input : Fist letter Should be capital and must contains minimum 3 characters :
Wrong Input : Fist letter Should be capital and must contains minimum 3 characters :
Wrong Input : Fist letter Should be capital and must contains minimum 3 characters :
Wrong Input : Fist letter Should be capital and must contains minimum 3 characters :
Wrong Input : Fist letter Should be capital and must contains minimum 3 characters :
Wrong Input : Fist letter Should be capital and must contains minimum 3 characters :
Wrong Input : Fist letter Should be capital and must contains minimum 3 characters :
Wrong Input : Fist letter Should be capital and must contains minimum 3 characters :
Wrong Input : Fist letter Should be capital and must contains minimum 3 characters :
Wrong Input : Fist letter Should be capital and must contains minimum 3 characters :
Wrong Input : Fist letter Should be capital and must contains minimum 3 characters :
Wrong Input : Fist letter Should be capital and must contains minimum 3 characters :
Wrong Input : Fist letter Should be capital and must contains minimum 3 characters :
Wrong Input : Fist letter Should be capital and must contains minimum 3 characters :
Wrong Input : Fist letter Should be capital and must contains minimum 3 characters :
Wrong Input : Fist letter Should be capital and must contains minimum 3 characters :
Wrong Input : Fist letter Should be capital and must contains minimum 3 characters :
Wrong Input : Fist letter Should be capital and must contains minimum 3 characters :
Wrong Input : Fist letter Should be capital and must contains minimum 3 characters :
Wrong Input : Fist letter Should be capital and must contains minimum 3 characters :
Wrong Input : Fist letter Should be capital and must contains minimum 3 characters :
Wrong Input : Fist letter Should be capital and must contains minimum 3 characters :
Wrong Input : Fist letter Should be capital and must contains minimum 3 characters :
Wrong Input : Fist letter Should be capital and must contains minimum 3 characters :
Wrong Input : Fist letter Should be capital and must contains minimum 3 characters :
Wrong Input : Fist letter Should be capital and must contains minimum 3 characters :
Wrong Input : Fist letter Should be capital and must contains minimum 3 characters :
Wrong Input : Fist letter Should be capital and must contains minimum 3 characters :
Wrong Input : Fist letter Should be capital and must contains minimum 3 characters :
Wrong Input : Fist letter Should be capital and must contains minimum 3 characters :
Wrong Input : Fist letter Should be capital and must contains minimum 3 characters :
Wrong Input : Fist letter Should be capital and must contains minimum 3 characters :
Wrong Input : Fist letter Should be capital and must contains minimum 3 characters :
Wrong Input : Fist letter Should be capital and must contains minimum 3 characters :
Wrong Input : Fist letter Should be capital and must contains minimum 3 characters :
Wrong Input : Fist letter Should be capital and must contains minimum 3 characters :
Wrong Input : Fist letter Should be capital and must contains minimum 3 characters :
Wrong Input : Fist letter Should be capital and must contains minimum 3 characters :
Wrong Input : Fist letter Should be capital and must contains minimum 3 characters :
Wrong Input : Fist letter Should be capital and must contains minimum 3 characters :
Wrong Input : Fist letter Should be capital and must contains minimum 3 characters :
Wrong Input : Fist letter Should be capital and must contains minimum 3 characters :
Wrong Input : Fist letter Should be capital and must contains minimum 3 characters :
Wrong Input : Fist letter Should be capital and must contains minimum 3 characters :
Wrong Input : Fist letter Should be capital and must contains minimum 3 characters :
Wrong Input : Fist letter Should be capital and must contains minimum 3 characters :
Wrong Input : Fist letter Should be capital and must contains minimum 3 characters :
Wrong Input : Fist letter Should be capital and must contains minimum 3 characters :
Wrong Input : Fist letter Should be capital and must contains minimum 3 characters :
Wrong Input : Fist letter Should be capital and must contains minimum 3 characters :
Wrong Input : Fist letter Should be capital and must contains minimum 3 characters :
Wrong Input : Fist letter Should be capital and must contains minimum 3 characters :
Wrong Input : Fist letter Should be capital and must contains minimum 3 characters :
Wrong Input : Fist letter Should be capital and must contains minimum 3 characters :
Wrong Input : Fist letter Should be capital and must contains minimum 3 characters :
Wrong Input : Fist letter Should be capital and must contains minimum 3 characters :
Wrong Input : Fist letter Should be capital and must contains minimum 3 characters :
Wrong Input : Fist letter Should be capital and must contains minimum 3 characters :
Wrong Input : Fist letter Should be capital and must contains minimum 3 characters :
Wrong Input : Fist letter Should be capital and must contains minimum 3 characters :
Wrong Input : Fist letter Should be capital and must contains minimum 3 characters :
Wrong Input : Fist letter Should be capital and must contains minimum 3 characters :
Wrong Input : Fist letter Should be capital and must contains minimum 3 characters :
Wrong Input : Fist letter Should be capital and must contains minimum 3 characters :
Wrong Input : Fist letter Should be capital and must contains minimum 3 characters :
Wrong Input : Fist letter Should be capital and must contains minimum 3 characters :
Wrong Input : Fist letter Should be capital and must contains minimum 3 characters :
Wrong Input : Fist letter Should be capital and must contains minimum 3 characters :
Wrong Input : Fist letter Should be capital and must contains minimum 3 characters :
Wrong Input : Fist letter Should be capital and must contains minimum 3 characters :
Wrong Input : Fist letter Should be capital and must contains minimum 3 characters :
Wrong Input : Fist letter Should be capital and must contains minimum 3 characters :
Wrong Input : Fist letter Should be capital and must contains minimum 3 characters :
Wrong Input : Fist letter Should be capital and must contains minimum 3 characters :
Wrong Input : Fist letter Should be capital and must contains minimum 3 characters :
Wrong Input : Fist letter Should be capital and must contains minimum 3 characters :
Wrong Input : Fist letter Should be capital and must contains minimum 3 characters :
Wrong Input : Fist letter Should be capital and must contains minimum 3 characters :
Wrong Input : Fist letter Should be capital and must contains minimum 3 characters :
Wrong Input : Fist letter Should be capital and must contains minimum 3 characters :
Wrong Input : Fist letter Should be capital and must contains minimum 3 characters :
Wrong Input : Fist letter Should be capital and must contains minimum 3 characters :
Wrong Input : Fist letter Should be capital and must contains minimum 3 characters :
Wrong Input : Fist letter Should be capital and must contains minimum 3 characters :
Wrong Input : Fist letter Should be capital and must contains minimum 3 characters :
Wrong Input : Fist letter Should be capital and must contains minimum 3 characters :
Wrong Input : Fist letter Should be capital and must contains minimum 3 characters :
Wrong Input : Fist letter Should be capital and must contains minimum 3 characters :
Wrong Input : Fist letter Should be capital and must contains minimum 3 characters :
Wrong Input : Fist letter Should be capital and must contains minimum 3 characters :
Wrong Input : Fist letter Should be capital and must contains minimum 3 characters :
Wrong Input : Fist letter Should be capital and must contains minimum 3 characters :
Wrong Input : Fist letter Should be capital and must contains minimum 3 characters :
Wrong Input : Fist letter Should be capital and must contains minimum 3 characters :
Wrong Input : Fist letter Should be capital and must contains minimum 3 characters :
Wrong Input : Fist letter Should be capital and must contains minimum 3 characters :
Wrong Input : Fist letter Should be capital and must contains minimum 3 characters :
Wrong Input : Fist letter Should be capital and must contains minimum 3 characters :
Wrong Input : Fist letter Should be capital and must contains minimum 3 characters :
Wrong Input : Fist letter Should be capital and must contains minimum 3 characters :
Wrong Input : Fist letter Should be capital and must contains minimum 3 characters :
Wrong Input : Fist letter Should be capital and must contains minimum 3 characters :
Wrong Input : Fist letter Should be capital and must contains minimum 3 characters :
Wrong Input : Fist letter Should be capital and must contains minimum 3 characters :
Wrong Input : Fist letter Should be capital and must contains minimum 3 characters :
Wrong Input : Fist letter Should be capital and must contains minimum 3 characters :
Wrong Input : Fist letter Should be capital and must contains minimum 3 characters :
Wrong Input : Fist letter Should be capital and must contains minimum 3 characters :
Wrong Input : Fist letter Should be capital and must contains minimum 3 characters :
Wrong Input : Fist letter Should be capital and must contains minimum 3 characters :
Wrong Input : Fist letter Should be capital and must contains minimum 3 characters :
Wrong Input : Fist letter Should be capital and must contains minimum 3 characters :
Wrong Input : Fist letter Should be capital and must contains minimum 3 characters :
Wrong Input : Fist letter Should be capital and must contains minimum 3 characters :
Wrong Input : Fist letter Should be capital and must contains minimum 3 characters :
Wrong Input : Fist letter Should be capital and must contains minimum 3 characters :
Wrong Input : Fist letter Should be capital and must contains minimum 3 characters :
Wrong Input : Fist letter Should be capital and must contains minimum 3 characters :
Wrong Input : Fist letter Should be capital and must contains minimum 3 characters :
Wrong Input : Fist letter Should be capital and must contains minimum 3 characters :
Wrong Input : Fist letter Should be capital and must contains minimum 3 characters :
Wrong Input : Fist letter Should be capital and must contains minimum 3 characters :
Wrong Input : Fist letter Should be capital and must contains minimum 3 characters :
Wrong Input : Fist letter Should be capital and must contains minimum 3 characters :
Wrong Input : Fist letter Should be capital and must contains minimum 3 characters :
Wrong Input : Fist letter Should be capital and must contains minimum 3 characters :
Wrong Input : Fist letter Should be capital and must contains minimum 3 characters :
Wrong Input : Fist letter Should be capital and must contains minimum 3 characters :
Wrong Input : Fist letter Should be capital and must contains minimum 3 characters :
Wrong Input : Fist letter Should be capital and must contains minimum 3 characters :
Wrong Input : Fist letter Should be capital and must contains minimum 3 characters :
Wrong Input : Fist letter Should be capital and must contains minimum 3 characters :
Wrong Input : Fist letter Should be capital and must contains minimum 3 characters :
Wrong Input : Fist letter Should be capital and must contains minimum 3 characters :
Wrong Input : Fist letter Should be capital and must contains minimum 3 characters :
Wrong Input : Fist letter Should be capital and must contains minimum 3 characters :
Wrong Input : Fist letter Should be capital and must contains minimum 3 characters :
Wrong Input : Fist letter Should be capital and must contains minimum 3 characters :
Wrong Input : Fist letter Should be capital and must contains minimum 3 characters :
Wrong Input : Fist letter Should be capital and must contains minimum 3 characters :
Wrong Input : Fist letter Should be capital and must contains minimum 3 characters :
Wrong Input : Fist letter Should be capital and must contains minimum 3 characters :
Wrong Input : Fist letter Should be capital and must contains minimum 3 characters :
Wrong Input : Fist letter Should be capital and must contains minimum 3 characters :
Wrong Input : Fist letter Should be capital and must contains minimum 3 characters :
Wrong Input : Fist letter Should be capital and must contains minimum 3 characters :
Wrong Input : Fist letter Should be capital and must contains minimum 3 characters :
Wrong Input : Fist letter Should be capital and must contains minimum 3 characters :
Wrong Input : Fist letter Should be capital and must contains minimum 3 characters :
Wrong Input : Fist letter Should be capital and must contains minimum 3 characters :
Wrong Input : Fist letter Should be capital and must contains minimum 3 characters :
Wrong Input : Fist letter Should be capital and must contains minimum 3 characters :
Wrong Input : Fist letter Should be capital and must contains minimum 3 characters :
Wrong Input : Fist letter Should be capital and must contains minimum 3 characters :
Wrong Input : Fist letter Should be capital and must contains minimum 3 characters :
Wrong Input : Fist letter Should be capital and must contains minimum 3 characters :
Wrong Input : Fist letter Should be capital and must contains minimum 3 characters :
Wrong Input : Fist letter Should be capital and must contains minimum 3 characters :
Wrong Input : Fist letter Should be capital and must contains minimum 3 characters :
Wrong Input : Fist letter Should be capital and must contains minimum 3 characters :
Wrong Input : Fist letter Should be capital and must contains minimum 3 characters :
Wrong Input : Fist letter Should be capital and must contains minimum 3 characters :
Wrong Input : Fist letter Should be capital and must contains minimum 3 characters :
Wrong Input : Fist letter Should be capital and must contains minimum 3 characters :
Wrong Input : Fist letter Should be capital and must contains minimum 3 characters :
Wrong Input : Fist letter Should be capital and must contains minimum 3 characters :
Wrong Input : Fist letter Should be capital and must contains minimum 3 characters :
Wrong Input : Fist letter Should be capital and must contains minimum 3 characters :
Wrong Input : Fist letter Should be capital and must contains minimum 3 characters :
Wrong Input : Fist letter Should be capital and must contains minimum 3 characters :
Wrong Input : Fist letter Should be capital and must contains minimum 3 characters :
Wrong Input : Fist letter Should be capital and must contains minimum 3 characters :
Wrong Input : Fist letter Should be capital and must contains minimum 3 characters :
Wrong Input : Fist letter Should be capital and must contains minimum 3 characters :
Wrong Input : Fist letter Should be capital and must contains minimum 3 characters :
Wrong Input : Fist letter Should be capital and must contains minimum 3 characters :
Wrong Input : Fist letter Should be capital and must contains minimum 3 characters :
Wrong Input : Fist letter Should be capital and must contains minimum 3 characters :
Wrong Input : Fist letter Should be capital and must contains minimum 3 characters :
Wrong Input : Fist letter Should be capital and must contains minimum 3 characters :
Wrong Input : Fist letter Should be capital and must contains minimum 3 characters :
Wrong Input : Fist letter Should be capital and must contains minimum 3 characters :
Wrong Input : Fist letter Should be capital and must contains minimum 3 characters :
Wrong Input : Fist letter Should be capital and must contains minimum 3 characters :
Wrong Input : Fist letter Should be capital and must contains minimum 3 characters :
Wrong Input : Fist letter Should be capital and must contains minimum 3 characters :
Wrong Input : Fist letter Should be capital and must contains minimum 3 characters :
Wrong Input : Fist letter Should be capital and must contains minimum 3 characters :
Wrong Input : Fist letter Should be capital and must contains minimum 3 characters :
Wrong Input : Fist letter Should be capital and must contains minimum 3 characters :
Wrong Input : Fist letter Should be capital and must contains minimum 3 characters :
Wrong Input : Fist letter Should be capital and must contains minimum 3 characters :
Wrong Input : Fist letter Should be capital and must contains minimum 3 characters :
Wrong Input : Fist letter Should be capital and must contains minimum 3 characters :
Wrong Input : Fist letter Should be capital and must contains minimum 3 characters :
Wrong Input : Fist letter Should be capital and must contains minimum 3 characters :
Wrong Input : Fist letter Should be capital and must contains minimum 3 characters :
Wrong Input : Fist letter Should be capital and must contains minimum 3 characters :
Wrong Input : Fist letter Should be capital and must contains minimum 3 characters :
Wrong Input : Fist letter Should be capital and must contains minimum 3 characters :
Wrong Input : Fist letter Should be capital and must contains minimum 3 characters :
Wrong Input : Fist letter Should be capital and must contains minimum 3 characters :
Wrong Input : Fist letter Should be capital and must contains minimum 3 characters :
Wrong Input : Fist letter Should be capital and must contains minimum 3 characters :
Wrong Input : Fist letter Should be capital and must contains minimum 3 characters :
Wrong Input : Fist letter Should be capital and must contains minimum 3 characters :
Wrong Input : Fist letter Should be capital and must contains minimum 3 characters :
Wrong Input : Fist letter Should be capital and must contains minimum 3 characters :
Wrong Input : Fist letter Should be capital and must contains minimum 3 characters :
Wrong Input : Fist letter Should be capital and must contains minimum 3 characters :
Wrong Input : Fist letter Should be capital and must contains minimum 3 characters :
Wrong Input : Fist letter Should be capital and must contains minimum 3 characters :
Wrong Input : Fist letter Should be capital and must contains minimum 3 characters :
Wrong Input : Fist letter Should be capital and must contains minimum 3 characters :
Wrong Input : Fist letter Should be capital and must contains minimum 3 characters :
Wrong Input : Fist letter Should be capital and must contains minimum 3 characters :
Wrong Input : Fist letter Should be capital and must contains minimum 3 characters :
Wrong Input : Fist letter Should be capital and must contains minimum 3 characters :
Wrong Input : Fist letter Should be capital and must contains minimum 3 characters :
Wrong Input : Fist letter Should be capital and must contains minimum 3 characters :
Wrong Input : Fist letter Should be capital and must contains minimum 3 characters :
Wrong Input : Fist letter Should be capital and must contains minimum 3 characters :
Wrong Input : Fist letter Should be capital and must contains minimum 3 characters :
Wrong Input : Fist letter Should be capital and must contains minimum 3 characters :
Wrong Input : Fist letter Should be capital and must contains minimum 3 characters :
Wrong Input : Fist letter Should be capital and must contains minimum 3 characters :
Wrong Input : Fist letter Should be capital and must contains minimum 3 characters :
Wrong Input : Fist letter Should be capital and must contains minimum 3 characters :
Wrong Input : Fist letter Should be capital and must contains minimum 3 characters :
Wrong Input : Fist letter Should be capital and must contains minimum 3 characters :
Wrong Input : Fist letter Should be capital and must contains minimum 3 characters :
Wrong Input : Fist letter Should be capital and must contains minimum 3 characters :
Wrong Input : Fist letter Should be capital and must contains minimum 3 characters :
Wrong Input : Fist letter Should be capital and must contains minimum 3 characters :
Wrong Input : Fist letter Should be capital and must contains minimum 3 characters :
Wrong Input : Fist letter Should be capital and must contains minimum 3 characters :
Wrong Input : Fist letter Should be capital and must contains minimum 3 characters :
Wrong Input : Fist letter Should be capital and must contains minimum 3 characters :
Wrong Input : Fist letter Should be capital and must contains minimum 3 characters :
Wrong Input : Fist letter Should be capital and must contains minimum 3 characters :
Wrong Input : Fist letter Should be capital and must contains minimum 3 characters :
Wrong Input : Fist letter Should be capital and must contains minimum 3 characters :
Wrong Input : Fist letter Should be capital and must contains minimum 3 characters :
Wrong Input : Fist letter Should be capital and must contains minimum 3 characters :
Wrong Input : Fist letter Should be capital and must contains minimum 3 characters :
Wrong Input : Fist letter Should be capital and must contains minimum 3 characters :
Wrong Input : Fist letter Should be capital and must contains minimum 3 characters :
Wrong Input : Fist letter Should be capital and must contains minimum 3 characters :
Wrong Input : Fist letter Should be capital and must contains minimum 3 characters :
Wrong Input : Fist letter Should be capital and must contains minimum 3 characters :
Wrong Input : Fist letter Should be capital and must contains minimum 3 characters :
Wrong Input : Fist letter Should be capital and must contains minimum 3 characters :
Wrong Input : Fist letter Should be capital and must contains minimum 3 characters :
Wrong Input : Fist letter Should be capital and must contains minimum 3 characters :
Wrong Input : Fist letter Should be capital and must contains minimum 3 characters :
Wrong Input : Fist letter Should be capital and must contains minimum 3 characters :
Wrong Input : Fist letter Should be capital and must contains minimum 3 characters :
Wrong Input : Fist letter Should be capital and must contains minimum 3 characters :
Wrong Input : Fist letter Should be capital and must contains minimum 3 characters :
Wrong Input : Fist letter Should be capital and must contains minimum 3 characters :
Wrong Input : Fist letter Should be capital and must contains minimum 3 characters :
Wrong Input : Fist letter Should be capital and must contains minimum 3 characters :
Wrong Input : Fist letter Should be capital and must contains minimum 3 characters :
Wrong Input : Fist letter Should be capital and must contains minimum 3 characters :
Wrong Input : Fist letter Should be capital and must contains minimum 3 characters :
Wrong Input : Fist letter Should be capital and must contains minimum 3 characters :
Wrong Input : Fist letter Should be capital and must contains minimum 3 characters :
Wrong Input : Fist letter Should be capital and must contains minimum 3 characters :
Wrong Input : Fist letter Should be capital and must contains minimum 3 characters :
Wrong Input : Fist letter Should be capital and must contains minimum 3 characters :
Wrong Input : Fist letter Should be capital and must contains minimum 3 characters :
Wrong Input : Fist letter Should be capital and must contains minimum 3 characters :
Wrong Input : Fist letter Should be capital and must contains minimum 3 characters :
Wrong Input : Fist letter Should be capital and must contains minimum 3 characters :
Wrong Input : Fist letter Should be capital and must contains minimum 3 characters :
Wrong Input : Fist letter Should be capital and must contains minimum 3 characters :
Wrong Input : Fist letter Should be capital and must contains minimum 3 characters :
Wrong Input : Fist letter Should be capital and must contains minimum 3 characters :
Wrong Input : Fist letter Should be capital and must contains minimum 3 characters :
Wrong Input : Fist letter Should be capital and must contains minimum 3 characters :
Wrong Input : Fist letter Should be capital and must contains minimum 3 characters :
Wrong Input : Fist letter Should be capital and must contains minimum 3 characters :
Wrong Input : Fist letter Should be capital and must contains minimum 3 characters :
Wrong Input : Fist letter Should be capital and must contains minimum 3 characters :
Wrong Input : Fist letter Should be capital and must contains minimum 3 characters :
Wrong Input : Fist letter Should be capital and must contains minimum 3 characters :
Wrong Input : Fist letter Should be capital and must contains minimum 3 characters :
Wrong Input : Fist letter Should be capital and must contains minimum 3 characters :
Wrong Input : Fist letter Should be capital and must contains minimum 3 characters :
Wrong Input : Fist letter Should be capital and must contains minimum 3 characters :
Wrong Input : Fist letter Should be capital and must contains minimum 3 characters :
Wrong Input : Fist letter Should be capital and must contains minimum 3 characters :
Wrong Input : Fist letter Should be capital and must contains minimum 3 characters :
Wrong Input : Fist letter Should be capital and must contains minimum 3 characters :
Wrong Input : Fist letter Should be capital and must contains minimum 3 characters :
Wrong Input : Fist letter Should be capital and must contains minimum 3 characters :
Wrong Input : Fist letter Should be capital and must contains minimum 3 characters :
Wrong Input : Fist letter Should be capital and must contains minimum 3 characters :
Wrong Input : Fist letter Should be capital and must contains minimum 3 characters :
Wrong Input : Fist letter Should be capital and must contains minimum 3 characters :
Wrong Input : Fist letter Should be capital and must contains minimum 3 characters :
Wrong Input : Fist letter Should be capital and must contains minimum 3 characters :
Wrong Input : Fist letter Should be capital and must contains minimum 3 characters :
Wrong Input : Fist letter Should be capital and must contains minimum 3 characters :
Wrong Input : Fist letter Should be capital and must contains minimum 3 characters :
Wrong Input : Fist letter Should be capital and must contains minimum 3 characters :
Wrong Input : Fist letter Should be capital and must contains minimum 3 characters :
Wrong Input : Fist letter Should be capital and must contains minimum 3 characters :
Wrong Input : Fist letter Should be capital and must contains minimum 3 characters :
Wrong Input : Fist letter Should be capital and must contains minimum 3 characters :
Wrong Input : Fist letter Should be capital and must contains minimum 3 characters :
Wrong Input : Fist letter Should be capital and must contains minimum 3 characters :
Wrong Input : Fist letter Should be capital and must contains minimum 3 characters :
Wrong Input : Fist letter Should be capital and must contains minimum 3 characters :
Wrong Input : Fist letter Should be capital and must contains minimum 3 characters :
Wrong Input : Fist letter Should be capital and must contains minimum 3 characters :
Wrong Input : Fist letter Should be capital and must contains minimum 3 characters :
Wrong Input : Fist letter Should be capital and must contains minimum 3 characters :
Wrong Input : Fist letter Should be capital and must contains minimum 3 characters :
Wrong Input : Fist letter Should be capital and must contains minimum 3 characters :
Wrong Input : Fist letter Should be capital and must contains minimum 3 characters :
Wrong Input : Fist letter Should be capital and must contains minimum 3 characters :
Wrong Input : Fist letter Should be capital and must contains minimum 3 characters :
Wrong Input : Fist letter Should be capital and must contains minimum 3 characters :
Wrong Input : Fist letter Should be capital and must contains minimum 3 characters :
Wrong Input : Fist letter Should be capital and must contains minimum 3 characters :
Wrong Input : Fist letter Should be capital and must contains minimum 3 characters :
Wrong Input : Fist letter Should be capital and must contains minimum 3 characters :
Wrong Input : Fist letter Should be capital and must contains minimum 3 characters :
Wrong Input : Fist letter Should be capital and must contains minimum 3 characters :
Wrong Input : Fist letter Should be capital and must contains minimum 3 characters :
Wrong Input : Fist letter Should be capital and must contains minimum 3 characters :
Wrong Input : Fist letter Should be capital and must contains minimum 3 characters :
Wrong Input : Fist letter Should be capital and must contains minimum 3 characters :
Wrong Input : Fist letter Should be capital and must contains minimum 3 characters :
Wrong Input : Fist letter Should be capital and must contains minimum 3 characters :
Wrong Input : Fist letter Should be capital and must contains minimum 3 characters :
Wrong Input : Fist letter Should be capital and must contains minimum 3 characters :
Wrong Input : Fist letter Should be capital and must contains minimum 3 characters :
Wrong Input : Fist letter Should be capital and must contains minimum 3 characters :
Wrong Input : Fist letter Should be capital and must contains minimum 3 characters :
Wrong Input : Fist letter Should be capital and must contains minimum 3 characters :
Wrong Input : Fist letter Should be capital and must contains minimum 3 characters :
Wrong Input : Fist letter Should be capital and must contains minimum 3 characters :
Wrong Input : Fist letter Should be capital and must contains minimum 3 characters :
Wrong Input : Fist letter Should be capital and must contains minimum 3 characters :
Wrong Input : Fist letter Should be capital and must contains minimum 3 characters :
Wrong Input : Fist letter Should be capital and must contains minimum 3 characters :
Wrong Input : Fist letter Should be capital and must contains minimum 3 characters :
Wrong Input : Fist letter Should be capital and must contains minimum 3 characters :
Wrong Input : Fist letter Should be capital and must contains minimum 3 characters :
Wrong Input : Fist letter Should be capital and must contains minimum 3 characters :
Wrong Input : Fist letter Should be capital and must contains minimum 3 characters :
Wrong Input : Fist letter Should be capital and must contains minimum 3 characters :
Wrong Input : Fist letter Should be capital and must contains minimum 3 characters :
Wrong Input : Fist letter Should be capital and must contains minimum 3 characters :
Wrong Input : Fist letter Should be capital and must contains minimum 3 characters :
Wrong Input : Fist letter Should be capital and must contains minimum 3 characters :
Wrong Input : Fist letter Should be capital and must contains minimum 3 characters :
Wrong Input : Fist letter Should be capital and must contains minimum 3 characters :
Wrong Input : Fist letter Should be capital and must contains minimum 3 characters :
Wrong Input : Fist letter Should be capital and must contains minimum 3 characters :
Wrong Input : Fist letter Should be capital and must contains minimum 3 characters :
Wrong Input : Fist letter Should be capital and must contains minimum 3 characters :
Wrong Input : Fist letter Should be capital and must contains minimum 3 characters :
Wrong Input : Fist letter Should be capital and must contains minimum 3 characters :
Wrong Input : Fist letter Should be capital and must contains minimum 3 characters :
Wrong Input : Fist letter Should be capital and must contains minimum 3 characters :
Wrong Input : Fist letter Should be capital and must contains minimum 3 characters :
Wrong Input : Fist letter Should be capital and must contains minimum 3 characters :
Wrong Input : Fist letter Should be capital and must contains minimum 3 characters :
Wrong Input : Fist letter Should be capital and must contains minimum 3 characters :
Wrong Input : Fist letter Should be capital and must contains minimum 3 characters :
Wrong Input : Fist letter Should be capital and must contains minimum 3 characters :
Wrong Input : Fist letter Should be capital and must contains minimum 3 characters :
Wrong Input : Fist letter Should be capital and must contains minimum 3 characters :
Wrong Input : Fist letter Should be capital and must contains minimum 3 characters :
Wrong Input : Fist letter Should be capital and must contains minimum 3 characters :
Wrong Input : Fist letter Should be capital and must contains minimum 3 characters :
Wrong Input : Fist letter Should be capital and must contains minimum 3 characters :
Wrong Input : Fist letter Should be capital and must contains minimum 3 characters :
Wrong Input : Fist letter Should be capital and must contains minimum 3 characters :
Wrong Input : Fist letter Should be capital and must contains minimum 3 characters :
Wrong Input : Fist letter Should be capital and must contains minimum 3 characters :
Wrong Input : Fist letter Should be capital and must contains minimum 3 characters :
Wrong Input : Fist letter Should be capital and must contains minimum 3 characters :
Wrong Input : Fist letter Should be capital and must contains minimum 3 characters :
Wrong Input : Fist letter Should be capital and must contains minimum 3 characters :
Wrong Input : Fist letter Should be capital and must contains minimum 3 characters :
Wrong Input : Fist letter Should be capital and must contains minimum 3 characters :
Wrong Input : Fist letter Should be capital and must contains minimum 3 characters :
Wrong Input : Fist letter Should be capital and must contains minimum 3 characters :
Wrong Input : Fist letter Should be capital and must contains minimum 3 characters :
Wrong Input : Fist letter Should be capital and must contains minimum 3 characters :
Wrong Input : Fist letter Should be capital and must contains minimum 3 characters :
Wrong Input : Fist letter Should be capital and must contains minimum 3 characters :
Wrong Input : Fist letter Should be capital and must contains minimum 3 characters :
Wrong Input : Fist letter Should be capital and must contains minimum 3 characters :
Wrong Input : Fist letter Should be capital and must contains minimum 3 characters :
Wrong Input : Fist letter Should be capital and must contains minimum 3 characters :
Wrong Input : Fist letter Should be capital and must contains minimum 3 characters :
Wrong Input : Fist letter Should be capital and must contains minimum 3 characters :
Wrong Input : Fist letter Should be capital and must contains minimum 3 characters :
Wrong Input : Fist letter Should be capital and must contains minimum 3 characters :
Wrong Input : Fist letter Should be capital and must contains minimum 3 characters :
Wrong Input : Fist letter Should be capital and must contains minimum 3 characters :
Wrong Input : Fist letter Should be capital and must contains minimum 3 characters :
Wrong Input : Fist letter Should be capital and must contains minimum 3 characters :
Wrong Input : Fist letter Should be capital and must contains minimum 3 characters :
Wrong Input : Fist letter Should be capital and must contains minimum 3 characters :
Wrong Input : Fist letter Should be capital and must contains minimum 3 characters :
Wrong Input : Fist letter Should be capital and must contains minimum 3 characters :
Wrong Input : Fist letter Should be capital and must contains minimum 3 characters :
Wrong Input : Fist letter Should be capital and must contains minimum 3 characters :
Wrong Input : Fist letter Should be capital and must contains minimum 3 characters :
Wrong Input : Fist letter Should be capital and must contains minimum 3 characters :
Wrong Input : Fist letter Should be capital and must contains minimum 3 characters :
Wrong Input : Fist letter Should be capital and must contains minimum 3 characters :
Wrong Input : Fist letter Should be capital and must contains minimum 3 characters :
Wrong Input : Fist letter Should be capital and must contains minimum 3 characters :
Wrong Input : Fist letter Should be capital and must contains minimum 3 characters :
Wrong Input : Fist letter Should be capital and must contains minimum 3 characters :
Wrong Input : Fist letter Should be capital and must contains minimum 3 characters :
Wrong Input : Fist letter Should be capital and must contains minimum 3 characters :
Wrong Input : Fist letter Should be capital and must contains minimum 3 characters :
Wrong Input : Fist letter Should be capital and must contains minimum 3 characters :
Wrong Input : Fist letter Should be capital and must contains minimum 3 characters :
Wrong Input : Fist letter Should be capital and must contains minimum 3 characters :
Wrong Input : Fist letter Should be capital and must contains minimum 3 characters :
Wrong Input : Fist letter Should be capital and must contains minimum 3 characters :
Wrong Input : Fist letter Should be capital and must contains minimum 3 characters :
Wrong Input : Fist letter Should be capital and must contains minimum 3 characters :
Wrong Input : Fist letter Should be capital and must contains minimum 3 characters :
Wrong Input : Fist letter Should be capital and must contains minimum 3 characters :
Wrong Input : Fist letter Should be capital and must contains minimum 3 characters :
Wrong Input : Fist letter Should be capital and must contains minimum 3 characters :
Wrong Input : Fist letter Should be capital and must contains minimum 3 characters :
Wrong Input : Fist letter Should be capital and must contains minimum 3 characters :
Wrong Input : Fist letter Should be capital and must contains minimum 3 characters :
Wrong Input : Fist letter Should be capital and must contains minimum 3 characters :
Wrong Input : Fist letter Should be capital and must contains minimum 3 characters :
Wrong Input : Fist letter Should be capital and must contains minimum 3 characters :
Wrong Input : Fist letter Should be capital and must contains minimum 3 characters :
Wrong Input : Fist letter Should be capital and must contains minimum 3 characters :
Wrong Input : Fist letter Should be capital and must contains minimum 3 characters :
Wrong Input : Fist letter Should be capital and must contains minimum 3 characters :
Wrong Input : Fist letter Should be capital and must contains minimum 3 characters :
Wrong Input : Fist letter Should be capital and must contains minimum 3 characters :
Wrong Input : Fist letter Should be capital and must contains minimum 3 characters :
Wrong Input : Fist letter Should be capital and must contains minimum 3 characters :
Wrong Input : Fist letter Should be capital and must contains minimum 3 characters :
Wrong Input : Fist letter Should be capital and must contains minimum 3 characters :
Wrong Input : Fist letter Should be capital and must contains minimum 3 characters :
Wrong Input : Fist letter Should be capital and must contains minimum 3 characters :
Wrong Input : Fist letter Should be capital and must contains minimum 3 characters :
Wrong Input : Fist letter Should be capital and must contains minimum 3 characters :
Wrong Input : Fist letter Should be capital and must contains minimum 3 characters :
Wrong Input : Fist letter Should be capital and must contains minimum 3 characters :
Wrong Input : Fist letter Should be capital and must contains minimum 3 characters :
Wrong Input : Fist letter Should be capital and must contains minimum 3 characters :
Wrong Input : Fist letter Should be capital and must contains minimum 3 characters :
Wrong Input : Fist letter Should be capital and must contains minimum 3 characters :
Wrong Input : Fist letter Should be capital and must contains minimum 3 characters :
Wrong Input : Fist letter Should be capital and must contains minimum 3 characters :
Wrong Input : Fist letter Should be capital and must contains minimum 3 characters :
Wrong Input : Fist letter Should be capital and must contains minimum 3 characters :
Wrong Input : Fist letter Should be capital and must contains minimum 3 characters :
Wrong Input : Fist letter Should be capital and must contains minimum 3 characters :
Wrong Input : Fist letter Should be capital and must contains minimum 3 characters :
Wrong Input : Fist letter Should be capital and must contains minimum 3 characters :
Wrong Input : Fist letter Should be capital and must contains minimum 3 characters :
Wrong Input : Fist letter Should be capital and must contains minimum 3 characters :
Wrong Input : Fist letter Should be capital and must contains minimum 3 characters :
Wrong Input : Fist letter Should be capital and must contains minimum 3 characters :
Wrong Input : Fist letter Should be capital and must contains minimum 3 characters :
Wrong Input : Fist letter Should be capital and must contains minimum 3 characters :
Wrong Input : Fist letter Should be capital and must contains minimum 3 characters :
Wrong Input : Fist letter Should be capital and must contains minimum 3 characters :
Wrong Input : Fist letter Should be capital and must contains minimum 3 characters :
Wrong Input : Fist letter Should be capital and must contains minimum 3 characters :
Wrong Input : Fist letter Should be capital and must contains minimum 3 characters :
Wrong Input : Fist letter Should be capital and must contains minimum 3 characters :
Wrong Input : Fist letter Should be capital and must contains minimum 3 characters :
Wrong Input : Fist letter Should be capital and must contains minimum 3 characters :
Wrong Input : Fist letter Should be capital and must contains minimum 3 characters :
Wrong Input : Fist letter Should be capital and must contains minimum 3 characters :
Wrong Input : Fist letter Should be capital and must contains minimum 3 characters :
Wrong Input : Fist letter Should be capital and must contains minimum 3 characters :
Wrong Input : Fist letter Should be capital and must contains minimum 3 characters :
Wrong Input : Fist letter Should be capital and must contains minimum 3 characters :
Wrong Input : Fist letter Should be capital and must contains minimum 3 characters :
Wrong Input : Fist letter Should be capital and must contains minimum 3 characters :
Wrong Input : Fist letter Should be capital and must contains minimum 3 characters :
Wrong Input : Fist letter Should be capital and must contains minimum 3 characters :
Wrong Input : Fist letter Should be capital and must contains minimum 3 characters :
Wrong Input : Fist letter Should be capital and must contains minimum 3 characters :
Wrong Input : Fist letter Should be capital and must contains minimum 3 characters :
Wrong Input : Fist letter Should be capital and must contains minimum 3 characters :
Wrong Input : Fist letter Should be capital and must contains minimum 3 characters :
Wrong Input : Fist letter Should be capital and must contains minimum 3 characters :
Wrong Input : Fist letter Should be capital and must contains minimum 3 characters :
Wrong Input : Fist letter Should be capital and must contains minimum 3 characters :
Wrong Input : Fist letter Should be capital and must contains minimum 3 characters :
Wrong Input : Fist letter Should be capital and must contains minimum 3 characters :
Wrong Input : Fist letter Should be capital and must contains minimum 3 characters :
Wrong Input : Fist letter Should be capital and must contains minimum 3 characters :
Wrong Input : Fist letter Should be capital and must contains minimum 3 characters :
Wrong Input : Fist letter Should be capital and must contains minimum 3 characters :
Wrong Input : Fist letter Should be capital and must contains minimum 3 characters :
Wrong Input : Fist letter Should be capital and must contains minimum 3 characters :
Wrong Input : Fist letter Should be capital and must contains minimum 3 characters :
Wrong Input : Fist letter Should be capital and must contains minimum 3 characters :
Wrong Input : Fist letter Should be capital and must contains minimum 3 characters :
Wrong Input : Fist letter Should be capital and must contains minimum 3 characters :
Wrong Input : Fist letter Should be capital and must contains minimum 3 characters :
Wrong Input : Fist letter Should be capital and must contains minimum 3 characters :
Wrong Input : Fist letter Should be capital and must contains minimum 3 characters :
Wrong Input : Fist letter Should be capital and must contains minimum 3 characters :
Wrong Input : Fist letter Should be capital and must contains minimum 3 characters :
Wrong Input : Fist letter Should be capital and must contains minimum 3 characters :
Wrong Input : Fist letter Should be capital and must contains minimum 3 characters :
Wrong Input : Fist letter Should be capital and must contains minimum 3 characters :
Wrong Input : Fist letter Should be capital and must contains minimum 3 characters :
Wrong Input : Fist letter Should be capital and must contains minimum 3 characters :
Wrong Input : Fist letter Should be capital and must contains minimum 3 characters :
Wrong Input : Fist letter Should be capital and must contains minimum 3 characters :
Wrong Input : Fist letter Should be capital and must contains minimum 3 characters :
Wrong Input : Fist letter Should be capital and must contains minimum 3 characters :
Wrong Input : Fist letter Should be capital and must contains minimum 3 characters :
Wrong Input : Fist letter Should be capital and must contains minimum 3 characters :
Wrong Input : Fist letter Should be capital and must contains minimum 3 characters :
Wrong Input : Fist letter Should be capital and must contains minimum 3 characters :
Wrong Input : Fist letter Should be capital and must contains minimum 3 characters :
Wrong Input : Fist letter Should be capital and must contains minimum 3 characters :
Wrong Input : Fist letter Should be capital and must contains minimum 3 characters :
Wrong Input : Fist letter Should be capital and must contains minimum 3 characters :
Wrong Input : Fist letter Should be capital and must contains minimum 3 characters :
Wrong Input : Fist letter Should be capital and must contains minimum 3 characters :
Wrong Input : Fist letter Should be capital and must contains minimum 3 characters :
Wrong Input : Fist letter Should be capital and must contains minimum 3 characters :
Wrong Input : Fist letter Should be capital and must contains minimum 3 characters :
Wrong Input : Fist letter Should be capital and must contains minimum 3 characters :
Wrong Input : Fist letter Should be capital and must contains minimum 3 characters :
Wrong Input : Fist letter Should be capital and must contains minimum 3 characters :
Wrong Input : Fist letter Should be capital and must contains minimum 3 characters :
Wrong Input : Fist letter Should be capital and must contains minimum 3 characters :
Wrong Input : Fist letter Should be capital and must contains minimum 3 characters :
Wrong Input : Fist letter Should be capital and must contains minimum 3 characters :
Wrong Input : Fist letter Should be capital and must contains minimum 3 characters :
Wrong Input : Fist letter Should be capital and must contains minimum 3 characters :
Wrong Input : Fist letter Should be capital and must contains minimum 3 characters :
Wrong Input : Fist letter Should be capital and must contains minimum 3 characters :
Wrong Input : Fist letter Should be capital and must contains minimum 3 characters :
Wrong Input : Fist letter Should be capital and must contains minimum 3 characters :
Wrong Input : Fist letter Should be capital and must contains minimum 3 characters :
Wrong Input : Fist letter Should be capital and must contains minimum 3 characters :
Wrong Input : Fist letter Should be capital and must contains minimum 3 characters :
Wrong Input : Fist letter Should be capital and must contains minimum 3 characters :
Wrong Input : Fist letter Should be capital and must contains minimum 3 characters :
Wrong Input : Fist letter Should be capital and must contains minimum 3 characters :
Wrong Input : Fist letter Should be capital and must contains minimum 3 characters :
Wrong Input : Fist letter Should be capital and must contains minimum 3 characters :
Wrong Input : Fist letter Should be capital and must contains minimum 3 characters :
Wrong Input : Fist letter Should be capital and must contains minimum 3 characters :
Wrong Input : Fist letter Should be capital and must contains minimum 3 characters :
Wrong Input : Fist letter Should be capital and must contains minimum 3 characters :
Wrong Input : Fist letter Should be capital and must contains minimum 3 characters :
Wrong Input : Fist letter Should be capital and must contains minimum 3 characters :
Wrong Input : Fist letter Should be capital and must contains minimum 3 characters :
Wrong Input : Fist letter Should be capital and must contains minimum 3 characters :
Wrong Input : Fist letter Should be capital and must contains minimum 3 characters :
Wrong Input : Fist letter Should be capital and must contains minimum 3 characters :
Wrong Input : Fist letter Should be capital and must contains minimum 3 characters :
Wrong Input : Fist letter Should be capital and must contains minimum 3 characters :
Wrong Input : Fist letter Should be capital and must contains minimum 3 characters :
Wrong Input : Fist letter Should be capital and must contains minimum 3 characters :
Wrong Input : Fist letter Should be capital and must contains minimum 3 characters :
Wrong Input : Fist letter Should be capital and must contains minimum 3 characters :
Wrong Input : Fist letter Should be capital and must contains minimum 3 characters :
Wrong Input : Fist letter Should be capital and must contains minimum 3 characters :
Wrong Input : Fist letter Should be capital and must contains minimum 3 characters :
Wrong Input : Fist letter Should be capital and must contains minimum 3 characters :
Wrong Input : Fist letter Should be capital and must contains minimum 3 characters :
Wrong Input : Fist letter Should be capital and must contains minimum 3 characters :
Wrong Input : Fist letter Should be capital and must contains minimum 3 characters :
Wrong Input : Fist letter Should be capital and must contains minimum 3 characters :
Wrong Input : Fist letter Should be capital and must contains minimum 3 characters :
Wrong Input : Fist letter Should be capital and must contains minimum 3 characters :
Wrong Input : Fist letter Should be capital and must contains minimum 3 characters :
Wrong Input : Fist letter Should be capital and must contains minimum 3 characters :
Wrong Input : Fist letter Should be capital and must contains minimum 3 characters :
Wrong Input : Fist letter Should be capital and must contains minimum 3 characters :
Wrong Input : Fist letter Should be capital and must contains minimum 3 characters :
Wrong Input : Fist letter Should be capital and must contains minimum 3 characters :
Wrong Input : Fist letter Should be capital and must contains minimum 3 characters :
Wrong Input : Fist letter Should be capital and must contains minimum 3 characters :
Wrong Input : Fist letter Should be capital and must contains minimum 3 characters :
Wrong Input : Fist letter Should be capital and must contains minimum 3 characters :
Wrong Input : Fist letter Should be capital and must contains minimum 3 characters :
Wrong Input : Fist letter Should be capital and must contains minimum 3 characters :
Wrong Input : Fist letter Should be capital and must contains minimum 3 characters :
Wrong Input : Fist letter Should be capital and must contains minimum 3 characters :
Wrong Input : Fist letter Should be capital and must contains minimum 3 characters :
Wrong Input : Fist letter Should be capital and must contains minimum 3 characters :
Wrong Input : Fist letter Should be capital and must contains minimum 3 characters :
Wrong Input : Fist letter Should be capital and must contains minimum 3 characters :
Wrong Input : Fist letter Should be capital and must contains minimum 3 characters :
Wrong Input : Fist letter Should be capital and must contains minimum 3 characters :
Wrong Input : Fist letter Should be capital and must contains minimum 3 characters :
Wrong Input : Fist letter Should be capital and must contains minimum 3 characters :
Wrong Input : Fist letter Should be capital and must contains minimum 3 characters :
Wrong Input : Fist letter Should be capital and must contains minimum 3 characters :
Wrong Input : Fist letter Should be capital and must contains minimum 3 characters :
Wrong Input : Fist letter Should be capital and must contains minimum 3 characters :
Wrong Input : Fist letter Should be capital and must contains minimum 3 characters :
Wrong Input : Fist letter Should be capital and must contains minimum 3 characters :
Wrong Input : Fist letter Should be capital and must contains minimum 3 characters :
Wrong Input : Fist letter Should be capital and must contains minimum 3 characters :
Wrong Input : Fist letter Should be capital and must contains minimum 3 characters :
Wrong Input : Fist letter Should be capital and must contains minimum 3 characters :
Wrong Input : Fist letter Should be capital and must contains minimum 3 characters :
Wrong Input : Fist letter Should be capital and must contains minimum 3 characters :
Wrong Input : Fist letter Should be capital and must contains minimum 3 characters :
Wrong Input : Fist letter Should be capital and must contains minimum 3 characters :
Wrong Input : Fist letter Should be capital and must contains minimum 3 characters :
Wrong Input : Fist letter Should be capital and must contains minimum 3 characters :
Wrong Input : Fist letter Should be capital and must contains minimum 3 characters :
Wrong Input : Fist letter Should be capital and must contains minimum 3 characters :
Wrong Input : Fist letter Should be capital and must contains minimum 3 characters :
Wrong Input : Fist letter Should be capital and must contains minimum 3 characters :
Wrong Input : Fist letter Should be capital and must contains minimum 3 characters :
Wrong Input : Fist letter Should be capital and must contains minimum 3 characters :
Wrong Input : Fist letter Should be capital and must contains minimum 3 characters :
Wrong Input : Fist letter Should be capital and must contains minimum 3 characters :
Wrong Input : Fist letter Should be capital and must contains minimum 3 characters :
Wrong Input : Fist letter Should be capital and must contains minimum 3 characters :
Wrong Input : Fist letter Should be capital and must contains minimum 3 characters :
Wrong Input : Fist letter Should be capital and must contains minimum 3 characters :
Wrong Input : Fist letter Should be capital and must contains minimum 3 characters :
Wrong Input : Fist letter Should be capital and must contains minimum 3 characters :
Wrong Input : Fist letter Should be capital and must contains minimum 3 characters :
Wrong Input : Fist letter Should be capital and must contains minimum 3 characters :
Wrong Input : Fist letter Should be capital and must contains minimum 3 characters :
Wrong Input : Fist letter Should be capital and must contains minimum 3 characters :
Wrong Input : Fist letter Should be capital and must contains minimum 3 characters :
Wrong Input : Fist letter Should be capital and must contains minimum 3 characters :
Wrong Input : Fist letter Should be capital and must contains minimum 3 characters :
Wrong Input : Fist letter Should be capital and must contains minimum 3 characters :
Wrong Input : Fist letter Should be capital and must contains minimum 3 characters :
Wrong Input : Fist letter Should be capital and must contains minimum 3 characters :
Wrong Input : Fist letter Should be capital and must contains minimum 3 characters :
Wrong Input : Fist letter Should be capital and must contains minimum 3 characters :
Wrong Input : Fist letter Should be capital and must contains minimum 3 characters :
Wrong Input : Fist letter Should be capital and must contains minimum 3 characters :
Wrong Input : Fist letter Should be capital and must contains minimum 3 characters :
Wrong Input : Fist letter Should be capital and must contains minimum 3 characters :
Wrong Input : Fist letter Should be capital and must contains minimum 3 characters :
Wrong Input : Fist letter Should be capital and must contains minimum 3 characters :
Wrong Input : Fist letter Should be capital and must contains minimum 3 characters :
Wrong Input : Fist letter Should be capital and must contains minimum 3 characters :
Wrong Input : Fist letter Should be capital and must contains minimum 3 characters :
Wrong Input : Fist letter Should be capital and must contains minimum 3 characters :
Wrong Input : Fist letter Should be capital and must contains minimum 3 characters :
Wrong Input : Fist letter Should be capital and must contains minimum 3 characters :
Wrong Input : Fist letter Should be capital and must contains minimum 3 characters :
Wrong Input : Fist letter Should be capital and must contains minimum 3 characters :
Wrong Input : Fist letter Should be capital and must contains minimum 3 characters :
Wrong Input : Fist letter Should be capital and must contains minimum 3 characters :
Wrong Input : Fist letter Should be capital and must contains minimum 3 characters :
Wrong Input : Fist letter Should be capital and must contains minimum 3 characters :
Wrong Input : Fist letter Should be capital and must contains minimum 3 characters :
Wrong Input : Fist letter Should be capital and must contains minimum 3 characters :
Wrong Input : Fist letter Should be capital and must contains minimum 3 characters :
Wrong Input : Fist letter Should be capital and must contains minimum 3 characters :
Wrong Input : Fist letter Should be capital and must contains minimum 3 characters :
Wrong Input : Fist letter Should be capital and must contains minimum 3 characters :
Wrong Input : Fist letter Should be capital and must contains minimum 3 characters :
Wrong Input : Fist letter Should be capital and must contains minimum 3 characters :
Wrong Input : Fist letter Should be capital and must contains minimum 3 characters :
Wrong Input : Fist letter Should be capital and must contains minimum 3 characters :
Wrong Input : Fist letter Should be capital and must contains minimum 3 characters :
Wrong Input : Fist letter Should be capital and must contains minimum 3 characters :
Wrong Input : Fist letter Should be capital and must contains minimum 3 characters :
Wrong Input : Fist letter Should be capital and must contains minimum 3 characters :
Wrong Input : Fist letter Should be capital and must contains minimum 3 characters :
Wrong Input : Fist letter Should be capital and must contains minimum 3 characters :
Wrong Input : Fist letter Should be capital and must contains minimum 3 characters :
Wrong Input : Fist letter Should be capital and must contains minimum 3 characters :
Wrong Input : Fist letter Should be capital and must contains minimum 3 characters :
Wrong Input : Fist letter Should be capital and must contains minimum 3 characters :
Wrong Input : Fist letter Should be capital and must contains minimum 3 characters :
Wrong Input : Fist letter Should be capital and must contains minimum 3 characters :
Wrong Input : Fist letter Should be capital and must contains minimum 3 characters :
Wrong Input : Fist letter Should be capital and must contains minimum 3 characters :
Wrong Input : Fist letter Should be capital and must contains minimum 3 characters :
Wrong Input : Fist letter Should be capital and must contains minimum 3 characters :
Wrong Input : Fist letter Should be capital and must contains minimum 3 characters :
Wrong Input : Fist letter Should be capital and must contains minimum 3 characters :
Wrong Input : Fist letter Should be capital and must contains minimum 3 characters :
Wrong Input : Fist letter Should be capital and must contains minimum 3 characters :
Wrong Input : Fist letter Should be capital and must contains minimum 3 characters :
Wrong Input : Fist letter Should be capital and must contains minimum 3 characters :
Wrong Input : Fist letter Should be capital and must contains minimum 3 characters :
Wrong Input : Fist letter Should be capital and must contains minimum 3 characters :
Wrong Input : Fist letter Should be capital and must contains minimum 3 characters :
Wrong Input : Fist letter Should be capital and must contains minimum 3 characters :
Wrong Input : Fist letter Should be capital and must contains minimum 3 characters :
Wrong Input : Fist letter Should be capital and must contains minimum 3 characters :
Wrong Input : Fist letter Should be capital and must contains minimum 3 characters :
Wrong Input : Fist letter Should be capital and must contains minimum 3 characters :
Wrong Input : Fist letter Should be capital and must contains minimum 3 characters :
Wrong Input : Fist letter Should be capital and must contains minimum 3 characters :
Wrong Input : Fist letter Should be capital and must contains minimum 3 characters :
Wrong Input : Fist letter Should be capital and must contains minimum 3 characters :
Wrong Input : Fist letter Should be capital and must contains minimum 3 characters :
Wrong Input : Fist letter Should be capital and must contains minimum 3 characters :
Wrong Input : Fist letter Should be capital and must contains minimum 3 characters :
Wrong Input : Fist letter Should be capital and must contains minimum 3 characters :
Wrong Input : Fist letter Should be capital and must contains minimum 3 characters :
Wrong Input : Fist letter Should be capital and must contains minimum 3 characters :
Wrong Input : Fist letter Should be capital and must contains minimum 3 characters :
Wrong Input : Fist letter Should be capital and must contains minimum 3 characters :
Wrong Input : Fist letter Should be capital and must contains minimum 3 characters :
Wrong Input : Fist letter Should be capital and must contains minimum 3 characters :
Wrong Input : Fist letter Should be capital and must contains minimum 3 characters :
Wrong Input : Fist letter Should be capital and must contains minimum 3 characters :
Wrong Input : Fist letter Should be capital and must contains minimum 3 characters :
Wrong Input : Fist letter Should be capital and must contains minimum 3 characters :
Wrong Input : Fist letter Should be capital and must contains minimum 3 characters :
Wrong Input : Fist letter Should be capital and must contains minimum 3 characters :
Wrong Input : Fist letter Should be capital and must contains minimum 3 characters :
Wrong Input : Fist letter Should be capital and must contains minimum 3 characters :
Wrong Input : Fist letter Should be capital and must contains minimum 3 characters :
Wrong Input : Fist letter Should be capital and must contains minimum 3 characters :
Wrong Input : Fist letter Should be capital and must contains minimum 3 characters :
Wrong Input : Fist letter Should be capital and must contains minimum 3 characters :
Wrong Input : Fist letter Should be capital and must contains minimum 3 characters :
Wrong Input : Fist letter Should be capital and must contains minimum 3 characters :
Wrong Input : Fist letter Should be capital and must contains minimum 3 characters :
Wrong Input : Fist letter Should be capital and must contains minimum 3 characters :
Wrong Input : Fist letter Should be capital and must contains minimum 3 characters :
Wrong Input : Fist letter Should be capital and must contains minimum 3 characters :
Wrong Input : Fist letter Should be capital and must contains minimum 3 characters :
Wrong Input : Fist letter Should be capital and must contains minimum 3 characters :
Wrong Input : Fist letter Should be capital and must contains minimum 3 characters :
Wrong Input : Fist letter Should be capital and must contains minimum 3 characters :
Wrong Input : Fist letter Should be capital and must contains minimum 3 characters :
Wrong Input : Fist letter Should be capital and must contains minimum 3 characters :
Wrong Input : Fist letter Should be capital and must contains minimum 3 characters :
Wrong Input : Fist letter Should be capital and must contains minimum 3 characters :
Wrong Input : Fist letter Should be capital and must contains minimum 3 characters :
Wrong Input : Fist letter Should be capital and must contains minimum 3 characters :
Wrong Input : Fist letter Should be capital and must contains minimum 3 characters :
Wrong Input : Fist letter Should be capital and must contains minimum 3 characters :
Wrong Input : Fist letter Should be capital and must contains minimum 3 characters :
Wrong Input : Fist letter Should be capital and must contains minimum 3 characters :
Wrong Input : Fist letter Should be capital and must contains minimum 3 characters :
Wrong Input : Fist letter Should be capital and must contains minimum 3 characters :
Wrong Input : Fist letter Should be capital and must contains minimum 3 characters :
Wrong Input : Fist letter Should be capital and must contains minimum 3 characters :
Wrong Input : Fist letter Should be capital and must contains minimum 3 characters :
Wrong Input : Fist letter Should be capital and must contains minimum 3 characters :
Wrong Input : Fist letter Should be capital and must contains minimum 3 characters :
Wrong Input : Fist letter Should be capital and must contains minimum 3 characters :
Wrong Input : Fist letter Should be capital and must contains minimum 3 characters :
Wrong Input : Fist letter Should be capital and must contains minimum 3 characters :
Wrong Input : Fist letter Should be capital and must contains minimum 3 characters :
Wrong Input : Fist letter Should be capital and must contains minimum 3 characters :
Wrong Input : Fist letter Should be capital and must contains minimum 3 characters :
Wrong Input : Fist letter Should be capital and must contains minimum 3 characters :
Wrong Input : Fist letter Should be capital and must contains minimum 3 characters :
Wrong Input : Fist letter Should be capital and must contains minimum 3 characters :
Wrong Input : Fist letter Should be capital and must contains minimum 3 characters :
Wrong Input : Fist letter Should be capital and must contains minimum 3 characters :
Wrong Input : Fist letter Should be capital and must contains minimum 3 characters :
Wrong Input : Fist letter Should be capital and must contains minimum 3 characters :
Wrong Input : Fist letter Should be capital and must contains minimum 3 characters :
Wrong Input : Fist letter Should be capital and must contains minimum 3 characters :
Wrong Input : Fist letter Should be capital and must contains minimum 3 characters :
Wrong Input : Fist letter Should be capital and must contains minimum 3 characters :
Wrong Input : Fist letter Should be capital and must contains minimum 3 characters :
Wrong Input : Fist letter Should be capital and must contains minimum 3 characters :
Wrong Input : Fist letter Should be capital and must contains minimum 3 characters :
Wrong Input : Fist letter Should be capital and must contains minimum 3 characters :
Wrong Input : Fist letter Should be capital and must contains minimum 3 characters :
Wrong Input : Fist letter Should be capital and must contains minimum 3 characters :
Wrong Input : Fist letter Should be capital and must contains minimum 3 characters :
Wrong Input : Fist letter Should be capital and must contains minimum 3 characters :
Wrong Input : Fist letter Should be capital and must contains minimum 3 characters :
Wrong Input : Fist letter Should be capital and must contains minimum 3 characters :
Wrong Input : Fist letter Should be capital and must contains minimum 3 characters :
Wrong Input : Fist letter Should be capital and must contains minimum 3 characters :
Wrong Input : Fist letter Should be capital and must contains minimum 3 characters :
Wrong Input : Fist letter Should be capital and must contains minimum 3 characters :
Wrong Input : Fist letter Should be capital and must contains minimum 3 characters :
Wrong Input : Fist letter Should be capital and must contains minimum 3 characters :
Wrong Input : Fist letter Should be capital and must contains minimum 3 characters :
Wrong Input : Fist letter Should be capital and must contains minimum 3 characters :
Wrong Input : Fist letter Should be capital and must contains minimum 3 characters :
Wrong Input : Fist letter Should be capital and must contains minimum 3 characters :
Wrong Input : Fist letter Should be capital and must contains minimum 3 characters :
Wrong Input : Fist letter Should be capital and must contains minimum 3 characters :
Wrong Input : Fist letter Should be capital and must contains minimum 3 characters :
Wrong Input : Fist letter Should be capital and must contains minimum 3 characters :
Wrong Input : Fist letter Should be capital and must contains minimum 3 characters :
Wrong Input : Fist letter Should be capital and must contains minimum 3 characters :
Wrong Input : Fist letter Should be capital and must contains minimum 3 characters :
Wrong Input : Fist letter Should be capital and must contains minimum 3 characters :
Wrong Input : Fist letter Should be capital and must contains minimum 3 characters :
Wrong Input : Fist letter Should be capital and must contains minimum 3 characters :
Wrong Input : Fist letter Should be capital and must contains minimum 3 characters :
Wrong Input : Fist letter Should be capital and must contains minimum 3 characters :
Wrong Input : Fist letter Should be capital and must contains minimum 3 characters :
Wrong Input : Fist letter Should be capital and must contains minimum 3 characters :
Wrong Input : Fist letter Should be capital and must contains minimum 3 characters :
Wrong Input : Fist letter Should be capital and must contains minimum 3 characters :
Wrong Input : Fist letter Should be capital and must contains minimum 3 characters :
Wrong Input : Fist letter Should be capital and must contains minimum 3 characters :
Wrong Input : Fist letter Should be capital and must contains minimum 3 characters :
Wrong Input : Fist letter Should be capital and must contains minimum 3 characters :
Wrong Input : Fist letter Should be capital and must contains minimum 3 characters :
Wrong Input : Fist letter Should be capital and must contains minimum 3 characters :
Wrong Input : Fist letter Should be capital and must contains minimum 3 characters :
Wrong Input : Fist letter Should be capital and must contains minimum 3 characters :
Wrong Input : Fist letter Should be capital and must contains minimum 3 characters :
Wrong Input : Fist letter Should be capital and must contains minimum 3 characters :
Wrong Input : Fist letter Should be capital and must contains minimum 3 characters :
Wrong Input : Fist letter Should be capital and must contains minimum 3 characters :
Wrong Input : Fist letter Should be capital and must contains minimum 3 characters :
Wrong Input : Fist letter Should be capital and must contains minimum 3 characters :
Wrong Input : Fist letter Should be capital and must contains minimum 3 characters :
Wrong Input : Fist letter Should be capital and must contains minimum 3 characters :
Wrong Input : Fist letter Should be capital and must contains minimum 3 characters :
Wrong Input : Fist letter Should be capital and must contains minimum 3 characters :
Wrong Input : Fist letter Should be capital and must contains minimum 3 characters :
Wrong Input : Fist letter Should be capital and must contains minimum 3 characters :
Wrong Input : Fist letter Should be capital and must contains minimum 3 characters :
Wrong Input : Fist letter Should be capital and must contains minimum 3 characters :
Wrong Input : Fist letter Should be capital and must contains minimum 3 characters :
Wrong Input : Fist letter Should be capital and must contains minimum 3 characters :
Wrong Input : Fist letter Should be capital and must contains minimum 3 characters :
Wrong Input : Fist letter Should be capital and must contains minimum 3 characters :
Wrong Input : Fist letter Should be capital and must contains minimum 3 characters :
Wrong Input : Fist letter Should be capital and must contains minimum 3 characters :
Wrong Input : Fist letter Should be capital and must contains minimum 3 characters :
Wrong Input : Fist letter Should be capital and must contains minimum 3 characters :
Wrong Input : Fist letter Should be capital and must contains minimum 3 characters :
Wrong Input : Fist letter Should be capital and must contains minimum 3 characters :
Wrong Input : Fist letter Should be capital and must contains minimum 3 characters :
Wrong Input : Fist letter Should be capital and must contains minimum 3 characters :
Wrong Input : Fist letter Should be capital and must contains minimum 3 characters :
Wrong Input : Fist letter Should be capital and must contains minimum 3 characters :
Wrong Input : Fist letter Should be capital and must contains minimum 3 characters :
Wrong Input : Fist letter Should be capital and must contains minimum 3 characters :
Wrong Input : Fist letter Should be capital and must contains minimum 3 characters :
Wrong Input : Fist letter Should be capital and must contains minimum 3 characters :
Wrong Input : Fist letter Should be capital and must contains minimum 3 characters :
Wrong Input : Fist letter Should be capital and must contains minimum 3 characters :
Wrong Input : Fist letter Should be capital and must contains minimum 3 characters :
Wrong Input : Fist letter Should be capital and must contains minimum 3 characters :
Wrong Input : Fist letter Should be capital and must contains minimum 3 characters :
Wrong Input : Fist letter Should be capital and must contains minimum 3 characters :
Wrong Input : Fist letter Should be capital and must contains minimum 3 characters :
Wrong Input : Fist letter Should be capital and must contains minimum 3 characters :
Wrong Input : Fist letter Should be capital and must contains minimum 3 characters :
Wrong Input : Fist letter Should be capital and must contains minimum 3 characters :
Wrong Input : Fist letter Should be capital and must contains minimum 3 characters :
Wrong Input : Fist letter Should be capital and must contains minimum 3 characters :
Wrong Input : Fist letter Should be capital and must contains minimum 3 characters :
Wrong Input : Fist letter Should be capital and must contains minimum 3 characters :
Wrong Input : Fist letter Should be capital and must contains minimum 3 characters :
Wrong Input : Fist letter Should be capital and must contains minimum 3 characters :
Wrong Input : Fist letter Should be capital and must contains minimum 3 characters :
Wrong Input : Fist letter Should be capital and must contains minimum 3 characters :
Wrong Input : Fist letter Should be capital and must contains minimum 3 characters :
Wrong Input : Fist letter Should be capital and must contains minimum 3 characters :
Wrong Input : Fist letter Should be capital and must contains minimum 3 characters :
Wrong Input : Fist letter Should be capital and must contains minimum 3 characters :
Wrong Input : Fist letter Should be capital and must contains minimum 3 characters :
Wrong Input : Fist letter Should be capital and must contains minimum 3 characters :
Wrong Input : Fist letter Should be capital and must contains minimum 3 characters :
Wrong Input : Fist letter Should be capital and must contains minimum 3 characters :
Wrong Input : Fist letter Should be capital and must contains minimum 3 characters :
Wrong Input : Fist letter Should be capital and must contains minimum 3 characters :
Wrong Input : Fist letter Should be capital and must contains minimum 3 characters :
Wrong Input : Fist letter Should be capital and must contains minimum 3 characters :
Wrong Input : Fist letter Should be capital and must contains minimum 3 characters :
Wrong Input : Fist letter Should be capital and must contains minimum 3 characters :
Wrong Input : Fist letter Should be capital and must contains minimum 3 characters :
Wrong Input : Fist letter Should be capital and must contains minimum 3 characters :
Wrong Input : Fist letter Should be capital and must contains minimum 3 characters :
Wrong Input : Fist letter Should be capital and must contains minimum 3 characters :
Wrong Input : Fist letter Should be capital and must contains minimum 3 characters :
Wrong Input : Fist letter Should be capital and must contains minimum 3 characters :
Wrong Input : Fist letter Should be capital and must contains minimum 3 characters :
Wrong Input : Fist letter Should be capital and must contains minimum 3 characters :
Wrong Input : Fist letter Should be capital and must contains minimum 3 characters :
Wrong Input : Fist letter Should be capital and must contains minimum 3 characters :
Wrong Input : Fist letter Should be capital and must contains minimum 3 characters :
Wrong Input : Fist letter Should be capital and must contains minimum 3 characters :
Wrong Input : Fist letter Should be capital and must contains minimum 3 characters :
Wrong Input : Fist letter Should be capital and must contains minimum 3 characters :
Wrong Input : Fist letter Should be capital and must contains minimum 3 characters :
Wrong Input : Fist letter Should be capital and must contains minimum 3 characters :
Wrong Input : Fist letter Should be capital and must contains minimum 3 characters :
Wrong Input : Fist letter Should be capital and must contains minimum 3 characters :
Wrong Input : Fist letter Should be capital and must contains minimum 3 characters :
Wrong Input : Fist letter Should be capital and must contains minimum 3 characters :
Wrong Input : Fist letter Should be capital and must contains minimum 3 characters :
Wrong Input : Fist letter Should be capital and must contains minimum 3 characters :
Wrong Input : Fist letter Should be capital and must contains minimum 3 characters :
Wrong Input : Fist letter Should be capital and must contains minimum 3 characters :
Wrong Input : Fist letter Should be capital and must contains minimum 3 characters :
Wrong Input : Fist letter Should be capital and must contains minimum 3 characters :
Wrong Input : Fist letter Should be capital and must contains minimum 3 characters :
Wrong Input : Fist letter Should be capital and must contains minimum 3 characters :
Wrong Input : Fist letter Should be capital and must contains minimum 3 characters :
Wrong Input : Fist letter Should be capital and must contains minimum 3 characters :
Wrong Input : Fist letter Should be capital and must contains minimum 3 characters :
Wrong Input : Fist letter Should be capital and must contains minimum 3 characters :
Wrong Input : Fist letter Should be capital and must contains minimum 3 characters :
Wrong Input : Fist letter Should be capital and must contains minimum 3 characters :
Wrong Input : Fist letter Should be capital and must contains minimum 3 characters :
Wrong Input : Fist letter Should be capital and must contains minimum 3 characters :
Wrong Input : Fist letter Should be capital and must contains minimum 3 characters :
Wrong Input : Fist letter Should be capital and must contains minimum 3 characters :
Wrong Input : Fist letter Should be capital and must contains minimum 3 characters :
Wrong Input : Fist letter Should be capital and must contains minimum 3 characters :
Wrong Input : Fist letter Should be capital and must contains minimum 3 characters :
Wrong Input : Fist letter Should be capital and must contains minimum 3 characters :
Wrong Input : Fist letter Should be capital and must contains minimum 3 characters :
Wrong Input : Fist letter Should be capital and must contains minimum 3 characters :
Wrong Input : Fist letter Should be capital and must contains minimum 3 characters :
Wrong Input : Fist letter Should be capital and must contains minimum 3 characters :
Wrong Input : Fist letter Should be capital and must contains minimum 3 characters :
Wrong Input : Fist letter Should be capital and must contains minimum 3 characters :
Wrong Input : Fist letter Should be capital and must contains minimum 3 characters :
Wrong Input : Fist letter Should be capital and must contains minimum 3 characters :
Wrong Input : Fist letter Should be capital and must contains minimum 3 characters :
Wrong Input : Fist letter Should be capital and must contains minimum 3 characters :
Wrong Input : Fist letter Should be capital and must contains minimum 3 characters :
Wrong Input : Fist letter Should be capital and must contains minimum 3 characters :
Wrong Input : Fist letter Should be capital and must contains minimum 3 characters :
Wrong Input : Fist letter Should be capital and must contains minimum 3 characters :
Wrong Input : Fist letter Should be capital and must contains minimum 3 characters :
Wrong Input : Fist letter Should be capital and must contains minimum 3 characters :
Wrong Input : Fist letter Should be capital and must contains minimum 3 characters :
Wrong Input : Fist letter Should be capital and must contains minimum 3 characters :
Wrong Input : Fist letter Should be capital and must contains minimum 3 characters :
Wrong Input : Fist letter Should be capital and must contains minimum 3 characters :
Wrong Input : Fist letter Should be capital and must contains minimum 3 characters :
Wrong Input : Fist letter Should be capital and must contains minimum 3 characters :
Wrong Input : Fist letter Should be capital and must contains minimum 3 characters :
Wrong Input : Fist letter Should be capital and must contains minimum 3 characters :
Wrong Input : Fist letter Should be capital and must contains minimum 3 characters :
Wrong Input : Fist letter Should be capital and must contains minimum 3 characters :
Wrong Input : Fist letter Should be capital and must contains minimum 3 characters :
Wrong Input : Fist letter Should be capital and must contains minimum 3 characters :
Wrong Input : Fist letter Should be capital and must contains minimum 3 characters :
Wrong Input : Fist letter Should be capital and must contains minimum 3 characters :
Wrong Input : Fist letter Should be capital and must contains minimum 3 characters :
Wrong Input : Fist letter Should be capital and must contains minimum 3 characters :
Wrong Input : Fist letter Should be capital and must contains minimum 3 characters :
Wrong Input : Fist letter Should be capital and must contains minimum 3 characters :
Wrong Input : Fist letter Should be capital and must contains minimum 3 characters :
Wrong Input : Fist letter Should be capital and must contains minimum 3 characters :
Wrong Input : Fist letter Should be capital and must contains minimum 3 characters :
Wrong Input : Fist letter Should be capital and must contains minimum 3 characters :
Wrong Input : Fist letter Should be capital and must contains minimum 3 characters :
Wrong Input : Fist letter Should be capital and must contains minimum 3 characters :
Wrong Input : Fist letter Should be capital and must contains minimum 3 characters :
Wrong Input : Fist letter Should be capital and must contains minimum 3 characters :
Wrong Input : Fist letter Should be capital and must contains minimum 3 characters :
Wrong Input : Fist letter Should be capital and must contains minimum 3 characters :
Wrong Input : Fist letter Should be capital and must contains minimum 3 characters :
Wrong Input : Fist letter Should be capital and must contains minimum 3 characters :
Wrong Input : Fist letter Should be capital and must contains minimum 3 characters :
Wrong Input : Fist letter Should be capital and must contains minimum 3 characters :
Wrong Input : Fist letter Should be capital and must contains minimum 3 characters :
Wrong Input : Fist letter Should be capital and must contains minimum 3 characters :
Wrong Input : Fist letter Should be capital and must contains minimum 3 characters :
Wrong Input : Fist letter Should be capital and must contains minimum 3 characters :
Wrong Input : Fist letter Should be capital and must contains minimum 3 characters :
Wrong Input : Fist letter Should be capital and must contains minimum 3 characters :
Wrong Input : Fist letter Should be capital and must contains minimum 3 characters :
Wrong Input : Fist letter Should be capital and must contains minimum 3 characters :
Wrong Input : Fist letter Should be capital and must contains minimum 3 characters :
Wrong Input : Fist letter Should be capital and must contains minimum 3 characters :
Wrong Input : Fist letter Should be capital and must contains minimum 3 characters :
Wrong Input : Fist letter Should be capital and must contains minimum 3 characters :
Wrong Input : Fist letter Should be capital and must contains minimum 3 characters :
Wrong Input : Fist letter Should be capital and must contains minimum 3 characters :
Wrong Input : Fist letter Should be capital and must contains minimum 3 characters :
Wrong Input : Fist letter Should be capital and must contains minimum 3 characters :
Wrong Input : Fist letter Should be capital and must contains minimum 3 characters :
Wrong Input : Fist letter Should be capital and must contains minimum 3 characters :
Wrong Input : Fist letter Should be capital and must contains minimum 3 characters :
Wrong Input : Fist letter Should be capital and must contains minimum 3 characters :
Wrong Input : Fist letter Should be capital and must contains minimum 3 characters :
Wrong Input : Fist letter Should be capital and must contains minimum 3 characters :
Wrong Input : Fist letter Should be capital and must contains minimum 3 characters :
Wrong Input : Fist letter Should be capital and must contains minimum 3 characters :
Wrong Input : Fist letter Should be capital and must contains minimum 3 characters :
Wrong Input : Fist letter Should be capital and must contains minimum 3 characters :
Wrong Input : Fist letter Should be capital and must contains minimum 3 characters :
Wrong Input : Fist letter Should be capital and must contains minimum 3 characters :
Wrong Input : Fist letter Should be capital and must contains minimum 3 characters :
Wrong Input : Fist letter Should be capital and must contains minimum 3 characters :
Wrong Input : Fist letter Should be capital and must contains minimum 3 characters :
Wrong Input : Fist letter Should be capital and must contains minimum 3 characters :
Wrong Input : Fist letter Should be capital and must contains minimum 3 characters :
Wrong Input : Fist letter Should be capital and must contains minimum 3 characters :
Wrong Input : Fist letter Should be capital and must contains minimum 3 characters :
Wrong Input : Fist letter Should be capital and must contains minimum 3 characters :
Wrong Input : Fist letter Should be capital and must contains minimum 3 characters :
Wrong Input : Fist letter Should be capital and must contains minimum 3 characters :
Wrong Input : Fist letter Should be capital and must contains minimum 3 characters :
Wrong Input : Fist letter Should be capital and must contains minimum 3 characters :
Wrong Input : Fist letter Should be capital and must contains minimum 3 characters :
Wrong Input : Fist letter Should be capital and must contains minimum 3 characters :
Wrong Input : Fist letter Should be capital and must contains minimum 3 characters :
Wrong Input : Fist letter Should be capital and must contains minimum 3 characters :
Wrong Input : Fist letter Should be capital and must contains minimum 3 characters :
Wrong Input : Fist letter Should be capital and must contains minimum 3 characters :
Wrong Input : Fist letter Should be capital and must contains minimum 3 characters :
Wrong Input : Fist letter Should be capital and must contains minimum 3 characters :
Wrong Input : Fist letter Should be capital and must contains minimum 3 characters :
Wrong Input : Fist letter Should be capital and must contains minimum 3 characters :
Wrong Input : Fist letter Should be capital and must contains minimum 3 characters :
Wrong Input : Fist letter Should be capital and must contains minimum 3 characters :
Wrong Input : Fist letter Should be capital and must contains minimum 3 characters :
Wrong Input : Fist letter Should be capital and must contains minimum 3 characters :
Wrong Input : Fist letter Should be capital and must contains minimum 3 characters :
Wrong Input : Fist letter Should be capital and must contains minimum 3 characters :
Wrong Input : Fist letter Should be capital and must contains minimum 3 characters :
Wrong Input : Fist letter Should be capital and must contains minimum 3 characters :
Wrong Input : Fist letter Should be capital and must contains minimum 3 characters :
Wrong Input : Fist letter Should be capital and must contains minimum 3 characters :
Wrong Input : Fist letter Should be capital and must contains minimum 3 characters :
Wrong Input : Fist letter Should be capital and must contains minimum 3 characters :
Wrong Input : Fist letter Should be capital and must contains minimum 3 characters :
Wrong Input : Fist letter Should be capital and must contains minimum 3 characters :
Wrong Input : Fist letter Should be capital and must contains minimum 3 characters :
Wrong Input : Fist letter Should be capital and must contains minimum 3 characters :
Wrong Input : Fist letter Should be capital and must contains minimum 3 characters :
Wrong Input : Fist letter Should be capital and must contains minimum 3 characters :
Wrong Input : Fist letter Should be capital and must contains minimum 3 characters :
Wrong Input : Fist letter Should be capital and must contains minimum 3 characters :
Wrong Input : Fist letter Should be capital and must contains minimum 3 characters :
Wrong Input : Fist letter Should be capital and must contains minimum 3 characters :
Wrong Input : Fist letter Should be capital and must contains minimum 3 characters :
Wrong Input : Fist letter Should be capital and must contains minimum 3 characters :
Wrong Input : Fist letter Should be capital and must contains minimum 3 characters :
Wrong Input : Fist letter Should be capital and must contains minimum 3 characters :
Wrong Input : Fist letter Should be capital and must contains minimum 3 characters :
Wrong Input : Fist letter Should be capital and must contains minimum 3 characters :
Wrong Input : Fist letter Should be capital and must contains minimum 3 characters :
Wrong Input : Fist letter Should be capital and must contains minimum 3 characters :
Wrong Input : Fist letter Should be capital and must contains minimum 3 characters :
Wrong Input : Fist letter Should be capital and must contains minimum 3 characters :
Wrong Input : Fist letter Should be capital and must contains minimum 3 characters :
Wrong Input : Fist letter Should be capital and must contains minimum 3 characters :
Wrong Input : Fist letter Should be capital and must contains minimum 3 characters :
Wrong Input : Fist letter Should be capital and must contains minimum 3 characters :
Wrong Input : Fist letter Should be capital and must contains minimum 3 characters :
Wrong Input : Fist letter Should be capital and must contains minimum 3 characters :
Wrong Input : Fist letter Should be capital and must contains minimum 3 characters :
Wrong Input : Fist letter Should be capital and must contains minimum 3 characters :
Wrong Input : Fist letter Should be capital and must contains minimum 3 characters :
Wrong Input : Fist letter Should be capital and must contains minimum 3 characters :
Wrong Input : Fist letter Should be capital and must contains minimum 3 characters :
Wrong Input : Fist letter Should be capital and must contains minimum 3 characters :
Wrong Input : Fist letter Should be capital and must contains minimum 3 characters :
Wrong Input : Fist letter Should be capital and must contains minimum 3 characters :
Wrong Input : Fist letter Should be capital and must contains minimum 3 characters :
Wrong Input : Fist letter Should be capital and must contains minimum 3 characters :
Wrong Input : Fist letter Should be capital and must contains minimum 3 characters :
Wrong Input : Fist letter Should be capital and must contains minimum 3 characters :
Wrong Input : Fist letter Should be capital and must contains minimum 3 characters :
Wrong Input : Fist letter Should be capital and must contains minimum 3 characters :
Wrong Input : Fist letter Should be capital and must contains minimum 3 characters :
Wrong Input : Fist letter Should be capital and must contains minimum 3 characters :
Wrong Input : Fist letter Should be capital and must contains minimum 3 characters :
Wrong Input : Fist letter Should be capital and must contains minimum 3 characters :
Wrong Input : Fist letter Should be capital and must contains minimum 3 characters :
Wrong Input : Fist letter Should be capital and must contains minimum 3 characters :
Wrong Input : Fist letter Should be capital and must contains minimum 3 characters :
Wrong Input : Fist letter Should be capital and must contains minimum 3 characters :
Wrong Input : Fist letter Should be capital and must contains minimum 3 characters :
Wrong Input : Fist letter Should be capital and must contains minimum 3 characters :
Wrong Input : Fist letter Should be capital and must contains minimum 3 characters :
Wrong Input : Fist letter Should be capital and must contains minimum 3 characters :
Wrong Input : Fist letter Should be capital and must contains minimum 3 characters :
Wrong Input : Fist letter Should be capital and must contains minimum 3 characters :
Wrong Input : Fist letter Should be capital and must contains minimum 3 characters :
Wrong Input : Fist letter Should be capital and must contains minimum 3 characters :
Wrong Input : Fist letter Should be capital and must contains minimum 3 characters :
Wrong Input : Fist letter Should be capital and must contains minimum 3 characters :
Wrong Input : Fist letter Should be capital and must contains minimum 3 characters :
Wrong Input : Fist letter Should be capital and must contains minimum 3 characters :
Wrong Input : Fist letter Should be capital and must contains minimum 3 characters :
Wrong Input : Fist letter Should be capital and must contains minimum 3 characters :
Wrong Input : Fist letter Should be capital and must contains minimum 3 characters :
Wrong Input : Fist letter Should be capital and must contains minimum 3 characters :
Wrong Input : Fist letter Should be capital and must contains minimum 3 characters :
Wrong Input : Fist letter Should be capital and must contains minimum 3 characters :
Wrong Input : Fist letter Should be capital and must contains minimum 3 characters :
Wrong Input : Fist letter Should be capital and must contains minimum 3 characters :
Wrong Input : Fist letter Should be capital and must contains minimum 3 characters :
Wrong Input : Fist letter Should be capital and must contains minimum 3 characters :
Wrong Input : Fist letter Should be capital and must contains minimum 3 characters :
Wrong Input : Fist letter Should be capital and must contains minimum 3 characters :
Wrong Input : Fist letter Should be capital and must contains minimum 3 characters :
Wrong Input : Fist letter Should be capital and must contains minimum 3 characters :
Wrong Input : Fist letter Should be capital and must contains minimum 3 characters :
Wrong Input : Fist letter Should be capital and must contains minimum 3 characters :
Wrong Input : Fist letter Should be capital and must contains minimum 3 characters :
Wrong Input : Fist letter Should be capital and must contains minimum 3 characters :
Wrong Input : Fist letter Should be capital and must contains minimum 3 characters :
Wrong Input : Fist letter Should be capital and must contains minimum 3 characters :
Wrong Input : Fist letter Should be capital and must contains minimum 3 characters :
Wrong Input : Fist letter Should be capital and must contains minimum 3 characters :
Wrong Input : Fist letter Should be capital and must contains minimum 3 characters :
Wrong Input : Fist letter Should be capital and must contains minimum 3 characters :
Wrong Input : Fist letter Should be capital and must contains minimum 3 characters :
Wrong Input : Fist letter Should be capital and must contains minimum 3 characters :
Wrong Input : Fist letter Should be capital and must contains minimum 3 characters :
Wrong Input : Fist letter Should be capital and must contains minimum 3 characters :
Wrong Input : Fist letter Should be capital and must contains minimum 3 characters :
Wrong Input : Fist letter Should be capital and must contains minimum 3 characters :
Wrong Input : Fist letter Should be capital and must contains minimum 3 characters :
Wrong Input : Fist letter Should be capital and must contains minimum 3 characters :
Wrong Input : Fist letter Should be capital and must contains minimum 3 characters :
Wrong Input : Fist letter Should be capital and must contains minimum 3 characters :
Wrong Input : Fist letter Should be capital and must contains minimum 3 characters :
Wrong Input : Fist letter Should be capital and must contains minimum 3 characters :
Wrong Input : Fist letter Should be capital and must contains minimum 3 characters :
Wrong Input : Fist letter Should be capital and must contains minimum 3 characters :
Wrong Input : Fist letter Should be capital and must contains minimum 3 characters :
Wrong Input : Fist letter Should be capital and must contains minimum 3 characters :
Wrong Input : Fist letter Should be capital and must contains minimum 3 characters :
Wrong Input : Fist letter Should be capital and must contains minimum 3 characters :
Wrong Input : Fist letter Should be capital and must contains minimum 3 characters :
Wrong Input : Fist letter Should be capital and must contains minimum 3 characters :
Wrong Input : Fist letter Should be capital and must contains minimum 3 characters :
Wrong Input : Fist letter Should be capital and must contains minimum 3 characters :
Wrong Input : Fist letter Should be capital and must contains minimum 3 characters :
Wrong Input : Fist letter Should be capital and must contains minimum 3 characters :
Wrong Input : Fist letter Should be capital and must contains minimum 3 characters :
Wrong Input : Fist letter Should be capital and must contains minimum 3 characters :
Wrong Input : Fist letter Should be capital and must contains minimum 3 characters :
Wrong Input : Fist letter Should be capital and must contains minimum 3 characters :
Wrong Input : Fist letter Should be capital and must contains minimum 3 characters :
Wrong Input : Fist letter Should be capital and must contains minimum 3 characters :
Wrong Input : Fist letter Should be capital and must contains minimum 3 characters :
Wrong Input : Fist letter Should be capital and must contains minimum 3 characters :
Wrong Input : Fist letter Should be capital and must contains minimum 3 characters :
Wrong Input : Fist letter Should be capital and must contains minimum 3 characters :
Wrong Input : Fist letter Should be capital and must contains minimum 3 characters :
Wrong Input : Fist letter Should be capital and must contains minimum 3 characters :
Wrong Input : Fist letter Should be capital and must contains minimum 3 characters :
Wrong Input : Fist letter Should be capital and must contains minimum 3 characters :
Wrong Input : Fist letter Should be capital and must contains minimum 3 characters :
Wrong Input : Fist letter Should be capital and must contains minimum 3 characters :
Wrong Input : Fist letter Should be capital and must contains minimum 3 characters :
Wrong Input : Fist letter Should be capital and must contains minimum 3 characters :
Wrong Input : Fist letter Should be capital and must contains minimum 3 characters :
Wrong Input : Fist letter Should be capital and must contains minimum 3 characters :
Wrong Input : Fist letter Should be capital and must contains minimum 3 characters :
Wrong Input : Fist letter Should be capital and must contains minimum 3 characters :
Wrong Input : Fist letter Should be capital and must contains minimum 3 characters :
Wrong Input : Fist letter Should be capital and must contains minimum 3 characters :
Wrong Input : Fist letter Should be capital and must contains minimum 3 characters :
Wrong Input : Fist letter Should be capital and must contains minimum 3 characters :
Wrong Input : Fist letter Should be capital and must contains minimum 3 characters :
Wrong Input : Fist letter Should be capital and must contains minimum 3 characters :
Wrong Input : Fist letter Should be capital and must contains minimum 3 characters :
Wrong Input : Fist letter Should be capital and must contains minimum 3 characters :
Wrong Input : Fist letter Should be capital and must contains minimum 3 characters :
Wrong Input : Fist letter Should be capital and must contains minimum 3 characters :
Wrong Input : Fist letter Should be capital and must contains minimum 3 characters :
Wrong Input : Fist letter Should be capital and must contains minimum 3 characters :
Wrong Input : Fist letter Should be capital and must contains minimum 3 characters :
Wrong Input : Fist letter Should be capital and must contains minimum 3 characters :
Wrong Input : Fist letter Should be capital and must contains minimum 3 characters :
Wrong Input : Fist letter Should be capital and must contains minimum 3 characters :
Wrong Input : Fist letter Should be capital and must contains minimum 3 characters :
Wrong Input : Fist letter Should be capital and must contains minimum 3 characters :
Wrong Input : Fist letter Should be capital and must contains minimum 3 characters :
Wrong Input : Fist letter Should be capital and must contains minimum 3 characters :
Wrong Input : Fist letter Should be capital and must contains minimum 3 characters :
Wrong Input : Fist letter Should be capital and must contains minimum 3 characters :
Wrong Input : Fist letter Should be capital and must contains minimum 3 characters :
Wrong Input : Fist letter Should be capital and must contains minimum 3 characters :
Wrong Input : Fist letter Should be capital and must contains minimum 3 characters :
Wrong Input : Fist letter Should be capital and must contains minimum 3 characters :
Wrong Input : Fist letter Should be capital and must contains minimum 3 characters :
Wrong Input : Fist letter Should be capital and must contains minimum 3 characters :
Wrong Input : Fist letter Should be capital and must contains minimum 3 characters :
Wrong Input : Fist letter Should be capital and must contains minimum 3 characters :
Wrong Input : Fist letter Should be capital and must contains minimum 3 characters :
Wrong Input : Fist letter Should be capital and must contains minimum 3 characters :
Wrong Input : Fist letter Should be capital and must contains minimum 3 characters :
Wrong Input : Fist letter Should be capital and must contains minimum 3 characters :
Wrong Input : Fist letter Should be capital and must contains minimum 3 characters :
Wrong Input : Fist letter Should be capital and must contains minimum 3 characters :
Wrong Input : Fist letter Should be capital and must contains minimum 3 characters :
Wrong Input : Fist letter Should be capital and must contains minimum 3 characters :
Wrong Input : Fist letter Should be capital and must contains minimum 3 characters :
Wrong Input : Fist letter Should be capital and must contains minimum 3 characters :
Wrong Input : Fist letter Should be capital and must contains minimum 3 characters :
Wrong Input : Fist letter Should be capital and must contains minimum 3 characters :
Wrong Input : Fist letter Should be capital and must contains minimum 3 characters :
Wrong Input : Fist letter Should be capital and must contains minimum 3 characters :
Wrong Input : Fist letter Should be capital and must contains minimum 3 characters :
Wrong Input : Fist letter Should be capital and must contains minimum 3 characters :
Wrong Input : Fist letter Should be capital and must contains minimum 3 characters :
Wrong Input : Fist letter Should be capital and must contains minimum 3 characters :
Wrong Input : Fist letter Should be capital and must contains minimum 3 characters :
Wrong Input : Fist letter Should be capital and must contains minimum 3 characters :
Wrong Input : Fist letter Should be capital and must contains minimum 3 characters :
Wrong Input : Fist letter Should be capital and must contains minimum 3 characters :
Wrong Input : Fist letter Should be capital and must contains minimum 3 characters :
Wrong Input : Fist letter Should be capital and must contains minimum 3 characters :
Wrong Input : Fist letter Should be capital and must contains minimum 3 characters :
Wrong Input : Fist letter Should be capital and must contains minimum 3 characters :
Wrong Input : Fist letter Should be capital and must contains minimum 3 characters :
Wrong Input : Fist letter Should be capital and must contains minimum 3 characters :
Wrong Input : Fist letter Should be capital and must contains minimum 3 characters :
Wrong Input : Fist letter Should be capital and must contains minimum 3 characters :
Wrong Input : Fist letter Should be capital and must contains minimum 3 characters :
Wrong Input : Fist letter Should be capital and must contains minimum 3 characters :
Wrong Input : Fist letter Should be capital and must contains minimum 3 characters :
Wrong Input : Fist letter Should be capital and must contains minimum 3 characters :
Wrong Input : Fist letter Should be capital and must contains minimum 3 characters :
Wrong Input : Fist letter Should be capital and must contains minimum 3 characters :
Wrong Input : Fist letter Should be capital and must contains minimum 3 characters :
Wrong Input : Fist letter Should be capital and must contains minimum 3 characters :
Wrong Input : Fist letter Should be capital and must contains minimum 3 characters :
Wrong Input : Fist letter Should be capital and must contains minimum 3 characters :
Wrong Input : Fist letter Should be capital and must contains minimum 3 characters :
Wrong Input : Fist letter Should be capital and must contains minimum 3 characters :
Wrong Input : Fist letter Should be capital and must contains minimum 3 characters :
Wrong Input : Fist letter Should be capital and must contains minimum 3 characters :
Wrong Input : Fist letter Should be capital and must contains minimum 3 characters :
Wrong Input : Fist letter Should be capital and must contains minimum 3 characters :
Wrong Input : Fist letter Should be capital and must contains minimum 3 characters :
Wrong Input : Fist letter Should be capital and must contains minimum 3 characters :
Wrong Input : Fist letter Should be capital and must contains minimum 3 characters :
Wrong Input : Fist letter Should be capital and must contains minimum 3 characters :
Wrong Input : Fist letter Should be capital and must contains minimum 3 characters :
Wrong Input : Fist letter Should be capital and must contains minimum 3 characters :
Wrong Input : Fist letter Should be capital and must contains minimum 3 characters :
Wrong Input : Fist letter Should be capital and must contains minimum 3 characters :
Wrong Input : Fist letter Should be capital and must contains minimum 3 characters :
Wrong Input : Fist letter Should be capital and must contains minimum 3 characters :
Wrong Input : Fist letter Should be capital and must contains minimum 3 characters :
Wrong Input : Fist letter Should be capital and must contains minimum 3 characters :
Wrong Input : Fist letter Should be capital and must contains minimum 3 characters :
Wrong Input : Fist letter Should be capital and must contains minimum 3 characters :
Wrong Input : Fist letter Should be capital and must contains minimum 3 characters :
Wrong Input : Fist letter Should be capital and must contains minimum 3 characters :
Wrong Input : Fist letter Should be capital and must contains minimum 3 characters :
Wrong Input : Fist letter Should be capital and must contains minimum 3 characters :
Wrong Input : Fist letter Should be capital and must contains minimum 3 characters :
Wrong Input : Fist letter Should be capital and must contains minimum 3 characters :
Wrong Input : Fist letter Should be capital and must contains minimum 3 characters :
Wrong Input : Fist letter Should be capital and must contains minimum 3 characters :
Wrong Input : Fist letter Should be capital and must contains minimum 3 characters :
Wrong Input : Fist letter Should be capital and must contains minimum 3 characters :
Wrong Input : Fist letter Should be capital and must contains minimum 3 characters :
Wrong Input : Fist letter Should be capital and must contains minimum 3 characters :
Wrong Input : Fist letter Should be capital and must contains minimum 3 characters :
Wrong Input : Fist letter Should be capital and must contains minimum 3 characters :
Wrong Input : Fist letter Should be capital and must contains minimum 3 characters :
Wrong Input : Fist letter Should be capital and must contains minimum 3 characters :
Wrong Input : Fist letter Should be capital and must contains minimum 3 characters :
Wrong Input : Fist letter Should be capital and must contains minimum 3 characters :
Wrong Input : Fist letter Should be capital and must contains minimum 3 characters :
Wrong Input : Fist letter Should be capital and must contains minimum 3 characters :
Wrong Input : Fist letter Should be capital and must contains minimum 3 characters :
Wrong Input : Fist letter Should be capital and must contains minimum 3 characters :
Wrong Input : Fist letter Should be capital and must contains minimum 3 characters :
Wrong Input : Fist letter Should be capital and must contains minimum 3 characters :
Wrong Input : Fist letter Should be capital and must contains minimum 3 characters :
Wrong Input : Fist letter Should be capital and must contains minimum 3 characters :
Wrong Input : Fist letter Should be capital and must contains minimum 3 characters :
Wrong Input : Fist letter Should be capital and must contains minimum 3 characters :
Wrong Input : Fist letter Should be capital and must contains minimum 3 characters :
Wrong Input : Fist letter Should be capital and must contains minimum 3 characters :
Wrong Input : Fist letter Should be capital and must contains minimum 3 characters :
Wrong Input : Fist letter Should be capital and must contains minimum 3 characters :
Wrong Input : Fist letter Should be capital and must contains minimum 3 characters :
Wrong Input : Fist letter Should be capital and must contains minimum 3 characters :
Wrong Input : Fist letter Should be capital and must contains minimum 3 characters :
Wrong Input : Fist letter Should be capital and must contains minimum 3 characters :
Wrong Input : Fist letter Should be capital and must contains minimum 3 characters :
Wrong Input : Fist letter Should be capital and must contains minimum 3 characters :
Wrong Input : Fist letter Should be capital and must contains minimum 3 characters :
Wrong Input : Fist letter Should be capital and must contains minimum 3 characters :
Wrong Input : Fist letter Should be capital and must contains minimum 3 characters :
Wrong Input : Fist letter Should be capital and must contains minimum 3 characters :
Wrong Input : Fist letter Should be capital and must contains minimum 3 characters :
Wrong Input : Fist letter Should be capital and must contains minimum 3 characters :
Wrong Input : Fist letter Should be capital and must contains minimum 3 characters :
Wrong Input : Fist letter Should be capital and must contains minimum 3 characters :
Wrong Input : Fist letter Should be capital and must contains minimum 3 characters :
Wrong Input : Fist letter Should be capital and must contains minimum 3 characters :
Wrong Input : Fist letter Should be capital and must contains minimum 3 characters :
Wrong Input : Fist letter Should be capital and must contains minimum 3 characters :
Wrong Input : Fist letter Should be capital and must contains minimum 3 characters :
Wrong Input : Fist letter Should be capital and must contains minimum 3 characters :
Wrong Input : Fist letter Should be capital and must contains minimum 3 characters :
Wrong Input : Fist letter Should be capital and must contains minimum 3 characters :
Wrong Input : Fist letter Should be capital and must contains minimum 3 characters :
Wrong Input : Fist letter Should be capital and must contains minimum 3 characters :
Wrong Input : Fist letter Should be capital and must contains minimum 3 characters :
Wrong Input : Fist letter Should be capital and must contains minimum 3 characters :
Wrong Input : Fist letter Should be capital and must contains minimum 3 characters :
Wrong Input : Fist letter Should be capital and must contains minimum 3 characters :
Wrong Input : Fist letter Should be capital and must contains minimum 3 characters :
Wrong Input : Fist letter Should be capital and must contains minimum 3 characters :
Wrong Input : Fist letter Should be capital and must contains minimum 3 characters :
Wrong Input : Fist letter Should be capital and must contains minimum 3 characters :
Wrong Input : Fist letter Should be capital and must contains minimum 3 characters :
Wrong Input : Fist letter Should be capital and must contains minimum 3 characters :
Wrong Input : Fist letter Should be capital and must contains minimum 3 characters :
Wrong Input : Fist letter Should be capital and must contains minimum 3 characters :
Wrong Input : Fist letter Should be capital and must contains minimum 3 characters :
Wrong Input : Fist letter Should be capital and must contains minimum 3 characters :
Wrong Input : Fist letter Should be capital and must contains minimum 3 characters :
Wrong Input : Fist letter Should be capital and must contains minimum 3 characters :
Wrong Input : Fist letter Should be capital and must contains minimum 3 characters :
Wrong Input : Fist letter Should be capital and must contains minimum 3 characters :
Wrong Input : Fist letter Should be capital and must contains minimum 3 characters :
Wrong Input : Fist letter Should be capital and must contains minimum 3 characters :
Wrong Input : Fist letter Should be capital and must contains minimum 3 characters :
Wrong Input : Fist letter Should be capital and must contains minimum 3 characters :
Wrong Input : Fist letter Should be capital and must contains minimum 3 characters :
Wrong Input : Fist letter Should be capital and must contains minimum 3 characters :
Wrong Input : Fist letter Should be capital and must contains minimum 3 characters :
Wrong Input : Fist letter Should be capital and must contains minimum 3 characters :
Wrong Input : Fist letter Should be capital and must contains minimum 3 characters :
Wrong Input : Fist letter Should be capital and must contains minimum 3 characters :
Wrong Input : Fist letter Should be capital and must contains minimum 3 characters :
Wrong Input : Fist letter Should be capital and must contains minimum 3 characters :
Wrong Input : Fist letter Should be capital and must contains minimum 3 characters :
Wrong Input : Fist letter Should be capital and must contains minimum 3 characters :
Wrong Input : Fist letter Should be capital and must contains minimum 3 characters :
Wrong Input : Fist letter Should be capital and must contains minimum 3 characters :
Wrong Input : Fist letter Should be capital and must contains minimum 3 characters :
Wrong Input : Fist letter Should be capital and must contains minimum 3 characters :
Wrong Input : Fist letter Should be capital and must contains minimum 3 characters :
Wrong Input : Fist letter Should be capital and must contains minimum 3 characters :
Wrong Input : Fist letter Should be capital and must contains minimum 3 characters :
Wrong Input : Fist letter Should be capital and must contains minimum 3 characters :
Wrong Input : Fist letter Should be capital and must contains minimum 3 characters :
Wrong Input : Fist letter Should be capital and must contains minimum 3 characters :
Wrong Input : Fist letter Should be capital and must contains minimum 3 characters :
Wrong Input : Fist letter Should be capital and must contains minimum 3 characters :
Wrong Input : Fist letter Should be capital and must contains minimum 3 characters :
Wrong Input : Fist letter Should be capital and must contains minimum 3 characters :
Wrong Input : Fist letter Should be capital and must contains minimum 3 characters :
Wrong Input : Fist letter Should be capital and must contains minimum 3 characters :
Wrong Input : Fist letter Should be capital and must contains minimum 3 characters :
Wrong Input : Fist letter Should be capital and must contains minimum 3 characters :
Wrong Input : Fist letter Should be capital and must contains minimum 3 characters :
Wrong Input : Fist letter Should be capital and must contains minimum 3 characters :
Wrong Input : Fist letter Should be capital and must contains minimum 3 characters :
Wrong Input : Fist letter Should be capital and must contains minimum 3 characters :
Wrong Input : Fist letter Should be capital and must contains minimum 3 characters :
Wrong Input : Fist letter Should be capital and must contains minimum 3 characters :
Wrong Input : Fist letter Should be capital and must contains minimum 3 characters :
Wrong Input : Fist letter Should be capital and must contains minimum 3 characters :
Wrong Input : Fist letter Should be capital and must contains minimum 3 characters :
Wrong Input : Fist letter Should be capital and must contains minimum 3 characters :
Wrong Input : Fist letter Should be capital and must contains minimum 3 characters :
Wrong Input : Fist letter Should be capital and must contains minimum 3 characters :
Wrong Input : Fist letter Should be capital and must contains minimum 3 characters :
Wrong Input : Fist letter Should be capital and must contains minimum 3 characters :
Wrong Input : Fist letter Should be capital and must contains minimum 3 characters :
Wrong Input : Fist letter Should be capital and must contains minimum 3 characters :
Wrong Input : Fist letter Should be capital and must contains minimum 3 characters :
Wrong Input : Fist letter Should be capital and must contains minimum 3 characters :
Wrong Input : Fist letter Should be capital and must contains minimum 3 characters :
Wrong Input : Fist letter Should be capital and must contains minimum 3 characters :
Wrong Input : Fist letter Should be capital and must contains minimum 3 characters :
Wrong Input : Fist letter Should be capital and must contains minimum 3 characters :
Wrong Input : Fist letter Should be capital and must contains minimum 3 characters :
Wrong Input : Fist letter Should be capital and must contains minimum 3 characters :
Wrong Input : Fist letter Should be capital and must contains minimum 3 characters :
Wrong Input : Fist letter Should be capital and must contains minimum 3 characters :
Wrong Input : Fist letter Should be capital and must contains minimum 3 characters :
Wrong Input : Fist letter Should be capital and must contains minimum 3 characters :
Wrong Input : Fist letter Should be capital and must contains minimum 3 characters :
Wrong Input : Fist letter Should be capital and must contains minimum 3 characters :
Wrong Input : Fist letter Should be capital and must contains minimum 3 characters :
Wrong Input : Fist letter Should be capital and must contains minimum 3 characters :
Wrong Input : Fist letter Should be capital and must contains minimum 3 characters :
Wrong Input : Fist letter Should be capital and must contains minimum 3 characters :
Wrong Input : Fist letter Should be capital and must contains minimum 3 characters :
Wrong Input : Fist letter Should be capital and must contains minimum 3 characters :
Wrong Input : Fist letter Should be capital and must contains minimum 3 characters :
Wrong Input : Fist letter Should be capital and must contains minimum 3 characters :
Wrong Input : Fist letter Should be capital and must contains minimum 3 characters :
Wrong Input : Fist letter Should be capital and must contains minimum 3 characters :
Wrong Input : Fist letter Should be capital and must contains minimum 3 characters :
Wrong Input : Fist letter Should be capital and must contains minimum 3 characters :
Wrong Input : Fist letter Should be capital and must contains minimum 3 characters :
Wrong Input : Fist letter Should be capital and must contains minimum 3 characters :
Wrong Input : Fist letter Should be capital and must contains minimum 3 characters :
Wrong Input : Fist letter Should be capital and must contains minimum 3 characters :
Wrong Input : Fist letter Should be capital and must contains minimum 3 characters :
Wrong Input : Fist letter Should be capital and must contains minimum 3 characters :
Wrong Input : Fist letter Should be capital and must contains minimum 3 characters :
Wrong Input : Fist letter Should be capital and must contains minimum 3 characters :
Wrong Input : Fist letter Should be capital and must contains minimum 3 characters :
Wrong Input : Fist letter Should be capital and must contains minimum 3 characters :
Wrong Input : Fist letter Should be capital and must contains minimum 3 characters :
Wrong Input : Fist letter Should be capital and must contains minimum 3 characters :
Wrong Input : Fist letter Should be capital and must contains minimum 3 characters :
Wrong Input : Fist letter Should be capital and must contains minimum 3 characters :
Wrong Input : Fist letter Should be capital and must contains minimum 3 characters :
Wrong Input : Fist letter Should be capital and must contains minimum 3 characters :
Wrong Input : Fist letter Should be capital and must contains minimum 3 characters :
Wrong Input : Fist letter Should be capital and must contains minimum 3 characters :
Wrong Input : Fist letter Should be capital and must contains minimum 3 characters :
Wrong Input : Fist letter Should be capital and must contains minimum 3 characters :
Wrong Input : Fist letter Should be capital and must contains minimum 3 characters :
Wrong Input : Fist letter Should be capital and must contains minimum 3 characters :
Wrong Input : Fist letter Should be capital and must contains minimum 3 characters :
Wrong Input : Fist letter Should be capital and must contains minimum 3 characters :
Wrong Input : Fist letter Should be capital and must contains minimum 3 characters :
Wrong Input : Fist letter Should be capital and must contains minimum 3 characters :
Wrong Input : Fist letter Should be capital and must contains minimum 3 characters :
Wrong Input : Fist letter Should be capital and must contains minimum 3 characters :
Wrong Input : Fist letter Should be capital and must contains minimum 3 characters :
Wrong Input : Fist letter Should be capital and must contains minimum 3 characters :
Wrong Input : Fist letter Should be capital and must contains minimum 3 characters :
Wrong Input : Fist letter Should be capital and must contains minimum 3 characters :
Wrong Input : Fist letter Should be capital and must contains minimum 3 characters :
Wrong Input : Fist letter Should be capital and must contains minimum 3 characters :
Wrong Input : Fist letter Should be capital and must contains minimum 3 characters :
Wrong Input : Fist letter Should be capital and must contains minimum 3 characters :
Wrong Input : Fist letter Should be capital and must contains minimum 3 characters :
Wrong Input : Fist letter Should be capital and must contains minimum 3 characters :
Wrong Input : Fist letter Should be capital and must contains minimum 3 characters :
Wrong Input : Fist letter Should be capital and must contains minimum 3 characters :
Wrong Input : Fist letter Should be capital and must contains minimum 3 characters :
Wrong Input : Fist letter Should be capital and must contains minimum 3 characters :
Wrong Input : Fist letter Should be capital and must contains minimum 3 characters :
Wrong Input : Fist letter Should be capital and must contains minimum 3 characters :
Wrong Input : Fist letter Should be capital and must contains minimum 3 characters :
Wrong Input : Fist letter Should be capital and must contains minimum 3 characters :
Wrong Input : Fist letter Should be capital and must contains minimum 3 characters :
Wrong Input : Fist letter Should be capital and must contains minimum 3 characters :
Wrong Input : Fist letter Should be capital and must contains minimum 3 characters :
Wrong Input : Fist letter Should be capital and must contains minimum 3 characters :
Wrong Input : Fist letter Should be capital and must contains minimum 3 characters :
Wrong Input : Fist letter Should be capital and must contains minimum 3 characters :
Wrong Input : Fist letter Should be capital and must contains minimum 3 characters :
Wrong Input : Fist letter Should be capital and must contains minimum 3 characters :
Wrong Input : Fist letter Should be capital and must contains minimum 3 characters :
Wrong Input : Fist letter Should be capital and must contains minimum 3 characters :
Wrong Input : Fist letter Should be capital and must contains minimum 3 characters :
Wrong Input : Fist letter Should be capital and must contains minimum 3 characters :
Wrong Input : Fist letter Should be capital and must contains minimum 3 characters :
Wrong Input : Fist letter Should be capital and must contains minimum 3 characters :
Wrong Input : Fist letter Should be capital and must contains minimum 3 characters :
Wrong Input : Fist letter Should be capital and must contains minimum 3 characters :
Wrong Input : Fist letter Should be capital and must contains minimum 3 characters :
Wrong Input : Fist letter Should be capital and must contains minimum 3 characters :
Wrong Input : Fist letter Should be capital and must contains minimum 3 characters :
Wrong Input : Fist letter Should be capital and must contains minimum 3 characters :
Wrong Input : Fist letter Should be capital and must contains minimum 3 characters :
Wrong Input : Fist letter Should be capital and must contains minimum 3 characters :
Wrong Input : Fist letter Should be capital and must contains minimum 3 characters :
Wrong Input : Fist letter Should be capital and must contains minimum 3 characters :
Wrong Input : Fist letter Should be capital and must contains minimum 3 characters :
Wrong Input : Fist letter Should be capital and must contains minimum 3 characters :
Wrong Input : Fist letter Should be capital and must contains minimum 3 characters :
Wrong Input : Fist letter Should be capital and must contains minimum 3 characters :
Wrong Input : Fist letter Should be capital and must contains minimum 3 characters :
Wrong Input : Fist letter Should be capital and must contains minimum 3 characters :
Wrong Input : Fist letter Should be capital and must contains minimum 3 characters :
Wrong Input : Fist letter Should be capital and must contains minimum 3 characters :
Wrong Input : Fist letter Should be capital and must contains minimum 3 characters :
Wrong Input : Fist letter Should be capital and must contains minimum 3 characters :
Wrong Input : Fist letter Should be capital and must contains minimum 3 characters :
Wrong Input : Fist letter Should be capital and must contains minimum 3 characters :
Wrong Input : Fist letter Should be capital and must contains minimum 3 characters :
Wrong Input : Fist letter Should be capital and must contains minimum 3 characters :
Wrong Input : Fist letter Should be capital and must contains minimum 3 characters :
Wrong Input : Fist letter Should be capital and must contains minimum 3 characters :
Wrong Input : Fist letter Should be capital and must contains minimum 3 characters :
Wrong Input : Fist letter Should be capital and must contains minimum 3 characters :
Wrong Input : Fist letter Should be capital and must contains minimum 3 characters :
Wrong Input : Fist letter Should be capital and must contains minimum 3 characters :
Wrong Input : Fist letter Should be capital and must contains minimum 3 characters :
Wrong Input : Fist letter Should be capital and must contains minimum 3 characters :
Wrong Input : Fist letter Should be capital and must contains minimum 3 characters :
Wrong Input : Fist letter Should be capital and must contains minimum 3 characters :
Wrong Input : Fist letter Should be capital and must contains minimum 3 characters :
Wrong Input : Fist letter Should be capital and must contains minimum 3 characters :
Wrong Input : Fist letter Should be capital and must contains minimum 3 characters :
Wrong Input : Fist letter Should be capital and must contains minimum 3 characters :
Wrong Input : Fist letter Should be capital and must contains minimum 3 characters :
Wrong Input : Fist letter Should be capital and must contains minimum 3 characters :
Wrong Input : Fist letter Should be capital and must contains minimum 3 characters :
Wrong Input : Fist letter Should be capital and must contains minimum 3 characters :
Wrong Input : Fist letter Should be capital and must contains minimum 3 characters :
Wrong Input : Fist letter Should be capital and must contains minimum 3 characters :
Wrong Input : Fist letter Should be capital and must contains minimum 3 characters :
Wrong Input : Fist letter Should be capital and must contains minimum 3 characters :
Wrong Input : Fist letter Should be capital and must contains minimum 3 characters :
Wrong Input : Fist letter Should be capital and must contains minimum 3 characters :
Wrong Input : Fist letter Should be capital and must contains minimum 3 characters :
Wrong Input : Fist letter Should be capital and must contains minimum 3 characters :
Wrong Input : Fist letter Should be capital and must contains minimum 3 characters :
Wrong Input : Fist letter Should be capital and must contains minimum 3 characters :
Wrong Input : Fist letter Should be capital and must contains minimum 3 characters :
Wrong Input : Fist letter Should be capital and must contains minimum 3 characters :
Wrong Input : Fist letter Should be capital and must contains minimum 3 characters :
Wrong Input : Fist letter Should be capital and must contains minimum 3 characters :
Wrong Input : Fist letter Should be capital and must contains minimum 3 characters :
Wrong Input : Fist letter Should be capital and must contains minimum 3 characters :
Wrong Input : Fist letter Should be capital and must contains minimum 3 characters :
Wrong Input : Fist letter Should be capital and must contains minimum 3 characters :
Wrong Input : Fist letter Should be capital and must contains minimum 3 characters :
Wrong Input : Fist letter Should be capital and must contains minimum 3 characters :
Wrong Input : Fist letter Should be capital and must contains minimum 3 characters :
Wrong Input : Fist letter Should be capital and must contains minimum 3 characters :
Wrong Input : Fist letter Should be capital and must contains minimum 3 characters :
Wrong Input : Fist letter Should be capital and must contains minimum 3 characters :
Wrong Input : Fist letter Should be capital and must contains minimum 3 characters :
Wrong Input : Fist letter Should be capital and must contains minimum 3 characters :
Wrong Input : Fist letter Should be capital and must contains minimum 3 characters :
Wrong Input : Fist letter Should be capital and must contains minimum 3 characters :
Wrong Input : Fist letter Should be capital and must contains minimum 3 characters :
Wrong Input : Fist letter Should be capital and must contains minimum 3 characters :
Wrong Input : Fist letter Should be capital and must contains minimum 3 characters :
Wrong Input : Fist letter Should be capital and must contains minimum 3 characters :
Wrong Input : Fist letter Should be capital and must contains minimum 3 characters :
Wrong Input : Fist letter Should be capital and must contains minimum 3 characters :
Wrong Input : Fist letter Should be capital and must contains minimum 3 characters :
Wrong Input : Fist letter Should be capital and must contains minimum 3 characters :
Wrong Input : Fist letter Should be capital and must contains minimum 3 characters :
Wrong Input : Fist letter Should be capital and must contains minimum 3 characters :
Wrong Input : Fist letter Should be capital and must contains minimum 3 characters :
Wrong Input : Fist letter Should be capital and must contains minimum 3 characters :
Wrong Input : Fist letter Should be capital and must contains minimum 3 characters :
Wrong Input : Fist letter Should be capital and must contains minimum 3 characters :
Wrong Input : Fist letter Should be capital and must contains minimum 3 characters :
Wrong Input : Fist letter Should be capital and must contains minimum 3 characters :
Wrong Input : Fist letter Should be capital and must contains minimum 3 characters :
Wrong Input : Fist letter Should be capital and must contains minimum 3 characters :
Wrong Input : Fist letter Should be capital and must contains minimum 3 characters :
Wrong Input : Fist letter Should be capital and must contains minimum 3 characters :
Wrong Input : Fist letter Should be capital and must contains minimum 3 characters :
Wrong Input : Fist letter Should be capital and must contains minimum 3 characters :
Wrong Input : Fist letter Should be capital and must contains minimum 3 characters :
Wrong Input : Fist letter Should be capital and must contains minimum 3 characters :
Wrong Input : Fist letter Should be capital and must contains minimum 3 characters :
Wrong Input : Fist letter Should be capital and must contains minimum 3 characters :
Wrong Input : Fist letter Should be capital and must contains minimum 3 characters :
Wrong Input : Fist letter Should be capital and must contains minimum 3 characters :
Wrong Input : Fist letter Should be capital and must contains minimum 3 characters :
Wrong Input : Fist letter Should be capital and must contains minimum 3 characters :
Wrong Input : Fist letter Should be capital and must contains minimum 3 characters :
Wrong Input : Fist letter Should be capital and must contains minimum 3 characters :
Wrong Input : Fist letter Should be capital and must contains minimum 3 characters :
Wrong Input : Fist letter Should be capital and must contains minimum 3 characters :
Wrong Input : Fist letter Should be capital and must contains minimum 3 characters :
Wrong Input : Fist letter Should be capital and must contains minimum 3 characters :
Wrong Input : Fist letter Should be capital and must contains minimum 3 characters :
Wrong Input : Fist letter Should be capital and must contains minimum 3 characters :
Wrong Input : Fist letter Should be capital and must contains minimum 3 characters :
Wrong Input : Fist letter Should be capital and must contains minimum 3 characters :
Wrong Input : Fist letter Should be capital and must contains minimum 3 characters :
Wrong Input : Fist letter Should be capital and must contains minimum 3 characters :
Wrong Input : Fist letter Should be capital and must contains minimum 3 characters :
Wrong Input : Fist letter Should be capital and must contains minimum 3 characters :
Wrong Input : Fist letter Should be capital and must contains minimum 3 characters :
Wrong Input : Fist letter Should be capital and must contains minimum 3 characters :
Wrong Input : Fist letter Should be capital and must contains minimum 3 characters :
Wrong Input : Fist letter Should be capital and must contains minimum 3 characters :
Wrong Input : Fist letter Should be capital and must contains minimum 3 characters :
Wrong Input : Fist letter Should be capital and must contains minimum 3 characters :
Wrong Input : Fist letter Should be capital and must contains minimum 3 characters :
Wrong Input : Fist letter Should be capital and must contains minimum 3 characters :
Wrong Input : Fist letter Should be capital and must contains minimum 3 characters :
Wrong Input : Fist letter Should be capital and must contains minimum 3 characters :
Wrong Input : Fist letter Should be capital and must contains minimum 3 characters :
Wrong Input : Fist letter Should be capital and must contains minimum 3 characters :
Wrong Input : Fist letter Should be capital and must contains minimum 3 characters :
Wrong Input : Fist letter Should be capital and must contains minimum 3 characters :
Wrong Input : Fist letter Should be capital and must contains minimum 3 characters :
Wrong Input : Fist letter Should be capital and must contains minimum 3 characters :
Wrong Input : Fist letter Should be capital and must contains minimum 3 characters :
Wrong Input : Fist letter Should be capital and must contains minimum 3 characters :
Wrong Input : Fist letter Should be capital and must contains minimum 3 characters :
Wrong Input : Fist letter Should be capital and must contains minimum 3 characters :
Wrong Input : Fist letter Should be capital and must contains minimum 3 characters :
Wrong Input : Fist letter Should be capital and must contains minimum 3 characters :
Wrong Input : Fist letter Should be capital and must contains minimum 3 characters :
Wrong Input : Fist letter Should be capital and must contains minimum 3 characters :
Wrong Input : Fist letter Should be capital and must contains minimum 3 characters :
Wrong Input : Fist letter Should be capital and must contains minimum 3 characters :
Wrong Input : Fist letter Should be capital and must contains minimum 3 characters :
Wrong Input : Fist letter Should be capital and must contains minimum 3 characters :
Wrong Input : Fist letter Should be capital and must contains minimum 3 characters :
Wrong Input : Fist letter Should be capital and must contains minimum 3 characters :
Wrong Input : Fist letter Should be capital and must contains minimum 3 characters :
Wrong Input : Fist letter Should be capital and must contains minimum 3 characters :
Wrong Input : Fist letter Should be capital and must contains minimum 3 characters :
Wrong Input : Fist letter Should be capital and must contains minimum 3 characters :
Wrong Input : Fist letter Should be capital and must contains minimum 3 characters :
Wrong Input : Fist letter Should be capital and must contains minimum 3 characters :
Wrong Input : Fist letter Should be capital and must contains minimum 3 characters :
Wrong Input : Fist letter Should be capital and must contains minimum 3 characters :
Wrong Input : Fist letter Should be capital and must contains minimum 3 characters :
Wrong Input : Fist letter Should be capital and must contains minimum 3 characters :
Wrong Input : Fist letter Should be capital and must contains minimum 3 characters :
Wrong Input : Fist letter Should be capital and must contains minimum 3 characters :
Wrong Input : Fist letter Should be capital and must contains minimum 3 characters :
Wrong Input : Fist letter Should be capital and must contains minimum 3 characters :
Wrong Input : Fist letter Should be capital and must contains minimum 3 characters :
Wrong Input : Fist letter Should be capital and must contains minimum 3 characters :
Wrong Input : Fist letter Should be capital and must contains minimum 3 characters :
Wrong Input : Fist letter Should be capital and must contains minimum 3 characters :
Wrong Input : Fist letter Should be capital and must contains minimum 3 characters :
Wrong Input : Fist letter Should be capital and must contains minimum 3 characters :
Wrong Input : Fist letter Should be capital and must contains minimum 3 characters :
Wrong Input : Fist letter Should be capital and must contains minimum 3 characters :
Wrong Input : Fist letter Should be capital and must contains minimum 3 characters :
Wrong Input : Fist letter Should be capital and must contains minimum 3 characters :
Wrong Input : Fist letter Should be capital and must contains minimum 3 characters :
Wrong Input : Fist letter Should be capital and must contains minimum 3 characters :
Wrong Input : Fist letter Should be capital and must contains minimum 3 characters :
Wrong Input : Fist letter Should be capital and must contains minimum 3 characters :
Wrong Input : Fist letter Should be capital and must contains minimum 3 characters :
Wrong Input : Fist letter Should be capital and must contains minimum 3 characters :
Wrong Input : Fist letter Should be capital and must contains minimum 3 characters :
Wrong Input : Fist letter Should be capital and must contains minimum 3 characters :
Wrong Input : Fist letter Should be capital and must contains minimum 3 characters :
Wrong Input : Fist letter Should be capital and must contains minimum 3 characters :
Wrong Input : Fist letter Should be capital and must contains minimum 3 characters :
Wrong Input : Fist letter Should be capital and must contains minimum 3 characters :
Wrong Input : Fist letter Should be capital and must contains minimum 3 characters :
Wrong Input : Fist letter Should be capital and must contains minimum 3 characters :
Wrong Input : Fist letter Should be capital and must contains minimum 3 characters :
Wrong Input : Fist letter Should be capital and must contains minimum 3 characters :
Wrong Input : Fist letter Should be capital and must contains minimum 3 characters :
Wrong Input : Fist letter Should be capital and must contains minimum 3 characters :
Wrong Input : Fist letter Should be capital and must contains minimum 3 characters :
Wrong Input : Fist letter Should be capital and must contains minimum 3 characters :
Wrong Input : Fist letter Should be capital and must contains minimum 3 characters :
Wrong Input : Fist letter Should be capital and must contains minimum 3 characters :
Wrong Input : Fist letter Should be capital and must contains minimum 3 characters :
Wrong Input : Fist letter Should be capital and must contains minimum 3 characters :
Wrong Input : Fist letter Should be capital and must contains minimum 3 characters :
Wrong Input : Fist letter Should be capital and must contains minimum 3 characters :
Wrong Input : Fist letter Should be capital and must contains minimum 3 characters :
Wrong Input : Fist letter Should be capital and must contains minimum 3 characters :
Wrong Input : Fist letter Should be capital and must contains minimum 3 characters :
Wrong Input : Fist letter Should be capital and must contains minimum 3 characters :
Wrong Input : Fist letter Should be capital and must contains minimum 3 characters :
Wrong Input : Fist letter Should be capital and must contains minimum 3 characters :
Wrong Input : Fist letter Should be capital and must contains minimum 3 characters :
Wrong Input : Fist letter Should be capital and must contains minimum 3 characters :
Wrong Input : Fist letter Should be capital and must contains minimum 3 characters :
Wrong Input : Fist letter Should be capital and must contains minimum 3 characters :
Wrong Input : Fist letter Should be capital and must contains minimum 3 characters :
Wrong Input : Fist letter Should be capital and must contains minimum 3 characters :
Wrong Input : Fist letter Should be capital and must contains minimum 3 characters :
Wrong Input : Fist letter Should be capital and must contains minimum 3 characters :
Wrong Input : Fist letter Should be capital and must contains minimum 3 characters :
Wrong Input : Fist letter Should be capital and must contains minimum 3 characters :
Wrong Input : Fist letter Should be capital and must contains minimum 3 characters :
Wrong Input : Fist letter Should be capital and must contains minimum 3 characters :
Wrong Input : Fist letter Should be capital and must contains minimum 3 characters :
Wrong Input : Fist letter Should be capital and must contains minimum 3 characters :
Wrong Input : Fist letter Should be capital and must contains minimum 3 characters :
Wrong Input : Fist letter Should be capital and must contains minimum 3 characters :
Wrong Input : Fist letter Should be capital and must contains minimum 3 characters :
Wrong Input : Fist letter Should be capital and must contains minimum 3 characters :
Wrong Input : Fist letter Should be capital and must contains minimum 3 characters :
Wrong Input : Fist letter Should be capital and must contains minimum 3 characters :
Wrong Input : Fist letter Should be capital and must contains minimum 3 characters :
Wrong Input : Fist letter Should be capital and must contains minimum 3 characters :
Wrong Input : Fist letter Should be capital and must contains minimum 3 characters :
Wrong Input : Fist letter Should be capital and must contains minimum 3 characters :
Wrong Input : Fist letter Should be capital and must contains minimum 3 characters :
Wrong Input : Fist letter Should be capital and must contains minimum 3 characters :
Wrong Input : Fist letter Should be capital and must contains minimum 3 characters :
Wrong Input : Fist letter Should be capital and must contains minimum 3 characters :
Wrong Input : Fist letter Should be capital and must contains minimum 3 characters :
Wrong Input : Fist letter Should be capital and must contains minimum 3 characters :
Wrong Input : Fist letter Should be capital and must contains minimum 3 characters :
Wrong Input : Fist letter Should be capital and must contains minimum 3 characters :
Wrong Input : Fist letter Should be capital and must contains minimum 3 characters :
Wrong Input : Fist letter Should be capital and must contains minimum 3 characters :
Wrong Input : Fist letter Should be capital and must contains minimum 3 characters :
Wrong Input : Fist letter Should be capital and must contains minimum 3 characters :
Wrong Input : Fist letter Should be capital and must contains minimum 3 characters :
Wrong Input : Fist letter Should be capital and must contains minimum 3 characters :
Wrong Input : Fist letter Should be capital and must contains minimum 3 characters :
Wrong Input : Fist letter Should be capital and must contains minimum 3 characters :
Wrong Input : Fist letter Should be capital and must contains minimum 3 characters :
Wrong Input : Fist letter Should be capital and must contains minimum 3 characters :
Wrong Input : Fist letter Should be capital and must contains minimum 3 characters :
Wrong Input : Fist letter Should be capital and must contains minimum 3 characters :
Wrong Input : Fist letter Should be capital and must contains minimum 3 characters :
Wrong Input : Fist letter Should be capital and must contains minimum 3 characters :
Wrong Input : Fist letter Should be capital and must contains minimum 3 characters :
Wrong Input : Fist letter Should be capital and must contains minimum 3 characters :
Wrong Input : Fist letter Should be capital and must contains minimum 3 characters :
Wrong Input : Fist letter Should be capital and must contains minimum 3 characters :
Wrong Input : Fist letter Should be capital and must contains minimum 3 characters :
Wrong Input : Fist letter Should be capital and must contains minimum 3 characters :
Wrong Input : Fist letter Should be capital and must contains minimum 3 characters :
Wrong Input : Fist letter Should be capital and must contains minimum 3 characters :
Wrong Input : Fist letter Should be capital and must contains minimum 3 characters :
Wrong Input : Fist letter Should be capital and must contains minimum 3 characters :
Wrong Input : Fist letter Should be capital and must contains minimum 3 characters :
Wrong Input : Fist letter Should be capital and must contains minimum 3 characters :
Wrong Input : Fist letter Should be capital and must contains minimum 3 characters :
Wrong Input : Fist letter Should be capital and must contains minimum 3 characters :
Wrong Input : Fist letter Should be capital and must contains minimum 3 characters :
Wrong Input : Fist letter Should be capital and must contains minimum 3 characters :
Wrong Input : Fist letter Should be capital and must contains minimum 3 characters :
Wrong Input : Fist letter Should be capital and must contains minimum 3 characters :
Wrong Input : Fist letter Should be capital and must contains minimum 3 characters :
Wrong Input : Fist letter Should be capital and must contains minimum 3 characters :
Wrong Input : Fist letter Should be capital and must contains minimum 3 characters :
Wrong Input : Fist letter Should be capital and must contains minimum 3 characters :
Wrong Input : Fist letter Should be capital and must contains minimum 3 characters :
Wrong Input : Fist letter Should be capital and must contains minimum 3 characters :
Wrong Input : Fist letter Should be capital and must contains minimum 3 characters :
Wrong Input : Fist letter Should be capital and must contains minimum 3 characters :
Wrong Input : Fist letter Should be capital and must contains minimum 3 characters :
Wrong Input : Fist letter Should be capital and must contains minimum 3 characters :
Wrong Input : Fist letter Should be capital and must contains minimum 3 characters :
Wrong Input : Fist letter Should be capital and must contains minimum 3 characters :
Wrong Input : Fist letter Should be capital and must contains minimum 3 characters :
Wrong Input : Fist letter Should be capital and must contains minimum 3 characters :
Wrong Input : Fist letter Should be capital and must contains minimum 3 characters :
Wrong Input : Fist letter Should be capital and must contains minimum 3 characters :
Wrong Input : Fist letter Should be capital and must contains minimum 3 characters :
Wrong Input : Fist letter Should be capital and must contains minimum 3 characters :
Wrong Input : Fist letter Should be capital and must contains minimum 3 characters :
Wrong Input : Fist letter Should be capital and must contains minimum 3 characters :
Wrong Input : Fist letter Should be capital and must contains minimum 3 characters :
Wrong Input : Fist letter Should be capital and must contains minimum 3 characters :
Wrong Input : Fist letter Should be capital and must contains minimum 3 characters :
Wrong Input : Fist letter Should be capital and must contains minimum 3 characters :
Wrong Input : Fist letter Should be capital and must contains minimum 3 characters :
Wrong Input : Fist letter Should be capital and must contains minimum 3 characters :
Wrong Input : Fist letter Should be capital and must contains minimum 3 characters :
Wrong Input : Fist letter Should be capital and must contains minimum 3 characters :
Wrong Input : Fist letter Should be capital and must contains minimum 3 characters :
Wrong Input : Fist letter Should be capital and must contains minimum 3 characters :
Wrong Input : Fist letter Should be capital and must contains minimum 3 characters :
Wrong Input : Fist letter Should be capital and must contains minimum 3 characters :
Wrong Input : Fist letter Should be capital and must contains minimum 3 characters :
Wrong Input : Fist letter Should be capital and must contains minimum 3 characters :
Wrong Input : Fist letter Should be capital and must contains minimum 3 characters :
Wrong Input : Fist letter Should be capital and must contains minimum 3 characters :
Wrong Input : Fist letter Should be capital and must contains minimum 3 characters :
Wrong Input : Fist letter Should be capital and must contains minimum 3 characters :
Wrong Input : Fist letter Should be capital and must contains minimum 3 characters :
Wrong Input : Fist letter Should be capital and must contains minimum 3 characters :
Wrong Input : Fist letter Should be capital and must contains minimum 3 characters :
Wrong Input : Fist letter Should be capital and must contains minimum 3 characters :
Wrong Input : Fist letter Should be capital and must contains minimum 3 characters :
Wrong Input : Fist letter Should be capital and must contains minimum 3 characters :
Wrong Input : Fist letter Should be capital and must contains minimum 3 characters :
Wrong Input : Fist letter Should be capital and must contains minimum 3 characters :
Wrong Input : Fist letter Should be capital and must contains minimum 3 characters :
Wrong Input : Fist letter Should be capital and must contains minimum 3 characters :
Wrong Input : Fist letter Should be capital and must contains minimum 3 characters :
Wrong Input : Fist letter Should be capital and must contains minimum 3 characters :
Wrong Input : Fist letter Should be capital and must contains minimum 3 characters :
Wrong Input : Fist letter Should be capital and must contains minimum 3 characters :
Wrong Input : Fist letter Should be capital and must contains minimum 3 characters :
Wrong Input : Fist letter Should be capital and must contains minimum 3 characters :
Wrong Input : Fist letter Should be capital and must contains minimum 3 characters :
Wrong Input : Fist letter Should be capital and must contains minimum 3 characters :
Wrong Input : Fist letter Should be capital and must contains minimum 3 characters :
Wrong Input : Fist letter Should be capital and must contains minimum 3 characters :
Wrong Input : Fist letter Should be capital and must contains minimum 3 characters :
Wrong Input : Fist letter Should be capital and must contains minimum 3 characters :
Wrong Input : Fist letter Should be capital and must contains minimum 3 characters :
Wrong Input : Fist letter Should be capital and must contains minimum 3 characters :
Wrong Input : Fist letter Should be capital and must contains minimum 3 characters :
Wrong Input : Fist letter Should be capital and must contains minimum 3 characters :
Wrong Input : Fist letter Should be capital and must contains minimum 3 characters :
Wrong Input : Fist letter Should be capital and must contains minimum 3 characters :
Wrong Input : Fist letter Should be capital and must contains minimum 3 characters :
Wrong Input : Fist letter Should be capital and must contains minimum 3 characters :
Wrong Input : Fist letter Should be capital and must contains minimum 3 characters :
Wrong Input : Fist letter Should be capital and must contains minimum 3 characters :
Wrong Input : Fist letter Should be capital and must contains minimum 3 characters :
Wrong Input : Fist letter Should be capital and must contains minimum 3 characters :
Wrong Input : Fist letter Should be capital and must contains minimum 3 characters :
Wrong Input : Fist letter Should be capital and must contains minimum 3 characters :
Wrong Input : Fist letter Should be capital and must contains minimum 3 characters :
Wrong Input : Fist letter Should be capital and must contains minimum 3 characters :
Wrong Input : Fist letter Should be capital and must contains minimum 3 characters :
Wrong Input : Fist letter Should be capital and must contains minimum 3 characters :
Wrong Input : Fist letter Should be capital and must contains minimum 3 characters :
Wrong Input : Fist letter Should be capital and must contains minimum 3 characters :
Wrong Input : Fist letter Should be capital and must contains minimum 3 characters :
Wrong Input : Fist letter Should be capital and must contains minimum 3 characters :
Wrong Input : Fist letter Should be capital and must contains minimum 3 characters :
Wrong Input : Fist letter Should be capital and must contains minimum 3 characters :
Wrong Input : Fist letter Should be capital and must contains minimum 3 characters :
Wrong Input : Fist letter Should be capital and must contains minimum 3 characters :
Wrong Input : Fist letter Should be capital and must contains minimum 3 characters :
Wrong Input : Fist letter Should be capital and must contains minimum 3 characters :
Wrong Input : Fist letter Should be capital and must contains minimum 3 characters :
Wrong Input : Fist letter Should be capital and must contains minimum 3 characters :
Wrong Input : Fist letter Should be capital and must contains minimum 3 characters :
Wrong Input : Fist letter Should be capital and must contains minimum 3 characters :
Wrong Input : Fist letter Should be capital and must contains minimum 3 characters :
Wrong Input : Fist letter Should be capital and must contains minimum 3 characters :
Wrong Input : Fist letter Should be capital and must contains minimum 3 characters :
Wrong Input : Fist letter Should be capital and must contains minimum 3 characters :
Wrong Input : Fist letter Should be capital and must contains minimum 3 characters :
Wrong Input : Fist letter Should be capital and must contains minimum 3 characters :
Wrong Input : Fist letter Should be capital and must contains minimum 3 characters :
Wrong Input : Fist letter Should be capital and must contains minimum 3 characters :
Wrong Input : Fist letter Should be capital and must contains minimum 3 characters :
Wrong Input : Fist letter Should be capital and must contains minimum 3 characters :
Wrong Input : Fist letter Should be capital and must contains minimum 3 characters :
Wrong Input : Fist letter Should be capital and must contains minimum 3 characters :
Wrong Input : Fist letter Should be capital and must contains minimum 3 characters :
Wrong Input : Fist letter Should be capital and must contains minimum 3 characters :
Wrong Input : Fist letter Should be capital and must contains minimum 3 characters :
Wrong Input : Fist letter Should be capital and must contains minimum 3 characters :
Wrong Input : Fist letter Should be capital and must contains minimum 3 characters :
Wrong Input : Fist letter Should be capital and must contains minimum 3 characters :
Wrong Input : Fist letter Should be capital and must contains minimum 3 characters :
Wrong Input : Fist letter Should be capital and must contains minimum 3 characters :
Wrong Input : Fist letter Should be capital and must contains minimum 3 characters :
Wrong Input : Fist letter Should be capital and must contains minimum 3 characters :
Wrong Input : Fist letter Should be capital and must contains minimum 3 characters :
Wrong Input : Fist letter Should be capital and must contains minimum 3 characters :
Wrong Input : Fist letter Should be capital and must contains minimum 3 characters :
Wrong Input : Fist letter Should be capital and must contains minimum 3 characters :
Wrong Input : Fist letter Should be capital and must contains minimum 3 characters :
Wrong Input : Fist letter Should be capital and must contains minimum 3 characters :
Wrong Input : Fist letter Should be capital and must contains minimum 3 characters :
Wrong Input : Fist letter Should be capital and must contains minimum 3 characters :
Wrong Input : Fist letter Should be capital and must contains minimum 3 characters :
Wrong Input : Fist letter Should be capital and must contains minimum 3 characters :
Wrong Input : Fist letter Should be capital and must contains minimum 3 characters :
Wrong Input : Fist letter Should be capital and must contains minimum 3 characters :
Wrong Input : Fist letter Should be capital and must contains minimum 3 characters :
Wrong Input : Fist letter Should be capital and must contains minimum 3 characters :
Wrong Input : Fist letter Should be capital and must contains minimum 3 characters :
Wrong Input : Fist letter Should be capital and must contains minimum 3 characters :
Wrong Input : Fist letter Should be capital and must contains minimum 3 characters :
Wrong Input : Fist letter Should be capital and must contains minimum 3 characters :
Wrong Input : Fist letter Should be capital and must contains minimum 3 characters :
Wrong Input : Fist letter Should be capital and must contains minimum 3 characters :
Wrong Input : Fist letter Should be capital and must contains minimum 3 characters :
Wrong Input : Fist letter Should be capital and must contains minimum 3 characters :
Wrong Input : Fist letter Should be capital and must contains minimum 3 characters :
Wrong Input : Fist letter Should be capital and must contains minimum 3 characters :
Wrong Input : Fist letter Should be capital and must contains minimum 3 characters :
Wrong Input : Fist letter Should be capital and must contains minimum 3 characters :
Wrong Input : Fist letter Should be capital and must contains minimum 3 characters :
Wrong Input : Fist letter Should be capital and must contains minimum 3 characters :
Wrong Input : Fist letter Should be capital and must contains minimum 3 characters :
Wrong Input : Fist letter Should be capital and must contains minimum 3 characters :
Wrong Input : Fist letter Should be capital and must contains minimum 3 characters :
Wrong Input : Fist letter Should be capital and must contains minimum 3 characters :
Wrong Input : Fist letter Should be capital and must contains minimum 3 characters :
Wrong Input : Fist letter Should be capital and must contains minimum 3 characters :
Wrong Input : Fist letter Should be capital and must contains minimum 3 characters :
Wrong Input : Fist letter Should be capital and must contains minimum 3 characters :
Wrong Input : Fist letter Should be capital and must contains minimum 3 characters :
Wrong Input : Fist letter Should be capital and must contains minimum 3 characters :
Wrong Input : Fist letter Should be capital and must contains minimum 3 characters :
Wrong Input : Fist letter Should be capital and must contains minimum 3 characters :
Wrong Input : Fist letter Should be capital and must contains minimum 3 characters :
Wrong Input : Fist letter Should be capital and must contains minimum 3 characters :
Wrong Input : Fist letter Should be capital and must contains minimum 3 characters :
Wrong Input : Fist letter Should be capital and must contains minimum 3 characters :
Wrong Input : Fist letter Should be capital and must contains minimum 3 characters :
Wrong Input : Fist letter Should be capital and must contains minimum 3 characters :
Wrong Input : Fist letter Should be capital and must contains minimum 3 characters :
Wrong Input : Fist letter Should be capital and must contains minimum 3 characters :
Wrong Input : Fist letter Should be capital and must contains minimum 3 characters :
Wrong Input : Fist letter Should be capital and must contains minimum 3 characters :
Wrong Input : Fist letter Should be capital and must contains minimum 3 characters :
Wrong Input : Fist letter Should be capital and must contains minimum 3 characters :
Wrong Input : Fist letter Should be capital and must contains minimum 3 characters :
Wrong Input : Fist letter Should be capital and must contains minimum 3 characters :
Wrong Input : Fist letter Should be capital and must contains minimum 3 characters :
Wrong Input : Fist letter Should be capital and must contains minimum 3 characters :
Wrong Input : Fist letter Should be capital and must contains minimum 3 characters :
Wrong Input : Fist letter Should be capital and must contains minimum 3 characters :
Wrong Input : Fist letter Should be capital and must contains minimum 3 characters :
Wrong Input : Fist letter Should be capital and must contains minimum 3 characters :
Wrong Input : Fist letter Should be capital and must contains minimum 3 characters :
Wrong Input : Fist letter Should be capital and must contains minimum 3 characters :
Wrong Input : Fist letter Should be capital and must contains minimum 3 characters :
Wrong Input : Fist letter Should be capital and must contains minimum 3 characters :
Wrong Input : Fist letter Should be capital and must contains minimum 3 characters :
Wrong Input : Fist letter Should be capital and must contains minimum 3 characters :
Wrong Input : Fist letter Should be capital and must contains minimum 3 characters :
Wrong Input : Fist letter Should be capital and must contains minimum 3 characters :
Wrong Input : Fist letter Should be capital and must contains minimum 3 characters :
Wrong Input : Fist letter Should be capital and must contains minimum 3 characters :
Wrong Input : Fist letter Should be capital and must contains minimum 3 characters :
Wrong Input : Fist letter Should be capital and must contains minimum 3 characters :
Wrong Input : Fist letter Should be capital and must contains minimum 3 characters :
Wrong Input : Fist letter Should be capital and must contains minimum 3 characters :
Wrong Input : Fist letter Should be capital and must contains minimum 3 characters :
Wrong Input : Fist letter Should be capital and must contains minimum 3 characters :
Wrong Input : Fist letter Should be capital and must contains minimum 3 characters :
Wrong Input : Fist letter Should be capital and must contains minimum 3 characters :
Wrong Input : Fist letter Should be capital and must contains minimum 3 characters :
Wrong Input : Fist letter Should be capital and must contains minimum 3 characters :
Wrong Input : Fist letter Should be capital and must contains minimum 3 characters :
Wrong Input : Fist letter Should be capital and must contains minimum 3 characters :
Wrong Input : Fist letter Should be capital and must contains minimum 3 characters :
Wrong Input : Fist letter Should be capital and must contains minimum 3 characters :
Wrong Input : Fist letter Should be capital and must contains minimum 3 characters :
Wrong Input : Fist letter Should be capital and must contains minimum 3 characters :
Wrong Input : Fist letter Should be capital and must contains minimum 3 characters :
Wrong Input : Fist letter Should be capital and must contains minimum 3 characters :
Wrong Input : Fist letter Should be capital and must contains minimum 3 characters :
Wrong Input : Fist letter Should be capital and must contains minimum 3 characters :
Wrong Input : Fist letter Should be capital and must contains minimum 3 characters :
Wrong Input : Fist letter Should be capital and must contains minimum 3 characters :
Wrong Input : Fist letter Should be capital and must contains minimum 3 characters :
Wrong Input : Fist letter Should be capital and must contains minimum 3 characters :
Wrong Input : Fist letter Should be capital and must contains minimum 3 characters :
Wrong Input : Fist letter Should be capital and must contains minimum 3 characters :
Wrong Input : Fist letter Should be capital and must contains minimum 3 characters :
Wrong Input : Fist letter Should be capital and must contains minimum 3 characters :
Wrong Input : Fist letter Should be capital and must contains minimum 3 characters :
Wrong Input : Fist letter Should be capital and must contains minimum 3 characters :
Wrong Input : Fist letter Should be capital and must contains minimum 3 characters :
Wrong Input : Fist letter Should be capital and must contains minimum 3 characters :
Wrong Input : Fist letter Should be capital and must contains minimum 3 characters :
Wrong Input : Fist letter Should be capital and must contains minimum 3 characters :
Wrong Input : Fist letter Should be capital and must contains minimum 3 characters :
Wrong Input : Fist letter Should be capital and must contains minimum 3 characters :
Wrong Input : Fist letter Should be capital and must contains minimum 3 characters :
Wrong Input : Fist letter Should be capital and must contains minimum 3 characters :
Wrong Input : Fist letter Should be capital and must contains minimum 3 characters :
Wrong Input : Fist letter Should be capital and must contains minimum 3 characters :
Wrong Input : Fist letter Should be capital and must contains minimum 3 characters :
Wrong Input : Fist letter Should be capital and must contains minimum 3 characters :
Wrong Input : Fist letter Should be capital and must contains minimum 3 characters :
Wrong Input : Fist letter Should be capital and must contains minimum 3 characters :
Wrong Input : Fist letter Should be capital and must contains minimum 3 characters :
Wrong Input : Fist letter Should be capital and must contains minimum 3 characters :
Wrong Input : Fist letter Should be capital and must contains minimum 3 characters :
Wrong Input : Fist letter Should be capital and must contains minimum 3 characters :
Wrong Input : Fist letter Should be capital and must contains minimum 3 characters :
Wrong Input : Fist letter Should be capital and must contains minimum 3 characters :
Wrong Input : Fist letter Should be capital and must contains minimum 3 characters :
Wrong Input : Fist letter Should be capital and must contains minimum 3 characters :
Wrong Input : Fist letter Should be capital and must contains minimum 3 characters :
Wrong Input : Fist letter Should be capital and must contains minimum 3 characters :
Wrong Input : Fist letter Should be capital and must contains minimum 3 characters :
Wrong Input : Fist letter Should be capital and must contains minimum 3 characters :
Wrong Input : Fist letter Should be capital and must contains minimum 3 characters :
Wrong Input : Fist letter Should be capital and must contains minimum 3 characters :
Wrong Input : Fist letter Should be capital and must contains minimum 3 characters :
Wrong Input : Fist letter Should be capital and must contains minimum 3 characters :
Wrong Input : Fist letter Should be capital and must contains minimum 3 characters :
Wrong Input : Fist letter Should be capital and must contains minimum 3 characters :
Wrong Input : Fist letter Should be capital and must contains minimum 3 characters :
Wrong Input : Fist letter Should be capital and must contains minimum 3 characters :
Wrong Input : Fist letter Should be capital and must contains minimum 3 characters :
Wrong Input : Fist letter Should be capital and must contains minimum 3 characters :
Wrong Input : Fist letter Should be capital and must contains minimum 3 characters :
Wrong Input : Fist letter Should be capital and must contains minimum 3 characters :
Wrong Input : Fist letter Should be capital and must contains minimum 3 characters :
Wrong Input : Fist letter Should be capital and must contains minimum 3 characters :
Wrong Input : Fist letter Should be capital and must contains minimum 3 characters :
Wrong Input : Fist letter Should be capital and must contains minimum 3 characters :
Wrong Input : Fist letter Should be capital and must contains minimum 3 characters :
Wrong Input : Fist letter Should be capital and must contains minimum 3 characters :
Wrong Input : Fist letter Should be capital and must contains minimum 3 characters :
Wrong Input : Fist letter Should be capital and must contains minimum 3 characters :
Wrong Input : Fist letter Should be capital and must contains minimum 3 characters :
Wrong Input : Fist letter Should be capital and must contains minimum 3 characters :
Wrong Input : Fist letter Should be capital and must contains minimum 3 characters :
Wrong Input : Fist letter Should be capital and must contains minimum 3 characters :
Wrong Input : Fist letter Should be capital and must contains minimum 3 characters :
Wrong Input : Fist letter Should be capital and must contains minimum 3 characters :
Wrong Input : Fist letter Should be capital and must contains minimum 3 characters :
Wrong Input : Fist letter Should be capital and must contains minimum 3 characters :
Wrong Input : Fist letter Should be capital and must contains minimum 3 characters :
Wrong Input : Fist letter Should be capital and must contains minimum 3 characters :
Wrong Input : Fist letter Should be capital and must contains minimum 3 characters :
Wrong Input : Fist letter Should be capital and must contains minimum 3 characters :
Wrong Input : Fist letter Should be capital and must contains minimum 3 characters :
Wrong Input : Fist letter Should be capital and must contains minimum 3 characters :
Wrong Input : Fist letter Should be capital and must contains minimum 3 characters :
Wrong Input : Fist letter Should be capital and must contains minimum 3 characters :
Wrong Input : Fist letter Should be capital and must contains minimum 3 characters :
Wrong Input : Fist letter Should be capital and must contains minimum 3 characters :
Wrong Input : Fist letter Should be capital and must contains minimum 3 characters :
Wrong Input : Fist letter Should be capital and must contains minimum 3 characters :
Wrong Input : Fist letter Should be capital and must contains minimum 3 characters :
Wrong Input : Fist letter Should be capital and must contains minimum 3 characters :
Wrong Input : Fist letter Should be capital and must contains minimum 3 characters :
Wrong Input : Fist letter Should be capital and must contains minimum 3 characters :
Wrong Input : Fist letter Should be capital and must contains minimum 3 characters :
Wrong Input : Fist letter Should be capital and must contains minimum 3 characters :
Wrong Input : Fist letter Should be capital and must contains minimum 3 characters :
Wrong Input : Fist letter Should be capital and must contains minimum 3 characters :
Wrong Input : Fist letter Should be capital and must contains minimum 3 characters :
Wrong Input : Fist letter Should be capital and must contains minimum 3 characters :
Wrong Input : Fist letter Should be capital and must contains minimum 3 characters :
Wrong Input : Fist letter Should be capital and must contains minimum 3 characters :
Wrong Input : Fist letter Should be capital and must contains minimum 3 characters :
Wrong Input : Fist letter Should be capital and must contains minimum 3 characters :
Wrong Input : Fist letter Should be capital and must contains minimum 3 characters :
Wrong Input : Fist letter Should be capital and must contains minimum 3 characters :
Wrong Input : Fist letter Should be capital and must contains minimum 3 characters :
Wrong Input : Fist letter Should be capital and must contains minimum 3 characters :
Wrong Input : Fist letter Should be capital and must contains minimum 3 characters :
Wrong Input : Fist letter Should be capital and must contains minimum 3 characters :
Wrong Input : Fist letter Should be capital and must contains minimum 3 characters :
Wrong Input : Fist letter Should be capital and must contains minimum 3 characters :
Wrong Input : Fist letter Should be capital and must contains minimum 3 characters :
Wrong Input : Fist letter Should be capital and must contains minimum 3 characters :
Wrong Input : Fist letter Should be capital and must contains minimum 3 characters :
Wrong Input : Fist letter Should be capital and must contains minimum 3 characters :
Wrong Input : Fist letter Should be capital and must contains minimum 3 characters :
Wrong Input : Fist letter Should be capital and must contains minimum 3 characters :
Wrong Input : Fist letter Should be capital and must contains minimum 3 characters :
Wrong Input : Fist letter Should be capital and must contains minimum 3 characters :
Wrong Input : Fist letter Should be capital and must contains minimum 3 characters :
Wrong Input : Fist letter Should be capital and must contains minimum 3 characters :
Wrong Input : Fist letter Should be capital and must contains minimum 3 characters :
Wrong Input : Fist letter Should be capital and must contains minimum 3 characters :
Wrong Input : Fist letter Should be capital and must contains minimum 3 characters :
Wrong Input : Fist letter Should be capital and must contains minimum 3 characters :
Wrong Input : Fist letter Should be capital and must contains minimum 3 characters :
Wrong Input : Fist letter Should be capital and must contains minimum 3 characters :
Wrong Input : Fist letter Should be capital and must contains minimum 3 characters :
Wrong Input : Fist letter Should be capital and must contains minimum 3 characters :
Wrong Input : Fist letter Should be capital and must contains minimum 3 characters :
Wrong Input : Fist letter Should be capital and must contains minimum 3 characters :
Wrong Input : Fist letter Should be capital and must contains minimum 3 characters :
Wrong Input : Fist letter Should be capital and must contains minimum 3 characters :
Wrong Input : Fist letter Should be capital and must contains minimum 3 characters :
Wrong Input : Fist letter Should be capital and must contains minimum 3 characters :
Wrong Input : Fist letter Should be capital and must contains minimum 3 characters :
Wrong Input : Fist letter Should be capital and must contains minimum 3 characters :
Wrong Input : Fist letter Should be capital and must contains minimum 3 characters :
Wrong Input : Fist letter Should be capital and must contains minimum 3 characters :
Wrong Input : Fist letter Should be capital and must contains minimum 3 characters :
Wrong Input : Fist letter Should be capital and must contains minimum 3 characters :
Wrong Input : Fist letter Should be capital and must contains minimum 3 characters :
Wrong Input : Fist letter Should be capital and must contains minimum 3 characters :
Wrong Input : Fist letter Should be capital and must contains minimum 3 characters :
Wrong Input : Fist letter Should be capital and must contains minimum 3 characters :
Wrong Input : Fist letter Should be capital and must contains minimum 3 characters :
Wrong Input : Fist letter Should be capital and must contains minimum 3 characters :
Wrong Input : Fist letter Should be capital and must contains minimum 3 characters :
Wrong Input : Fist letter Should be capital and must contains minimum 3 characters :
Wrong Input : Fist letter Should be capital and must contains minimum 3 characters :
Wrong Input : Fist letter Should be capital and must contains minimum 3 characters :
Wrong Input : Fist letter Should be capital and must contains minimum 3 characters :
Wrong Input : Fist letter Should be capital and must contains minimum 3 characters :
Wrong Input : Fist letter Should be capital and must contains minimum 3 characters :
Wrong Input : Fist letter Should be capital and must contains minimum 3 characters :
Wrong Input : Fist letter Should be capital and must contains minimum 3 characters :
Wrong Input : Fist letter Should be capital and must contains minimum 3 characters :
Wrong Input : Fist letter Should be capital and must contains minimum 3 characters :
Wrong Input : Fist letter Should be capital and must contains minimum 3 characters :
Wrong Input : Fist letter Should be capital and must contains minimum 3 characters :
Wrong Input : Fist letter Should be capital and must contains minimum 3 characters :
Wrong Input : Fist letter Should be capital and must contains minimum 3 characters :
Wrong Input : Fist letter Should be capital and must contains minimum 3 characters :
Wrong Input : Fist letter Should be capital and must contains minimum 3 characters :
Wrong Input : Fist letter Should be capital and must contains minimum 3 characters :
Wrong Input : Fist letter Should be capital and must contains minimum 3 characters :
Wrong Input : Fist letter Should be capital and must contains minimum 3 characters :
Wrong Input : Fist letter Should be capital and must contains minimum 3 characters :
Wrong Input : Fist letter Should be capital and must contains minimum 3 characters :
Wrong Input : Fist letter Should be capital and must contains minimum 3 characters :
Wrong Input : Fist letter Should be capital and must contains minimum 3 characters :
Wrong Input : Fist letter Should be capital and must contains minimum 3 characters :
Wrong Input : Fist letter Should be capital and must contains minimum 3 characters :
Wrong Input : Fist letter Should be capital and must contains minimum 3 characters :
Wrong Input : Fist letter Should be capital and must contains minimum 3 characters :
Wrong Input : Fist letter Should be capital and must contains minimum 3 characters :
Wrong Input : Fist letter Should be capital and must contains minimum 3 characters :
Wrong Input : Fist letter Should be capital and must contains minimum 3 characters :
Wrong Input : Fist letter Should be capital and must contains minimum 3 characters :
Wrong Input : Fist letter Should be capital and must contains minimum 3 characters :
Wrong Input : Fist letter Should be capital and must contains minimum 3 characters :
Wrong Input : Fist letter Should be capital and must contains minimum 3 characters :
Wrong Input : Fist letter Should be capital and must contains minimum 3 characters :
Wrong Input : Fist letter Should be capital and must contains minimum 3 characters :
Wrong Input : Fist letter Should be capital and must contains minimum 3 characters :
Wrong Input : Fist letter Should be capital and must contains minimum 3 characters :
Wrong Input : Fist letter Should be capital and must contains minimum 3 characters :
Wrong Input : Fist letter Should be capital and must contains minimum 3 characters :
Wrong Input : Fist letter Should be capital and must contains minimum 3 characters :
Wrong Input : Fist letter Should be capital and must contains minimum 3 characters :
Wrong Input : Fist letter Should be capital and must contains minimum 3 characters :
Wrong Input : Fist letter Should be capital and must contains minimum 3 characters :
Wrong Input : Fist letter Should be capital and must contains minimum 3 characters :
Wrong Input : Fist letter Should be capital and must contains minimum 3 characters :
Wrong Input : Fist letter Should be capital and must contains minimum 3 characters :
Wrong Input : Fist letter Should be capital and must contains minimum 3 characters :
Wrong Input : Fist letter Should be capital and must contains minimum 3 characters :
Wrong Input : Fist letter Should be capital and must contains minimum 3 characters :
Wrong Input : Fist letter Should be capital and must contains minimum 3 characters :
Wrong Input : Fist letter Should be capital and must contains minimum 3 characters :
Wrong Input : Fist letter Should be capital and must contains minimum 3 characters :
Wrong Input : Fist letter Should be capital and must contains minimum 3 characters :
Wrong Input : Fist letter Should be capital and must contains minimum 3 characters :
Wrong Input : Fist letter Should be capital and must contains minimum 3 characters :
Wrong Input : Fist letter Should be capital and must contains minimum 3 characters :
Wrong Input : Fist letter Should be capital and must contains minimum 3 characters :
Wrong Input : Fist letter Should be capital and must contains minimum 3 characters :
Wrong Input : Fist letter Should be capital and must contains minimum 3 characters :
Wrong Input : Fist letter Should be capital and must contains minimum 3 characters :
Wrong Input : Fist letter Should be capital and must contains minimum 3 characters :
Wrong Input : Fist letter Should be capital and must contains minimum 3 characters :
Wrong Input : Fist letter Should be capital and must contains minimum 3 characters :
Wrong Input : Fist letter Should be capital and must contains minimum 3 characters :
Wrong Input : Fist letter Should be capital and must contains minimum 3 characters :
Wrong Input : Fist letter Should be capital and must contains minimum 3 characters :
Wrong Input : Fist letter Should be capital and must contains minimum 3 characters :
Wrong Input : Fist letter Should be capital and must contains minimum 3 characters :
Wrong Input : Fist letter Should be capital and must contains minimum 3 characters :
Wrong Input : Fist letter Should be capital and must contains minimum 3 characters :
Wrong Input : Fist letter Should be capital and must contains minimum 3 characters :
Wrong Input : Fist letter Should be capital and must contains minimum 3 characters :
Wrong Input : Fist letter Should be capital and must contains minimum 3 characters :
Wrong Input : Fist letter Should be capital and must contains minimum 3 characters :
Wrong Input : Fist letter Should be capital and must contains minimum 3 characters :
Wrong Input : Fist letter Should be capital and must contains minimum 3 characters :
Wrong Input : Fist letter Should be capital and must contains minimum 3 characters :
Wrong Input : Fist letter Should be capital and must contains minimum 3 characters :
Wrong Input : Fist letter Should be capital and must contains minimum 3 characters :
Wrong Input : Fist letter Should be capital and must contains minimum 3 characters :
Wrong Input : Fist letter Should be capital and must contains minimum 3 characters :
Wrong Input : Fist letter Should be capital and must contains minimum 3 characters :
Wrong Input : Fist letter Should be capital and must contains minimum 3 characters :
Wrong Input : Fist letter Should be capital and must contains minimum 3 characters :
Wrong Input : Fist letter Should be capital and must contains minimum 3 characters :
Wrong Input : Fist letter Should be capital and must contains minimum 3 characters :
Wrong Input : Fist letter Should be capital and must contains minimum 3 characters :
Wrong Input : Fist letter Should be capital and must contains minimum 3 characters :
Wrong Input : Fist letter Should be capital and must contains minimum 3 characters :
Wrong Input : Fist letter Should be capital and must contains minimum 3 characters :
Wrong Input : Fist letter Should be capital and must contains minimum 3 characters :
Wrong Input : Fist letter Should be capital and must contains minimum 3 characters :
Wrong Input : Fist letter Should be capital and must contains minimum 3 characters :
Wrong Input : Fist letter Should be capital and must contains minimum 3 characters :
Wrong Input : Fist letter Should be capital and must contains minimum 3 characters :
Wrong Input : Fist letter Should be capital and must contains minimum 3 characters :
Wrong Input : Fist letter Should be capital and must contains minimum 3 characters :
Wrong Input : Fist letter Should be capital and must contains minimum 3 characters :
Wrong Input : Fist letter Should be capital and must contains minimum 3 characters :
Wrong Input : Fist letter Should be capital and must contains minimum 3 characters :
Wrong Input : Fist letter Should be capital and must contains minimum 3 characters :
Wrong Input : Fist letter Should be capital and must contains minimum 3 characters :
Wrong Input : Fist letter Should be capital and must contains minimum 3 characters :
Wrong Input : Fist letter Should be capital and must contains minimum 3 characters :
Wrong Input : Fist letter Should be capital and must contains minimum 3 characters :
Wrong Input : Fist letter Should be capital and must contains minimum 3 characters :
Wrong Input : Fist letter Should be capital and must contains minimum 3 characters :
Wrong Input : Fist letter Should be capital and must contains minimum 3 characters :
Wrong Input : Fist letter Should be capital and must contains minimum 3 characters :
Wrong Input : Fist letter Should be capital and must contains minimum 3 characters :
Wrong Input : Fist letter Should be capital and must contains minimum 3 characters :
Wrong Input : Fist letter Should be capital and must contains minimum 3 characters :
Wrong Input : Fist letter Should be capital and must contains minimum 3 characters :
Wrong Input : Fist letter Should be capital and must contains minimum 3 characters :
Wrong Input : Fist letter Should be capital and must contains minimum 3 characters :
Wrong Input : Fist letter Should be capital and must contains minimum 3 characters :
Wrong Input : Fist letter Should be capital and must contains minimum 3 characters :
Wrong Input : Fist letter Should be capital and must contains minimum 3 characters :
Wrong Input : Fist letter Should be capital and must contains minimum 3 characters :
Wrong Input : Fist letter Should be capital and must contains minimum 3 characters :
Wrong Input : Fist letter Should be capital and must contains minimum 3 characters :
Wrong Input : Fist letter Should be capital and must contains minimum 3 characters :
Wrong Input : Fist letter Should be capital and must contains minimum 3 characters :
Wrong Input : Fist letter Should be capital and must contains minimum 3 characters :
Wrong Input : Fist letter Should be capital and must contains minimum 3 characters :
Wrong Input : Fist letter Should be capital and must contains minimum 3 characters :
Wrong Input : Fist letter Should be capital and must contains minimum 3 characters :
Wrong Input : Fist letter Should be capital and must contains minimum 3 characters :
Wrong Input : Fist letter Should be capital and must contains minimum 3 characters :
Wrong Input : Fist letter Should be capital and must contains minimum 3 characters :
Wrong Input : Fist letter Should be capital and must contains minimum 3 characters :
Wrong Input : Fist letter Should be capital and must contains minimum 3 characters :
Wrong Input : Fist letter Should be capital and must contains minimum 3 characters :
Wrong Input : Fist letter Should be capital and must contains minimum 3 characters :
Wrong Input : Fist letter Should be capital and must contains minimum 3 characters :
Wrong Input : Fist letter Should be capital and must contains minimum 3 characters :
Wrong Input : Fist letter Should be capital and must contains minimum 3 characters :
Wrong Input : Fist letter Should be capital and must contains minimum 3 characters :
Wrong Input : Fist letter Should be capital and must contains minimum 3 characters :
Wrong Input : Fist letter Should be capital and must contains minimum 3 characters :
Wrong Input : Fist letter Should be capital and must contains minimum 3 characters :
Wrong Input : Fist letter Should be capital and must contains minimum 3 characters :
Wrong Input : Fist letter Should be capital and must contains minimum 3 characters :
Wrong Input : Fist letter Should be capital and must contains minimum 3 characters :
Wrong Input : Fist letter Should be capital and must contains minimum 3 characters :
Wrong Input : Fist letter Should be capital and must contains minimum 3 characters :
Wrong Input : Fist letter Should be capital and must contains minimum 3 characters :
Wrong Input : Fist letter Should be capital and must contains minimum 3 characters :
Wrong Input : Fist letter Should be capital and must contains minimum 3 characters :
Wrong Input : Fist letter Should be capital and must contains minimum 3 characters :
Wrong Input : Fist letter Should be capital and must contains minimum 3 characters :
Wrong Input : Fist letter Should be capital and must contains minimum 3 characters :
Wrong Input : Fist letter Should be capital and must contains minimum 3 characters :
Wrong Input : Fist letter Should be capital and must contains minimum 3 characters :
Wrong Input : Fist letter Should be capital and must contains minimum 3 characters :
Wrong Input : Fist letter Should be capital and must contains minimum 3 characters :
Wrong Input : Fist letter Should be capital and must contains minimum 3 characters :
Wrong Input : Fist letter Should be capital and must contains minimum 3 characters :
Wrong Input : Fist letter Should be capital and must contains minimum 3 characters :
Wrong Input : Fist letter Should be capital and must contains minimum 3 characters :
Wrong Input : Fist letter Should be capital and must contains minimum 3 characters :
Wrong Input : Fist letter Should be capital and must contains minimum 3 characters :
Wrong Input : Fist letter Should be capital and must contains minimum 3 characters :
Wrong Input : Fist letter Should be capital and must contains minimum 3 characters :
Wrong Input : Fist letter Should be capital and must contains minimum 3 characters :
Wrong Input : Fist letter Should be capital and must contains minimum 3 characters :
Wrong Input : Fist letter Should be capital and must contains minimum 3 characters :
Wrong Input : Fist letter Should be capital and must contains minimum 3 characters :
Wrong Input : Fist letter Should be capital and must contains minimum 3 characters :
Wrong Input : Fist letter Should be capital and must contains minimum 3 characters :
Wrong Input : Fist letter Should be capital and must contains minimum 3 characters :
Wrong Input : Fist letter Should be capital and must contains minimum 3 characters :
Wrong Input : Fist letter Should be capital and must contains minimum 3 characters :
Wrong Input : Fist letter Should be capital and must contains minimum 3 characters :
Wrong Input : Fist letter Should be capital and must contains minimum 3 characters :
Wrong Input : Fist letter Should be capital and must contains minimum 3 characters :
Wrong Input : Fist letter Should be capital and must contains minimum 3 characters :
Wrong Input : Fist letter Should be capital and must contains minimum 3 characters :
Wrong Input : Fist letter Should be capital and must contains minimum 3 characters :
Wrong Input : Fist letter Should be capital and must contains minimum 3 characters :
Wrong Input : Fist letter Should be capital and must contains minimum 3 characters :
Wrong Input : Fist letter Should be capital and must contains minimum 3 characters :
Wrong Input : Fist letter Should be capital and must contains minimum 3 characters :
Wrong Input : Fist letter Should be capital and must contains minimum 3 characters :
Wrong Input : Fist letter Should be capital and must contains minimum 3 characters :
Wrong Input : Fist letter Should be capital and must contains minimum 3 characters :
Wrong Input : Fist letter Should be capital and must contains minimum 3 characters :
Wrong Input : Fist letter Should be capital and must contains minimum 3 characters :
Wrong Input : Fist letter Should be capital and must contains minimum 3 characters :
Wrong Input : Fist letter Should be capital and must contains minimum 3 characters :
Wrong Input : Fist letter Should be capital and must contains minimum 3 characters :
Wrong Input : Fist letter Should be capital and must contains minimum 3 characters :
Wrong Input : Fist letter Should be capital and must contains minimum 3 characters :
Wrong Input : Fist letter Should be capital and must contains minimum 3 characters :
Wrong Input : Fist letter Should be capital and must contains minimum 3 characters :
Wrong Input : Fist letter Should be capital and must contains minimum 3 characters :
Wrong Input : Fist letter Should be capital and must contains minimum 3 characters :
Wrong Input : Fist letter Should be capital and must contains minimum 3 characters :
Wrong Input : Fist letter Should be capital and must contains minimum 3 characters :
Wrong Input : Fist letter Should be capital and must contains minimum 3 characters :
Wrong Input : Fist letter Should be capital and must contains minimum 3 characters :
Wrong Input : Fist letter Should be capital and must contains minimum 3 characters :
Wrong Input : Fist letter Should be capital and must contains minimum 3 characters :
Wrong Input : Fist letter Should be capital and must contains minimum 3 characters :
Wrong Input : Fist letter Should be capital and must contains minimum 3 characters :
Wrong Input : Fist letter Should be capital and must contains minimum 3 characters :
Wrong Input : Fist letter Should be capital and must contains minimum 3 characters :
Wrong Input : Fist letter Should be capital and must contains minimum 3 characters :
Wrong Input : Fist letter Should be capital and must contains minimum 3 characters :
Wrong Input : Fist letter Should be capital and must contains minimum 3 characters :
Wrong Input : Fist letter Should be capital and must contains minimum 3 characters :
Wrong Input : Fist letter Should be capital and must contains minimum 3 characters :
Wrong Input : Fist letter Should be capital and must contains minimum 3 characters :
Wrong Input : Fist letter Should be capital and must contains minimum 3 characters :
Wrong Input : Fist letter Should be capital and must contains minimum 3 characters :
Wrong Input : Fist letter Should be capital and must contains minimum 3 characters :
Wrong Input : Fist letter Should be capital and must contains minimum 3 characters :
Wrong Input : Fist letter Should be capital and must contains minimum 3 characters :
Wrong Input : Fist letter Should be capital and must contains minimum 3 characters :
Wrong Input : Fist letter Should be capital and must contains minimum 3 characters :
Wrong Input : Fist letter Should be capital and must contains minimum 3 characters :
Wrong Input : Fist letter Should be capital and must contains minimum 3 characters :
Wrong Input : Fist letter Should be capital and must contains minimum 3 characters :
Wrong Input : Fist letter Should be capital and must contains minimum 3 characters :
Wrong Input : Fist letter Should be capital and must contains minimum 3 characters :
Wrong Input : Fist letter Should be capital and must contains minimum 3 characters :
Wrong Input : Fist letter Should be capital and must contains minimum 3 characters :
Wrong Input : Fist letter Should be capital and must contains minimum 3 characters :
Wrong Input : Fist letter Should be capital and must contains minimum 3 characters :
Wrong Input : Fist letter Should be capital and must contains minimum 3 characters :
Wrong Input : Fist letter Should be capital and must contains minimum 3 characters :
Wrong Input : Fist letter Should be capital and must contains minimum 3 characters :
Wrong Input : Fist letter Should be capital and must contains minimum 3 characters :
Wrong Input : Fist letter Should be capital and must contains minimum 3 characters :
Wrong Input : Fist letter Should be capital and must contains minimum 3 characters :
Wrong Input : Fist letter Should be capital and must contains minimum 3 characters :
Wrong Input : Fist letter Should be capital and must contains minimum 3 characters :
Wrong Input : Fist letter Should be capital and must contains minimum 3 characters :
Wrong Input : Fist letter Should be capital and must contains minimum 3 characters :
Wrong Input : Fist letter Should be capital and must contains minimum 3 characters :
Wrong Input : Fist letter Should be capital and must contains minimum 3 characters :
Wrong Input : Fist letter Should be capital and must contains minimum 3 characters :
Wrong Input : Fist letter Should be capital and must contains minimum 3 characters :
Wrong Input : Fist letter Should be capital and must contains minimum 3 characters :
Wrong Input : Fist letter Should be capital and must contains minimum 3 characters :
Wrong Input : Fist letter Should be capital and must contains minimum 3 characters :
Wrong Input : Fist letter Should be capital and must contains minimum 3 characters :
Wrong Input : Fist letter Should be capital and must contains minimum 3 characters :
Wrong Input : Fist letter Should be capital and must contains minimum 3 characters :
Wrong Input : Fist letter Should be capital and must contains minimum 3 characters :
Wrong Input : Fist letter Should be capital and must contains minimum 3 characters :
Wrong Input : Fist letter Should be capital and must contains minimum 3 characters :
Wrong Input : Fist letter Should be capital and must contains minimum 3 characters :
Wrong Input : Fist letter Should be capital and must contains minimum 3 characters :
Wrong Input : Fist letter Should be capital and must contains minimum 3 characters :
Wrong Input : Fist letter Should be capital and must contains minimum 3 characters :
Wrong Input : Fist letter Should be capital and must contains minimum 3 characters :
Wrong Input : Fist letter Should be capital and must contains minimum 3 characters :
Wrong Input : Fist letter Should be capital and must contains minimum 3 characters :
Wrong Input : Fist letter Should be capital and must contains minimum 3 characters :
Wrong Input : Fist letter Should be capital and must contains minimum 3 characters :
Wrong Input : Fist letter Should be capital and must contains minimum 3 characters :
Wrong Input : Fist letter Should be capital and must contains minimum 3 characters :
Wrong Input : Fist letter Should be capital and must contains minimum 3 characters :
Wrong Input : Fist letter Should be capital and must contains minimum 3 characters :
Wrong Input : Fist letter Should be capital and must contains minimum 3 characters :
Wrong Input : Fist letter Should be capital and must contains minimum 3 characters :
Wrong Input : Fist letter Should be capital and must contains minimum 3 characters :
Wrong Input : Fist letter Should be capital and must contains minimum 3 characters :
Wrong Input : Fist letter Should be capital and must contains minimum 3 characters :
Wrong Input : Fist letter Should be capital and must contains minimum 3 characters :
Wrong Input : Fist letter Should be capital and must contains minimum 3 characters :
Wrong Input : Fist letter Should be capital and must contains minimum 3 characters :
Wrong Input : Fist letter Should be capital and must contains minimum 3 characters :
Wrong Input : Fist letter Should be capital and must contains minimum 3 characters :
Wrong Input : Fist letter Should be capital and must contains minimum 3 characters :
Wrong Input : Fist letter Should be capital and must contains minimum 3 characters :
Wrong Input : Fist letter Should be capital and must contains minimum 3 characters :
Wrong Input : Fist letter Should be capital and must contains minimum 3 characters :
Wrong Input : Fist letter Should be capital and must contains minimum 3 characters :
Wrong Input : Fist letter Should be capital and must contains minimum 3 characters :
Wrong Input : Fist letter Should be capital and must contains minimum 3 characters :
Wrong Input : Fist letter Should be capital and must contains minimum 3 characters :
Wrong Input : Fist letter Should be capital and must contains minimum 3 characters :
Wrong Input : Fist letter Should be capital and must contains minimum 3 characters :
Wrong Input : Fist letter Should be capital and must contains minimum 3 characters :
Wrong Input : Fist letter Should be capital and must contains minimum 3 characters :
Wrong Input : Fist letter Should be capital and must contains minimum 3 characters :
Wrong Input : Fist letter Should be capital and must contains minimum 3 characters :
Wrong Input : Fist letter Should be capital and must contains minimum 3 characters :
Wrong Input : Fist letter Should be capital and must contains minimum 3 characters :
Wrong Input : Fist letter Should be capital and must contains minimum 3 characters :
Wrong Input : Fist letter Should be capital and must contains minimum 3 characters :
Wrong Input : Fist letter Should be capital and must contains minimum 3 characters :
Wrong Input : Fist letter Should be capital and must contains minimum 3 characters :
Wrong Input : Fist letter Should be capital and must contains minimum 3 characters :
Wrong Input : Fist letter Should be capital and must contains minimum 3 characters :
Wrong Input : Fist letter Should be capital and must contains minimum 3 characters :
Wrong Input : Fist letter Should be capital and must contains minimum 3 characters :
Wrong Input : Fist letter Should be capital and must contains minimum 3 characters :
Wrong Input : Fist letter Should be capital and must contains minimum 3 characters :
Wrong Input : Fist letter Should be capital and must contains minimum 3 characters :
Wrong Input : Fist letter Should be capital and must contains minimum 3 characters :
Wrong Input : Fist letter Should be capital and must contains minimum 3 characters :
Wrong Input : Fist letter Should be capital and must contains minimum 3 characters :
Wrong Input : Fist letter Should be capital and must contains minimum 3 characters :
Wrong Input : Fist letter Should be capital and must contains minimum 3 characters :
Wrong Input : Fist letter Should be capital and must contains minimum 3 characters :
Wrong Input : Fist letter Should be capital and must contains minimum 3 characters :
Wrong Input : Fist letter Should be capital and must contains minimum 3 characters :
Wrong Input : Fist letter Should be capital and must contains minimum 3 characters :
Wrong Input : Fist letter Should be capital and must contains minimum 3 characters :
Wrong Input : Fist letter Should be capital and must contains minimum 3 characters :
Wrong Input : Fist letter Should be capital and must contains minimum 3 characters :
Wrong Input : Fist letter Should be capital and must contains minimum 3 characters :
Wrong Input : Fist letter Should be capital and must contains minimum 3 characters :
Wrong Input : Fist letter Should be capital and must contains minimum 3 characters :
Wrong Input : Fist letter Should be capital and must contains minimum 3 characters :
Wrong Input : Fist letter Should be capital and must contains minimum 3 characters :
Wrong Input : Fist letter Should be capital and must contains minimum 3 characters :
Wrong Input : Fist letter Should be capital and must contains minimum 3 characters :
Wrong Input : Fist letter Should be capital and must contains minimum 3 characters :
Wrong Input : Fist letter Should be capital and must contains minimum 3 characters :
Wrong Input : Fist letter Should be capital and must contains minimum 3 characters :
Wrong Input : Fist letter Should be capital and must contains minimum 3 characters :
Wrong Input : Fist letter Should be capital and must contains minimum 3 characters :
Wrong Input : Fist letter Should be capital and must contains minimum 3 characters :
Wrong Input : Fist letter Should be capital and must contains minimum 3 characters :
Wrong Input : Fist letter Should be capital and must contains minimum 3 characters :
Wrong Input : Fist letter Should be capital and must contains minimum 3 characters :
Wrong Input : Fist letter Should be capital and must contains minimum 3 characters :
Wrong Input : Fist letter Should be capital and must contains minimum 3 characters :
Wrong Input : Fist letter Should be capital and must contains minimum 3 characters :
Wrong Input : Fist letter Should be capital and must contains minimum 3 characters :
Wrong Input : Fist letter Should be capital and must contains minimum 3 characters :
Wrong Input : Fist letter Should be capital and must contains minimum 3 characters :
Wrong Input : Fist letter Should be capital and must contains minimum 3 characters :
Wrong Input : Fist letter Should be capital and must contains minimum 3 characters :
Wrong Input : Fist letter Should be capital and must contains minimum 3 characters :
Wrong Input : Fist letter Should be capital and must contains minimum 3 characters :
Wrong Input : Fist letter Should be capital and must contains minimum 3 characters :
Wrong Input : Fist letter Should be capital and must contains minimum 3 characters :
Wrong Input : Fist letter Should be capital and must contains minimum 3 characters :
Wrong Input : Fist letter Should be capital and must contains minimum 3 characters :
Wrong Input : Fist letter Should be capital and must contains minimum 3 characters :
Wrong Input : Fist letter Should be capital and must contains minimum 3 characters :
Wrong Input : Fist letter Should be capital and must contains minimum 3 characters :
Wrong Input : Fist letter Should be capital and must contains minimum 3 characters :
Wrong Input : Fist letter Should be capital and must contains minimum 3 characters :
Wrong Input : Fist letter Should be capital and must contains minimum 3 characters :
Wrong Input : Fist letter Should be capital and must contains minimum 3 characters :
Wrong Input : Fist letter Should be capital and must contains minimum 3 characters :
Wrong Input : Fist letter Should be capital and must contains minimum 3 characters :
Wrong Input : Fist letter Should be capital and must contains minimum 3 characters :
Wrong Input : Fist letter Should be capital and must contains minimum 3 characters :
Wrong Input : Fist letter Should be capital and must contains minimum 3 characters :
Wrong Input : Fist letter Should be capital and must contains minimum 3 characters :
Wrong Input : Fist letter Should be capital and must contains minimum 3 characters :
Wrong Input : Fist letter Should be capital and must contains minimum 3 characters :
Wrong Input : Fist letter Should be capital and must contains minimum 3 characters :
Wrong Input : Fist letter Should be capital and must contains minimum 3 characters :
Wrong Input : Fist letter Should be capital and must contains minimum 3 characters :
Wrong Input : Fist letter Should be capital and must contains minimum 3 characters :
Wrong Input : Fist letter Should be capital and must contains minimum 3 characters :
Wrong Input : Fist letter Should be capital and must contains minimum 3 characters :
Wrong Input : Fist letter Should be capital and must contains minimum 3 characters :
Wrong Input : Fist letter Should be capital and must contains minimum 3 characters :
Wrong Input : Fist letter Should be capital and must contains minimum 3 characters :
Wrong Input : Fist letter Should be capital and must contains minimum 3 characters :
Wrong Input : Fist letter Should be capital and must contains minimum 3 characters :
Wrong Input : Fist letter Should be capital and must contains minimum 3 characters :
Wrong Input : Fist letter Should be capital and must contains minimum 3 characters :
Wrong Input : Fist letter Should be capital and must contains minimum 3 characters :
Wrong Input : Fist letter Should be capital and must contains minimum 3 characters :
Wrong Input : Fist letter Should be capital and must contains minimum 3 characters :
Wrong Input : Fist letter Should be capital and must contains minimum 3 characters :
Wrong Input : Fist letter Should be capital and must contains minimum 3 characters :
Wrong Input : Fist letter Should be capital and must contains minimum 3 characters :
Wrong Input : Fist letter Should be capital and must contains minimum 3 characters :
Wrong Input : Fist letter Should be capital and must contains minimum 3 characters :
Wrong Input : Fist letter Should be capital and must contains minimum 3 characters :
Wrong Input : Fist letter Should be capital and must contains minimum 3 characters :
Wrong Input : Fist letter Should be capital and must contains minimum 3 characters :
Wrong Input : Fist letter Should be capital and must contains minimum 3 characters :
Wrong Input : Fist letter Should be capital and must contains minimum 3 characters :
Wrong Input : Fist letter Should be capital and must contains minimum 3 characters :
Wrong Input : Fist letter Should be capital and must contains minimum 3 characters :
Wrong Input : Fist letter Should be capital and must contains minimum 3 characters :
Wrong Input : Fist letter Should be capital and must contains minimum 3 characters :
Wrong Input : Fist letter Should be capital and must contains minimum 3 characters :
Wrong Input : Fist letter Should be capital and must contains minimum 3 characters :
Wrong Input : Fist letter Should be capital and must contains minimum 3 characters :
Wrong Input : Fist letter Should be capital and must contains minimum 3 characters :
Wrong Input : Fist letter Should be capital and must contains minimum 3 characters :
Wrong Input : Fist letter Should be capital and must contains minimum 3 characters :
Wrong Input : Fist letter Should be capital and must contains minimum 3 characters :
Wrong Input : Fist letter Should be capital and must contains minimum 3 characters :
Wrong Input : Fist letter Should be capital and must contains minimum 3 characters :
Wrong Input : Fist letter Should be capital and must contains minimum 3 characters :
Wrong Input : Fist letter Should be capital and must contains minimum 3 characters :
Wrong Input : Fist letter Should be capital and must contains minimum 3 characters :
Wrong Input : Fist letter Should be capital and must contains minimum 3 characters :
Wrong Input : Fist letter Should be capital and must contains minimum 3 characters :
Wrong Input : Fist letter Should be capital and must contains minimum 3 characters :
Wrong Input : Fist letter Should be capital and must contains minimum 3 characters :
Wrong Input : Fist letter Should be capital and must contains minimum 3 characters :
Wrong Input : Fist letter Should be capital and must contains minimum 3 characters :
Wrong Input : Fist letter Should be capital and must contains minimum 3 characters :
Wrong Input : Fist letter Should be capital and must contains minimum 3 characters :
Wrong Input : Fist letter Should be capital and must contains minimum 3 characters :
Wrong Input : Fist letter Should be capital and must contains minimum 3 characters :
Wrong Input : Fist letter Should be capital and must contains minimum 3 characters :
Wrong Input : Fist letter Should be capital and must contains minimum 3 characters :
Wrong Input : Fist letter Should be capital and must contains minimum 3 characters :
Wrong Input : Fist letter Should be capital and must contains minimum 3 characters :
Wrong Input : Fist letter Should be capital and must contains minimum 3 characters :
Wrong Input : Fist letter Should be capital and must contains minimum 3 characters :
Wrong Input : Fist letter Should be capital and must contains minimum 3 characters :
Wrong Input : Fist letter Should be capital and must contains minimum 3 characters :
Wrong Input : Fist letter Should be capital and must contains minimum 3 characters :
Wrong Input : Fist letter Should be capital and must contains minimum 3 characters :
Wrong Input : Fist letter Should be capital and must contains minimum 3 characters :
Wrong Input : Fist letter Should be capital and must contains minimum 3 characters :
Wrong Input : Fist letter Should be capital and must contains minimum 3 characters :
Wrong Input : Fist letter Should be capital and must contains minimum 3 characters :
Wrong Input : Fist letter Should be capital and must contains minimum 3 characters :
Wrong Input : Fist letter Should be capital and must contains minimum 3 characters :
Wrong Input : Fist letter Should be capital and must contains minimum 3 characters :
Wrong Input : Fist letter Should be capital and must contains minimum 3 characters :
Wrong Input : Fist letter Should be capital and must contains minimum 3 characters :
Wrong Input : Fist letter Should be capital and must contains minimum 3 characters :
Wrong Input : Fist letter Should be capital and must contains minimum 3 characters :
Wrong Input : Fist letter Should be capital and must contains minimum 3 characters :
Wrong Input : Fist letter Should be capital and must contains minimum 3 characters :
Wrong Input : Fist letter Should be capital and must contains minimum 3 characters :
Wrong Input : Fist letter Should be capital and must contains minimum 3 characters :
Wrong Input : Fist letter Should be capital and must contains minimum 3 characters :
Wrong Input : Fist letter Should be capital and must contains minimum 3 characters :
Wrong Input : Fist letter Should be capital and must contains minimum 3 characters :
Wrong Input : Fist letter Should be capital and must contains minimum 3 characters :
Wrong Input : Fist letter Should be capital and must contains minimum 3 characters :
Wrong Input : Fist letter Should be capital and must contains minimum 3 characters :
Wrong Input : Fist letter Should be capital and must contains minimum 3 characters :
Wrong Input : Fist letter Should be capital and must contains minimum 3 characters :
Wrong Input : Fist letter Should be capital and must contains minimum 3 characters :
Wrong Input : Fist letter Should be capital and must contains minimum 3 characters :
Wrong Input : Fist letter Should be capital and must contains minimum 3 characters :
Wrong Input : Fist letter Should be capital and must contains minimum 3 characters :
Wrong Input : Fist letter Should be capital and must contains minimum 3 characters :
Wrong Input : Fist letter Should be capital and must contains minimum 3 characters :
Wrong Input : Fist letter Should be capital and must contains minimum 3 characters :
Wrong Input : Fist letter Should be capital and must contains minimum 3 characters :
Wrong Input : Fist letter Should be capital and must contains minimum 3 characters :
Wrong Input : Fist letter Should be capital and must contains minimum 3 characters :
Wrong Input : Fist letter Should be capital and must contains minimum 3 characters :
Wrong Input : Fist letter Should be capital and must contains minimum 3 characters :
Wrong Input : Fist letter Should be capital and must contains minimum 3 characters :
Wrong Input : Fist letter Should be capital and must contains minimum 3 characters :
Wrong Input : Fist letter Should be capital and must contains minimum 3 characters :
Wrong Input : Fist letter Should be capital and must contains minimum 3 characters :
Wrong Input : Fist letter Should be capital and must contains minimum 3 characters :
Wrong Input : Fist letter Should be capital and must contains minimum 3 characters :
Wrong Input : Fist letter Should be capital and must contains minimum 3 characters :
Wrong Input : Fist letter Should be capital and must contains minimum 3 characters :
Wrong Input : Fist letter Should be capital and must contains minimum 3 characters :
Wrong Input : Fist letter Should be capital and must contains minimum 3 characters :
Wrong Input : Fist letter Should be capital and must contains minimum 3 characters :
Wrong Input : Fist letter Should be capital and must contains minimum 3 characters :
Wrong Input : Fist letter Should be capital and must contains minimum 3 characters :
Wrong Input : Fist letter Should be capital and must contains minimum 3 characters :
Wrong Input : Fist letter Should be capital and must contains minimum 3 characters :
Wrong Input : Fist letter Should be capital and must contains minimum 3 characters :
Wrong Input : Fist letter Should be capital and must contains minimum 3 characters :
Wrong Input : Fist letter Should be capital and must contains minimum 3 characters :
Wrong Input : Fist letter Should be capital and must contains minimum 3 characters :
Wrong Input : Fist letter Should be capital and must contains minimum 3 characters :
Wrong Input : Fist letter Should be capital and must contains minimum 3 characters :
Wrong Input : Fist letter Should be capital and must contains minimum 3 characters :
Wrong Input : Fist letter Should be capital and must contains minimum 3 characters :
Wrong Input : Fist letter Should be capital and must contains minimum 3 characters :
Wrong Input : Fist letter Should be capital and must contains minimum 3 characters :
Wrong Input : Fist letter Should be capital and must contains minimum 3 characters :
Wrong Input : Fist letter Should be capital and must contains minimum 3 characters :
Wrong Input : Fist letter Should be capital and must contains minimum 3 characters :
Wrong Input : Fist letter Should be capital and must contains minimum 3 characters :
Wrong Input : Fist letter Should be capital and must contains minimum 3 characters :
Wrong Input : Fist letter Should be capital and must contains minimum 3 characters :
Wrong Input : Fist letter Should be capital and must contains minimum 3 characters :
Wrong Input : Fist letter Should be capital and must contains minimum 3 characters :
Wrong Input : Fist letter Should be capital and must contains minimum 3 characters :
Wrong Input : Fist letter Should be capital and must contains minimum 3 characters :
Wrong Input : Fist letter Should be capital and must contains minimum 3 characters :
Wrong Input : Fist letter Should be capital and must contains minimum 3 characters :
Wrong Input : Fist letter Should be capital and must contains minimum 3 characters :
Wrong Input : Fist letter Should be capital and must contains minimum 3 characters :
Wrong Input : Fist letter Should be capital and must contains minimum 3 characters :
Wrong Input : Fist letter Should be capital and must contains minimum 3 characters :
Wrong Input : Fist letter Should be capital and must contains minimum 3 characters :
Wrong Input : Fist letter Should be capital and must contains minimum 3 characters :
Wrong Input : Fist letter Should be capital and must contains minimum 3 characters :
Wrong Input : Fist letter Should be capital and must contains minimum 3 characters :
Wrong Input : Fist letter Should be capital and must contains minimum 3 characters :
Wrong Input : Fist letter Should be capital and must contains minimum 3 characters :
Wrong Input : Fist letter Should be capital and must contains minimum 3 characters :
Wrong Input : Fist letter Should be capital and must contains minimum 3 characters :
Wrong Input : Fist letter Should be capital and must contains minimum 3 characters :
Wrong Input : Fist letter Should be capital and must contains minimum 3 characters :
Wrong Input : Fist letter Should be capital and must contains minimum 3 characters :
Wrong Input : Fist letter Should be capital and must contains minimum 3 characters :
Wrong Input : Fist letter Should be capital and must contains minimum 3 characters :
Wrong Input : Fist letter Should be capital and must contains minimum 3 characters :
Wrong Input : Fist letter Should be capital and must contains minimum 3 characters :
Wrong Input : Fist letter Should be capital and must contains minimum 3 characters :
Wrong Input : Fist letter Should be capital and must contains minimum 3 characters :
Wrong Input : Fist letter Should be capital and must contains minimum 3 characters :
Wrong Input : Fist letter Should be capital and must contains minimum 3 characters :
Wrong Input : Fist letter Should be capital and must contains minimum 3 characters :
Wrong Input : Fist letter Should be capital and must contains minimum 3 characters :
Wrong Input : Fist letter Should be capital and must contains minimum 3 characters :
Wrong Input : Fist letter Should be capital and must contains minimum 3 characters :
Wrong Input : Fist letter Should be capital and must contains minimum 3 characters :
Wrong Input : Fist letter Should be capital and must contains minimum 3 characters :
Wrong Input : Fist letter Should be capital and must contains minimum 3 characters :
Wrong Input : Fist letter Should be capital and must contains minimum 3 characters :
Wrong Input : Fist letter Should be capital and must contains minimum 3 characters :
Wrong Input : Fist letter Should be capital and must contains minimum 3 characters :
Wrong Input : Fist letter Should be capital and must contains minimum 3 characters :
Wrong Input : Fist letter Should be capital and must contains minimum 3 characters :
Wrong Input : Fist letter Should be capital and must contains minimum 3 characters :
Wrong Input : Fist letter Should be capital and must contains minimum 3 characters :
Wrong Input : Fist letter Should be capital and must contains minimum 3 characters :
Wrong Input : Fist letter Should be capital and must contains minimum 3 characters :
Wrong Input : Fist letter Should be capital and must contains minimum 3 characters :
Wrong Input : Fist letter Should be capital and must contains minimum 3 characters :
Wrong Input : Fist letter Should be capital and must contains minimum 3 characters :
Wrong Input : Fist letter Should be capital and must contains minimum 3 characters :
Wrong Input : Fist letter Should be capital and must contains minimum 3 characters :
Wrong Input : Fist letter Should be capital and must contains minimum 3 characters :
Wrong Input : Fist letter Should be capital and must contains minimum 3 characters :
Wrong Input : Fist letter Should be capital and must contains minimum 3 characters :
Wrong Input : Fist letter Should be capital and must contains minimum 3 characters :
Wrong Input : Fist letter Should be capital and must contains minimum 3 characters :
Wrong Input : Fist letter Should be capital and must contains minimum 3 characters :
Wrong Input : Fist letter Should be capital and must contains minimum 3 characters :
Wrong Input : Fist letter Should be capital and must contains minimum 3 characters :
Wrong Input : Fist letter Should be capital and must contains minimum 3 characters :
Wrong Input : Fist letter Should be capital and must contains minimum 3 characters :
Wrong Input : Fist letter Should be capital and must contains minimum 3 characters :
Wrong Input : Fist letter Should be capital and must contains minimum 3 characters :
Wrong Input : Fist letter Should be capital and must contains minimum 3 characters :
Wrong Input : Fist letter Should be capital and must contains minimum 3 characters :
Wrong Input : Fist letter Should be capital and must contains minimum 3 characters :
Wrong Input : Fist letter Should be capital and must contains minimum 3 characters :
Wrong Input : Fist letter Should be capital and must contains minimum 3 characters :
Wrong Input : Fist letter Should be capital and must contains minimum 3 characters :
Wrong Input : Fist letter Should be capital and must contains minimum 3 characters :
Wrong Input : Fist letter Should be capital and must contains minimum 3 characters :
Wrong Input : Fist letter Should be capital and must contains minimum 3 characters :
Wrong Input : Fist letter Should be capital and must contains minimum 3 characters :
Wrong Input : Fist letter Should be capital and must contains minimum 3 characters :
Wrong Input : Fist letter Should be capital and must contains minimum 3 characters :
Wrong Input : Fist letter Should be capital and must contains minimum 3 characters :
Wrong Input : Fist letter Should be capital and must contains minimum 3 characters :
Wrong Input : Fist letter Should be capital and must contains minimum 3 characters :
Wrong Input : Fist letter Should be capital and must contains minimum 3 characters :
Wrong Input : Fist letter Should be capital and must contains minimum 3 characters :
Wrong Input : Fist letter Should be capital and must contains minimum 3 characters :
Wrong Input : Fist letter Should be capital and must contains minimum 3 characters :
Wrong Input : Fist letter Should be capital and must contains minimum 3 characters :
Wrong Input : Fist letter Should be capital and must contains minimum 3 characters :
Wrong Input : Fist letter Should be capital and must contains minimum 3 characters :
Wrong Input : Fist letter Should be capital and must contains minimum 3 characters :
Wrong Input : Fist letter Should be capital and must contains minimum 3 characters :
Wrong Input : Fist letter Should be capital and must contains minimum 3 characters :
Wrong Input : Fist letter Should be capital and must contains minimum 3 characters :
Wrong Input : Fist letter Should be capital and must contains minimum 3 characters :
Wrong Input : Fist letter Should be capital and must contains minimum 3 characters :
Wrong Input : Fist letter Should be capital and must contains minimum 3 characters :
Wrong Input : Fist letter Should be capital and must contains minimum 3 characters :
Wrong Input : Fist letter Should be capital and must contains minimum 3 characters :
Wrong Input : Fist letter Should be capital and must contains minimum 3 characters :
Wrong Input : Fist letter Should be capital and must contains minimum 3 characters :
Wrong Input : Fist letter Should be capital and must contains minimum 3 characters :
Wrong Input : Fist letter Should be capital and must contains minimum 3 characters :
Wrong Input : Fist letter Should be capital and must contains minimum 3 characters :
Wrong Input : Fist letter Should be capital and must contains minimum 3 characters :
Wrong Input : Fist letter Should be capital and must contains minimum 3 characters :
Wrong Input : Fist letter Should be capital and must contains minimum 3 characters :
Wrong Input : Fist letter Should be capital and must contains minimum 3 characters :
Wrong Input : Fist letter Should be capital and must contains minimum 3 characters :
Wrong Input : Fist letter Should be capital and must contains minimum 3 characters :
Wrong Input : Fist letter Should be capital and must contains minimum 3 characters :
Wrong Input : Fist letter Should be capital and must contains minimum 3 characters :
Wrong Input : Fist letter Should be capital and must contains minimum 3 characters :
Wrong Input : Fist letter Should be capital and must contains minimum 3 characters :
Wrong Input : Fist letter Should be capital and must contains minimum 3 characters :
Wrong Input : Fist letter Should be capital and must contains minimum 3 characters :
Wrong Input : Fist letter Should be capital and must contains minimum 3 characters :
Wrong Input : Fist letter Should be capital and must contains minimum 3 characters :
Wrong Input : Fist letter Should be capital and must contains minimum 3 characters :
Wrong Input : Fist letter Should be capital and must contains minimum 3 characters :
Wrong Input : Fist letter Should be capital and must contains minimum 3 characters :
Wrong Input : Fist letter Should be capital and must contains minimum 3 characters :
Wrong Input : Fist letter Should be capital and must contains minimum 3 characters :
Wrong Input : Fist letter Should be capital and must contains minimum 3 characters :
Wrong Input : Fist letter Should be capital and must contains minimum 3 characters :
Wrong Input : Fist letter Should be capital and must contains minimum 3 characters :
Wrong Input : Fist letter Should be capital and must contains minimum 3 characters :
Wrong Input : Fist letter Should be capital and must contains minimum 3 characters :
Wrong Input : Fist letter Should be capital and must contains minimum 3 characters :
Wrong Input : Fist letter Should be capital and must contains minimum 3 characters :
Wrong Input : Fist letter Should be capital and must contains minimum 3 characters :
Wrong Input : Fist letter Should be capital and must contains minimum 3 characters :
Wrong Input : Fist letter Should be capital and must contains minimum 3 characters :
Wrong Input : Fist letter Should be capital and must contains minimum 3 characters :
Wrong Input : Fist letter Should be capital and must contains minimum 3 characters :
Wrong Input : Fist letter Should be capital and must contains minimum 3 characters :
Wrong Input : Fist letter Should be capital and must contains minimum 3 characters :
Wrong Input : Fist letter Should be capital and must contains minimum 3 characters :
Wrong Input : Fist letter Should be capital and must contains minimum 3 characters :
Wrong Input : Fist letter Should be capital and must contains minimum 3 characters :
Wrong Input : Fist letter Should be capital and must contains minimum 3 characters :
Wrong Input : Fist letter Should be capital and must contains minimum 3 characters :
Wrong Input : Fist letter Should be capital and must contains minimum 3 characters :
Wrong Input : Fist letter Should be capital and must contains minimum 3 characters :
Wrong Input : Fist letter Should be capital and must contains minimum 3 characters :
Wrong Input : Fist letter Should be capital and must contains minimum 3 characters :
Wrong Input : Fist letter Should be capital and must contains minimum 3 characters :
Wrong Input : Fist letter Should be capital and must contains minimum 3 characters :
Wrong Input : Fist letter Should be capital and must contains minimum 3 characters :
Wrong Input : Fist letter Should be capital and must contains minimum 3 characters :
Wrong Input : Fist letter Should be capital and must contains minimum 3 characters :
Wrong Input : Fist letter Should be capital and must contains minimum 3 characters :
Wrong Input : Fist letter Should be capital and must contains minimum 3 characters :
Wrong Input : Fist letter Should be capital and must contains minimum 3 characters :
Wrong Input : Fist letter Should be capital and must contains minimum 3 characters :
Wrong Input : Fist letter Should be capital and must contains minimum 3 characters :
Wrong Input : Fist letter Should be capital and must contains minimum 3 characters :
Wrong Input : Fist letter Should be capital and must contains minimum 3 characters :
Wrong Input : Fist letter Should be capital and must contains minimum 3 characters :
Wrong Input : Fist letter Should be capital and must contains minimum 3 characters :
Wrong Input : Fist letter Should be capital and must contains minimum 3 characters :
Wrong Input : Fist letter Should be capital and must contains minimum 3 characters :
Wrong Input : Fist letter Should be capital and must contains minimum 3 characters :
Wrong Input : Fist letter Should be capital and must contains minimum 3 characters :
Wrong Input : Fist letter Should be capital and must contains minimum 3 characters :
Wrong Input : Fist letter Should be capital and must contains minimum 3 characters :
Wrong Input : Fist letter Should be capital and must contains minimum 3 characters :
Wrong Input : Fist letter Should be capital and must contains minimum 3 characters :
Wrong Input : Fist letter Should be capital and must contains minimum 3 characters :
Wrong Input : Fist letter Should be capital and must contains minimum 3 characters :
Wrong Input : Fist letter Should be capital and must contains minimum 3 characters :
Wrong Input : Fist letter Should be capital and must contains minimum 3 characters :
Wrong Input : Fist letter Should be capital and must contains minimum 3 characters :
Wrong Input : Fist letter Should be capital and must contains minimum 3 characters :
Wrong Input : Fist letter Should be capital and must contains minimum 3 characters :
Wrong Input : Fist letter Should be capital and must contains minimum 3 characters :
Wrong Input : Fist letter Should be capital and must contains minimum 3 characters :
Wrong Input : Fist letter Should be capital and must contains minimum 3 characters :
Wrong Input : Fist letter Should be capital and must contains minimum 3 characters :
Wrong Input : Fist letter Should be capital and must contains minimum 3 characters :
Wrong Input : Fist letter Should be capital and must contains minimum 3 characters :
Wrong Input : Fist letter Should be capital and must contains minimum 3 characters :
Wrong Input : Fist letter Should be capital and must contains minimum 3 characters :
Wrong Input : Fist letter Should be capital and must contains minimum 3 characters :
Wrong Input : Fist letter Should be capital and must contains minimum 3 characters :
Wrong Input : Fist letter Should be capital and must contains minimum 3 characters :
Wrong Input : Fist letter Should be capital and must contains minimum 3 characters :
Wrong Input : Fist letter Should be capital and must contains minimum 3 characters :
Wrong Input : Fist letter Should be capital and must contains minimum 3 characters :
Wrong Input : Fist letter Should be capital and must contains minimum 3 characters :
Wrong Input : Fist letter Should be capital and must contains minimum 3 characters :
Wrong Input : Fist letter Should be capital and must contains minimum 3 characters :
Wrong Input : Fist letter Should be capital and must contains minimum 3 characters :
Wrong Input : Fist letter Should be capital and must contains minimum 3 characters :
Wrong Input : Fist letter Should be capital and must contains minimum 3 characters :
Wrong Input : Fist letter Should be capital and must contains minimum 3 characters :
Wrong Input : Fist letter Should be capital and must contains minimum 3 characters :
Wrong Input : Fist letter Should be capital and must contains minimum 3 characters :
Wrong Input : Fist letter Should be capital and must contains minimum 3 characters :
Wrong Input : Fist letter Should be capital and must contains minimum 3 characters :
Wrong Input : Fist letter Should be capital and must contains minimum 3 characters :
Wrong Input : Fist letter Should be capital and must contains minimum 3 characters :
Wrong Input : Fist letter Should be capital and must contains minimum 3 characters :
Wrong Input : Fist letter Should be capital and must contains minimum 3 characters :
Wrong Input : Fist letter Should be capital and must contains minimum 3 characters :
Wrong Input : Fist letter Should be capital and must contains minimum 3 characters :
Wrong Input : Fist letter Should be capital and must contains minimum 3 characters :
Wrong Input : Fist letter Should be capital and must contains minimum 3 characters :
Wrong Input : Fist letter Should be capital and must contains minimum 3 characters :
Wrong Input : Fist letter Should be capital and must contains minimum 3 characters :
Wrong Input : Fist letter Should be capital and must contains minimum 3 characters :
Wrong Input : Fist letter Should be capital and must contains minimum 3 characters :
Wrong Input : Fist letter Should be capital and must contains minimum 3 characters :
Wrong Input : Fist letter Should be capital and must contains minimum 3 characters :
Wrong Input : Fist letter Should be capital and must contains minimum 3 characters :
Wrong Input : Fist letter Should be capital and must contains minimum 3 characters :
Wrong Input : Fist letter Should be capital and must contains minimum 3 characters :
Wrong Input : Fist letter Should be capital and must contains minimum 3 characters :
Wrong Input : Fist letter Should be capital and must contains minimum 3 characters :
Wrong Input : Fist letter Should be capital and must contains minimum 3 characters :
Wrong Input : Fist letter Should be capital and must contains minimum 3 characters :
Wrong Input : Fist letter Should be capital and must contains minimum 3 characters :
Wrong Input : Fist letter Should be capital and must contains minimum 3 characters :
Wrong Input : Fist letter Should be capital and must contains minimum 3 characters :
Wrong Input : Fist letter Should be capital and must contains minimum 3 characters :
Wrong Input : Fist letter Should be capital and must contains minimum 3 characters :
Wrong Input : Fist letter Should be capital and must contains minimum 3 characters :
Wrong Input : Fist letter Should be capital and must contains minimum 3 characters :
Wrong Input : Fist letter Should be capital and must contains minimum 3 characters :
Wrong Input : Fist letter Should be capital and must contains minimum 3 characters :
Wrong Input : Fist letter Should be capital and must contains minimum 3 characters :
Wrong Input : Fist letter Should be capital and must contains minimum 3 characters :
Wrong Input : Fist letter Should be capital and must contains minimum 3 characters :
Wrong Input : Fist letter Should be capital and must contains minimum 3 characters :
Wrong Input : Fist letter Should be capital and must contains minimum 3 characters :
Wrong Input : Fist letter Should be capital and must contains minimum 3 characters :
Wrong Input : Fist letter Should be capital and must contains minimum 3 characters :
Wrong Input : Fist letter Should be capital and must contains minimum 3 characters :
Wrong Input : Fist letter Should be capital and must contains minimum 3 characters :
Wrong Input : Fist letter Should be capital and must contains minimum 3 characters :
Wrong Input : Fist letter Should be capital and must contains minimum 3 characters :
Wrong Input : Fist letter Should be capital and must contains minimum 3 characters :
Wrong Input : Fist letter Should be capital and must contains minimum 3 characters :
Wrong Input : Fist letter Should be capital and must contains minimum 3 characters :
Wrong Input : Fist letter Should be capital and must contains minimum 3 characters :
Wrong Input : Fist letter Should be capital and must contains minimum 3 characters :
Wrong Input : Fist letter Should be capital and must contains minimum 3 characters :
Wrong Input : Fist letter Should be capital and must contains minimum 3 characters :
Wrong Input : Fist letter Should be capital and must contains minimum 3 characters :
Wrong Input : Fist letter Should be capital and must contains minimum 3 characters :
Wrong Input : Fist letter Should be capital and must contains minimum 3 characters :
Wrong Input : Fist letter Should be capital and must contains minimum 3 characters :
Wrong Input : Fist letter Should be capital and must contains minimum 3 characters :
Wrong Input : Fist letter Should be capital and must contains minimum 3 characters :
Wrong Input : Fist letter Should be capital and must contains minimum 3 characters :
Wrong Input : Fist letter Should be capital and must contains minimum 3 characters :
Wrong Input : Fist letter Should be capital and must contains minimum 3 characters :
Wrong Input : Fist letter Should be capital and must contains minimum 3 characters :
Wrong Input : Fist letter Should be capital and must contains minimum 3 characters :
Wrong Input : Fist letter Should be capital and must contains minimum 3 characters :
Wrong Input : Fist letter Should be capital and must contains minimum 3 characters :
Wrong Input : Fist letter Should be capital and must contains minimum 3 characters :
Wrong Input : Fist letter Should be capital and must contains minimum 3 characters :
Wrong Input : Fist letter Should be capital and must contains minimum 3 characters :
Wrong Input : Fist letter Should be capital and must contains minimum 3 characters :
Wrong Input : Fist letter Should be capital and must contains minimum 3 characters :
Wrong Input : Fist letter Should be capital and must contains minimum 3 characters :
Wrong Input : Fist letter Should be capital and must contains minimum 3 characters :
Wrong Input : Fist letter Should be capital and must contains minimum 3 characters :
Wrong Input : Fist letter Should be capital and must contains minimum 3 characters :
Wrong Input : Fist letter Should be capital and must contains minimum 3 characters :
Wrong Input : Fist letter Should be capital and must contains minimum 3 characters :
Wrong Input : Fist letter Should be capital and must contains minimum 3 characters :
Wrong Input : Fist letter Should be capital and must contains minimum 3 characters :
Wrong Input : Fist letter Should be capital and must contains minimum 3 characters :
Wrong Input : Fist letter Should be capital and must contains minimum 3 characters :
Wrong Input : Fist letter Should be capital and must contains minimum 3 characters :
Wrong Input : Fist letter Should be capital and must contains minimum 3 characters :
Wrong Input : Fist letter Should be capital and must contains minimum 3 characters :
Wrong Input : Fist letter Should be capital and must contains minimum 3 characters :
Wrong Input : Fist letter Should be capital and must contains minimum 3 characters :
Wrong Input : Fist letter Should be capital and must contains minimum 3 characters :
Wrong Input : Fist letter Should be capital and must contains minimum 3 characters :
Wrong Input : Fist letter Should be capital and must contains minimum 3 characters :
Wrong Input : Fist letter Should be capital and must contains minimum 3 characters :
Wrong Input : Fist letter Should be capital and must contains minimum 3 characters :
Wrong Input : Fist letter Should be capital and must contains minimum 3 characters :
Wrong Input : Fist letter Should be capital and must contains minimum 3 characters :
Wrong Input : Fist letter Should be capital and must contains minimum 3 characters :
Wrong Input : Fist letter Should be capital and must contains minimum 3 characters :
Wrong Input : Fist letter Should be capital and must contains minimum 3 characters :
Wrong Input : Fist letter Should be capital and must contains minimum 3 characters :
Wrong Input : Fist letter Should be capital and must contains minimum 3 characters :
Wrong Input : Fist letter Should be capital and must contains minimum 3 characters :
Wrong Input : Fist letter Should be capital and must contains minimum 3 characters :
Wrong Input : Fist letter Should be capital and must contains minimum 3 characters :
Wrong Input : Fist letter Should be capital and must contains minimum 3 characters :
Wrong Input : Fist letter Should be capital and must contains minimum 3 characters :
Wrong Input : Fist letter Should be capital and must contains minimum 3 characters :
Wrong Input : Fist letter Should be capital and must contains minimum 3 characters :
Wrong Input : Fist letter Should be capital and must contains minimum 3 characters :
Wrong Input : Fist letter Should be capital and must contains minimum 3 characters :
Wrong Input : Fist letter Should be capital and must contains minimum 3 characters :
Wrong Input : Fist letter Should be capital and must contains minimum 3 characters :
Wrong Input : Fist letter Should be capital and must contains minimum 3 characters :
Wrong Input : Fist letter Should be capital and must contains minimum 3 characters :
Wrong Input : Fist letter Should be capital and must contains minimum 3 characters :
Wrong Input : Fist letter Should be capital and must contains minimum 3 characters :
Wrong Input : Fist letter Should be capital and must contains minimum 3 characters :
Wrong Input : Fist letter Should be capital and must contains minimum 3 characters :
Wrong Input : Fist letter Should be capital and must contains minimum 3 characters :
Wrong Input : Fist letter Should be capital and must contains minimum 3 characters :
Wrong Input : Fist letter Should be capital and must contains minimum 3 characters :
Wrong Input : Fist letter Should be capital and must contains minimum 3 characters :
Wrong Input : Fist letter Should be capital and must contains minimum 3 characters :
Wrong Input : Fist letter Should be capital and must contains minimum 3 characters :
Wrong Input : Fist letter Should be capital and must contains minimum 3 characters :
Wrong Input : Fist letter Should be capital and must contains minimum 3 characters :
Wrong Input : Fist letter Should be capital and must contains minimum 3 characters :
Wrong Input : Fist letter Should be capital and must contains minimum 3 characters :
Wrong Input : Fist letter Should be capital and must contains minimum 3 characters :
Wrong Input : Fist letter Should be capital and must contains minimum 3 characters :
Wrong Input : Fist letter Should be capital and must contains minimum 3 characters :
Wrong Input : Fist letter Should be capital and must contains minimum 3 characters :
Wrong Input : Fist letter Should be capital and must contains minimum 3 characters :
Wrong Input : Fist letter Should be capital and must contains minimum 3 characters :
Wrong Input : Fist letter Should be capital and must contains minimum 3 characters :
Wrong Input : Fist letter Should be capital and must contains minimum 3 characters :
Wrong Input : Fist letter Should be capital and must contains minimum 3 characters :
Wrong Input : Fist letter Should be capital and must contains minimum 3 characters :
Wrong Input : Fist letter Should be capital and must contains minimum 3 characters :
Wrong Input : Fist letter Should be capital and must contains minimum 3 characters :
Wrong Input : Fist letter Should be capital and must contains minimum 3 characters :
Wrong Input : Fist letter Should be capital and must contains minimum 3 characters :
Wrong Input : Fist letter Should be capital and must contains minimum 3 characters :
Wrong Input : Fist letter Should be capital and must contains minimum 3 characters :
Wrong Input : Fist letter Should be capital and must contains minimum 3 characters :
Wrong Input : Fist letter Should be capital and must contains minimum 3 characters :
Wrong Input : Fist letter Should be capital and must contains minimum 3 characters :
Wrong Input : Fist letter Should be capital and must contains minimum 3 characters :
Wrong Input : Fist letter Should be capital and must contains minimum 3 characters :
Wrong Input : Fist letter Should be capital and must contains minimum 3 characters :
Wrong Input : Fist letter Should be capital and must contains minimum 3 characters :
Wrong Input : Fist letter Should be capital and must contains minimum 3 characters :
Wrong Input : Fist letter Should be capital and must contains minimum 3 characters :
Wrong Input : Fist letter Should be capital and must contains minimum 3 characters :
Wrong Input : Fist letter Should be capital and must contains minimum 3 characters :
Wrong Input : Fist letter Should be capital and must contains minimum 3 characters :
Wrong Input : Fist letter Should be capital and must contains minimum 3 characters :
Wrong Input : Fist letter Should be capital and must contains minimum 3 characters :
Wrong Input : Fist letter Should be capital and must contains minimum 3 characters :
Wrong Input : Fist letter Should be capital and must contains minimum 3 characters :
Wrong Input : Fist letter Should be capital and must contains minimum 3 characters :
Wrong Input : Fist letter Should be capital and must contains minimum 3 characters :
Wrong Input : Fist letter Should be capital and must contains minimum 3 characters :
Wrong Input : Fist letter Should be capital and must contains minimum 3 characters :
Wrong Input : Fist letter Should be capital and must contains minimum 3 characters :
Wrong Input : Fist letter Should be capital and must contains minimum 3 characters :
Wrong Input : Fist letter Should be capital and must contains minimum 3 characters :
Wrong Input : Fist letter Should be capital and must contains minimum 3 characters :
Wrong Input : Fist letter Should be capital and must contains minimum 3 characters :
Wrong Input : Fist letter Should be capital and must contains minimum 3 characters :
Wrong Input : Fist letter Should be capital and must contains minimum 3 characters :
Wrong Input : Fist letter Should be capital and must contains minimum 3 characters :
Wrong Input : Fist letter Should be capital and must contains minimum 3 characters :
Wrong Input : Fist letter Should be capital and must contains minimum 3 characters :
Wrong Input : Fist letter Should be capital and must contains minimum 3 characters :
Wrong Input : Fist letter Should be capital and must contains minimum 3 characters :
Wrong Input : Fist letter Should be capital and must contains minimum 3 characters :
Wrong Input : Fist letter Should be capital and must contains minimum 3 characters :
Wrong Input : Fist letter Should be capital and must contains minimum 3 characters :
Wrong Input : Fist letter Should be capital and must contains minimum 3 characters :
Wrong Input : Fist letter Should be capital and must contains minimum 3 characters :
Wrong Input : Fist letter Should be capital and must contains minimum 3 characters :
Wrong Input : Fist letter Should be capital and must contains minimum 3 characters :
Wrong Input : Fist letter Should be capital and must contains minimum 3 characters :
Wrong Input : Fist letter Should be capital and must contains minimum 3 characters :
Wrong Input : Fist letter Should be capital and must contains minimum 3 characters :
Wrong Input : Fist letter Should be capital and must contains minimum 3 characters :
Wrong Input : Fist letter Should be capital and must contains minimum 3 characters :
Wrong Input : Fist letter Should be capital and must contains minimum 3 characters :
Wrong Input : Fist letter Should be capital and must contains minimum 3 characters :
Wrong Input : Fist letter Should be capital and must contains minimum 3 characters :
Wrong Input : Fist letter Should be capital and must contains minimum 3 characters :
Wrong Input : Fist letter Should be capital and must contains minimum 3 characters :
Wrong Input : Fist letter Should be capital and must contains minimum 3 characters :
Wrong Input : Fist letter Should be capital and must contains minimum 3 characters :
Wrong Input : Fist letter Should be capital and must contains minimum 3 characters :
Wrong Input : Fist letter Should be capital and must contains minimum 3 characters :
Wrong Input : Fist letter Should be capital and must contains minimum 3 characters :
Wrong Input : Fist letter Should be capital and must contains minimum 3 characters :
Wrong Input : Fist letter Should be capital and must contains minimum 3 characters :
Wrong Input : Fist letter Should be capital and must contains minimum 3 characters :
Wrong Input : Fist letter Should be capital and must contains minimum 3 characters :
Wrong Input : Fist letter Should be capital and must contains minimum 3 characters :
Wrong Input : Fist letter Should be capital and must contains minimum 3 characters :
Wrong Input : Fist letter Should be capital and must contains minimum 3 characters :
Wrong Input : Fist letter Should be capital and must contains minimum 3 characters :
Wrong Input : Fist letter Should be capital and must contains minimum 3 characters :
Wrong Input : Fist letter Should be capital and must contains minimum 3 characters :
Wrong Input : Fist letter Should be capital and must contains minimum 3 characters :
Wrong Input : Fist letter Should be capital and must contains minimum 3 characters :
Wrong Input : Fist letter Should be capital and must contains minimum 3 characters :
Wrong Input : Fist letter Should be capital and must contains minimum 3 characters :
Wrong Input : Fist letter Should be capital and must contains minimum 3 characters :
Wrong Input : Fist letter Should be capital and must contains minimum 3 characters :
Wrong Input : Fist letter Should be capital and must contains minimum 3 characters :
Wrong Input : Fist letter Should be capital and must contains minimum 3 characters :
Wrong Input : Fist letter Should be capital and must contains minimum 3 characters :
Wrong Input : Fist letter Should be capital and must contains minimum 3 characters :
Wrong Input : Fist letter Should be capital and must contains minimum 3 characters :
Wrong Input : Fist letter Should be capital and must contains minimum 3 characters :
Wrong Input : Fist letter Should be capital and must contains minimum 3 characters :
Wrong Input : Fist letter Should be capital and must contains minimum 3 characters :
Wrong Input : Fist letter Should be capital and must contains minimum 3 characters :
Wrong Input : Fist letter Should be capital and must contains minimum 3 characters :
Wrong Input : Fist letter Should be capital and must contains minimum 3 characters :
Wrong Input : Fist letter Should be capital and must contains minimum 3 characters :
Wrong Input : Fist letter Should be capital and must contains minimum 3 characters :
Wrong Input : Fist letter Should be capital and must contains minimum 3 characters :
Wrong Input : Fist letter Should be capital and must contains minimum 3 characters :
Wrong Input : Fist letter Should be capital and must contains minimum 3 characters :
Wrong Input : Fist letter Should be capital and must contains minimum 3 characters :
Wrong Input : Fist letter Should be capital and must contains minimum 3 characters :
Wrong Input : Fist letter Should be capital and must contains minimum 3 characters :
Wrong Input : Fist letter Should be capital and must contains minimum 3 characters :
Wrong Input : Fist letter Should be capital and must contains minimum 3 characters :
Wrong Input : Fist letter Should be capital and must contains minimum 3 characters :
Wrong Input : Fist letter Should be capital and must contains minimum 3 characters :
Wrong Input : Fist letter Should be capital and must contains minimum 3 characters :
Wrong Input : Fist letter Should be capital and must contains minimum 3 characters :
Wrong Input : Fist letter Should be capital and must contains minimum 3 characters :
Wrong Input : Fist letter Should be capital and must contains minimum 3 characters :
Wrong Input : Fist letter Should be capital and must contains minimum 3 characters :
Wrong Input : Fist letter Should be capital and must contains minimum 3 characters :
Wrong Input : Fist letter Should be capital and must contains minimum 3 characters :
Wrong Input : Fist letter Should be capital and must contains minimum 3 characters :
]]></system-err>
</testsuite>
